<?xml version="1.0" encoding="UTF-8"?>
<testsuite xmlns:xsi="http://www.w3.org/2001/XMLSchema-instance" xsi:noNamespaceSchemaLocation="https://maven.apache.org/surefire/maven-surefire-plugin/xsd/surefire-test-report-3.0.xsd" version="3.0" name="dummyjson.PostsRunner" time="3.976" tests="13" errors="0" skipped="0" failures="0">
  <properties>
    <property name="java.specification.version" value="21"/>
    <property name="sun.jnu.encoding" value="UTF-8"/>
    <property name="java.class.path" value="/Users/devo/KarateAPIProject/karate-dummyjson/target/test-classes:/Users/devo/KarateAPIProject/karate-dummyjson/target/classes:/Users/devo/.m2/repository/junit/junit/3.8.1/junit-3.8.1.jar:/Users/devo/.m2/repository/com/intuit/karate/karate-junit5/1.4.1/karate-junit5-1.4.1.jar:/Users/devo/.m2/repository/com/intuit/karate/karate-core/1.4.1/karate-core-1.4.1.jar:/Users/devo/.m2/repository/org/graalvm/js/js-scriptengine/22.3.3/js-scriptengine-22.3.3.jar:/Users/devo/.m2/repository/org/graalvm/sdk/graal-sdk/22.3.3/graal-sdk-22.3.3.jar:/Users/devo/.m2/repository/org/graalvm/js/js/22.3.3/js-22.3.3.jar:/Users/devo/.m2/repository/org/graalvm/regex/regex/22.3.3/regex-22.3.3.jar:/Users/devo/.m2/repository/org/graalvm/truffle/truffle-api/22.3.3/truffle-api-22.3.3.jar:/Users/devo/.m2/repository/com/ibm/icu/icu4j/71.1/icu4j-71.1.jar:/Users/devo/.m2/repository/org/thymeleaf/thymeleaf/3.1.2.RELEASE/thymeleaf-3.1.2.RELEASE.jar:/Users/devo/.m2/repository/ognl/ognl/3.3.4/ognl-3.3.4.jar:/Users/devo/.m2/repository/org/javassist/javassist/3.29.0-GA/javassist-3.29.0-GA.jar:/Users/devo/.m2/repository/org/attoparser/attoparser/2.0.7.RELEASE/attoparser-2.0.7.RELEASE.jar:/Users/devo/.m2/repository/org/unbescape/unbescape/1.1.6.RELEASE/unbescape-1.1.6.RELEASE.jar:/Users/devo/.m2/repository/org/slf4j/slf4j-api/2.0.7/slf4j-api-2.0.7.jar:/Users/devo/.m2/repository/com/linecorp/armeria/armeria/1.25.2/armeria-1.25.2.jar:/Users/devo/.m2/repository/com/fasterxml/jackson/core/jackson-core/2.15.2/jackson-core-2.15.2.jar:/Users/devo/.m2/repository/com/fasterxml/jackson/core/jackson-annotations/2.15.2/jackson-annotations-2.15.2.jar:/Users/devo/.m2/repository/com/fasterxml/jackson/core/jackson-databind/2.15.2/jackson-databind-2.15.2.jar:/Users/devo/.m2/repository/com/fasterxml/jackson/datatype/jackson-datatype-jdk8/2.15.2/jackson-datatype-jdk8-2.15.2.jar:/Users/devo/.m2/repository/com/fasterxml/jackson/datatype/jackson-datatype-jsr310/2.15.2/jackson-datatype-jsr310-2.15.2.jar:/Users/devo/.m2/repository/io/micrometer/micrometer-core/1.11.3/micrometer-core-1.11.3.jar:/Users/devo/.m2/repository/io/micrometer/micrometer-commons/1.11.3/micrometer-commons-1.11.3.jar:/Users/devo/.m2/repository/io/micrometer/micrometer-observation/1.11.3/micrometer-observation-1.11.3.jar:/Users/devo/.m2/repository/org/hdrhistogram/HdrHistogram/2.1.12/HdrHistogram-2.1.12.jar:/Users/devo/.m2/repository/org/latencyutils/LatencyUtils/2.0.3/LatencyUtils-2.0.3.jar:/Users/devo/.m2/repository/io/netty/netty-transport/4.1.96.Final/netty-transport-4.1.96.Final.jar:/Users/devo/.m2/repository/io/netty/netty-common/4.1.96.Final/netty-common-4.1.96.Final.jar:/Users/devo/.m2/repository/io/netty/netty-buffer/4.1.96.Final/netty-buffer-4.1.96.Final.jar:/Users/devo/.m2/repository/io/netty/netty-resolver/4.1.96.Final/netty-resolver-4.1.96.Final.jar:/Users/devo/.m2/repository/io/netty/netty-codec-haproxy/4.1.96.Final/netty-codec-haproxy-4.1.96.Final.jar:/Users/devo/.m2/repository/io/netty/netty-codec/4.1.96.Final/netty-codec-4.1.96.Final.jar:/Users/devo/.m2/repository/io/netty/netty-codec-http2/4.1.96.Final/netty-codec-http2-4.1.96.Final.jar:/Users/devo/.m2/repository/io/netty/netty-handler/4.1.96.Final/netty-handler-4.1.96.Final.jar:/Users/devo/.m2/repository/io/netty/netty-codec-http/4.1.96.Final/netty-codec-http-4.1.96.Final.jar:/Users/devo/.m2/repository/io/netty/netty-resolver-dns/4.1.96.Final/netty-resolver-dns-4.1.96.Final.jar:/Users/devo/.m2/repository/io/netty/netty-codec-dns/4.1.96.Final/netty-codec-dns-4.1.96.Final.jar:/Users/devo/.m2/repository/org/reactivestreams/reactive-streams/1.0.4/reactive-streams-1.0.4.jar:/Users/devo/.m2/repository/com/google/code/findbugs/jsr305/3.0.2/jsr305-3.0.2.jar:/Users/devo/.m2/repository/io/netty/netty-handler-proxy/4.1.96.Final/netty-handler-proxy-4.1.96.Final.jar:/Users/devo/.m2/repository/io/netty/netty-codec-socks/4.1.96.Final/netty-codec-socks-4.1.96.Final.jar:/Users/devo/.m2/repository/io/netty/netty-transport-native-unix-common/4.1.96.Final/netty-transport-native-unix-common-4.1.96.Final-linux-x86_64.jar:/Users/devo/.m2/repository/io/netty/netty-transport-native-epoll/4.1.96.Final/netty-transport-native-epoll-4.1.96.Final-linux-x86_64.jar:/Users/devo/.m2/repository/io/netty/netty-transport-native-unix-common/4.1.96.Final/netty-transport-native-unix-common-4.1.96.Final.jar:/Users/devo/.m2/repository/io/netty/netty-transport-classes-epoll/4.1.96.Final/netty-transport-classes-epoll-4.1.96.Final.jar:/Users/devo/.m2/repository/io/netty/netty-transport-native-unix-common/4.1.96.Final/netty-transport-native-unix-common-4.1.96.Final-linux-aarch_64.jar:/Users/devo/.m2/repository/io/netty/netty-transport-native-epoll/4.1.96.Final/netty-transport-native-epoll-4.1.96.Final-linux-aarch_64.jar:/Users/devo/.m2/repository/io/netty/netty-transport-native-unix-common/4.1.96.Final/netty-transport-native-unix-common-4.1.96.Final-osx-x86_64.jar:/Users/devo/.m2/repository/io/netty/netty-transport-native-kqueue/4.1.96.Final/netty-transport-native-kqueue-4.1.96.Final-osx-x86_64.jar:/Users/devo/.m2/repository/io/netty/netty-transport-classes-kqueue/4.1.96.Final/netty-transport-classes-kqueue-4.1.96.Final.jar:/Users/devo/.m2/repository/io/netty/netty-resolver-dns-native-macos/4.1.96.Final/netty-resolver-dns-native-macos-4.1.96.Final-osx-x86_64.jar:/Users/devo/.m2/repository/io/netty/netty-resolver-dns-classes-macos/4.1.96.Final/netty-resolver-dns-classes-macos-4.1.96.Final.jar:/Users/devo/.m2/repository/io/netty/netty-transport-native-unix-common/4.1.96.Final/netty-transport-native-unix-common-4.1.96.Final-osx-aarch_64.jar:/Users/devo/.m2/repository/io/netty/netty-transport-native-kqueue/4.1.96.Final/netty-transport-native-kqueue-4.1.96.Final-osx-aarch_64.jar:/Users/devo/.m2/repository/io/netty/netty-resolver-dns-native-macos/4.1.96.Final/netty-resolver-dns-native-macos-4.1.96.Final-osx-aarch_64.jar:/Users/devo/.m2/repository/io/netty/netty-tcnative-boringssl-static/2.0.61.Final/netty-tcnative-boringssl-static-2.0.61.Final-linux-x86_64.jar:/Users/devo/.m2/repository/io/netty/netty-tcnative-classes/2.0.61.Final/netty-tcnative-classes-2.0.61.Final.jar:/Users/devo/.m2/repository/io/netty/netty-tcnative-boringssl-static/2.0.61.Final/netty-tcnative-boringssl-static-2.0.61.Final-linux-aarch_64.jar:/Users/devo/.m2/repository/io/netty/netty-tcnative-boringssl-static/2.0.61.Final/netty-tcnative-boringssl-static-2.0.61.Final-osx-x86_64.jar:/Users/devo/.m2/repository/io/netty/netty-tcnative-boringssl-static/2.0.61.Final/netty-tcnative-boringssl-static-2.0.61.Final-osx-aarch_64.jar:/Users/devo/.m2/repository/io/netty/netty-tcnative-boringssl-static/2.0.61.Final/netty-tcnative-boringssl-static-2.0.61.Final-windows-x86_64.jar:/Users/devo/.m2/repository/com/aayushatharva/brotli4j/brotli4j/1.12.0/brotli4j-1.12.0.jar:/Users/devo/.m2/repository/com/aayushatharva/brotli4j/service/1.12.0/service-1.12.0.jar:/Users/devo/.m2/repository/com/aayushatharva/brotli4j/native-osx-aarch64/1.12.0/native-osx-aarch64-1.12.0.jar:/Users/devo/.m2/repository/org/apache/httpcomponents/httpclient/4.5.14/httpclient-4.5.14.jar:/Users/devo/.m2/repository/org/apache/httpcomponents/httpcore/4.4.16/httpcore-4.4.16.jar:/Users/devo/.m2/repository/commons-codec/commons-codec/1.16.0/commons-codec-1.16.0.jar:/Users/devo/.m2/repository/ch/qos/logback/logback-classic/1.4.11/logback-classic-1.4.11.jar:/Users/devo/.m2/repository/ch/qos/logback/logback-core/1.4.11/logback-core-1.4.11.jar:/Users/devo/.m2/repository/org/slf4j/jcl-over-slf4j/2.0.9/jcl-over-slf4j-2.0.9.jar:/Users/devo/.m2/repository/org/antlr/antlr4-runtime/4.11.1/antlr4-runtime-4.11.1.jar:/Users/devo/.m2/repository/com/jayway/jsonpath/json-path/2.8.0/json-path-2.8.0.jar:/Users/devo/.m2/repository/net/minidev/json-smart/2.4.10/json-smart-2.4.10.jar:/Users/devo/.m2/repository/net/minidev/accessors-smart/2.4.9/accessors-smart-2.4.9.jar:/Users/devo/.m2/repository/org/ow2/asm/asm/9.3/asm-9.3.jar:/Users/devo/.m2/repository/org/yaml/snakeyaml/2.0/snakeyaml-2.0.jar:/Users/devo/.m2/repository/de/siegmar/fastcsv/2.2.1/fastcsv-2.2.1.jar:/Users/devo/.m2/repository/info/picocli/picocli/4.7.1/picocli-4.7.1.jar:/Users/devo/.m2/repository/io/github/classgraph/classgraph/4.8.160/classgraph-4.8.160.jar:/Users/devo/.m2/repository/io/github/t12y/resemble/1.0.2/resemble-1.0.2.jar:/Users/devo/.m2/repository/io/github/t12y/ssim/1.0.0/ssim-1.0.0.jar:/Users/devo/.m2/repository/org/junit/jupiter/junit-jupiter-api/5.9.3/junit-jupiter-api-5.9.3.jar:/Users/devo/.m2/repository/org/opentest4j/opentest4j/1.2.0/opentest4j-1.2.0.jar:/Users/devo/.m2/repository/org/junit/platform/junit-platform-commons/1.9.3/junit-platform-commons-1.9.3.jar:/Users/devo/.m2/repository/org/apiguardian/apiguardian-api/1.1.2/apiguardian-api-1.1.2.jar:/Users/devo/.m2/repository/org/junit/jupiter/junit-jupiter-engine/5.9.3/junit-jupiter-engine-5.9.3.jar:/Users/devo/.m2/repository/org/junit/platform/junit-platform-engine/1.9.3/junit-platform-engine-1.9.3.jar:"/>
    <property name="java.vm.vendor" value="Eclipse Adoptium"/>
    <property name="sun.arch.data.model" value="64"/>
    <property name="java.vendor.url" value="https://adoptium.net/"/>
    <property name="user.timezone" value="Asia/Jakarta"/>
    <property name="os.name" value="Mac OS X"/>
    <property name="java.vm.specification.version" value="21"/>
    <property name="sun.java.launcher" value="SUN_STANDARD"/>
    <property name="user.country" value="ID"/>
    <property name="sun.boot.library.path" value="/Library/Java/JavaVirtualMachines/temurin-21.jdk/Contents/Home/lib"/>
    <property name="sun.java.command" value="/Users/devo/KarateAPIProject/karate-dummyjson/target/surefire/surefirebooter-20250805095346925_3.jar /Users/devo/KarateAPIProject/karate-dummyjson/target/surefire 2025-08-05T09-53-46_868-jvmRun1 surefire-20250805095346925_1tmp surefire_0-20250805095346925_2tmp"/>
    <property name="http.nonProxyHosts" value="local|*.local|169.254/16|*.169.254/16"/>
    <property name="jdk.debug" value="release"/>
    <property name="test" value="dummyjson.PostsRunner"/>
    <property name="surefire.test.class.path" value="/Users/devo/KarateAPIProject/karate-dummyjson/target/test-classes:/Users/devo/KarateAPIProject/karate-dummyjson/target/classes:/Users/devo/.m2/repository/junit/junit/3.8.1/junit-3.8.1.jar:/Users/devo/.m2/repository/com/intuit/karate/karate-junit5/1.4.1/karate-junit5-1.4.1.jar:/Users/devo/.m2/repository/com/intuit/karate/karate-core/1.4.1/karate-core-1.4.1.jar:/Users/devo/.m2/repository/org/graalvm/js/js-scriptengine/22.3.3/js-scriptengine-22.3.3.jar:/Users/devo/.m2/repository/org/graalvm/sdk/graal-sdk/22.3.3/graal-sdk-22.3.3.jar:/Users/devo/.m2/repository/org/graalvm/js/js/22.3.3/js-22.3.3.jar:/Users/devo/.m2/repository/org/graalvm/regex/regex/22.3.3/regex-22.3.3.jar:/Users/devo/.m2/repository/org/graalvm/truffle/truffle-api/22.3.3/truffle-api-22.3.3.jar:/Users/devo/.m2/repository/com/ibm/icu/icu4j/71.1/icu4j-71.1.jar:/Users/devo/.m2/repository/org/thymeleaf/thymeleaf/3.1.2.RELEASE/thymeleaf-3.1.2.RELEASE.jar:/Users/devo/.m2/repository/ognl/ognl/3.3.4/ognl-3.3.4.jar:/Users/devo/.m2/repository/org/javassist/javassist/3.29.0-GA/javassist-3.29.0-GA.jar:/Users/devo/.m2/repository/org/attoparser/attoparser/2.0.7.RELEASE/attoparser-2.0.7.RELEASE.jar:/Users/devo/.m2/repository/org/unbescape/unbescape/1.1.6.RELEASE/unbescape-1.1.6.RELEASE.jar:/Users/devo/.m2/repository/org/slf4j/slf4j-api/2.0.7/slf4j-api-2.0.7.jar:/Users/devo/.m2/repository/com/linecorp/armeria/armeria/1.25.2/armeria-1.25.2.jar:/Users/devo/.m2/repository/com/fasterxml/jackson/core/jackson-core/2.15.2/jackson-core-2.15.2.jar:/Users/devo/.m2/repository/com/fasterxml/jackson/core/jackson-annotations/2.15.2/jackson-annotations-2.15.2.jar:/Users/devo/.m2/repository/com/fasterxml/jackson/core/jackson-databind/2.15.2/jackson-databind-2.15.2.jar:/Users/devo/.m2/repository/com/fasterxml/jackson/datatype/jackson-datatype-jdk8/2.15.2/jackson-datatype-jdk8-2.15.2.jar:/Users/devo/.m2/repository/com/fasterxml/jackson/datatype/jackson-datatype-jsr310/2.15.2/jackson-datatype-jsr310-2.15.2.jar:/Users/devo/.m2/repository/io/micrometer/micrometer-core/1.11.3/micrometer-core-1.11.3.jar:/Users/devo/.m2/repository/io/micrometer/micrometer-commons/1.11.3/micrometer-commons-1.11.3.jar:/Users/devo/.m2/repository/io/micrometer/micrometer-observation/1.11.3/micrometer-observation-1.11.3.jar:/Users/devo/.m2/repository/org/hdrhistogram/HdrHistogram/2.1.12/HdrHistogram-2.1.12.jar:/Users/devo/.m2/repository/org/latencyutils/LatencyUtils/2.0.3/LatencyUtils-2.0.3.jar:/Users/devo/.m2/repository/io/netty/netty-transport/4.1.96.Final/netty-transport-4.1.96.Final.jar:/Users/devo/.m2/repository/io/netty/netty-common/4.1.96.Final/netty-common-4.1.96.Final.jar:/Users/devo/.m2/repository/io/netty/netty-buffer/4.1.96.Final/netty-buffer-4.1.96.Final.jar:/Users/devo/.m2/repository/io/netty/netty-resolver/4.1.96.Final/netty-resolver-4.1.96.Final.jar:/Users/devo/.m2/repository/io/netty/netty-codec-haproxy/4.1.96.Final/netty-codec-haproxy-4.1.96.Final.jar:/Users/devo/.m2/repository/io/netty/netty-codec/4.1.96.Final/netty-codec-4.1.96.Final.jar:/Users/devo/.m2/repository/io/netty/netty-codec-http2/4.1.96.Final/netty-codec-http2-4.1.96.Final.jar:/Users/devo/.m2/repository/io/netty/netty-handler/4.1.96.Final/netty-handler-4.1.96.Final.jar:/Users/devo/.m2/repository/io/netty/netty-codec-http/4.1.96.Final/netty-codec-http-4.1.96.Final.jar:/Users/devo/.m2/repository/io/netty/netty-resolver-dns/4.1.96.Final/netty-resolver-dns-4.1.96.Final.jar:/Users/devo/.m2/repository/io/netty/netty-codec-dns/4.1.96.Final/netty-codec-dns-4.1.96.Final.jar:/Users/devo/.m2/repository/org/reactivestreams/reactive-streams/1.0.4/reactive-streams-1.0.4.jar:/Users/devo/.m2/repository/com/google/code/findbugs/jsr305/3.0.2/jsr305-3.0.2.jar:/Users/devo/.m2/repository/io/netty/netty-handler-proxy/4.1.96.Final/netty-handler-proxy-4.1.96.Final.jar:/Users/devo/.m2/repository/io/netty/netty-codec-socks/4.1.96.Final/netty-codec-socks-4.1.96.Final.jar:/Users/devo/.m2/repository/io/netty/netty-transport-native-unix-common/4.1.96.Final/netty-transport-native-unix-common-4.1.96.Final-linux-x86_64.jar:/Users/devo/.m2/repository/io/netty/netty-transport-native-epoll/4.1.96.Final/netty-transport-native-epoll-4.1.96.Final-linux-x86_64.jar:/Users/devo/.m2/repository/io/netty/netty-transport-native-unix-common/4.1.96.Final/netty-transport-native-unix-common-4.1.96.Final.jar:/Users/devo/.m2/repository/io/netty/netty-transport-classes-epoll/4.1.96.Final/netty-transport-classes-epoll-4.1.96.Final.jar:/Users/devo/.m2/repository/io/netty/netty-transport-native-unix-common/4.1.96.Final/netty-transport-native-unix-common-4.1.96.Final-linux-aarch_64.jar:/Users/devo/.m2/repository/io/netty/netty-transport-native-epoll/4.1.96.Final/netty-transport-native-epoll-4.1.96.Final-linux-aarch_64.jar:/Users/devo/.m2/repository/io/netty/netty-transport-native-unix-common/4.1.96.Final/netty-transport-native-unix-common-4.1.96.Final-osx-x86_64.jar:/Users/devo/.m2/repository/io/netty/netty-transport-native-kqueue/4.1.96.Final/netty-transport-native-kqueue-4.1.96.Final-osx-x86_64.jar:/Users/devo/.m2/repository/io/netty/netty-transport-classes-kqueue/4.1.96.Final/netty-transport-classes-kqueue-4.1.96.Final.jar:/Users/devo/.m2/repository/io/netty/netty-resolver-dns-native-macos/4.1.96.Final/netty-resolver-dns-native-macos-4.1.96.Final-osx-x86_64.jar:/Users/devo/.m2/repository/io/netty/netty-resolver-dns-classes-macos/4.1.96.Final/netty-resolver-dns-classes-macos-4.1.96.Final.jar:/Users/devo/.m2/repository/io/netty/netty-transport-native-unix-common/4.1.96.Final/netty-transport-native-unix-common-4.1.96.Final-osx-aarch_64.jar:/Users/devo/.m2/repository/io/netty/netty-transport-native-kqueue/4.1.96.Final/netty-transport-native-kqueue-4.1.96.Final-osx-aarch_64.jar:/Users/devo/.m2/repository/io/netty/netty-resolver-dns-native-macos/4.1.96.Final/netty-resolver-dns-native-macos-4.1.96.Final-osx-aarch_64.jar:/Users/devo/.m2/repository/io/netty/netty-tcnative-boringssl-static/2.0.61.Final/netty-tcnative-boringssl-static-2.0.61.Final-linux-x86_64.jar:/Users/devo/.m2/repository/io/netty/netty-tcnative-classes/2.0.61.Final/netty-tcnative-classes-2.0.61.Final.jar:/Users/devo/.m2/repository/io/netty/netty-tcnative-boringssl-static/2.0.61.Final/netty-tcnative-boringssl-static-2.0.61.Final-linux-aarch_64.jar:/Users/devo/.m2/repository/io/netty/netty-tcnative-boringssl-static/2.0.61.Final/netty-tcnative-boringssl-static-2.0.61.Final-osx-x86_64.jar:/Users/devo/.m2/repository/io/netty/netty-tcnative-boringssl-static/2.0.61.Final/netty-tcnative-boringssl-static-2.0.61.Final-osx-aarch_64.jar:/Users/devo/.m2/repository/io/netty/netty-tcnative-boringssl-static/2.0.61.Final/netty-tcnative-boringssl-static-2.0.61.Final-windows-x86_64.jar:/Users/devo/.m2/repository/com/aayushatharva/brotli4j/brotli4j/1.12.0/brotli4j-1.12.0.jar:/Users/devo/.m2/repository/com/aayushatharva/brotli4j/service/1.12.0/service-1.12.0.jar:/Users/devo/.m2/repository/com/aayushatharva/brotli4j/native-osx-aarch64/1.12.0/native-osx-aarch64-1.12.0.jar:/Users/devo/.m2/repository/org/apache/httpcomponents/httpclient/4.5.14/httpclient-4.5.14.jar:/Users/devo/.m2/repository/org/apache/httpcomponents/httpcore/4.4.16/httpcore-4.4.16.jar:/Users/devo/.m2/repository/commons-codec/commons-codec/1.16.0/commons-codec-1.16.0.jar:/Users/devo/.m2/repository/ch/qos/logback/logback-classic/1.4.11/logback-classic-1.4.11.jar:/Users/devo/.m2/repository/ch/qos/logback/logback-core/1.4.11/logback-core-1.4.11.jar:/Users/devo/.m2/repository/org/slf4j/jcl-over-slf4j/2.0.9/jcl-over-slf4j-2.0.9.jar:/Users/devo/.m2/repository/org/antlr/antlr4-runtime/4.11.1/antlr4-runtime-4.11.1.jar:/Users/devo/.m2/repository/com/jayway/jsonpath/json-path/2.8.0/json-path-2.8.0.jar:/Users/devo/.m2/repository/net/minidev/json-smart/2.4.10/json-smart-2.4.10.jar:/Users/devo/.m2/repository/net/minidev/accessors-smart/2.4.9/accessors-smart-2.4.9.jar:/Users/devo/.m2/repository/org/ow2/asm/asm/9.3/asm-9.3.jar:/Users/devo/.m2/repository/org/yaml/snakeyaml/2.0/snakeyaml-2.0.jar:/Users/devo/.m2/repository/de/siegmar/fastcsv/2.2.1/fastcsv-2.2.1.jar:/Users/devo/.m2/repository/info/picocli/picocli/4.7.1/picocli-4.7.1.jar:/Users/devo/.m2/repository/io/github/classgraph/classgraph/4.8.160/classgraph-4.8.160.jar:/Users/devo/.m2/repository/io/github/t12y/resemble/1.0.2/resemble-1.0.2.jar:/Users/devo/.m2/repository/io/github/t12y/ssim/1.0.0/ssim-1.0.0.jar:/Users/devo/.m2/repository/org/junit/jupiter/junit-jupiter-api/5.9.3/junit-jupiter-api-5.9.3.jar:/Users/devo/.m2/repository/org/opentest4j/opentest4j/1.2.0/opentest4j-1.2.0.jar:/Users/devo/.m2/repository/org/junit/platform/junit-platform-commons/1.9.3/junit-platform-commons-1.9.3.jar:/Users/devo/.m2/repository/org/apiguardian/apiguardian-api/1.1.2/apiguardian-api-1.1.2.jar:/Users/devo/.m2/repository/org/junit/jupiter/junit-jupiter-engine/5.9.3/junit-jupiter-engine-5.9.3.jar:/Users/devo/.m2/repository/org/junit/platform/junit-platform-engine/1.9.3/junit-platform-engine-1.9.3.jar:"/>
    <property name="sun.cpu.endian" value="little"/>
    <property name="user.home" value="/Users/devo"/>
    <property name="user.language" value="en"/>
    <property name="java.specification.vendor" value="Oracle Corporation"/>
    <property name="java.version.date" value="2025-07-15"/>
    <property name="java.home" value="/Library/Java/JavaVirtualMachines/temurin-21.jdk/Contents/Home"/>
    <property name="file.separator" value="/"/>
    <property name="basedir" value="/Users/devo/KarateAPIProject/karate-dummyjson"/>
    <property name="java.vm.compressedOopsMode" value="Zero based"/>
    <property name="line.separator" value="&#10;"/>
    <property name="java.vm.specification.vendor" value="Oracle Corporation"/>
    <property name="java.specification.name" value="Java Platform API Specification"/>
    <property name="apple.awt.application.name" value="ForkedBooter"/>
    <property name="surefire.real.class.path" value="/Users/devo/KarateAPIProject/karate-dummyjson/target/surefire/surefirebooter-20250805095346925_3.jar"/>
    <property name="sun.management.compiler" value="HotSpot 64-Bit Tiered Compilers"/>
    <property name="ftp.nonProxyHosts" value="local|*.local|169.254/16|*.169.254/16"/>
    <property name="java.runtime.version" value="21.0.8+9-LTS"/>
    <property name="user.name" value="devo"/>
    <property name="stdout.encoding" value="UTF-8"/>
    <property name="path.separator" value=":"/>
    <property name="os.version" value="15.5"/>
    <property name="java.runtime.name" value="OpenJDK Runtime Environment"/>
    <property name="file.encoding" value="UTF-8"/>
    <property name="java.vm.name" value="OpenJDK 64-Bit Server VM"/>
    <property name="java.vendor.version" value="Temurin-21.0.8+9"/>
    <property name="localRepository" value="/Users/devo/.m2/repository"/>
    <property name="java.vendor.url.bug" value="https://github.com/adoptium/adoptium-support/issues"/>
    <property name="java.io.tmpdir" value="/var/folders/9n/qdd87m_d27v106zr8rs1f1b00000gn/T/"/>
    <property name="java.version" value="21.0.8"/>
    <property name="user.dir" value="/Users/devo/KarateAPIProject/karate-dummyjson"/>
    <property name="os.arch" value="aarch64"/>
    <property name="java.vm.specification.name" value="Java Virtual Machine Specification"/>
    <property name="native.encoding" value="UTF-8"/>
    <property name="java.library.path" value="/Users/devo/Library/Java/Extensions:/Library/Java/Extensions:/Network/Library/Java/Extensions:/System/Library/Java/Extensions:/usr/lib/java:."/>
    <property name="java.vm.info" value="mixed mode, sharing"/>
    <property name="stderr.encoding" value="UTF-8"/>
    <property name="java.vendor" value="Eclipse Adoptium"/>
    <property name="java.vm.version" value="21.0.8+9-LTS"/>
    <property name="sun.io.unicode.encoding" value="UnicodeBig"/>
    <property name="socksNonProxyHosts" value="local|*.local|169.254/16|*.169.254/16"/>
    <property name="java.class.version" value="65.0"/>
  </properties>
  <testcase name="[1:7] Get All Posts" classname="dummyjson/Posts" time="1.585">
    <system-out><![CDATA[09:53:47.868 [main] DEBUG com.intuit.karate.Suite -- [config] classpath:karate-config.js
09:53:48.830 [main] DEBUG org.apache.http.client.protocol.RequestAddCookies -- CookieSpec selected: karate
09:53:48.834 [main] DEBUG org.apache.http.client.protocol.RequestAuthCache -- Auth cache not set in the context
09:53:48.835 [main] DEBUG com.intuit.karate -- request:
1 > GET https://dummyjson.com/posts
1 > Host: dummyjson.com
1 > Connection: Keep-Alive
1 > User-Agent: Apache-HttpClient/4.5.14 (Java/21.0.8)
1 > Accept-Encoding: gzip,deflate


09:53:48.837 [main] DEBUG org.apache.http.impl.conn.PoolingHttpClientConnectionManager -- Connection request: [route: {s}->https://dummyjson.com:443][total available: 0; route allocated: 0 of 5; total allocated: 0 of 10]
09:53:48.848 [main] DEBUG org.apache.http.impl.conn.PoolingHttpClientConnectionManager -- Connection leased: [id: 0][route: {s}->https://dummyjson.com:443][total available: 0; route allocated: 1 of 5; total allocated: 1 of 10]
09:53:48.848 [main] DEBUG org.apache.http.impl.execchain.MainClientExec -- Opening connection {s}->https://dummyjson.com:443
09:53:49.177 [main] DEBUG org.apache.http.impl.conn.DefaultHttpClientConnectionOperator -- Connecting to dummyjson.com/66.33.22.3:443
09:53:49.177 [main] DEBUG org.apache.http.conn.ssl.SSLConnectionSocketFactory -- Connecting socket to dummyjson.com/66.33.22.3:443 with timeout 30000
09:53:49.243 [main] DEBUG org.apache.http.conn.ssl.SSLConnectionSocketFactory -- Enabled protocols: [TLSv1.3, TLSv1.2]
09:53:49.243 [main] DEBUG org.apache.http.conn.ssl.SSLConnectionSocketFactory -- Enabled cipher suites:[TLS_AES_256_GCM_SHA384, TLS_AES_128_GCM_SHA256, TLS_CHACHA20_POLY1305_SHA256, TLS_ECDHE_ECDSA_WITH_AES_256_GCM_SHA384, TLS_ECDHE_ECDSA_WITH_AES_128_GCM_SHA256, TLS_ECDHE_ECDSA_WITH_CHACHA20_POLY1305_SHA256, TLS_ECDHE_RSA_WITH_AES_256_GCM_SHA384, TLS_ECDHE_RSA_WITH_CHACHA20_POLY1305_SHA256, TLS_ECDHE_RSA_WITH_AES_128_GCM_SHA256, TLS_DHE_RSA_WITH_AES_256_GCM_SHA384, TLS_DHE_RSA_WITH_CHACHA20_POLY1305_SHA256, TLS_DHE_DSS_WITH_AES_256_GCM_SHA384, TLS_DHE_RSA_WITH_AES_128_GCM_SHA256, TLS_DHE_DSS_WITH_AES_128_GCM_SHA256, TLS_ECDHE_ECDSA_WITH_AES_256_CBC_SHA384, TLS_ECDHE_RSA_WITH_AES_256_CBC_SHA384, TLS_ECDHE_ECDSA_WITH_AES_128_CBC_SHA256, TLS_ECDHE_RSA_WITH_AES_128_CBC_SHA256, TLS_DHE_RSA_WITH_AES_256_CBC_SHA256, TLS_DHE_DSS_WITH_AES_256_CBC_SHA256, TLS_DHE_RSA_WITH_AES_128_CBC_SHA256, TLS_DHE_DSS_WITH_AES_128_CBC_SHA256, TLS_ECDHE_ECDSA_WITH_AES_256_CBC_SHA, TLS_ECDHE_RSA_WITH_AES_256_CBC_SHA, TLS_ECDHE_ECDSA_WITH_AES_128_CBC_SHA, TLS_ECDHE_RSA_WITH_AES_128_CBC_SHA, TLS_DHE_RSA_WITH_AES_256_CBC_SHA, TLS_DHE_DSS_WITH_AES_256_CBC_SHA, TLS_DHE_RSA_WITH_AES_128_CBC_SHA, TLS_DHE_DSS_WITH_AES_128_CBC_SHA, TLS_RSA_WITH_AES_256_GCM_SHA384, TLS_RSA_WITH_AES_128_GCM_SHA256, TLS_RSA_WITH_AES_256_CBC_SHA256, TLS_RSA_WITH_AES_128_CBC_SHA256, TLS_RSA_WITH_AES_256_CBC_SHA, TLS_RSA_WITH_AES_128_CBC_SHA, TLS_EMPTY_RENEGOTIATION_INFO_SCSV]
09:53:49.243 [main] DEBUG org.apache.http.conn.ssl.SSLConnectionSocketFactory -- Starting handshake
09:53:49.367 [main] DEBUG org.apache.http.conn.ssl.SSLConnectionSocketFactory -- Secure session established
09:53:49.367 [main] DEBUG org.apache.http.conn.ssl.SSLConnectionSocketFactory --  negotiated protocol: TLSv1.3
09:53:49.368 [main] DEBUG org.apache.http.conn.ssl.SSLConnectionSocketFactory --  negotiated cipher suite: TLS_AES_128_GCM_SHA256
09:53:49.368 [main] DEBUG org.apache.http.conn.ssl.SSLConnectionSocketFactory --  peer principal: CN=dummyjson.com
09:53:49.368 [main] DEBUG org.apache.http.conn.ssl.SSLConnectionSocketFactory --  peer alternative names: [dummyjson.com]
09:53:49.368 [main] DEBUG org.apache.http.conn.ssl.SSLConnectionSocketFactory --  issuer principal: CN=R11, O=Let's Encrypt, C=US
09:53:49.370 [main] DEBUG org.apache.http.impl.conn.DefaultHttpClientConnectionOperator -- Connection established 192.168.1.4:62496<->66.33.22.3:443
09:53:49.370 [main] DEBUG org.apache.http.impl.conn.DefaultManagedHttpClientConnection -- http-outgoing-0: set socket timeout to 30000
09:53:49.370 [main] DEBUG org.apache.http.impl.execchain.MainClientExec -- Executing request GET /posts HTTP/1.1
09:53:49.370 [main] DEBUG org.apache.http.impl.execchain.MainClientExec -- Target auth state: UNCHALLENGED
09:53:49.370 [main] DEBUG org.apache.http.impl.execchain.MainClientExec -- Proxy auth state: UNCHALLENGED
09:53:49.371 [main] DEBUG org.apache.http.headers -- http-outgoing-0 >> GET /posts HTTP/1.1
09:53:49.371 [main] DEBUG org.apache.http.headers -- http-outgoing-0 >> Host: dummyjson.com
09:53:49.371 [main] DEBUG org.apache.http.headers -- http-outgoing-0 >> Connection: Keep-Alive
09:53:49.371 [main] DEBUG org.apache.http.headers -- http-outgoing-0 >> User-Agent: Apache-HttpClient/4.5.14 (Java/21.0.8)
09:53:49.371 [main] DEBUG org.apache.http.headers -- http-outgoing-0 >> Accept-Encoding: gzip,deflate
09:53:49.371 [main] DEBUG org.apache.http.wire -- http-outgoing-0 >> "GET /posts HTTP/1.1[\r][\n]"
09:53:49.371 [main] DEBUG org.apache.http.wire -- http-outgoing-0 >> "Host: dummyjson.com[\r][\n]"
09:53:49.371 [main] DEBUG org.apache.http.wire -- http-outgoing-0 >> "Connection: Keep-Alive[\r][\n]"
09:53:49.371 [main] DEBUG org.apache.http.wire -- http-outgoing-0 >> "User-Agent: Apache-HttpClient/4.5.14 (Java/21.0.8)[\r][\n]"
09:53:49.371 [main] DEBUG org.apache.http.wire -- http-outgoing-0 >> "Accept-Encoding: gzip,deflate[\r][\n]"
09:53:49.371 [main] DEBUG org.apache.http.wire -- http-outgoing-0 >> "[\r][\n]"
09:53:49.397 [main] DEBUG org.apache.http.wire -- http-outgoing-0 << "HTTP/1.1 200 OK[\r][\n]"
09:53:49.397 [main] DEBUG org.apache.http.wire -- http-outgoing-0 << "Access-Control-Allow-Origin: *[\r][\n]"
09:53:49.397 [main] DEBUG org.apache.http.wire -- http-outgoing-0 << "Content-Encoding: gzip[\r][\n]"
09:53:49.397 [main] DEBUG org.apache.http.wire -- http-outgoing-0 << "Content-Type: application/json; charset=utf-8[\r][\n]"
09:53:49.397 [main] DEBUG org.apache.http.wire -- http-outgoing-0 << "Date: Tue, 05 Aug 2025 02:53:49 GMT[\r][\n]"
09:53:49.397 [main] DEBUG org.apache.http.wire -- http-outgoing-0 << "Etag: W/"391c-dLoE+T/B29hPpTRTGKGcgtyIfzw"[\r][\n]"
09:53:49.397 [main] DEBUG org.apache.http.wire -- http-outgoing-0 << "Server: railway-edge[\r][\n]"
09:53:49.397 [main] DEBUG org.apache.http.wire -- http-outgoing-0 << "Strict-Transport-Security: max-age=15552000; includeSubDomains[\r][\n]"
09:53:49.397 [main] DEBUG org.apache.http.wire -- http-outgoing-0 << "Vary: Accept-Encoding[\r][\n]"
09:53:49.397 [main] DEBUG org.apache.http.wire -- http-outgoing-0 << "X-Content-Type-Options: nosniff[\r][\n]"
09:53:49.397 [main] DEBUG org.apache.http.wire -- http-outgoing-0 << "X-Dns-Prefetch-Control: off[\r][\n]"
09:53:49.397 [main] DEBUG org.apache.http.wire -- http-outgoing-0 << "X-Download-Options: noopen[\r][\n]"
09:53:49.397 [main] DEBUG org.apache.http.wire -- http-outgoing-0 << "X-Frame-Options: SAMEORIGIN[\r][\n]"
09:53:49.397 [main] DEBUG org.apache.http.wire -- http-outgoing-0 << "X-Powered-By: Cats on Keyboards[\r][\n]"
09:53:49.397 [main] DEBUG org.apache.http.wire -- http-outgoing-0 << "X-Railway-Edge: railway/asia-southeast1-eqsg3a[\r][\n]"
09:53:49.397 [main] DEBUG org.apache.http.wire -- http-outgoing-0 << "X-Railway-Request-Id: dCu21MLpRQWvRgIYAQeqjw[\r][\n]"
09:53:49.397 [main] DEBUG org.apache.http.wire -- http-outgoing-0 << "X-Ratelimit-Limit: 100[\r][\n]"
09:53:49.397 [main] DEBUG org.apache.http.wire -- http-outgoing-0 << "X-Ratelimit-Remaining: 99[\r][\n]"
09:53:49.397 [main] DEBUG org.apache.http.wire -- http-outgoing-0 << "X-Ratelimit-Reset: 1754362440[\r][\n]"
09:53:49.397 [main] DEBUG org.apache.http.wire -- http-outgoing-0 << "X-Xss-Protection: 1; mode=block[\r][\n]"
09:53:49.397 [main] DEBUG org.apache.http.wire -- http-outgoing-0 << "Transfer-Encoding: chunked[\r][\n]"
09:53:49.397 [main] DEBUG org.apache.http.wire -- http-outgoing-0 << "[\r][\n]"
09:53:49.398 [main] DEBUG org.apache.http.wire -- http-outgoing-0 << "a[\r][\n]"
09:53:49.398 [main] DEBUG org.apache.http.wire -- http-outgoing-0 << "[0x1f][0x8b][0x8][0x0][0x0][0x0][0x0][0x0][0x0][0x3][\r][\n]"
09:53:49.399 [main] DEBUG org.apache.http.headers -- http-outgoing-0 << HTTP/1.1 200 OK
09:53:49.399 [main] DEBUG org.apache.http.headers -- http-outgoing-0 << Access-Control-Allow-Origin: *
09:53:49.399 [main] DEBUG org.apache.http.headers -- http-outgoing-0 << Content-Encoding: gzip
09:53:49.399 [main] DEBUG org.apache.http.headers -- http-outgoing-0 << Content-Type: application/json; charset=utf-8
09:53:49.399 [main] DEBUG org.apache.http.headers -- http-outgoing-0 << Date: Tue, 05 Aug 2025 02:53:49 GMT
09:53:49.399 [main] DEBUG org.apache.http.headers -- http-outgoing-0 << Etag: W/"391c-dLoE+T/B29hPpTRTGKGcgtyIfzw"
09:53:49.399 [main] DEBUG org.apache.http.headers -- http-outgoing-0 << Server: railway-edge
09:53:49.399 [main] DEBUG org.apache.http.headers -- http-outgoing-0 << Strict-Transport-Security: max-age=15552000; includeSubDomains
09:53:49.399 [main] DEBUG org.apache.http.headers -- http-outgoing-0 << Vary: Accept-Encoding
09:53:49.399 [main] DEBUG org.apache.http.headers -- http-outgoing-0 << X-Content-Type-Options: nosniff
09:53:49.399 [main] DEBUG org.apache.http.headers -- http-outgoing-0 << X-Dns-Prefetch-Control: off
09:53:49.399 [main] DEBUG org.apache.http.headers -- http-outgoing-0 << X-Download-Options: noopen
09:53:49.399 [main] DEBUG org.apache.http.headers -- http-outgoing-0 << X-Frame-Options: SAMEORIGIN
09:53:49.399 [main] DEBUG org.apache.http.headers -- http-outgoing-0 << X-Powered-By: Cats on Keyboards
09:53:49.400 [main] DEBUG org.apache.http.headers -- http-outgoing-0 << X-Railway-Edge: railway/asia-southeast1-eqsg3a
09:53:49.400 [main] DEBUG org.apache.http.headers -- http-outgoing-0 << X-Railway-Request-Id: dCu21MLpRQWvRgIYAQeqjw
09:53:49.400 [main] DEBUG org.apache.http.headers -- http-outgoing-0 << X-Ratelimit-Limit: 100
09:53:49.400 [main] DEBUG org.apache.http.headers -- http-outgoing-0 << X-Ratelimit-Remaining: 99
09:53:49.400 [main] DEBUG org.apache.http.headers -- http-outgoing-0 << X-Ratelimit-Reset: 1754362440
09:53:49.400 [main] DEBUG org.apache.http.headers -- http-outgoing-0 << X-Xss-Protection: 1; mode=block
09:53:49.400 [main] DEBUG org.apache.http.headers -- http-outgoing-0 << Transfer-Encoding: chunked
09:53:49.402 [main] DEBUG org.apache.http.impl.execchain.MainClientExec -- Connection can be kept alive indefinitely
09:53:49.404 [main] DEBUG org.apache.http.wire -- http-outgoing-0 << "148b[\r][\n]"
09:53:49.404 [main] DEBUG org.apache.http.wire -- http-outgoing-0 << "[0xad][][0x8f]#[0xbb]q[0xfd]+[0x84]^6A[0xe4][0xc1]H[0x1a][0xcd][0xc7][0xbe][0x4]7N[0x90][0xbb]@[0xec][0x4][0xb8]~1b?P[0xdd][0xd5]jz[0xd8]d_[0x92]=[0xba][0xb2][0xe1][0xff][0x1e][0x9c]*[0xb2][0x9b]=;3[0xbb][0xd7][0x8][0xb0][0xf];[0x12][0xc9]f[0xb3][0x8a]U[0xe7][0x9c]*[0xfd]m3[0xfa][0x98][0xe2][0xe6][0xf3][0xff][0xfe]mc[0xda][0xcd][0xe7][0xdd]v[0x93]L[0xb2][0xb4][0xf9][0xbc][0xf9][0xd1]D5[0xf8][0xd4]SP[0xbd]n[0x95][0xb6][0x17]}[0x8d]*[0xe9][0xe9][0xdc]'[0xd5][0x9b]a[0xb3][0xdd][0x9c]|{[0xfd][0x8e][0x91][0xca][0xf9][0xa4][0x92]W[0xf4]BA[0xa5][0xde][0xb8]g[0xe5];|[0x11][0xc9]vJGu[0xa2][0x94][0xf8]+[0xed][0x14][0xaf][0x13]o[0xd4][0x8f][0xf4][0xa9]U)[0x18]j1[0xd5][0x9a][0x17]R[0xa7]+f[0xf3][0xb3][0x92][0xc7][0x8][0xe5]xI[0xeb][0xfd]3[0xb5][0xaa][0xf5][0x17][0xa7][0xbc]S[0xa9][0xf7][0x91][0xd4][0xa5][0xf7][0xea]B[0x81][0x94][0xa5][0x18]U[0xe7]C[0x9a][0x9c]N[0xa4]|[0xe0][0xaf][0xb0]Q[0xfe]f[0xf0][0x8e][0xae][0xf2][0xe8][0xde][0xc]7[0xea][0xdf][0xa6][0xa4]RO*[0xa6]i4[0xad]IW[0xec][0x15][0x1f][0x9c][0x83][0x9f]F[0xfc]1[0x92][0x1f]-[0xa9][0x9e][0xd4]E[0xe3]5[0xed][0xb3]qglr[0xd0]-[0xf1][0xfb]6[0xbd]vg[0xfc]7[0xaa][0xc1][0xb8][0xf6]f[0xb3][0xdd]$}[0xc6])oz[0x13][0x93][0xf][0xd7][0xcd]v[0xa3][0x7][\n]"
09:53:49.404 [main] DEBUG org.apache.http.wire -- http-outgoing-0 << "[0xa6][0xd1]n[0xb3][0xdd]4[0xc1][0xc][0xb4][0xf9][0xf3]v[0x13]H7[0xc9]x[0x17]7[0x9f][0xff][0xb6][0xb1][0xe6][0x99][0xe2][0xe6][0xf3][0xee]i[0xbf][0xdd][0xb4]&[0xe6]?[0xf7][0xc7][0xbf]o7/[0x86].q[0xf3][0xf9]p{[0xdc]n[0xa6]H[0xe1][0xb]L[0xb7][0xdf][0xfd]}+V[0xdc]WV[0x94]]j[0xa7][0xe8][0x97][0x91]BR[0xa7])[0xb1]=[0x8c]SZ[0xb5]&6f[0xb4][0xc6]Qe[0xcd][0xef][0x9c][0x81]3KJ[0xbb][0xab]w[0xa4][0x1a]?[0xd9]Vu[0x93][0xb5]W[0xa5][0xc7]1Pct"[0xb6][0xd1][0xb3][0xa3][0x8b][0xea][0xfd][0x5]'[0xd4]{[0xdb][0xf2]a6[0x98][0xf4][0x97])&[0x15][0xc][0xbc]$zY[0x8e]O[0xde]wIE[\n]"
09:53:49.404 [main] DEBUG org.apache.http.wire -- http-outgoing-0 << "0[0xad]i[0xe8]7M =[0xa8][0x8e][0xac]U[0xc6]%[0xaf]LRy$?'[0x92][0xd2][0xee]l[0x9][0xeb]w>[0xc]J[0xab][0x91]BGM[0x92][0xa7][0x90]nz[0xa5]][0xcb][0xee]wU[0xc9][0xc]t[0xa3][0xbe]$[0xf6][0x80][0xa4][0x9f][0xc9][0xa9]+[0xe9][0x10]1[0xbd][0xcc][0xc3][0xe8][0xbe][0xbc][0x94][0xf3][0x17][0xd5][0xf2]S/&[0xf5]~JX[0xc8][0xa9]qJ[0x9]v[0xd7][0xe][0xde][0xe3][0xd9][0xd7]O[0xd4][0x1b][0xd7]*[0x93]j[0x8b]w[0x81]\[0xd3]o[0xb6][0x9b][0xce][0xb0]m7[0xdb][\r][0xb9][0xb3]5[0xb1][0xcf][0xe2][0x8f][0xc7][0xa7][0xda][0xe2][0x87][0xfd]b[0xf1][0xbb][0xc7][0xc7][0xbb][0xc5][0xe4]O[0xb3][0xc5][0xf][0x8b][0xc5][0xff]][0xbf][0xc0][0x82][0xa9][0xe9][0xa9][0xc5][0xe5][0xc2]Au>P[0x84]%[0x83][0xa3]V[0xc1][0x8d][0x1d][0xde][0x1b]ko[0x16][0xd3][0xff][0xda][0xa9][[0xe5][0x1d][0xc][0xae]:[0xba][0xa8][0xc1]X[0x8a][0xaa][0xb]~P[0x1c][0x9][0xfc][0x14][0xe9]F[0xfd][0x1][0xe7][0xa8]%0[0x9c][0x88][0x9c][0xea]uL[0xc6]^[0xd5][0xa8][0x1b]\Z[0x1c][0xf5][0xef]tH[0x9a][0x9d][0xce][0xb8]hZR)\[0xf3][0x95][\n]"
09:53:49.405 [main] DEBUG org.apache.http.wire -- http-outgoing-0 << "~r[0xfc]T<[0xd2][0xea][0x98][0xca]m[0x1c])[0xc5][0x1b]%[0x1b]&[0x7]w[0x8][0xb0][0x81][0xdc]9rI[e[0xcd]2|[0xf0]1)3[0x8c]>$[0xed][0x92][0x1a][0xf5]H![0xf2][0xc3][[0xdf]L[0x98][0x10]g[0x7][0xbc][0x8a][0xe1][0xdd][0xa7][0xa4],[0xe1][0x1]bVv[0xe6][0xd8]x[0xdb]R;[0x7][0xaf][0xce][0x7][0xbe][0x1b][0xbd]~[0xc1][0x8e][0xc7]@[0xa3][0xe][0xc4]>[0x1e][0xa9][0xc4]5\[0x9c][0xf6]E[0xbb][0x86][0xc4][0xb3][0xfc][0xc8]#t[0x82][0x93][0xe1]`[0x2][\r]4[0x9c][0x8][0x13][0xd9]I[0x11]#[0xcf]2[0x2][0xa7][0xe2][0x88]Z[0x92][0xe7]7[0xde]%[0xe3]&[0x9][0x8a][0x17]m[0x12][0xef]@[0xe]0y\=[0xd2][0x81][0x1d]u>[0xa5]-_[0xe0][0xc8]![0xcd]X++[0xfa]K[0x8f][0xd8][0x98][0xbc]:[0x91][0x8a]D[0xae][0xf6][0xd8]A[0x9f]M[0xa3][0xed]f[E[0xab][0xec][0xc5][0xef][0xc5][0xa8][0xbb][0xbb][0xc7][0x95][0xcb]>U.[0xbb];[0xee][0xab](u_\[0xf6]nq[0xd9][0x1f][0xac][0x95]p[0xea][0x12][0xb5][0x12]}T[0xa3]]{U'[0x1d]*[0xff][0xfc]x[0x1c].uk[0xd8]n[0x91]hP[0xd8][0xb]G[0xac][0xae]3[0xcd]d[0x93][\n]"
09:53:49.405 [main] DEBUG org.apache.http.wire -- http-outgoing-0 << "[0xf4][0xf3][0x4]_N^5~[0x18][0x3][0xf5][0xe4]Z9[0x1e][0x8e]I[0x96][0xc2]3l[0xa1][\r]\[0xbd][0xb][0xfe][0xaf][0xe4][0xc4]G[0xaa]U[0xf9][0xdc]][0x92]h[0xe6]|[0xe0][0xa9]ye[0xde][0xc2][0xc0][0x1][0xad][0x87][0xe3][0xc0][0xb6][0xd1][0xf][0x94][0xed][0xe9][0x11]Gf[0xdb][0x9c]'[0xa7]Fo[0xf8]U[0xe0][\n]"
09:53:49.405 [main] DEBUG org.apache.http.wire -- http-outgoing-0 << "&[0xaa]N7[0xb4]2[0xc4]5&[0xe2][0xe3]/[0x11][0xa3]J[0x1b][0xef][0x98][0xe2][0xb0][0xe][0x1e][0xbb][0xc7][0xca][0x12]GX[0xa9]X[0xe2][0xee][0xa1]X[0xe2]X[0xa5][0xb]?R[0xbe][0x17][0x88][0xba]QRh[0xab]c_\[0xb6][0xd5][0xd7][0xca]"[0xdf]7[0x1e][0xc7][0x12]{[0x8e][0xa6][0xbd]\([0x92][0xec][0xd2]$[0xca][0x6]0)[0xbb]g[0xa3][0x7]Rl[0xd9][0xd8][0xfb][0xe6]Y"[0xc8]E[0x7][0x87]#[0x8c][0xe6][0xec][0xe2][0x12]K[0xcc][0xd9]y\[0x1a][0xe3]T[0xa7]_|[0x98][0x83][0x83][0x8f][0xd1][0x9c][0x8c]5[0xe9][0xba]E[0xea]a[0x94][0x10]h[0xf0][0x89][0xb6][0xb2]+[0x93]rt[0xd7]M[0x9a]4[0xb2]V[0x8f][0xbb][0xe3][0xf0]8[0x9d][0xea][0x5][0xf8]i[0xe7][0x0]l![0xb1][0xcd][0x8f]|o[0xb4]S[0x93]k[0xc9][0x19]}[0xb2]x#k[0xa8][0xc3][0xb2][0x3][0x92][0xda][0x89]TK1[0x19]w[0xcd][0xb][0xc2]W'[0x97][0x8c][0xe5]<[0xa2]#[0xdc][0x9][0xa7][0xc6][0x91][0xf4][0xf5][0x19][0xf2][0x11]4AGv[0x1b][0xc0][0x9a][0xda])[0x4],l+[0xe7][0xb0][0xfe][0xe5]}[0xf4][0xb0][[0xe7][0x92][0xdb][0xc5][0x1d][0xee][0xf7][0xf7][0xd5][0xbd]<[0xcc][0xb9][0xe4][0xfe][0xab]\[0xc2][0xdb][0xa5]_t[0x93][0xec]U[0xc5])[0x10][0xe7][0xf3][0x1c][0xbc][0xc8][0xb5][0x9c][0x18][0xbe]J#[0xdf]5[0xb][0xb6]cP7[0x6]j[\r][0xde][0xdc]%[0x8e]tA[0xbb]9[0xa8]kk[0xf9][0xa4][0x90]xK[0xa0][0x16][0x0][0xa7]9[0x10][0xf2][0x2][0xcd][0x14][0x2]2A4i[0xd2]8[0x6]>[0xd2][0xd9][0xaf][0xf2][0x1d][0x1e][0xf4]3[0x2][0x9e][0x8b][0x2]Nr(I^[0xc5][0x91][0x9c][0xdc]V[0x86][0x8][0xbc]l[0xb8][0xf2][0x1a][0xcb][0x1c]8[0x18][0xe0][0x7]R[0x1f][0xbc]6[0xbf]Lo[0xce]Hyc0>[0x98]d`[0xcd][0x94][0xd3][0x8e][0xbc][0xf]|[0xb8]3![0x8a]#d0t[0xa6][0xa4][0x0]'[0x18][0xb][0xbf][0xb5][0xdf][0xa9][0x13][0xc1][0x5][0x9c]~[0x16]/[0xd7]*[0x5]"[0x89]![0x11][0xc0][0xa4][0xd3][0xd6]2[\n]"
09:53:49.405 [main] DEBUG org.apache.http.wire -- http-outgoing-0 << "[0xb1]ViI[0x96][0xd8][0xb1]C[0x90][0xba]rn[0x0][0x1e][0xcd][0xf]{[0xed]IKPi[0xac][0x8e][0xd1]4[0xdf][0x11]^v[0xc7][0xda][0x9d][0xaa][0xe0]r[0xa8]B[0xcb][0xd3]c[0xf1][0xa5][0x87][0xc5][0x97][0xfe][0x80][0x97][0xc4][0xbf]9[0xb]#[0xbf][0xe7][0xcc]W[0x85][0x94][0x8f][0xc7][0xa9][0xff][0xf2]/[0xa4][0xc][0xfb][0x16][0x7][0xf8][0xd1][0xd0][0x8d][0xfa][0xa3][0x9f]T[0xeb][0xf1][0x19]r%GZ[0xf3][0x2]$[0x1]c[\r]>[0x1f][0xd0][0xd5]OAu[0xc1][0x90]k[0xe5][0xbe][0xe1][0xe2][0xb4][0xca];[0x8a]7[0xea][0xf7][0xc0][0xef][0x9c][0xae]a[0x9e]ajz[0xfe][0x1a][0x93][0xd4][0xd9][0xbc][0xd0][0x96][0xff][0xd7]hW[0xf8][\r]>T[0x83][0xf][0x82]&[O[0xbc][0xa7]09[0x18]u[0xb]D+;[0x82][0x17][0x15][0xe8]{[0xd2][0xcd]3&[0xc2]d[0xd8]ZTF[0x82][0x86][0xbe]b[0x1b][0x8][0x96]e[0x85][0x1b][0xf5][0x9f]x[0x0]2| [0xb2][0xe2][0x89]:[0xca][0xce]t[0xe4][0xdd][0xc0]{[0xdf]N[0xdc][0x1f]3[0x8a][0xfd][0xc3][0x8a]Q[0xdc]/V[0xdc][0xdd]Wf|[0xb8]-f|\[0xcc][0xf8][0xdf]@[0xfb][0xda][0xa9][0xc6][0xfb]g[0x95]/[0x19][0xfb]#[0xb8][0xdb]H[0xe]~N[0x95]9[0xbf]o<n[0x8][0x80]| [0xb9][0x82]9[0x90][0xb][0x91][0xf4]2[0x99]ga4[0x8e][0x7]8[0xf1]F[0xfd][0xd6]{&_[0x3][0xe9][0xa4][0xa6][0xc8]7A[0xc5][0xd1]$8[0x90]V[0xe7]@[0x1c]{[0xaf][0x99]}[0x2][0xac][0xf2]R[0x18][0xa3][0xbe]8[0xe5]C[0xb][0xe2][0xe9][0xd5]3[0xd1]([0xcb]p[0x94][0x7][0xdc]5[0xee][0xbc]U&}[0x2]?[0x15][0xd4][0x10][0xad][0xbf][0xd8][0xab][\n]"
09:53:49.405 [main] DEBUG org.apache.http.wire -- http-outgoing-0 << ">[0x81]I[0xae]a~E[0xe7][0xbe][0x1][0xef]w[0xfb][0x87][0xdd]*&W[0xe7][0xbf][0xdf][0xed][0xaa][0xa0]|?[0xa7][0xe8][0xa7][0xfa][0x1e]![0xc5][0xe2][0xa4][0x80]l[0x88]cF[0xba]"[0x85][0xf8]NEj[0x2][0x90]q}[0x9d][0xbe]c[0xb8][0xfa][0xa9]D2[0xb2][0xb8][0x10][0xe0]B[0x96][0xdc]L~[0x7][0xd5]N[0x1][0xa7][0x8b]0gMG[0x5]5[0x99][0xc8]~[0x8b][0xa8]6//[0xab]u[0x1c][0x8c][0xc0][0xe5][0x81][0x93][0xe1][0xfd][0x98][0xcf]K[0xb3]e=[0xa2]!6[0xc2][0xd7][0xe7][0x92][0xd9][0x6]>X6&[0x91]^[0x12][0xf5][0xd9][0xe9][0x8b][0xd2][0xb0][0xa5]Nr[0x93][0x85],[0xf0][0x15][0xc2]e[0xc8][0x1]>[0x81]'[0xc2][0x87][0xb0]/}[0xf2][0x8c]-f[0x8c]!k[0x91]p[0x8a]3[0x9][0x85][0xc3][0xec]gc-b[0xec][0xbc][0xd6];[0xb6]][0x10]q[0xb9]l[0xef]X[0xf9][0xe1][0xf6][0xf0][0x1e][0xe][0xdb][0xef][0xf][0x15]o[0xdc][0x17]#[0xef]nWVF(`[0x1c][0xe5]3@m[0xbd]_[0x7][0xca][0xb7][0x87]l[0xd5]9[0xe8][0xd3])[0x93]S[0xc1][0x9e]3[0xff]-[0xd4][0xa2][0xb0][0x9c]E[0x8f][0xe1][0xcf][0x4][0xbc]"[0x88][0xf2][0x95][0xc][0x94][0xe9][0xc2][0x9c][0x13][?[0x9d],[0xfd][0xa6][0xe9][0xa9]y[0x16][0xcd][0x3][0xb9][0x11][0xc9][0x9d][0xe7][0x3][0xfe][0x15][0xe2][0xc4][0x80]mF[0xbf]K8/t[0xea]?[0x96][0xfd][0x88][0xf9][0x19]d[0x99][0xe2]!`[0x8d][0x19]"][0x91][0x9d][[0xe5][0xbb][0xe][0xbb]2!a[0xa3]nJ[0x14][0x95][0xd5][0xa2][0x1c][0xe5]g[0xab][0xa8];[0xca][0xd3]2[0xec][0xba][0xf4]@[0x8a][0x0][0xa2][0x17][0xc7][0xd1]^[0x1c]za{[0xf0][0xfb][0xce][0x87][0xb3]O[0x89][0xdc][lQ[0xf6][0xe8];$[0x91][0x15][0xb3][0x9f][0x9][0xfd][0xd7][0x8c][0xe9][0x1d][0xaf][0xb8];[0xae][0xf2][0xe7][0xa1][0x6][0xe7][0xb7][0x15][0xb3][0xdf][0xdd][0xdd][0xcd]^Qir_f[0xf0][0xf8][0xf3]d[0x12][0xa9]+[0xee]H[0xb6][0xcc][0xa8][0x9d]i*[0xf7][0xf8][0xf6][0xd8][0xca][0xc2][0x82][0x91][0xca][0xd7]Q[0xdb][0x17]}&Qc[\n]"
09:53:49.405 [main] DEBUG org.apache.http.wire -- http-outgoing-0 << "[0x1c][0xb9]Q?[0xb0]]c[0xbe][0x96][0x6]G[0xab][0x85]Y[0xb2][0xfd]H[0xa0]H[0xa6][0xc6][0x2]z[0x2]i[0x6][0xd1]b`[0x1][0xde][0xfc][0xff]z#[0xc5][0xcc]aF[0x8d][0x1f]nd[0x86]^+2[0xdc][0x92][0x9d]D~[0xe3][0x80][0xc3]n[0xc4][0xa8][0xfc]%;[0xbc][0xac][0xfe]6[0xbd]z[0xe3][0x82][0xbf]k[0xc0][0xc3];[0x0][0xe8][0xa9]Vf[0xee][0xe][0xb3][0xf9]*1[0xee][0xa7]|T[0xfa][0xa2][0x3][0x15][0xf]4[0xee][0x1c]K[0x8c][0xf3][0xea][0x12][0xbc];WV[0xfc][0xee])[0xc8]f[0x9d]n[0x80]<r,OA[0x88],b6[0xb9][0x84][0xc4][0x89][0xd0][0xcd]8[0xd2]%[0xd3][0x98]Q`f[0xbd][0xe8]e[0xb5]h[0xc1]$K~[0xf8]y2[0xc4][0xba]ZgZbA#fiA[0x87][0x2][0xa4]i[0xd9]g[0x9c][0x3];[0x90][0x8d][0x8][0x86][0xcc][0xe1][0x83][0xec][0x8e][0xef]>?[0xf2][0xc4])![0xf5][0x97][0xde]X[0xb9][0xc0]S[0xa4]n[0xb2][0xec]uB[0x10][0xc0][0x95][0x97][0xb7]s^[0x99][0x96][0xb4][0x88][0x88][0x80]l[0xb2][0xe3]*[0xc8][0xcd][0xef]R[0xf3][0xd6]b{[0xe6]L[0xdf]L[0xd5][0x87][0xfb][0x95][0xf6]zw[0xac]"
09:53:49.406 [main] DEBUG org.apache.http.wire -- http-outgoing-0 << "[0x95][0xb8][0xdb]7c[0xf8][0xe1][0xb5][0xb9][0x99]`[0xe0]eO`?[0xda][0x84][0xaf][0xac][0xfb][0xf5][0x8]&[0x8d][0x9f][0xaa][0xb][0x96][0x8a]p[0x8a][0xaf][0xdb]@1R[0xa8]i5[0x13]N[0x1a][0xe7]U[0x1a]o}[0x88][[0x95][0xbc][0x17][0xe3][0xe5][0x8b][0x5][0xb9][0x1]z[0x9e][0xd0][0x89]Q[0xc7]D[0xf6][0xd5][0xa3][0xab]=!jbU[0x98][0xe3][0xc5][0x9c][0x2][0x82]!+[0xb5]Ub@B[0xc8][0x11][0xa1][0x98][0xa6][0xf5][0xac][0xe]36P[0xe3][0x14]F[0x1f][0xdf][0x91]5[0x16][0xde][0xf1][0xb1][0xbe][0xb4][0xbf]W^:[0xdc][0xd6][0xcc]c[0xf7][0xf4]4[[0xe2]n[0x95]ME[0xf3][0xe3]][0x9f][0xac]v[0xcf][0xeb]D[0xfa][0xd5][0xb7][0xcb][0xd9][0xe2][0xd8]f[0xd5][0xa2][0xc4][0xcc][0xaf][0xd4][0x8c][0xb][0x88][0x1f][0xdf][0x18]Q [0xb0][0xdc][0x16]PE"[0xa6]V[0xa3][0xe][0xfa][0x1c][0xf4][0xd8][0x3]c@2[0x14][0xea][0xc0][0xcc]P7i[0x91][0xbf][0xcb]J%[0x14][0xce][0x87][0xdd][0x85])[0xa6][0xa0][0xf1][0xe5][0x8d][0xfa]![0xeb][0x16][0xdb][0x12]QY[0x94][0xc6][0x9a]R[0xcb]X[\r][0xce][0x0][0xb][0xfc]O[0xe4][0xf6][0xd6][0xc4][0x4]'2[0x12]k>[0xd2][0x9b]>[0x16][0x17]Vf[0xd9]=,fy[0xd8][0xef][0xea]l63[0x89][0xdd]qm[0x15][0xf0]Y[0xf8])[0xde][0x12]R[0xf3]v[0x16]P"[0x88][0x8e][0xb7][0xed][0xda]N[0xdf][0x1e][0xcf][0xde]:[0x6]3[0x98][0x4][0x2][0x95][0xa8][0xe9][0x9d][0x81]<W[0xa5][0xfc]"[0xd8];?[0xe7]v[0x80][0x82]-[0xdc]}[0xc8][0xf9]b[0x80][0xab][0x1b][0xd7]x[0x17][0xa1][0xee][0xb9]d[0xb4][0x95]%[0xf8][0xa8][0xa3]Ff[0x8a]BB[0xa7][0x12]9[0x9f]A[0xca][0xb]f[0x16]&[0x9e]7[0x17]G[0xd3][0x18]?[0xc5][0x1c][0xd0]t[0xda][0xca]V[0xc6][0xe0]O[0xfa]d[0xaf][0x5][0xbf][0xb2]K%[0xef][0x85][0xe8]q"[0xd4][0xdd][0x8c]qZJ,[0x9a][0xe1][0x89]>[0x9c]L*[0xe0][0xe][0x17][0xdb][0xb5]Yf[0xb4][0x1a][0xf8][0xea][0x7][0xc7]xV[0x80][0x10][0xab][0xbd]a[0xa2]|t9{[0x9c]H[0x14]|\[0xd8][0xd1][0xea][0x6]e3[0x12],g[0x82]j[0xcc][0x8b][0xb1][0xe6][0xaf][0x92]%X[0xb8]0m[0xbb][0x96][0x8a][0x17][0x8][0xb4][0x0][0xe3][0xf][0xb9][0xe7][0xd3]q[0xc5]}vUmc[0xff][0xb4][0xab]}f[0xf6][0x98][0xfb][0xd7][0xdc][0x7][[0x99][0xb7][0x9d][0xd9]][0xeb]K[\n]"
09:53:49.406 [main] DEBUG org.apache.http.wire -- http-outgoing-0 << "3r[0x3]J:%[0xef]r[0x1d][0xe2]5[0x1f][0xfa][0x7][0x96][0x10]![0xaf][0x8c][0xe7][0xbc][0xc6]s[0x8a][0xc2]u)[0x17][0xb8][0xd3]8[0xe2][0xad][0xfa]m[0xaf][0x83]5[0x4][0xa7][0x1a][0xb4]+[\n]"
09:53:49.406 [main] DEBUG org.apache.http.wire -- http-outgoing-0 << ">[0x17][0x9]9#[0xa2]v[0x85][0xd3]Y[0xc0]9[0x97][0xab]l[0x4]y[0xb2][0xd6]_[0xa8][0x9d]KN,/3[0x8]{%'&[0xff]*[0xb1]-Pt.<}S[0xd3][0xd9][0x1f]W[0x82][0xc0]nW[0x19][0xe5][0x16][0x2][0xe2],[0xec],[0xd1][0xf5][0xe1]kX[0xc3][0x2]U?[0x85]p}[0x3][0xc0]T_[0xaa][0xdf][0xfb]Rc[0xd5][0xae][0xd5][0xa1][0x95][0xcf][0x5][0xa9]_[0xfd][0xf4])[0x8]HarS[0xc4]+0[0x9]vQ[0x81]Zu[0x81]QLY[0xf3][0xf][0x15]{[0x9c][0x97][0x3][0xf3][0xe5][0xe2]T[0xa4][0xc6]C[0xf5][0x11][0xb7][0x1f]H;[0xc1]B>[0xa8][0x96]t[0xea]%[0xed][0x5][0xdd][0x94]:2[0xab][0xfa]^[0xb7][0xa2]13[0x95][0x19]!-Y[0xc4][0x15]1[0xd9]%s[0x9c][0x13][0xa5][0xb]R@[0xa3]C[0x9c][0x93][0xed][0xba]2&\[0x85][0xd9]+[0xbf]d[\n]"
09:53:49.406 [main] DEBUG org.apache.http.wire -- http-outgoing-0 << "[0x1a]E[0x9]Qz!&c[0x17][0xad][0x9c][0x87]@q_mA[0xf7][0xa4][0xdb]7K[0x8a][0x8b][0xb1][0xbf][0x1]d[0x8e][0xb7][0xab][0xfc]Y[0x19][0xf8]X_[0xba][0xc3][0x12][0xa7][0x1f][0xd7][0xf6][0xe5][0xc2][0xbe]J[0x14][0x82][0x81][0xde][0xdd][0xeb][0x93]IJ[0xea](z[0xa5][0xc][0xe0]u[0xa4][0x86][0xbf][0xf6][0x81]`[0x81]l[0x14]P[0x88][0xbf][0x96]r[0x82]D&[0x1e][0xc7][0xe5]i[0x3][0x14][0x9a][0xcb][0xe]X[0xcb]R"[0xe][0xa6][0xb3][0xd6][0xc1][0x95]}[\n]"
09:53:49.406 [main] DEBUG org.apache.http.wire -- http-outgoing-0 << "[\n]"
09:53:49.406 [main] DEBUG org.apache.http.wire -- http-outgoing-0 << "V[0x9d][0x89]!cV}[0x11]+][0xe6][0xbc][0x90]qO/[0x9a]P[0xa4]Y[0xe7][0xd0]i[0x11][0x90]![0x12][0xca][0xd6]r[0xc5][0x82]_[0x81][0x16][0xb1][0x3]OAM[0x99][0xab]H[0xdc]oPP\N;3[0xed][0xc4]H|!k[0xbf][0xdd]'0[0x1b][0xfb][0xa3]L[0xbc]XKz[0x15]@[0xda][0xb1][0xdc]7[0xdf][0xe0]YR[0xda][0xad]5%F[0x81]Y[0x9d][0x83][0xd2]x[\n]"
09:53:49.406 [main] DEBUG org.apache.http.wire -- http-outgoing-0 << "[0xd3][0xc8][0xc2]}[0xf2][0xe3]H[0xed]+[0xb8][0xf4][0xf1][0xe0][0xa5][0xa6][0x16][0x9f][0xaf][0xf9][0x94][0x98][0x91]p[0x1b][0x85][0xbe][0xaa]x1[0xc1][0x8a][0x2][0x95]|[0x18][0xe6][0x88][0xb]\[0x82]:i[0xae][0xec]r[0xeb][0x0][0x3][0xc9][0x8e]h[0xd6][0xb9][0x91][0x1c]/dm).[0xdb]A[0x9d][0x18][0xb][0xe4][0x98][0xe2][0xc3][0xc0][0x91][0x96]m+n[0xc7][0xb7][0x16]u[0xb6][0xc1]ON[0x8a][0xc2]H[0xac]y[0x1a][0x16][0xfd][0x11][0xb2][0xd1])[0xf8]gB;I[0xa4][0x99]d[0xe6]W[0xe2][[0xda][0xe]&?[0x5]Ou[0x14][0xe3][0x8d][0xfa][0x9d][0xbe][0x9e]X[0xa6][0x9d]yL[0xed]{F[0xa8][0xee]V-[0xd6][0xdf].%@[0xa0][0x5]K[0xed]9[0x83]w|n[0xdc][0xc2][0x93]3[0xfa]|;[0xdf][0xce]e[0xa0][0x8f]e[0xa8][0xe3][0xfd][0xfd][0xca]1j[0xa9]q_[0x3][0xe7][0x85][0xb1][0xee]oW[0xed]#s1[0xbc]h[0xf0]U[0xc6][0xc3][0xad][0x9b]k[0xd8][0x8][0x96]i[0xd5]G[0xf2][0xeb][0xa6][0xce]G[0xce][0x82][0xc4]T[0xe8][0xae][0xc]z[0x8d][0x94][0x97][[0x93]Y[0xbe]t[0xde]`[0xaa][0xc8][0x1d][0x15][0x0][0x6]I[0xed]a[0xed]3jJ[0xb8][0xd7]:4b[0x81]/[0xe0]C[0x8e]X[0xdd][0xed]L.[0xc8][0xe9][0x90]Lcga[0x92]kuE[0xa9][0xe7][0xbd]-%][0xde][\n]"
09:53:49.406 [main] DEBUG org.apache.http.wire -- http-outgoing-0 << "[0xd1][0x0][0xb2]4H[0xd5][0x10][0x13][0xff]H[0xb2]CH[0x94]L[0xb6][0xfc]\6[0x88]D[0x19]`[0xaa][0xe8][0xa7] [0x90]K[0xfa][0x98]$#[0xb2][0x9f][0xf2][0x9b][0xbe][0x19][0xf2][0xb]ez[0xf]_==[0xbd][0x17][0x8][0xee][0xf6]5e[0xdd][0xcd][0x94]u[0xbf]{[0xd5].[0xe4]ZnE[0x98][0xf3]`L[0xda][0xe4]n[0x89]Y[0x9d];[0xe9]H[0xa8]m[0xbd][0xea][0x1b][0xfa]5S[0xc5][0xa4][0xad][0x1e]F[0x1][0xf1]W[0x15][0x7][0xdc]B[0xdf][0xa9][0xc9][0xfd]f[0x8a][0xa4][0xfa][0x9][0xc2][0xa1][0xac][0xc4][0xdc][0xf4][0x7][0x5][0xca]bi[0xab][0xe2][0x80][[0x8b][0xe8][0xe3]/[0xca]R[0xee]N:[3[0xc][0xc4]u`k[0xf8][0xae][0xcd]2u4[0xc3]h[0xaf][0xb][0xfc][0x8a][0xbd]n[0xfd]e[0x8e]<eS|[0x13][0x11][0xdf][0x84][0xf5]z[\r]Q[0x18][0x1f][0xe5][0x2]Ln5+[0xa5]6[0xe0][0x90][0x1]]dsI[0x92][0xc9][0xa0]n[0x9a]i[0x98][0xac]8[0x1f]2[0x80][0x87]y[0xf7]G[0xe9]4[0xca][0x85]G([0x1a]1s[0x94][0xaf][0xe4][0x12][0x1][0xe3]}][0xa0]D[0xb][0xdc][0x9b][0x1e][0xf1]MxwxX[0xc5][0x80]][0xa5]:[0xee][0x1f]V[0xec][0xf9]0wg[0xec][0xf7][0xaf][0xf3]?[0xbb]n.[0xd6][0xc6][0x86]\[0x9][0x9f]7[0xaf][0xf3][0xfc][0xbb][0x3]K[0xd7]U[0xe3][0x5][0xf5][0xf4][0xd2][0x1b][0x93][0xab][0xde][0x3]wR[0x99][0x81][0xe2]<[0xbe][0xe0][0x6][0x8][0x85][0xc6]5[0xfd][0x9c]aW[0xc2]sUQ[0x97][0xb5][0x94]>k[0x3][0xbd]2[0xf2]#:[0xe3][0xce][0xe8][0xf6][0x89]?OD[0x0][0x12][0xfc]5T#[\n]"
09:53:49.406 [main] DEBUG org.apache.http.wire -- http-outgoing-0 << "J[0x87]A4[0xa5][0x8e]ln*[0xe3][0xb9]sM[0x2][0xca][0x93][0x9e][0xa3][0xf2]0P[0x8b][0xce]6[0x84]0[0xe4][\n]"
09:53:49.406 [main] DEBUG org.apache.http.wire -- http-outgoing-0 << ",1[0x8d][0xab][0xf2][0xfc],id[0x89][0xe9][0x1b][0x82][0xe2]n[0xb7]bD[0xfb][0xdb]Z[0x13]~[0xac]R[0xf7][0xee]q[0x9][0xd1][0x87]Z[0x13][0xfe][0x14][0xa5][0x1b]air,[0xb2]k[0xe6]~[0xa5][0x12][0xc9][0xad]p[0xa5]}Q[0x8a][0xd0]|[0x8c][0xdc][0x3]Y+[0xc7][0xff]?+[0xaa]:[0xd1][0xd5][0xbb]v.[0xb4]h[0xf5][0x84][0x11]G[0xf5][0x17][0xfa]g[0xc4][0xd4]Q[0x7][0xce][0xc6]([0xe7]P;5B5#d[0x88]!C[0xfa]0[0xa5][0x1e]Zs[0x9a][0xeb]XZY[0xcf][0xb3][0xe6]D[0xbb]U[0x96][0xce]&[0x99][0x1];-5[0xc3]e[0x1f][0x99]4[0x95][0x12]-[0xa3][0x86]`X[0x8d]t[0xbc].[0xb8][0x90][0xab][0xaa][0xbe][0xe2][0xe1]P%[0x9f]U[0xf][0x92][0x82][0xcc]15[\r]U-+X[0xb2][0xac][0x7][0xf7][0xe8][\n]"
09:53:49.406 [main] DEBUG org.apache.http.wire -- http-outgoing-0 << "}[0xb9][0x18][0x11][0xc3][0x81]eGa5[0x81]{A[0x95]V[0x0][0xbe][0xd7][0xb9]`][0x9e]s[0xe2][0x96][0xd3][0xe6]Y[0xe4]Y[0xd4]:LCR[0x8c][0xcc]"
09:53:49.407 [main] DEBUG org.apache.http.wire -- http-outgoing-0 << "[0x87][0xd6][0xe5]f#G[0xbf]$[0xd5][0x99].]s[0xe7][0xa2][0x97][0xe5][0x1][0x8a][0xdf]j[0x14][0xf9][0x6]5[0xb8]X[0x95]$v[0xab]j[0xf0][0xa1][0xd2][0xb4][0xf7][0xb7]Ktx[0xa5][0xad][0x5][0xf2]I5[0xd6]pO_k"z@=[0xd8][0x91][0xbd][0xbe]F[0x8e][0x1f][0xc][0xdd][0xaa][0xf3][0x14][0xce][0x8][0xb9][0xa7]`[0xa8][0xb3][0xd7][0xd2][0x10][0x8][0xca][0xd5]L'[0x0][0x1d][0x91]0[0x8d][0x97][0xe2][0x10][0xfd][0x92][0xc2][0xd4]r[0xc6][0x1c][0xbd][0xbb][0xaa]3n[0x1f]7N[0xa0][0x98]db[0xaf][0xac][0xf9]y2[0xed][0x8d][0xfa][0xd3][0xe6]'[0x13][0xa4][0x88][0xf][0xe3][0xa0]y[0x7][0xca]%[0xb5][0xf6]Z[0xea][0x81][0xd2][0xe0][0x1a]&[0xf7][0xac]C[0xfb])[0x2][0xaa][0xbe]0}[0xd7]-[0xb3]J[0x82]`[0xde][0xa8][0xc6][0x84][0xd0][0xfb]h[0xe2][0xf6]O[0x1b]8[0x81][0xc1]5[0x1][0x2][0x18]H[0xbd][0x98][0x90]&?E[0xa4][0x8b][0x88]/[0x3]%[0xe9][0x9c][0x1c][0xae][0xea][0xcb][0xbf][0x83]#[0xb6]7[0xea][0xb][0xf6][0x19][0xa4][0xc7][0xf2][0x8b][0x1a][0xa7][0xdc]-Ey[0xfb][0xba][0x9]>[0xe6]z([0xba][0x8b][0xde]2jU[0xb1][0xf8][0x88][0x17]<>[0xbc][0xa7][0xb6]<[0xd5][0x91]e?W[0x9b][0xf6][0xc7]u[0xb5][0xa9][0xee][0xad]d[0x85]-[0xe8][0xd1][0xb4]\z[0xf1]A[0x9e][0xb6][0xaa]8}{[0xfc][0xa2]tZ[0x93][0x12][0xf7]NiQ^;[0x1f][0x1a][0xc9]uU[0x3]5[0xf7]Mx[0xae][0xe0]E_'[0x9]Ft[0xd2]*[0xe5]]7E[0x91][0xb4][0xa5][0xd6][0x10][0x9e][0x1][0xce][0xb7][0xec]"[0xa5][0x8b]7m[0xe7][0x1b]$[0xd4][0x9f][[0xd0][0xb7]R0[0xbe][0xf4]$[0xfd][0xeb]$%pA[0x8][0xac][0xa8]K2[0xbc]p[0x1a][0xb7][0x10][0xc][0xa6][0x91][0xff][0xe2]n[0x9a][0xdc].[0xce]-c[0xc6]e[0x99][0x95][0x1a][0xd3]f[0xea][0x7]L[0xaa]s[0x1b]P[0xae]Ur[0x17];J[0x1c]f[0x80]7'$[0xb4]-z[0xd2]31[0xd0]*N[0x90][0xd9]T[0xba][0x98][0x98][0xb6][0xea]/[0xfa]tb-[0x1e]g[0x11][0x1c][0xe0][0xa7][0xc4]#[0x6]T8"HE[0xdc]I}[0x8a]3d>#[0xac][0xa0][0x3]"[0xf3][0x1d][0x9c]g[0xc8][0xcd][0x8c][0xf1]<[0xc5]wX[0xc5]w7|[0xee][0xd6][0x95][0x91]:j[0xec][0xef][0xe][0xb5]o[0xdd][0xcd][0xcd]@[0xfb][0xfb]5[0xa6][0xc0]u"[0xc7]t@3=[0x93][0x13][0x8b][0xca]ML[0x16]$*6[0x1a][0x95][0xf9]W([0xe3]WM[0x9d]q[0x4][0xca][0x15][0x14][0xcd][0xdc][0xf8][0xca]9[0xa5][0xd0][0x8e][0x0]3[0xf1][0xb0][0x19][0xb5][0xcf]L[0xe3],U[0x94]OQ[0x5][0xca][0xdf][0xa1]S[0x4][0x1d]]2[0x9d][0x1][0x1e]s[0xca]XK[0x16][0x85]0[0x8][0xf6]$[0x1d][0x8d][0xec][0x8d][0xfb]t[0xa3][0xc0][0x7][0xd8][0x4][0xeb][0xff][0xce][0xf]*I[\[0xd9][0x9d]4[0xaf]dMI[0xf4]e[0xb8][0xa4][0xec][0xf][0xe9]E4@IZA\[0xb2]4[0xac][0xd6][0xc5]Y@[0xc8][0x1b][0xf5][0x93][0x7][\r][\r][0x94][0xc5][0x8f][0xb4]}u[0x8a][0x5][0xac]bS[0xef]X[0xe0]k[0x1]j)[0xe5]|[0xa4][0xfa][0xde][0xdd][0xdd][0xbd]W[0xf6][0xbe]}[0xa8]I[0xc9]qI1u[0xeb]X)m[0xc4]Dc[0xdd][0xdc][0xf2][0xa5][[0xfa][0xf4][0xd1][0xcb][0x8f][0x3][0xac]F[0xae]h9L[0x94]m[0x8d];C[0xa5][0xda][0xc9][0x90][0xc0][0xbf]H?[0xe0][0xfc][0x83][0x13][0xce][0x11][0xd2]( [0x18]`[0xd6]4[0xae][0xcb]4t[0x98][0x13]SJ,y[\n]"
09:53:49.407 [main] DEBUG org.apache.http.wire -- http-outgoing-0 << "[0x8c][0x1c][0xd7][0x9b]-M[0x88][0xab]m[0xcc][0xf0]A[0x8]l[0xee][0xda][0x9e][0x8d]|B[0xe3][0x8a][0xcd][0xed][0x16][0xaf][0xda][0x8c][0xde][0xaa][0x9d]}X[0xa2]9[0xac]S[0xc0][0xa1][0xfe][0xf9][0xc8]~W7[0xed][0x1d][0xe7][0xa3]\[0x11]BQn[0xd0]w[0xc8]~L*L[0xe8][0xf4]?[0x81][0xc5][0x1b][0x6][0xe5][0xcc]M[0xea]+[0xfa]kf[0xbd]j[0x8e]L>[0xff][0xaa][0x7][0xbd]X';A[0xc][0xf7][0xaf][0xba]QrG[0x89]SN[0xa7]Y'[0xe0]"X[0xcb][0xe2][0xe2][0xfc]7[0xe6][0xdf][0xa8][0xff][0x11]|[0xea];[0x18]KG&p[0xdc][0x18][0x84][0xaf]OP$)w[0xc9][0xcf]*<[0x94][0x99][0x98]I[0xc4][0x98][0xb3][0xb4][0x9][0xa3][0x9c]i[0xc5]W[0xd0][0xfe][0x1b]b[0xf2]~[0xbe][0xe7][0x98][0x99];[0xd7][0xa0]=p[0xc8][0x95][0xd7]^~[0xc2]4cGn[0xe][0xc7][0xaf]\ZQ.[0x88][0x1d]nB[0x17]x([0x99][0xec]x[0xfb]/[0x5][0xe3]I[0x93][0xe8]{[0x18][0xef]C[0x17][0xd8]?[0xed][0xde]kE:[0x1c][0xf]u[0xcd]e[0x96][0xf7][0xf7][0xaf][0xc4][0xc1][0x6][0xb5]a[0x4][0x8d][0xb2][0xb3][0xc6][0x7][0x87][0x82])[[0xc5],[0xdc]w[\r][0xf6][0xbe]{[0xda][,[0x19][0xb][0xb0][0x86]Wp~C[0x85][0x1f][0x97][0xae][0x95][0xd2][0xe6]U[0xac][0x13][0x8d][0x10][\r][0x3][0xbc]p[0xa3]~[0x84]6[0x80][0xae][0x0][0x8e][0xea]I[0x9e][0x14][\r][0x16]*S[0xab]z[0xb5]N[0xff][0xca][0x97]7[0x1f]x[0x90][[0xc][0x15][0x7][0x1a][0x9b][0x83][0xab][0xfe][0x91][0xea][0x82],[0xa7][0x13]w-r[0xce][0x18]([0xf2]&[0xcb][0xbb][0xf2][0xcb];[0xf9]F[0xcf][0xc9]{f[[0xd9][0xac][0x8a][0x98][0x87][0xaa]Cs[0xc6]m[0x87]U[0xef][0x18]W[0xb1][0xb4][0xb4]b[0x9d]=W[0x93][0xe1]^[0xd2]~[0xb1]j[0xb5][0xfd]h[0xa0][0xe0][0x11]dE[0xa9]2q[0x1e]2QZ.XT[0x1d][0x95][0xf3][0xbe][0xcd][\r][0x1b][0xc8]3Q[0xda]$[0xb9]i 7m[0xe7][0x1f]\[0x95][0xe][0xf0]q[0xdd][0xc5][0x82][0xd2]N[0xfe][0x99]L[0xf4]~U[|[\r]q[0x97]_P[0xbd][0x97]e[0xee][0x8f][0xef][0xf5][0xba][0x1f][0x8e][0xc7]Z[0xe7]xx[0xf8][0xfb][0x9f][0xb7][0x9b][0xe4][0x93][0xb6][0x80][0xbc][0xbb][0xed]&>[0x9b]q[0xf3][0xf9]v[0xbb]a[0xa9][0x98]'[0xff][0x1f][0xa6][0xc4][0x91][0xc1][0x1c]9[0x0][0x0][\r][\n]"
09:53:49.407 [main] DEBUG org.apache.http.impl.conn.DefaultManagedHttpClientConnection -- http-outgoing-0: Close connection
09:53:49.409 [main] DEBUG org.apache.http.impl.execchain.MainClientExec -- Connection discarded
09:53:49.410 [main] DEBUG org.apache.http.impl.conn.PoolingHttpClientConnectionManager -- Connection released: [id: 0][route: {s}->https://dummyjson.com:443][total available: 0; route allocated: 0 of 5; total allocated: 0 of 10]
09:53:49.410 [main] DEBUG org.apache.http.impl.conn.PoolingHttpClientConnectionManager -- Connection manager is shutting down
09:53:49.410 [main] DEBUG org.apache.http.impl.conn.PoolingHttpClientConnectionManager -- Connection manager shut down
09:53:49.430 [main] DEBUG com.intuit.karate -- response time in milliseconds: 571
1 < 200
1 < Access-Control-Allow-Origin: *
1 < Content-Type: application/json; charset=utf-8
1 < Date: Tue, 05 Aug 2025 02:53:49 GMT
1 < Etag: W/"391c-dLoE+T/B29hPpTRTGKGcgtyIfzw"
1 < Server: railway-edge
1 < Strict-Transport-Security: max-age=15552000; includeSubDomains
1 < Vary: Accept-Encoding
1 < X-Content-Type-Options: nosniff
1 < X-Dns-Prefetch-Control: off
1 < X-Download-Options: noopen
1 < X-Frame-Options: SAMEORIGIN
1 < X-Powered-By: Cats on Keyboards
1 < X-Railway-Edge: railway/asia-southeast1-eqsg3a
1 < X-Railway-Request-Id: dCu21MLpRQWvRgIYAQeqjw
1 < X-Ratelimit-Limit: 100
1 < X-Ratelimit-Remaining: 99
1 < X-Ratelimit-Reset: 1754362440
1 < X-Xss-Protection: 1; mode=block
1 < Transfer-Encoding: chunked
{
  "posts": [
    {
      "id": 1,
      "title": "His mother had always taught him",
      "body": "His mother had always taught him not to ever think of himself as better than others. He'd tried to live by this motto. He never looked down on those who were less fortunate or who had less money than him. But the stupidity of the group of people he was talking to made him change his mind.",
      "tags": [
        "history",
        "american",
        "crime"
      ],
      "reactions": {
        "likes": 192,
        "dislikes": 25
      },
      "views": 305,
      "userId": 121
    },
    {
      "id": 2,
      "title": "He was an expert but not in a discipline",
      "body": "He was an expert but not in a discipline that anyone could fully appreciate. He knew how to hold the cone just right so that the soft server ice-cream fell into it at the precise angle to form a perfect cone each and every time. It had taken years to perfect and he could now do it without even putting any thought behind it.",
      "tags": [
        "french",
        "fiction",
        "english"
      ],
      "reactions": {
        "likes": 859,
        "dislikes": 32
      },
      "views": 4884,
      "userId": 91
    },
    {
      "id": 3,
      "title": "Dave watched as the forest burned up on the hill.",
      "body": "Dave watched as the forest burned up on the hill, only a few miles from her house. The car had been hastily packed and Marta was inside trying to round up the last of the pets. Dave went through his mental list of the most important papers and documents that they couldn't leave behind. He scolded himself for not having prepared these better in advance and hoped that he had remembered everything that was needed. He continued to wait for Marta to appear with the pets, but she still was nowhere to be seen.",
      "tags": [
        "magical",
        "history",
        "french"
      ],
      "reactions": {
        "likes": 1448,
        "dislikes": 39
      },
      "views": 4152,
      "userId": 16
    },
    {
      "id": 4,
      "title": "All he wanted was a candy bar.",
      "body": "All he wanted was a candy bar. It didn't seem like a difficult request to comprehend, but the clerk remained frozen and didn't seem to want to honor the request. It might have had something to do with the gun pointed at his face.",
      "tags": [
        "mystery",
        "english",
        "american"
      ],
      "reactions": {
        "likes": 359,
        "dislikes": 18
      },
      "views": 4548,
      "userId": 47
    },
    {
      "id": 5,
      "title": "Hopes and dreams were dashed that day.",
      "body": "Hopes and dreams were dashed that day. It should have been expected, but it still came as a shock. The warning signs had been ignored in favor of the possibility, however remote, that it could actually happen. That possibility had grown from hope to an undeniable belief it must be destiny. That was until it wasn't and the hopes and dreams came crashing down.",
      "tags": [
        "crime",
        "mystery",
        "love"
      ],
      "reactions": {
        "likes": 119,
        "dislikes": 30
      },
      "views": 626,
      "userId": 131
    },
    {
      "id": 6,
      "title": "Dave wasn't exactly sure how he had ended up",
      "body": "Dave wasn't exactly sure how he had ended up in this predicament. He ran through all the events that had lead to this current situation and it still didn't make sense. He wanted to spend some time to try and make sense of it all, but he had higher priorities at the moment. The first was how to get out of his current situation of being naked in a tree with snow falling all around and no way for him to get down.",
      "tags": [
        "english",
        "classic",
        "american"
      ],
      "reactions": {
        "likes": 15,
        "dislikes": 8
      },
      "views": 38,
      "userId": 98
    },
    {
      "id": 7,
      "title": "This is important to remember.",
      "body": "This is important to remember. Love isn't like pie. You don't need to divide it among all your friends and loved ones. No matter how much love you give, you can always give more. It doesn't run out, so don't try to hold back giving it as if it may one day run out. Give it freely and as much as you want.",
      "tags": [
        "magical",
        "crime"
      ],
      "reactions": {
        "likes": 127,
        "dislikes": 26
      },
      "views": 168,
      "userId": 70
    },
    {
      "id": 8,
      "title": "One can cook on and with an open fire.",
      "body": "One can cook on and with an open fire. These are some of the ways to cook with fire outside. Cooking meat using a spit is a great way to evenly cook meat. In order to keep meat from burning, it's best to slowly rotate it.",
      "tags": [
        "american",
        "english"
      ],
      "reactions": {
        "likes": 1271,
        "dislikes": 36
      },
      "views": 2116,
      "userId": 67
    },
    {
      "id": 9,
      "title": "There are different types of secrets.",
      "body": "There are different types of secrets. She had held onto plenty of them during her life, but this one was different. She found herself holding onto the worst type. It was the type of secret that could gnaw away at your insides if you didn't tell someone about it, but it could end up getting you killed if you did.",
      "tags": [
        "american",
        "history",
        "magical"
      ],
      "reactions": {
        "likes": 703,
        "dislikes": 18
      },
      "views": 2235,
      "userId": 82
    },
    {
      "id": 10,
      "title": "They rushed out the door.",
      "body": "They rushed out the door, grabbing anything and everything they could think of they might need. There was no time to double-check to make sure they weren't leaving something important behind. Everything was thrown into the car and they sped off. Thirty minutes later they were safe and that was when it dawned on them that they had forgotten the most important thing of all.",
      "tags": [
        "fiction",
        "magical",
        "history"
      ],
      "reactions": {
        "likes": 455,
        "dislikes": 3
      },
      "views": 4504,
      "userId": 144
    },
    {
      "id": 11,
      "title": "It wasn't quite yet time to panic.",
      "body": "It wasn't quite yet time to panic. There was still time to salvage the situation. At least that is what she was telling himself. The reality was that it was time to panic and there wasn't time to salvage the situation, but he continued to delude himself into believing there was.",
      "tags": [
        "mystery",
        "american",
        "history"
      ],
      "reactions": {
        "likes": 453,
        "dislikes": 8
      },
      "views": 984,
      "userId": 43
    },
    {
      "id": 12,
      "title": "She was aware that things could go wrong.",
      "body": "She was aware that things could go wrong. In fact, she had trained her entire life in anticipation that things would go wrong one day. She had quiet confidence as she started to see that this was the day that all her training would be worthwhile and useful. At this point, she had no idea just how wrong everything would go that day.",
      "tags": [
        "love",
        "english"
      ],
      "reactions": {
        "likes": 362,
        "dislikes": 45
      },
      "views": 480,
      "userId": 82
    },
    {
      "id": 13,
      "title": "She wanted rainbow hair.",
      "body": "She wanted rainbow hair. That's what she told the hairdresser. It should be deep rainbow colors, too. She wasn't interested in pastel rainbow hair. She wanted it deep and vibrant so there was no doubt that she had done this on purpose.",
      "tags": [
        "mystery",
        "classic",
        "french"
      ],
      "reactions": {
        "likes": 268,
        "dislikes": 39
      },
      "views": 3038,
      "userId": 199
    },
    {
      "id": 14,
      "title": "The paper was blank.",
      "body": "The paper was blank. It shouldn't have been. There should have been writing on the paper, at least a paragraph if not more. The fact that the writing wasn't there was frustrating. Actually, it was even more than frustrating. It was downright distressing.",
      "tags": [
        "mystery",
        "english",
        "love"
      ],
      "reactions": {
        "likes": 118,
        "dislikes": 17
      },
      "views": 721,
      "userId": 140
    },
    {
      "id": 15,
      "title": "The trees, therefore, must be such old",
      "body": "The trees, therefore, must be such old and primitive techniques that they thought nothing of them, deeming them so inconsequential that even savages like us would know of them and not be suspicious. At that, they probably didn't have too much time after they detected us orbiting and intending to land. And if that were true, there could be only one place where their civilization was hidden.",
      "tags": [
        "fiction",
        "history",
        "crime"
      ],
      "reactions": {
        "likes": 951,
        "dislikes": 12
      },
      "views": 2911,
      "userId": 1
    },
    {
      "id": 16,
      "title": "There was only one way to do things in the Statton house.",
      "body": "There was only one way to do things in the Statton house. That one way was to do exactly what the father, Charlie, demanded. He made the decisions and everyone else followed without question. That was until today.",
      "tags": [
        "magical",
        "french",
        "american"
      ],
      "reactions": {
        "likes": 1257,
        "dislikes": 11
      },
      "views": 2019,
      "userId": 99
    },
    {
      "id": 17,
      "title": "She was in a hurry.",
      "body": "She was in a hurry. Not the standard hurry when you're in a rush to get someplace, but a frantic hurry. The type of hurry where a few seconds could mean life or death. She raced down the road ignoring speed limits and weaving between cars. She was only a few minutes away when traffic came to a dead standstill on the road ahead.",
      "tags": [
        "french",
        "magical",
        "english"
      ],
      "reactions": {
        "likes": 50,
        "dislikes": 31
      },
      "views": 511,
      "userId": 30
    },
    {
      "id": 18,
      "title": "She had a terrible habit o comparing her life to others",
      "body": "She had a terrible habit o comparing her life to others. She realized that their life experiences were completely different than her own and that she saw only what they wanted her to see, but that didn't matter. She still compared herself and yearned for what she thought they had and she didn't.",
      "tags": [
        "history",
        "french",
        "love"
      ],
      "reactions": {
        "likes": 277,
        "dislikes": 29
      },
      "views": 1127,
      "userId": 97
    },
    {
      "id": 19,
      "title": "The rain and wind abruptly stopped.",
      "body": "The rain and wind abruptly stopped, but the sky still had the gray swirls of storms in the distance. Dave knew this feeling all too well. The calm before the storm. He only had a limited amount of time before all Hell broke loose, but he stopped to admire the calmness. Maybe it would be different this time, he thought, with the knowledge deep within that it wouldn't.",
      "tags": [
        "fiction",
        "crime",
        "magical"
      ],
      "reactions": {
        "likes": 566,
        "dislikes": 2
      },
      "views": 2128,
      "userId": 143
    },
    {
      "id": 20,
      "title": "He couldn't remember exactly where he had read it",
      "body": "He couldn't remember exactly where he had read it, but he was sure that he had. The fact that she didn't believe him was quite frustrating as he began to search the Internet to find the article. It wasn't as if it was something that seemed impossible. Yet she insisted on always seeing the source whenever he stated a fact.",
      "tags": [
        "french",
        "classic"
      ],
      "reactions": {
        "likes": 999,
        "dislikes": 29
      },
      "views": 4280,
      "userId": 12
    },
    {
      "id": 21,
      "title": "He wandered down the stairs and into the basement",
      "body": "He wandered down the stairs and into the basement. The damp, musty smell of un-use hung in the air. A single, small window let in a glimmer of light, but this simply made the shadows in the basement deeper. He inhaled deeply and looked around at a mess that had been accumulating for over 25 years. He was positive that this was the place he wanted to live.",
      "tags": [
        "french",
        "american"
      ],
      "reactions": {
        "likes": 1376,
        "dislikes": 13
      },
      "views": 2738,
      "userId": 136
    },
    {
      "id": 22,
      "title": "She has seen this scene before.",
      "body": "She has seen this scene before. It had come to her in dreams many times before. She had to pinch herself to make sure it wasn't a dream again. As her fingers squeezed against her arm, she felt the pain. It was this pain that immediately woke her up.",
      "tags": [
        "classic",
        "love",
        "history"
      ],
      "reactions": {
        "likes": 1241,
        "dislikes": 20
      },
      "views": 4587,
      "userId": 183
    },
    {
      "id": 23,
      "title": "It's an unfortunate reality that we don't teach people how to make money",
      "body": "It's an unfortunate reality that we don't teach people how to make money (beyond getting a 9 to 5 job) as part of our education system. The truth is there are a lot of different, legitimate ways to make money. That doesn't mean they are easy and that you won't have to work hard to succeed, but it does mean that if you're willing to open your mind a bit you don't have to be stuck in an office from 9 to 5 for the next fifty years o your life.",
      "tags": [
        "crime",
        "english"
      ],
      "reactions": {
        "likes": 675,
        "dislikes": 16
      },
      "views": 1634,
      "userId": 206
    },
    {
      "id": 24,
      "title": "The robot clicked disapprovingly.",
      "body": "The robot clicked disapprovingly, gurgled briefly inside its cubical interior and extruded a pony glass of brownish liquid. \"Sir, you will undoubtedly end up in a drunkard's grave, dead of hepatic cirrhosis,\" it informed me virtuously as it returned my ID card. I glared as I pushed the glass across the table.",
      "tags": [
        "crime",
        "american",
        "love"
      ],
      "reactions": {
        "likes": 87,
        "dislikes": 12
      },
      "views": 97,
      "userId": 124
    },
    {
      "id": 25,
      "title": "It went through such rapid contortions",
      "body": "It went through such rapid contortions that the little bear was forced to change his hold on it so many times he became confused in the darkness, and could not, for the life of him, tell whether he held the sheep right side up, or upside down. But that point was decided for him a moment later by the animal itself, who, with a sudden twist, jabbed its horns so hard into his lowest ribs that he gave a grunt of anger and disgust.",
      "tags": [
        "fiction",
        "history",
        "french"
      ],
      "reactions": {
        "likes": 1162,
        "dislikes": 16
      },
      "views": 2437,
      "userId": 148
    },
    {
      "id": 26,
      "title": "She patiently waited for his number to be called.",
      "body": "She patiently waited for his number to be called. She had no desire to be there, but her mom had insisted that she go. She's resisted at first, but over time she realized it was simply easier to appease her and go. Mom tended to be that way. She would keep insisting until you wore down and did what she wanted. So, here she sat, patiently waiting for her number to be called.",
      "tags": [
        "french",
        "mystery",
        "crime"
      ],
      "reactions": {
        "likes": 444,
        "dislikes": 3
      },
      "views": 4070,
      "userId": 156
    },
    {
      "id": 27,
      "title": "Ten more steps.",
      "body": "If he could take ten more steps it would be over, but his legs wouldn't move. He tried to will them to work, but they wouldn't listen to his brain. Ten more steps and it would be over but it didn't appear he would be able to do it.",
      "tags": [
        "mystery",
        "classic",
        "love"
      ],
      "reactions": {
        "likes": 1387,
        "dislikes": 35
      },
      "views": 3218,
      "userId": 95
    },
    {
      "id": 28,
      "title": "He had three simple rules by which he lived.",
      "body": "He had three simple rules by which he lived. The first was to never eat blue food. There was nothing in nature that was edible that was blue. People often asked about blueberries, but everyone knows those are actually purple. He understood it was one of the stranger rules to live by, but it had served him well thus far in the 50+ years of his life.",
      "tags": [
        "crime",
        "love"
      ],
      "reactions": {
        "likes": 1291,
        "dislikes": 18
      },
      "views": 3531,
      "userId": 19
    },
    {
      "id": 29,
      "title": "The chair sat in the corner where it had been",
      "body": "The chair sat in the corner where it had been for over 25 years. The only difference was there was someone actually sitting in it. How long had it been since someone had done that? Ten years or more he imagined. Yet there was no denying the presence in the chair now.",
      "tags": [
        "mystery",
        "american"
      ],
      "reactions": {
        "likes": 1,
        "dislikes": 1
      },
      "views": 43,
      "userId": 74
    },
    {
      "id": 30,
      "title": "Things aren't going well at all",
      "body": "Things aren't going well at all with mom today. She is just a limp noodle and wants to sleep all the time. I sure hope that things get better soon.",
      "tags": [
        "american",
        "love",
        "fiction"
      ],
      "reactions": {
        "likes": 465,
        "dislikes": 30
      },
      "views": 3558,
      "userId": 177
    }
  ],
  "total": 251,
  "skip": 0,
  "limit": 30
}


09:53:49.466 [main] DEBUG com.jayway.jsonpath.internal.path.CompiledPath -- Evaluating path: $['posts']
09:53:49.474 [main] DEBUG com.jayway.jsonpath.internal.path.CompiledPath -- Evaluating path: $['total']
09:53:49.482 [main] DEBUG com.jayway.jsonpath.internal.path.CompiledPath -- Evaluating path: $['posts'][0]['id']
09:53:49.485 [main] INFO com.intuit.karate -- [print] {
  "posts": [
    {
      "id": 1,
      "title": "His mother had always taught him",
      "body": "His mother had always taught him not to ever think of himself as better than others. He'd tried to live by this motto. He never looked down on those who were less fortunate or who had less money than him. But the stupidity of the group of people he was talking to made him change his mind.",
      "tags": [
        "history",
        "american",
        "crime"
      ],
      "reactions": {
        "likes": 192,
        "dislikes": 25
      },
      "views": 305,
      "userId": 121
    },
    {
      "id": 2,
      "title": "He was an expert but not in a discipline",
      "body": "He was an expert but not in a discipline that anyone could fully appreciate. He knew how to hold the cone just right so that the soft server ice-cream fell into it at the precise angle to form a perfect cone each and every time. It had taken years to perfect and he could now do it without even putting any thought behind it.",
      "tags": [
        "french",
        "fiction",
        "english"
      ],
      "reactions": {
        "likes": 859,
        "dislikes": 32
      },
      "views": 4884,
      "userId": 91
    },
    {
      "id": 3,
      "title": "Dave watched as the forest burned up on the hill.",
      "body": "Dave watched as the forest burned up on the hill, only a few miles from her house. The car had been hastily packed and Marta was inside trying to round up the last of the pets. Dave went through his mental list of the most important papers and documents that they couldn't leave behind. He scolded himself for not having prepared these better in advance and hoped that he had remembered everything that was needed. He continued to wait for Marta to appear with the pets, but she still was nowhere to be seen.",
      "tags": [
        "magical",
        "history",
        "french"
      ],
      "reactions": {
        "likes": 1448,
        "dislikes": 39
      },
      "views": 4152,
      "userId": 16
    },
    {
      "id": 4,
      "title": "All he wanted was a candy bar.",
      "body": "All he wanted was a candy bar. It didn't seem like a difficult request to comprehend, but the clerk remained frozen and didn't seem to want to honor the request. It might have had something to do with the gun pointed at his face.",
      "tags": [
        "mystery",
        "english",
        "american"
      ],
      "reactions": {
        "likes": 359,
        "dislikes": 18
      },
      "views": 4548,
      "userId": 47
    },
    {
      "id": 5,
      "title": "Hopes and dreams were dashed that day.",
      "body": "Hopes and dreams were dashed that day. It should have been expected, but it still came as a shock. The warning signs had been ignored in favor of the possibility, however remote, that it could actually happen. That possibility had grown from hope to an undeniable belief it must be destiny. That was until it wasn't and the hopes and dreams came crashing down.",
      "tags": [
        "crime",
        "mystery",
        "love"
      ],
      "reactions": {
        "likes": 119,
        "dislikes": 30
      },
      "views": 626,
      "userId": 131
    },
    {
      "id": 6,
      "title": "Dave wasn't exactly sure how he had ended up",
      "body": "Dave wasn't exactly sure how he had ended up in this predicament. He ran through all the events that had lead to this current situation and it still didn't make sense. He wanted to spend some time to try and make sense of it all, but he had higher priorities at the moment. The first was how to get out of his current situation of being naked in a tree with snow falling all around and no way for him to get down.",
      "tags": [
        "english",
        "classic",
        "american"
      ],
      "reactions": {
        "likes": 15,
        "dislikes": 8
      },
      "views": 38,
      "userId": 98
    },
    {
      "id": 7,
      "title": "This is important to remember.",
      "body": "This is important to remember. Love isn't like pie. You don't need to divide it among all your friends and loved ones. No matter how much love you give, you can always give more. It doesn't run out, so don't try to hold back giving it as if it may one day run out. Give it freely and as much as you want.",
      "tags": [
        "magical",
        "crime"
      ],
      "reactions": {
        "likes": 127,
        "dislikes": 26
      },
      "views": 168,
      "userId": 70
    },
    {
      "id": 8,
      "title": "One can cook on and with an open fire.",
      "body": "One can cook on and with an open fire. These are some of the ways to cook with fire outside. Cooking meat using a spit is a great way to evenly cook meat. In order to keep meat from burning, it's best to slowly rotate it.",
      "tags": [
        "american",
        "english"
      ],
      "reactions": {
        "likes": 1271,
        "dislikes": 36
      },
      "views": 2116,
      "userId": 67
    },
    {
      "id": 9,
      "title": "There are different types of secrets.",
      "body": "There are different types of secrets. She had held onto plenty of them during her life, but this one was different. She found herself holding onto the worst type. It was the type of secret that could gnaw away at your insides if you didn't tell someone about it, but it could end up getting you killed if you did.",
      "tags": [
        "american",
        "history",
        "magical"
      ],
      "reactions": {
        "likes": 703,
        "dislikes": 18
      },
      "views": 2235,
      "userId": 82
    },
    {
      "id": 10,
      "title": "They rushed out the door.",
      "body": "They rushed out the door, grabbing anything and everything they could think of they might need. There was no time to double-check to make sure they weren't leaving something important behind. Everything was thrown into the car and they sped off. Thirty minutes later they were safe and that was when it dawned on them that they had forgotten the most important thing of all.",
      "tags": [
        "fiction",
        "magical",
        "history"
      ],
      "reactions": {
        "likes": 455,
        "dislikes": 3
      },
      "views": 4504,
      "userId": 144
    },
    {
      "id": 11,
      "title": "It wasn't quite yet time to panic.",
      "body": "It wasn't quite yet time to panic. There was still time to salvage the situation. At least that is what she was telling himself. The reality was that it was time to panic and there wasn't time to salvage the situation, but he continued to delude himself into believing there was.",
      "tags": [
        "mystery",
        "american",
        "history"
      ],
      "reactions": {
        "likes": 453,
        "dislikes": 8
      },
      "views": 984,
      "userId": 43
    },
    {
      "id": 12,
      "title": "She was aware that things could go wrong.",
      "body": "She was aware that things could go wrong. In fact, she had trained her entire life in anticipation that things would go wrong one day. She had quiet confidence as she started to see that this was the day that all her training would be worthwhile and useful. At this point, she had no idea just how wrong everything would go that day.",
      "tags": [
        "love",
        "english"
      ],
      "reactions": {
        "likes": 362,
        "dislikes": 45
      },
      "views": 480,
      "userId": 82
    },
    {
      "id": 13,
      "title": "She wanted rainbow hair.",
      "body": "She wanted rainbow hair. That's what she told the hairdresser. It should be deep rainbow colors, too. She wasn't interested in pastel rainbow hair. She wanted it deep and vibrant so there was no doubt that she had done this on purpose.",
      "tags": [
        "mystery",
        "classic",
        "french"
      ],
      "reactions": {
        "likes": 268,
        "dislikes": 39
      },
      "views": 3038,
      "userId": 199
    },
    {
      "id": 14,
      "title": "The paper was blank.",
      "body": "The paper was blank. It shouldn't have been. There should have been writing on the paper, at least a paragraph if not more. The fact that the writing wasn't there was frustrating. Actually, it was even more than frustrating. It was downright distressing.",
      "tags": [
        "mystery",
        "english",
        "love"
      ],
      "reactions": {
        "likes": 118,
        "dislikes": 17
      },
      "views": 721,
      "userId": 140
    },
    {
      "id": 15,
      "title": "The trees, therefore, must be such old",
      "body": "The trees, therefore, must be such old and primitive techniques that they thought nothing of them, deeming them so inconsequential that even savages like us would know of them and not be suspicious. At that, they probably didn't have too much time after they detected us orbiting and intending to land. And if that were true, there could be only one place where their civilization was hidden.",
      "tags": [
        "fiction",
        "history",
        "crime"
      ],
      "reactions": {
        "likes": 951,
        "dislikes": 12
      },
      "views": 2911,
      "userId": 1
    },
    {
      "id": 16,
      "title": "There was only one way to do things in the Statton house.",
      "body": "There was only one way to do things in the Statton house. That one way was to do exactly what the father, Charlie, demanded. He made the decisions and everyone else followed without question. That was until today.",
      "tags": [
        "magical",
        "french",
        "american"
      ],
      "reactions": {
        "likes": 1257,
        "dislikes": 11
      },
      "views": 2019,
      "userId": 99
    },
    {
      "id": 17,
      "title": "She was in a hurry.",
      "body": "She was in a hurry. Not the standard hurry when you're in a rush to get someplace, but a frantic hurry. The type of hurry where a few seconds could mean life or death. She raced down the road ignoring speed limits and weaving between cars. She was only a few minutes away when traffic came to a dead standstill on the road ahead.",
      "tags": [
        "french",
        "magical",
        "english"
      ],
      "reactions": {
        "likes": 50,
        "dislikes": 31
      },
      "views": 511,
      "userId": 30
    },
    {
      "id": 18,
      "title": "She had a terrible habit o comparing her life to others",
      "body": "She had a terrible habit o comparing her life to others. She realized that their life experiences were completely different than her own and that she saw only what they wanted her to see, but that didn't matter. She still compared herself and yearned for what she thought they had and she didn't.",
      "tags": [
        "history",
        "french",
        "love"
      ],
      "reactions": {
        "likes": 277,
        "dislikes": 29
      },
      "views": 1127,
      "userId": 97
    },
    {
      "id": 19,
      "title": "The rain and wind abruptly stopped.",
      "body": "The rain and wind abruptly stopped, but the sky still had the gray swirls of storms in the distance. Dave knew this feeling all too well. The calm before the storm. He only had a limited amount of time before all Hell broke loose, but he stopped to admire the calmness. Maybe it would be different this time, he thought, with the knowledge deep within that it wouldn't.",
      "tags": [
        "fiction",
        "crime",
        "magical"
      ],
      "reactions": {
        "likes": 566,
        "dislikes": 2
      },
      "views": 2128,
      "userId": 143
    },
    {
      "id": 20,
      "title": "He couldn't remember exactly where he had read it",
      "body": "He couldn't remember exactly where he had read it, but he was sure that he had. The fact that she didn't believe him was quite frustrating as he began to search the Internet to find the article. It wasn't as if it was something that seemed impossible. Yet she insisted on always seeing the source whenever he stated a fact.",
      "tags": [
        "french",
        "classic"
      ],
      "reactions": {
        "likes": 999,
        "dislikes": 29
      },
      "views": 4280,
      "userId": 12
    },
    {
      "id": 21,
      "title": "He wandered down the stairs and into the basement",
      "body": "He wandered down the stairs and into the basement. The damp, musty smell of un-use hung in the air. A single, small window let in a glimmer of light, but this simply made the shadows in the basement deeper. He inhaled deeply and looked around at a mess that had been accumulating for over 25 years. He was positive that this was the place he wanted to live.",
      "tags": [
        "french",
        "american"
      ],
      "reactions": {
        "likes": 1376,
        "dislikes": 13
      },
      "views": 2738,
      "userId": 136
    },
    {
      "id": 22,
      "title": "She has seen this scene before.",
      "body": "She has seen this scene before. It had come to her in dreams many times before. She had to pinch herself to make sure it wasn't a dream again. As her fingers squeezed against her arm, she felt the pain. It was this pain that immediately woke her up.",
      "tags": [
        "classic",
        "love",
        "history"
      ],
      "reactions": {
        "likes": 1241,
        "dislikes": 20
      },
      "views": 4587,
      "userId": 183
    },
    {
      "id": 23,
      "title": "It's an unfortunate reality that we don't teach people how to make money",
      "body": "It's an unfortunate reality that we don't teach people how to make money (beyond getting a 9 to 5 job) as part of our education system. The truth is there are a lot of different, legitimate ways to make money. That doesn't mean they are easy and that you won't have to work hard to succeed, but it does mean that if you're willing to open your mind a bit you don't have to be stuck in an office from 9 to 5 for the next fifty years o your life.",
      "tags": [
        "crime",
        "english"
      ],
      "reactions": {
        "likes": 675,
        "dislikes": 16
      },
      "views": 1634,
      "userId": 206
    },
    {
      "id": 24,
      "title": "The robot clicked disapprovingly.",
      "body": "The robot clicked disapprovingly, gurgled briefly inside its cubical interior and extruded a pony glass of brownish liquid. \"Sir, you will undoubtedly end up in a drunkard's grave, dead of hepatic cirrhosis,\" it informed me virtuously as it returned my ID card. I glared as I pushed the glass across the table.",
      "tags": [
        "crime",
        "american",
        "love"
      ],
      "reactions": {
        "likes": 87,
        "dislikes": 12
      },
      "views": 97,
      "userId": 124
    },
    {
      "id": 25,
      "title": "It went through such rapid contortions",
      "body": "It went through such rapid contortions that the little bear was forced to change his hold on it so many times he became confused in the darkness, and could not, for the life of him, tell whether he held the sheep right side up, or upside down. But that point was decided for him a moment later by the animal itself, who, with a sudden twist, jabbed its horns so hard into his lowest ribs that he gave a grunt of anger and disgust.",
      "tags": [
        "fiction",
        "history",
        "french"
      ],
      "reactions": {
        "likes": 1162,
        "dislikes": 16
      },
      "views": 2437,
      "userId": 148
    },
    {
      "id": 26,
      "title": "She patiently waited for his number to be called.",
      "body": "She patiently waited for his number to be called. She had no desire to be there, but her mom had insisted that she go. She's resisted at first, but over time she realized it was simply easier to appease her and go. Mom tended to be that way. She would keep insisting until you wore down and did what she wanted. So, here she sat, patiently waiting for her number to be called.",
      "tags": [
        "french",
        "mystery",
        "crime"
      ],
      "reactions": {
        "likes": 444,
        "dislikes": 3
      },
      "views": 4070,
      "userId": 156
    },
    {
      "id": 27,
      "title": "Ten more steps.",
      "body": "If he could take ten more steps it would be over, but his legs wouldn't move. He tried to will them to work, but they wouldn't listen to his brain. Ten more steps and it would be over but it didn't appear he would be able to do it.",
      "tags": [
        "mystery",
        "classic",
        "love"
      ],
      "reactions": {
        "likes": 1387,
        "dislikes": 35
      },
      "views": 3218,
      "userId": 95
    },
    {
      "id": 28,
      "title": "He had three simple rules by which he lived.",
      "body": "He had three simple rules by which he lived. The first was to never eat blue food. There was nothing in nature that was edible that was blue. People often asked about blueberries, but everyone knows those are actually purple. He understood it was one of the stranger rules to live by, but it had served him well thus far in the 50+ years of his life.",
      "tags": [
        "crime",
        "love"
      ],
      "reactions": {
        "likes": 1291,
        "dislikes": 18
      },
      "views": 3531,
      "userId": 19
    },
    {
      "id": 29,
      "title": "The chair sat in the corner where it had been",
      "body": "The chair sat in the corner where it had been for over 25 years. The only difference was there was someone actually sitting in it. How long had it been since someone had done that? Ten years or more he imagined. Yet there was no denying the presence in the chair now.",
      "tags": [
        "mystery",
        "american"
      ],
      "reactions": {
        "likes": 1,
        "dislikes": 1
      },
      "views": 43,
      "userId": 74
    },
    {
      "id": 30,
      "title": "Things aren't going well at all",
      "body": "Things aren't going well at all with mom today. She is just a limp noodle and wants to sleep all the time. I sure hope that things get better soon.",
      "tags": [
        "american",
        "love",
        "fiction"
      ],
      "reactions": {
        "likes": 465,
        "dislikes": 30
      },
      "views": 3558,
      "userId": 177
    }
  ],
  "total": 251,
  "skip": 0,
  "limit": 30
}
 
]]></system-out>
  </testcase>
  <testcase name="[2:17] Get Single Post by ID" classname="dummyjson/Posts" time="0.097">
    <system-out><![CDATA[09:53:49.506 [main] DEBUG org.apache.http.client.protocol.RequestAddCookies -- CookieSpec selected: karate
09:53:49.506 [main] DEBUG org.apache.http.client.protocol.RequestAuthCache -- Auth cache not set in the context
09:53:49.506 [main] DEBUG com.intuit.karate -- request:
1 > GET https://dummyjson.com/posts/1
1 > Host: dummyjson.com
1 > Connection: Keep-Alive
1 > User-Agent: Apache-HttpClient/4.5.14 (Java/21.0.8)
1 > Accept-Encoding: gzip,deflate


09:53:49.506 [main] DEBUG org.apache.http.impl.conn.PoolingHttpClientConnectionManager -- Connection request: [route: {s}->https://dummyjson.com:443][total available: 0; route allocated: 0 of 5; total allocated: 0 of 10]
09:53:49.506 [main] DEBUG org.apache.http.impl.conn.PoolingHttpClientConnectionManager -- Connection leased: [id: 1][route: {s}->https://dummyjson.com:443][total available: 0; route allocated: 1 of 5; total allocated: 1 of 10]
09:53:49.506 [main] DEBUG org.apache.http.impl.execchain.MainClientExec -- Opening connection {s}->https://dummyjson.com:443
09:53:49.506 [main] DEBUG org.apache.http.impl.conn.DefaultHttpClientConnectionOperator -- Connecting to dummyjson.com/66.33.22.3:443
09:53:49.507 [main] DEBUG org.apache.http.conn.ssl.SSLConnectionSocketFactory -- Connecting socket to dummyjson.com/66.33.22.3:443 with timeout 30000
09:53:49.529 [main] DEBUG org.apache.http.conn.ssl.SSLConnectionSocketFactory -- Enabled protocols: [TLSv1.3, TLSv1.2]
09:53:49.529 [main] DEBUG org.apache.http.conn.ssl.SSLConnectionSocketFactory -- Enabled cipher suites:[TLS_AES_256_GCM_SHA384, TLS_AES_128_GCM_SHA256, TLS_CHACHA20_POLY1305_SHA256, TLS_ECDHE_ECDSA_WITH_AES_256_GCM_SHA384, TLS_ECDHE_ECDSA_WITH_AES_128_GCM_SHA256, TLS_ECDHE_ECDSA_WITH_CHACHA20_POLY1305_SHA256, TLS_ECDHE_RSA_WITH_AES_256_GCM_SHA384, TLS_ECDHE_RSA_WITH_CHACHA20_POLY1305_SHA256, TLS_ECDHE_RSA_WITH_AES_128_GCM_SHA256, TLS_DHE_RSA_WITH_AES_256_GCM_SHA384, TLS_DHE_RSA_WITH_CHACHA20_POLY1305_SHA256, TLS_DHE_DSS_WITH_AES_256_GCM_SHA384, TLS_DHE_RSA_WITH_AES_128_GCM_SHA256, TLS_DHE_DSS_WITH_AES_128_GCM_SHA256, TLS_ECDHE_ECDSA_WITH_AES_256_CBC_SHA384, TLS_ECDHE_RSA_WITH_AES_256_CBC_SHA384, TLS_ECDHE_ECDSA_WITH_AES_128_CBC_SHA256, TLS_ECDHE_RSA_WITH_AES_128_CBC_SHA256, TLS_DHE_RSA_WITH_AES_256_CBC_SHA256, TLS_DHE_DSS_WITH_AES_256_CBC_SHA256, TLS_DHE_RSA_WITH_AES_128_CBC_SHA256, TLS_DHE_DSS_WITH_AES_128_CBC_SHA256, TLS_ECDHE_ECDSA_WITH_AES_256_CBC_SHA, TLS_ECDHE_RSA_WITH_AES_256_CBC_SHA, TLS_ECDHE_ECDSA_WITH_AES_128_CBC_SHA, TLS_ECDHE_RSA_WITH_AES_128_CBC_SHA, TLS_DHE_RSA_WITH_AES_256_CBC_SHA, TLS_DHE_DSS_WITH_AES_256_CBC_SHA, TLS_DHE_RSA_WITH_AES_128_CBC_SHA, TLS_DHE_DSS_WITH_AES_128_CBC_SHA, TLS_RSA_WITH_AES_256_GCM_SHA384, TLS_RSA_WITH_AES_128_GCM_SHA256, TLS_RSA_WITH_AES_256_CBC_SHA256, TLS_RSA_WITH_AES_128_CBC_SHA256, TLS_RSA_WITH_AES_256_CBC_SHA, TLS_RSA_WITH_AES_128_CBC_SHA, TLS_EMPTY_RENEGOTIATION_INFO_SCSV]
09:53:49.529 [main] DEBUG org.apache.http.conn.ssl.SSLConnectionSocketFactory -- Starting handshake
09:53:49.558 [main] DEBUG org.apache.http.conn.ssl.SSLConnectionSocketFactory -- Secure session established
09:53:49.558 [main] DEBUG org.apache.http.conn.ssl.SSLConnectionSocketFactory --  negotiated protocol: TLSv1.3
09:53:49.558 [main] DEBUG org.apache.http.conn.ssl.SSLConnectionSocketFactory --  negotiated cipher suite: TLS_AES_128_GCM_SHA256
09:53:49.558 [main] DEBUG org.apache.http.conn.ssl.SSLConnectionSocketFactory --  peer principal: CN=dummyjson.com
09:53:49.558 [main] DEBUG org.apache.http.conn.ssl.SSLConnectionSocketFactory --  peer alternative names: [dummyjson.com]
09:53:49.558 [main] DEBUG org.apache.http.conn.ssl.SSLConnectionSocketFactory --  issuer principal: CN=R11, O=Let's Encrypt, C=US
09:53:49.558 [main] DEBUG org.apache.http.impl.conn.DefaultHttpClientConnectionOperator -- Connection established 192.168.1.4:62497<->66.33.22.3:443
09:53:49.559 [main] DEBUG org.apache.http.impl.conn.DefaultManagedHttpClientConnection -- http-outgoing-1: set socket timeout to 30000
09:53:49.559 [main] DEBUG org.apache.http.impl.execchain.MainClientExec -- Executing request GET /posts/1 HTTP/1.1
09:53:49.559 [main] DEBUG org.apache.http.impl.execchain.MainClientExec -- Target auth state: UNCHALLENGED
09:53:49.559 [main] DEBUG org.apache.http.impl.execchain.MainClientExec -- Proxy auth state: UNCHALLENGED
09:53:49.559 [main] DEBUG org.apache.http.headers -- http-outgoing-1 >> GET /posts/1 HTTP/1.1
09:53:49.559 [main] DEBUG org.apache.http.headers -- http-outgoing-1 >> Host: dummyjson.com
09:53:49.559 [main] DEBUG org.apache.http.headers -- http-outgoing-1 >> Connection: Keep-Alive
09:53:49.559 [main] DEBUG org.apache.http.headers -- http-outgoing-1 >> User-Agent: Apache-HttpClient/4.5.14 (Java/21.0.8)
09:53:49.559 [main] DEBUG org.apache.http.headers -- http-outgoing-1 >> Accept-Encoding: gzip,deflate
09:53:49.559 [main] DEBUG org.apache.http.wire -- http-outgoing-1 >> "GET /posts/1 HTTP/1.1[\r][\n]"
09:53:49.559 [main] DEBUG org.apache.http.wire -- http-outgoing-1 >> "Host: dummyjson.com[\r][\n]"
09:53:49.559 [main] DEBUG org.apache.http.wire -- http-outgoing-1 >> "Connection: Keep-Alive[\r][\n]"
09:53:49.559 [main] DEBUG org.apache.http.wire -- http-outgoing-1 >> "User-Agent: Apache-HttpClient/4.5.14 (Java/21.0.8)[\r][\n]"
09:53:49.559 [main] DEBUG org.apache.http.wire -- http-outgoing-1 >> "Accept-Encoding: gzip,deflate[\r][\n]"
09:53:49.559 [main] DEBUG org.apache.http.wire -- http-outgoing-1 >> "[\r][\n]"
09:53:49.580 [main] DEBUG org.apache.http.wire -- http-outgoing-1 << "HTTP/1.1 200 OK[\r][\n]"
09:53:49.580 [main] DEBUG org.apache.http.wire -- http-outgoing-1 << "Access-Control-Allow-Origin: *[\r][\n]"
09:53:49.580 [main] DEBUG org.apache.http.wire -- http-outgoing-1 << "Content-Length: 453[\r][\n]"
09:53:49.580 [main] DEBUG org.apache.http.wire -- http-outgoing-1 << "Content-Type: application/json; charset=utf-8[\r][\n]"
09:53:49.580 [main] DEBUG org.apache.http.wire -- http-outgoing-1 << "Date: Tue, 05 Aug 2025 02:53:49 GMT[\r][\n]"
09:53:49.581 [main] DEBUG org.apache.http.wire -- http-outgoing-1 << "Etag: W/"1c5-HOjJyPXFuJStMSX7RB8h5QIDDRY"[\r][\n]"
09:53:49.581 [main] DEBUG org.apache.http.wire -- http-outgoing-1 << "Server: railway-edge[\r][\n]"
09:53:49.581 [main] DEBUG org.apache.http.wire -- http-outgoing-1 << "Strict-Transport-Security: max-age=15552000; includeSubDomains[\r][\n]"
09:53:49.581 [main] DEBUG org.apache.http.wire -- http-outgoing-1 << "Vary: Accept-Encoding[\r][\n]"
09:53:49.581 [main] DEBUG org.apache.http.wire -- http-outgoing-1 << "X-Content-Type-Options: nosniff[\r][\n]"
09:53:49.581 [main] DEBUG org.apache.http.wire -- http-outgoing-1 << "X-Dns-Prefetch-Control: off[\r][\n]"
09:53:49.581 [main] DEBUG org.apache.http.wire -- http-outgoing-1 << "X-Download-Options: noopen[\r][\n]"
09:53:49.581 [main] DEBUG org.apache.http.wire -- http-outgoing-1 << "X-Frame-Options: SAMEORIGIN[\r][\n]"
09:53:49.581 [main] DEBUG org.apache.http.wire -- http-outgoing-1 << "X-Powered-By: Cats on Keyboards[\r][\n]"
09:53:49.581 [main] DEBUG org.apache.http.wire -- http-outgoing-1 << "X-Railway-Edge: railway/asia-southeast1-eqsg3a[\r][\n]"
09:53:49.581 [main] DEBUG org.apache.http.wire -- http-outgoing-1 << "X-Railway-Request-Id: TlxsJhlsRWW97V17acI7Nw[\r][\n]"
09:53:49.581 [main] DEBUG org.apache.http.wire -- http-outgoing-1 << "X-Ratelimit-Limit: 100[\r][\n]"
09:53:49.581 [main] DEBUG org.apache.http.wire -- http-outgoing-1 << "X-Ratelimit-Remaining: 99[\r][\n]"
09:53:49.581 [main] DEBUG org.apache.http.wire -- http-outgoing-1 << "X-Ratelimit-Reset: 1754362437[\r][\n]"
09:53:49.581 [main] DEBUG org.apache.http.wire -- http-outgoing-1 << "X-Xss-Protection: 1; mode=block[\r][\n]"
09:53:49.581 [main] DEBUG org.apache.http.wire -- http-outgoing-1 << "[\r][\n]"
09:53:49.581 [main] DEBUG org.apache.http.wire -- http-outgoing-1 << "{"id":1,"title":"His mother had always taught him","body":"His mother had always taught him not to ever think of himself as better than others. He'd tried to live by this motto. He never looked down on those who were less fortunate or who had less money than him. But the stupidity of the group of people he was talking to made him change his mind.","tags":["history","american","crime"],"reactions":{"likes":192,"dislikes":25},"views":305,"userId":121}"
09:53:49.581 [main] DEBUG org.apache.http.headers -- http-outgoing-1 << HTTP/1.1 200 OK
09:53:49.581 [main] DEBUG org.apache.http.headers -- http-outgoing-1 << Access-Control-Allow-Origin: *
09:53:49.581 [main] DEBUG org.apache.http.headers -- http-outgoing-1 << Content-Length: 453
09:53:49.581 [main] DEBUG org.apache.http.headers -- http-outgoing-1 << Content-Type: application/json; charset=utf-8
09:53:49.581 [main] DEBUG org.apache.http.headers -- http-outgoing-1 << Date: Tue, 05 Aug 2025 02:53:49 GMT
09:53:49.581 [main] DEBUG org.apache.http.headers -- http-outgoing-1 << Etag: W/"1c5-HOjJyPXFuJStMSX7RB8h5QIDDRY"
09:53:49.581 [main] DEBUG org.apache.http.headers -- http-outgoing-1 << Server: railway-edge
09:53:49.581 [main] DEBUG org.apache.http.headers -- http-outgoing-1 << Strict-Transport-Security: max-age=15552000; includeSubDomains
09:53:49.581 [main] DEBUG org.apache.http.headers -- http-outgoing-1 << Vary: Accept-Encoding
09:53:49.581 [main] DEBUG org.apache.http.headers -- http-outgoing-1 << X-Content-Type-Options: nosniff
09:53:49.581 [main] DEBUG org.apache.http.headers -- http-outgoing-1 << X-Dns-Prefetch-Control: off
09:53:49.581 [main] DEBUG org.apache.http.headers -- http-outgoing-1 << X-Download-Options: noopen
09:53:49.581 [main] DEBUG org.apache.http.headers -- http-outgoing-1 << X-Frame-Options: SAMEORIGIN
09:53:49.581 [main] DEBUG org.apache.http.headers -- http-outgoing-1 << X-Powered-By: Cats on Keyboards
09:53:49.581 [main] DEBUG org.apache.http.headers -- http-outgoing-1 << X-Railway-Edge: railway/asia-southeast1-eqsg3a
09:53:49.581 [main] DEBUG org.apache.http.headers -- http-outgoing-1 << X-Railway-Request-Id: TlxsJhlsRWW97V17acI7Nw
09:53:49.581 [main] DEBUG org.apache.http.headers -- http-outgoing-1 << X-Ratelimit-Limit: 100
09:53:49.581 [main] DEBUG org.apache.http.headers -- http-outgoing-1 << X-Ratelimit-Remaining: 99
09:53:49.581 [main] DEBUG org.apache.http.headers -- http-outgoing-1 << X-Ratelimit-Reset: 1754362437
09:53:49.581 [main] DEBUG org.apache.http.headers -- http-outgoing-1 << X-Xss-Protection: 1; mode=block
09:53:49.582 [main] DEBUG org.apache.http.impl.execchain.MainClientExec -- Connection can be kept alive indefinitely
09:53:49.582 [main] DEBUG org.apache.http.impl.conn.PoolingHttpClientConnectionManager -- Connection [id: 1][route: {s}->https://dummyjson.com:443] can be kept alive indefinitely
09:53:49.582 [main] DEBUG org.apache.http.impl.conn.DefaultManagedHttpClientConnection -- http-outgoing-1: set socket timeout to 0
09:53:49.582 [main] DEBUG org.apache.http.impl.conn.PoolingHttpClientConnectionManager -- Connection released: [id: 1][route: {s}->https://dummyjson.com:443][total available: 1; route allocated: 1 of 5; total allocated: 1 of 10]
09:53:49.582 [main] DEBUG org.apache.http.impl.conn.PoolingHttpClientConnectionManager -- Connection manager is shutting down
09:53:49.582 [main] DEBUG org.apache.http.impl.conn.DefaultManagedHttpClientConnection -- http-outgoing-1: Close connection
09:53:49.582 [main] DEBUG org.apache.http.impl.conn.PoolingHttpClientConnectionManager -- Connection manager shut down
09:53:49.583 [main] DEBUG com.intuit.karate -- response time in milliseconds: 76
1 < 200
1 < Access-Control-Allow-Origin: *
1 < Content-Length: 453
1 < Content-Type: application/json; charset=utf-8
1 < Date: Tue, 05 Aug 2025 02:53:49 GMT
1 < Etag: W/"1c5-HOjJyPXFuJStMSX7RB8h5QIDDRY"
1 < Server: railway-edge
1 < Strict-Transport-Security: max-age=15552000; includeSubDomains
1 < Vary: Accept-Encoding
1 < X-Content-Type-Options: nosniff
1 < X-Dns-Prefetch-Control: off
1 < X-Download-Options: noopen
1 < X-Frame-Options: SAMEORIGIN
1 < X-Powered-By: Cats on Keyboards
1 < X-Railway-Edge: railway/asia-southeast1-eqsg3a
1 < X-Railway-Request-Id: TlxsJhlsRWW97V17acI7Nw
1 < X-Ratelimit-Limit: 100
1 < X-Ratelimit-Remaining: 99
1 < X-Ratelimit-Reset: 1754362437
1 < X-Xss-Protection: 1; mode=block
{
  "id": 1,
  "title": "His mother had always taught him",
  "body": "His mother had always taught him not to ever think of himself as better than others. He'd tried to live by this motto. He never looked down on those who were less fortunate or who had less money than him. But the stupidity of the group of people he was talking to made him change his mind.",
  "tags": [
    "history",
    "american",
    "crime"
  ],
  "reactions": {
    "likes": 192,
    "dislikes": 25
  },
  "views": 305,
  "userId": 121
}


09:53:49.585 [main] DEBUG com.jayway.jsonpath.internal.path.CompiledPath -- Evaluating path: $['id']
09:53:49.585 [main] DEBUG com.jayway.jsonpath.internal.path.CompiledPath -- Evaluating path: $['title']
09:53:49.586 [main] DEBUG com.jayway.jsonpath.internal.path.CompiledPath -- Evaluating path: $['body']
09:53:49.587 [main] DEBUG com.jayway.jsonpath.internal.path.CompiledPath -- Evaluating path: $['userId']
09:53:49.587 [main] DEBUG com.jayway.jsonpath.internal.path.CompiledPath -- Evaluating path: $['reactions']
09:53:49.587 [main] DEBUG com.jayway.jsonpath.internal.path.CompiledPath -- Evaluating path: $
09:53:49.588 [main] INFO com.intuit.karate -- [print] {
  "id": 1,
  "title": "His mother had always taught him",
  "body": "His mother had always taught him not to ever think of himself as better than others. He'd tried to live by this motto. He never looked down on those who were less fortunate or who had less money than him. But the stupidity of the group of people he was talking to made him change his mind.",
  "tags": [
    "history",
    "american",
    "crime"
  ],
  "reactions": {
    "likes": 192,
    "dislikes": 25
  },
  "views": 305,
  "userId": 121
}
 
]]></system-out>
  </testcase>
  <testcase name="[3:29] Search Posts by Query" classname="dummyjson/Posts" time="0.105">
    <system-out><![CDATA[09:53:49.599 [main] DEBUG org.apache.http.client.protocol.RequestAddCookies -- CookieSpec selected: karate
09:53:49.599 [main] DEBUG org.apache.http.client.protocol.RequestAuthCache -- Auth cache not set in the context
09:53:49.599 [main] DEBUG com.intuit.karate -- request:
1 > GET https://dummyjson.com/posts/search?q=love
1 > Host: dummyjson.com
1 > Connection: Keep-Alive
1 > User-Agent: Apache-HttpClient/4.5.14 (Java/21.0.8)
1 > Accept-Encoding: gzip,deflate


09:53:49.599 [main] DEBUG org.apache.http.impl.conn.PoolingHttpClientConnectionManager -- Connection request: [route: {s}->https://dummyjson.com:443][total available: 0; route allocated: 0 of 5; total allocated: 0 of 10]
09:53:49.599 [main] DEBUG org.apache.http.impl.conn.PoolingHttpClientConnectionManager -- Connection leased: [id: 2][route: {s}->https://dummyjson.com:443][total available: 0; route allocated: 1 of 5; total allocated: 1 of 10]
09:53:49.599 [main] DEBUG org.apache.http.impl.execchain.MainClientExec -- Opening connection {s}->https://dummyjson.com:443
09:53:49.600 [main] DEBUG org.apache.http.impl.conn.DefaultHttpClientConnectionOperator -- Connecting to dummyjson.com/66.33.22.3:443
09:53:49.600 [main] DEBUG org.apache.http.conn.ssl.SSLConnectionSocketFactory -- Connecting socket to dummyjson.com/66.33.22.3:443 with timeout 30000
09:53:49.621 [main] DEBUG org.apache.http.conn.ssl.SSLConnectionSocketFactory -- Enabled protocols: [TLSv1.3, TLSv1.2]
09:53:49.622 [main] DEBUG org.apache.http.conn.ssl.SSLConnectionSocketFactory -- Enabled cipher suites:[TLS_AES_256_GCM_SHA384, TLS_AES_128_GCM_SHA256, TLS_CHACHA20_POLY1305_SHA256, TLS_ECDHE_ECDSA_WITH_AES_256_GCM_SHA384, TLS_ECDHE_ECDSA_WITH_AES_128_GCM_SHA256, TLS_ECDHE_ECDSA_WITH_CHACHA20_POLY1305_SHA256, TLS_ECDHE_RSA_WITH_AES_256_GCM_SHA384, TLS_ECDHE_RSA_WITH_CHACHA20_POLY1305_SHA256, TLS_ECDHE_RSA_WITH_AES_128_GCM_SHA256, TLS_DHE_RSA_WITH_AES_256_GCM_SHA384, TLS_DHE_RSA_WITH_CHACHA20_POLY1305_SHA256, TLS_DHE_DSS_WITH_AES_256_GCM_SHA384, TLS_DHE_RSA_WITH_AES_128_GCM_SHA256, TLS_DHE_DSS_WITH_AES_128_GCM_SHA256, TLS_ECDHE_ECDSA_WITH_AES_256_CBC_SHA384, TLS_ECDHE_RSA_WITH_AES_256_CBC_SHA384, TLS_ECDHE_ECDSA_WITH_AES_128_CBC_SHA256, TLS_ECDHE_RSA_WITH_AES_128_CBC_SHA256, TLS_DHE_RSA_WITH_AES_256_CBC_SHA256, TLS_DHE_DSS_WITH_AES_256_CBC_SHA256, TLS_DHE_RSA_WITH_AES_128_CBC_SHA256, TLS_DHE_DSS_WITH_AES_128_CBC_SHA256, TLS_ECDHE_ECDSA_WITH_AES_256_CBC_SHA, TLS_ECDHE_RSA_WITH_AES_256_CBC_SHA, TLS_ECDHE_ECDSA_WITH_AES_128_CBC_SHA, TLS_ECDHE_RSA_WITH_AES_128_CBC_SHA, TLS_DHE_RSA_WITH_AES_256_CBC_SHA, TLS_DHE_DSS_WITH_AES_256_CBC_SHA, TLS_DHE_RSA_WITH_AES_128_CBC_SHA, TLS_DHE_DSS_WITH_AES_128_CBC_SHA, TLS_RSA_WITH_AES_256_GCM_SHA384, TLS_RSA_WITH_AES_128_GCM_SHA256, TLS_RSA_WITH_AES_256_CBC_SHA256, TLS_RSA_WITH_AES_128_CBC_SHA256, TLS_RSA_WITH_AES_256_CBC_SHA, TLS_RSA_WITH_AES_128_CBC_SHA, TLS_EMPTY_RENEGOTIATION_INFO_SCSV]
09:53:49.622 [main] DEBUG org.apache.http.conn.ssl.SSLConnectionSocketFactory -- Starting handshake
09:53:49.649 [main] DEBUG org.apache.http.conn.ssl.SSLConnectionSocketFactory -- Secure session established
09:53:49.649 [main] DEBUG org.apache.http.conn.ssl.SSLConnectionSocketFactory --  negotiated protocol: TLSv1.3
09:53:49.649 [main] DEBUG org.apache.http.conn.ssl.SSLConnectionSocketFactory --  negotiated cipher suite: TLS_AES_128_GCM_SHA256
09:53:49.649 [main] DEBUG org.apache.http.conn.ssl.SSLConnectionSocketFactory --  peer principal: CN=dummyjson.com
09:53:49.649 [main] DEBUG org.apache.http.conn.ssl.SSLConnectionSocketFactory --  peer alternative names: [dummyjson.com]
09:53:49.649 [main] DEBUG org.apache.http.conn.ssl.SSLConnectionSocketFactory --  issuer principal: CN=R11, O=Let's Encrypt, C=US
09:53:49.649 [main] DEBUG org.apache.http.impl.conn.DefaultHttpClientConnectionOperator -- Connection established 192.168.1.4:62498<->66.33.22.3:443
09:53:49.649 [main] DEBUG org.apache.http.impl.conn.DefaultManagedHttpClientConnection -- http-outgoing-2: set socket timeout to 30000
09:53:49.649 [main] DEBUG org.apache.http.impl.execchain.MainClientExec -- Executing request GET /posts/search?q=love HTTP/1.1
09:53:49.650 [main] DEBUG org.apache.http.impl.execchain.MainClientExec -- Target auth state: UNCHALLENGED
09:53:49.650 [main] DEBUG org.apache.http.impl.execchain.MainClientExec -- Proxy auth state: UNCHALLENGED
09:53:49.650 [main] DEBUG org.apache.http.headers -- http-outgoing-2 >> GET /posts/search?q=love HTTP/1.1
09:53:49.650 [main] DEBUG org.apache.http.headers -- http-outgoing-2 >> Host: dummyjson.com
09:53:49.650 [main] DEBUG org.apache.http.headers -- http-outgoing-2 >> Connection: Keep-Alive
09:53:49.650 [main] DEBUG org.apache.http.headers -- http-outgoing-2 >> User-Agent: Apache-HttpClient/4.5.14 (Java/21.0.8)
09:53:49.650 [main] DEBUG org.apache.http.headers -- http-outgoing-2 >> Accept-Encoding: gzip,deflate
09:53:49.650 [main] DEBUG org.apache.http.wire -- http-outgoing-2 >> "GET /posts/search?q=love HTTP/1.1[\r][\n]"
09:53:49.650 [main] DEBUG org.apache.http.wire -- http-outgoing-2 >> "Host: dummyjson.com[\r][\n]"
09:53:49.650 [main] DEBUG org.apache.http.wire -- http-outgoing-2 >> "Connection: Keep-Alive[\r][\n]"
09:53:49.650 [main] DEBUG org.apache.http.wire -- http-outgoing-2 >> "User-Agent: Apache-HttpClient/4.5.14 (Java/21.0.8)[\r][\n]"
09:53:49.650 [main] DEBUG org.apache.http.wire -- http-outgoing-2 >> "Accept-Encoding: gzip,deflate[\r][\n]"
09:53:49.650 [main] DEBUG org.apache.http.wire -- http-outgoing-2 >> "[\r][\n]"
09:53:49.672 [main] DEBUG org.apache.http.wire -- http-outgoing-2 << "HTTP/1.1 200 OK[\r][\n]"
09:53:49.672 [main] DEBUG org.apache.http.wire -- http-outgoing-2 << "Access-Control-Allow-Origin: *[\r][\n]"
09:53:49.672 [main] DEBUG org.apache.http.wire -- http-outgoing-2 << "Content-Encoding: gzip[\r][\n]"
09:53:49.672 [main] DEBUG org.apache.http.wire -- http-outgoing-2 << "Content-Type: application/json; charset=utf-8[\r][\n]"
09:53:49.672 [main] DEBUG org.apache.http.wire -- http-outgoing-2 << "Date: Tue, 05 Aug 2025 02:53:49 GMT[\r][\n]"
09:53:49.672 [main] DEBUG org.apache.http.wire -- http-outgoing-2 << "Etag: W/"1af8-MYn2AMO7dlG0FSq0o8JFuC34tPo"[\r][\n]"
09:53:49.672 [main] DEBUG org.apache.http.wire -- http-outgoing-2 << "Server: railway-edge[\r][\n]"
09:53:49.672 [main] DEBUG org.apache.http.wire -- http-outgoing-2 << "Strict-Transport-Security: max-age=15552000; includeSubDomains[\r][\n]"
09:53:49.672 [main] DEBUG org.apache.http.wire -- http-outgoing-2 << "Vary: Accept-Encoding[\r][\n]"
09:53:49.672 [main] DEBUG org.apache.http.wire -- http-outgoing-2 << "X-Content-Type-Options: nosniff[\r][\n]"
09:53:49.672 [main] DEBUG org.apache.http.wire -- http-outgoing-2 << "X-Dns-Prefetch-Control: off[\r][\n]"
09:53:49.672 [main] DEBUG org.apache.http.wire -- http-outgoing-2 << "X-Download-Options: noopen[\r][\n]"
09:53:49.672 [main] DEBUG org.apache.http.wire -- http-outgoing-2 << "X-Frame-Options: SAMEORIGIN[\r][\n]"
09:53:49.672 [main] DEBUG org.apache.http.wire -- http-outgoing-2 << "X-Powered-By: Cats on Keyboards[\r][\n]"
09:53:49.672 [main] DEBUG org.apache.http.wire -- http-outgoing-2 << "X-Railway-Edge: railway/asia-southeast1-eqsg3a[\r][\n]"
09:53:49.672 [main] DEBUG org.apache.http.wire -- http-outgoing-2 << "X-Railway-Request-Id: 06HUFJfcQlCpX4LBAQeqjw[\r][\n]"
09:53:49.672 [main] DEBUG org.apache.http.wire -- http-outgoing-2 << "X-Ratelimit-Limit: 100[\r][\n]"
09:53:49.672 [main] DEBUG org.apache.http.wire -- http-outgoing-2 << "X-Ratelimit-Remaining: 98[\r][\n]"
09:53:49.672 [main] DEBUG org.apache.http.wire -- http-outgoing-2 << "X-Ratelimit-Reset: 1754362440[\r][\n]"
09:53:49.672 [main] DEBUG org.apache.http.wire -- http-outgoing-2 << "X-Xss-Protection: 1; mode=block[\r][\n]"
09:53:49.672 [main] DEBUG org.apache.http.wire -- http-outgoing-2 << "Transfer-Encoding: chunked[\r][\n]"
09:53:49.672 [main] DEBUG org.apache.http.wire -- http-outgoing-2 << "[\r][\n]"
09:53:49.673 [main] DEBUG org.apache.http.headers -- http-outgoing-2 << HTTP/1.1 200 OK
09:53:49.673 [main] DEBUG org.apache.http.headers -- http-outgoing-2 << Access-Control-Allow-Origin: *
09:53:49.673 [main] DEBUG org.apache.http.headers -- http-outgoing-2 << Content-Encoding: gzip
09:53:49.673 [main] DEBUG org.apache.http.headers -- http-outgoing-2 << Content-Type: application/json; charset=utf-8
09:53:49.673 [main] DEBUG org.apache.http.headers -- http-outgoing-2 << Date: Tue, 05 Aug 2025 02:53:49 GMT
09:53:49.673 [main] DEBUG org.apache.http.headers -- http-outgoing-2 << Etag: W/"1af8-MYn2AMO7dlG0FSq0o8JFuC34tPo"
09:53:49.673 [main] DEBUG org.apache.http.headers -- http-outgoing-2 << Server: railway-edge
09:53:49.673 [main] DEBUG org.apache.http.headers -- http-outgoing-2 << Strict-Transport-Security: max-age=15552000; includeSubDomains
09:53:49.673 [main] DEBUG org.apache.http.headers -- http-outgoing-2 << Vary: Accept-Encoding
09:53:49.673 [main] DEBUG org.apache.http.headers -- http-outgoing-2 << X-Content-Type-Options: nosniff
09:53:49.673 [main] DEBUG org.apache.http.headers -- http-outgoing-2 << X-Dns-Prefetch-Control: off
09:53:49.673 [main] DEBUG org.apache.http.headers -- http-outgoing-2 << X-Download-Options: noopen
09:53:49.673 [main] DEBUG org.apache.http.headers -- http-outgoing-2 << X-Frame-Options: SAMEORIGIN
09:53:49.673 [main] DEBUG org.apache.http.headers -- http-outgoing-2 << X-Powered-By: Cats on Keyboards
09:53:49.673 [main] DEBUG org.apache.http.headers -- http-outgoing-2 << X-Railway-Edge: railway/asia-southeast1-eqsg3a
09:53:49.673 [main] DEBUG org.apache.http.headers -- http-outgoing-2 << X-Railway-Request-Id: 06HUFJfcQlCpX4LBAQeqjw
09:53:49.673 [main] DEBUG org.apache.http.headers -- http-outgoing-2 << X-Ratelimit-Limit: 100
09:53:49.673 [main] DEBUG org.apache.http.headers -- http-outgoing-2 << X-Ratelimit-Remaining: 98
09:53:49.673 [main] DEBUG org.apache.http.headers -- http-outgoing-2 << X-Ratelimit-Reset: 1754362440
09:53:49.673 [main] DEBUG org.apache.http.headers -- http-outgoing-2 << X-Xss-Protection: 1; mode=block
09:53:49.673 [main] DEBUG org.apache.http.headers -- http-outgoing-2 << Transfer-Encoding: chunked
09:53:49.673 [main] DEBUG org.apache.http.impl.execchain.MainClientExec -- Connection can be kept alive indefinitely
09:53:49.673 [main] DEBUG org.apache.http.wire -- http-outgoing-2 << "afe[\r][\n]"
09:53:49.673 [main] DEBUG org.apache.http.wire -- http-outgoing-2 << "[0x1f][0x8b][0x8][0x0][0x0][0x0][0x0][0x0][0x0][0x3][0x95]Y[0xcb][0xae][0xe3]6[0x12][0xfd][0x95][0x82]6[0xbd]Q[0xc][0xbf][0xee]s[0x13]L[0x90] [0xb9][0xc0]d6[0x1d]`[0x10]L[0xb2]([0x8b]%[0x89]c>[0x14][0x92][0xb2][[0xdd][0xe8][0x1f]TQ[0xb6][0xe8]L;=[0x3]4[0xd0][0xb6],Q[0xe4]9U[0xa7]N[0xd5][0xfd]T[\r]>[0xa6]X[0xbd][0xfe][0xeb]S[0xa5]U[0xf5][0xfa]TWI'C[0xd5]k[0xf5]K[0xaf]#[0xf0]?;[0xf8][0x90][0xd0]%H[0x1e][0x2]Y[0xb2][0x7][\n]"
09:53:49.674 [main] DEBUG org.apache.http.wire -- http-outgoing-2 << "[0xab][0xaa][0xae][0xe]^M_[0xbd][0xf][0xfe][0xee]O[0x4]:[0xba]w[0x9][0x8c]>[0x12][0xc][0x9a]V[0xf0][0xab][0x1f]Ay[0xbe][0xe6][0x88][0x14]?[0xa0][0xf4]I+[0x2][0x9d][0x0][0xad]w[0x1d][0xa0]10[0xf9]1@[0x1b]49[0x15][0x1][0x9d][0x2][0xe3]O[0xa4][0xc0];[0x8a]+[0xf8][0x87][0x7][0x8b])Q[0x80][0xde][0x9f][0xc1][0x8e]M/?[0xf3]C[0xd0][0xe9][0x13][0xd5][0xf2][0xa9]A[0x7]h[0xce]8E[0xb9][0x8][0xd6][0x7]Z[0xc1][[0x2][0xe5]I[0xf6][0x14]F[0x7]~L5D?[0xef]([0x85][0x89]7[0xd4]{[0xa3][0xe0][0x80][0xcd][0x91][0x1f][0xd4][0xae][0x93][0xad]E[0xd0]-[0xb0]8[0xf1]6@[0xe1]tYa[0x5]?[0xf2][0xb]t[0x82]6[0x10][0x99]I6[0x8c]1[0xef][0xc][0xa3][0xec][0xe6][0x8c].1r[0x9];[0x86][0xbc][0xb2][0xd8][0xe9][0x6]MUWM[0xd0][0x96][0xaa][0xdf][0xeb]*[0x10]6I{[0x17][0xab][0xd7]O[0x15][0x3][0x16][0xab][0xd7][0xcd][0xf6][0xa9][0xae][0x94][0x8e][0xf3][0xd7][0xed][0xe3][0xe7][0xba]:i:[0xf3]O[0x8f][0xcf]u5F[\n]"
09:53:49.674 [main] DEBUG org.apache.http.wire -- http-outgoing-2 << "oL[0xde][0xfa]s[0x9d]i[0xdc][0xbd],<[0xbe]%8c[0xe4][0xf3]u[0x81]P[0xd8][0xe9][0x9][0x19]XoeW[0xc9]+[0x9c][0x16]>[0xfb][0x1f][0x9f][0x90][0x3][0xea][0xf9]V>[0xe4][0x99]tP[0x90][0xb4][0xd5][0xae][0xab][0xab][0xa0]'[0x88][0xa8][0xd5][\n]"
09:53:49.674 [main] DEBUG org.apache.http.wire -- http-outgoing-2 << "~[0xbb][0xc6]H[0xe7][0x19][0xc9][0xe4]![0xfa][0xd1])hG[0xe7]f[0xa0][0xc0][0xe8][0x94][0xc]AL[0x1]]G5[0x1c][0xc6][0x94]1[0xa3]@[0xa0][0x1d] [0xa8]@h[0xe1][\r]zT[0xf0][0xef]1&@h[0xfc]8[0x18][0x2][0xdf]2[0x13][0x11][0xb0][0xf3]+x{[0x97][0x3][0x85]_[0xd3][0x11][0xef][0xbe][0xa3][0xd4]S[0x90][0xf7]$[0xca]q[0x5]x[0xf0]c[0xe2][0xed][0xeb][0x96][0xbf][0xbf][0xb][0x4][0xe3][0x0][0xad][0xf][0xbc][0xea]8[0xf0][0x92][0x8d]o[[0xa2][0xf9]$[0x8d]wI[0xbb][0x91]T[\r][0x6]'9EO[0x90][0x2][0xe][0xd0][0xd3];[0x5][0x7]"[0x7][0x83]A[0xe7][0xf8]7^g"[0xc][0xb1]d[0xbb][\r][0xe4][0x9a][0xbe][0xaa][0xb][0xda][0xd1]R[0xd0][\r][0xba]{[0xcc]?=mK[0xe6]w/[0x5][0xf3][0x9b][0xed][0xcb]B[0xfd]f[0xf3]p[0xe1][0xfe][0xe1]a[0xe1][0xfe][0xbd][0xec]Q[0xe7][0x14][0xa3][0xf][0x83]A[0xed] [0xf5][0x98]2Bg[0xbc][0xcd][0xcb]%[0x8][0xfe][0xcf][0x7][0xe1][0x97][0x9e]i[0x9a]/#DJ[0xe0]F[0x16][0x0][0x6]2[0x1a][0xdd]P[0xe4][0x95][0xe]$i8'[0xcc][0xcd]C[0x86][0xe2][0xed]-[0xc9]K[0x8a][\r][0x14][0xa2]w3M[0x92]AyS[0xd7]t[0xe6]/[0xe8]<S[0xcc]Kb[0x2]lY[0x16][0xf2].[0xd0][0xfa][0xd1][0xe5] [0xbd][0xbe]Y[0xa2][0xd6][0x8f]F[0x89][0xca]([0x1d]q[0x18][0x8][0xc3][\n]"
09:53:49.674 [main] DEBUG org.apache.http.wire -- http-outgoing-2 << "[0xee][0x9c]Z[0xc7][0x1c][0x8e][0x9c][0xdb][0x1c]?[0xde][0x81]"l[0xe1][0xcf][0x4][0xdb])&[\n]"
09:53:49.674 [main] DEBUG org.apache.http.wire -- http-outgoing-2 << "[0xd3]5[0x9d][0xeb][0xaa][0xd5]B[0xe9]=z[0x1f][0x1e]Kv[0xf7]E^[0xef][0x9e][0xd7][0x5][0xb9][0xeb]+[0xb9][0x9b][0xf5]va[0xf7];[0x12]]r[0xd0][0xeb][0xae][0x87][0xd8][0xf4][0xde][0x9b][0x1a]~[0xd6][0x86][0xa2]$[0x89][0xf3][0xa0][0x15]!Gj[0xa0][0x85][[0xc9][0xa8]N[0x7][0x13]A[0x8e]Gp[0xf6][0xc1](8[0xf7][0x1e][0xac][0xee][0xfa][0xc4][0x1c]8[0xdd]PNTKp[0xf0][0x13][0xff][0xfa]NA[0x1c][0xdb][0x96][0x2][0x3][0xd4][0x13]X[0x1d][[0x1f][0xd2][0xe8]$[0x3][4f[0xde]O[0x8e][0x11][0x9d]z[0xbe][0xcd][0xd6]@[0xc][0xfc][0xb9]'y[0xdb][0xc4]Yk[0x94][0x88]/[0xa5]1[0xe4]-[0xb4]x[0xf2][0xa1][0x4][0x93][0xd7](3[0xa4][0xae][0xc8]uF[0xc7][0xfe][0xae]J[0xae]_6%[0x9c][0x9b]M[0x91],[0xbb][0x97][0xa7]B'w[0xb][0x9c][0xfb][0x5][0xce][0x1f][0xb0][0xe9][0xa1]Em[0xb8][0xc6][0x9c]([0xa4]1[0xc8][0xc1][0x6][0xc2][0x86][0xc0][0xa2]"[0xd9][0xa9][0xa3][0xf]i[0x1][0xf3]z[0xa3][0xc4]/[0xbf][0xda]H[0xf9][0x88]c[0xd3][0x10][0xa9][0x15]|G-[0x7][0xa9][0xf1][0xae][0xab][0xe1],[0xe1][0x99][0xa0][0xd5]!&[0xe8][0xc][0xba][0x86][0x84][0xaa]Hds[0xd8][0xfd][0x88][0x81]%[0x11][0xf0][0x10][0xc7][0xa0]`[0xf0]1[0xea][0x83]6:M[0xf0]M[0xce]@[0x11][0x1e][0xcd]q[0xd8][0xf2]g[0x1d][0xc0]b[0x8][0x1a];b[0xc6][0xf9]E[0x14]D[0xaf]P;[0xca][0x94][0xe9]F[0x93]K[0xac][0xb7]*[0xf2]cB[0x10][0xeb]a[0xe7][0xbd]:[0xf3]Z[0xc9]C[0xc3]g[0x91][0xd5][0xc9]zF[0x17][\r]4[0xec][0xe][0xf2]k[0xaf][0xda][0xfd][0xfe][0xa6][0x86]}[0x81][0xa0][0xaf][0x95][0xb3][0xf5][0xfe][0xe5][0xa6][0x9e][0x15][0xaa][0xb6]_[0xef]v[0x5]QOW[0xa2][0xb6][0x85]3yk[0xe1]MJp[0x94],[\r][0x8c][0xbc]N5[0xbc][0xe5]Z[0x94][0x88][0x6]R[0x1c][0x87][0xdf][0xfb][0x80][0x85][0xa8][0xf1][0xaf][0xce]'[0xb0][0x14][0x98]%9nO[0xa8][0x4][0x9]N[0xe6][0xdb][0xd8][0xed])[0xe4][0xbc][0x9f][0xd7][0xc5]4[0x6][0x14][0xf5][0xe9][0x83][0x1f][0xbb]>[0x17][0x94][0xfc]y[0x5]?8[0xb9]&[0x8f][0xe7],[0xea][0xf1]D[0xb9].[0x9c][0xc3][0xe8]:Q[0x1e][0xdf][0x82][0xa5][0x1a],%[0x1c]z[0xcf][0xc0][0x19]3A[0x1c][0x8][0x8f]\5[0xb]\[0x17]0[0xbf]V$[0xf6][0xeb][0xf5][\r][0x9c]E[0xdc]?=[0x16]a[0xbf]_[0xc2]~[0xbf]+[0xc2][0xfe]DaJ[0xbd][0x94][0xad][0x1c][0xfc][0x12][0xbe][0x7]5[0x12][0xd8]B6[0xfe][0xfa][0xbe][0x15][0xbc][0xf7][0xde]q[0xa6]_n[0x9a]CZ[0x8d][0xc6][0xbc]^[0x4][0x1a][0xe2][0xe8][0x82][0x8e]TK[0x98][0x19]}"[0x9][0xc7][0x9e][0x82][0xa7]X[0xcb][0xba][0xfc]([0x83]X[0xc3][0x19]C[0xbe]O[0xe9]([0xb1][0xa9])[0xc2]@[0x9e]+[0xbe]dc[0xae][0xe1][0xc4]i[0x9b][0xe5][0xff]K[0xc5][0xb6][0x88][0xcf]^[0xc7][0xe4][0xc3]t7.7[0xcf]7r\[0xe0][0xb8]},j[0xed]n[0xbf][0xe0]X[0xd4][0xda][0xef][0xc6]4[0xdb][0x92][0x8]o[0xa0][0xb4]([0xdc][0xf9][0xea][0x87]#'[0xa0][0x9d][0xe0][0xa8]U\@}[0x3]4[0xec]<o[0xef]n[0xb5]S`[0xa7]H[0xa6][0x85][0xe4]}[0xf6][0x90][0xff][0xa5][0xab][0x97][0x2][0x8a][0x81]`[0xc0]@.E[0xd1][0xf0]lc[0xa5]6_[0x9c][[0x96][0x89][0xd9]b[0xb1][0xf4]C[0x13][0xc4][0xc4]`[0x2][0xc7][0xc1]Z[0xc3],,'[0xe4][0x13][0xc]C[0xf0][0xd8][0x8][0x8d][\n]"
09:53:49.674 [main] DEBUG org.apache.http.wire -- http-outgoing-2 << "[0xc3]1[0x17]q[0xa2][0xa1][0x96][0x98][0x8f]~.[0x1c]:@[0xf2][0xc1][0xf2][0xc9][0x98][0xf3]#[0x9c][0xfb]I2[0xac]eW/[0x9e][0xb][0x8c]7F[0xf]~~[0x14][0xa1][0xa5]s[0xb6]F`0[0x89][0xde]`bP[0xde][0xb1];L[0x10][0xa5]V4x[0xd2][0x89][0xe9][0xce][0xcf][0xc][0xa3][0xc9][0xf1][0xe6]S[0xff][0x85][0x1a]Q[0xd8]h[0x83]1[0xea][0xe6][0x1e][0xc3]/O[0xfb][0x1b];U[0x14][0xdc][0xed][0xfe][0xb1][0x10][0x9e][\r]{[0xec][0xb][0xc7]7=[0x11]M`[0xbc]?2[0x6][0xad]v[0x94]O5[0xf9][0xd1]ueGt[0xff][0xae][0xfc][0xf1][0x1c][0xd8]r([0xb6][0x9c][0xda][0x95][0x11]|i[0x97][0xe4][0xc9]@1[0x8b]Lc[0x88]+B[0xca]`aG+[0xf8]^H[0x16]3[0xce][0xc8][0xfb][0xa5][0xd0][0xbf][0xa0][0xf1][0xd5][0xc8][0xdf]?o[0xee])[0xc8][0xc3][0xc3][0xcb][0x1d]X[0x9e][0x17]X~[0xe5]F[0xcd];3A[0xd3]KI[0xe3]x[0x19][0xc3]I[0x9f][0x84][0x95][0x19][0x96][0xbf][0xba][0xab][0xbe][0x18]<[0xe][0xe6][0xa8]][0x93]%:Z[0x9d][0x12][0xb9][0x1a][0xc][0x7][0x83]8[0x1d][0x95][0xbd][0xb7][0x8e][0xd0]b[0x93]rO[0x92]=[0x8c]E'Kd[0xf5]`GB[0xba][0x13];[0x8e][0xd0]`[0x1c][0xd1][0x80][0xa2][0x84]M/[0x1];:[0xc5][0xf1]i[0xc]4:4[0xa3][0x8d][0x89][0xf7]t[0xe3][0xe7]..n[0xc1]Q[0x2][0xee]n[0x97][0xf6]|[0xa3][0xc3][0xfb][0xc2][0xcd]=<[0x17]m[0xda]f[0xf7]|E[0xf1]a[0xbd][0xa0][0xf8]ONf>[0xc0][0x9f][0xab][0xd0][0xb7]7[0xa1][0x5][0x8c][0x14][0xf9][0xe5][0xd2]tsct[0xc6][0x9],![0x1f][0x95]]H[\r][0xb1]'8:[0x9e]}+[0xdb]h[0x9b][0x95][0xe9]x[0x89]0[0x97]{[0xb6][0xa8][0xd3][0x88]r[0x12]^-[0xa0][0xa0][0x1e][0x8][0xcd][\n]"
09:53:49.674 [main] DEBUG org.apache.http.wire -- http-outgoing-2 << "[0xde][0xd3][0x7][0xbe]&~[0xc0]u[0x12][0xc5][0xf4][0x1]M[0x12]@[0x9d][0x82]0j[0x1]7+r[\r][0x91]>[0xc8][0xf5]6[0x8c][0xdc][0xc4][0xf1][0xa2]K8[0x8b][0xf1][0x99][0xb5][0xfb]@F[0xd3]|[0xd9][0x87],f0`[0xea][0xa5][0x8f]#V[0xa0][0xfc]t[0x19][0xd3][0xb3][0x91][0xae][0xb][0x93][0xfd][0x15]?[0xb8][0xdd][0xdd]$[0xfb]f][0xba][0x8c][0xc7][0x85][0x8e][0x97]E[0xce][0x1f][\n]"
09:53:49.674 [main] DEBUG org.apache.http.wire -- http-outgoing-2 << "s[0xfd][0x13]A[0x87][0x1f]I][0x84][0x91][0xc7][0x1]C[0xef][0x93][0xef][0x2][0xe]}![0xe1]?[0x93][0xf5]R[0x9a]|[0xb][0x8][0x87][0xa9]c[0xb8])`[0x9d][0xf3]z[0xd0][0x8d][0xf8]C[0xee]<s,J*^\X[\r][0xc6]3e2[0xde][0xd0]mn[0xa5][0xa6][0xdc][0xf5]r[0x90][0xa7]@[0x18][0xc7][0xc0][0xd5][0x91][0xbf][0x1a]V[0xd9][0xe4]g[0xc8]bn[0xa2] [0xd2][0xa0][0x11][0x12][0xf]F[0xb2][0xbc][0xf8][0xe0][0x80]TG[0x11][0xe2][0xe0][0x8f]K[0x83][0xcc][0xe6][0x10]x[0x83][0x92][0x1f][0xd6][)[0x1a]m[0xf0][0x1f][0xc9][0x89][0xa6]kKYd[0xa2]8[0xcc][0x9e][0x8c][0xc8][0xbd][0x14][0xa0][0xd9][0x15][0xe6][0x12][0xc0][0x99][0xd5]r]m[0xe8][0xa6][0x5]b0[0xa6]Bq[0xea][0xca][0xf9][0x98][0xd0]t[0x1a][0xef]vA[0xdc][0xb1][0x16]D[0x95][0xaa][0xbc]}*[0xfa][0xa0][0x87][0xc5][0xe]>[0xdc][0x8a][0xb2][0xb0][0xc3][0xf9][0x9f][0xf8]CB3[0xfb][\n]"
09:53:49.674 [main] DEBUG org.apache.http.wire -- http-outgoing-2 << "-s[0x97][0xd4][0x17][0x8d]mZ[0xc8]R'r[0xcc]M=3[0x91]GL1[0xae][0xe0]'[0x1d][0x81]&[0x81][0xf][0xc3][0x91]k[0x8f][0xe4][0xa2][0x9d][0xa9][0xce]\[0x9c]<[0xf7]HA[0xf3][0xe8][0x83][0x9d][0xf1]Y[0x81]4[0x12][0xbc][0x9][0xf1][0x8d][0xc8][0x1d]rV[0xbb][0x19][0x94][0x9a][0xcb]`[0xc0]NtH[0xa2][0x86][0x99][0x17];[0xc4]3[0x11]c&[0xa6][0xa7][0xa5] ^[0x88]b[0xe4][0xf4]4[0x84][0x81][0xed][0xbc][0xf0][0xab][0xa3][0xf2][0x16][0xba]l[0xf0]/v4WU[0xdf][0xb2]'f[0xb3][0xf4]'jb>9[0xa7][0xd0][0x85][0xa4]y[0xc7][0xf7][0x88]y[0xdc][0xdc][0x1a][0xcb]m[0xa1]h[0x9b][0xfd][0xb6]H[0xa1][0xed][0x95][0x98][0xc7][0xdd][0xed][0xf4][0xe1][0x8c][0xac][0xb3][0xc5].9r[0xd1][0xe5]~[0x84]%$[0xde][0x8a][ [0xeb][0x90][0x83]Rpi[0xf4]I[0x1b][0xfd]Q[0xe4]`[0x9][0xde][0x19][0xe1][0x98]$[0x90]%[0xcb]04=[0xcb][0xa0][0xf0]_[0xa4][0xd8]mBJ3'[0x1a][0xc4]>I[0xf0][0xce][0xdc][0xab]L[0xbe]L[0x98][0xb8]i[0xe3][0x9d][0xa0][0xe][0xc2]_[0xea]us[0x9c][0xb5][0xf8][0xca][0x1f][0xa7][0x0]w[0xad]dx[0xdc][0xa1][0x88][0x6][0xee][0xb8][0x1c][0x9][0x86]e[0x82][0xb2][0x1b][0xe4];y[0x9a][0xe0]/[0x8d]s[0x13]F{[0x10]58[0xa3]175[0xe7][0x2][0xc9][0x92]?[0x17][0xc1][0xbb]Wv[0x9e]w7U[0xa7]$i[0xfd]R[0x94][0x9d][0xa2]v?[0xaf]o[0xb3][0xa7][0xc3][0xa0][0xb8]M[0x91]h[0x8d][0xe8][0x9a]4b(F[0x82][0xe3][0xc9]V[0xc3][0xa8][0xb1],E[0x19][0x87][0xf1][0xf8][0x84]b[0x83]C[0xee][0x8a]c[0xe2]6,'[0x96]Bm[0xa6]Y[0xcd][0xde][0x8f]![0xf0][0xac][0x8f][0x14][0x1c]&[0x9e]'[0x92][0xa3]0[0xcd][0xad]"
09:53:49.674 [main] DEBUG org.apache.http.wire -- http-outgoing-2 << "[0x13][0xcd]s@[0xdf][0xc2]A[0x7][0x15][0xa5]G[0x16]\[0xe5]rn[0xbc][0xb3][0xe3][0xe4][0xf7][0xcf][0xbc][0xf3][0x94]-[0xcd][0xbc][0x1f][0x8c][0xf7]v[0xde]x[0xa2][0x98]0[0x9b]Q/[0xe6][0xb3]a3q[0x99][0x1b][0xd7][0x92]f2[0xc9]M8PL9@[0x1a]o|[0xc8][0xaa][0x19][0x1b]V[0xc3][0x92][0x8c][0x8c]KUW[0xb2][0x93][0xaa][0xae][0x16]l[0xee][0x15][0x9d][0xe7][0xed]=6[0x9e]x[0xd6]p[0xf5][0x0]/[0xcb]H[0x87][0xcd]W[0xc9][0xc6][0xc1][0xfb]c[0xec][0xfd]p9[0xd6]\[0x1] [0x85]lw[0xcb]~[0x8c][0xd1]2-4[0x1][0xad][0xbd][0xa8][0xd4][0x9c][0xe8]pF[0x9d][0xe6][0x96][0xfd][0xb0]4Q[0x97][0xf0][0x96][0xd3]2[0x2]2[0xe7][0xe6]W^I[0xf9]c[0xd4]<9K[0xd6][0xc7]A[0x18]ox[0xc][0xcc][0xda]#=[0xad][0x93][0xf1]&?"[0xc0][0x86]([0x3][0xf5]Y[0xea][0x8a]8[0x91]b[0x12][0x93][0xf7]*W[0x93][0x9c]6[0x9c][0x8c]9z[0x8c][0x8f][0x12];6[0x92]9[0xd1]u[0x18]%n[0x9e]7[0x16][0x8][0xd9][0xec][0x95][0x84]\[0xa0][0x11][0x14][0xfc]1^[0xcc][0xff]}O[0xb6][0xdb][0xdc]3[0x1][0xdb]][0xd9][0x1c][0xef][0xae][0xd9][0xb1][0xdd]|[0xa1][0xb6][0x9c][0xb5]S[0x96]+b>ON[0x94][0xc9][0x1e][0xbc]Laf[0x8d][0xe1][0x12][[0xb4]v[0xdc][0x8e][0x11][0xca][0xf0]M[0xf1]$[0xdc]D[0x1][0xf2]8[0x8b]x[0x17]<[0xba]<[0xa7][0x10][0xff][0xaa][0x1d][0xab][0x10][0xb][0xa0][0x16]k*[0xea]%[0x18][0xca][0xe4],[0xdb][0xb5][0x14]F[0xb1][0x13][0x11][0x94]O[0xe9]"'<[0xe2][0xc]S[0xd4][0x8a][0xff][0xb6][0xe1][0xf8][0xff]z[0x86][0x92]{8[0xe][0x13][0x83][0x13]([0x1f][0xac]d[0x8e]N[0x11][0x86]1[0xc][0x8c][0xbf][0x88]j[0xeb]C[0xc7][0xcb][0xb9][0x15][0xfc]J[0xe9][0xba][0x1d]9p [0x9b][0xcb][0xc][0xb2]q[0x93]?[0xc0][0x18]t[0xca]b8[0xe6][0x94][0xba]5$[0xe2]H[0xf3][0x1c][0xe0][0x1b][0xb6][0xf9][0x9d][0xa8][0x1c][0xcf][0x17]K[0x1e]/[0xab][0xdf][0x8]]q[0x8c][0xbb][0xe9]U[0x92]Yp[0xb9]{,[0x9b][0x94][0xf5][0xe7][0xdf][0xeb]*[0xf9][0x84][0xa6]ze2[0xe3]Q[0xf][0xd5][0xeb][0xba][0xae][0x8c][0xb6]:[0xf1][0xb5][0xcf][0xff][0x1][0xc8]w[0xee]T[0xf8][0x1a][0x0][0x0][\r][\n]"
09:53:49.674 [main] DEBUG org.apache.http.impl.conn.DefaultManagedHttpClientConnection -- http-outgoing-2: Close connection
09:53:49.675 [main] DEBUG org.apache.http.impl.execchain.MainClientExec -- Connection discarded
09:53:49.675 [main] DEBUG org.apache.http.impl.conn.PoolingHttpClientConnectionManager -- Connection released: [id: 2][route: {s}->https://dummyjson.com:443][total available: 0; route allocated: 0 of 5; total allocated: 0 of 10]
09:53:49.675 [main] DEBUG org.apache.http.impl.conn.PoolingHttpClientConnectionManager -- Connection manager is shutting down
09:53:49.675 [main] DEBUG org.apache.http.impl.conn.PoolingHttpClientConnectionManager -- Connection manager shut down
09:53:49.675 [main] DEBUG com.intuit.karate -- response time in milliseconds: 75
1 < 200
1 < Access-Control-Allow-Origin: *
1 < Content-Type: application/json; charset=utf-8
1 < Date: Tue, 05 Aug 2025 02:53:49 GMT
1 < Etag: W/"1af8-MYn2AMO7dlG0FSq0o8JFuC34tPo"
1 < Server: railway-edge
1 < Strict-Transport-Security: max-age=15552000; includeSubDomains
1 < Vary: Accept-Encoding
1 < X-Content-Type-Options: nosniff
1 < X-Dns-Prefetch-Control: off
1 < X-Download-Options: noopen
1 < X-Frame-Options: SAMEORIGIN
1 < X-Powered-By: Cats on Keyboards
1 < X-Railway-Edge: railway/asia-southeast1-eqsg3a
1 < X-Railway-Request-Id: 06HUFJfcQlCpX4LBAQeqjw
1 < X-Ratelimit-Limit: 100
1 < X-Ratelimit-Remaining: 98
1 < X-Ratelimit-Reset: 1754362440
1 < X-Xss-Protection: 1; mode=block
1 < Transfer-Encoding: chunked
{
  "posts": [
    {
      "id": 7,
      "title": "This is important to remember.",
      "body": "This is important to remember. Love isn't like pie. You don't need to divide it among all your friends and loved ones. No matter how much love you give, you can always give more. It doesn't run out, so don't try to hold back giving it as if it may one day run out. Give it freely and as much as you want.",
      "tags": [
        "magical",
        "crime"
      ],
      "reactions": {
        "likes": 127,
        "dislikes": 26
      },
      "views": 168,
      "userId": 70
    },
    {
      "id": 39,
      "title": "It was so great to hear from you today",
      "body": "\"It was so great to hear from you today and it was such weird timing,\" he said. \"This is going to sound funny and a little strange, but you were in a dream I had just a couple of days ago. I'd love to get together and tell you about it if you're up for a cup of coffee,\" he continued, laying the trap he'd been planning for years.",
      "tags": [
        "french",
        "magical",
        "american"
      ],
      "reactions": {
        "likes": 772,
        "dislikes": 39
      },
      "views": 1129,
      "userId": 115
    },
    {
      "id": 55,
      "title": "She tried to explain that love wasn't like pie.",
      "body": "She tried to explain that love wasn't like pie. There wasn't a set number of slices to be given out. There wasn't less to be given to one person if you wanted to give more to another. That after a set amount was given out it would all disappear. She tried to explain this, but it fell on deaf ears.",
      "tags": [
        "mystery",
        "crime",
        "fiction"
      ],
      "reactions": {
        "likes": 56,
        "dislikes": 46
      },
      "views": 380,
      "userId": 105
    },
    {
      "id": 102,
      "title": "Being in high school, Miles had no idea there",
      "body": "were girls in the world who might be nice to some boy who'd suffered the misfortune of falling in love with them, even when they couldn't return the favor.",
      "tags": [
        "love",
        "american",
        "english"
      ],
      "reactions": {
        "likes": 1091,
        "dislikes": 11
      },
      "views": 1397,
      "userId": 73
    },
    {
      "id": 104,
      "title": "Each failed overture of peace made the next",
      "body": "overture less likely to succeed. Before long, what at first glance had seemed to Gary an absurd possibility - that the till of their marriage no longer contained sufficient funds of love and goodwill to cover the emotional costs that going to St.",
      "tags": [
        "american",
        "english",
        "crime"
      ],
      "reactions": {
        "likes": 1049,
        "dislikes": 29
      },
      "views": 4033,
      "userId": 77
    },
    {
      "id": 127,
      "title": "If I may so express it, I was steeped in Dora.",
      "body": "was not merely over head and ears in love with her, but I was saturated through and through. Enough love might have been wrung out of me, metaphorically speaking,",
      "tags": [
        "english",
        "american"
      ],
      "reactions": {
        "likes": 400,
        "dislikes": 21
      },
      "views": 767,
      "userId": 43
    },
    {
      "id": 143,
      "title": "Everything failed to subdue me",
      "body": "Everything failed to subdue me. Soon everything seemed dull: another sunrise, the lives of heroes, failing love, war, the discoveries people made about each other.",
      "tags": [
        "french",
        "american",
        "history"
      ],
      "reactions": {
        "likes": 118,
        "dislikes": 41
      },
      "views": 269,
      "userId": 34
    },
    {
      "id": 145,
      "title": "But just as I didn't want to resent my kids",
      "body": "I also didn't want to find myself too much in love with them. There are parents who don't like to hear their little girl crying at night, at the vast approaching dark of sleep, and so in their torment think why not feed her a lollipop, and a few years later that kid's got seven cavities and a pulled tooth.",
      "tags": [
        "love",
        "magical",
        "classic"
      ],
      "reactions": {
        "likes": 974,
        "dislikes": 36
      },
      "views": 2463,
      "userId": 126
    },
    {
      "id": 147,
      "title": "They look so fine, and young",
      "body": "They look so fine, and young, and wrapped up in each other. Love is so fresh and clean at that age. Don't you think?",
      "tags": [
        "french",
        "classic",
        "history"
      ],
      "reactions": {
        "likes": 481,
        "dislikes": 21
      },
      "views": 559,
      "userId": 126
    },
    {
      "id": 148,
      "title": "Your only chance of survival",
      "body": "Your only chance of survival, if you are sincerely smitten, lies in hiding this fact from the woman you love, of feigning a casual detachment under all circumstances.",
      "tags": [
        "crime",
        "classic",
        "love"
      ],
      "reactions": {
        "likes": 1280,
        "dislikes": 4
      },
      "views": 3588,
      "userId": 138
    },
    {
      "id": 150,
      "title": "Were you in love with her?",
      "body": "The question is in a way meaningless, she knows, but one must ask. Love in such situations is rarely real. Sex is the engine, exalting and ruining people, sex and frustration. Love is what people believe is worth the path of devastation.",
      "tags": [
        "fiction",
        "mystery",
        "english"
      ],
      "reactions": {
        "likes": 234,
        "dislikes": 10
      },
      "views": 406,
      "userId": 94
    },
    {
      "id": 152,
      "title": "He gazed at the old photographs",
      "body": "Memories of a bygone era, each picture telling a story of love, loss, and life. They were his treasures, his link to the past. The sepia tones and worn edges spoke of days long gone, of moments frozen in time that still held so much emotion and significance.",
      "tags": [
        "memory",
        "history",
        "nostalgia"
      ],
      "reactions": {
        "likes": 555,
        "dislikes": 16
      },
      "views": 2270,
      "userId": 57
    },
    {
      "id": 157,
      "title": "The old man told tales of his youth",
      "body": "Stories of adventure, love, and loss. His eyes sparkled with memories, his voice rich with emotion. Each tale was a piece of history, a fragment of a life lived fully, offering lessons learned and wisdom gained through years of experience.",
      "tags": [
        "stories",
        "memory",
        "emotion"
      ],
      "reactions": {
        "likes": 610,
        "dislikes": 22
      },
      "views": 3142,
      "userId": 92
    },
    {
      "id": 163,
      "title": "She wandered through the ancient ruins",
      "body": "The remnants of a civilization long gone. Each stone, each archway told a story of a bygone era, of people who lived, loved, and dreamed. The air was thick with history, and she felt a deep connection to the past as she explored the crumbling walls.",
      "tags": [
        "ruins",
        "history",
        "mystery"
      ],
      "reactions": {
        "likes": 183,
        "dislikes": 42
      },
      "views": 3098,
      "userId": 26
    },
    {
      "id": 180,
      "title": "The garden was a sanctuary",
      "body": "A place where she could escape the stresses of daily life. Surrounded by greenery and the sound of birdsong, she found peace and solace. Each plant, each bloom was a testament to her care and love, a living tapestry of colors and scents.",
      "tags": [
        "garden",
        "peace",
        "sanctuary"
      ],
      "reactions": {
        "likes": 282,
        "dislikes": 42
      },
      "views": 704,
      "userId": 195
    },
    {
      "id": 181,
      "title": "The bookshop was a treasure trove",
      "body": "Every shelf crammed with stories waiting to be discovered. The scent of old books and the quiet atmosphere created a haven for book lovers. It was a place where time stood still, and one could lose themselves in the magic of reading.",
      "tags": [
        "bookshop",
        "books",
        "magic"
      ],
      "reactions": {
        "likes": 1231,
        "dislikes": 10
      },
      "views": 2367,
      "userId": 36
    },
    {
      "id": 217,
      "title": "The old windmill stood as a symbol of bygone days",
      "body": "Its weathered sails creaked and groaned in the wind, a reminder of a time when such structures dotted the countryside. Inside, the machinery lay dormant, its purpose long forgotten. Yet the windmill remained a beloved landmark, a link to the past in an ever-changing world.",
      "tags": [
        "windmill",
        "history",
        "countryside"
      ],
      "reactions": {
        "likes": 2,
        "dislikes": 0
      },
      "views": 36,
      "userId": 120
    }
  ],
  "total": 17,
  "skip": 0,
  "limit": 17
}


09:53:49.677 [main] DEBUG com.jayway.jsonpath.internal.path.CompiledPath -- Evaluating path: $['total']
09:53:49.693 [main] INFO com.intuit.karate -- [print] {
  "posts": [
    {
      "id": 7,
      "title": "This is important to remember.",
      "body": "This is important to remember. Love isn't like pie. You don't need to divide it among all your friends and loved ones. No matter how much love you give, you can always give more. It doesn't run out, so don't try to hold back giving it as if it may one day run out. Give it freely and as much as you want.",
      "tags": [
        "magical",
        "crime"
      ],
      "reactions": {
        "likes": 127,
        "dislikes": 26
      },
      "views": 168,
      "userId": 70
    },
    {
      "id": 39,
      "title": "It was so great to hear from you today",
      "body": "\"It was so great to hear from you today and it was such weird timing,\" he said. \"This is going to sound funny and a little strange, but you were in a dream I had just a couple of days ago. I'd love to get together and tell you about it if you're up for a cup of coffee,\" he continued, laying the trap he'd been planning for years.",
      "tags": [
        "french",
        "magical",
        "american"
      ],
      "reactions": {
        "likes": 772,
        "dislikes": 39
      },
      "views": 1129,
      "userId": 115
    },
    {
      "id": 55,
      "title": "She tried to explain that love wasn't like pie.",
      "body": "She tried to explain that love wasn't like pie. There wasn't a set number of slices to be given out. There wasn't less to be given to one person if you wanted to give more to another. That after a set amount was given out it would all disappear. She tried to explain this, but it fell on deaf ears.",
      "tags": [
        "mystery",
        "crime",
        "fiction"
      ],
      "reactions": {
        "likes": 56,
        "dislikes": 46
      },
      "views": 380,
      "userId": 105
    },
    {
      "id": 102,
      "title": "Being in high school, Miles had no idea there",
      "body": "were girls in the world who might be nice to some boy who'd suffered the misfortune of falling in love with them, even when they couldn't return the favor.",
      "tags": [
        "love",
        "american",
        "english"
      ],
      "reactions": {
        "likes": 1091,
        "dislikes": 11
      },
      "views": 1397,
      "userId": 73
    },
    {
      "id": 104,
      "title": "Each failed overture of peace made the next",
      "body": "overture less likely to succeed. Before long, what at first glance had seemed to Gary an absurd possibility - that the till of their marriage no longer contained sufficient funds of love and goodwill to cover the emotional costs that going to St.",
      "tags": [
        "american",
        "english",
        "crime"
      ],
      "reactions": {
        "likes": 1049,
        "dislikes": 29
      },
      "views": 4033,
      "userId": 77
    },
    {
      "id": 127,
      "title": "If I may so express it, I was steeped in Dora.",
      "body": "was not merely over head and ears in love with her, but I was saturated through and through. Enough love might have been wrung out of me, metaphorically speaking,",
      "tags": [
        "english",
        "american"
      ],
      "reactions": {
        "likes": 400,
        "dislikes": 21
      },
      "views": 767,
      "userId": 43
    },
    {
      "id": 143,
      "title": "Everything failed to subdue me",
      "body": "Everything failed to subdue me. Soon everything seemed dull: another sunrise, the lives of heroes, failing love, war, the discoveries people made about each other.",
      "tags": [
        "french",
        "american",
        "history"
      ],
      "reactions": {
        "likes": 118,
        "dislikes": 41
      },
      "views": 269,
      "userId": 34
    },
    {
      "id": 145,
      "title": "But just as I didn't want to resent my kids",
      "body": "I also didn't want to find myself too much in love with them. There are parents who don't like to hear their little girl crying at night, at the vast approaching dark of sleep, and so in their torment think why not feed her a lollipop, and a few years later that kid's got seven cavities and a pulled tooth.",
      "tags": [
        "love",
        "magical",
        "classic"
      ],
      "reactions": {
        "likes": 974,
        "dislikes": 36
      },
      "views": 2463,
      "userId": 126
    },
    {
      "id": 147,
      "title": "They look so fine, and young",
      "body": "They look so fine, and young, and wrapped up in each other. Love is so fresh and clean at that age. Don't you think?",
      "tags": [
        "french",
        "classic",
        "history"
      ],
      "reactions": {
        "likes": 481,
        "dislikes": 21
      },
      "views": 559,
      "userId": 126
    },
    {
      "id": 148,
      "title": "Your only chance of survival",
      "body": "Your only chance of survival, if you are sincerely smitten, lies in hiding this fact from the woman you love, of feigning a casual detachment under all circumstances.",
      "tags": [
        "crime",
        "classic",
        "love"
      ],
      "reactions": {
        "likes": 1280,
        "dislikes": 4
      },
      "views": 3588,
      "userId": 138
    },
    {
      "id": 150,
      "title": "Were you in love with her?",
      "body": "The question is in a way meaningless, she knows, but one must ask. Love in such situations is rarely real. Sex is the engine, exalting and ruining people, sex and frustration. Love is what people believe is worth the path of devastation.",
      "tags": [
        "fiction",
        "mystery",
        "english"
      ],
      "reactions": {
        "likes": 234,
        "dislikes": 10
      },
      "views": 406,
      "userId": 94
    },
    {
      "id": 152,
      "title": "He gazed at the old photographs",
      "body": "Memories of a bygone era, each picture telling a story of love, loss, and life. They were his treasures, his link to the past. The sepia tones and worn edges spoke of days long gone, of moments frozen in time that still held so much emotion and significance.",
      "tags": [
        "memory",
        "history",
        "nostalgia"
      ],
      "reactions": {
        "likes": 555,
        "dislikes": 16
      },
      "views": 2270,
      "userId": 57
    },
    {
      "id": 157,
      "title": "The old man told tales of his youth",
      "body": "Stories of adventure, love, and loss. His eyes sparkled with memories, his voice rich with emotion. Each tale was a piece of history, a fragment of a life lived fully, offering lessons learned and wisdom gained through years of experience.",
      "tags": [
        "stories",
        "memory",
        "emotion"
      ],
      "reactions": {
        "likes": 610,
        "dislikes": 22
      },
      "views": 3142,
      "userId": 92
    },
    {
      "id": 163,
      "title": "She wandered through the ancient ruins",
      "body": "The remnants of a civilization long gone. Each stone, each archway told a story of a bygone era, of people who lived, loved, and dreamed. The air was thick with history, and she felt a deep connection to the past as she explored the crumbling walls.",
      "tags": [
        "ruins",
        "history",
        "mystery"
      ],
      "reactions": {
        "likes": 183,
        "dislikes": 42
      },
      "views": 3098,
      "userId": 26
    },
    {
      "id": 180,
      "title": "The garden was a sanctuary",
      "body": "A place where she could escape the stresses of daily life. Surrounded by greenery and the sound of birdsong, she found peace and solace. Each plant, each bloom was a testament to her care and love, a living tapestry of colors and scents.",
      "tags": [
        "garden",
        "peace",
        "sanctuary"
      ],
      "reactions": {
        "likes": 282,
        "dislikes": 42
      },
      "views": 704,
      "userId": 195
    },
    {
      "id": 181,
      "title": "The bookshop was a treasure trove",
      "body": "Every shelf crammed with stories waiting to be discovered. The scent of old books and the quiet atmosphere created a haven for book lovers. It was a place where time stood still, and one could lose themselves in the magic of reading.",
      "tags": [
        "bookshop",
        "books",
        "magic"
      ],
      "reactions": {
        "likes": 1231,
        "dislikes": 10
      },
      "views": 2367,
      "userId": 36
    },
    {
      "id": 217,
      "title": "The old windmill stood as a symbol of bygone days",
      "body": "Its weathered sails creaked and groaned in the wind, a reminder of a time when such structures dotted the countryside. Inside, the machinery lay dormant, its purpose long forgotten. Yet the windmill remained a beloved landmark, a link to the past in an ever-changing world.",
      "tags": [
        "windmill",
        "history",
        "countryside"
      ],
      "reactions": {
        "likes": 2,
        "dislikes": 0
      },
      "views": 36,
      "userId": 120
    }
  ],
  "total": 17,
  "skip": 0,
  "limit": 17
}
 
]]></system-out>
  </testcase>
  <testcase name="[4:41] Get Posts with Limit, Skip &amp; Selected Fields" classname="dummyjson/Posts" time="0.082">
    <system-out><![CDATA[09:53:49.703 [main] DEBUG org.apache.http.client.protocol.RequestAddCookies -- CookieSpec selected: karate
09:53:49.703 [main] DEBUG org.apache.http.client.protocol.RequestAuthCache -- Auth cache not set in the context
09:53:49.703 [main] DEBUG com.intuit.karate -- request:
1 > GET https://dummyjson.com/posts?select=title%2Creactions%2CuserId&limit=10&skip=10
1 > Host: dummyjson.com
1 > Connection: Keep-Alive
1 > User-Agent: Apache-HttpClient/4.5.14 (Java/21.0.8)
1 > Accept-Encoding: gzip,deflate


09:53:49.703 [main] DEBUG org.apache.http.impl.conn.PoolingHttpClientConnectionManager -- Connection request: [route: {s}->https://dummyjson.com:443][total available: 0; route allocated: 0 of 5; total allocated: 0 of 10]
09:53:49.704 [main] DEBUG org.apache.http.impl.conn.PoolingHttpClientConnectionManager -- Connection leased: [id: 3][route: {s}->https://dummyjson.com:443][total available: 0; route allocated: 1 of 5; total allocated: 1 of 10]
09:53:49.704 [main] DEBUG org.apache.http.impl.execchain.MainClientExec -- Opening connection {s}->https://dummyjson.com:443
09:53:49.704 [main] DEBUG org.apache.http.impl.conn.DefaultHttpClientConnectionOperator -- Connecting to dummyjson.com/66.33.22.3:443
09:53:49.704 [main] DEBUG org.apache.http.conn.ssl.SSLConnectionSocketFactory -- Connecting socket to dummyjson.com/66.33.22.3:443 with timeout 30000
09:53:49.724 [main] DEBUG org.apache.http.conn.ssl.SSLConnectionSocketFactory -- Enabled protocols: [TLSv1.3, TLSv1.2]
09:53:49.724 [main] DEBUG org.apache.http.conn.ssl.SSLConnectionSocketFactory -- Enabled cipher suites:[TLS_AES_256_GCM_SHA384, TLS_AES_128_GCM_SHA256, TLS_CHACHA20_POLY1305_SHA256, TLS_ECDHE_ECDSA_WITH_AES_256_GCM_SHA384, TLS_ECDHE_ECDSA_WITH_AES_128_GCM_SHA256, TLS_ECDHE_ECDSA_WITH_CHACHA20_POLY1305_SHA256, TLS_ECDHE_RSA_WITH_AES_256_GCM_SHA384, TLS_ECDHE_RSA_WITH_CHACHA20_POLY1305_SHA256, TLS_ECDHE_RSA_WITH_AES_128_GCM_SHA256, TLS_DHE_RSA_WITH_AES_256_GCM_SHA384, TLS_DHE_RSA_WITH_CHACHA20_POLY1305_SHA256, TLS_DHE_DSS_WITH_AES_256_GCM_SHA384, TLS_DHE_RSA_WITH_AES_128_GCM_SHA256, TLS_DHE_DSS_WITH_AES_128_GCM_SHA256, TLS_ECDHE_ECDSA_WITH_AES_256_CBC_SHA384, TLS_ECDHE_RSA_WITH_AES_256_CBC_SHA384, TLS_ECDHE_ECDSA_WITH_AES_128_CBC_SHA256, TLS_ECDHE_RSA_WITH_AES_128_CBC_SHA256, TLS_DHE_RSA_WITH_AES_256_CBC_SHA256, TLS_DHE_DSS_WITH_AES_256_CBC_SHA256, TLS_DHE_RSA_WITH_AES_128_CBC_SHA256, TLS_DHE_DSS_WITH_AES_128_CBC_SHA256, TLS_ECDHE_ECDSA_WITH_AES_256_CBC_SHA, TLS_ECDHE_RSA_WITH_AES_256_CBC_SHA, TLS_ECDHE_ECDSA_WITH_AES_128_CBC_SHA, TLS_ECDHE_RSA_WITH_AES_128_CBC_SHA, TLS_DHE_RSA_WITH_AES_256_CBC_SHA, TLS_DHE_DSS_WITH_AES_256_CBC_SHA, TLS_DHE_RSA_WITH_AES_128_CBC_SHA, TLS_DHE_DSS_WITH_AES_128_CBC_SHA, TLS_RSA_WITH_AES_256_GCM_SHA384, TLS_RSA_WITH_AES_128_GCM_SHA256, TLS_RSA_WITH_AES_256_CBC_SHA256, TLS_RSA_WITH_AES_128_CBC_SHA256, TLS_RSA_WITH_AES_256_CBC_SHA, TLS_RSA_WITH_AES_128_CBC_SHA, TLS_EMPTY_RENEGOTIATION_INFO_SCSV]
09:53:49.724 [main] DEBUG org.apache.http.conn.ssl.SSLConnectionSocketFactory -- Starting handshake
09:53:49.748 [main] DEBUG org.apache.http.conn.ssl.SSLConnectionSocketFactory -- Secure session established
09:53:49.748 [main] DEBUG org.apache.http.conn.ssl.SSLConnectionSocketFactory --  negotiated protocol: TLSv1.3
09:53:49.748 [main] DEBUG org.apache.http.conn.ssl.SSLConnectionSocketFactory --  negotiated cipher suite: TLS_AES_128_GCM_SHA256
09:53:49.748 [main] DEBUG org.apache.http.conn.ssl.SSLConnectionSocketFactory --  peer principal: CN=dummyjson.com
09:53:49.748 [main] DEBUG org.apache.http.conn.ssl.SSLConnectionSocketFactory --  peer alternative names: [dummyjson.com]
09:53:49.748 [main] DEBUG org.apache.http.conn.ssl.SSLConnectionSocketFactory --  issuer principal: CN=R11, O=Let's Encrypt, C=US
09:53:49.748 [main] DEBUG org.apache.http.impl.conn.DefaultHttpClientConnectionOperator -- Connection established 192.168.1.4:62499<->66.33.22.3:443
09:53:49.748 [main] DEBUG org.apache.http.impl.conn.DefaultManagedHttpClientConnection -- http-outgoing-3: set socket timeout to 30000
09:53:49.748 [main] DEBUG org.apache.http.impl.execchain.MainClientExec -- Executing request GET /posts?select=title%2Creactions%2CuserId&limit=10&skip=10 HTTP/1.1
09:53:49.748 [main] DEBUG org.apache.http.impl.execchain.MainClientExec -- Target auth state: UNCHALLENGED
09:53:49.748 [main] DEBUG org.apache.http.impl.execchain.MainClientExec -- Proxy auth state: UNCHALLENGED
09:53:49.748 [main] DEBUG org.apache.http.headers -- http-outgoing-3 >> GET /posts?select=title%2Creactions%2CuserId&limit=10&skip=10 HTTP/1.1
09:53:49.748 [main] DEBUG org.apache.http.headers -- http-outgoing-3 >> Host: dummyjson.com
09:53:49.748 [main] DEBUG org.apache.http.headers -- http-outgoing-3 >> Connection: Keep-Alive
09:53:49.748 [main] DEBUG org.apache.http.headers -- http-outgoing-3 >> User-Agent: Apache-HttpClient/4.5.14 (Java/21.0.8)
09:53:49.748 [main] DEBUG org.apache.http.headers -- http-outgoing-3 >> Accept-Encoding: gzip,deflate
09:53:49.748 [main] DEBUG org.apache.http.wire -- http-outgoing-3 >> "GET /posts?select=title%2Creactions%2CuserId&limit=10&skip=10 HTTP/1.1[\r][\n]"
09:53:49.748 [main] DEBUG org.apache.http.wire -- http-outgoing-3 >> "Host: dummyjson.com[\r][\n]"
09:53:49.748 [main] DEBUG org.apache.http.wire -- http-outgoing-3 >> "Connection: Keep-Alive[\r][\n]"
09:53:49.748 [main] DEBUG org.apache.http.wire -- http-outgoing-3 >> "User-Agent: Apache-HttpClient/4.5.14 (Java/21.0.8)[\r][\n]"
09:53:49.748 [main] DEBUG org.apache.http.wire -- http-outgoing-3 >> "Accept-Encoding: gzip,deflate[\r][\n]"
09:53:49.748 [main] DEBUG org.apache.http.wire -- http-outgoing-3 >> "[\r][\n]"
09:53:49.771 [main] DEBUG org.apache.http.wire -- http-outgoing-3 << "HTTP/1.1 200 OK[\r][\n]"
09:53:49.771 [main] DEBUG org.apache.http.wire -- http-outgoing-3 << "Access-Control-Allow-Origin: *[\r][\n]"
09:53:49.771 [main] DEBUG org.apache.http.wire -- http-outgoing-3 << "Content-Encoding: gzip[\r][\n]"
09:53:49.771 [main] DEBUG org.apache.http.wire -- http-outgoing-3 << "Content-Type: application/json; charset=utf-8[\r][\n]"
09:53:49.771 [main] DEBUG org.apache.http.wire -- http-outgoing-3 << "Date: Tue, 05 Aug 2025 02:53:49 GMT[\r][\n]"
09:53:49.771 [main] DEBUG org.apache.http.wire -- http-outgoing-3 << "Etag: W/"47a-3op6CTPa01ezm/NUTQZnJhpp5ME"[\r][\n]"
09:53:49.771 [main] DEBUG org.apache.http.wire -- http-outgoing-3 << "Server: railway-edge[\r][\n]"
09:53:49.771 [main] DEBUG org.apache.http.wire -- http-outgoing-3 << "Strict-Transport-Security: max-age=15552000; includeSubDomains[\r][\n]"
09:53:49.771 [main] DEBUG org.apache.http.wire -- http-outgoing-3 << "Vary: Accept-Encoding[\r][\n]"
09:53:49.771 [main] DEBUG org.apache.http.wire -- http-outgoing-3 << "X-Content-Type-Options: nosniff[\r][\n]"
09:53:49.771 [main] DEBUG org.apache.http.wire -- http-outgoing-3 << "X-Dns-Prefetch-Control: off[\r][\n]"
09:53:49.771 [main] DEBUG org.apache.http.wire -- http-outgoing-3 << "X-Download-Options: noopen[\r][\n]"
09:53:49.771 [main] DEBUG org.apache.http.wire -- http-outgoing-3 << "X-Frame-Options: SAMEORIGIN[\r][\n]"
09:53:49.771 [main] DEBUG org.apache.http.wire -- http-outgoing-3 << "X-Powered-By: Cats on Keyboards[\r][\n]"
09:53:49.771 [main] DEBUG org.apache.http.wire -- http-outgoing-3 << "X-Railway-Edge: railway/asia-southeast1-eqsg3a[\r][\n]"
09:53:49.771 [main] DEBUG org.apache.http.wire -- http-outgoing-3 << "X-Railway-Request-Id: rKgRQnMzRPqhiV0hAQeqjw[\r][\n]"
09:53:49.771 [main] DEBUG org.apache.http.wire -- http-outgoing-3 << "X-Ratelimit-Limit: 100[\r][\n]"
09:53:49.771 [main] DEBUG org.apache.http.wire -- http-outgoing-3 << "X-Ratelimit-Remaining: 97[\r][\n]"
09:53:49.771 [main] DEBUG org.apache.http.wire -- http-outgoing-3 << "X-Ratelimit-Reset: 1754362440[\r][\n]"
09:53:49.771 [main] DEBUG org.apache.http.wire -- http-outgoing-3 << "X-Xss-Protection: 1; mode=block[\r][\n]"
09:53:49.771 [main] DEBUG org.apache.http.wire -- http-outgoing-3 << "Transfer-Encoding: chunked[\r][\n]"
09:53:49.771 [main] DEBUG org.apache.http.wire -- http-outgoing-3 << "[\r][\n]"
09:53:49.771 [main] DEBUG org.apache.http.headers -- http-outgoing-3 << HTTP/1.1 200 OK
09:53:49.771 [main] DEBUG org.apache.http.headers -- http-outgoing-3 << Access-Control-Allow-Origin: *
09:53:49.771 [main] DEBUG org.apache.http.headers -- http-outgoing-3 << Content-Encoding: gzip
09:53:49.771 [main] DEBUG org.apache.http.headers -- http-outgoing-3 << Content-Type: application/json; charset=utf-8
09:53:49.771 [main] DEBUG org.apache.http.headers -- http-outgoing-3 << Date: Tue, 05 Aug 2025 02:53:49 GMT
09:53:49.771 [main] DEBUG org.apache.http.headers -- http-outgoing-3 << Etag: W/"47a-3op6CTPa01ezm/NUTQZnJhpp5ME"
09:53:49.771 [main] DEBUG org.apache.http.headers -- http-outgoing-3 << Server: railway-edge
09:53:49.771 [main] DEBUG org.apache.http.headers -- http-outgoing-3 << Strict-Transport-Security: max-age=15552000; includeSubDomains
09:53:49.771 [main] DEBUG org.apache.http.headers -- http-outgoing-3 << Vary: Accept-Encoding
09:53:49.771 [main] DEBUG org.apache.http.headers -- http-outgoing-3 << X-Content-Type-Options: nosniff
09:53:49.771 [main] DEBUG org.apache.http.headers -- http-outgoing-3 << X-Dns-Prefetch-Control: off
09:53:49.771 [main] DEBUG org.apache.http.headers -- http-outgoing-3 << X-Download-Options: noopen
09:53:49.771 [main] DEBUG org.apache.http.headers -- http-outgoing-3 << X-Frame-Options: SAMEORIGIN
09:53:49.771 [main] DEBUG org.apache.http.headers -- http-outgoing-3 << X-Powered-By: Cats on Keyboards
09:53:49.771 [main] DEBUG org.apache.http.headers -- http-outgoing-3 << X-Railway-Edge: railway/asia-southeast1-eqsg3a
09:53:49.771 [main] DEBUG org.apache.http.headers -- http-outgoing-3 << X-Railway-Request-Id: rKgRQnMzRPqhiV0hAQeqjw
09:53:49.771 [main] DEBUG org.apache.http.headers -- http-outgoing-3 << X-Ratelimit-Limit: 100
09:53:49.771 [main] DEBUG org.apache.http.headers -- http-outgoing-3 << X-Ratelimit-Remaining: 97
09:53:49.771 [main] DEBUG org.apache.http.headers -- http-outgoing-3 << X-Ratelimit-Reset: 1754362440
09:53:49.771 [main] DEBUG org.apache.http.headers -- http-outgoing-3 << X-Xss-Protection: 1; mode=block
09:53:49.771 [main] DEBUG org.apache.http.headers -- http-outgoing-3 << Transfer-Encoding: chunked
09:53:49.771 [main] DEBUG org.apache.http.impl.execchain.MainClientExec -- Connection can be kept alive indefinitely
09:53:49.772 [main] DEBUG org.apache.http.wire -- http-outgoing-3 << "1cf[\r][\n]"
09:53:49.772 [main] DEBUG org.apache.http.wire -- http-outgoing-3 << "[0x1f][0x8b][0x8][0x0][0x0][0x0][0x0][0x0][0x0][0x3]u[0x93][0xc1][0xae][0x9b]0[0x10]Ee[0xe4]M7[0xa8][\n]"
09:53:49.772 [main] DEBUG org.apache.http.wire -- http-outgoing-3 << "[0x10] [0xf0][0x5]}[0xeb][0xd7]][0xd5][0x85][0xc1][0xf3][0xe2]Q[0x8c]M[0xed]A4[0x8a][0xf2][0xef][0x95][0xf3]R[0x82][[0xb1][0xf3]l[0xee][0x99];[0xf7][0xfa]&&[0x17]8[0x88][0xee][0xc7]M[0x90][0x12]][0x9e]g[0x82][0x89][\r][0x8a]N[0xbc]1,2[0xd8]/[0xc][0xbf]fb[0x84]+20[0x8d][0x8][0xec]`[0x92][0x96][0x86][0xaf]"[0x13][0x1e][0xe5][0xc0][0xe4]l[0x10][0xdd]M[0x18][0xba]`[0x10][0xdd][0xb1]*3[0xa1](<[0xc7][0xd3]=[0x13]s@[0xff][0xa6]Dw,[0xef][0xd9][0x93]T[0xbc]H[0xef][0x1a]#[\n]"
09:53:49.772 [main] DEBUG org.apache.http.wire -- http-outgoing-3 << "[0xe4]"=[0x2]k[0xc9][0xc0][0x9a][0xec]9[0xc0][0xe0]f[0xa3][0xe0][0xec]`[0xf1][0xce][0x9e][0xf7][0x80]e]l[0x81][0xc7]jC<[0x15]+[0xb1][0xfc][0x97]h[0x19][0x15]xI[0xb6]w[0xb]hI~[0xf]P[0xd4][0xa7]-[0xa0]l7[0x80][0xbc]mW[0xc2][0xf1]E[0xf8][0xae][0x11]&9[0xa1]8[0xeb][0x8d][0xb4][0x97]=[0xf5]<O[0xd4][0xf3]f[0xab]~<[0xac][0xea]U[0xaa][0xce][0x1e]1d[0xc0][0x1a]=~8[0x8f][0x19][0x8c]s`[0xe8][0x11][0xc2]<hpF[0xed][0xf0][0xda]*Ox[0xc5][0x96][0xb7][0xd2][0xea][0x84][0xe6]?[0x13]r[0xd6]\[0xc1][0xd9]8\c[0xf][0x94][0xfb][0x9b][0x14][0xd9][0xb8][0x9][0xbc][0xb3]dv[0x16][0xb4][0x9b][0x3][0xee][0x1a].[0xaa]&[0xd9] [0xdf]l[0xb0]9g[0xf3]E[0xc8][0x82][0x4]={[0xdd][0x13][0xaf][0xe]IT[[0xe9][0xf2]u[0xcb]S*[0xad][0xa5][0x2][0x9][0x8c][0xde]So[0xe2][0xd8][0x13][0x83][0x83][0xc1][0x8d][0x93][0xf4]d[0xcf][0xa0][0xd1][0x83][0xa1][0x8f]G[0xf9]]<y[0xd8][0xab]J[0x93]X+[0xb6]Ui[0x9b][0x95][0xdf][0xa6]Y[0xc6][0x12][0x82][0xb4][\n]"
09:53:49.772 [main] DEBUG org.apache.http.wire -- http-outgoing-3 << "[0x16][0xb2][\n]"
09:53:49.772 [main] DEBUG org.apache.http.wire -- http-outgoing-3 << "d[0xef][0xe7][0x89][0xcd][0x15][0x2][0xbb]iB[0xb5]k[0xb5][0xae][0x13]V[0xd2][0x9b][0xf5][0xa7][0x15][0x87][0x17][0xeb][0x1b]~~[0xa9][0xf8][0xab]=[0x8e]8[0xf6][0xe8][0x1][0xcb]![0xd2][0x96]G[0xcc][0xcf]kx[0x94][\n]"
09:53:49.772 [main] DEBUG org.apache.http.wire -- http-outgoing-3 << "[0x88][0xf7]*[0xd4][0xb6][0xbb].[0xf3][0xe2][0xfe]3[0x13][0xec]X[0x1a][0xd1][0x15][0xb1]k[0xe1]B[0x93][0xe8][0xf2]C&[0xc][0x8d][0xc4][0xf1]y[0xff][0x3]u1[0x96]Gz[0x4][0x0][0x0][\r][\n]"
09:53:49.772 [main] DEBUG org.apache.http.impl.conn.DefaultManagedHttpClientConnection -- http-outgoing-3: Close connection
09:53:49.772 [main] DEBUG org.apache.http.impl.execchain.MainClientExec -- Connection discarded
09:53:49.772 [main] DEBUG org.apache.http.impl.conn.PoolingHttpClientConnectionManager -- Connection released: [id: 3][route: {s}->https://dummyjson.com:443][total available: 0; route allocated: 0 of 5; total allocated: 0 of 10]
09:53:49.772 [main] DEBUG org.apache.http.impl.conn.PoolingHttpClientConnectionManager -- Connection manager is shutting down
09:53:49.772 [main] DEBUG org.apache.http.impl.conn.PoolingHttpClientConnectionManager -- Connection manager shut down
09:53:49.773 [main] DEBUG com.intuit.karate -- response time in milliseconds: 69
1 < 200
1 < Access-Control-Allow-Origin: *
1 < Content-Type: application/json; charset=utf-8
1 < Date: Tue, 05 Aug 2025 02:53:49 GMT
1 < Etag: W/"47a-3op6CTPa01ezm/NUTQZnJhpp5ME"
1 < Server: railway-edge
1 < Strict-Transport-Security: max-age=15552000; includeSubDomains
1 < Vary: Accept-Encoding
1 < X-Content-Type-Options: nosniff
1 < X-Dns-Prefetch-Control: off
1 < X-Download-Options: noopen
1 < X-Frame-Options: SAMEORIGIN
1 < X-Powered-By: Cats on Keyboards
1 < X-Railway-Edge: railway/asia-southeast1-eqsg3a
1 < X-Railway-Request-Id: rKgRQnMzRPqhiV0hAQeqjw
1 < X-Ratelimit-Limit: 100
1 < X-Ratelimit-Remaining: 97
1 < X-Ratelimit-Reset: 1754362440
1 < X-Xss-Protection: 1; mode=block
1 < Transfer-Encoding: chunked
{
  "posts": [
    {
      "id": 11,
      "title": "It wasn't quite yet time to panic.",
      "reactions": {
        "likes": 453,
        "dislikes": 8
      },
      "userId": 43
    },
    {
      "id": 12,
      "title": "She was aware that things could go wrong.",
      "reactions": {
        "likes": 362,
        "dislikes": 45
      },
      "userId": 82
    },
    {
      "id": 13,
      "title": "She wanted rainbow hair.",
      "reactions": {
        "likes": 268,
        "dislikes": 39
      },
      "userId": 199
    },
    {
      "id": 14,
      "title": "The paper was blank.",
      "reactions": {
        "likes": 118,
        "dislikes": 17
      },
      "userId": 140
    },
    {
      "id": 15,
      "title": "The trees, therefore, must be such old",
      "reactions": {
        "likes": 951,
        "dislikes": 12
      },
      "userId": 1
    },
    {
      "id": 16,
      "title": "There was only one way to do things in the Statton house.",
      "reactions": {
        "likes": 1257,
        "dislikes": 11
      },
      "userId": 99
    },
    {
      "id": 17,
      "title": "She was in a hurry.",
      "reactions": {
        "likes": 50,
        "dislikes": 31
      },
      "userId": 30
    },
    {
      "id": 18,
      "title": "She had a terrible habit o comparing her life to others",
      "reactions": {
        "likes": 277,
        "dislikes": 29
      },
      "userId": 97
    },
    {
      "id": 19,
      "title": "The rain and wind abruptly stopped.",
      "reactions": {
        "likes": 566,
        "dislikes": 2
      },
      "userId": 143
    },
    {
      "id": 20,
      "title": "He couldn't remember exactly where he had read it",
      "reactions": {
        "likes": 999,
        "dislikes": 29
      },
      "userId": 12
    }
  ],
  "total": 251,
  "skip": 10,
  "limit": 10
}


09:53:49.774 [main] DEBUG com.jayway.jsonpath.internal.path.CompiledPath -- Evaluating path: $['limit']
09:53:49.775 [main] DEBUG com.jayway.jsonpath.internal.path.CompiledPath -- Evaluating path: $['skip']
09:53:49.775 [main] DEBUG com.jayway.jsonpath.internal.path.CompiledPath -- Evaluating path: $['posts'][0]['title']
09:53:49.776 [main] DEBUG com.jayway.jsonpath.internal.path.CompiledPath -- Evaluating path: $['posts'][0]['reactions']
09:53:49.776 [main] DEBUG com.jayway.jsonpath.internal.path.CompiledPath -- Evaluating path: $
09:53:49.776 [main] DEBUG com.jayway.jsonpath.internal.path.CompiledPath -- Evaluating path: $['posts'][0]['userId']
09:53:49.776 [main] INFO com.intuit.karate -- [print] {
  "posts": [
    {
      "id": 11,
      "title": "It wasn't quite yet time to panic.",
      "reactions": {
        "likes": 453,
        "dislikes": 8
      },
      "userId": 43
    },
    {
      "id": 12,
      "title": "She was aware that things could go wrong.",
      "reactions": {
        "likes": 362,
        "dislikes": 45
      },
      "userId": 82
    },
    {
      "id": 13,
      "title": "She wanted rainbow hair.",
      "reactions": {
        "likes": 268,
        "dislikes": 39
      },
      "userId": 199
    },
    {
      "id": 14,
      "title": "The paper was blank.",
      "reactions": {
        "likes": 118,
        "dislikes": 17
      },
      "userId": 140
    },
    {
      "id": 15,
      "title": "The trees, therefore, must be such old",
      "reactions": {
        "likes": 951,
        "dislikes": 12
      },
      "userId": 1
    },
    {
      "id": 16,
      "title": "There was only one way to do things in the Statton house.",
      "reactions": {
        "likes": 1257,
        "dislikes": 11
      },
      "userId": 99
    },
    {
      "id": 17,
      "title": "She was in a hurry.",
      "reactions": {
        "likes": 50,
        "dislikes": 31
      },
      "userId": 30
    },
    {
      "id": 18,
      "title": "She had a terrible habit o comparing her life to others",
      "reactions": {
        "likes": 277,
        "dislikes": 29
      },
      "userId": 97
    },
    {
      "id": 19,
      "title": "The rain and wind abruptly stopped.",
      "reactions": {
        "likes": 566,
        "dislikes": 2
      },
      "userId": 143
    },
    {
      "id": 20,
      "title": "He couldn't remember exactly where he had read it",
      "reactions": {
        "likes": 999,
        "dislikes": 29
      },
      "userId": 12
    }
  ],
  "total": 251,
  "skip": 10,
  "limit": 10
}
 
]]></system-out>
  </testcase>
  <testcase name="[5:56] Get Posts Sorted by Title ASC" classname="dummyjson/Posts" time="0.09">
    <system-out><![CDATA[09:53:49.783 [main] DEBUG org.apache.http.client.protocol.RequestAddCookies -- CookieSpec selected: karate
09:53:49.783 [main] DEBUG org.apache.http.client.protocol.RequestAuthCache -- Auth cache not set in the context
09:53:49.783 [main] DEBUG com.intuit.karate -- request:
1 > GET https://dummyjson.com/posts?sortBy=title&order=asc
1 > Host: dummyjson.com
1 > Connection: Keep-Alive
1 > User-Agent: Apache-HttpClient/4.5.14 (Java/21.0.8)
1 > Accept-Encoding: gzip,deflate


09:53:49.784 [main] DEBUG org.apache.http.impl.conn.PoolingHttpClientConnectionManager -- Connection request: [route: {s}->https://dummyjson.com:443][total available: 0; route allocated: 0 of 5; total allocated: 0 of 10]
09:53:49.784 [main] DEBUG org.apache.http.impl.conn.PoolingHttpClientConnectionManager -- Connection leased: [id: 4][route: {s}->https://dummyjson.com:443][total available: 0; route allocated: 1 of 5; total allocated: 1 of 10]
09:53:49.784 [main] DEBUG org.apache.http.impl.execchain.MainClientExec -- Opening connection {s}->https://dummyjson.com:443
09:53:49.784 [main] DEBUG org.apache.http.impl.conn.DefaultHttpClientConnectionOperator -- Connecting to dummyjson.com/66.33.22.3:443
09:53:49.784 [main] DEBUG org.apache.http.conn.ssl.SSLConnectionSocketFactory -- Connecting socket to dummyjson.com/66.33.22.3:443 with timeout 30000
09:53:49.803 [main] DEBUG org.apache.http.conn.ssl.SSLConnectionSocketFactory -- Enabled protocols: [TLSv1.3, TLSv1.2]
09:53:49.803 [main] DEBUG org.apache.http.conn.ssl.SSLConnectionSocketFactory -- Enabled cipher suites:[TLS_AES_256_GCM_SHA384, TLS_AES_128_GCM_SHA256, TLS_CHACHA20_POLY1305_SHA256, TLS_ECDHE_ECDSA_WITH_AES_256_GCM_SHA384, TLS_ECDHE_ECDSA_WITH_AES_128_GCM_SHA256, TLS_ECDHE_ECDSA_WITH_CHACHA20_POLY1305_SHA256, TLS_ECDHE_RSA_WITH_AES_256_GCM_SHA384, TLS_ECDHE_RSA_WITH_CHACHA20_POLY1305_SHA256, TLS_ECDHE_RSA_WITH_AES_128_GCM_SHA256, TLS_DHE_RSA_WITH_AES_256_GCM_SHA384, TLS_DHE_RSA_WITH_CHACHA20_POLY1305_SHA256, TLS_DHE_DSS_WITH_AES_256_GCM_SHA384, TLS_DHE_RSA_WITH_AES_128_GCM_SHA256, TLS_DHE_DSS_WITH_AES_128_GCM_SHA256, TLS_ECDHE_ECDSA_WITH_AES_256_CBC_SHA384, TLS_ECDHE_RSA_WITH_AES_256_CBC_SHA384, TLS_ECDHE_ECDSA_WITH_AES_128_CBC_SHA256, TLS_ECDHE_RSA_WITH_AES_128_CBC_SHA256, TLS_DHE_RSA_WITH_AES_256_CBC_SHA256, TLS_DHE_DSS_WITH_AES_256_CBC_SHA256, TLS_DHE_RSA_WITH_AES_128_CBC_SHA256, TLS_DHE_DSS_WITH_AES_128_CBC_SHA256, TLS_ECDHE_ECDSA_WITH_AES_256_CBC_SHA, TLS_ECDHE_RSA_WITH_AES_256_CBC_SHA, TLS_ECDHE_ECDSA_WITH_AES_128_CBC_SHA, TLS_ECDHE_RSA_WITH_AES_128_CBC_SHA, TLS_DHE_RSA_WITH_AES_256_CBC_SHA, TLS_DHE_DSS_WITH_AES_256_CBC_SHA, TLS_DHE_RSA_WITH_AES_128_CBC_SHA, TLS_DHE_DSS_WITH_AES_128_CBC_SHA, TLS_RSA_WITH_AES_256_GCM_SHA384, TLS_RSA_WITH_AES_128_GCM_SHA256, TLS_RSA_WITH_AES_256_CBC_SHA256, TLS_RSA_WITH_AES_128_CBC_SHA256, TLS_RSA_WITH_AES_256_CBC_SHA, TLS_RSA_WITH_AES_128_CBC_SHA, TLS_EMPTY_RENEGOTIATION_INFO_SCSV]
09:53:49.803 [main] DEBUG org.apache.http.conn.ssl.SSLConnectionSocketFactory -- Starting handshake
09:53:49.832 [main] DEBUG org.apache.http.conn.ssl.SSLConnectionSocketFactory -- Secure session established
09:53:49.832 [main] DEBUG org.apache.http.conn.ssl.SSLConnectionSocketFactory --  negotiated protocol: TLSv1.3
09:53:49.832 [main] DEBUG org.apache.http.conn.ssl.SSLConnectionSocketFactory --  negotiated cipher suite: TLS_AES_128_GCM_SHA256
09:53:49.832 [main] DEBUG org.apache.http.conn.ssl.SSLConnectionSocketFactory --  peer principal: CN=dummyjson.com
09:53:49.832 [main] DEBUG org.apache.http.conn.ssl.SSLConnectionSocketFactory --  peer alternative names: [dummyjson.com]
09:53:49.832 [main] DEBUG org.apache.http.conn.ssl.SSLConnectionSocketFactory --  issuer principal: CN=R11, O=Let's Encrypt, C=US
09:53:49.832 [main] DEBUG org.apache.http.impl.conn.DefaultHttpClientConnectionOperator -- Connection established 192.168.1.4:62500<->66.33.22.3:443
09:53:49.832 [main] DEBUG org.apache.http.impl.conn.DefaultManagedHttpClientConnection -- http-outgoing-4: set socket timeout to 30000
09:53:49.833 [main] DEBUG org.apache.http.impl.execchain.MainClientExec -- Executing request GET /posts?sortBy=title&order=asc HTTP/1.1
09:53:49.833 [main] DEBUG org.apache.http.impl.execchain.MainClientExec -- Target auth state: UNCHALLENGED
09:53:49.833 [main] DEBUG org.apache.http.impl.execchain.MainClientExec -- Proxy auth state: UNCHALLENGED
09:53:49.833 [main] DEBUG org.apache.http.headers -- http-outgoing-4 >> GET /posts?sortBy=title&order=asc HTTP/1.1
09:53:49.833 [main] DEBUG org.apache.http.headers -- http-outgoing-4 >> Host: dummyjson.com
09:53:49.833 [main] DEBUG org.apache.http.headers -- http-outgoing-4 >> Connection: Keep-Alive
09:53:49.833 [main] DEBUG org.apache.http.headers -- http-outgoing-4 >> User-Agent: Apache-HttpClient/4.5.14 (Java/21.0.8)
09:53:49.833 [main] DEBUG org.apache.http.headers -- http-outgoing-4 >> Accept-Encoding: gzip,deflate
09:53:49.833 [main] DEBUG org.apache.http.wire -- http-outgoing-4 >> "GET /posts?sortBy=title&order=asc HTTP/1.1[\r][\n]"
09:53:49.833 [main] DEBUG org.apache.http.wire -- http-outgoing-4 >> "Host: dummyjson.com[\r][\n]"
09:53:49.833 [main] DEBUG org.apache.http.wire -- http-outgoing-4 >> "Connection: Keep-Alive[\r][\n]"
09:53:49.833 [main] DEBUG org.apache.http.wire -- http-outgoing-4 >> "User-Agent: Apache-HttpClient/4.5.14 (Java/21.0.8)[\r][\n]"
09:53:49.833 [main] DEBUG org.apache.http.wire -- http-outgoing-4 >> "Accept-Encoding: gzip,deflate[\r][\n]"
09:53:49.833 [main] DEBUG org.apache.http.wire -- http-outgoing-4 >> "[\r][\n]"
09:53:49.856 [main] DEBUG org.apache.http.wire -- http-outgoing-4 << "HTTP/1.1 200 OK[\r][\n]"
09:53:49.857 [main] DEBUG org.apache.http.wire -- http-outgoing-4 << "Access-Control-Allow-Origin: *[\r][\n]"
09:53:49.857 [main] DEBUG org.apache.http.wire -- http-outgoing-4 << "Content-Encoding: gzip[\r][\n]"
09:53:49.857 [main] DEBUG org.apache.http.wire -- http-outgoing-4 << "Content-Type: application/json; charset=utf-8[\r][\n]"
09:53:49.857 [main] DEBUG org.apache.http.wire -- http-outgoing-4 << "Date: Tue, 05 Aug 2025 02:53:49 GMT[\r][\n]"
09:53:49.857 [main] DEBUG org.apache.http.wire -- http-outgoing-4 << "Etag: W/"30fb-VkYQAuIqYjhnG7QMy9rrMtPH0TM"[\r][\n]"
09:53:49.857 [main] DEBUG org.apache.http.wire -- http-outgoing-4 << "Server: railway-edge[\r][\n]"
09:53:49.857 [main] DEBUG org.apache.http.wire -- http-outgoing-4 << "Strict-Transport-Security: max-age=15552000; includeSubDomains[\r][\n]"
09:53:49.857 [main] DEBUG org.apache.http.wire -- http-outgoing-4 << "Vary: Accept-Encoding[\r][\n]"
09:53:49.857 [main] DEBUG org.apache.http.wire -- http-outgoing-4 << "X-Content-Type-Options: nosniff[\r][\n]"
09:53:49.857 [main] DEBUG org.apache.http.wire -- http-outgoing-4 << "X-Dns-Prefetch-Control: off[\r][\n]"
09:53:49.857 [main] DEBUG org.apache.http.wire -- http-outgoing-4 << "X-Download-Options: noopen[\r][\n]"
09:53:49.857 [main] DEBUG org.apache.http.wire -- http-outgoing-4 << "X-Frame-Options: SAMEORIGIN[\r][\n]"
09:53:49.857 [main] DEBUG org.apache.http.wire -- http-outgoing-4 << "X-Powered-By: Cats on Keyboards[\r][\n]"
09:53:49.857 [main] DEBUG org.apache.http.wire -- http-outgoing-4 << "X-Railway-Edge: railway/asia-southeast1-eqsg3a[\r][\n]"
09:53:49.857 [main] DEBUG org.apache.http.wire -- http-outgoing-4 << "X-Railway-Request-Id: xPFXuYC1RyWR0HBcacI7Nw[\r][\n]"
09:53:49.857 [main] DEBUG org.apache.http.wire -- http-outgoing-4 << "X-Ratelimit-Limit: 100[\r][\n]"
09:53:49.857 [main] DEBUG org.apache.http.wire -- http-outgoing-4 << "X-Ratelimit-Remaining: 98[\r][\n]"
09:53:49.857 [main] DEBUG org.apache.http.wire -- http-outgoing-4 << "X-Ratelimit-Reset: 1754362437[\r][\n]"
09:53:49.857 [main] DEBUG org.apache.http.wire -- http-outgoing-4 << "X-Xss-Protection: 1; mode=block[\r][\n]"
09:53:49.857 [main] DEBUG org.apache.http.wire -- http-outgoing-4 << "Transfer-Encoding: chunked[\r][\n]"
09:53:49.857 [main] DEBUG org.apache.http.wire -- http-outgoing-4 << "[\r][\n]"
09:53:49.857 [main] DEBUG org.apache.http.wire -- http-outgoing-4 << "a[\r][\n]"
09:53:49.857 [main] DEBUG org.apache.http.wire -- http-outgoing-4 << "[0x1f][0x8b][0x8][0x0][0x0][0x0][0x0][0x0][0x0][0x3][\r][\n]"
09:53:49.857 [main] DEBUG org.apache.http.headers -- http-outgoing-4 << HTTP/1.1 200 OK
09:53:49.857 [main] DEBUG org.apache.http.headers -- http-outgoing-4 << Access-Control-Allow-Origin: *
09:53:49.857 [main] DEBUG org.apache.http.headers -- http-outgoing-4 << Content-Encoding: gzip
09:53:49.857 [main] DEBUG org.apache.http.headers -- http-outgoing-4 << Content-Type: application/json; charset=utf-8
09:53:49.857 [main] DEBUG org.apache.http.headers -- http-outgoing-4 << Date: Tue, 05 Aug 2025 02:53:49 GMT
09:53:49.857 [main] DEBUG org.apache.http.headers -- http-outgoing-4 << Etag: W/"30fb-VkYQAuIqYjhnG7QMy9rrMtPH0TM"
09:53:49.857 [main] DEBUG org.apache.http.headers -- http-outgoing-4 << Server: railway-edge
09:53:49.857 [main] DEBUG org.apache.http.headers -- http-outgoing-4 << Strict-Transport-Security: max-age=15552000; includeSubDomains
09:53:49.857 [main] DEBUG org.apache.http.headers -- http-outgoing-4 << Vary: Accept-Encoding
09:53:49.857 [main] DEBUG org.apache.http.headers -- http-outgoing-4 << X-Content-Type-Options: nosniff
09:53:49.857 [main] DEBUG org.apache.http.headers -- http-outgoing-4 << X-Dns-Prefetch-Control: off
09:53:49.857 [main] DEBUG org.apache.http.headers -- http-outgoing-4 << X-Download-Options: noopen
09:53:49.857 [main] DEBUG org.apache.http.headers -- http-outgoing-4 << X-Frame-Options: SAMEORIGIN
09:53:49.857 [main] DEBUG org.apache.http.headers -- http-outgoing-4 << X-Powered-By: Cats on Keyboards
09:53:49.857 [main] DEBUG org.apache.http.headers -- http-outgoing-4 << X-Railway-Edge: railway/asia-southeast1-eqsg3a
09:53:49.857 [main] DEBUG org.apache.http.headers -- http-outgoing-4 << X-Railway-Request-Id: xPFXuYC1RyWR0HBcacI7Nw
09:53:49.857 [main] DEBUG org.apache.http.headers -- http-outgoing-4 << X-Ratelimit-Limit: 100
09:53:49.857 [main] DEBUG org.apache.http.headers -- http-outgoing-4 << X-Ratelimit-Remaining: 98
09:53:49.857 [main] DEBUG org.apache.http.headers -- http-outgoing-4 << X-Ratelimit-Reset: 1754362437
09:53:49.857 [main] DEBUG org.apache.http.headers -- http-outgoing-4 << X-Xss-Protection: 1; mode=block
09:53:49.857 [main] DEBUG org.apache.http.headers -- http-outgoing-4 << Transfer-Encoding: chunked
09:53:49.857 [main] DEBUG org.apache.http.impl.execchain.MainClientExec -- Connection can be kept alive indefinitely
09:53:49.858 [main] DEBUG org.apache.http.wire -- http-outgoing-4 << "12f1[\r][\n]"
09:53:49.858 [main] DEBUG org.apache.http.wire -- http-outgoing-4 << "[0xa5]Z[0xdb]n[0xe4]F[0x92][0xfd][0x95][0x98]z[0xb0]^(A[0xa5]*][0xfd] t[0xdb][0xe3][0xb6][0x16][0xeb][0x9d][0x81]m[0xec]`[0xb1]=[0xf]A2H[0xa6][0x95][0xcc][0xe4]d&[0xab][0x9a]6[0xc][0xcc][0x87][0xec][0xfe][0xdc]|[0xc9]""[0x93][0xc5][0xac]nU[0xab][0x8d]}[0xb2][[0xc5][0xe4]%.'N[0x9c][0x88][0xdf]V[0x83][0xf5][0xc1][0xaf][0x1e][0xfe][0xfb][0xb7][0x95][0xaa]W[0xf][0xf7]W[0xc5]*[0xa8][0xa0]i[0xf5][0xb0]:[0xfb]a[0x82][0x9a][0xd0][0xc1][;[0x9a][0x9a]\9[0x15]g[0xf0][0x83][0xbb][0x80]w[0xe][0xeb][0xd6])SCI-[0x9a]U[0xb1]*m=[0xf1][0x89][0xff][0xb0][0xfb][0x2]&;[0x9e]i[\r][0xf4][0xa1][0x1a]=AO[0xc5][0x19]xTuv[0x1b]8+[0xc7][0x0]OP[s[0x16]`[0x8f]&@[0xb0]P[0x12][0x4]k[0xe5][0x91][0x17][0x0]?w[0x18][\n]"
09:53:49.858 [main] DEBUG org.apache.http.wire -- http-outgoing-4 << "[0xfe][0xb3][0xf][0xe8][0x2][0xec]U[0xe8].[0x0][0xfe][0xd6][0x91][0x81]'~[0xae]2[0xe9][0x8c][0xbc]b[0xb0][0x80][0xd0][0xa3])[0xe0][0x9]Z2[0xe4]P[0xeb][0x9][0x1a]~[0xc7][0xd0]a[0x80]NyP&[0x90][0x9][0xca][0x1a]P[0x9e][0xf]T[0xb6]'[0xb0];r[0xd0][0xd3][0xc5][0xaa]X[0x5]l[0xd9][0x10][0xab]J[0xa3][0xf7][0xaa]Z[0x15]+mw[0xb4]*VdZ[0xad]|[0xb7][0xfa]{[0xb1]r[0x84][0x15][0xdf][0xc2][0xaf][0x1e]~[i[0xf5]L~[0xf5][0xb0][0xbe]_[0x17][0xab]Z[0xf9][0xf4][0xcf][0xcd][0xed][0xef][0xc5]j[0xa7]h[0xcf][0xff][0xbd][0xd9][0x14][0xab][0xd1][0x93]{[0xaa]W[0xf][0xeb][0xcb][0xab][0xdf][0x8b]h[0xe7][0xf5]v[0xbd][0x18][0xfa][\r][0xfc]2[0xd6]mOl[0x6]~Y[0xe5][0xc1]PE[0xde][0xa3]Sz[0x82][0xe][0xfb][0x81][0x1c][0xd5][0x8b][0x9d][0xbf][0xf0]@[0x1][0xa5][\r]`[0x8d][0x9e][0xa0][0x9c] t[0x4][0xbe][0xb2][0x3][0x1][0x9a][0x1a][0xb4][0xea]U[0xf0]`[0x9b]h[0x9a][0x1e][e[0x90][0xbf][0xac][0x0][0xf6]M[0xba][0x9e]v[0xe4][0xce][0xab][0xe]M[0xab]L[0xb]=[0xa1][0x1f][0x1d][0xcd][0x87]j;[0x96]An[0xe6]I7[0xe7][0xe4][0x3]Q[0x9f][0x1b][0xf2][0xcb][0xcc]w}l[0xbd][0xfb][0xc5]z77[0x8b][0xed]6[0xdb][0xd9]t[0xdb]mn9mM[0xb][0xa5][0xc6][0xea][0x19]|[0x87][0xb5][0xdd][0x83][0xd7][0xaa][0x6][0xac][0x9c][0xf5]^[0xbe]a[0xc0][0x1d][0xb1][0xa9]r[0xf3]}[0xf9])0[0x12]^[0x1d])[0x7][\r]Q[0xfc]^[0xbe][0xa0]Q;[0x82][0xff]$3z[0x85][0xc6][0x17][0xb0]#7A?V][0xc]X[0xcd][0xe6][0xd7][0xd6]>S-1[0xd6][0x11][0xd6][0x17][0xf0]sG[0x13][0xec][0xc9][0x11][0x94][0xe8]HO[0xc0]Q[0xac]z[0x92]8'[0x92][0x1b]wcK[0xd0]:[0x9c][0xa0][0xb1][0xae]gc[0xf3]_+tF[0xed],[0x9f][0xa4][0x86][0xff][0xa3][0x2][0xec][0xd0]([0xdf][0x11][0xa7]a[0xc7][0x91][0x8e][0xe0]Uk[0x0][0x83][0x1d][0x0][0xe5][0xc5][0xcb][0x9][0xca]Q[0xe9][0x9a][0xbd][0xb7][0xef]T[0xd5]A[0xc9]g[0xf9][0x86][0xfd][0xe4][0x83]j&[0xfe]E[0x19]~[0x92]x[0x1f][0xde][0xaf][0xfe]J[0x83]W[0xe7][0xdf]X[0x8d][0x17][0xef]WyZ8[0xd5][0xe7][0xee],[0xe][0x89]r*/[0xb6]7[0xf7][0xb9]k[0xaf][0xee][0x16][0xd7]^[0xdd][0xde]l[0xb3][0xc4][0xb8][0xda].[0x89]q[0x99][0xbb][0xd7]S[0xe5][0xd8][0xe8]z[0x8f][0x93][0x87][0xe]=dpd[0xda][0xd0][0x91][0xe1][0x97][0xa7][0xa6][0xa1][0xea][0xc8][0xb9]_z[0x6][0xc6][0xc1][0x1a]1[0xd4][0xbe][0xb4][0xce]@[0xe3][0x14][0x99][0xda]wj([0x0]9[0xbc])[0x86][0x82][0xef][0xd0]Q[\r][0xaa][0x1f][0x1c]y[0xcf]F[\n]"
09:53:49.858 [main] DEBUG org.apache.http.wire -- http-outgoing-4 << "[0x1d][0x1a]@[0x3][0xf4]![0x90]3[0xa8][0xa1]Q-'F[0xc4][0x95]RcO[0xf][0xd1][0xc8]df[0x7]~[0xe3][0xec][0xde]@[0x87];[0xf6][0xa0]@[0xcf]hT[0xa0][0x1a]4y[0x9f][0xf2]M[0xb9][0xf9]a%iE[0x8d]/`O`KOnGE|[0xec][0xc7]W[0xf6][0xca][0xb7]j[0xa7]L[0xeb][0xf3][0xd4][[0x9c][0xc4][0x99]][0xa1]^[0x15][0xab][0xc6][0x91][0xa9]N[0xa6][0xe1]vs[0x94][0x86]W[0x19][0x88]m6[0xb9][0xaf][0xae]/[0xf][0xbe]Z[0xe7] V[0x85][0x82]m[0xa4][0xad]Kv{[0xd7]Y[0x1f][0xf8][0xf3][0xbf][0x1b][0x3][[0xe7]Gj[0x1d][0x85][0x8b][0xc5]U[0xff][0x86][0x95]-[0xa1][0x1b][0x9d]S[0xe4]a@[0x1f][0xe4]\[0xb0]=[0x6]6>[0xa7]Z[0x85][0xa1][0xea][0xc8]CG[0xe][0xc6][0xe1][0x90][0x8d][0xd0]b[0xa0][0x8b][0xb3][0x1f][0x94][0xf7][0xf0][0xa6]T-[0xee][0xf1][0x11][0xe2][0xbf]T[0x89][0xfc][0xcf][0xb]x[0x82]~[0xf4][0x1][0xd0]?sIb[0xcf]4[0xd6][0xb5][0x9c][0xb6]=][0x9c][0xfd][0xc4][0xa9][0x86][0x1e][0xc2][0xe8][0xc][0xd5][0x80][0x8e][0xab][0x93]<[0x92][0xff]j[\r][0xff]jj[0x10]o[0xa7][0xc7][0xc1][0xd9][0xdf][0xba]i[0xbe][0xc9][0xe3][0xb][0xa9]![0x80]w[0xc2][0xbe]7W[0x9b]S8[0xb7][0xde][0xde][0xad]3[0x3][0xaf][0x97]*q[0x99][0x1b]Xk[0xf8][0x1e][0xb5][0xb6]{[0xf][0xdf][0xe2][0xf4][0x0][0xad]S[0xd4]H[0x15][0xe3][0xda][0x6]{[0xdc][0x91][0xcf][0xac][0xcb][0xc6]t[0x84][0x81]L[0xac]v8x[0xf5]+A[0xa7][0xfa][0xb][0xf8][0x9e]$[0xbc][0xb9][0xfa]J[0xa4][0xed]([0x16][0x12][0xfe][0xd4][0x9a][0xb0][0x8e][0xb5][0xb1][0xc4][0xea][0xf9]k)[0x7][0xf2][0xe3]|[0xc2]3[0xbe]t[0xaa][0x87][0xc6][0xd9][0x9e]AQsN[0xf1][0xd1][0xd2][0x8d][0xbe]K[0x1][0xcf]x[0xa9]LK.[0xa8][0x81][0xe3]X[0x99]6[0xfe][0x1f][0xb6][0xa8][0x8c][0x8f]%[0xd9]wv[0xd4]5[0xb9][0x97][0xcb][0xef][0xc7][0x88]s[\n]"
09:53:49.858 [main] DEBUG org.apache.http.wire -- http-outgoing-4 << "g6[0xdb][0xa3][0x12]r[0xb3]Xv{s[0xbd]X[0xf6][0xf6]`[0xd8][0xed][0xb1]Y;[0x12][0x12]B5[0xec][0x5]-*4[0xf5][0xc4][0x10][0x9d][0x99][0xf3][0xf3][0xd7][0xc1]S[0x80]Z[0xd5]b[0x1e][0xa2][0x1e][0xf8]U[0x0][0xa1]VM[0xa3][0xaa]Q[0x7]p[0xf4][0x8f][0x91]|H[0xbc]cp[0xd4][0x91][0xa9][0x8b]d\[0x82]J[0x93]{[0x6]G=*[0x8e][0xc6][0xc6][0xd9]_[0xc9]H4[0xe6]w[\r][0xf6]@[0x96]:kl[0xcc][0x84]tgy[0x85]^[0xb5]][0x88] [0xd3]a[\r][0xde][0xf6][0x14]:[0xf1][0x8e][0x85][0xda][\n]"
09:53:49.858 [main] DEBUG org.apache.http.wire -- http-outgoing-4 << "[0x89][0x8a][0xe1]<[0x1a][0x18][0xac][0x92]OI[0xec][0xa8][0xc1][0xea][0x88][0x5]q} 7[0x1d][0x1]>[0xf6][0xe4]T[0x85][0xe6][0x94]'6[0xd7]G[0x80][0xbf][0xce][0x0]{[0xbd][0xbd][<[0xb1][0xbd]]B[0xfc][0xfa][0xd8][0x17][0xc][0x99][0xb5]#[0xec][0xa3]q[0x8c][\r]@[0xff][0x18][0x99][0xce]e[0xce][0x90][0xb][0x18][\n]"
09:53:49.858 [main] DEBUG org.apache.http.wire -- http-outgoing-4 << "[0x8d]|[0xb0][0x8a]IZ[0x8f]>L[0xe0][0x84][0x9][0x91]_[0xe2][0xb0]W[0xa6][0xf6][0xb0][0xc7]g:\[0x89][0x93][0xe0][0xc1][0x81][0x1f][0xaa] .[0xe5][0x8a][0x1a][0xa6][0x87][0x83][[0xe4]9[0xe4][0xe6]{[0xc9]9t[0xfc]_[0x8e]l;z~[0xdd][0x82]![0x81][0x9e][0xa0][0xe7][0xdf][0xab][0x90][0x9e]+[0xa7]}[0xb4][0xba][0x1d][0xc8][0x0]Mt[0x84][0xd2][0x9][0x91]s[0x90]~-[0xd6][0xaf][0xb7][0xb9][0x85][0xb7][0xeb][0xc5][0xc2]wW[0xb7][0x8b][0x81][0xef][0x17][0x3]o[0xf2][0x82][0x1a]k[0xe2][0x93]D[0x7]V[0xe2]~[0xf][0xaa][0x1][0x84][0xd0])W[0xc3]@[0xce][#[0xb6][0xd8]3[0xf2]*[0xd3][0xe6])[0xf0][0xc7]O'[0xb2][0xe9]C[0xac][0xbc][0xfc][0xaf]X[0xae][0xa0]'[0xe8][0xd1]={[0xb1]^km[\r][0xd6]A[0x89][0xc2]fp[0xa7][0xec][0xe8][0xe0][0x1c][0x10]Z[[0xcf][0xd9]d[0xec][0x8e][0xf8]V[0xd2][0x16][0xec];[0xdb][0xc3]S[0x82][0xef]b[0xbe][0xa4][0xea][0xd0][0xf1][0x9b][0xb9]%[0xd6][0x7][0xbb]'i[0x10][0x6]M[0xe8][0xa5][0x8c][0x12]x2^[0x5][0xb5]S![0x6][0x2][0x91]f[\n]"
09:53:49.858 [main] DEBUG org.apache.http.wire -- http-outgoing-4 << "[0xd8]v[0x81]o[0xc6]W`[0xa9]t[0xfa][0x15]k[0x1c]8Iz[0xe6][0xb9][0xf1][0xd9][0x18][0x98][0x1a]3 $[0xfc][0x8c][0xa4]p~[0xc3]s~[0xeb][0x8][0x15]/W[0xe5][0x19][0xda]^[0xcb][0xa8][0xfb][0xbb][0xeb][0xa3][0xaa][0x91]c[0xdb][0xd5]MV5[0xb6]w[0xb3][0xc3][0xef][0xef]2s9[0xb3]{[0x6]*[0xa9][0x81][0xa5][0x13][0xbe][0x17][0xa0][0xb3][0x91]t[0x86][0x8e][0xfa][0xc7][0xc5][0xc3]h@[0x19]?('d[0xf0][0x11][0xde]N[0x80][0xb0]S^[0xfe][0xf1]&[0x6][0xf4]#[0xbc]u6t[0xe4][0xfc][0x9f][0xe0][0xaf]d[0x7]M[0x2][0xae][0x8b]\6[0xb5]j[0xd8]"d[0xd8][0xc9]$[0xcf]|[0x84][0xa7][0x94]sDC[0xc1][0xd5][0xa5][0x1][0x1f][0x94][0xd6][0x86]y[0x8f]m[0xa0]W[0xb5]dq4{mm[0x96]n[0x84][0xa1][0x83][0x8a][0xb4][0xf6][0x92]v%[0xf1][0xeb][0xfb][0xfd]h[0xda][0x98]P[0xe7]1[0xa0][0xb8][0xcc][0x9d]{;j[0xe2][0x18][0xe4]W[0xca].[0xaf][0x1d][0xb6]-[0xb3][0xf0]q[0xee]2}g[0xc3][0x9][0xb2]t[0x0][0xbd]F[0x89]/NV[0xf3][0xeb][0xab]#j[0x9b][0xe5][0xe1]z}[0x9d]![0xdd][0xfa]f=;[0xe6]n[0x93]9[0xc6][0x91]8[0xa4][0xa5][0x10]$[0x19]&[0x8][0xf4]![0xf8][0xc7][0xc7][0xcc][0x1b][0xef]?w[0xd9][0xfb][0x15]x&K[0xcc]Ak[0xa9][0x8][0xa9][0xb0][0xb7][0x1a]M[0x15]q][0xc5]v[0xa5][0xea][0xc6][0xea][0x99]m#[0xfd][0xb7][0xa0]}[0xc9]&[0xeb].[0xe0]/L F[0xe7])[0xd6]6x[0x12][0x7]FD`[0xd5][0xa4][0xdf][0xb8][0xc][0x1d][0xff][0xcc][0xa1][0xb5][0xe7][\n]"
09:53:49.858 [main] DEBUG org.apache.http.wire -- http-outgoing-4 << "[0xe][0xa9]Wd[0xeb]b[0xa9]%[0xb4][0xd0][0xf8]=[0xb9]G~[0xa5]![0xc1][0xe9][0xd0]1[0xaf][0xaa][0x99][0x8][0xcb]{Y[0x13][0x94][0x19]IX[0x16][0xbf][0xd5][0xe0][0xec]/T[0x5][0xf9][0xc]~[0x19][0xd5][0x1a]+[0x11][0xcb][0xec]O><[0x12]4[0x82]A[0xa3]1[0xf1][0xbb][0xe7][0xbb][0xa4][0x1a][0xe7][0xed][0xcb]Ul[0x81][0xd8]N[0xf9]`[0xdd]t[0xca][0xb5]wWG[0xae]]o3[0x88][0xdd]d[0x10]{w[0xe8]Y[0xee]o3[0xc7][0xfa][0xb9][0x1a][0x80]&l4[0x5][0xf][0x8e][0x6][0xeb]f[0xb3]A[0xc5][0xa6][0xe7].[0xc2]6[0x19]Y[0xeb][0x8]~[0xfc][0xcb][0x9b][0x98][0x3][0xff][0xfa][0xe7][0xff][0xfc]8z[0xee]+[0xe1][0xdf]UI1[0x19][0xe1][0x8d][0xeb][0xa7][0xe2]_[0xff][0xfc]_)[0x89][0xd2][0xd4]K#)ug[0xef]T[0x8][0xc4][0xc9]+[0x8][0x9a]N[0x1f][0xe8]E[0xba]T[0xf5]%[0x1b][[0x90][0x91][0x1b][0x18][0xad][0xc8][0x0]g[0xbb]J[0xc][0x8f]m^iB[0xa7]'xG[0xae][0x97].[0xa7].[0xa0][0xb7][0x8e][0xb8][0x89]-[0x84][0x86]p[0xcf][0xa2]B[0xd0][0xc4][0xa6][0xaf]H[0xe8][0xf3][0x8c][0xb6][0xca][0x1]wI#_[0xe4][0xc7][0x92][0xbd][0xf9]5[0x94][0xe4]UML[0xfd][0x16]B-[0x8]"[0x14][0xbb]x[0x91][0xfb][0xcd][0xf9]7C[0xe5])|<"[0x1c][0xdb][0xcb],[\r][0xaf][0xb7]/1[0xbf][0xeb][0xc][0x1d][0xdf]2[0x9b][0xb6]&b[0xcb][0xe0]([0x84])[0xc5]e/L[0x81][0xd9][0x1b]9[0x16][0x1]*[0xab][0xad][0xf3][0x8b][0xbb][0xfe][0xe8][0xc9]"[0xfb][0x8b][0xef]p[0xa0][0xe3][0xbf][0xa8]_g[0xeb][0x88][0xb3][0x18][0xad][0x89][0xe1][0x13][0xeb]_[0xb8][0x83][0x91][0xdf][0xb9][0xd4][0x1a][0xa2][0x9a][0xea][0xb]x;[0x86][0xa4][0x9d][0xf5]Lj8[0x19]E:+U[0xb][0x7]*"[0xcc]H[0xce][0xf]v8[0xdc][0x9d][0x1b]H:/'f[0xf7][0xf2][\r][0xcc][0x1b]Y[0xae]+[0x9]Z[0xce]N[0xa9][0xd7][0xdc][0xb8]5[0x7]~[0x19][0xbb][0xb8][0x1e][0xcd][0xb3]2[0xb3][0x88][0xc1][0xef](m)[0x17][0x8]t[0x8a][0xc2][0xc4][0x17][\r][0xa3][0x1b][0xac][0xe7][0xaf][0x91][0xe6][0xa0][0xa6][0xca]r[0xf8]F[0x6][0xba]G.[0xcc][0xe9][0xb9][0xb0]G[0xe7]/[0xe0][0xbf][0xec][0x18]_RHk[0xb0][0xc0][0x9a][0xe1][0xc4][0xc5][0x9f][0x15][0x93]X[0xa2][0x94]y[0x6][0x9c]c[0xae]dP+[0x19][0xcc][0xf7][0xd2][0xb1][0x1c][0x11][0xdb]#[0xf9][0xe9]P[[0x97]r;[0x83][0xc0])v[0xc5][0x14]*[0xb][0xa7][0xeb]L[0xb0][0xb8][0xbe][0xcc][0xd8][0xd5]f[0xa1][0xaf][0x99]`[0xfa][0x96][0xa2][0x9a][0x2][0x9d]j;[0xf0]Ug[0xad].[0xe0][0x7][0xa5][0xb9][0xc5][0x1a][0x8c][0x5]U[0x13][0x93]%r[0xb4][0x4][0x93][0xe4]"
09:53:49.859 [main] DEBUG org.apache.http.wire -- http-outgoing-4 << "f[0xab][0x9c][0xf6]3=[0xdd][[0xa7]kf8[0xc9][0x8b]%[0x81]QUT[0x89][0xa4]1[0xb3][0x13][0xff]z[0xc6]9&A[0x14][0xd9]G[0xaf]|c][0x18][0x8d]Ht[\r]j[0x9d][0xde][0x87][0xfb][0xd2][0xc5]FE[0xc][0xae]=[0x7]C[0x8c]7[0x86]p[0x8e]&GL[0xa7][0xa2][0xbc][0x85];[0xeb]^[0x10][0xf3]2[0xa3][0xbe]FU/[0x8f]u[0xd1]u^#7[0xf7][0x19][0x92][0xde]f[0xe6][0xcc][0xc8]*G[0xf9][0x1b]'[0xea]&[0xc2][0xc0]j[0x9][0xf7][0xee][0x9e]X[0xc6][0xad][0xa8][0x10][0x1c][0xc4][0xc5][0x8c][0xa5]r[0xa1]s[0x91]I|[0x15]m,[0xc2][0xa8][0x8d][0x1d][0x90]2\=#[0xb6][0x9]M[0x11][0xc4][0xf3]c[0xdb][0x92][0xe7][0xba][0xe2][0x82][0xf2]AU[0x80]CPa[0xac][0x89][0x13]I[0xec][0xc4]][0x12][0xe7]@[0xc1][0xe7]Y[0xa4]P[0xdc]p[0x5][\r][0xfa]*i[0xa6]^t[0x9]=[0x1]J"E[0xb5][\r][0x83][0xb4][0x3][0xe7][0xf0]UD[0xdf]sf@[0xfd][0xec]*[0x12][0xf9]o[0xa7][0xb4]Fe[0xec][0xe8]_0[0xf5]\[0xa7]^[0x81][0xc0][0xf5][0xd5][0xb1][0x99][0xf3][0x98][0xbd][0xca][0x88][0xc8]f[0xbd]hl[0xd7][0xc7]V[0xfe]%[0xea]$[0xac][0xc8][0xc7]ns[0xee]2[0x1d][0xb1][0xb9][0xf9][0xc3][0x9f]U[0x9d][0xe1][0xdf][0x13][0xa0][0xf6][0xf6][0xe3][0xab][0xa5][0x9d][0xea][0xa7][0xc4][0x92]mTC?[0x9]?[0x1][0x10][0x17][0x19][0xda][0x80][0xc][0x80]^B=[0x2][0x9a][0xf0]xf3[0x8b][0xec][0x9a][0x12][0x9f]3[0x4]*'[0x8a]%[0x6]H[0x9c]1[0x89][0x16];[0x16][0x8f]p[0x18][0x9c][0xc5][0xd8]v[0xd4][0xe8][0x9e]9[0xb][0xbc][0x16][0xda])*[0xb5]M[0xf9][0xa5][0xb8][0x1d]pI>gp[0xd9]w[0x93]DSCT[0xb][0xd7]@[0xd0]Vku[0x0]N[0x84][0x86][0xf6]0[0x11]:[0xf]ZPL[0xa2][0xe7]Y[0xd5]g[0x1e]Z[0xcb][0xed]9[0x87]J[0x85];[0x15]TR[0xae]8f[0xb5][0x16][0x8e]bC[0xf7][0x82][0x17]F[0xf2][0x8a][0x90]z[0xbb]=[0xd5][0x4]\mo[0xf2][0x1][0xc3][0xd5][0xcd][0x92]I[0x9b]c[0x1f]K[0xa6]'[0x87][0xd5][0xb4][0xb3]![0xca][0xc0][0xfb][0xce]j[0xe1]n&[0x82][0xf4][0xe2][0xe3]~[0xf4][0xaa][0xba][0x80]7M[0x10][0x83][0xec];[0xa5][0x13][0xdb][0x18]4N[0x91]`6[0xd6]5[0xa4][0x82][0xff]Z[0xaa][0x85][0x92]\[0x95]V.[0x12][0xed][0xaa]S[0xba]vL2X[0x88][0xe0][0xbc][0x89][0xe6]4[0x89]+[0x86]dI[0xd6][0xac][0xe1][0x9b][0xce])[0x1f]zd[0xb1][0x88][0xa1][0x89][0xc7][0x13][0x2][0x13]|[0x17]'G[0xb3][0xea][0xc2]w[0x9d][0xdb][0xb1][0xb][0xf8])[0xd8]a[0x8e])[0xbe][0xa0]Q[0x8e]c[0x1]Z[0xec][0x89][0xef][je[0xea][0xf3][0x1e][0xcd][0x99][0x87]rl[0x9a][0xa3][0x6][0xfc][0xc0]2[0xe][0xad][0xf8]k[0xa2][0xf6][0xe5][0xdd][0xdd])[0xa1]t{[0xb9][0xc9]:[0xb2][0x9b][0x83]/[0xee]2P[0xfb][0x86][0xb][0xb6]u0(z[0xcc][0xf3][0x89][0xeb]i [0xad]%[0xf4][0xe6][\n]"
09:53:49.859 [main] DEBUG org.apache.http.wire -- http-outgoing-4 << "'-[0xdb][0x94][0x94]{.[0xce][0xfc][0x87]AU[0xcf]Q[0xec][0xc1])[0xca]B^i=E[0xb2]W[0xf1][0xed][0xe7][0x16][0xc8][0xd4][0xfc][0x98][0xbc]#r$s[0xb1][0x3][0xf5]`[0x91][0xf4][0xd9]0[0x8b]?<[0xe2][0x9]:[0x9e][0x11][0xf1][0x93][0xd0]Qq[0x90][0xff][0xce]|L[0x11][0xcb][0xe3]2)[0xbb]T[0xa9][0x9a].[0xe0]'[D[0xb4][0xe3]9Rx[0x84][0x8f][0xbe][0xf0][0xe4]T[0xed][0xf3]r[0xf4][0xfa][0xf2][0xf2][0xa8][0x16]_ev[0xbe][0xba][0xb9][0xcd][0x8a][0xf1][0xdd][0xa2]Goo2CK8[0x15][0xdc],H[0x92][0xfb][0x82]M[0xd9]O[0x80]-[0xa4][0x1d][0xb9][0xb0][0x6]+[0x9f][0xbf]8[0x82][0xe9]H[0x4][0xa2][0x96][0x98]e[0xf3][0x99][0x8][0xe8][0xd6])[0x1e][0x91][0xe9]HY^[0xbe][0xa6][0x94][0xf2][0xf3][0xb9]+|p[0xd6][0xb4][0xf1][0x8a][0x8f]Cf[0xcc]B[0xab][0x9d][0xb5][0xcf]_[0xbf][0x18][0xa6]KMx[0xad][0xfa][0x1e][0xeb][0xf9][0xf9][0xec]e[0xbd][0xbd][0xc9][0xcc][0xb7][0xbe][0xbb][0x9f][0xed][0x97]Y[0xef][fc[0xa9][0xe7][0xa3][0xf]X[0x5]=[0x81][0xcc][0xfe][0xb8][0xe5][0xeb][0xa2][0xba]H[0xa6][0xe6][0x9e]rX[0xac][0xf7]GNE,[0x96][0xa6][0x8f]jUa/[0xe1][0xf8]=[0x81][0xe3]L[0xe8][0x1c];H[0xea]i[0x9a]Cr[0x99][0x88][0xa3]\[0xe4][0x99][0xc9][0x81][0x1b]z[0xa8]F[0x97]ht[0x18]c[0xab][0xc4][0x91][0xaf]B[0x94][0x19]f[0xcc][0x13][0xa6][0xcc][0xb2][0xf][0xa5][0xf6][0xd2][0xa4][0xbe][0xd9][0xf]d[0xa2]Tz[0x18][0xc5][0x5][0x17][0xe9][0xfc]r[0x86]K[0x9][0x13]O[0xad]cF[0xa4][0x8f]a[0xa2]G[0xdc][0xf2]([0xeb][0x12][0xf2][0xc7]z[0xd4][0xdb][0xf8]=?[0xcb][0xa4][0x90][0x1][0x89][0xa1][0x89][0xcd][0x10]lt[0xfc][0x18][0xe6]9[0xea][0xa7][0xef]o[0x9b][0x14][0x12][0x6]y~[0xa8]xJ[0x15][0x1c][0xa5]"[0xea]9agv[0xc7][0x16][0xca]f[0x17][0x86]Y[0xb6][0xcc](D[0xa1]O[0xf][0xe3][0x8e][0xfb][0x84][0xe]u[0xc8][0xca][0xd7][0x94][0xa8][0xf5][0x91][0x10][0x95][0x85][0xd3]&S;[0xee][0xf]*[0xd4][0xe6][0x93]X[0xe2]9[0x8e][0x8][0x86]B/[0xad][0xb4][0x15]e[0x1c][0xbe][0x8c][0xc3][0xdc][0x16]vJ[0xeb][0x8b]O[0x2][0xea][0x8b][0x8f][0x16][0xb1]1[0x8e][0xe5][0xba][0x17][0xe2]-}[0x88][0xf4][0x9a]vd[0xdf][0xff][0x1c][0x87][0xa9][0xe2]>Q[0xaa]:[0xa6]t[0x9a][0xa9]][0xc5][0xc6]f+[0xfe][0x80].`T [0xc][0xb7][0xae][0x1c][0x10][0xa9][0x87][0x89][0xa6][0x1e][0x87][0xd8][0xe1]cl[0x8d]D[0xdb][0xa0][0xe0]/ [0xbe]pd[0x16]1[0x84][0xd9][0xc3][0x1c][0xb][0xa8]E[0x6][0x9d]/[0xef][0xb9][0xc5]R=[0xb][0x3][0xcc][0x9e][0x6]d[0xed]4[\n]"
09:53:49.859 [main] DEBUG org.apache.http.wire -- http-outgoing-4 << "[0xfe][0xb6][0x1a][0xfb]%[0xdc][0x8f][0x19][0xba][0xa6]8@[0xec][0xa4][0x13][0xfb]^&[0xfa][0x9a][0x13]jV'[0xd9][0xf3][0x8c][0xd3],[0xa1][0x9a][0x96][0x93]k[0xc0][0xd4][0x1f]x[0x9a]K.[0x7]T[0xbd]c[0x99]([0xea])v[0xa0]yO"[0xc6][0xb5][0xa3][0x9e][0xfa]R[0x1a][0xb].[0xd5]S[0x1a]"[0xcc][0x1a][0xc1][0xdc][0x87]~O[0x99][0x86]#[\r][0x9e][0x8a][0x15]"[0x1a][0x90]E[0xa0]a`"[0xb7][0x88][0xb1][0x14]|[0xcc] [0x16][0xaf]b[0x82][0xca][0x1d][0xed]^[\n]"
09:53:49.859 [main] DEBUG org.apache.http.wire -- http-outgoing-4 << "x[0x12][0xe8][0x88][0x8e][0xe2][0xf5]S[0xed][0xe6][0xd5][0xf2][0xb1][0xdd][0xde][0x9d][0x1a][0xb7]m[0xd7]G[0xbc][0xf8]P[0xa6]7[0xd9]T[0xe8][*K[0x15]m[0x11][0xf0][0x99][0xc][0xbc]#[0xeb]Z[0x8a]Z[0xb5][0x13][0xec][0xc8][0xa2][0xf4][0xf5][0x8b]c[0xdd][0x8c][0xb3]w4[0xd0][0xa8]&p[0xec]EFi[0xec]~[0x96][0xbc]d[0xd4][0xc3][0x88])[0x15]u[0xc6]P[0xbe]s[0x8f][0xb5][0xc][0xef][0x80][0xdb]JO[0x11][0xfa][0x4][0xb0][0xa4][0xce]k[0x8c][0xfd]![0xd6]5O[0xa9][0xc5][0xd8][0xca][0xfb][0x91][0xe]x[0x15][0xeb]u[0xf2][0xb3][0xd4][0xfc][0x94]P|[0x13]y~ZW[0xf0][0xc1]a[0x1a][0xab][0x8][0x11]w2[0xb7][0x90][0xc7][0xcc][0x8d][0x82]Oja[0xa4])[0x11]D[0xf1][0xb9]8[0xc]S[0x19][0x83][0xf8][0xfa]=[0xea][0xe7]YzM[0xe2][0xee]+[0x1d][0xfa]+[0xe2][0xdc][0xcd][0xf1][0xfc]c}[0x9d][0xeb][0xae][0xf7][0xdb][0x97][0x90][0xe8][0xfa]S[0xb7]>[0x1b][0xda][0x1f][0xbe]![0x15]f[0xd2]M[0x84][0xc4]c[0xa7][0x9e][0xbe]T>p4[0x8e][0xd0][[0xc3][0xa2][0xe7][0x5][0xf0]LY[0x98][0xaa][0xf]L[0x82][0xb9][0xad]8h][0x87][0xe6][0xde]Y[0xdb][0xc7][0x8e][0x10]M[0x9b][\n]"
09:53:49.859 [main] DEBUG org.apache.http.wire -- http-outgoing-4 << "M[0xe3]F[0xb6]z[0x98][0x95]4[0xe9]A[0xd2][0xa2][0x9][0xdb][0xf2]`[0xef][0x8a][0xb5][0x94][0xb][0x96][0xd4]g[0xbf][0x14]\[0x97]R[0x8d]K[0xf4][0xae]G[0xc9]r[0xa9]6[0x8c][0x1e][\r]i[0xd6][0x10]*dmE[0xf2][0x8e][0xe7][0xf4][0x87]n[0xa0]BG/W[0x87]W[0xe7]}[0xf7][0x9b]SR[0xe9]v[0x93]/x\]f$[0xed]>[0xf3][0xc7][0xe8]fY4V[0xc9][0x81]w[0xbd]l[0x13][0x15] n[0xd3]3[0x87][0xbc]z[0xad][0xac][0x9e][0xa5]}[0xa7][0xb8]b[0x81]{L[0xfb]J8[0xc]*N[0x1c][0x18][0xf5][0xf8]:[0x11][0x9c]D[0xe9]R[0xb1]P[0xcb]J[0x7][0xb3]C[0x19][0xa9][0x17][0xcc][0xc7][0xa8][0xb2]"YR![0x13]v![0xc9][0xc2][0x8c][0xb5]#[0xac]'![0x8f][0xc5]q[0xcd][0x8f][0xcd][0x8b]0[0xf7]yI[0x8d]>[0xc][0xc4][0xbb]%[0x9c][0xa1]n[0xa4][0xe5]e>[0xaf][0xaf][0xbc][0xd2][0x89]\3[0xdb][0xcd][0xc4][0xaa][0xbc][0x11][0xb9][0xc9][0x8b][0xf2]u[0xd6][0x14]f[0xb9][0xf0]g[0xac]:hP[0xe9][0xb4][0xa1][0x14][0xd2]j[0xd7]@[0xc]%[0x2]72[0xd2][0xa2][0xf][0xd9]v[0xcd][0xe1]B[0xd9]Z[0xe1]Gk[0x19][0x91][0xf9][0xb1][0xaa]H[0xa4][0xc9][0xb8][0x9d][0xc4][0xb]V[0xa9]-[0xe0]6Q[0xfc][0x15][0x7][0x13]"
09:53:49.859 [main] DEBUG org.apache.http.wire -- http-outgoing-4 << "q0[0x9d][0x94][0x10][0xb][0xef]PR[0x0][0xb0][0xf4]#O[0x10][0xad][0xf7]*M[0xde][0xce][0x97][0x9d][0x4][0xa9][0x13][0xcb]<[0x17][0x9d]S[0xec](c[0xe5]A[0xe4][0xa4][0xc][0xc5][0xd1]9+b[0xaa]R[0xec][0x89]f[0xe4][0xb9][0xaf]m[0xa2][0x0]![0x93]"k[0xeb]=[0xdf]K[0xe6][0x6];[0x8a][\n]"
09:53:49.859 [main] DEBUG org.apache.http.wire -- http-outgoing-4 << "'[0xf5][0x96][0x8d][0x8b][0x1a]*^[0x86][0x8c][0x8f]mm[0xaa][0xf8]?[0x85][0x13][0x90][0xf5][0xf1]4[0xef]d'[0xb3]=^[0x83][0xba]?[0xea][0x18][0xb3][0xf6][0xfd]v[0x19][0xda]n3[0xfe][0xf4][0xe7][0xa5][0x2]'w[0x89][0xc1][0xcb]zd[0x1d]i[0xf1][0xcd][0xe7][0xaf][0xe3]F[0xcd][0x9a][0xbc][0x9c]''[0xd4][0xa3][0xd6][0xf][0x80]&*[0xf2]~4N[0xcd]SR[0xad]vq[0x8e][0xde][0x91][0xb3]"[0xea][0xa2][0x12][0xd6][0xc9][0x6]-X[0xc1]MC;[0xe5][0xc5][0x9a][0xb2][0xc6][0x13][0xbb]M[0x89][0x9f]X[0x1e][0x88][0x3]M[0xee][0xfe][0xe2][0xec];[0xb3][0xe8]+[0xe0][0xbf]^[0xdf][0x9d][0x1a]~_[0xf1][0xaa][0xd9][0xb][0xbb][0x82][0xb9][0x19]?[0xc][0xac][0xb5][0xb1]Q[0x18][0x19]x[0xb]E[0x10][0xfa])m[0xa1][0x8][0x14]v[0x84][0xe1]h[0x2][0xf7][0xe5][0xa7][0xde][0xaf][0xb8][0xca][0xa2][0xe6]4x/[0xbb][0xc][0x19][0xf8][0xd7]6[0xf1]s[0xbe]s[0x9c][0x95][0xb5]<[0x1b]b]Sv[0xf8][0x98] [0xd4][0x12]s[0xde]^[0x1c]n[0xf][0xad]MV[0x8c][0xb5][0x87][0xa1]cb[0xd4]J[0xc1])[0x8f][0xe6][0xfb][0xcf][0xf0][0x9e][0xfa]y[0x9][0xe1][0xb4]`[0xfb]([0xbb][0xb4]g>[0xa6]#o[0xe7]2[\r][0xa1][0xd8]?[0xf4][0xf4]x[0xbc][0xe5][0xb7]L`f[0x7][0xbd]2[\n]"
09:53:49.859 [main] DEBUG org.apache.http.wire -- http-outgoing-4 << "]o6w[0xa7]j[0xf2]F6B[0xe][0x8a][0xc8][0x12][0xde][0x99]j[0xfe][0x9d]u[0x80]:t[0xb1][0xe1][0xe3]1[0x3]+[0x9][0xbc][0xe0][0xca]{p[0x93][0x10][0xe8][0xf9][0xa9][0x7][0xc7][0xfc][0x81]CE[0x94]Pfr[0xeb][0xe3]2rd[0xda][0xc][0xec][0xf1][0xb4][0x1c][0xf5][0x7][0x1a][0x9d][0x1d]Q[0xbc][0xc1][0x11][0x8d]%[0xc3][0x86][0xa3][0xfb]e[0xb]7|[0xdb][0x82][0x85][0x8f][0xec]o[0xfc][0x84][0xff][0xdf]Dbss[\n]"
09:53:49.859 [main] DEBUG org.apache.http.wire -- http-outgoing-4 << ";[0xae][0xb6]Y[0x17][0xbf][0xb9]>[0xc]#3[0xb1][0xe9][0x1d][0x99][0xa0])[Bl[0x1c][0xd1]9[0x9a][0xfa][0x9c][0xd0]O[0xe0][0xad][0xcb][0xa0]}[0xd0]c[0x1f]gI[0x9e][0xb4][0xe4][0xbd][0x99][0x85][0x89][0xea][0x1f]#[0xc6]e[0xa1]8;[0x84][0x9e][0x1][0x95][0xe7]C{[0x1b][0x15][0xbd]x[0xe1][0xe8]eQ'.[0xec][0xa4][0xf5][0x2][0xa1][0x97][0xe7][0xb6]9[0xaf]q*[0xb8][0x14][0x1e][0xe8][0xe9][0x9e];+[0xc7][0x9b]4[0xb][0xb4]W8`[0xc5][0xe0][0xcf][0xe9][0x80]5[0xb7][0xfd]\m[0xca])mA[0x1e][0xda][0x10]!6\[0xdc]En[0x94][0xab][0xcd][0xc]~[0xdc][0xf1][\r]*T[0x9d]|j[0x90][0x95]^[0xcb]^[0xf6][0x1a]Y[0xf6]![0xf7][0xf5]i[0xb5][0xfd][0xb4][0xca]~$[0xb3]_e\gsu[0xbb]~qA[0xf2]>+[0xb7][0xdf][0x1f][0x18][0x8][0x13][0xb9]e[0xf8][0xa7]L[0x14]4;k[0xeb][0xac][0xf3][0xf5]I>[0x97][0x91][0x1d][0xce][0x94].[0x11]7[0xdb][0x0]V[0xd5][0xd8][0x8f]:[0xad]l[0xb3][0xfd][0xf0]9[0x1a][0x87]WA[0xe1][0x9c][0xb7]Z3[0xe2][0xe1][0x8b][0xf8][0x87]X[0xe9]|Z[0x9c][0xc0]a[0xd0][0xd3]<[0xce][0x8f][0xd2][0xbb][0x17]CM0X[0x1d]q)H[0x17][0x9d][0x96]^[0xd2][0xb4][0x9f][0xc5][0x12]^[0x85]*[0xd3]*1[0xba][0x1d]imG[0x1f]w[0xee][0xe3][0xc1][0x1]wJ'5#[0xae][0xdc][0xe8][0xe6][0xb5][0xf1]\[0x9a][0xd6][0x9f]b<[0xb7][0x9b]S.[0xb8][0xda][0xac]3[0xa0][0xb9][0xba][0xfb][0xfd][0xef][0xc5]*[0xd8][0x80][0x9a][0xa7] [0xeb]b[0xe5][0x9f][0xd5][0xb0]z[0xb8],V[0xb2][0xf7][0xbe]z[0xd8]\[0xfe][0xfe]V[0xf8]4[0x12][0xfb]0[0x0][0x0][\r][\n]"
09:53:49.859 [main] DEBUG org.apache.http.impl.conn.DefaultManagedHttpClientConnection -- http-outgoing-4: Close connection
09:53:49.860 [main] DEBUG org.apache.http.impl.execchain.MainClientExec -- Connection discarded
09:53:49.860 [main] DEBUG org.apache.http.impl.conn.PoolingHttpClientConnectionManager -- Connection released: [id: 4][route: {s}->https://dummyjson.com:443][total available: 0; route allocated: 0 of 5; total allocated: 0 of 10]
09:53:49.860 [main] DEBUG org.apache.http.impl.conn.PoolingHttpClientConnectionManager -- Connection manager is shutting down
09:53:49.860 [main] DEBUG org.apache.http.impl.conn.PoolingHttpClientConnectionManager -- Connection manager shut down
09:53:49.863 [main] DEBUG com.intuit.karate -- response time in milliseconds: 75
1 < 200
1 < Access-Control-Allow-Origin: *
1 < Content-Type: application/json; charset=utf-8
1 < Date: Tue, 05 Aug 2025 02:53:49 GMT
1 < Etag: W/"30fb-VkYQAuIqYjhnG7QMy9rrMtPH0TM"
1 < Server: railway-edge
1 < Strict-Transport-Security: max-age=15552000; includeSubDomains
1 < Vary: Accept-Encoding
1 < X-Content-Type-Options: nosniff
1 < X-Dns-Prefetch-Control: off
1 < X-Download-Options: noopen
1 < X-Frame-Options: SAMEORIGIN
1 < X-Powered-By: Cats on Keyboards
1 < X-Railway-Edge: railway/asia-southeast1-eqsg3a
1 < X-Railway-Request-Id: xPFXuYC1RyWR0HBcacI7Nw
1 < X-Ratelimit-Limit: 100
1 < X-Ratelimit-Remaining: 98
1 < X-Ratelimit-Reset: 1754362437
1 < X-Xss-Protection: 1; mode=block
1 < Transfer-Encoding: chunked
{
  "posts": [
    {
      "id": 92,
      "title": "'My dear Bounderby,' Mr. Gradgrind began",
      "body": "'Now, you'll excuse me,' said Bounderby, 'but I don't want to be too dear.  That, to start with.  When I begin to be dear to a man, I generally find that his intention is to come over me.",
      "tags": [
        "classic",
        "love",
        "english"
      ],
      "reactions": {
        "likes": 191,
        "dislikes": 37
      },
      "views": 3533,
      "userId": 102
    },
    {
      "id": 141,
      "title": "A judgment that is necessarily hampered",
      "body": "A judgment that is necessarily hampered, bot only by the scope and limits of his imagination, but by the ever-changing measure of his doubt and self-esteem.",
      "tags": [
        "love",
        "english"
      ],
      "reactions": {
        "likes": 51,
        "dislikes": 39
      },
      "views": 66,
      "userId": 34
    },
    {
      "id": 44,
      "title": "A long black shadow slid across the pavement",
      "body": "A long black shadow slid across the pavement near their feet and the five Venusians, very much startled, looked overhead. They were barely in time to see the huge gray form of the carnivore before it vanished behind a sign atop a nearby building which bore the mystifying information \"Pepsi-Cola.\"",
      "tags": [
        "crime",
        "english",
        "classic"
      ],
      "reactions": {
        "likes": 1469,
        "dislikes": 28
      },
      "views": 2764,
      "userId": 124
    },
    {
      "id": 140,
      "title": "A secret always has a strengthening effect",
      "body": "A secret always has a strengthening effect upon a newborn friendship, as does the shared impression than an external figure is to blame: the men of the Crown have become united less by their shared beliefs, we observe, than by their shared misgivings.",
      "tags": [
        "english",
        "magical",
        "french"
      ],
      "reactions": {
        "likes": 43,
        "dislikes": 32
      },
      "views": 3334,
      "userId": 150
    },
    {
      "id": 111,
      "title": "Act, implores the Ghost of Future Regret.",
      "body": "Jacob hurries past the tomatoes and catches her up near the gate.'Miss Abigawa? Miss Aibagawa. I must ask you to forgive me.'She has turned around and has one hand on the gate. 'Why forgive?",
      "tags": [
        "crime",
        "love"
      ],
      "reactions": {
        "likes": 623,
        "dislikes": 39
      },
      "views": 1481,
      "userId": 112
    },
    {
      "id": 101,
      "title": "All Hallows Day: grief comes in waves.",
      "body": "t threatens to capsize him. He doesn't believe that the dead come back; but that doesn't stop him from feeling the brush of their fingertips, wingtips, against his shoulder.",
      "tags": [
        "classic",
        "crime",
        "english"
      ],
      "reactions": {
        "likes": 1341,
        "dislikes": 6
      },
      "views": 4695,
      "userId": 72
    },
    {
      "id": 4,
      "title": "All he wanted was a candy bar.",
      "body": "All he wanted was a candy bar. It didn't seem like a difficult request to comprehend, but the clerk remained frozen and didn't seem to want to honor the request. It might have had something to do with the gun pointed at his face.",
      "tags": [
        "mystery",
        "english",
        "american"
      ],
      "reactions": {
        "likes": 359,
        "dislikes": 18
      },
      "views": 4548,
      "userId": 47
    },
    {
      "id": 105,
      "title": "All men dream, but not equally.",
      "body": "dream by night in the dusty recesses of their minds wake in the day to find that it was vanity: but the dreamers of the day are dangerous men, for they may act their dreams with open eyes.",
      "tags": [
        "french",
        "magical",
        "english"
      ],
      "reactions": {
        "likes": 154,
        "dislikes": 41
      },
      "views": 827,
      "userId": 97
    },
    {
      "id": 130,
      "title": "Always I had acted as if a third person was watching",
      "body": "Always I had acted as if a third person was watching and listening and giving me marks for good or bad behaviour - a god like a novelist, to whom I turned, like a character with the power to please, the sensitivity to feel slighted, the ability to adapt himself to whatever he believed the novelist-god wanted.",
      "tags": [
        "english",
        "crime",
        "american"
      ],
      "reactions": {
        "likes": 985,
        "dislikes": 36
      },
      "views": 4261,
      "userId": 48
    },
    {
      "id": 98,
      "title": "And how can you bring it home to them?",
      "body": "an inspiration? By a vision? A dream? Brothers! People! Why has life been given you? In the deep, deaf stillness of midnight, the doors of the death cells are being swung open - and great-souled people are being dragged out to be shot.",
      "tags": [
        "english",
        "mystery",
        "fiction"
      ],
      "reactions": {
        "likes": 652,
        "dislikes": 21
      },
      "views": 1158,
      "userId": 161
    },
    {
      "id": 83,
      "title": "Are you getting my texts???",
      "body": "\"Are you getting my texts???\" she texted to him. He glanced at it and chuckled under his breath. Of course he was getting them, but if he wasn't getting them, how would he ever be able to answer? He put the phone down and continued on his project. He was ignoring her texts and he planned to continue to do so.",
      "tags": [
        "mystery",
        "magical",
        "history"
      ],
      "reactions": {
        "likes": 822,
        "dislikes": 14
      },
      "views": 837,
      "userId": 84
    },
    {
      "id": 97,
      "title": "As for the leaflets reporting the creation of",
      "body": "the ROA, the \u201CRussian Liberation Army,\u201D not only were they written in bad Russian, but they were imbued with an alien spirit that was clearly German and, moreover, seemed little concerned with their presumed subject; besides, and on the other hand,",
      "tags": [
        "classic",
        "fiction",
        "crime"
      ],
      "reactions": {
        "likes": 99,
        "dislikes": 40
      },
      "views": 154,
      "userId": 72
    },
    {
      "id": 58,
      "title": "Balloons are pretty and come in different colors",
      "body": "Balloons are pretty and come in different colors, different shapes, different sizes, and they can even adjust sizes as needed. But don't make them too big or they might just pop, and then bye-bye balloon. It'll be gone and lost for the rest of mankind. They can serve a variety of purposes, from decorating to water balloon wars. You just have to use your head to think a little bit about what to do with them.",
      "tags": [
        "american",
        "crime",
        "magical"
      ],
      "reactions": {
        "likes": 127,
        "dislikes": 45
      },
      "views": 250,
      "userId": 93
    },
    {
      "id": 102,
      "title": "Being in high school, Miles had no idea there",
      "body": "were girls in the world who might be nice to some boy who'd suffered the misfortune of falling in love with them, even when they couldn't return the favor.",
      "tags": [
        "love",
        "american",
        "english"
      ],
      "reactions": {
        "likes": 1091,
        "dislikes": 11
      },
      "views": 1397,
      "userId": 73
    },
    {
      "id": 100,
      "title": "But Art is a punitive sentence, not a",
      "body": "birthright, & there is nothing in my early life that suggests artistic aptitude or even interest, my pastimes & fascinations nearly all being what may - & were - deemed the merely villainous.",
      "tags": [
        "love",
        "history",
        "crime"
      ],
      "reactions": {
        "likes": 121,
        "dislikes": 1
      },
      "views": 252,
      "userId": 131
    },
    {
      "id": 145,
      "title": "But just as I didn't want to resent my kids",
      "body": "I also didn't want to find myself too much in love with them. There are parents who don't like to hear their little girl crying at night, at the vast approaching dark of sleep, and so in their torment think why not feed her a lollipop, and a few years later that kid's got seven cavities and a pulled tooth.",
      "tags": [
        "love",
        "magical",
        "classic"
      ],
      "reactions": {
        "likes": 974,
        "dislikes": 36
      },
      "views": 2463,
      "userId": 126
    },
    {
      "id": 103,
      "title": "But they didn't devote the whole evening to",
      "body": "music. After a while they played at forfeits; for it is good to be children sometimes, and never better than at Christmas, when its mighty Founder was a child himself. Stop. There was first a game at blind-man's buff.",
      "tags": [
        "fiction",
        "french",
        "classic"
      ],
      "reactions": {
        "likes": 1088,
        "dislikes": 32
      },
      "views": 4031,
      "userId": 66
    },
    {
      "id": 80,
      "title": "Cake or pie?",
      "body": "I can tell a lot about you by which one you pick. It may seem silly, but cake people and pie people are really different. I know which one I hope you are, but that's not for me to decide. So, what is it? Cake or pie?",
      "tags": [
        "classic",
        "love",
        "french"
      ],
      "reactions": {
        "likes": 1007,
        "dislikes": 22
      },
      "views": 2670,
      "userId": 80
    },
    {
      "id": 146,
      "title": "Christ, he thinks, by my age I ought to know",
      "body": "You don't get on by being original. You don't get on by being bright. You don't get on by being strong. You get on by being a subtle crook;",
      "tags": [
        "fiction",
        "history",
        "english"
      ],
      "reactions": {
        "likes": 143,
        "dislikes": 28
      },
      "views": 1460,
      "userId": 189
    },
    {
      "id": 6,
      "title": "Dave wasn't exactly sure how he had ended up",
      "body": "Dave wasn't exactly sure how he had ended up in this predicament. He ran through all the events that had lead to this current situation and it still didn't make sense. He wanted to spend some time to try and make sense of it all, but he had higher priorities at the moment. The first was how to get out of his current situation of being naked in a tree with snow falling all around and no way for him to get down.",
      "tags": [
        "english",
        "classic",
        "american"
      ],
      "reactions": {
        "likes": 15,
        "dislikes": 8
      },
      "views": 38,
      "userId": 98
    },
    {
      "id": 3,
      "title": "Dave watched as the forest burned up on the hill.",
      "body": "Dave watched as the forest burned up on the hill, only a few miles from her house. The car had been hastily packed and Marta was inside trying to round up the last of the pets. Dave went through his mental list of the most important papers and documents that they couldn't leave behind. He scolded himself for not having prepared these better in advance and hoped that he had remembered everything that was needed. He continued to wait for Marta to appear with the pets, but she still was nowhere to be seen.",
      "tags": [
        "magical",
        "history",
        "french"
      ],
      "reactions": {
        "likes": 1448,
        "dislikes": 39
      },
      "views": 4152,
      "userId": 16
    },
    {
      "id": 34,
      "title": "Debbie had taken George for granted",
      "body": "Debbie had taken George for granted for more than fifteen years now. He wasn't sure what exactly had made him choose this time and place to address the issue, but he decided that now was the time. He looked straight into her eyes and just as she was about to speak, turned away and walked out the door.",
      "tags": [
        "american",
        "crime",
        "history"
      ],
      "reactions": {
        "likes": 654,
        "dislikes": 15
      },
      "views": 1194,
      "userId": 98
    },
    {
      "id": 54,
      "title": "Debbie knew she was being selfish",
      "body": "Debbie knew she was being selfish and unreasonable. She understood why the others in the room were angry and frustrated with her and the way she was acting. In her eyes, it didn't really matter how they felt because she simply didn't care.",
      "tags": [
        "english",
        "american"
      ],
      "reactions": {
        "likes": 393,
        "dislikes": 14
      },
      "views": 4364,
      "userId": 200
    },
    {
      "id": 149,
      "title": "During the first part of your life",
      "body": "During the first part of your life, you only become aware of happiness once you have lost it. Then an age comes, a second one, in which you already know, at the moment when you begin to experience true happiness.",
      "tags": [
        "love",
        "american",
        "classic"
      ],
      "reactions": {
        "likes": 546,
        "dislikes": 42
      },
      "views": 4638,
      "userId": 56
    },
    {
      "id": 104,
      "title": "Each failed overture of peace made the next",
      "body": "overture less likely to succeed. Before long, what at first glance had seemed to Gary an absurd possibility - that the till of their marriage no longer contained sufficient funds of love and goodwill to cover the emotional costs that going to St.",
      "tags": [
        "american",
        "english",
        "crime"
      ],
      "reactions": {
        "likes": 1049,
        "dislikes": 29
      },
      "views": 4033,
      "userId": 77
    },
    {
      "id": 143,
      "title": "Everything failed to subdue me",
      "body": "Everything failed to subdue me. Soon everything seemed dull: another sunrise, the lives of heroes, failing love, war, the discoveries people made about each other.",
      "tags": [
        "french",
        "american",
        "history"
      ],
      "reactions": {
        "likes": 118,
        "dislikes": 41
      },
      "views": 269,
      "userId": 34
    },
    {
      "id": 43,
      "title": "Explain to me again why I shouldn't cheat?",
      "body": "\"Explain to me again why I shouldn't cheat?\" he asked. \"All the others do and nobody ever gets punished for doing so. I should go about being happy losing to cheaters because I know that I don't? That's what you're telling me?\"",
      "tags": [
        "classic",
        "french",
        "fiction"
      ],
      "reactions": {
        "likes": 1338,
        "dislikes": 15
      },
      "views": 3359,
      "userId": 6
    },
    {
      "id": 142,
      "title": "For although a man is judged by his actions",
      "body": "For although a man is judged by his actions, by what he has said and done, a man judges himself by what he is willing to do, by what he might have said, or might have done",
      "tags": [
        "american",
        "crime",
        "magical"
      ],
      "reactions": {
        "likes": 136,
        "dislikes": 29
      },
      "views": 240,
      "userId": 35
    },
    {
      "id": 90,
      "title": "Gentlemen of the free-and-easy sort",
      "body": "plume themselves on being acquainted with a move or two, and being usually equal to the time-of-day, express the wide range of their capacity for adventure by observing that they are good for anything from pitch-and-toss to manslaughter;",
      "tags": [
        "love",
        "history"
      ],
      "reactions": {
        "likes": 1211,
        "dislikes": 24
      },
      "views": 3271,
      "userId": 150
    },
    {
      "id": 94,
      "title": "Happiness was different in childhood.",
      "body": "so much then a matter simply of accumulation, of taking things - new experiences, new emotions - and applying them like so many polished tiles to what would someday be the marvellously finished pavilion of the self.",
      "tags": [
        "american",
        "crime",
        "mystery"
      ],
      "reactions": {
        "likes": 573,
        "dislikes": 24
      },
      "views": 2319,
      "userId": 28
    }
  ],
  "total": 251,
  "skip": 0,
  "limit": 30
}


09:53:49.865 [main] DEBUG com.jayway.jsonpath.internal.path.CompiledPath -- Evaluating path: $['posts'][0]['title']
09:53:49.865 [main] INFO com.intuit.karate -- [print] {
  "posts": [
    {
      "id": 92,
      "title": "'My dear Bounderby,' Mr. Gradgrind began",
      "body": "'Now, you'll excuse me,' said Bounderby, 'but I don't want to be too dear.  That, to start with.  When I begin to be dear to a man, I generally find that his intention is to come over me.",
      "tags": [
        "classic",
        "love",
        "english"
      ],
      "reactions": {
        "likes": 191,
        "dislikes": 37
      },
      "views": 3533,
      "userId": 102
    },
    {
      "id": 141,
      "title": "A judgment that is necessarily hampered",
      "body": "A judgment that is necessarily hampered, bot only by the scope and limits of his imagination, but by the ever-changing measure of his doubt and self-esteem.",
      "tags": [
        "love",
        "english"
      ],
      "reactions": {
        "likes": 51,
        "dislikes": 39
      },
      "views": 66,
      "userId": 34
    },
    {
      "id": 44,
      "title": "A long black shadow slid across the pavement",
      "body": "A long black shadow slid across the pavement near their feet and the five Venusians, very much startled, looked overhead. They were barely in time to see the huge gray form of the carnivore before it vanished behind a sign atop a nearby building which bore the mystifying information \"Pepsi-Cola.\"",
      "tags": [
        "crime",
        "english",
        "classic"
      ],
      "reactions": {
        "likes": 1469,
        "dislikes": 28
      },
      "views": 2764,
      "userId": 124
    },
    {
      "id": 140,
      "title": "A secret always has a strengthening effect",
      "body": "A secret always has a strengthening effect upon a newborn friendship, as does the shared impression than an external figure is to blame: the men of the Crown have become united less by their shared beliefs, we observe, than by their shared misgivings.",
      "tags": [
        "english",
        "magical",
        "french"
      ],
      "reactions": {
        "likes": 43,
        "dislikes": 32
      },
      "views": 3334,
      "userId": 150
    },
    {
      "id": 111,
      "title": "Act, implores the Ghost of Future Regret.",
      "body": "Jacob hurries past the tomatoes and catches her up near the gate.'Miss Abigawa? Miss Aibagawa. I must ask you to forgive me.'She has turned around and has one hand on the gate. 'Why forgive?",
      "tags": [
        "crime",
        "love"
      ],
      "reactions": {
        "likes": 623,
        "dislikes": 39
      },
      "views": 1481,
      "userId": 112
    },
    {
      "id": 101,
      "title": "All Hallows Day: grief comes in waves.",
      "body": "t threatens to capsize him. He doesn't believe that the dead come back; but that doesn't stop him from feeling the brush of their fingertips, wingtips, against his shoulder.",
      "tags": [
        "classic",
        "crime",
        "english"
      ],
      "reactions": {
        "likes": 1341,
        "dislikes": 6
      },
      "views": 4695,
      "userId": 72
    },
    {
      "id": 4,
      "title": "All he wanted was a candy bar.",
      "body": "All he wanted was a candy bar. It didn't seem like a difficult request to comprehend, but the clerk remained frozen and didn't seem to want to honor the request. It might have had something to do with the gun pointed at his face.",
      "tags": [
        "mystery",
        "english",
        "american"
      ],
      "reactions": {
        "likes": 359,
        "dislikes": 18
      },
      "views": 4548,
      "userId": 47
    },
    {
      "id": 105,
      "title": "All men dream, but not equally.",
      "body": "dream by night in the dusty recesses of their minds wake in the day to find that it was vanity: but the dreamers of the day are dangerous men, for they may act their dreams with open eyes.",
      "tags": [
        "french",
        "magical",
        "english"
      ],
      "reactions": {
        "likes": 154,
        "dislikes": 41
      },
      "views": 827,
      "userId": 97
    },
    {
      "id": 130,
      "title": "Always I had acted as if a third person was watching",
      "body": "Always I had acted as if a third person was watching and listening and giving me marks for good or bad behaviour - a god like a novelist, to whom I turned, like a character with the power to please, the sensitivity to feel slighted, the ability to adapt himself to whatever he believed the novelist-god wanted.",
      "tags": [
        "english",
        "crime",
        "american"
      ],
      "reactions": {
        "likes": 985,
        "dislikes": 36
      },
      "views": 4261,
      "userId": 48
    },
    {
      "id": 98,
      "title": "And how can you bring it home to them?",
      "body": "an inspiration? By a vision? A dream? Brothers! People! Why has life been given you? In the deep, deaf stillness of midnight, the doors of the death cells are being swung open - and great-souled people are being dragged out to be shot.",
      "tags": [
        "english",
        "mystery",
        "fiction"
      ],
      "reactions": {
        "likes": 652,
        "dislikes": 21
      },
      "views": 1158,
      "userId": 161
    },
    {
      "id": 83,
      "title": "Are you getting my texts???",
      "body": "\"Are you getting my texts???\" she texted to him. He glanced at it and chuckled under his breath. Of course he was getting them, but if he wasn't getting them, how would he ever be able to answer? He put the phone down and continued on his project. He was ignoring her texts and he planned to continue to do so.",
      "tags": [
        "mystery",
        "magical",
        "history"
      ],
      "reactions": {
        "likes": 822,
        "dislikes": 14
      },
      "views": 837,
      "userId": 84
    },
    {
      "id": 97,
      "title": "As for the leaflets reporting the creation of",
      "body": "the ROA, the \u201CRussian Liberation Army,\u201D not only were they written in bad Russian, but they were imbued with an alien spirit that was clearly German and, moreover, seemed little concerned with their presumed subject; besides, and on the other hand,",
      "tags": [
        "classic",
        "fiction",
        "crime"
      ],
      "reactions": {
        "likes": 99,
        "dislikes": 40
      },
      "views": 154,
      "userId": 72
    },
    {
      "id": 58,
      "title": "Balloons are pretty and come in different colors",
      "body": "Balloons are pretty and come in different colors, different shapes, different sizes, and they can even adjust sizes as needed. But don't make them too big or they might just pop, and then bye-bye balloon. It'll be gone and lost for the rest of mankind. They can serve a variety of purposes, from decorating to water balloon wars. You just have to use your head to think a little bit about what to do with them.",
      "tags": [
        "american",
        "crime",
        "magical"
      ],
      "reactions": {
        "likes": 127,
        "dislikes": 45
      },
      "views": 250,
      "userId": 93
    },
    {
      "id": 102,
      "title": "Being in high school, Miles had no idea there",
      "body": "were girls in the world who might be nice to some boy who'd suffered the misfortune of falling in love with them, even when they couldn't return the favor.",
      "tags": [
        "love",
        "american",
        "english"
      ],
      "reactions": {
        "likes": 1091,
        "dislikes": 11
      },
      "views": 1397,
      "userId": 73
    },
    {
      "id": 100,
      "title": "But Art is a punitive sentence, not a",
      "body": "birthright, & there is nothing in my early life that suggests artistic aptitude or even interest, my pastimes & fascinations nearly all being what may - & were - deemed the merely villainous.",
      "tags": [
        "love",
        "history",
        "crime"
      ],
      "reactions": {
        "likes": 121,
        "dislikes": 1
      },
      "views": 252,
      "userId": 131
    },
    {
      "id": 145,
      "title": "But just as I didn't want to resent my kids",
      "body": "I also didn't want to find myself too much in love with them. There are parents who don't like to hear their little girl crying at night, at the vast approaching dark of sleep, and so in their torment think why not feed her a lollipop, and a few years later that kid's got seven cavities and a pulled tooth.",
      "tags": [
        "love",
        "magical",
        "classic"
      ],
      "reactions": {
        "likes": 974,
        "dislikes": 36
      },
      "views": 2463,
      "userId": 126
    },
    {
      "id": 103,
      "title": "But they didn't devote the whole evening to",
      "body": "music. After a while they played at forfeits; for it is good to be children sometimes, and never better than at Christmas, when its mighty Founder was a child himself. Stop. There was first a game at blind-man's buff.",
      "tags": [
        "fiction",
        "french",
        "classic"
      ],
      "reactions": {
        "likes": 1088,
        "dislikes": 32
      },
      "views": 4031,
      "userId": 66
    },
    {
      "id": 80,
      "title": "Cake or pie?",
      "body": "I can tell a lot about you by which one you pick. It may seem silly, but cake people and pie people are really different. I know which one I hope you are, but that's not for me to decide. So, what is it? Cake or pie?",
      "tags": [
        "classic",
        "love",
        "french"
      ],
      "reactions": {
        "likes": 1007,
        "dislikes": 22
      },
      "views": 2670,
      "userId": 80
    },
    {
      "id": 146,
      "title": "Christ, he thinks, by my age I ought to know",
      "body": "You don't get on by being original. You don't get on by being bright. You don't get on by being strong. You get on by being a subtle crook;",
      "tags": [
        "fiction",
        "history",
        "english"
      ],
      "reactions": {
        "likes": 143,
        "dislikes": 28
      },
      "views": 1460,
      "userId": 189
    },
    {
      "id": 6,
      "title": "Dave wasn't exactly sure how he had ended up",
      "body": "Dave wasn't exactly sure how he had ended up in this predicament. He ran through all the events that had lead to this current situation and it still didn't make sense. He wanted to spend some time to try and make sense of it all, but he had higher priorities at the moment. The first was how to get out of his current situation of being naked in a tree with snow falling all around and no way for him to get down.",
      "tags": [
        "english",
        "classic",
        "american"
      ],
      "reactions": {
        "likes": 15,
        "dislikes": 8
      },
      "views": 38,
      "userId": 98
    },
    {
      "id": 3,
      "title": "Dave watched as the forest burned up on the hill.",
      "body": "Dave watched as the forest burned up on the hill, only a few miles from her house. The car had been hastily packed and Marta was inside trying to round up the last of the pets. Dave went through his mental list of the most important papers and documents that they couldn't leave behind. He scolded himself for not having prepared these better in advance and hoped that he had remembered everything that was needed. He continued to wait for Marta to appear with the pets, but she still was nowhere to be seen.",
      "tags": [
        "magical",
        "history",
        "french"
      ],
      "reactions": {
        "likes": 1448,
        "dislikes": 39
      },
      "views": 4152,
      "userId": 16
    },
    {
      "id": 34,
      "title": "Debbie had taken George for granted",
      "body": "Debbie had taken George for granted for more than fifteen years now. He wasn't sure what exactly had made him choose this time and place to address the issue, but he decided that now was the time. He looked straight into her eyes and just as she was about to speak, turned away and walked out the door.",
      "tags": [
        "american",
        "crime",
        "history"
      ],
      "reactions": {
        "likes": 654,
        "dislikes": 15
      },
      "views": 1194,
      "userId": 98
    },
    {
      "id": 54,
      "title": "Debbie knew she was being selfish",
      "body": "Debbie knew she was being selfish and unreasonable. She understood why the others in the room were angry and frustrated with her and the way she was acting. In her eyes, it didn't really matter how they felt because she simply didn't care.",
      "tags": [
        "english",
        "american"
      ],
      "reactions": {
        "likes": 393,
        "dislikes": 14
      },
      "views": 4364,
      "userId": 200
    },
    {
      "id": 149,
      "title": "During the first part of your life",
      "body": "During the first part of your life, you only become aware of happiness once you have lost it. Then an age comes, a second one, in which you already know, at the moment when you begin to experience true happiness.",
      "tags": [
        "love",
        "american",
        "classic"
      ],
      "reactions": {
        "likes": 546,
        "dislikes": 42
      },
      "views": 4638,
      "userId": 56
    },
    {
      "id": 104,
      "title": "Each failed overture of peace made the next",
      "body": "overture less likely to succeed. Before long, what at first glance had seemed to Gary an absurd possibility - that the till of their marriage no longer contained sufficient funds of love and goodwill to cover the emotional costs that going to St.",
      "tags": [
        "american",
        "english",
        "crime"
      ],
      "reactions": {
        "likes": 1049,
        "dislikes": 29
      },
      "views": 4033,
      "userId": 77
    },
    {
      "id": 143,
      "title": "Everything failed to subdue me",
      "body": "Everything failed to subdue me. Soon everything seemed dull: another sunrise, the lives of heroes, failing love, war, the discoveries people made about each other.",
      "tags": [
        "french",
        "american",
        "history"
      ],
      "reactions": {
        "likes": 118,
        "dislikes": 41
      },
      "views": 269,
      "userId": 34
    },
    {
      "id": 43,
      "title": "Explain to me again why I shouldn't cheat?",
      "body": "\"Explain to me again why I shouldn't cheat?\" he asked. \"All the others do and nobody ever gets punished for doing so. I should go about being happy losing to cheaters because I know that I don't? That's what you're telling me?\"",
      "tags": [
        "classic",
        "french",
        "fiction"
      ],
      "reactions": {
        "likes": 1338,
        "dislikes": 15
      },
      "views": 3359,
      "userId": 6
    },
    {
      "id": 142,
      "title": "For although a man is judged by his actions",
      "body": "For although a man is judged by his actions, by what he has said and done, a man judges himself by what he is willing to do, by what he might have said, or might have done",
      "tags": [
        "american",
        "crime",
        "magical"
      ],
      "reactions": {
        "likes": 136,
        "dislikes": 29
      },
      "views": 240,
      "userId": 35
    },
    {
      "id": 90,
      "title": "Gentlemen of the free-and-easy sort",
      "body": "plume themselves on being acquainted with a move or two, and being usually equal to the time-of-day, express the wide range of their capacity for adventure by observing that they are good for anything from pitch-and-toss to manslaughter;",
      "tags": [
        "love",
        "history"
      ],
      "reactions": {
        "likes": 1211,
        "dislikes": 24
      },
      "views": 3271,
      "userId": 150
    },
    {
      "id": 94,
      "title": "Happiness was different in childhood.",
      "body": "so much then a matter simply of accumulation, of taking things - new experiences, new emotions - and applying them like so many polished tiles to what would someday be the marvellously finished pavilion of the self.",
      "tags": [
        "american",
        "crime",
        "mystery"
      ],
      "reactions": {
        "likes": 573,
        "dislikes": 24
      },
      "views": 2319,
      "userId": 28
    }
  ],
  "total": 251,
  "skip": 0,
  "limit": 30
}
 
]]></system-out>
  </testcase>
  <testcase name="[6:66] Get All Posts Tags (objects)" classname="dummyjson/Posts" time="0.122">
    <system-out><![CDATA[09:53:49.874 [main] DEBUG org.apache.http.client.protocol.RequestAddCookies -- CookieSpec selected: karate
09:53:49.874 [main] DEBUG org.apache.http.client.protocol.RequestAuthCache -- Auth cache not set in the context
09:53:49.874 [main] DEBUG com.intuit.karate -- request:
1 > GET https://dummyjson.com/posts/tags
1 > Host: dummyjson.com
1 > Connection: Keep-Alive
1 > User-Agent: Apache-HttpClient/4.5.14 (Java/21.0.8)
1 > Accept-Encoding: gzip,deflate


09:53:49.874 [main] DEBUG org.apache.http.impl.conn.PoolingHttpClientConnectionManager -- Connection request: [route: {s}->https://dummyjson.com:443][total available: 0; route allocated: 0 of 5; total allocated: 0 of 10]
09:53:49.874 [main] DEBUG org.apache.http.impl.conn.PoolingHttpClientConnectionManager -- Connection leased: [id: 5][route: {s}->https://dummyjson.com:443][total available: 0; route allocated: 1 of 5; total allocated: 1 of 10]
09:53:49.874 [main] DEBUG org.apache.http.impl.execchain.MainClientExec -- Opening connection {s}->https://dummyjson.com:443
09:53:49.874 [main] DEBUG org.apache.http.impl.conn.DefaultHttpClientConnectionOperator -- Connecting to dummyjson.com/66.33.22.3:443
09:53:49.874 [main] DEBUG org.apache.http.conn.ssl.SSLConnectionSocketFactory -- Connecting socket to dummyjson.com/66.33.22.3:443 with timeout 30000
09:53:49.897 [main] DEBUG org.apache.http.conn.ssl.SSLConnectionSocketFactory -- Enabled protocols: [TLSv1.3, TLSv1.2]
09:53:49.897 [main] DEBUG org.apache.http.conn.ssl.SSLConnectionSocketFactory -- Enabled cipher suites:[TLS_AES_256_GCM_SHA384, TLS_AES_128_GCM_SHA256, TLS_CHACHA20_POLY1305_SHA256, TLS_ECDHE_ECDSA_WITH_AES_256_GCM_SHA384, TLS_ECDHE_ECDSA_WITH_AES_128_GCM_SHA256, TLS_ECDHE_ECDSA_WITH_CHACHA20_POLY1305_SHA256, TLS_ECDHE_RSA_WITH_AES_256_GCM_SHA384, TLS_ECDHE_RSA_WITH_CHACHA20_POLY1305_SHA256, TLS_ECDHE_RSA_WITH_AES_128_GCM_SHA256, TLS_DHE_RSA_WITH_AES_256_GCM_SHA384, TLS_DHE_RSA_WITH_CHACHA20_POLY1305_SHA256, TLS_DHE_DSS_WITH_AES_256_GCM_SHA384, TLS_DHE_RSA_WITH_AES_128_GCM_SHA256, TLS_DHE_DSS_WITH_AES_128_GCM_SHA256, TLS_ECDHE_ECDSA_WITH_AES_256_CBC_SHA384, TLS_ECDHE_RSA_WITH_AES_256_CBC_SHA384, TLS_ECDHE_ECDSA_WITH_AES_128_CBC_SHA256, TLS_ECDHE_RSA_WITH_AES_128_CBC_SHA256, TLS_DHE_RSA_WITH_AES_256_CBC_SHA256, TLS_DHE_DSS_WITH_AES_256_CBC_SHA256, TLS_DHE_RSA_WITH_AES_128_CBC_SHA256, TLS_DHE_DSS_WITH_AES_128_CBC_SHA256, TLS_ECDHE_ECDSA_WITH_AES_256_CBC_SHA, TLS_ECDHE_RSA_WITH_AES_256_CBC_SHA, TLS_ECDHE_ECDSA_WITH_AES_128_CBC_SHA, TLS_ECDHE_RSA_WITH_AES_128_CBC_SHA, TLS_DHE_RSA_WITH_AES_256_CBC_SHA, TLS_DHE_DSS_WITH_AES_256_CBC_SHA, TLS_DHE_RSA_WITH_AES_128_CBC_SHA, TLS_DHE_DSS_WITH_AES_128_CBC_SHA, TLS_RSA_WITH_AES_256_GCM_SHA384, TLS_RSA_WITH_AES_128_GCM_SHA256, TLS_RSA_WITH_AES_256_CBC_SHA256, TLS_RSA_WITH_AES_128_CBC_SHA256, TLS_RSA_WITH_AES_256_CBC_SHA, TLS_RSA_WITH_AES_128_CBC_SHA, TLS_EMPTY_RENEGOTIATION_INFO_SCSV]
09:53:49.897 [main] DEBUG org.apache.http.conn.ssl.SSLConnectionSocketFactory -- Starting handshake
09:53:49.925 [main] DEBUG org.apache.http.conn.ssl.SSLConnectionSocketFactory -- Secure session established
09:53:49.925 [main] DEBUG org.apache.http.conn.ssl.SSLConnectionSocketFactory --  negotiated protocol: TLSv1.3
09:53:49.925 [main] DEBUG org.apache.http.conn.ssl.SSLConnectionSocketFactory --  negotiated cipher suite: TLS_AES_128_GCM_SHA256
09:53:49.925 [main] DEBUG org.apache.http.conn.ssl.SSLConnectionSocketFactory --  peer principal: CN=dummyjson.com
09:53:49.925 [main] DEBUG org.apache.http.conn.ssl.SSLConnectionSocketFactory --  peer alternative names: [dummyjson.com]
09:53:49.925 [main] DEBUG org.apache.http.conn.ssl.SSLConnectionSocketFactory --  issuer principal: CN=R11, O=Let's Encrypt, C=US
09:53:49.925 [main] DEBUG org.apache.http.impl.conn.DefaultHttpClientConnectionOperator -- Connection established 192.168.1.4:62501<->66.33.22.3:443
09:53:49.925 [main] DEBUG org.apache.http.impl.conn.DefaultManagedHttpClientConnection -- http-outgoing-5: set socket timeout to 30000
09:53:49.925 [main] DEBUG org.apache.http.impl.execchain.MainClientExec -- Executing request GET /posts/tags HTTP/1.1
09:53:49.925 [main] DEBUG org.apache.http.impl.execchain.MainClientExec -- Target auth state: UNCHALLENGED
09:53:49.925 [main] DEBUG org.apache.http.impl.execchain.MainClientExec -- Proxy auth state: UNCHALLENGED
09:53:49.925 [main] DEBUG org.apache.http.headers -- http-outgoing-5 >> GET /posts/tags HTTP/1.1
09:53:49.925 [main] DEBUG org.apache.http.headers -- http-outgoing-5 >> Host: dummyjson.com
09:53:49.925 [main] DEBUG org.apache.http.headers -- http-outgoing-5 >> Connection: Keep-Alive
09:53:49.925 [main] DEBUG org.apache.http.headers -- http-outgoing-5 >> User-Agent: Apache-HttpClient/4.5.14 (Java/21.0.8)
09:53:49.925 [main] DEBUG org.apache.http.headers -- http-outgoing-5 >> Accept-Encoding: gzip,deflate
09:53:49.925 [main] DEBUG org.apache.http.wire -- http-outgoing-5 >> "GET /posts/tags HTTP/1.1[\r][\n]"
09:53:49.925 [main] DEBUG org.apache.http.wire -- http-outgoing-5 >> "Host: dummyjson.com[\r][\n]"
09:53:49.925 [main] DEBUG org.apache.http.wire -- http-outgoing-5 >> "Connection: Keep-Alive[\r][\n]"
09:53:49.925 [main] DEBUG org.apache.http.wire -- http-outgoing-5 >> "User-Agent: Apache-HttpClient/4.5.14 (Java/21.0.8)[\r][\n]"
09:53:49.925 [main] DEBUG org.apache.http.wire -- http-outgoing-5 >> "Accept-Encoding: gzip,deflate[\r][\n]"
09:53:49.925 [main] DEBUG org.apache.http.wire -- http-outgoing-5 >> "[\r][\n]"
09:53:49.950 [main] DEBUG org.apache.http.wire -- http-outgoing-5 << "HTTP/1.1 200 OK[\r][\n]"
09:53:49.950 [main] DEBUG org.apache.http.wire -- http-outgoing-5 << "Access-Control-Allow-Origin: *[\r][\n]"
09:53:49.950 [main] DEBUG org.apache.http.wire -- http-outgoing-5 << "Content-Encoding: gzip[\r][\n]"
09:53:49.950 [main] DEBUG org.apache.http.wire -- http-outgoing-5 << "Content-Type: application/json; charset=utf-8[\r][\n]"
09:53:49.950 [main] DEBUG org.apache.http.wire -- http-outgoing-5 << "Date: Tue, 05 Aug 2025 02:53:49 GMT[\r][\n]"
09:53:49.950 [main] DEBUG org.apache.http.wire -- http-outgoing-5 << "Etag: W/"3730-9tPFJ2Xvz207L1jcF+Rym3Re0v8"[\r][\n]"
09:53:49.950 [main] DEBUG org.apache.http.wire -- http-outgoing-5 << "Server: railway-edge[\r][\n]"
09:53:49.950 [main] DEBUG org.apache.http.wire -- http-outgoing-5 << "Strict-Transport-Security: max-age=15552000; includeSubDomains[\r][\n]"
09:53:49.950 [main] DEBUG org.apache.http.wire -- http-outgoing-5 << "Vary: Accept-Encoding[\r][\n]"
09:53:49.950 [main] DEBUG org.apache.http.wire -- http-outgoing-5 << "X-Content-Type-Options: nosniff[\r][\n]"
09:53:49.950 [main] DEBUG org.apache.http.wire -- http-outgoing-5 << "X-Dns-Prefetch-Control: off[\r][\n]"
09:53:49.950 [main] DEBUG org.apache.http.wire -- http-outgoing-5 << "X-Download-Options: noopen[\r][\n]"
09:53:49.950 [main] DEBUG org.apache.http.wire -- http-outgoing-5 << "X-Frame-Options: SAMEORIGIN[\r][\n]"
09:53:49.950 [main] DEBUG org.apache.http.wire -- http-outgoing-5 << "X-Powered-By: Cats on Keyboards[\r][\n]"
09:53:49.950 [main] DEBUG org.apache.http.wire -- http-outgoing-5 << "X-Railway-Edge: railway/asia-southeast1-eqsg3a[\r][\n]"
09:53:49.950 [main] DEBUG org.apache.http.wire -- http-outgoing-5 << "X-Railway-Request-Id: 9GLp9NvlSBSq3xtQAQeqjw[\r][\n]"
09:53:49.950 [main] DEBUG org.apache.http.wire -- http-outgoing-5 << "X-Ratelimit-Limit: 100[\r][\n]"
09:53:49.950 [main] DEBUG org.apache.http.wire -- http-outgoing-5 << "X-Ratelimit-Remaining: 96[\r][\n]"
09:53:49.950 [main] DEBUG org.apache.http.wire -- http-outgoing-5 << "X-Ratelimit-Reset: 1754362440[\r][\n]"
09:53:49.950 [main] DEBUG org.apache.http.wire -- http-outgoing-5 << "X-Xss-Protection: 1; mode=block[\r][\n]"
09:53:49.950 [main] DEBUG org.apache.http.wire -- http-outgoing-5 << "Transfer-Encoding: chunked[\r][\n]"
09:53:49.950 [main] DEBUG org.apache.http.wire -- http-outgoing-5 << "[\r][\n]"
09:53:49.950 [main] DEBUG org.apache.http.wire -- http-outgoing-5 << "a[\r][\n]"
09:53:49.950 [main] DEBUG org.apache.http.wire -- http-outgoing-5 << "[0x1f][0x8b][0x8][0x0][0x0][0x0][0x0][0x0][0x0][0x3][\r][\n]"
09:53:49.951 [main] DEBUG org.apache.http.headers -- http-outgoing-5 << HTTP/1.1 200 OK
09:53:49.951 [main] DEBUG org.apache.http.headers -- http-outgoing-5 << Access-Control-Allow-Origin: *
09:53:49.951 [main] DEBUG org.apache.http.headers -- http-outgoing-5 << Content-Encoding: gzip
09:53:49.951 [main] DEBUG org.apache.http.headers -- http-outgoing-5 << Content-Type: application/json; charset=utf-8
09:53:49.951 [main] DEBUG org.apache.http.headers -- http-outgoing-5 << Date: Tue, 05 Aug 2025 02:53:49 GMT
09:53:49.951 [main] DEBUG org.apache.http.headers -- http-outgoing-5 << Etag: W/"3730-9tPFJ2Xvz207L1jcF+Rym3Re0v8"
09:53:49.951 [main] DEBUG org.apache.http.headers -- http-outgoing-5 << Server: railway-edge
09:53:49.951 [main] DEBUG org.apache.http.headers -- http-outgoing-5 << Strict-Transport-Security: max-age=15552000; includeSubDomains
09:53:49.951 [main] DEBUG org.apache.http.headers -- http-outgoing-5 << Vary: Accept-Encoding
09:53:49.951 [main] DEBUG org.apache.http.headers -- http-outgoing-5 << X-Content-Type-Options: nosniff
09:53:49.951 [main] DEBUG org.apache.http.headers -- http-outgoing-5 << X-Dns-Prefetch-Control: off
09:53:49.951 [main] DEBUG org.apache.http.headers -- http-outgoing-5 << X-Download-Options: noopen
09:53:49.951 [main] DEBUG org.apache.http.headers -- http-outgoing-5 << X-Frame-Options: SAMEORIGIN
09:53:49.951 [main] DEBUG org.apache.http.headers -- http-outgoing-5 << X-Powered-By: Cats on Keyboards
09:53:49.951 [main] DEBUG org.apache.http.headers -- http-outgoing-5 << X-Railway-Edge: railway/asia-southeast1-eqsg3a
09:53:49.951 [main] DEBUG org.apache.http.headers -- http-outgoing-5 << X-Railway-Request-Id: 9GLp9NvlSBSq3xtQAQeqjw
09:53:49.951 [main] DEBUG org.apache.http.headers -- http-outgoing-5 << X-Ratelimit-Limit: 100
09:53:49.951 [main] DEBUG org.apache.http.headers -- http-outgoing-5 << X-Ratelimit-Remaining: 96
09:53:49.951 [main] DEBUG org.apache.http.headers -- http-outgoing-5 << X-Ratelimit-Reset: 1754362440
09:53:49.951 [main] DEBUG org.apache.http.headers -- http-outgoing-5 << X-Xss-Protection: 1; mode=block
09:53:49.951 [main] DEBUG org.apache.http.headers -- http-outgoing-5 << Transfer-Encoding: chunked
09:53:49.951 [main] DEBUG org.apache.http.impl.execchain.MainClientExec -- Connection can be kept alive indefinitely
09:53:49.951 [main] DEBUG org.apache.http.wire -- http-outgoing-5 << "8ce[\r][\n]"
09:53:49.951 [main] DEBUG org.apache.http.wire -- http-outgoing-5 << "[0x95]Z[0xcb]r[0xdc][0xb6][0x12][0xfd][0x17][0xad]SW{[0xef]$[0xc6]c][0xc7][0xe3][0xa8]4[0x8a][0xbc]He[0x1]q03[0xf0][0x80][0xc0][0x18][0x4][0xa5][0x92]S[0xf9][0xf7][0x14][0x89][0x7]OSY[0x1c].[0xfb]T[0xf7])[0x2]h6[0xfa][0x81]?[0xff][0xbe][0xea][0xed]p[0xbc][0xfa]pu2}[0xf4][0xe1][0xed][0xea][0x97]+[0xa7]:}[0xf5][0xe1][0xea][0xae][0x2]C[0xb0][0xa3]B[0x8c][0x97][0xfe][0xc3][0xf5][0xf5]~[0xe8][0xba][0xb7][0xef][0xbd]w[0xff]k}w}[0xf1]}[0xec][0xaf][0xa3]:^[0x17][0x82]~[0xa9][0x9c][0xaa][0xd3][0xc1][0xb4][0xca][0xcd][0xa4]73[0xc2][0xb1]V[\n]"
09:53:49.951 [main] DEBUG org.apache.http.wire -- http-outgoing-5 << "[0xa0]m[0x83][0xe9][0xf4][0xcc][0xd9]d[0x91]#L[0xc6][0xc0]v[0x8][0xda][0xb5][0xa7][0x99]nSd[0x8e]/[0x9b]#[0xa1]i[0xa3][0xf1][0xb0][0xe8]M[0x5]H[0xca][0xac][0xf][0x9c][0xda][0x1d][0xad][0xe9][0xe1]+?V[0x80][0xe3],[0x4][0xc0][0xd9][0xa9][0xa3]i[0x95][0x9d]9[0xb7][0x15][0xe0]8[0xb][0x1]r[0xbe][0xf5]Q[0xa3][0x17]m+@rf}[0xe0][0xb4][0xfe][0x5]N[0xfb]K[0x92]8[0xb6][0xc9][0x14]=[0xc7][0xaa][0xbe]7-[0xf8]N[0x5]H[0xef][0xc9][0xfa][0xb8]d[0xdd][0x89][0xff]f[dr[0xc1]I[0x1d][0x8][0x9d][0xef][0xa3][0xb2]G[0xa3]f[0xce][0xaf][0x0]q[0xb4]3[0x9]2[0xab]8[0x4][0xd8][0xcb][0xaf]E&9[0x93]:[0x10][0xc6][0xa0][0xdc][0x8f][0xc1]X[0x13]a[0x3][0x1e][0x5][0xc8]Q#[0x11][0x1e][0xbd]9[0xe0][0xd1]'[0x89]<[0xfa]Q[0x19][0xa8][0x9e][0xbd]?[0xf7]3[0xd7]m[0x16]9[0xb2]d[0x8c][0x91]m[0xff][0xa2][0x9d][0xdc][0xcc][0x1b][0x80][0xc8][0xd8]V-[0xf0]O[0xef][u[0x1][0xda][0x8f]E&[0xff][0xf3][0xa4][0x8e]>/[0xe][0xa7]Ys*[0xed][0xe2]8[0x86][0xf0][0x8c][0xc1][0xfc][0x8f],rd[0xc9]X[0xc4]4[0x1d][0x8e]o[0x18][0xd2][0xb2][0xcc]F[0xb4]I[0x1d][0x8][0xfb][0xa8][0x2][0x1c][0xf1].[0x8b][0x1c]]2[0xc6][0xc5]:[0xf3][0xa2]C[0xf]G[0xf1][0xc7][0x8c][0x90]K.[0x6]@[0xfb][0xea][0xdd]^[0x87][0x99][0xf4][[0x91]9[0xca]l.V[0xed][0x83][0xd1]b[0xdd][0x5]`W[0x9e][0xf4][0xf1]h:/[0xaf][0xb0][0x8f][0x15] [0xf]'[0xeb][0x3][0xa7]o5:[0xcf][0xef]Y[0xe4][0xf8][0x92]1[0xb0]][0xfc]+[0xee][0xe2]}[0x16]9[0xb6]d[0x8c][0xc1]A[0xab][0x1][0xff][0x92][0xdb]"[0x93][0xe1]![0xa9][0x3][0xe1]Q[0x85][0xbd][0x86][0xd5]~*2G[0x98][0xcd][0xf1]/[0xf6][0xd6][0xc3]z[0x9b],[0x92][0xff][0xf1][0xa4][\r]l'[0x15]:[0xef]0[0xd9][0xab][0x0][0x99][0xec]e}<[0x11][0xad]Z[0xf8]Y[0xee][0xb3]H[0x9e][0xc8][0xa4][\r]lA[0x1f][0xac]^[0xe4]Q[0xf][0x88]q[0xbc]@[0x83][0xbf][0x8c][0xe][0xda][0x89][0xb0][0xb8][0x9b][0x11][0xf2][0xa7])[0x6][0x98][0x9][0xc]"[0xb7][0xd8][0xe]k2[0x8b]d[0xc]l[0xdf]=|[0xdf]g[0xcf][0xda]h([0xee][0xd0][0xe3])[0x9e][0xfc][0xd0][0x8b][0x9b][0x14]0[0xf6]>[0xad]&[0xe8]H[0x1e][0xef][0xaa];[0xbf][0xe2][0xa6][0x9a]L[0xf1][0xc4][0x7][0xe3] [0x8a]=d[0x91]<[0xe7]I[0x1b][0xd8][0xf6][0xba][0xd7]![0xce]t[0xbf][0x16][0x99][0xe3][0xcb][0xe6][0xc2]!{c[0x8d]v[0xe8][0xe3][0xf][0x88][0xb1][0xe]YM0[0xfe][0x4][0xb3]?[0x2][0xf1]m[0x91][0xc9][0xf8][0x93][0xd4]e[0xbd]`[0x9c][0xd6][0xc1][0xb8][0xa3][0xa8][0x19][0x0][0xa4][0xeb][0x86]j[0x83][0xbb][0xa1][0xc][0xfe][0x98]I"w`T[0x16]eH8k8[0xa9]m[0x91][0xd9]"dR[0x7][0xc2][0x17][0xf3][0x1c][0x94][0x3][0xc6][0xa7][\n]"
09:53:49.951 [main] DEBUG org.apache.http.wire -- http-outgoing-5 << "p[0x94][0x85]@|[0xa4][0xeb]E,[0xda]V[0x80][0xfd][0xcc][0xa4]/[0x93]g[0xdc][0xc4][0xc7][0xb0]f[0x17][0xe3]r[0x1b][0xbf][0xfb]!8-BF[0x1][0xd8][0xb0][0x91][0xf4]1t([0xb7]_[0xa4][0xa3]_[0x0]"[0x3]G[0xb5][0x10]gd[0xad]B[0x8f][0xaa][0x0]{FI_\[0x91]]7[0xc8][0xb0][0xde][0x0][0xc4]^[0x95][0xc5]B[0x9e][0xd4][0xde][0xc8][0xbb][0xe8][0x11] [0xfa][0xc4][0xb2][0x85][0x8][0xce][0xcf]Aa[0xf5][0xf8][0xa5][0x2]lXN[0xfa][0xc0]yv[0xfe][0xd5]j[0x11]O~[0x3][0x88][0xe3][0x9d]ID[0xa9][0xab][0xf6][0xfe][0x15]K[0xdd],[0xb3][0xa5][0xee][0xa4][0x8e][0xad][0x12];fb[0x10][0xf5]7[0x15] [%Y[0x1f][0xf3][0x10][0xa3][0x9c][0x87]<$[0x8b]d[0x1e]2i[0xe3]f[0x9a][0xd8][0x9e]0[0x93][0xfb][0xad][0x2][0xe4]Ff}\[0xb5][0xea][0x8c][0x85]3[0xdf][0x14][0x99]\sR[0x17][0xff][0xe9]Y[0xfc][0xa2][0xe7]5[0xe7]Y[0x1e][0xb1][0x1f]\[0x14]qi;#[0xe4]1[0x17][0x3][0xa0]5[0xae][0xbf][0x98][0xa0][0xe4]?[0xf4][0x1]r[0xe4]H$[0x13]x[0xec][0xe1][0xdd]f[0x91]N[0xdf]e[0x7][0xaf][0x1f]\[0x8f]W[0xd2][0xae][0xc8]dn[0x98][0xd4]1[0x80][0x9c][0xb4][0x8a]X[0xaf]<V[0x80][0xc][0x1e]Y[0x1f][0xc3][0xdd]`e[0x3][0xa2][0xa9][0x0][0x19][0xea][0xb2]>.\[0xb9]6[0xe]" [0xed][0x0]"[0x97]_-[0x96][0xed][0x97][0x93][0xbf],:0[0x9]Y[0xd1][0x84][0x19][\r][0x96]=[0xcc]E[0x7]s][0xff]R[0x94][0xa8][0xa1]=[0xa9][0xb0][0x87]"[0xb5][0x2]d[0x99][0x9a][0xf5]q[0xe1][0xd6][0xf7][0xbd][0xef]`[0xdd][0x15] [0x97][0x9d][0xf5][0xdf][0xa5]L[0x17]+[\n]"
09:53:49.951 [main] DEBUG org.apache.http.wire -- http-outgoing-5 << "[0xae][0xad][0x0][0xd7]$O[0xc9]f[0x99]K`g[0xf8]s[0x5]V[0xe4][0x12][0x8b][0xce][0xf0][0xd8][0xe7][0x14]}[0x8a][0xed][0x8c][0xac]h[0x95].:[0x15][0xbd]n[0x83][0x8e][0xd8][0xfd][0xa8][0x0][[0xc8]%}[0xbc]A[0xd4]xUc[0xbd]t?#[0xe4]=R[0xc]D[0xd8]7[0x1][0x83][0xbe][0xe1][0xff][0xc9][0x14][0xff]}m[0xf5][0xf3]2[0x9c]6[0x2]$c[0x0][0xd8] [0xbf]z[0xc6]+[0xa0][0xc9]"[0xc9]9i[0x8b][0x96][0x97][0xdf][0xc3][0x9]}[0xcb]"[0xdb][0xf0][0x1a][0xb5]E![0x16][0x83]V[0x10][0x9d][0x1f]*[0xc0][0x96]`I[0x1f][0xdb][0xb9]X*[0xde][0xac][0xa8][0x13][0x95],[0x12][0x8f][0xca]Z1[0xfe][0xf8]T[0x1][0xb6][0xf1][0x93][0xf4]EZ[0xeb]ZQ[0xca]6[0x15]`S[0xda][0xa4]/\1t[0xe8][0x8a][0x81][0xf]G[0x93])n][0x1b][0xcd][0x8b]H[0xba]of[0x84][0xdc][0xc4]b[0xb0]([0x8e] [0x0]=f[0x91]/[0x8e]D[0xf0]iO[0xe3][0xbe]:L[0x89][0x1b][0x80][0xc8]}[0xac][0x16][0xe2]tp8[0xd5][0xac][0x19]N[0xb5][0x8b][0xe1][0xd4][0xb3][0xb2]6xqU[0xcc][0x8]yW[0x14][0x3]l[0x5]X}T[0xa2]m[0xf1]qF[0xc8]&@1@W[0xf][0xca][0xed][0xf5][0x0][0x11][0xed][0xd3][0x8c][0x90][0xce]^[0xc]D[0xe4][0xe9][0xa3][0xc5][0x1d]-2[0x1b]{&u[0xf4]O[0xd7][0x1a][0x8d][0xdd][0x80][0x9b][\n]"
09:53:49.951 [main] DEBUG org.apache.http.wire -- http-outgoing-5 << "[0x90][0xde][0x99][0xf5]1[0x4][0x8d]m}[0x8]@Y$[0xc3][0xcf][0xa4][0x8d][0xb5][0xf0][0xe8]V[0xf0][0xff]<[0x15][0x99][0xac][0x84][0x93][0xba][0xd8]C[0xdb][0xe1][0xe]Z[0xde][0x81]&S[0xd9](~[0xc6][0xbe][0xf3]][0x91][0xe9]6[0xf1][0xb3][0xec]<[0x1f]t[0x1f][0xcd][0xb][0xe6][0x16][0x9b][0x19]!#P1[0x10][0x19]{[0xd7][0xe1][0x91][0xec][0x8a][0xcc]f[0xec][0x93]:~[0xa7][0xf][0xba][0x7][0xaf][0xd9][0x14][0x99][0xfc][0xc6][0xa4][0x8e]~8[0xc4][0xa1][0xc3][0x97][0x10]E&[0xbd]0[0xa9][0xe3][0x92][0x1d][0x96][0xe2];[0xb7][0xa2][0x10][0x9f]LEr[0x1e][0x95][0x93]o[0x1]n[0x1]b[0xd3][0xf3]b![0xc2][0xa3][0xea][0xc5][0xd5][0xa5]Vlb2[0x16][0xe3]{s8@&[0xd1][0x14][0x99][0x1d][0xde]O[0xea][0xb8][0x87]?[0x6][0x85]%[0xd4][0xae][0xc8][0xe4]>&uy[0xd1][0xe0][0xcd][0xda][0x9c][0xd6]\[0xad][0xc9][0x18]/A[0xdd]]0[0x18]>[0x16][0x99][0xbc][0x6][0x93]:&[0xf6][0x83];"[0xe1][0xe7]"[0x93]i}R[0xc7][\r][0xbc][0x98]`[0xe2][0xa0][0xe4][0xb][0x80][0x9d]D[0xc9][0xcd]D#1[0xdf][0xc]Z[0xc1][0x9e][0xee][0x8a][0xcc]N7'u[0x1c][\r]LCY[0xf1][0xc1][0xbf][0x2]D[0xe][0x8][0xaa][0x5][0xd6][0x8f][0xea][0xc][0xb5][0xe3]$[0x90]u[0xa3]:/[0x97][0xec][0x8e][0xf1]$[0x17][0x9d][0x11]~[0xd9][0x93][0x81]p'[0x85][0xbe][0xc4]?&[0x19][\r][0xc5][0xd0][0xa7][0xbf][0x98][0xb8]8[0xf3];[0x1][0xb2]#[0xa0][0xd9]Ff[0xbc]n9[0xfb]k[0x10][0xa3][0xf3]^[0xf7]~[0xf6]7[0xe6][0xaf]}[0xd4][\n]"
09:53:49.951 [main] DEBUG org.apache.http.wire -- http-outgoing-5 << "[0xaa][0xfc][\r]@|[0x12][0x9c],[0xc4][0x0]+`[0x4]}[0xc8]";[0xc0][\n]"
09:53:49.951 [main] DEBUG org.apache.http.wire -- http-outgoing-5 << "[0x8b][0x1b][0xcd]t[0x17]k[0xe4][0xe3][0x8d][0x1d]b[0xa4][0x1f][0xcc]&X[0x91][0x8d][0xcd][0xa4][0x83][0xb2][0xf0][0xb9][0xdf][0x0]"+[0xb3]j!Z[0x13][0xdf][0xc7][0xeb]Y[0xf4]d*[0xc2]6%[0xb2][0xc1][0xf2][0x1e][0xc1][0xdd]m*[0xb0][0xe2].Y[0xec][0xb0]V[0x7][0xef][0xc1][0xf]v[0x15]`[[0x7]I_[0xa4][\r]H[0xb8]Y[0xc3][0xb6][0xa4]jU<[0xe9][0xbd]p[0xa9][0x6] 6[0x9f]+[0x16][0xb2][0x11][0x81][0xb1]e[0x93]E[0xba][0x15]![0xa3][0x8a][\n]"
09:53:49.951 [main] DEBUG org.apache.http.wire -- http-outgoing-5 << "[0xed][0xc9]D[0xdd].^CI[0x94][0xad][0xa6][0xc1]h[0x11][0xf]E?[0xb6][0xc8]|,[0x94][0xfd][0xd8]W[0xe3][0xf6][0x9d][0x11][0xee]?#[0xa4][0xf7][0x17][0x3][0xe1][0xa5][0x83][0x8b][0xe1][0xad]7{Q[0x13]"[0xc8]z[0xeb]l[0x83][0x81][0xd7]X[0xb][0xe9][0xcf]][0x16][0xc9]`;i[0x8b]6[0xd7][0xf8][0xf2][0x7][0xfd][0xeb]~F[0xd8]6W6[0x10][0xad]~[0xd1][0xe2]_[0xd3][0xda][0x17][0x81][0xfa][0xc5]h[0xc8]o[0x9f][0x92][0xc4][0xe][0x7][0xb5][0xc8]o[0xd5][0x8f]A[0xef][0x87][0x16][0xdb][0x84]7[0x0][0x91][0xce]Y-D3[0xaa][0xf3]Q[0xbc][0x8][0xc8]2[0xdb][0x8a][0x9a][0xd4][0xff][0xe3]E[0xe5][0xfb][0xe7][0x94][0xab][0xdf]R.[0xca][0x99][0x18]t[0x8f][0x93][0xb6][0x19][0xa1]K[0x9a]d C[0xa8][0x8][0x9f]kB[0xa7][0xfc]qb[0x14][0xe3][0xe0][0xa6][0x2][0xec][0xf][0x93][0xf4][0x97][0xa9][0xb8]x[0xff][0xd0][0xcc][0xc8][0x8a][0x84]|[0xf1][0xf2]a[0x1c][0xe3]jq:+[0xfe][0xeb]d,[0x9c][0xdc][0xe9]71rx[0x9a][0x11][0xd6][0xd9][0xb3][0x81][0x8c]oZ[0xc4]6[0xfe][0x13]'S\[0xaf][0xc5][0xb1]w[0x92][0xc8][0xd5][0x8e][0xca][0xe2][0xcd][0x9e][0x83][0x85][0xde]'[0x89]}[0xb1][0xe7][0x16][0xb][0xb4]{[0xf9]8[0xf8][0xdb][0x8c][0xb0][0xb][0xcd][0x6][0xc2][0x9f]]/[0x9e]R[0x16][0x99][0xf5][0xea]I][0xc][0xa3][0xa7][0xcb][0xac][0xff]1[0xe0]4A[0x80][0xec]`z[0xb6][0xf9][0x8f]q-[0x8e]U[0x0]Z7[0xb0][0x95][0xbf][0xb6][0xf3][0xaf][0x98]zf[0x91]o0[0xc8][0xc7][0x81]*[0x9c][0xf1][0x9e][0x9]|m4[0x99][0x8a]"[0xab]7[0xb0][0xdc][0xdf][0xb3][0xc8][0x16]Z[0xa3][0xf6][0xa2][0x1c]X<[0x8e][0xdb][0x0][0xc4][0x97][0x3][0xef][0x9e][0xc6][0x85]A[0xe6][0xc1][0xf][0xc3][0xaa],8[0x9b][0xe3][0xa7][0x1a]mq[0x8e][0xb2])2[0xf9][0x91]I][0x8e][0xb9][0xad][0x91]c[0xee]$[0xd3]c[0xee]Q][0x84]q[0xeb][0xc3]a[0x10]izE[0xd8]@[0x9e][\r][0x96][0xcf]5[0xb1]KS[0xe4][0x15]O5[0x17]W[0xc3][0x10][0xf0][0xb9]@Sd[0xf6]Z[0x98][0xd4][0xdf]%[0xa8][0xe2][\r]v[0x1][0xd6][0xa4][0xa8][0xe2]t[0xa6]qw[0xf4][0x98]T[0xdf][0x2][0xb4]bf>Y[0x88]c[0xfa])[0xde]H[0xfd]\[0xf3]<[0xea][0xa7]l[0xce][0x9c][0xdf][0xac][0xb8]kv[0x15] [0x17][0x9e][0xf5][0x81][0xd3][0x8d]/Mg[0xc6][0xaf]Y[0xe4][0xf8][0x92]1F[0x9e][0xf1]e[0xb1][0xf0][0xc9][0xfb][0x19]!#P1[0xf8][0xe7][0xaf][0x1][0x13][0xff][[0x91]07[0x0][0x0][\r][\n]"
09:53:49.952 [main] DEBUG org.apache.http.impl.conn.DefaultManagedHttpClientConnection -- http-outgoing-5: Close connection
09:53:49.952 [main] DEBUG org.apache.http.impl.execchain.MainClientExec -- Connection discarded
09:53:49.952 [main] DEBUG org.apache.http.impl.conn.PoolingHttpClientConnectionManager -- Connection released: [id: 5][route: {s}->https://dummyjson.com:443][total available: 0; route allocated: 0 of 5; total allocated: 0 of 10]
09:53:49.952 [main] DEBUG org.apache.http.impl.conn.PoolingHttpClientConnectionManager -- Connection manager is shutting down
09:53:49.952 [main] DEBUG org.apache.http.impl.conn.PoolingHttpClientConnectionManager -- Connection manager shut down
09:53:49.953 [main] DEBUG com.intuit.karate -- response time in milliseconds: 78
1 < 200
1 < Access-Control-Allow-Origin: *
1 < Content-Type: application/json; charset=utf-8
1 < Date: Tue, 05 Aug 2025 02:53:49 GMT
1 < Etag: W/"3730-9tPFJ2Xvz207L1jcF+Rym3Re0v8"
1 < Server: railway-edge
1 < Strict-Transport-Security: max-age=15552000; includeSubDomains
1 < Vary: Accept-Encoding
1 < X-Content-Type-Options: nosniff
1 < X-Dns-Prefetch-Control: off
1 < X-Download-Options: noopen
1 < X-Frame-Options: SAMEORIGIN
1 < X-Powered-By: Cats on Keyboards
1 < X-Railway-Edge: railway/asia-southeast1-eqsg3a
1 < X-Railway-Request-Id: 9GLp9NvlSBSq3xtQAQeqjw
1 < X-Ratelimit-Limit: 100
1 < X-Ratelimit-Remaining: 96
1 < X-Ratelimit-Reset: 1754362440
1 < X-Xss-Protection: 1; mode=block
1 < Transfer-Encoding: chunked
[
  {
    "slug": "history",
    "name": "History",
    "url": "https://dummyjson.com/posts/tag/history"
  },
  {
    "slug": "american",
    "name": "American",
    "url": "https://dummyjson.com/posts/tag/american"
  },
  {
    "slug": "crime",
    "name": "Crime",
    "url": "https://dummyjson.com/posts/tag/crime"
  },
  {
    "slug": "french",
    "name": "French",
    "url": "https://dummyjson.com/posts/tag/french"
  },
  {
    "slug": "fiction",
    "name": "Fiction",
    "url": "https://dummyjson.com/posts/tag/fiction"
  },
  {
    "slug": "english",
    "name": "English",
    "url": "https://dummyjson.com/posts/tag/english"
  },
  {
    "slug": "magical",
    "name": "Magical",
    "url": "https://dummyjson.com/posts/tag/magical"
  },
  {
    "slug": "mystery",
    "name": "Mystery",
    "url": "https://dummyjson.com/posts/tag/mystery"
  },
  {
    "slug": "love",
    "name": "Love",
    "url": "https://dummyjson.com/posts/tag/love"
  },
  {
    "slug": "classic",
    "name": "Classic",
    "url": "https://dummyjson.com/posts/tag/classic"
  },
  {
    "slug": "memory",
    "name": "Memory",
    "url": "https://dummyjson.com/posts/tag/memory"
  },
  {
    "slug": "nostalgia",
    "name": "Nostalgia",
    "url": "https://dummyjson.com/posts/tag/nostalgia"
  },
  {
    "slug": "nature",
    "name": "Nature",
    "url": "https://dummyjson.com/posts/tag/nature"
  },
  {
    "slug": "tranquility",
    "name": "Tranquility",
    "url": "https://dummyjson.com/posts/tag/tranquility"
  },
  {
    "slug": "life",
    "name": "Life",
    "url": "https://dummyjson.com/posts/tag/life"
  },
  {
    "slug": "books",
    "name": "Books",
    "url": "https://dummyjson.com/posts/tag/books"
  },
  {
    "slug": "adventure",
    "name": "Adventure",
    "url": "https://dummyjson.com/posts/tag/adventure"
  },
  {
    "slug": "escape",
    "name": "Escape",
    "url": "https://dummyjson.com/posts/tag/escape"
  },
  {
    "slug": "city",
    "name": "City",
    "url": "https://dummyjson.com/posts/tag/city"
  },
  {
    "slug": "urban",
    "name": "Urban",
    "url": "https://dummyjson.com/posts/tag/urban"
  },
  {
    "slug": "energy",
    "name": "Energy",
    "url": "https://dummyjson.com/posts/tag/energy"
  },
  {
    "slug": "stars",
    "name": "Stars",
    "url": "https://dummyjson.com/posts/tag/stars"
  },
  {
    "slug": "universe",
    "name": "Universe",
    "url": "https://dummyjson.com/posts/tag/universe"
  },
  {
    "slug": "wonder",
    "name": "Wonder",
    "url": "https://dummyjson.com/posts/tag/wonder"
  },
  {
    "slug": "stories",
    "name": "Stories",
    "url": "https://dummyjson.com/posts/tag/stories"
  },
  {
    "slug": "emotion",
    "name": "Emotion",
    "url": "https://dummyjson.com/posts/tag/emotion"
  },
  {
    "slug": "ocean",
    "name": "Ocean",
    "url": "https://dummyjson.com/posts/tag/ocean"
  },
  {
    "slug": "power",
    "name": "Power",
    "url": "https://dummyjson.com/posts/tag/power"
  },
  {
    "slug": "beauty",
    "name": "Beauty",
    "url": "https://dummyjson.com/posts/tag/beauty"
  },
  {
    "slug": "garden",
    "name": "Garden",
    "url": "https://dummyjson.com/posts/tag/garden"
  },
  {
    "slug": "color",
    "name": "Color",
    "url": "https://dummyjson.com/posts/tag/color"
  },
  {
    "slug": "harmony",
    "name": "Harmony",
    "url": "https://dummyjson.com/posts/tag/harmony"
  },
  {
    "slug": "peace",
    "name": "Peace",
    "url": "https://dummyjson.com/posts/tag/peace"
  },
  {
    "slug": "reflection",
    "name": "Reflection",
    "url": "https://dummyjson.com/posts/tag/reflection"
  },
  {
    "slug": "serenity",
    "name": "Serenity",
    "url": "https://dummyjson.com/posts/tag/serenity"
  },
  {
    "slug": "music",
    "name": "Music",
    "url": "https://dummyjson.com/posts/tag/music"
  },
  {
    "slug": "joy",
    "name": "Joy",
    "url": "https://dummyjson.com/posts/tag/joy"
  },
  {
    "slug": "lighthouse",
    "name": "Lighthouse",
    "url": "https://dummyjson.com/posts/tag/lighthouse"
  },
  {
    "slug": "hope",
    "name": "Hope",
    "url": "https://dummyjson.com/posts/tag/hope"
  },
  {
    "slug": "ruins",
    "name": "Ruins",
    "url": "https://dummyjson.com/posts/tag/ruins"
  },
  {
    "slug": "desert",
    "name": "Desert",
    "url": "https://dummyjson.com/posts/tag/desert"
  },
  {
    "slug": "resilience",
    "name": "Resilience",
    "url": "https://dummyjson.com/posts/tag/resilience"
  },
  {
    "slug": "bridge",
    "name": "Bridge",
    "url": "https://dummyjson.com/posts/tag/bridge"
  },
  {
    "slug": "engineering",
    "name": "Engineering",
    "url": "https://dummyjson.com/posts/tag/engineering"
  },
  {
    "slug": "rain",
    "name": "Rain",
    "url": "https://dummyjson.com/posts/tag/rain"
  },
  {
    "slug": "market",
    "name": "Market",
    "url": "https://dummyjson.com/posts/tag/market"
  },
  {
    "slug": "vibrant",
    "name": "Vibrant",
    "url": "https://dummyjson.com/posts/tag/vibrant"
  },
  {
    "slug": "mansion",
    "name": "Mansion",
    "url": "https://dummyjson.com/posts/tag/mansion"
  },
  {
    "slug": "train",
    "name": "Train",
    "url": "https://dummyjson.com/posts/tag/train"
  },
  {
    "slug": "journey",
    "name": "Journey",
    "url": "https://dummyjson.com/posts/tag/journey"
  },
  {
    "slug": "landscape",
    "name": "Landscape",
    "url": "https://dummyjson.com/posts/tag/landscape"
  },
  {
    "slug": "village",
    "name": "Village",
    "url": "https://dummyjson.com/posts/tag/village"
  },
  {
    "slug": "community",
    "name": "Community",
    "url": "https://dummyjson.com/posts/tag/community"
  },
  {
    "slug": "tradition",
    "name": "Tradition",
    "url": "https://dummyjson.com/posts/tag/tradition"
  },
  {
    "slug": "library",
    "name": "Library",
    "url": "https://dummyjson.com/posts/tag/library"
  },
  {
    "slug": "knowledge",
    "name": "Knowledge",
    "url": "https://dummyjson.com/posts/tag/knowledge"
  },
  {
    "slug": "meadow",
    "name": "Meadow",
    "url": "https://dummyjson.com/posts/tag/meadow"
  },
  {
    "slug": "flowers",
    "name": "Flowers",
    "url": "https://dummyjson.com/posts/tag/flowers"
  },
  {
    "slug": "piano",
    "name": "Piano",
    "url": "https://dummyjson.com/posts/tag/piano"
  },
  {
    "slug": "kitchen",
    "name": "Kitchen",
    "url": "https://dummyjson.com/posts/tag/kitchen"
  },
  {
    "slug": "family",
    "name": "Family",
    "url": "https://dummyjson.com/posts/tag/family"
  },
  {
    "slug": "lake",
    "name": "Lake",
    "url": "https://dummyjson.com/posts/tag/lake"
  },
  {
    "slug": "mountain",
    "name": "Mountain",
    "url": "https://dummyjson.com/posts/tag/mountain"
  },
  {
    "slug": "inspiration",
    "name": "Inspiration",
    "url": "https://dummyjson.com/posts/tag/inspiration"
  },
  {
    "slug": "beach",
    "name": "Beach",
    "url": "https://dummyjson.com/posts/tag/beach"
  },
  {
    "slug": "sunset",
    "name": "Sunset",
    "url": "https://dummyjson.com/posts/tag/sunset"
  },
  {
    "slug": "theater",
    "name": "Theater",
    "url": "https://dummyjson.com/posts/tag/theater"
  },
  {
    "slug": "culture",
    "name": "Culture",
    "url": "https://dummyjson.com/posts/tag/culture"
  },
  {
    "slug": "sanctuary",
    "name": "Sanctuary",
    "url": "https://dummyjson.com/posts/tag/sanctuary"
  },
  {
    "slug": "bookshop",
    "name": "Bookshop",
    "url": "https://dummyjson.com/posts/tag/bookshop"
  },
  {
    "slug": "magic",
    "name": "Magic",
    "url": "https://dummyjson.com/posts/tag/magic"
  },
  {
    "slug": "orchard",
    "name": "Orchard",
    "url": "https://dummyjson.com/posts/tag/orchard"
  },
  {
    "slug": "blossom",
    "name": "Blossom",
    "url": "https://dummyjson.com/posts/tag/blossom"
  },
  {
    "slug": "marketplace",
    "name": "Marketplace",
    "url": "https://dummyjson.com/posts/tag/marketplace"
  },
  {
    "slug": "journal",
    "name": "Journal",
    "url": "https://dummyjson.com/posts/tag/journal"
  },
  {
    "slug": "memories",
    "name": "Memories",
    "url": "https://dummyjson.com/posts/tag/memories"
  },
  {
    "slug": "secrets",
    "name": "Secrets",
    "url": "https://dummyjson.com/posts/tag/secrets"
  },
  {
    "slug": "paradise",
    "name": "Paradise",
    "url": "https://dummyjson.com/posts/tag/paradise"
  },
  {
    "slug": "fair",
    "name": "Fair",
    "url": "https://dummyjson.com/posts/tag/fair"
  },
  {
    "slug": "celebration",
    "name": "Celebration",
    "url": "https://dummyjson.com/posts/tag/celebration"
  },
  {
    "slug": "cabin",
    "name": "Cabin",
    "url": "https://dummyjson.com/posts/tag/cabin"
  },
  {
    "slug": "woods",
    "name": "Woods",
    "url": "https://dummyjson.com/posts/tag/woods"
  },
  {
    "slug": "retreat",
    "name": "Retreat",
    "url": "https://dummyjson.com/posts/tag/retreat"
  },
  {
    "slug": "art",
    "name": "Art",
    "url": "https://dummyjson.com/posts/tag/art"
  },
  {
    "slug": "gallery",
    "name": "Gallery",
    "url": "https://dummyjson.com/posts/tag/gallery"
  },
  {
    "slug": "concert",
    "name": "Concert",
    "url": "https://dummyjson.com/posts/tag/concert"
  },
  {
    "slug": "farm",
    "name": "Farm",
    "url": "https://dummyjson.com/posts/tag/farm"
  },
  {
    "slug": "activity",
    "name": "Activity",
    "url": "https://dummyjson.com/posts/tag/activity"
  },
  {
    "slug": "trail",
    "name": "Trail",
    "url": "https://dummyjson.com/posts/tag/trail"
  },
  {
    "slug": "challenge",
    "name": "Challenge",
    "url": "https://dummyjson.com/posts/tag/challenge"
  },
  {
    "slug": "cove",
    "name": "Cove",
    "url": "https://dummyjson.com/posts/tag/cove"
  },
  {
    "slug": "ballroom",
    "name": "Ballroom",
    "url": "https://dummyjson.com/posts/tag/ballroom"
  },
  {
    "slug": "elegance",
    "name": "Elegance",
    "url": "https://dummyjson.com/posts/tag/elegance"
  },
  {
    "slug": "grandeur",
    "name": "Grandeur",
    "url": "https://dummyjson.com/posts/tag/grandeur"
  },
  {
    "slug": "castle",
    "name": "Castle",
    "url": "https://dummyjson.com/posts/tag/castle"
  },
  {
    "slug": "ancient",
    "name": "Ancient",
    "url": "https://dummyjson.com/posts/tag/ancient"
  },
  {
    "slug": "river",
    "name": "River",
    "url": "https://dummyjson.com/posts/tag/river"
  },
  {
    "slug": "valley",
    "name": "Valley",
    "url": "https://dummyjson.com/posts/tag/valley"
  },
  {
    "slug": "calm",
    "name": "Calm",
    "url": "https://dummyjson.com/posts/tag/calm"
  },
  {
    "slug": "harbor",
    "name": "Harbor",
    "url": "https://dummyjson.com/posts/tag/harbor"
  },
  {
    "slug": "festival",
    "name": "Festival",
    "url": "https://dummyjson.com/posts/tag/festival"
  },
  {
    "slug": "summer",
    "name": "Summer",
    "url": "https://dummyjson.com/posts/tag/summer"
  },
  {
    "slug": "forest",
    "name": "Forest",
    "url": "https://dummyjson.com/posts/tag/forest"
  },
  {
    "slug": "autumn",
    "name": "Autumn",
    "url": "https://dummyjson.com/posts/tag/autumn"
  },
  {
    "slug": "snow",
    "name": "Snow",
    "url": "https://dummyjson.com/posts/tag/snow"
  },
  {
    "slug": "botanical",
    "name": "Botanical",
    "url": "https://dummyjson.com/posts/tag/botanical"
  },
  {
    "slug": "coast",
    "name": "Coast",
    "url": "https://dummyjson.com/posts/tag/coast"
  },
  {
    "slug": "cliffs",
    "name": "Cliffs",
    "url": "https://dummyjson.com/posts/tag/cliffs"
  },
  {
    "slug": "square",
    "name": "Square",
    "url": "https://dummyjson.com/posts/tag/square"
  },
  {
    "slug": "charm",
    "name": "Charm",
    "url": "https://dummyjson.com/posts/tag/charm"
  },
  {
    "slug": "temple",
    "name": "Temple",
    "url": "https://dummyjson.com/posts/tag/temple"
  },
  {
    "slug": "jungle",
    "name": "Jungle",
    "url": "https://dummyjson.com/posts/tag/jungle"
  },
  {
    "slug": "spirituality",
    "name": "Spirituality",
    "url": "https://dummyjson.com/posts/tag/spirituality"
  },
  {
    "slug": "stream",
    "name": "Stream",
    "url": "https://dummyjson.com/posts/tag/stream"
  },
  {
    "slug": "diversity",
    "name": "Diversity",
    "url": "https://dummyjson.com/posts/tag/diversity"
  },
  {
    "slug": "oak",
    "name": "Oak",
    "url": "https://dummyjson.com/posts/tag/oak"
  },
  {
    "slug": "strength",
    "name": "Strength",
    "url": "https://dummyjson.com/posts/tag/strength"
  },
  {
    "slug": "tea",
    "name": "Tea",
    "url": "https://dummyjson.com/posts/tag/tea"
  },
  {
    "slug": "hospitality",
    "name": "Hospitality",
    "url": "https://dummyjson.com/posts/tag/hospitality"
  },
  {
    "slug": "connection",
    "name": "Connection",
    "url": "https://dummyjson.com/posts/tag/connection"
  },
  {
    "slug": "farmstead",
    "name": "Farmstead",
    "url": "https://dummyjson.com/posts/tag/farmstead"
  },
  {
    "slug": "rural",
    "name": "Rural",
    "url": "https://dummyjson.com/posts/tag/rural"
  },
  {
    "slug": "simplicity",
    "name": "Simplicity",
    "url": "https://dummyjson.com/posts/tag/simplicity"
  },
  {
    "slug": "waterfall",
    "name": "Waterfall",
    "url": "https://dummyjson.com/posts/tag/waterfall"
  },
  {
    "slug": "majestic",
    "name": "Majestic",
    "url": "https://dummyjson.com/posts/tag/majestic"
  },
  {
    "slug": "coastal",
    "name": "Coastal",
    "url": "https://dummyjson.com/posts/tag/coastal"
  },
  {
    "slug": "seafood",
    "name": "Seafood",
    "url": "https://dummyjson.com/posts/tag/seafood"
  },
  {
    "slug": "food",
    "name": "Food",
    "url": "https://dummyjson.com/posts/tag/food"
  },
  {
    "slug": "cathedral",
    "name": "Cathedral",
    "url": "https://dummyjson.com/posts/tag/cathedral"
  },
  {
    "slug": "faith",
    "name": "Faith",
    "url": "https://dummyjson.com/posts/tag/faith"
  },
  {
    "slug": "architecture",
    "name": "Architecture",
    "url": "https://dummyjson.com/posts/tag/architecture"
  },
  {
    "slug": "street",
    "name": "Street",
    "url": "https://dummyjson.com/posts/tag/street"
  },
  {
    "slug": "windmill",
    "name": "Windmill",
    "url": "https://dummyjson.com/posts/tag/windmill"
  },
  {
    "slug": "countryside",
    "name": "Countryside",
    "url": "https://dummyjson.com/posts/tag/countryside"
  },
  {
    "slug": "hills",
    "name": "Hills",
    "url": "https://dummyjson.com/posts/tag/hills"
  },
  {
    "slug": "pastoral",
    "name": "Pastoral",
    "url": "https://dummyjson.com/posts/tag/pastoral"
  },
  {
    "slug": "inn",
    "name": "Inn",
    "url": "https://dummyjson.com/posts/tag/inn"
  },
  {
    "slug": "view",
    "name": "View",
    "url": "https://dummyjson.com/posts/tag/view"
  },
  {
    "slug": "aqueducts",
    "name": "Aqueducts",
    "url": "https://dummyjson.com/posts/tag/aqueducts"
  },
  {
    "slug": "remote",
    "name": "Remote",
    "url": "https://dummyjson.com/posts/tag/remote"
  },
  {
    "slug": "tranquil",
    "name": "Tranquil",
    "url": "https://dummyjson.com/posts/tag/tranquil"
  },
  {
    "slug": "fortress",
    "name": "Fortress",
    "url": "https://dummyjson.com/posts/tag/fortress"
  },
  {
    "slug": "sea",
    "name": "Sea",
    "url": "https://dummyjson.com/posts/tag/sea"
  },
  {
    "slug": "cottage",
    "name": "Cottage",
    "url": "https://dummyjson.com/posts/tag/cottage"
  },
  {
    "slug": "charming",
    "name": "Charming",
    "url": "https://dummyjson.com/posts/tag/charming"
  },
  {
    "slug": "trade",
    "name": "Trade",
    "url": "https://dummyjson.com/posts/tag/trade"
  },
  {
    "slug": "vineyard",
    "name": "Vineyard",
    "url": "https://dummyjson.com/posts/tag/vineyard"
  },
  {
    "slug": "wine",
    "name": "Wine",
    "url": "https://dummyjson.com/posts/tag/wine"
  },
  {
    "slug": "town",
    "name": "Town",
    "url": "https://dummyjson.com/posts/tag/town"
  },
  {
    "slug": "pond",
    "name": "Pond",
    "url": "https://dummyjson.com/posts/tag/pond"
  },
  {
    "slug": "wildlife",
    "name": "Wildlife",
    "url": "https://dummyjson.com/posts/tag/wildlife"
  },
  {
    "slug": "senses",
    "name": "Senses",
    "url": "https://dummyjson.com/posts/tag/senses"
  },
  {
    "slug": "picturesque",
    "name": "Picturesque",
    "url": "https://dummyjson.com/posts/tag/picturesque"
  },
  {
    "slug": "mountains",
    "name": "Mountains",
    "url": "https://dummyjson.com/posts/tag/mountains"
  },
  {
    "slug": "snowy",
    "name": "Snowy",
    "url": "https://dummyjson.com/posts/tag/snowy"
  },
  {
    "slug": "park",
    "name": "Park",
    "url": "https://dummyjson.com/posts/tag/park"
  },
  {
    "slug": "oasis",
    "name": "Oasis",
    "url": "https://dummyjson.com/posts/tag/oasis"
  },
  {
    "slug": "farmhouse",
    "name": "Farmhouse",
    "url": "https://dummyjson.com/posts/tag/farmhouse"
  },
  {
    "slug": "rustic",
    "name": "Rustic",
    "url": "https://dummyjson.com/posts/tag/rustic"
  },
  {
    "slug": "fields",
    "name": "Fields",
    "url": "https://dummyjson.com/posts/tag/fields"
  },
  {
    "slug": "sunlit",
    "name": "Sunlit",
    "url": "https://dummyjson.com/posts/tag/sunlit"
  },
  {
    "slug": "colorful",
    "name": "Colorful",
    "url": "https://dummyjson.com/posts/tag/colorful"
  },
  {
    "slug": "serene",
    "name": "Serene",
    "url": "https://dummyjson.com/posts/tag/serene"
  },
  {
    "slug": "church",
    "name": "Church",
    "url": "https://dummyjson.com/posts/tag/church"
  },
  {
    "slug": "streets",
    "name": "Streets",
    "url": "https://dummyjson.com/posts/tag/streets"
  },
  {
    "slug": "bookstore",
    "name": "Bookstore",
    "url": "https://dummyjson.com/posts/tag/bookstore"
  },
  {
    "slug": "cozy",
    "name": "Cozy",
    "url": "https://dummyjson.com/posts/tag/cozy"
  },
  {
    "slug": "skyline",
    "name": "Skyline",
    "url": "https://dummyjson.com/posts/tag/skyline"
  },
  {
    "slug": "night",
    "name": "Night",
    "url": "https://dummyjson.com/posts/tag/night"
  },
  {
    "slug": "peaceful",
    "name": "Peaceful",
    "url": "https://dummyjson.com/posts/tag/peaceful"
  }
]


09:53:49.955 [main] DEBUG com.jayway.jsonpath.internal.path.CompiledPath -- Evaluating path: $
09:53:49.989 [main] INFO com.intuit.karate -- [print] [
  {
    "slug": "history",
    "name": "History",
    "url": "https://dummyjson.com/posts/tag/history"
  },
  {
    "slug": "american",
    "name": "American",
    "url": "https://dummyjson.com/posts/tag/american"
  },
  {
    "slug": "crime",
    "name": "Crime",
    "url": "https://dummyjson.com/posts/tag/crime"
  },
  {
    "slug": "french",
    "name": "French",
    "url": "https://dummyjson.com/posts/tag/french"
  },
  {
    "slug": "fiction",
    "name": "Fiction",
    "url": "https://dummyjson.com/posts/tag/fiction"
  },
  {
    "slug": "english",
    "name": "English",
    "url": "https://dummyjson.com/posts/tag/english"
  },
  {
    "slug": "magical",
    "name": "Magical",
    "url": "https://dummyjson.com/posts/tag/magical"
  },
  {
    "slug": "mystery",
    "name": "Mystery",
    "url": "https://dummyjson.com/posts/tag/mystery"
  },
  {
    "slug": "love",
    "name": "Love",
    "url": "https://dummyjson.com/posts/tag/love"
  },
  {
    "slug": "classic",
    "name": "Classic",
    "url": "https://dummyjson.com/posts/tag/classic"
  },
  {
    "slug": "memory",
    "name": "Memory",
    "url": "https://dummyjson.com/posts/tag/memory"
  },
  {
    "slug": "nostalgia",
    "name": "Nostalgia",
    "url": "https://dummyjson.com/posts/tag/nostalgia"
  },
  {
    "slug": "nature",
    "name": "Nature",
    "url": "https://dummyjson.com/posts/tag/nature"
  },
  {
    "slug": "tranquility",
    "name": "Tranquility",
    "url": "https://dummyjson.com/posts/tag/tranquility"
  },
  {
    "slug": "life",
    "name": "Life",
    "url": "https://dummyjson.com/posts/tag/life"
  },
  {
    "slug": "books",
    "name": "Books",
    "url": "https://dummyjson.com/posts/tag/books"
  },
  {
    "slug": "adventure",
    "name": "Adventure",
    "url": "https://dummyjson.com/posts/tag/adventure"
  },
  {
    "slug": "escape",
    "name": "Escape",
    "url": "https://dummyjson.com/posts/tag/escape"
  },
  {
    "slug": "city",
    "name": "City",
    "url": "https://dummyjson.com/posts/tag/city"
  },
  {
    "slug": "urban",
    "name": "Urban",
    "url": "https://dummyjson.com/posts/tag/urban"
  },
  {
    "slug": "energy",
    "name": "Energy",
    "url": "https://dummyjson.com/posts/tag/energy"
  },
  {
    "slug": "stars",
    "name": "Stars",
    "url": "https://dummyjson.com/posts/tag/stars"
  },
  {
    "slug": "universe",
    "name": "Universe",
    "url": "https://dummyjson.com/posts/tag/universe"
  },
  {
    "slug": "wonder",
    "name": "Wonder",
    "url": "https://dummyjson.com/posts/tag/wonder"
  },
  {
    "slug": "stories",
    "name": "Stories",
    "url": "https://dummyjson.com/posts/tag/stories"
  },
  {
    "slug": "emotion",
    "name": "Emotion",
    "url": "https://dummyjson.com/posts/tag/emotion"
  },
  {
    "slug": "ocean",
    "name": "Ocean",
    "url": "https://dummyjson.com/posts/tag/ocean"
  },
  {
    "slug": "power",
    "name": "Power",
    "url": "https://dummyjson.com/posts/tag/power"
  },
  {
    "slug": "beauty",
    "name": "Beauty",
    "url": "https://dummyjson.com/posts/tag/beauty"
  },
  {
    "slug": "garden",
    "name": "Garden",
    "url": "https://dummyjson.com/posts/tag/garden"
  },
  {
    "slug": "color",
    "name": "Color",
    "url": "https://dummyjson.com/posts/tag/color"
  },
  {
    "slug": "harmony",
    "name": "Harmony",
    "url": "https://dummyjson.com/posts/tag/harmony"
  },
  {
    "slug": "peace",
    "name": "Peace",
    "url": "https://dummyjson.com/posts/tag/peace"
  },
  {
    "slug": "reflection",
    "name": "Reflection",
    "url": "https://dummyjson.com/posts/tag/reflection"
  },
  {
    "slug": "serenity",
    "name": "Serenity",
    "url": "https://dummyjson.com/posts/tag/serenity"
  },
  {
    "slug": "music",
    "name": "Music",
    "url": "https://dummyjson.com/posts/tag/music"
  },
  {
    "slug": "joy",
    "name": "Joy",
    "url": "https://dummyjson.com/posts/tag/joy"
  },
  {
    "slug": "lighthouse",
    "name": "Lighthouse",
    "url": "https://dummyjson.com/posts/tag/lighthouse"
  },
  {
    "slug": "hope",
    "name": "Hope",
    "url": "https://dummyjson.com/posts/tag/hope"
  },
  {
    "slug": "ruins",
    "name": "Ruins",
    "url": "https://dummyjson.com/posts/tag/ruins"
  },
  {
    "slug": "desert",
    "name": "Desert",
    "url": "https://dummyjson.com/posts/tag/desert"
  },
  {
    "slug": "resilience",
    "name": "Resilience",
    "url": "https://dummyjson.com/posts/tag/resilience"
  },
  {
    "slug": "bridge",
    "name": "Bridge",
    "url": "https://dummyjson.com/posts/tag/bridge"
  },
  {
    "slug": "engineering",
    "name": "Engineering",
    "url": "https://dummyjson.com/posts/tag/engineering"
  },
  {
    "slug": "rain",
    "name": "Rain",
    "url": "https://dummyjson.com/posts/tag/rain"
  },
  {
    "slug": "market",
    "name": "Market",
    "url": "https://dummyjson.com/posts/tag/market"
  },
  {
    "slug": "vibrant",
    "name": "Vibrant",
    "url": "https://dummyjson.com/posts/tag/vibrant"
  },
  {
    "slug": "mansion",
    "name": "Mansion",
    "url": "https://dummyjson.com/posts/tag/mansion"
  },
  {
    "slug": "train",
    "name": "Train",
    "url": "https://dummyjson.com/posts/tag/train"
  },
  {
    "slug": "journey",
    "name": "Journey",
    "url": "https://dummyjson.com/posts/tag/journey"
  },
  {
    "slug": "landscape",
    "name": "Landscape",
    "url": "https://dummyjson.com/posts/tag/landscape"
  },
  {
    "slug": "village",
    "name": "Village",
    "url": "https://dummyjson.com/posts/tag/village"
  },
  {
    "slug": "community",
    "name": "Community",
    "url": "https://dummyjson.com/posts/tag/community"
  },
  {
    "slug": "tradition",
    "name": "Tradition",
    "url": "https://dummyjson.com/posts/tag/tradition"
  },
  {
    "slug": "library",
    "name": "Library",
    "url": "https://dummyjson.com/posts/tag/library"
  },
  {
    "slug": "knowledge",
    "name": "Knowledge",
    "url": "https://dummyjson.com/posts/tag/knowledge"
  },
  {
    "slug": "meadow",
    "name": "Meadow",
    "url": "https://dummyjson.com/posts/tag/meadow"
  },
  {
    "slug": "flowers",
    "name": "Flowers",
    "url": "https://dummyjson.com/posts/tag/flowers"
  },
  {
    "slug": "piano",
    "name": "Piano",
    "url": "https://dummyjson.com/posts/tag/piano"
  },
  {
    "slug": "kitchen",
    "name": "Kitchen",
    "url": "https://dummyjson.com/posts/tag/kitchen"
  },
  {
    "slug": "family",
    "name": "Family",
    "url": "https://dummyjson.com/posts/tag/family"
  },
  {
    "slug": "lake",
    "name": "Lake",
    "url": "https://dummyjson.com/posts/tag/lake"
  },
  {
    "slug": "mountain",
    "name": "Mountain",
    "url": "https://dummyjson.com/posts/tag/mountain"
  },
  {
    "slug": "inspiration",
    "name": "Inspiration",
    "url": "https://dummyjson.com/posts/tag/inspiration"
  },
  {
    "slug": "beach",
    "name": "Beach",
    "url": "https://dummyjson.com/posts/tag/beach"
  },
  {
    "slug": "sunset",
    "name": "Sunset",
    "url": "https://dummyjson.com/posts/tag/sunset"
  },
  {
    "slug": "theater",
    "name": "Theater",
    "url": "https://dummyjson.com/posts/tag/theater"
  },
  {
    "slug": "culture",
    "name": "Culture",
    "url": "https://dummyjson.com/posts/tag/culture"
  },
  {
    "slug": "sanctuary",
    "name": "Sanctuary",
    "url": "https://dummyjson.com/posts/tag/sanctuary"
  },
  {
    "slug": "bookshop",
    "name": "Bookshop",
    "url": "https://dummyjson.com/posts/tag/bookshop"
  },
  {
    "slug": "magic",
    "name": "Magic",
    "url": "https://dummyjson.com/posts/tag/magic"
  },
  {
    "slug": "orchard",
    "name": "Orchard",
    "url": "https://dummyjson.com/posts/tag/orchard"
  },
  {
    "slug": "blossom",
    "name": "Blossom",
    "url": "https://dummyjson.com/posts/tag/blossom"
  },
  {
    "slug": "marketplace",
    "name": "Marketplace",
    "url": "https://dummyjson.com/posts/tag/marketplace"
  },
  {
    "slug": "journal",
    "name": "Journal",
    "url": "https://dummyjson.com/posts/tag/journal"
  },
  {
    "slug": "memories",
    "name": "Memories",
    "url": "https://dummyjson.com/posts/tag/memories"
  },
  {
    "slug": "secrets",
    "name": "Secrets",
    "url": "https://dummyjson.com/posts/tag/secrets"
  },
  {
    "slug": "paradise",
    "name": "Paradise",
    "url": "https://dummyjson.com/posts/tag/paradise"
  },
  {
    "slug": "fair",
    "name": "Fair",
    "url": "https://dummyjson.com/posts/tag/fair"
  },
  {
    "slug": "celebration",
    "name": "Celebration",
    "url": "https://dummyjson.com/posts/tag/celebration"
  },
  {
    "slug": "cabin",
    "name": "Cabin",
    "url": "https://dummyjson.com/posts/tag/cabin"
  },
  {
    "slug": "woods",
    "name": "Woods",
    "url": "https://dummyjson.com/posts/tag/woods"
  },
  {
    "slug": "retreat",
    "name": "Retreat",
    "url": "https://dummyjson.com/posts/tag/retreat"
  },
  {
    "slug": "art",
    "name": "Art",
    "url": "https://dummyjson.com/posts/tag/art"
  },
  {
    "slug": "gallery",
    "name": "Gallery",
    "url": "https://dummyjson.com/posts/tag/gallery"
  },
  {
    "slug": "concert",
    "name": "Concert",
    "url": "https://dummyjson.com/posts/tag/concert"
  },
  {
    "slug": "farm",
    "name": "Farm",
    "url": "https://dummyjson.com/posts/tag/farm"
  },
  {
    "slug": "activity",
    "name": "Activity",
    "url": "https://dummyjson.com/posts/tag/activity"
  },
  {
    "slug": "trail",
    "name": "Trail",
    "url": "https://dummyjson.com/posts/tag/trail"
  },
  {
    "slug": "challenge",
    "name": "Challenge",
    "url": "https://dummyjson.com/posts/tag/challenge"
  },
  {
    "slug": "cove",
    "name": "Cove",
    "url": "https://dummyjson.com/posts/tag/cove"
  },
  {
    "slug": "ballroom",
    "name": "Ballroom",
    "url": "https://dummyjson.com/posts/tag/ballroom"
  },
  {
    "slug": "elegance",
    "name": "Elegance",
    "url": "https://dummyjson.com/posts/tag/elegance"
  },
  {
    "slug": "grandeur",
    "name": "Grandeur",
    "url": "https://dummyjson.com/posts/tag/grandeur"
  },
  {
    "slug": "castle",
    "name": "Castle",
    "url": "https://dummyjson.com/posts/tag/castle"
  },
  {
    "slug": "ancient",
    "name": "Ancient",
    "url": "https://dummyjson.com/posts/tag/ancient"
  },
  {
    "slug": "river",
    "name": "River",
    "url": "https://dummyjson.com/posts/tag/river"
  },
  {
    "slug": "valley",
    "name": "Valley",
    "url": "https://dummyjson.com/posts/tag/valley"
  },
  {
    "slug": "calm",
    "name": "Calm",
    "url": "https://dummyjson.com/posts/tag/calm"
  },
  {
    "slug": "harbor",
    "name": "Harbor",
    "url": "https://dummyjson.com/posts/tag/harbor"
  },
  {
    "slug": "festival",
    "name": "Festival",
    "url": "https://dummyjson.com/posts/tag/festival"
  },
  {
    "slug": "summer",
    "name": "Summer",
    "url": "https://dummyjson.com/posts/tag/summer"
  },
  {
    "slug": "forest",
    "name": "Forest",
    "url": "https://dummyjson.com/posts/tag/forest"
  },
  {
    "slug": "autumn",
    "name": "Autumn",
    "url": "https://dummyjson.com/posts/tag/autumn"
  },
  {
    "slug": "snow",
    "name": "Snow",
    "url": "https://dummyjson.com/posts/tag/snow"
  },
  {
    "slug": "botanical",
    "name": "Botanical",
    "url": "https://dummyjson.com/posts/tag/botanical"
  },
  {
    "slug": "coast",
    "name": "Coast",
    "url": "https://dummyjson.com/posts/tag/coast"
  },
  {
    "slug": "cliffs",
    "name": "Cliffs",
    "url": "https://dummyjson.com/posts/tag/cliffs"
  },
  {
    "slug": "square",
    "name": "Square",
    "url": "https://dummyjson.com/posts/tag/square"
  },
  {
    "slug": "charm",
    "name": "Charm",
    "url": "https://dummyjson.com/posts/tag/charm"
  },
  {
    "slug": "temple",
    "name": "Temple",
    "url": "https://dummyjson.com/posts/tag/temple"
  },
  {
    "slug": "jungle",
    "name": "Jungle",
    "url": "https://dummyjson.com/posts/tag/jungle"
  },
  {
    "slug": "spirituality",
    "name": "Spirituality",
    "url": "https://dummyjson.com/posts/tag/spirituality"
  },
  {
    "slug": "stream",
    "name": "Stream",
    "url": "https://dummyjson.com/posts/tag/stream"
  },
  {
    "slug": "diversity",
    "name": "Diversity",
    "url": "https://dummyjson.com/posts/tag/diversity"
  },
  {
    "slug": "oak",
    "name": "Oak",
    "url": "https://dummyjson.com/posts/tag/oak"
  },
  {
    "slug": "strength",
    "name": "Strength",
    "url": "https://dummyjson.com/posts/tag/strength"
  },
  {
    "slug": "tea",
    "name": "Tea",
    "url": "https://dummyjson.com/posts/tag/tea"
  },
  {
    "slug": "hospitality",
    "name": "Hospitality",
    "url": "https://dummyjson.com/posts/tag/hospitality"
  },
  {
    "slug": "connection",
    "name": "Connection",
    "url": "https://dummyjson.com/posts/tag/connection"
  },
  {
    "slug": "farmstead",
    "name": "Farmstead",
    "url": "https://dummyjson.com/posts/tag/farmstead"
  },
  {
    "slug": "rural",
    "name": "Rural",
    "url": "https://dummyjson.com/posts/tag/rural"
  },
  {
    "slug": "simplicity",
    "name": "Simplicity",
    "url": "https://dummyjson.com/posts/tag/simplicity"
  },
  {
    "slug": "waterfall",
    "name": "Waterfall",
    "url": "https://dummyjson.com/posts/tag/waterfall"
  },
  {
    "slug": "majestic",
    "name": "Majestic",
    "url": "https://dummyjson.com/posts/tag/majestic"
  },
  {
    "slug": "coastal",
    "name": "Coastal",
    "url": "https://dummyjson.com/posts/tag/coastal"
  },
  {
    "slug": "seafood",
    "name": "Seafood",
    "url": "https://dummyjson.com/posts/tag/seafood"
  },
  {
    "slug": "food",
    "name": "Food",
    "url": "https://dummyjson.com/posts/tag/food"
  },
  {
    "slug": "cathedral",
    "name": "Cathedral",
    "url": "https://dummyjson.com/posts/tag/cathedral"
  },
  {
    "slug": "faith",
    "name": "Faith",
    "url": "https://dummyjson.com/posts/tag/faith"
  },
  {
    "slug": "architecture",
    "name": "Architecture",
    "url": "https://dummyjson.com/posts/tag/architecture"
  },
  {
    "slug": "street",
    "name": "Street",
    "url": "https://dummyjson.com/posts/tag/street"
  },
  {
    "slug": "windmill",
    "name": "Windmill",
    "url": "https://dummyjson.com/posts/tag/windmill"
  },
  {
    "slug": "countryside",
    "name": "Countryside",
    "url": "https://dummyjson.com/posts/tag/countryside"
  },
  {
    "slug": "hills",
    "name": "Hills",
    "url": "https://dummyjson.com/posts/tag/hills"
  },
  {
    "slug": "pastoral",
    "name": "Pastoral",
    "url": "https://dummyjson.com/posts/tag/pastoral"
  },
  {
    "slug": "inn",
    "name": "Inn",
    "url": "https://dummyjson.com/posts/tag/inn"
  },
  {
    "slug": "view",
    "name": "View",
    "url": "https://dummyjson.com/posts/tag/view"
  },
  {
    "slug": "aqueducts",
    "name": "Aqueducts",
    "url": "https://dummyjson.com/posts/tag/aqueducts"
  },
  {
    "slug": "remote",
    "name": "Remote",
    "url": "https://dummyjson.com/posts/tag/remote"
  },
  {
    "slug": "tranquil",
    "name": "Tranquil",
    "url": "https://dummyjson.com/posts/tag/tranquil"
  },
  {
    "slug": "fortress",
    "name": "Fortress",
    "url": "https://dummyjson.com/posts/tag/fortress"
  },
  {
    "slug": "sea",
    "name": "Sea",
    "url": "https://dummyjson.com/posts/tag/sea"
  },
  {
    "slug": "cottage",
    "name": "Cottage",
    "url": "https://dummyjson.com/posts/tag/cottage"
  },
  {
    "slug": "charming",
    "name": "Charming",
    "url": "https://dummyjson.com/posts/tag/charming"
  },
  {
    "slug": "trade",
    "name": "Trade",
    "url": "https://dummyjson.com/posts/tag/trade"
  },
  {
    "slug": "vineyard",
    "name": "Vineyard",
    "url": "https://dummyjson.com/posts/tag/vineyard"
  },
  {
    "slug": "wine",
    "name": "Wine",
    "url": "https://dummyjson.com/posts/tag/wine"
  },
  {
    "slug": "town",
    "name": "Town",
    "url": "https://dummyjson.com/posts/tag/town"
  },
  {
    "slug": "pond",
    "name": "Pond",
    "url": "https://dummyjson.com/posts/tag/pond"
  },
  {
    "slug": "wildlife",
    "name": "Wildlife",
    "url": "https://dummyjson.com/posts/tag/wildlife"
  },
  {
    "slug": "senses",
    "name": "Senses",
    "url": "https://dummyjson.com/posts/tag/senses"
  },
  {
    "slug": "picturesque",
    "name": "Picturesque",
    "url": "https://dummyjson.com/posts/tag/picturesque"
  },
  {
    "slug": "mountains",
    "name": "Mountains",
    "url": "https://dummyjson.com/posts/tag/mountains"
  },
  {
    "slug": "snowy",
    "name": "Snowy",
    "url": "https://dummyjson.com/posts/tag/snowy"
  },
  {
    "slug": "park",
    "name": "Park",
    "url": "https://dummyjson.com/posts/tag/park"
  },
  {
    "slug": "oasis",
    "name": "Oasis",
    "url": "https://dummyjson.com/posts/tag/oasis"
  },
  {
    "slug": "farmhouse",
    "name": "Farmhouse",
    "url": "https://dummyjson.com/posts/tag/farmhouse"
  },
  {
    "slug": "rustic",
    "name": "Rustic",
    "url": "https://dummyjson.com/posts/tag/rustic"
  },
  {
    "slug": "fields",
    "name": "Fields",
    "url": "https://dummyjson.com/posts/tag/fields"
  },
  {
    "slug": "sunlit",
    "name": "Sunlit",
    "url": "https://dummyjson.com/posts/tag/sunlit"
  },
  {
    "slug": "colorful",
    "name": "Colorful",
    "url": "https://dummyjson.com/posts/tag/colorful"
  },
  {
    "slug": "serene",
    "name": "Serene",
    "url": "https://dummyjson.com/posts/tag/serene"
  },
  {
    "slug": "church",
    "name": "Church",
    "url": "https://dummyjson.com/posts/tag/church"
  },
  {
    "slug": "streets",
    "name": "Streets",
    "url": "https://dummyjson.com/posts/tag/streets"
  },
  {
    "slug": "bookstore",
    "name": "Bookstore",
    "url": "https://dummyjson.com/posts/tag/bookstore"
  },
  {
    "slug": "cozy",
    "name": "Cozy",
    "url": "https://dummyjson.com/posts/tag/cozy"
  },
  {
    "slug": "skyline",
    "name": "Skyline",
    "url": "https://dummyjson.com/posts/tag/skyline"
  },
  {
    "slug": "night",
    "name": "Night",
    "url": "https://dummyjson.com/posts/tag/night"
  },
  {
    "slug": "peaceful",
    "name": "Peaceful",
    "url": "https://dummyjson.com/posts/tag/peaceful"
  }
]
 
]]></system-out>
  </testcase>
  <testcase name="[7:78] Get Posts Tag List (strings)" classname="dummyjson/Posts" time="0.093">
    <system-out><![CDATA[09:53:49.997 [main] DEBUG org.apache.http.client.protocol.RequestAddCookies -- CookieSpec selected: karate
09:53:49.997 [main] DEBUG org.apache.http.client.protocol.RequestAuthCache -- Auth cache not set in the context
09:53:49.997 [main] DEBUG com.intuit.karate -- request:
1 > GET https://dummyjson.com/posts/tag-list
1 > Host: dummyjson.com
1 > Connection: Keep-Alive
1 > User-Agent: Apache-HttpClient/4.5.14 (Java/21.0.8)
1 > Accept-Encoding: gzip,deflate


09:53:49.997 [main] DEBUG org.apache.http.impl.conn.PoolingHttpClientConnectionManager -- Connection request: [route: {s}->https://dummyjson.com:443][total available: 0; route allocated: 0 of 5; total allocated: 0 of 10]
09:53:49.997 [main] DEBUG org.apache.http.impl.conn.PoolingHttpClientConnectionManager -- Connection leased: [id: 6][route: {s}->https://dummyjson.com:443][total available: 0; route allocated: 1 of 5; total allocated: 1 of 10]
09:53:49.997 [main] DEBUG org.apache.http.impl.execchain.MainClientExec -- Opening connection {s}->https://dummyjson.com:443
09:53:49.997 [main] DEBUG org.apache.http.impl.conn.DefaultHttpClientConnectionOperator -- Connecting to dummyjson.com/66.33.22.3:443
09:53:49.997 [main] DEBUG org.apache.http.conn.ssl.SSLConnectionSocketFactory -- Connecting socket to dummyjson.com/66.33.22.3:443 with timeout 30000
09:53:50.017 [main] DEBUG org.apache.http.conn.ssl.SSLConnectionSocketFactory -- Enabled protocols: [TLSv1.3, TLSv1.2]
09:53:50.017 [main] DEBUG org.apache.http.conn.ssl.SSLConnectionSocketFactory -- Enabled cipher suites:[TLS_AES_256_GCM_SHA384, TLS_AES_128_GCM_SHA256, TLS_CHACHA20_POLY1305_SHA256, TLS_ECDHE_ECDSA_WITH_AES_256_GCM_SHA384, TLS_ECDHE_ECDSA_WITH_AES_128_GCM_SHA256, TLS_ECDHE_ECDSA_WITH_CHACHA20_POLY1305_SHA256, TLS_ECDHE_RSA_WITH_AES_256_GCM_SHA384, TLS_ECDHE_RSA_WITH_CHACHA20_POLY1305_SHA256, TLS_ECDHE_RSA_WITH_AES_128_GCM_SHA256, TLS_DHE_RSA_WITH_AES_256_GCM_SHA384, TLS_DHE_RSA_WITH_CHACHA20_POLY1305_SHA256, TLS_DHE_DSS_WITH_AES_256_GCM_SHA384, TLS_DHE_RSA_WITH_AES_128_GCM_SHA256, TLS_DHE_DSS_WITH_AES_128_GCM_SHA256, TLS_ECDHE_ECDSA_WITH_AES_256_CBC_SHA384, TLS_ECDHE_RSA_WITH_AES_256_CBC_SHA384, TLS_ECDHE_ECDSA_WITH_AES_128_CBC_SHA256, TLS_ECDHE_RSA_WITH_AES_128_CBC_SHA256, TLS_DHE_RSA_WITH_AES_256_CBC_SHA256, TLS_DHE_DSS_WITH_AES_256_CBC_SHA256, TLS_DHE_RSA_WITH_AES_128_CBC_SHA256, TLS_DHE_DSS_WITH_AES_128_CBC_SHA256, TLS_ECDHE_ECDSA_WITH_AES_256_CBC_SHA, TLS_ECDHE_RSA_WITH_AES_256_CBC_SHA, TLS_ECDHE_ECDSA_WITH_AES_128_CBC_SHA, TLS_ECDHE_RSA_WITH_AES_128_CBC_SHA, TLS_DHE_RSA_WITH_AES_256_CBC_SHA, TLS_DHE_DSS_WITH_AES_256_CBC_SHA, TLS_DHE_RSA_WITH_AES_128_CBC_SHA, TLS_DHE_DSS_WITH_AES_128_CBC_SHA, TLS_RSA_WITH_AES_256_GCM_SHA384, TLS_RSA_WITH_AES_128_GCM_SHA256, TLS_RSA_WITH_AES_256_CBC_SHA256, TLS_RSA_WITH_AES_128_CBC_SHA256, TLS_RSA_WITH_AES_256_CBC_SHA, TLS_RSA_WITH_AES_128_CBC_SHA, TLS_EMPTY_RENEGOTIATION_INFO_SCSV]
09:53:50.017 [main] DEBUG org.apache.http.conn.ssl.SSLConnectionSocketFactory -- Starting handshake
09:53:50.043 [main] DEBUG org.apache.http.conn.ssl.SSLConnectionSocketFactory -- Secure session established
09:53:50.043 [main] DEBUG org.apache.http.conn.ssl.SSLConnectionSocketFactory --  negotiated protocol: TLSv1.3
09:53:50.043 [main] DEBUG org.apache.http.conn.ssl.SSLConnectionSocketFactory --  negotiated cipher suite: TLS_AES_128_GCM_SHA256
09:53:50.043 [main] DEBUG org.apache.http.conn.ssl.SSLConnectionSocketFactory --  peer principal: CN=dummyjson.com
09:53:50.043 [main] DEBUG org.apache.http.conn.ssl.SSLConnectionSocketFactory --  peer alternative names: [dummyjson.com]
09:53:50.043 [main] DEBUG org.apache.http.conn.ssl.SSLConnectionSocketFactory --  issuer principal: CN=R11, O=Let's Encrypt, C=US
09:53:50.043 [main] DEBUG org.apache.http.impl.conn.DefaultHttpClientConnectionOperator -- Connection established 192.168.1.4:62502<->66.33.22.3:443
09:53:50.043 [main] DEBUG org.apache.http.impl.conn.DefaultManagedHttpClientConnection -- http-outgoing-6: set socket timeout to 30000
09:53:50.043 [main] DEBUG org.apache.http.impl.execchain.MainClientExec -- Executing request GET /posts/tag-list HTTP/1.1
09:53:50.043 [main] DEBUG org.apache.http.impl.execchain.MainClientExec -- Target auth state: UNCHALLENGED
09:53:50.043 [main] DEBUG org.apache.http.impl.execchain.MainClientExec -- Proxy auth state: UNCHALLENGED
09:53:50.043 [main] DEBUG org.apache.http.headers -- http-outgoing-6 >> GET /posts/tag-list HTTP/1.1
09:53:50.043 [main] DEBUG org.apache.http.headers -- http-outgoing-6 >> Host: dummyjson.com
09:53:50.043 [main] DEBUG org.apache.http.headers -- http-outgoing-6 >> Connection: Keep-Alive
09:53:50.043 [main] DEBUG org.apache.http.headers -- http-outgoing-6 >> User-Agent: Apache-HttpClient/4.5.14 (Java/21.0.8)
09:53:50.043 [main] DEBUG org.apache.http.headers -- http-outgoing-6 >> Accept-Encoding: gzip,deflate
09:53:50.043 [main] DEBUG org.apache.http.wire -- http-outgoing-6 >> "GET /posts/tag-list HTTP/1.1[\r][\n]"
09:53:50.043 [main] DEBUG org.apache.http.wire -- http-outgoing-6 >> "Host: dummyjson.com[\r][\n]"
09:53:50.043 [main] DEBUG org.apache.http.wire -- http-outgoing-6 >> "Connection: Keep-Alive[\r][\n]"
09:53:50.043 [main] DEBUG org.apache.http.wire -- http-outgoing-6 >> "User-Agent: Apache-HttpClient/4.5.14 (Java/21.0.8)[\r][\n]"
09:53:50.043 [main] DEBUG org.apache.http.wire -- http-outgoing-6 >> "Accept-Encoding: gzip,deflate[\r][\n]"
09:53:50.043 [main] DEBUG org.apache.http.wire -- http-outgoing-6 >> "[\r][\n]"
09:53:50.064 [main] DEBUG org.apache.http.wire -- http-outgoing-6 << "HTTP/1.1 200 OK[\r][\n]"
09:53:50.064 [main] DEBUG org.apache.http.wire -- http-outgoing-6 << "Access-Control-Allow-Origin: *[\r][\n]"
09:53:50.064 [main] DEBUG org.apache.http.wire -- http-outgoing-6 << "Content-Encoding: gzip[\r][\n]"
09:53:50.064 [main] DEBUG org.apache.http.wire -- http-outgoing-6 << "Content-Type: application/json; charset=utf-8[\r][\n]"
09:53:50.064 [main] DEBUG org.apache.http.wire -- http-outgoing-6 << "Date: Tue, 05 Aug 2025 02:53:50 GMT[\r][\n]"
09:53:50.065 [main] DEBUG org.apache.http.wire -- http-outgoing-6 << "Etag: W/"672-d0zc7M1OXpeg/mnF+Kw4/ho146E"[\r][\n]"
09:53:50.065 [main] DEBUG org.apache.http.wire -- http-outgoing-6 << "Server: railway-edge[\r][\n]"
09:53:50.065 [main] DEBUG org.apache.http.wire -- http-outgoing-6 << "Strict-Transport-Security: max-age=15552000; includeSubDomains[\r][\n]"
09:53:50.065 [main] DEBUG org.apache.http.wire -- http-outgoing-6 << "Vary: Accept-Encoding[\r][\n]"
09:53:50.065 [main] DEBUG org.apache.http.wire -- http-outgoing-6 << "X-Content-Type-Options: nosniff[\r][\n]"
09:53:50.065 [main] DEBUG org.apache.http.wire -- http-outgoing-6 << "X-Dns-Prefetch-Control: off[\r][\n]"
09:53:50.065 [main] DEBUG org.apache.http.wire -- http-outgoing-6 << "X-Download-Options: noopen[\r][\n]"
09:53:50.065 [main] DEBUG org.apache.http.wire -- http-outgoing-6 << "X-Frame-Options: SAMEORIGIN[\r][\n]"
09:53:50.065 [main] DEBUG org.apache.http.wire -- http-outgoing-6 << "X-Powered-By: Cats on Keyboards[\r][\n]"
09:53:50.065 [main] DEBUG org.apache.http.wire -- http-outgoing-6 << "X-Railway-Edge: railway/asia-southeast1-eqsg3a[\r][\n]"
09:53:50.065 [main] DEBUG org.apache.http.wire -- http-outgoing-6 << "X-Railway-Request-Id: NMlylvuWTuyUSGtvAQeqjw[\r][\n]"
09:53:50.065 [main] DEBUG org.apache.http.wire -- http-outgoing-6 << "X-Ratelimit-Limit: 100[\r][\n]"
09:53:50.065 [main] DEBUG org.apache.http.wire -- http-outgoing-6 << "X-Ratelimit-Remaining: 95[\r][\n]"
09:53:50.065 [main] DEBUG org.apache.http.wire -- http-outgoing-6 << "X-Ratelimit-Reset: 1754362440[\r][\n]"
09:53:50.065 [main] DEBUG org.apache.http.wire -- http-outgoing-6 << "X-Xss-Protection: 1; mode=block[\r][\n]"
09:53:50.065 [main] DEBUG org.apache.http.wire -- http-outgoing-6 << "Transfer-Encoding: chunked[\r][\n]"
09:53:50.065 [main] DEBUG org.apache.http.wire -- http-outgoing-6 << "[\r][\n]"
09:53:50.065 [main] DEBUG org.apache.http.headers -- http-outgoing-6 << HTTP/1.1 200 OK
09:53:50.065 [main] DEBUG org.apache.http.headers -- http-outgoing-6 << Access-Control-Allow-Origin: *
09:53:50.065 [main] DEBUG org.apache.http.headers -- http-outgoing-6 << Content-Encoding: gzip
09:53:50.065 [main] DEBUG org.apache.http.headers -- http-outgoing-6 << Content-Type: application/json; charset=utf-8
09:53:50.065 [main] DEBUG org.apache.http.headers -- http-outgoing-6 << Date: Tue, 05 Aug 2025 02:53:50 GMT
09:53:50.065 [main] DEBUG org.apache.http.headers -- http-outgoing-6 << Etag: W/"672-d0zc7M1OXpeg/mnF+Kw4/ho146E"
09:53:50.065 [main] DEBUG org.apache.http.headers -- http-outgoing-6 << Server: railway-edge
09:53:50.065 [main] DEBUG org.apache.http.headers -- http-outgoing-6 << Strict-Transport-Security: max-age=15552000; includeSubDomains
09:53:50.065 [main] DEBUG org.apache.http.headers -- http-outgoing-6 << Vary: Accept-Encoding
09:53:50.065 [main] DEBUG org.apache.http.headers -- http-outgoing-6 << X-Content-Type-Options: nosniff
09:53:50.065 [main] DEBUG org.apache.http.headers -- http-outgoing-6 << X-Dns-Prefetch-Control: off
09:53:50.065 [main] DEBUG org.apache.http.headers -- http-outgoing-6 << X-Download-Options: noopen
09:53:50.065 [main] DEBUG org.apache.http.headers -- http-outgoing-6 << X-Frame-Options: SAMEORIGIN
09:53:50.065 [main] DEBUG org.apache.http.headers -- http-outgoing-6 << X-Powered-By: Cats on Keyboards
09:53:50.065 [main] DEBUG org.apache.http.headers -- http-outgoing-6 << X-Railway-Edge: railway/asia-southeast1-eqsg3a
09:53:50.065 [main] DEBUG org.apache.http.headers -- http-outgoing-6 << X-Railway-Request-Id: NMlylvuWTuyUSGtvAQeqjw
09:53:50.065 [main] DEBUG org.apache.http.headers -- http-outgoing-6 << X-Ratelimit-Limit: 100
09:53:50.065 [main] DEBUG org.apache.http.headers -- http-outgoing-6 << X-Ratelimit-Remaining: 95
09:53:50.065 [main] DEBUG org.apache.http.headers -- http-outgoing-6 << X-Ratelimit-Reset: 1754362440
09:53:50.065 [main] DEBUG org.apache.http.headers -- http-outgoing-6 << X-Xss-Protection: 1; mode=block
09:53:50.065 [main] DEBUG org.apache.http.headers -- http-outgoing-6 << Transfer-Encoding: chunked
09:53:50.065 [main] DEBUG org.apache.http.impl.execchain.MainClientExec -- Connection can be kept alive indefinitely
09:53:50.065 [main] DEBUG org.apache.http.wire -- http-outgoing-6 << "2f6[\r][\n]"
09:53:50.065 [main] DEBUG org.apache.http.wire -- http-outgoing-6 << "[0x1f][0x8b][0x8][0x0][0x0][0x0][0x0][0x0][0x0][0x3]MTK[0x92][0xe4]8[0x8][0xbd]K[0xae][0xeb]F[0x13][0xbd][0xc0]2[0xb6][0xa9][0x94][0xc0][0x5](3[0xb2]O?[0x1][0xd8][0x15][0xbd][0xb2]CB[0xe8][0xf1]>[0xfa][0xef]q[0x90][0xb9][0xe8][0xe7][0xf1][0xf5][0x80][0x81]J[\r][0xf8][0xf1][0xf5]hJ[0x3][0x1f]_[0x8f]M[0x91][0xdb][0x11]?[0xd4][0x9c]$[0xb6][0x90][0xf7]N[0x16]k[0x3]vj[0xd0][0xe3][0xef]c[0x8e][0xd9][0xa3][0xcb]+[0xce][0xb5][0xe]f[0xd4]b[0xb]Gug1[0x87][0xbe][0x13][0xc4]?[0xf8][0xd4][0xa8]s[0x5][0xfe][0x99][0xd4][0xc9][0xf3]0m[0xb1][0xb8][0x88]<-[0xf0][0xac]/[0xe4][0xab][0x10][0xad][0xc1][0x99][0x9d][0xab]t[0xea][0x2][0x85][0x6]u[0x8f][0x5]s[0xd0]84[0x99]^[0xa8][0x16][0xa5]o[0xe1][0x15]5[0xf7]D[0x9]c[0x17][0x87]\cH[0xc3]lp[0xca];k[0x16][0x84][0x99][0x9d]w[0xd0][0x15][0x93][0x3][0xe9][0x12];[0x7][0xe8][0x10][0x8e][0xad][0x13][0xa1]Ec[0xc5][0xad][0xe3][0xcd][0x87][0xa1]"[0x17][0xa8]1k[0xe6]o[0xa9]i[0xf6][0xc3][0xf][0x99][0x89][0xe5][0x90]D[0xaf][0x93]8p[0xac]h[0xa8][0x9e][0xad][0x8c]:!g[0xdf]Ei[0xdd][0xb1]8&FT[0xe2]=j[0x80]8[0xe9][0xd6]'[0xc6][0x99][0x17]-[\n]"
09:53:50.065 [main] DEBUG org.apache.http.wire -- http-outgoing-6 << "[0xec][0xb9][0xc4]V([0xfc]*[0xfa][0x96][0xa9][0x8c]y=[0xf0]z[0x93][0xf6][0xa2][0xde]!;7[0x19]c^p]a[0xa5]k[0x8a][0x1e]=S[0xa7]'[0xcb][0xbb]c[0xe1][0x18][0x8][0xab][0xbc]C[0xfe][0x1e]4[0x5][0xf2][0x93][0x80]%[0xca][0xc8][0xdb][0x91]<m0[0xa8][0xd7][0x8d][0xcf]<$[0x93][0xbd][0xd0][0x10][0xdb]I[\n]"
09:53:50.065 [main] DEBUG org.apache.http.wire -- http-outgoing-6 << "[0xd7][0x1d][0xb]Bz[0xc9]&[[0xe][0xe2][0x7][0x82]'[0xfb]m[0xf6]Kh[0x3]n>[0xb]J[0x1a][0xe1][0x90][0xf3][0xf6]Z[0xc8][0xa6][0xed][0x0]]c[0xb3][0x8b][0x99][0x8c]_b[0xce]^[0xe2]$[0x3][0xe5][0xca][0xb0]^[0xe9]n[0xd8][0x14]=[0xf1]CL[0x9d][0x9a]l@y7v\~A6X[0x12][0xfa][d[0xb5][0x14][0xc8][0x15]![0xd0]B[\n]"
09:53:50.065 [main] DEBUG org.apache.http.wire -- http-outgoing-6 << "[0xb6]C[0xef]e[0xf5]&[0xdc]J[0xc4][\r]4p@sz[0xfd]RK[0x1][0xa1][0x1d]Q[0xce][0x17][0xf5][0x19][0x8d][0x5]zWI[0xe0][0xd8]q[0x87][0x92]~W[0xe0][0x15]g[0xe2][0x1][0xf3][0x1e]k[0xc0][0x8d]0u[0xd6][0xf0]t[0xe8][0x18][0xdd][0xf2]n[0xe8][0xa3][0xac][0xb9][0xa4]G74[0xa7]WNms[0x8c],[0xde]D[0xd1][0x12][0xf8][0xf4]9[0xd2][0xaa][0x9c]b.[0xe2][0xc0]Wr[0x9b]@[0xd6][0xb4]N[0xdb][0x96]L[0xfd]LH![0x82][0xe7][0xb8][0xc3]q[0x9c][0x9][0xe7]{[0xf2][0x9e]?[0xa1])[0xf9][0x84]+[0xb5][0x16][0x4]E[0xe5][0x9a][0xc9][0xab]E[0x81][0xe7][0xb5][0xc5][0xbb][0x1f][0xd9][0x6]2[0x6]v[0x92][0xdf]'[0x9b]0[0xff][0xe6](H4GX3&Z[0xb3][0xd0]8;][0x91][0x87]W6[0xe8])-|[0xc7][0xc4][0xed][0x9e][0xa0][0xaa][0x11]6[0x91]5G[0xcf]O[0x3]?p[0xad]V[0x1b]P[0xe2][0x0]m[0x7]9[0xb6][0xdb]n[0xae][0x98]^|[0x13][0xaf][0x83]zq2[0xd9][0xf5]c[0xb4]fr[0xa9][0xf7]2N<#[0xd9][0x8b][0x98]3T[0x18]l[0xc2][0xcf][0xc4]u6/[0xb3][0xc][0xf1][0xdf][0xb5][0x92][0xc1][0x15][0xad]\[0x8][0xd9][0xde][0xfd][\n]"
09:53:50.065 [main] DEBUG org.apache.http.wire -- http-outgoing-6 << "cP\[0x19][0x8f],VR[0x19]?e[0xf0]7q[0xb6][0x92]w[0xbd]S\[0x8b]}[0xbd][0x9e]IC6[0xac]H[0xe6]4[0xf6]3[0xff][0x8d][0x9f]][0x82][0xca][0xf4][0xcf][0x14][0xc5][0xc8].[0xaa][0xef][0x87]I[0xe7][0xc5][0xe3]F[0xd8][0xd3][0xf1]6[0xb9][0x93][0xdf][0xf][0xe0]6[0xfb][0xfd][0xc8][0x15][0xe4][0xa9][0x15][0xe2]$[0xce][0xee][0x94][0xba][0x94]i[0xe4]oZ[0xe2][0xf9][0xe9][0x85][0x9e][0xe3][0x11][0xbc][0x9f][0xce][0xe8][0xf5][0xe7][0xc5]jh"r[0x6][0x0][0x0][\r][\n]"
09:53:50.065 [main] DEBUG org.apache.http.impl.conn.DefaultManagedHttpClientConnection -- http-outgoing-6: Close connection
09:53:50.066 [main] DEBUG org.apache.http.impl.execchain.MainClientExec -- Connection discarded
09:53:50.066 [main] DEBUG org.apache.http.impl.conn.PoolingHttpClientConnectionManager -- Connection released: [id: 6][route: {s}->https://dummyjson.com:443][total available: 0; route allocated: 0 of 5; total allocated: 0 of 10]
09:53:50.066 [main] DEBUG org.apache.http.impl.conn.PoolingHttpClientConnectionManager -- Connection manager is shutting down
09:53:50.066 [main] DEBUG org.apache.http.impl.conn.PoolingHttpClientConnectionManager -- Connection manager shut down
09:53:50.066 [main] DEBUG com.intuit.karate -- response time in milliseconds: 68
1 < 200
1 < Access-Control-Allow-Origin: *
1 < Content-Type: application/json; charset=utf-8
1 < Date: Tue, 05 Aug 2025 02:53:50 GMT
1 < Etag: W/"672-d0zc7M1OXpeg/mnF+Kw4/ho146E"
1 < Server: railway-edge
1 < Strict-Transport-Security: max-age=15552000; includeSubDomains
1 < Vary: Accept-Encoding
1 < X-Content-Type-Options: nosniff
1 < X-Dns-Prefetch-Control: off
1 < X-Download-Options: noopen
1 < X-Frame-Options: SAMEORIGIN
1 < X-Powered-By: Cats on Keyboards
1 < X-Railway-Edge: railway/asia-southeast1-eqsg3a
1 < X-Railway-Request-Id: NMlylvuWTuyUSGtvAQeqjw
1 < X-Ratelimit-Limit: 100
1 < X-Ratelimit-Remaining: 95
1 < X-Ratelimit-Reset: 1754362440
1 < X-Xss-Protection: 1; mode=block
1 < Transfer-Encoding: chunked
[
  "history",
  "american",
  "crime",
  "french",
  "fiction",
  "english",
  "magical",
  "mystery",
  "love",
  "classic",
  "memory",
  "nostalgia",
  "nature",
  "tranquility",
  "life",
  "books",
  "adventure",
  "escape",
  "city",
  "urban",
  "energy",
  "stars",
  "universe",
  "wonder",
  "stories",
  "emotion",
  "ocean",
  "power",
  "beauty",
  "garden",
  "color",
  "harmony",
  "peace",
  "reflection",
  "serenity",
  "music",
  "joy",
  "lighthouse",
  "hope",
  "ruins",
  "desert",
  "resilience",
  "bridge",
  "engineering",
  "rain",
  "market",
  "vibrant",
  "mansion",
  "train",
  "journey",
  "landscape",
  "village",
  "community",
  "tradition",
  "library",
  "knowledge",
  "meadow",
  "flowers",
  "piano",
  "kitchen",
  "family",
  "lake",
  "mountain",
  "inspiration",
  "beach",
  "sunset",
  "theater",
  "culture",
  "sanctuary",
  "bookshop",
  "magic",
  "orchard",
  "blossom",
  "marketplace",
  "journal",
  "memories",
  "secrets",
  "paradise",
  "fair",
  "celebration",
  "cabin",
  "woods",
  "retreat",
  "art",
  "gallery",
  "concert",
  "farm",
  "activity",
  "trail",
  "challenge",
  "cove",
  "ballroom",
  "elegance",
  "grandeur",
  "castle",
  "ancient",
  "river",
  "valley",
  "calm",
  "harbor",
  "festival",
  "summer",
  "forest",
  "autumn",
  "snow",
  "botanical",
  "coast",
  "cliffs",
  "square",
  "charm",
  "temple",
  "jungle",
  "spirituality",
  "stream",
  "diversity",
  "oak",
  "strength",
  "tea",
  "hospitality",
  "connection",
  "farmstead",
  "rural",
  "simplicity",
  "waterfall",
  "majestic",
  "coastal",
  "seafood",
  "food",
  "cathedral",
  "faith",
  "architecture",
  "street",
  "windmill",
  "countryside",
  "hills",
  "pastoral",
  "inn",
  "view",
  "aqueducts",
  "remote",
  "tranquil",
  "fortress",
  "sea",
  "cottage",
  "charming",
  "trade",
  "vineyard",
  "wine",
  "town",
  "pond",
  "wildlife",
  "senses",
  "picturesque",
  "mountains",
  "snowy",
  "park",
  "oasis",
  "farmhouse",
  "rustic",
  "fields",
  "sunlit",
  "colorful",
  "serene",
  "church",
  "streets",
  "bookstore",
  "cozy",
  "skyline",
  "night",
  "peaceful"
]


09:53:50.084 [main] INFO com.intuit.karate -- [print] [
  "history",
  "american",
  "crime",
  "french",
  "fiction",
  "english",
  "magical",
  "mystery",
  "love",
  "classic",
  "memory",
  "nostalgia",
  "nature",
  "tranquility",
  "life",
  "books",
  "adventure",
  "escape",
  "city",
  "urban",
  "energy",
  "stars",
  "universe",
  "wonder",
  "stories",
  "emotion",
  "ocean",
  "power",
  "beauty",
  "garden",
  "color",
  "harmony",
  "peace",
  "reflection",
  "serenity",
  "music",
  "joy",
  "lighthouse",
  "hope",
  "ruins",
  "desert",
  "resilience",
  "bridge",
  "engineering",
  "rain",
  "market",
  "vibrant",
  "mansion",
  "train",
  "journey",
  "landscape",
  "village",
  "community",
  "tradition",
  "library",
  "knowledge",
  "meadow",
  "flowers",
  "piano",
  "kitchen",
  "family",
  "lake",
  "mountain",
  "inspiration",
  "beach",
  "sunset",
  "theater",
  "culture",
  "sanctuary",
  "bookshop",
  "magic",
  "orchard",
  "blossom",
  "marketplace",
  "journal",
  "memories",
  "secrets",
  "paradise",
  "fair",
  "celebration",
  "cabin",
  "woods",
  "retreat",
  "art",
  "gallery",
  "concert",
  "farm",
  "activity",
  "trail",
  "challenge",
  "cove",
  "ballroom",
  "elegance",
  "grandeur",
  "castle",
  "ancient",
  "river",
  "valley",
  "calm",
  "harbor",
  "festival",
  "summer",
  "forest",
  "autumn",
  "snow",
  "botanical",
  "coast",
  "cliffs",
  "square",
  "charm",
  "temple",
  "jungle",
  "spirituality",
  "stream",
  "diversity",
  "oak",
  "strength",
  "tea",
  "hospitality",
  "connection",
  "farmstead",
  "rural",
  "simplicity",
  "waterfall",
  "majestic",
  "coastal",
  "seafood",
  "food",
  "cathedral",
  "faith",
  "architecture",
  "street",
  "windmill",
  "countryside",
  "hills",
  "pastoral",
  "inn",
  "view",
  "aqueducts",
  "remote",
  "tranquil",
  "fortress",
  "sea",
  "cottage",
  "charming",
  "trade",
  "vineyard",
  "wine",
  "town",
  "pond",
  "wildlife",
  "senses",
  "picturesque",
  "mountains",
  "snowy",
  "park",
  "oasis",
  "farmhouse",
  "rustic",
  "fields",
  "sunlit",
  "colorful",
  "serene",
  "church",
  "streets",
  "bookstore",
  "cozy",
  "skyline",
  "night",
  "peaceful"
]
 
]]></system-out>
  </testcase>
  <testcase name="[8:87] Get Posts by Tag &apos;life&apos;" classname="dummyjson/Posts" time="0.086">
    <system-out><![CDATA[09:53:50.090 [main] DEBUG org.apache.http.client.protocol.RequestAddCookies -- CookieSpec selected: karate
09:53:50.090 [main] DEBUG org.apache.http.client.protocol.RequestAuthCache -- Auth cache not set in the context
09:53:50.090 [main] DEBUG com.intuit.karate -- request:
1 > GET https://dummyjson.com/posts/tag/life
1 > Host: dummyjson.com
1 > Connection: Keep-Alive
1 > User-Agent: Apache-HttpClient/4.5.14 (Java/21.0.8)
1 > Accept-Encoding: gzip,deflate


09:53:50.090 [main] DEBUG org.apache.http.impl.conn.PoolingHttpClientConnectionManager -- Connection request: [route: {s}->https://dummyjson.com:443][total available: 0; route allocated: 0 of 5; total allocated: 0 of 10]
09:53:50.090 [main] DEBUG org.apache.http.impl.conn.PoolingHttpClientConnectionManager -- Connection leased: [id: 7][route: {s}->https://dummyjson.com:443][total available: 0; route allocated: 1 of 5; total allocated: 1 of 10]
09:53:50.090 [main] DEBUG org.apache.http.impl.execchain.MainClientExec -- Opening connection {s}->https://dummyjson.com:443
09:53:50.090 [main] DEBUG org.apache.http.impl.conn.DefaultHttpClientConnectionOperator -- Connecting to dummyjson.com/66.33.22.3:443
09:53:50.090 [main] DEBUG org.apache.http.conn.ssl.SSLConnectionSocketFactory -- Connecting socket to dummyjson.com/66.33.22.3:443 with timeout 30000
09:53:50.110 [main] DEBUG org.apache.http.conn.ssl.SSLConnectionSocketFactory -- Enabled protocols: [TLSv1.3, TLSv1.2]
09:53:50.110 [main] DEBUG org.apache.http.conn.ssl.SSLConnectionSocketFactory -- Enabled cipher suites:[TLS_AES_256_GCM_SHA384, TLS_AES_128_GCM_SHA256, TLS_CHACHA20_POLY1305_SHA256, TLS_ECDHE_ECDSA_WITH_AES_256_GCM_SHA384, TLS_ECDHE_ECDSA_WITH_AES_128_GCM_SHA256, TLS_ECDHE_ECDSA_WITH_CHACHA20_POLY1305_SHA256, TLS_ECDHE_RSA_WITH_AES_256_GCM_SHA384, TLS_ECDHE_RSA_WITH_CHACHA20_POLY1305_SHA256, TLS_ECDHE_RSA_WITH_AES_128_GCM_SHA256, TLS_DHE_RSA_WITH_AES_256_GCM_SHA384, TLS_DHE_RSA_WITH_CHACHA20_POLY1305_SHA256, TLS_DHE_DSS_WITH_AES_256_GCM_SHA384, TLS_DHE_RSA_WITH_AES_128_GCM_SHA256, TLS_DHE_DSS_WITH_AES_128_GCM_SHA256, TLS_ECDHE_ECDSA_WITH_AES_256_CBC_SHA384, TLS_ECDHE_RSA_WITH_AES_256_CBC_SHA384, TLS_ECDHE_ECDSA_WITH_AES_128_CBC_SHA256, TLS_ECDHE_RSA_WITH_AES_128_CBC_SHA256, TLS_DHE_RSA_WITH_AES_256_CBC_SHA256, TLS_DHE_DSS_WITH_AES_256_CBC_SHA256, TLS_DHE_RSA_WITH_AES_128_CBC_SHA256, TLS_DHE_DSS_WITH_AES_128_CBC_SHA256, TLS_ECDHE_ECDSA_WITH_AES_256_CBC_SHA, TLS_ECDHE_RSA_WITH_AES_256_CBC_SHA, TLS_ECDHE_ECDSA_WITH_AES_128_CBC_SHA, TLS_ECDHE_RSA_WITH_AES_128_CBC_SHA, TLS_DHE_RSA_WITH_AES_256_CBC_SHA, TLS_DHE_DSS_WITH_AES_256_CBC_SHA, TLS_DHE_RSA_WITH_AES_128_CBC_SHA, TLS_DHE_DSS_WITH_AES_128_CBC_SHA, TLS_RSA_WITH_AES_256_GCM_SHA384, TLS_RSA_WITH_AES_128_GCM_SHA256, TLS_RSA_WITH_AES_256_CBC_SHA256, TLS_RSA_WITH_AES_128_CBC_SHA256, TLS_RSA_WITH_AES_256_CBC_SHA, TLS_RSA_WITH_AES_128_CBC_SHA, TLS_EMPTY_RENEGOTIATION_INFO_SCSV]
09:53:50.110 [main] DEBUG org.apache.http.conn.ssl.SSLConnectionSocketFactory -- Starting handshake
09:53:50.133 [main] DEBUG org.apache.http.conn.ssl.SSLConnectionSocketFactory -- Secure session established
09:53:50.133 [main] DEBUG org.apache.http.conn.ssl.SSLConnectionSocketFactory --  negotiated protocol: TLSv1.3
09:53:50.133 [main] DEBUG org.apache.http.conn.ssl.SSLConnectionSocketFactory --  negotiated cipher suite: TLS_AES_128_GCM_SHA256
09:53:50.133 [main] DEBUG org.apache.http.conn.ssl.SSLConnectionSocketFactory --  peer principal: CN=dummyjson.com
09:53:50.133 [main] DEBUG org.apache.http.conn.ssl.SSLConnectionSocketFactory --  peer alternative names: [dummyjson.com]
09:53:50.133 [main] DEBUG org.apache.http.conn.ssl.SSLConnectionSocketFactory --  issuer principal: CN=R11, O=Let's Encrypt, C=US
09:53:50.134 [main] DEBUG org.apache.http.impl.conn.DefaultHttpClientConnectionOperator -- Connection established 192.168.1.4:62503<->66.33.22.3:443
09:53:50.134 [main] DEBUG org.apache.http.impl.conn.DefaultManagedHttpClientConnection -- http-outgoing-7: set socket timeout to 30000
09:53:50.134 [main] DEBUG org.apache.http.impl.execchain.MainClientExec -- Executing request GET /posts/tag/life HTTP/1.1
09:53:50.134 [main] DEBUG org.apache.http.impl.execchain.MainClientExec -- Target auth state: UNCHALLENGED
09:53:50.134 [main] DEBUG org.apache.http.impl.execchain.MainClientExec -- Proxy auth state: UNCHALLENGED
09:53:50.134 [main] DEBUG org.apache.http.headers -- http-outgoing-7 >> GET /posts/tag/life HTTP/1.1
09:53:50.134 [main] DEBUG org.apache.http.headers -- http-outgoing-7 >> Host: dummyjson.com
09:53:50.134 [main] DEBUG org.apache.http.headers -- http-outgoing-7 >> Connection: Keep-Alive
09:53:50.134 [main] DEBUG org.apache.http.headers -- http-outgoing-7 >> User-Agent: Apache-HttpClient/4.5.14 (Java/21.0.8)
09:53:50.134 [main] DEBUG org.apache.http.headers -- http-outgoing-7 >> Accept-Encoding: gzip,deflate
09:53:50.134 [main] DEBUG org.apache.http.wire -- http-outgoing-7 >> "GET /posts/tag/life HTTP/1.1[\r][\n]"
09:53:50.134 [main] DEBUG org.apache.http.wire -- http-outgoing-7 >> "Host: dummyjson.com[\r][\n]"
09:53:50.134 [main] DEBUG org.apache.http.wire -- http-outgoing-7 >> "Connection: Keep-Alive[\r][\n]"
09:53:50.134 [main] DEBUG org.apache.http.wire -- http-outgoing-7 >> "User-Agent: Apache-HttpClient/4.5.14 (Java/21.0.8)[\r][\n]"
09:53:50.134 [main] DEBUG org.apache.http.wire -- http-outgoing-7 >> "Accept-Encoding: gzip,deflate[\r][\n]"
09:53:50.134 [main] DEBUG org.apache.http.wire -- http-outgoing-7 >> "[\r][\n]"
09:53:50.166 [main] DEBUG org.apache.http.wire -- http-outgoing-7 << "HTTP/1.1 200 OK[\r][\n]"
09:53:50.166 [main] DEBUG org.apache.http.wire -- http-outgoing-7 << "Access-Control-Allow-Origin: *[\r][\n]"
09:53:50.166 [main] DEBUG org.apache.http.wire -- http-outgoing-7 << "Content-Encoding: gzip[\r][\n]"
09:53:50.166 [main] DEBUG org.apache.http.wire -- http-outgoing-7 << "Content-Type: application/json; charset=utf-8[\r][\n]"
09:53:50.166 [main] DEBUG org.apache.http.wire -- http-outgoing-7 << "Date: Tue, 05 Aug 2025 02:53:50 GMT[\r][\n]"
09:53:50.166 [main] DEBUG org.apache.http.wire -- http-outgoing-7 << "Etag: W/"549-+7OFiAFYsjrm9jKKn0Mduzm7flw"[\r][\n]"
09:53:50.166 [main] DEBUG org.apache.http.wire -- http-outgoing-7 << "Server: railway-edge[\r][\n]"
09:53:50.166 [main] DEBUG org.apache.http.wire -- http-outgoing-7 << "Strict-Transport-Security: max-age=15552000; includeSubDomains[\r][\n]"
09:53:50.166 [main] DEBUG org.apache.http.wire -- http-outgoing-7 << "Vary: Accept-Encoding[\r][\n]"
09:53:50.166 [main] DEBUG org.apache.http.wire -- http-outgoing-7 << "X-Content-Type-Options: nosniff[\r][\n]"
09:53:50.166 [main] DEBUG org.apache.http.wire -- http-outgoing-7 << "X-Dns-Prefetch-Control: off[\r][\n]"
09:53:50.166 [main] DEBUG org.apache.http.wire -- http-outgoing-7 << "X-Download-Options: noopen[\r][\n]"
09:53:50.166 [main] DEBUG org.apache.http.wire -- http-outgoing-7 << "X-Frame-Options: SAMEORIGIN[\r][\n]"
09:53:50.166 [main] DEBUG org.apache.http.wire -- http-outgoing-7 << "X-Powered-By: Cats on Keyboards[\r][\n]"
09:53:50.166 [main] DEBUG org.apache.http.wire -- http-outgoing-7 << "X-Railway-Edge: railway/asia-southeast1-eqsg3a[\r][\n]"
09:53:50.166 [main] DEBUG org.apache.http.wire -- http-outgoing-7 << "X-Railway-Request-Id: 8T0lsJTrSV2U0uIVAQeqjw[\r][\n]"
09:53:50.166 [main] DEBUG org.apache.http.wire -- http-outgoing-7 << "X-Ratelimit-Limit: 100[\r][\n]"
09:53:50.166 [main] DEBUG org.apache.http.wire -- http-outgoing-7 << "X-Ratelimit-Remaining: 94[\r][\n]"
09:53:50.166 [main] DEBUG org.apache.http.wire -- http-outgoing-7 << "X-Ratelimit-Reset: 1754362440[\r][\n]"
09:53:50.166 [main] DEBUG org.apache.http.wire -- http-outgoing-7 << "X-Xss-Protection: 1; mode=block[\r][\n]"
09:53:50.166 [main] DEBUG org.apache.http.wire -- http-outgoing-7 << "Transfer-Encoding: chunked[\r][\n]"
09:53:50.166 [main] DEBUG org.apache.http.wire -- http-outgoing-7 << "[\r][\n]"
09:53:50.166 [main] DEBUG org.apache.http.headers -- http-outgoing-7 << HTTP/1.1 200 OK
09:53:50.166 [main] DEBUG org.apache.http.headers -- http-outgoing-7 << Access-Control-Allow-Origin: *
09:53:50.166 [main] DEBUG org.apache.http.headers -- http-outgoing-7 << Content-Encoding: gzip
09:53:50.166 [main] DEBUG org.apache.http.headers -- http-outgoing-7 << Content-Type: application/json; charset=utf-8
09:53:50.166 [main] DEBUG org.apache.http.headers -- http-outgoing-7 << Date: Tue, 05 Aug 2025 02:53:50 GMT
09:53:50.166 [main] DEBUG org.apache.http.headers -- http-outgoing-7 << Etag: W/"549-+7OFiAFYsjrm9jKKn0Mduzm7flw"
09:53:50.166 [main] DEBUG org.apache.http.headers -- http-outgoing-7 << Server: railway-edge
09:53:50.166 [main] DEBUG org.apache.http.headers -- http-outgoing-7 << Strict-Transport-Security: max-age=15552000; includeSubDomains
09:53:50.166 [main] DEBUG org.apache.http.headers -- http-outgoing-7 << Vary: Accept-Encoding
09:53:50.166 [main] DEBUG org.apache.http.headers -- http-outgoing-7 << X-Content-Type-Options: nosniff
09:53:50.166 [main] DEBUG org.apache.http.headers -- http-outgoing-7 << X-Dns-Prefetch-Control: off
09:53:50.166 [main] DEBUG org.apache.http.headers -- http-outgoing-7 << X-Download-Options: noopen
09:53:50.166 [main] DEBUG org.apache.http.headers -- http-outgoing-7 << X-Frame-Options: SAMEORIGIN
09:53:50.166 [main] DEBUG org.apache.http.headers -- http-outgoing-7 << X-Powered-By: Cats on Keyboards
09:53:50.166 [main] DEBUG org.apache.http.headers -- http-outgoing-7 << X-Railway-Edge: railway/asia-southeast1-eqsg3a
09:53:50.166 [main] DEBUG org.apache.http.headers -- http-outgoing-7 << X-Railway-Request-Id: 8T0lsJTrSV2U0uIVAQeqjw
09:53:50.166 [main] DEBUG org.apache.http.headers -- http-outgoing-7 << X-Ratelimit-Limit: 100
09:53:50.166 [main] DEBUG org.apache.http.headers -- http-outgoing-7 << X-Ratelimit-Remaining: 94
09:53:50.166 [main] DEBUG org.apache.http.headers -- http-outgoing-7 << X-Ratelimit-Reset: 1754362440
09:53:50.166 [main] DEBUG org.apache.http.headers -- http-outgoing-7 << X-Xss-Protection: 1; mode=block
09:53:50.166 [main] DEBUG org.apache.http.headers -- http-outgoing-7 << Transfer-Encoding: chunked
09:53:50.166 [main] DEBUG org.apache.http.impl.execchain.MainClientExec -- Connection can be kept alive indefinitely
09:53:50.166 [main] DEBUG org.apache.http.wire -- http-outgoing-7 << "2b4[\r][\n]"
09:53:50.166 [main] DEBUG org.apache.http.wire -- http-outgoing-7 << "[0x1f][0x8b][0x8][0x0][0x0][0x0][0x0][0x0][0x0][0x3][0x85][0x93]Mo[0xdb]0[0xc][0x86][0xff][\n]"
09:53:50.166 [main] DEBUG org.apache.http.wire -- http-outgoing-7 << "[0xa1][0xcb].B[0xb0]4m[0x96][0xf9][0xb6][0xed][0xd4][0xf3][0x86]][0x86][0x1e][0x18][0x89][0x8e][0x84][0xc8]bF[0xca]6[0xdc][0xa2][0xff]}[0x90][0x9d][0xae][0xee]0lG[0x1b]6?[0x9e][0xe7][0xe5][0x93][0xb9][0xb0][0x16]5[0xcd][0x8f]'[0x13][0xbd]i[0xb6]w;kJ,[0x89]Lc[0xbe][0x5][0x82][0x96][0x85][0xb4][0xc0][0x88][\n]"
09:53:50.166 [main] DEBUG org.apache.http.wire -- http-outgoing-7 << "[0x98][0xe2]@0[0xc6][0x12][0xa0][0x4][0x2][0xe5]>{[0x5]n!c[0xe9][0x85][0x8c]5G[0xf6][0x93]i[0xcc][0xe7](^A1[0x9f],$[0xc2][0x81][0x14][0xa4][0xd7][0x92][0xc8][[0xc0][0xec][0x1][0xe1]D[0xb9]$[0x2]-B[0xd8]A[0x91][0xe8][0xce][0x89]<dB9N[0x1b][0xb8][0xbf]6[0x4][0x9d][0xba]K[0xe0]<[0xd5].)[0xb6]d[0x1]A[0xa8][0x8b][0xd9][0x93][0xd4]wu[0x8e][0x91]%[0xf9]w[\n]"
09:53:50.166 [main] DEBUG org.apache.http.wire -- http-outgoing-7 << "G[0xc2][0xbe]L[0x1b][0xa8]S{[0xca]J[0xe0]0[0xf3]e[0x2][0x1e]H[0x2][0xa1][0x87]6[0xa6]BB~[0x19][0xbf][0xcf])[0x9e]B[0xb1][0xe0][0x84][0xb0][0xc4]|[0x2][0x84][0x8e][0x15][0xa3][[0xba][0x9d]B[0x99][0xa7][0xd5][0x80][0x9e]G[0xe0]<[0xff]v[0xe5][0xd1]&f[0xa9][0xd3][0x14][0xc1][0xfc][0xb3][0x8f][0x9][0x2][0xe][0x94][0xa1]E[0x81]V[0xb8][0x9b][0xbf]u[0x1]y[0x6][0xd4][0xb1]'[0xc9][0xf3][0x6][0x1b]cM[0xc1]S%n~s{)[0x12][0xcb]d[0xac][0xa9][0x9f][0x99][0x7]k[0x84][0xd0][0x95][0xc8]YM[0xf3]dR<[0x93][0x9a]f[0xb7][0xdf][[0xe3][0xa3]^[0x1f]o[0xe][0xcf][0xd6][0xc][0x91]F5[0xcd][0xf6][0xb0]?X[0xd3]+[0xc9][0xbd]7[0xcd][0xcd][0xed][0xb3][0xbd]*[0xdd]x[0xab][0xb4]C9[0xd3][0xb][0xe1]c[0x15]S[0x97][0xef][0xf0][0x91][0xea][0xac]Z[0x17][0xd7]e[0xf3][0xd9][0xf0][0xab][0xd7][0xaf][0x5]S[0xd2][0x8a][0xb1][0xca][0x9a][0x83][0xe0]8[0xb1][0xb4]}[0x82][0x8b][0xb0][0xef][0x1d][0xd9]yq[0x8c][0x2][0x12]]X[0x85][0xc5]Q.s[0xf9]Kt[0xb4][0x94]o[0x85]4T[0x92]#[0x89]n[0xe0];e[0xcf][0xa2][0xe0]p.[0xcf]}[0xa9]F[0x81][0x11][0x85]tI[0xce]LUx[0xf4][0xd0][0xf1]@[0x1e]b[0x6][0x84]![0x1e][0x5]s[0x1][0x8f][0xd9][0xd1]*<[0x97][0x84]n^[0x89]2[0xc9]i[0x9a][0xb],![0x1a][0x3][0x9][0x1][\r]$[0x13][0xc]Qc[0xa9][0xe3]wQ[0xa9][0xee][0xdc]Q[0x9][0x15]H[0xa6]q-k[0xa1]f*[0xee][0xb9][0xdd]Dm[0xb7][0xfb][0xbb][0xb5][0xa9][0xbb]WQ[0xbb][0xfd][0xdd][0xed][0xab][0xa8][0xed][0xf6][0xf0][0xdb][0xd4][0xc7][0xf7][0x1c][0x1f]J[0xf7][0xa7][0xa7][0xd0][0x1f][0xeb]N[0xb5][0xe3][0xb0][0xe4][0xe5]j[0xe7]S[0x8e][0x1d]&[0x5]a[0xec][0xae][0x19]o#%[0xbf]B[0x87]3[0xcd][0xb7][0x6][0xdf][0x9e][0xb2]K[0xbd];[0xd7]6.Dw[0xa6][0xbc][0x98]J<[0xce][0xef]x[0xd4][\r]|[0x11][0xbe]([0xe8][0x88][0xd3]"[0xa0][0x16]8[\n]"
09:53:50.167 [main] DEBUG org.apache.http.wire -- http-outgoing-7 << "[0xd1]#[0xd9]+[0xc6][0xe5][0x96]N[0xcc][0x1e][0x2][0xca]@Z[0xfe]f%[0xa0][0xf8]z[0xbc][0xe7]%kX[0xa2][0xb6][0xb][0xc7][0x17]A[0xb5][0xb2][0x84][0xa9][0x84][0xee][0xe5][0xfe][0xa1][0xe5]T[0xf3]r=aB[0xe5][0xac]kK[0x95][0x98][0xb1]fE[0xe7]_[0x92]n[0xf7][0xbb][0xb5][0xa3][0xed][0xee]U[0xd2][0xed]auL[0xdb][0xc3][0xe1][0xf9][0xc1][0x9a][0xc2][0x5][0x93]iv[0xd6][0xe8]9^L[0xf3][0xbe]V[0xef]b1[0xcd][0xee][0xf9][0x17]~R[0xf][0xc2]I[0x5][0x0][0x0][\r][\n]"
09:53:50.167 [main] DEBUG org.apache.http.impl.conn.DefaultManagedHttpClientConnection -- http-outgoing-7: Close connection
09:53:50.167 [main] DEBUG org.apache.http.impl.execchain.MainClientExec -- Connection discarded
09:53:50.167 [main] DEBUG org.apache.http.impl.conn.PoolingHttpClientConnectionManager -- Connection released: [id: 7][route: {s}->https://dummyjson.com:443][total available: 0; route allocated: 0 of 5; total allocated: 0 of 10]
09:53:50.167 [main] DEBUG org.apache.http.impl.conn.PoolingHttpClientConnectionManager -- Connection manager is shutting down
09:53:50.167 [main] DEBUG org.apache.http.impl.conn.PoolingHttpClientConnectionManager -- Connection manager shut down
09:53:50.167 [main] DEBUG com.intuit.karate -- response time in milliseconds: 77
1 < 200
1 < Access-Control-Allow-Origin: *
1 < Content-Type: application/json; charset=utf-8
1 < Date: Tue, 05 Aug 2025 02:53:50 GMT
1 < Etag: W/"549-+7OFiAFYsjrm9jKKn0Mduzm7flw"
1 < Server: railway-edge
1 < Strict-Transport-Security: max-age=15552000; includeSubDomains
1 < Vary: Accept-Encoding
1 < X-Content-Type-Options: nosniff
1 < X-Dns-Prefetch-Control: off
1 < X-Download-Options: noopen
1 < X-Frame-Options: SAMEORIGIN
1 < X-Powered-By: Cats on Keyboards
1 < X-Railway-Edge: railway/asia-southeast1-eqsg3a
1 < X-Railway-Request-Id: 8T0lsJTrSV2U0uIVAQeqjw
1 < X-Ratelimit-Limit: 100
1 < X-Ratelimit-Remaining: 94
1 < X-Ratelimit-Reset: 1754362440
1 < X-Xss-Protection: 1; mode=block
1 < Transfer-Encoding: chunked
{
  "posts": [
    {
      "id": 153,
      "title": "The forest was alive with the sounds of nature",
      "body": "Birds sang, leaves rustled, and a gentle stream trickled nearby. It was a symphony of life, a reminder of the world's beauty. The dense canopy overhead filtered the sunlight, creating a mosaic of light and shadow on the forest floor, a tranquil haven far from the chaos of modern life.",
      "tags": [
        "nature",
        "tranquility",
        "life"
      ],
      "reactions": {
        "likes": 366,
        "dislikes": 28
      },
      "views": 1868,
      "userId": 24
    },
    {
      "id": 167,
      "title": "The market was a bustling maze of sights and sounds",
      "body": "Stalls filled with colorful produce, the air rich with the scent of spices and fresh flowers. Vendors called out their wares, and the crowd moved in a vibrant dance. It was a place of energy and life, where every visit promised something new.",
      "tags": [
        "market",
        "vibrant",
        "life"
      ],
      "reactions": {
        "likes": 1165,
        "dislikes": 5
      },
      "views": 3654,
      "userId": 118
    },
    {
      "id": 190,
      "title": "The farm was a bustling hub of activity",
      "body": "Animals roamed the fields, and the air was filled with the sounds of clucking chickens and lowing cows. Crops swayed in the breeze, promising a good harvest. It was a place of hard work and satisfaction, where the rhythm of life followed the seasons.",
      "tags": [
        "farm",
        "activity",
        "life"
      ],
      "reactions": {
        "likes": 463,
        "dislikes": 13
      },
      "views": 488,
      "userId": 188
    }
  ],
  "total": 3,
  "skip": 0,
  "limit": 3
}


09:53:50.168 [main] DEBUG com.jayway.jsonpath.internal.path.CompiledPath -- Evaluating path: $['total']
09:53:50.170 [main] DEBUG com.jayway.jsonpath.internal.path.CompiledPath -- Evaluating path: $['posts'][*]['tags']
09:53:50.171 [main] INFO com.intuit.karate -- [print] {
  "posts": [
    {
      "id": 153,
      "title": "The forest was alive with the sounds of nature",
      "body": "Birds sang, leaves rustled, and a gentle stream trickled nearby. It was a symphony of life, a reminder of the world's beauty. The dense canopy overhead filtered the sunlight, creating a mosaic of light and shadow on the forest floor, a tranquil haven far from the chaos of modern life.",
      "tags": [
        "nature",
        "tranquility",
        "life"
      ],
      "reactions": {
        "likes": 366,
        "dislikes": 28
      },
      "views": 1868,
      "userId": 24
    },
    {
      "id": 167,
      "title": "The market was a bustling maze of sights and sounds",
      "body": "Stalls filled with colorful produce, the air rich with the scent of spices and fresh flowers. Vendors called out their wares, and the crowd moved in a vibrant dance. It was a place of energy and life, where every visit promised something new.",
      "tags": [
        "market",
        "vibrant",
        "life"
      ],
      "reactions": {
        "likes": 1165,
        "dislikes": 5
      },
      "views": 3654,
      "userId": 118
    },
    {
      "id": 190,
      "title": "The farm was a bustling hub of activity",
      "body": "Animals roamed the fields, and the air was filled with the sounds of clucking chickens and lowing cows. Crops swayed in the breeze, promising a good harvest. It was a place of hard work and satisfaction, where the rhythm of life followed the seasons.",
      "tags": [
        "farm",
        "activity",
        "life"
      ],
      "reactions": {
        "likes": 463,
        "dislikes": 13
      },
      "views": 488,
      "userId": 188
    }
  ],
  "total": 3,
  "skip": 0,
  "limit": 3
}
 
]]></system-out>
  </testcase>
  <testcase name="[9:97] Get All Posts by User ID" classname="dummyjson/Posts" time="0.095">
    <system-out><![CDATA[09:53:50.177 [main] DEBUG org.apache.http.client.protocol.RequestAddCookies -- CookieSpec selected: karate
09:53:50.177 [main] DEBUG org.apache.http.client.protocol.RequestAuthCache -- Auth cache not set in the context
09:53:50.177 [main] DEBUG com.intuit.karate -- request:
1 > GET https://dummyjson.com/posts/user/5
1 > Host: dummyjson.com
1 > Connection: Keep-Alive
1 > User-Agent: Apache-HttpClient/4.5.14 (Java/21.0.8)
1 > Accept-Encoding: gzip,deflate


09:53:50.177 [main] DEBUG org.apache.http.impl.conn.PoolingHttpClientConnectionManager -- Connection request: [route: {s}->https://dummyjson.com:443][total available: 0; route allocated: 0 of 5; total allocated: 0 of 10]
09:53:50.177 [main] DEBUG org.apache.http.impl.conn.PoolingHttpClientConnectionManager -- Connection leased: [id: 8][route: {s}->https://dummyjson.com:443][total available: 0; route allocated: 1 of 5; total allocated: 1 of 10]
09:53:50.177 [main] DEBUG org.apache.http.impl.execchain.MainClientExec -- Opening connection {s}->https://dummyjson.com:443
09:53:50.177 [main] DEBUG org.apache.http.impl.conn.DefaultHttpClientConnectionOperator -- Connecting to dummyjson.com/66.33.22.3:443
09:53:50.177 [main] DEBUG org.apache.http.conn.ssl.SSLConnectionSocketFactory -- Connecting socket to dummyjson.com/66.33.22.3:443 with timeout 30000
09:53:50.199 [main] DEBUG org.apache.http.conn.ssl.SSLConnectionSocketFactory -- Enabled protocols: [TLSv1.3, TLSv1.2]
09:53:50.199 [main] DEBUG org.apache.http.conn.ssl.SSLConnectionSocketFactory -- Enabled cipher suites:[TLS_AES_256_GCM_SHA384, TLS_AES_128_GCM_SHA256, TLS_CHACHA20_POLY1305_SHA256, TLS_ECDHE_ECDSA_WITH_AES_256_GCM_SHA384, TLS_ECDHE_ECDSA_WITH_AES_128_GCM_SHA256, TLS_ECDHE_ECDSA_WITH_CHACHA20_POLY1305_SHA256, TLS_ECDHE_RSA_WITH_AES_256_GCM_SHA384, TLS_ECDHE_RSA_WITH_CHACHA20_POLY1305_SHA256, TLS_ECDHE_RSA_WITH_AES_128_GCM_SHA256, TLS_DHE_RSA_WITH_AES_256_GCM_SHA384, TLS_DHE_RSA_WITH_CHACHA20_POLY1305_SHA256, TLS_DHE_DSS_WITH_AES_256_GCM_SHA384, TLS_DHE_RSA_WITH_AES_128_GCM_SHA256, TLS_DHE_DSS_WITH_AES_128_GCM_SHA256, TLS_ECDHE_ECDSA_WITH_AES_256_CBC_SHA384, TLS_ECDHE_RSA_WITH_AES_256_CBC_SHA384, TLS_ECDHE_ECDSA_WITH_AES_128_CBC_SHA256, TLS_ECDHE_RSA_WITH_AES_128_CBC_SHA256, TLS_DHE_RSA_WITH_AES_256_CBC_SHA256, TLS_DHE_DSS_WITH_AES_256_CBC_SHA256, TLS_DHE_RSA_WITH_AES_128_CBC_SHA256, TLS_DHE_DSS_WITH_AES_128_CBC_SHA256, TLS_ECDHE_ECDSA_WITH_AES_256_CBC_SHA, TLS_ECDHE_RSA_WITH_AES_256_CBC_SHA, TLS_ECDHE_ECDSA_WITH_AES_128_CBC_SHA, TLS_ECDHE_RSA_WITH_AES_128_CBC_SHA, TLS_DHE_RSA_WITH_AES_256_CBC_SHA, TLS_DHE_DSS_WITH_AES_256_CBC_SHA, TLS_DHE_RSA_WITH_AES_128_CBC_SHA, TLS_DHE_DSS_WITH_AES_128_CBC_SHA, TLS_RSA_WITH_AES_256_GCM_SHA384, TLS_RSA_WITH_AES_128_GCM_SHA256, TLS_RSA_WITH_AES_256_CBC_SHA256, TLS_RSA_WITH_AES_128_CBC_SHA256, TLS_RSA_WITH_AES_256_CBC_SHA, TLS_RSA_WITH_AES_128_CBC_SHA, TLS_EMPTY_RENEGOTIATION_INFO_SCSV]
09:53:50.199 [main] DEBUG org.apache.http.conn.ssl.SSLConnectionSocketFactory -- Starting handshake
09:53:50.232 [main] DEBUG org.apache.http.conn.ssl.SSLConnectionSocketFactory -- Secure session established
09:53:50.232 [main] DEBUG org.apache.http.conn.ssl.SSLConnectionSocketFactory --  negotiated protocol: TLSv1.3
09:53:50.232 [main] DEBUG org.apache.http.conn.ssl.SSLConnectionSocketFactory --  negotiated cipher suite: TLS_AES_128_GCM_SHA256
09:53:50.232 [main] DEBUG org.apache.http.conn.ssl.SSLConnectionSocketFactory --  peer principal: CN=dummyjson.com
09:53:50.232 [main] DEBUG org.apache.http.conn.ssl.SSLConnectionSocketFactory --  peer alternative names: [dummyjson.com]
09:53:50.232 [main] DEBUG org.apache.http.conn.ssl.SSLConnectionSocketFactory --  issuer principal: CN=R11, O=Let's Encrypt, C=US
09:53:50.233 [main] DEBUG org.apache.http.impl.conn.DefaultHttpClientConnectionOperator -- Connection established 192.168.1.4:62504<->66.33.22.3:443
09:53:50.233 [main] DEBUG org.apache.http.impl.conn.DefaultManagedHttpClientConnection -- http-outgoing-8: set socket timeout to 30000
09:53:50.233 [main] DEBUG org.apache.http.impl.execchain.MainClientExec -- Executing request GET /posts/user/5 HTTP/1.1
09:53:50.233 [main] DEBUG org.apache.http.impl.execchain.MainClientExec -- Target auth state: UNCHALLENGED
09:53:50.233 [main] DEBUG org.apache.http.impl.execchain.MainClientExec -- Proxy auth state: UNCHALLENGED
09:53:50.233 [main] DEBUG org.apache.http.headers -- http-outgoing-8 >> GET /posts/user/5 HTTP/1.1
09:53:50.233 [main] DEBUG org.apache.http.headers -- http-outgoing-8 >> Host: dummyjson.com
09:53:50.233 [main] DEBUG org.apache.http.headers -- http-outgoing-8 >> Connection: Keep-Alive
09:53:50.233 [main] DEBUG org.apache.http.headers -- http-outgoing-8 >> User-Agent: Apache-HttpClient/4.5.14 (Java/21.0.8)
09:53:50.233 [main] DEBUG org.apache.http.headers -- http-outgoing-8 >> Accept-Encoding: gzip,deflate
09:53:50.233 [main] DEBUG org.apache.http.wire -- http-outgoing-8 >> "GET /posts/user/5 HTTP/1.1[\r][\n]"
09:53:50.233 [main] DEBUG org.apache.http.wire -- http-outgoing-8 >> "Host: dummyjson.com[\r][\n]"
09:53:50.233 [main] DEBUG org.apache.http.wire -- http-outgoing-8 >> "Connection: Keep-Alive[\r][\n]"
09:53:50.233 [main] DEBUG org.apache.http.wire -- http-outgoing-8 >> "User-Agent: Apache-HttpClient/4.5.14 (Java/21.0.8)[\r][\n]"
09:53:50.233 [main] DEBUG org.apache.http.wire -- http-outgoing-8 >> "Accept-Encoding: gzip,deflate[\r][\n]"
09:53:50.233 [main] DEBUG org.apache.http.wire -- http-outgoing-8 >> "[\r][\n]"
09:53:50.255 [main] DEBUG org.apache.http.wire -- http-outgoing-8 << "HTTP/1.1 200 OK[\r][\n]"
09:53:50.255 [main] DEBUG org.apache.http.wire -- http-outgoing-8 << "Access-Control-Allow-Origin: *[\r][\n]"
09:53:50.255 [main] DEBUG org.apache.http.wire -- http-outgoing-8 << "Content-Length: 714[\r][\n]"
09:53:50.255 [main] DEBUG org.apache.http.wire -- http-outgoing-8 << "Content-Type: application/json; charset=utf-8[\r][\n]"
09:53:50.255 [main] DEBUG org.apache.http.wire -- http-outgoing-8 << "Date: Tue, 05 Aug 2025 02:53:50 GMT[\r][\n]"
09:53:50.255 [main] DEBUG org.apache.http.wire -- http-outgoing-8 << "Etag: W/"2ca-1R07BqBfmZAQg8/5xQBa2Y5ftS8"[\r][\n]"
09:53:50.255 [main] DEBUG org.apache.http.wire -- http-outgoing-8 << "Server: railway-edge[\r][\n]"
09:53:50.255 [main] DEBUG org.apache.http.wire -- http-outgoing-8 << "Strict-Transport-Security: max-age=15552000; includeSubDomains[\r][\n]"
09:53:50.255 [main] DEBUG org.apache.http.wire -- http-outgoing-8 << "Vary: Accept-Encoding[\r][\n]"
09:53:50.255 [main] DEBUG org.apache.http.wire -- http-outgoing-8 << "X-Content-Type-Options: nosniff[\r][\n]"
09:53:50.255 [main] DEBUG org.apache.http.wire -- http-outgoing-8 << "X-Dns-Prefetch-Control: off[\r][\n]"
09:53:50.255 [main] DEBUG org.apache.http.wire -- http-outgoing-8 << "X-Download-Options: noopen[\r][\n]"
09:53:50.255 [main] DEBUG org.apache.http.wire -- http-outgoing-8 << "X-Frame-Options: SAMEORIGIN[\r][\n]"
09:53:50.255 [main] DEBUG org.apache.http.wire -- http-outgoing-8 << "X-Powered-By: Cats on Keyboards[\r][\n]"
09:53:50.255 [main] DEBUG org.apache.http.wire -- http-outgoing-8 << "X-Railway-Edge: railway/asia-southeast1-eqsg3a[\r][\n]"
09:53:50.255 [main] DEBUG org.apache.http.wire -- http-outgoing-8 << "X-Railway-Request-Id: HwJyoAVoSUG00K4YDcO5xA[\r][\n]"
09:53:50.255 [main] DEBUG org.apache.http.wire -- http-outgoing-8 << "X-Ratelimit-Limit: 100[\r][\n]"
09:53:50.255 [main] DEBUG org.apache.http.wire -- http-outgoing-8 << "X-Ratelimit-Remaining: 99[\r][\n]"
09:53:50.255 [main] DEBUG org.apache.http.wire -- http-outgoing-8 << "X-Ratelimit-Reset: 1754362439[\r][\n]"
09:53:50.255 [main] DEBUG org.apache.http.wire -- http-outgoing-8 << "X-Xss-Protection: 1; mode=block[\r][\n]"
09:53:50.255 [main] DEBUG org.apache.http.wire -- http-outgoing-8 << "[\r][\n]"
09:53:50.255 [main] DEBUG org.apache.http.wire -- http-outgoing-8 << "{"posts":[{"id":61,"title":"I'm going to hire professional help tomorrow.","body":"I'm going to hire professional help tomorrow. I can't handle this anymore. She fell over the coffee table and now there is blood in her catheter. This is much more than I ever signed up to do.","tags":["fiction","classic","american"],"reactions":{"likes":1127,"dislikes":40},"views":4419,"userId":5},{"id":123,"title":"The old scholar was watching the noisy","body":"young people around him and it suddenly occurred to him that he was"
09:53:50.255 [main] DEBUG org.apache.http.headers -- http-outgoing-8 << HTTP/1.1 200 OK
09:53:50.255 [main] DEBUG org.apache.http.headers -- http-outgoing-8 << Access-Control-Allow-Origin: *
09:53:50.255 [main] DEBUG org.apache.http.headers -- http-outgoing-8 << Content-Length: 714
09:53:50.255 [main] DEBUG org.apache.http.headers -- http-outgoing-8 << Content-Type: application/json; charset=utf-8
09:53:50.255 [main] DEBUG org.apache.http.headers -- http-outgoing-8 << Date: Tue, 05 Aug 2025 02:53:50 GMT
09:53:50.255 [main] DEBUG org.apache.http.headers -- http-outgoing-8 << Etag: W/"2ca-1R07BqBfmZAQg8/5xQBa2Y5ftS8"
09:53:50.255 [main] DEBUG org.apache.http.headers -- http-outgoing-8 << Server: railway-edge
09:53:50.255 [main] DEBUG org.apache.http.headers -- http-outgoing-8 << Strict-Transport-Security: max-age=15552000; includeSubDomains
09:53:50.255 [main] DEBUG org.apache.http.headers -- http-outgoing-8 << Vary: Accept-Encoding
09:53:50.255 [main] DEBUG org.apache.http.headers -- http-outgoing-8 << X-Content-Type-Options: nosniff
09:53:50.255 [main] DEBUG org.apache.http.headers -- http-outgoing-8 << X-Dns-Prefetch-Control: off
09:53:50.255 [main] DEBUG org.apache.http.headers -- http-outgoing-8 << X-Download-Options: noopen
09:53:50.255 [main] DEBUG org.apache.http.headers -- http-outgoing-8 << X-Frame-Options: SAMEORIGIN
09:53:50.255 [main] DEBUG org.apache.http.headers -- http-outgoing-8 << X-Powered-By: Cats on Keyboards
09:53:50.255 [main] DEBUG org.apache.http.headers -- http-outgoing-8 << X-Railway-Edge: railway/asia-southeast1-eqsg3a
09:53:50.255 [main] DEBUG org.apache.http.headers -- http-outgoing-8 << X-Railway-Request-Id: HwJyoAVoSUG00K4YDcO5xA
09:53:50.255 [main] DEBUG org.apache.http.headers -- http-outgoing-8 << X-Ratelimit-Limit: 100
09:53:50.255 [main] DEBUG org.apache.http.headers -- http-outgoing-8 << X-Ratelimit-Remaining: 99
09:53:50.255 [main] DEBUG org.apache.http.headers -- http-outgoing-8 << X-Ratelimit-Reset: 1754362439
09:53:50.255 [main] DEBUG org.apache.http.headers -- http-outgoing-8 << X-Xss-Protection: 1; mode=block
09:53:50.255 [main] DEBUG org.apache.http.impl.execchain.MainClientExec -- Connection can be kept alive indefinitely
09:53:50.256 [main] DEBUG org.apache.http.wire -- http-outgoing-8 << " the only one in the whole audience who had the privilege of freedom, ","tags":["mystery","classic"],"reactions":{"likes":1350,"dislikes":12},"views":1583,"userId":5}],"total":2,"skip":0,"limit":2}"
09:53:50.256 [main] DEBUG org.apache.http.impl.conn.PoolingHttpClientConnectionManager -- Connection [id: 8][route: {s}->https://dummyjson.com:443] can be kept alive indefinitely
09:53:50.256 [main] DEBUG org.apache.http.impl.conn.DefaultManagedHttpClientConnection -- http-outgoing-8: set socket timeout to 0
09:53:50.256 [main] DEBUG org.apache.http.impl.conn.PoolingHttpClientConnectionManager -- Connection released: [id: 8][route: {s}->https://dummyjson.com:443][total available: 1; route allocated: 1 of 5; total allocated: 1 of 10]
09:53:50.256 [main] DEBUG org.apache.http.impl.conn.PoolingHttpClientConnectionManager -- Connection manager is shutting down
09:53:50.256 [main] DEBUG org.apache.http.impl.conn.DefaultManagedHttpClientConnection -- http-outgoing-8: Close connection
09:53:50.257 [main] DEBUG org.apache.http.impl.conn.PoolingHttpClientConnectionManager -- Connection manager shut down
09:53:50.258 [main] DEBUG com.intuit.karate -- response time in milliseconds: 79
1 < 200
1 < Access-Control-Allow-Origin: *
1 < Content-Length: 714
1 < Content-Type: application/json; charset=utf-8
1 < Date: Tue, 05 Aug 2025 02:53:50 GMT
1 < Etag: W/"2ca-1R07BqBfmZAQg8/5xQBa2Y5ftS8"
1 < Server: railway-edge
1 < Strict-Transport-Security: max-age=15552000; includeSubDomains
1 < Vary: Accept-Encoding
1 < X-Content-Type-Options: nosniff
1 < X-Dns-Prefetch-Control: off
1 < X-Download-Options: noopen
1 < X-Frame-Options: SAMEORIGIN
1 < X-Powered-By: Cats on Keyboards
1 < X-Railway-Edge: railway/asia-southeast1-eqsg3a
1 < X-Railway-Request-Id: HwJyoAVoSUG00K4YDcO5xA
1 < X-Ratelimit-Limit: 100
1 < X-Ratelimit-Remaining: 99
1 < X-Ratelimit-Reset: 1754362439
1 < X-Xss-Protection: 1; mode=block
{
  "posts": [
    {
      "id": 61,
      "title": "I'm going to hire professional help tomorrow.",
      "body": "I'm going to hire professional help tomorrow. I can't handle this anymore. She fell over the coffee table and now there is blood in her catheter. This is much more than I ever signed up to do.",
      "tags": [
        "fiction",
        "classic",
        "american"
      ],
      "reactions": {
        "likes": 1127,
        "dislikes": 40
      },
      "views": 4419,
      "userId": 5
    },
    {
      "id": 123,
      "title": "The old scholar was watching the noisy",
      "body": "young people around him and it suddenly occurred to him that he was the only one in the whole audience who had the privilege of freedom, ",
      "tags": [
        "mystery",
        "classic"
      ],
      "reactions": {
        "likes": 1350,
        "dislikes": 12
      },
      "views": 1583,
      "userId": 5
    }
  ],
  "total": 2,
  "skip": 0,
  "limit": 2
}


09:53:50.262 [main] DEBUG com.jayway.jsonpath.internal.path.CompiledPath -- Evaluating path: $['total']
09:53:50.263 [main] DEBUG com.jayway.jsonpath.internal.path.CompiledPath -- Evaluating path: $['posts'][*]['userId']
09:53:50.265 [main] INFO com.intuit.karate -- [print] {
  "posts": [
    {
      "id": 61,
      "title": "I'm going to hire professional help tomorrow.",
      "body": "I'm going to hire professional help tomorrow. I can't handle this anymore. She fell over the coffee table and now there is blood in her catheter. This is much more than I ever signed up to do.",
      "tags": [
        "fiction",
        "classic",
        "american"
      ],
      "reactions": {
        "likes": 1127,
        "dislikes": 40
      },
      "views": 4419,
      "userId": 5
    },
    {
      "id": 123,
      "title": "The old scholar was watching the noisy",
      "body": "young people around him and it suddenly occurred to him that he was the only one in the whole audience who had the privilege of freedom, ",
      "tags": [
        "mystery",
        "classic"
      ],
      "reactions": {
        "likes": 1350,
        "dislikes": 12
      },
      "views": 1583,
      "userId": 5
    }
  ],
  "total": 2,
  "skip": 0,
  "limit": 2
}
 
]]></system-out>
  </testcase>
  <testcase name="[10:106] Get Post Comments by Post ID" classname="dummyjson/Posts" time="0.13">
    <system-out><![CDATA[09:53:50.279 [main] DEBUG org.apache.http.client.protocol.RequestAddCookies -- CookieSpec selected: karate
09:53:50.279 [main] DEBUG org.apache.http.client.protocol.RequestAuthCache -- Auth cache not set in the context
09:53:50.279 [main] DEBUG com.intuit.karate -- request:
1 > GET https://dummyjson.com/posts/1/comments
1 > Host: dummyjson.com
1 > Connection: Keep-Alive
1 > User-Agent: Apache-HttpClient/4.5.14 (Java/21.0.8)
1 > Accept-Encoding: gzip,deflate


09:53:50.279 [main] DEBUG org.apache.http.impl.conn.PoolingHttpClientConnectionManager -- Connection request: [route: {s}->https://dummyjson.com:443][total available: 0; route allocated: 0 of 5; total allocated: 0 of 10]
09:53:50.279 [main] DEBUG org.apache.http.impl.conn.PoolingHttpClientConnectionManager -- Connection leased: [id: 9][route: {s}->https://dummyjson.com:443][total available: 0; route allocated: 1 of 5; total allocated: 1 of 10]
09:53:50.279 [main] DEBUG org.apache.http.impl.execchain.MainClientExec -- Opening connection {s}->https://dummyjson.com:443
09:53:50.279 [main] DEBUG org.apache.http.impl.conn.DefaultHttpClientConnectionOperator -- Connecting to dummyjson.com/66.33.22.3:443
09:53:50.279 [main] DEBUG org.apache.http.conn.ssl.SSLConnectionSocketFactory -- Connecting socket to dummyjson.com/66.33.22.3:443 with timeout 30000
09:53:50.312 [main] DEBUG org.apache.http.conn.ssl.SSLConnectionSocketFactory -- Enabled protocols: [TLSv1.3, TLSv1.2]
09:53:50.313 [main] DEBUG org.apache.http.conn.ssl.SSLConnectionSocketFactory -- Enabled cipher suites:[TLS_AES_256_GCM_SHA384, TLS_AES_128_GCM_SHA256, TLS_CHACHA20_POLY1305_SHA256, TLS_ECDHE_ECDSA_WITH_AES_256_GCM_SHA384, TLS_ECDHE_ECDSA_WITH_AES_128_GCM_SHA256, TLS_ECDHE_ECDSA_WITH_CHACHA20_POLY1305_SHA256, TLS_ECDHE_RSA_WITH_AES_256_GCM_SHA384, TLS_ECDHE_RSA_WITH_CHACHA20_POLY1305_SHA256, TLS_ECDHE_RSA_WITH_AES_128_GCM_SHA256, TLS_DHE_RSA_WITH_AES_256_GCM_SHA384, TLS_DHE_RSA_WITH_CHACHA20_POLY1305_SHA256, TLS_DHE_DSS_WITH_AES_256_GCM_SHA384, TLS_DHE_RSA_WITH_AES_128_GCM_SHA256, TLS_DHE_DSS_WITH_AES_128_GCM_SHA256, TLS_ECDHE_ECDSA_WITH_AES_256_CBC_SHA384, TLS_ECDHE_RSA_WITH_AES_256_CBC_SHA384, TLS_ECDHE_ECDSA_WITH_AES_128_CBC_SHA256, TLS_ECDHE_RSA_WITH_AES_128_CBC_SHA256, TLS_DHE_RSA_WITH_AES_256_CBC_SHA256, TLS_DHE_DSS_WITH_AES_256_CBC_SHA256, TLS_DHE_RSA_WITH_AES_128_CBC_SHA256, TLS_DHE_DSS_WITH_AES_128_CBC_SHA256, TLS_ECDHE_ECDSA_WITH_AES_256_CBC_SHA, TLS_ECDHE_RSA_WITH_AES_256_CBC_SHA, TLS_ECDHE_ECDSA_WITH_AES_128_CBC_SHA, TLS_ECDHE_RSA_WITH_AES_128_CBC_SHA, TLS_DHE_RSA_WITH_AES_256_CBC_SHA, TLS_DHE_DSS_WITH_AES_256_CBC_SHA, TLS_DHE_RSA_WITH_AES_128_CBC_SHA, TLS_DHE_DSS_WITH_AES_128_CBC_SHA, TLS_RSA_WITH_AES_256_GCM_SHA384, TLS_RSA_WITH_AES_128_GCM_SHA256, TLS_RSA_WITH_AES_256_CBC_SHA256, TLS_RSA_WITH_AES_128_CBC_SHA256, TLS_RSA_WITH_AES_256_CBC_SHA, TLS_RSA_WITH_AES_128_CBC_SHA, TLS_EMPTY_RENEGOTIATION_INFO_SCSV]
09:53:50.313 [main] DEBUG org.apache.http.conn.ssl.SSLConnectionSocketFactory -- Starting handshake
09:53:50.349 [main] DEBUG org.apache.http.conn.ssl.SSLConnectionSocketFactory -- Secure session established
09:53:50.349 [main] DEBUG org.apache.http.conn.ssl.SSLConnectionSocketFactory --  negotiated protocol: TLSv1.3
09:53:50.349 [main] DEBUG org.apache.http.conn.ssl.SSLConnectionSocketFactory --  negotiated cipher suite: TLS_AES_128_GCM_SHA256
09:53:50.349 [main] DEBUG org.apache.http.conn.ssl.SSLConnectionSocketFactory --  peer principal: CN=dummyjson.com
09:53:50.349 [main] DEBUG org.apache.http.conn.ssl.SSLConnectionSocketFactory --  peer alternative names: [dummyjson.com]
09:53:50.349 [main] DEBUG org.apache.http.conn.ssl.SSLConnectionSocketFactory --  issuer principal: CN=R11, O=Let's Encrypt, C=US
09:53:50.349 [main] DEBUG org.apache.http.impl.conn.DefaultHttpClientConnectionOperator -- Connection established 192.168.1.4:62505<->66.33.22.3:443
09:53:50.349 [main] DEBUG org.apache.http.impl.conn.DefaultManagedHttpClientConnection -- http-outgoing-9: set socket timeout to 30000
09:53:50.349 [main] DEBUG org.apache.http.impl.execchain.MainClientExec -- Executing request GET /posts/1/comments HTTP/1.1
09:53:50.349 [main] DEBUG org.apache.http.impl.execchain.MainClientExec -- Target auth state: UNCHALLENGED
09:53:50.349 [main] DEBUG org.apache.http.impl.execchain.MainClientExec -- Proxy auth state: UNCHALLENGED
09:53:50.349 [main] DEBUG org.apache.http.headers -- http-outgoing-9 >> GET /posts/1/comments HTTP/1.1
09:53:50.349 [main] DEBUG org.apache.http.headers -- http-outgoing-9 >> Host: dummyjson.com
09:53:50.349 [main] DEBUG org.apache.http.headers -- http-outgoing-9 >> Connection: Keep-Alive
09:53:50.349 [main] DEBUG org.apache.http.headers -- http-outgoing-9 >> User-Agent: Apache-HttpClient/4.5.14 (Java/21.0.8)
09:53:50.349 [main] DEBUG org.apache.http.headers -- http-outgoing-9 >> Accept-Encoding: gzip,deflate
09:53:50.349 [main] DEBUG org.apache.http.wire -- http-outgoing-9 >> "GET /posts/1/comments HTTP/1.1[\r][\n]"
09:53:50.349 [main] DEBUG org.apache.http.wire -- http-outgoing-9 >> "Host: dummyjson.com[\r][\n]"
09:53:50.349 [main] DEBUG org.apache.http.wire -- http-outgoing-9 >> "Connection: Keep-Alive[\r][\n]"
09:53:50.349 [main] DEBUG org.apache.http.wire -- http-outgoing-9 >> "User-Agent: Apache-HttpClient/4.5.14 (Java/21.0.8)[\r][\n]"
09:53:50.349 [main] DEBUG org.apache.http.wire -- http-outgoing-9 >> "Accept-Encoding: gzip,deflate[\r][\n]"
09:53:50.349 [main] DEBUG org.apache.http.wire -- http-outgoing-9 >> "[\r][\n]"
09:53:50.390 [main] DEBUG org.apache.http.wire -- http-outgoing-9 << "HTTP/1.1 200 OK[\r][\n]"
09:53:50.390 [main] DEBUG org.apache.http.wire -- http-outgoing-9 << "Access-Control-Allow-Origin: *[\r][\n]"
09:53:50.390 [main] DEBUG org.apache.http.wire -- http-outgoing-9 << "Content-Length: 446[\r][\n]"
09:53:50.390 [main] DEBUG org.apache.http.wire -- http-outgoing-9 << "Content-Type: application/json; charset=utf-8[\r][\n]"
09:53:50.390 [main] DEBUG org.apache.http.wire -- http-outgoing-9 << "Date: Tue, 05 Aug 2025 02:53:50 GMT[\r][\n]"
09:53:50.390 [main] DEBUG org.apache.http.wire -- http-outgoing-9 << "Etag: W/"1be-kbZNgaVKQDTrR3CLtI9IPiFButs"[\r][\n]"
09:53:50.390 [main] DEBUG org.apache.http.wire -- http-outgoing-9 << "Server: railway-edge[\r][\n]"
09:53:50.390 [main] DEBUG org.apache.http.wire -- http-outgoing-9 << "Strict-Transport-Security: max-age=15552000; includeSubDomains[\r][\n]"
09:53:50.390 [main] DEBUG org.apache.http.wire -- http-outgoing-9 << "Vary: Accept-Encoding[\r][\n]"
09:53:50.390 [main] DEBUG org.apache.http.wire -- http-outgoing-9 << "X-Content-Type-Options: nosniff[\r][\n]"
09:53:50.390 [main] DEBUG org.apache.http.wire -- http-outgoing-9 << "X-Dns-Prefetch-Control: off[\r][\n]"
09:53:50.390 [main] DEBUG org.apache.http.wire -- http-outgoing-9 << "X-Download-Options: noopen[\r][\n]"
09:53:50.390 [main] DEBUG org.apache.http.wire -- http-outgoing-9 << "X-Frame-Options: SAMEORIGIN[\r][\n]"
09:53:50.390 [main] DEBUG org.apache.http.wire -- http-outgoing-9 << "X-Powered-By: Cats on Keyboards[\r][\n]"
09:53:50.390 [main] DEBUG org.apache.http.wire -- http-outgoing-9 << "X-Railway-Edge: railway/asia-southeast1-eqsg3a[\r][\n]"
09:53:50.390 [main] DEBUG org.apache.http.wire -- http-outgoing-9 << "X-Railway-Request-Id: mwIMvwXyRj-BK5XCacI7Nw[\r][\n]"
09:53:50.390 [main] DEBUG org.apache.http.wire -- http-outgoing-9 << "X-Ratelimit-Limit: 100[\r][\n]"
09:53:50.390 [main] DEBUG org.apache.http.wire -- http-outgoing-9 << "X-Ratelimit-Remaining: 97[\r][\n]"
09:53:50.390 [main] DEBUG org.apache.http.wire -- http-outgoing-9 << "X-Ratelimit-Reset: 1754362437[\r][\n]"
09:53:50.390 [main] DEBUG org.apache.http.wire -- http-outgoing-9 << "X-Xss-Protection: 1; mode=block[\r][\n]"
09:53:50.390 [main] DEBUG org.apache.http.wire -- http-outgoing-9 << "[\r][\n]"
09:53:50.390 [main] DEBUG org.apache.http.wire -- http-outgoing-9 << "{"comments":[{"id":93,"body":"These are fabulous ideas!","postId":1,"likes":7,"user":{"id":190,"username":"leahw","fullName":"Leah Gutierrez"}},{"id":107,"body":"You are a symbol of beauty.","postId":1,"likes":7,"user":{"id":131,"username":"jacksonm","fullName":"Jackson Morales"}},{"id":209,"body":"Your eyes are like stars.","postId":1,"likes":10,"user":{"id":95,"username":"miless","fullName":"Miles Stevenson"}}],"total":3,"skip":0,"limit":3}"
09:53:50.391 [main] DEBUG org.apache.http.headers -- http-outgoing-9 << HTTP/1.1 200 OK
09:53:50.391 [main] DEBUG org.apache.http.headers -- http-outgoing-9 << Access-Control-Allow-Origin: *
09:53:50.391 [main] DEBUG org.apache.http.headers -- http-outgoing-9 << Content-Length: 446
09:53:50.391 [main] DEBUG org.apache.http.headers -- http-outgoing-9 << Content-Type: application/json; charset=utf-8
09:53:50.391 [main] DEBUG org.apache.http.headers -- http-outgoing-9 << Date: Tue, 05 Aug 2025 02:53:50 GMT
09:53:50.391 [main] DEBUG org.apache.http.headers -- http-outgoing-9 << Etag: W/"1be-kbZNgaVKQDTrR3CLtI9IPiFButs"
09:53:50.391 [main] DEBUG org.apache.http.headers -- http-outgoing-9 << Server: railway-edge
09:53:50.391 [main] DEBUG org.apache.http.headers -- http-outgoing-9 << Strict-Transport-Security: max-age=15552000; includeSubDomains
09:53:50.391 [main] DEBUG org.apache.http.headers -- http-outgoing-9 << Vary: Accept-Encoding
09:53:50.391 [main] DEBUG org.apache.http.headers -- http-outgoing-9 << X-Content-Type-Options: nosniff
09:53:50.391 [main] DEBUG org.apache.http.headers -- http-outgoing-9 << X-Dns-Prefetch-Control: off
09:53:50.391 [main] DEBUG org.apache.http.headers -- http-outgoing-9 << X-Download-Options: noopen
09:53:50.391 [main] DEBUG org.apache.http.headers -- http-outgoing-9 << X-Frame-Options: SAMEORIGIN
09:53:50.391 [main] DEBUG org.apache.http.headers -- http-outgoing-9 << X-Powered-By: Cats on Keyboards
09:53:50.391 [main] DEBUG org.apache.http.headers -- http-outgoing-9 << X-Railway-Edge: railway/asia-southeast1-eqsg3a
09:53:50.391 [main] DEBUG org.apache.http.headers -- http-outgoing-9 << X-Railway-Request-Id: mwIMvwXyRj-BK5XCacI7Nw
09:53:50.391 [main] DEBUG org.apache.http.headers -- http-outgoing-9 << X-Ratelimit-Limit: 100
09:53:50.391 [main] DEBUG org.apache.http.headers -- http-outgoing-9 << X-Ratelimit-Remaining: 97
09:53:50.391 [main] DEBUG org.apache.http.headers -- http-outgoing-9 << X-Ratelimit-Reset: 1754362437
09:53:50.391 [main] DEBUG org.apache.http.headers -- http-outgoing-9 << X-Xss-Protection: 1; mode=block
09:53:50.391 [main] DEBUG org.apache.http.impl.execchain.MainClientExec -- Connection can be kept alive indefinitely
09:53:50.391 [main] DEBUG org.apache.http.impl.conn.PoolingHttpClientConnectionManager -- Connection [id: 9][route: {s}->https://dummyjson.com:443] can be kept alive indefinitely
09:53:50.391 [main] DEBUG org.apache.http.impl.conn.DefaultManagedHttpClientConnection -- http-outgoing-9: set socket timeout to 0
09:53:50.391 [main] DEBUG org.apache.http.impl.conn.PoolingHttpClientConnectionManager -- Connection released: [id: 9][route: {s}->https://dummyjson.com:443][total available: 1; route allocated: 1 of 5; total allocated: 1 of 10]
09:53:50.391 [main] DEBUG org.apache.http.impl.conn.PoolingHttpClientConnectionManager -- Connection manager is shutting down
09:53:50.391 [main] DEBUG org.apache.http.impl.conn.DefaultManagedHttpClientConnection -- http-outgoing-9: Close connection
09:53:50.392 [main] DEBUG org.apache.http.impl.conn.PoolingHttpClientConnectionManager -- Connection manager shut down
09:53:50.393 [main] DEBUG com.intuit.karate -- response time in milliseconds: 112
1 < 200
1 < Access-Control-Allow-Origin: *
1 < Content-Length: 446
1 < Content-Type: application/json; charset=utf-8
1 < Date: Tue, 05 Aug 2025 02:53:50 GMT
1 < Etag: W/"1be-kbZNgaVKQDTrR3CLtI9IPiFButs"
1 < Server: railway-edge
1 < Strict-Transport-Security: max-age=15552000; includeSubDomains
1 < Vary: Accept-Encoding
1 < X-Content-Type-Options: nosniff
1 < X-Dns-Prefetch-Control: off
1 < X-Download-Options: noopen
1 < X-Frame-Options: SAMEORIGIN
1 < X-Powered-By: Cats on Keyboards
1 < X-Railway-Edge: railway/asia-southeast1-eqsg3a
1 < X-Railway-Request-Id: mwIMvwXyRj-BK5XCacI7Nw
1 < X-Ratelimit-Limit: 100
1 < X-Ratelimit-Remaining: 97
1 < X-Ratelimit-Reset: 1754362437
1 < X-Xss-Protection: 1; mode=block
{
  "comments": [
    {
      "id": 93,
      "body": "These are fabulous ideas!",
      "postId": 1,
      "likes": 7,
      "user": {
        "id": 190,
        "username": "leahw",
        "fullName": "Leah Gutierrez"
      }
    },
    {
      "id": 107,
      "body": "You are a symbol of beauty.",
      "postId": 1,
      "likes": 7,
      "user": {
        "id": 131,
        "username": "jacksonm",
        "fullName": "Jackson Morales"
      }
    },
    {
      "id": 209,
      "body": "Your eyes are like stars.",
      "postId": 1,
      "likes": 10,
      "user": {
        "id": 95,
        "username": "miless",
        "fullName": "Miles Stevenson"
      }
    }
  ],
  "total": 3,
  "skip": 0,
  "limit": 3
}


09:53:50.394 [main] DEBUG com.jayway.jsonpath.internal.path.CompiledPath -- Evaluating path: $['total']
09:53:50.395 [main] DEBUG com.jayway.jsonpath.internal.path.CompiledPath -- Evaluating path: $['comments']
09:53:50.396 [main] DEBUG com.jayway.jsonpath.internal.path.CompiledPath -- Evaluating path: $['comments']
09:53:50.396 [main] DEBUG com.jayway.jsonpath.internal.path.CompiledPath -- Evaluating path: $
09:53:50.396 [main] INFO com.intuit.karate -- [print] {
  "comments": [
    {
      "id": 93,
      "body": "These are fabulous ideas!",
      "postId": 1,
      "likes": 7,
      "user": {
        "id": 190,
        "username": "leahw",
        "fullName": "Leah Gutierrez"
      }
    },
    {
      "id": 107,
      "body": "You are a symbol of beauty.",
      "postId": 1,
      "likes": 7,
      "user": {
        "id": 131,
        "username": "jacksonm",
        "fullName": "Jackson Morales"
      }
    },
    {
      "id": 209,
      "body": "Your eyes are like stars.",
      "postId": 1,
      "likes": 10,
      "user": {
        "id": 95,
        "username": "miless",
        "fullName": "Miles Stevenson"
      }
    }
  ],
  "total": 3,
  "skip": 0,
  "limit": 3
}
 
]]></system-out>
  </testcase>
  <testcase name="[11:125] Add New Post" classname="dummyjson/Posts" time="0.109">
    <system-out><![CDATA[09:53:50.403 [main] DEBUG com.jayway.jsonpath.internal.path.CompiledPath -- Evaluating path: $
09:53:50.420 [main] DEBUG io.netty.util.internal.logging.InternalLoggerFactory -- Using SLF4J as the default logging framework
09:53:50.421 [main] DEBUG io.netty.util.internal.PlatformDependent0 -- -Dio.netty.noUnsafe: false
09:53:50.421 [main] DEBUG io.netty.util.internal.PlatformDependent0 -- Java version: 21
09:53:50.421 [main] DEBUG io.netty.util.internal.PlatformDependent0 -- sun.misc.Unsafe.theUnsafe: available
09:53:50.422 [main] DEBUG io.netty.util.internal.PlatformDependent0 -- sun.misc.Unsafe.copyMemory: available
09:53:50.422 [main] DEBUG io.netty.util.internal.PlatformDependent0 -- sun.misc.Unsafe.storeFence: available
09:53:50.422 [main] DEBUG io.netty.util.internal.PlatformDependent0 -- java.nio.Buffer.address: available
09:53:50.422 [main] DEBUG io.netty.util.internal.PlatformDependent0 -- direct buffer constructor: unavailable: Reflective setAccessible(true) disabled
09:53:50.423 [main] DEBUG io.netty.util.internal.PlatformDependent0 -- java.nio.Bits.unaligned: available, true
09:53:50.423 [main] DEBUG io.netty.util.internal.PlatformDependent0 -- jdk.internal.misc.Unsafe.allocateUninitializedArray(int): unavailable: class io.netty.util.internal.PlatformDependent0$7 cannot access class jdk.internal.misc.Unsafe (in module java.base) because module java.base does not export jdk.internal.misc to unnamed module @1a3869f4
09:53:50.424 [main] DEBUG io.netty.util.internal.PlatformDependent0 -- java.nio.DirectByteBuffer.<init>(long, {int,long}): unavailable
09:53:50.424 [main] DEBUG io.netty.util.internal.PlatformDependent -- sun.misc.Unsafe: available
09:53:50.425 [main] DEBUG io.netty.util.internal.PlatformDependent -- maxDirectMemory: 2147483648 bytes (maybe)
09:53:50.425 [main] DEBUG io.netty.util.internal.PlatformDependent -- -Dio.netty.tmpdir: /var/folders/9n/qdd87m_d27v106zr8rs1f1b00000gn/T (java.io.tmpdir)
09:53:50.425 [main] DEBUG io.netty.util.internal.PlatformDependent -- -Dio.netty.bitMode: 64 (sun.arch.data.model)
09:53:50.425 [main] DEBUG io.netty.util.internal.PlatformDependent -- Platform: MacOS
09:53:50.426 [main] DEBUG io.netty.util.internal.PlatformDependent -- -Dio.netty.maxDirectMemory: -1 bytes
09:53:50.426 [main] DEBUG io.netty.util.internal.PlatformDependent -- -Dio.netty.uninitializedArrayAllocationThreshold: -1
09:53:50.426 [main] DEBUG io.netty.util.internal.CleanerJava9 -- java.nio.ByteBuffer.cleaner(): available
09:53:50.426 [main] DEBUG io.netty.util.internal.PlatformDependent -- -Dio.netty.noPreferDirect: false
09:53:50.430 [main] DEBUG org.apache.http.client.protocol.RequestAddCookies -- CookieSpec selected: karate
09:53:50.430 [main] DEBUG org.apache.http.client.protocol.RequestAuthCache -- Auth cache not set in the context
09:53:50.430 [main] DEBUG com.intuit.karate -- request:
1 > POST https://dummyjson.com/posts/add
1 > Content-Type: application/json; charset=UTF-8
1 > Content-Length: 49
1 > Host: dummyjson.com
1 > Connection: Keep-Alive
1 > User-Agent: Apache-HttpClient/4.5.14 (Java/21.0.8)
1 > Accept-Encoding: gzip,deflate
{
  "title": "I am in love with someone.",
  "userId": 5
}


09:53:50.430 [main] DEBUG org.apache.http.impl.conn.PoolingHttpClientConnectionManager -- Connection request: [route: {s}->https://dummyjson.com:443][total available: 0; route allocated: 0 of 5; total allocated: 0 of 10]
09:53:50.430 [main] DEBUG org.apache.http.impl.conn.PoolingHttpClientConnectionManager -- Connection leased: [id: 10][route: {s}->https://dummyjson.com:443][total available: 0; route allocated: 1 of 5; total allocated: 1 of 10]
09:53:50.430 [main] DEBUG org.apache.http.impl.execchain.MainClientExec -- Opening connection {s}->https://dummyjson.com:443
09:53:50.430 [main] DEBUG org.apache.http.impl.conn.DefaultHttpClientConnectionOperator -- Connecting to dummyjson.com/66.33.22.3:443
09:53:50.430 [main] DEBUG org.apache.http.conn.ssl.SSLConnectionSocketFactory -- Connecting socket to dummyjson.com/66.33.22.3:443 with timeout 30000
09:53:50.452 [main] DEBUG org.apache.http.conn.ssl.SSLConnectionSocketFactory -- Enabled protocols: [TLSv1.3, TLSv1.2]
09:53:50.452 [main] DEBUG org.apache.http.conn.ssl.SSLConnectionSocketFactory -- Enabled cipher suites:[TLS_AES_256_GCM_SHA384, TLS_AES_128_GCM_SHA256, TLS_CHACHA20_POLY1305_SHA256, TLS_ECDHE_ECDSA_WITH_AES_256_GCM_SHA384, TLS_ECDHE_ECDSA_WITH_AES_128_GCM_SHA256, TLS_ECDHE_ECDSA_WITH_CHACHA20_POLY1305_SHA256, TLS_ECDHE_RSA_WITH_AES_256_GCM_SHA384, TLS_ECDHE_RSA_WITH_CHACHA20_POLY1305_SHA256, TLS_ECDHE_RSA_WITH_AES_128_GCM_SHA256, TLS_DHE_RSA_WITH_AES_256_GCM_SHA384, TLS_DHE_RSA_WITH_CHACHA20_POLY1305_SHA256, TLS_DHE_DSS_WITH_AES_256_GCM_SHA384, TLS_DHE_RSA_WITH_AES_128_GCM_SHA256, TLS_DHE_DSS_WITH_AES_128_GCM_SHA256, TLS_ECDHE_ECDSA_WITH_AES_256_CBC_SHA384, TLS_ECDHE_RSA_WITH_AES_256_CBC_SHA384, TLS_ECDHE_ECDSA_WITH_AES_128_CBC_SHA256, TLS_ECDHE_RSA_WITH_AES_128_CBC_SHA256, TLS_DHE_RSA_WITH_AES_256_CBC_SHA256, TLS_DHE_DSS_WITH_AES_256_CBC_SHA256, TLS_DHE_RSA_WITH_AES_128_CBC_SHA256, TLS_DHE_DSS_WITH_AES_128_CBC_SHA256, TLS_ECDHE_ECDSA_WITH_AES_256_CBC_SHA, TLS_ECDHE_RSA_WITH_AES_256_CBC_SHA, TLS_ECDHE_ECDSA_WITH_AES_128_CBC_SHA, TLS_ECDHE_RSA_WITH_AES_128_CBC_SHA, TLS_DHE_RSA_WITH_AES_256_CBC_SHA, TLS_DHE_DSS_WITH_AES_256_CBC_SHA, TLS_DHE_RSA_WITH_AES_128_CBC_SHA, TLS_DHE_DSS_WITH_AES_128_CBC_SHA, TLS_RSA_WITH_AES_256_GCM_SHA384, TLS_RSA_WITH_AES_128_GCM_SHA256, TLS_RSA_WITH_AES_256_CBC_SHA256, TLS_RSA_WITH_AES_128_CBC_SHA256, TLS_RSA_WITH_AES_256_CBC_SHA, TLS_RSA_WITH_AES_128_CBC_SHA, TLS_EMPTY_RENEGOTIATION_INFO_SCSV]
09:53:50.452 [main] DEBUG org.apache.http.conn.ssl.SSLConnectionSocketFactory -- Starting handshake
09:53:50.479 [main] DEBUG org.apache.http.conn.ssl.SSLConnectionSocketFactory -- Secure session established
09:53:50.479 [main] DEBUG org.apache.http.conn.ssl.SSLConnectionSocketFactory --  negotiated protocol: TLSv1.3
09:53:50.479 [main] DEBUG org.apache.http.conn.ssl.SSLConnectionSocketFactory --  negotiated cipher suite: TLS_AES_128_GCM_SHA256
09:53:50.479 [main] DEBUG org.apache.http.conn.ssl.SSLConnectionSocketFactory --  peer principal: CN=dummyjson.com
09:53:50.479 [main] DEBUG org.apache.http.conn.ssl.SSLConnectionSocketFactory --  peer alternative names: [dummyjson.com]
09:53:50.479 [main] DEBUG org.apache.http.conn.ssl.SSLConnectionSocketFactory --  issuer principal: CN=R11, O=Let's Encrypt, C=US
09:53:50.479 [main] DEBUG org.apache.http.impl.conn.DefaultHttpClientConnectionOperator -- Connection established 192.168.1.4:62506<->66.33.22.3:443
09:53:50.479 [main] DEBUG org.apache.http.impl.conn.DefaultManagedHttpClientConnection -- http-outgoing-10: set socket timeout to 30000
09:53:50.479 [main] DEBUG org.apache.http.impl.execchain.MainClientExec -- Executing request POST /posts/add HTTP/1.1
09:53:50.479 [main] DEBUG org.apache.http.impl.execchain.MainClientExec -- Target auth state: UNCHALLENGED
09:53:50.479 [main] DEBUG org.apache.http.impl.execchain.MainClientExec -- Proxy auth state: UNCHALLENGED
09:53:50.479 [main] DEBUG org.apache.http.headers -- http-outgoing-10 >> POST /posts/add HTTP/1.1
09:53:50.479 [main] DEBUG org.apache.http.headers -- http-outgoing-10 >> Content-Type: application/json; charset=UTF-8
09:53:50.479 [main] DEBUG org.apache.http.headers -- http-outgoing-10 >> Content-Length: 49
09:53:50.479 [main] DEBUG org.apache.http.headers -- http-outgoing-10 >> Host: dummyjson.com
09:53:50.479 [main] DEBUG org.apache.http.headers -- http-outgoing-10 >> Connection: Keep-Alive
09:53:50.479 [main] DEBUG org.apache.http.headers -- http-outgoing-10 >> User-Agent: Apache-HttpClient/4.5.14 (Java/21.0.8)
09:53:50.479 [main] DEBUG org.apache.http.headers -- http-outgoing-10 >> Accept-Encoding: gzip,deflate
09:53:50.479 [main] DEBUG org.apache.http.wire -- http-outgoing-10 >> "POST /posts/add HTTP/1.1[\r][\n]"
09:53:50.479 [main] DEBUG org.apache.http.wire -- http-outgoing-10 >> "Content-Type: application/json; charset=UTF-8[\r][\n]"
09:53:50.479 [main] DEBUG org.apache.http.wire -- http-outgoing-10 >> "Content-Length: 49[\r][\n]"
09:53:50.479 [main] DEBUG org.apache.http.wire -- http-outgoing-10 >> "Host: dummyjson.com[\r][\n]"
09:53:50.479 [main] DEBUG org.apache.http.wire -- http-outgoing-10 >> "Connection: Keep-Alive[\r][\n]"
09:53:50.479 [main] DEBUG org.apache.http.wire -- http-outgoing-10 >> "User-Agent: Apache-HttpClient/4.5.14 (Java/21.0.8)[\r][\n]"
09:53:50.479 [main] DEBUG org.apache.http.wire -- http-outgoing-10 >> "Accept-Encoding: gzip,deflate[\r][\n]"
09:53:50.479 [main] DEBUG org.apache.http.wire -- http-outgoing-10 >> "[\r][\n]"
09:53:50.479 [main] DEBUG org.apache.http.wire -- http-outgoing-10 >> "{"title":"I am in love with someone.","userId":5}"
09:53:50.503 [main] DEBUG org.apache.http.wire -- http-outgoing-10 << "HTTP/1.1 201 Created[\r][\n]"
09:53:50.503 [main] DEBUG org.apache.http.wire -- http-outgoing-10 << "Access-Control-Allow-Origin: *[\r][\n]"
09:53:50.503 [main] DEBUG org.apache.http.wire -- http-outgoing-10 << "Content-Length: 58[\r][\n]"
09:53:50.503 [main] DEBUG org.apache.http.wire -- http-outgoing-10 << "Content-Type: application/json; charset=utf-8[\r][\n]"
09:53:50.503 [main] DEBUG org.apache.http.wire -- http-outgoing-10 << "Date: Tue, 05 Aug 2025 02:53:50 GMT[\r][\n]"
09:53:50.503 [main] DEBUG org.apache.http.wire -- http-outgoing-10 << "Etag: W/"3a-ynYxYrgTH8Z/k85tPVK5nMYk+xY"[\r][\n]"
09:53:50.503 [main] DEBUG org.apache.http.wire -- http-outgoing-10 << "Server: railway-edge[\r][\n]"
09:53:50.503 [main] DEBUG org.apache.http.wire -- http-outgoing-10 << "Strict-Transport-Security: max-age=15552000; includeSubDomains[\r][\n]"
09:53:50.503 [main] DEBUG org.apache.http.wire -- http-outgoing-10 << "Vary: Accept-Encoding[\r][\n]"
09:53:50.503 [main] DEBUG org.apache.http.wire -- http-outgoing-10 << "X-Content-Type-Options: nosniff[\r][\n]"
09:53:50.503 [main] DEBUG org.apache.http.wire -- http-outgoing-10 << "X-Dns-Prefetch-Control: off[\r][\n]"
09:53:50.503 [main] DEBUG org.apache.http.wire -- http-outgoing-10 << "X-Download-Options: noopen[\r][\n]"
09:53:50.503 [main] DEBUG org.apache.http.wire -- http-outgoing-10 << "X-Frame-Options: SAMEORIGIN[\r][\n]"
09:53:50.503 [main] DEBUG org.apache.http.wire -- http-outgoing-10 << "X-Powered-By: Cats on Keyboards[\r][\n]"
09:53:50.503 [main] DEBUG org.apache.http.wire -- http-outgoing-10 << "X-Railway-Edge: railway/asia-southeast1-eqsg3a[\r][\n]"
09:53:50.503 [main] DEBUG org.apache.http.wire -- http-outgoing-10 << "X-Railway-Request-Id: TD5MbD-dRJCFN3FNAQeqjw[\r][\n]"
09:53:50.503 [main] DEBUG org.apache.http.wire -- http-outgoing-10 << "X-Ratelimit-Limit: 100[\r][\n]"
09:53:50.503 [main] DEBUG org.apache.http.wire -- http-outgoing-10 << "X-Ratelimit-Remaining: 93[\r][\n]"
09:53:50.503 [main] DEBUG org.apache.http.wire -- http-outgoing-10 << "X-Ratelimit-Reset: 1754362440[\r][\n]"
09:53:50.503 [main] DEBUG org.apache.http.wire -- http-outgoing-10 << "X-Xss-Protection: 1; mode=block[\r][\n]"
09:53:50.503 [main] DEBUG org.apache.http.wire -- http-outgoing-10 << "[\r][\n]"
09:53:50.503 [main] DEBUG org.apache.http.wire -- http-outgoing-10 << "{"id":252,"title":"I am in love with someone.","userId":5}"
09:53:50.503 [main] DEBUG org.apache.http.headers -- http-outgoing-10 << HTTP/1.1 201 Created
09:53:50.503 [main] DEBUG org.apache.http.headers -- http-outgoing-10 << Access-Control-Allow-Origin: *
09:53:50.503 [main] DEBUG org.apache.http.headers -- http-outgoing-10 << Content-Length: 58
09:53:50.503 [main] DEBUG org.apache.http.headers -- http-outgoing-10 << Content-Type: application/json; charset=utf-8
09:53:50.503 [main] DEBUG org.apache.http.headers -- http-outgoing-10 << Date: Tue, 05 Aug 2025 02:53:50 GMT
09:53:50.503 [main] DEBUG org.apache.http.headers -- http-outgoing-10 << Etag: W/"3a-ynYxYrgTH8Z/k85tPVK5nMYk+xY"
09:53:50.503 [main] DEBUG org.apache.http.headers -- http-outgoing-10 << Server: railway-edge
09:53:50.503 [main] DEBUG org.apache.http.headers -- http-outgoing-10 << Strict-Transport-Security: max-age=15552000; includeSubDomains
09:53:50.503 [main] DEBUG org.apache.http.headers -- http-outgoing-10 << Vary: Accept-Encoding
09:53:50.503 [main] DEBUG org.apache.http.headers -- http-outgoing-10 << X-Content-Type-Options: nosniff
09:53:50.503 [main] DEBUG org.apache.http.headers -- http-outgoing-10 << X-Dns-Prefetch-Control: off
09:53:50.503 [main] DEBUG org.apache.http.headers -- http-outgoing-10 << X-Download-Options: noopen
09:53:50.503 [main] DEBUG org.apache.http.headers -- http-outgoing-10 << X-Frame-Options: SAMEORIGIN
09:53:50.503 [main] DEBUG org.apache.http.headers -- http-outgoing-10 << X-Powered-By: Cats on Keyboards
09:53:50.503 [main] DEBUG org.apache.http.headers -- http-outgoing-10 << X-Railway-Edge: railway/asia-southeast1-eqsg3a
09:53:50.503 [main] DEBUG org.apache.http.headers -- http-outgoing-10 << X-Railway-Request-Id: TD5MbD-dRJCFN3FNAQeqjw
09:53:50.503 [main] DEBUG org.apache.http.headers -- http-outgoing-10 << X-Ratelimit-Limit: 100
09:53:50.503 [main] DEBUG org.apache.http.headers -- http-outgoing-10 << X-Ratelimit-Remaining: 93
09:53:50.503 [main] DEBUG org.apache.http.headers -- http-outgoing-10 << X-Ratelimit-Reset: 1754362440
09:53:50.503 [main] DEBUG org.apache.http.headers -- http-outgoing-10 << X-Xss-Protection: 1; mode=block
09:53:50.503 [main] DEBUG org.apache.http.impl.execchain.MainClientExec -- Connection can be kept alive indefinitely
09:53:50.504 [main] DEBUG org.apache.http.impl.conn.PoolingHttpClientConnectionManager -- Connection [id: 10][route: {s}->https://dummyjson.com:443] can be kept alive indefinitely
09:53:50.504 [main] DEBUG org.apache.http.impl.conn.DefaultManagedHttpClientConnection -- http-outgoing-10: set socket timeout to 0
09:53:50.504 [main] DEBUG org.apache.http.impl.conn.PoolingHttpClientConnectionManager -- Connection released: [id: 10][route: {s}->https://dummyjson.com:443][total available: 1; route allocated: 1 of 5; total allocated: 1 of 10]
09:53:50.504 [main] DEBUG org.apache.http.impl.conn.PoolingHttpClientConnectionManager -- Connection manager is shutting down
09:53:50.504 [main] DEBUG org.apache.http.impl.conn.DefaultManagedHttpClientConnection -- http-outgoing-10: Close connection
09:53:50.504 [main] DEBUG org.apache.http.impl.conn.PoolingHttpClientConnectionManager -- Connection manager shut down
09:53:50.504 [main] DEBUG com.intuit.karate -- response time in milliseconds: 74
1 < 201
1 < Access-Control-Allow-Origin: *
1 < Content-Length: 58
1 < Content-Type: application/json; charset=utf-8
1 < Date: Tue, 05 Aug 2025 02:53:50 GMT
1 < Etag: W/"3a-ynYxYrgTH8Z/k85tPVK5nMYk+xY"
1 < Server: railway-edge
1 < Strict-Transport-Security: max-age=15552000; includeSubDomains
1 < Vary: Accept-Encoding
1 < X-Content-Type-Options: nosniff
1 < X-Dns-Prefetch-Control: off
1 < X-Download-Options: noopen
1 < X-Frame-Options: SAMEORIGIN
1 < X-Powered-By: Cats on Keyboards
1 < X-Railway-Edge: railway/asia-southeast1-eqsg3a
1 < X-Railway-Request-Id: TD5MbD-dRJCFN3FNAQeqjw
1 < X-Ratelimit-Limit: 100
1 < X-Ratelimit-Remaining: 93
1 < X-Ratelimit-Reset: 1754362440
1 < X-Xss-Protection: 1; mode=block
{
  "id": 252,
  "title": "I am in love with someone.",
  "userId": 5
}


09:53:50.505 [main] DEBUG com.jayway.jsonpath.internal.path.CompiledPath -- Evaluating path: $['id']
09:53:50.505 [main] DEBUG com.jayway.jsonpath.internal.path.CompiledPath -- Evaluating path: $['title']
09:53:50.506 [main] DEBUG com.jayway.jsonpath.internal.path.CompiledPath -- Evaluating path: $['userId']
09:53:50.506 [main] INFO com.intuit.karate -- [print] {
  "id": 252,
  "title": "I am in love with someone.",
  "userId": 5
}
 
]]></system-out>
  </testcase>
  <testcase name="[12:142] Update Post Title" classname="dummyjson/Posts" time="0.078">
    <system-out><![CDATA[09:53:50.510 [main] DEBUG com.jayway.jsonpath.internal.path.CompiledPath -- Evaluating path: $
09:53:50.510 [main] DEBUG org.apache.http.client.protocol.RequestAddCookies -- CookieSpec selected: karate
09:53:50.510 [main] DEBUG org.apache.http.client.protocol.RequestAuthCache -- Auth cache not set in the context
09:53:50.511 [main] DEBUG com.intuit.karate -- request:
1 > PUT https://dummyjson.com/posts/1
1 > Content-Type: application/json; charset=UTF-8
1 > Content-Length: 46
1 > Host: dummyjson.com
1 > Connection: Keep-Alive
1 > User-Agent: Apache-HttpClient/4.5.14 (Java/21.0.8)
1 > Accept-Encoding: gzip,deflate
{
  "title": "I think I should shift to the moon"
}


09:53:50.511 [main] DEBUG org.apache.http.impl.conn.PoolingHttpClientConnectionManager -- Connection request: [route: {s}->https://dummyjson.com:443][total available: 0; route allocated: 0 of 5; total allocated: 0 of 10]
09:53:50.511 [main] DEBUG org.apache.http.impl.conn.PoolingHttpClientConnectionManager -- Connection leased: [id: 11][route: {s}->https://dummyjson.com:443][total available: 0; route allocated: 1 of 5; total allocated: 1 of 10]
09:53:50.511 [main] DEBUG org.apache.http.impl.execchain.MainClientExec -- Opening connection {s}->https://dummyjson.com:443
09:53:50.511 [main] DEBUG org.apache.http.impl.conn.DefaultHttpClientConnectionOperator -- Connecting to dummyjson.com/66.33.22.3:443
09:53:50.511 [main] DEBUG org.apache.http.conn.ssl.SSLConnectionSocketFactory -- Connecting socket to dummyjson.com/66.33.22.3:443 with timeout 30000
09:53:50.530 [main] DEBUG org.apache.http.conn.ssl.SSLConnectionSocketFactory -- Enabled protocols: [TLSv1.3, TLSv1.2]
09:53:50.530 [main] DEBUG org.apache.http.conn.ssl.SSLConnectionSocketFactory -- Enabled cipher suites:[TLS_AES_256_GCM_SHA384, TLS_AES_128_GCM_SHA256, TLS_CHACHA20_POLY1305_SHA256, TLS_ECDHE_ECDSA_WITH_AES_256_GCM_SHA384, TLS_ECDHE_ECDSA_WITH_AES_128_GCM_SHA256, TLS_ECDHE_ECDSA_WITH_CHACHA20_POLY1305_SHA256, TLS_ECDHE_RSA_WITH_AES_256_GCM_SHA384, TLS_ECDHE_RSA_WITH_CHACHA20_POLY1305_SHA256, TLS_ECDHE_RSA_WITH_AES_128_GCM_SHA256, TLS_DHE_RSA_WITH_AES_256_GCM_SHA384, TLS_DHE_RSA_WITH_CHACHA20_POLY1305_SHA256, TLS_DHE_DSS_WITH_AES_256_GCM_SHA384, TLS_DHE_RSA_WITH_AES_128_GCM_SHA256, TLS_DHE_DSS_WITH_AES_128_GCM_SHA256, TLS_ECDHE_ECDSA_WITH_AES_256_CBC_SHA384, TLS_ECDHE_RSA_WITH_AES_256_CBC_SHA384, TLS_ECDHE_ECDSA_WITH_AES_128_CBC_SHA256, TLS_ECDHE_RSA_WITH_AES_128_CBC_SHA256, TLS_DHE_RSA_WITH_AES_256_CBC_SHA256, TLS_DHE_DSS_WITH_AES_256_CBC_SHA256, TLS_DHE_RSA_WITH_AES_128_CBC_SHA256, TLS_DHE_DSS_WITH_AES_128_CBC_SHA256, TLS_ECDHE_ECDSA_WITH_AES_256_CBC_SHA, TLS_ECDHE_RSA_WITH_AES_256_CBC_SHA, TLS_ECDHE_ECDSA_WITH_AES_128_CBC_SHA, TLS_ECDHE_RSA_WITH_AES_128_CBC_SHA, TLS_DHE_RSA_WITH_AES_256_CBC_SHA, TLS_DHE_DSS_WITH_AES_256_CBC_SHA, TLS_DHE_RSA_WITH_AES_128_CBC_SHA, TLS_DHE_DSS_WITH_AES_128_CBC_SHA, TLS_RSA_WITH_AES_256_GCM_SHA384, TLS_RSA_WITH_AES_128_GCM_SHA256, TLS_RSA_WITH_AES_256_CBC_SHA256, TLS_RSA_WITH_AES_128_CBC_SHA256, TLS_RSA_WITH_AES_256_CBC_SHA, TLS_RSA_WITH_AES_128_CBC_SHA, TLS_EMPTY_RENEGOTIATION_INFO_SCSV]
09:53:50.530 [main] DEBUG org.apache.http.conn.ssl.SSLConnectionSocketFactory -- Starting handshake
09:53:50.556 [main] DEBUG org.apache.http.conn.ssl.SSLConnectionSocketFactory -- Secure session established
09:53:50.556 [main] DEBUG org.apache.http.conn.ssl.SSLConnectionSocketFactory --  negotiated protocol: TLSv1.3
09:53:50.556 [main] DEBUG org.apache.http.conn.ssl.SSLConnectionSocketFactory --  negotiated cipher suite: TLS_AES_128_GCM_SHA256
09:53:50.556 [main] DEBUG org.apache.http.conn.ssl.SSLConnectionSocketFactory --  peer principal: CN=dummyjson.com
09:53:50.556 [main] DEBUG org.apache.http.conn.ssl.SSLConnectionSocketFactory --  peer alternative names: [dummyjson.com]
09:53:50.556 [main] DEBUG org.apache.http.conn.ssl.SSLConnectionSocketFactory --  issuer principal: CN=R11, O=Let's Encrypt, C=US
09:53:50.556 [main] DEBUG org.apache.http.impl.conn.DefaultHttpClientConnectionOperator -- Connection established 192.168.1.4:62507<->66.33.22.3:443
09:53:50.556 [main] DEBUG org.apache.http.impl.conn.DefaultManagedHttpClientConnection -- http-outgoing-11: set socket timeout to 30000
09:53:50.556 [main] DEBUG org.apache.http.impl.execchain.MainClientExec -- Executing request PUT /posts/1 HTTP/1.1
09:53:50.556 [main] DEBUG org.apache.http.impl.execchain.MainClientExec -- Target auth state: UNCHALLENGED
09:53:50.556 [main] DEBUG org.apache.http.impl.execchain.MainClientExec -- Proxy auth state: UNCHALLENGED
09:53:50.556 [main] DEBUG org.apache.http.headers -- http-outgoing-11 >> PUT /posts/1 HTTP/1.1
09:53:50.556 [main] DEBUG org.apache.http.headers -- http-outgoing-11 >> Content-Type: application/json; charset=UTF-8
09:53:50.556 [main] DEBUG org.apache.http.headers -- http-outgoing-11 >> Content-Length: 46
09:53:50.556 [main] DEBUG org.apache.http.headers -- http-outgoing-11 >> Host: dummyjson.com
09:53:50.556 [main] DEBUG org.apache.http.headers -- http-outgoing-11 >> Connection: Keep-Alive
09:53:50.556 [main] DEBUG org.apache.http.headers -- http-outgoing-11 >> User-Agent: Apache-HttpClient/4.5.14 (Java/21.0.8)
09:53:50.556 [main] DEBUG org.apache.http.headers -- http-outgoing-11 >> Accept-Encoding: gzip,deflate
09:53:50.556 [main] DEBUG org.apache.http.wire -- http-outgoing-11 >> "PUT /posts/1 HTTP/1.1[\r][\n]"
09:53:50.556 [main] DEBUG org.apache.http.wire -- http-outgoing-11 >> "Content-Type: application/json; charset=UTF-8[\r][\n]"
09:53:50.556 [main] DEBUG org.apache.http.wire -- http-outgoing-11 >> "Content-Length: 46[\r][\n]"
09:53:50.556 [main] DEBUG org.apache.http.wire -- http-outgoing-11 >> "Host: dummyjson.com[\r][\n]"
09:53:50.556 [main] DEBUG org.apache.http.wire -- http-outgoing-11 >> "Connection: Keep-Alive[\r][\n]"
09:53:50.556 [main] DEBUG org.apache.http.wire -- http-outgoing-11 >> "User-Agent: Apache-HttpClient/4.5.14 (Java/21.0.8)[\r][\n]"
09:53:50.556 [main] DEBUG org.apache.http.wire -- http-outgoing-11 >> "Accept-Encoding: gzip,deflate[\r][\n]"
09:53:50.556 [main] DEBUG org.apache.http.wire -- http-outgoing-11 >> "[\r][\n]"
09:53:50.556 [main] DEBUG org.apache.http.wire -- http-outgoing-11 >> "{"title":"I think I should shift to the moon"}"
09:53:50.582 [main] DEBUG org.apache.http.wire -- http-outgoing-11 << "HTTP/1.1 200 OK[\r][\n]"
09:53:50.583 [main] DEBUG org.apache.http.wire -- http-outgoing-11 << "Access-Control-Allow-Origin: *[\r][\n]"
09:53:50.583 [main] DEBUG org.apache.http.wire -- http-outgoing-11 << "Content-Length: 443[\r][\n]"
09:53:50.583 [main] DEBUG org.apache.http.wire -- http-outgoing-11 << "Content-Type: application/json; charset=utf-8[\r][\n]"
09:53:50.583 [main] DEBUG org.apache.http.wire -- http-outgoing-11 << "Date: Tue, 05 Aug 2025 02:53:50 GMT[\r][\n]"
09:53:50.583 [main] DEBUG org.apache.http.wire -- http-outgoing-11 << "Etag: W/"1bb-dDgJu8RJt/LkpvGnY1XvAETOBzA"[\r][\n]"
09:53:50.583 [main] DEBUG org.apache.http.wire -- http-outgoing-11 << "Server: railway-edge[\r][\n]"
09:53:50.583 [main] DEBUG org.apache.http.wire -- http-outgoing-11 << "Strict-Transport-Security: max-age=15552000; includeSubDomains[\r][\n]"
09:53:50.583 [main] DEBUG org.apache.http.wire -- http-outgoing-11 << "Vary: Accept-Encoding[\r][\n]"
09:53:50.583 [main] DEBUG org.apache.http.wire -- http-outgoing-11 << "X-Content-Type-Options: nosniff[\r][\n]"
09:53:50.583 [main] DEBUG org.apache.http.wire -- http-outgoing-11 << "X-Dns-Prefetch-Control: off[\r][\n]"
09:53:50.583 [main] DEBUG org.apache.http.wire -- http-outgoing-11 << "X-Download-Options: noopen[\r][\n]"
09:53:50.583 [main] DEBUG org.apache.http.wire -- http-outgoing-11 << "X-Frame-Options: SAMEORIGIN[\r][\n]"
09:53:50.583 [main] DEBUG org.apache.http.wire -- http-outgoing-11 << "X-Powered-By: Cats on Keyboards[\r][\n]"
09:53:50.583 [main] DEBUG org.apache.http.wire -- http-outgoing-11 << "X-Railway-Edge: railway/asia-southeast1-eqsg3a[\r][\n]"
09:53:50.583 [main] DEBUG org.apache.http.wire -- http-outgoing-11 << "X-Railway-Request-Id: HCI3FKNrT82jWWVnDcO5xA[\r][\n]"
09:53:50.583 [main] DEBUG org.apache.http.wire -- http-outgoing-11 << "X-Ratelimit-Limit: 100[\r][\n]"
09:53:50.583 [main] DEBUG org.apache.http.wire -- http-outgoing-11 << "X-Ratelimit-Remaining: 98[\r][\n]"
09:53:50.583 [main] DEBUG org.apache.http.wire -- http-outgoing-11 << "X-Ratelimit-Reset: 1754362439[\r][\n]"
09:53:50.583 [main] DEBUG org.apache.http.wire -- http-outgoing-11 << "X-Xss-Protection: 1; mode=block[\r][\n]"
09:53:50.583 [main] DEBUG org.apache.http.wire -- http-outgoing-11 << "[\r][\n]"
09:53:50.583 [main] DEBUG org.apache.http.wire -- http-outgoing-11 << "{"id":1,"title":"I think I should shift to the moon","body":"His mother had always taught him not to ever think of himself as better than others. He'd tried to live by this motto. He never looked down on those who were less fortunate or who had less money than him. But the stupidity of the group of people he was talking to made him change his mind.","userId":121,"tags":["history","american","crime"],"reactions":{"likes":192,"dislikes":25}}"
09:53:50.583 [main] DEBUG org.apache.http.headers -- http-outgoing-11 << HTTP/1.1 200 OK
09:53:50.583 [main] DEBUG org.apache.http.headers -- http-outgoing-11 << Access-Control-Allow-Origin: *
09:53:50.583 [main] DEBUG org.apache.http.headers -- http-outgoing-11 << Content-Length: 443
09:53:50.583 [main] DEBUG org.apache.http.headers -- http-outgoing-11 << Content-Type: application/json; charset=utf-8
09:53:50.583 [main] DEBUG org.apache.http.headers -- http-outgoing-11 << Date: Tue, 05 Aug 2025 02:53:50 GMT
09:53:50.583 [main] DEBUG org.apache.http.headers -- http-outgoing-11 << Etag: W/"1bb-dDgJu8RJt/LkpvGnY1XvAETOBzA"
09:53:50.583 [main] DEBUG org.apache.http.headers -- http-outgoing-11 << Server: railway-edge
09:53:50.583 [main] DEBUG org.apache.http.headers -- http-outgoing-11 << Strict-Transport-Security: max-age=15552000; includeSubDomains
09:53:50.583 [main] DEBUG org.apache.http.headers -- http-outgoing-11 << Vary: Accept-Encoding
09:53:50.583 [main] DEBUG org.apache.http.headers -- http-outgoing-11 << X-Content-Type-Options: nosniff
09:53:50.583 [main] DEBUG org.apache.http.headers -- http-outgoing-11 << X-Dns-Prefetch-Control: off
09:53:50.583 [main] DEBUG org.apache.http.headers -- http-outgoing-11 << X-Download-Options: noopen
09:53:50.583 [main] DEBUG org.apache.http.headers -- http-outgoing-11 << X-Frame-Options: SAMEORIGIN
09:53:50.583 [main] DEBUG org.apache.http.headers -- http-outgoing-11 << X-Powered-By: Cats on Keyboards
09:53:50.583 [main] DEBUG org.apache.http.headers -- http-outgoing-11 << X-Railway-Edge: railway/asia-southeast1-eqsg3a
09:53:50.583 [main] DEBUG org.apache.http.headers -- http-outgoing-11 << X-Railway-Request-Id: HCI3FKNrT82jWWVnDcO5xA
09:53:50.583 [main] DEBUG org.apache.http.headers -- http-outgoing-11 << X-Ratelimit-Limit: 100
09:53:50.583 [main] DEBUG org.apache.http.headers -- http-outgoing-11 << X-Ratelimit-Remaining: 98
09:53:50.583 [main] DEBUG org.apache.http.headers -- http-outgoing-11 << X-Ratelimit-Reset: 1754362439
09:53:50.583 [main] DEBUG org.apache.http.headers -- http-outgoing-11 << X-Xss-Protection: 1; mode=block
09:53:50.583 [main] DEBUG org.apache.http.impl.execchain.MainClientExec -- Connection can be kept alive indefinitely
09:53:50.583 [main] DEBUG org.apache.http.impl.conn.PoolingHttpClientConnectionManager -- Connection [id: 11][route: {s}->https://dummyjson.com:443] can be kept alive indefinitely
09:53:50.583 [main] DEBUG org.apache.http.impl.conn.DefaultManagedHttpClientConnection -- http-outgoing-11: set socket timeout to 0
09:53:50.583 [main] DEBUG org.apache.http.impl.conn.PoolingHttpClientConnectionManager -- Connection released: [id: 11][route: {s}->https://dummyjson.com:443][total available: 1; route allocated: 1 of 5; total allocated: 1 of 10]
09:53:50.583 [main] DEBUG org.apache.http.impl.conn.PoolingHttpClientConnectionManager -- Connection manager is shutting down
09:53:50.583 [main] DEBUG org.apache.http.impl.conn.DefaultManagedHttpClientConnection -- http-outgoing-11: Close connection
09:53:50.583 [main] DEBUG org.apache.http.impl.conn.PoolingHttpClientConnectionManager -- Connection manager shut down
09:53:50.583 [main] DEBUG com.intuit.karate -- response time in milliseconds: 72
1 < 200
1 < Access-Control-Allow-Origin: *
1 < Content-Length: 443
1 < Content-Type: application/json; charset=utf-8
1 < Date: Tue, 05 Aug 2025 02:53:50 GMT
1 < Etag: W/"1bb-dDgJu8RJt/LkpvGnY1XvAETOBzA"
1 < Server: railway-edge
1 < Strict-Transport-Security: max-age=15552000; includeSubDomains
1 < Vary: Accept-Encoding
1 < X-Content-Type-Options: nosniff
1 < X-Dns-Prefetch-Control: off
1 < X-Download-Options: noopen
1 < X-Frame-Options: SAMEORIGIN
1 < X-Powered-By: Cats on Keyboards
1 < X-Railway-Edge: railway/asia-southeast1-eqsg3a
1 < X-Railway-Request-Id: HCI3FKNrT82jWWVnDcO5xA
1 < X-Ratelimit-Limit: 100
1 < X-Ratelimit-Remaining: 98
1 < X-Ratelimit-Reset: 1754362439
1 < X-Xss-Protection: 1; mode=block
{
  "id": 1,
  "title": "I think I should shift to the moon",
  "body": "His mother had always taught him not to ever think of himself as better than others. He'd tried to live by this motto. He never looked down on those who were less fortunate or who had less money than him. But the stupidity of the group of people he was talking to made him change his mind.",
  "userId": 121,
  "tags": [
    "history",
    "american",
    "crime"
  ],
  "reactions": {
    "likes": 192,
    "dislikes": 25
  }
}


09:53:50.584 [main] DEBUG com.jayway.jsonpath.internal.path.CompiledPath -- Evaluating path: $['id']
09:53:50.584 [main] DEBUG com.jayway.jsonpath.internal.path.CompiledPath -- Evaluating path: $['title']
09:53:50.585 [main] INFO com.intuit.karate -- [print] {
  "id": 1,
  "title": "I think I should shift to the moon",
  "body": "His mother had always taught him not to ever think of himself as better than others. He'd tried to live by this motto. He never looked down on those who were less fortunate or who had less money than him. But the stupidity of the group of people he was talking to made him change his mind.",
  "userId": 121,
  "tags": [
    "history",
    "american",
    "crime"
  ],
  "reactions": {
    "likes": 192,
    "dislikes": 25
  }
}
 
]]></system-out>
  </testcase>
  <testcase name="[13:152] Delete Post by ID" classname="dummyjson/Posts" time="0.724">
    <system-out><![CDATA[09:53:50.590 [main] DEBUG org.apache.http.client.protocol.RequestAddCookies -- CookieSpec selected: karate
09:53:50.590 [main] DEBUG org.apache.http.client.protocol.RequestAuthCache -- Auth cache not set in the context
09:53:50.590 [main] DEBUG com.intuit.karate -- request:
1 > DELETE https://dummyjson.com/posts/1
1 > Host: dummyjson.com
1 > Connection: Keep-Alive
1 > User-Agent: Apache-HttpClient/4.5.14 (Java/21.0.8)
1 > Accept-Encoding: gzip,deflate


09:53:50.590 [main] DEBUG org.apache.http.impl.conn.PoolingHttpClientConnectionManager -- Connection request: [route: {s}->https://dummyjson.com:443][total available: 0; route allocated: 0 of 5; total allocated: 0 of 10]
09:53:50.590 [main] DEBUG org.apache.http.impl.conn.PoolingHttpClientConnectionManager -- Connection leased: [id: 12][route: {s}->https://dummyjson.com:443][total available: 0; route allocated: 1 of 5; total allocated: 1 of 10]
09:53:50.590 [main] DEBUG org.apache.http.impl.execchain.MainClientExec -- Opening connection {s}->https://dummyjson.com:443
09:53:50.590 [main] DEBUG org.apache.http.impl.conn.DefaultHttpClientConnectionOperator -- Connecting to dummyjson.com/66.33.22.3:443
09:53:50.590 [main] DEBUG org.apache.http.conn.ssl.SSLConnectionSocketFactory -- Connecting socket to dummyjson.com/66.33.22.3:443 with timeout 30000
09:53:50.610 [main] DEBUG org.apache.http.conn.ssl.SSLConnectionSocketFactory -- Enabled protocols: [TLSv1.3, TLSv1.2]
09:53:50.610 [main] DEBUG org.apache.http.conn.ssl.SSLConnectionSocketFactory -- Enabled cipher suites:[TLS_AES_256_GCM_SHA384, TLS_AES_128_GCM_SHA256, TLS_CHACHA20_POLY1305_SHA256, TLS_ECDHE_ECDSA_WITH_AES_256_GCM_SHA384, TLS_ECDHE_ECDSA_WITH_AES_128_GCM_SHA256, TLS_ECDHE_ECDSA_WITH_CHACHA20_POLY1305_SHA256, TLS_ECDHE_RSA_WITH_AES_256_GCM_SHA384, TLS_ECDHE_RSA_WITH_CHACHA20_POLY1305_SHA256, TLS_ECDHE_RSA_WITH_AES_128_GCM_SHA256, TLS_DHE_RSA_WITH_AES_256_GCM_SHA384, TLS_DHE_RSA_WITH_CHACHA20_POLY1305_SHA256, TLS_DHE_DSS_WITH_AES_256_GCM_SHA384, TLS_DHE_RSA_WITH_AES_128_GCM_SHA256, TLS_DHE_DSS_WITH_AES_128_GCM_SHA256, TLS_ECDHE_ECDSA_WITH_AES_256_CBC_SHA384, TLS_ECDHE_RSA_WITH_AES_256_CBC_SHA384, TLS_ECDHE_ECDSA_WITH_AES_128_CBC_SHA256, TLS_ECDHE_RSA_WITH_AES_128_CBC_SHA256, TLS_DHE_RSA_WITH_AES_256_CBC_SHA256, TLS_DHE_DSS_WITH_AES_256_CBC_SHA256, TLS_DHE_RSA_WITH_AES_128_CBC_SHA256, TLS_DHE_DSS_WITH_AES_128_CBC_SHA256, TLS_ECDHE_ECDSA_WITH_AES_256_CBC_SHA, TLS_ECDHE_RSA_WITH_AES_256_CBC_SHA, TLS_ECDHE_ECDSA_WITH_AES_128_CBC_SHA, TLS_ECDHE_RSA_WITH_AES_128_CBC_SHA, TLS_DHE_RSA_WITH_AES_256_CBC_SHA, TLS_DHE_DSS_WITH_AES_256_CBC_SHA, TLS_DHE_RSA_WITH_AES_128_CBC_SHA, TLS_DHE_DSS_WITH_AES_128_CBC_SHA, TLS_RSA_WITH_AES_256_GCM_SHA384, TLS_RSA_WITH_AES_128_GCM_SHA256, TLS_RSA_WITH_AES_256_CBC_SHA256, TLS_RSA_WITH_AES_128_CBC_SHA256, TLS_RSA_WITH_AES_256_CBC_SHA, TLS_RSA_WITH_AES_128_CBC_SHA, TLS_EMPTY_RENEGOTIATION_INFO_SCSV]
09:53:50.610 [main] DEBUG org.apache.http.conn.ssl.SSLConnectionSocketFactory -- Starting handshake
09:53:50.635 [main] DEBUG org.apache.http.conn.ssl.SSLConnectionSocketFactory -- Secure session established
09:53:50.635 [main] DEBUG org.apache.http.conn.ssl.SSLConnectionSocketFactory --  negotiated protocol: TLSv1.3
09:53:50.635 [main] DEBUG org.apache.http.conn.ssl.SSLConnectionSocketFactory --  negotiated cipher suite: TLS_AES_128_GCM_SHA256
09:53:50.635 [main] DEBUG org.apache.http.conn.ssl.SSLConnectionSocketFactory --  peer principal: CN=dummyjson.com
09:53:50.635 [main] DEBUG org.apache.http.conn.ssl.SSLConnectionSocketFactory --  peer alternative names: [dummyjson.com]
09:53:50.635 [main] DEBUG org.apache.http.conn.ssl.SSLConnectionSocketFactory --  issuer principal: CN=R11, O=Let's Encrypt, C=US
09:53:50.635 [main] DEBUG org.apache.http.impl.conn.DefaultHttpClientConnectionOperator -- Connection established 192.168.1.4:62508<->66.33.22.3:443
09:53:50.635 [main] DEBUG org.apache.http.impl.conn.DefaultManagedHttpClientConnection -- http-outgoing-12: set socket timeout to 30000
09:53:50.635 [main] DEBUG org.apache.http.impl.execchain.MainClientExec -- Executing request DELETE /posts/1 HTTP/1.1
09:53:50.635 [main] DEBUG org.apache.http.impl.execchain.MainClientExec -- Target auth state: UNCHALLENGED
09:53:50.635 [main] DEBUG org.apache.http.impl.execchain.MainClientExec -- Proxy auth state: UNCHALLENGED
09:53:50.636 [main] DEBUG org.apache.http.headers -- http-outgoing-12 >> DELETE /posts/1 HTTP/1.1
09:53:50.636 [main] DEBUG org.apache.http.headers -- http-outgoing-12 >> Host: dummyjson.com
09:53:50.636 [main] DEBUG org.apache.http.headers -- http-outgoing-12 >> Connection: Keep-Alive
09:53:50.636 [main] DEBUG org.apache.http.headers -- http-outgoing-12 >> User-Agent: Apache-HttpClient/4.5.14 (Java/21.0.8)
09:53:50.636 [main] DEBUG org.apache.http.headers -- http-outgoing-12 >> Accept-Encoding: gzip,deflate
09:53:50.636 [main] DEBUG org.apache.http.wire -- http-outgoing-12 >> "DELETE /posts/1 HTTP/1.1[\r][\n]"
09:53:50.636 [main] DEBUG org.apache.http.wire -- http-outgoing-12 >> "Host: dummyjson.com[\r][\n]"
09:53:50.636 [main] DEBUG org.apache.http.wire -- http-outgoing-12 >> "Connection: Keep-Alive[\r][\n]"
09:53:50.636 [main] DEBUG org.apache.http.wire -- http-outgoing-12 >> "User-Agent: Apache-HttpClient/4.5.14 (Java/21.0.8)[\r][\n]"
09:53:50.636 [main] DEBUG org.apache.http.wire -- http-outgoing-12 >> "Accept-Encoding: gzip,deflate[\r][\n]"
09:53:50.636 [main] DEBUG org.apache.http.wire -- http-outgoing-12 >> "[\r][\n]"
09:53:50.661 [main] DEBUG org.apache.http.wire -- http-outgoing-12 << "HTTP/1.1 200 OK[\r][\n]"
09:53:50.661 [main] DEBUG org.apache.http.wire -- http-outgoing-12 << "Access-Control-Allow-Origin: *[\r][\n]"
09:53:50.661 [main] DEBUG org.apache.http.wire -- http-outgoing-12 << "Content-Length: 509[\r][\n]"
09:53:50.661 [main] DEBUG org.apache.http.wire -- http-outgoing-12 << "Content-Type: application/json; charset=utf-8[\r][\n]"
09:53:50.661 [main] DEBUG org.apache.http.wire -- http-outgoing-12 << "Date: Tue, 05 Aug 2025 02:53:50 GMT[\r][\n]"
09:53:50.661 [main] DEBUG org.apache.http.wire -- http-outgoing-12 << "Etag: W/"1fd-oCCuD0hpZmeDhouLrc/FVgdwYVM"[\r][\n]"
09:53:50.661 [main] DEBUG org.apache.http.wire -- http-outgoing-12 << "Server: railway-edge[\r][\n]"
09:53:50.661 [main] DEBUG org.apache.http.wire -- http-outgoing-12 << "Strict-Transport-Security: max-age=15552000; includeSubDomains[\r][\n]"
09:53:50.661 [main] DEBUG org.apache.http.wire -- http-outgoing-12 << "Vary: Accept-Encoding[\r][\n]"
09:53:50.661 [main] DEBUG org.apache.http.wire -- http-outgoing-12 << "X-Content-Type-Options: nosniff[\r][\n]"
09:53:50.661 [main] DEBUG org.apache.http.wire -- http-outgoing-12 << "X-Dns-Prefetch-Control: off[\r][\n]"
09:53:50.661 [main] DEBUG org.apache.http.wire -- http-outgoing-12 << "X-Download-Options: noopen[\r][\n]"
09:53:50.661 [main] DEBUG org.apache.http.wire -- http-outgoing-12 << "X-Frame-Options: SAMEORIGIN[\r][\n]"
09:53:50.661 [main] DEBUG org.apache.http.wire -- http-outgoing-12 << "X-Powered-By: Cats on Keyboards[\r][\n]"
09:53:50.661 [main] DEBUG org.apache.http.wire -- http-outgoing-12 << "X-Railway-Edge: railway/asia-southeast1-eqsg3a[\r][\n]"
09:53:50.661 [main] DEBUG org.apache.http.wire -- http-outgoing-12 << "X-Railway-Request-Id: f38i1N0IT5mZf_hUAQeqjw[\r][\n]"
09:53:50.661 [main] DEBUG org.apache.http.wire -- http-outgoing-12 << "X-Ratelimit-Limit: 100[\r][\n]"
09:53:50.661 [main] DEBUG org.apache.http.wire -- http-outgoing-12 << "X-Ratelimit-Remaining: 92[\r][\n]"
09:53:50.661 [main] DEBUG org.apache.http.wire -- http-outgoing-12 << "X-Ratelimit-Reset: 1754362440[\r][\n]"
09:53:50.661 [main] DEBUG org.apache.http.wire -- http-outgoing-12 << "X-Xss-Protection: 1; mode=block[\r][\n]"
09:53:50.661 [main] DEBUG org.apache.http.wire -- http-outgoing-12 << "[\r][\n]"
09:53:50.661 [main] DEBUG org.apache.http.wire -- http-outgoing-12 << "{"id":1,"title":"His mother had always taught him","body":"His mother had always taught him not to ever think of himself as better than others. He'd tried to live by this motto. He never looked down on those who were less fortunate or who had less money than him. But the stupidity of the group of people he was talking to made him change his mind.","tags":["history","american","crime"],"reactions":{"likes":192,"dislikes":25},"views":305,"userId":121,"isDeleted":true,"deletedOn":"2025-08-05T02:53:50.687Z"}"
09:53:50.661 [main] DEBUG org.apache.http.headers -- http-outgoing-12 << HTTP/1.1 200 OK
09:53:50.661 [main] DEBUG org.apache.http.headers -- http-outgoing-12 << Access-Control-Allow-Origin: *
09:53:50.661 [main] DEBUG org.apache.http.headers -- http-outgoing-12 << Content-Length: 509
09:53:50.661 [main] DEBUG org.apache.http.headers -- http-outgoing-12 << Content-Type: application/json; charset=utf-8
09:53:50.661 [main] DEBUG org.apache.http.headers -- http-outgoing-12 << Date: Tue, 05 Aug 2025 02:53:50 GMT
09:53:50.661 [main] DEBUG org.apache.http.headers -- http-outgoing-12 << Etag: W/"1fd-oCCuD0hpZmeDhouLrc/FVgdwYVM"
09:53:50.661 [main] DEBUG org.apache.http.headers -- http-outgoing-12 << Server: railway-edge
09:53:50.661 [main] DEBUG org.apache.http.headers -- http-outgoing-12 << Strict-Transport-Security: max-age=15552000; includeSubDomains
09:53:50.661 [main] DEBUG org.apache.http.headers -- http-outgoing-12 << Vary: Accept-Encoding
09:53:50.661 [main] DEBUG org.apache.http.headers -- http-outgoing-12 << X-Content-Type-Options: nosniff
09:53:50.661 [main] DEBUG org.apache.http.headers -- http-outgoing-12 << X-Dns-Prefetch-Control: off
09:53:50.661 [main] DEBUG org.apache.http.headers -- http-outgoing-12 << X-Download-Options: noopen
09:53:50.661 [main] DEBUG org.apache.http.headers -- http-outgoing-12 << X-Frame-Options: SAMEORIGIN
09:53:50.661 [main] DEBUG org.apache.http.headers -- http-outgoing-12 << X-Powered-By: Cats on Keyboards
09:53:50.661 [main] DEBUG org.apache.http.headers -- http-outgoing-12 << X-Railway-Edge: railway/asia-southeast1-eqsg3a
09:53:50.661 [main] DEBUG org.apache.http.headers -- http-outgoing-12 << X-Railway-Request-Id: f38i1N0IT5mZf_hUAQeqjw
09:53:50.661 [main] DEBUG org.apache.http.headers -- http-outgoing-12 << X-Ratelimit-Limit: 100
09:53:50.661 [main] DEBUG org.apache.http.headers -- http-outgoing-12 << X-Ratelimit-Remaining: 92
09:53:50.661 [main] DEBUG org.apache.http.headers -- http-outgoing-12 << X-Ratelimit-Reset: 1754362440
09:53:50.661 [main] DEBUG org.apache.http.headers -- http-outgoing-12 << X-Xss-Protection: 1; mode=block
09:53:50.661 [main] DEBUG org.apache.http.impl.execchain.MainClientExec -- Connection can be kept alive indefinitely
09:53:50.661 [main] DEBUG org.apache.http.impl.conn.PoolingHttpClientConnectionManager -- Connection [id: 12][route: {s}->https://dummyjson.com:443] can be kept alive indefinitely
09:53:50.661 [main] DEBUG org.apache.http.impl.conn.DefaultManagedHttpClientConnection -- http-outgoing-12: set socket timeout to 0
09:53:50.662 [main] DEBUG org.apache.http.impl.conn.PoolingHttpClientConnectionManager -- Connection released: [id: 12][route: {s}->https://dummyjson.com:443][total available: 1; route allocated: 1 of 5; total allocated: 1 of 10]
09:53:50.662 [main] DEBUG org.apache.http.impl.conn.PoolingHttpClientConnectionManager -- Connection manager is shutting down
09:53:50.662 [main] DEBUG org.apache.http.impl.conn.DefaultManagedHttpClientConnection -- http-outgoing-12: Close connection
09:53:50.662 [main] DEBUG org.apache.http.impl.conn.PoolingHttpClientConnectionManager -- Connection manager shut down
09:53:50.662 [main] DEBUG com.intuit.karate -- response time in milliseconds: 72
1 < 200
1 < Access-Control-Allow-Origin: *
1 < Content-Length: 509
1 < Content-Type: application/json; charset=utf-8
1 < Date: Tue, 05 Aug 2025 02:53:50 GMT
1 < Etag: W/"1fd-oCCuD0hpZmeDhouLrc/FVgdwYVM"
1 < Server: railway-edge
1 < Strict-Transport-Security: max-age=15552000; includeSubDomains
1 < Vary: Accept-Encoding
1 < X-Content-Type-Options: nosniff
1 < X-Dns-Prefetch-Control: off
1 < X-Download-Options: noopen
1 < X-Frame-Options: SAMEORIGIN
1 < X-Powered-By: Cats on Keyboards
1 < X-Railway-Edge: railway/asia-southeast1-eqsg3a
1 < X-Railway-Request-Id: f38i1N0IT5mZf_hUAQeqjw
1 < X-Ratelimit-Limit: 100
1 < X-Ratelimit-Remaining: 92
1 < X-Ratelimit-Reset: 1754362440
1 < X-Xss-Protection: 1; mode=block
{
  "id": 1,
  "title": "His mother had always taught him",
  "body": "His mother had always taught him not to ever think of himself as better than others. He'd tried to live by this motto. He never looked down on those who were less fortunate or who had less money than him. But the stupidity of the group of people he was talking to made him change his mind.",
  "tags": [
    "history",
    "american",
    "crime"
  ],
  "reactions": {
    "likes": 192,
    "dislikes": 25
  },
  "views": 305,
  "userId": 121,
  "isDeleted": true,
  "deletedOn": "2025-08-05T02:53:50.687Z"
}


09:53:50.663 [main] DEBUG com.jayway.jsonpath.internal.path.CompiledPath -- Evaluating path: $['id']
09:53:50.670 [main] INFO com.intuit.karate -- [print] {
  "id": 1,
  "title": "His mother had always taught him",
  "body": "His mother had always taught him not to ever think of himself as better than others. He'd tried to live by this motto. He never looked down on those who were less fortunate or who had less money than him. But the stupidity of the group of people he was talking to made him change his mind.",
  "tags": [
    "history",
    "american",
    "crime"
  ],
  "reactions": {
    "likes": 192,
    "dislikes": 25
  },
  "views": 305,
  "userId": 121,
  "isDeleted": true,
  "deletedOn": "2025-08-05T02:53:50.687Z"
}
 
09:53:50.698 [main] DEBUG org.thymeleaf.TemplateEngine -- [THYMELEAF] INITIALIZING TEMPLATE ENGINE
09:53:50.788 [main] DEBUG org.thymeleaf.TemplateEngine.CONFIG -- Initializing Thymeleaf Template engine configuration...
[THYMELEAF] TEMPLATE ENGINE CONFIGURATION:
[THYMELEAF] * Thymeleaf version: 3.1.2.RELEASE (built 2023-07-30T19:25:50+0000)
[THYMELEAF] * Cache Manager implementation: org.thymeleaf.cache.StandardCacheManager
[THYMELEAF] * Template resolvers:
[THYMELEAF]     * [1] com.intuit.karate.template.ResourceHtmlTemplateResolver
[THYMELEAF] * Message resolvers:
[THYMELEAF]     * org.thymeleaf.messageresolver.StandardMessageResolver
[THYMELEAF] * Link builders:
[THYMELEAF]     * org.thymeleaf.linkbuilder.StandardLinkBuilder
[THYMELEAF] * Dialect [1 of 2]: Standard (com.intuit.karate.template.KarateStandardDialect)
[THYMELEAF]     * Prefix: "th"
[THYMELEAF]     * Processors for Template Mode: HTML
[THYMELEAF]         * Element Tag Processors by [matching element and attribute name] [precedence]:
[THYMELEAF]             * [* {th:include,data-th-include}] [100]: org.thymeleaf.standard.processor.StandardIncludeTagProcessor
[THYMELEAF]             * [* {th:insert,data-th-insert}] [100]: org.thymeleaf.standard.processor.StandardInsertTagProcessor
[THYMELEAF]             * [* {th:replace,data-th-replace}] [100]: org.thymeleaf.standard.processor.StandardReplaceTagProcessor
[THYMELEAF]             * [* {th:each,data-th-each}] [200]: com.intuit.karate.template.KarateEachTagProcessor
[THYMELEAF]             * [* {th:switch,data-th-switch}] [250]: org.thymeleaf.standard.processor.StandardSwitchTagProcessor
[THYMELEAF]             * [* {th:case,data-th-case}] [275]: org.thymeleaf.standard.processor.StandardCaseTagProcessor
[THYMELEAF]             * [* {th:if,data-th-if}] [300]: org.thymeleaf.standard.processor.StandardIfTagProcessor
[THYMELEAF]             * [* {th:unless,data-th-unless}] [400]: org.thymeleaf.standard.processor.StandardUnlessTagProcessor
[THYMELEAF]             * [* {th:object,data-th-object}] [500]: org.thymeleaf.standard.processor.StandardObjectTagProcessor
[THYMELEAF]             * [* {th:with,data-th-with}] [600]: com.intuit.karate.template.KarateWithTagProcessor
[THYMELEAF]             * [* {th:attr,data-th-attr}] [700]: com.intuit.karate.template.KarateAttributeTagProcessor.KarateAttrTagProcessor
[THYMELEAF]             * [* {th:attrappend,data-th-attrappend}] [900]: com.intuit.karate.template.KarateAttributeTagProcessor.KarateAttrappendTagProcessor
[THYMELEAF]             * [* {th:attrprepend,data-th-attrprepend}] [900]: com.intuit.karate.template.KarateAttributeTagProcessor.KarateAttrprependTagProcessor
[THYMELEAF]             * [* {th:alt-title,data-th-alt-title}] [990]: org.thymeleaf.standard.processor.StandardAltTitleTagProcessor
[THYMELEAF]             * [* {th:lang-xmllang,data-th-lang-xmllang}] [990]: org.thymeleaf.standard.processor.StandardLangXmlLangTagProcessor
[THYMELEAF]             * [* {th:action,data-th-action}] [1000]: org.thymeleaf.standard.processor.StandardActionTagProcessor
[THYMELEAF]             * [* {th:declare,data-th-declare}] [1000]: org.thymeleaf.standard.processor.StandardConditionalFixedValueTagProcessor
[THYMELEAF]             * [* {th:selected,data-th-selected}] [1000]: org.thymeleaf.standard.processor.StandardConditionalFixedValueTagProcessor
[THYMELEAF]             * [* {th:seamless,data-th-seamless}] [1000]: org.thymeleaf.standard.processor.StandardConditionalFixedValueTagProcessor
[THYMELEAF]             * [* {th:ismap,data-th-ismap}] [1000]: org.thymeleaf.standard.processor.StandardConditionalFixedValueTagProcessor
[THYMELEAF]             * [* {th:controls,data-th-controls}] [1000]: org.thymeleaf.standard.processor.StandardConditionalFixedValueTagProcessor
[THYMELEAF]             * [* {th:required,data-th-required}] [1000]: org.thymeleaf.standard.processor.StandardConditionalFixedValueTagProcessor
[THYMELEAF]             * [* {th:scoped,data-th-scoped}] [1000]: org.thymeleaf.standard.processor.StandardConditionalFixedValueTagProcessor
[THYMELEAF]             * [* {th:hidden,data-th-hidden}] [1000]: org.thymeleaf.standard.processor.StandardConditionalFixedValueTagProcessor
[THYMELEAF]             * [* {th:pubdate,data-th-pubdate}] [1000]: org.thymeleaf.standard.processor.StandardConditionalFixedValueTagProcessor
[THYMELEAF]             * [* {th:disabled,data-th-disabled}] [1000]: org.thymeleaf.standard.processor.StandardConditionalFixedValueTagProcessor
[THYMELEAF]             * [* {th:async,data-th-async}] [1000]: org.thymeleaf.standard.processor.StandardConditionalFixedValueTagProcessor
[THYMELEAF]             * [* {th:open,data-th-open}] [1000]: org.thymeleaf.standard.processor.StandardConditionalFixedValueTagProcessor
[THYMELEAF]             * [* {th:autofocus,data-th-autofocus}] [1000]: org.thymeleaf.standard.processor.StandardConditionalFixedValueTagProcessor
[THYMELEAF]             * [* {th:multiple,data-th-multiple}] [1000]: org.thymeleaf.standard.processor.StandardConditionalFixedValueTagProcessor
[THYMELEAF]             * [* {th:default,data-th-default}] [1000]: org.thymeleaf.standard.processor.StandardConditionalFixedValueTagProcessor
[THYMELEAF]             * [* {th:checked,data-th-checked}] [1000]: org.thymeleaf.standard.processor.StandardConditionalFixedValueTagProcessor
[THYMELEAF]             * [* {th:loop,data-th-loop}] [1000]: org.thymeleaf.standard.processor.StandardConditionalFixedValueTagProcessor
[THYMELEAF]             * [* {th:reversed,data-th-reversed}] [1000]: org.thymeleaf.standard.processor.StandardConditionalFixedValueTagProcessor
[THYMELEAF]             * [* {th:readonly,data-th-readonly}] [1000]: org.thymeleaf.standard.processor.StandardConditionalFixedValueTagProcessor
[THYMELEAF]             * [* {th:autoplay,data-th-autoplay}] [1000]: org.thymeleaf.standard.processor.StandardConditionalFixedValueTagProcessor
[THYMELEAF]             * [* {th:formnovalidate,data-th-formnovalidate}] [1000]: org.thymeleaf.standard.processor.StandardConditionalFixedValueTagProcessor
[THYMELEAF]             * [* {th:nowrap,data-th-nowrap}] [1000]: org.thymeleaf.standard.processor.StandardConditionalFixedValueTagProcessor
[THYMELEAF]             * [* {th:novalidate,data-th-novalidate}] [1000]: org.thymeleaf.standard.processor.StandardConditionalFixedValueTagProcessor
[THYMELEAF]             * [* {th:defer,data-th-defer}] [1000]: org.thymeleaf.standard.processor.StandardConditionalFixedValueTagProcessor
[THYMELEAF]             * [* {th:onreadystatechange,data-th-onreadystatechange}] [1000]: org.thymeleaf.standard.processor.StandardDOMEventAttributeTagProcessor
[THYMELEAF]             * [* {th:onhashchange,data-th-onhashchange}] [1000]: org.thymeleaf.standard.processor.StandardDOMEventAttributeTagProcessor
[THYMELEAF]             * [* {th:onafterprint,data-th-onafterprint}] [1000]: org.thymeleaf.standard.processor.StandardDOMEventAttributeTagProcessor
[THYMELEAF]             * [* {th:onloadedmetadata,data-th-onloadedmetadata}] [1000]: org.thymeleaf.standard.processor.StandardDOMEventAttributeTagProcessor
[THYMELEAF]             * [* {th:onplay,data-th-onplay}] [1000]: org.thymeleaf.standard.processor.StandardDOMEventAttributeTagProcessor
[THYMELEAF]             * [* {th:onmessage,data-th-onmessage}] [1000]: org.thymeleaf.standard.processor.StandardDOMEventAttributeTagProcessor
[THYMELEAF]             * [* {th:onseeking,data-th-onseeking}] [1000]: org.thymeleaf.standard.processor.StandardDOMEventAttributeTagProcessor
[THYMELEAF]             * [* {th:ondurationchange,data-th-ondurationchange}] [1000]: org.thymeleaf.standard.processor.StandardDOMEventAttributeTagProcessor
[THYMELEAF]             * [* {th:onoffline,data-th-onoffline}] [1000]: org.thymeleaf.standard.processor.StandardDOMEventAttributeTagProcessor
[THYMELEAF]             * [* {th:onratechange,data-th-onratechange}] [1000]: org.thymeleaf.standard.processor.StandardDOMEventAttributeTagProcessor
[THYMELEAF]             * [* {th:oninput,data-th-oninput}] [1000]: org.thymeleaf.standard.processor.StandardDOMEventAttributeTagProcessor
[THYMELEAF]             * [* {th:onfocus,data-th-onfocus}] [1000]: org.thymeleaf.standard.processor.StandardDOMEventAttributeTagProcessor
[THYMELEAF]             * [* {th:onbeforeunload,data-th-onbeforeunload}] [1000]: org.thymeleaf.standard.processor.StandardDOMEventAttributeTagProcessor
[THYMELEAF]             * [* {th:onloadstart,data-th-onloadstart}] [1000]: org.thymeleaf.standard.processor.StandardDOMEventAttributeTagProcessor
[THYMELEAF]             * [* {th:onstorage,data-th-onstorage}] [1000]: org.thymeleaf.standard.processor.StandardDOMEventAttributeTagProcessor
[THYMELEAF]             * [* {th:onmouseup,data-th-onmouseup}] [1000]: org.thymeleaf.standard.processor.StandardDOMEventAttributeTagProcessor
[THYMELEAF]             * [* {th:onstalled,data-th-onstalled}] [1000]: org.thymeleaf.standard.processor.StandardDOMEventAttributeTagProcessor
[THYMELEAF]             * [* {th:onmousedown,data-th-onmousedown}] [1000]: org.thymeleaf.standard.processor.StandardDOMEventAttributeTagProcessor
[THYMELEAF]             * [* {th:onkeyup,data-th-onkeyup}] [1000]: org.thymeleaf.standard.processor.StandardDOMEventAttributeTagProcessor
[THYMELEAF]             * [* {th:onabort,data-th-onabort}] [1000]: org.thymeleaf.standard.processor.StandardDOMEventAttributeTagProcessor
[THYMELEAF]             * [* {th:onresize,data-th-onresize}] [1000]: org.thymeleaf.standard.processor.StandardDOMEventAttributeTagProcessor
[THYMELEAF]             * [* {th:oncanplaythrough,data-th-oncanplaythrough}] [1000]: org.thymeleaf.standard.processor.StandardDOMEventAttributeTagProcessor
[THYMELEAF]             * [* {th:onwaiting,data-th-onwaiting}] [1000]: org.thymeleaf.standard.processor.StandardDOMEventAttributeTagProcessor
[THYMELEAF]             * [* {th:onplaying,data-th-onplaying}] [1000]: org.thymeleaf.standard.processor.StandardDOMEventAttributeTagProcessor
[THYMELEAF]             * [* {th:onclick,data-th-onclick}] [1000]: org.thymeleaf.standard.processor.StandardDOMEventAttributeTagProcessor
[THYMELEAF]             * [* {th:onpopstate,data-th-onpopstate}] [1000]: org.thymeleaf.standard.processor.StandardDOMEventAttributeTagProcessor
[THYMELEAF]             * [* {th:ondragend,data-th-ondragend}] [1000]: org.thymeleaf.standard.processor.StandardDOMEventAttributeTagProcessor
[THYMELEAF]             * [* {th:onloadeddata,data-th-onloadeddata}] [1000]: org.thymeleaf.standard.processor.StandardDOMEventAttributeTagProcessor
[THYMELEAF]             * [* {th:onerror,data-th-onerror}] [1000]: org.thymeleaf.standard.processor.StandardDOMEventAttributeTagProcessor
[THYMELEAF]             * [* {th:ononline,data-th-ononline}] [1000]: org.thymeleaf.standard.processor.StandardDOMEventAttributeTagProcessor
[THYMELEAF]             * [* {th:onkeypress,data-th-onkeypress}] [1000]: org.thymeleaf.standard.processor.StandardDOMEventAttributeTagProcessor
[THYMELEAF]             * [* {th:ondragenter,data-th-ondragenter}] [1000]: org.thymeleaf.standard.processor.StandardDOMEventAttributeTagProcessor
[THYMELEAF]             * [* {th:onblur,data-th-onblur}] [1000]: org.thymeleaf.standard.processor.StandardDOMEventAttributeTagProcessor
[THYMELEAF]             * [* {th:ondblclick,data-th-ondblclick}] [1000]: org.thymeleaf.standard.processor.StandardDOMEventAttributeTagProcessor
[THYMELEAF]             * [* {th:onprogress,data-th-onprogress}] [1000]: org.thymeleaf.standard.processor.StandardDOMEventAttributeTagProcessor
[THYMELEAF]             * [* {th:ondrag,data-th-ondrag}] [1000]: org.thymeleaf.standard.processor.StandardDOMEventAttributeTagProcessor
[THYMELEAF]             * [* {th:ondragstart,data-th-ondragstart}] [1000]: org.thymeleaf.standard.processor.StandardDOMEventAttributeTagProcessor
[THYMELEAF]             * [* {th:onended,data-th-onended}] [1000]: org.thymeleaf.standard.processor.StandardDOMEventAttributeTagProcessor
[THYMELEAF]             * [* {th:onundo,data-th-onundo}] [1000]: org.thymeleaf.standard.processor.StandardDOMEventAttributeTagProcessor
[THYMELEAF]             * [* {th:onreset,data-th-onreset}] [1000]: org.thymeleaf.standard.processor.StandardDOMEventAttributeTagProcessor
[THYMELEAF]             * [* {th:ondragover,data-th-ondragover}] [1000]: org.thymeleaf.standard.processor.StandardDOMEventAttributeTagProcessor
[THYMELEAF]             * [* {th:onredo,data-th-onredo}] [1000]: org.thymeleaf.standard.processor.StandardDOMEventAttributeTagProcessor
[THYMELEAF]             * [* {th:onload,data-th-onload}] [1000]: org.thymeleaf.standard.processor.StandardDOMEventAttributeTagProcessor
[THYMELEAF]             * [* {th:oninvalid,data-th-oninvalid}] [1000]: org.thymeleaf.standard.processor.StandardDOMEventAttributeTagProcessor
[THYMELEAF]             * [* {th:onselect,data-th-onselect}] [1000]: org.thymeleaf.standard.processor.StandardDOMEventAttributeTagProcessor
[THYMELEAF]             * [* {th:onmouseover,data-th-onmouseover}] [1000]: org.thymeleaf.standard.processor.StandardDOMEventAttributeTagProcessor
[THYMELEAF]             * [* {th:onkeydown,data-th-onkeydown}] [1000]: org.thymeleaf.standard.processor.StandardDOMEventAttributeTagProcessor
[THYMELEAF]             * [* {th:onemptied,data-th-onemptied}] [1000]: org.thymeleaf.standard.processor.StandardDOMEventAttributeTagProcessor
[THYMELEAF]             * [* {th:oncanplay,data-th-oncanplay}] [1000]: org.thymeleaf.standard.processor.StandardDOMEventAttributeTagProcessor
[THYMELEAF]             * [* {th:onmousemove,data-th-onmousemove}] [1000]: org.thymeleaf.standard.processor.StandardDOMEventAttributeTagProcessor
[THYMELEAF]             * [* {th:onforminput,data-th-onforminput}] [1000]: org.thymeleaf.standard.processor.StandardDOMEventAttributeTagProcessor
[THYMELEAF]             * [* {th:oncontextmenu,data-th-oncontextmenu}] [1000]: org.thymeleaf.standard.processor.StandardDOMEventAttributeTagProcessor
[THYMELEAF]             * [* {th:ondrop,data-th-ondrop}] [1000]: org.thymeleaf.standard.processor.StandardDOMEventAttributeTagProcessor
[THYMELEAF]             * [* {th:onsuspend,data-th-onsuspend}] [1000]: org.thymeleaf.standard.processor.StandardDOMEventAttributeTagProcessor
[THYMELEAF]             * [* {th:ondragleave,data-th-ondragleave}] [1000]: org.thymeleaf.standard.processor.StandardDOMEventAttributeTagProcessor
[THYMELEAF]             * [* {th:onseeked,data-th-onseeked}] [1000]: org.thymeleaf.standard.processor.StandardDOMEventAttributeTagProcessor
[THYMELEAF]             * [* {th:onunload,data-th-onunload}] [1000]: org.thymeleaf.standard.processor.StandardDOMEventAttributeTagProcessor
[THYMELEAF]             * [* {th:ontimeupdate,data-th-ontimeupdate}] [1000]: org.thymeleaf.standard.processor.StandardDOMEventAttributeTagProcessor
[THYMELEAF]             * [* {th:onshow,data-th-onshow}] [1000]: org.thymeleaf.standard.processor.StandardDOMEventAttributeTagProcessor
[THYMELEAF]             * [* {th:onvolumechange,data-th-onvolumechange}] [1000]: org.thymeleaf.standard.processor.StandardDOMEventAttributeTagProcessor
[THYMELEAF]             * [* {th:onchange,data-th-onchange}] [1000]: org.thymeleaf.standard.processor.StandardDOMEventAttributeTagProcessor
[THYMELEAF]             * [* {th:onformchange,data-th-onformchange}] [1000]: org.thymeleaf.standard.processor.StandardDOMEventAttributeTagProcessor
[THYMELEAF]             * [* {th:onbeforeprint,data-th-onbeforeprint}] [1000]: org.thymeleaf.standard.processor.StandardDOMEventAttributeTagProcessor
[THYMELEAF]             * [* {th:onscroll,data-th-onscroll}] [1000]: org.thymeleaf.standard.processor.StandardDOMEventAttributeTagProcessor
[THYMELEAF]             * [* {th:onmousewheel,data-th-onmousewheel}] [1000]: org.thymeleaf.standard.processor.StandardDOMEventAttributeTagProcessor
[THYMELEAF]             * [* {th:onmouseout,data-th-onmouseout}] [1000]: org.thymeleaf.standard.processor.StandardDOMEventAttributeTagProcessor
[THYMELEAF]             * [* {th:onpause,data-th-onpause}] [1000]: org.thymeleaf.standard.processor.StandardDOMEventAttributeTagProcessor
[THYMELEAF]             * [* {th:onsubmit,data-th-onsubmit}] [1000]: org.thymeleaf.standard.processor.StandardDOMEventAttributeTagProcessor
[THYMELEAF]             * [* {th:href,data-th-href}] [1000]: org.thymeleaf.standard.processor.StandardHrefTagProcessor
[THYMELEAF]             * [* {th:inline,data-th-inline}] [1000]: org.thymeleaf.standard.processor.StandardInlineHTMLTagProcessor
[THYMELEAF]             * [* {th:method,data-th-method}] [1000]: org.thymeleaf.standard.processor.StandardMethodTagProcessor
[THYMELEAF]             * [* {th:name,data-th-name}] [1000]: org.thymeleaf.standard.processor.StandardNonRemovableAttributeTagProcessor
[THYMELEAF]             * [* {th:type,data-th-type}] [1000]: org.thymeleaf.standard.processor.StandardNonRemovableAttributeTagProcessor
[THYMELEAF]             * [* {th:scrolling,data-th-scrolling}] [1000]: org.thymeleaf.standard.processor.StandardRemovableAttributeTagProcessor
[THYMELEAF]             * [* {th:accesskey,data-th-accesskey}] [1000]: org.thymeleaf.standard.processor.StandardRemovableAttributeTagProcessor
[THYMELEAF]             * [* {th:scheme,data-th-scheme}] [1000]: org.thymeleaf.standard.processor.StandardRemovableAttributeTagProcessor
[THYMELEAF]             * [* {th:draggable,data-th-draggable}] [1000]: org.thymeleaf.standard.processor.StandardRemovableAttributeTagProcessor
[THYMELEAF]             * [* {th:cols,data-th-cols}] [1000]: org.thymeleaf.standard.processor.StandardRemovableAttributeTagProcessor
[THYMELEAF]             * [* {th:scope,data-th-scope}] [1000]: org.thymeleaf.standard.processor.StandardRemovableAttributeTagProcessor
[THYMELEAF]             * [* {th:usemap,data-th-usemap}] [1000]: org.thymeleaf.standard.processor.StandardRemovableAttributeTagProcessor
[THYMELEAF]             * [* {th:start,data-th-start}] [1000]: org.thymeleaf.standard.processor.StandardRemovableAttributeTagProcessor
[THYMELEAF]             * [* {th:keytype,data-th-keytype}] [1000]: org.thymeleaf.standard.processor.StandardRemovableAttributeTagProcessor
[THYMELEAF]             * [* {th:align,data-th-align}] [1000]: org.thymeleaf.standard.processor.StandardRemovableAttributeTagProcessor
[THYMELEAF]             * [* {th:target,data-th-target}] [1000]: org.thymeleaf.standard.processor.StandardRemovableAttributeTagProcessor
[THYMELEAF]             * [* {th:summary,data-th-summary}] [1000]: org.thymeleaf.standard.processor.StandardRemovableAttributeTagProcessor
[THYMELEAF]             * [* {th:sizes,data-th-sizes}] [1000]: org.thymeleaf.standard.processor.StandardRemovableAttributeTagProcessor
[THYMELEAF]             * [* {th:colspan,data-th-colspan}] [1000]: org.thymeleaf.standard.processor.StandardRemovableAttributeTagProcessor
[THYMELEAF]             * [* {th:id,data-th-id}] [1000]: org.thymeleaf.standard.processor.StandardRemovableAttributeTagProcessor
[THYMELEAF]             * [* {th:rules,data-th-rules}] [1000]: org.thymeleaf.standard.processor.StandardRemovableAttributeTagProcessor
[THYMELEAF]             * [* {th:longdesc,data-th-longdesc}] [1000]: org.thymeleaf.standard.processor.StandardRemovableAttributeTagProcessor
[THYMELEAF]             * [* {th:contextmenu,data-th-contextmenu}] [1000]: org.thymeleaf.standard.processor.StandardRemovableAttributeTagProcessor
[THYMELEAF]             * [* {th:hspace,data-th-hspace}] [1000]: org.thymeleaf.standard.processor.StandardRemovableAttributeTagProcessor
[THYMELEAF]             * [* {th:background,data-th-background}] [1000]: org.thymeleaf.standard.processor.StandardRemovableAttributeTagProcessor
[THYMELEAF]             * [* {th:charset,data-th-charset}] [1000]: org.thymeleaf.standard.processor.StandardRemovableAttributeTagProcessor
[THYMELEAF]             * [* {th:formtarget,data-th-formtarget}] [1000]: org.thymeleaf.standard.processor.StandardRemovableAttributeTagProcessor
[THYMELEAF]             * [* {th:dir,data-th-dir}] [1000]: org.thymeleaf.standard.processor.StandardRemovableAttributeTagProcessor
[THYMELEAF]             * [* {th:datetime,data-th-datetime}] [1000]: org.thymeleaf.standard.processor.StandardRemovableAttributeTagProcessor
[THYMELEAF]             * [* {th:dropzone,data-th-dropzone}] [1000]: org.thymeleaf.standard.processor.StandardRemovableAttributeTagProcessor
[THYMELEAF]             * [* {th:icon,data-th-icon}] [1000]: org.thymeleaf.standard.processor.StandardRemovableAttributeTagProcessor
[THYMELEAF]             * [* {th:accept,data-th-accept}] [1000]: org.thymeleaf.standard.processor.StandardRemovableAttributeTagProcessor
[THYMELEAF]             * [* {th:marginwidth,data-th-marginwidth}] [1000]: org.thymeleaf.standard.processor.StandardRemovableAttributeTagProcessor
[THYMELEAF]             * [* {th:codetype,data-th-codetype}] [1000]: org.thymeleaf.standard.processor.StandardRemovableAttributeTagProcessor
[THYMELEAF]             * [* {th:title,data-th-title}] [1000]: org.thymeleaf.standard.processor.StandardRemovableAttributeTagProcessor
[THYMELEAF]             * [* {th:classid,data-th-classid}] [1000]: org.thymeleaf.standard.processor.StandardRemovableAttributeTagProcessor
[THYMELEAF]             * [* {th:maxlength,data-th-maxlength}] [1000]: org.thymeleaf.standard.processor.StandardRemovableAttributeTagProcessor
[THYMELEAF]             * [* {th:style,data-th-style}] [1000]: org.thymeleaf.standard.processor.StandardRemovableAttributeTagProcessor
[THYMELEAF]             * [* {th:audio,data-th-audio}] [1000]: org.thymeleaf.standard.processor.StandardRemovableAttributeTagProcessor
[THYMELEAF]             * [* {th:rel,data-th-rel}] [1000]: org.thymeleaf.standard.processor.StandardRemovableAttributeTagProcessor
[THYMELEAF]             * [* {th:kind,data-th-kind}] [1000]: org.thymeleaf.standard.processor.StandardRemovableAttributeTagProcessor
[THYMELEAF]             * [* {th:rev,data-th-rev}] [1000]: org.thymeleaf.standard.processor.StandardRemovableAttributeTagProcessor
[THYMELEAF]             * [* {th:pattern,data-th-pattern}] [1000]: org.thymeleaf.standard.processor.StandardRemovableAttributeTagProcessor
[THYMELEAF]             * [* {th:tabindex,data-th-tabindex}] [1000]: org.thymeleaf.standard.processor.StandardRemovableAttributeTagProcessor
[THYMELEAF]             * [* {th:cellspacing,data-th-cellspacing}] [1000]: org.thymeleaf.standard.processor.StandardRemovableAttributeTagProcessor
[THYMELEAF]             * [* {th:valuetype,data-th-valuetype}] [1000]: org.thymeleaf.standard.processor.StandardRemovableAttributeTagProcessor
[THYMELEAF]             * [* {th:size,data-th-size}] [1000]: org.thymeleaf.standard.processor.StandardRemovableAttributeTagProcessor
[THYMELEAF]             * [* {th:marginheight,data-th-marginheight}] [1000]: org.thymeleaf.standard.processor.StandardRemovableAttributeTagProcessor
[THYMELEAF]             * [* {th:preload,data-th-preload}] [1000]: org.thymeleaf.standard.processor.StandardRemovableAttributeTagProcessor
[THYMELEAF]             * [* {th:archive,data-th-archive}] [1000]: org.thymeleaf.standard.processor.StandardRemovableAttributeTagProcessor
[THYMELEAF]             * [* {th:high,data-th-high}] [1000]: org.thymeleaf.standard.processor.StandardRemovableAttributeTagProcessor
[THYMELEAF]             * [* {th:lang,data-th-lang}] [1000]: org.thymeleaf.standard.processor.StandardRemovableAttributeTagProcessor
[THYMELEAF]             * [* {th:label,data-th-label}] [1000]: org.thymeleaf.standard.processor.StandardRemovableAttributeTagProcessor
[THYMELEAF]             * [* {th:formaction,data-th-formaction}] [1000]: org.thymeleaf.standard.processor.StandardRemovableAttributeTagProcessor
[THYMELEAF]             * [* {th:http-equiv,data-th-http-equiv}] [1000]: org.thymeleaf.standard.processor.StandardRemovableAttributeTagProcessor
[THYMELEAF]             * [* {th:span,data-th-span}] [1000]: org.thymeleaf.standard.processor.StandardRemovableAttributeTagProcessor
[THYMELEAF]             * [* {th:placeholder,data-th-placeholder}] [1000]: org.thymeleaf.standard.processor.StandardRemovableAttributeTagProcessor
[THYMELEAF]             * [* {th:manifest,data-th-manifest}] [1000]: org.thymeleaf.standard.processor.StandardRemovableAttributeTagProcessor
[THYMELEAF]             * [* {th:srclang,data-th-srclang}] [1000]: org.thymeleaf.standard.processor.StandardRemovableAttributeTagProcessor
[THYMELEAF]             * [* {th:low,data-th-low}] [1000]: org.thymeleaf.standard.processor.StandardRemovableAttributeTagProcessor
[THYMELEAF]             * [* {th:width,data-th-width}] [1000]: org.thymeleaf.standard.processor.StandardRemovableAttributeTagProcessor
[THYMELEAF]             * [* {th:compact,data-th-compact}] [1000]: org.thymeleaf.standard.processor.StandardRemovableAttributeTagProcessor
[THYMELEAF]             * [* {th:wrap,data-th-wrap}] [1000]: org.thymeleaf.standard.processor.StandardRemovableAttributeTagProcessor
[THYMELEAF]             * [* {th:media,data-th-media}] [1000]: org.thymeleaf.standard.processor.StandardRemovableAttributeTagProcessor
[THYMELEAF]             * [* {th:poster,data-th-poster}] [1000]: org.thymeleaf.standard.processor.StandardRemovableAttributeTagProcessor
[THYMELEAF]             * [* {th:codebase,data-th-codebase}] [1000]: org.thymeleaf.standard.processor.StandardRemovableAttributeTagProcessor
[THYMELEAF]             * [* {th:border,data-th-border}] [1000]: org.thymeleaf.standard.processor.StandardRemovableAttributeTagProcessor
[THYMELEAF]             * [* {th:min,data-th-min}] [1000]: org.thymeleaf.standard.processor.StandardRemovableAttributeTagProcessor
[THYMELEAF]             * [* {th:max,data-th-max}] [1000]: org.thymeleaf.standard.processor.StandardRemovableAttributeTagProcessor
[THYMELEAF]             * [* {th:frameborder,data-th-frameborder}] [1000]: org.thymeleaf.standard.processor.StandardRemovableAttributeTagProcessor
[THYMELEAF]             * [* {th:for,data-th-for}] [1000]: org.thymeleaf.standard.processor.StandardRemovableAttributeTagProcessor
[THYMELEAF]             * [* {th:list,data-th-list}] [1000]: org.thymeleaf.standard.processor.StandardRemovableAttributeTagProcessor
[THYMELEAF]             * [* {th:class,data-th-class}] [1000]: org.thymeleaf.standard.processor.StandardRemovableAttributeTagProcessor
[THYMELEAF]             * [* {th:step,data-th-step}] [1000]: org.thymeleaf.standard.processor.StandardRemovableAttributeTagProcessor
[THYMELEAF]             * [* {th:standby,data-th-standby}] [1000]: org.thymeleaf.standard.processor.StandardRemovableAttributeTagProcessor
[THYMELEAF]             * [* {th:alt,data-th-alt}] [1000]: org.thymeleaf.standard.processor.StandardRemovableAttributeTagProcessor
[THYMELEAF]             * [* {th:rows,data-th-rows}] [1000]: org.thymeleaf.standard.processor.StandardRemovableAttributeTagProcessor
[THYMELEAF]             * [* {th:optimum,data-th-optimum}] [1000]: org.thymeleaf.standard.processor.StandardRemovableAttributeTagProcessor
[THYMELEAF]             * [* {th:contenteditable,data-th-contenteditable}] [1000]: org.thymeleaf.standard.processor.StandardRemovableAttributeTagProcessor
[THYMELEAF]             * [* {th:sandbox,data-th-sandbox}] [1000]: org.thymeleaf.standard.processor.StandardRemovableAttributeTagProcessor
[THYMELEAF]             * [* {th:cite,data-th-cite}] [1000]: org.thymeleaf.standard.processor.StandardRemovableAttributeTagProcessor
[THYMELEAF]             * [* {th:cellpadding,data-th-cellpadding}] [1000]: org.thymeleaf.standard.processor.StandardRemovableAttributeTagProcessor
[THYMELEAF]             * [* {th:hreflang,data-th-hreflang}] [1000]: org.thymeleaf.standard.processor.StandardRemovableAttributeTagProcessor
[THYMELEAF]             * [* {th:headers,data-th-headers}] [1000]: org.thymeleaf.standard.processor.StandardRemovableAttributeTagProcessor
[THYMELEAF]             * [* {th:frame,data-th-frame}] [1000]: org.thymeleaf.standard.processor.StandardRemovableAttributeTagProcessor
[THYMELEAF]             * [* {th:radiogroup,data-th-radiogroup}] [1000]: org.thymeleaf.standard.processor.StandardRemovableAttributeTagProcessor
[THYMELEAF]             * [* {th:challenge,data-th-challenge}] [1000]: org.thymeleaf.standard.processor.StandardRemovableAttributeTagProcessor
[THYMELEAF]             * [* {th:spellcheck,data-th-spellcheck}] [1000]: org.thymeleaf.standard.processor.StandardRemovableAttributeTagProcessor
[THYMELEAF]             * [* {th:rowspan,data-th-rowspan}] [1000]: org.thymeleaf.standard.processor.StandardRemovableAttributeTagProcessor
[THYMELEAF]             * [* {th:formenctype,data-th-formenctype}] [1000]: org.thymeleaf.standard.processor.StandardRemovableAttributeTagProcessor
[THYMELEAF]             * [* {th:axis,data-th-axis}] [1000]: org.thymeleaf.standard.processor.StandardRemovableAttributeTagProcessor
[THYMELEAF]             * [* {th:content,data-th-content}] [1000]: org.thymeleaf.standard.processor.StandardRemovableAttributeTagProcessor
[THYMELEAF]             * [* {th:formmethod,data-th-formmethod}] [1000]: org.thymeleaf.standard.processor.StandardRemovableAttributeTagProcessor
[THYMELEAF]             * [* {th:form,data-th-form}] [1000]: org.thymeleaf.standard.processor.StandardRemovableAttributeTagProcessor
[THYMELEAF]             * [* {th:abbr,data-th-abbr}] [1000]: org.thymeleaf.standard.processor.StandardRemovableAttributeTagProcessor
[THYMELEAF]             * [* {th:bgcolor,data-th-bgcolor}] [1000]: org.thymeleaf.standard.processor.StandardRemovableAttributeTagProcessor
[THYMELEAF]             * [* {th:autocomplete,data-th-autocomplete}] [1000]: org.thymeleaf.standard.processor.StandardRemovableAttributeTagProcessor
[THYMELEAF]             * [* {th:accept-charset,data-th-accept-charset}] [1000]: org.thymeleaf.standard.processor.StandardRemovableAttributeTagProcessor
[THYMELEAF]             * [* {th:vspace,data-th-vspace}] [1000]: org.thymeleaf.standard.processor.StandardRemovableAttributeTagProcessor
[THYMELEAF]             * [* {th:data,data-th-data}] [1000]: org.thymeleaf.standard.processor.StandardRemovableAttributeTagProcessor
[THYMELEAF]             * [* {th:enctype,data-th-enctype}] [1000]: org.thymeleaf.standard.processor.StandardRemovableAttributeTagProcessor
[THYMELEAF]             * [* {th:height,data-th-height}] [1000]: org.thymeleaf.standard.processor.StandardRemovableAttributeTagProcessor
[THYMELEAF]             * [* {th:src,data-th-src}] [1000]: org.thymeleaf.standard.processor.StandardSrcTagProcessor
[THYMELEAF]             * [* {th:value,data-th-value}] [1000]: org.thymeleaf.standard.processor.StandardValueTagProcessor
[THYMELEAF]             * [* {th:xmlbase,data-th-xmlbase}] [1000]: org.thymeleaf.standard.processor.StandardXmlBaseTagProcessor
[THYMELEAF]             * [* {th:xmllang,data-th-xmllang}] [1000]: org.thymeleaf.standard.processor.StandardXmlLangTagProcessor
[THYMELEAF]             * [* {xmlns:th}] [1000]: org.thymeleaf.standard.processor.StandardXmlNsTagProcessor
[THYMELEAF]             * [* {th:xmlspace,data-th-xmlspace}] [1000]: org.thymeleaf.standard.processor.StandardXmlSpaceTagProcessor
[THYMELEAF]             * [* {th:classappend,data-th-classappend}] [1100]: org.thymeleaf.standard.processor.StandardClassappendTagProcessor
[THYMELEAF]             * [* {th:styleappend,data-th-styleappend}] [1100]: org.thymeleaf.standard.processor.StandardStyleappendTagProcessor
[THYMELEAF]             * [* {th:text,data-th-text}] [1300]: org.thymeleaf.standard.processor.StandardTextTagProcessor
[THYMELEAF]             * [* {th:utext,data-th-utext}] [1400]: org.thymeleaf.standard.processor.StandardUtextTagProcessor
[THYMELEAF]             * [* {th:fragment,data-th-fragment}] [1500]: org.thymeleaf.standard.processor.StandardFragmentTagProcessor
[THYMELEAF]             * [* {th:assert,data-th-assert}] [1550]: org.thymeleaf.standard.processor.StandardAssertTagProcessor
[THYMELEAF]             * [* {th:remove,data-th-remove}] [1600]: org.thymeleaf.standard.processor.StandardRemoveTagProcessor
[THYMELEAF]             * [* {th:ref,data-th-ref}] [10000]: org.thymeleaf.standard.processor.StandardRefAttributeTagProcessor
[THYMELEAF]             * [{th:block,th-block} *] [100000]: org.thymeleaf.standard.processor.StandardBlockTagProcessor
[THYMELEAF]             * [* th:*] [2147483647]: org.thymeleaf.standard.processor.StandardDefaultAttributesTagProcessor
[THYMELEAF]         * Text Processors by [precedence]:
[THYMELEAF]             * [1000]: org.thymeleaf.standard.processor.StandardInliningTextProcessor
[THYMELEAF]         * DOCTYPE Processors by [precedence]:
[THYMELEAF]             * [1000]: org.thymeleaf.standard.processor.StandardTranslationDocTypeProcessor
[THYMELEAF]         * CDATA Section Processors by [precedence]:
[THYMELEAF]             * [1000]: org.thymeleaf.standard.processor.StandardInliningCDATASectionProcessor
[THYMELEAF]         * Comment Processors by [precedence]:
[THYMELEAF]             * [1000]: org.thymeleaf.standard.processor.StandardInliningCommentProcessor
[THYMELEAF]             * [1100]: org.thymeleaf.standard.processor.StandardConditionalCommentProcessor
[THYMELEAF]     * Processors for Template Mode: XML
[THYMELEAF]         * Element Tag Processors by [matching element and attribute name] [precedence]:
[THYMELEAF]             * [* {th:include}] [100]: org.thymeleaf.standard.processor.StandardIncludeTagProcessor
[THYMELEAF]             * [* {th:insert}] [100]: org.thymeleaf.standard.processor.StandardInsertTagProcessor
[THYMELEAF]             * [* {th:replace}] [100]: org.thymeleaf.standard.processor.StandardReplaceTagProcessor
[THYMELEAF]             * [* {th:each}] [200]: com.intuit.karate.template.KarateEachTagProcessor
[THYMELEAF]             * [* {th:switch}] [250]: org.thymeleaf.standard.processor.StandardSwitchTagProcessor
[THYMELEAF]             * [* {th:case}] [275]: org.thymeleaf.standard.processor.StandardCaseTagProcessor
[THYMELEAF]             * [* {th:if}] [300]: org.thymeleaf.standard.processor.StandardIfTagProcessor
[THYMELEAF]             * [* {th:unless}] [400]: org.thymeleaf.standard.processor.StandardUnlessTagProcessor
[THYMELEAF]             * [* {th:object}] [500]: org.thymeleaf.standard.processor.StandardObjectTagProcessor
[THYMELEAF]             * [* {th:with}] [600]: com.intuit.karate.template.KarateWithTagProcessor
[THYMELEAF]             * [* {th:attr}] [700]: com.intuit.karate.template.KarateAttributeTagProcessor.KarateAttrTagProcessor
[THYMELEAF]             * [* {th:attrappend}] [900]: com.intuit.karate.template.KarateAttributeTagProcessor.KarateAttrappendTagProcessor
[THYMELEAF]             * [* {th:attrprepend}] [900]: com.intuit.karate.template.KarateAttributeTagProcessor.KarateAttrprependTagProcessor
[THYMELEAF]             * [* {th:inline}] [1000]: org.thymeleaf.standard.processor.StandardInlineXMLTagProcessor
[THYMELEAF]             * [* {xmlns:th}] [1000]: org.thymeleaf.standard.processor.StandardXmlNsTagProcessor
[THYMELEAF]             * [* {th:text}] [1300]: org.thymeleaf.standard.processor.StandardTextTagProcessor
[THYMELEAF]             * [* {th:utext}] [1400]: org.thymeleaf.standard.processor.StandardUtextTagProcessor
[THYMELEAF]             * [* {th:fragment}] [1500]: org.thymeleaf.standard.processor.StandardFragmentTagProcessor
[THYMELEAF]             * [* {th:assert}] [1550]: org.thymeleaf.standard.processor.StandardAssertTagProcessor
[THYMELEAF]             * [* {th:remove}] [1600]: org.thymeleaf.standard.processor.StandardRemoveTagProcessor
[THYMELEAF]             * [* {th:ref}] [10000]: org.thymeleaf.standard.processor.StandardRefAttributeTagProcessor
[THYMELEAF]             * [{th:block} *] [100000]: org.thymeleaf.standard.processor.StandardBlockTagProcessor
[THYMELEAF]             * [* th:*] [2147483647]: org.thymeleaf.standard.processor.StandardDefaultAttributesTagProcessor
[THYMELEAF]         * Text Processors by [precedence]:
[THYMELEAF]             * [1000]: org.thymeleaf.standard.processor.StandardInliningTextProcessor
[THYMELEAF]         * CDATA Section Processors by [precedence]:
[THYMELEAF]             * [1000]: org.thymeleaf.standard.processor.StandardInliningCDATASectionProcessor
[THYMELEAF]         * Comment Processors by [precedence]:
[THYMELEAF]             * [1000]: org.thymeleaf.standard.processor.StandardInliningCommentProcessor
[THYMELEAF]     * Processors for Template Mode: TEXT
[THYMELEAF]         * Element Tag Processors by [matching element and attribute name] [precedence]:
[THYMELEAF]             * [* {th:insert}] [100]: org.thymeleaf.standard.processor.StandardInsertTagProcessor
[THYMELEAF]             * [* {th:replace}] [100]: org.thymeleaf.standard.processor.StandardReplaceTagProcessor
[THYMELEAF]             * [* {th:each}] [200]: com.intuit.karate.template.KarateEachTagProcessor
[THYMELEAF]             * [* {th:switch}] [250]: org.thymeleaf.standard.processor.StandardSwitchTagProcessor
[THYMELEAF]             * [* {th:case}] [275]: org.thymeleaf.standard.processor.StandardCaseTagProcessor
[THYMELEAF]             * [* {th:if}] [300]: org.thymeleaf.standard.processor.StandardIfTagProcessor
[THYMELEAF]             * [* {th:unless}] [400]: org.thymeleaf.standard.processor.StandardUnlessTagProcessor
[THYMELEAF]             * [* {th:object}] [500]: org.thymeleaf.standard.processor.StandardObjectTagProcessor
[THYMELEAF]             * [* {th:with}] [600]: com.intuit.karate.template.KarateWithTagProcessor
[THYMELEAF]             * [* {th:inline}] [1000]: org.thymeleaf.standard.processor.StandardInlineTextualTagProcessor
[THYMELEAF]             * [* {th:text}] [1300]: org.thymeleaf.standard.processor.StandardTextTagProcessor
[THYMELEAF]             * [* {th:utext}] [1400]: org.thymeleaf.standard.processor.StandardUtextTagProcessor
[THYMELEAF]             * [* {th:assert}] [1550]: org.thymeleaf.standard.processor.StandardAssertTagProcessor
[THYMELEAF]             * [* {th:remove}] [1600]: org.thymeleaf.standard.processor.StandardRemoveTagProcessor
[THYMELEAF]             * [* 100000] [org.thymeleaf.standard.processor.StandardBlockTagProcessor]: {}
[THYMELEAF]             * [{th:block} *] [100000]: org.thymeleaf.standard.processor.StandardBlockTagProcessor
[THYMELEAF]         * Text Processors by [precedence]:
[THYMELEAF]             * [1000]: org.thymeleaf.standard.processor.StandardInliningTextProcessor
[THYMELEAF]     * Processors for Template Mode: JAVASCRIPT
[THYMELEAF]         * Element Tag Processors by [matching element and attribute name] [precedence]:
[THYMELEAF]             * [* {th:insert}] [100]: org.thymeleaf.standard.processor.StandardInsertTagProcessor
[THYMELEAF]             * [* {th:replace}] [100]: org.thymeleaf.standard.processor.StandardReplaceTagProcessor
[THYMELEAF]             * [* {th:each}] [200]: com.intuit.karate.template.KarateEachTagProcessor
[THYMELEAF]             * [* {th:switch}] [250]: org.thymeleaf.standard.processor.StandardSwitchTagProcessor
[THYMELEAF]             * [* {th:case}] [275]: org.thymeleaf.standard.processor.StandardCaseTagProcessor
[THYMELEAF]             * [* {th:if}] [300]: org.thymeleaf.standard.processor.StandardIfTagProcessor
[THYMELEAF]             * [* {th:unless}] [400]: org.thymeleaf.standard.processor.StandardUnlessTagProcessor
[THYMELEAF]             * [* {th:object}] [500]: org.thymeleaf.standard.processor.StandardObjectTagProcessor
[THYMELEAF]             * [* {th:with}] [600]: com.intuit.karate.template.KarateWithTagProcessor
[THYMELEAF]             * [* {th:inline}] [1000]: org.thymeleaf.standard.processor.StandardInlineTextualTagProcessor
[THYMELEAF]             * [* {th:text}] [1300]: org.thymeleaf.standard.processor.StandardTextTagProcessor
[THYMELEAF]             * [* {th:utext}] [1400]: org.thymeleaf.standard.processor.StandardUtextTagProcessor
[THYMELEAF]             * [* {th:assert}] [1550]: org.thymeleaf.standard.processor.StandardAssertTagProcessor
[THYMELEAF]             * [* {th:remove}] [1600]: org.thymeleaf.standard.processor.StandardRemoveTagProcessor
[THYMELEAF]             * [{th:block} *] [100000]: org.thymeleaf.standard.processor.StandardBlockTagProcessor
[THYMELEAF]             * [* 100000] [org.thymeleaf.standard.processor.StandardBlockTagProcessor]: {}
[THYMELEAF]         * Text Processors by [precedence]:
[THYMELEAF]             * [1000]: org.thymeleaf.standard.processor.StandardInliningTextProcessor
[THYMELEAF]     * Processors for Template Mode: CSS
[THYMELEAF]         * Element Tag Processors by [matching element and attribute name] [precedence]:
[THYMELEAF]             * [* {th:insert}] [100]: org.thymeleaf.standard.processor.StandardInsertTagProcessor
[THYMELEAF]             * [* {th:replace}] [100]: org.thymeleaf.standard.processor.StandardReplaceTagProcessor
[THYMELEAF]             * [* {th:each}] [200]: com.intuit.karate.template.KarateEachTagProcessor
[THYMELEAF]             * [* {th:switch}] [250]: org.thymeleaf.standard.processor.StandardSwitchTagProcessor
[THYMELEAF]             * [* {th:case}] [275]: org.thymeleaf.standard.processor.StandardCaseTagProcessor
[THYMELEAF]             * [* {th:if}] [300]: org.thymeleaf.standard.processor.StandardIfTagProcessor
[THYMELEAF]             * [* {th:unless}] [400]: org.thymeleaf.standard.processor.StandardUnlessTagProcessor
[THYMELEAF]             * [* {th:object}] [500]: org.thymeleaf.standard.processor.StandardObjectTagProcessor
[THYMELEAF]             * [* {th:with}] [600]: com.intuit.karate.template.KarateWithTagProcessor
[THYMELEAF]             * [* {th:inline}] [1000]: org.thymeleaf.standard.processor.StandardInlineTextualTagProcessor
[THYMELEAF]             * [* {th:text}] [1300]: org.thymeleaf.standard.processor.StandardTextTagProcessor
[THYMELEAF]             * [* {th:utext}] [1400]: org.thymeleaf.standard.processor.StandardUtextTagProcessor
[THYMELEAF]             * [* {th:assert}] [1550]: org.thymeleaf.standard.processor.StandardAssertTagProcessor
[THYMELEAF]             * [* {th:remove}] [1600]: org.thymeleaf.standard.processor.StandardRemoveTagProcessor
[THYMELEAF]             * [* 100000] [org.thymeleaf.standard.processor.StandardBlockTagProcessor]: {}
[THYMELEAF]             * [{th:block} *] [100000]: org.thymeleaf.standard.processor.StandardBlockTagProcessor
[THYMELEAF]         * Text Processors by [precedence]:
[THYMELEAF]             * [1000]: org.thymeleaf.standard.processor.StandardInliningTextProcessor
[THYMELEAF]     * Expression Objects:
[THYMELEAF]         * #ctx
[THYMELEAF]         * #root
[THYMELEAF]         * #vars
[THYMELEAF]         * #object
[THYMELEAF]         * #locale
[THYMELEAF]         * #conversions
[THYMELEAF]         * #uris
[THYMELEAF]         * #temporals
[THYMELEAF]         * #calendars
[THYMELEAF]         * #dates
[THYMELEAF]         * #bools
[THYMELEAF]         * #numbers
[THYMELEAF]         * #objects
[THYMELEAF]         * #strings
[THYMELEAF]         * #arrays
[THYMELEAF]         * #lists
[THYMELEAF]         * #sets
[THYMELEAF]         * #maps
[THYMELEAF]         * #aggregates
[THYMELEAF]         * #messages
[THYMELEAF]         * #ids
[THYMELEAF]         * #execInfo
[THYMELEAF]         * #request
[THYMELEAF]         * #response
[THYMELEAF]         * #session
[THYMELEAF]         * #servletContext
[THYMELEAF]     * Execution Attributes:
[THYMELEAF]         * "StandardExpressionParser": com.intuit.karate.template.KarateStandardDialect@245cb8df
[THYMELEAF]         * "StandardJavaScriptSerializer": org.thymeleaf.standard.serializer.StandardJavaScriptSerializer@da09250
[THYMELEAF]         * "StandardCSSSerializer": org.thymeleaf.standard.serializer.StandardCSSSerializer@6d31f106
[THYMELEAF]         * "StandardVariableExpressionEvaluator": com.intuit.karate.template.KarateStandardDialect@245cb8df
[THYMELEAF]         * "StandardConversionService": org.thymeleaf.standard.expression.StandardConversionService@587f4f63
[THYMELEAF] * Dialect [2 of 2]: karate (com.intuit.karate.template.KarateScriptDialect)
[THYMELEAF]     * Prefix: "ka"
[THYMELEAF]     * Processors for Template Mode: HTML
[THYMELEAF]         * Element Tag Processors by [matching element and attribute name] [precedence]:
[THYMELEAF]             * [* {src}] [1000]: com.intuit.karate.template.KaScriptAttrProcessor
[THYMELEAF]         * Element Model Processors by [matching element and attribute name] [precedence]:
[THYMELEAF]             * [{script} {ka:scope,data-ka-scope}] [1000]: com.intuit.karate.template.KaScriptElemProcessor
[THYMELEAF]             * [* {ka:set,data-ka-set}] [1000]: com.intuit.karate.template.KaSetElemProcessor
[THYMELEAF] TEMPLATE ENGINE CONFIGURED OK
09:53:50.789 [main] DEBUG org.thymeleaf.TemplateEngine -- [THYMELEAF] TEMPLATE ENGINE INITIALIZED
---------------------------------------------------------
feature: classpath:dummyjson/Posts.feature
scenarios: 13 | passed: 13 | failed:  0 | time: 1.9513
---------------------------------------------------------

Karate version: 1.4.1
======================================================
elapsed:   3.42 | threads:    1 | thread time: 1.95 
features:     1 | skipped:    0 | efficiency: 0.57
scenarios:   13 | passed:    13 | failed: 0
======================================================
09:53:51.241 [main] DEBUG org.thymeleaf.TemplateEngine -- [THYMELEAF] INITIALIZING TEMPLATE ENGINE
09:53:51.258 [main] DEBUG org.thymeleaf.TemplateEngine.CONFIG -- Initializing Thymeleaf Template engine configuration...
[THYMELEAF] TEMPLATE ENGINE CONFIGURATION:
[THYMELEAF] * Thymeleaf version: 3.1.2.RELEASE (built 2023-07-30T19:25:50+0000)
[THYMELEAF] * Cache Manager implementation: org.thymeleaf.cache.StandardCacheManager
[THYMELEAF] * Template resolvers:
[THYMELEAF]     * [1] com.intuit.karate.template.ResourceHtmlTemplateResolver
[THYMELEAF] * Message resolvers:
[THYMELEAF]     * org.thymeleaf.messageresolver.StandardMessageResolver
[THYMELEAF] * Link builders:
[THYMELEAF]     * org.thymeleaf.linkbuilder.StandardLinkBuilder
[THYMELEAF] * Dialect [1 of 2]: Standard (com.intuit.karate.template.KarateStandardDialect)
[THYMELEAF]     * Prefix: "th"
[THYMELEAF]     * Processors for Template Mode: HTML
[THYMELEAF]         * Element Tag Processors by [matching element and attribute name] [precedence]:
[THYMELEAF]             * [* {th:include,data-th-include}] [100]: org.thymeleaf.standard.processor.StandardIncludeTagProcessor
[THYMELEAF]             * [* {th:insert,data-th-insert}] [100]: org.thymeleaf.standard.processor.StandardInsertTagProcessor
[THYMELEAF]             * [* {th:replace,data-th-replace}] [100]: org.thymeleaf.standard.processor.StandardReplaceTagProcessor
[THYMELEAF]             * [* {th:each,data-th-each}] [200]: com.intuit.karate.template.KarateEachTagProcessor
[THYMELEAF]             * [* {th:switch,data-th-switch}] [250]: org.thymeleaf.standard.processor.StandardSwitchTagProcessor
[THYMELEAF]             * [* {th:case,data-th-case}] [275]: org.thymeleaf.standard.processor.StandardCaseTagProcessor
[THYMELEAF]             * [* {th:if,data-th-if}] [300]: org.thymeleaf.standard.processor.StandardIfTagProcessor
[THYMELEAF]             * [* {th:unless,data-th-unless}] [400]: org.thymeleaf.standard.processor.StandardUnlessTagProcessor
[THYMELEAF]             * [* {th:object,data-th-object}] [500]: org.thymeleaf.standard.processor.StandardObjectTagProcessor
[THYMELEAF]             * [* {th:with,data-th-with}] [600]: com.intuit.karate.template.KarateWithTagProcessor
[THYMELEAF]             * [* {th:attr,data-th-attr}] [700]: com.intuit.karate.template.KarateAttributeTagProcessor.KarateAttrTagProcessor
[THYMELEAF]             * [* {th:attrappend,data-th-attrappend}] [900]: com.intuit.karate.template.KarateAttributeTagProcessor.KarateAttrappendTagProcessor
[THYMELEAF]             * [* {th:attrprepend,data-th-attrprepend}] [900]: com.intuit.karate.template.KarateAttributeTagProcessor.KarateAttrprependTagProcessor
[THYMELEAF]             * [* {th:alt-title,data-th-alt-title}] [990]: org.thymeleaf.standard.processor.StandardAltTitleTagProcessor
[THYMELEAF]             * [* {th:lang-xmllang,data-th-lang-xmllang}] [990]: org.thymeleaf.standard.processor.StandardLangXmlLangTagProcessor
[THYMELEAF]             * [* {th:action,data-th-action}] [1000]: org.thymeleaf.standard.processor.StandardActionTagProcessor
[THYMELEAF]             * [* {th:autofocus,data-th-autofocus}] [1000]: org.thymeleaf.standard.processor.StandardConditionalFixedValueTagProcessor
[THYMELEAF]             * [* {th:novalidate,data-th-novalidate}] [1000]: org.thymeleaf.standard.processor.StandardConditionalFixedValueTagProcessor
[THYMELEAF]             * [* {th:pubdate,data-th-pubdate}] [1000]: org.thymeleaf.standard.processor.StandardConditionalFixedValueTagProcessor
[THYMELEAF]             * [* {th:defer,data-th-defer}] [1000]: org.thymeleaf.standard.processor.StandardConditionalFixedValueTagProcessor
[THYMELEAF]             * [* {th:open,data-th-open}] [1000]: org.thymeleaf.standard.processor.StandardConditionalFixedValueTagProcessor
[THYMELEAF]             * [* {th:seamless,data-th-seamless}] [1000]: org.thymeleaf.standard.processor.StandardConditionalFixedValueTagProcessor
[THYMELEAF]             * [* {th:async,data-th-async}] [1000]: org.thymeleaf.standard.processor.StandardConditionalFixedValueTagProcessor
[THYMELEAF]             * [* {th:autoplay,data-th-autoplay}] [1000]: org.thymeleaf.standard.processor.StandardConditionalFixedValueTagProcessor
[THYMELEAF]             * [* {th:reversed,data-th-reversed}] [1000]: org.thymeleaf.standard.processor.StandardConditionalFixedValueTagProcessor
[THYMELEAF]             * [* {th:declare,data-th-declare}] [1000]: org.thymeleaf.standard.processor.StandardConditionalFixedValueTagProcessor
[THYMELEAF]             * [* {th:nowrap,data-th-nowrap}] [1000]: org.thymeleaf.standard.processor.StandardConditionalFixedValueTagProcessor
[THYMELEAF]             * [* {th:checked,data-th-checked}] [1000]: org.thymeleaf.standard.processor.StandardConditionalFixedValueTagProcessor
[THYMELEAF]             * [* {th:required,data-th-required}] [1000]: org.thymeleaf.standard.processor.StandardConditionalFixedValueTagProcessor
[THYMELEAF]             * [* {th:formnovalidate,data-th-formnovalidate}] [1000]: org.thymeleaf.standard.processor.StandardConditionalFixedValueTagProcessor
[THYMELEAF]             * [* {th:scoped,data-th-scoped}] [1000]: org.thymeleaf.standard.processor.StandardConditionalFixedValueTagProcessor
[THYMELEAF]             * [* {th:controls,data-th-controls}] [1000]: org.thymeleaf.standard.processor.StandardConditionalFixedValueTagProcessor
[THYMELEAF]             * [* {th:loop,data-th-loop}] [1000]: org.thymeleaf.standard.processor.StandardConditionalFixedValueTagProcessor
[THYMELEAF]             * [* {th:default,data-th-default}] [1000]: org.thymeleaf.standard.processor.StandardConditionalFixedValueTagProcessor
[THYMELEAF]             * [* {th:readonly,data-th-readonly}] [1000]: org.thymeleaf.standard.processor.StandardConditionalFixedValueTagProcessor
[THYMELEAF]             * [* {th:selected,data-th-selected}] [1000]: org.thymeleaf.standard.processor.StandardConditionalFixedValueTagProcessor
[THYMELEAF]             * [* {th:multiple,data-th-multiple}] [1000]: org.thymeleaf.standard.processor.StandardConditionalFixedValueTagProcessor
[THYMELEAF]             * [* {th:hidden,data-th-hidden}] [1000]: org.thymeleaf.standard.processor.StandardConditionalFixedValueTagProcessor
[THYMELEAF]             * [* {th:ismap,data-th-ismap}] [1000]: org.thymeleaf.standard.processor.StandardConditionalFixedValueTagProcessor
[THYMELEAF]             * [* {th:disabled,data-th-disabled}] [1000]: org.thymeleaf.standard.processor.StandardConditionalFixedValueTagProcessor
[THYMELEAF]             * [* {th:onchange,data-th-onchange}] [1000]: org.thymeleaf.standard.processor.StandardDOMEventAttributeTagProcessor
[THYMELEAF]             * [* {th:onmouseout,data-th-onmouseout}] [1000]: org.thymeleaf.standard.processor.StandardDOMEventAttributeTagProcessor
[THYMELEAF]             * [* {th:onpopstate,data-th-onpopstate}] [1000]: org.thymeleaf.standard.processor.StandardDOMEventAttributeTagProcessor
[THYMELEAF]             * [* {th:onwaiting,data-th-onwaiting}] [1000]: org.thymeleaf.standard.processor.StandardDOMEventAttributeTagProcessor
[THYMELEAF]             * [* {th:onbeforeunload,data-th-onbeforeunload}] [1000]: org.thymeleaf.standard.processor.StandardDOMEventAttributeTagProcessor
[THYMELEAF]             * [* {th:ondblclick,data-th-ondblclick}] [1000]: org.thymeleaf.standard.processor.StandardDOMEventAttributeTagProcessor
[THYMELEAF]             * [* {th:ondragend,data-th-ondragend}] [1000]: org.thymeleaf.standard.processor.StandardDOMEventAttributeTagProcessor
[THYMELEAF]             * [* {th:onkeyup,data-th-onkeyup}] [1000]: org.thymeleaf.standard.processor.StandardDOMEventAttributeTagProcessor
[THYMELEAF]             * [* {th:onreset,data-th-onreset}] [1000]: org.thymeleaf.standard.processor.StandardDOMEventAttributeTagProcessor
[THYMELEAF]             * [* {th:onunload,data-th-onunload}] [1000]: org.thymeleaf.standard.processor.StandardDOMEventAttributeTagProcessor
[THYMELEAF]             * [* {th:oncanplaythrough,data-th-oncanplaythrough}] [1000]: org.thymeleaf.standard.processor.StandardDOMEventAttributeTagProcessor
[THYMELEAF]             * [* {th:oncontextmenu,data-th-oncontextmenu}] [1000]: org.thymeleaf.standard.processor.StandardDOMEventAttributeTagProcessor
[THYMELEAF]             * [* {th:onmessage,data-th-onmessage}] [1000]: org.thymeleaf.standard.processor.StandardDOMEventAttributeTagProcessor
[THYMELEAF]             * [* {th:oninvalid,data-th-oninvalid}] [1000]: org.thymeleaf.standard.processor.StandardDOMEventAttributeTagProcessor
[THYMELEAF]             * [* {th:onabort,data-th-onabort}] [1000]: org.thymeleaf.standard.processor.StandardDOMEventAttributeTagProcessor
[THYMELEAF]             * [* {th:onselect,data-th-onselect}] [1000]: org.thymeleaf.standard.processor.StandardDOMEventAttributeTagProcessor
[THYMELEAF]             * [* {th:onpause,data-th-onpause}] [1000]: org.thymeleaf.standard.processor.StandardDOMEventAttributeTagProcessor
[THYMELEAF]             * [* {th:onplay,data-th-onplay}] [1000]: org.thymeleaf.standard.processor.StandardDOMEventAttributeTagProcessor
[THYMELEAF]             * [* {th:onmousemove,data-th-onmousemove}] [1000]: org.thymeleaf.standard.processor.StandardDOMEventAttributeTagProcessor
[THYMELEAF]             * [* {th:oncanplay,data-th-oncanplay}] [1000]: org.thymeleaf.standard.processor.StandardDOMEventAttributeTagProcessor
[THYMELEAF]             * [* {th:ondragenter,data-th-ondragenter}] [1000]: org.thymeleaf.standard.processor.StandardDOMEventAttributeTagProcessor
[THYMELEAF]             * [* {th:onredo,data-th-onredo}] [1000]: org.thymeleaf.standard.processor.StandardDOMEventAttributeTagProcessor
[THYMELEAF]             * [* {th:onmousewheel,data-th-onmousewheel}] [1000]: org.thymeleaf.standard.processor.StandardDOMEventAttributeTagProcessor
[THYMELEAF]             * [* {th:oninput,data-th-oninput}] [1000]: org.thymeleaf.standard.processor.StandardDOMEventAttributeTagProcessor
[THYMELEAF]             * [* {th:onundo,data-th-onundo}] [1000]: org.thymeleaf.standard.processor.StandardDOMEventAttributeTagProcessor
[THYMELEAF]             * [* {th:ondurationchange,data-th-ondurationchange}] [1000]: org.thymeleaf.standard.processor.StandardDOMEventAttributeTagProcessor
[THYMELEAF]             * [* {th:onforminput,data-th-onforminput}] [1000]: org.thymeleaf.standard.processor.StandardDOMEventAttributeTagProcessor
[THYMELEAF]             * [* {th:ondrag,data-th-ondrag}] [1000]: org.thymeleaf.standard.processor.StandardDOMEventAttributeTagProcessor
[THYMELEAF]             * [* {th:onmousedown,data-th-onmousedown}] [1000]: org.thymeleaf.standard.processor.StandardDOMEventAttributeTagProcessor
[THYMELEAF]             * [* {th:onfocus,data-th-onfocus}] [1000]: org.thymeleaf.standard.processor.StandardDOMEventAttributeTagProcessor
[THYMELEAF]             * [* {th:onstorage,data-th-onstorage}] [1000]: org.thymeleaf.standard.processor.StandardDOMEventAttributeTagProcessor
[THYMELEAF]             * [* {th:onblur,data-th-onblur}] [1000]: org.thymeleaf.standard.processor.StandardDOMEventAttributeTagProcessor
[THYMELEAF]             * [* {th:onplaying,data-th-onplaying}] [1000]: org.thymeleaf.standard.processor.StandardDOMEventAttributeTagProcessor
[THYMELEAF]             * [* {th:onkeypress,data-th-onkeypress}] [1000]: org.thymeleaf.standard.processor.StandardDOMEventAttributeTagProcessor
[THYMELEAF]             * [* {th:onvolumechange,data-th-onvolumechange}] [1000]: org.thymeleaf.standard.processor.StandardDOMEventAttributeTagProcessor
[THYMELEAF]             * [* {th:onload,data-th-onload}] [1000]: org.thymeleaf.standard.processor.StandardDOMEventAttributeTagProcessor
[THYMELEAF]             * [* {th:onformchange,data-th-onformchange}] [1000]: org.thymeleaf.standard.processor.StandardDOMEventAttributeTagProcessor
[THYMELEAF]             * [* {th:onreadystatechange,data-th-onreadystatechange}] [1000]: org.thymeleaf.standard.processor.StandardDOMEventAttributeTagProcessor
[THYMELEAF]             * [* {th:onoffline,data-th-onoffline}] [1000]: org.thymeleaf.standard.processor.StandardDOMEventAttributeTagProcessor
[THYMELEAF]             * [* {th:onemptied,data-th-onemptied}] [1000]: org.thymeleaf.standard.processor.StandardDOMEventAttributeTagProcessor
[THYMELEAF]             * [* {th:onseeked,data-th-onseeked}] [1000]: org.thymeleaf.standard.processor.StandardDOMEventAttributeTagProcessor
[THYMELEAF]             * [* {th:onstalled,data-th-onstalled}] [1000]: org.thymeleaf.standard.processor.StandardDOMEventAttributeTagProcessor
[THYMELEAF]             * [* {th:onsubmit,data-th-onsubmit}] [1000]: org.thymeleaf.standard.processor.StandardDOMEventAttributeTagProcessor
[THYMELEAF]             * [* {th:onshow,data-th-onshow}] [1000]: org.thymeleaf.standard.processor.StandardDOMEventAttributeTagProcessor
[THYMELEAF]             * [* {th:onscroll,data-th-onscroll}] [1000]: org.thymeleaf.standard.processor.StandardDOMEventAttributeTagProcessor
[THYMELEAF]             * [* {th:onratechange,data-th-onratechange}] [1000]: org.thymeleaf.standard.processor.StandardDOMEventAttributeTagProcessor
[THYMELEAF]             * [* {th:onresize,data-th-onresize}] [1000]: org.thymeleaf.standard.processor.StandardDOMEventAttributeTagProcessor
[THYMELEAF]             * [* {th:onclick,data-th-onclick}] [1000]: org.thymeleaf.standard.processor.StandardDOMEventAttributeTagProcessor
[THYMELEAF]             * [* {th:onhashchange,data-th-onhashchange}] [1000]: org.thymeleaf.standard.processor.StandardDOMEventAttributeTagProcessor
[THYMELEAF]             * [* {th:onloadstart,data-th-onloadstart}] [1000]: org.thymeleaf.standard.processor.StandardDOMEventAttributeTagProcessor
[THYMELEAF]             * [* {th:ondrop,data-th-ondrop}] [1000]: org.thymeleaf.standard.processor.StandardDOMEventAttributeTagProcessor
[THYMELEAF]             * [* {th:onbeforeprint,data-th-onbeforeprint}] [1000]: org.thymeleaf.standard.processor.StandardDOMEventAttributeTagProcessor
[THYMELEAF]             * [* {th:onmouseup,data-th-onmouseup}] [1000]: org.thymeleaf.standard.processor.StandardDOMEventAttributeTagProcessor
[THYMELEAF]             * [* {th:onprogress,data-th-onprogress}] [1000]: org.thymeleaf.standard.processor.StandardDOMEventAttributeTagProcessor
[THYMELEAF]             * [* {th:ondragleave,data-th-ondragleave}] [1000]: org.thymeleaf.standard.processor.StandardDOMEventAttributeTagProcessor
[THYMELEAF]             * [* {th:ononline,data-th-ononline}] [1000]: org.thymeleaf.standard.processor.StandardDOMEventAttributeTagProcessor
[THYMELEAF]             * [* {th:ondragover,data-th-ondragover}] [1000]: org.thymeleaf.standard.processor.StandardDOMEventAttributeTagProcessor
[THYMELEAF]             * [* {th:ontimeupdate,data-th-ontimeupdate}] [1000]: org.thymeleaf.standard.processor.StandardDOMEventAttributeTagProcessor
[THYMELEAF]             * [* {th:onsuspend,data-th-onsuspend}] [1000]: org.thymeleaf.standard.processor.StandardDOMEventAttributeTagProcessor
[THYMELEAF]             * [* {th:onkeydown,data-th-onkeydown}] [1000]: org.thymeleaf.standard.processor.StandardDOMEventAttributeTagProcessor
[THYMELEAF]             * [* {th:onerror,data-th-onerror}] [1000]: org.thymeleaf.standard.processor.StandardDOMEventAttributeTagProcessor
[THYMELEAF]             * [* {th:onloadeddata,data-th-onloadeddata}] [1000]: org.thymeleaf.standard.processor.StandardDOMEventAttributeTagProcessor
[THYMELEAF]             * [* {th:onloadedmetadata,data-th-onloadedmetadata}] [1000]: org.thymeleaf.standard.processor.StandardDOMEventAttributeTagProcessor
[THYMELEAF]             * [* {th:onended,data-th-onended}] [1000]: org.thymeleaf.standard.processor.StandardDOMEventAttributeTagProcessor
[THYMELEAF]             * [* {th:onmouseover,data-th-onmouseover}] [1000]: org.thymeleaf.standard.processor.StandardDOMEventAttributeTagProcessor
[THYMELEAF]             * [* {th:ondragstart,data-th-ondragstart}] [1000]: org.thymeleaf.standard.processor.StandardDOMEventAttributeTagProcessor
[THYMELEAF]             * [* {th:onseeking,data-th-onseeking}] [1000]: org.thymeleaf.standard.processor.StandardDOMEventAttributeTagProcessor
[THYMELEAF]             * [* {th:onafterprint,data-th-onafterprint}] [1000]: org.thymeleaf.standard.processor.StandardDOMEventAttributeTagProcessor
[THYMELEAF]             * [* {th:href,data-th-href}] [1000]: org.thymeleaf.standard.processor.StandardHrefTagProcessor
[THYMELEAF]             * [* {th:inline,data-th-inline}] [1000]: org.thymeleaf.standard.processor.StandardInlineHTMLTagProcessor
[THYMELEAF]             * [* {th:method,data-th-method}] [1000]: org.thymeleaf.standard.processor.StandardMethodTagProcessor
[THYMELEAF]             * [* {th:name,data-th-name}] [1000]: org.thymeleaf.standard.processor.StandardNonRemovableAttributeTagProcessor
[THYMELEAF]             * [* {th:type,data-th-type}] [1000]: org.thymeleaf.standard.processor.StandardNonRemovableAttributeTagProcessor
[THYMELEAF]             * [* {th:scheme,data-th-scheme}] [1000]: org.thymeleaf.standard.processor.StandardRemovableAttributeTagProcessor
[THYMELEAF]             * [* {th:formaction,data-th-formaction}] [1000]: org.thymeleaf.standard.processor.StandardRemovableAttributeTagProcessor
[THYMELEAF]             * [* {th:lang,data-th-lang}] [1000]: org.thymeleaf.standard.processor.StandardRemovableAttributeTagProcessor
[THYMELEAF]             * [* {th:width,data-th-width}] [1000]: org.thymeleaf.standard.processor.StandardRemovableAttributeTagProcessor
[THYMELEAF]             * [* {th:rows,data-th-rows}] [1000]: org.thymeleaf.standard.processor.StandardRemovableAttributeTagProcessor
[THYMELEAF]             * [* {th:poster,data-th-poster}] [1000]: org.thymeleaf.standard.processor.StandardRemovableAttributeTagProcessor
[THYMELEAF]             * [* {th:hreflang,data-th-hreflang}] [1000]: org.thymeleaf.standard.processor.StandardRemovableAttributeTagProcessor
[THYMELEAF]             * [* {th:min,data-th-min}] [1000]: org.thymeleaf.standard.processor.StandardRemovableAttributeTagProcessor
[THYMELEAF]             * [* {th:step,data-th-step}] [1000]: org.thymeleaf.standard.processor.StandardRemovableAttributeTagProcessor
[THYMELEAF]             * [* {th:draggable,data-th-draggable}] [1000]: org.thymeleaf.standard.processor.StandardRemovableAttributeTagProcessor
[THYMELEAF]             * [* {th:formtarget,data-th-formtarget}] [1000]: org.thymeleaf.standard.processor.StandardRemovableAttributeTagProcessor
[THYMELEAF]             * [* {th:marginheight,data-th-marginheight}] [1000]: org.thymeleaf.standard.processor.StandardRemovableAttributeTagProcessor
[THYMELEAF]             * [* {th:content,data-th-content}] [1000]: org.thymeleaf.standard.processor.StandardRemovableAttributeTagProcessor
[THYMELEAF]             * [* {th:scope,data-th-scope}] [1000]: org.thymeleaf.standard.processor.StandardRemovableAttributeTagProcessor
[THYMELEAF]             * [* {th:size,data-th-size}] [1000]: org.thymeleaf.standard.processor.StandardRemovableAttributeTagProcessor
[THYMELEAF]             * [* {th:codetype,data-th-codetype}] [1000]: org.thymeleaf.standard.processor.StandardRemovableAttributeTagProcessor
[THYMELEAF]             * [* {th:headers,data-th-headers}] [1000]: org.thymeleaf.standard.processor.StandardRemovableAttributeTagProcessor
[THYMELEAF]             * [* {th:autocomplete,data-th-autocomplete}] [1000]: org.thymeleaf.standard.processor.StandardRemovableAttributeTagProcessor
[THYMELEAF]             * [* {th:target,data-th-target}] [1000]: org.thymeleaf.standard.processor.StandardRemovableAttributeTagProcessor
[THYMELEAF]             * [* {th:align,data-th-align}] [1000]: org.thymeleaf.standard.processor.StandardRemovableAttributeTagProcessor
[THYMELEAF]             * [* {th:standby,data-th-standby}] [1000]: org.thymeleaf.standard.processor.StandardRemovableAttributeTagProcessor
[THYMELEAF]             * [* {th:bgcolor,data-th-bgcolor}] [1000]: org.thymeleaf.standard.processor.StandardRemovableAttributeTagProcessor
[THYMELEAF]             * [* {th:icon,data-th-icon}] [1000]: org.thymeleaf.standard.processor.StandardRemovableAttributeTagProcessor
[THYMELEAF]             * [* {th:cellspacing,data-th-cellspacing}] [1000]: org.thymeleaf.standard.processor.StandardRemovableAttributeTagProcessor
[THYMELEAF]             * [* {th:pattern,data-th-pattern}] [1000]: org.thymeleaf.standard.processor.StandardRemovableAttributeTagProcessor
[THYMELEAF]             * [* {th:codebase,data-th-codebase}] [1000]: org.thymeleaf.standard.processor.StandardRemovableAttributeTagProcessor
[THYMELEAF]             * [* {th:frameborder,data-th-frameborder}] [1000]: org.thymeleaf.standard.processor.StandardRemovableAttributeTagProcessor
[THYMELEAF]             * [* {th:background,data-th-background}] [1000]: org.thymeleaf.standard.processor.StandardRemovableAttributeTagProcessor
[THYMELEAF]             * [* {th:vspace,data-th-vspace}] [1000]: org.thymeleaf.standard.processor.StandardRemovableAttributeTagProcessor
[THYMELEAF]             * [* {th:usemap,data-th-usemap}] [1000]: org.thymeleaf.standard.processor.StandardRemovableAttributeTagProcessor
[THYMELEAF]             * [* {th:style,data-th-style}] [1000]: org.thymeleaf.standard.processor.StandardRemovableAttributeTagProcessor
[THYMELEAF]             * [* {th:alt,data-th-alt}] [1000]: org.thymeleaf.standard.processor.StandardRemovableAttributeTagProcessor
[THYMELEAF]             * [* {th:sandbox,data-th-sandbox}] [1000]: org.thymeleaf.standard.processor.StandardRemovableAttributeTagProcessor
[THYMELEAF]             * [* {th:audio,data-th-audio}] [1000]: org.thymeleaf.standard.processor.StandardRemovableAttributeTagProcessor
[THYMELEAF]             * [* {th:data,data-th-data}] [1000]: org.thymeleaf.standard.processor.StandardRemovableAttributeTagProcessor
[THYMELEAF]             * [* {th:scrolling,data-th-scrolling}] [1000]: org.thymeleaf.standard.processor.StandardRemovableAttributeTagProcessor
[THYMELEAF]             * [* {th:rowspan,data-th-rowspan}] [1000]: org.thymeleaf.standard.processor.StandardRemovableAttributeTagProcessor
[THYMELEAF]             * [* {th:archive,data-th-archive}] [1000]: org.thymeleaf.standard.processor.StandardRemovableAttributeTagProcessor
[THYMELEAF]             * [* {th:border,data-th-border}] [1000]: org.thymeleaf.standard.processor.StandardRemovableAttributeTagProcessor
[THYMELEAF]             * [* {th:keytype,data-th-keytype}] [1000]: org.thymeleaf.standard.processor.StandardRemovableAttributeTagProcessor
[THYMELEAF]             * [* {th:tabindex,data-th-tabindex}] [1000]: org.thymeleaf.standard.processor.StandardRemovableAttributeTagProcessor
[THYMELEAF]             * [* {th:title,data-th-title}] [1000]: org.thymeleaf.standard.processor.StandardRemovableAttributeTagProcessor
[THYMELEAF]             * [* {th:low,data-th-low}] [1000]: org.thymeleaf.standard.processor.StandardRemovableAttributeTagProcessor
[THYMELEAF]             * [* {th:challenge,data-th-challenge}] [1000]: org.thymeleaf.standard.processor.StandardRemovableAttributeTagProcessor
[THYMELEAF]             * [* {th:accesskey,data-th-accesskey}] [1000]: org.thymeleaf.standard.processor.StandardRemovableAttributeTagProcessor
[THYMELEAF]             * [* {th:cite,data-th-cite}] [1000]: org.thymeleaf.standard.processor.StandardRemovableAttributeTagProcessor
[THYMELEAF]             * [* {th:list,data-th-list}] [1000]: org.thymeleaf.standard.processor.StandardRemovableAttributeTagProcessor
[THYMELEAF]             * [* {th:marginwidth,data-th-marginwidth}] [1000]: org.thymeleaf.standard.processor.StandardRemovableAttributeTagProcessor
[THYMELEAF]             * [* {th:sizes,data-th-sizes}] [1000]: org.thymeleaf.standard.processor.StandardRemovableAttributeTagProcessor
[THYMELEAF]             * [* {th:start,data-th-start}] [1000]: org.thymeleaf.standard.processor.StandardRemovableAttributeTagProcessor
[THYMELEAF]             * [* {th:axis,data-th-axis}] [1000]: org.thymeleaf.standard.processor.StandardRemovableAttributeTagProcessor
[THYMELEAF]             * [* {th:valuetype,data-th-valuetype}] [1000]: org.thymeleaf.standard.processor.StandardRemovableAttributeTagProcessor
[THYMELEAF]             * [* {th:charset,data-th-charset}] [1000]: org.thymeleaf.standard.processor.StandardRemovableAttributeTagProcessor
[THYMELEAF]             * [* {th:dropzone,data-th-dropzone}] [1000]: org.thymeleaf.standard.processor.StandardRemovableAttributeTagProcessor
[THYMELEAF]             * [* {th:spellcheck,data-th-spellcheck}] [1000]: org.thymeleaf.standard.processor.StandardRemovableAttributeTagProcessor
[THYMELEAF]             * [* {th:accept,data-th-accept}] [1000]: org.thymeleaf.standard.processor.StandardRemovableAttributeTagProcessor
[THYMELEAF]             * [* {th:id,data-th-id}] [1000]: org.thymeleaf.standard.processor.StandardRemovableAttributeTagProcessor
[THYMELEAF]             * [* {th:radiogroup,data-th-radiogroup}] [1000]: org.thymeleaf.standard.processor.StandardRemovableAttributeTagProcessor
[THYMELEAF]             * [* {th:classid,data-th-classid}] [1000]: org.thymeleaf.standard.processor.StandardRemovableAttributeTagProcessor
[THYMELEAF]             * [* {th:frame,data-th-frame}] [1000]: org.thymeleaf.standard.processor.StandardRemovableAttributeTagProcessor
[THYMELEAF]             * [* {th:kind,data-th-kind}] [1000]: org.thymeleaf.standard.processor.StandardRemovableAttributeTagProcessor
[THYMELEAF]             * [* {th:srclang,data-th-srclang}] [1000]: org.thymeleaf.standard.processor.StandardRemovableAttributeTagProcessor
[THYMELEAF]             * [* {th:label,data-th-label}] [1000]: org.thymeleaf.standard.processor.StandardRemovableAttributeTagProcessor
[THYMELEAF]             * [* {th:rev,data-th-rev}] [1000]: org.thymeleaf.standard.processor.StandardRemovableAttributeTagProcessor
[THYMELEAF]             * [* {th:rules,data-th-rules}] [1000]: org.thymeleaf.standard.processor.StandardRemovableAttributeTagProcessor
[THYMELEAF]             * [* {th:rel,data-th-rel}] [1000]: org.thymeleaf.standard.processor.StandardRemovableAttributeTagProcessor
[THYMELEAF]             * [* {th:media,data-th-media}] [1000]: org.thymeleaf.standard.processor.StandardRemovableAttributeTagProcessor
[THYMELEAF]             * [* {th:preload,data-th-preload}] [1000]: org.thymeleaf.standard.processor.StandardRemovableAttributeTagProcessor
[THYMELEAF]             * [* {th:formmethod,data-th-formmethod}] [1000]: org.thymeleaf.standard.processor.StandardRemovableAttributeTagProcessor
[THYMELEAF]             * [* {th:contextmenu,data-th-contextmenu}] [1000]: org.thymeleaf.standard.processor.StandardRemovableAttributeTagProcessor
[THYMELEAF]             * [* {th:manifest,data-th-manifest}] [1000]: org.thymeleaf.standard.processor.StandardRemovableAttributeTagProcessor
[THYMELEAF]             * [* {th:span,data-th-span}] [1000]: org.thymeleaf.standard.processor.StandardRemovableAttributeTagProcessor
[THYMELEAF]             * [* {th:form,data-th-form}] [1000]: org.thymeleaf.standard.processor.StandardRemovableAttributeTagProcessor
[THYMELEAF]             * [* {th:high,data-th-high}] [1000]: org.thymeleaf.standard.processor.StandardRemovableAttributeTagProcessor
[THYMELEAF]             * [* {th:for,data-th-for}] [1000]: org.thymeleaf.standard.processor.StandardRemovableAttributeTagProcessor
[THYMELEAF]             * [* {th:maxlength,data-th-maxlength}] [1000]: org.thymeleaf.standard.processor.StandardRemovableAttributeTagProcessor
[THYMELEAF]             * [* {th:cellpadding,data-th-cellpadding}] [1000]: org.thymeleaf.standard.processor.StandardRemovableAttributeTagProcessor
[THYMELEAF]             * [* {th:height,data-th-height}] [1000]: org.thymeleaf.standard.processor.StandardRemovableAttributeTagProcessor
[THYMELEAF]             * [* {th:datetime,data-th-datetime}] [1000]: org.thymeleaf.standard.processor.StandardRemovableAttributeTagProcessor
[THYMELEAF]             * [* {th:summary,data-th-summary}] [1000]: org.thymeleaf.standard.processor.StandardRemovableAttributeTagProcessor
[THYMELEAF]             * [* {th:hspace,data-th-hspace}] [1000]: org.thymeleaf.standard.processor.StandardRemovableAttributeTagProcessor
[THYMELEAF]             * [* {th:accept-charset,data-th-accept-charset}] [1000]: org.thymeleaf.standard.processor.StandardRemovableAttributeTagProcessor
[THYMELEAF]             * [* {th:formenctype,data-th-formenctype}] [1000]: org.thymeleaf.standard.processor.StandardRemovableAttributeTagProcessor
[THYMELEAF]             * [* {th:optimum,data-th-optimum}] [1000]: org.thymeleaf.standard.processor.StandardRemovableAttributeTagProcessor
[THYMELEAF]             * [* {th:class,data-th-class}] [1000]: org.thymeleaf.standard.processor.StandardRemovableAttributeTagProcessor
[THYMELEAF]             * [* {th:max,data-th-max}] [1000]: org.thymeleaf.standard.processor.StandardRemovableAttributeTagProcessor
[THYMELEAF]             * [* {th:wrap,data-th-wrap}] [1000]: org.thymeleaf.standard.processor.StandardRemovableAttributeTagProcessor
[THYMELEAF]             * [* {th:placeholder,data-th-placeholder}] [1000]: org.thymeleaf.standard.processor.StandardRemovableAttributeTagProcessor
[THYMELEAF]             * [* {th:longdesc,data-th-longdesc}] [1000]: org.thymeleaf.standard.processor.StandardRemovableAttributeTagProcessor
[THYMELEAF]             * [* {th:dir,data-th-dir}] [1000]: org.thymeleaf.standard.processor.StandardRemovableAttributeTagProcessor
[THYMELEAF]             * [* {th:http-equiv,data-th-http-equiv}] [1000]: org.thymeleaf.standard.processor.StandardRemovableAttributeTagProcessor
[THYMELEAF]             * [* {th:abbr,data-th-abbr}] [1000]: org.thymeleaf.standard.processor.StandardRemovableAttributeTagProcessor
[THYMELEAF]             * [* {th:cols,data-th-cols}] [1000]: org.thymeleaf.standard.processor.StandardRemovableAttributeTagProcessor
[THYMELEAF]             * [* {th:contenteditable,data-th-contenteditable}] [1000]: org.thymeleaf.standard.processor.StandardRemovableAttributeTagProcessor
[THYMELEAF]             * [* {th:colspan,data-th-colspan}] [1000]: org.thymeleaf.standard.processor.StandardRemovableAttributeTagProcessor
[THYMELEAF]             * [* {th:enctype,data-th-enctype}] [1000]: org.thymeleaf.standard.processor.StandardRemovableAttributeTagProcessor
[THYMELEAF]             * [* {th:compact,data-th-compact}] [1000]: org.thymeleaf.standard.processor.StandardRemovableAttributeTagProcessor
[THYMELEAF]             * [* {th:src,data-th-src}] [1000]: org.thymeleaf.standard.processor.StandardSrcTagProcessor
[THYMELEAF]             * [* {th:value,data-th-value}] [1000]: org.thymeleaf.standard.processor.StandardValueTagProcessor
[THYMELEAF]             * [* {th:xmlbase,data-th-xmlbase}] [1000]: org.thymeleaf.standard.processor.StandardXmlBaseTagProcessor
[THYMELEAF]             * [* {th:xmllang,data-th-xmllang}] [1000]: org.thymeleaf.standard.processor.StandardXmlLangTagProcessor
[THYMELEAF]             * [* {xmlns:th}] [1000]: org.thymeleaf.standard.processor.StandardXmlNsTagProcessor
[THYMELEAF]             * [* {th:xmlspace,data-th-xmlspace}] [1000]: org.thymeleaf.standard.processor.StandardXmlSpaceTagProcessor
[THYMELEAF]             * [* {th:classappend,data-th-classappend}] [1100]: org.thymeleaf.standard.processor.StandardClassappendTagProcessor
[THYMELEAF]             * [* {th:styleappend,data-th-styleappend}] [1100]: org.thymeleaf.standard.processor.StandardStyleappendTagProcessor
[THYMELEAF]             * [* {th:text,data-th-text}] [1300]: org.thymeleaf.standard.processor.StandardTextTagProcessor
[THYMELEAF]             * [* {th:utext,data-th-utext}] [1400]: org.thymeleaf.standard.processor.StandardUtextTagProcessor
[THYMELEAF]             * [* {th:fragment,data-th-fragment}] [1500]: org.thymeleaf.standard.processor.StandardFragmentTagProcessor
[THYMELEAF]             * [* {th:assert,data-th-assert}] [1550]: org.thymeleaf.standard.processor.StandardAssertTagProcessor
[THYMELEAF]             * [* {th:remove,data-th-remove}] [1600]: org.thymeleaf.standard.processor.StandardRemoveTagProcessor
[THYMELEAF]             * [* {th:ref,data-th-ref}] [10000]: org.thymeleaf.standard.processor.StandardRefAttributeTagProcessor
[THYMELEAF]             * [{th:block,th-block} *] [100000]: org.thymeleaf.standard.processor.StandardBlockTagProcessor
[THYMELEAF]             * [* th:*] [2147483647]: org.thymeleaf.standard.processor.StandardDefaultAttributesTagProcessor
[THYMELEAF]         * Text Processors by [precedence]:
[THYMELEAF]             * [1000]: org.thymeleaf.standard.processor.StandardInliningTextProcessor
[THYMELEAF]         * DOCTYPE Processors by [precedence]:
[THYMELEAF]             * [1000]: org.thymeleaf.standard.processor.StandardTranslationDocTypeProcessor
[THYMELEAF]         * CDATA Section Processors by [precedence]:
[THYMELEAF]             * [1000]: org.thymeleaf.standard.processor.StandardInliningCDATASectionProcessor
[THYMELEAF]         * Comment Processors by [precedence]:
[THYMELEAF]             * [1000]: org.thymeleaf.standard.processor.StandardInliningCommentProcessor
[THYMELEAF]             * [1100]: org.thymeleaf.standard.processor.StandardConditionalCommentProcessor
[THYMELEAF]     * Processors for Template Mode: XML
[THYMELEAF]         * Element Tag Processors by [matching element and attribute name] [precedence]:
[THYMELEAF]             * [* {th:include}] [100]: org.thymeleaf.standard.processor.StandardIncludeTagProcessor
[THYMELEAF]             * [* {th:insert}] [100]: org.thymeleaf.standard.processor.StandardInsertTagProcessor
[THYMELEAF]             * [* {th:replace}] [100]: org.thymeleaf.standard.processor.StandardReplaceTagProcessor
[THYMELEAF]             * [* {th:each}] [200]: com.intuit.karate.template.KarateEachTagProcessor
[THYMELEAF]             * [* {th:switch}] [250]: org.thymeleaf.standard.processor.StandardSwitchTagProcessor
[THYMELEAF]             * [* {th:case}] [275]: org.thymeleaf.standard.processor.StandardCaseTagProcessor
[THYMELEAF]             * [* {th:if}] [300]: org.thymeleaf.standard.processor.StandardIfTagProcessor
[THYMELEAF]             * [* {th:unless}] [400]: org.thymeleaf.standard.processor.StandardUnlessTagProcessor
[THYMELEAF]             * [* {th:object}] [500]: org.thymeleaf.standard.processor.StandardObjectTagProcessor
[THYMELEAF]             * [* {th:with}] [600]: com.intuit.karate.template.KarateWithTagProcessor
[THYMELEAF]             * [* {th:attr}] [700]: com.intuit.karate.template.KarateAttributeTagProcessor.KarateAttrTagProcessor
[THYMELEAF]             * [* {th:attrappend}] [900]: com.intuit.karate.template.KarateAttributeTagProcessor.KarateAttrappendTagProcessor
[THYMELEAF]             * [* {th:attrprepend}] [900]: com.intuit.karate.template.KarateAttributeTagProcessor.KarateAttrprependTagProcessor
[THYMELEAF]             * [* {th:inline}] [1000]: org.thymeleaf.standard.processor.StandardInlineXMLTagProcessor
[THYMELEAF]             * [* {xmlns:th}] [1000]: org.thymeleaf.standard.processor.StandardXmlNsTagProcessor
[THYMELEAF]             * [* {th:text}] [1300]: org.thymeleaf.standard.processor.StandardTextTagProcessor
[THYMELEAF]             * [* {th:utext}] [1400]: org.thymeleaf.standard.processor.StandardUtextTagProcessor
[THYMELEAF]             * [* {th:fragment}] [1500]: org.thymeleaf.standard.processor.StandardFragmentTagProcessor
[THYMELEAF]             * [* {th:assert}] [1550]: org.thymeleaf.standard.processor.StandardAssertTagProcessor
[THYMELEAF]             * [* {th:remove}] [1600]: org.thymeleaf.standard.processor.StandardRemoveTagProcessor
[THYMELEAF]             * [* {th:ref}] [10000]: org.thymeleaf.standard.processor.StandardRefAttributeTagProcessor
[THYMELEAF]             * [{th:block} *] [100000]: org.thymeleaf.standard.processor.StandardBlockTagProcessor
[THYMELEAF]             * [* th:*] [2147483647]: org.thymeleaf.standard.processor.StandardDefaultAttributesTagProcessor
[THYMELEAF]         * Text Processors by [precedence]:
[THYMELEAF]             * [1000]: org.thymeleaf.standard.processor.StandardInliningTextProcessor
[THYMELEAF]         * CDATA Section Processors by [precedence]:
[THYMELEAF]             * [1000]: org.thymeleaf.standard.processor.StandardInliningCDATASectionProcessor
[THYMELEAF]         * Comment Processors by [precedence]:
[THYMELEAF]             * [1000]: org.thymeleaf.standard.processor.StandardInliningCommentProcessor
[THYMELEAF]     * Processors for Template Mode: TEXT
[THYMELEAF]         * Element Tag Processors by [matching element and attribute name] [precedence]:
[THYMELEAF]             * [* {th:insert}] [100]: org.thymeleaf.standard.processor.StandardInsertTagProcessor
[THYMELEAF]             * [* {th:replace}] [100]: org.thymeleaf.standard.processor.StandardReplaceTagProcessor
[THYMELEAF]             * [* {th:each}] [200]: com.intuit.karate.template.KarateEachTagProcessor
[THYMELEAF]             * [* {th:switch}] [250]: org.thymeleaf.standard.processor.StandardSwitchTagProcessor
[THYMELEAF]             * [* {th:case}] [275]: org.thymeleaf.standard.processor.StandardCaseTagProcessor
[THYMELEAF]             * [* {th:if}] [300]: org.thymeleaf.standard.processor.StandardIfTagProcessor
[THYMELEAF]             * [* {th:unless}] [400]: org.thymeleaf.standard.processor.StandardUnlessTagProcessor
[THYMELEAF]             * [* {th:object}] [500]: org.thymeleaf.standard.processor.StandardObjectTagProcessor
[THYMELEAF]             * [* {th:with}] [600]: com.intuit.karate.template.KarateWithTagProcessor
[THYMELEAF]             * [* {th:inline}] [1000]: org.thymeleaf.standard.processor.StandardInlineTextualTagProcessor
[THYMELEAF]             * [* {th:text}] [1300]: org.thymeleaf.standard.processor.StandardTextTagProcessor
[THYMELEAF]             * [* {th:utext}] [1400]: org.thymeleaf.standard.processor.StandardUtextTagProcessor
[THYMELEAF]             * [* {th:assert}] [1550]: org.thymeleaf.standard.processor.StandardAssertTagProcessor
[THYMELEAF]             * [* {th:remove}] [1600]: org.thymeleaf.standard.processor.StandardRemoveTagProcessor
[THYMELEAF]             * [* 100000] [org.thymeleaf.standard.processor.StandardBlockTagProcessor]: {}
[THYMELEAF]             * [{th:block} *] [100000]: org.thymeleaf.standard.processor.StandardBlockTagProcessor
[THYMELEAF]         * Text Processors by [precedence]:
[THYMELEAF]             * [1000]: org.thymeleaf.standard.processor.StandardInliningTextProcessor
[THYMELEAF]     * Processors for Template Mode: JAVASCRIPT
[THYMELEAF]         * Element Tag Processors by [matching element and attribute name] [precedence]:
[THYMELEAF]             * [* {th:insert}] [100]: org.thymeleaf.standard.processor.StandardInsertTagProcessor
[THYMELEAF]             * [* {th:replace}] [100]: org.thymeleaf.standard.processor.StandardReplaceTagProcessor
[THYMELEAF]             * [* {th:each}] [200]: com.intuit.karate.template.KarateEachTagProcessor
[THYMELEAF]             * [* {th:switch}] [250]: org.thymeleaf.standard.processor.StandardSwitchTagProcessor
[THYMELEAF]             * [* {th:case}] [275]: org.thymeleaf.standard.processor.StandardCaseTagProcessor
[THYMELEAF]             * [* {th:if}] [300]: org.thymeleaf.standard.processor.StandardIfTagProcessor
[THYMELEAF]             * [* {th:unless}] [400]: org.thymeleaf.standard.processor.StandardUnlessTagProcessor
[THYMELEAF]             * [* {th:object}] [500]: org.thymeleaf.standard.processor.StandardObjectTagProcessor
[THYMELEAF]             * [* {th:with}] [600]: com.intuit.karate.template.KarateWithTagProcessor
[THYMELEAF]             * [* {th:inline}] [1000]: org.thymeleaf.standard.processor.StandardInlineTextualTagProcessor
[THYMELEAF]             * [* {th:text}] [1300]: org.thymeleaf.standard.processor.StandardTextTagProcessor
[THYMELEAF]             * [* {th:utext}] [1400]: org.thymeleaf.standard.processor.StandardUtextTagProcessor
[THYMELEAF]             * [* {th:assert}] [1550]: org.thymeleaf.standard.processor.StandardAssertTagProcessor
[THYMELEAF]             * [* {th:remove}] [1600]: org.thymeleaf.standard.processor.StandardRemoveTagProcessor
[THYMELEAF]             * [{th:block} *] [100000]: org.thymeleaf.standard.processor.StandardBlockTagProcessor
[THYMELEAF]             * [* 100000] [org.thymeleaf.standard.processor.StandardBlockTagProcessor]: {}
[THYMELEAF]         * Text Processors by [precedence]:
[THYMELEAF]             * [1000]: org.thymeleaf.standard.processor.StandardInliningTextProcessor
[THYMELEAF]     * Processors for Template Mode: CSS
[THYMELEAF]         * Element Tag Processors by [matching element and attribute name] [precedence]:
[THYMELEAF]             * [* {th:insert}] [100]: org.thymeleaf.standard.processor.StandardInsertTagProcessor
[THYMELEAF]             * [* {th:replace}] [100]: org.thymeleaf.standard.processor.StandardReplaceTagProcessor
[THYMELEAF]             * [* {th:each}] [200]: com.intuit.karate.template.KarateEachTagProcessor
[THYMELEAF]             * [* {th:switch}] [250]: org.thymeleaf.standard.processor.StandardSwitchTagProcessor
[THYMELEAF]             * [* {th:case}] [275]: org.thymeleaf.standard.processor.StandardCaseTagProcessor
[THYMELEAF]             * [* {th:if}] [300]: org.thymeleaf.standard.processor.StandardIfTagProcessor
[THYMELEAF]             * [* {th:unless}] [400]: org.thymeleaf.standard.processor.StandardUnlessTagProcessor
[THYMELEAF]             * [* {th:object}] [500]: org.thymeleaf.standard.processor.StandardObjectTagProcessor
[THYMELEAF]             * [* {th:with}] [600]: com.intuit.karate.template.KarateWithTagProcessor
[THYMELEAF]             * [* {th:inline}] [1000]: org.thymeleaf.standard.processor.StandardInlineTextualTagProcessor
[THYMELEAF]             * [* {th:text}] [1300]: org.thymeleaf.standard.processor.StandardTextTagProcessor
[THYMELEAF]             * [* {th:utext}] [1400]: org.thymeleaf.standard.processor.StandardUtextTagProcessor
[THYMELEAF]             * [* {th:assert}] [1550]: org.thymeleaf.standard.processor.StandardAssertTagProcessor
[THYMELEAF]             * [* {th:remove}] [1600]: org.thymeleaf.standard.processor.StandardRemoveTagProcessor
[THYMELEAF]             * [{th:block} *] [100000]: org.thymeleaf.standard.processor.StandardBlockTagProcessor
[THYMELEAF]             * [* 100000] [org.thymeleaf.standard.processor.StandardBlockTagProcessor]: {}
[THYMELEAF]         * Text Processors by [precedence]:
[THYMELEAF]             * [1000]: org.thymeleaf.standard.processor.StandardInliningTextProcessor
[THYMELEAF]     * Expression Objects:
[THYMELEAF]         * #ctx
[THYMELEAF]         * #root
[THYMELEAF]         * #vars
[THYMELEAF]         * #object
[THYMELEAF]         * #locale
[THYMELEAF]         * #conversions
[THYMELEAF]         * #uris
[THYMELEAF]         * #temporals
[THYMELEAF]         * #calendars
[THYMELEAF]         * #dates
[THYMELEAF]         * #bools
[THYMELEAF]         * #numbers
[THYMELEAF]         * #objects
[THYMELEAF]         * #strings
[THYMELEAF]         * #arrays
[THYMELEAF]         * #lists
[THYMELEAF]         * #sets
[THYMELEAF]         * #maps
[THYMELEAF]         * #aggregates
[THYMELEAF]         * #messages
[THYMELEAF]         * #ids
[THYMELEAF]         * #execInfo
[THYMELEAF]         * #request
[THYMELEAF]         * #response
[THYMELEAF]         * #session
[THYMELEAF]         * #servletContext
[THYMELEAF]     * Execution Attributes:
[THYMELEAF]         * "StandardExpressionParser": com.intuit.karate.template.KarateStandardDialect@da34eb0
[THYMELEAF]         * "StandardJavaScriptSerializer": org.thymeleaf.standard.serializer.StandardJavaScriptSerializer@503556cb
[THYMELEAF]         * "StandardCSSSerializer": org.thymeleaf.standard.serializer.StandardCSSSerializer@3c9e19de
[THYMELEAF]         * "StandardVariableExpressionEvaluator": com.intuit.karate.template.KarateStandardDialect@da34eb0
[THYMELEAF]         * "StandardConversionService": org.thymeleaf.standard.expression.StandardConversionService@12aa381f
[THYMELEAF] * Dialect [2 of 2]: karate (com.intuit.karate.template.KarateScriptDialect)
[THYMELEAF]     * Prefix: "ka"
[THYMELEAF]     * Processors for Template Mode: HTML
[THYMELEAF]         * Element Tag Processors by [matching element and attribute name] [precedence]:
[THYMELEAF]             * [* {src}] [1000]: com.intuit.karate.template.KaScriptAttrProcessor
[THYMELEAF]         * Element Model Processors by [matching element and attribute name] [precedence]:
[THYMELEAF]             * [{script} {ka:scope,data-ka-scope}] [1000]: com.intuit.karate.template.KaScriptElemProcessor
[THYMELEAF]             * [* {ka:set,data-ka-set}] [1000]: com.intuit.karate.template.KaSetElemProcessor
[THYMELEAF] TEMPLATE ENGINE CONFIGURED OK
09:53:51.259 [main] DEBUG org.thymeleaf.TemplateEngine -- [THYMELEAF] TEMPLATE ENGINE INITIALIZED
09:53:51.263 [main] DEBUG org.thymeleaf.TemplateEngine -- [THYMELEAF] INITIALIZING TEMPLATE ENGINE
09:53:51.273 [main] DEBUG org.thymeleaf.TemplateEngine.CONFIG -- Initializing Thymeleaf Template engine configuration...
[THYMELEAF] TEMPLATE ENGINE CONFIGURATION:
[THYMELEAF] * Thymeleaf version: 3.1.2.RELEASE (built 2023-07-30T19:25:50+0000)
[THYMELEAF] * Cache Manager implementation: org.thymeleaf.cache.StandardCacheManager
[THYMELEAF] * Template resolvers:
[THYMELEAF]     * [1] com.intuit.karate.template.ResourceHtmlTemplateResolver
[THYMELEAF] * Message resolvers:
[THYMELEAF]     * org.thymeleaf.messageresolver.StandardMessageResolver
[THYMELEAF] * Link builders:
[THYMELEAF]     * org.thymeleaf.linkbuilder.StandardLinkBuilder
[THYMELEAF] * Dialect [1 of 2]: Standard (com.intuit.karate.template.KarateStandardDialect)
[THYMELEAF]     * Prefix: "th"
[THYMELEAF]     * Processors for Template Mode: HTML
[THYMELEAF]         * Element Tag Processors by [matching element and attribute name] [precedence]:
[THYMELEAF]             * [* {th:include,data-th-include}] [100]: org.thymeleaf.standard.processor.StandardIncludeTagProcessor
[THYMELEAF]             * [* {th:insert,data-th-insert}] [100]: org.thymeleaf.standard.processor.StandardInsertTagProcessor
[THYMELEAF]             * [* {th:replace,data-th-replace}] [100]: org.thymeleaf.standard.processor.StandardReplaceTagProcessor
[THYMELEAF]             * [* {th:each,data-th-each}] [200]: com.intuit.karate.template.KarateEachTagProcessor
[THYMELEAF]             * [* {th:switch,data-th-switch}] [250]: org.thymeleaf.standard.processor.StandardSwitchTagProcessor
[THYMELEAF]             * [* {th:case,data-th-case}] [275]: org.thymeleaf.standard.processor.StandardCaseTagProcessor
[THYMELEAF]             * [* {th:if,data-th-if}] [300]: org.thymeleaf.standard.processor.StandardIfTagProcessor
[THYMELEAF]             * [* {th:unless,data-th-unless}] [400]: org.thymeleaf.standard.processor.StandardUnlessTagProcessor
[THYMELEAF]             * [* {th:object,data-th-object}] [500]: org.thymeleaf.standard.processor.StandardObjectTagProcessor
[THYMELEAF]             * [* {th:with,data-th-with}] [600]: com.intuit.karate.template.KarateWithTagProcessor
[THYMELEAF]             * [* {th:attr,data-th-attr}] [700]: com.intuit.karate.template.KarateAttributeTagProcessor.KarateAttrTagProcessor
[THYMELEAF]             * [* {th:attrappend,data-th-attrappend}] [900]: com.intuit.karate.template.KarateAttributeTagProcessor.KarateAttrappendTagProcessor
[THYMELEAF]             * [* {th:attrprepend,data-th-attrprepend}] [900]: com.intuit.karate.template.KarateAttributeTagProcessor.KarateAttrprependTagProcessor
[THYMELEAF]             * [* {th:alt-title,data-th-alt-title}] [990]: org.thymeleaf.standard.processor.StandardAltTitleTagProcessor
[THYMELEAF]             * [* {th:lang-xmllang,data-th-lang-xmllang}] [990]: org.thymeleaf.standard.processor.StandardLangXmlLangTagProcessor
[THYMELEAF]             * [* {th:action,data-th-action}] [1000]: org.thymeleaf.standard.processor.StandardActionTagProcessor
[THYMELEAF]             * [* {th:pubdate,data-th-pubdate}] [1000]: org.thymeleaf.standard.processor.StandardConditionalFixedValueTagProcessor
[THYMELEAF]             * [* {th:loop,data-th-loop}] [1000]: org.thymeleaf.standard.processor.StandardConditionalFixedValueTagProcessor
[THYMELEAF]             * [* {th:controls,data-th-controls}] [1000]: org.thymeleaf.standard.processor.StandardConditionalFixedValueTagProcessor
[THYMELEAF]             * [* {th:hidden,data-th-hidden}] [1000]: org.thymeleaf.standard.processor.StandardConditionalFixedValueTagProcessor
[THYMELEAF]             * [* {th:default,data-th-default}] [1000]: org.thymeleaf.standard.processor.StandardConditionalFixedValueTagProcessor
[THYMELEAF]             * [* {th:open,data-th-open}] [1000]: org.thymeleaf.standard.processor.StandardConditionalFixedValueTagProcessor
[THYMELEAF]             * [* {th:multiple,data-th-multiple}] [1000]: org.thymeleaf.standard.processor.StandardConditionalFixedValueTagProcessor
[THYMELEAF]             * [* {th:readonly,data-th-readonly}] [1000]: org.thymeleaf.standard.processor.StandardConditionalFixedValueTagProcessor
[THYMELEAF]             * [* {th:required,data-th-required}] [1000]: org.thymeleaf.standard.processor.StandardConditionalFixedValueTagProcessor
[THYMELEAF]             * [* {th:defer,data-th-defer}] [1000]: org.thymeleaf.standard.processor.StandardConditionalFixedValueTagProcessor
[THYMELEAF]             * [* {th:seamless,data-th-seamless}] [1000]: org.thymeleaf.standard.processor.StandardConditionalFixedValueTagProcessor
[THYMELEAF]             * [* {th:declare,data-th-declare}] [1000]: org.thymeleaf.standard.processor.StandardConditionalFixedValueTagProcessor
[THYMELEAF]             * [* {th:formnovalidate,data-th-formnovalidate}] [1000]: org.thymeleaf.standard.processor.StandardConditionalFixedValueTagProcessor
[THYMELEAF]             * [* {th:novalidate,data-th-novalidate}] [1000]: org.thymeleaf.standard.processor.StandardConditionalFixedValueTagProcessor
[THYMELEAF]             * [* {th:ismap,data-th-ismap}] [1000]: org.thymeleaf.standard.processor.StandardConditionalFixedValueTagProcessor
[THYMELEAF]             * [* {th:scoped,data-th-scoped}] [1000]: org.thymeleaf.standard.processor.StandardConditionalFixedValueTagProcessor
[THYMELEAF]             * [* {th:disabled,data-th-disabled}] [1000]: org.thymeleaf.standard.processor.StandardConditionalFixedValueTagProcessor
[THYMELEAF]             * [* {th:reversed,data-th-reversed}] [1000]: org.thymeleaf.standard.processor.StandardConditionalFixedValueTagProcessor
[THYMELEAF]             * [* {th:checked,data-th-checked}] [1000]: org.thymeleaf.standard.processor.StandardConditionalFixedValueTagProcessor
[THYMELEAF]             * [* {th:autoplay,data-th-autoplay}] [1000]: org.thymeleaf.standard.processor.StandardConditionalFixedValueTagProcessor
[THYMELEAF]             * [* {th:autofocus,data-th-autofocus}] [1000]: org.thymeleaf.standard.processor.StandardConditionalFixedValueTagProcessor
[THYMELEAF]             * [* {th:async,data-th-async}] [1000]: org.thymeleaf.standard.processor.StandardConditionalFixedValueTagProcessor
[THYMELEAF]             * [* {th:selected,data-th-selected}] [1000]: org.thymeleaf.standard.processor.StandardConditionalFixedValueTagProcessor
[THYMELEAF]             * [* {th:nowrap,data-th-nowrap}] [1000]: org.thymeleaf.standard.processor.StandardConditionalFixedValueTagProcessor
[THYMELEAF]             * [* {th:ondurationchange,data-th-ondurationchange}] [1000]: org.thymeleaf.standard.processor.StandardDOMEventAttributeTagProcessor
[THYMELEAF]             * [* {th:onclick,data-th-onclick}] [1000]: org.thymeleaf.standard.processor.StandardDOMEventAttributeTagProcessor
[THYMELEAF]             * [* {th:onseeking,data-th-onseeking}] [1000]: org.thymeleaf.standard.processor.StandardDOMEventAttributeTagProcessor
[THYMELEAF]             * [* {th:onwaiting,data-th-onwaiting}] [1000]: org.thymeleaf.standard.processor.StandardDOMEventAttributeTagProcessor
[THYMELEAF]             * [* {th:onscroll,data-th-onscroll}] [1000]: org.thymeleaf.standard.processor.StandardDOMEventAttributeTagProcessor
[THYMELEAF]             * [* {th:onabort,data-th-onabort}] [1000]: org.thymeleaf.standard.processor.StandardDOMEventAttributeTagProcessor
[THYMELEAF]             * [* {th:onafterprint,data-th-onafterprint}] [1000]: org.thymeleaf.standard.processor.StandardDOMEventAttributeTagProcessor
[THYMELEAF]             * [* {th:onseeked,data-th-onseeked}] [1000]: org.thymeleaf.standard.processor.StandardDOMEventAttributeTagProcessor
[THYMELEAF]             * [* {th:onoffline,data-th-onoffline}] [1000]: org.thymeleaf.standard.processor.StandardDOMEventAttributeTagProcessor
[THYMELEAF]             * [* {th:oninvalid,data-th-oninvalid}] [1000]: org.thymeleaf.standard.processor.StandardDOMEventAttributeTagProcessor
[THYMELEAF]             * [* {th:onbeforeunload,data-th-onbeforeunload}] [1000]: org.thymeleaf.standard.processor.StandardDOMEventAttributeTagProcessor
[THYMELEAF]             * [* {th:onstalled,data-th-onstalled}] [1000]: org.thymeleaf.standard.processor.StandardDOMEventAttributeTagProcessor
[THYMELEAF]             * [* {th:onemptied,data-th-onemptied}] [1000]: org.thymeleaf.standard.processor.StandardDOMEventAttributeTagProcessor
[THYMELEAF]             * [* {th:ondragenter,data-th-ondragenter}] [1000]: org.thymeleaf.standard.processor.StandardDOMEventAttributeTagProcessor
[THYMELEAF]             * [* {th:onchange,data-th-onchange}] [1000]: org.thymeleaf.standard.processor.StandardDOMEventAttributeTagProcessor
[THYMELEAF]             * [* {th:onunload,data-th-onunload}] [1000]: org.thymeleaf.standard.processor.StandardDOMEventAttributeTagProcessor
[THYMELEAF]             * [* {th:onsubmit,data-th-onsubmit}] [1000]: org.thymeleaf.standard.processor.StandardDOMEventAttributeTagProcessor
[THYMELEAF]             * [* {th:onprogress,data-th-onprogress}] [1000]: org.thymeleaf.standard.processor.StandardDOMEventAttributeTagProcessor
[THYMELEAF]             * [* {th:ondragend,data-th-ondragend}] [1000]: org.thymeleaf.standard.processor.StandardDOMEventAttributeTagProcessor
[THYMELEAF]             * [* {th:onended,data-th-onended}] [1000]: org.thymeleaf.standard.processor.StandardDOMEventAttributeTagProcessor
[THYMELEAF]             * [* {th:oncontextmenu,data-th-oncontextmenu}] [1000]: org.thymeleaf.standard.processor.StandardDOMEventAttributeTagProcessor
[THYMELEAF]             * [* {th:ontimeupdate,data-th-ontimeupdate}] [1000]: org.thymeleaf.standard.processor.StandardDOMEventAttributeTagProcessor
[THYMELEAF]             * [* {th:ondrag,data-th-ondrag}] [1000]: org.thymeleaf.standard.processor.StandardDOMEventAttributeTagProcessor
[THYMELEAF]             * [* {th:onloadeddata,data-th-onloadeddata}] [1000]: org.thymeleaf.standard.processor.StandardDOMEventAttributeTagProcessor
[THYMELEAF]             * [* {th:ondragleave,data-th-ondragleave}] [1000]: org.thymeleaf.standard.processor.StandardDOMEventAttributeTagProcessor
[THYMELEAF]             * [* {th:ondblclick,data-th-ondblclick}] [1000]: org.thymeleaf.standard.processor.StandardDOMEventAttributeTagProcessor
[THYMELEAF]             * [* {th:onloadstart,data-th-onloadstart}] [1000]: org.thymeleaf.standard.processor.StandardDOMEventAttributeTagProcessor
[THYMELEAF]             * [* {th:onloadedmetadata,data-th-onloadedmetadata}] [1000]: org.thymeleaf.standard.processor.StandardDOMEventAttributeTagProcessor
[THYMELEAF]             * [* {th:onreset,data-th-onreset}] [1000]: org.thymeleaf.standard.processor.StandardDOMEventAttributeTagProcessor
[THYMELEAF]             * [* {th:onformchange,data-th-onformchange}] [1000]: org.thymeleaf.standard.processor.StandardDOMEventAttributeTagProcessor
[THYMELEAF]             * [* {th:onstorage,data-th-onstorage}] [1000]: org.thymeleaf.standard.processor.StandardDOMEventAttributeTagProcessor
[THYMELEAF]             * [* {th:ondragstart,data-th-ondragstart}] [1000]: org.thymeleaf.standard.processor.StandardDOMEventAttributeTagProcessor
[THYMELEAF]             * [* {th:onload,data-th-onload}] [1000]: org.thymeleaf.standard.processor.StandardDOMEventAttributeTagProcessor
[THYMELEAF]             * [* {th:onerror,data-th-onerror}] [1000]: org.thymeleaf.standard.processor.StandardDOMEventAttributeTagProcessor
[THYMELEAF]             * [* {th:onratechange,data-th-onratechange}] [1000]: org.thymeleaf.standard.processor.StandardDOMEventAttributeTagProcessor
[THYMELEAF]             * [* {th:onmousewheel,data-th-onmousewheel}] [1000]: org.thymeleaf.standard.processor.StandardDOMEventAttributeTagProcessor
[THYMELEAF]             * [* {th:onselect,data-th-onselect}] [1000]: org.thymeleaf.standard.processor.StandardDOMEventAttributeTagProcessor
[THYMELEAF]             * [* {th:onvolumechange,data-th-onvolumechange}] [1000]: org.thymeleaf.standard.processor.StandardDOMEventAttributeTagProcessor
[THYMELEAF]             * [* {th:onsuspend,data-th-onsuspend}] [1000]: org.thymeleaf.standard.processor.StandardDOMEventAttributeTagProcessor
[THYMELEAF]             * [* {th:ondragover,data-th-ondragover}] [1000]: org.thymeleaf.standard.processor.StandardDOMEventAttributeTagProcessor
[THYMELEAF]             * [* {th:onmousemove,data-th-onmousemove}] [1000]: org.thymeleaf.standard.processor.StandardDOMEventAttributeTagProcessor
[THYMELEAF]             * [* {th:ondrop,data-th-ondrop}] [1000]: org.thymeleaf.standard.processor.StandardDOMEventAttributeTagProcessor
[THYMELEAF]             * [* {th:oncanplay,data-th-oncanplay}] [1000]: org.thymeleaf.standard.processor.StandardDOMEventAttributeTagProcessor
[THYMELEAF]             * [* {th:onfocus,data-th-onfocus}] [1000]: org.thymeleaf.standard.processor.StandardDOMEventAttributeTagProcessor
[THYMELEAF]             * [* {th:onkeydown,data-th-onkeydown}] [1000]: org.thymeleaf.standard.processor.StandardDOMEventAttributeTagProcessor
[THYMELEAF]             * [* {th:onmouseup,data-th-onmouseup}] [1000]: org.thymeleaf.standard.processor.StandardDOMEventAttributeTagProcessor
[THYMELEAF]             * [* {th:onredo,data-th-onredo}] [1000]: org.thymeleaf.standard.processor.StandardDOMEventAttributeTagProcessor
[THYMELEAF]             * [* {th:onpopstate,data-th-onpopstate}] [1000]: org.thymeleaf.standard.processor.StandardDOMEventAttributeTagProcessor
[THYMELEAF]             * [* {th:onshow,data-th-onshow}] [1000]: org.thymeleaf.standard.processor.StandardDOMEventAttributeTagProcessor
[THYMELEAF]             * [* {th:onkeyup,data-th-onkeyup}] [1000]: org.thymeleaf.standard.processor.StandardDOMEventAttributeTagProcessor
[THYMELEAF]             * [* {th:onreadystatechange,data-th-onreadystatechange}] [1000]: org.thymeleaf.standard.processor.StandardDOMEventAttributeTagProcessor
[THYMELEAF]             * [* {th:onmessage,data-th-onmessage}] [1000]: org.thymeleaf.standard.processor.StandardDOMEventAttributeTagProcessor
[THYMELEAF]             * [* {th:onforminput,data-th-onforminput}] [1000]: org.thymeleaf.standard.processor.StandardDOMEventAttributeTagProcessor
[THYMELEAF]             * [* {th:onhashchange,data-th-onhashchange}] [1000]: org.thymeleaf.standard.processor.StandardDOMEventAttributeTagProcessor
[THYMELEAF]             * [* {th:onmouseout,data-th-onmouseout}] [1000]: org.thymeleaf.standard.processor.StandardDOMEventAttributeTagProcessor
[THYMELEAF]             * [* {th:onmouseover,data-th-onmouseover}] [1000]: org.thymeleaf.standard.processor.StandardDOMEventAttributeTagProcessor
[THYMELEAF]             * [* {th:onmousedown,data-th-onmousedown}] [1000]: org.thymeleaf.standard.processor.StandardDOMEventAttributeTagProcessor
[THYMELEAF]             * [* {th:oncanplaythrough,data-th-oncanplaythrough}] [1000]: org.thymeleaf.standard.processor.StandardDOMEventAttributeTagProcessor
[THYMELEAF]             * [* {th:ononline,data-th-ononline}] [1000]: org.thymeleaf.standard.processor.StandardDOMEventAttributeTagProcessor
[THYMELEAF]             * [* {th:onplay,data-th-onplay}] [1000]: org.thymeleaf.standard.processor.StandardDOMEventAttributeTagProcessor
[THYMELEAF]             * [* {th:onbeforeprint,data-th-onbeforeprint}] [1000]: org.thymeleaf.standard.processor.StandardDOMEventAttributeTagProcessor
[THYMELEAF]             * [* {th:onresize,data-th-onresize}] [1000]: org.thymeleaf.standard.processor.StandardDOMEventAttributeTagProcessor
[THYMELEAF]             * [* {th:oninput,data-th-oninput}] [1000]: org.thymeleaf.standard.processor.StandardDOMEventAttributeTagProcessor
[THYMELEAF]             * [* {th:onundo,data-th-onundo}] [1000]: org.thymeleaf.standard.processor.StandardDOMEventAttributeTagProcessor
[THYMELEAF]             * [* {th:onplaying,data-th-onplaying}] [1000]: org.thymeleaf.standard.processor.StandardDOMEventAttributeTagProcessor
[THYMELEAF]             * [* {th:onpause,data-th-onpause}] [1000]: org.thymeleaf.standard.processor.StandardDOMEventAttributeTagProcessor
[THYMELEAF]             * [* {th:onkeypress,data-th-onkeypress}] [1000]: org.thymeleaf.standard.processor.StandardDOMEventAttributeTagProcessor
[THYMELEAF]             * [* {th:onblur,data-th-onblur}] [1000]: org.thymeleaf.standard.processor.StandardDOMEventAttributeTagProcessor
[THYMELEAF]             * [* {th:href,data-th-href}] [1000]: org.thymeleaf.standard.processor.StandardHrefTagProcessor
[THYMELEAF]             * [* {th:inline,data-th-inline}] [1000]: org.thymeleaf.standard.processor.StandardInlineHTMLTagProcessor
[THYMELEAF]             * [* {th:method,data-th-method}] [1000]: org.thymeleaf.standard.processor.StandardMethodTagProcessor
[THYMELEAF]             * [* {th:type,data-th-type}] [1000]: org.thymeleaf.standard.processor.StandardNonRemovableAttributeTagProcessor
[THYMELEAF]             * [* {th:name,data-th-name}] [1000]: org.thymeleaf.standard.processor.StandardNonRemovableAttributeTagProcessor
[THYMELEAF]             * [* {th:standby,data-th-standby}] [1000]: org.thymeleaf.standard.processor.StandardRemovableAttributeTagProcessor
[THYMELEAF]             * [* {th:data,data-th-data}] [1000]: org.thymeleaf.standard.processor.StandardRemovableAttributeTagProcessor
[THYMELEAF]             * [* {th:headers,data-th-headers}] [1000]: org.thymeleaf.standard.processor.StandardRemovableAttributeTagProcessor
[THYMELEAF]             * [* {th:datetime,data-th-datetime}] [1000]: org.thymeleaf.standard.processor.StandardRemovableAttributeTagProcessor
[THYMELEAF]             * [* {th:classid,data-th-classid}] [1000]: org.thymeleaf.standard.processor.StandardRemovableAttributeTagProcessor
[THYMELEAF]             * [* {th:compact,data-th-compact}] [1000]: org.thymeleaf.standard.processor.StandardRemovableAttributeTagProcessor
[THYMELEAF]             * [* {th:class,data-th-class}] [1000]: org.thymeleaf.standard.processor.StandardRemovableAttributeTagProcessor
[THYMELEAF]             * [* {th:wrap,data-th-wrap}] [1000]: org.thymeleaf.standard.processor.StandardRemovableAttributeTagProcessor
[THYMELEAF]             * [* {th:valuetype,data-th-valuetype}] [1000]: org.thymeleaf.standard.processor.StandardRemovableAttributeTagProcessor
[THYMELEAF]             * [* {th:draggable,data-th-draggable}] [1000]: org.thymeleaf.standard.processor.StandardRemovableAttributeTagProcessor
[THYMELEAF]             * [* {th:optimum,data-th-optimum}] [1000]: org.thymeleaf.standard.processor.StandardRemovableAttributeTagProcessor
[THYMELEAF]             * [* {th:enctype,data-th-enctype}] [1000]: org.thymeleaf.standard.processor.StandardRemovableAttributeTagProcessor
[THYMELEAF]             * [* {th:http-equiv,data-th-http-equiv}] [1000]: org.thymeleaf.standard.processor.StandardRemovableAttributeTagProcessor
[THYMELEAF]             * [* {th:form,data-th-form}] [1000]: org.thymeleaf.standard.processor.StandardRemovableAttributeTagProcessor
[THYMELEAF]             * [* {th:autocomplete,data-th-autocomplete}] [1000]: org.thymeleaf.standard.processor.StandardRemovableAttributeTagProcessor
[THYMELEAF]             * [* {th:abbr,data-th-abbr}] [1000]: org.thymeleaf.standard.processor.StandardRemovableAttributeTagProcessor
[THYMELEAF]             * [* {th:step,data-th-step}] [1000]: org.thymeleaf.standard.processor.StandardRemovableAttributeTagProcessor
[THYMELEAF]             * [* {th:target,data-th-target}] [1000]: org.thymeleaf.standard.processor.StandardRemovableAttributeTagProcessor
[THYMELEAF]             * [* {th:formenctype,data-th-formenctype}] [1000]: org.thymeleaf.standard.processor.StandardRemovableAttributeTagProcessor
[THYMELEAF]             * [* {th:rel,data-th-rel}] [1000]: org.thymeleaf.standard.processor.StandardRemovableAttributeTagProcessor
[THYMELEAF]             * [* {th:srclang,data-th-srclang}] [1000]: org.thymeleaf.standard.processor.StandardRemovableAttributeTagProcessor
[THYMELEAF]             * [* {th:contextmenu,data-th-contextmenu}] [1000]: org.thymeleaf.standard.processor.StandardRemovableAttributeTagProcessor
[THYMELEAF]             * [* {th:charset,data-th-charset}] [1000]: org.thymeleaf.standard.processor.StandardRemovableAttributeTagProcessor
[THYMELEAF]             * [* {th:rows,data-th-rows}] [1000]: org.thymeleaf.standard.processor.StandardRemovableAttributeTagProcessor
[THYMELEAF]             * [* {th:label,data-th-label}] [1000]: org.thymeleaf.standard.processor.StandardRemovableAttributeTagProcessor
[THYMELEAF]             * [* {th:bgcolor,data-th-bgcolor}] [1000]: org.thymeleaf.standard.processor.StandardRemovableAttributeTagProcessor
[THYMELEAF]             * [* {th:keytype,data-th-keytype}] [1000]: org.thymeleaf.standard.processor.StandardRemovableAttributeTagProcessor
[THYMELEAF]             * [* {th:colspan,data-th-colspan}] [1000]: org.thymeleaf.standard.processor.StandardRemovableAttributeTagProcessor
[THYMELEAF]             * [* {th:title,data-th-title}] [1000]: org.thymeleaf.standard.processor.StandardRemovableAttributeTagProcessor
[THYMELEAF]             * [* {th:dir,data-th-dir}] [1000]: org.thymeleaf.standard.processor.StandardRemovableAttributeTagProcessor
[THYMELEAF]             * [* {th:tabindex,data-th-tabindex}] [1000]: org.thymeleaf.standard.processor.StandardRemovableAttributeTagProcessor
[THYMELEAF]             * [* {th:archive,data-th-archive}] [1000]: org.thymeleaf.standard.processor.StandardRemovableAttributeTagProcessor
[THYMELEAF]             * [* {th:border,data-th-border}] [1000]: org.thymeleaf.standard.processor.StandardRemovableAttributeTagProcessor
[THYMELEAF]             * [* {th:accesskey,data-th-accesskey}] [1000]: org.thymeleaf.standard.processor.StandardRemovableAttributeTagProcessor
[THYMELEAF]             * [* {th:dropzone,data-th-dropzone}] [1000]: org.thymeleaf.standard.processor.StandardRemovableAttributeTagProcessor
[THYMELEAF]             * [* {th:vspace,data-th-vspace}] [1000]: org.thymeleaf.standard.processor.StandardRemovableAttributeTagProcessor
[THYMELEAF]             * [* {th:usemap,data-th-usemap}] [1000]: org.thymeleaf.standard.processor.StandardRemovableAttributeTagProcessor
[THYMELEAF]             * [* {th:poster,data-th-poster}] [1000]: org.thymeleaf.standard.processor.StandardRemovableAttributeTagProcessor
[THYMELEAF]             * [* {th:challenge,data-th-challenge}] [1000]: org.thymeleaf.standard.processor.StandardRemovableAttributeTagProcessor
[THYMELEAF]             * [* {th:scrolling,data-th-scrolling}] [1000]: org.thymeleaf.standard.processor.StandardRemovableAttributeTagProcessor
[THYMELEAF]             * [* {th:min,data-th-min}] [1000]: org.thymeleaf.standard.processor.StandardRemovableAttributeTagProcessor
[THYMELEAF]             * [* {th:style,data-th-style}] [1000]: org.thymeleaf.standard.processor.StandardRemovableAttributeTagProcessor
[THYMELEAF]             * [* {th:summary,data-th-summary}] [1000]: org.thymeleaf.standard.processor.StandardRemovableAttributeTagProcessor
[THYMELEAF]             * [* {th:rowspan,data-th-rowspan}] [1000]: org.thymeleaf.standard.processor.StandardRemovableAttributeTagProcessor
[THYMELEAF]             * [* {th:background,data-th-background}] [1000]: org.thymeleaf.standard.processor.StandardRemovableAttributeTagProcessor
[THYMELEAF]             * [* {th:pattern,data-th-pattern}] [1000]: org.thymeleaf.standard.processor.StandardRemovableAttributeTagProcessor
[THYMELEAF]             * [* {th:sizes,data-th-sizes}] [1000]: org.thymeleaf.standard.processor.StandardRemovableAttributeTagProcessor
[THYMELEAF]             * [* {th:scheme,data-th-scheme}] [1000]: org.thymeleaf.standard.processor.StandardRemovableAttributeTagProcessor
[THYMELEAF]             * [* {th:codebase,data-th-codebase}] [1000]: org.thymeleaf.standard.processor.StandardRemovableAttributeTagProcessor
[THYMELEAF]             * [* {th:low,data-th-low}] [1000]: org.thymeleaf.standard.processor.StandardRemovableAttributeTagProcessor
[THYMELEAF]             * [* {th:media,data-th-media}] [1000]: org.thymeleaf.standard.processor.StandardRemovableAttributeTagProcessor
[THYMELEAF]             * [* {th:codetype,data-th-codetype}] [1000]: org.thymeleaf.standard.processor.StandardRemovableAttributeTagProcessor
[THYMELEAF]             * [* {th:sandbox,data-th-sandbox}] [1000]: org.thymeleaf.standard.processor.StandardRemovableAttributeTagProcessor
[THYMELEAF]             * [* {th:high,data-th-high}] [1000]: org.thymeleaf.standard.processor.StandardRemovableAttributeTagProcessor
[THYMELEAF]             * [* {th:audio,data-th-audio}] [1000]: org.thymeleaf.standard.processor.StandardRemovableAttributeTagProcessor
[THYMELEAF]             * [* {th:frameborder,data-th-frameborder}] [1000]: org.thymeleaf.standard.processor.StandardRemovableAttributeTagProcessor
[THYMELEAF]             * [* {th:accept,data-th-accept}] [1000]: org.thymeleaf.standard.processor.StandardRemovableAttributeTagProcessor
[THYMELEAF]             * [* {th:cellspacing,data-th-cellspacing}] [1000]: org.thymeleaf.standard.processor.StandardRemovableAttributeTagProcessor
[THYMELEAF]             * [* {th:cite,data-th-cite}] [1000]: org.thymeleaf.standard.processor.StandardRemovableAttributeTagProcessor
[THYMELEAF]             * [* {th:marginwidth,data-th-marginwidth}] [1000]: org.thymeleaf.standard.processor.StandardRemovableAttributeTagProcessor
[THYMELEAF]             * [* {th:marginheight,data-th-marginheight}] [1000]: org.thymeleaf.standard.processor.StandardRemovableAttributeTagProcessor
[THYMELEAF]             * [* {th:align,data-th-align}] [1000]: org.thymeleaf.standard.processor.StandardRemovableAttributeTagProcessor
[THYMELEAF]             * [* {th:start,data-th-start}] [1000]: org.thymeleaf.standard.processor.StandardRemovableAttributeTagProcessor
[THYMELEAF]             * [* {th:longdesc,data-th-longdesc}] [1000]: org.thymeleaf.standard.processor.StandardRemovableAttributeTagProcessor
[THYMELEAF]             * [* {th:content,data-th-content}] [1000]: org.thymeleaf.standard.processor.StandardRemovableAttributeTagProcessor
[THYMELEAF]             * [* {th:max,data-th-max}] [1000]: org.thymeleaf.standard.processor.StandardRemovableAttributeTagProcessor
[THYMELEAF]             * [* {th:list,data-th-list}] [1000]: org.thymeleaf.standard.processor.StandardRemovableAttributeTagProcessor
[THYMELEAF]             * [* {th:radiogroup,data-th-radiogroup}] [1000]: org.thymeleaf.standard.processor.StandardRemovableAttributeTagProcessor
[THYMELEAF]             * [* {th:manifest,data-th-manifest}] [1000]: org.thymeleaf.standard.processor.StandardRemovableAttributeTagProcessor
[THYMELEAF]             * [* {th:cols,data-th-cols}] [1000]: org.thymeleaf.standard.processor.StandardRemovableAttributeTagProcessor
[THYMELEAF]             * [* {th:height,data-th-height}] [1000]: org.thymeleaf.standard.processor.StandardRemovableAttributeTagProcessor
[THYMELEAF]             * [* {th:preload,data-th-preload}] [1000]: org.thymeleaf.standard.processor.StandardRemovableAttributeTagProcessor
[THYMELEAF]             * [* {th:placeholder,data-th-placeholder}] [1000]: org.thymeleaf.standard.processor.StandardRemovableAttributeTagProcessor
[THYMELEAF]             * [* {th:hreflang,data-th-hreflang}] [1000]: org.thymeleaf.standard.processor.StandardRemovableAttributeTagProcessor
[THYMELEAF]             * [* {th:for,data-th-for}] [1000]: org.thymeleaf.standard.processor.StandardRemovableAttributeTagProcessor
[THYMELEAF]             * [* {th:icon,data-th-icon}] [1000]: org.thymeleaf.standard.processor.StandardRemovableAttributeTagProcessor
[THYMELEAF]             * [* {th:frame,data-th-frame}] [1000]: org.thymeleaf.standard.processor.StandardRemovableAttributeTagProcessor
[THYMELEAF]             * [* {th:scope,data-th-scope}] [1000]: org.thymeleaf.standard.processor.StandardRemovableAttributeTagProcessor
[THYMELEAF]             * [* {th:rules,data-th-rules}] [1000]: org.thymeleaf.standard.processor.StandardRemovableAttributeTagProcessor
[THYMELEAF]             * [* {th:hspace,data-th-hspace}] [1000]: org.thymeleaf.standard.processor.StandardRemovableAttributeTagProcessor
[THYMELEAF]             * [* {th:formmethod,data-th-formmethod}] [1000]: org.thymeleaf.standard.processor.StandardRemovableAttributeTagProcessor
[THYMELEAF]             * [* {th:axis,data-th-axis}] [1000]: org.thymeleaf.standard.processor.StandardRemovableAttributeTagProcessor
[THYMELEAF]             * [* {th:kind,data-th-kind}] [1000]: org.thymeleaf.standard.processor.StandardRemovableAttributeTagProcessor
[THYMELEAF]             * [* {th:cellpadding,data-th-cellpadding}] [1000]: org.thymeleaf.standard.processor.StandardRemovableAttributeTagProcessor
[THYMELEAF]             * [* {th:accept-charset,data-th-accept-charset}] [1000]: org.thymeleaf.standard.processor.StandardRemovableAttributeTagProcessor
[THYMELEAF]             * [* {th:lang,data-th-lang}] [1000]: org.thymeleaf.standard.processor.StandardRemovableAttributeTagProcessor
[THYMELEAF]             * [* {th:formtarget,data-th-formtarget}] [1000]: org.thymeleaf.standard.processor.StandardRemovableAttributeTagProcessor
[THYMELEAF]             * [* {th:size,data-th-size}] [1000]: org.thymeleaf.standard.processor.StandardRemovableAttributeTagProcessor
[THYMELEAF]             * [* {th:contenteditable,data-th-contenteditable}] [1000]: org.thymeleaf.standard.processor.StandardRemovableAttributeTagProcessor
[THYMELEAF]             * [* {th:alt,data-th-alt}] [1000]: org.thymeleaf.standard.processor.StandardRemovableAttributeTagProcessor
[THYMELEAF]             * [* {th:formaction,data-th-formaction}] [1000]: org.thymeleaf.standard.processor.StandardRemovableAttributeTagProcessor
[THYMELEAF]             * [* {th:spellcheck,data-th-spellcheck}] [1000]: org.thymeleaf.standard.processor.StandardRemovableAttributeTagProcessor
[THYMELEAF]             * [* {th:width,data-th-width}] [1000]: org.thymeleaf.standard.processor.StandardRemovableAttributeTagProcessor
[THYMELEAF]             * [* {th:id,data-th-id}] [1000]: org.thymeleaf.standard.processor.StandardRemovableAttributeTagProcessor
[THYMELEAF]             * [* {th:rev,data-th-rev}] [1000]: org.thymeleaf.standard.processor.StandardRemovableAttributeTagProcessor
[THYMELEAF]             * [* {th:span,data-th-span}] [1000]: org.thymeleaf.standard.processor.StandardRemovableAttributeTagProcessor
[THYMELEAF]             * [* {th:maxlength,data-th-maxlength}] [1000]: org.thymeleaf.standard.processor.StandardRemovableAttributeTagProcessor
[THYMELEAF]             * [* {th:src,data-th-src}] [1000]: org.thymeleaf.standard.processor.StandardSrcTagProcessor
[THYMELEAF]             * [* {th:value,data-th-value}] [1000]: org.thymeleaf.standard.processor.StandardValueTagProcessor
[THYMELEAF]             * [* {th:xmlbase,data-th-xmlbase}] [1000]: org.thymeleaf.standard.processor.StandardXmlBaseTagProcessor
[THYMELEAF]             * [* {th:xmllang,data-th-xmllang}] [1000]: org.thymeleaf.standard.processor.StandardXmlLangTagProcessor
[THYMELEAF]             * [* {xmlns:th}] [1000]: org.thymeleaf.standard.processor.StandardXmlNsTagProcessor
[THYMELEAF]             * [* {th:xmlspace,data-th-xmlspace}] [1000]: org.thymeleaf.standard.processor.StandardXmlSpaceTagProcessor
[THYMELEAF]             * [* {th:classappend,data-th-classappend}] [1100]: org.thymeleaf.standard.processor.StandardClassappendTagProcessor
[THYMELEAF]             * [* {th:styleappend,data-th-styleappend}] [1100]: org.thymeleaf.standard.processor.StandardStyleappendTagProcessor
[THYMELEAF]             * [* {th:text,data-th-text}] [1300]: org.thymeleaf.standard.processor.StandardTextTagProcessor
[THYMELEAF]             * [* {th:utext,data-th-utext}] [1400]: org.thymeleaf.standard.processor.StandardUtextTagProcessor
[THYMELEAF]             * [* {th:fragment,data-th-fragment}] [1500]: org.thymeleaf.standard.processor.StandardFragmentTagProcessor
[THYMELEAF]             * [* {th:assert,data-th-assert}] [1550]: org.thymeleaf.standard.processor.StandardAssertTagProcessor
[THYMELEAF]             * [* {th:remove,data-th-remove}] [1600]: org.thymeleaf.standard.processor.StandardRemoveTagProcessor
[THYMELEAF]             * [* {th:ref,data-th-ref}] [10000]: org.thymeleaf.standard.processor.StandardRefAttributeTagProcessor
[THYMELEAF]             * [{th:block,th-block} *] [100000]: org.thymeleaf.standard.processor.StandardBlockTagProcessor
[THYMELEAF]             * [* th:*] [2147483647]: org.thymeleaf.standard.processor.StandardDefaultAttributesTagProcessor
[THYMELEAF]         * Text Processors by [precedence]:
[THYMELEAF]             * [1000]: org.thymeleaf.standard.processor.StandardInliningTextProcessor
[THYMELEAF]         * DOCTYPE Processors by [precedence]:
[THYMELEAF]             * [1000]: org.thymeleaf.standard.processor.StandardTranslationDocTypeProcessor
[THYMELEAF]         * CDATA Section Processors by [precedence]:
[THYMELEAF]             * [1000]: org.thymeleaf.standard.processor.StandardInliningCDATASectionProcessor
[THYMELEAF]         * Comment Processors by [precedence]:
[THYMELEAF]             * [1000]: org.thymeleaf.standard.processor.StandardInliningCommentProcessor
[THYMELEAF]             * [1100]: org.thymeleaf.standard.processor.StandardConditionalCommentProcessor
[THYMELEAF]     * Processors for Template Mode: XML
[THYMELEAF]         * Element Tag Processors by [matching element and attribute name] [precedence]:
[THYMELEAF]             * [* {th:include}] [100]: org.thymeleaf.standard.processor.StandardIncludeTagProcessor
[THYMELEAF]             * [* {th:insert}] [100]: org.thymeleaf.standard.processor.StandardInsertTagProcessor
[THYMELEAF]             * [* {th:replace}] [100]: org.thymeleaf.standard.processor.StandardReplaceTagProcessor
[THYMELEAF]             * [* {th:each}] [200]: com.intuit.karate.template.KarateEachTagProcessor
[THYMELEAF]             * [* {th:switch}] [250]: org.thymeleaf.standard.processor.StandardSwitchTagProcessor
[THYMELEAF]             * [* {th:case}] [275]: org.thymeleaf.standard.processor.StandardCaseTagProcessor
[THYMELEAF]             * [* {th:if}] [300]: org.thymeleaf.standard.processor.StandardIfTagProcessor
[THYMELEAF]             * [* {th:unless}] [400]: org.thymeleaf.standard.processor.StandardUnlessTagProcessor
[THYMELEAF]             * [* {th:object}] [500]: org.thymeleaf.standard.processor.StandardObjectTagProcessor
[THYMELEAF]             * [* {th:with}] [600]: com.intuit.karate.template.KarateWithTagProcessor
[THYMELEAF]             * [* {th:attr}] [700]: com.intuit.karate.template.KarateAttributeTagProcessor.KarateAttrTagProcessor
[THYMELEAF]             * [* {th:attrappend}] [900]: com.intuit.karate.template.KarateAttributeTagProcessor.KarateAttrappendTagProcessor
[THYMELEAF]             * [* {th:attrprepend}] [900]: com.intuit.karate.template.KarateAttributeTagProcessor.KarateAttrprependTagProcessor
[THYMELEAF]             * [* {th:inline}] [1000]: org.thymeleaf.standard.processor.StandardInlineXMLTagProcessor
[THYMELEAF]             * [* {xmlns:th}] [1000]: org.thymeleaf.standard.processor.StandardXmlNsTagProcessor
[THYMELEAF]             * [* {th:text}] [1300]: org.thymeleaf.standard.processor.StandardTextTagProcessor
[THYMELEAF]             * [* {th:utext}] [1400]: org.thymeleaf.standard.processor.StandardUtextTagProcessor
[THYMELEAF]             * [* {th:fragment}] [1500]: org.thymeleaf.standard.processor.StandardFragmentTagProcessor
[THYMELEAF]             * [* {th:assert}] [1550]: org.thymeleaf.standard.processor.StandardAssertTagProcessor
[THYMELEAF]             * [* {th:remove}] [1600]: org.thymeleaf.standard.processor.StandardRemoveTagProcessor
[THYMELEAF]             * [* {th:ref}] [10000]: org.thymeleaf.standard.processor.StandardRefAttributeTagProcessor
[THYMELEAF]             * [{th:block} *] [100000]: org.thymeleaf.standard.processor.StandardBlockTagProcessor
[THYMELEAF]             * [* th:*] [2147483647]: org.thymeleaf.standard.processor.StandardDefaultAttributesTagProcessor
[THYMELEAF]         * Text Processors by [precedence]:
[THYMELEAF]             * [1000]: org.thymeleaf.standard.processor.StandardInliningTextProcessor
[THYMELEAF]         * CDATA Section Processors by [precedence]:
[THYMELEAF]             * [1000]: org.thymeleaf.standard.processor.StandardInliningCDATASectionProcessor
[THYMELEAF]         * Comment Processors by [precedence]:
[THYMELEAF]             * [1000]: org.thymeleaf.standard.processor.StandardInliningCommentProcessor
[THYMELEAF]     * Processors for Template Mode: TEXT
[THYMELEAF]         * Element Tag Processors by [matching element and attribute name] [precedence]:
[THYMELEAF]             * [* {th:insert}] [100]: org.thymeleaf.standard.processor.StandardInsertTagProcessor
[THYMELEAF]             * [* {th:replace}] [100]: org.thymeleaf.standard.processor.StandardReplaceTagProcessor
[THYMELEAF]             * [* {th:each}] [200]: com.intuit.karate.template.KarateEachTagProcessor
[THYMELEAF]             * [* {th:switch}] [250]: org.thymeleaf.standard.processor.StandardSwitchTagProcessor
[THYMELEAF]             * [* {th:case}] [275]: org.thymeleaf.standard.processor.StandardCaseTagProcessor
[THYMELEAF]             * [* {th:if}] [300]: org.thymeleaf.standard.processor.StandardIfTagProcessor
[THYMELEAF]             * [* {th:unless}] [400]: org.thymeleaf.standard.processor.StandardUnlessTagProcessor
[THYMELEAF]             * [* {th:object}] [500]: org.thymeleaf.standard.processor.StandardObjectTagProcessor
[THYMELEAF]             * [* {th:with}] [600]: com.intuit.karate.template.KarateWithTagProcessor
[THYMELEAF]             * [* {th:inline}] [1000]: org.thymeleaf.standard.processor.StandardInlineTextualTagProcessor
[THYMELEAF]             * [* {th:text}] [1300]: org.thymeleaf.standard.processor.StandardTextTagProcessor
[THYMELEAF]             * [* {th:utext}] [1400]: org.thymeleaf.standard.processor.StandardUtextTagProcessor
[THYMELEAF]             * [* {th:assert}] [1550]: org.thymeleaf.standard.processor.StandardAssertTagProcessor
[THYMELEAF]             * [* {th:remove}] [1600]: org.thymeleaf.standard.processor.StandardRemoveTagProcessor
[THYMELEAF]             * [* 100000] [org.thymeleaf.standard.processor.StandardBlockTagProcessor]: {}
[THYMELEAF]             * [{th:block} *] [100000]: org.thymeleaf.standard.processor.StandardBlockTagProcessor
[THYMELEAF]         * Text Processors by [precedence]:
[THYMELEAF]             * [1000]: org.thymeleaf.standard.processor.StandardInliningTextProcessor
[THYMELEAF]     * Processors for Template Mode: JAVASCRIPT
[THYMELEAF]         * Element Tag Processors by [matching element and attribute name] [precedence]:
[THYMELEAF]             * [* {th:insert}] [100]: org.thymeleaf.standard.processor.StandardInsertTagProcessor
[THYMELEAF]             * [* {th:replace}] [100]: org.thymeleaf.standard.processor.StandardReplaceTagProcessor
[THYMELEAF]             * [* {th:each}] [200]: com.intuit.karate.template.KarateEachTagProcessor
[THYMELEAF]             * [* {th:switch}] [250]: org.thymeleaf.standard.processor.StandardSwitchTagProcessor
[THYMELEAF]             * [* {th:case}] [275]: org.thymeleaf.standard.processor.StandardCaseTagProcessor
[THYMELEAF]             * [* {th:if}] [300]: org.thymeleaf.standard.processor.StandardIfTagProcessor
[THYMELEAF]             * [* {th:unless}] [400]: org.thymeleaf.standard.processor.StandardUnlessTagProcessor
[THYMELEAF]             * [* {th:object}] [500]: org.thymeleaf.standard.processor.StandardObjectTagProcessor
[THYMELEAF]             * [* {th:with}] [600]: com.intuit.karate.template.KarateWithTagProcessor
[THYMELEAF]             * [* {th:inline}] [1000]: org.thymeleaf.standard.processor.StandardInlineTextualTagProcessor
[THYMELEAF]             * [* {th:text}] [1300]: org.thymeleaf.standard.processor.StandardTextTagProcessor
[THYMELEAF]             * [* {th:utext}] [1400]: org.thymeleaf.standard.processor.StandardUtextTagProcessor
[THYMELEAF]             * [* {th:assert}] [1550]: org.thymeleaf.standard.processor.StandardAssertTagProcessor
[THYMELEAF]             * [* {th:remove}] [1600]: org.thymeleaf.standard.processor.StandardRemoveTagProcessor
[THYMELEAF]             * [* 100000] [org.thymeleaf.standard.processor.StandardBlockTagProcessor]: {}
[THYMELEAF]             * [{th:block} *] [100000]: org.thymeleaf.standard.processor.StandardBlockTagProcessor
[THYMELEAF]         * Text Processors by [precedence]:
[THYMELEAF]             * [1000]: org.thymeleaf.standard.processor.StandardInliningTextProcessor
[THYMELEAF]     * Processors for Template Mode: CSS
[THYMELEAF]         * Element Tag Processors by [matching element and attribute name] [precedence]:
[THYMELEAF]             * [* {th:insert}] [100]: org.thymeleaf.standard.processor.StandardInsertTagProcessor
[THYMELEAF]             * [* {th:replace}] [100]: org.thymeleaf.standard.processor.StandardReplaceTagProcessor
[THYMELEAF]             * [* {th:each}] [200]: com.intuit.karate.template.KarateEachTagProcessor
[THYMELEAF]             * [* {th:switch}] [250]: org.thymeleaf.standard.processor.StandardSwitchTagProcessor
[THYMELEAF]             * [* {th:case}] [275]: org.thymeleaf.standard.processor.StandardCaseTagProcessor
[THYMELEAF]             * [* {th:if}] [300]: org.thymeleaf.standard.processor.StandardIfTagProcessor
[THYMELEAF]             * [* {th:unless}] [400]: org.thymeleaf.standard.processor.StandardUnlessTagProcessor
[THYMELEAF]             * [* {th:object}] [500]: org.thymeleaf.standard.processor.StandardObjectTagProcessor
[THYMELEAF]             * [* {th:with}] [600]: com.intuit.karate.template.KarateWithTagProcessor
[THYMELEAF]             * [* {th:inline}] [1000]: org.thymeleaf.standard.processor.StandardInlineTextualTagProcessor
[THYMELEAF]             * [* {th:text}] [1300]: org.thymeleaf.standard.processor.StandardTextTagProcessor
[THYMELEAF]             * [* {th:utext}] [1400]: org.thymeleaf.standard.processor.StandardUtextTagProcessor
[THYMELEAF]             * [* {th:assert}] [1550]: org.thymeleaf.standard.processor.StandardAssertTagProcessor
[THYMELEAF]             * [* {th:remove}] [1600]: org.thymeleaf.standard.processor.StandardRemoveTagProcessor
[THYMELEAF]             * [* 100000] [org.thymeleaf.standard.processor.StandardBlockTagProcessor]: {}
[THYMELEAF]             * [{th:block} *] [100000]: org.thymeleaf.standard.processor.StandardBlockTagProcessor
[THYMELEAF]         * Text Processors by [precedence]:
[THYMELEAF]             * [1000]: org.thymeleaf.standard.processor.StandardInliningTextProcessor
[THYMELEAF]     * Expression Objects:
[THYMELEAF]         * #ctx
[THYMELEAF]         * #root
[THYMELEAF]         * #vars
[THYMELEAF]         * #object
[THYMELEAF]         * #locale
[THYMELEAF]         * #conversions
[THYMELEAF]         * #uris
[THYMELEAF]         * #temporals
[THYMELEAF]         * #calendars
[THYMELEAF]         * #dates
[THYMELEAF]         * #bools
[THYMELEAF]         * #numbers
[THYMELEAF]         * #objects
[THYMELEAF]         * #strings
[THYMELEAF]         * #arrays
[THYMELEAF]         * #lists
[THYMELEAF]         * #sets
[THYMELEAF]         * #maps
[THYMELEAF]         * #aggregates
[THYMELEAF]         * #messages
[THYMELEAF]         * #ids
[THYMELEAF]         * #execInfo
[THYMELEAF]         * #request
[THYMELEAF]         * #response
[THYMELEAF]         * #session
[THYMELEAF]         * #servletContext
[THYMELEAF]     * Execution Attributes:
[THYMELEAF]         * "StandardExpressionParser": com.intuit.karate.template.KarateStandardDialect@31e7afde
[THYMELEAF]         * "StandardJavaScriptSerializer": org.thymeleaf.standard.serializer.StandardJavaScriptSerializer@6814262d
[THYMELEAF]         * "StandardCSSSerializer": org.thymeleaf.standard.serializer.StandardCSSSerializer@7fc1fd31
[THYMELEAF]         * "StandardVariableExpressionEvaluator": com.intuit.karate.template.KarateStandardDialect@31e7afde
[THYMELEAF]         * "StandardConversionService": org.thymeleaf.standard.expression.StandardConversionService@75a9cc24
[THYMELEAF] * Dialect [2 of 2]: karate (com.intuit.karate.template.KarateScriptDialect)
[THYMELEAF]     * Prefix: "ka"
[THYMELEAF]     * Processors for Template Mode: HTML
[THYMELEAF]         * Element Tag Processors by [matching element and attribute name] [precedence]:
[THYMELEAF]             * [* {src}] [1000]: com.intuit.karate.template.KaScriptAttrProcessor
[THYMELEAF]         * Element Model Processors by [matching element and attribute name] [precedence]:
[THYMELEAF]             * [{script} {ka:scope,data-ka-scope}] [1000]: com.intuit.karate.template.KaScriptElemProcessor
[THYMELEAF]             * [* {ka:set,data-ka-set}] [1000]: com.intuit.karate.template.KaSetElemProcessor
[THYMELEAF] TEMPLATE ENGINE CONFIGURED OK
09:53:51.273 [main] DEBUG org.thymeleaf.TemplateEngine -- [THYMELEAF] TEMPLATE ENGINE INITIALIZED
09:53:51.286 [main] DEBUG org.thymeleaf.TemplateEngine -- [THYMELEAF] INITIALIZING TEMPLATE ENGINE
09:53:51.296 [main] DEBUG org.thymeleaf.TemplateEngine.CONFIG -- Initializing Thymeleaf Template engine configuration...
[THYMELEAF] TEMPLATE ENGINE CONFIGURATION:
[THYMELEAF] * Thymeleaf version: 3.1.2.RELEASE (built 2023-07-30T19:25:50+0000)
[THYMELEAF] * Cache Manager implementation: org.thymeleaf.cache.StandardCacheManager
[THYMELEAF] * Template resolvers:
[THYMELEAF]     * [1] com.intuit.karate.template.ResourceHtmlTemplateResolver
[THYMELEAF] * Message resolvers:
[THYMELEAF]     * org.thymeleaf.messageresolver.StandardMessageResolver
[THYMELEAF] * Link builders:
[THYMELEAF]     * org.thymeleaf.linkbuilder.StandardLinkBuilder
[THYMELEAF] * Dialect [1 of 2]: Standard (com.intuit.karate.template.KarateStandardDialect)
[THYMELEAF]     * Prefix: "th"
[THYMELEAF]     * Processors for Template Mode: HTML
[THYMELEAF]         * Element Tag Processors by [matching element and attribute name] [precedence]:
[THYMELEAF]             * [* {th:include,data-th-include}] [100]: org.thymeleaf.standard.processor.StandardIncludeTagProcessor
[THYMELEAF]             * [* {th:insert,data-th-insert}] [100]: org.thymeleaf.standard.processor.StandardInsertTagProcessor
[THYMELEAF]             * [* {th:replace,data-th-replace}] [100]: org.thymeleaf.standard.processor.StandardReplaceTagProcessor
[THYMELEAF]             * [* {th:each,data-th-each}] [200]: com.intuit.karate.template.KarateEachTagProcessor
[THYMELEAF]             * [* {th:switch,data-th-switch}] [250]: org.thymeleaf.standard.processor.StandardSwitchTagProcessor
[THYMELEAF]             * [* {th:case,data-th-case}] [275]: org.thymeleaf.standard.processor.StandardCaseTagProcessor
[THYMELEAF]             * [* {th:if,data-th-if}] [300]: org.thymeleaf.standard.processor.StandardIfTagProcessor
[THYMELEAF]             * [* {th:unless,data-th-unless}] [400]: org.thymeleaf.standard.processor.StandardUnlessTagProcessor
[THYMELEAF]             * [* {th:object,data-th-object}] [500]: org.thymeleaf.standard.processor.StandardObjectTagProcessor
[THYMELEAF]             * [* {th:with,data-th-with}] [600]: com.intuit.karate.template.KarateWithTagProcessor
[THYMELEAF]             * [* {th:attr,data-th-attr}] [700]: com.intuit.karate.template.KarateAttributeTagProcessor.KarateAttrTagProcessor
[THYMELEAF]             * [* {th:attrappend,data-th-attrappend}] [900]: com.intuit.karate.template.KarateAttributeTagProcessor.KarateAttrappendTagProcessor
[THYMELEAF]             * [* {th:attrprepend,data-th-attrprepend}] [900]: com.intuit.karate.template.KarateAttributeTagProcessor.KarateAttrprependTagProcessor
[THYMELEAF]             * [* {th:alt-title,data-th-alt-title}] [990]: org.thymeleaf.standard.processor.StandardAltTitleTagProcessor
[THYMELEAF]             * [* {th:lang-xmllang,data-th-lang-xmllang}] [990]: org.thymeleaf.standard.processor.StandardLangXmlLangTagProcessor
[THYMELEAF]             * [* {th:action,data-th-action}] [1000]: org.thymeleaf.standard.processor.StandardActionTagProcessor
[THYMELEAF]             * [* {th:hidden,data-th-hidden}] [1000]: org.thymeleaf.standard.processor.StandardConditionalFixedValueTagProcessor
[THYMELEAF]             * [* {th:required,data-th-required}] [1000]: org.thymeleaf.standard.processor.StandardConditionalFixedValueTagProcessor
[THYMELEAF]             * [* {th:nowrap,data-th-nowrap}] [1000]: org.thymeleaf.standard.processor.StandardConditionalFixedValueTagProcessor
[THYMELEAF]             * [* {th:autoplay,data-th-autoplay}] [1000]: org.thymeleaf.standard.processor.StandardConditionalFixedValueTagProcessor
[THYMELEAF]             * [* {th:loop,data-th-loop}] [1000]: org.thymeleaf.standard.processor.StandardConditionalFixedValueTagProcessor
[THYMELEAF]             * [* {th:selected,data-th-selected}] [1000]: org.thymeleaf.standard.processor.StandardConditionalFixedValueTagProcessor
[THYMELEAF]             * [* {th:declare,data-th-declare}] [1000]: org.thymeleaf.standard.processor.StandardConditionalFixedValueTagProcessor
[THYMELEAF]             * [* {th:default,data-th-default}] [1000]: org.thymeleaf.standard.processor.StandardConditionalFixedValueTagProcessor
[THYMELEAF]             * [* {th:autofocus,data-th-autofocus}] [1000]: org.thymeleaf.standard.processor.StandardConditionalFixedValueTagProcessor
[THYMELEAF]             * [* {th:scoped,data-th-scoped}] [1000]: org.thymeleaf.standard.processor.StandardConditionalFixedValueTagProcessor
[THYMELEAF]             * [* {th:disabled,data-th-disabled}] [1000]: org.thymeleaf.standard.processor.StandardConditionalFixedValueTagProcessor
[THYMELEAF]             * [* {th:async,data-th-async}] [1000]: org.thymeleaf.standard.processor.StandardConditionalFixedValueTagProcessor
[THYMELEAF]             * [* {th:formnovalidate,data-th-formnovalidate}] [1000]: org.thymeleaf.standard.processor.StandardConditionalFixedValueTagProcessor
[THYMELEAF]             * [* {th:reversed,data-th-reversed}] [1000]: org.thymeleaf.standard.processor.StandardConditionalFixedValueTagProcessor
[THYMELEAF]             * [* {th:seamless,data-th-seamless}] [1000]: org.thymeleaf.standard.processor.StandardConditionalFixedValueTagProcessor
[THYMELEAF]             * [* {th:controls,data-th-controls}] [1000]: org.thymeleaf.standard.processor.StandardConditionalFixedValueTagProcessor
[THYMELEAF]             * [* {th:defer,data-th-defer}] [1000]: org.thymeleaf.standard.processor.StandardConditionalFixedValueTagProcessor
[THYMELEAF]             * [* {th:multiple,data-th-multiple}] [1000]: org.thymeleaf.standard.processor.StandardConditionalFixedValueTagProcessor
[THYMELEAF]             * [* {th:ismap,data-th-ismap}] [1000]: org.thymeleaf.standard.processor.StandardConditionalFixedValueTagProcessor
[THYMELEAF]             * [* {th:checked,data-th-checked}] [1000]: org.thymeleaf.standard.processor.StandardConditionalFixedValueTagProcessor
[THYMELEAF]             * [* {th:readonly,data-th-readonly}] [1000]: org.thymeleaf.standard.processor.StandardConditionalFixedValueTagProcessor
[THYMELEAF]             * [* {th:open,data-th-open}] [1000]: org.thymeleaf.standard.processor.StandardConditionalFixedValueTagProcessor
[THYMELEAF]             * [* {th:novalidate,data-th-novalidate}] [1000]: org.thymeleaf.standard.processor.StandardConditionalFixedValueTagProcessor
[THYMELEAF]             * [* {th:pubdate,data-th-pubdate}] [1000]: org.thymeleaf.standard.processor.StandardConditionalFixedValueTagProcessor
[THYMELEAF]             * [* {th:onresize,data-th-onresize}] [1000]: org.thymeleaf.standard.processor.StandardDOMEventAttributeTagProcessor
[THYMELEAF]             * [* {th:onload,data-th-onload}] [1000]: org.thymeleaf.standard.processor.StandardDOMEventAttributeTagProcessor
[THYMELEAF]             * [* {th:onmouseover,data-th-onmouseover}] [1000]: org.thymeleaf.standard.processor.StandardDOMEventAttributeTagProcessor
[THYMELEAF]             * [* {th:onafterprint,data-th-onafterprint}] [1000]: org.thymeleaf.standard.processor.StandardDOMEventAttributeTagProcessor
[THYMELEAF]             * [* {th:oninvalid,data-th-oninvalid}] [1000]: org.thymeleaf.standard.processor.StandardDOMEventAttributeTagProcessor
[THYMELEAF]             * [* {th:onseeking,data-th-onseeking}] [1000]: org.thymeleaf.standard.processor.StandardDOMEventAttributeTagProcessor
[THYMELEAF]             * [* {th:onkeydown,data-th-onkeydown}] [1000]: org.thymeleaf.standard.processor.StandardDOMEventAttributeTagProcessor
[THYMELEAF]             * [* {th:onloadstart,data-th-onloadstart}] [1000]: org.thymeleaf.standard.processor.StandardDOMEventAttributeTagProcessor
[THYMELEAF]             * [* {th:onpause,data-th-onpause}] [1000]: org.thymeleaf.standard.processor.StandardDOMEventAttributeTagProcessor
[THYMELEAF]             * [* {th:onbeforeunload,data-th-onbeforeunload}] [1000]: org.thymeleaf.standard.processor.StandardDOMEventAttributeTagProcessor
[THYMELEAF]             * [* {th:onkeyup,data-th-onkeyup}] [1000]: org.thymeleaf.standard.processor.StandardDOMEventAttributeTagProcessor
[THYMELEAF]             * [* {th:onfocus,data-th-onfocus}] [1000]: org.thymeleaf.standard.processor.StandardDOMEventAttributeTagProcessor
[THYMELEAF]             * [* {th:onredo,data-th-onredo}] [1000]: org.thymeleaf.standard.processor.StandardDOMEventAttributeTagProcessor
[THYMELEAF]             * [* {th:onstalled,data-th-onstalled}] [1000]: org.thymeleaf.standard.processor.StandardDOMEventAttributeTagProcessor
[THYMELEAF]             * [* {th:onreadystatechange,data-th-onreadystatechange}] [1000]: org.thymeleaf.standard.processor.StandardDOMEventAttributeTagProcessor
[THYMELEAF]             * [* {th:onmousedown,data-th-onmousedown}] [1000]: org.thymeleaf.standard.processor.StandardDOMEventAttributeTagProcessor
[THYMELEAF]             * [* {th:onwaiting,data-th-onwaiting}] [1000]: org.thymeleaf.standard.processor.StandardDOMEventAttributeTagProcessor
[THYMELEAF]             * [* {th:onundo,data-th-onundo}] [1000]: org.thymeleaf.standard.processor.StandardDOMEventAttributeTagProcessor
[THYMELEAF]             * [* {th:onplaying,data-th-onplaying}] [1000]: org.thymeleaf.standard.processor.StandardDOMEventAttributeTagProcessor
[THYMELEAF]             * [* {th:onmouseup,data-th-onmouseup}] [1000]: org.thymeleaf.standard.processor.StandardDOMEventAttributeTagProcessor
[THYMELEAF]             * [* {th:oncanplaythrough,data-th-oncanplaythrough}] [1000]: org.thymeleaf.standard.processor.StandardDOMEventAttributeTagProcessor
[THYMELEAF]             * [* {th:ondblclick,data-th-ondblclick}] [1000]: org.thymeleaf.standard.processor.StandardDOMEventAttributeTagProcessor
[THYMELEAF]             * [* {th:onmousewheel,data-th-onmousewheel}] [1000]: org.thymeleaf.standard.processor.StandardDOMEventAttributeTagProcessor
[THYMELEAF]             * [* {th:ondragleave,data-th-ondragleave}] [1000]: org.thymeleaf.standard.processor.StandardDOMEventAttributeTagProcessor
[THYMELEAF]             * [* {th:onerror,data-th-onerror}] [1000]: org.thymeleaf.standard.processor.StandardDOMEventAttributeTagProcessor
[THYMELEAF]             * [* {th:onplay,data-th-onplay}] [1000]: org.thymeleaf.standard.processor.StandardDOMEventAttributeTagProcessor
[THYMELEAF]             * [* {th:ondragstart,data-th-ondragstart}] [1000]: org.thymeleaf.standard.processor.StandardDOMEventAttributeTagProcessor
[THYMELEAF]             * [* {th:onmousemove,data-th-onmousemove}] [1000]: org.thymeleaf.standard.processor.StandardDOMEventAttributeTagProcessor
[THYMELEAF]             * [* {th:onseeked,data-th-onseeked}] [1000]: org.thymeleaf.standard.processor.StandardDOMEventAttributeTagProcessor
[THYMELEAF]             * [* {th:onhashchange,data-th-onhashchange}] [1000]: org.thymeleaf.standard.processor.StandardDOMEventAttributeTagProcessor
[THYMELEAF]             * [* {th:onchange,data-th-onchange}] [1000]: org.thymeleaf.standard.processor.StandardDOMEventAttributeTagProcessor
[THYMELEAF]             * [* {th:ondrop,data-th-ondrop}] [1000]: org.thymeleaf.standard.processor.StandardDOMEventAttributeTagProcessor
[THYMELEAF]             * [* {th:ondragover,data-th-ondragover}] [1000]: org.thymeleaf.standard.processor.StandardDOMEventAttributeTagProcessor
[THYMELEAF]             * [* {th:onabort,data-th-onabort}] [1000]: org.thymeleaf.standard.processor.StandardDOMEventAttributeTagProcessor
[THYMELEAF]             * [* {th:onsubmit,data-th-onsubmit}] [1000]: org.thymeleaf.standard.processor.StandardDOMEventAttributeTagProcessor
[THYMELEAF]             * [* {th:onscroll,data-th-onscroll}] [1000]: org.thymeleaf.standard.processor.StandardDOMEventAttributeTagProcessor
[THYMELEAF]             * [* {th:onprogress,data-th-onprogress}] [1000]: org.thymeleaf.standard.processor.StandardDOMEventAttributeTagProcessor
[THYMELEAF]             * [* {th:onemptied,data-th-onemptied}] [1000]: org.thymeleaf.standard.processor.StandardDOMEventAttributeTagProcessor
[THYMELEAF]             * [* {th:oninput,data-th-oninput}] [1000]: org.thymeleaf.standard.processor.StandardDOMEventAttributeTagProcessor
[THYMELEAF]             * [* {th:onloadedmetadata,data-th-onloadedmetadata}] [1000]: org.thymeleaf.standard.processor.StandardDOMEventAttributeTagProcessor
[THYMELEAF]             * [* {th:ondurationchange,data-th-ondurationchange}] [1000]: org.thymeleaf.standard.processor.StandardDOMEventAttributeTagProcessor
[THYMELEAF]             * [* {th:onoffline,data-th-onoffline}] [1000]: org.thymeleaf.standard.processor.StandardDOMEventAttributeTagProcessor
[THYMELEAF]             * [* {th:onformchange,data-th-onformchange}] [1000]: org.thymeleaf.standard.processor.StandardDOMEventAttributeTagProcessor
[THYMELEAF]             * [* {th:ondragenter,data-th-ondragenter}] [1000]: org.thymeleaf.standard.processor.StandardDOMEventAttributeTagProcessor
[THYMELEAF]             * [* {th:onstorage,data-th-onstorage}] [1000]: org.thymeleaf.standard.processor.StandardDOMEventAttributeTagProcessor
[THYMELEAF]             * [* {th:onselect,data-th-onselect}] [1000]: org.thymeleaf.standard.processor.StandardDOMEventAttributeTagProcessor
[THYMELEAF]             * [* {th:ondragend,data-th-ondragend}] [1000]: org.thymeleaf.standard.processor.StandardDOMEventAttributeTagProcessor
[THYMELEAF]             * [* {th:onloadeddata,data-th-onloadeddata}] [1000]: org.thymeleaf.standard.processor.StandardDOMEventAttributeTagProcessor
[THYMELEAF]             * [* {th:onpopstate,data-th-onpopstate}] [1000]: org.thymeleaf.standard.processor.StandardDOMEventAttributeTagProcessor
[THYMELEAF]             * [* {th:onkeypress,data-th-onkeypress}] [1000]: org.thymeleaf.standard.processor.StandardDOMEventAttributeTagProcessor
[THYMELEAF]             * [* {th:onshow,data-th-onshow}] [1000]: org.thymeleaf.standard.processor.StandardDOMEventAttributeTagProcessor
[THYMELEAF]             * [* {th:onratechange,data-th-onratechange}] [1000]: org.thymeleaf.standard.processor.StandardDOMEventAttributeTagProcessor
[THYMELEAF]             * [* {th:onmouseout,data-th-onmouseout}] [1000]: org.thymeleaf.standard.processor.StandardDOMEventAttributeTagProcessor
[THYMELEAF]             * [* {th:onbeforeprint,data-th-onbeforeprint}] [1000]: org.thymeleaf.standard.processor.StandardDOMEventAttributeTagProcessor
[THYMELEAF]             * [* {th:oncontextmenu,data-th-oncontextmenu}] [1000]: org.thymeleaf.standard.processor.StandardDOMEventAttributeTagProcessor
[THYMELEAF]             * [* {th:onended,data-th-onended}] [1000]: org.thymeleaf.standard.processor.StandardDOMEventAttributeTagProcessor
[THYMELEAF]             * [* {th:onmessage,data-th-onmessage}] [1000]: org.thymeleaf.standard.processor.StandardDOMEventAttributeTagProcessor
[THYMELEAF]             * [* {th:onsuspend,data-th-onsuspend}] [1000]: org.thymeleaf.standard.processor.StandardDOMEventAttributeTagProcessor
[THYMELEAF]             * [* {th:onreset,data-th-onreset}] [1000]: org.thymeleaf.standard.processor.StandardDOMEventAttributeTagProcessor
[THYMELEAF]             * [* {th:ononline,data-th-ononline}] [1000]: org.thymeleaf.standard.processor.StandardDOMEventAttributeTagProcessor
[THYMELEAF]             * [* {th:ondrag,data-th-ondrag}] [1000]: org.thymeleaf.standard.processor.StandardDOMEventAttributeTagProcessor
[THYMELEAF]             * [* {th:onblur,data-th-onblur}] [1000]: org.thymeleaf.standard.processor.StandardDOMEventAttributeTagProcessor
[THYMELEAF]             * [* {th:onclick,data-th-onclick}] [1000]: org.thymeleaf.standard.processor.StandardDOMEventAttributeTagProcessor
[THYMELEAF]             * [* {th:oncanplay,data-th-oncanplay}] [1000]: org.thymeleaf.standard.processor.StandardDOMEventAttributeTagProcessor
[THYMELEAF]             * [* {th:onvolumechange,data-th-onvolumechange}] [1000]: org.thymeleaf.standard.processor.StandardDOMEventAttributeTagProcessor
[THYMELEAF]             * [* {th:onforminput,data-th-onforminput}] [1000]: org.thymeleaf.standard.processor.StandardDOMEventAttributeTagProcessor
[THYMELEAF]             * [* {th:ontimeupdate,data-th-ontimeupdate}] [1000]: org.thymeleaf.standard.processor.StandardDOMEventAttributeTagProcessor
[THYMELEAF]             * [* {th:onunload,data-th-onunload}] [1000]: org.thymeleaf.standard.processor.StandardDOMEventAttributeTagProcessor
[THYMELEAF]             * [* {th:href,data-th-href}] [1000]: org.thymeleaf.standard.processor.StandardHrefTagProcessor
[THYMELEAF]             * [* {th:inline,data-th-inline}] [1000]: org.thymeleaf.standard.processor.StandardInlineHTMLTagProcessor
[THYMELEAF]             * [* {th:method,data-th-method}] [1000]: org.thymeleaf.standard.processor.StandardMethodTagProcessor
[THYMELEAF]             * [* {th:name,data-th-name}] [1000]: org.thymeleaf.standard.processor.StandardNonRemovableAttributeTagProcessor
[THYMELEAF]             * [* {th:type,data-th-type}] [1000]: org.thymeleaf.standard.processor.StandardNonRemovableAttributeTagProcessor
[THYMELEAF]             * [* {th:axis,data-th-axis}] [1000]: org.thymeleaf.standard.processor.StandardRemovableAttributeTagProcessor
[THYMELEAF]             * [* {th:alt,data-th-alt}] [1000]: org.thymeleaf.standard.processor.StandardRemovableAttributeTagProcessor
[THYMELEAF]             * [* {th:vspace,data-th-vspace}] [1000]: org.thymeleaf.standard.processor.StandardRemovableAttributeTagProcessor
[THYMELEAF]             * [* {th:pattern,data-th-pattern}] [1000]: org.thymeleaf.standard.processor.StandardRemovableAttributeTagProcessor
[THYMELEAF]             * [* {th:rel,data-th-rel}] [1000]: org.thymeleaf.standard.processor.StandardRemovableAttributeTagProcessor
[THYMELEAF]             * [* {th:scrolling,data-th-scrolling}] [1000]: org.thymeleaf.standard.processor.StandardRemovableAttributeTagProcessor
[THYMELEAF]             * [* {th:cellpadding,data-th-cellpadding}] [1000]: org.thymeleaf.standard.processor.StandardRemovableAttributeTagProcessor
[THYMELEAF]             * [* {th:http-equiv,data-th-http-equiv}] [1000]: org.thymeleaf.standard.processor.StandardRemovableAttributeTagProcessor
[THYMELEAF]             * [* {th:contextmenu,data-th-contextmenu}] [1000]: org.thymeleaf.standard.processor.StandardRemovableAttributeTagProcessor
[THYMELEAF]             * [* {th:formmethod,data-th-formmethod}] [1000]: org.thymeleaf.standard.processor.StandardRemovableAttributeTagProcessor
[THYMELEAF]             * [* {th:kind,data-th-kind}] [1000]: org.thymeleaf.standard.processor.StandardRemovableAttributeTagProcessor
[THYMELEAF]             * [* {th:dropzone,data-th-dropzone}] [1000]: org.thymeleaf.standard.processor.StandardRemovableAttributeTagProcessor
[THYMELEAF]             * [* {th:label,data-th-label}] [1000]: org.thymeleaf.standard.processor.StandardRemovableAttributeTagProcessor
[THYMELEAF]             * [* {th:height,data-th-height}] [1000]: org.thymeleaf.standard.processor.StandardRemovableAttributeTagProcessor
[THYMELEAF]             * [* {th:placeholder,data-th-placeholder}] [1000]: org.thymeleaf.standard.processor.StandardRemovableAttributeTagProcessor
[THYMELEAF]             * [* {th:manifest,data-th-manifest}] [1000]: org.thymeleaf.standard.processor.StandardRemovableAttributeTagProcessor
[THYMELEAF]             * [* {th:colspan,data-th-colspan}] [1000]: org.thymeleaf.standard.processor.StandardRemovableAttributeTagProcessor
[THYMELEAF]             * [* {th:tabindex,data-th-tabindex}] [1000]: org.thymeleaf.standard.processor.StandardRemovableAttributeTagProcessor
[THYMELEAF]             * [* {th:id,data-th-id}] [1000]: org.thymeleaf.standard.processor.StandardRemovableAttributeTagProcessor
[THYMELEAF]             * [* {th:size,data-th-size}] [1000]: org.thymeleaf.standard.processor.StandardRemovableAttributeTagProcessor
[THYMELEAF]             * [* {th:frameborder,data-th-frameborder}] [1000]: org.thymeleaf.standard.processor.StandardRemovableAttributeTagProcessor
[THYMELEAF]             * [* {th:span,data-th-span}] [1000]: org.thymeleaf.standard.processor.StandardRemovableAttributeTagProcessor
[THYMELEAF]             * [* {th:frame,data-th-frame}] [1000]: org.thymeleaf.standard.processor.StandardRemovableAttributeTagProcessor
[THYMELEAF]             * [* {th:cite,data-th-cite}] [1000]: org.thymeleaf.standard.processor.StandardRemovableAttributeTagProcessor
[THYMELEAF]             * [* {th:list,data-th-list}] [1000]: org.thymeleaf.standard.processor.StandardRemovableAttributeTagProcessor
[THYMELEAF]             * [* {th:style,data-th-style}] [1000]: org.thymeleaf.standard.processor.StandardRemovableAttributeTagProcessor
[THYMELEAF]             * [* {th:lang,data-th-lang}] [1000]: org.thymeleaf.standard.processor.StandardRemovableAttributeTagProcessor
[THYMELEAF]             * [* {th:scheme,data-th-scheme}] [1000]: org.thymeleaf.standard.processor.StandardRemovableAttributeTagProcessor
[THYMELEAF]             * [* {th:background,data-th-background}] [1000]: org.thymeleaf.standard.processor.StandardRemovableAttributeTagProcessor
[THYMELEAF]             * [* {th:rows,data-th-rows}] [1000]: org.thymeleaf.standard.processor.StandardRemovableAttributeTagProcessor
[THYMELEAF]             * [* {th:step,data-th-step}] [1000]: org.thymeleaf.standard.processor.StandardRemovableAttributeTagProcessor
[THYMELEAF]             * [* {th:autocomplete,data-th-autocomplete}] [1000]: org.thymeleaf.standard.processor.StandardRemovableAttributeTagProcessor
[THYMELEAF]             * [* {th:width,data-th-width}] [1000]: org.thymeleaf.standard.processor.StandardRemovableAttributeTagProcessor
[THYMELEAF]             * [* {th:max,data-th-max}] [1000]: org.thymeleaf.standard.processor.StandardRemovableAttributeTagProcessor
[THYMELEAF]             * [* {th:formtarget,data-th-formtarget}] [1000]: org.thymeleaf.standard.processor.StandardRemovableAttributeTagProcessor
[THYMELEAF]             * [* {th:audio,data-th-audio}] [1000]: org.thymeleaf.standard.processor.StandardRemovableAttributeTagProcessor
[THYMELEAF]             * [* {th:spellcheck,data-th-spellcheck}] [1000]: org.thymeleaf.standard.processor.StandardRemovableAttributeTagProcessor
[THYMELEAF]             * [* {th:accept-charset,data-th-accept-charset}] [1000]: org.thymeleaf.standard.processor.StandardRemovableAttributeTagProcessor
[THYMELEAF]             * [* {th:charset,data-th-charset}] [1000]: org.thymeleaf.standard.processor.StandardRemovableAttributeTagProcessor
[THYMELEAF]             * [* {th:poster,data-th-poster}] [1000]: org.thymeleaf.standard.processor.StandardRemovableAttributeTagProcessor
[THYMELEAF]             * [* {th:accesskey,data-th-accesskey}] [1000]: org.thymeleaf.standard.processor.StandardRemovableAttributeTagProcessor
[THYMELEAF]             * [* {th:usemap,data-th-usemap}] [1000]: org.thymeleaf.standard.processor.StandardRemovableAttributeTagProcessor
[THYMELEAF]             * [* {th:min,data-th-min}] [1000]: org.thymeleaf.standard.processor.StandardRemovableAttributeTagProcessor
[THYMELEAF]             * [* {th:bgcolor,data-th-bgcolor}] [1000]: org.thymeleaf.standard.processor.StandardRemovableAttributeTagProcessor
[THYMELEAF]             * [* {th:draggable,data-th-draggable}] [1000]: org.thymeleaf.standard.processor.StandardRemovableAttributeTagProcessor
[THYMELEAF]             * [* {th:enctype,data-th-enctype}] [1000]: org.thymeleaf.standard.processor.StandardRemovableAttributeTagProcessor
[THYMELEAF]             * [* {th:summary,data-th-summary}] [1000]: org.thymeleaf.standard.processor.StandardRemovableAttributeTagProcessor
[THYMELEAF]             * [* {th:align,data-th-align}] [1000]: org.thymeleaf.standard.processor.StandardRemovableAttributeTagProcessor
[THYMELEAF]             * [* {th:rules,data-th-rules}] [1000]: org.thymeleaf.standard.processor.StandardRemovableAttributeTagProcessor
[THYMELEAF]             * [* {th:data,data-th-data}] [1000]: org.thymeleaf.standard.processor.StandardRemovableAttributeTagProcessor
[THYMELEAF]             * [* {th:scope,data-th-scope}] [1000]: org.thymeleaf.standard.processor.StandardRemovableAttributeTagProcessor
[THYMELEAF]             * [* {th:contenteditable,data-th-contenteditable}] [1000]: org.thymeleaf.standard.processor.StandardRemovableAttributeTagProcessor
[THYMELEAF]             * [* {th:icon,data-th-icon}] [1000]: org.thymeleaf.standard.processor.StandardRemovableAttributeTagProcessor
[THYMELEAF]             * [* {th:dir,data-th-dir}] [1000]: org.thymeleaf.standard.processor.StandardRemovableAttributeTagProcessor
[THYMELEAF]             * [* {th:start,data-th-start}] [1000]: org.thymeleaf.standard.processor.StandardRemovableAttributeTagProcessor
[THYMELEAF]             * [* {th:archive,data-th-archive}] [1000]: org.thymeleaf.standard.processor.StandardRemovableAttributeTagProcessor
[THYMELEAF]             * [* {th:keytype,data-th-keytype}] [1000]: org.thymeleaf.standard.processor.StandardRemovableAttributeTagProcessor
[THYMELEAF]             * [* {th:challenge,data-th-challenge}] [1000]: org.thymeleaf.standard.processor.StandardRemovableAttributeTagProcessor
[THYMELEAF]             * [* {th:hreflang,data-th-hreflang}] [1000]: org.thymeleaf.standard.processor.StandardRemovableAttributeTagProcessor
[THYMELEAF]             * [* {th:formenctype,data-th-formenctype}] [1000]: org.thymeleaf.standard.processor.StandardRemovableAttributeTagProcessor
[THYMELEAF]             * [* {th:longdesc,data-th-longdesc}] [1000]: org.thymeleaf.standard.processor.StandardRemovableAttributeTagProcessor
[THYMELEAF]             * [* {th:standby,data-th-standby}] [1000]: org.thymeleaf.standard.processor.StandardRemovableAttributeTagProcessor
[THYMELEAF]             * [* {th:media,data-th-media}] [1000]: org.thymeleaf.standard.processor.StandardRemovableAttributeTagProcessor
[THYMELEAF]             * [* {th:abbr,data-th-abbr}] [1000]: org.thymeleaf.standard.processor.StandardRemovableAttributeTagProcessor
[THYMELEAF]             * [* {th:optimum,data-th-optimum}] [1000]: org.thymeleaf.standard.processor.StandardRemovableAttributeTagProcessor
[THYMELEAF]             * [* {th:maxlength,data-th-maxlength}] [1000]: org.thymeleaf.standard.processor.StandardRemovableAttributeTagProcessor
[THYMELEAF]             * [* {th:codebase,data-th-codebase}] [1000]: org.thymeleaf.standard.processor.StandardRemovableAttributeTagProcessor
[THYMELEAF]             * [* {th:title,data-th-title}] [1000]: org.thymeleaf.standard.processor.StandardRemovableAttributeTagProcessor
[THYMELEAF]             * [* {th:border,data-th-border}] [1000]: org.thymeleaf.standard.processor.StandardRemovableAttributeTagProcessor
[THYMELEAF]             * [* {th:hspace,data-th-hspace}] [1000]: org.thymeleaf.standard.processor.StandardRemovableAttributeTagProcessor
[THYMELEAF]             * [* {th:radiogroup,data-th-radiogroup}] [1000]: org.thymeleaf.standard.processor.StandardRemovableAttributeTagProcessor
[THYMELEAF]             * [* {th:classid,data-th-classid}] [1000]: org.thymeleaf.standard.processor.StandardRemovableAttributeTagProcessor
[THYMELEAF]             * [* {th:target,data-th-target}] [1000]: org.thymeleaf.standard.processor.StandardRemovableAttributeTagProcessor
[THYMELEAF]             * [* {th:rev,data-th-rev}] [1000]: org.thymeleaf.standard.processor.StandardRemovableAttributeTagProcessor
[THYMELEAF]             * [* {th:accept,data-th-accept}] [1000]: org.thymeleaf.standard.processor.StandardRemovableAttributeTagProcessor
[THYMELEAF]             * [* {th:formaction,data-th-formaction}] [1000]: org.thymeleaf.standard.processor.StandardRemovableAttributeTagProcessor
[THYMELEAF]             * [* {th:headers,data-th-headers}] [1000]: org.thymeleaf.standard.processor.StandardRemovableAttributeTagProcessor
[THYMELEAF]             * [* {th:rowspan,data-th-rowspan}] [1000]: org.thymeleaf.standard.processor.StandardRemovableAttributeTagProcessor
[THYMELEAF]             * [* {th:cellspacing,data-th-cellspacing}] [1000]: org.thymeleaf.standard.processor.StandardRemovableAttributeTagProcessor
[THYMELEAF]             * [* {th:wrap,data-th-wrap}] [1000]: org.thymeleaf.standard.processor.StandardRemovableAttributeTagProcessor
[THYMELEAF]             * [* {th:high,data-th-high}] [1000]: org.thymeleaf.standard.processor.StandardRemovableAttributeTagProcessor
[THYMELEAF]             * [* {th:low,data-th-low}] [1000]: org.thymeleaf.standard.processor.StandardRemovableAttributeTagProcessor
[THYMELEAF]             * [* {th:content,data-th-content}] [1000]: org.thymeleaf.standard.processor.StandardRemovableAttributeTagProcessor
[THYMELEAF]             * [* {th:cols,data-th-cols}] [1000]: org.thymeleaf.standard.processor.StandardRemovableAttributeTagProcessor
[THYMELEAF]             * [* {th:sizes,data-th-sizes}] [1000]: org.thymeleaf.standard.processor.StandardRemovableAttributeTagProcessor
[THYMELEAF]             * [* {th:class,data-th-class}] [1000]: org.thymeleaf.standard.processor.StandardRemovableAttributeTagProcessor
[THYMELEAF]             * [* {th:for,data-th-for}] [1000]: org.thymeleaf.standard.processor.StandardRemovableAttributeTagProcessor
[THYMELEAF]             * [* {th:datetime,data-th-datetime}] [1000]: org.thymeleaf.standard.processor.StandardRemovableAttributeTagProcessor
[THYMELEAF]             * [* {th:valuetype,data-th-valuetype}] [1000]: org.thymeleaf.standard.processor.StandardRemovableAttributeTagProcessor
[THYMELEAF]             * [* {th:marginwidth,data-th-marginwidth}] [1000]: org.thymeleaf.standard.processor.StandardRemovableAttributeTagProcessor
[THYMELEAF]             * [* {th:codetype,data-th-codetype}] [1000]: org.thymeleaf.standard.processor.StandardRemovableAttributeTagProcessor
[THYMELEAF]             * [* {th:preload,data-th-preload}] [1000]: org.thymeleaf.standard.processor.StandardRemovableAttributeTagProcessor
[THYMELEAF]             * [* {th:form,data-th-form}] [1000]: org.thymeleaf.standard.processor.StandardRemovableAttributeTagProcessor
[THYMELEAF]             * [* {th:srclang,data-th-srclang}] [1000]: org.thymeleaf.standard.processor.StandardRemovableAttributeTagProcessor
[THYMELEAF]             * [* {th:sandbox,data-th-sandbox}] [1000]: org.thymeleaf.standard.processor.StandardRemovableAttributeTagProcessor
[THYMELEAF]             * [* {th:compact,data-th-compact}] [1000]: org.thymeleaf.standard.processor.StandardRemovableAttributeTagProcessor
[THYMELEAF]             * [* {th:marginheight,data-th-marginheight}] [1000]: org.thymeleaf.standard.processor.StandardRemovableAttributeTagProcessor
[THYMELEAF]             * [* {th:src,data-th-src}] [1000]: org.thymeleaf.standard.processor.StandardSrcTagProcessor
[THYMELEAF]             * [* {th:value,data-th-value}] [1000]: org.thymeleaf.standard.processor.StandardValueTagProcessor
[THYMELEAF]             * [* {th:xmlbase,data-th-xmlbase}] [1000]: org.thymeleaf.standard.processor.StandardXmlBaseTagProcessor
[THYMELEAF]             * [* {th:xmllang,data-th-xmllang}] [1000]: org.thymeleaf.standard.processor.StandardXmlLangTagProcessor
[THYMELEAF]             * [* {xmlns:th}] [1000]: org.thymeleaf.standard.processor.StandardXmlNsTagProcessor
[THYMELEAF]             * [* {th:xmlspace,data-th-xmlspace}] [1000]: org.thymeleaf.standard.processor.StandardXmlSpaceTagProcessor
[THYMELEAF]             * [* {th:classappend,data-th-classappend}] [1100]: org.thymeleaf.standard.processor.StandardClassappendTagProcessor
[THYMELEAF]             * [* {th:styleappend,data-th-styleappend}] [1100]: org.thymeleaf.standard.processor.StandardStyleappendTagProcessor
[THYMELEAF]             * [* {th:text,data-th-text}] [1300]: org.thymeleaf.standard.processor.StandardTextTagProcessor
[THYMELEAF]             * [* {th:utext,data-th-utext}] [1400]: org.thymeleaf.standard.processor.StandardUtextTagProcessor
[THYMELEAF]             * [* {th:fragment,data-th-fragment}] [1500]: org.thymeleaf.standard.processor.StandardFragmentTagProcessor
[THYMELEAF]             * [* {th:assert,data-th-assert}] [1550]: org.thymeleaf.standard.processor.StandardAssertTagProcessor
[THYMELEAF]             * [* {th:remove,data-th-remove}] [1600]: org.thymeleaf.standard.processor.StandardRemoveTagProcessor
[THYMELEAF]             * [* {th:ref,data-th-ref}] [10000]: org.thymeleaf.standard.processor.StandardRefAttributeTagProcessor
[THYMELEAF]             * [{th:block,th-block} *] [100000]: org.thymeleaf.standard.processor.StandardBlockTagProcessor
[THYMELEAF]             * [* th:*] [2147483647]: org.thymeleaf.standard.processor.StandardDefaultAttributesTagProcessor
[THYMELEAF]         * Text Processors by [precedence]:
[THYMELEAF]             * [1000]: org.thymeleaf.standard.processor.StandardInliningTextProcessor
[THYMELEAF]         * DOCTYPE Processors by [precedence]:
[THYMELEAF]             * [1000]: org.thymeleaf.standard.processor.StandardTranslationDocTypeProcessor
[THYMELEAF]         * CDATA Section Processors by [precedence]:
[THYMELEAF]             * [1000]: org.thymeleaf.standard.processor.StandardInliningCDATASectionProcessor
[THYMELEAF]         * Comment Processors by [precedence]:
[THYMELEAF]             * [1000]: org.thymeleaf.standard.processor.StandardInliningCommentProcessor
[THYMELEAF]             * [1100]: org.thymeleaf.standard.processor.StandardConditionalCommentProcessor
[THYMELEAF]     * Processors for Template Mode: XML
[THYMELEAF]         * Element Tag Processors by [matching element and attribute name] [precedence]:
[THYMELEAF]             * [* {th:include}] [100]: org.thymeleaf.standard.processor.StandardIncludeTagProcessor
[THYMELEAF]             * [* {th:insert}] [100]: org.thymeleaf.standard.processor.StandardInsertTagProcessor
[THYMELEAF]             * [* {th:replace}] [100]: org.thymeleaf.standard.processor.StandardReplaceTagProcessor
[THYMELEAF]             * [* {th:each}] [200]: com.intuit.karate.template.KarateEachTagProcessor
[THYMELEAF]             * [* {th:switch}] [250]: org.thymeleaf.standard.processor.StandardSwitchTagProcessor
[THYMELEAF]             * [* {th:case}] [275]: org.thymeleaf.standard.processor.StandardCaseTagProcessor
[THYMELEAF]             * [* {th:if}] [300]: org.thymeleaf.standard.processor.StandardIfTagProcessor
[THYMELEAF]             * [* {th:unless}] [400]: org.thymeleaf.standard.processor.StandardUnlessTagProcessor
[THYMELEAF]             * [* {th:object}] [500]: org.thymeleaf.standard.processor.StandardObjectTagProcessor
[THYMELEAF]             * [* {th:with}] [600]: com.intuit.karate.template.KarateWithTagProcessor
[THYMELEAF]             * [* {th:attr}] [700]: com.intuit.karate.template.KarateAttributeTagProcessor.KarateAttrTagProcessor
[THYMELEAF]             * [* {th:attrappend}] [900]: com.intuit.karate.template.KarateAttributeTagProcessor.KarateAttrappendTagProcessor
[THYMELEAF]             * [* {th:attrprepend}] [900]: com.intuit.karate.template.KarateAttributeTagProcessor.KarateAttrprependTagProcessor
[THYMELEAF]             * [* {th:inline}] [1000]: org.thymeleaf.standard.processor.StandardInlineXMLTagProcessor
[THYMELEAF]             * [* {xmlns:th}] [1000]: org.thymeleaf.standard.processor.StandardXmlNsTagProcessor
[THYMELEAF]             * [* {th:text}] [1300]: org.thymeleaf.standard.processor.StandardTextTagProcessor
[THYMELEAF]             * [* {th:utext}] [1400]: org.thymeleaf.standard.processor.StandardUtextTagProcessor
[THYMELEAF]             * [* {th:fragment}] [1500]: org.thymeleaf.standard.processor.StandardFragmentTagProcessor
[THYMELEAF]             * [* {th:assert}] [1550]: org.thymeleaf.standard.processor.StandardAssertTagProcessor
[THYMELEAF]             * [* {th:remove}] [1600]: org.thymeleaf.standard.processor.StandardRemoveTagProcessor
[THYMELEAF]             * [* {th:ref}] [10000]: org.thymeleaf.standard.processor.StandardRefAttributeTagProcessor
[THYMELEAF]             * [{th:block} *] [100000]: org.thymeleaf.standard.processor.StandardBlockTagProcessor
[THYMELEAF]             * [* th:*] [2147483647]: org.thymeleaf.standard.processor.StandardDefaultAttributesTagProcessor
[THYMELEAF]         * Text Processors by [precedence]:
[THYMELEAF]             * [1000]: org.thymeleaf.standard.processor.StandardInliningTextProcessor
[THYMELEAF]         * CDATA Section Processors by [precedence]:
[THYMELEAF]             * [1000]: org.thymeleaf.standard.processor.StandardInliningCDATASectionProcessor
[THYMELEAF]         * Comment Processors by [precedence]:
[THYMELEAF]             * [1000]: org.thymeleaf.standard.processor.StandardInliningCommentProcessor
[THYMELEAF]     * Processors for Template Mode: TEXT
[THYMELEAF]         * Element Tag Processors by [matching element and attribute name] [precedence]:
[THYMELEAF]             * [* {th:insert}] [100]: org.thymeleaf.standard.processor.StandardInsertTagProcessor
[THYMELEAF]             * [* {th:replace}] [100]: org.thymeleaf.standard.processor.StandardReplaceTagProcessor
[THYMELEAF]             * [* {th:each}] [200]: com.intuit.karate.template.KarateEachTagProcessor
[THYMELEAF]             * [* {th:switch}] [250]: org.thymeleaf.standard.processor.StandardSwitchTagProcessor
[THYMELEAF]             * [* {th:case}] [275]: org.thymeleaf.standard.processor.StandardCaseTagProcessor
[THYMELEAF]             * [* {th:if}] [300]: org.thymeleaf.standard.processor.StandardIfTagProcessor
[THYMELEAF]             * [* {th:unless}] [400]: org.thymeleaf.standard.processor.StandardUnlessTagProcessor
[THYMELEAF]             * [* {th:object}] [500]: org.thymeleaf.standard.processor.StandardObjectTagProcessor
[THYMELEAF]             * [* {th:with}] [600]: com.intuit.karate.template.KarateWithTagProcessor
[THYMELEAF]             * [* {th:inline}] [1000]: org.thymeleaf.standard.processor.StandardInlineTextualTagProcessor
[THYMELEAF]             * [* {th:text}] [1300]: org.thymeleaf.standard.processor.StandardTextTagProcessor
[THYMELEAF]             * [* {th:utext}] [1400]: org.thymeleaf.standard.processor.StandardUtextTagProcessor
[THYMELEAF]             * [* {th:assert}] [1550]: org.thymeleaf.standard.processor.StandardAssertTagProcessor
[THYMELEAF]             * [* {th:remove}] [1600]: org.thymeleaf.standard.processor.StandardRemoveTagProcessor
[THYMELEAF]             * [{th:block} *] [100000]: org.thymeleaf.standard.processor.StandardBlockTagProcessor
[THYMELEAF]             * [* 100000] [org.thymeleaf.standard.processor.StandardBlockTagProcessor]: {}
[THYMELEAF]         * Text Processors by [precedence]:
[THYMELEAF]             * [1000]: org.thymeleaf.standard.processor.StandardInliningTextProcessor
[THYMELEAF]     * Processors for Template Mode: JAVASCRIPT
[THYMELEAF]         * Element Tag Processors by [matching element and attribute name] [precedence]:
[THYMELEAF]             * [* {th:insert}] [100]: org.thymeleaf.standard.processor.StandardInsertTagProcessor
[THYMELEAF]             * [* {th:replace}] [100]: org.thymeleaf.standard.processor.StandardReplaceTagProcessor
[THYMELEAF]             * [* {th:each}] [200]: com.intuit.karate.template.KarateEachTagProcessor
[THYMELEAF]             * [* {th:switch}] [250]: org.thymeleaf.standard.processor.StandardSwitchTagProcessor
[THYMELEAF]             * [* {th:case}] [275]: org.thymeleaf.standard.processor.StandardCaseTagProcessor
[THYMELEAF]             * [* {th:if}] [300]: org.thymeleaf.standard.processor.StandardIfTagProcessor
[THYMELEAF]             * [* {th:unless}] [400]: org.thymeleaf.standard.processor.StandardUnlessTagProcessor
[THYMELEAF]             * [* {th:object}] [500]: org.thymeleaf.standard.processor.StandardObjectTagProcessor
[THYMELEAF]             * [* {th:with}] [600]: com.intuit.karate.template.KarateWithTagProcessor
[THYMELEAF]             * [* {th:inline}] [1000]: org.thymeleaf.standard.processor.StandardInlineTextualTagProcessor
[THYMELEAF]             * [* {th:text}] [1300]: org.thymeleaf.standard.processor.StandardTextTagProcessor
[THYMELEAF]             * [* {th:utext}] [1400]: org.thymeleaf.standard.processor.StandardUtextTagProcessor
[THYMELEAF]             * [* {th:assert}] [1550]: org.thymeleaf.standard.processor.StandardAssertTagProcessor
[THYMELEAF]             * [* {th:remove}] [1600]: org.thymeleaf.standard.processor.StandardRemoveTagProcessor
[THYMELEAF]             * [{th:block} *] [100000]: org.thymeleaf.standard.processor.StandardBlockTagProcessor
[THYMELEAF]             * [* 100000] [org.thymeleaf.standard.processor.StandardBlockTagProcessor]: {}
[THYMELEAF]         * Text Processors by [precedence]:
[THYMELEAF]             * [1000]: org.thymeleaf.standard.processor.StandardInliningTextProcessor
[THYMELEAF]     * Processors for Template Mode: CSS
[THYMELEAF]         * Element Tag Processors by [matching element and attribute name] [precedence]:
[THYMELEAF]             * [* {th:insert}] [100]: org.thymeleaf.standard.processor.StandardInsertTagProcessor
[THYMELEAF]             * [* {th:replace}] [100]: org.thymeleaf.standard.processor.StandardReplaceTagProcessor
[THYMELEAF]             * [* {th:each}] [200]: com.intuit.karate.template.KarateEachTagProcessor
[THYMELEAF]             * [* {th:switch}] [250]: org.thymeleaf.standard.processor.StandardSwitchTagProcessor
[THYMELEAF]             * [* {th:case}] [275]: org.thymeleaf.standard.processor.StandardCaseTagProcessor
[THYMELEAF]             * [* {th:if}] [300]: org.thymeleaf.standard.processor.StandardIfTagProcessor
[THYMELEAF]             * [* {th:unless}] [400]: org.thymeleaf.standard.processor.StandardUnlessTagProcessor
[THYMELEAF]             * [* {th:object}] [500]: org.thymeleaf.standard.processor.StandardObjectTagProcessor
[THYMELEAF]             * [* {th:with}] [600]: com.intuit.karate.template.KarateWithTagProcessor
[THYMELEAF]             * [* {th:inline}] [1000]: org.thymeleaf.standard.processor.StandardInlineTextualTagProcessor
[THYMELEAF]             * [* {th:text}] [1300]: org.thymeleaf.standard.processor.StandardTextTagProcessor
[THYMELEAF]             * [* {th:utext}] [1400]: org.thymeleaf.standard.processor.StandardUtextTagProcessor
[THYMELEAF]             * [* {th:assert}] [1550]: org.thymeleaf.standard.processor.StandardAssertTagProcessor
[THYMELEAF]             * [* {th:remove}] [1600]: org.thymeleaf.standard.processor.StandardRemoveTagProcessor
[THYMELEAF]             * [* 100000] [org.thymeleaf.standard.processor.StandardBlockTagProcessor]: {}
[THYMELEAF]             * [{th:block} *] [100000]: org.thymeleaf.standard.processor.StandardBlockTagProcessor
[THYMELEAF]         * Text Processors by [precedence]:
[THYMELEAF]             * [1000]: org.thymeleaf.standard.processor.StandardInliningTextProcessor
[THYMELEAF]     * Expression Objects:
[THYMELEAF]         * #ctx
[THYMELEAF]         * #root
[THYMELEAF]         * #vars
[THYMELEAF]         * #object
[THYMELEAF]         * #locale
[THYMELEAF]         * #conversions
[THYMELEAF]         * #uris
[THYMELEAF]         * #temporals
[THYMELEAF]         * #calendars
[THYMELEAF]         * #dates
[THYMELEAF]         * #bools
[THYMELEAF]         * #numbers
[THYMELEAF]         * #objects
[THYMELEAF]         * #strings
[THYMELEAF]         * #arrays
[THYMELEAF]         * #lists
[THYMELEAF]         * #sets
[THYMELEAF]         * #maps
[THYMELEAF]         * #aggregates
[THYMELEAF]         * #messages
[THYMELEAF]         * #ids
[THYMELEAF]         * #execInfo
[THYMELEAF]         * #request
[THYMELEAF]         * #response
[THYMELEAF]         * #session
[THYMELEAF]         * #servletContext
[THYMELEAF]     * Execution Attributes:
[THYMELEAF]         * "StandardExpressionParser": com.intuit.karate.template.KarateStandardDialect@76dc36e5
[THYMELEAF]         * "StandardJavaScriptSerializer": org.thymeleaf.standard.serializer.StandardJavaScriptSerializer@275902e1
[THYMELEAF]         * "StandardCSSSerializer": org.thymeleaf.standard.serializer.StandardCSSSerializer@1c788d08
[THYMELEAF]         * "StandardVariableExpressionEvaluator": com.intuit.karate.template.KarateStandardDialect@76dc36e5
[THYMELEAF]         * "StandardConversionService": org.thymeleaf.standard.expression.StandardConversionService@2adc1e84
[THYMELEAF] * Dialect [2 of 2]: karate (com.intuit.karate.template.KarateScriptDialect)
[THYMELEAF]     * Prefix: "ka"
[THYMELEAF]     * Processors for Template Mode: HTML
[THYMELEAF]         * Element Tag Processors by [matching element and attribute name] [precedence]:
[THYMELEAF]             * [* {src}] [1000]: com.intuit.karate.template.KaScriptAttrProcessor
[THYMELEAF]         * Element Model Processors by [matching element and attribute name] [precedence]:
[THYMELEAF]             * [{script} {ka:scope,data-ka-scope}] [1000]: com.intuit.karate.template.KaScriptElemProcessor
[THYMELEAF]             * [* {ka:set,data-ka-set}] [1000]: com.intuit.karate.template.KaSetElemProcessor
[THYMELEAF] TEMPLATE ENGINE CONFIGURED OK
09:53:51.296 [main] DEBUG org.thymeleaf.TemplateEngine -- [THYMELEAF] TEMPLATE ENGINE INITIALIZED

HTML report: (paste into browser to view) | Karate version: 1.4.1
file:///Users/devo/KarateAPIProject/karate-dummyjson/target/karate-reports/karate-summary.html
===================================================================

]]></system-out>
  </testcase>
</testsuite>