<?xml version="1.0" encoding="UTF-8"?>
<testsuite xmlns:xsi="http://www.w3.org/2001/XMLSchema-instance" xsi:noNamespaceSchemaLocation="https://maven.apache.org/surefire/maven-surefire-plugin/xsd/surefire-test-report-3.0.xsd" version="3.0" name="dummyjson.RecipesRunner" time="3.785" tests="11" errors="0" skipped="0" failures="0">
  <properties>
    <property name="java.specification.version" value="21"/>
    <property name="sun.jnu.encoding" value="UTF-8"/>
    <property name="java.class.path" value="/Users/devo/KarateAPIProject/karate-dummyjson/target/test-classes:/Users/devo/KarateAPIProject/karate-dummyjson/target/classes:/Users/devo/.m2/repository/junit/junit/3.8.1/junit-3.8.1.jar:/Users/devo/.m2/repository/com/intuit/karate/karate-junit5/1.4.1/karate-junit5-1.4.1.jar:/Users/devo/.m2/repository/com/intuit/karate/karate-core/1.4.1/karate-core-1.4.1.jar:/Users/devo/.m2/repository/org/graalvm/js/js-scriptengine/22.3.3/js-scriptengine-22.3.3.jar:/Users/devo/.m2/repository/org/graalvm/sdk/graal-sdk/22.3.3/graal-sdk-22.3.3.jar:/Users/devo/.m2/repository/org/graalvm/js/js/22.3.3/js-22.3.3.jar:/Users/devo/.m2/repository/org/graalvm/regex/regex/22.3.3/regex-22.3.3.jar:/Users/devo/.m2/repository/org/graalvm/truffle/truffle-api/22.3.3/truffle-api-22.3.3.jar:/Users/devo/.m2/repository/com/ibm/icu/icu4j/71.1/icu4j-71.1.jar:/Users/devo/.m2/repository/org/thymeleaf/thymeleaf/3.1.2.RELEASE/thymeleaf-3.1.2.RELEASE.jar:/Users/devo/.m2/repository/ognl/ognl/3.3.4/ognl-3.3.4.jar:/Users/devo/.m2/repository/org/javassist/javassist/3.29.0-GA/javassist-3.29.0-GA.jar:/Users/devo/.m2/repository/org/attoparser/attoparser/2.0.7.RELEASE/attoparser-2.0.7.RELEASE.jar:/Users/devo/.m2/repository/org/unbescape/unbescape/1.1.6.RELEASE/unbescape-1.1.6.RELEASE.jar:/Users/devo/.m2/repository/org/slf4j/slf4j-api/2.0.7/slf4j-api-2.0.7.jar:/Users/devo/.m2/repository/com/linecorp/armeria/armeria/1.25.2/armeria-1.25.2.jar:/Users/devo/.m2/repository/com/fasterxml/jackson/core/jackson-core/2.15.2/jackson-core-2.15.2.jar:/Users/devo/.m2/repository/com/fasterxml/jackson/core/jackson-annotations/2.15.2/jackson-annotations-2.15.2.jar:/Users/devo/.m2/repository/com/fasterxml/jackson/core/jackson-databind/2.15.2/jackson-databind-2.15.2.jar:/Users/devo/.m2/repository/com/fasterxml/jackson/datatype/jackson-datatype-jdk8/2.15.2/jackson-datatype-jdk8-2.15.2.jar:/Users/devo/.m2/repository/com/fasterxml/jackson/datatype/jackson-datatype-jsr310/2.15.2/jackson-datatype-jsr310-2.15.2.jar:/Users/devo/.m2/repository/io/micrometer/micrometer-core/1.11.3/micrometer-core-1.11.3.jar:/Users/devo/.m2/repository/io/micrometer/micrometer-commons/1.11.3/micrometer-commons-1.11.3.jar:/Users/devo/.m2/repository/io/micrometer/micrometer-observation/1.11.3/micrometer-observation-1.11.3.jar:/Users/devo/.m2/repository/org/hdrhistogram/HdrHistogram/2.1.12/HdrHistogram-2.1.12.jar:/Users/devo/.m2/repository/org/latencyutils/LatencyUtils/2.0.3/LatencyUtils-2.0.3.jar:/Users/devo/.m2/repository/io/netty/netty-transport/4.1.96.Final/netty-transport-4.1.96.Final.jar:/Users/devo/.m2/repository/io/netty/netty-common/4.1.96.Final/netty-common-4.1.96.Final.jar:/Users/devo/.m2/repository/io/netty/netty-buffer/4.1.96.Final/netty-buffer-4.1.96.Final.jar:/Users/devo/.m2/repository/io/netty/netty-resolver/4.1.96.Final/netty-resolver-4.1.96.Final.jar:/Users/devo/.m2/repository/io/netty/netty-codec-haproxy/4.1.96.Final/netty-codec-haproxy-4.1.96.Final.jar:/Users/devo/.m2/repository/io/netty/netty-codec/4.1.96.Final/netty-codec-4.1.96.Final.jar:/Users/devo/.m2/repository/io/netty/netty-codec-http2/4.1.96.Final/netty-codec-http2-4.1.96.Final.jar:/Users/devo/.m2/repository/io/netty/netty-handler/4.1.96.Final/netty-handler-4.1.96.Final.jar:/Users/devo/.m2/repository/io/netty/netty-codec-http/4.1.96.Final/netty-codec-http-4.1.96.Final.jar:/Users/devo/.m2/repository/io/netty/netty-resolver-dns/4.1.96.Final/netty-resolver-dns-4.1.96.Final.jar:/Users/devo/.m2/repository/io/netty/netty-codec-dns/4.1.96.Final/netty-codec-dns-4.1.96.Final.jar:/Users/devo/.m2/repository/org/reactivestreams/reactive-streams/1.0.4/reactive-streams-1.0.4.jar:/Users/devo/.m2/repository/com/google/code/findbugs/jsr305/3.0.2/jsr305-3.0.2.jar:/Users/devo/.m2/repository/io/netty/netty-handler-proxy/4.1.96.Final/netty-handler-proxy-4.1.96.Final.jar:/Users/devo/.m2/repository/io/netty/netty-codec-socks/4.1.96.Final/netty-codec-socks-4.1.96.Final.jar:/Users/devo/.m2/repository/io/netty/netty-transport-native-unix-common/4.1.96.Final/netty-transport-native-unix-common-4.1.96.Final-linux-x86_64.jar:/Users/devo/.m2/repository/io/netty/netty-transport-native-epoll/4.1.96.Final/netty-transport-native-epoll-4.1.96.Final-linux-x86_64.jar:/Users/devo/.m2/repository/io/netty/netty-transport-native-unix-common/4.1.96.Final/netty-transport-native-unix-common-4.1.96.Final.jar:/Users/devo/.m2/repository/io/netty/netty-transport-classes-epoll/4.1.96.Final/netty-transport-classes-epoll-4.1.96.Final.jar:/Users/devo/.m2/repository/io/netty/netty-transport-native-unix-common/4.1.96.Final/netty-transport-native-unix-common-4.1.96.Final-linux-aarch_64.jar:/Users/devo/.m2/repository/io/netty/netty-transport-native-epoll/4.1.96.Final/netty-transport-native-epoll-4.1.96.Final-linux-aarch_64.jar:/Users/devo/.m2/repository/io/netty/netty-transport-native-unix-common/4.1.96.Final/netty-transport-native-unix-common-4.1.96.Final-osx-x86_64.jar:/Users/devo/.m2/repository/io/netty/netty-transport-native-kqueue/4.1.96.Final/netty-transport-native-kqueue-4.1.96.Final-osx-x86_64.jar:/Users/devo/.m2/repository/io/netty/netty-transport-classes-kqueue/4.1.96.Final/netty-transport-classes-kqueue-4.1.96.Final.jar:/Users/devo/.m2/repository/io/netty/netty-resolver-dns-native-macos/4.1.96.Final/netty-resolver-dns-native-macos-4.1.96.Final-osx-x86_64.jar:/Users/devo/.m2/repository/io/netty/netty-resolver-dns-classes-macos/4.1.96.Final/netty-resolver-dns-classes-macos-4.1.96.Final.jar:/Users/devo/.m2/repository/io/netty/netty-transport-native-unix-common/4.1.96.Final/netty-transport-native-unix-common-4.1.96.Final-osx-aarch_64.jar:/Users/devo/.m2/repository/io/netty/netty-transport-native-kqueue/4.1.96.Final/netty-transport-native-kqueue-4.1.96.Final-osx-aarch_64.jar:/Users/devo/.m2/repository/io/netty/netty-resolver-dns-native-macos/4.1.96.Final/netty-resolver-dns-native-macos-4.1.96.Final-osx-aarch_64.jar:/Users/devo/.m2/repository/io/netty/netty-tcnative-boringssl-static/2.0.61.Final/netty-tcnative-boringssl-static-2.0.61.Final-linux-x86_64.jar:/Users/devo/.m2/repository/io/netty/netty-tcnative-classes/2.0.61.Final/netty-tcnative-classes-2.0.61.Final.jar:/Users/devo/.m2/repository/io/netty/netty-tcnative-boringssl-static/2.0.61.Final/netty-tcnative-boringssl-static-2.0.61.Final-linux-aarch_64.jar:/Users/devo/.m2/repository/io/netty/netty-tcnative-boringssl-static/2.0.61.Final/netty-tcnative-boringssl-static-2.0.61.Final-osx-x86_64.jar:/Users/devo/.m2/repository/io/netty/netty-tcnative-boringssl-static/2.0.61.Final/netty-tcnative-boringssl-static-2.0.61.Final-osx-aarch_64.jar:/Users/devo/.m2/repository/io/netty/netty-tcnative-boringssl-static/2.0.61.Final/netty-tcnative-boringssl-static-2.0.61.Final-windows-x86_64.jar:/Users/devo/.m2/repository/com/aayushatharva/brotli4j/brotli4j/1.12.0/brotli4j-1.12.0.jar:/Users/devo/.m2/repository/com/aayushatharva/brotli4j/service/1.12.0/service-1.12.0.jar:/Users/devo/.m2/repository/com/aayushatharva/brotli4j/native-osx-aarch64/1.12.0/native-osx-aarch64-1.12.0.jar:/Users/devo/.m2/repository/org/apache/httpcomponents/httpclient/4.5.14/httpclient-4.5.14.jar:/Users/devo/.m2/repository/org/apache/httpcomponents/httpcore/4.4.16/httpcore-4.4.16.jar:/Users/devo/.m2/repository/commons-codec/commons-codec/1.16.0/commons-codec-1.16.0.jar:/Users/devo/.m2/repository/ch/qos/logback/logback-classic/1.4.11/logback-classic-1.4.11.jar:/Users/devo/.m2/repository/ch/qos/logback/logback-core/1.4.11/logback-core-1.4.11.jar:/Users/devo/.m2/repository/org/slf4j/jcl-over-slf4j/2.0.9/jcl-over-slf4j-2.0.9.jar:/Users/devo/.m2/repository/org/antlr/antlr4-runtime/4.11.1/antlr4-runtime-4.11.1.jar:/Users/devo/.m2/repository/com/jayway/jsonpath/json-path/2.8.0/json-path-2.8.0.jar:/Users/devo/.m2/repository/net/minidev/json-smart/2.4.10/json-smart-2.4.10.jar:/Users/devo/.m2/repository/net/minidev/accessors-smart/2.4.9/accessors-smart-2.4.9.jar:/Users/devo/.m2/repository/org/ow2/asm/asm/9.3/asm-9.3.jar:/Users/devo/.m2/repository/org/yaml/snakeyaml/2.0/snakeyaml-2.0.jar:/Users/devo/.m2/repository/de/siegmar/fastcsv/2.2.1/fastcsv-2.2.1.jar:/Users/devo/.m2/repository/info/picocli/picocli/4.7.1/picocli-4.7.1.jar:/Users/devo/.m2/repository/io/github/classgraph/classgraph/4.8.160/classgraph-4.8.160.jar:/Users/devo/.m2/repository/io/github/t12y/resemble/1.0.2/resemble-1.0.2.jar:/Users/devo/.m2/repository/io/github/t12y/ssim/1.0.0/ssim-1.0.0.jar:/Users/devo/.m2/repository/org/junit/jupiter/junit-jupiter-api/5.9.3/junit-jupiter-api-5.9.3.jar:/Users/devo/.m2/repository/org/opentest4j/opentest4j/1.2.0/opentest4j-1.2.0.jar:/Users/devo/.m2/repository/org/junit/platform/junit-platform-commons/1.9.3/junit-platform-commons-1.9.3.jar:/Users/devo/.m2/repository/org/apiguardian/apiguardian-api/1.1.2/apiguardian-api-1.1.2.jar:/Users/devo/.m2/repository/org/junit/jupiter/junit-jupiter-engine/5.9.3/junit-jupiter-engine-5.9.3.jar:/Users/devo/.m2/repository/org/junit/platform/junit-platform-engine/1.9.3/junit-platform-engine-1.9.3.jar:"/>
    <property name="java.vm.vendor" value="Eclipse Adoptium"/>
    <property name="sun.arch.data.model" value="64"/>
    <property name="java.vendor.url" value="https://adoptium.net/"/>
    <property name="user.timezone" value="Asia/Jakarta"/>
    <property name="os.name" value="Mac OS X"/>
    <property name="java.vm.specification.version" value="21"/>
    <property name="sun.java.launcher" value="SUN_STANDARD"/>
    <property name="user.country" value="ID"/>
    <property name="sun.boot.library.path" value="/Library/Java/JavaVirtualMachines/temurin-21.jdk/Contents/Home/lib"/>
    <property name="sun.java.command" value="/Users/devo/KarateAPIProject/karate-dummyjson/target/surefire/surefirebooter-20250802192003771_3.jar /Users/devo/KarateAPIProject/karate-dummyjson/target/surefire 2025-08-02T19-20-03_714-jvmRun1 surefire-20250802192003771_1tmp surefire_0-20250802192003771_2tmp"/>
    <property name="http.nonProxyHosts" value="local|*.local|169.254/16|*.169.254/16"/>
    <property name="jdk.debug" value="release"/>
    <property name="test" value="dummyjson.RecipesRunner"/>
    <property name="surefire.test.class.path" value="/Users/devo/KarateAPIProject/karate-dummyjson/target/test-classes:/Users/devo/KarateAPIProject/karate-dummyjson/target/classes:/Users/devo/.m2/repository/junit/junit/3.8.1/junit-3.8.1.jar:/Users/devo/.m2/repository/com/intuit/karate/karate-junit5/1.4.1/karate-junit5-1.4.1.jar:/Users/devo/.m2/repository/com/intuit/karate/karate-core/1.4.1/karate-core-1.4.1.jar:/Users/devo/.m2/repository/org/graalvm/js/js-scriptengine/22.3.3/js-scriptengine-22.3.3.jar:/Users/devo/.m2/repository/org/graalvm/sdk/graal-sdk/22.3.3/graal-sdk-22.3.3.jar:/Users/devo/.m2/repository/org/graalvm/js/js/22.3.3/js-22.3.3.jar:/Users/devo/.m2/repository/org/graalvm/regex/regex/22.3.3/regex-22.3.3.jar:/Users/devo/.m2/repository/org/graalvm/truffle/truffle-api/22.3.3/truffle-api-22.3.3.jar:/Users/devo/.m2/repository/com/ibm/icu/icu4j/71.1/icu4j-71.1.jar:/Users/devo/.m2/repository/org/thymeleaf/thymeleaf/3.1.2.RELEASE/thymeleaf-3.1.2.RELEASE.jar:/Users/devo/.m2/repository/ognl/ognl/3.3.4/ognl-3.3.4.jar:/Users/devo/.m2/repository/org/javassist/javassist/3.29.0-GA/javassist-3.29.0-GA.jar:/Users/devo/.m2/repository/org/attoparser/attoparser/2.0.7.RELEASE/attoparser-2.0.7.RELEASE.jar:/Users/devo/.m2/repository/org/unbescape/unbescape/1.1.6.RELEASE/unbescape-1.1.6.RELEASE.jar:/Users/devo/.m2/repository/org/slf4j/slf4j-api/2.0.7/slf4j-api-2.0.7.jar:/Users/devo/.m2/repository/com/linecorp/armeria/armeria/1.25.2/armeria-1.25.2.jar:/Users/devo/.m2/repository/com/fasterxml/jackson/core/jackson-core/2.15.2/jackson-core-2.15.2.jar:/Users/devo/.m2/repository/com/fasterxml/jackson/core/jackson-annotations/2.15.2/jackson-annotations-2.15.2.jar:/Users/devo/.m2/repository/com/fasterxml/jackson/core/jackson-databind/2.15.2/jackson-databind-2.15.2.jar:/Users/devo/.m2/repository/com/fasterxml/jackson/datatype/jackson-datatype-jdk8/2.15.2/jackson-datatype-jdk8-2.15.2.jar:/Users/devo/.m2/repository/com/fasterxml/jackson/datatype/jackson-datatype-jsr310/2.15.2/jackson-datatype-jsr310-2.15.2.jar:/Users/devo/.m2/repository/io/micrometer/micrometer-core/1.11.3/micrometer-core-1.11.3.jar:/Users/devo/.m2/repository/io/micrometer/micrometer-commons/1.11.3/micrometer-commons-1.11.3.jar:/Users/devo/.m2/repository/io/micrometer/micrometer-observation/1.11.3/micrometer-observation-1.11.3.jar:/Users/devo/.m2/repository/org/hdrhistogram/HdrHistogram/2.1.12/HdrHistogram-2.1.12.jar:/Users/devo/.m2/repository/org/latencyutils/LatencyUtils/2.0.3/LatencyUtils-2.0.3.jar:/Users/devo/.m2/repository/io/netty/netty-transport/4.1.96.Final/netty-transport-4.1.96.Final.jar:/Users/devo/.m2/repository/io/netty/netty-common/4.1.96.Final/netty-common-4.1.96.Final.jar:/Users/devo/.m2/repository/io/netty/netty-buffer/4.1.96.Final/netty-buffer-4.1.96.Final.jar:/Users/devo/.m2/repository/io/netty/netty-resolver/4.1.96.Final/netty-resolver-4.1.96.Final.jar:/Users/devo/.m2/repository/io/netty/netty-codec-haproxy/4.1.96.Final/netty-codec-haproxy-4.1.96.Final.jar:/Users/devo/.m2/repository/io/netty/netty-codec/4.1.96.Final/netty-codec-4.1.96.Final.jar:/Users/devo/.m2/repository/io/netty/netty-codec-http2/4.1.96.Final/netty-codec-http2-4.1.96.Final.jar:/Users/devo/.m2/repository/io/netty/netty-handler/4.1.96.Final/netty-handler-4.1.96.Final.jar:/Users/devo/.m2/repository/io/netty/netty-codec-http/4.1.96.Final/netty-codec-http-4.1.96.Final.jar:/Users/devo/.m2/repository/io/netty/netty-resolver-dns/4.1.96.Final/netty-resolver-dns-4.1.96.Final.jar:/Users/devo/.m2/repository/io/netty/netty-codec-dns/4.1.96.Final/netty-codec-dns-4.1.96.Final.jar:/Users/devo/.m2/repository/org/reactivestreams/reactive-streams/1.0.4/reactive-streams-1.0.4.jar:/Users/devo/.m2/repository/com/google/code/findbugs/jsr305/3.0.2/jsr305-3.0.2.jar:/Users/devo/.m2/repository/io/netty/netty-handler-proxy/4.1.96.Final/netty-handler-proxy-4.1.96.Final.jar:/Users/devo/.m2/repository/io/netty/netty-codec-socks/4.1.96.Final/netty-codec-socks-4.1.96.Final.jar:/Users/devo/.m2/repository/io/netty/netty-transport-native-unix-common/4.1.96.Final/netty-transport-native-unix-common-4.1.96.Final-linux-x86_64.jar:/Users/devo/.m2/repository/io/netty/netty-transport-native-epoll/4.1.96.Final/netty-transport-native-epoll-4.1.96.Final-linux-x86_64.jar:/Users/devo/.m2/repository/io/netty/netty-transport-native-unix-common/4.1.96.Final/netty-transport-native-unix-common-4.1.96.Final.jar:/Users/devo/.m2/repository/io/netty/netty-transport-classes-epoll/4.1.96.Final/netty-transport-classes-epoll-4.1.96.Final.jar:/Users/devo/.m2/repository/io/netty/netty-transport-native-unix-common/4.1.96.Final/netty-transport-native-unix-common-4.1.96.Final-linux-aarch_64.jar:/Users/devo/.m2/repository/io/netty/netty-transport-native-epoll/4.1.96.Final/netty-transport-native-epoll-4.1.96.Final-linux-aarch_64.jar:/Users/devo/.m2/repository/io/netty/netty-transport-native-unix-common/4.1.96.Final/netty-transport-native-unix-common-4.1.96.Final-osx-x86_64.jar:/Users/devo/.m2/repository/io/netty/netty-transport-native-kqueue/4.1.96.Final/netty-transport-native-kqueue-4.1.96.Final-osx-x86_64.jar:/Users/devo/.m2/repository/io/netty/netty-transport-classes-kqueue/4.1.96.Final/netty-transport-classes-kqueue-4.1.96.Final.jar:/Users/devo/.m2/repository/io/netty/netty-resolver-dns-native-macos/4.1.96.Final/netty-resolver-dns-native-macos-4.1.96.Final-osx-x86_64.jar:/Users/devo/.m2/repository/io/netty/netty-resolver-dns-classes-macos/4.1.96.Final/netty-resolver-dns-classes-macos-4.1.96.Final.jar:/Users/devo/.m2/repository/io/netty/netty-transport-native-unix-common/4.1.96.Final/netty-transport-native-unix-common-4.1.96.Final-osx-aarch_64.jar:/Users/devo/.m2/repository/io/netty/netty-transport-native-kqueue/4.1.96.Final/netty-transport-native-kqueue-4.1.96.Final-osx-aarch_64.jar:/Users/devo/.m2/repository/io/netty/netty-resolver-dns-native-macos/4.1.96.Final/netty-resolver-dns-native-macos-4.1.96.Final-osx-aarch_64.jar:/Users/devo/.m2/repository/io/netty/netty-tcnative-boringssl-static/2.0.61.Final/netty-tcnative-boringssl-static-2.0.61.Final-linux-x86_64.jar:/Users/devo/.m2/repository/io/netty/netty-tcnative-classes/2.0.61.Final/netty-tcnative-classes-2.0.61.Final.jar:/Users/devo/.m2/repository/io/netty/netty-tcnative-boringssl-static/2.0.61.Final/netty-tcnative-boringssl-static-2.0.61.Final-linux-aarch_64.jar:/Users/devo/.m2/repository/io/netty/netty-tcnative-boringssl-static/2.0.61.Final/netty-tcnative-boringssl-static-2.0.61.Final-osx-x86_64.jar:/Users/devo/.m2/repository/io/netty/netty-tcnative-boringssl-static/2.0.61.Final/netty-tcnative-boringssl-static-2.0.61.Final-osx-aarch_64.jar:/Users/devo/.m2/repository/io/netty/netty-tcnative-boringssl-static/2.0.61.Final/netty-tcnative-boringssl-static-2.0.61.Final-windows-x86_64.jar:/Users/devo/.m2/repository/com/aayushatharva/brotli4j/brotli4j/1.12.0/brotli4j-1.12.0.jar:/Users/devo/.m2/repository/com/aayushatharva/brotli4j/service/1.12.0/service-1.12.0.jar:/Users/devo/.m2/repository/com/aayushatharva/brotli4j/native-osx-aarch64/1.12.0/native-osx-aarch64-1.12.0.jar:/Users/devo/.m2/repository/org/apache/httpcomponents/httpclient/4.5.14/httpclient-4.5.14.jar:/Users/devo/.m2/repository/org/apache/httpcomponents/httpcore/4.4.16/httpcore-4.4.16.jar:/Users/devo/.m2/repository/commons-codec/commons-codec/1.16.0/commons-codec-1.16.0.jar:/Users/devo/.m2/repository/ch/qos/logback/logback-classic/1.4.11/logback-classic-1.4.11.jar:/Users/devo/.m2/repository/ch/qos/logback/logback-core/1.4.11/logback-core-1.4.11.jar:/Users/devo/.m2/repository/org/slf4j/jcl-over-slf4j/2.0.9/jcl-over-slf4j-2.0.9.jar:/Users/devo/.m2/repository/org/antlr/antlr4-runtime/4.11.1/antlr4-runtime-4.11.1.jar:/Users/devo/.m2/repository/com/jayway/jsonpath/json-path/2.8.0/json-path-2.8.0.jar:/Users/devo/.m2/repository/net/minidev/json-smart/2.4.10/json-smart-2.4.10.jar:/Users/devo/.m2/repository/net/minidev/accessors-smart/2.4.9/accessors-smart-2.4.9.jar:/Users/devo/.m2/repository/org/ow2/asm/asm/9.3/asm-9.3.jar:/Users/devo/.m2/repository/org/yaml/snakeyaml/2.0/snakeyaml-2.0.jar:/Users/devo/.m2/repository/de/siegmar/fastcsv/2.2.1/fastcsv-2.2.1.jar:/Users/devo/.m2/repository/info/picocli/picocli/4.7.1/picocli-4.7.1.jar:/Users/devo/.m2/repository/io/github/classgraph/classgraph/4.8.160/classgraph-4.8.160.jar:/Users/devo/.m2/repository/io/github/t12y/resemble/1.0.2/resemble-1.0.2.jar:/Users/devo/.m2/repository/io/github/t12y/ssim/1.0.0/ssim-1.0.0.jar:/Users/devo/.m2/repository/org/junit/jupiter/junit-jupiter-api/5.9.3/junit-jupiter-api-5.9.3.jar:/Users/devo/.m2/repository/org/opentest4j/opentest4j/1.2.0/opentest4j-1.2.0.jar:/Users/devo/.m2/repository/org/junit/platform/junit-platform-commons/1.9.3/junit-platform-commons-1.9.3.jar:/Users/devo/.m2/repository/org/apiguardian/apiguardian-api/1.1.2/apiguardian-api-1.1.2.jar:/Users/devo/.m2/repository/org/junit/jupiter/junit-jupiter-engine/5.9.3/junit-jupiter-engine-5.9.3.jar:/Users/devo/.m2/repository/org/junit/platform/junit-platform-engine/1.9.3/junit-platform-engine-1.9.3.jar:"/>
    <property name="sun.cpu.endian" value="little"/>
    <property name="user.home" value="/Users/devo"/>
    <property name="user.language" value="en"/>
    <property name="java.specification.vendor" value="Oracle Corporation"/>
    <property name="java.version.date" value="2025-07-15"/>
    <property name="java.home" value="/Library/Java/JavaVirtualMachines/temurin-21.jdk/Contents/Home"/>
    <property name="file.separator" value="/"/>
    <property name="basedir" value="/Users/devo/KarateAPIProject/karate-dummyjson"/>
    <property name="java.vm.compressedOopsMode" value="Zero based"/>
    <property name="line.separator" value="&#10;"/>
    <property name="java.vm.specification.vendor" value="Oracle Corporation"/>
    <property name="java.specification.name" value="Java Platform API Specification"/>
    <property name="apple.awt.application.name" value="ForkedBooter"/>
    <property name="surefire.real.class.path" value="/Users/devo/KarateAPIProject/karate-dummyjson/target/surefire/surefirebooter-20250802192003771_3.jar"/>
    <property name="sun.management.compiler" value="HotSpot 64-Bit Tiered Compilers"/>
    <property name="ftp.nonProxyHosts" value="local|*.local|169.254/16|*.169.254/16"/>
    <property name="java.runtime.version" value="21.0.8+9-LTS"/>
    <property name="user.name" value="devo"/>
    <property name="stdout.encoding" value="UTF-8"/>
    <property name="path.separator" value=":"/>
    <property name="os.version" value="15.5"/>
    <property name="java.runtime.name" value="OpenJDK Runtime Environment"/>
    <property name="file.encoding" value="UTF-8"/>
    <property name="java.vm.name" value="OpenJDK 64-Bit Server VM"/>
    <property name="java.vendor.version" value="Temurin-21.0.8+9"/>
    <property name="localRepository" value="/Users/devo/.m2/repository"/>
    <property name="java.vendor.url.bug" value="https://github.com/adoptium/adoptium-support/issues"/>
    <property name="java.io.tmpdir" value="/var/folders/9n/qdd87m_d27v106zr8rs1f1b00000gn/T/"/>
    <property name="java.version" value="21.0.8"/>
    <property name="user.dir" value="/Users/devo/KarateAPIProject/karate-dummyjson"/>
    <property name="os.arch" value="aarch64"/>
    <property name="java.vm.specification.name" value="Java Virtual Machine Specification"/>
    <property name="native.encoding" value="UTF-8"/>
    <property name="java.library.path" value="/Users/devo/Library/Java/Extensions:/Library/Java/Extensions:/Network/Library/Java/Extensions:/System/Library/Java/Extensions:/usr/lib/java:."/>
    <property name="java.vm.info" value="mixed mode, sharing"/>
    <property name="stderr.encoding" value="UTF-8"/>
    <property name="java.vendor" value="Eclipse Adoptium"/>
    <property name="java.vm.version" value="21.0.8+9-LTS"/>
    <property name="sun.io.unicode.encoding" value="UnicodeBig"/>
    <property name="socksNonProxyHosts" value="local|*.local|169.254/16|*.169.254/16"/>
    <property name="java.class.version" value="65.0"/>
  </properties>
  <testcase name="[1:6] Get All Recipes" classname="dummyjson/Recipes" time="1.569">
    <system-out><![CDATA[19:20:05.908 [main] DEBUG org.apache.http.client.protocol.RequestAddCookies -- CookieSpec selected: karate
19:20:05.913 [main] DEBUG org.apache.http.client.protocol.RequestAuthCache -- Auth cache not set in the context
19:20:05.915 [main] DEBUG com.intuit.karate -- request:
1 > GET https://dummyjson.com/recipes
1 > Host: dummyjson.com
1 > Connection: Keep-Alive
1 > User-Agent: Apache-HttpClient/4.5.14 (Java/21.0.8)
1 > Accept-Encoding: gzip,deflate


19:20:05.916 [main] DEBUG org.apache.http.impl.conn.PoolingHttpClientConnectionManager -- Connection request: [route: {s}->https://dummyjson.com:443][total available: 0; route allocated: 0 of 5; total allocated: 0 of 10]
19:20:05.922 [main] DEBUG org.apache.http.impl.conn.PoolingHttpClientConnectionManager -- Connection leased: [id: 0][route: {s}->https://dummyjson.com:443][total available: 0; route allocated: 1 of 5; total allocated: 1 of 10]
19:20:05.922 [main] DEBUG org.apache.http.impl.execchain.MainClientExec -- Opening connection {s}->https://dummyjson.com:443
19:20:05.945 [main] DEBUG org.apache.http.impl.conn.DefaultHttpClientConnectionOperator -- Connecting to dummyjson.com/66.33.22.3:443
19:20:05.945 [main] DEBUG org.apache.http.conn.ssl.SSLConnectionSocketFactory -- Connecting socket to dummyjson.com/66.33.22.3:443 with timeout 30000
19:20:06.021 [main] DEBUG org.apache.http.conn.ssl.SSLConnectionSocketFactory -- Enabled protocols: [TLSv1.3, TLSv1.2]
19:20:06.021 [main] DEBUG org.apache.http.conn.ssl.SSLConnectionSocketFactory -- Enabled cipher suites:[TLS_AES_256_GCM_SHA384, TLS_AES_128_GCM_SHA256, TLS_CHACHA20_POLY1305_SHA256, TLS_ECDHE_ECDSA_WITH_AES_256_GCM_SHA384, TLS_ECDHE_ECDSA_WITH_AES_128_GCM_SHA256, TLS_ECDHE_ECDSA_WITH_CHACHA20_POLY1305_SHA256, TLS_ECDHE_RSA_WITH_AES_256_GCM_SHA384, TLS_ECDHE_RSA_WITH_CHACHA20_POLY1305_SHA256, TLS_ECDHE_RSA_WITH_AES_128_GCM_SHA256, TLS_DHE_RSA_WITH_AES_256_GCM_SHA384, TLS_DHE_RSA_WITH_CHACHA20_POLY1305_SHA256, TLS_DHE_DSS_WITH_AES_256_GCM_SHA384, TLS_DHE_RSA_WITH_AES_128_GCM_SHA256, TLS_DHE_DSS_WITH_AES_128_GCM_SHA256, TLS_ECDHE_ECDSA_WITH_AES_256_CBC_SHA384, TLS_ECDHE_RSA_WITH_AES_256_CBC_SHA384, TLS_ECDHE_ECDSA_WITH_AES_128_CBC_SHA256, TLS_ECDHE_RSA_WITH_AES_128_CBC_SHA256, TLS_DHE_RSA_WITH_AES_256_CBC_SHA256, TLS_DHE_DSS_WITH_AES_256_CBC_SHA256, TLS_DHE_RSA_WITH_AES_128_CBC_SHA256, TLS_DHE_DSS_WITH_AES_128_CBC_SHA256, TLS_ECDHE_ECDSA_WITH_AES_256_CBC_SHA, TLS_ECDHE_RSA_WITH_AES_256_CBC_SHA, TLS_ECDHE_ECDSA_WITH_AES_128_CBC_SHA, TLS_ECDHE_RSA_WITH_AES_128_CBC_SHA, TLS_DHE_RSA_WITH_AES_256_CBC_SHA, TLS_DHE_DSS_WITH_AES_256_CBC_SHA, TLS_DHE_RSA_WITH_AES_128_CBC_SHA, TLS_DHE_DSS_WITH_AES_128_CBC_SHA, TLS_RSA_WITH_AES_256_GCM_SHA384, TLS_RSA_WITH_AES_128_GCM_SHA256, TLS_RSA_WITH_AES_256_CBC_SHA256, TLS_RSA_WITH_AES_128_CBC_SHA256, TLS_RSA_WITH_AES_256_CBC_SHA, TLS_RSA_WITH_AES_128_CBC_SHA, TLS_EMPTY_RENEGOTIATION_INFO_SCSV]
19:20:06.021 [main] DEBUG org.apache.http.conn.ssl.SSLConnectionSocketFactory -- Starting handshake
19:20:06.148 [main] DEBUG org.apache.http.conn.ssl.SSLConnectionSocketFactory -- Secure session established
19:20:06.148 [main] DEBUG org.apache.http.conn.ssl.SSLConnectionSocketFactory --  negotiated protocol: TLSv1.3
19:20:06.148 [main] DEBUG org.apache.http.conn.ssl.SSLConnectionSocketFactory --  negotiated cipher suite: TLS_AES_128_GCM_SHA256
19:20:06.149 [main] DEBUG org.apache.http.conn.ssl.SSLConnectionSocketFactory --  peer principal: CN=dummyjson.com
19:20:06.149 [main] DEBUG org.apache.http.conn.ssl.SSLConnectionSocketFactory --  peer alternative names: [dummyjson.com]
19:20:06.149 [main] DEBUG org.apache.http.conn.ssl.SSLConnectionSocketFactory --  issuer principal: CN=R11, O=Let's Encrypt, C=US
19:20:06.150 [main] DEBUG org.apache.http.impl.conn.DefaultHttpClientConnectionOperator -- Connection established 192.168.1.4:55043<->66.33.22.3:443
19:20:06.150 [main] DEBUG org.apache.http.impl.conn.DefaultManagedHttpClientConnection -- http-outgoing-0: set socket timeout to 30000
19:20:06.150 [main] DEBUG org.apache.http.impl.execchain.MainClientExec -- Executing request GET /recipes HTTP/1.1
19:20:06.151 [main] DEBUG org.apache.http.impl.execchain.MainClientExec -- Target auth state: UNCHALLENGED
19:20:06.151 [main] DEBUG org.apache.http.impl.execchain.MainClientExec -- Proxy auth state: UNCHALLENGED
19:20:06.151 [main] DEBUG org.apache.http.headers -- http-outgoing-0 >> GET /recipes HTTP/1.1
19:20:06.151 [main] DEBUG org.apache.http.headers -- http-outgoing-0 >> Host: dummyjson.com
19:20:06.151 [main] DEBUG org.apache.http.headers -- http-outgoing-0 >> Connection: Keep-Alive
19:20:06.151 [main] DEBUG org.apache.http.headers -- http-outgoing-0 >> User-Agent: Apache-HttpClient/4.5.14 (Java/21.0.8)
19:20:06.151 [main] DEBUG org.apache.http.headers -- http-outgoing-0 >> Accept-Encoding: gzip,deflate
19:20:06.152 [main] DEBUG org.apache.http.wire -- http-outgoing-0 >> "GET /recipes HTTP/1.1[\r][\n]"
19:20:06.152 [main] DEBUG org.apache.http.wire -- http-outgoing-0 >> "Host: dummyjson.com[\r][\n]"
19:20:06.152 [main] DEBUG org.apache.http.wire -- http-outgoing-0 >> "Connection: Keep-Alive[\r][\n]"
19:20:06.152 [main] DEBUG org.apache.http.wire -- http-outgoing-0 >> "User-Agent: Apache-HttpClient/4.5.14 (Java/21.0.8)[\r][\n]"
19:20:06.152 [main] DEBUG org.apache.http.wire -- http-outgoing-0 >> "Accept-Encoding: gzip,deflate[\r][\n]"
19:20:06.152 [main] DEBUG org.apache.http.wire -- http-outgoing-0 >> "[\r][\n]"
19:20:06.188 [main] DEBUG org.apache.http.wire -- http-outgoing-0 << "HTTP/1.1 200 OK[\r][\n]"
19:20:06.188 [main] DEBUG org.apache.http.wire -- http-outgoing-0 << "Access-Control-Allow-Origin: *[\r][\n]"
19:20:06.188 [main] DEBUG org.apache.http.wire -- http-outgoing-0 << "Content-Encoding: gzip[\r][\n]"
19:20:06.188 [main] DEBUG org.apache.http.wire -- http-outgoing-0 << "Content-Type: application/json; charset=utf-8[\r][\n]"
19:20:06.188 [main] DEBUG org.apache.http.wire -- http-outgoing-0 << "Date: Sat, 02 Aug 2025 12:20:06 GMT[\r][\n]"
19:20:06.188 [main] DEBUG org.apache.http.wire -- http-outgoing-0 << "Etag: W/"6b03-/HI9Pwkc+Rrx/phUAnYXP6chjwY"[\r][\n]"
19:20:06.189 [main] DEBUG org.apache.http.wire -- http-outgoing-0 << "Server: railway-edge[\r][\n]"
19:20:06.189 [main] DEBUG org.apache.http.wire -- http-outgoing-0 << "Strict-Transport-Security: max-age=15552000; includeSubDomains[\r][\n]"
19:20:06.189 [main] DEBUG org.apache.http.wire -- http-outgoing-0 << "Vary: Accept-Encoding[\r][\n]"
19:20:06.189 [main] DEBUG org.apache.http.wire -- http-outgoing-0 << "X-Content-Type-Options: nosniff[\r][\n]"
19:20:06.189 [main] DEBUG org.apache.http.wire -- http-outgoing-0 << "X-Dns-Prefetch-Control: off[\r][\n]"
19:20:06.189 [main] DEBUG org.apache.http.wire -- http-outgoing-0 << "X-Download-Options: noopen[\r][\n]"
19:20:06.189 [main] DEBUG org.apache.http.wire -- http-outgoing-0 << "X-Frame-Options: SAMEORIGIN[\r][\n]"
19:20:06.189 [main] DEBUG org.apache.http.wire -- http-outgoing-0 << "X-Powered-By: Cats on Keyboards[\r][\n]"
19:20:06.189 [main] DEBUG org.apache.http.wire -- http-outgoing-0 << "X-Railway-Edge: railway/asia-southeast1-eqsg3a[\r][\n]"
19:20:06.189 [main] DEBUG org.apache.http.wire -- http-outgoing-0 << "X-Railway-Request-Id: FtWwKgFhSZa1_p3TAQeqjw[\r][\n]"
19:20:06.189 [main] DEBUG org.apache.http.wire -- http-outgoing-0 << "X-Ratelimit-Limit: 100[\r][\n]"
19:20:06.189 [main] DEBUG org.apache.http.wire -- http-outgoing-0 << "X-Ratelimit-Remaining: 99[\r][\n]"
19:20:06.189 [main] DEBUG org.apache.http.wire -- http-outgoing-0 << "X-Ratelimit-Reset: 1754137215[\r][\n]"
19:20:06.189 [main] DEBUG org.apache.http.wire -- http-outgoing-0 << "X-Xss-Protection: 1; mode=block[\r][\n]"
19:20:06.189 [main] DEBUG org.apache.http.wire -- http-outgoing-0 << "Transfer-Encoding: chunked[\r][\n]"
19:20:06.189 [main] DEBUG org.apache.http.wire -- http-outgoing-0 << "[\r][\n]"
19:20:06.190 [main] DEBUG org.apache.http.headers -- http-outgoing-0 << HTTP/1.1 200 OK
19:20:06.190 [main] DEBUG org.apache.http.headers -- http-outgoing-0 << Access-Control-Allow-Origin: *
19:20:06.190 [main] DEBUG org.apache.http.headers -- http-outgoing-0 << Content-Encoding: gzip
19:20:06.190 [main] DEBUG org.apache.http.headers -- http-outgoing-0 << Content-Type: application/json; charset=utf-8
19:20:06.191 [main] DEBUG org.apache.http.headers -- http-outgoing-0 << Date: Sat, 02 Aug 2025 12:20:06 GMT
19:20:06.191 [main] DEBUG org.apache.http.headers -- http-outgoing-0 << Etag: W/"6b03-/HI9Pwkc+Rrx/phUAnYXP6chjwY"
19:20:06.191 [main] DEBUG org.apache.http.headers -- http-outgoing-0 << Server: railway-edge
19:20:06.191 [main] DEBUG org.apache.http.headers -- http-outgoing-0 << Strict-Transport-Security: max-age=15552000; includeSubDomains
19:20:06.191 [main] DEBUG org.apache.http.headers -- http-outgoing-0 << Vary: Accept-Encoding
19:20:06.191 [main] DEBUG org.apache.http.headers -- http-outgoing-0 << X-Content-Type-Options: nosniff
19:20:06.191 [main] DEBUG org.apache.http.headers -- http-outgoing-0 << X-Dns-Prefetch-Control: off
19:20:06.191 [main] DEBUG org.apache.http.headers -- http-outgoing-0 << X-Download-Options: noopen
19:20:06.191 [main] DEBUG org.apache.http.headers -- http-outgoing-0 << X-Frame-Options: SAMEORIGIN
19:20:06.191 [main] DEBUG org.apache.http.headers -- http-outgoing-0 << X-Powered-By: Cats on Keyboards
19:20:06.191 [main] DEBUG org.apache.http.headers -- http-outgoing-0 << X-Railway-Edge: railway/asia-southeast1-eqsg3a
19:20:06.191 [main] DEBUG org.apache.http.headers -- http-outgoing-0 << X-Railway-Request-Id: FtWwKgFhSZa1_p3TAQeqjw
19:20:06.191 [main] DEBUG org.apache.http.headers -- http-outgoing-0 << X-Ratelimit-Limit: 100
19:20:06.191 [main] DEBUG org.apache.http.headers -- http-outgoing-0 << X-Ratelimit-Remaining: 99
19:20:06.191 [main] DEBUG org.apache.http.headers -- http-outgoing-0 << X-Ratelimit-Reset: 1754137215
19:20:06.191 [main] DEBUG org.apache.http.headers -- http-outgoing-0 << X-Xss-Protection: 1; mode=block
19:20:06.191 [main] DEBUG org.apache.http.headers -- http-outgoing-0 << Transfer-Encoding: chunked
19:20:06.193 [main] DEBUG org.apache.http.impl.execchain.MainClientExec -- Connection can be kept alive indefinitely
19:20:06.195 [main] DEBUG org.apache.http.wire -- http-outgoing-0 << "1b72[\r][\n]"
19:20:06.196 [main] DEBUG org.apache.http.wire -- http-outgoing-0 << "[0x1f][0x8b][0x8][0x0][0x0][0x0][0x0][0x0][0x0][0x3][0xb5]][0xcb][0x92][0xdc][0xb8][0x95][0xfd][0x15]8WR[0x4]U[0xad]z[0xe9][0xb5][0x93][0xaa][0xa5][0x9e]v[0xab][0xc6][0x1a]U[0x85][0x1d]3[0x13][0xbd]@[0x92]H[0x12]J[0x10][0xa0][0x1][0xb0]J)[0x87][0xbf]g[0xc2];[0xcf]/[0xb8]l[0xe2]^[0x0][0x4]H"[0x9f][0xad]Yh[0xa1]*>[0x0][0xf0][0x9e][0xfb]8[0xf7][0x0][0xf5][0xb7][0x85]f%[0xef][0x98]Y[0xbc][0xf9][0xef][0xbf]-x[0xb5]xs^,$m[0xd9][0xe2][0xcd][0xe2]FPcxIn[0xa9][0xae][0x1b][0xa6][0xb9][0xa5][0xe4][0x13][0xff][0xf6][0x8d].[0x8a][0x5][0x97][0xb5]f[0x15]g[0xd2][0xc2][0x8d][0xb][0xfc]1[0xa9]T_7[0x8b]bq[0xaf]Zj[0x15]1[0xb4]/[0xd9][0xa2]X|[0xd0][0xcc]4[0xa4]U[0xdf][0xbe]Q[0xcd][0x84][0xa0][0xa4]l[0x18]3[0xf1]7Kj[0xb8] [0x82][0xd1][0x7]f[0x16][0xc5][0xe2]O[0x82]?0[0xa2][0xb8]X[0x14][0x8b];*,[0xa1][0xb2]"[0x1d][0xeb]:[0xa6][0x89]U[0xc4]Rc[0xd9][0xe2]W[0x18][0x82][0xb1][0xba]/-W[0xd2][0x8d]A[0xb3][0x86]QKl[0xc3][0x88]z`[0x12].[0xbe]zy[0xfd][0xaf]~ O.[0xae][0xae][0xff][0xf5][0xcf][0x9b][0xa7]g[0x8b]b[0xf1]Y[0x9]AT[0xef][0xae][0xeb][0xe2][0xb8][0xf1]5[0xa6][0xd3][0x8c]V[0xc4]&[0x13] [0xec][0x81]I[0xb1]9[0xc3]yu[0xe4][0x91][0xdb][0x86][0x18][0xc1]Kf[0x88]Z[0x91][0xd5]tn[0xf0][0x94][0xd5]lZp[0xf7][0x8f][0x9a][0xfb]&[0x98]{[0x82][\n]"
19:20:06.196 [main] DEBUG org.apache.http.wire -- http-outgoing-0 << "[0x93]t[0xaf]e[0xd4]([0xe9][0x9f]=[0x9e]2[0xdc][0xf9][0x8e][0xae][0x19][0xe1][0xd2][0x8d][0xd8][0xcd][0x92]Un[0x8e]+[0xa5][0xc9][0xf9][0xc5][0xb3][0xf3]k[0xd2]r[0xd9][[0x18][0x94]&[0xbd][0xb4]\[0xe0][0xd5][0xa5][0xee][0x8d]%[0xdc][0x90]Z[0x89][0x8a]I[0xb2][0xd4][0xea]Q[0xc2]#[0xef]`[0x6][0xfe][0xdd][0xfa][0x81][0x91]F[0xd9]3X[0xd4]N[0xb3][0xee][0x9e][0xb7][0xec][0xd6]=m[0xf1][0xe6][0xe2]y[0xb1]([0x95]Z[0x8f]~x~],[0xe0]>.k[0xb3]xsU,*[0xbe]Z[0xf1][0xb2][0x17]v[0xb3]x[0xb3]xO[0xcd]fQ,[0xca][0x9e][0x1b].[0xc1][0x8e]~[0xb6]Tp*[0xe1]gT([0xcd][0x99][0xf9][0xc4][0xf4][0x9d][0xbb][0xf1][0xe6][0xf2][0xf9][0xf3]bai[0x1d][\r]iQ[0xc][0xb7][0xfc]Z,z[0xc3][0xf4][0xcf]`[0x97]/^[0x14][0xb][0xde][0xd2][0x1a][0x1e][0xd9]X[0xdb][0x99]7?[0xfc]PV[0xf2][0xac][0xea][0xdb]v[0xf3][0xc5](yV[0xaa][0xf6][0x7]g[0xce][0xcf][0xf0]B[0xf3][0xc3][0xf9][0xd9]#[v[0x8b]b[0xa1][0xa9][0xc5][0xb7]][0x9d][0xbd]([0x16][0x9a]=p[0xf6]x[0xa3]zi[0x17]o^[0xbf]*[0x16]-[0xa3][0xe2]~[0xd3]1[0x18][0xc2][0x8f]\J[0xa6][0x17][0xbf][0xfe][0xbd]px[0xb8][0x18][0xf0][0xf0]gV3K5[0xa7][0x92][0xdc]Y[0xae][0x9f]}[0xd0][0x9b]9[0x14][0xee][0xd5][0xaa]/H[0xd9]/Y[0x5][0x9f]N[0xab][0xb2]T[0x82][0x93][0x95]P[0x9a]Y[0xb0][0xef][0x1b][0xaa][0xb5][0xb2][0xa6]pV[0x84][0x17]1![0xfc][0xe7]N|[0xa7]6[0x3][0x86]~[0xe2][0xb2]f[0xba][0x80][0xaf][0xec]~[0xf9][0x13][0xd5][0x82][0x97][0xc9][0xf][0xee][0x98][0xa1]m[0xc0][0xcd][0x8d]RkV[0x11][\r][0x1f][0x19]L[0xc4][0xac][0x1c]l~[0x96][0x84][0x92]G[0xb5].[0x8][0xa2][0xc7][0xc][0x8f][0x1][0x3][0xd3][0xa4]e[0x15][0xef][0xdb]g[\r][0xaf][0x1b][0xbc][0x0][0x8c][0xe7]mU[0xf9][0xf7][0x92][0x1a][0xc7][0x85][0x86]T[0xfb][0x11][0x19][0xda][0xdb][0xdf][0xfe][0xe1][0x8d]p[0xa5]i[0xad][0xa9][0x1c]n[0xc3]u!V[0xad]zg|[0xb0][0x8c]+[0xbd][0xf1]WO[0xad][0x14][0xee]X[0xfa][0x15],H[0x19][0x16][0xe][0xee]\&kvF`[0xbe][0xfe][0x19][0xf][0xf8][0x91][0x96][0x82][0x19]B5#[0x96][0xc9][0x8a][0xe9]g[0xa5][0xe6][0xa6][0x83]G~R[0xbd]&&[0xac][0xac][0x9b]# e[0x18][0x9]<[0xdc]*c[0xc0]}[0x94][0xaa]]r[0xc9][0x10]0[0x8][0x13][0xbc][0xbc][0x8c][0x8b][0x9b][0xc7][0xc][0xc0]c[0x86][0x19][0x0]R[0xc4][0xcc][0xe5][0x4]3[0xb7][0xb8][0xcc]#[0xd4][0xbc]5[0xdb]1sq[0x9d]`&[0x9a]%[0x8c][0xd3][0xcf][0x3]V[0xcf]L[0x11]tuy<[0x82].[0xe6][0x8]z9A[0xd0][0xc5][0x8b]1[0x82]>[0xf6][0xb2]l"[0x80].c@iT[0xa9][0x4][0xb5][0x8c][0xdc]4[0xbc][0xc3][0xaf][0xc6][0xd1][0xe7]O0[0xf4]V[0x88]g][0xaf];e[0x18][0x0][0xa7][0xd7][0x0][0x92][0xde]Z@[0x80]Q+[0xcb]d[0x0][0xd7][0xa3]$[0xa6][0xaf])\[0xf0][0x97][0x86][6[0xfc][0xef]}][0xc3][0x83][0xff]L%[0x7][0xb7][0xcc][0xbe]ZMK[0xeb][0x9c])[0x97]51[0xaa][0xa2]>[0xc0][0x0]^[0x86][0x81][0x95][\r][0xef][0xcc][0xa1][0xe1][0xe5][0xf2][0xfa]9[0x86][0x97][0xf3][0x97]CxA8-[0xd5][0xa3](H[0xa9][0x19]m[0x89]U5[0xb3][\r][0xd3][0xc3][0xc0][0xc9][0xd2][0xcf]d[0x19][0x87][0xef]l[0xfa]1[0xce][0x0][0xdd]>[0xbc][0x8e]K[0xc2][0xea][0xda][0x10]%[0x19][0xa1][0x96]Pby[0xcb][\n]"
19:20:06.196 [main] DEBUG org.apache.http.wire -- http-outgoing-0 << "[0x18][0x85]D[0x9b][0x85][0xb][0x1e][0xc6][0x93]<C[0x7][0x80][0x96][0xeb]V[0xaf] [0xcb]8i[0xf7]*[0x88]2g[0xe4]'M[0xab][0x9e][\n]"
19:20:06.196 [main] DEBUG org.apache.http.wire -- http-outgoing-0 << "[0xb1]![0xb4][0xaa]0[0xb8]6[0x8c]<2x[0xeb][0xf0]=[0xe0]i[0x1f][0x94][0xa8][0xe0]E[0xe5]x[0x99]\TS[0x1d][0xd1][0xaa][0x97][0x15][0xe0][0x1a]q[0xd7])%18[0xba][0xb8][0xaa][0xa4]U[0xa4][0x87][0x7]R[0x3][0xb3][0xf7]Ci[0x18]s[0xf][0xc7][0xe8][0x86]q[0xec][0xf9][0xb3][0xf3][0x8b]y[0x1c]cU[0xed][0xb1]<s[0xf]B[0xa8]G[0x84]#g[0x1e][0xaf]J[0x10][0xe5][0x2]e[0xfa][0x1e]|<%+[0xf6]8<~[0xc9]V[\n]"
19:20:06.196 [main] DEBUG org.apache.http.wire -- http-outgoing-0 << "[0xdc][0x83][0xa6][0xd2][0xac][0x98][0xd6]p[0xad]U[0xe0][\n]"
19:20:06.196 [main] DEBUG org.apache.http.wire -- http-outgoing-0 << "[0xb9]fD[0xd3]r}[0x4][0xb6][0xcf]G[0xd8][0xbe][0xd8][0x1b][0x10][0xdf][0xb6]L[0xf3]r+[0xba][0xcf]StG[0x90][0xfc][0xc8][0x8c]a:[0xda]p[\n]"
19:20:06.197 [main] DEBUG org.apache.http.wire -- http-outgoing-0 << "[0xed][0xcb][0xab][0xe3][0x91]}9G[0xf6][0xeb][0x9][0xb2][0xcf]/[0xc7][0xc8][0xbe][0x93][0xb4]\'C[0x19]0~[0x95]`[0x9c][0x97]k&[0xc9][[0xb1][0xd2][0xac]R[0xe4][0x13]56[0x93]1~`[0xd6][0xf6]e[0x9]6[0xda][0xf9]+[0xc2][0x9d]K[0xb0][0x14][0x9b][0x4][0xc2]c[0xf4]a[0xe3][0xe0][0x4][0x1e][0x9c][0xea][0x96][0x19]*}[0x1a]Y[0x90]ZC>[0x94][0x8b][0x89][0xce]g[0xec][0xca]#C[0xe][0xda]Qm[0x4][0xdb][0xa0][0xa1][0xd4]TKn[0x9a][0x9c][0x13][0xc0]8[0xb3][0x9a][0xc][0x9d][0xd0][0xb2]T[0xba][0xf2][0x16][0xd4][0xd1]rMk[0xc8][0xd7][0xe2][0xad][0x83]c[0xe8][0xa8][0x1c][0x2][0xa4][0x9b][0x1e] [0x9]g[0xcd][0xa5]w[0xc]!r[0xf6][0x80]K[0x17]k[0xa6]A[0x17][0xe7][0x89][0xf3])c[0xe0]KC-F9.!b[0x87][0x95]s1[0x1a][0x97][0x8a]L[0x96][0xf0][0xc][0xd3][0x99]4m[0xc4][0x1f]C[0xde][0xd8]2a[0xdd][0xfb][0xef][0xb6][0xe7][0xa8][0xc3]r[0xa6][0x9e][0x7][0x9e][0x13]l[0xc0][0xc5]Z[0xbc][0xd5][0x7]O\[0xb8]3[0xf7][0xcd]`[0xb1][0xdd]/W[0xa3]o[0xe1]![0xea][0x81]ur[0xa8][0x9d][0xa2]1[0x13]jw'[0xa8][0xd7][0xa3][0x4]ul[0xac][0xa3][0xf0]zyB[0x82]z[0xb5][0x1f][0x84][0xaf].r[0xe1][0xb5][0x98]%[0xaa][0xd7][0x3][0x6]o[0xa9][0xac][0x15][0xb9][0xa3][0xc2]P[0x12][0x6]:C`[0x80][0x9b][0x85][0xdc][0xe][0xfc][0xb][0xde]U[0x90][0xca][0xa3][0xee]3[0xd4][0x18][0x92]+Y[0x90][0x15][0x97][0xc][0x8c][0xb1]Q][0x87][0xbf][0xbb][0xe1][0x82]J[0xab]U[0x91][0xfc][0xec]#o[0x19][0xf9][0xd2]s[0xcc]W[0xff]H[0x5][0xed][0xd8]o[0xff][0xab][0xd2][0xc]u;[0x8][0x8f][0xc8]W[0xbd][0x1d][0x96][0xa3][0xd1]o-[0x9d]~[0xd2][0x1c][0xca]=[\r][0xe1][0x80][\r]7[0xe5][0x11][0x96][0x86]no[0xc4][0xb8][0x16][0xa4]u[0xb][0xe3][0xa7]Jt\[0x98]rX[0x7][0xf][0xcd]/q[0xde]0[0x10]1[0xac][0x9][0xc6]J[0x98][0x1e][0xe2][0xcb]M7[0xc][0x7][0xae]l[0xf9]W[0xc2][0xad][0x9b][0x7]\[0x82][0xef][0x84][0x19][0x19][0xfa]}[0xd2][0xcf][0xeb]][0xe9][0xe7],B[0xdd][0xb2][0xaf];[0x2][0xd4][0xe5][0xab]4@[\r][0x6][0x86][0x6][0x97]"[0xe2][0xe2][0x4]@\[0xef][0x7][0xc4][0x8b][0xcb][0xdd][0x15][0xdb][0x8b][0x1][0x8][0xff][0xd1]s[0xa9]( [0x81]Vnm[0xdf]>[0xa8][0x92]Vj[0xe][0x7]wi[0xe1][0x97][0x17][0x1c][0xae][0xbb]2[0x2][0xe2][0xa6]aZo<9[0xc0]LA[0x1a]*[0x1e][0xdc]o[0xfa][0xb2]o[0x97][0x90][0xd3][0xa5][0xe0]IJ[0x94][0xf8][0x8b][0xf][0xcc][0xd2]!r[0x95][0xba]o[0x97][0xc2][0xa1][0x87][0xb5]J[0x92][0x7].)[0xaf]5[0xb3][0x96][0x91]J3c`[0x5][0x8e][0xa3]A[0xd0][0x8a][0x5][0xd5]5[0x9b][0xd8][0xb2][0xb7][0x9b][0xbf][0xfa]y:[0xd3][0xa6]a[0x92]n.0[0xb2][0xf1][0x1c][0xdd]e[0xe5]x[0x82][0x8][0x81][0xd1][0xf4]0[0x16][0xf9][0xd9]@[0x80][0xc]s[0x9c][0x11][0x1f]b[0xeb]<[0xb7]W^[0x7][0x6][0x9e][0x6][0xa0][0xee]i[0x12][0xcd]V[0x9a][0xd7]LS[0xb][0xd8]? [0x90]|[0xf][0x9e][0x3]"[0x8b]eZS[0xc9][0xb6]Wn)t[0xd0].[0x17][0x85][0xb7][0xbd]Q,y[0xfd][0xf2]x[0xe8][0xbc][0x98]C[0xe7]j[0x2][0x9d][0xeb][0xd7][0xf9]Xr[0xc7]+F~[0xc4][0xac]'[0xa0][0xe8][0xe5][0x80]"[0xcf][0xe7][0xbd]CB[0xeb][0x9d][0xee]M[0xd9]0[0x9b]K[0xea][0xde][0xd1][0xba][0x87]o[0x9a][0xe4]n[0xf7]cK[0x1a][0x93]~i[0xf8]p[0xc9][0x1b])[0x85]z[0x80][0xab]c[0xe][0x7]N[0xa5][0xe5]%[0xa9][0x5][0xfd][0xc6][0xbe]3?x[0xe9][0xf9][0xc1][0xf3][0xd7][0xcf]C[0x1][0xf7]I[0xd0][0x12][0xaa][0x7]7[0x93][0x81][0xea][0xc3][0xd8][0x90][0x96][0x14][0xce]Z[0xa9][0xb1][0xc1][0xe4][0xf0][0x99]y[0x1e]ckd[0x89]8[0xb][0xc1]e[0x95][0xae][0xce]([0xdf]s [0xa3][0xa4][0xf2]pR[0xab][0xc8]"[0x1e][0x83][0x13]`1[0x19]-[0x1b]7z[0xac][0xc8][0xd2][0xb9][0xc6][0x10][0xe4][0x6][0xf7][0xcc][0xf1][0x98]-[0xff]j{=[0xc7][0xf3]r[0xf4]yN[0xcf][0xd9][0xc6]%[0xd4][0x8b][0xdf]G)[0x9e]_$ [0x1b][0x19]l[0x8e]W[0xbc]<[0x1]j/[0xf7][0xb3]"[0xaf][0xaf][0xc7]P{[0xdb]u[0xcc][0xf2]oi[0xa0]z5@[0xec][0x1d]c+[0xfc]`[0x3]a[0xb8][0x9d]a[0xc4]k[\r][0xd7]Bq[0x9]L[0x0][0x97]b[0x93][0x90][0x89]s[0xc6]1%[0x12][0xff][0xb4]1Pc[0x84][0xff][0x8e]X[0xc3]Y[0xfd]4c[0x1d]o[0x94][0x96][0xc6]R[0x8d]>[0xc3]'m[0x8e][0xb5]8[0x98]jt0[0x80]tg`[0xe1][\n]"
19:20:06.197 [main] DEBUG org.apache.http.wire -- http-outgoing-0 << "[0xa2][0x92]Q[0x15][0x9][0x7][0xe9][0x3][0xcb][0xf0]V[0xc][\r][0x1a][0xf8]oG[0xda][0xc1][0xf5][0x3][0xc0][0x90][0xc4][0x1c]x[0xbc][0xd1][0xba][0x90]%[0xac][0x99][0x3]'[0xa2][0x92]Ug[0xe4]3k[0xd5][0x3]#+[0xad]ZG|[0xa8][0xf5]Y[0xc2][0xa0][\r][0xcc]cX[0xc9],[0x1e][0xc7]<[0xa8]w[0x5]8|[0xff]8[0xa8][0xdb][0x92][0x9c][0xf][0x7][0xb2][0xa4][0xe5]z[0xa0][[0xd4][0xda]![0x15]J[0xb6]aR[0x91][0x98]L[0x80][0x97]Ti[0xec][0x81][0xe9][\r]L[0xb1][0x86]*[0xad]TX[0xd6][0xc1]c|s[0xc0]6[0x1a][0xc8][0x97]|[0xea][0x18][0xbf][0xd8]w[0x8b][0x85]G[0xf2][0x97][0xa3][0x4][0x12][0xec]y[0x1f]s[0xf9][0xea]x[0x88][0xbe][0xda][0xf][0xd1][0xeb]=[0xd4][0xff][0xeb][0xc8]j[0xd0]NCI[0x1c]"[0xf6][0x8c][0xf4][0xf]~|[0xc0][0xe1][0x96][0xae][0xd7][0xec][0x8a]I[0xf7]k[0x16][0xee][0xde][0x3][0xa9]G[0x1e][0xb8][0xae][0xb9][0x8c][0xe][0xff][0xc8][0xd8][0xf7][0x16][0x92][0x92][0x9a][0x11]*,[0xd3][0x12][0xd7]#ib[0x85]([0x94]4[0xaf][0x92]qc[0xe8][0xf3]_[0x9e]t[0x82][0x2]G[0x81]q[0xa4]/[0xd7][0x99]V[0x17]Y2[0xfb][0xc8][0x98][0x7][0x2][0xbe]c_[0xd0][0x80][0xd7][0xb2][0xec]4[0x8f][0x89]k[0xce][0xce]y[0xb][0x1d][0xb]j[0xa1]^[0xa5][0x86]P[0xcc][0x4][0x99]A[0xa4]"
19:20:06.198 [main] DEBUG org.apache.http.wire -- http-outgoing-0 << "[0x18][0xf8]x[bR[0xce][0xe4][0xc7][0xac][0xde][0xef][0xb]I[0x17][0xcf]3y[0x9f][0xb7][0xaa][0x91][0xa5]_[0x9c]`[0xea][0xaf][0xf7]w[0xb9][0xf2]$[0xc2]`[0xe9]0o[0xea]w[0x8d][0xe6]mG[0xee]J[0xda]v|[0x1b]}[0xf7][0x91][0xcb][0xba]O[0xc9];wWA:[0xc6][0x84]wE[0x15]{`\[0xe6][0x99]9G[0xd6]?[0xc2][0xca][0x85][0xda]'P[0x7]P:[0xf9][0xcf][0xbb][0x12]t[0x8d][0xa8][0x18][0x91]ti[0xd6]x[0xc][0x8][0x90][0xbc][0x13][0xa3][0x81][0x1f]A[0xdd][0x99]5[0x17][0x82][0xd9][0x81][0xbe][0x1b]sq[0xa9][0xd1]ni}[0x19][0xb7][0xae][0x13][0xd6][0xae][0xe3][0xd2][0xf9][0xd5][0xd1][0xbf][0xf6],%[0xef][0x1e][0x87]5r\B\[0xa5]3r[0x7]v[0x9e]Rv.j[0x18][0xc1][0xeb][0xc6][\n]"
19:20:06.198 [main] DEBUG org.apache.http.wire -- http-outgoing-0 << "[0x8c]~P[0x94][0x9b])[0x80][0xf4]tq[0xb][0xc4]T1[0xa1]M[0xee][0xa1][0xc][0xf3][0xd1]bX[0xb1][0x10][0xdc][0xdc]<[0x8c][0xb3][0x8f]![0x4][0x8f][0x88][0xbc]q6[0xfb][0x9d][0x9][0xbd][0x3]zg[0xbb][0xb1]x[0x95]#[0xf4][0x9c][0x1][0x8f][0xa0]x~[0x2][0xa9]~[0xfe]|[0x8e][0xc5][0xcb]i[0xd8][0xd9][0x1d]u[0xce][0xcf]gd[0xfa];[0xae]7T[0xf2]\[0xc5]eZj9[0x6][0xf3][0xc8]JB[0xff][0x19][0xea][0x12][0xb0]i[0xce]J'[0xab][0x0][0xc6][0xca][0xcc][0xf3][0xc5][0xfb]i[0x9][0xb2]([0x16][0xff][0xa9][0xea][0x1e][0x1b][\r].[0x1]|[0xe6][0x8d][0xbc][0xf3]l[0x9d][0x1f][\r]i)xTd[0xd9][0xc0][0xe1][0x97][\r][0x17]<[0x13][0x3]K[0x5][0xbd][0xc9][0x8a][0xe9][0x18][0xe5]n[0xb9][0xb4][0xf1]?5[0x8c][0x5],[0xef][0x2][0xf0]-[0xd5]\[0xfa][0xee][0x13].[0xb][0xda][0xda][0x6][0x7][[0xf8][0x14]l4[0xd6][0x82],GCMz_[0x3]#[0xaf][0xec][0x94][0x91]Gn[0xcf][0xe4]J[0xb9][0x90]26T[0xac]0[0xd9][0x85]^[0x98]&[0xbd][0xe3]9>[0xd2][\r]4[0xcc][0xfd] [0x7]z/[0xd6]v#[0xe6]h[0x85][0x91][0xb7][0x81][0xfc][0x93][0xf]/u[0x3][0xc4]\:[0xe8]=[0x94][0x1d]IO[0xea][0x86]a[0xcb]c[0xb4][0xe0][0xab][0xec]:[0xa3][0xbb][0xb5][0xc3][0xb0]`Ej[0xa4][0xa5]\[0x82][0xcb]K[0xdf][0xec][0xa8][0xfb][0x7][0xdf][0xcb]G[0x7][0xa5]$[0x81][0xfe][0x1a][0x16][0xcd][0xd1][0xd1][0xb8][0xc1][0x99][0x11]{[0xea]*S[\r][0xd3][0xe3]e[0x8c][0xc5][\r][0xac][0xad][0xef][0xa6]0[0xcf][0xbf][0xd1][0xaa][0xe2][0xf0]A[0xa9]H[0xc6][0xeb][0x13]i;[0xa8]er[0x9e][0xe1]2[0x17][0xa2][0xaf][0xae]w[0x95][0x8d][0x19][0xcf][0xf0][0x89][0xae][0xb9][0xb1][0xe]KY[0xb2]?[0xed][0xbd]E[0xd8]E[0x92][0xf3][0x96]B#T[0xf5][0x1a][0x15]L?[0xcb][0xca][0xf9][0x99][0xf4][0xb9][0xf3][0xf4][0xf5][0xf2][0x84][0xc6][0xfb][0xf9]L[0xbb]r=[0xf1]#[0x97][0x7]6[0x6][0xce]/f[0xe][0xe5][0x17][0xaa]i[0x93][0xf1]';[0x1c]H[0xce]Ql[0x3]~([0x1c][0xbf][0xf4][0x82]3[0xb9]%[0x7][0xb8][0x19][0xbe][0xa7][0x1e]+[0xec][0xd3][0xdd][0xf4]-[0x97][0xf1][0xbf][0x9f][0x1d][0x8a][0x4][0x8f]?[0xfa][0x89]j[0xda]F[0xcf][0x83][0xdd]QY[0xfb][0x94]x[0xab][0xbf][0xd9][0xeb]ZB[0x1]I[0x9e][0xac]qe[0x9e]z9L[0x19][0x9f][0xef]}G&[0xf8]o[0x17][0xaf][0x4]G[0xe5][0x16]q[0x1a][0xfb]}%[0x8a][0x19][0xb6][0x10][0xc4][0xf0][0xca][0xe5][0xca][0xee][0xce][0xa9][0xcf][0x98]`[0xbe][0xf6]K[0xec]dk[0x98]f[0xa7]2[0x98][0x98][0xd3]C[0xc4]U+;[0x6][0xb8][0x99][0xe6][0xf]C[0x1b][0xd2]x[0xc9][0xcc][0xe0]/`[0xea][0x86]u[0x14]Z[0x87]&V[0xcb][0xee][0x13]li[0xe1]M?[0xc1]Xi[0xe6][0xae][0x94][0x94]J[0xe8][0xcc][0x1c]Y[0x87]^[0xee]l[0xee][0xcd][0xb2][0xf2]}x[0xbf][0xba][0xc8][0xb6]2[0x6]|[0x9c][0x2][0xf7][0xab][0xd7]'[0xa0]=[0xa3][0xb3]y5[0xed]{[0xbc]:[0x10][0xef]Qq[0xf3]V(E~a[0xac][0xcd][0xe4][0xf0]?[0xa1]l[0x3][0x19][0x9][0xcc]:[0xad]7[0xb4]4[0x85][0xf7]x[0xe][0xc9][0xc3][0xac][0x11][0x98]u[\n]"
19:20:06.198 [main] DEBUG org.apache.http.wire -- http-outgoing-0 << "[0xd9][0xa4]a[0x2][0xed][0xc][0xf8][0xef]{[0x8d][0xba][0x88][0x9d][0xf8][0xff][0xae][0x80][0xc7]v[0xfc].[0x9c][0x7][0x14]nO[0x9]<\3[0xc9]G[0xfa][0x9c]|EP[0xc7][0xf][0xb0][0xc5]5[0x9c][0x91][0x1f]5[0x18] [0xfb]Z2cpt|E$cU[0x14][0x5]8&[0xb9][0x1b]>[0xdf][0xdc]s[0xa4].[0xe2][0x96]%[0x8f]L[0x88]=[0xee] <.[0xd1][0xd0][\r][0xe][0xc1]![0x1f]<[0x5]<[0xe8]Yl[0xa0][0xfe][0xff]9[0x82]\Qp9[\n]"
19:20:06.198 [main] DEBUG org.apache.http.wire -- http-outgoing-0 << "[0xfd][0xd7][0xbf]?[0xf4][0x8f]H[0xa9][0x80][0x99][0x0][0x8b][0x99]+[0xd8][0x1d][0xf0][0xaf]/Np[0x1][0x19]A[0xce][0xb4][0x8c][0xbf][0xbe]<[0xd0][0x5][0xa4][0x82][0x1c][0xda][0x9]N~aK[0xba][0xcc]h[0xed][0xc6]^[0xe0][0x0][0xa0][0xcf]~5I[0x2][0x12][0x95][0xc0],![0x8d][0xbf][0xfb][0xa4]Z[0x6]`[0x80]t[0xde]0V[0x99][0xdf][0xe1]82n[0xe2]}][0xcf][0x9c][0xc5]a>!m[0x9d][0x2]K[0x9d][0x80][0xb4][0x98][0xf8][0x83]b{t[0x9e][0xe7][0xe2][0x8e][0xe3][0x9d]Lz[0x87][0xfb][0x80][0x14],N<}b[0xf8][0x89][0x9e]L;U[0xf6][0xa5]0[0x87][0x17]P[0x94][0x11][0xc2][0xec][0x97]<[0xc0][0xd8][0x11][0xcb][0x8e][0xf4]S[0xba]u[0xe9][0x9e][0x9b][0xed]JPK[0xd6]h1gN[0x80]5v[0x91][0xdc]{O[0xf7][0xc6][0x86][0xa2][0x10][0xcf][0xb1][0xee][0xcc][0xdf]7[0xcf]q[0x96][\n]"
19:20:06.198 [main] DEBUG org.apache.http.wire -- http-outgoing-0 << "[0x18][0xbc][0x90][0xe4][0xdc][0xe5][0x9d][0x0][0x96][0x1]e[0xd3][[0xc9]6G[0xd4][0x1]GK~[0xf6]:[0x83][0x8b][0x91]3[0xf0][0xd8][0xf1]T[0xf5][0x81]Y[0xff]IN #[0x8][0x9a]u[0x96]v[0xe7][0x1][0x85][0x93][0xe9][0x99][0xc4][0x1b]Di[0xd0][0x1d][0xa5]5yr[0xd7]qI[0xcb][0xe6][0xa9][[0xfb][[0xba]^sRq[0xf2]Y[0xd9]LMp[0xdb]C[0xf3][0xa5]r&n[\n]"
19:20:06.198 [main] DEBUG org.apache.http.wire -- http-outgoing-0 << "[0xf2]H[0xb1][0x9c][0xc3][0x88][0x15][0x89]8[0xf7][0xc4]-[0xbf][0x85][0xbe][0x11][0x8c][0x98]<i[0xf1]]kJ[0xa8][0xb5][0xf4][0xe9].[0x8f][0xb3][0xd5][0xad][0x84][0xe2]"[0xea][0xfe][0xe][0xe4][0xf][0xde][0x81][0xe9][0xb6][0xa3][0xd9][0x84][0xd8][0x8]c[0xf][0xe1][0xf][0xa3]][0x88][0xbc][0xa8]5[0x17]LV[0xe][0x1e][0x14]z-[0xda]8[0xfa]0[0xb6][0x9e]R][0xdf][0xd4]GL<C"[0xc3][0x8b]M#[0xa8][0xea]wd[0x17][0x80]*?[0xde][0x98]Z$[0xd9][0x2][0xb7]#[0xc2][0xef][0x96]Q[0xf9][0xd8]p[0xc1][\n]"
19:20:06.198 [main] DEBUG org.apache.http.wire -- http-outgoing-0 << "[0xb2][0x96][0xb0][0x9f][0xa5][0xc][0xcb][0x8f][0x9f][0xfb][0x11]I[0xb][0xab]H[0xb][0x9a]([0xbf][0xfd][0xe5][0x8c][0xe0][0xc6][0x18][0xef][0x3],7[0xe4][0x9]8[0x1][0xd0]bV[0xe6][0xe9][0x99]w[0xa6][0x8e][0x1][0xc0]_c[[0xa0][0xd6][0xbc][0xaa][0xc4][0xb6][0xa1]G[0x88][0x1b][0xb0]:|y[0x1b]l[\r][0x9e][0x12]:[0xda]J[0x8][0xd5][0x1][0x1f][0x2][0xeb][0x90]G[0xfd][0xd5][0xfe]Z[0xe0][0x0]^p[0x1f][0xea]'[0xea][0xc]Z[0xe3][0x86]!{r!pJ[0xd9][0x9f][0x11]@M[0x9][0xc4]W[0x13][0xc1][0xfd];[0xcd][0xe8]zE[\r]Pv[3[0x82][0xa8][0x8a][0xfa]#[0xed][0xa8][0x84]n[0xd6]g[0xda]2I[0xee]T[0xdf][0xcd]Q[0xef]~'[0x95][0xaa][0x4]f?Q[0x9d][0xab]l3i*[0xdf]r[0xcd][0xe5][0xb4][0x9b]|[0xd7]pn[0xc1][0xc2][0xda][0xde]4Z[0xa9]v[0xb4][0xe5]E[0xad][0x1]([0x9b]9[0x99][0x10]`[0x93]l[0x83]Y[0xd9]gK[0xc5][0xa1]&aN[0xd5][0x8f][0xaa][0xbe]D@[0xe7][0xda]L[0x8b]b[0xf1][0xef]J?[0xb2][0x1a]6[0xe8][0x18]F[0x1f][0x19][0xab][0xc8][0x13][0xa9]4[0xba][0xb5][0x1d][0xa0][0xd3]Y[0xee][0xef][0x6][0xf8][0xf4][0xd5][0x12][\n]"
19:20:06.198 [main] DEBUG org.apache.http.wire -- http-outgoing-0 << "qlL"[0xe]:[0xab]t[0xa1][0x8a][0xb4][0xcb][0xdd][0xc2]2[0xf9](=[0xac][0xd4][0x19]y[0x17][0xc5][0xe7].[0xf][0x1f]:[0x6][0x8e][0x8f]4[0xb3][0x85]L[0xbd]+Y[0xfa][0xa5][0xdc][0xbf][0xb][0xc6]i[0x10][0x1f]@[0xea][0x93]t[0xa4][0xc3][0xe4][0x11][0xfa][0xa1][0xcf][0x7][0xf9][0x8f]{[0x8d][0xa0][0x0]p[0xb8][0x1e][0x80][0x8c][0x93][0x1a][0x9a][0xd3][0xed][0x98][0x9a][0x1c][0xbf][0xc9]g[0x3]G[0x98][0xfb]jn=[0xe0]+[0x8d]][0x6]6[0x5][0xe5][0x17][0xe5]r[\n]"
19:20:06.198 [main] DEBUG org.apache.http.wire -- http-outgoing-0 << "[0xda][0xc3][0x8e][0x7][0xcb]K2[0x18]/~[0xba]?[0x1c]N[0x1c][0x8c][0x15][0x90][0xd3]v^[0xc6]Y[0x84]7mc[0xe]R_[0x81]hA[0xdd][0xeb]p[0x8f][0x87][0xd5][0xcc])[0xbc][0xba]>[0xc1])d[0xa4]]SU[0xe4][0xe5][0x9e]f[0xf6]y[0x14]t[0xdd]*[0x90]6P[0xe9][0xc4][0xc1][0x1d][0xa3][0xe4][0x9e][0xd6][0xae][0x17][0x97][0xe3][0x3];FM"[0x8c][0xcc][0xd5][0xfc][0xc3][0xa6][0xb6][0xbd][0x8c][0xc1][0x9c][0x6][0x84]47M[0xec]Q_,%m"
19:20:06.199 [main] DEBUG org.apache.http.wire -- http-outgoing-0 << "[0x95]s[0xb0][0x9d][0xe6]k([0xc5][0xfe][0x1c]lz[0xf0]A([0x5][0x8b][0xfd][0xc1]r[0xa6]J[0xde][0x96][0xe4][[0x9c].A[0x6][0x1f][0xd2][0xfd][0xb4][0xb]0[0xa9][0xf9]S[0x91]GJ[0xf7][0x85][0xed]<[0xe3]2|[0xd8][0xa3][0x96][0xaf][0xc2]S[0xe1]/[0xac][0xea][0xb4]=[0x87])[0x92][0xeb][0x83][0xc2][0xd8][0xad][0x84]/ [0xdc]bx[0xc1]>[0xea]$[0xe9]H[0xf0][0xff]0^#[0x97][0xbe][0xcc][0xfc]K[0xea])[0xfc][0x88]'n[0xe2][0xce]o-[0xc2][0xa6][0xa6][0x9][0xfb][0xfb]f[0xd5][0xbd]_[0xf0]Yg/[0x0][0xd9]6[0xd0])[0x10][0xf4]A[0xe9]U/[0xc8]`wU[0xec][0x14][0xaa][0xde][0xc0]?[0xf8][0x16][0xb8][u[0x83][0xfb]?[0xb6][0xb5][0xe9][0xb3]D[0xc0]q[0x8c]`[0x18][0xc4]![0x89][0xff][0x0][0x8b][0x80][0x3][0x8]v[0xe1][0xfe]T[0xe8][0xfc][0xfc][0x4][\r][0xd9]yFD6[0xa5][0xf8][0xa1][0x1b][0xb1][0x13][0xd4]QB[0xf6][0x8b][0xd2][0x8c]B[0xab]p[0xc9][0xdb]%[0xcd]D[0xf4][0x99]^[0xcb][0x17]4d[0xd9][0x8b]Z[0xd5][0x1c][0x92][0xf3][0xd0][0xbb]rY[0xaa][0xf3][0xd7][0xc8]O9g[0xfd]4[0x85][0xfa]@[0xee]'L[0xd7][0xb8][0x16]X[\n]"
19:20:06.199 [main] DEBUG org.apache.http.wire -- http-outgoing-0 << "*[0xcb]P[\r][0xb8]M[0xce]x[0xc1][0xf5]e[0xd9]p[0xc9]C[0x94]O_[0xe7]6[0xbe]I[0xd8][0x8a][0xad]zxMx[0x8][0xc2][0x9c][0xbb]h[0x2]~D[0x95]M[0xff][0x85][0xca][0x9a]<[0xf1]3Oz[0xdb][0x98]%?[0x9d]f$[0xf7]^[0xf0][0xe8][0x83][0xaf][0xa3][0x1d]v[0xa8]efr)W[0xf7]Bl[0x1c][0x5][0xbe]e[0xb2][0x88][0xc5][0xb0][0x10][0xd1][0x17][0x84][0x99][0x87]B#[0x86][0xc2]o[0xc3]B[0xb8]:[0xc3]/[0xd7]2Y[0x80][0xa8]I[0xa5][0xbe]a[0x7][0x85]<lrSNLP[0xa5][0xca][0x9a]zX[0x95]I[0x96][0x81][0x9f]Es[0xb9][0xe]W[0xda][0xcc]bdp[0xc]DB"6[0x1b]v3[0xfa]+1B[0xe3]/[0x0][0xe9][0x15][0x13][0xbc][0xe4][0x80]f[0xff]I[0x96][0xde][0x18][0xff][0x80][0xca]w[0x6][0x14](c[0xe8][0xb7]zcU[0xcb][0xbf][0xb1]YW0[0xc9]\[0x94]&[0x9d]V[0x96]qy2[0x13]p@[0x98]wC=[0xac][0x1d]8@k[0xb8][0xe9]3[0xe0]h[0xa4][0xdf]9?[0xc1][0x13]d[0xb4]j[0xd3][0xf0]~[0xfd]b[0x8f]'[0x88]b5H[0xa4][0xd7][0xe4]V[0xf5][0xc6][0xd0]u[0x86][0xf8]_[0xd7][0x1d]8[0xee]Q[0xc7][0xce][0x11]?[0x82][0xb6]K[0xdc].[0xb3][0x87][0xe][0x9c]E[0xf1]$)[0xd0][0xbd]i[0x86]M[0x10]^[0xe2][0x93][0x4][0xf4][0xb7]B [0x19][\r][0xe9]zo[VO4[0xdd][0xb7]\[0xc0][0x16][0xc3][0xf]~[0xdf][0xef]d[0xaf][0x9a][0xe3][0xf6][0xc8]F[0x89][0xf5][0xce]m[0xba];[0x14][0xde]w[0xa3]n?[0xb][0x8b][0x91][0xd3][0xf0][0xc]4[0xfc][0xdd]$[0xe7][0x1f]T[0x9e]X[0xf9]c)~b[0xde]P[0xcf][0x17][0xde]GmT[0x1c][0x84]@[0xec]W5[0xc9]'[0xb4]_[0xdd][0x11][0xbf]?[0xa8][0x95]|[0xc3][0xce][0x95][0x1e]8H[0xac][0xf6][0x97][0xbf][0xfd][0xa3]lh[0xcb][0x84][0xfb][0xc5][0x1b][0xdc][0xe0]7[0xec]H~l[0xb8]Y[0xc3][0xdb][0xfc][0xb6]a[0x8a]{[0xe][0xc5][0xba][0x98][0x12][0xe][0x9e]mp[0xb3]Hu[0xb4][0xb8][0xf6]ag?<i[0xf2][0xf9]\Z[0x1f]>`[0xd4][0xc6];e=[0xa4][0x5][0x5][0x11][0xa8][0xa3][0x88][0xdf][0x5]W[0x12][0x9e][0x1b][0xa4][0xb0]$z[0xde][0xf1]tF[0xdb][0x89][0xaf][0x9e]?[0xbb][0x8a][0xc7]b[0xe4][0xd4][0x1c][0x1f]a[0xa7][0xb3]u[0xbb][0x86][0x83][0xe7][0x3][0x7][0x96]f0Q%[0xd9]z<[0x91]G[0xaa][0xdb]Qy[0xc2][\r]q[0x90]+[0xdd][0x81])[0xf9][0xa2][0xe4]*[0x97][0xbb][0x1c][0xad]_[0xc0][0x17][0x1d][0xd2][0xcb]L[0xe0][0xef][0xee]I[0x9d][0xd4][0xcb]S[0x88][0x89][0x8c][0xca]pJLLO[0x2][0x98][0x9d][0xa5][0x11]e[0x86]non[0xd8][0x9e]H[0x9e][0xdc][0xf6][0xba]F*[0xb2][0xa1][0x92]?[0xdd][0xb7]][0xb1] K%[0x99][0x80][0xa6][0x18]Z[0xdb][0x9a]K[0xf8][0xcf]~[0xed][0xd2]D?[0xf0][0xb]5[\r][0x94][0xe5]32=[0x1e]c[0xd3][0xf5][0x1a][0xe9][0xc5]a3[0xf1]x;[0xf2]/[0xd4][0xf4][0x9a][0x93][0x96][0xd9][0x86][0x93]'[0x15]F[0xe8][0x15][0x93]}[0x8d][0x16][0xe1][0xd8][0xcc]D[0xfc][0xc1][0x4][0xc7][0xab][0x9c][0xfc][0x16]G[0xcc]=[0x2]i[0xaf]V[0xbb]uOu2M[0x87][0xde][0xad]3[0x1d][0x93][0x98][0x89]?H[0x1b][0x98][0xae][0xef]7Q6M[0x9c]d +[0x93]e[0x9b][0xfb][0x8d][0x89][0x9e] :[0xb8]d[0xab][0xf2](YY'[0xeb][[0xa4][0xa7]%[0xb8]F[0xc7]L[0x8][0x99][0x8][0x19][0xa6][0x1b]<[0x93][0x9a][0x4][0xdf][0xb3][0x9][0x13][\r][0xf7] [0xaf][0x81][0x89][0x9e][0xd2]I[[0x2]O[0xf][0x90][0x9][0x7]1[0x90]~?8[0x1e][0x90][0xb0][0xaf][0x1d][0xd3][0x9c][0xc9]m[\r][0xcc]|[0xa6]r[0xac][0xa2]~[0xaf][0x96]a[0xa4][0xaa][0x1f]M[\r][0xeb]l[0x8d][0xe2][0xfa]C%K'[0xe8][0x90]/2[0xe2][0xc7]iEsu[0xb5][0xc7]ED[0xf5][0xe3]}C9q[0xac]`[0x18][0xfc][0x89]N[0xc1][0xf7][0x12][0xe0]![0xb1][0xaf][0xa8]J%{[0x8b][0x1][0xe][0xf2][\r](I[0x87]m1[0xf1][0x14][0x11][0xc]B[0xfb][0xf][0xeb]y7[0x96][0xf1][0xff][0x91][0x9a][0x16][0x18][0x86][0x83][0xb7][0xc5]8[0x6][0xc2][0x19]s=[0x1d]-&[0x0][0xc9]p'[0xf2]"[0xc8][0xcf][0xc2][0xe0]=6[0xf0][0xc][0x91]Q[0x99]?[0xd5][0xf7][0xa4]U[0xfe]$[0x15][0xca][0x1c][0xb0]3[0x82][0xd9][0x84]\[0xdc])[0x0][0x98][0x9e][0x82][0x15][0x9]>[0x4][0xdb][0x97]t[0x9d]&1[0x15]?[0xff][0xce][0x90]z[0x82]@([0x3]+x[0xcf]![0x88][\n]"
19:20:06.199 [main] DEBUG org.apache.http.wire -- http-outgoing-0 << "6[0x88][0xd7][0x8f][0xfa]|[0xa7][0x1c][0xab][0x93]9[0x99][0xea]bz[0xfa][0xc6][0xbe][0x93][0xa9].&;[0xfe]?[0xc2]Ze[0xa8]|[0xde][0xb1][0xb0][0x89]=#[0xee][0x19]"[0xa6][0xcf][0xbc][0xff]MI[0xb6]q[0x85]~E[[0xd5][0xc6][0x88][0xf8]s[0xc9][0xf0][0x4][0xa7]l[0xe6][0xed][0x12]9[0xc1]<o[0x95][0xdb]A[0x1f]B[0x96][0xcb])[0x1b]x[0x8f]O-[0xc7][0xaf][0xc2]<[0xe][0x9b]n>gnU [0xb3][0x9c][0xe3][0xe][0x0][0xe0]a@I[0x9f][0x8e][0xd6][0xd0][0xa9][0x89][0x1][0x1][\r][0x8]wI5Xt't[0x99]U[0xb0][0x3][0xc5][0x98][0x1c][0xc3]E[0xa1][0x0]w!H[0xad][0x86][0x1][0xc2][0xcd][0xef][0xa3][0x89]&[0x9b]K[0x92]/[0x90]7[0xd6][0xef][0xb1][0xc5]$[0xb8][0xee][0xec][0xa6][0xc7][0xd4]V[0x83]%[0xe0][0xa8][0xe]v[0xfa]/O[0xd8][0xaf]q[0xc0][0x1]Q[0xe7][0x13][0xc5][0xfb];`[0x14][0xe0]5[0xd1][0x94][0xa3]d[0xcd]k[0xf7][0xc9]=[0xd7][0xb4][0xe5][0xa6][0xcf][0xd4][0xaf]pL[0x9f]1[\n]"
19:20:06.199 [main] DEBUG org.apache.http.wire -- http-outgoing-0 << "[0x8e]Pb[0x8f][0xa1][0xd9][0xac][0x94][0xdf]IO[0xab][0xcd][0xca]uV[0xcb][0xe1][0xec][0x9c][jJ[0xaa];%Y[0xac]#[0xc7]y\p[0xf9][0x10][0x16]h0[0xf9][0xdd][0x9b][0x18][0x1f][0xe1][0x10][0xab][0xf4][0x88][0x15]o[0xad][0x96][0xaf]V[0xa4]ctmPX[0x11][0x12],[0xa9][0x1c]s2HK[0xda][0xe9][0xa0][0xa2][0xef][0x1e][0x19]>[0xba]V&a_[0xc7][\n]"
19:20:06.199 [main] DEBUG org.apache.http.wire -- http-outgoing-0 << "Nb[0xc2]m[0x83][\r][0xc7]j[0xd3][0xbd][0x18]M[0xd9]k[0xb3][0xc2]#[0xd3][0x1d][0xbb][0xbc][0x83]>[0xce]dY[0xdc]]~[0x9][0x99]_S[0xdf][0xf3][0xd9][0xf8][0x6][0x8f][0xcb]:CW[0x8][0xea]3[0x9f][0x9c]A[[0x99][0xfa][0xb][0xbd][0x90]}[0xfe][0xee][0xb8][0x8b][0xd1][0xbf][0xd2][0x95][0x8b][0x1d][0x14]sx[0xab][0xdf]r[0xc6]S[0xd8]U[0xbd][0xc1][0xfd]i[0x80][0xba][0xe4][[0xec][0xde][0xe2][0x1f][0xf]xj[0xa0]E[0x9b]![0xb2]~[0x96]U/[0xea]AW_[0xb1][0x92]V[0x90][0xb0][0xb9][0xd1][0x83]{[0xf0][0xa7]]N[0xed]/[0x8f][0xe6]lF[0xb7]s[0xf][0xf3][0xd1][0xdb]T.S[0xee])ACv[0xf][0xf3][0xf3][0x13][0x90]{[0x80][0xde]lJ?O[0xcf]}[0xba][0x88]:[0xb3][0xfb]^[0xaf][0xe1]3[0xee][0x11][0x9a]ma[0x98][0xb6][0x1f][0xe2][0xf4])[0xec][0xfa][0x9a][0x9f]B[0x93][0xe9][0x1c][0xe5]v[0x8f][0xed]:[0xfd])h[0x1c]FIZ[0xb1][0xb8][0xa7]@[0xcb][0xfa]|p[0xff]VfO[0xe2][0x0]K[0x11][0xa6]24B'[0x9b][0x86][0x3]M4lf[0x1b][0xb3]7[0x1f]@[0x89][0x95][0xca][0xb3][0x10][0xa4]([0xa9][0x2][0xa1]U[0x17]B[0x15][0x9e]k[0x93]?[0xc7]&[0x94]9[0x83][0x12]KI2h9[0x6][0x94][0xc5]S[0x4]l2[0xd7]4[0xbe]1<}/[0xf4]n[0xc6][0x9f]7l[0xbd][0xe9]5Y[0xc1][0x15]xp[0x9d][0x93]v[0x1d],[0xe0]<[0xf2]t[\r]?[0x80]C[0x94][0x1b][0x83][0x9][0xc6]{P2094[0xed][0x94][0xe3]i.2[0xfa][0xac])h^[0xee][0xcb][0xdb][0xa2][0x1c][0xeb][0x9d][0xe8][0xd9][0x12][0x8f]\yG%[0x95][0x94][0xdc][0xa1][0xc7][0xe7][0x99]Vl[0xb8]4[0xd9][0xf1][0x3][0x8e]O[0xab]oX[0xde][0xb9][0xfb]G[0x9]^B[0xee][0x2][0x17][0xb1][0x9]y[0xde][[0xd1]*Y[0x85][0xc2]gH[0xf7][0x1a]N}[0x1b][0xe0][0x89][0xea][0x1c][0x1b][0x9f][0x15]N[0xe4][0x13][0xbd]e:[0xbc][0xa5][0x1f]L[0xfa][0xe2][0x82][0xd0][0xf8]^g[0xf6][0x98][0x1][0x1e][0x9c][0xec][0x95]q[0x80][0x0]V[0xb7]cX[0xf6]Vc[0xeb] [0xc9][0x0][0x97][0x9a][0xb3][0x95];[0xb2]7&z[0xd4][0xa5]z[0xd3]"#[0xdc][0xdf][0x1b][0xb2][0xf5][[0x9c][0x9a][0xcf][0x9d][0xef]3[0xe9][0xe4]cgm:[0xe5][0xf3][0x92]k[0x87][0x81][0xe][0x9f]}|N[0xee][0x9]V[0x9d][0x11][0x1d]Mw[0x1f]\>[0xdf].:[0xca]$tQn[0xe4][0xcf][0x92]"wV[0xc3][0xc1])[0xa0][0x5]$O[0xde][0xb][0xe5]:t[0xb3]&[0xa5][0x96][0xe1][0x8][0xc7]R-1u[0xdb]())7[0xae]h[0xb7][0xfc]K[0xf6][0x0][0xa5][0x9b]1y[0x87][0xa7][0x91]=[0xe2][0xd9][0x91]9[0x1b][0x1e][0xce][0x5][0xd3]x[0x84]K9~[0xab][0xb7][0xc4]5[0xd3][0x92][0x9]_[0xe4]6Tk[0xe7]_[0xe1]@[0x91][0xc6][0x1d][0xa1][0x2][0xd7]zY[[0x18]d8[0x9b]s[0xd4]l[0x1b][0x8e]F[0x1a][0x8d][0xdf][0xcb]x[0xc6]T[0x9c][0xf3][0xde][0xee][0xac][0xa4]8[0x7][0x17][0x9e][0xfe][0xda]3[0xf6][\r]s[0xa3][0x90]WY[0xd5]MJ[0x92][0xd8][0x83][0xa3]N[0xc8][0x1b]z[0xef][0xf3][0xaf][0xb0][0xc5][0xae][0xbf][0x83][0xaf][0xde]}|[0xd8][0xa8]RAC@[0xd1]b[0xb8][0xc5][0x8f]p[0xa5]T[0x95][0xda][0xf5][0xeb]S[0xaa][0xec][0x8c]nf[0xea][0xad]/[0xf2]G\fND[0xba][0x88][\n]"
19:20:06.199 [main] DEBUG org.apache.http.wire -- http-outgoing-0 << "[0x9a][0xcf][0xbd][0x81][0xe2][0x89][0xbc]S[0xda][0x94][0x8d][0xcd][0x1e][0xd2]b[0xc7]{iL[0xa3]YUy[0xb5][0xcc]rIk8[0xb]"[0xfe],[0xee][0xbf][0xd9]+[0xa1][0x19]:[0xf0]C[0xd2][0x14][0xa8][0xea][0xb0]A[0x17][0x9a]HJO[0xd5] [0xd9]#2[0xe9]&[0xd9]5[0x3][0xde][0xd2]U[0x14][0x87]sV[U3;[0xdb]^a[0xe6][0x90][0x7][0xa2]^&,[0xc9]t;[0x8b][0xcf][0xa6]F[0x87]?[0xdb]d[0xba][0xa9][0xfa]%j^[0xa0]s[0xb5][0x1c][0xa6][0xb6][0x9b][0xbf]J[0xf8][0xb0][0xb1]&=U[0xa6][0x9a][0xb8]4[0xae][0xf7]>[0xca][0x94][0xa0][\n]"
19:20:06.199 [main] DEBUG org.apache.http.wire -- http-outgoing-0 << "[0xd4]v[0xe3][0xb][0xd1]v[0xa5]4[0x96]0[0xe]}[0xd8]=[0x9a][0x18][0xcc][0x11]E[0xc5][0xd5][0xb1]U[0x85][0xd5]!A%[0x9a]o[0xbc][0x9]uki<9[0x1]v[0x19]e[0xcb][0xb4]Ut[0xf9]zO[0x92][0x14][0x95]-w[0xaa][0xb7][\r][0xf1]T[0xfb][0xad][0xdb]}[0xf4][0xa3]2[0x99][0xce]6[0xfc][0x94],[0xf1][0x88][0x12][0xf2]d[0xc5]t[0xcb][0xa4][\r][0xe7]J[0xc2][0xb7][0xe9]5[0xad]HE[0x85][0xbf][0xe6][0xe9][0x8]w^[0xac][0x88][0xed]F[0xea][[0xd8][1[0x18]D[0xf1]a[0xef][0x8a][0xdb][0xa5][0x12][0xff][0x7]i[0xc4][0x80][0xab][0xf9][0xce][0xb6][0xed][0xe2]v[0xa7]e[0xf][0xe4][0xb4][0xdf][0x9]q[0x18][0x1c][0x87][0xdd]l('[0xf]0h[0xd3][0x91][0x86]]%[0xfe]?h[0xaf][0xc9]X[0xa7][0xbb]Owh[0xd8][0xed]xNg[0xe4].[0xdd][0xea][0x16][0xdc]@[0xe6][0xd4]fP[0x94][0x0]V[0xa7][0xab]=`~[0xc4][[0xc3]&[0x96][0x90]c[0x8e]uD[0x9][0x11]Q%[0x9f][0x1d]u[0xe9][0x0][0xe1][0xa0]M[0xf]Bw[0x10][0xb0][0xc0][0x1a][0x95]P[0x15][0xa6][0xaa][0x1a]<[0xb0][0x1a]B[0xa4][0xe7]1[0xdc]8[0x92][0x2][0xcc][0xa5][0x5]`J[0xba]@[0x6]&hx[0x87][0xbf][0x9c][0x0]U*[0xd7]A[0xd1]6[0xff]t4[0x9][0xcb]#k[0x6][0x4][0x1c]!x?[0xfe]d[0xdb]][0x8c][0xe1]H[0xea][0xe6][0x1]5[0xdc][0xf0][0x9d]:B[0x19]e[0xcb][0xf4]L[0xc2][0xd7][[0xd5][0xec][0xd1][0x19]Dq[0xcb]G[0xb6]t[0xfa][0xdf][0xf]T[0xd0][0x15][0x13][0xe4]/:'v[0xb][0xbf]]R![0xc][0x1e]8[0xa3] [0x19]s[0xda][0x10]M4[0xab]{A5y[0xd4][0xb4]3[0xd9]c[\n]"
19:20:06.199 [main] DEBUG org.apache.http.wire -- http-outgoing-0 << "[0xc3][0x99][0x9e]i[0x93][0xe7]s[0xba][0xf5]kr[0x8e][0xc6]G<[0x15]z[0x1c][0xd3]G,[0xc2][0xd6]Sl2x[0xfe][0xb]H[0xc]V[0xe9][0x14][0xe];[0xa9]&[0x98]t[0xcd]$[0xd3]`l[0x81][0xb9][0x83]?U[0xe2][0x1f]7[0xb2]g[0xf8][0x5]f[0xb2][0xb0][0x10]#Q[0xdb][0xf4][0x80][0xc2]p\u\[0x16][0x9d][0xac][0xc6][0x10][0xce]EX[0x86]x[0x96][0x94][0x9f][0xf0][0xec][0x14][0xa8][0x94]w[0xc0][0xcb]a[0xc][0xc4][0xba][0x13]l&Ym[0xf6][0xab][0x93][0x95]S[0xd1]%[0xed][0xa6]q[0xce][0x9b][0xd8][0xc4]1[0xb9][0xee]q[0xa4]|[0x18][0xda]![0x87][0xcd][0xf8][0xd1][0xa3][0xb9][0xc]w[0xa1][0x1][0x8f][0xce][0x9d]9[0x85][0xcc][0xcb][0xa8]3[0xa6]4[0xfc][0xab][0xab][0xdd][0xa7]![0x11]gh[0xfa][0x8d]#[0xb]zCy[0x7][0xdb][0x16][0x9a]L[0xb4][0xbd][0xa1]eC[0xfb][0x1f]J[0x9e][0xc4][0xeb][0x91][0xbd].[0xa9]d[0xc0]iin[0x9f][0xfa]Z,9Q[0xc2]We[0x10][0x4][0xa9][0xec][0x5][0xa6]w[0xe1][0xcf]6[0xec][0xef]0a[0x15]_[0x90][0xb6]G[0xe7][0x9e][0x96]H~[0x13][0xc2][0xf8][0x99][0x80][0x16][0xcd][0x4][0xfc][0xed][0x1]4[0xfb][0xe1]0[0xe6][0xf]P[0x0][0xe2][0xc6]*[0xa4][0x5][0xf0][0xe6][0xa1][0x9d]4$[0x95]e[0x98][0xe2]Pq[\r]7[0x7]z[0xa7]a[0x8b][0xe5][0x1d][0xef]&[0x1b][0x16][0x92][0xce][0x10]r[0x8d]![0xb8][0xe4]V[0xf6][0xf][0x18]u[0xbf][0xc0][0x9f][0xea]qc[0x1e][0x8e][0x8e][0x86][0x1d][0x19]=[0xb7][0x8e]hs[0xcf][0xe9]4[1[\r][0xcc][0xf5][0x16][0xae]-g[0xd2][0xc7][0xd1][0x12][0xc3][0x18][0xf][0xfa][0xfb][0x4][0xa9][0x81][0xa4]w[0xde][0xa8]rm)[0x17][0xe3][0x18]r[0xca][0xdf])[0xc8][0xa8][\n]"
19:20:06.200 [main] DEBUG org.apache.http.wire -- http-outgoing-0 << "f[0xe7][0xda]n[0xef]0[0xfd]Z,[0xac][0xb2]T81[0xb5]Y[0xf3][0xe][0xd7]C[0xf0][0x96]#[0xab][0xf1][0xf7][0xff][0x3][0xef][0xec][0x91][0x14][0x3]k[0x0][0x0][\r][\n]"
19:20:06.200 [main] DEBUG org.apache.http.impl.conn.DefaultManagedHttpClientConnection -- http-outgoing-0: Close connection
19:20:06.201 [main] DEBUG org.apache.http.impl.execchain.MainClientExec -- Connection discarded
19:20:06.202 [main] DEBUG org.apache.http.impl.conn.PoolingHttpClientConnectionManager -- Connection released: [id: 0][route: {s}->https://dummyjson.com:443][total available: 0; route allocated: 0 of 5; total allocated: 0 of 10]
19:20:06.202 [main] DEBUG org.apache.http.impl.conn.PoolingHttpClientConnectionManager -- Connection manager is shutting down
19:20:06.202 [main] DEBUG org.apache.http.impl.conn.PoolingHttpClientConnectionManager -- Connection manager shut down
19:20:06.203 [main] DEBUG com.intuit.karate -- response time in milliseconds: 284
1 < 200
1 < Access-Control-Allow-Origin: *
1 < Content-Type: application/json; charset=utf-8
1 < Date: Sat, 02 Aug 2025 12:20:06 GMT
1 < Etag: W/"6b03-/HI9Pwkc+Rrx/phUAnYXP6chjwY"
1 < Server: railway-edge
1 < Strict-Transport-Security: max-age=15552000; includeSubDomains
1 < Vary: Accept-Encoding
1 < X-Content-Type-Options: nosniff
1 < X-Dns-Prefetch-Control: off
1 < X-Download-Options: noopen
1 < X-Frame-Options: SAMEORIGIN
1 < X-Powered-By: Cats on Keyboards
1 < X-Railway-Edge: railway/asia-southeast1-eqsg3a
1 < X-Railway-Request-Id: FtWwKgFhSZa1_p3TAQeqjw
1 < X-Ratelimit-Limit: 100
1 < X-Ratelimit-Remaining: 99
1 < X-Ratelimit-Reset: 1754137215
1 < X-Xss-Protection: 1; mode=block
1 < Transfer-Encoding: chunked
{"recipes":[{"id":1,"name":"Classic Margherita Pizza","ingredients":["Pizza dough","Tomato sauce","Fresh mozzarella cheese","Fresh basil leaves","Olive oil","Salt and pepper to taste"],"instructions":["Preheat the oven to 475°F (245°C).","Roll out the pizza dough and spread tomato sauce evenly.","Top with slices of fresh mozzarella and fresh basil leaves.","Drizzle with olive oil and season with salt and pepper.","Bake in the preheated oven for 12-15 minutes or until the crust is golden brown.","Slice and serve hot."],"prepTimeMinutes":20,"cookTimeMinutes":15,"servings":4,"difficulty":"Easy","cuisine":"Italian","caloriesPerServing":300,"tags":["Pizza","Italian"],"userId":166,"image":"https://cdn.dummyjson.com/recipe-images/1.webp","rating":4.6,"reviewCount":98,"mealType":["Dinner"]},{"id":2,"name":"Vegetarian Stir-Fry","ingredients":["Tofu, cubed","Broccoli florets","Carrots, sliced","Bell peppers, sliced","Soy sauce","Ginger, minced","Garlic, minced","Sesame oil","Cooked rice for serving"],"instructions":["In a wok, heat sesame oil over medium-high heat.","Add minced ginger and garlic, sauté until fragrant.","Add cubed tofu and stir-fry until golden brown.","Add broccoli, carrots, and bell peppers. Cook until vegetables are tender-crisp.","Pour soy sauce over the stir-fry and toss to combine.","Serve over cooked rice."],"prepTimeMinutes":15,"cookTimeMinutes":20,"servings":3,"difficulty":"Medium","cuisine":"Asian","caloriesPerServing":250,"tags":["Vegetarian","Stir-fry","Asian"],"userId":143,"image":"https://cdn.dummyjson.com/recipe-images/2.webp","rating":4.7,"reviewCount":26,"mealType":["Lunch"]},{"id":3,"name":"Chocolate Chip Cookies","ingredients":["All-purpose flour","Butter, softened","Brown sugar","White sugar","Eggs","Vanilla extract","Baking soda","Salt","Chocolate chips"],"instructions":["Preheat the oven to 350°F (175°C).","In a bowl, cream together softened butter, brown sugar, and white sugar.","Beat in eggs one at a time, then stir in vanilla extract.","Combine flour, baking soda, and salt. Gradually add to the wet ingredients.","Fold in chocolate chips.","Drop rounded tablespoons of dough onto ungreased baking sheets.","Bake for 10-12 minutes or until edges are golden brown.","Allow cookies to cool on the baking sheet for a few minutes before transferring to a wire rack."],"prepTimeMinutes":15,"cookTimeMinutes":10,"servings":24,"difficulty":"Easy","cuisine":"American","caloriesPerServing":150,"tags":["Cookies","Dessert","Baking"],"userId":34,"image":"https://cdn.dummyjson.com/recipe-images/3.webp","rating":4.9,"reviewCount":13,"mealType":["Snack","Dessert"]},{"id":4,"name":"Chicken Alfredo Pasta","ingredients":["Fettuccine pasta","Chicken breast, sliced","Heavy cream","Parmesan cheese, grated","Garlic, minced","Butter","Salt and pepper to taste","Fresh parsley for garnish"],"instructions":["Cook fettuccine pasta according to package instructions.","In a pan, sauté sliced chicken in butter until fully cooked.","Add minced garlic and cook until fragrant.","Pour in heavy cream and grated Parmesan cheese. Stir until the cheese is melted.","Season with salt and pepper to taste.","Combine the Alfredo sauce with cooked pasta.","Garnish with fresh parsley before serving."],"prepTimeMinutes":15,"cookTimeMinutes":20,"servings":4,"difficulty":"Medium","cuisine":"Italian","caloriesPerServing":500,"tags":["Pasta","Chicken"],"userId":136,"image":"https://cdn.dummyjson.com/recipe-images/4.webp","rating":4.9,"reviewCount":82,"mealType":["Lunch","Dinner"]},{"id":5,"name":"Mango Salsa Chicken","ingredients":["Chicken thighs","Mango, diced","Red onion, finely chopped","Cilantro, chopped","Lime juice","Jalapeño, minced","Salt and pepper to taste","Cooked rice for serving"],"instructions":["Season chicken thighs with salt and pepper.","Grill or bake chicken until fully cooked.","In a bowl, combine diced mango, chopped red onion, cilantro, minced jalapeño, and lime juice.","Dice the cooked chicken and mix it with the mango salsa.","Serve over cooked rice."],"prepTimeMinutes":15,"cookTimeMinutes":25,"servings":3,"difficulty":"Easy","cuisine":"Mexican","caloriesPerServing":380,"tags":["Chicken","Salsa"],"userId":26,"image":"https://cdn.dummyjson.com/recipe-images/5.webp","rating":4.9,"reviewCount":63,"mealType":["Dinner"]},{"id":6,"name":"Quinoa Salad with Avocado","ingredients":["Quinoa, cooked","Avocado, diced","Cherry tomatoes, halved","Cucumber, diced","Red bell pepper, diced","Feta cheese, crumbled","Lemon vinaigrette dressing","Salt and pepper to taste"],"instructions":["In a large bowl, combine cooked quinoa, diced avocado, halved cherry tomatoes, diced cucumber, diced red bell pepper, and crumbled feta cheese.","Drizzle with lemon vinaigrette dressing and toss to combine.","Season with salt and pepper to taste.","Chill in the refrigerator before serving."],"prepTimeMinutes":20,"cookTimeMinutes":15,"servings":4,"difficulty":"Easy","cuisine":"Mediterranean","caloriesPerServing":280,"tags":["Salad","Quinoa"],"userId":197,"image":"https://cdn.dummyjson.com/recipe-images/6.webp","rating":4.4,"reviewCount":59,"mealType":["Lunch","Side Dish"]},{"id":7,"name":"Tomato Basil Bruschetta","ingredients":["Baguette, sliced","Tomatoes, diced","Fresh basil, chopped","Garlic cloves, minced","Balsamic glaze","Olive oil","Salt and pepper to taste"],"instructions":["Preheat the oven to 375°F (190°C).","Place baguette slices on a baking sheet and toast in the oven until golden brown.","In a bowl, combine diced tomatoes, chopped fresh basil, minced garlic, and a drizzle of olive oil.","Season with salt and pepper to taste.","Top each toasted baguette slice with the tomato-basil mixture.","Drizzle with balsamic glaze before serving."],"prepTimeMinutes":15,"cookTimeMinutes":10,"servings":6,"difficulty":"Easy","cuisine":"Italian","caloriesPerServing":120,"tags":["Bruschetta","Italian"],"userId":137,"image":"https://cdn.dummyjson.com/recipe-images/7.webp","rating":4.7,"reviewCount":95,"mealType":["Appetizer"]},{"id":8,"name":"Beef and Broccoli Stir-Fry","ingredients":["Beef sirloin, thinly sliced","Broccoli florets","Soy sauce","Oyster sauce","Sesame oil","Garlic, minced","Ginger, minced","Cornstarch","Cooked white rice for serving"],"instructions":["In a bowl, mix soy sauce, oyster sauce, sesame oil, and cornstarch to create the sauce.","In a wok, stir-fry thinly sliced beef until browned. Remove from the wok.","Stir-fry broccoli florets, minced garlic, and minced ginger in the same wok.","Add the cooked beef back to the wok and pour the sauce over the mixture.","Stir until everything is coated and heated through.","Serve over cooked white rice."],"prepTimeMinutes":20,"cookTimeMinutes":15,"servings":4,"difficulty":"Medium","cuisine":"Asian","caloriesPerServing":380,"tags":["Beef","Stir-fry","Asian"],"userId":18,"image":"https://cdn.dummyjson.com/recipe-images/8.webp","rating":4.7,"reviewCount":58,"mealType":["Dinner"]},{"id":9,"name":"Caprese Salad","ingredients":["Tomatoes, sliced","Fresh mozzarella cheese, sliced","Fresh basil leaves","Balsamic glaze","Extra virgin olive oil","Salt and pepper to taste"],"instructions":["Arrange alternating slices of tomatoes and fresh mozzarella on a serving platter.","Tuck fresh basil leaves between the slices.","Drizzle with balsamic glaze and extra virgin olive oil.","Season with salt and pepper to taste.","Serve immediately as a refreshing salad."],"prepTimeMinutes":10,"cookTimeMinutes":0,"servings":2,"difficulty":"Easy","cuisine":"Italian","caloriesPerServing":200,"tags":["Salad","Caprese"],"userId":128,"image":"https://cdn.dummyjson.com/recipe-images/9.webp","rating":4.6,"reviewCount":82,"mealType":["Lunch"]},{"id":10,"name":"Shrimp Scampi Pasta","ingredients":["Linguine pasta","Shrimp, peeled and deveined","Garlic, minced","White wine","Lemon juice","Red pepper flakes","Fresh parsley, chopped","Salt and pepper to taste"],"instructions":["Cook linguine pasta according to package instructions.","In a skillet, sauté minced garlic in olive oil until fragrant.","Add shrimp and cook until pink and opaque.","Pour in white wine and lemon juice. Simmer until the sauce slightly thickens.","Season with red pepper flakes, salt, and pepper.","Toss cooked linguine in the shrimp scampi sauce.","Garnish with chopped fresh parsley before serving."],"prepTimeMinutes":15,"cookTimeMinutes":20,"servings":3,"difficulty":"Medium","cuisine":"Italian","caloriesPerServing":400,"tags":["Pasta","Shrimp"],"userId":114,"image":"https://cdn.dummyjson.com/recipe-images/10.webp","rating":4.3,"reviewCount":5,"mealType":["Dinner"]},{"id":11,"name":"Chicken Biryani","ingredients":["Basmati rice","Chicken, cut into pieces","Onions, thinly sliced","Tomatoes, chopped","Yogurt","Ginger-garlic paste","Biryani masala","Green chilies, sliced","Fresh coriander leaves","Mint leaves","Ghee","Salt to taste"],"instructions":["Marinate chicken with yogurt, ginger-garlic paste, biryani masala, and salt.","In a pot, sauté sliced onions until golden brown. Remove half for later use.","Layer marinated chicken, chopped tomatoes, half of the fried onions, and rice in the pot.","Top with ghee, green chilies, fresh coriander leaves, mint leaves, and the remaining fried onions.","Cover and cook on low heat until the rice is fully cooked and aromatic.","Serve hot, garnished with additional coriander and mint leaves."],"prepTimeMinutes":30,"cookTimeMinutes":45,"servings":6,"difficulty":"Medium","cuisine":"Pakistani","caloriesPerServing":550,"tags":["Biryani","Chicken","Main course","Indian","Pakistani","Asian"],"userId":133,"image":"https://cdn.dummyjson.com/recipe-images/11.webp","rating":5,"reviewCount":32,"mealType":["Lunch","Dinner"]},{"id":12,"name":"Chicken Karahi","ingredients":["Chicken, cut into pieces","Tomatoes, chopped","Green chilies, sliced","Ginger, julienned","Garlic, minced","Coriander powder","Cumin powder","Red chili powder","Garam masala","Cooking oil","Fresh coriander leaves","Salt to taste"],"instructions":["In a wok (karahi), heat cooking oil and sauté minced garlic until golden brown.","Add chicken pieces and cook until browned on all sides.","Add chopped tomatoes, green chilies, ginger, and spices. Cook until tomatoes are soft.","Cover and simmer until the chicken is tender and the oil separates from the masala.","Garnish with fresh coriander leaves and serve hot with naan or rice."],"prepTimeMinutes":20,"cookTimeMinutes":30,"servings":4,"difficulty":"Easy","cuisine":"Pakistani","caloriesPerServing":420,"tags":["Chicken","Karahi","Main course","Indian","Pakistani","Asian"],"userId":49,"image":"https://cdn.dummyjson.com/recipe-images/12.webp","rating":4.8,"reviewCount":68,"mealType":["Lunch","Dinner"]},{"id":13,"name":"Aloo Keema","ingredients":["Ground beef","Potatoes, peeled and diced","Onions, finely chopped","Tomatoes, chopped","Ginger-garlic paste","Cumin powder","Coriander powder","Turmeric powder","Red chili powder","Cooking oil","Fresh coriander leaves","Salt to taste"],"instructions":["In a pan, heat cooking oil and sauté chopped onions until golden brown.","Add ginger-garlic paste and sauté until fragrant.","Add ground beef and cook until browned. Drain excess oil if needed.","Add diced potatoes, chopped tomatoes, and spices. Mix well.","Cover and simmer until the potatoes are tender and the masala is well-cooked.","Garnish with fresh coriander leaves and serve hot with naan or rice."],"prepTimeMinutes":25,"cookTimeMinutes":35,"servings":5,"difficulty":"Medium","cuisine":"Pakistani","caloriesPerServing":380,"tags":["Keema","Potatoes","Main course","Pakistani","Asian"],"userId":152,"image":"https://cdn.dummyjson.com/recipe-images/13.webp","rating":4.6,"reviewCount":53,"mealType":["Lunch","Dinner"]},{"id":14,"name":"Chapli Kebabs","ingredients":["Ground beef","Onions, finely chopped","Tomatoes, finely chopped","Green chilies, chopped","Coriander leaves, chopped","Pomegranate seeds","Ginger-garlic paste","Cumin powder","Coriander powder","Red chili powder","Egg","Cooking oil","Salt to taste"],"instructions":["In a large bowl, mix ground beef, chopped onions, tomatoes, green chilies, coriander leaves, and pomegranate seeds.","Add ginger-garlic paste, cumin powder, coriander powder, red chili powder, and salt. Mix well.","Add an egg to bind the mixture and form into round flat kebabs.","Heat cooking oil in a pan and shallow fry the kebabs until browned on both sides.","Serve hot with naan or mint chutney."],"prepTimeMinutes":30,"cookTimeMinutes":20,"servings":4,"difficulty":"Medium","cuisine":"Pakistani","caloriesPerServing":320,"tags":["Kebabs","Beef","Indian","Pakistani","Asian"],"userId":152,"image":"https://cdn.dummyjson.com/recipe-images/14.webp","rating":4.7,"reviewCount":98,"mealType":["Lunch","Dinner","Snacks"]},{"id":15,"name":"Saag (Spinach) with Makki di Roti","ingredients":["Mustard greens, washed and chopped","Spinach, washed and chopped","Cornmeal (makki ka atta)","Onions, finely chopped","Green chilies, chopped","Ginger, grated","Ghee","Salt to taste"],"instructions":["Boil mustard greens and spinach until tender. Drain and blend into a coarse paste.","In a pan, sauté chopped onions, green chilies, and grated ginger in ghee until golden brown.","Add the greens paste and cook until it thickens.","Meanwhile, knead cornmeal with water to make a dough. Roll into rotis (flatbreads).","Cook the rotis on a griddle until golden brown.","Serve hot saag with makki di roti and a dollop of ghee."],"prepTimeMinutes":40,"cookTimeMinutes":30,"servings":3,"difficulty":"Medium","cuisine":"Pakistani","caloriesPerServing":280,"tags":["Saag","Roti","Main course","Indian","Pakistani","Asian"],"userId":43,"image":"https://cdn.dummyjson.com/recipe-images/15.webp","rating":4.3,"reviewCount":86,"mealType":["Breakfast","Lunch","Dinner"]},{"id":16,"name":"Japanese Ramen Soup","ingredients":["Ramen noodles","Chicken broth","Soy sauce","Mirin","Sesame oil","Shiitake mushrooms, sliced","Bok choy, chopped","Green onions, sliced","Soft-boiled eggs","Grilled chicken slices","Norwegian seaweed (nori)"],"instructions":["Cook ramen noodles according to package instructions and set aside.","In a pot, combine chicken broth, soy sauce, mirin, and sesame oil. Bring to a simmer.","Add sliced shiitake mushrooms and chopped bok choy. Cook until vegetables are tender.","Divide the cooked noodles into serving bowls and ladle the hot broth over them.","Top with green onions, soft-boiled eggs, grilled chicken slices, and nori.","Serve hot and enjoy the authentic Japanese ramen!"],"prepTimeMinutes":20,"cookTimeMinutes":25,"servings":2,"difficulty":"Medium","cuisine":"Japanese","caloriesPerServing":480,"tags":["Ramen","Japanese","Soup","Asian"],"userId":85,"image":"https://cdn.dummyjson.com/recipe-images/16.webp","rating":4.9,"reviewCount":38,"mealType":["Dinner"]},{"id":17,"name":"Moroccan Chickpea Tagine","ingredients":["Chickpeas, cooked","Tomatoes, chopped","Carrots, diced","Onions, finely chopped","Garlic, minced","Cumin","Coriander","Cinnamon","Paprika","Vegetable broth","Olives","Fresh cilantro, chopped"],"instructions":["In a tagine or large pot, sauté chopped onions and minced garlic until softened.","Add diced carrots, chopped tomatoes, and cooked chickpeas.","Season with cumin, coriander, cinnamon, and paprika. Stir to coat.","Pour in vegetable broth and bring to a simmer. Cook until carrots are tender.","Stir in olives and garnish with fresh cilantro before serving.","Serve this flavorful Moroccan dish with couscous or crusty bread."],"prepTimeMinutes":15,"cookTimeMinutes":30,"servings":4,"difficulty":"Easy","cuisine":"Moroccan","caloriesPerServing":320,"tags":["Tagine","Chickpea","Moroccan"],"userId":207,"image":"https://cdn.dummyjson.com/recipe-images/17.webp","rating":4.5,"reviewCount":50,"mealType":["Dinner"]},{"id":18,"name":"Korean Bibimbap","ingredients":["Cooked white rice","Beef bulgogi (marinated and grilled beef slices)","Carrots, julienned and sautéed","Spinach, blanched and seasoned","Zucchini, sliced and grilled","Bean sprouts, blanched","Fried egg","Gochujang (Korean red pepper paste)","Sesame oil","Toasted sesame seeds"],"instructions":["Arrange cooked white rice in a bowl.","Top with beef bulgogi, sautéed carrots, seasoned spinach, grilled zucchini, and blanched bean sprouts.","Place a fried egg on top and drizzle with gochujang and sesame oil.","Sprinkle with toasted sesame seeds before serving.","Mix everything together before enjoying this delicious Korean bibimbap!","Feel free to customize with additional vegetables or protein."],"prepTimeMinutes":30,"cookTimeMinutes":20,"servings":2,"difficulty":"Medium","cuisine":"Korean","caloriesPerServing":550,"tags":["Bibimbap","Korean","Rice"],"userId":121,"image":"https://cdn.dummyjson.com/recipe-images/18.webp","rating":4.9,"reviewCount":56,"mealType":["Dinner"]},{"id":19,"name":"Greek Moussaka","ingredients":["Eggplants, sliced","Ground lamb or beef","Onions, finely chopped","Garlic, minced","Tomatoes, crushed","Red wine","Cinnamon","Allspice","Nutmeg","Olive oil","Milk","Flour","Parmesan cheese","Egg yolks"],"instructions":["Preheat oven to 375°F (190°C).","Sauté sliced eggplants in olive oil until browned. Set aside.","In the same pan, cook chopped onions and minced garlic until softened.","Add ground lamb or beef and brown. Stir in crushed tomatoes, red wine, and spices.","In a separate saucepan, make béchamel sauce: melt butter, whisk in flour, add milk, and cook until thickened.","Remove from heat and stir in Parmesan cheese and egg yolks.","In a baking dish, layer eggplants and meat mixture. Top with béchamel sauce.","Bake for 40-45 minutes until golden brown. Let it cool before slicing.","Serve slices of moussaka warm and enjoy this Greek classic!"],"prepTimeMinutes":45,"cookTimeMinutes":45,"servings":6,"difficulty":"Medium","cuisine":"Greek","caloriesPerServing":420,"tags":["Moussaka","Greek"],"userId":173,"image":"https://cdn.dummyjson.com/recipe-images/19.webp","rating":4.3,"reviewCount":26,"mealType":["Dinner"]},{"id":20,"name":"Butter Chicken (Murgh Makhani)","ingredients":["Chicken thighs, boneless and skinless","Yogurt","Ginger-garlic paste","Garam masala","Kashmiri red chili powder","Tomato puree","Butter","Heavy cream","Kasuri methi (dried fenugreek leaves)","Sugar","Salt to taste"],"instructions":["Marinate chicken thighs in a mixture of yogurt, ginger-garlic paste, garam masala, and Kashmiri red chili powder.","In a pan, melt butter and sauté the marinated chicken until browned.","Add tomato puree and cook until the oil separates. Stir in heavy cream.","Sprinkle kasuri methi, sugar, and salt. Simmer until the chicken is fully cooked.","Serve this creamy butter chicken over rice or with naan for an authentic Pakistani/Indian experience."],"prepTimeMinutes":30,"cookTimeMinutes":25,"servings":4,"difficulty":"Medium","cuisine":"Pakistani","caloriesPerServing":480,"tags":["Butter chicken","Curry","Indian","Pakistani","Asian"],"userId":138,"image":"https://cdn.dummyjson.com/recipe-images/20.webp","rating":4.5,"reviewCount":44,"mealType":["Dinner"]},{"id":21,"name":"Thai Green Curry","ingredients":["Chicken thighs, boneless and skinless","Green curry paste","Coconut milk","Fish sauce","Sugar","Eggplant, sliced","Bell peppers, sliced","Basil leaves","Jasmine rice for serving"],"instructions":["In a pot, simmer green curry paste in coconut milk.","Add chicken, fish sauce, and sugar. Cook until chicken is tender.","Stir in sliced eggplant and bell peppers. Simmer until vegetables are cooked.","Garnish with fresh basil leaves.","Serve hot over jasmine rice and enjoy this Thai classic!"],"prepTimeMinutes":20,"cookTimeMinutes":30,"servings":4,"difficulty":"Medium","cuisine":"Thai","caloriesPerServing":480,"tags":["Curry","Thai"],"userId":153,"image":"https://cdn.dummyjson.com/recipe-images/21.webp","rating":4.2,"reviewCount":18,"mealType":["Dinner"]},{"id":22,"name":"Mango Lassi","ingredients":["Ripe mango, peeled and diced","Yogurt","Milk","Honey","Cardamom powder","Ice cubes"],"instructions":["In a blender, combine diced mango, yogurt, milk, honey, and cardamom powder.","Blend until smooth and creamy.","Add ice cubes and blend again until the lassi is chilled.","Pour into glasses and garnish with a sprinkle of cardamom.","Enjoy this refreshing Mango Lassi!"],"prepTimeMinutes":10,"cookTimeMinutes":0,"servings":2,"difficulty":"Easy","cuisine":"Indian","caloriesPerServing":180,"tags":["Lassi","Mango","Indian","Pakistani","Asian"],"userId":76,"image":"https://cdn.dummyjson.com/recipe-images/22.webp","rating":4.7,"reviewCount":15,"mealType":["Beverage"]},{"id":23,"name":"Italian Tiramisu","ingredients":["Espresso, brewed and cooled","Ladyfinger cookies","Mascarpone cheese","Heavy cream","Sugar","Cocoa powder"],"instructions":["In a bowl, whip heavy cream until stiff peaks form.","In another bowl, mix mascarpone cheese and sugar until smooth.","Gently fold the whipped cream into the mascarpone mixture.","Dip ladyfinger cookies into brewed espresso and layer them in a serving dish.","Spread a layer of the mascarpone mixture over the cookies.","Repeat layers and finish with a dusting of cocoa powder.","Chill in the refrigerator for a few hours before serving.","Indulge in the decadence of this classic Italian Tiramisu!"],"prepTimeMinutes":30,"cookTimeMinutes":0,"servings":6,"difficulty":"Medium","cuisine":"Italian","caloriesPerServing":350,"tags":["Tiramisu","Italian"],"userId":130,"image":"https://cdn.dummyjson.com/recipe-images/23.webp","rating":4.6,"reviewCount":0,"mealType":["Dessert"]},{"id":24,"name":"Turkish Kebabs","ingredients":["Ground lamb or beef","Onions, grated","Garlic, minced","Parsley, finely chopped","Cumin","Coriander","Red pepper flakes","Salt and pepper to taste","Flatbread for serving","Tahini sauce"],"instructions":["In a bowl, mix ground meat, grated onions, minced garlic, chopped parsley, and spices.","Form the mixture into kebab shapes and grill until fully cooked.","Serve the kebabs on flatbread with a drizzle of tahini sauce.","Enjoy these flavorful Turkish Kebabs with your favorite sides."],"prepTimeMinutes":25,"cookTimeMinutes":15,"servings":4,"difficulty":"Easy","cuisine":"Turkish","caloriesPerServing":280,"tags":["Kebabs","Turkish","Grilling"],"userId":26,"image":"https://cdn.dummyjson.com/recipe-images/24.webp","rating":4.6,"reviewCount":78,"mealType":["Dinner"]},{"id":25,"name":"Blueberry Banana Smoothie","ingredients":["Blueberries, fresh or frozen","Banana, peeled and sliced","Greek yogurt","Almond milk","Honey","Chia seeds (optional)"],"instructions":["In a blender, combine blueberries, banana, Greek yogurt, almond milk, and honey.","Blend until smooth and creamy.","Add chia seeds for extra nutrition and blend briefly.","Pour into a glass and enjoy this nutritious Blueberry Banana Smoothie!"],"prepTimeMinutes":10,"cookTimeMinutes":0,"servings":1,"difficulty":"Easy","cuisine":"Smoothie","caloriesPerServing":220,"tags":["Smoothie","Blueberry","Banana"],"userId":16,"image":"https://cdn.dummyjson.com/recipe-images/25.webp","rating":4.8,"reviewCount":30,"mealType":["Breakfast","Beverage"]},{"id":26,"name":"Mexican Street Corn (Elote)","ingredients":["Corn on the cob","Mayonnaise","Cotija cheese, crumbled","Chili powder","Lime wedges"],"instructions":["Grill or roast corn on the cob until kernels are charred.","Brush each cob with mayonnaise, then sprinkle with crumbled Cotija cheese and chili powder.","Serve with lime wedges for squeezing over the top.","Enjoy this delicious and flavorful Mexican Street Corn!"],"prepTimeMinutes":15,"cookTimeMinutes":15,"servings":4,"difficulty":"Easy","cuisine":"Mexican","caloriesPerServing":180,"tags":["Elote","Mexican","Street food"],"userId":93,"image":"https://cdn.dummyjson.com/recipe-images/26.webp","rating":4.6,"reviewCount":2,"mealType":["Snack","Side Dish"]},{"id":27,"name":"Russian Borscht","ingredients":["Beets, peeled and shredded","Cabbage, shredded","Potatoes, diced","Onions, finely chopped","Carrots, grated","Tomato paste","Beef or vegetable broth","Garlic, minced","Bay leaves","Sour cream for serving"],"instructions":["In a pot, sauté chopped onions and garlic until softened.","Add shredded beets, cabbage, diced potatoes, grated carrots, and tomato paste.","Pour in broth and add bay leaves. Simmer until vegetables are tender.","Serve hot with a dollop of sour cream on top.","Enjoy the hearty and comforting flavors of Russian Borscht!"],"prepTimeMinutes":30,"cookTimeMinutes":40,"servings":6,"difficulty":"Medium","cuisine":"Russian","caloriesPerServing":220,"tags":["Borscht","Russian","Soup"],"userId":1,"image":"https://cdn.dummyjson.com/recipe-images/27.webp","rating":4.3,"reviewCount":39,"mealType":["Dinner"]},{"id":28,"name":"South Indian Masala Dosa","ingredients":["Dosa batter (fermented rice and urad dal batter)","Potatoes, boiled and mashed","Onions, finely chopped","Mustard seeds","Cumin seeds","Curry leaves","Turmeric powder","Green chilies, chopped","Ghee","Coconut chutney for serving"],"instructions":["In a pan, heat ghee and add mustard seeds, cumin seeds, and curry leaves.","Add chopped onions, green chilies, and turmeric powder. Sauté until onions are golden brown.","Mix in boiled and mashed potatoes. Cook until well combined and seasoned.","Spread dosa batter on a hot griddle to make thin pancakes.","Place a spoonful of the potato mixture in the center, fold, and serve hot.","Pair with coconut chutney for a delicious South Indian meal."],"prepTimeMinutes":40,"cookTimeMinutes":20,"servings":4,"difficulty":"Medium","cuisine":"Indian","caloriesPerServing":320,"tags":["Dosa","Indian","Asian"],"userId":138,"image":"https://cdn.dummyjson.com/recipe-images/28.webp","rating":4.4,"reviewCount":96,"mealType":["Breakfast"]},{"id":29,"name":"Lebanese Falafel Wrap","ingredients":["Falafel balls","Whole wheat or regular wraps","Tomatoes, diced","Cucumbers, sliced","Red onions, thinly sliced","Lettuce, shredded","Tahini sauce","Fresh parsley, chopped"],"instructions":["Warm falafel balls according to package instructions.","Place a generous serving of falafel in the center of each wrap.","Top with diced tomatoes, sliced cucumbers, red onions, shredded lettuce, and fresh parsley.","Drizzle with tahini sauce and wrap tightly.","Enjoy this Lebanese Falafel Wrap filled with fresh and flavorful ingredients!"],"prepTimeMinutes":15,"cookTimeMinutes":10,"servings":2,"difficulty":"Easy","cuisine":"Lebanese","caloriesPerServing":400,"tags":["Falafel","Lebanese","Wrap"],"userId":110,"image":"https://cdn.dummyjson.com/recipe-images/29.webp","rating":4.7,"reviewCount":84,"mealType":["Lunch"]},{"id":30,"name":"Brazilian Caipirinha","ingredients":["Cachaça (Brazilian sugarcane spirit)","Lime, cut into wedges","Granulated sugar","Ice cubes"],"instructions":["In a glass, muddle lime wedges with granulated sugar to release the juice.","Fill the glass with ice cubes.","Pour cachaça over the ice and stir well.","Sip and enjoy the refreshing taste of the Brazilian Caipirinha!","Adjust sugar and lime to suit your taste preferences."],"prepTimeMinutes":5,"cookTimeMinutes":0,"servings":1,"difficulty":"Easy","cuisine":"Brazilian","caloriesPerServing":150,"tags":["Caipirinha","Brazilian","Cocktail"],"userId":134,"image":"https://cdn.dummyjson.com/recipe-images/30.webp","rating":4.4,"reviewCount":55,"mealType":["Beverage"]}],"total":50,"skip":0,"limit":30}

19:20:06.262 [main] DEBUG com.jayway.jsonpath.internal.path.CompiledPath -- Evaluating path: $['recipes']
19:20:06.268 [main] DEBUG com.jayway.jsonpath.internal.path.CompiledPath -- Evaluating path: $['total']
19:20:06.278 [main] DEBUG com.jayway.jsonpath.internal.path.CompiledPath -- Evaluating path: $['recipes'][0]['id']
19:20:06.311 [main] INFO com.intuit.karate -- [print] {
  "recipes": [
    {
      "id": 1,
      "name": "Classic Margherita Pizza",
      "ingredients": [
        "Pizza dough",
        "Tomato sauce",
        "Fresh mozzarella cheese",
        "Fresh basil leaves",
        "Olive oil",
        "Salt and pepper to taste"
      ],
      "instructions": [
        "Preheat the oven to 475°F (245°C).",
        "Roll out the pizza dough and spread tomato sauce evenly.",
        "Top with slices of fresh mozzarella and fresh basil leaves.",
        "Drizzle with olive oil and season with salt and pepper.",
        "Bake in the preheated oven for 12-15 minutes or until the crust is golden brown.",
        "Slice and serve hot."
      ],
      "prepTimeMinutes": 20,
      "cookTimeMinutes": 15,
      "servings": 4,
      "difficulty": "Easy",
      "cuisine": "Italian",
      "caloriesPerServing": 300,
      "tags": [
        "Pizza",
        "Italian"
      ],
      "userId": 166,
      "image": "https://cdn.dummyjson.com/recipe-images/1.webp",
      "rating": 4.6,
      "reviewCount": 98,
      "mealType": [
        "Dinner"
      ]
    },
    {
      "id": 2,
      "name": "Vegetarian Stir-Fry",
      "ingredients": [
        "Tofu, cubed",
        "Broccoli florets",
        "Carrots, sliced",
        "Bell peppers, sliced",
        "Soy sauce",
        "Ginger, minced",
        "Garlic, minced",
        "Sesame oil",
        "Cooked rice for serving"
      ],
      "instructions": [
        "In a wok, heat sesame oil over medium-high heat.",
        "Add minced ginger and garlic, sauté until fragrant.",
        "Add cubed tofu and stir-fry until golden brown.",
        "Add broccoli, carrots, and bell peppers. Cook until vegetables are tender-crisp.",
        "Pour soy sauce over the stir-fry and toss to combine.",
        "Serve over cooked rice."
      ],
      "prepTimeMinutes": 15,
      "cookTimeMinutes": 20,
      "servings": 3,
      "difficulty": "Medium",
      "cuisine": "Asian",
      "caloriesPerServing": 250,
      "tags": [
        "Vegetarian",
        "Stir-fry",
        "Asian"
      ],
      "userId": 143,
      "image": "https://cdn.dummyjson.com/recipe-images/2.webp",
      "rating": 4.7,
      "reviewCount": 26,
      "mealType": [
        "Lunch"
      ]
    },
    {
      "id": 3,
      "name": "Chocolate Chip Cookies",
      "ingredients": [
        "All-purpose flour",
        "Butter, softened",
        "Brown sugar",
        "White sugar",
        "Eggs",
        "Vanilla extract",
        "Baking soda",
        "Salt",
        "Chocolate chips"
      ],
      "instructions": [
        "Preheat the oven to 350°F (175°C).",
        "In a bowl, cream together softened butter, brown sugar, and white sugar.",
        "Beat in eggs one at a time, then stir in vanilla extract.",
        "Combine flour, baking soda, and salt. Gradually add to the wet ingredients.",
        "Fold in chocolate chips.",
        "Drop rounded tablespoons of dough onto ungreased baking sheets.",
        "Bake for 10-12 minutes or until edges are golden brown.",
        "Allow cookies to cool on the baking sheet for a few minutes before transferring to a wire rack."
      ],
      "prepTimeMinutes": 15,
      "cookTimeMinutes": 10,
      "servings": 24,
      "difficulty": "Easy",
      "cuisine": "American",
      "caloriesPerServing": 150,
      "tags": [
        "Cookies",
        "Dessert",
        "Baking"
      ],
      "userId": 34,
      "image": "https://cdn.dummyjson.com/recipe-images/3.webp",
      "rating": 4.9,
      "reviewCount": 13,
      "mealType": [
        "Snack",
        "Dessert"
      ]
    },
    {
      "id": 4,
      "name": "Chicken Alfredo Pasta",
      "ingredients": [
        "Fettuccine pasta",
        "Chicken breast, sliced",
        "Heavy cream",
        "Parmesan cheese, grated",
        "Garlic, minced",
        "Butter",
        "Salt and pepper to taste",
        "Fresh parsley for garnish"
      ],
      "instructions": [
        "Cook fettuccine pasta according to package instructions.",
        "In a pan, sauté sliced chicken in butter until fully cooked.",
        "Add minced garlic and cook until fragrant.",
        "Pour in heavy cream and grated Parmesan cheese. Stir until the cheese is melted.",
        "Season with salt and pepper to taste.",
        "Combine the Alfredo sauce with cooked pasta.",
        "Garnish with fresh parsley before serving."
      ],
      "prepTimeMinutes": 15,
      "cookTimeMinutes": 20,
      "servings": 4,
      "difficulty": "Medium",
      "cuisine": "Italian",
      "caloriesPerServing": 500,
      "tags": [
        "Pasta",
        "Chicken"
      ],
      "userId": 136,
      "image": "https://cdn.dummyjson.com/recipe-images/4.webp",
      "rating": 4.9,
      "reviewCount": 82,
      "mealType": [
        "Lunch",
        "Dinner"
      ]
    },
    {
      "id": 5,
      "name": "Mango Salsa Chicken",
      "ingredients": [
        "Chicken thighs",
        "Mango, diced",
        "Red onion, finely chopped",
        "Cilantro, chopped",
        "Lime juice",
        "Jalapeño, minced",
        "Salt and pepper to taste",
        "Cooked rice for serving"
      ],
      "instructions": [
        "Season chicken thighs with salt and pepper.",
        "Grill or bake chicken until fully cooked.",
        "In a bowl, combine diced mango, chopped red onion, cilantro, minced jalapeño, and lime juice.",
        "Dice the cooked chicken and mix it with the mango salsa.",
        "Serve over cooked rice."
      ],
      "prepTimeMinutes": 15,
      "cookTimeMinutes": 25,
      "servings": 3,
      "difficulty": "Easy",
      "cuisine": "Mexican",
      "caloriesPerServing": 380,
      "tags": [
        "Chicken",
        "Salsa"
      ],
      "userId": 26,
      "image": "https://cdn.dummyjson.com/recipe-images/5.webp",
      "rating": 4.9,
      "reviewCount": 63,
      "mealType": [
        "Dinner"
      ]
    },
    {
      "id": 6,
      "name": "Quinoa Salad with Avocado",
      "ingredients": [
        "Quinoa, cooked",
        "Avocado, diced",
        "Cherry tomatoes, halved",
        "Cucumber, diced",
        "Red bell pepper, diced",
        "Feta cheese, crumbled",
        "Lemon vinaigrette dressing",
        "Salt and pepper to taste"
      ],
      "instructions": [
        "In a large bowl, combine cooked quinoa, diced avocado, halved cherry tomatoes, diced cucumber, diced red bell pepper, and crumbled feta cheese.",
        "Drizzle with lemon vinaigrette dressing and toss to combine.",
        "Season with salt and pepper to taste.",
        "Chill in the refrigerator before serving."
      ],
      "prepTimeMinutes": 20,
      "cookTimeMinutes": 15,
      "servings": 4,
      "difficulty": "Easy",
      "cuisine": "Mediterranean",
      "caloriesPerServing": 280,
      "tags": [
        "Salad",
        "Quinoa"
      ],
      "userId": 197,
      "image": "https://cdn.dummyjson.com/recipe-images/6.webp",
      "rating": 4.4,
      "reviewCount": 59,
      "mealType": [
        "Lunch",
        "Side Dish"
      ]
    },
    {
      "id": 7,
      "name": "Tomato Basil Bruschetta",
      "ingredients": [
        "Baguette, sliced",
        "Tomatoes, diced",
        "Fresh basil, chopped",
        "Garlic cloves, minced",
        "Balsamic glaze",
        "Olive oil",
        "Salt and pepper to taste"
      ],
      "instructions": [
        "Preheat the oven to 375°F (190°C).",
        "Place baguette slices on a baking sheet and toast in the oven until golden brown.",
        "In a bowl, combine diced tomatoes, chopped fresh basil, minced garlic, and a drizzle of olive oil.",
        "Season with salt and pepper to taste.",
        "Top each toasted baguette slice with the tomato-basil mixture.",
        "Drizzle with balsamic glaze before serving."
      ],
      "prepTimeMinutes": 15,
      "cookTimeMinutes": 10,
      "servings": 6,
      "difficulty": "Easy",
      "cuisine": "Italian",
      "caloriesPerServing": 120,
      "tags": [
        "Bruschetta",
        "Italian"
      ],
      "userId": 137,
      "image": "https://cdn.dummyjson.com/recipe-images/7.webp",
      "rating": 4.7,
      "reviewCount": 95,
      "mealType": [
        "Appetizer"
      ]
    },
    {
      "id": 8,
      "name": "Beef and Broccoli Stir-Fry",
      "ingredients": [
        "Beef sirloin, thinly sliced",
        "Broccoli florets",
        "Soy sauce",
        "Oyster sauce",
        "Sesame oil",
        "Garlic, minced",
        "Ginger, minced",
        "Cornstarch",
        "Cooked white rice for serving"
      ],
      "instructions": [
        "In a bowl, mix soy sauce, oyster sauce, sesame oil, and cornstarch to create the sauce.",
        "In a wok, stir-fry thinly sliced beef until browned. Remove from the wok.",
        "Stir-fry broccoli florets, minced garlic, and minced ginger in the same wok.",
        "Add the cooked beef back to the wok and pour the sauce over the mixture.",
        "Stir until everything is coated and heated through.",
        "Serve over cooked white rice."
      ],
      "prepTimeMinutes": 20,
      "cookTimeMinutes": 15,
      "servings": 4,
      "difficulty": "Medium",
      "cuisine": "Asian",
      "caloriesPerServing": 380,
      "tags": [
        "Beef",
        "Stir-fry",
        "Asian"
      ],
      "userId": 18,
      "image": "https://cdn.dummyjson.com/recipe-images/8.webp",
      "rating": 4.7,
      "reviewCount": 58,
      "mealType": [
        "Dinner"
      ]
    },
    {
      "id": 9,
      "name": "Caprese Salad",
      "ingredients": [
        "Tomatoes, sliced",
        "Fresh mozzarella cheese, sliced",
        "Fresh basil leaves",
        "Balsamic glaze",
        "Extra virgin olive oil",
        "Salt and pepper to taste"
      ],
      "instructions": [
        "Arrange alternating slices of tomatoes and fresh mozzarella on a serving platter.",
        "Tuck fresh basil leaves between the slices.",
        "Drizzle with balsamic glaze and extra virgin olive oil.",
        "Season with salt and pepper to taste.",
        "Serve immediately as a refreshing salad."
      ],
      "prepTimeMinutes": 10,
      "cookTimeMinutes": 0,
      "servings": 2,
      "difficulty": "Easy",
      "cuisine": "Italian",
      "caloriesPerServing": 200,
      "tags": [
        "Salad",
        "Caprese"
      ],
      "userId": 128,
      "image": "https://cdn.dummyjson.com/recipe-images/9.webp",
      "rating": 4.6,
      "reviewCount": 82,
      "mealType": [
        "Lunch"
      ]
    },
    {
      "id": 10,
      "name": "Shrimp Scampi Pasta",
      "ingredients": [
        "Linguine pasta",
        "Shrimp, peeled and deveined",
        "Garlic, minced",
        "White wine",
        "Lemon juice",
        "Red pepper flakes",
        "Fresh parsley, chopped",
        "Salt and pepper to taste"
      ],
      "instructions": [
        "Cook linguine pasta according to package instructions.",
        "In a skillet, sauté minced garlic in olive oil until fragrant.",
        "Add shrimp and cook until pink and opaque.",
        "Pour in white wine and lemon juice. Simmer until the sauce slightly thickens.",
        "Season with red pepper flakes, salt, and pepper.",
        "Toss cooked linguine in the shrimp scampi sauce.",
        "Garnish with chopped fresh parsley before serving."
      ],
      "prepTimeMinutes": 15,
      "cookTimeMinutes": 20,
      "servings": 3,
      "difficulty": "Medium",
      "cuisine": "Italian",
      "caloriesPerServing": 400,
      "tags": [
        "Pasta",
        "Shrimp"
      ],
      "userId": 114,
      "image": "https://cdn.dummyjson.com/recipe-images/10.webp",
      "rating": 4.3,
      "reviewCount": 5,
      "mealType": [
        "Dinner"
      ]
    },
    {
      "id": 11,
      "name": "Chicken Biryani",
      "ingredients": [
        "Basmati rice",
        "Chicken, cut into pieces",
        "Onions, thinly sliced",
        "Tomatoes, chopped",
        "Yogurt",
        "Ginger-garlic paste",
        "Biryani masala",
        "Green chilies, sliced",
        "Fresh coriander leaves",
        "Mint leaves",
        "Ghee",
        "Salt to taste"
      ],
      "instructions": [
        "Marinate chicken with yogurt, ginger-garlic paste, biryani masala, and salt.",
        "In a pot, sauté sliced onions until golden brown. Remove half for later use.",
        "Layer marinated chicken, chopped tomatoes, half of the fried onions, and rice in the pot.",
        "Top with ghee, green chilies, fresh coriander leaves, mint leaves, and the remaining fried onions.",
        "Cover and cook on low heat until the rice is fully cooked and aromatic.",
        "Serve hot, garnished with additional coriander and mint leaves."
      ],
      "prepTimeMinutes": 30,
      "cookTimeMinutes": 45,
      "servings": 6,
      "difficulty": "Medium",
      "cuisine": "Pakistani",
      "caloriesPerServing": 550,
      "tags": [
        "Biryani",
        "Chicken",
        "Main course",
        "Indian",
        "Pakistani",
        "Asian"
      ],
      "userId": 133,
      "image": "https://cdn.dummyjson.com/recipe-images/11.webp",
      "rating": 5,
      "reviewCount": 32,
      "mealType": [
        "Lunch",
        "Dinner"
      ]
    },
    {
      "id": 12,
      "name": "Chicken Karahi",
      "ingredients": [
        "Chicken, cut into pieces",
        "Tomatoes, chopped",
        "Green chilies, sliced",
        "Ginger, julienned",
        "Garlic, minced",
        "Coriander powder",
        "Cumin powder",
        "Red chili powder",
        "Garam masala",
        "Cooking oil",
        "Fresh coriander leaves",
        "Salt to taste"
      ],
      "instructions": [
        "In a wok (karahi), heat cooking oil and sauté minced garlic until golden brown.",
        "Add chicken pieces and cook until browned on all sides.",
        "Add chopped tomatoes, green chilies, ginger, and spices. Cook until tomatoes are soft.",
        "Cover and simmer until the chicken is tender and the oil separates from the masala.",
        "Garnish with fresh coriander leaves and serve hot with naan or rice."
      ],
      "prepTimeMinutes": 20,
      "cookTimeMinutes": 30,
      "servings": 4,
      "difficulty": "Easy",
      "cuisine": "Pakistani",
      "caloriesPerServing": 420,
      "tags": [
        "Chicken",
        "Karahi",
        "Main course",
        "Indian",
        "Pakistani",
        "Asian"
      ],
      "userId": 49,
      "image": "https://cdn.dummyjson.com/recipe-images/12.webp",
      "rating": 4.8,
      "reviewCount": 68,
      "mealType": [
        "Lunch",
        "Dinner"
      ]
    },
    {
      "id": 13,
      "name": "Aloo Keema",
      "ingredients": [
        "Ground beef",
        "Potatoes, peeled and diced",
        "Onions, finely chopped",
        "Tomatoes, chopped",
        "Ginger-garlic paste",
        "Cumin powder",
        "Coriander powder",
        "Turmeric powder",
        "Red chili powder",
        "Cooking oil",
        "Fresh coriander leaves",
        "Salt to taste"
      ],
      "instructions": [
        "In a pan, heat cooking oil and sauté chopped onions until golden brown.",
        "Add ginger-garlic paste and sauté until fragrant.",
        "Add ground beef and cook until browned. Drain excess oil if needed.",
        "Add diced potatoes, chopped tomatoes, and spices. Mix well.",
        "Cover and simmer until the potatoes are tender and the masala is well-cooked.",
        "Garnish with fresh coriander leaves and serve hot with naan or rice."
      ],
      "prepTimeMinutes": 25,
      "cookTimeMinutes": 35,
      "servings": 5,
      "difficulty": "Medium",
      "cuisine": "Pakistani",
      "caloriesPerServing": 380,
      "tags": [
        "Keema",
        "Potatoes",
        "Main course",
        "Pakistani",
        "Asian"
      ],
      "userId": 152,
      "image": "https://cdn.dummyjson.com/recipe-images/13.webp",
      "rating": 4.6,
      "reviewCount": 53,
      "mealType": [
        "Lunch",
        "Dinner"
      ]
    },
    {
      "id": 14,
      "name": "Chapli Kebabs",
      "ingredients": [
        "Ground beef",
        "Onions, finely chopped",
        "Tomatoes, finely chopped",
        "Green chilies, chopped",
        "Coriander leaves, chopped",
        "Pomegranate seeds",
        "Ginger-garlic paste",
        "Cumin powder",
        "Coriander powder",
        "Red chili powder",
        "Egg",
        "Cooking oil",
        "Salt to taste"
      ],
      "instructions": [
        "In a large bowl, mix ground beef, chopped onions, tomatoes, green chilies, coriander leaves, and pomegranate seeds.",
        "Add ginger-garlic paste, cumin powder, coriander powder, red chili powder, and salt. Mix well.",
        "Add an egg to bind the mixture and form into round flat kebabs.",
        "Heat cooking oil in a pan and shallow fry the kebabs until browned on both sides.",
        "Serve hot with naan or mint chutney."
      ],
      "prepTimeMinutes": 30,
      "cookTimeMinutes": 20,
      "servings": 4,
      "difficulty": "Medium",
      "cuisine": "Pakistani",
      "caloriesPerServing": 320,
      "tags": [
        "Kebabs",
        "Beef",
        "Indian",
        "Pakistani",
        "Asian"
      ],
      "userId": 152,
      "image": "https://cdn.dummyjson.com/recipe-images/14.webp",
      "rating": 4.7,
      "reviewCount": 98,
      "mealType": [
        "Lunch",
        "Dinner",
        "Snacks"
      ]
    },
    {
      "id": 15,
      "name": "Saag (Spinach) with Makki di Roti",
      "ingredients": [
        "Mustard greens, washed and chopped",
        "Spinach, washed and chopped",
        "Cornmeal (makki ka atta)",
        "Onions, finely chopped",
        "Green chilies, chopped",
        "Ginger, grated",
        "Ghee",
        "Salt to taste"
      ],
      "instructions": [
        "Boil mustard greens and spinach until tender. Drain and blend into a coarse paste.",
        "In a pan, sauté chopped onions, green chilies, and grated ginger in ghee until golden brown.",
        "Add the greens paste and cook until it thickens.",
        "Meanwhile, knead cornmeal with water to make a dough. Roll into rotis (flatbreads).",
        "Cook the rotis on a griddle until golden brown.",
        "Serve hot saag with makki di roti and a dollop of ghee."
      ],
      "prepTimeMinutes": 40,
      "cookTimeMinutes": 30,
      "servings": 3,
      "difficulty": "Medium",
      "cuisine": "Pakistani",
      "caloriesPerServing": 280,
      "tags": [
        "Saag",
        "Roti",
        "Main course",
        "Indian",
        "Pakistani",
        "Asian"
      ],
      "userId": 43,
      "image": "https://cdn.dummyjson.com/recipe-images/15.webp",
      "rating": 4.3,
      "reviewCount": 86,
      "mealType": [
        "Breakfast",
        "Lunch",
        "Dinner"
      ]
    },
    {
      "id": 16,
      "name": "Japanese Ramen Soup",
      "ingredients": [
        "Ramen noodles",
        "Chicken broth",
        "Soy sauce",
        "Mirin",
        "Sesame oil",
        "Shiitake mushrooms, sliced",
        "Bok choy, chopped",
        "Green onions, sliced",
        "Soft-boiled eggs",
        "Grilled chicken slices",
        "Norwegian seaweed (nori)"
      ],
      "instructions": [
        "Cook ramen noodles according to package instructions and set aside.",
        "In a pot, combine chicken broth, soy sauce, mirin, and sesame oil. Bring to a simmer.",
        "Add sliced shiitake mushrooms and chopped bok choy. Cook until vegetables are tender.",
        "Divide the cooked noodles into serving bowls and ladle the hot broth over them.",
        "Top with green onions, soft-boiled eggs, grilled chicken slices, and nori.",
        "Serve hot and enjoy the authentic Japanese ramen!"
      ],
      "prepTimeMinutes": 20,
      "cookTimeMinutes": 25,
      "servings": 2,
      "difficulty": "Medium",
      "cuisine": "Japanese",
      "caloriesPerServing": 480,
      "tags": [
        "Ramen",
        "Japanese",
        "Soup",
        "Asian"
      ],
      "userId": 85,
      "image": "https://cdn.dummyjson.com/recipe-images/16.webp",
      "rating": 4.9,
      "reviewCount": 38,
      "mealType": [
        "Dinner"
      ]
    },
    {
      "id": 17,
      "name": "Moroccan Chickpea Tagine",
      "ingredients": [
        "Chickpeas, cooked",
        "Tomatoes, chopped",
        "Carrots, diced",
        "Onions, finely chopped",
        "Garlic, minced",
        "Cumin",
        "Coriander",
        "Cinnamon",
        "Paprika",
        "Vegetable broth",
        "Olives",
        "Fresh cilantro, chopped"
      ],
      "instructions": [
        "In a tagine or large pot, sauté chopped onions and minced garlic until softened.",
        "Add diced carrots, chopped tomatoes, and cooked chickpeas.",
        "Season with cumin, coriander, cinnamon, and paprika. Stir to coat.",
        "Pour in vegetable broth and bring to a simmer. Cook until carrots are tender.",
        "Stir in olives and garnish with fresh cilantro before serving.",
        "Serve this flavorful Moroccan dish with couscous or crusty bread."
      ],
      "prepTimeMinutes": 15,
      "cookTimeMinutes": 30,
      "servings": 4,
      "difficulty": "Easy",
      "cuisine": "Moroccan",
      "caloriesPerServing": 320,
      "tags": [
        "Tagine",
        "Chickpea",
        "Moroccan"
      ],
      "userId": 207,
      "image": "https://cdn.dummyjson.com/recipe-images/17.webp",
      "rating": 4.5,
      "reviewCount": 50,
      "mealType": [
        "Dinner"
      ]
    },
    {
      "id": 18,
      "name": "Korean Bibimbap",
      "ingredients": [
        "Cooked white rice",
        "Beef bulgogi (marinated and grilled beef slices)",
        "Carrots, julienned and sautéed",
        "Spinach, blanched and seasoned",
        "Zucchini, sliced and grilled",
        "Bean sprouts, blanched",
        "Fried egg",
        "Gochujang (Korean red pepper paste)",
        "Sesame oil",
        "Toasted sesame seeds"
      ],
      "instructions": [
        "Arrange cooked white rice in a bowl.",
        "Top with beef bulgogi, sautéed carrots, seasoned spinach, grilled zucchini, and blanched bean sprouts.",
        "Place a fried egg on top and drizzle with gochujang and sesame oil.",
        "Sprinkle with toasted sesame seeds before serving.",
        "Mix everything together before enjoying this delicious Korean bibimbap!",
        "Feel free to customize with additional vegetables or protein."
      ],
      "prepTimeMinutes": 30,
      "cookTimeMinutes": 20,
      "servings": 2,
      "difficulty": "Medium",
      "cuisine": "Korean",
      "caloriesPerServing": 550,
      "tags": [
        "Bibimbap",
        "Korean",
        "Rice"
      ],
      "userId": 121,
      "image": "https://cdn.dummyjson.com/recipe-images/18.webp",
      "rating": 4.9,
      "reviewCount": 56,
      "mealType": [
        "Dinner"
      ]
    },
    {
      "id": 19,
      "name": "Greek Moussaka",
      "ingredients": [
        "Eggplants, sliced",
        "Ground lamb or beef",
        "Onions, finely chopped",
        "Garlic, minced",
        "Tomatoes, crushed",
        "Red wine",
        "Cinnamon",
        "Allspice",
        "Nutmeg",
        "Olive oil",
        "Milk",
        "Flour",
        "Parmesan cheese",
        "Egg yolks"
      ],
      "instructions": [
        "Preheat oven to 375°F (190°C).",
        "Sauté sliced eggplants in olive oil until browned. Set aside.",
        "In the same pan, cook chopped onions and minced garlic until softened.",
        "Add ground lamb or beef and brown. Stir in crushed tomatoes, red wine, and spices.",
        "In a separate saucepan, make béchamel sauce: melt butter, whisk in flour, add milk, and cook until thickened.",
        "Remove from heat and stir in Parmesan cheese and egg yolks.",
        "In a baking dish, layer eggplants and meat mixture. Top with béchamel sauce.",
        "Bake for 40-45 minutes until golden brown. Let it cool before slicing.",
        "Serve slices of moussaka warm and enjoy this Greek classic!"
      ],
      "prepTimeMinutes": 45,
      "cookTimeMinutes": 45,
      "servings": 6,
      "difficulty": "Medium",
      "cuisine": "Greek",
      "caloriesPerServing": 420,
      "tags": [
        "Moussaka",
        "Greek"
      ],
      "userId": 173,
      "image": "https://cdn.dummyjson.com/recipe-images/19.webp",
      "rating": 4.3,
      "reviewCount": 26,
      "mealType": [
        "Dinner"
      ]
    },
    {
      "id": 20,
      "name": "Butter Chicken (Murgh Makhani)",
      "ingredients": [
        "Chicken thighs, boneless and skinless",
        "Yogurt",
        "Ginger-garlic paste",
        "Garam masala",
        "Kashmiri red chili powder",
        "Tomato puree",
        "Butter",
        "Heavy cream",
        "Kasuri methi (dried fenugreek leaves)",
        "Sugar",
        "Salt to taste"
      ],
      "instructions": [
        "Marinate chicken thighs in a mixture of yogurt, ginger-garlic paste, garam masala, and Kashmiri red chili powder.",
        "In a pan, melt butter and sauté the marinated chicken until browned.",
        "Add tomato puree and cook until the oil separates. Stir in heavy cream.",
        "Sprinkle kasuri methi, sugar, and salt. Simmer until the chicken is fully cooked.",
        "Serve this creamy butter chicken over rice or with naan for an authentic Pakistani/Indian experience."
      ],
      "prepTimeMinutes": 30,
      "cookTimeMinutes": 25,
      "servings": 4,
      "difficulty": "Medium",
      "cuisine": "Pakistani",
      "caloriesPerServing": 480,
      "tags": [
        "Butter chicken",
        "Curry",
        "Indian",
        "Pakistani",
        "Asian"
      ],
      "userId": 138,
      "image": "https://cdn.dummyjson.com/recipe-images/20.webp",
      "rating": 4.5,
      "reviewCount": 44,
      "mealType": [
        "Dinner"
      ]
    },
    {
      "id": 21,
      "name": "Thai Green Curry",
      "ingredients": [
        "Chicken thighs, boneless and skinless",
        "Green curry paste",
        "Coconut milk",
        "Fish sauce",
        "Sugar",
        "Eggplant, sliced",
        "Bell peppers, sliced",
        "Basil leaves",
        "Jasmine rice for serving"
      ],
      "instructions": [
        "In a pot, simmer green curry paste in coconut milk.",
        "Add chicken, fish sauce, and sugar. Cook until chicken is tender.",
        "Stir in sliced eggplant and bell peppers. Simmer until vegetables are cooked.",
        "Garnish with fresh basil leaves.",
        "Serve hot over jasmine rice and enjoy this Thai classic!"
      ],
      "prepTimeMinutes": 20,
      "cookTimeMinutes": 30,
      "servings": 4,
      "difficulty": "Medium",
      "cuisine": "Thai",
      "caloriesPerServing": 480,
      "tags": [
        "Curry",
        "Thai"
      ],
      "userId": 153,
      "image": "https://cdn.dummyjson.com/recipe-images/21.webp",
      "rating": 4.2,
      "reviewCount": 18,
      "mealType": [
        "Dinner"
      ]
    },
    {
      "id": 22,
      "name": "Mango Lassi",
      "ingredients": [
        "Ripe mango, peeled and diced",
        "Yogurt",
        "Milk",
        "Honey",
        "Cardamom powder",
        "Ice cubes"
      ],
      "instructions": [
        "In a blender, combine diced mango, yogurt, milk, honey, and cardamom powder.",
        "Blend until smooth and creamy.",
        "Add ice cubes and blend again until the lassi is chilled.",
        "Pour into glasses and garnish with a sprinkle of cardamom.",
        "Enjoy this refreshing Mango Lassi!"
      ],
      "prepTimeMinutes": 10,
      "cookTimeMinutes": 0,
      "servings": 2,
      "difficulty": "Easy",
      "cuisine": "Indian",
      "caloriesPerServing": 180,
      "tags": [
        "Lassi",
        "Mango",
        "Indian",
        "Pakistani",
        "Asian"
      ],
      "userId": 76,
      "image": "https://cdn.dummyjson.com/recipe-images/22.webp",
      "rating": 4.7,
      "reviewCount": 15,
      "mealType": [
        "Beverage"
      ]
    },
    {
      "id": 23,
      "name": "Italian Tiramisu",
      "ingredients": [
        "Espresso, brewed and cooled",
        "Ladyfinger cookies",
        "Mascarpone cheese",
        "Heavy cream",
        "Sugar",
        "Cocoa powder"
      ],
      "instructions": [
        "In a bowl, whip heavy cream until stiff peaks form.",
        "In another bowl, mix mascarpone cheese and sugar until smooth.",
        "Gently fold the whipped cream into the mascarpone mixture.",
        "Dip ladyfinger cookies into brewed espresso and layer them in a serving dish.",
        "Spread a layer of the mascarpone mixture over the cookies.",
        "Repeat layers and finish with a dusting of cocoa powder.",
        "Chill in the refrigerator for a few hours before serving.",
        "Indulge in the decadence of this classic Italian Tiramisu!"
      ],
      "prepTimeMinutes": 30,
      "cookTimeMinutes": 0,
      "servings": 6,
      "difficulty": "Medium",
      "cuisine": "Italian",
      "caloriesPerServing": 350,
      "tags": [
        "Tiramisu",
        "Italian"
      ],
      "userId": 130,
      "image": "https://cdn.dummyjson.com/recipe-images/23.webp",
      "rating": 4.6,
      "reviewCount": 0,
      "mealType": [
        "Dessert"
      ]
    },
    {
      "id": 24,
      "name": "Turkish Kebabs",
      "ingredients": [
        "Ground lamb or beef",
        "Onions, grated",
        "Garlic, minced",
        "Parsley, finely chopped",
        "Cumin",
        "Coriander",
        "Red pepper flakes",
        "Salt and pepper to taste",
        "Flatbread for serving",
        "Tahini sauce"
      ],
      "instructions": [
        "In a bowl, mix ground meat, grated onions, minced garlic, chopped parsley, and spices.",
        "Form the mixture into kebab shapes and grill until fully cooked.",
        "Serve the kebabs on flatbread with a drizzle of tahini sauce.",
        "Enjoy these flavorful Turkish Kebabs with your favorite sides."
      ],
      "prepTimeMinutes": 25,
      "cookTimeMinutes": 15,
      "servings": 4,
      "difficulty": "Easy",
      "cuisine": "Turkish",
      "caloriesPerServing": 280,
      "tags": [
        "Kebabs",
        "Turkish",
        "Grilling"
      ],
      "userId": 26,
      "image": "https://cdn.dummyjson.com/recipe-images/24.webp",
      "rating": 4.6,
      "reviewCount": 78,
      "mealType": [
        "Dinner"
      ]
    },
    {
      "id": 25,
      "name": "Blueberry Banana Smoothie",
      "ingredients": [
        "Blueberries, fresh or frozen",
        "Banana, peeled and sliced",
        "Greek yogurt",
        "Almond milk",
        "Honey",
        "Chia seeds (optional)"
      ],
      "instructions": [
        "In a blender, combine blueberries, banana, Greek yogurt, almond milk, and honey.",
        "Blend until smooth and creamy.",
        "Add chia seeds for extra nutrition and blend briefly.",
        "Pour into a glass and enjoy this nutritious Blueberry Banana Smoothie!"
      ],
      "prepTimeMinutes": 10,
      "cookTimeMinutes": 0,
      "servings": 1,
      "difficulty": "Easy",
      "cuisine": "Smoothie",
      "caloriesPerServing": 220,
      "tags": [
        "Smoothie",
        "Blueberry",
        "Banana"
      ],
      "userId": 16,
      "image": "https://cdn.dummyjson.com/recipe-images/25.webp",
      "rating": 4.8,
      "reviewCount": 30,
      "mealType": [
        "Breakfast",
        "Beverage"
      ]
    },
    {
      "id": 26,
      "name": "Mexican Street Corn (Elote)",
      "ingredients": [
        "Corn on the cob",
        "Mayonnaise",
        "Cotija cheese, crumbled",
        "Chili powder",
        "Lime wedges"
      ],
      "instructions": [
        "Grill or roast corn on the cob until kernels are charred.",
        "Brush each cob with mayonnaise, then sprinkle with crumbled Cotija cheese and chili powder.",
        "Serve with lime wedges for squeezing over the top.",
        "Enjoy this delicious and flavorful Mexican Street Corn!"
      ],
      "prepTimeMinutes": 15,
      "cookTimeMinutes": 15,
      "servings": 4,
      "difficulty": "Easy",
      "cuisine": "Mexican",
      "caloriesPerServing": 180,
      "tags": [
        "Elote",
        "Mexican",
        "Street food"
      ],
      "userId": 93,
      "image": "https://cdn.dummyjson.com/recipe-images/26.webp",
      "rating": 4.6,
      "reviewCount": 2,
      "mealType": [
        "Snack",
        "Side Dish"
      ]
    },
    {
      "id": 27,
      "name": "Russian Borscht",
      "ingredients": [
        "Beets, peeled and shredded",
        "Cabbage, shredded",
        "Potatoes, diced",
        "Onions, finely chopped",
        "Carrots, grated",
        "Tomato paste",
        "Beef or vegetable broth",
        "Garlic, minced",
        "Bay leaves",
        "Sour cream for serving"
      ],
      "instructions": [
        "In a pot, sauté chopped onions and garlic until softened.",
        "Add shredded beets, cabbage, diced potatoes, grated carrots, and tomato paste.",
        "Pour in broth and add bay leaves. Simmer until vegetables are tender.",
        "Serve hot with a dollop of sour cream on top.",
        "Enjoy the hearty and comforting flavors of Russian Borscht!"
      ],
      "prepTimeMinutes": 30,
      "cookTimeMinutes": 40,
      "servings": 6,
      "difficulty": "Medium",
      "cuisine": "Russian",
      "caloriesPerServing": 220,
      "tags": [
        "Borscht",
        "Russian",
        "Soup"
      ],
      "userId": 1,
      "image": "https://cdn.dummyjson.com/recipe-images/27.webp",
      "rating": 4.3,
      "reviewCount": 39,
      "mealType": [
        "Dinner"
      ]
    },
    {
      "id": 28,
      "name": "South Indian Masala Dosa",
      "ingredients": [
        "Dosa batter (fermented rice and urad dal batter)",
        "Potatoes, boiled and mashed",
        "Onions, finely chopped",
        "Mustard seeds",
        "Cumin seeds",
        "Curry leaves",
        "Turmeric powder",
        "Green chilies, chopped",
        "Ghee",
        "Coconut chutney for serving"
      ],
      "instructions": [
        "In a pan, heat ghee and add mustard seeds, cumin seeds, and curry leaves.",
        "Add chopped onions, green chilies, and turmeric powder. Sauté until onions are golden brown.",
        "Mix in boiled and mashed potatoes. Cook until well combined and seasoned.",
        "Spread dosa batter on a hot griddle to make thin pancakes.",
        "Place a spoonful of the potato mixture in the center, fold, and serve hot.",
        "Pair with coconut chutney for a delicious South Indian meal."
      ],
      "prepTimeMinutes": 40,
      "cookTimeMinutes": 20,
      "servings": 4,
      "difficulty": "Medium",
      "cuisine": "Indian",
      "caloriesPerServing": 320,
      "tags": [
        "Dosa",
        "Indian",
        "Asian"
      ],
      "userId": 138,
      "image": "https://cdn.dummyjson.com/recipe-images/28.webp",
      "rating": 4.4,
      "reviewCount": 96,
      "mealType": [
        "Breakfast"
      ]
    },
    {
      "id": 29,
      "name": "Lebanese Falafel Wrap",
      "ingredients": [
        "Falafel balls",
        "Whole wheat or regular wraps",
        "Tomatoes, diced",
        "Cucumbers, sliced",
        "Red onions, thinly sliced",
        "Lettuce, shredded",
        "Tahini sauce",
        "Fresh parsley, chopped"
      ],
      "instructions": [
        "Warm falafel balls according to package instructions.",
        "Place a generous serving of falafel in the center of each wrap.",
        "Top with diced tomatoes, sliced cucumbers, red onions, shredded lettuce, and fresh parsley.",
        "Drizzle with tahini sauce and wrap tightly.",
        "Enjoy this Lebanese Falafel Wrap filled with fresh and flavorful ingredients!"
      ],
      "prepTimeMinutes": 15,
      "cookTimeMinutes": 10,
      "servings": 2,
      "difficulty": "Easy",
      "cuisine": "Lebanese",
      "caloriesPerServing": 400,
      "tags": [
        "Falafel",
        "Lebanese",
        "Wrap"
      ],
      "userId": 110,
      "image": "https://cdn.dummyjson.com/recipe-images/29.webp",
      "rating": 4.7,
      "reviewCount": 84,
      "mealType": [
        "Lunch"
      ]
    },
    {
      "id": 30,
      "name": "Brazilian Caipirinha",
      "ingredients": [
        "Cachaça (Brazilian sugarcane spirit)",
        "Lime, cut into wedges",
        "Granulated sugar",
        "Ice cubes"
      ],
      "instructions": [
        "In a glass, muddle lime wedges with granulated sugar to release the juice.",
        "Fill the glass with ice cubes.",
        "Pour cachaça over the ice and stir well.",
        "Sip and enjoy the refreshing taste of the Brazilian Caipirinha!",
        "Adjust sugar and lime to suit your taste preferences."
      ],
      "prepTimeMinutes": 5,
      "cookTimeMinutes": 0,
      "servings": 1,
      "difficulty": "Easy",
      "cuisine": "Brazilian",
      "caloriesPerServing": 150,
      "tags": [
        "Caipirinha",
        "Brazilian",
        "Cocktail"
      ],
      "userId": 134,
      "image": "https://cdn.dummyjson.com/recipe-images/30.webp",
      "rating": 4.4,
      "reviewCount": 55,
      "mealType": [
        "Beverage"
      ]
    }
  ],
  "total": 50,
  "skip": 0,
  "limit": 30
}
 
]]></system-out>
  </testcase>
  <testcase name="[2:15] Get Single Recipe by ID" classname="dummyjson/Recipes" time="0.102">
    <system-out><![CDATA[19:20:06.345 [main] DEBUG org.apache.http.client.protocol.RequestAddCookies -- CookieSpec selected: karate
19:20:06.345 [main] DEBUG org.apache.http.client.protocol.RequestAuthCache -- Auth cache not set in the context
19:20:06.345 [main] DEBUG com.intuit.karate -- request:
1 > GET https://dummyjson.com/recipes/1
1 > Host: dummyjson.com
1 > Connection: Keep-Alive
1 > User-Agent: Apache-HttpClient/4.5.14 (Java/21.0.8)
1 > Accept-Encoding: gzip,deflate


19:20:06.345 [main] DEBUG org.apache.http.impl.conn.PoolingHttpClientConnectionManager -- Connection request: [route: {s}->https://dummyjson.com:443][total available: 0; route allocated: 0 of 5; total allocated: 0 of 10]
19:20:06.345 [main] DEBUG org.apache.http.impl.conn.PoolingHttpClientConnectionManager -- Connection leased: [id: 1][route: {s}->https://dummyjson.com:443][total available: 0; route allocated: 1 of 5; total allocated: 1 of 10]
19:20:06.345 [main] DEBUG org.apache.http.impl.execchain.MainClientExec -- Opening connection {s}->https://dummyjson.com:443
19:20:06.345 [main] DEBUG org.apache.http.impl.conn.DefaultHttpClientConnectionOperator -- Connecting to dummyjson.com/66.33.22.3:443
19:20:06.345 [main] DEBUG org.apache.http.conn.ssl.SSLConnectionSocketFactory -- Connecting socket to dummyjson.com/66.33.22.3:443 with timeout 30000
19:20:06.366 [main] DEBUG org.apache.http.conn.ssl.SSLConnectionSocketFactory -- Enabled protocols: [TLSv1.3, TLSv1.2]
19:20:06.366 [main] DEBUG org.apache.http.conn.ssl.SSLConnectionSocketFactory -- Enabled cipher suites:[TLS_AES_256_GCM_SHA384, TLS_AES_128_GCM_SHA256, TLS_CHACHA20_POLY1305_SHA256, TLS_ECDHE_ECDSA_WITH_AES_256_GCM_SHA384, TLS_ECDHE_ECDSA_WITH_AES_128_GCM_SHA256, TLS_ECDHE_ECDSA_WITH_CHACHA20_POLY1305_SHA256, TLS_ECDHE_RSA_WITH_AES_256_GCM_SHA384, TLS_ECDHE_RSA_WITH_CHACHA20_POLY1305_SHA256, TLS_ECDHE_RSA_WITH_AES_128_GCM_SHA256, TLS_DHE_RSA_WITH_AES_256_GCM_SHA384, TLS_DHE_RSA_WITH_CHACHA20_POLY1305_SHA256, TLS_DHE_DSS_WITH_AES_256_GCM_SHA384, TLS_DHE_RSA_WITH_AES_128_GCM_SHA256, TLS_DHE_DSS_WITH_AES_128_GCM_SHA256, TLS_ECDHE_ECDSA_WITH_AES_256_CBC_SHA384, TLS_ECDHE_RSA_WITH_AES_256_CBC_SHA384, TLS_ECDHE_ECDSA_WITH_AES_128_CBC_SHA256, TLS_ECDHE_RSA_WITH_AES_128_CBC_SHA256, TLS_DHE_RSA_WITH_AES_256_CBC_SHA256, TLS_DHE_DSS_WITH_AES_256_CBC_SHA256, TLS_DHE_RSA_WITH_AES_128_CBC_SHA256, TLS_DHE_DSS_WITH_AES_128_CBC_SHA256, TLS_ECDHE_ECDSA_WITH_AES_256_CBC_SHA, TLS_ECDHE_RSA_WITH_AES_256_CBC_SHA, TLS_ECDHE_ECDSA_WITH_AES_128_CBC_SHA, TLS_ECDHE_RSA_WITH_AES_128_CBC_SHA, TLS_DHE_RSA_WITH_AES_256_CBC_SHA, TLS_DHE_DSS_WITH_AES_256_CBC_SHA, TLS_DHE_RSA_WITH_AES_128_CBC_SHA, TLS_DHE_DSS_WITH_AES_128_CBC_SHA, TLS_RSA_WITH_AES_256_GCM_SHA384, TLS_RSA_WITH_AES_128_GCM_SHA256, TLS_RSA_WITH_AES_256_CBC_SHA256, TLS_RSA_WITH_AES_128_CBC_SHA256, TLS_RSA_WITH_AES_256_CBC_SHA, TLS_RSA_WITH_AES_128_CBC_SHA, TLS_EMPTY_RENEGOTIATION_INFO_SCSV]
19:20:06.366 [main] DEBUG org.apache.http.conn.ssl.SSLConnectionSocketFactory -- Starting handshake
19:20:06.396 [main] DEBUG org.apache.http.conn.ssl.SSLConnectionSocketFactory -- Secure session established
19:20:06.396 [main] DEBUG org.apache.http.conn.ssl.SSLConnectionSocketFactory --  negotiated protocol: TLSv1.3
19:20:06.396 [main] DEBUG org.apache.http.conn.ssl.SSLConnectionSocketFactory --  negotiated cipher suite: TLS_AES_128_GCM_SHA256
19:20:06.396 [main] DEBUG org.apache.http.conn.ssl.SSLConnectionSocketFactory --  peer principal: CN=dummyjson.com
19:20:06.396 [main] DEBUG org.apache.http.conn.ssl.SSLConnectionSocketFactory --  peer alternative names: [dummyjson.com]
19:20:06.396 [main] DEBUG org.apache.http.conn.ssl.SSLConnectionSocketFactory --  issuer principal: CN=R11, O=Let's Encrypt, C=US
19:20:06.396 [main] DEBUG org.apache.http.impl.conn.DefaultHttpClientConnectionOperator -- Connection established 192.168.1.4:55045<->66.33.22.3:443
19:20:06.396 [main] DEBUG org.apache.http.impl.conn.DefaultManagedHttpClientConnection -- http-outgoing-1: set socket timeout to 30000
19:20:06.397 [main] DEBUG org.apache.http.impl.execchain.MainClientExec -- Executing request GET /recipes/1 HTTP/1.1
19:20:06.397 [main] DEBUG org.apache.http.impl.execchain.MainClientExec -- Target auth state: UNCHALLENGED
19:20:06.397 [main] DEBUG org.apache.http.impl.execchain.MainClientExec -- Proxy auth state: UNCHALLENGED
19:20:06.397 [main] DEBUG org.apache.http.headers -- http-outgoing-1 >> GET /recipes/1 HTTP/1.1
19:20:06.397 [main] DEBUG org.apache.http.headers -- http-outgoing-1 >> Host: dummyjson.com
19:20:06.397 [main] DEBUG org.apache.http.headers -- http-outgoing-1 >> Connection: Keep-Alive
19:20:06.397 [main] DEBUG org.apache.http.headers -- http-outgoing-1 >> User-Agent: Apache-HttpClient/4.5.14 (Java/21.0.8)
19:20:06.397 [main] DEBUG org.apache.http.headers -- http-outgoing-1 >> Accept-Encoding: gzip,deflate
19:20:06.397 [main] DEBUG org.apache.http.wire -- http-outgoing-1 >> "GET /recipes/1 HTTP/1.1[\r][\n]"
19:20:06.397 [main] DEBUG org.apache.http.wire -- http-outgoing-1 >> "Host: dummyjson.com[\r][\n]"
19:20:06.397 [main] DEBUG org.apache.http.wire -- http-outgoing-1 >> "Connection: Keep-Alive[\r][\n]"
19:20:06.397 [main] DEBUG org.apache.http.wire -- http-outgoing-1 >> "User-Agent: Apache-HttpClient/4.5.14 (Java/21.0.8)[\r][\n]"
19:20:06.397 [main] DEBUG org.apache.http.wire -- http-outgoing-1 >> "Accept-Encoding: gzip,deflate[\r][\n]"
19:20:06.397 [main] DEBUG org.apache.http.wire -- http-outgoing-1 >> "[\r][\n]"
19:20:06.417 [main] DEBUG org.apache.http.wire -- http-outgoing-1 << "HTTP/1.1 200 OK[\r][\n]"
19:20:06.417 [main] DEBUG org.apache.http.wire -- http-outgoing-1 << "Access-Control-Allow-Origin: *[\r][\n]"
19:20:06.417 [main] DEBUG org.apache.http.wire -- http-outgoing-1 << "Content-Length: 783[\r][\n]"
19:20:06.417 [main] DEBUG org.apache.http.wire -- http-outgoing-1 << "Content-Type: application/json; charset=utf-8[\r][\n]"
19:20:06.417 [main] DEBUG org.apache.http.wire -- http-outgoing-1 << "Date: Sat, 02 Aug 2025 12:20:06 GMT[\r][\n]"
19:20:06.417 [main] DEBUG org.apache.http.wire -- http-outgoing-1 << "Etag: W/"30f-Vj4Moc3aDuZO/pKdggSD2U18nGc"[\r][\n]"
19:20:06.417 [main] DEBUG org.apache.http.wire -- http-outgoing-1 << "Server: railway-edge[\r][\n]"
19:20:06.417 [main] DEBUG org.apache.http.wire -- http-outgoing-1 << "Strict-Transport-Security: max-age=15552000; includeSubDomains[\r][\n]"
19:20:06.417 [main] DEBUG org.apache.http.wire -- http-outgoing-1 << "Vary: Accept-Encoding[\r][\n]"
19:20:06.417 [main] DEBUG org.apache.http.wire -- http-outgoing-1 << "X-Content-Type-Options: nosniff[\r][\n]"
19:20:06.417 [main] DEBUG org.apache.http.wire -- http-outgoing-1 << "X-Dns-Prefetch-Control: off[\r][\n]"
19:20:06.417 [main] DEBUG org.apache.http.wire -- http-outgoing-1 << "X-Download-Options: noopen[\r][\n]"
19:20:06.417 [main] DEBUG org.apache.http.wire -- http-outgoing-1 << "X-Frame-Options: SAMEORIGIN[\r][\n]"
19:20:06.417 [main] DEBUG org.apache.http.wire -- http-outgoing-1 << "X-Powered-By: Cats on Keyboards[\r][\n]"
19:20:06.417 [main] DEBUG org.apache.http.wire -- http-outgoing-1 << "X-Railway-Edge: railway/asia-southeast1-eqsg3a[\r][\n]"
19:20:06.417 [main] DEBUG org.apache.http.wire -- http-outgoing-1 << "X-Railway-Request-Id: -KHrJUMVQEKIuXqLDcO5xA[\r][\n]"
19:20:06.417 [main] DEBUG org.apache.http.wire -- http-outgoing-1 << "X-Ratelimit-Limit: 100[\r][\n]"
19:20:06.417 [main] DEBUG org.apache.http.wire -- http-outgoing-1 << "X-Ratelimit-Remaining: 99[\r][\n]"
19:20:06.417 [main] DEBUG org.apache.http.wire -- http-outgoing-1 << "X-Ratelimit-Reset: 1754137216[\r][\n]"
19:20:06.417 [main] DEBUG org.apache.http.wire -- http-outgoing-1 << "X-Xss-Protection: 1; mode=block[\r][\n]"
19:20:06.418 [main] DEBUG org.apache.http.wire -- http-outgoing-1 << "[\r][\n]"
19:20:06.418 [main] DEBUG org.apache.http.wire -- http-outgoing-1 << "{"id":1,"name":"Classic Margherita Pizza","ingredients":["Pizza dough","Tomato sauce","Fresh mozzarella cheese","Fresh basil leaves","Olive oil","Salt and pepper to taste"],"instructions":["Preheat the oven to 475[0xc2][0xb0]F (245[0xc2][0xb0]C).","Roll out the pizza dough and spread tomato sauce evenly.","Top with slices of fresh mozzarella and fresh basil leaves.","Drizzle with olive oil and season with salt and pepper.","Bake in the preheated oven for 12-15 minutes or until the crust is golden brown.","Slice and serve hot."],"pr"
19:20:06.418 [main] DEBUG org.apache.http.headers -- http-outgoing-1 << HTTP/1.1 200 OK
19:20:06.418 [main] DEBUG org.apache.http.headers -- http-outgoing-1 << Access-Control-Allow-Origin: *
19:20:06.418 [main] DEBUG org.apache.http.headers -- http-outgoing-1 << Content-Length: 783
19:20:06.418 [main] DEBUG org.apache.http.headers -- http-outgoing-1 << Content-Type: application/json; charset=utf-8
19:20:06.418 [main] DEBUG org.apache.http.headers -- http-outgoing-1 << Date: Sat, 02 Aug 2025 12:20:06 GMT
19:20:06.418 [main] DEBUG org.apache.http.headers -- http-outgoing-1 << Etag: W/"30f-Vj4Moc3aDuZO/pKdggSD2U18nGc"
19:20:06.418 [main] DEBUG org.apache.http.headers -- http-outgoing-1 << Server: railway-edge
19:20:06.418 [main] DEBUG org.apache.http.headers -- http-outgoing-1 << Strict-Transport-Security: max-age=15552000; includeSubDomains
19:20:06.418 [main] DEBUG org.apache.http.headers -- http-outgoing-1 << Vary: Accept-Encoding
19:20:06.418 [main] DEBUG org.apache.http.headers -- http-outgoing-1 << X-Content-Type-Options: nosniff
19:20:06.418 [main] DEBUG org.apache.http.headers -- http-outgoing-1 << X-Dns-Prefetch-Control: off
19:20:06.418 [main] DEBUG org.apache.http.headers -- http-outgoing-1 << X-Download-Options: noopen
19:20:06.418 [main] DEBUG org.apache.http.headers -- http-outgoing-1 << X-Frame-Options: SAMEORIGIN
19:20:06.418 [main] DEBUG org.apache.http.headers -- http-outgoing-1 << X-Powered-By: Cats on Keyboards
19:20:06.418 [main] DEBUG org.apache.http.headers -- http-outgoing-1 << X-Railway-Edge: railway/asia-southeast1-eqsg3a
19:20:06.418 [main] DEBUG org.apache.http.headers -- http-outgoing-1 << X-Railway-Request-Id: -KHrJUMVQEKIuXqLDcO5xA
19:20:06.418 [main] DEBUG org.apache.http.headers -- http-outgoing-1 << X-Ratelimit-Limit: 100
19:20:06.418 [main] DEBUG org.apache.http.headers -- http-outgoing-1 << X-Ratelimit-Remaining: 99
19:20:06.418 [main] DEBUG org.apache.http.headers -- http-outgoing-1 << X-Ratelimit-Reset: 1754137216
19:20:06.418 [main] DEBUG org.apache.http.headers -- http-outgoing-1 << X-Xss-Protection: 1; mode=block
19:20:06.418 [main] DEBUG org.apache.http.impl.execchain.MainClientExec -- Connection can be kept alive indefinitely
19:20:06.419 [main] DEBUG org.apache.http.wire -- http-outgoing-1 << "epTimeMinutes":20,"cookTimeMinutes":15,"servings":4,"difficulty":"Easy","cuisine":"Italian","caloriesPerServing":300,"tags":["Pizza","Italian"],"userId":166,"image":"https://cdn.dummyjson.com/recipe-images/1.webp","rating":4.6,"reviewCount":98,"mealType":["Dinner"]}"
19:20:06.419 [main] DEBUG org.apache.http.impl.conn.PoolingHttpClientConnectionManager -- Connection [id: 1][route: {s}->https://dummyjson.com:443] can be kept alive indefinitely
19:20:06.419 [main] DEBUG org.apache.http.impl.conn.DefaultManagedHttpClientConnection -- http-outgoing-1: set socket timeout to 0
19:20:06.419 [main] DEBUG org.apache.http.impl.conn.PoolingHttpClientConnectionManager -- Connection released: [id: 1][route: {s}->https://dummyjson.com:443][total available: 1; route allocated: 1 of 5; total allocated: 1 of 10]
19:20:06.419 [main] DEBUG org.apache.http.impl.conn.PoolingHttpClientConnectionManager -- Connection manager is shutting down
19:20:06.419 [main] DEBUG org.apache.http.impl.conn.DefaultManagedHttpClientConnection -- http-outgoing-1: Close connection
19:20:06.419 [main] DEBUG org.apache.http.impl.conn.PoolingHttpClientConnectionManager -- Connection manager shut down
19:20:06.419 [main] DEBUG com.intuit.karate -- response time in milliseconds: 74
1 < 200
1 < Access-Control-Allow-Origin: *
1 < Content-Length: 783
1 < Content-Type: application/json; charset=utf-8
1 < Date: Sat, 02 Aug 2025 12:20:06 GMT
1 < Etag: W/"30f-Vj4Moc3aDuZO/pKdggSD2U18nGc"
1 < Server: railway-edge
1 < Strict-Transport-Security: max-age=15552000; includeSubDomains
1 < Vary: Accept-Encoding
1 < X-Content-Type-Options: nosniff
1 < X-Dns-Prefetch-Control: off
1 < X-Download-Options: noopen
1 < X-Frame-Options: SAMEORIGIN
1 < X-Powered-By: Cats on Keyboards
1 < X-Railway-Edge: railway/asia-southeast1-eqsg3a
1 < X-Railway-Request-Id: -KHrJUMVQEKIuXqLDcO5xA
1 < X-Ratelimit-Limit: 100
1 < X-Ratelimit-Remaining: 99
1 < X-Ratelimit-Reset: 1754137216
1 < X-Xss-Protection: 1; mode=block
{"id":1,"name":"Classic Margherita Pizza","ingredients":["Pizza dough","Tomato sauce","Fresh mozzarella cheese","Fresh basil leaves","Olive oil","Salt and pepper to taste"],"instructions":["Preheat the oven to 475°F (245°C).","Roll out the pizza dough and spread tomato sauce evenly.","Top with slices of fresh mozzarella and fresh basil leaves.","Drizzle with olive oil and season with salt and pepper.","Bake in the preheated oven for 12-15 minutes or until the crust is golden brown.","Slice and serve hot."],"prepTimeMinutes":20,"cookTimeMinutes":15,"servings":4,"difficulty":"Easy","cuisine":"Italian","caloriesPerServing":300,"tags":["Pizza","Italian"],"userId":166,"image":"https://cdn.dummyjson.com/recipe-images/1.webp","rating":4.6,"reviewCount":98,"mealType":["Dinner"]}

19:20:06.421 [main] DEBUG com.jayway.jsonpath.internal.path.CompiledPath -- Evaluating path: $['id']
19:20:06.422 [main] DEBUG com.jayway.jsonpath.internal.path.CompiledPath -- Evaluating path: $['name']
19:20:06.423 [main] DEBUG com.jayway.jsonpath.internal.path.CompiledPath -- Evaluating path: $['ingredients']
19:20:06.423 [main] INFO com.intuit.karate -- [print] {
  "id": 1,
  "name": "Classic Margherita Pizza",
  "ingredients": [
    "Pizza dough",
    "Tomato sauce",
    "Fresh mozzarella cheese",
    "Fresh basil leaves",
    "Olive oil",
    "Salt and pepper to taste"
  ],
  "instructions": [
    "Preheat the oven to 475°F (245°C).",
    "Roll out the pizza dough and spread tomato sauce evenly.",
    "Top with slices of fresh mozzarella and fresh basil leaves.",
    "Drizzle with olive oil and season with salt and pepper.",
    "Bake in the preheated oven for 12-15 minutes or until the crust is golden brown.",
    "Slice and serve hot."
  ],
  "prepTimeMinutes": 20,
  "cookTimeMinutes": 15,
  "servings": 4,
  "difficulty": "Easy",
  "cuisine": "Italian",
  "caloriesPerServing": 300,
  "tags": [
    "Pizza",
    "Italian"
  ],
  "userId": 166,
  "image": "https://cdn.dummyjson.com/recipe-images/1.webp",
  "rating": 4.6,
  "reviewCount": 98,
  "mealType": [
    "Dinner"
  ]
}
 
]]></system-out>
  </testcase>
  <testcase name="[3:24] Search Recipes by Query" classname="dummyjson/Recipes" time="0.08">
    <system-out><![CDATA[19:20:06.432 [main] DEBUG org.apache.http.client.protocol.RequestAddCookies -- CookieSpec selected: karate
19:20:06.432 [main] DEBUG org.apache.http.client.protocol.RequestAuthCache -- Auth cache not set in the context
19:20:06.432 [main] DEBUG com.intuit.karate -- request:
1 > GET https://dummyjson.com/recipes/search?q=Margherita
1 > Host: dummyjson.com
1 > Connection: Keep-Alive
1 > User-Agent: Apache-HttpClient/4.5.14 (Java/21.0.8)
1 > Accept-Encoding: gzip,deflate


19:20:06.433 [main] DEBUG org.apache.http.impl.conn.PoolingHttpClientConnectionManager -- Connection request: [route: {s}->https://dummyjson.com:443][total available: 0; route allocated: 0 of 5; total allocated: 0 of 10]
19:20:06.433 [main] DEBUG org.apache.http.impl.conn.PoolingHttpClientConnectionManager -- Connection leased: [id: 2][route: {s}->https://dummyjson.com:443][total available: 0; route allocated: 1 of 5; total allocated: 1 of 10]
19:20:06.433 [main] DEBUG org.apache.http.impl.execchain.MainClientExec -- Opening connection {s}->https://dummyjson.com:443
19:20:06.433 [main] DEBUG org.apache.http.impl.conn.DefaultHttpClientConnectionOperator -- Connecting to dummyjson.com/66.33.22.3:443
19:20:06.433 [main] DEBUG org.apache.http.conn.ssl.SSLConnectionSocketFactory -- Connecting socket to dummyjson.com/66.33.22.3:443 with timeout 30000
19:20:06.454 [main] DEBUG org.apache.http.conn.ssl.SSLConnectionSocketFactory -- Enabled protocols: [TLSv1.3, TLSv1.2]
19:20:06.454 [main] DEBUG org.apache.http.conn.ssl.SSLConnectionSocketFactory -- Enabled cipher suites:[TLS_AES_256_GCM_SHA384, TLS_AES_128_GCM_SHA256, TLS_CHACHA20_POLY1305_SHA256, TLS_ECDHE_ECDSA_WITH_AES_256_GCM_SHA384, TLS_ECDHE_ECDSA_WITH_AES_128_GCM_SHA256, TLS_ECDHE_ECDSA_WITH_CHACHA20_POLY1305_SHA256, TLS_ECDHE_RSA_WITH_AES_256_GCM_SHA384, TLS_ECDHE_RSA_WITH_CHACHA20_POLY1305_SHA256, TLS_ECDHE_RSA_WITH_AES_128_GCM_SHA256, TLS_DHE_RSA_WITH_AES_256_GCM_SHA384, TLS_DHE_RSA_WITH_CHACHA20_POLY1305_SHA256, TLS_DHE_DSS_WITH_AES_256_GCM_SHA384, TLS_DHE_RSA_WITH_AES_128_GCM_SHA256, TLS_DHE_DSS_WITH_AES_128_GCM_SHA256, TLS_ECDHE_ECDSA_WITH_AES_256_CBC_SHA384, TLS_ECDHE_RSA_WITH_AES_256_CBC_SHA384, TLS_ECDHE_ECDSA_WITH_AES_128_CBC_SHA256, TLS_ECDHE_RSA_WITH_AES_128_CBC_SHA256, TLS_DHE_RSA_WITH_AES_256_CBC_SHA256, TLS_DHE_DSS_WITH_AES_256_CBC_SHA256, TLS_DHE_RSA_WITH_AES_128_CBC_SHA256, TLS_DHE_DSS_WITH_AES_128_CBC_SHA256, TLS_ECDHE_ECDSA_WITH_AES_256_CBC_SHA, TLS_ECDHE_RSA_WITH_AES_256_CBC_SHA, TLS_ECDHE_ECDSA_WITH_AES_128_CBC_SHA, TLS_ECDHE_RSA_WITH_AES_128_CBC_SHA, TLS_DHE_RSA_WITH_AES_256_CBC_SHA, TLS_DHE_DSS_WITH_AES_256_CBC_SHA, TLS_DHE_RSA_WITH_AES_128_CBC_SHA, TLS_DHE_DSS_WITH_AES_128_CBC_SHA, TLS_RSA_WITH_AES_256_GCM_SHA384, TLS_RSA_WITH_AES_128_GCM_SHA256, TLS_RSA_WITH_AES_256_CBC_SHA256, TLS_RSA_WITH_AES_128_CBC_SHA256, TLS_RSA_WITH_AES_256_CBC_SHA, TLS_RSA_WITH_AES_128_CBC_SHA, TLS_EMPTY_RENEGOTIATION_INFO_SCSV]
19:20:06.454 [main] DEBUG org.apache.http.conn.ssl.SSLConnectionSocketFactory -- Starting handshake
19:20:06.477 [main] DEBUG org.apache.http.conn.ssl.SSLConnectionSocketFactory -- Secure session established
19:20:06.477 [main] DEBUG org.apache.http.conn.ssl.SSLConnectionSocketFactory --  negotiated protocol: TLSv1.3
19:20:06.477 [main] DEBUG org.apache.http.conn.ssl.SSLConnectionSocketFactory --  negotiated cipher suite: TLS_AES_128_GCM_SHA256
19:20:06.477 [main] DEBUG org.apache.http.conn.ssl.SSLConnectionSocketFactory --  peer principal: CN=dummyjson.com
19:20:06.477 [main] DEBUG org.apache.http.conn.ssl.SSLConnectionSocketFactory --  peer alternative names: [dummyjson.com]
19:20:06.477 [main] DEBUG org.apache.http.conn.ssl.SSLConnectionSocketFactory --  issuer principal: CN=R11, O=Let's Encrypt, C=US
19:20:06.478 [main] DEBUG org.apache.http.impl.conn.DefaultHttpClientConnectionOperator -- Connection established 192.168.1.4:55046<->66.33.22.3:443
19:20:06.478 [main] DEBUG org.apache.http.impl.conn.DefaultManagedHttpClientConnection -- http-outgoing-2: set socket timeout to 30000
19:20:06.478 [main] DEBUG org.apache.http.impl.execchain.MainClientExec -- Executing request GET /recipes/search?q=Margherita HTTP/1.1
19:20:06.478 [main] DEBUG org.apache.http.impl.execchain.MainClientExec -- Target auth state: UNCHALLENGED
19:20:06.478 [main] DEBUG org.apache.http.impl.execchain.MainClientExec -- Proxy auth state: UNCHALLENGED
19:20:06.478 [main] DEBUG org.apache.http.headers -- http-outgoing-2 >> GET /recipes/search?q=Margherita HTTP/1.1
19:20:06.478 [main] DEBUG org.apache.http.headers -- http-outgoing-2 >> Host: dummyjson.com
19:20:06.478 [main] DEBUG org.apache.http.headers -- http-outgoing-2 >> Connection: Keep-Alive
19:20:06.478 [main] DEBUG org.apache.http.headers -- http-outgoing-2 >> User-Agent: Apache-HttpClient/4.5.14 (Java/21.0.8)
19:20:06.478 [main] DEBUG org.apache.http.headers -- http-outgoing-2 >> Accept-Encoding: gzip,deflate
19:20:06.478 [main] DEBUG org.apache.http.wire -- http-outgoing-2 >> "GET /recipes/search?q=Margherita HTTP/1.1[\r][\n]"
19:20:06.478 [main] DEBUG org.apache.http.wire -- http-outgoing-2 >> "Host: dummyjson.com[\r][\n]"
19:20:06.478 [main] DEBUG org.apache.http.wire -- http-outgoing-2 >> "Connection: Keep-Alive[\r][\n]"
19:20:06.478 [main] DEBUG org.apache.http.wire -- http-outgoing-2 >> "User-Agent: Apache-HttpClient/4.5.14 (Java/21.0.8)[\r][\n]"
19:20:06.478 [main] DEBUG org.apache.http.wire -- http-outgoing-2 >> "Accept-Encoding: gzip,deflate[\r][\n]"
19:20:06.478 [main] DEBUG org.apache.http.wire -- http-outgoing-2 >> "[\r][\n]"
19:20:06.499 [main] DEBUG org.apache.http.wire -- http-outgoing-2 << "HTTP/1.1 200 OK[\r][\n]"
19:20:06.499 [main] DEBUG org.apache.http.wire -- http-outgoing-2 << "Access-Control-Allow-Origin: *[\r][\n]"
19:20:06.499 [main] DEBUG org.apache.http.wire -- http-outgoing-2 << "Content-Encoding: gzip[\r][\n]"
19:20:06.499 [main] DEBUG org.apache.http.wire -- http-outgoing-2 << "Content-Type: application/json; charset=utf-8[\r][\n]"
19:20:06.499 [main] DEBUG org.apache.http.wire -- http-outgoing-2 << "Date: Sat, 02 Aug 2025 12:20:06 GMT[\r][\n]"
19:20:06.499 [main] DEBUG org.apache.http.wire -- http-outgoing-2 << "Etag: W/"720-NzNH8w/yr5/WGRSmcCQqw3Q2UrQ"[\r][\n]"
19:20:06.499 [main] DEBUG org.apache.http.wire -- http-outgoing-2 << "Server: railway-edge[\r][\n]"
19:20:06.499 [main] DEBUG org.apache.http.wire -- http-outgoing-2 << "Strict-Transport-Security: max-age=15552000; includeSubDomains[\r][\n]"
19:20:06.499 [main] DEBUG org.apache.http.wire -- http-outgoing-2 << "Vary: Accept-Encoding[\r][\n]"
19:20:06.499 [main] DEBUG org.apache.http.wire -- http-outgoing-2 << "X-Content-Type-Options: nosniff[\r][\n]"
19:20:06.499 [main] DEBUG org.apache.http.wire -- http-outgoing-2 << "X-Dns-Prefetch-Control: off[\r][\n]"
19:20:06.499 [main] DEBUG org.apache.http.wire -- http-outgoing-2 << "X-Download-Options: noopen[\r][\n]"
19:20:06.499 [main] DEBUG org.apache.http.wire -- http-outgoing-2 << "X-Frame-Options: SAMEORIGIN[\r][\n]"
19:20:06.499 [main] DEBUG org.apache.http.wire -- http-outgoing-2 << "X-Powered-By: Cats on Keyboards[\r][\n]"
19:20:06.499 [main] DEBUG org.apache.http.wire -- http-outgoing-2 << "X-Railway-Edge: railway/asia-southeast1-eqsg3a[\r][\n]"
19:20:06.499 [main] DEBUG org.apache.http.wire -- http-outgoing-2 << "X-Railway-Request-Id: YDMyxBe6TjuG3uuoDcO5xA[\r][\n]"
19:20:06.499 [main] DEBUG org.apache.http.wire -- http-outgoing-2 << "X-Ratelimit-Limit: 100[\r][\n]"
19:20:06.499 [main] DEBUG org.apache.http.wire -- http-outgoing-2 << "X-Ratelimit-Remaining: 98[\r][\n]"
19:20:06.499 [main] DEBUG org.apache.http.wire -- http-outgoing-2 << "X-Ratelimit-Reset: 1754137216[\r][\n]"
19:20:06.499 [main] DEBUG org.apache.http.wire -- http-outgoing-2 << "X-Xss-Protection: 1; mode=block[\r][\n]"
19:20:06.499 [main] DEBUG org.apache.http.wire -- http-outgoing-2 << "Transfer-Encoding: chunked[\r][\n]"
19:20:06.499 [main] DEBUG org.apache.http.wire -- http-outgoing-2 << "[\r][\n]"
19:20:06.499 [main] DEBUG org.apache.http.wire -- http-outgoing-2 << "a[\r][\n]"
19:20:06.499 [main] DEBUG org.apache.http.wire -- http-outgoing-2 << "[0x1f][0x8b][0x8][0x0][0x0][0x0][0x0][0x0][0x0][0x3][\r][\n]"
19:20:06.499 [main] DEBUG org.apache.http.headers -- http-outgoing-2 << HTTP/1.1 200 OK
19:20:06.500 [main] DEBUG org.apache.http.headers -- http-outgoing-2 << Access-Control-Allow-Origin: *
19:20:06.500 [main] DEBUG org.apache.http.headers -- http-outgoing-2 << Content-Encoding: gzip
19:20:06.500 [main] DEBUG org.apache.http.headers -- http-outgoing-2 << Content-Type: application/json; charset=utf-8
19:20:06.500 [main] DEBUG org.apache.http.headers -- http-outgoing-2 << Date: Sat, 02 Aug 2025 12:20:06 GMT
19:20:06.500 [main] DEBUG org.apache.http.headers -- http-outgoing-2 << Etag: W/"720-NzNH8w/yr5/WGRSmcCQqw3Q2UrQ"
19:20:06.500 [main] DEBUG org.apache.http.headers -- http-outgoing-2 << Server: railway-edge
19:20:06.500 [main] DEBUG org.apache.http.headers -- http-outgoing-2 << Strict-Transport-Security: max-age=15552000; includeSubDomains
19:20:06.500 [main] DEBUG org.apache.http.headers -- http-outgoing-2 << Vary: Accept-Encoding
19:20:06.500 [main] DEBUG org.apache.http.headers -- http-outgoing-2 << X-Content-Type-Options: nosniff
19:20:06.500 [main] DEBUG org.apache.http.headers -- http-outgoing-2 << X-Dns-Prefetch-Control: off
19:20:06.500 [main] DEBUG org.apache.http.headers -- http-outgoing-2 << X-Download-Options: noopen
19:20:06.500 [main] DEBUG org.apache.http.headers -- http-outgoing-2 << X-Frame-Options: SAMEORIGIN
19:20:06.500 [main] DEBUG org.apache.http.headers -- http-outgoing-2 << X-Powered-By: Cats on Keyboards
19:20:06.500 [main] DEBUG org.apache.http.headers -- http-outgoing-2 << X-Railway-Edge: railway/asia-southeast1-eqsg3a
19:20:06.500 [main] DEBUG org.apache.http.headers -- http-outgoing-2 << X-Railway-Request-Id: YDMyxBe6TjuG3uuoDcO5xA
19:20:06.500 [main] DEBUG org.apache.http.headers -- http-outgoing-2 << X-Ratelimit-Limit: 100
19:20:06.500 [main] DEBUG org.apache.http.headers -- http-outgoing-2 << X-Ratelimit-Remaining: 98
19:20:06.500 [main] DEBUG org.apache.http.headers -- http-outgoing-2 << X-Ratelimit-Reset: 1754137216
19:20:06.500 [main] DEBUG org.apache.http.headers -- http-outgoing-2 << X-Xss-Protection: 1; mode=block
19:20:06.500 [main] DEBUG org.apache.http.headers -- http-outgoing-2 << Transfer-Encoding: chunked
19:20:06.500 [main] DEBUG org.apache.http.impl.execchain.MainClientExec -- Connection can be kept alive indefinitely
19:20:06.500 [main] DEBUG org.apache.http.wire -- http-outgoing-2 << "2e3[\r][\n]"
19:20:06.500 [main] DEBUG org.apache.http.wire -- http-outgoing-2 << "[0xad][0x94][0xcd][0x8e][0xd3]H[0x10][0xc7]_[0xa5]T[0xa7]Ej2I6[0x19][0xc0][0xb7]eX[0x10][0x7][0x4][0xcb][0xcc][\r][0xcd][0xa1]b[0x97][0xed]"[0xed]n[0xab][0xba];[0xa3][0x4][0xf1]N<[0x3]O[0x86][0xda][0xe]3I[0x86][0xcf][0xdd][0xbd]Y[0xdd][0xf5][0xf1][0xff][0xb7][0xeb]W[0x1f]P[0xb9][0x94][0x9e][0x3][0x16][0xef]>[0xa0]TX[0xcc][0xc]:[0xea][0x18][0xb][0xbc][0xb0][0x14][0x82][0x94][0xf0][0x8a][0xb4]iY%[0x12][0xbc][0x91][0xdd][0x8e][0xd0][0xa0][0xb8]F[0xb9][0x12]v1'[0xe2]p[0xc][0x95]OM[0x8b][0x6][0xaf]|G[0xd1]C[0xa0]T2[0x1a]|[0xae][0x1c]Z[0xe8][0xfc]nG[0xca][0xd6][0x12][0x94]-s[0xb8][0xbb]YQ[0x10][0xb][0x96]i[0xc3][0x1][\r][0xbe][0xb6][0xb2]a[0xf0]b[0xd1][0xe0]%[0xd9][0x8][0xe4]*[0xe8][0xb9][0xef]Y!z[0x88][0x14]"[0xe3]u[0x96][0x10][0xa2][0xa6]2[0x8a]w[0xa3][0x6][0xe5][0x96])Bl[0x19][0xfc][0x86]][0xe]^<Z~[0xfe][0xf4][0x1c][0xfe][0x98]/[0x96][0x9f]?]<[0x98][0xa0][0xc1][0xb7][0xde]Z[0xf0]i[0x8c][0xeb][0xef]t[0xf]mB[0xaf]L[0x15][0xc4][0x3][0x3][0xc0][0x1b]vv;[0x19]|[0xf5]p#[0xb1][0x85]`[0xa5][0xe4][0x0][0xbe][0x86][0xfa][0xd4][[0xae]R[0xdf][0xb3][0x95][0xb3][0x9f][0xa9][0xec]v[0x96][0xc7][\n]"
19:20:06.500 [main] DEBUG org.apache.http.wire -- http-outgoing-2 << "[0xfe][0xab][0xc9][0xb1]-S[0xf0]n_[0xfb][0xd8]r[0xce]|Jk[0x6]q[0xa3][0xe2][0xd1]%W[0xa3][0xc7][0xda]+[0xcc][0xe6][0xf]gK[0xe8][0xc4][0xa5][0x98]E)$[0x17][0xc5][0xe][0xd1][0xa5][0xa6][0x10]A[0x2]4[0xde]V[0xec]`[0xa5][0xfe][0xc6][0xe5][0x92][0x97][0xd9][0xc1][0xbe][0xb7]n[0x18]Z[0x1f]'[0xf9]Q{[0xe5][0xfe]J:~5V[0xc3]b>5Xz[0xbf]>:[0x9c]-[\r][0xe6]<qM[0xc0]ba[0xb0][0x92][0xba][0x96]2[0xd9][0xb8][0xc5][0x2][0xff][0xa6][0xb0]E[0x83]e[0x92] .[0xcf][0xd1][0xcb]HV[0xc8][0xe5]3[0xb2]^[0x85][0xc3][0x1b][0xd6][0xcb]1[0x1f][0x8b]?[0xa7]S[0x83][0x91][0x9a][0xbb]ABs[0x9b]rm0[0x5][0xd6][0x97]y.[0xcf][0xcf][\r]JGM.[0xd9][0xc6][0xd8][0x87][0xe2][0xec][0xac][0xac][0xdc][0xa4]J][0xb7]}[0x1f][0xbc][0x9b][0x94][0xbe];[0x1b][0xc7][0xf9][0xe1][0x10][0x18][0xce]f[0x93][0x1b]^[0xf5]hP)[0xe][0xdd][0x16][0x93]s[0x83][0xca][0x1b][0xe1][0x9b][0xb][0x9f]\[0xc4][0xe2][0xc9]c[0x83][0x1d][0x93][0xbd][0xda][0xf6][0x9c]%<[0x13][0xe7]X[0xf1][0xfa][0xa3][0x19]yX,o[0x81][0xd8][0xab][0xfa][0x97]@p0[0x10][qv;[0xe]P[0xf5][\r]6[0xcc][0xe9][0xd5][0xf][0xe0]xAj[0xa5]4[0xf9][0xcf][0x8f][0x19][0xff][0x95][0x96][0xfc][0xdd]J[0xd3]r[0x88][0x10][0xb9][0xeb]Y)&e[0xd8][0xfa][0xa4]cPI[0xe][0x1a][0x84][0xd1]!B[0xde][0x1]Am}R[0xae] $[0xad]i?dQ[0xc9][0x85]z[0x94]D[0xfb][0x94][0x10][0xbd][0xe3]<[0xae]+Z[0x8b]k [0xb4][0xcc]q[0x18]wM[0xa1][0x1d][0xc4][0x8c]U[0xbf][0x5]L[0xaf][0xe2][0xd6][0x96][0xf7][0xde][0xa1][0x19][0x9e]"k[0xd4]!q[0xdf];W[0xfb]K[0x95]\[0xc3][0xc7]/[0xbf]'[0x9c][0xc3][0x1][0xaf][0x7][0x10][0xe5][0xdb][0xdd][0xa9][0xb8][0xe5][0xf0][0xfb]p[\r]F[0xf3][0xf9][0xb0][0xde][0xf2]E[0xc7]6[0x93][0x9a]/Vi[0xb5]:[0xd9]"[0xf7][0xd7][0xc4]O[0x97][0x1][0x9c]r[0x1b][[0x9]P~gO[0xff][0xe][0xd1][0xf3][0xff][0x91][0xe8][0xf9][0xe3][0x3][0xa2][0xf]D[0xf5]'p[0x1b][0xfc]'I[0xb9]>[0x86]|[0xfa][0xfb][0x90]/[0x96][0xf7])[0xf4][0xab][0x94]_[0x1b][0x8c]>[0x92][0xc5]"?[0xc1]Zz,[0xa6][0x6][0xad]t[0x12][0xb1][0x98][0xfc][0x2][0x19]6v[0xfd] [0x7][0x0][0x0][\r][\n]"
19:20:06.500 [main] DEBUG org.apache.http.impl.conn.DefaultManagedHttpClientConnection -- http-outgoing-2: Close connection
19:20:06.501 [main] DEBUG org.apache.http.impl.execchain.MainClientExec -- Connection discarded
19:20:06.501 [main] DEBUG org.apache.http.impl.conn.PoolingHttpClientConnectionManager -- Connection released: [id: 2][route: {s}->https://dummyjson.com:443][total available: 0; route allocated: 0 of 5; total allocated: 0 of 10]
19:20:06.501 [main] DEBUG org.apache.http.impl.conn.PoolingHttpClientConnectionManager -- Connection manager is shutting down
19:20:06.501 [main] DEBUG org.apache.http.impl.conn.PoolingHttpClientConnectionManager -- Connection manager shut down
19:20:06.501 [main] DEBUG com.intuit.karate -- response time in milliseconds: 67
1 < 200
1 < Access-Control-Allow-Origin: *
1 < Content-Type: application/json; charset=utf-8
1 < Date: Sat, 02 Aug 2025 12:20:06 GMT
1 < Etag: W/"720-NzNH8w/yr5/WGRSmcCQqw3Q2UrQ"
1 < Server: railway-edge
1 < Strict-Transport-Security: max-age=15552000; includeSubDomains
1 < Vary: Accept-Encoding
1 < X-Content-Type-Options: nosniff
1 < X-Dns-Prefetch-Control: off
1 < X-Download-Options: noopen
1 < X-Frame-Options: SAMEORIGIN
1 < X-Powered-By: Cats on Keyboards
1 < X-Railway-Edge: railway/asia-southeast1-eqsg3a
1 < X-Railway-Request-Id: YDMyxBe6TjuG3uuoDcO5xA
1 < X-Ratelimit-Limit: 100
1 < X-Ratelimit-Remaining: 98
1 < X-Ratelimit-Reset: 1754137216
1 < X-Xss-Protection: 1; mode=block
1 < Transfer-Encoding: chunked
{"recipes":[{"id":1,"name":"Classic Margherita Pizza","ingredients":["Pizza dough","Tomato sauce","Fresh mozzarella cheese","Fresh basil leaves","Olive oil","Salt and pepper to taste"],"instructions":["Preheat the oven to 475°F (245°C).","Roll out the pizza dough and spread tomato sauce evenly.","Top with slices of fresh mozzarella and fresh basil leaves.","Drizzle with olive oil and season with salt and pepper.","Bake in the preheated oven for 12-15 minutes or until the crust is golden brown.","Slice and serve hot."],"prepTimeMinutes":20,"cookTimeMinutes":15,"servings":4,"difficulty":"Easy","cuisine":"Italian","caloriesPerServing":300,"tags":["Pizza","Italian"],"userId":166,"image":"https://cdn.dummyjson.com/recipe-images/1.webp","rating":4.6,"reviewCount":98,"mealType":["Dinner"]},{"id":45,"name":"Italian Margherita Pizza","ingredients":["Pizza dough","Tomatoes, thinly sliced","Fresh mozzarella, sliced","Fresh basil leaves","Olive oil","Garlic, minced","Salt and pepper to taste"],"instructions":["Preheat the oven to the highest temperature your oven can go.","Roll out pizza dough on a floured surface and transfer to a pizza stone or baking sheet.","Brush the dough with olive oil and sprinkle minced garlic over the surface.","Arrange thinly sliced tomatoes and fresh mozzarella slices on the dough.","Bake until the crust is golden and the cheese is melted and bubbly.","Top with fresh basil leaves and season with salt and pepper. Slice and serve this classic Margherita Pizza."],"prepTimeMinutes":20,"cookTimeMinutes":12,"servings":4,"difficulty":"Easy","cuisine":"Italian","caloriesPerServing":280,"tags":["Margherita pizza","Italian","Quick"],"userId":160,"image":"https://cdn.dummyjson.com/recipe-images/45.webp","rating":4.7,"reviewCount":98,"mealType":["Dinner"]}],"total":2,"skip":0,"limit":2}

19:20:06.503 [main] DEBUG com.jayway.jsonpath.internal.path.CompiledPath -- Evaluating path: $['recipes'][0]['name']
19:20:06.504 [main] INFO com.intuit.karate -- [print] {
  "recipes": [
    {
      "id": 1,
      "name": "Classic Margherita Pizza",
      "ingredients": [
        "Pizza dough",
        "Tomato sauce",
        "Fresh mozzarella cheese",
        "Fresh basil leaves",
        "Olive oil",
        "Salt and pepper to taste"
      ],
      "instructions": [
        "Preheat the oven to 475°F (245°C).",
        "Roll out the pizza dough and spread tomato sauce evenly.",
        "Top with slices of fresh mozzarella and fresh basil leaves.",
        "Drizzle with olive oil and season with salt and pepper.",
        "Bake in the preheated oven for 12-15 minutes or until the crust is golden brown.",
        "Slice and serve hot."
      ],
      "prepTimeMinutes": 20,
      "cookTimeMinutes": 15,
      "servings": 4,
      "difficulty": "Easy",
      "cuisine": "Italian",
      "caloriesPerServing": 300,
      "tags": [
        "Pizza",
        "Italian"
      ],
      "userId": 166,
      "image": "https://cdn.dummyjson.com/recipe-images/1.webp",
      "rating": 4.6,
      "reviewCount": 98,
      "mealType": [
        "Dinner"
      ]
    },
    {
      "id": 45,
      "name": "Italian Margherita Pizza",
      "ingredients": [
        "Pizza dough",
        "Tomatoes, thinly sliced",
        "Fresh mozzarella, sliced",
        "Fresh basil leaves",
        "Olive oil",
        "Garlic, minced",
        "Salt and pepper to taste"
      ],
      "instructions": [
        "Preheat the oven to the highest temperature your oven can go.",
        "Roll out pizza dough on a floured surface and transfer to a pizza stone or baking sheet.",
        "Brush the dough with olive oil and sprinkle minced garlic over the surface.",
        "Arrange thinly sliced tomatoes and fresh mozzarella slices on the dough.",
        "Bake until the crust is golden and the cheese is melted and bubbly.",
        "Top with fresh basil leaves and season with salt and pepper. Slice and serve this classic Margherita Pizza."
      ],
      "prepTimeMinutes": 20,
      "cookTimeMinutes": 12,
      "servings": 4,
      "difficulty": "Easy",
      "cuisine": "Italian",
      "caloriesPerServing": 280,
      "tags": [
        "Margherita pizza",
        "Italian",
        "Quick"
      ],
      "userId": 160,
      "image": "https://cdn.dummyjson.com/recipe-images/45.webp",
      "rating": 4.7,
      "reviewCount": 98,
      "mealType": [
        "Dinner"
      ]
    }
  ],
  "total": 2,
  "skip": 0,
  "limit": 2
}
 
]]></system-out>
  </testcase>
  <testcase name="[4:33] Get Recipes with Limit, Skip &amp; Selected Fields" classname="dummyjson/Recipes" time="0.098">
    <system-out><![CDATA[19:20:06.514 [main] DEBUG org.apache.http.client.protocol.RequestAddCookies -- CookieSpec selected: karate
19:20:06.514 [main] DEBUG org.apache.http.client.protocol.RequestAuthCache -- Auth cache not set in the context
19:20:06.514 [main] DEBUG com.intuit.karate -- request:
1 > GET https://dummyjson.com/recipes?select=name%2Cimage&limit=10&skip=10
1 > Host: dummyjson.com
1 > Connection: Keep-Alive
1 > User-Agent: Apache-HttpClient/4.5.14 (Java/21.0.8)
1 > Accept-Encoding: gzip,deflate


19:20:06.514 [main] DEBUG org.apache.http.impl.conn.PoolingHttpClientConnectionManager -- Connection request: [route: {s}->https://dummyjson.com:443][total available: 0; route allocated: 0 of 5; total allocated: 0 of 10]
19:20:06.514 [main] DEBUG org.apache.http.impl.conn.PoolingHttpClientConnectionManager -- Connection leased: [id: 3][route: {s}->https://dummyjson.com:443][total available: 0; route allocated: 1 of 5; total allocated: 1 of 10]
19:20:06.514 [main] DEBUG org.apache.http.impl.execchain.MainClientExec -- Opening connection {s}->https://dummyjson.com:443
19:20:06.514 [main] DEBUG org.apache.http.impl.conn.DefaultHttpClientConnectionOperator -- Connecting to dummyjson.com/66.33.22.3:443
19:20:06.514 [main] DEBUG org.apache.http.conn.ssl.SSLConnectionSocketFactory -- Connecting socket to dummyjson.com/66.33.22.3:443 with timeout 30000
19:20:06.535 [main] DEBUG org.apache.http.conn.ssl.SSLConnectionSocketFactory -- Enabled protocols: [TLSv1.3, TLSv1.2]
19:20:06.536 [main] DEBUG org.apache.http.conn.ssl.SSLConnectionSocketFactory -- Enabled cipher suites:[TLS_AES_256_GCM_SHA384, TLS_AES_128_GCM_SHA256, TLS_CHACHA20_POLY1305_SHA256, TLS_ECDHE_ECDSA_WITH_AES_256_GCM_SHA384, TLS_ECDHE_ECDSA_WITH_AES_128_GCM_SHA256, TLS_ECDHE_ECDSA_WITH_CHACHA20_POLY1305_SHA256, TLS_ECDHE_RSA_WITH_AES_256_GCM_SHA384, TLS_ECDHE_RSA_WITH_CHACHA20_POLY1305_SHA256, TLS_ECDHE_RSA_WITH_AES_128_GCM_SHA256, TLS_DHE_RSA_WITH_AES_256_GCM_SHA384, TLS_DHE_RSA_WITH_CHACHA20_POLY1305_SHA256, TLS_DHE_DSS_WITH_AES_256_GCM_SHA384, TLS_DHE_RSA_WITH_AES_128_GCM_SHA256, TLS_DHE_DSS_WITH_AES_128_GCM_SHA256, TLS_ECDHE_ECDSA_WITH_AES_256_CBC_SHA384, TLS_ECDHE_RSA_WITH_AES_256_CBC_SHA384, TLS_ECDHE_ECDSA_WITH_AES_128_CBC_SHA256, TLS_ECDHE_RSA_WITH_AES_128_CBC_SHA256, TLS_DHE_RSA_WITH_AES_256_CBC_SHA256, TLS_DHE_DSS_WITH_AES_256_CBC_SHA256, TLS_DHE_RSA_WITH_AES_128_CBC_SHA256, TLS_DHE_DSS_WITH_AES_128_CBC_SHA256, TLS_ECDHE_ECDSA_WITH_AES_256_CBC_SHA, TLS_ECDHE_RSA_WITH_AES_256_CBC_SHA, TLS_ECDHE_ECDSA_WITH_AES_128_CBC_SHA, TLS_ECDHE_RSA_WITH_AES_128_CBC_SHA, TLS_DHE_RSA_WITH_AES_256_CBC_SHA, TLS_DHE_DSS_WITH_AES_256_CBC_SHA, TLS_DHE_RSA_WITH_AES_128_CBC_SHA, TLS_DHE_DSS_WITH_AES_128_CBC_SHA, TLS_RSA_WITH_AES_256_GCM_SHA384, TLS_RSA_WITH_AES_128_GCM_SHA256, TLS_RSA_WITH_AES_256_CBC_SHA256, TLS_RSA_WITH_AES_128_CBC_SHA256, TLS_RSA_WITH_AES_256_CBC_SHA, TLS_RSA_WITH_AES_128_CBC_SHA, TLS_EMPTY_RENEGOTIATION_INFO_SCSV]
19:20:06.536 [main] DEBUG org.apache.http.conn.ssl.SSLConnectionSocketFactory -- Starting handshake
19:20:06.565 [main] DEBUG org.apache.http.conn.ssl.SSLConnectionSocketFactory -- Secure session established
19:20:06.565 [main] DEBUG org.apache.http.conn.ssl.SSLConnectionSocketFactory --  negotiated protocol: TLSv1.3
19:20:06.565 [main] DEBUG org.apache.http.conn.ssl.SSLConnectionSocketFactory --  negotiated cipher suite: TLS_AES_128_GCM_SHA256
19:20:06.565 [main] DEBUG org.apache.http.conn.ssl.SSLConnectionSocketFactory --  peer principal: CN=dummyjson.com
19:20:06.565 [main] DEBUG org.apache.http.conn.ssl.SSLConnectionSocketFactory --  peer alternative names: [dummyjson.com]
19:20:06.565 [main] DEBUG org.apache.http.conn.ssl.SSLConnectionSocketFactory --  issuer principal: CN=R11, O=Let's Encrypt, C=US
19:20:06.565 [main] DEBUG org.apache.http.impl.conn.DefaultHttpClientConnectionOperator -- Connection established 192.168.1.4:55047<->66.33.22.3:443
19:20:06.565 [main] DEBUG org.apache.http.impl.conn.DefaultManagedHttpClientConnection -- http-outgoing-3: set socket timeout to 30000
19:20:06.566 [main] DEBUG org.apache.http.impl.execchain.MainClientExec -- Executing request GET /recipes?select=name%2Cimage&limit=10&skip=10 HTTP/1.1
19:20:06.566 [main] DEBUG org.apache.http.impl.execchain.MainClientExec -- Target auth state: UNCHALLENGED
19:20:06.566 [main] DEBUG org.apache.http.impl.execchain.MainClientExec -- Proxy auth state: UNCHALLENGED
19:20:06.566 [main] DEBUG org.apache.http.headers -- http-outgoing-3 >> GET /recipes?select=name%2Cimage&limit=10&skip=10 HTTP/1.1
19:20:06.566 [main] DEBUG org.apache.http.headers -- http-outgoing-3 >> Host: dummyjson.com
19:20:06.566 [main] DEBUG org.apache.http.headers -- http-outgoing-3 >> Connection: Keep-Alive
19:20:06.566 [main] DEBUG org.apache.http.headers -- http-outgoing-3 >> User-Agent: Apache-HttpClient/4.5.14 (Java/21.0.8)
19:20:06.566 [main] DEBUG org.apache.http.headers -- http-outgoing-3 >> Accept-Encoding: gzip,deflate
19:20:06.566 [main] DEBUG org.apache.http.wire -- http-outgoing-3 >> "GET /recipes?select=name%2Cimage&limit=10&skip=10 HTTP/1.1[\r][\n]"
19:20:06.566 [main] DEBUG org.apache.http.wire -- http-outgoing-3 >> "Host: dummyjson.com[\r][\n]"
19:20:06.566 [main] DEBUG org.apache.http.wire -- http-outgoing-3 >> "Connection: Keep-Alive[\r][\n]"
19:20:06.566 [main] DEBUG org.apache.http.wire -- http-outgoing-3 >> "User-Agent: Apache-HttpClient/4.5.14 (Java/21.0.8)[\r][\n]"
19:20:06.566 [main] DEBUG org.apache.http.wire -- http-outgoing-3 >> "Accept-Encoding: gzip,deflate[\r][\n]"
19:20:06.566 [main] DEBUG org.apache.http.wire -- http-outgoing-3 >> "[\r][\n]"
19:20:06.598 [main] DEBUG org.apache.http.wire -- http-outgoing-3 << "HTTP/1.1 200 OK[\r][\n]"
19:20:06.598 [main] DEBUG org.apache.http.wire -- http-outgoing-3 << "Access-Control-Allow-Origin: *[\r][\n]"
19:20:06.598 [main] DEBUG org.apache.http.wire -- http-outgoing-3 << "Content-Length: 1012[\r][\n]"
19:20:06.598 [main] DEBUG org.apache.http.wire -- http-outgoing-3 << "Content-Type: application/json; charset=utf-8[\r][\n]"
19:20:06.598 [main] DEBUG org.apache.http.wire -- http-outgoing-3 << "Date: Sat, 02 Aug 2025 12:20:06 GMT[\r][\n]"
19:20:06.598 [main] DEBUG org.apache.http.wire -- http-outgoing-3 << "Etag: W/"3f4-B6LmVbT4ZRm7V+yH/6IWVwOMmco"[\r][\n]"
19:20:06.598 [main] DEBUG org.apache.http.wire -- http-outgoing-3 << "Server: railway-edge[\r][\n]"
19:20:06.598 [main] DEBUG org.apache.http.wire -- http-outgoing-3 << "Strict-Transport-Security: max-age=15552000; includeSubDomains[\r][\n]"
19:20:06.598 [main] DEBUG org.apache.http.wire -- http-outgoing-3 << "Vary: Accept-Encoding[\r][\n]"
19:20:06.598 [main] DEBUG org.apache.http.wire -- http-outgoing-3 << "X-Content-Type-Options: nosniff[\r][\n]"
19:20:06.598 [main] DEBUG org.apache.http.wire -- http-outgoing-3 << "X-Dns-Prefetch-Control: off[\r][\n]"
19:20:06.598 [main] DEBUG org.apache.http.wire -- http-outgoing-3 << "X-Download-Options: noopen[\r][\n]"
19:20:06.598 [main] DEBUG org.apache.http.wire -- http-outgoing-3 << "X-Frame-Options: SAMEORIGIN[\r][\n]"
19:20:06.598 [main] DEBUG org.apache.http.wire -- http-outgoing-3 << "X-Powered-By: Cats on Keyboards[\r][\n]"
19:20:06.598 [main] DEBUG org.apache.http.wire -- http-outgoing-3 << "X-Railway-Edge: railway/asia-southeast1-eqsg3a[\r][\n]"
19:20:06.598 [main] DEBUG org.apache.http.wire -- http-outgoing-3 << "X-Railway-Request-Id: 3zSksjy3SVqwUOYjacI7Nw[\r][\n]"
19:20:06.598 [main] DEBUG org.apache.http.wire -- http-outgoing-3 << "X-Ratelimit-Limit: 100[\r][\n]"
19:20:06.598 [main] DEBUG org.apache.http.wire -- http-outgoing-3 << "X-Ratelimit-Remaining: 98[\r][\n]"
19:20:06.598 [main] DEBUG org.apache.http.wire -- http-outgoing-3 << "X-Ratelimit-Reset: 1754137215[\r][\n]"
19:20:06.598 [main] DEBUG org.apache.http.wire -- http-outgoing-3 << "X-Xss-Protection: 1; mode=block[\r][\n]"
19:20:06.598 [main] DEBUG org.apache.http.wire -- http-outgoing-3 << "[\r][\n]"
19:20:06.598 [main] DEBUG org.apache.http.wire -- http-outgoing-3 << "{"recipes":[{"id":11,"name":"Chicken Biryani","image":"https://cdn.dummyjson.com/recipe-images/11.webp"},{"id":12,"name":"Chicken Karahi","image":"https://cdn.dummyjson.com/recipe-images/12.webp"},{"id":13,"name":"Aloo Keema","image":"https://cdn.dummyjson.com/recipe-images/13.webp"},{"id":14,"name":"Chapli Kebabs","image":"https://cdn.dummyjson.com/recipe-images/14.webp"},{"id":15,"name":"Saag (Spinach) with Makki di Roti","image":"https://cdn.dummyjson.com/recipe-images/15.webp"},{"id":16,"name":"Japanese Ram"
19:20:06.598 [main] DEBUG org.apache.http.headers -- http-outgoing-3 << HTTP/1.1 200 OK
19:20:06.598 [main] DEBUG org.apache.http.headers -- http-outgoing-3 << Access-Control-Allow-Origin: *
19:20:06.598 [main] DEBUG org.apache.http.headers -- http-outgoing-3 << Content-Length: 1012
19:20:06.598 [main] DEBUG org.apache.http.headers -- http-outgoing-3 << Content-Type: application/json; charset=utf-8
19:20:06.598 [main] DEBUG org.apache.http.headers -- http-outgoing-3 << Date: Sat, 02 Aug 2025 12:20:06 GMT
19:20:06.598 [main] DEBUG org.apache.http.headers -- http-outgoing-3 << Etag: W/"3f4-B6LmVbT4ZRm7V+yH/6IWVwOMmco"
19:20:06.598 [main] DEBUG org.apache.http.headers -- http-outgoing-3 << Server: railway-edge
19:20:06.598 [main] DEBUG org.apache.http.headers -- http-outgoing-3 << Strict-Transport-Security: max-age=15552000; includeSubDomains
19:20:06.598 [main] DEBUG org.apache.http.headers -- http-outgoing-3 << Vary: Accept-Encoding
19:20:06.598 [main] DEBUG org.apache.http.headers -- http-outgoing-3 << X-Content-Type-Options: nosniff
19:20:06.599 [main] DEBUG org.apache.http.headers -- http-outgoing-3 << X-Dns-Prefetch-Control: off
19:20:06.599 [main] DEBUG org.apache.http.headers -- http-outgoing-3 << X-Download-Options: noopen
19:20:06.599 [main] DEBUG org.apache.http.headers -- http-outgoing-3 << X-Frame-Options: SAMEORIGIN
19:20:06.599 [main] DEBUG org.apache.http.headers -- http-outgoing-3 << X-Powered-By: Cats on Keyboards
19:20:06.599 [main] DEBUG org.apache.http.headers -- http-outgoing-3 << X-Railway-Edge: railway/asia-southeast1-eqsg3a
19:20:06.599 [main] DEBUG org.apache.http.headers -- http-outgoing-3 << X-Railway-Request-Id: 3zSksjy3SVqwUOYjacI7Nw
19:20:06.599 [main] DEBUG org.apache.http.headers -- http-outgoing-3 << X-Ratelimit-Limit: 100
19:20:06.599 [main] DEBUG org.apache.http.headers -- http-outgoing-3 << X-Ratelimit-Remaining: 98
19:20:06.599 [main] DEBUG org.apache.http.headers -- http-outgoing-3 << X-Ratelimit-Reset: 1754137215
19:20:06.599 [main] DEBUG org.apache.http.headers -- http-outgoing-3 << X-Xss-Protection: 1; mode=block
19:20:06.599 [main] DEBUG org.apache.http.impl.execchain.MainClientExec -- Connection can be kept alive indefinitely
19:20:06.599 [main] DEBUG org.apache.http.wire -- http-outgoing-3 << "en Soup","image":"https://cdn.dummyjson.com/recipe-images/16.webp"},{"id":17,"name":"Moroccan Chickpea Tagine","image":"https://cdn.dummyjson.com/recipe-images/17.webp"},{"id":18,"name":"Korean Bibimbap","image":"https://cdn.dummyjson.com/recipe-images/18.webp"},{"id":19,"name":"Greek Moussaka","image":"https://cdn.dummyjson.com/recipe-images/19.webp"},{"id":20,"name":"Butter Chicken (Murgh Makhani)","image":"https://cdn.dummyjson.com/recipe-images/20.webp"}],"total":50,"skip":10,"limit":10}"
19:20:06.599 [main] DEBUG org.apache.http.impl.conn.PoolingHttpClientConnectionManager -- Connection [id: 3][route: {s}->https://dummyjson.com:443] can be kept alive indefinitely
19:20:06.599 [main] DEBUG org.apache.http.impl.conn.DefaultManagedHttpClientConnection -- http-outgoing-3: set socket timeout to 0
19:20:06.599 [main] DEBUG org.apache.http.impl.conn.PoolingHttpClientConnectionManager -- Connection released: [id: 3][route: {s}->https://dummyjson.com:443][total available: 1; route allocated: 1 of 5; total allocated: 1 of 10]
19:20:06.599 [main] DEBUG org.apache.http.impl.conn.PoolingHttpClientConnectionManager -- Connection manager is shutting down
19:20:06.599 [main] DEBUG org.apache.http.impl.conn.DefaultManagedHttpClientConnection -- http-outgoing-3: Close connection
19:20:06.599 [main] DEBUG org.apache.http.impl.conn.PoolingHttpClientConnectionManager -- Connection manager shut down
19:20:06.600 [main] DEBUG com.intuit.karate -- response time in milliseconds: 85
1 < 200
1 < Access-Control-Allow-Origin: *
1 < Content-Length: 1012
1 < Content-Type: application/json; charset=utf-8
1 < Date: Sat, 02 Aug 2025 12:20:06 GMT
1 < Etag: W/"3f4-B6LmVbT4ZRm7V+yH/6IWVwOMmco"
1 < Server: railway-edge
1 < Strict-Transport-Security: max-age=15552000; includeSubDomains
1 < Vary: Accept-Encoding
1 < X-Content-Type-Options: nosniff
1 < X-Dns-Prefetch-Control: off
1 < X-Download-Options: noopen
1 < X-Frame-Options: SAMEORIGIN
1 < X-Powered-By: Cats on Keyboards
1 < X-Railway-Edge: railway/asia-southeast1-eqsg3a
1 < X-Railway-Request-Id: 3zSksjy3SVqwUOYjacI7Nw
1 < X-Ratelimit-Limit: 100
1 < X-Ratelimit-Remaining: 98
1 < X-Ratelimit-Reset: 1754137215
1 < X-Xss-Protection: 1; mode=block
{"recipes":[{"id":11,"name":"Chicken Biryani","image":"https://cdn.dummyjson.com/recipe-images/11.webp"},{"id":12,"name":"Chicken Karahi","image":"https://cdn.dummyjson.com/recipe-images/12.webp"},{"id":13,"name":"Aloo Keema","image":"https://cdn.dummyjson.com/recipe-images/13.webp"},{"id":14,"name":"Chapli Kebabs","image":"https://cdn.dummyjson.com/recipe-images/14.webp"},{"id":15,"name":"Saag (Spinach) with Makki di Roti","image":"https://cdn.dummyjson.com/recipe-images/15.webp"},{"id":16,"name":"Japanese Ramen Soup","image":"https://cdn.dummyjson.com/recipe-images/16.webp"},{"id":17,"name":"Moroccan Chickpea Tagine","image":"https://cdn.dummyjson.com/recipe-images/17.webp"},{"id":18,"name":"Korean Bibimbap","image":"https://cdn.dummyjson.com/recipe-images/18.webp"},{"id":19,"name":"Greek Moussaka","image":"https://cdn.dummyjson.com/recipe-images/19.webp"},{"id":20,"name":"Butter Chicken (Murgh Makhani)","image":"https://cdn.dummyjson.com/recipe-images/20.webp"}],"total":50,"skip":10,"limit":10}

19:20:06.601 [main] DEBUG com.jayway.jsonpath.internal.path.CompiledPath -- Evaluating path: $['recipes'][0]['name']
19:20:06.602 [main] DEBUG com.jayway.jsonpath.internal.path.CompiledPath -- Evaluating path: $['recipes'][0]['image']
19:20:06.602 [main] INFO com.intuit.karate -- [print] {
  "recipes": [
    {
      "id": 11,
      "name": "Chicken Biryani",
      "image": "https://cdn.dummyjson.com/recipe-images/11.webp"
    },
    {
      "id": 12,
      "name": "Chicken Karahi",
      "image": "https://cdn.dummyjson.com/recipe-images/12.webp"
    },
    {
      "id": 13,
      "name": "Aloo Keema",
      "image": "https://cdn.dummyjson.com/recipe-images/13.webp"
    },
    {
      "id": 14,
      "name": "Chapli Kebabs",
      "image": "https://cdn.dummyjson.com/recipe-images/14.webp"
    },
    {
      "id": 15,
      "name": "Saag (Spinach) with Makki di Roti",
      "image": "https://cdn.dummyjson.com/recipe-images/15.webp"
    },
    {
      "id": 16,
      "name": "Japanese Ramen Soup",
      "image": "https://cdn.dummyjson.com/recipe-images/16.webp"
    },
    {
      "id": 17,
      "name": "Moroccan Chickpea Tagine",
      "image": "https://cdn.dummyjson.com/recipe-images/17.webp"
    },
    {
      "id": 18,
      "name": "Korean Bibimbap",
      "image": "https://cdn.dummyjson.com/recipe-images/18.webp"
    },
    {
      "id": 19,
      "name": "Greek Moussaka",
      "image": "https://cdn.dummyjson.com/recipe-images/19.webp"
    },
    {
      "id": 20,
      "name": "Butter Chicken (Murgh Makhani)",
      "image": "https://cdn.dummyjson.com/recipe-images/20.webp"
    }
  ],
  "total": 50,
  "skip": 10,
  "limit": 10
}
 
]]></system-out>
  </testcase>
  <testcase name="[5:44] Get Recipes Sorted by Name ASC" classname="dummyjson/Recipes" time="0.107">
    <system-out><![CDATA[19:20:06.612 [main] DEBUG org.apache.http.client.protocol.RequestAddCookies -- CookieSpec selected: karate
19:20:06.612 [main] DEBUG org.apache.http.client.protocol.RequestAuthCache -- Auth cache not set in the context
19:20:06.612 [main] DEBUG com.intuit.karate -- request:
1 > GET https://dummyjson.com/recipes?sortBy=name&order=asc
1 > Host: dummyjson.com
1 > Connection: Keep-Alive
1 > User-Agent: Apache-HttpClient/4.5.14 (Java/21.0.8)
1 > Accept-Encoding: gzip,deflate


19:20:06.612 [main] DEBUG org.apache.http.impl.conn.PoolingHttpClientConnectionManager -- Connection request: [route: {s}->https://dummyjson.com:443][total available: 0; route allocated: 0 of 5; total allocated: 0 of 10]
19:20:06.612 [main] DEBUG org.apache.http.impl.conn.PoolingHttpClientConnectionManager -- Connection leased: [id: 4][route: {s}->https://dummyjson.com:443][total available: 0; route allocated: 1 of 5; total allocated: 1 of 10]
19:20:06.612 [main] DEBUG org.apache.http.impl.execchain.MainClientExec -- Opening connection {s}->https://dummyjson.com:443
19:20:06.612 [main] DEBUG org.apache.http.impl.conn.DefaultHttpClientConnectionOperator -- Connecting to dummyjson.com/66.33.22.3:443
19:20:06.612 [main] DEBUG org.apache.http.conn.ssl.SSLConnectionSocketFactory -- Connecting socket to dummyjson.com/66.33.22.3:443 with timeout 30000
19:20:06.634 [main] DEBUG org.apache.http.conn.ssl.SSLConnectionSocketFactory -- Enabled protocols: [TLSv1.3, TLSv1.2]
19:20:06.635 [main] DEBUG org.apache.http.conn.ssl.SSLConnectionSocketFactory -- Enabled cipher suites:[TLS_AES_256_GCM_SHA384, TLS_AES_128_GCM_SHA256, TLS_CHACHA20_POLY1305_SHA256, TLS_ECDHE_ECDSA_WITH_AES_256_GCM_SHA384, TLS_ECDHE_ECDSA_WITH_AES_128_GCM_SHA256, TLS_ECDHE_ECDSA_WITH_CHACHA20_POLY1305_SHA256, TLS_ECDHE_RSA_WITH_AES_256_GCM_SHA384, TLS_ECDHE_RSA_WITH_CHACHA20_POLY1305_SHA256, TLS_ECDHE_RSA_WITH_AES_128_GCM_SHA256, TLS_DHE_RSA_WITH_AES_256_GCM_SHA384, TLS_DHE_RSA_WITH_CHACHA20_POLY1305_SHA256, TLS_DHE_DSS_WITH_AES_256_GCM_SHA384, TLS_DHE_RSA_WITH_AES_128_GCM_SHA256, TLS_DHE_DSS_WITH_AES_128_GCM_SHA256, TLS_ECDHE_ECDSA_WITH_AES_256_CBC_SHA384, TLS_ECDHE_RSA_WITH_AES_256_CBC_SHA384, TLS_ECDHE_ECDSA_WITH_AES_128_CBC_SHA256, TLS_ECDHE_RSA_WITH_AES_128_CBC_SHA256, TLS_DHE_RSA_WITH_AES_256_CBC_SHA256, TLS_DHE_DSS_WITH_AES_256_CBC_SHA256, TLS_DHE_RSA_WITH_AES_128_CBC_SHA256, TLS_DHE_DSS_WITH_AES_128_CBC_SHA256, TLS_ECDHE_ECDSA_WITH_AES_256_CBC_SHA, TLS_ECDHE_RSA_WITH_AES_256_CBC_SHA, TLS_ECDHE_ECDSA_WITH_AES_128_CBC_SHA, TLS_ECDHE_RSA_WITH_AES_128_CBC_SHA, TLS_DHE_RSA_WITH_AES_256_CBC_SHA, TLS_DHE_DSS_WITH_AES_256_CBC_SHA, TLS_DHE_RSA_WITH_AES_128_CBC_SHA, TLS_DHE_DSS_WITH_AES_128_CBC_SHA, TLS_RSA_WITH_AES_256_GCM_SHA384, TLS_RSA_WITH_AES_128_GCM_SHA256, TLS_RSA_WITH_AES_256_CBC_SHA256, TLS_RSA_WITH_AES_128_CBC_SHA256, TLS_RSA_WITH_AES_256_CBC_SHA, TLS_RSA_WITH_AES_128_CBC_SHA, TLS_EMPTY_RENEGOTIATION_INFO_SCSV]
19:20:06.635 [main] DEBUG org.apache.http.conn.ssl.SSLConnectionSocketFactory -- Starting handshake
19:20:06.674 [main] DEBUG org.apache.http.conn.ssl.SSLConnectionSocketFactory -- Secure session established
19:20:06.674 [main] DEBUG org.apache.http.conn.ssl.SSLConnectionSocketFactory --  negotiated protocol: TLSv1.3
19:20:06.674 [main] DEBUG org.apache.http.conn.ssl.SSLConnectionSocketFactory --  negotiated cipher suite: TLS_AES_128_GCM_SHA256
19:20:06.674 [main] DEBUG org.apache.http.conn.ssl.SSLConnectionSocketFactory --  peer principal: CN=dummyjson.com
19:20:06.674 [main] DEBUG org.apache.http.conn.ssl.SSLConnectionSocketFactory --  peer alternative names: [dummyjson.com]
19:20:06.674 [main] DEBUG org.apache.http.conn.ssl.SSLConnectionSocketFactory --  issuer principal: CN=R11, O=Let's Encrypt, C=US
19:20:06.674 [main] DEBUG org.apache.http.impl.conn.DefaultHttpClientConnectionOperator -- Connection established 192.168.1.4:55048<->66.33.22.3:443
19:20:06.674 [main] DEBUG org.apache.http.impl.conn.DefaultManagedHttpClientConnection -- http-outgoing-4: set socket timeout to 30000
19:20:06.675 [main] DEBUG org.apache.http.impl.execchain.MainClientExec -- Executing request GET /recipes?sortBy=name&order=asc HTTP/1.1
19:20:06.675 [main] DEBUG org.apache.http.impl.execchain.MainClientExec -- Target auth state: UNCHALLENGED
19:20:06.675 [main] DEBUG org.apache.http.impl.execchain.MainClientExec -- Proxy auth state: UNCHALLENGED
19:20:06.675 [main] DEBUG org.apache.http.headers -- http-outgoing-4 >> GET /recipes?sortBy=name&order=asc HTTP/1.1
19:20:06.675 [main] DEBUG org.apache.http.headers -- http-outgoing-4 >> Host: dummyjson.com
19:20:06.675 [main] DEBUG org.apache.http.headers -- http-outgoing-4 >> Connection: Keep-Alive
19:20:06.675 [main] DEBUG org.apache.http.headers -- http-outgoing-4 >> User-Agent: Apache-HttpClient/4.5.14 (Java/21.0.8)
19:20:06.675 [main] DEBUG org.apache.http.headers -- http-outgoing-4 >> Accept-Encoding: gzip,deflate
19:20:06.675 [main] DEBUG org.apache.http.wire -- http-outgoing-4 >> "GET /recipes?sortBy=name&order=asc HTTP/1.1[\r][\n]"
19:20:06.675 [main] DEBUG org.apache.http.wire -- http-outgoing-4 >> "Host: dummyjson.com[\r][\n]"
19:20:06.675 [main] DEBUG org.apache.http.wire -- http-outgoing-4 >> "Connection: Keep-Alive[\r][\n]"
19:20:06.675 [main] DEBUG org.apache.http.wire -- http-outgoing-4 >> "User-Agent: Apache-HttpClient/4.5.14 (Java/21.0.8)[\r][\n]"
19:20:06.675 [main] DEBUG org.apache.http.wire -- http-outgoing-4 >> "Accept-Encoding: gzip,deflate[\r][\n]"
19:20:06.675 [main] DEBUG org.apache.http.wire -- http-outgoing-4 >> "[\r][\n]"
19:20:06.698 [main] DEBUG org.apache.http.wire -- http-outgoing-4 << "HTTP/1.1 200 OK[\r][\n]"
19:20:06.699 [main] DEBUG org.apache.http.wire -- http-outgoing-4 << "Access-Control-Allow-Origin: *[\r][\n]"
19:20:06.699 [main] DEBUG org.apache.http.wire -- http-outgoing-4 << "Content-Encoding: gzip[\r][\n]"
19:20:06.699 [main] DEBUG org.apache.http.wire -- http-outgoing-4 << "Content-Type: application/json; charset=utf-8[\r][\n]"
19:20:06.699 [main] DEBUG org.apache.http.wire -- http-outgoing-4 << "Date: Sat, 02 Aug 2025 12:20:06 GMT[\r][\n]"
19:20:06.699 [main] DEBUG org.apache.http.wire -- http-outgoing-4 << "Etag: W/"6c35-znr1CKawO0epqE42hevJyMusf8k"[\r][\n]"
19:20:06.699 [main] DEBUG org.apache.http.wire -- http-outgoing-4 << "Server: railway-edge[\r][\n]"
19:20:06.699 [main] DEBUG org.apache.http.wire -- http-outgoing-4 << "Strict-Transport-Security: max-age=15552000; includeSubDomains[\r][\n]"
19:20:06.699 [main] DEBUG org.apache.http.wire -- http-outgoing-4 << "Vary: Accept-Encoding[\r][\n]"
19:20:06.699 [main] DEBUG org.apache.http.wire -- http-outgoing-4 << "X-Content-Type-Options: nosniff[\r][\n]"
19:20:06.699 [main] DEBUG org.apache.http.wire -- http-outgoing-4 << "X-Dns-Prefetch-Control: off[\r][\n]"
19:20:06.699 [main] DEBUG org.apache.http.wire -- http-outgoing-4 << "X-Download-Options: noopen[\r][\n]"
19:20:06.699 [main] DEBUG org.apache.http.wire -- http-outgoing-4 << "X-Frame-Options: SAMEORIGIN[\r][\n]"
19:20:06.699 [main] DEBUG org.apache.http.wire -- http-outgoing-4 << "X-Powered-By: Cats on Keyboards[\r][\n]"
19:20:06.699 [main] DEBUG org.apache.http.wire -- http-outgoing-4 << "X-Railway-Edge: railway/asia-southeast1-eqsg3a[\r][\n]"
19:20:06.699 [main] DEBUG org.apache.http.wire -- http-outgoing-4 << "X-Railway-Request-Id: O4Z3wJZCQdyuIEOPDcO5xA[\r][\n]"
19:20:06.699 [main] DEBUG org.apache.http.wire -- http-outgoing-4 << "X-Ratelimit-Limit: 100[\r][\n]"
19:20:06.699 [main] DEBUG org.apache.http.wire -- http-outgoing-4 << "X-Ratelimit-Remaining: 97[\r][\n]"
19:20:06.699 [main] DEBUG org.apache.http.wire -- http-outgoing-4 << "X-Ratelimit-Reset: 1754137216[\r][\n]"
19:20:06.699 [main] DEBUG org.apache.http.wire -- http-outgoing-4 << "X-Xss-Protection: 1; mode=block[\r][\n]"
19:20:06.699 [main] DEBUG org.apache.http.wire -- http-outgoing-4 << "Transfer-Encoding: chunked[\r][\n]"
19:20:06.699 [main] DEBUG org.apache.http.wire -- http-outgoing-4 << "[\r][\n]"
19:20:06.699 [main] DEBUG org.apache.http.wire -- http-outgoing-4 << "a[\r][\n]"
19:20:06.699 [main] DEBUG org.apache.http.wire -- http-outgoing-4 << "[0x1f][0x8b][0x8][0x0][0x0][0x0][0x0][0x0][0x0][0x3][\r][\n]"
19:20:06.699 [main] DEBUG org.apache.http.headers -- http-outgoing-4 << HTTP/1.1 200 OK
19:20:06.699 [main] DEBUG org.apache.http.headers -- http-outgoing-4 << Access-Control-Allow-Origin: *
19:20:06.699 [main] DEBUG org.apache.http.headers -- http-outgoing-4 << Content-Encoding: gzip
19:20:06.699 [main] DEBUG org.apache.http.headers -- http-outgoing-4 << Content-Type: application/json; charset=utf-8
19:20:06.699 [main] DEBUG org.apache.http.headers -- http-outgoing-4 << Date: Sat, 02 Aug 2025 12:20:06 GMT
19:20:06.699 [main] DEBUG org.apache.http.headers -- http-outgoing-4 << Etag: W/"6c35-znr1CKawO0epqE42hevJyMusf8k"
19:20:06.699 [main] DEBUG org.apache.http.headers -- http-outgoing-4 << Server: railway-edge
19:20:06.699 [main] DEBUG org.apache.http.headers -- http-outgoing-4 << Strict-Transport-Security: max-age=15552000; includeSubDomains
19:20:06.699 [main] DEBUG org.apache.http.headers -- http-outgoing-4 << Vary: Accept-Encoding
19:20:06.699 [main] DEBUG org.apache.http.headers -- http-outgoing-4 << X-Content-Type-Options: nosniff
19:20:06.699 [main] DEBUG org.apache.http.headers -- http-outgoing-4 << X-Dns-Prefetch-Control: off
19:20:06.699 [main] DEBUG org.apache.http.headers -- http-outgoing-4 << X-Download-Options: noopen
19:20:06.699 [main] DEBUG org.apache.http.headers -- http-outgoing-4 << X-Frame-Options: SAMEORIGIN
19:20:06.699 [main] DEBUG org.apache.http.headers -- http-outgoing-4 << X-Powered-By: Cats on Keyboards
19:20:06.699 [main] DEBUG org.apache.http.headers -- http-outgoing-4 << X-Railway-Edge: railway/asia-southeast1-eqsg3a
19:20:06.699 [main] DEBUG org.apache.http.headers -- http-outgoing-4 << X-Railway-Request-Id: O4Z3wJZCQdyuIEOPDcO5xA
19:20:06.699 [main] DEBUG org.apache.http.headers -- http-outgoing-4 << X-Ratelimit-Limit: 100
19:20:06.699 [main] DEBUG org.apache.http.headers -- http-outgoing-4 << X-Ratelimit-Remaining: 97
19:20:06.699 [main] DEBUG org.apache.http.headers -- http-outgoing-4 << X-Ratelimit-Reset: 1754137216
19:20:06.699 [main] DEBUG org.apache.http.headers -- http-outgoing-4 << X-Xss-Protection: 1; mode=block
19:20:06.699 [main] DEBUG org.apache.http.headers -- http-outgoing-4 << Transfer-Encoding: chunked
19:20:06.699 [main] DEBUG org.apache.http.impl.execchain.MainClientExec -- Connection can be kept alive indefinitely
19:20:06.700 [main] DEBUG org.apache.http.wire -- http-outgoing-4 << "1bbe[\r][\n]"
19:20:06.700 [main] DEBUG org.apache.http.wire -- http-outgoing-4 << "[0xb5]][0xdb][0x92][0xdc][0xb8][0x91][0xfd][0x15][0xb8]^V[0x13]A[0xf5][0xf4]Uj[0xe9]Mj[0x8d][0xe4][0xf1][0xa8]wdu[0xef]N[0xec]n[0xf8][0x1]E[0xa2]H[0xa8]@[0x80][0x6][0xc0].[0xb5][0x1c][0xfe][0x9e][\r][0xbf]y[0xc1][0xf3]c[0x1b][0x99][0x0]H[0x80]Du]<[0x8e][0xf0][0x83]U[0xcd][0xb][0x0][0xe6]Id[0x9e]<[0x89][0xf9][0xcb]B[0xb3][0x92]w[0xcc],^[0xff][0xcf]_[0x16][0xbc]Z[0xbc]>[0xbb]([0x16][0x92][0xb6]l[0xf1]z[0xf1]F(E~b[0xac][0xa5][0x8b]b[0xc1]e[0xad]Y[0xc5][0x99][0xb4]p[0xed][0xe2][0x83]V[0xbd][0xac][0xc8][0x92][0xb1][0xd5][0xa2]X|R[0x96]Z[0xc5]LA:[0xc6][0x4][0xab][0x8][0x95][0x15][0xa9]x[0xc9][0xaa]E[0xb1][0xf8]Yr%MAV\2[0xf1]H[0xca]Fu[0x1d][0xfe][0xe1]^[0xb5][0xfe][0xae][0xf1][0xb7][0xf]\[0xd6]L?[0xaf][0xa9][0x16][0xbc]$[0x1d]5[0x96]-[0x8a][0xc5]M[0xdf]rI:[0xb5][0xa9][0x98][0x86]*[0xcd][0xa9][0xac][0x98][0x1e][0xba][0xef]u[0xcb]4[0xdc][0x12]~[0xf9][0xcc]*R6\[0xf0][0xf8]>[0xb5][0xe6][0xb2]&[0x8a][0x8b]E[0xb1]x[0xaf][0x99]iH9<K0[0xfa][0xc0][0xcc][0xa2]X[0xdc]Qa[0x89]U[0xc4][0xe2][0xdb][0xff][0x4]s7V[0xf7][0xa5][0x85]y[0xc0][0xe4][0x94][0x84][0x92][0x8e][0xca][0x82]4[0x8c]ZR[0x8e][0x8f][0xc5][0x89][0x1b][0xda][0xdb]_[0xff][0x16]&E[0x14][0xce][0x9f][0xf4][0xd2]rAj%*&[0xc9]R[0xab][0x8d]<Y[0x14][0x8b]7UE[0xea][0xf9][0x9c][0xe3][0xe7][0xb8][0x1b]W[0x9a][0xd6][0x9a]J;[0xdc]4~[0x0][0xbc][0x18][0x6][0xe1]/[0xc5][0x87][0xb3][0xea][0x84][0xbc][0xd3][0x94]K[0xc2][0xbe][0x96][0xcc][0x18][0x1c][0x1d]_[0x11][0xc9]X[0xc5][0xaa][0xf0][0x14][0xfc]F[0xa4][0x1b]>_[0x18][0xb3][0x1d]>[\r][0xe][0xa4][0xe3]%3'[0xe4][0x96]%[0x1b]&[0xc4][0x9][0xae][0xe5][0x3][0xd3][0xee][0xaf][0xbc]m[0x99][0xf6][0xef][0xb6][\r][0x1b][0x1e]G[0xa8]f[0xc4]2\\[0xb8][0x10][0xfe][0xd6]RC[0x5]%[0xdc][0xe0][0x83][0x9e][0xc3][0xa8][0xdd]h>P-[0xb9]i[0xc8][0x86][0xdb][0x86][0xac][0xb2][0x9f][0xc6][0xbd][0x8d][0xe9][0x7]F[0x1a]e[0xdd][0x95][0x92]RI[0x94]&[0x9a][0x97][0xec][0x4][0xbe]U[0xa7]Yw[0xcf][v[0xcb]eo[0xc1][0xae][0xcf][0xaf][0x8a][0x5][0xbc]&[0xf9][0xf1][0xe2][0xaa]X[0xc0][0x93][0xb8][0xac][0xcd][0xe2][0xf5]U[0xb1][0xa8][0xf8]j[0xc5][0xcb]^[0xd8][0xc7][0xc5][0xeb][0xc5]-[0xab]x[0xdf].[0x8a]E[0xd9]s[0xc3]%`[0xe1][0x13]]sc[0xa9][0xe4][0xf0]+[0x15]Jsf>1}[0xe7][0x9e][0xb1]x}q}Z,,[0xad][0xd1]>[0x2]f[0x2],[0x16][0xc5][0xe2][0x16][0xbe]D[0xa9]zm[0xc0][0x9e][0xe3][0xa7][0xbd]1[0x9c]J[0x18]yo[0x98][0xfe][0x11][0x10]xu^,xKkxocmg^[0xff]}Y[0xc9][0x93][0xaa]o[0xdb][0xc7]/F[0xc9][0x93]R[0xb5][0xdf];[0xe0]>[0xc7][0xb][0xcd][0xf7]g[0x17]'[0x1b][0xb6][0xec][0x16][0xc5]BS[0x8b]#[0xba]<yQ,4{[0xe0]ls[0xa3]zi[0x17][0xaf][0xaf].[0x8a]E[0xcb][0xa8][0xb8][0xec][0x18][0xc][0xf3]c/[0xcb]fQ,[0xde]q)[0x99]^[0xfc][0xe9][0xaf][0x85]s[0x1][0xd7][0x83][0x7]x[0x1b][0xac][0xeb][0xad]Ve[0xa9][0x4]'w[0x96][0xeb][0xe7][0xef][0xf5][0xe3][0xdc]#[0xe0][0xb5][0x86]k[0xa1][0xb8],[0x88]m[0xb8][0x14][0x8f][0xc4][0x8][0xef][0x4][0x86][0x7][0xac][0x84][0xd2][0xcc]"[0xcc][0xd4]#[0x98]x[0x9][0xb][0xf2][0xf3][0xa3][0xb1]L[0xf][0xff][0xbc]c[0x86][0xb6][0xcc][0xe3][0xf4][0x3][0xe2][0xa2] -[0x97]e[0xe4]#[0xa2][0x1f]n[0x94][0x96][0xc6]R[0x8d][0xb3][0xb9]A[0x93]"[0x9b][0x86][[0x86]fAVJ[0x13][0xff][0xb1][0xb7][0xa2]y[0xa9]6[0x2][0x9e][0xf8][0x95][0x98]0[0xac][0x82][0xa8]hT[0x5]1[0xc3][0xa0][\n]"
19:20:06.700 [main] DEBUG org.apache.http.wire -- http-outgoing-4 << "[0x8f][0xb8][0xf0]Vp[0x16][0xa5]f[0xd4]2[0xb4]q[0xbc][0x1e]l[0x1a][0x9f][0xbc]Q[0xeb][0x82][0x18]X[0xb6][0x95]~L[0xd7][0xc5][0xa1]w[0x2][0xda][0xcf][0xac]U[0xf][0x8c][0xac][0xb4]j[0xf1]i[0x1b][0xb5][0x86]g[0xdd][0x85]','+[0x19][0xd6][0x81][0xd4]~[0x9d]`l[0xe1]'\)[0xc2][0xa5][0x1f]W;<[0xe][0xc0][0xf][0xbf]9[0x0][0xba][0x81],i[0xb9]F[0xbf][0xe7][0xde][0x8a][0xf][0xea]T[0xaf][0xc7]I[0x11][0x4]=[0xe2][0x98][0xb5][0xbd]fad~[0x12][0xec][0x81][0xe9]G[0x98]b[\r][0x8]/[0x15][0xb5]~/[0x0]?[0x9]n[0xa5][0xd1][0xaa][0xaf][0x1b][0xbc][0xb]q[0x8c][0xcf]+[0xa7]_l[0xb][0x90]O3@>K[0x80]|[0xb9][0x1b][0xc8][0xe]n{[0x80][0xf8][0xad][0xdb][0xda][0xc2][0xba]g[0x91]z}8P[0xaf][0xe7]8}9[0xc5][0xe9]u[0x8a][0xd3])>[0xc1][0xa3][0x5][0x80][0x8a][0x9e]-[0x99][0xd6][0x8f][0xe4]-[0x95]TRr[0xd7]*e[0x1b][0xce]2[0xf8][0xf4][0x97]r[0xf0][0xea][0xce][0xc1]*[\r]f[0xf6][0x8d][0xc1]z[0xb8][0xfb][0x93][\r]|[0x0][0xef][0x7][0xcd][0xd8][0x9a]<[0xaa][0xba][0xd7][0x16][0xd6]A[0xb4][\n]"
19:20:06.700 [main] DEBUG org.apache.http.wire -- http-outgoing-4 << "mL[0xac][0x17][0xc5][0xe2][0xf7]J2X[0x9d][0x9b][0x86]Sb[0x18][0xab][0xc]y[0xa6]:@[0x17][0x15][0xdf]m[0xc7][0x9b][0xc0]}[0xa1] [0xa5]j[0x97]\2[0xb2][0x8c][0x87][0xb7][0xf4][0x83][0x89]_\[0x10]:[0xbe][0xd7]Yy[0x3][0xaf][0x6]cz[0xb]O[0xf3]6hp[0x5][0x1c]B5[0xa3][0xed]c0[0xf7]r[0x1c] x[0x4][0xf6][0xd5]jJdo5[0x87][0xa1][0xe1][\r]8*[0xb2][0xd4][0x9c][0xad][0x4][0xde][0xf7][0x9][0xcc][0x9f]K[0xab][0x8]%[0xb5][0xa0][0xc6][0xed]AL~Q[0x8]e3[0xdc][0xdf][0x1b][0xb2][0xf5][[0xfc].k[0xce]g9s>[0x8d][0xad][0xf9]lb[0xcd]?P[0xf3][0x98][0xd8]r[0xf4][0xb1]s[0xe6]|~[0x1e][0x99]st[0xed]0[0xd0][0xe1][0xb3]'F[0xfd][0xe2]p[0xa3]>[0xbf][0x9a][[0xf5][0xf5][0xc4][0xaa]/NS[0xab]~[0xab][0x19]][0xaf][0xa8][0x1][0x8b]z[0xb][0x8e][0x3]^9[0xd8]8\[0x1d]l\[0xd3]o\p*[0xc9][\r][0xe5][0x1d][0xd7]\6[0x99][0x80][0xf4][0x86][0x96][\r][0xfd][0xf5])y6^o[0xfa][0x9a][0xea][0x92]J[0x6][0x11][0x8c][0xe6][0xf6][0xbb]E[0xb1][0xf8][0xc8][V[0x90][0xb2][0xb7][0xee][0xb3]nXU[0xe3][0x6][0xfd]AS[0xd9][0xb][0xf4]Rx[0x1b][0xb8][0xef][0x92][0x91][0xb2]_2[0xb3][0xd5][0x8a][0xd1]$[\n]"
19:20:06.700 [main] DEBUG org.apache.http.wire -- http-outgoing-4 << "[0xd2][0xf6]U%[0x18][0x11][0x1c][0xfc]+>[0xd0][0x5]'[0xf5][0xe4][0x99][0xe0]\5[0x13][0x8c][0x1a][0xb7]Q|[0xe9][0xb9][0xdb]([0xde]s[0xe1]B'gcx3[0xf]o[0x1f][0xec][0xb0][0xc]S[0x1c][0xbc]0\[0x83]H[0x5][0x17][0x1c]"[0xb3];[0xde]%V[0xca][0x88]f[0x88]wp[0xcb][0x18][0xd3][0x12][0xb5][0xc2][0xdf]s+[0xfb];D[0xcb][0x97][0xde]X?fx[0x14][0xce][0xcc]*bzn[0xc9]#n[0x9][0xf8][0x9c]N[0xb3][0x15][0xd3]LBt[0x98]5[0xf2]\[0xec]u[0x98][0x8d][0xf]c[0xdc]b[0xe4]gW[0x91][0x91]'[0x6][0x12][0xdf]y[0xa3][0xca][0xb5][0xa5]\$[0x86]~qy[0xb8][0xa5]_[0x9c][0xce]-[0xfd]r[0xea][0xbf][0xaf]&[0x96]>[0xb7][0xee][0xab][0x9c]u7[0xaa]T`-[0xe4][0xad][0xe6]5[0xad][0x18][0xd7][0xca][0xcc][\r][0xfd]n[0xc3][0x98]e[0x12][0xb2][0x1b]%+&[\r][0x1b]\[0xf1][0x8d]*[0x15][0x1d][0xd3][0x9d][0xff][0x90][0x86][\n]"
19:20:06.700 [main] DEBUG org.apache.http.wire -- http-outgoing-4 << "0[0xbe]eo[0xad]K[0x80][0x86]W[0x98]Ns[0xb9][0x16]O[0xd8]6n[0xf8][0x98][0xe4][0x4][0x17]m[0xb6][0xbc][0x19][0xae][0x18]_[0xec]\s[0x9f][0xbe][0xfb][0xc4][0x7]f[0xce]t[[0xdc][0x96]1(p[0xa1][0x91][0x6][0xd3],[0x15][0x84]S[0xd2][0x8a][0xc7]"J&|[0xa0][0x1][0xde][0xb6]\3[0xe9][0x1c]p[0xd7][0xb]a[0x8][0xdd][0xd0][0xc7]1N[0xea](&T[0x1f][0x99]M[0xee]+[0x95][0x12]'[0xb0][0x91][0x0][0xe8][0xd0]t[0x1b]*+[0x8f]178|[0xa4]VB8[0x97]`Z*[0x4]YR![0x8c][0x1b]6uO\[0x8e]_[0x5]"[0xaa]r[0xbe][0x96]p[0xf9]}[0xc3]L[0x82][0xac][0xdc]W[0xc5][0xcc][0x88][0x92][0x8a][0x9]^7v[0xd5][0xb][0xb7][0xb6][0xc4]B[0x10][0x99][0xdf].[0xf2][0xd1]O[0x82][0xa5][0xeb][0x1a]K[0xf1][0x86][0x91][0x1a][0xe1]xk[0x8c][0xa0][0x97]WG ([0xb3]W[0x9c]O[0x10][0xf4]b[0x82][0xa0]w[0xcc][0x18][0xa6]m[0x14][0x2]E[0xdb][0x83][0xfb][0x86]7[0xce]>[0xc8][0xb3][0xdb]^[0xd7][\r][0xb9][0xa5][0xeb][0x86]J[0xfe]]f[0xa3][0xf0][0x17][0xda][0x86][0xd7][\r][0xc4][0x1a]J2[0xc1][0xfc][0xce]n[0xd6]\[0xc2]?[0x16][0xc5][0xe2][0xbf]B[0xb8][0x93][0xa7]$>PM[[0x9f][0xce].[0x8a][0xc5]O[0xd4]4-[0xd7][0x9c][0xe8]9[0xed][0xe0]x[0xe][0xd2][0xf5][0x9a][0xe1][0xf6][0x1b][0xd0][0xf8]{F[0x1f][0x1e]][0x90][0xe2][0x9e][0xd0]kNZf[0x1b]N[0x9e]U[0x9a][0xb3][0x8a][0xac][0x98][0xec]k[0x8c][0x81]\[0x6][0xc][0xd3][0xb9][0xf3][0xbb][0xd3]N[0x96][0xe2][0x96]j.[0xc1][0xf0][0xca]d[0xc6]`[0xbb]t[0x80][0x87]Z[\r][0xe1]U[0x86][0x86]( [0xa9][0x18][0xa6][0xe9][0x90][0xbd]u[0xa6]C[0xc6][0x83]N[0xa3]e[0xc2][0xc6][0xf8][0xf2]d[0x86][0xe3][0x0][0xdc][0xc0][0xaa]adi[\n]"
19:20:06.700 [main] DEBUG org.apache.http.wire -- http-outgoing-4 << "[0x14][0xd2][0x93]h[0xd9][0xa6][0x14][0x7]<[0x6][0x8][\r][0xc3]:[0xaa][0xa9][0x5]r[0x2][0xd3][0x10].[0xc1][0xab][0x84]U[0xc5][0xdd][0xd0][0x83][0x93][0xac][0xa3][0xf5]-[0xdc][0xde][0xe6][0xd9][\r]*[0xec][0x9][0xb9][0x9b][0xb2][0x18]al[0xdc][0x90]U/[0x80][0xb8][0x1a][0xb8][\n]"
19:20:06.700 [main] DEBUG org.apache.http.wire -- http-outgoing-4 << "[0x97][0xbb]`[0xfc][0xe7]B[0xcc]0[0xd1]p[0xf]z9[0xcc]=[0x95][0x8e]x[\n]"
19:20:06.700 [main] DEBUG org.apache.http.wire -- http-outgoing-4 << "[0x8];[0xa9]$[0xb4][0xb7][\r][0x93][0x96][0x97]d[0xe0][0x1][0xbe][0xff]QV[0xe0]-[0xd8][0xd7][0x8e]i[0xe][0x1b]j~?[0xbd][0xc8]y[0x81][0xf3]Cs[0xa0]]d[0xc6]e[0x92][0x7]%SC2[0xce][0x85][0x8e]n[0xc8];[0xd9][0x8c][0x8b]#[0x92][0xa4][0xf3][0xcc].{5[0xf1][0x11][0x97][0x97]OgI[0x97]g[0x83][0x8b][0xb8][0xa1][0x9d]v^[0xb9]7e[0xc3][0xac][0xcd][0xc4][0x8f]oi[0xdd]3[0xb]&?[0xa4]=#?[0x19][0xa8]LG[0x19][0xb6][0xea][0xdb]7[0xaa][0x99][0x0]D[0xc][0x17][0xbb]?-[0xa9][0xe1]bd[0x12][0xdf]Rah[0xcb]K[0x88][0xeb][0xbe]![0xcf]![0xf8][0xc3]V^[0x3][0x11][0x8d][0xdb][0x1b][0xeb]:[0xa6][0x9f][0x4][0xf7]'[0xcd][0x90]{D <8F[0x91][0xb][0x7][0xc2]O[0x82][0x96][0x8c],[0xfd][0x84][0xdc][0x10][\r]Q[0x98]vQd*M[0x3][0xbb][\r]rr[0x8a][0x1a]Kzd[0xd9][0xdc]&[0x87][0x8f]I[0xd8][0xca][0x1][0xd8][0x8e]$[0x9][0xe1][0x80][0xe3][0xe]G[0xa6][0xd0]s[0x1a][0xab][0xd9][0x1a]e[0xf8][0x89][0xc0]3[0xae][0xc6]U[0x83][0xb7][0xbc][0xd3][0xfc][0xdb]7[0xc1][0x1c]dTX+[0xc8][0x7][0xe3]u[0xf4][0xb0]e[0xd4]([0xe9].5[0xe9][0xca]9[0xdc]+[0xe5]h[0xf][0xef]G[0x90][0x16][0x19]F5:@[0xe9][0x19][0xf]\[0x9][0x8]X[0xd2]u[0x8b][0xf1][0xe]6[0x14][0xed][0xd9]s[0xb3]2[0x4][0xfe]G[0xfe][0xdc][0xf3][0xd2][0xd1]'[0xf0][0xfd][0x1e][0x9][0xed]:f[0xf9]7[0x18]X6[0x13][0xcc]E[0xc9][0x9][0xa6]_[0xec][0xda][0xd9][0xb4]t[0xdf][0x18]9[0x1]A[0xb8]/[0x6][0xec][0xe5][0x11][0x80][0xbd]<[0xdb][0xbd][0xa9]_Lh[0x8d]7aUF[0xcc][0xbe][0x9a]A[0xf6][0x8e][\n]"
19:20:06.700 [main] DEBUG org.apache.http.wire -- http-outgoing-4 << "Z[0xcd][0xd1]z?[0xb1][0xba][0xc]6I[0xd9]0f[0xd8][0xc1][0x10][0xfd][0x1]y[0x81][0x7][0xae]k.G[0x1b]<[0x10][0x9e]o[0xb4][0xa6][0xb2]f[0x4]b`-qI[0x6][0x1c][0xae][0x6][0xcc][0xe0][0xd3][0xa6]xq@[0xf5][0xdf][0x9e]t[0x82][0x86][0xf8][0xf9][0xbe]/[0xd7]1`[0x2]+[0xbe]dv[0xc3][0x98][0xa7][0xf8][0x6][0x9b]M[0xa0][0x94][0xe2][0xc7]e[0x87][0xd9]i:k[0xdf][\n]"
19:20:06.700 [main] DEBUG org.apache.http.wire -- http-outgoing-4 << "[0xac]a[0xce]#*`[0xdb][0xac]8[0xb5]P[0xda]A"
19:20:06.701 [main] DEBUG org.apache.http.wire -- http-outgoing-4 << "[0xe3][0x8f][0x92]M[0x8][0x1a][0xaa]-6[0xbf][0x93][0xfd]8[0xff][0xe7]l[0xfe][0xfc]4&?[0xbc][0x15]y[0xab]J[0xcc][0xfd][0xfc][0x8]s[0xb5][0x9b]l[0xbf]>[0xcf][0x91][0xed][0x83][0xa5][0x9f]][0x8e][0xa6][0xde][0xd0]Np[0xf2][0x13][[0xd2]e&[0xdf]K+m{[0x14][0xd3]f[0x2][0x16]M[0xba]P--[0xb6][0xdd]L[\n]"
19:20:06.701 [main] DEBUG org.apache.http.wire -- http-outgoing-4 << ",[0xf1][0xdf]>[0xa9][0x96][0x1][0x81][0x9][0xe][0x90]f[0xff]Dq.S[0x8a][0xfb][0xa1][0xae]g[0x5][0xb9][0xfd][0xea]n[0x82][0xea][0x9a]E|}T[0x8]+&5[0xb7]"[0xda][0x9d][0xea][0xc9]"[0xcc][0xa6][0xee][0xd8][0xee][0xc9][0xa4][0x9f]([0xd1][0x1][0x89]4N<~b[0xf8]e[0x1a] [0xc7][0xe1]f\J[0x83][0x17]@[0xec]W[0xd7]0[0xfb]%[0xf][0xa5]2[0xbf]C[0xa1][0x93]P[0xba]u[0xd9][0xa9][0x9b][0xed]JPK[0xd6]h1'.[0x93]H[0xcb][0x90][0xdc][0xc7][0xe1][0xee][0x8d][\r][0x15]Bm[0x88][0xab]?0_[0x1a]t[0x83][0xd7]Y[0x2]ojx[0x15]oz[0xb3]B[[0xcb][0xa5]%e[0xd3][[0xa4]^[0xf7][0x8f]QO[0xe3][0x18][0xf5][0xe2]<)[0xb8]y[0xec]x[0xd2]~[0xcf][0xd0][0xf4][0xa8]B[0xdb][0xe5]n[0x2][0xff][0xd5][0xf5][0x93][0x85][0xb6]bq'i[0xb9]6Q[0xac][0x1a]9[0x3][0x97]A[0xbc][0x11]+[0xcd]*E>Q[0x93][0x8b]V[0xdf]3k[0xfb][0xb2][0x84]0[0xac][0xf3]W[0x84];[0x97]@u[0xd8]h[0xdb]K[0xd3][0xcc]OT[0xb7][0xcc]P9l[0x8f]5[0xe4]OU.[0x1e][0x1d][0x12][0xd5][0xad];_[0xd8]S;[0xaa][0x8d]`[0x8f][0x98][0xe0][0xd4][0xae][0x90][0x9b][0xc3]/2@[0xab][0xc9][0xd0][0x9]-K[0xa5]+$'[0x15][0xe9]h[0xb9][0xa6]5#[0xf1][0xad]ib[0xe9][0x13]I[0x1f]m[0xe]Y[0x9a][0xc]9[0x98]/[0x97]OR6[0xc0]X[0x12][0x87]N3[0xca][0xb8][0xbe][0xee]Y[0xff]8[0x95][0xc4][0xcb][0xdd]R[0x91][0xc9][0x12][0xfa][0xd4]3[0xce][0x1c][0xe1]gH[0x1c]![0x9][0xe])[0xe3]~[0x9b][0xea][0x8d][0xf][0xae][0xe1]9[0xc1][0x6]\[0xe9][\r]o[0xf5][0xa5]2\[0xb8]-U[0xf3][0xf0]-[0x96]l[0xa5]4[0xb][0x81][0xc4][0x1][0x91][0xe7][0xc1]P}z#[0xbe][0x8a]7[0xe2]O[0xa9][0xb1][0xa6][0x89][0xe2][0x11][0x85][0x87][0xc][0x18]_[0xed][0xb5][0x11][0xcf][0xab][0xde]gg3[0x10][0xbe][0xe5][0xfa][0xd1][0xf9][0x8e]Y[0xb2]hZj9[0xa6][0xf8][0xe3]l[0xa2][0xb2]B[0xc7]Y[0x89][0xe1]e[0xd8][0xaf][0xa7][0xf5][0xf0][0x9c][0xf6]e[0x7][0xe3][0xe4]G3rN[0x93]}}[0x12][0xe7]f[0x84]-[0xb7][0xe0][0xbb][0x87]}h[0x90][0x8e]:[0x9c]GBc{[0x92]5Z&C[0x8d][0xf6][0xbd][0x1][0xc9][0xca]N[0x91][0xbc]]&[0x13]J[0xe2][\r][0x15]+t1@[0xa7]j[0xd2][0x1b]D[0xcc]G[0xfa][0x8][0x94][0xf2][0x94]S[0xca]iY[0xf0][0x1][0xbe][0xf6][0xb1]B[0x82]-[0xc4][0x9][0xc8][0x0][0x3]_[0xe3]K[0xe5][0x9d][0xc2][0xb1][0xde][0xab][0xce]Wr[0x1a][0xc6]f1D^[0xa5]R[0xb8]-2[0xe]+\[\r][0xa6][0xa5]\[0x82][0x97][0x8b][0xdf][0x9c]*i[0xd0][0x1d])I`[0xb3][0xc6][0xec]~[0xf4])np)[0x15][0x85][0xf7]P[\r][0xd3][0xe3]e[0xb2]e[0x17][0xc1][0xb]CY[0x1d][0xc6]O[0xab][0x8a][0xbb][0x92]l4^/[0x14][0x8]c=`7[0xbf]|2;=b7[0xbf]J2[0xd4][0x1]v7[0x3][0xe9][0x94][0xea]g[0xf6][0xa5][0x9e].[0x8e][0xd8][0xdf]g[0x99][0xec][0x94]x[0xba][0xd8][0xd7][0xa1][0x9c][0xcf][0x1c][0xca]OT[0xd3]&[0xe3]O[0x9e]p Y[0x91][0xdc][0x16][0xe0][0x7]a[0xcc][0x97]^p&e~W[0xcf][0xc4][0xe7][0x93][0x8]>[0x13][0xae]O[0xd8][0xee][0xdf]TH[0x7]R[0x93]gk\[0x99][0xef][0x9e]V[0xd4][0xa5][0x1b][0xf8]vA]pTn[0x11][0xb7][0xc8][0xe3]0[0xcf][0x16]b[0xc]x[0xdd][0x9d]S[0x9f]1[0xc1]|[0xed][0x97]8[0x96][0xc5][0xdd]D[0xbc][0xf4][0x90][0xd9][0xc3][0xd6][0xab]Vv[0x87]T."[0x99]'B[0xb9][0x84][0xdd][0x1e][0xab]\[0xee][0x13][0xfc]k[0x5]s9[0xc4]_<[0x19][0x14][0xcc]r[0xf3][0x9d][0xc]s[0x1c][0xbd][0x8f]([0x1f][0xf0]q[0xc][0xdc]/_[0x1d][0x81][0xf6][0xf3][0xdd][0xc2][0x85][0x17]OG[0xf3]cQ7[0x82]{[0xa8][0xf9][0xdd]4[0xbc]C[0xfb][0xe0],[0x93][0xda][0xbf][0x11][0xe2]y[0xd7][0xeb]N[0x19][0x6]j[0xae]^[0xf]Aw[0x81][0xc6][0xc3]d[0xd0][0xce]m[0xe4][0xa0]J[0xf8][0x5]eR[0xe1]_?[0xd4]5<[0xf8]?[0xa9][0xe4][0xc0][0x1d]![0xab]S[0xa2][0xa4][0xc2]3[0xbd][0xaa][0xa2][0x1e][0x89]I[0xfd][0xb7]lx[0x97][0xad][0xfd][0xce][0x88]e[0xab][0xc8][0xc5][0xd5][0xe9]?[0xfe][0xfe][0x9e]<;{y[0xf5][0x8f][0xbf][0xdf]|7[0xe5][0x83]1>[0xb6][0xaa]f[0xb6][0x1][0xb5][0x9c][0x1f][0xb8][0x8f][0xc7][0xb][0x87][0xb7][0xb8][0xe0][0xb2][0x19]g[0x80][0xe2][0x1d]x[0x1d][0xc7][0xfc][0x17]XjF[0xa8]%[0x94]X[0xd4]i@[0xa1][0xc4][0xa9][0x1b][0xb8]$[0xf][0xe9]$[0xe3]p[0x19]W[0xaf][0x18][0xe8]mU[0xc5]A[0x7][0xf9][0xa0]i[0xd5]S[0xd8]8)[0xd6][0x95][0x9c][0xc2][0x8d][0xc1][[0x87][0xef][0x81]2[0xc]%[0xaa][0xb4][0xb4][0x8b][0xcb][0xe4][0xe8]4[0xd5][0xb9][0xdc][0x1b][0xbc][0x3]][\n]"
19:20:06.701 [main] DEBUG org.apache.http.wire -- http-outgoing-4 << "f[0x80]`F:[0xaf][0x2]M[0x9b]#[0x92]{x 5H#[0x8f]L;>[0xe1]-];)[0xe2][0xd9][0xe9][0xf3][0xb3]s[0xf0]e[0x80],[0x80][0xa2][0xd7][0xce][0xa1]n[0x4][0xfc][0xc6][0xcc][0xa5]a[0xf6]^:+B[0xad][0xa1]R[0x82]xv;a[0xf4][0xb1][0xc0]DVl3<[0xde]g[0x1]VSiV[0xcc][0x15][0xda]Q[0xcd][0xb4][0xe1][0x9a][0x11]M[0xcb][0xf5][0x1][0x99]AZn>[0xdf][0xe9][0x5][0xde][0xa0]${O[0xe9][0xc6][0x0][0x92]P[0xec][\r]6[0x1c]c[0xfc]([0xc9][0xc6][0xee][0x1c][0xe1]l[0xa2][0x8c][0xc5][0xfc]<[0x1a][0xca][0xb8][0xa7][0x8f][0x18][0x7][0xa5][0xe]/[0xc9]-[0xd5]u[0xc3]4[0xb7][0x94]|[0xe2][0xdf][0xbe]eru[0xfc][0xd9][0x19][0xc9]X[0xc][0xe]J[0xd7]-[0xac][0xf5]6[0xb6][0xfa][0xe7]#[0xf9][0xe8][0x1c][0xaa]/[0x1][0xcd][0xef][0xc9][0xb3][0xf3][0xcb][0x1][0xd5][0x9f]A[0x4][0xa1]zw]7[0x8e][0xdb]ow[0x9a][0xd1][0xa1],[0xeb][0x92]R[0xf6][0xc0][0xa4]S[0xca][\r][0xa1][0xf2]Hs[0xcf][0x98][0xed][0x91][0xee][0x8e][0xa7][0xb5][0xbd][0xf0][0xb3]O[0x9d][0x7]a[0x15][0xa2]v7K[0xd8][0xdb]a[0x8e][0x8][0xb6][0xf3][0xe7]gWs[0xb0][0xe1][0xde][0xab]A[0xe4][0xc4][0xcd][0xc]owb[0xd0]U[0x85][0xbd][0xf3]7S[0xa4][0x1e][0xc8]b_$[0xc9][0xb3][0xb7][0xaf]\[0xd1][0xe6][0xc5][0x11][0xc9]s[0xa6]f3e[0xb1][0xa7]L[0xd6][0xac][0xc8]z:[0x7][0x84][0xfa][0xc2][0xad][0xca]PV[0xce][0x1a][0x92][0x14][0xf4][0x0]1[0x9e][0xdb][0xf6]4[0xe6][0x15]7[0xa2]_[0x86][0x9d][0xed]P[0x91][0xde]j:[0x8c]-R[0xbd]A[0xf6][0xe6][0x5]}[0x13][0xe9][0xde]J[0xd0][0x7][0xa5][0x87][0xb8]q[0x13]F7[0x97][0xe3]=[0xa9][0xed][0xf3]5X[0xf][0x9d]2[0xcc]k[0x90]U[0xd7][0xc][0xf4]P[0x8e]|[0x8a][0xe3]=[0x8a][0xa2][0xa3][0x1a]P[0x6]S[0xc9][0xcb][0xfe]J[0xff]E0[0xb9][0xcd]H[0x0][0xa9][0xff]V[0xff]2}[0xea][0xa0][0xba][0xdb][0xc3][0xff][0xf]fs[0xd3]/[0xb7]K[0xf6]^[0x9d][0x1d][0xc1][0x11]e[0xc4][0x4]S[0xc6][0xf6][0xfa][0xd5].[0xc9][0xde][0xe5][0xd8][0x15]q[0xd3][0x97]}[0xbb]d[0x9a][0xbc]yP%[0xad][0x14][0x1][0xb7][0x99]S[0xea][0xf5][0xa6]q[0x1c]Q[0xe1][0xbd][0x18][0x86]s[0xff][0xae]4[0xf7]q[0x1]N[0xd7]=,[0xcd][0xda][0xfc][0x93][0xa3][0xdc]n[0xe8][0x96]@[0xb7]V[0xf1][0xae][0x83][0xa9][0x14][0x8b]O[0xbc]\[0x8b]Q[0xea][0x8f][0xf1][0x15]5t[0xc9]w[0xb5]=8[0x95][0x0][0xf5][0x91][0x83]Z[0x11][0x9][0xe3][0xf2]*[0x81]v[0xa9]@[0xed][0x89][0xe3]WB[0x80][0xd9][0xb4][0xd4]z=[\r][0xec][0x2]a>[0xe1]">l[0x6][0xa3]:[0x15][0x1e]X [0xca][0xe0]~[0x1a][0x84]uJc[0x9e]c}[0xd5][0xbd]C[0xc][0xf9]z[0xe9][0xb0][0x6][0xa4][0xc][0x8b]<*[0xd1][0x9][0xf5][0xeb]M[0x85][0x2];[0x86][0xe8]GY[0xab]Z[0x8c][0x9d][0x2][0xb1][0xa3][0xbd][0xa6][0x16][0xf7][0xb2]0[0xc]b[0xa1]h/"[0xb9][0xa0][0xbb][0xb3] [0xbd][0xe1][0xe1]Yn[0xd6]-[0xc5][0x9c][0xd5]4[0xb4]sP[0x87][0x5][0x18][0xb7][0x85][0xf0][0x8b][0xf3]XKn[0xd9]s[0xc3][0xbf][0x1]'[0x8b][0xc9][0xe6][0x9][0x89][0xc5][0x2][0x11][0xea][0xf2]F[0xe3][0xb7][0xb5][0xb1][0xe5][0xa4]K>g[0x11]}[0xcf][0x3][0xb6][0xa0][0x4][0xa5][0x17][0xbb]P[0xfa][0x7][0xda]Q[0xe9]b[0x8e],Jc1"
19:20:06.701 [main] DEBUG org.apache.http.wire -- http-outgoing-4 << "[0xd0][0xdd]`[0x12]`[0xbb][0xd1][0x9d][0x4][0xc9]C[\n]"
19:20:06.701 [main] DEBUG org.apache.http.wire -- http-outgoing-4 << "[0xd5][0xd3]#[0xa0][0x9a][0xe9][0x8e][0xb8][0x98]nI[0x97][0xdb]d[0x4][0xc5][0xac][0xc8]:[0xea][0x9]\'[0xc1][0xad][0xea][0x8d][0xa1][0xeb]L[0x90][0xf6]C]w[0x82]J[0x9b][0xd0])[0xae][0xd6]&h[0xbb][0x84][0xc8]aW[0x5]v[0xc6][0xb4]D[0xd4][0x8d][0xee][0x81][0x8b][0xf3][0xdc][0xca][0x6][0xd6][0xbd]X[0xdc]p)i[0xab][0xa4][0x8b][0xf0][0x91]L[0x0][0xef][0xd0][0xdb][0x96][0xd5][0x93]P[0xef][0xd6][0xe9]{[0xdf][0xfb][0x1c]qR[0x80]pi yTb[0xfd]dJ7[0xa4]s>[0xf0];{u[0x1a][0x2][0xbf][0xbb][0x84][0x8a]ea1H[0xac][\r][0x98]6*[0xdd][0x81][0x84][0x8][0xd8][0x13][0x9f][0xf][0xe]-F^4[0xac][0xd6][0xd3][0x16][0xc8][0xb8]3)[0xe6]pB[0xca]8[0xe9]m[0x8c][0x17][0xde][0xb5]g8:8([0xfd][0xfc][0xaa]Fd[0x8d][0xf6][0xab][0x9b][0xf0]3![[\r]lJ[0xa4]ln!x\[0xfe][0xfa][0xb7][0xb2][0xa1]-[0x13][0xee][0xf][0xaf]c[0xe9]b[0x1];[0xbb]Y[0xc3][0xdb]|[0x8a]I[0xab][0xb8][0x3]%[0x91]$"[0x8b][0xe1]f[0x11]7q[0xe1][0xda][0xf]a[0x1][0x97][0xd3][0xfa][0x91][0xdb][0xb5][0xc3][0x7][0x1c][0x93]k[0x97][0xd8]U[0xdc]4[0x5][0x11]Hr[0x8f][0xdf][0x5]W[0x12][0x9e][0x1b][0xfa][0xb0][0xc8][0x10]O[0xa6][0x93][0xa4][0x9e][0x97][0xa7][0xcf]/[0xc7]h8G[0xb5][0x83]|[0x9a][[0x97]a[0x86][\n]"
19:20:06.701 [main] DEBUG org.apache.http.wire -- http-outgoing-4 << "[0x92][0xe0]%V[0x90][0x2][0xc1]<F[0xf8][0xad][0xc7][0x13][0xd9]P[0xdd]N[c[0x1c][0xe4]|[0x10][0x92][0x8f]1.sY[0xe6][0xc1][0xe4]2[0xbe]h[0x1f][0xa2])[0x82][0xbf][0xbb]'[0xd1]2[0x1f]C[0x16]g[0x84] Su[0xfe][0xe2][0xe9][0x10][0xfa][0xe2]z[0xe2][0xa4][0xee]:*[0xe9]Zu<W[0xf8][0xfd][0xd4]<[\n]"
19:20:06.701 [main] DEBUG org.apache.http.wire -- http-outgoing-4 << "[0xa1][0x86]l[0xf2][0xae][0xe3][0x92][0x96][0xcd]X[0xec][0x8]F[0xe9][\n]"
19:20:06.701 [main] DEBUG org.apache.http.wire -- http-outgoing-4 << "A[0xcc][0x8e]2[0xa8]R[0xf7][0xed]R<[0xdd][0x91][0xed][0xd9][0xa4][0xd8][0xf5][0xbc][0xe3]B[0xc4][0xdc][0xf3]1Y[0xe7][0x13][0x8e]g[0xd2]|[0xe9][0xb][0x1b]a6[0xc6]M[0xcf]G[0xc7]~[0x2]PA[0xa6]s[0xa9][0xc7][0x12]2?[0xc7]"[0x15][0xb1]v[0xb0][0xc2][0x9]@[0xe6]XLRGW9r[0x91][0x18]Xs[0x17][0xad][0xad]SP$[0x18]\[0x82][0xbb][0x81]2[0x18][0x92]Cd[0x9a][0xaf]F[0xf1][0x11]:C?zL{[0xe1]S[0xc][0x9a][0xc3][0x10]![0xf9]7[0xe2][0xb3]L[0x92]E[0xb7][0x80][0xbc][0xe4][0xcf][0xd3][0x1][0xcc]_[0x8d]0[0xcf][0x81]z[0x9a][0xd0]"<A[0xc8]Xb[0xe3][0xda][0xcc][0xec][0xf2]`[0xcd]W[0x82][0x9e][0xec]@8[0x10][0xac][0xe7]I[0xa8][0x91][0xc0]`[0x86][0xd7][0x17]G[0xc8][0xb6].2[0xe1][0xc5]4[0xe3]={[0xb5]S[0xa5]x[0xf9]r@[0xec][0xef][0xe9][0x86]r[0xd7][0xe6][0xe1][0x88][0xfc][0xbb]5[0xdb]0[0x9d]I[0x6]Ry[0x86][0x89][0xb2][0xde][0xb2][0xe9][0xe5][0xda]`(/[0x19][0xed]:[0xc1][0xc6][0x9f][0xde]2![0xbc][0xc5][0xc6][0x91][0xc9][0xe7]`[0xf7][0xb9][0xe4]9[0xee][0xab][0x1e][0x1f][0x89][0xbd]f@[0xb1]3[6}7[0xa3][0x95]g[0xd1][0xcb]/J[0x81][0x9][0x19]7! [0xa4])@[0x93]K[0xb2][0x81][0xf2][0xeb].[0x96][0xa9][0xd6][0x90][0xf7][0x82][0x1e][0x4][0xff][0x8f][0xef][0xce][0x89][0xe0][0xee]6[0xd6][0x88]6[0x8e]b[0xe0]d[0xd0][0x5]Y[0xbb]1g[0xa8][0xe4]4[0x9a][0xb0][0xca][0xed][0xe8]c[0x93][0x81][0xb]N[0xee][0x1b][0xc4]d([0xb6][0xb8][0xd5][0x8d][0xdf][0x13]~Y[0x8e][0xcb][0xed]w9_[0x1a][0xe][0xeb][0x1d][0xd8][0x0]${[0xfd][0x8a]l[0x92][0x85]B [0x2]P[0x9d][0xb]p?:[0xb0][0xc6][0xc3][0xf2]z[0x12]X[0x9a]l5[0xc8];[0xc2]Y[0xc3][0xb4][0xcb]+[0xb6][0x99][0x9d]{Oh<@9[0xe6]^[\n]"
19:20:06.702 [main] DEBUG org.apache.http.wire -- http-outgoing-4 << "[0xe4][0xdf][0x82][0xc8][\n]"
19:20:06.702 [main] DEBUG org.apache.http.wire -- http-outgoing-4 << "c[0xda][0x7][0xdb]a[0xd8]f@Kt[0xf7]<[0x95]x[0xf9][0xf2][0x88]T[0xe2][0xe5][0xee][0xac][0x1f][0x9e][0xfb]$[0xbb]5[0xb6][0xe9]y[0xce][0xed]H[0xba][0x97]e[0x14] [0x87][0xf6][0x12][0xfc][0xeb]Z[0x7]|A[0x4][0xba][0x83][0x98][0xb1][0xc4][0xb2][0xb6]c[0x9a][0xe2]N[0x85][\r]sxQI%[0xa9]UB[0x12][0xc7][0x4]1[0xf2][0x6][0x18]"#'[0xa0]W[0xd4][0xef]8[0xa1][0xf2][0xe0][0xaa][0xe][0xee][0x16]c[0xa1][0xcc][0x3][0x91]}T[0xbc]H[0x81][0xe3][0x9e][0x9a][0xa3][0x83]C?O[\n]"
19:20:06.702 [main] DEBUG org.apache.http.wire -- http-outgoing-4 << "[0xfd]aK[0xf5][0xef][0x8e]I[0x85][0xf4][0xcc][0x85][0xa7][0xc5][0xd7]c[0xb3][0xc4]0[0x8a][0xc9][0xd6][0x9a][0xa3][0x8e]C[0xd1]v[0xaa][0xfc]rYK[0xbf]\N8[0xf2][0x8c][0x8a]{[0x17][0xd5][0x9d][0xdf][0xc4][0xcb]-U[0x88]C`~[0xfe][0x1b][0xf2][0xd5][0x9][0xca][0xa3]Au[0x13][0xea]:[0x87][0xf2][0x17][0xc7][0x10][0x6][0x99]f[0xc2]]j[0xcc][0xd9]q[\n]"
19:20:06.702 [main] DEBUG org.apache.http.wire -- http-outgoing-4 << "[0x17]3[0x94][0xdf]sM[n[0xfa][0xc]O[0x0]U[0x10]c[0x14][0xec]El3[0x6][0xdc].[0xb0][0xfe]H[0xab][0xc7][0x95]#[0xe2][0xca][0xa1][0x9e]uKMIu[0x7]&?[0xe4][0xeb][0xa9]&3[0xb4][0xf4]%[0xfd][0xbb]O[0x9f]T[0xb2][0x81][0xc2]r[0xac]O[0xf4][0x99][0xb4][0xe5][0xab][0x15][0xe9][0x18]][0xe3]![0x7]m[0xd8]s[0xa5][0xc2]Mv[0xc][0xb4][0xdb][0xe9][0xa0][0x9c]e![0xf5][0x1d][0x9f][0xa3][0x80]J[0x3]GB[0xaf][0xa0]:[0x8a][0x95][0xd3][0x86]c[0xe4][0xed]^[0xcc]C[0x3]M[0xf4][0xc8][0xe8]t[0x90]w[0xbc]#b[0xb6],[0x9e]=sK[0xc8][0xfc][0x9a]:[0xce][0x1d][0xe3]j[0xdb][0xb0][0xd6][0x85][0xe0][0xa1][0x11][0x2]b[0xf0]([0xbe][0xa6][0xfe]BO[0xfa][0xcd][0xdf]=z[0x4][0xff]J[0x97][0x96]w[0xe0][0xf9]\@[0xed][0x1c][0x0][0x8f]I[0xf5][0xaa]7[0xd8][0xaa][0xa1]VIK[0xf3][0x89][0x93]"![0xe9]74[0xd4][0xf3][0x1a][0x9c]$[0x1c][0xa1]1[0x14]][0x1b][0x10],[0xcc][0x84][0x97][0xa8]_[0xe8]E=[0x94][0xa9]*V[0xd2][\n]"
19:20:06.702 [main] DEBUG org.apache.http.wire -- http-outgoing-4 << "z[0xfc][0xdc][0xe8]#[0x18]O[0xed][0xef][0x80]@[0xfc][0xf4][0xc0][0xa4]yG[0xdd])[0xa6][0xe6]#4[0xe4]JO[0x17]G[0xe0][0xf6]|[0x8f][0xe3][0x8a]Nw[0xf4][0x0]_[0x8c][0xaa][0xe9]@D[0x92][j[0xcb][0x86][0x12]'[0x90][0xba]g[0x94]@y[0xe8][0xc6][0xc3]l[0x2][0xe5][0x14][0x83][0xbf]4[\n]"
19:20:06.702 [main] DEBUG org.apache.http.wire -- http-outgoing-4 << "7[0x15]$[0xda]2[0xf5]'[0xff]d'[0x7][0xb2][0x8c]&[0xad][0xc][0xdb][0xb9][0xb7]I+=n[0xbc][0x11]l[0x1][0xc8][0xe1][0xbd]E[0xd0][0x18][0xa7][0x85]([0x87]Fn[0xc9][0x92][0xd5]\b![0xca]X[0xdf][0xdc][0xfa]K [0xa7][0xda][0xfc][0xe8]&bh[0xd4]JTsB,[0xe][0xc8]G"[0x8a][0xdc][0x9][0xb5][0x11][0x8f][0xe3][0x11]@[0xa0]![0x82][0x81][0xe][0x10][0x1b][0xa0][0x8f]7[0xf8]'[0xf8]V~[0xcb]e[0xaf]z[0xe3]6[0xbe][0xcf][0xcc][0xf6]Z[0xa6][0xfd][0xfc]j<V(4*D[0x9a]Gn[0x87][0x8e][0xff][0x13][0xf2]N[0x11][0xa9],Y[0x86][0x14][0xdb][0xe2][0xb9]f[0xd3][0x1e][0x9]1RW'[0xe4][0xa6][0x81][0x17][0x82][0x7][0x91][0xae][0xda][0x86][0xbe][\n]"
19:20:06.702 [main] DEBUG org.apache.http.wire -- http-outgoing-4 << "[0xb2][0x3][0x9d][\n]"
19:20:06.702 [main] DEBUG org.apache.http.wire -- http-outgoing-4 << "[0xce][0x9d][0xf7][0x90][0xfd][0x8a][0x96][0xf0]$[0xfd]of[0xa6]=[0xaf][0x19][0xfb][0x16][0xb6][0xff][0x15][0xd7][0xed][0x9][0x99] [0xda]w[0x1][0xd7]JU[0x12][0xcf]Z[[0x91]=L[0xf2][0x0]t[0x1f]|[0xcc][0xd1][0xe]R[0xb2]O[0xe3][0x8][0x87]e[0x8a][0x99][0xfd]$[0xc]?F|[0x91]QhO[0x1b][0x3][0xaf][0xa7]a[0xf8]Lu[0xf1]b[0x8e][0xf4][0xcf][0xb4][0x85][0xbc]Ga*;A[0xb6][0xfb][0x9b]T[0xaa][0x12][0xb8][0x3][0x8f][0xb9][0xb7][0xb2][0xcd]$C[0xbe][0x85][0xf3]B[0xa6]G[0x8e][0xdd]5[0x9c][[0x8][0xf9][0xda][0xde]4Z[0xa9]6N[0xbe][0xdf]:b[0xfb]q[0xae][0xc8][0xc]TTT[0xb4][[0xd9][0xe7]`[0xb6][0x8e]Tw[0xa5]m.D[0xd4][0xb8][0xe0][0x2]NW[0x16][0xdc][0xb0][0x1a][0x8f][0xad]at[0xc3]XE[0x9e]A[0xe5]*{[0x84][0x12]*[0xe]u<[0xcb][0xdd]][0x14]>tL9{[0xaf][0xc4][0xe]-[0xbd]e[0xbc]PE[0x9c][0x93]C[0xc7][0xbf][0xc][0x8d][0xb7]a[0xa5]N[0xe0]L[0x8b] (r[0xda][0xc6]@[0xe1][0xfb]`[0xdb][0xcc][0x16]2i[0xff]][0xfa][0xa5]L4[0x94][0xf][0xac]fNa[0x15][0x1d] [0xe8]B[0x89][0x7]^[0xb1][0xf8][0xd8][0xb2]0ywn[0x87][0x8f][0x14][0xc0][0x9b][0x19][0x1f]K@[0xc5]?[0xb8].[0x9c][0xd4][0x10][0x16][0xb4][0xa9][0xbe];[0xfd]~[0x93][0xcf]V[0xb8]L}[0xf6][0xd5][0xdc]z[0xc0]WJ[0x1b][0xa6][0xd2]2[0xfc][0xd8][0xee]?[0x18]/~[0xba][0x3][0xce][0xf9]H;[0xfc][0xa7][0x9d][0x91][0x87][0xc3]?i[0xf0]G[0xb4][0xa4][0xd5]<[0xf][0xab][0x99][0xc4][0xf2][0xfa][0x88][0xf3]>[0xce]^[0xec][0xd6]_M[[0x83]gR[0xea][0x91]#[0xff]IiF[0xa1]5c[0xc9][0xdb]%[0xcd][0x80]v[0xfe][0x9f]o[0xb]#[0xcb]^[0xd4][0xaa][0xe6][0xe4][0xd9][0xd8]+0[0x90]0[0xe1][0x8]<[0xf7]][0xbf][0xc3]VQ[0xad][0x15][0xf0]tcIzT";p[0x7][0xee]})[0xa8],[0x9b]p[0xc1]X[0xe8][0xff][0xef][0xbe],[0x1b].[0xf9][0xd0][0x1a][0x1f][0xbd][0xce][0xe9][0x1e]%[0xa4][0xb3][0xaa][0x87][0xd7][0x84][0x87][0xe0]~[0xc3][0x9d][0xe1][0x81][0xbb]Pe[0xd3][0xa1][0xb2]&[0xcf][0xfc][0xcc]![0xc1][0xf6]Y>v[|7u^[0xf7][0xbe][0x91][0xdd][0xe3][0xd4]5o>[0xd1][0xa3]<;~[0xcf]s[0xdf]j#[0x12][0x8c],[0xa3]E,[0x86][0x85] eX[0xa8]Q[0x12][0x10][0x16]&,[0xed][0xb7]a![0xdc]!k~[0xb9][0x96][0xd1][0x2][0x8c][0xe7][0x16]P[0xdf] [0x1][0x81][0x8][0xa4][0xe1][0xca][0xc9]Z[0xaa]X!V[0xf][0xab]2qH[0xf1][0x81][0x1f][0x8e]s[0xcb],F&B[0x87]v[0xcc][0xe8][0xf0][0xc2][0x81][0x95][0xf4]W"[0x98][0x9d]N a[0xce][0xfd]'Yzc[0xfc][0x1d][0xd6]\[0x18]4[0x93]1[0x8c]p[0xca][0xde]X[0xd5][0xf2]ol[0xd6][0x85][0x11]99[0xa5]I[0xa7][0x95]e\[0x1e][0xdd]O[0xb9][0x87]GpC[0xdd][0xaf][0xfd]b[0x80][0xd6]p[0xd3]g[0xc0]Q[0xd2]5}[0x84][0x10][0xe7],C[0xbf]O=[0xc1][0xd5][0x8e]j[0xd9][0xf9]X[0xd2][0xff][0xc8][0x96][0xce][0x9b][0xbe][0xa7][0x82][0xae][0x98] [0xbf][0xe8][0x9c]?[0x8][0xc5][0x3][0x9d][0x86]@[0xe3][\n]"
19:20:06.702 [main] DEBUG org.apache.http.wire -- http-outgoing-4 << "S[0x9a]hV[0xf7][0x82]j[0xb2][0xd1][0xb4]3[0xd9]C?[0x82]r#K[0xc0]g[0x88][0xbd][0x8f][0xd8][0xe0][0x8][0x9a][0x9f]F[0xb3][0xaa]rR[0x0][\n]"
19:20:06.702 [main] DEBUG org.apache.http.wire -- http-outgoing-4 << "[0xf6]?Q}[0xfa]N[0xbd]1[0x8e][0xc8][0x80][0xf4][0x17]([0xac][0xae][0xe2])[0xec][0xd7]/[0x19][0xb0]T3[0xc9]4[0x98]j[0xd8][0x1d]A[0x97][0xe9][0x1f][0x17][0x82]W&[0xad][0xcb][0xa4]]]I[0xd3].[0xc1][0xfd][0x96]s>[0xca]qYt[0xb4][0x1a]a[0xd2][0x10][0x8e][0xbb]e[0x18]y6?[0xe1][0x99][0xe0][0xd3]F[0xab][0xe3][0x14]/[0x9a]vA[0xb2][0x3]W[0xff]0V[0x95][0xb3]_[0x9d][0xac][0x9c][0xa3][0x89][0xc8]5[0xea][0xba][0xa4][0x1f][0x94][0x86][0xa3]:"[0x9b][0xd8][0xa2]v[0xdb]C[0xef][0xbc][0x8b][0x1a][0xb]C[0xdb][0xb6][0xe9][0xc6]ZN?z4[0x97][0xe1].4[0xe0][0x18]eg[0xc7][0xa4][0xd6][0x99][0x9a][0xf4]L[0xee]v[0xf9][0xe4][0xe1][0x4][0x97]##vKe[0xad][0x6][0xcd][0xd2][0x1d][0x9c]#1[0x87][0x18]^4[0x2]f[0x10][0xaf]U[0xf3]r[0xd5][0xac][0xe4]|[0xc3]A[0xd1][0xa0]U[0x1c]M[0x83],t(X=[0xd1]||[0xaf][0xb4][0xe5]N4[0xcd];s[0xc0]9[0xbf][0xe9][0x11]6m4[0xfc][0xa0]1[0x9b][0x8e]t[0xb4][0xf1][0xf4][0x0][0x9b][0xd2][0xf]f[0xd3][0xce][\n]"
19:20:06.702 [main] DEBUG org.apache.http.wire -- http-outgoing-4 << "[0xc5]0[0x93][0xdd][0x4][0xef][0xbd]2&[0x8]>Q[0xe4][0x8f]c[0x9c][0x9c]7[0x15])[0xca]2[0x9f]&[0xec]y[0xb3]e[0x99][0x9f]Ic[0xe4]v[0xed][0xff]N~i'K|[0xcb][0xbe]>![0xfc][0x95]$[0x9f]0[0xb][0xe3][\r]+[0xdc][0x17]K[0xfe][0x8f][0xa1][0x85]3[0xf4][0xd2][0xd9][0xb4][0xf8]s[0x9d][0xd7][0xfc]g[\n]"
19:20:06.702 [main] DEBUG org.apache.http.wire -- http-outgoing-4 << "[0xbe][0xe7][0xe7][0x13]<|[0x4][0xba].[0x93]w[0xf2][0x8e][0x5]k[0xca][0x1c][0x84]?[0xf4][0xf7][0xde]NN[0xce][0xa5][0xba][0xa2][0xad]jGJi[0xb7][0xa8]yv~nb[0xca][0xa1]9[0xd7][0xd1]JxL[0xae]7[0xdb][0xf4]U{[0x9f][0x9d][0x9b][\n]"
19:20:06.702 [main] DEBUG org.apache.http.wire -- http-outgoing-4 << "[0x96][0xdd]1[0xb9][0xb4][0x6][0x16]f,[0x8a] [0x87][0x89][0xb5][0xcb][0x6][0xbd]qz~.[0xaa][0x9f][0xfd][0xfd][0x19])3Fl@[0xbb][0xfa][0x1]N[0xbc][0xfe][0xcc][0xec][0xf1][0xb][0x1c]+\[0xde]}[0xb4]Lh8[0xdb])[0x88][0xc][0x96][0x80][0xa3][0xda][0xbb]U[0xed][0xe5]1g[0xec]fZ[0xd5][0xa6]~[0xfd]l[0xe7][0xc9][0xa3]W[0x13]Kvnc[0xec][0xc0]{[0xf2][0xb0][0xc4]0[0xcf][0xdf][0xc8][0xb3][0xff][0x81][\n]"
19:20:06.702 [main] DEBUG org.apache.http.wire -- http-outgoing-4 << "[0xda][0xb1]_[0xff]O[0xed]S[0xc8][0x1c][0xe]v[0xdf][0xe7]Hw[0xda][0xc2][0xe4][0xe0][0xc3]m-$[0x1f][0x82]Ta[0x9]LEz&[0xe1][0xf4][0x1c][0x89]][0x9b]Hf[0xbb]([0x87]u[0xf0]%[0xcb]/[0xe3][0xbc][0x87].[0x83][0xe1]([0xe0]wAd<H[0xa1][0xdc]p[0x9c][0xda][0xe1]+0[0x9c][0x91][0x98]`[0xf0][0x9d][0xf9]#[0xd5][0xb7]7y[0xe6]O~[0xb8]:H8[0xfc][0xb4][0x93][0xbf][0xc8][0x14][0xfc][0xdd][0x7]6[0xc9]y[0xd3][0xe7]G`!S[0xf5][0x9b]&[0x12]/.v[0xd4][0xf6][0xc7]D[0x2][0xb2]%[0xcb] [0x1b]fAR[0xd1]1[0xba][0xed][0xe8][0xb1][0x1b][0xea][0xf4][0xe9][0xfe]2H[0x14][0x80][0x8e][0xf6][0xbe]^s8[0x16][0x17]9G<[\n]"
19:20:06.702 [main] DEBUG org.apache.http.wire -- http-outgoing-4 << "<9|[0xe0]![0xc9]'[0xf6]C[0xd1]OT[0xd0][0x96]Z[0xea][0xca][0xe0][0xc9]1[0xf][0xdb][0xd4]}[0x91]P[0xe0]#k[0x95][0x1c][0x0][0xf7][0xce][0x9d]<[0xa0]YM[0xa5]:P50;{)[0xe1][0xc][0xdd]B[0x94][0xd3]9[0x97][0xc3]T#<[0x84][0x89][0xc][0xb2]8[0x8c][0xca]P[0x96][0xf0]m[0x2][0x19][0x91]P$[0xeb][0x13][0xe3][0xcc][0xe0][0xb]D[0x13][0x9b][0x8b][0xfd][0x12]aP[0x5][0xb5]F[0x9f][0xf6][\n]"
19:20:06.702 [main] DEBUG org.apache.http.wire -- http-outgoing-4 << "[0xa5][0x8d][0xf0]c[0xa4]#[0x80][0xaf][0xef][0xdb]s[0xb6][0xc5]e[0xae]&8a[0x13]H[0xb4]m[0x8d]AW[0xbc][0x81]=an[0x7][0x80][0xf5][0xd0][0x80],z[0xe9]>[0xe7][0xc5][0xf][0xe3]2[0x1e][0x6][0xd3]'[0xcc][0xb][0xf8][0xd7]G(h/[0xf7][0xc8]V^[0x9e][0xe6][0x1b][0xb0][0xef][0x80][\r]~[0x87]g[\r][\r]5[0xc1][0x8b]-[0xa8][0xfe]c[0xcf][0xa5][0xda][0x8a]i[0xf7][0xd7]bT[0xce][0x1e][0x82][0xde][0xed][0x8]}[\n]"
19:20:06.702 [main] DEBUG org.apache.http.wire -- http-outgoing-4 << "[0xd7][0xdb][0xd0][0xbb][0x85][0x1a][0x8]P~[0xe0][0x92][0xf2]Z[0xe3][0x1][0x95][0xc1]h[0xf][0x83][0xab][0xdb][0x19][0xfe][0x1c]f[0xbc][0x1d][0xb2]a:[0x11]tW[0xf1][0xa0][0x11]_[2z[0xb1]u[0xb0]#[0xa4][0xf6][0xc1][0xd2]=[0xa0]h[0xfb][0x97][0x84]h[0xb3]cz[0xc5]J;?|[0x10][0xac][0xc3][0xa9][0x6][0x8e][0x94][0xbc][0xed]<u[0xf3]`P[0xf9][0xb1][0xe7]![0x95][0x9c]LvL[0xa9]-[0x93][0xf4]L[0xcf]2[0xb8][0xde][0xf2][0x9f][0x0][0x8a][0xa1][0xf4][0xa7]ba[0x95][0xa5][0x2][0x8e]n*[0x16]f[0xcd];t6[0x82][0xb7][0x1c][0xff]3[0xe][0xfd][0xe9][0xb8][0x8a][0x13]5l[0x0][0x0][\r][\n]"
19:20:06.702 [main] DEBUG org.apache.http.impl.conn.DefaultManagedHttpClientConnection -- http-outgoing-4: Close connection
19:20:06.702 [main] DEBUG org.apache.http.impl.execchain.MainClientExec -- Connection discarded
19:20:06.702 [main] DEBUG org.apache.http.impl.conn.PoolingHttpClientConnectionManager -- Connection released: [id: 4][route: {s}->https://dummyjson.com:443][total available: 0; route allocated: 0 of 5; total allocated: 0 of 10]
19:20:06.702 [main] DEBUG org.apache.http.impl.conn.PoolingHttpClientConnectionManager -- Connection manager is shutting down
19:20:06.703 [main] DEBUG org.apache.http.impl.conn.PoolingHttpClientConnectionManager -- Connection manager shut down
19:20:06.703 [main] DEBUG com.intuit.karate -- response time in milliseconds: 90
1 < 200
1 < Access-Control-Allow-Origin: *
1 < Content-Type: application/json; charset=utf-8
1 < Date: Sat, 02 Aug 2025 12:20:06 GMT
1 < Etag: W/"6c35-znr1CKawO0epqE42hevJyMusf8k"
1 < Server: railway-edge
1 < Strict-Transport-Security: max-age=15552000; includeSubDomains
1 < Vary: Accept-Encoding
1 < X-Content-Type-Options: nosniff
1 < X-Dns-Prefetch-Control: off
1 < X-Download-Options: noopen
1 < X-Frame-Options: SAMEORIGIN
1 < X-Powered-By: Cats on Keyboards
1 < X-Railway-Edge: railway/asia-southeast1-eqsg3a
1 < X-Railway-Request-Id: O4Z3wJZCQdyuIEOPDcO5xA
1 < X-Ratelimit-Limit: 100
1 < X-Ratelimit-Remaining: 97
1 < X-Ratelimit-Reset: 1754137216
1 < X-Xss-Protection: 1; mode=block
1 < Transfer-Encoding: chunked
{"recipes":[{"id":13,"name":"Aloo Keema","ingredients":["Ground beef","Potatoes, peeled and diced","Onions, finely chopped","Tomatoes, chopped","Ginger-garlic paste","Cumin powder","Coriander powder","Turmeric powder","Red chili powder","Cooking oil","Fresh coriander leaves","Salt to taste"],"instructions":["In a pan, heat cooking oil and sauté chopped onions until golden brown.","Add ginger-garlic paste and sauté until fragrant.","Add ground beef and cook until browned. Drain excess oil if needed.","Add diced potatoes, chopped tomatoes, and spices. Mix well.","Cover and simmer until the potatoes are tender and the masala is well-cooked.","Garnish with fresh coriander leaves and serve hot with naan or rice."],"prepTimeMinutes":25,"cookTimeMinutes":35,"servings":5,"difficulty":"Medium","cuisine":"Pakistani","caloriesPerServing":380,"tags":["Keema","Potatoes","Main course","Pakistani","Asian"],"userId":152,"image":"https://cdn.dummyjson.com/recipe-images/13.webp","rating":4.6,"reviewCount":53,"mealType":["Lunch","Dinner"]},{"id":8,"name":"Beef and Broccoli Stir-Fry","ingredients":["Beef sirloin, thinly sliced","Broccoli florets","Soy sauce","Oyster sauce","Sesame oil","Garlic, minced","Ginger, minced","Cornstarch","Cooked white rice for serving"],"instructions":["In a bowl, mix soy sauce, oyster sauce, sesame oil, and cornstarch to create the sauce.","In a wok, stir-fry thinly sliced beef until browned. Remove from the wok.","Stir-fry broccoli florets, minced garlic, and minced ginger in the same wok.","Add the cooked beef back to the wok and pour the sauce over the mixture.","Stir until everything is coated and heated through.","Serve over cooked white rice."],"prepTimeMinutes":20,"cookTimeMinutes":15,"servings":4,"difficulty":"Medium","cuisine":"Asian","caloriesPerServing":380,"tags":["Beef","Stir-fry","Asian"],"userId":18,"image":"https://cdn.dummyjson.com/recipe-images/8.webp","rating":4.7,"reviewCount":58,"mealType":["Dinner"]},{"id":25,"name":"Blueberry Banana Smoothie","ingredients":["Blueberries, fresh or frozen","Banana, peeled and sliced","Greek yogurt","Almond milk","Honey","Chia seeds (optional)"],"instructions":["In a blender, combine blueberries, banana, Greek yogurt, almond milk, and honey.","Blend until smooth and creamy.","Add chia seeds for extra nutrition and blend briefly.","Pour into a glass and enjoy this nutritious Blueberry Banana Smoothie!"],"prepTimeMinutes":10,"cookTimeMinutes":0,"servings":1,"difficulty":"Easy","cuisine":"Smoothie","caloriesPerServing":220,"tags":["Smoothie","Blueberry","Banana"],"userId":16,"image":"https://cdn.dummyjson.com/recipe-images/25.webp","rating":4.8,"reviewCount":30,"mealType":["Breakfast","Beverage"]},{"id":30,"name":"Brazilian Caipirinha","ingredients":["Cachaça (Brazilian sugarcane spirit)","Lime, cut into wedges","Granulated sugar","Ice cubes"],"instructions":["In a glass, muddle lime wedges with granulated sugar to release the juice.","Fill the glass with ice cubes.","Pour cachaça over the ice and stir well.","Sip and enjoy the refreshing taste of the Brazilian Caipirinha!","Adjust sugar and lime to suit your taste preferences."],"prepTimeMinutes":5,"cookTimeMinutes":0,"servings":1,"difficulty":"Easy","cuisine":"Brazilian","caloriesPerServing":150,"tags":["Caipirinha","Brazilian","Cocktail"],"userId":134,"image":"https://cdn.dummyjson.com/recipe-images/30.webp","rating":4.4,"reviewCount":55,"mealType":["Beverage"]},{"id":35,"name":"Brazilian Chocolate Brigadeiros","ingredients":["Sweetened condensed milk","Cocoa powder","Unsalted butter","Chocolate sprinkles"],"instructions":["In a saucepan, combine sweetened condensed milk, cocoa powder, and unsalted butter.","Cook over medium heat, stirring constantly, until the mixture thickens and pulls away from the pan.","Let the mixture cool. Grease your hands with butter and roll into small balls.","Coat the brigadeiros in chocolate sprinkles.","These Brazilian Chocolate Brigadeiros are a delightful sweet treat!"],"prepTimeMinutes":20,"cookTimeMinutes":10,"servings":8,"difficulty":"Easy","cuisine":"Brazilian","caloriesPerServing":120,"tags":["Brigadeiros","Brazilian"],"userId":175,"image":"https://cdn.dummyjson.com/recipe-images/35.webp","rating":4.2,"reviewCount":65,"mealType":["Dessert"]},{"id":20,"name":"Butter Chicken (Murgh Makhani)","ingredients":["Chicken thighs, boneless and skinless","Yogurt","Ginger-garlic paste","Garam masala","Kashmiri red chili powder","Tomato puree","Butter","Heavy cream","Kasuri methi (dried fenugreek leaves)","Sugar","Salt to taste"],"instructions":["Marinate chicken thighs in a mixture of yogurt, ginger-garlic paste, garam masala, and Kashmiri red chili powder.","In a pan, melt butter and sauté the marinated chicken until browned.","Add tomato puree and cook until the oil separates. Stir in heavy cream.","Sprinkle kasuri methi, sugar, and salt. Simmer until the chicken is fully cooked.","Serve this creamy butter chicken over rice or with naan for an authentic Pakistani/Indian experience."],"prepTimeMinutes":30,"cookTimeMinutes":25,"servings":4,"difficulty":"Medium","cuisine":"Pakistani","caloriesPerServing":480,"tags":["Butter chicken","Curry","Indian","Pakistani","Asian"],"userId":138,"image":"https://cdn.dummyjson.com/recipe-images/20.webp","rating":4.5,"reviewCount":44,"mealType":["Dinner"]},{"id":41,"name":"Caprese Bruschetta","ingredients":["Baguette, sliced","Tomatoes, diced","Fresh mozzarella, sliced","Fresh basil leaves","Balsamic glaze","Olive oil","Garlic, minced","Salt and pepper to taste"],"instructions":["Preheat the oven broiler.","Place baguette slices on a baking sheet and toast under the broiler until golden.","In a bowl, combine diced tomatoes, sliced fresh mozzarella, minced garlic, and chopped fresh basil.","Drizzle with olive oil, balsamic glaze, and season with salt and pepper.","Spoon the tomato and mozzarella mixture onto the toasted baguette slices.","Serve these delightful Caprese Bruschettas as a quick and tasty appetizer."],"prepTimeMinutes":15,"cookTimeMinutes":5,"servings":6,"difficulty":"Easy","cuisine":"Italian","caloriesPerServing":150,"tags":["Bruschetta","Italian"],"userId":148,"image":"https://cdn.dummyjson.com/recipe-images/41.webp","rating":4.2,"reviewCount":38,"mealType":["Appetizer"]},{"id":9,"name":"Caprese Salad","ingredients":["Tomatoes, sliced","Fresh mozzarella cheese, sliced","Fresh basil leaves","Balsamic glaze","Extra virgin olive oil","Salt and pepper to taste"],"instructions":["Arrange alternating slices of tomatoes and fresh mozzarella on a serving platter.","Tuck fresh basil leaves between the slices.","Drizzle with balsamic glaze and extra virgin olive oil.","Season with salt and pepper to taste.","Serve immediately as a refreshing salad."],"prepTimeMinutes":10,"cookTimeMinutes":0,"servings":2,"difficulty":"Easy","cuisine":"Italian","caloriesPerServing":200,"tags":["Salad","Caprese"],"userId":128,"image":"https://cdn.dummyjson.com/recipe-images/9.webp","rating":4.6,"reviewCount":82,"mealType":["Lunch"]},{"id":14,"name":"Chapli Kebabs","ingredients":["Ground beef","Onions, finely chopped","Tomatoes, finely chopped","Green chilies, chopped","Coriander leaves, chopped","Pomegranate seeds","Ginger-garlic paste","Cumin powder","Coriander powder","Red chili powder","Egg","Cooking oil","Salt to taste"],"instructions":["In a large bowl, mix ground beef, chopped onions, tomatoes, green chilies, coriander leaves, and pomegranate seeds.","Add ginger-garlic paste, cumin powder, coriander powder, red chili powder, and salt. Mix well.","Add an egg to bind the mixture and form into round flat kebabs.","Heat cooking oil in a pan and shallow fry the kebabs until browned on both sides.","Serve hot with naan or mint chutney."],"prepTimeMinutes":30,"cookTimeMinutes":20,"servings":4,"difficulty":"Medium","cuisine":"Pakistani","caloriesPerServing":320,"tags":["Kebabs","Beef","Indian","Pakistani","Asian"],"userId":152,"image":"https://cdn.dummyjson.com/recipe-images/14.webp","rating":4.7,"reviewCount":98,"mealType":["Lunch","Dinner","Snacks"]},{"id":4,"name":"Chicken Alfredo Pasta","ingredients":["Fettuccine pasta","Chicken breast, sliced","Heavy cream","Parmesan cheese, grated","Garlic, minced","Butter","Salt and pepper to taste","Fresh parsley for garnish"],"instructions":["Cook fettuccine pasta according to package instructions.","In a pan, sauté sliced chicken in butter until fully cooked.","Add minced garlic and cook until fragrant.","Pour in heavy cream and grated Parmesan cheese. Stir until the cheese is melted.","Season with salt and pepper to taste.","Combine the Alfredo sauce with cooked pasta.","Garnish with fresh parsley before serving."],"prepTimeMinutes":15,"cookTimeMinutes":20,"servings":4,"difficulty":"Medium","cuisine":"Italian","caloriesPerServing":500,"tags":["Pasta","Chicken"],"userId":136,"image":"https://cdn.dummyjson.com/recipe-images/4.webp","rating":4.9,"reviewCount":82,"mealType":["Lunch","Dinner"]},{"id":11,"name":"Chicken Biryani","ingredients":["Basmati rice","Chicken, cut into pieces","Onions, thinly sliced","Tomatoes, chopped","Yogurt","Ginger-garlic paste","Biryani masala","Green chilies, sliced","Fresh coriander leaves","Mint leaves","Ghee","Salt to taste"],"instructions":["Marinate chicken with yogurt, ginger-garlic paste, biryani masala, and salt.","In a pot, sauté sliced onions until golden brown. Remove half for later use.","Layer marinated chicken, chopped tomatoes, half of the fried onions, and rice in the pot.","Top with ghee, green chilies, fresh coriander leaves, mint leaves, and the remaining fried onions.","Cover and cook on low heat until the rice is fully cooked and aromatic.","Serve hot, garnished with additional coriander and mint leaves."],"prepTimeMinutes":30,"cookTimeMinutes":45,"servings":6,"difficulty":"Medium","cuisine":"Pakistani","caloriesPerServing":550,"tags":["Biryani","Chicken","Main course","Indian","Pakistani","Asian"],"userId":133,"image":"https://cdn.dummyjson.com/recipe-images/11.webp","rating":5,"reviewCount":32,"mealType":["Lunch","Dinner"]},{"id":12,"name":"Chicken Karahi","ingredients":["Chicken, cut into pieces","Tomatoes, chopped","Green chilies, sliced","Ginger, julienned","Garlic, minced","Coriander powder","Cumin powder","Red chili powder","Garam masala","Cooking oil","Fresh coriander leaves","Salt to taste"],"instructions":["In a wok (karahi), heat cooking oil and sauté minced garlic until golden brown.","Add chicken pieces and cook until browned on all sides.","Add chopped tomatoes, green chilies, ginger, and spices. Cook until tomatoes are soft.","Cover and simmer until the chicken is tender and the oil separates from the masala.","Garnish with fresh coriander leaves and serve hot with naan or rice."],"prepTimeMinutes":20,"cookTimeMinutes":30,"servings":4,"difficulty":"Easy","cuisine":"Pakistani","caloriesPerServing":420,"tags":["Chicken","Karahi","Main course","Indian","Pakistani","Asian"],"userId":49,"image":"https://cdn.dummyjson.com/recipe-images/12.webp","rating":4.8,"reviewCount":68,"mealType":["Lunch","Dinner"]},{"id":3,"name":"Chocolate Chip Cookies","ingredients":["All-purpose flour","Butter, softened","Brown sugar","White sugar","Eggs","Vanilla extract","Baking soda","Salt","Chocolate chips"],"instructions":["Preheat the oven to 350°F (175°C).","In a bowl, cream together softened butter, brown sugar, and white sugar.","Beat in eggs one at a time, then stir in vanilla extract.","Combine flour, baking soda, and salt. Gradually add to the wet ingredients.","Fold in chocolate chips.","Drop rounded tablespoons of dough onto ungreased baking sheets.","Bake for 10-12 minutes or until edges are golden brown.","Allow cookies to cool on the baking sheet for a few minutes before transferring to a wire rack."],"prepTimeMinutes":15,"cookTimeMinutes":10,"servings":24,"difficulty":"Easy","cuisine":"American","caloriesPerServing":150,"tags":["Cookies","Dessert","Baking"],"userId":34,"image":"https://cdn.dummyjson.com/recipe-images/3.webp","rating":4.9,"reviewCount":13,"mealType":["Snack","Dessert"]},{"id":1,"name":"Classic Margherita Pizza","ingredients":["Pizza dough","Tomato sauce","Fresh mozzarella cheese","Fresh basil leaves","Olive oil","Salt and pepper to taste"],"instructions":["Preheat the oven to 475°F (245°C).","Roll out the pizza dough and spread tomato sauce evenly.","Top with slices of fresh mozzarella and fresh basil leaves.","Drizzle with olive oil and season with salt and pepper.","Bake in the preheated oven for 12-15 minutes or until the crust is golden brown.","Slice and serve hot."],"prepTimeMinutes":20,"cookTimeMinutes":15,"servings":4,"difficulty":"Easy","cuisine":"Italian","caloriesPerServing":300,"tags":["Pizza","Italian"],"userId":166,"image":"https://cdn.dummyjson.com/recipe-images/1.webp","rating":4.6,"reviewCount":98,"mealType":["Dinner"]},{"id":40,"name":"Classic Mojito","ingredients":["Fresh mint leaves","Lime, cut into wedges","Granulated sugar","White rum","Club soda","Ice cubes"],"instructions":["In a glass, muddle fresh mint leaves with granulated sugar and lime wedges to release the flavors.","Add white rum and stir well.","Fill the glass with ice cubes and top with club soda.","Stir gently and garnish with a sprig of mint.","Sip and enjoy the classic and refreshing taste of a Mojito!"],"prepTimeMinutes":10,"cookTimeMinutes":0,"servings":1,"difficulty":"Easy","cuisine":"Cocktail","caloriesPerServing":150,"tags":["Mojito","Cuban","Cocktail"],"userId":191,"image":"https://cdn.dummyjson.com/recipe-images/40.webp","rating":4.7,"reviewCount":89,"mealType":["Beverage"]},{"id":48,"name":"Cucumber Avocado Rolls","ingredients":["Sushi rice, seasoned","Nori sheets","Cucumber, julienned","Avocado, sliced","Soy sauce for dipping","Pickled ginger and wasabi for serving"],"instructions":["Place a sheet of nori on a bamboo sushi rolling mat.","Spread seasoned sushi rice evenly over the nori, leaving a small border at the top.","Arrange julienned cucumber and sliced avocado along the bottom edge of the rice.","Roll the nori tightly from the bottom, using the bamboo mat to shape the roll.","Slice the roll into bite-sized pieces. Serve these refreshing Cucumber Avocado Rolls with soy sauce, pickled ginger, and wasabi."],"prepTimeMinutes":20,"cookTimeMinutes":0,"servings":3,"difficulty":"Easy","cuisine":"Japanese","caloriesPerServing":180,"tags":["Sushi rolls","Japanese","Quick"],"userId":190,"image":"https://cdn.dummyjson.com/recipe-images/48.webp","rating":4.3,"reviewCount":94,"mealType":["Appetizer","Lunch"]},{"id":19,"name":"Greek Moussaka","ingredients":["Eggplants, sliced","Ground lamb or beef","Onions, finely chopped","Garlic, minced","Tomatoes, crushed","Red wine","Cinnamon","Allspice","Nutmeg","Olive oil","Milk","Flour","Parmesan cheese","Egg yolks"],"instructions":["Preheat oven to 375°F (190°C).","Sauté sliced eggplants in olive oil until browned. Set aside.","In the same pan, cook chopped onions and minced garlic until softened.","Add ground lamb or beef and brown. Stir in crushed tomatoes, red wine, and spices.","In a separate saucepan, make béchamel sauce: melt butter, whisk in flour, add milk, and cook until thickened.","Remove from heat and stir in Parmesan cheese and egg yolks.","In a baking dish, layer eggplants and meat mixture. Top with béchamel sauce.","Bake for 40-45 minutes until golden brown. Let it cool before slicing.","Serve slices of moussaka warm and enjoy this Greek classic!"],"prepTimeMinutes":45,"cookTimeMinutes":45,"servings":6,"difficulty":"Medium","cuisine":"Greek","caloriesPerServing":420,"tags":["Moussaka","Greek"],"userId":173,"image":"https://cdn.dummyjson.com/recipe-images/19.webp","rating":4.3,"reviewCount":26,"mealType":["Dinner"]},{"id":38,"name":"Greek Spanakopita","ingredients":["Phyllo dough","Spinach, chopped and cooked","Feta cheese, crumbled","Onions, finely chopped","Eggs","Olive oil","Dill, chopped","Salt and pepper to taste"],"instructions":["Preheat oven to 375°F (190°C).","In a bowl, mix cooked chopped spinach with crumbled feta, chopped onions, beaten eggs, olive oil, dill, salt, and pepper.","Layer sheets of phyllo dough in a baking dish, brushing each layer with olive oil.","Spread the spinach and feta mixture over the phyllo layers.","Top with more phyllo layers, brushing each with olive oil.","Bake until golden brown. Slice and serve this delicious Greek Spanakopita!"],"prepTimeMinutes":30,"cookTimeMinutes":40,"servings":8,"difficulty":"Medium","cuisine":"Greek","caloriesPerServing":280,"tags":["Spanakopita","Greek"],"userId":68,"image":"https://cdn.dummyjson.com/recipe-images/38.webp","rating":4.6,"reviewCount":19,"mealType":["Appetizer"]},{"id":47,"name":"Hawaiian Chicken Skewers","ingredients":["Chicken breasts, cut into chunks","Pineapple chunks","Bell peppers, sliced","Red onion, cut into wedges","Soy sauce","Pineapple juice","Ketchup","Brown sugar","Garlic, minced","Wooden skewers, soaked in water"],"instructions":["Preheat the grill or grill pan.","In a bowl, whisk together soy sauce, pineapple juice, ketchup, brown sugar, and minced garlic to make the marinade.","Thread chicken chunks, pineapple chunks, bell pepper slices, and red onion wedges onto soaked wooden skewers.","Brush the skewers with the marinade and grill until the chicken is cooked through.","Serve these Hawaiian Chicken Skewers with rice or as a tasty appetizer."],"prepTimeMinutes":20,"cookTimeMinutes":15,"servings":4,"difficulty":"Easy","cuisine":"Hawaiian","caloriesPerServing":280,"tags":["Chicken skewers","Hawaiian","Quick"],"userId":177,"image":"https://cdn.dummyjson.com/recipe-images/47.webp","rating":4.7,"reviewCount":77,"mealType":["Dinner"]},{"id":45,"name":"Italian Margherita Pizza","ingredients":["Pizza dough","Tomatoes, thinly sliced","Fresh mozzarella, sliced","Fresh basil leaves","Olive oil","Garlic, minced","Salt and pepper to taste"],"instructions":["Preheat the oven to the highest temperature your oven can go.","Roll out pizza dough on a floured surface and transfer to a pizza stone or baking sheet.","Brush the dough with olive oil and sprinkle minced garlic over the surface.","Arrange thinly sliced tomatoes and fresh mozzarella slices on the dough.","Bake until the crust is golden and the cheese is melted and bubbly.","Top with fresh basil leaves and season with salt and pepper. Slice and serve this classic Margherita Pizza."],"prepTimeMinutes":20,"cookTimeMinutes":12,"servings":4,"difficulty":"Easy","cuisine":"Italian","caloriesPerServing":280,"tags":["Margherita pizza","Italian","Quick"],"userId":160,"image":"https://cdn.dummyjson.com/recipe-images/45.webp","rating":4.7,"reviewCount":98,"mealType":["Dinner"]},{"id":23,"name":"Italian Tiramisu","ingredients":["Espresso, brewed and cooled","Ladyfinger cookies","Mascarpone cheese","Heavy cream","Sugar","Cocoa powder"],"instructions":["In a bowl, whip heavy cream until stiff peaks form.","In another bowl, mix mascarpone cheese and sugar until smooth.","Gently fold the whipped cream into the mascarpone mixture.","Dip ladyfinger cookies into brewed espresso and layer them in a serving dish.","Spread a layer of the mascarpone mixture over the cookies.","Repeat layers and finish with a dusting of cocoa powder.","Chill in the refrigerator for a few hours before serving.","Indulge in the decadence of this classic Italian Tiramisu!"],"prepTimeMinutes":30,"cookTimeMinutes":0,"servings":6,"difficulty":"Medium","cuisine":"Italian","caloriesPerServing":350,"tags":["Tiramisu","Italian"],"userId":130,"image":"https://cdn.dummyjson.com/recipe-images/23.webp","rating":4.6,"reviewCount":0,"mealType":["Dessert"]},{"id":34,"name":"Japanese Matcha Green Tea Ice Cream","ingredients":["Heavy cream","Whole milk","Granulated sugar","Matcha green tea powder","Egg yolks"],"instructions":["In a saucepan, heat heavy cream, whole milk, and granulated sugar until it begins to steam.","Whisk in matcha green tea powder until fully combined.","In a separate bowl, whisk egg yolks. Slowly pour the hot milk mixture into the yolks, whisking continuously.","Return the mixture to the saucepan and heat until it thickens. Do not boil.","Strain the mixture and let it cool. Churn in an ice cream maker according to the manufacturer's instructions.","Freeze until firm. Indulge in the creamy goodness of Japanese Matcha Green Tea Ice Cream!"],"prepTimeMinutes":30,"cookTimeMinutes":15,"servings":4,"difficulty":"Medium","cuisine":"Japanese","caloriesPerServing":280,"tags":["Matcha ice cream","Japanese"],"userId":174,"image":"https://cdn.dummyjson.com/recipe-images/34.webp","rating":4.2,"reviewCount":87,"mealType":["Dessert"]},{"id":16,"name":"Japanese Ramen Soup","ingredients":["Ramen noodles","Chicken broth","Soy sauce","Mirin","Sesame oil","Shiitake mushrooms, sliced","Bok choy, chopped","Green onions, sliced","Soft-boiled eggs","Grilled chicken slices","Norwegian seaweed (nori)"],"instructions":["Cook ramen noodles according to package instructions and set aside.","In a pot, combine chicken broth, soy sauce, mirin, and sesame oil. Bring to a simmer.","Add sliced shiitake mushrooms and chopped bok choy. Cook until vegetables are tender.","Divide the cooked noodles into serving bowls and ladle the hot broth over them.","Top with green onions, soft-boiled eggs, grilled chicken slices, and nori.","Serve hot and enjoy the authentic Japanese ramen!"],"prepTimeMinutes":20,"cookTimeMinutes":25,"servings":2,"difficulty":"Medium","cuisine":"Japanese","caloriesPerServing":480,"tags":["Ramen","Japanese","Soup","Asian"],"userId":85,"image":"https://cdn.dummyjson.com/recipe-images/16.webp","rating":4.9,"reviewCount":38,"mealType":["Dinner"]},{"id":18,"name":"Korean Bibimbap","ingredients":["Cooked white rice","Beef bulgogi (marinated and grilled beef slices)","Carrots, julienned and sautéed","Spinach, blanched and seasoned","Zucchini, sliced and grilled","Bean sprouts, blanched","Fried egg","Gochujang (Korean red pepper paste)","Sesame oil","Toasted sesame seeds"],"instructions":["Arrange cooked white rice in a bowl.","Top with beef bulgogi, sautéed carrots, seasoned spinach, grilled zucchini, and blanched bean sprouts.","Place a fried egg on top and drizzle with gochujang and sesame oil.","Sprinkle with toasted sesame seeds before serving.","Mix everything together before enjoying this delicious Korean bibimbap!","Feel free to customize with additional vegetables or protein."],"prepTimeMinutes":30,"cookTimeMinutes":20,"servings":2,"difficulty":"Medium","cuisine":"Korean","caloriesPerServing":550,"tags":["Bibimbap","Korean","Rice"],"userId":121,"image":"https://cdn.dummyjson.com/recipe-images/18.webp","rating":4.9,"reviewCount":56,"mealType":["Dinner"]},{"id":29,"name":"Lebanese Falafel Wrap","ingredients":["Falafel balls","Whole wheat or regular wraps","Tomatoes, diced","Cucumbers, sliced","Red onions, thinly sliced","Lettuce, shredded","Tahini sauce","Fresh parsley, chopped"],"instructions":["Warm falafel balls according to package instructions.","Place a generous serving of falafel in the center of each wrap.","Top with diced tomatoes, sliced cucumbers, red onions, shredded lettuce, and fresh parsley.","Drizzle with tahini sauce and wrap tightly.","Enjoy this Lebanese Falafel Wrap filled with fresh and flavorful ingredients!"],"prepTimeMinutes":15,"cookTimeMinutes":10,"servings":2,"difficulty":"Easy","cuisine":"Lebanese","caloriesPerServing":400,"tags":["Falafel","Lebanese","Wrap"],"userId":110,"image":"https://cdn.dummyjson.com/recipe-images/29.webp","rating":4.7,"reviewCount":84,"mealType":["Lunch"]},{"id":43,"name":"Mango Avocado Salsa","ingredients":["Mango, diced","Avocado, diced","Red onion, finely chopped","Cilantro, chopped","Lime juice","Salt and pepper to taste","Tortilla chips for serving"],"instructions":["In a bowl, combine diced mango, diced avocado, finely chopped red onion, and chopped cilantro.","Drizzle with fresh lime juice and season with salt and pepper. Toss gently to combine.","Serve this refreshing Mango Avocado Salsa with tortilla chips for a quick and tasty snack."],"prepTimeMinutes":10,"cookTimeMinutes":0,"servings":4,"difficulty":"Easy","cuisine":"Mexican","caloriesPerServing":90,"tags":["Mango salsa","Mexican"],"userId":30,"image":"https://cdn.dummyjson.com/recipe-images/43.webp","rating":4.1,"reviewCount":78,"mealType":["Snack","Appetizer"]},{"id":22,"name":"Mango Lassi","ingredients":["Ripe mango, peeled and diced","Yogurt","Milk","Honey","Cardamom powder","Ice cubes"],"instructions":["In a blender, combine diced mango, yogurt, milk, honey, and cardamom powder.","Blend until smooth and creamy.","Add ice cubes and blend again until the lassi is chilled.","Pour into glasses and garnish with a sprinkle of cardamom.","Enjoy this refreshing Mango Lassi!"],"prepTimeMinutes":10,"cookTimeMinutes":0,"servings":2,"difficulty":"Easy","cuisine":"Indian","caloriesPerServing":180,"tags":["Lassi","Mango","Indian","Pakistani","Asian"],"userId":76,"image":"https://cdn.dummyjson.com/recipe-images/22.webp","rating":4.7,"reviewCount":15,"mealType":["Beverage"]},{"id":5,"name":"Mango Salsa Chicken","ingredients":["Chicken thighs","Mango, diced","Red onion, finely chopped","Cilantro, chopped","Lime juice","Jalapeño, minced","Salt and pepper to taste","Cooked rice for serving"],"instructions":["Season chicken thighs with salt and pepper.","Grill or bake chicken until fully cooked.","In a bowl, combine diced mango, chopped red onion, cilantro, minced jalapeño, and lime juice.","Dice the cooked chicken and mix it with the mango salsa.","Serve over cooked rice."],"prepTimeMinutes":15,"cookTimeMinutes":25,"servings":3,"difficulty":"Easy","cuisine":"Mexican","caloriesPerServing":380,"tags":["Chicken","Salsa"],"userId":26,"image":"https://cdn.dummyjson.com/recipe-images/5.webp","rating":4.9,"reviewCount":63,"mealType":["Dinner"]},{"id":49,"name":"Mediterranean Chickpea Salad","ingredients":["Canned chickpeas, drained and rinsed","Cherry tomatoes, halved","Cucumber, diced","Red onion, finely chopped","Kalamata olives, sliced","Feta cheese, crumbled","Olive oil","Lemon juice","Dried oregano","Salt and pepper to taste"],"instructions":["In a large bowl, combine chickpeas, cherry tomatoes, cucumber, red onion, olives, and feta cheese.","In a small bowl, whisk together olive oil, lemon juice, dried oregano, salt, and pepper to make the dressing.","Pour the dressing over the salad and toss gently to combine.","Chill before serving. Enjoy this quick and refreshing Mediterranean Chickpea Salad."],"prepTimeMinutes":15,"cookTimeMinutes":0,"servings":4,"difficulty":"Easy","cuisine":"Mediterranean","caloriesPerServing":220,"tags":["Chickpea salad","Mediterranean","Quick"],"userId":183,"image":"https://cdn.dummyjson.com/recipe-images/49.webp","rating":4.7,"reviewCount":70,"mealType":["Lunch","Side Dish"]},{"id":33,"name":"Mediterranean Quinoa Salad","ingredients":["Quinoa, cooked","Cherry tomatoes, halved","Cucumber, diced","Kalamata olives, sliced","Red onion, finely chopped","Feta cheese, crumbled","Fresh parsley, chopped","Lemon vinaigrette dressing"],"instructions":["In a large bowl, combine cooked quinoa, cherry tomatoes, cucumber, olives, red onion, feta cheese, and parsley.","Drizzle with lemon vinaigrette dressing and toss to combine.","Chill before serving. This Mediterranean Quinoa Salad is perfect as a refreshing side dish."],"prepTimeMinutes":20,"cookTimeMinutes":15,"servings":6,"difficulty":"Easy","cuisine":"Mediterranean","caloriesPerServing":220,"tags":["Quinoa salad","Mediterranean"],"userId":154,"image":"https://cdn.dummyjson.com/recipe-images/33.webp","rating":4.8,"reviewCount":83,"mealType":["Lunch","Side Dish"]}],"total":50,"skip":0,"limit":30}

19:20:06.707 [main] DEBUG com.jayway.jsonpath.internal.path.CompiledPath -- Evaluating path: $['recipes'][0]['name']
19:20:06.708 [main] INFO com.intuit.karate -- [print] {
  "recipes": [
    {
      "id": 13,
      "name": "Aloo Keema",
      "ingredients": [
        "Ground beef",
        "Potatoes, peeled and diced",
        "Onions, finely chopped",
        "Tomatoes, chopped",
        "Ginger-garlic paste",
        "Cumin powder",
        "Coriander powder",
        "Turmeric powder",
        "Red chili powder",
        "Cooking oil",
        "Fresh coriander leaves",
        "Salt to taste"
      ],
      "instructions": [
        "In a pan, heat cooking oil and sauté chopped onions until golden brown.",
        "Add ginger-garlic paste and sauté until fragrant.",
        "Add ground beef and cook until browned. Drain excess oil if needed.",
        "Add diced potatoes, chopped tomatoes, and spices. Mix well.",
        "Cover and simmer until the potatoes are tender and the masala is well-cooked.",
        "Garnish with fresh coriander leaves and serve hot with naan or rice."
      ],
      "prepTimeMinutes": 25,
      "cookTimeMinutes": 35,
      "servings": 5,
      "difficulty": "Medium",
      "cuisine": "Pakistani",
      "caloriesPerServing": 380,
      "tags": [
        "Keema",
        "Potatoes",
        "Main course",
        "Pakistani",
        "Asian"
      ],
      "userId": 152,
      "image": "https://cdn.dummyjson.com/recipe-images/13.webp",
      "rating": 4.6,
      "reviewCount": 53,
      "mealType": [
        "Lunch",
        "Dinner"
      ]
    },
    {
      "id": 8,
      "name": "Beef and Broccoli Stir-Fry",
      "ingredients": [
        "Beef sirloin, thinly sliced",
        "Broccoli florets",
        "Soy sauce",
        "Oyster sauce",
        "Sesame oil",
        "Garlic, minced",
        "Ginger, minced",
        "Cornstarch",
        "Cooked white rice for serving"
      ],
      "instructions": [
        "In a bowl, mix soy sauce, oyster sauce, sesame oil, and cornstarch to create the sauce.",
        "In a wok, stir-fry thinly sliced beef until browned. Remove from the wok.",
        "Stir-fry broccoli florets, minced garlic, and minced ginger in the same wok.",
        "Add the cooked beef back to the wok and pour the sauce over the mixture.",
        "Stir until everything is coated and heated through.",
        "Serve over cooked white rice."
      ],
      "prepTimeMinutes": 20,
      "cookTimeMinutes": 15,
      "servings": 4,
      "difficulty": "Medium",
      "cuisine": "Asian",
      "caloriesPerServing": 380,
      "tags": [
        "Beef",
        "Stir-fry",
        "Asian"
      ],
      "userId": 18,
      "image": "https://cdn.dummyjson.com/recipe-images/8.webp",
      "rating": 4.7,
      "reviewCount": 58,
      "mealType": [
        "Dinner"
      ]
    },
    {
      "id": 25,
      "name": "Blueberry Banana Smoothie",
      "ingredients": [
        "Blueberries, fresh or frozen",
        "Banana, peeled and sliced",
        "Greek yogurt",
        "Almond milk",
        "Honey",
        "Chia seeds (optional)"
      ],
      "instructions": [
        "In a blender, combine blueberries, banana, Greek yogurt, almond milk, and honey.",
        "Blend until smooth and creamy.",
        "Add chia seeds for extra nutrition and blend briefly.",
        "Pour into a glass and enjoy this nutritious Blueberry Banana Smoothie!"
      ],
      "prepTimeMinutes": 10,
      "cookTimeMinutes": 0,
      "servings": 1,
      "difficulty": "Easy",
      "cuisine": "Smoothie",
      "caloriesPerServing": 220,
      "tags": [
        "Smoothie",
        "Blueberry",
        "Banana"
      ],
      "userId": 16,
      "image": "https://cdn.dummyjson.com/recipe-images/25.webp",
      "rating": 4.8,
      "reviewCount": 30,
      "mealType": [
        "Breakfast",
        "Beverage"
      ]
    },
    {
      "id": 30,
      "name": "Brazilian Caipirinha",
      "ingredients": [
        "Cachaça (Brazilian sugarcane spirit)",
        "Lime, cut into wedges",
        "Granulated sugar",
        "Ice cubes"
      ],
      "instructions": [
        "In a glass, muddle lime wedges with granulated sugar to release the juice.",
        "Fill the glass with ice cubes.",
        "Pour cachaça over the ice and stir well.",
        "Sip and enjoy the refreshing taste of the Brazilian Caipirinha!",
        "Adjust sugar and lime to suit your taste preferences."
      ],
      "prepTimeMinutes": 5,
      "cookTimeMinutes": 0,
      "servings": 1,
      "difficulty": "Easy",
      "cuisine": "Brazilian",
      "caloriesPerServing": 150,
      "tags": [
        "Caipirinha",
        "Brazilian",
        "Cocktail"
      ],
      "userId": 134,
      "image": "https://cdn.dummyjson.com/recipe-images/30.webp",
      "rating": 4.4,
      "reviewCount": 55,
      "mealType": [
        "Beverage"
      ]
    },
    {
      "id": 35,
      "name": "Brazilian Chocolate Brigadeiros",
      "ingredients": [
        "Sweetened condensed milk",
        "Cocoa powder",
        "Unsalted butter",
        "Chocolate sprinkles"
      ],
      "instructions": [
        "In a saucepan, combine sweetened condensed milk, cocoa powder, and unsalted butter.",
        "Cook over medium heat, stirring constantly, until the mixture thickens and pulls away from the pan.",
        "Let the mixture cool. Grease your hands with butter and roll into small balls.",
        "Coat the brigadeiros in chocolate sprinkles.",
        "These Brazilian Chocolate Brigadeiros are a delightful sweet treat!"
      ],
      "prepTimeMinutes": 20,
      "cookTimeMinutes": 10,
      "servings": 8,
      "difficulty": "Easy",
      "cuisine": "Brazilian",
      "caloriesPerServing": 120,
      "tags": [
        "Brigadeiros",
        "Brazilian"
      ],
      "userId": 175,
      "image": "https://cdn.dummyjson.com/recipe-images/35.webp",
      "rating": 4.2,
      "reviewCount": 65,
      "mealType": [
        "Dessert"
      ]
    },
    {
      "id": 20,
      "name": "Butter Chicken (Murgh Makhani)",
      "ingredients": [
        "Chicken thighs, boneless and skinless",
        "Yogurt",
        "Ginger-garlic paste",
        "Garam masala",
        "Kashmiri red chili powder",
        "Tomato puree",
        "Butter",
        "Heavy cream",
        "Kasuri methi (dried fenugreek leaves)",
        "Sugar",
        "Salt to taste"
      ],
      "instructions": [
        "Marinate chicken thighs in a mixture of yogurt, ginger-garlic paste, garam masala, and Kashmiri red chili powder.",
        "In a pan, melt butter and sauté the marinated chicken until browned.",
        "Add tomato puree and cook until the oil separates. Stir in heavy cream.",
        "Sprinkle kasuri methi, sugar, and salt. Simmer until the chicken is fully cooked.",
        "Serve this creamy butter chicken over rice or with naan for an authentic Pakistani/Indian experience."
      ],
      "prepTimeMinutes": 30,
      "cookTimeMinutes": 25,
      "servings": 4,
      "difficulty": "Medium",
      "cuisine": "Pakistani",
      "caloriesPerServing": 480,
      "tags": [
        "Butter chicken",
        "Curry",
        "Indian",
        "Pakistani",
        "Asian"
      ],
      "userId": 138,
      "image": "https://cdn.dummyjson.com/recipe-images/20.webp",
      "rating": 4.5,
      "reviewCount": 44,
      "mealType": [
        "Dinner"
      ]
    },
    {
      "id": 41,
      "name": "Caprese Bruschetta",
      "ingredients": [
        "Baguette, sliced",
        "Tomatoes, diced",
        "Fresh mozzarella, sliced",
        "Fresh basil leaves",
        "Balsamic glaze",
        "Olive oil",
        "Garlic, minced",
        "Salt and pepper to taste"
      ],
      "instructions": [
        "Preheat the oven broiler.",
        "Place baguette slices on a baking sheet and toast under the broiler until golden.",
        "In a bowl, combine diced tomatoes, sliced fresh mozzarella, minced garlic, and chopped fresh basil.",
        "Drizzle with olive oil, balsamic glaze, and season with salt and pepper.",
        "Spoon the tomato and mozzarella mixture onto the toasted baguette slices.",
        "Serve these delightful Caprese Bruschettas as a quick and tasty appetizer."
      ],
      "prepTimeMinutes": 15,
      "cookTimeMinutes": 5,
      "servings": 6,
      "difficulty": "Easy",
      "cuisine": "Italian",
      "caloriesPerServing": 150,
      "tags": [
        "Bruschetta",
        "Italian"
      ],
      "userId": 148,
      "image": "https://cdn.dummyjson.com/recipe-images/41.webp",
      "rating": 4.2,
      "reviewCount": 38,
      "mealType": [
        "Appetizer"
      ]
    },
    {
      "id": 9,
      "name": "Caprese Salad",
      "ingredients": [
        "Tomatoes, sliced",
        "Fresh mozzarella cheese, sliced",
        "Fresh basil leaves",
        "Balsamic glaze",
        "Extra virgin olive oil",
        "Salt and pepper to taste"
      ],
      "instructions": [
        "Arrange alternating slices of tomatoes and fresh mozzarella on a serving platter.",
        "Tuck fresh basil leaves between the slices.",
        "Drizzle with balsamic glaze and extra virgin olive oil.",
        "Season with salt and pepper to taste.",
        "Serve immediately as a refreshing salad."
      ],
      "prepTimeMinutes": 10,
      "cookTimeMinutes": 0,
      "servings": 2,
      "difficulty": "Easy",
      "cuisine": "Italian",
      "caloriesPerServing": 200,
      "tags": [
        "Salad",
        "Caprese"
      ],
      "userId": 128,
      "image": "https://cdn.dummyjson.com/recipe-images/9.webp",
      "rating": 4.6,
      "reviewCount": 82,
      "mealType": [
        "Lunch"
      ]
    },
    {
      "id": 14,
      "name": "Chapli Kebabs",
      "ingredients": [
        "Ground beef",
        "Onions, finely chopped",
        "Tomatoes, finely chopped",
        "Green chilies, chopped",
        "Coriander leaves, chopped",
        "Pomegranate seeds",
        "Ginger-garlic paste",
        "Cumin powder",
        "Coriander powder",
        "Red chili powder",
        "Egg",
        "Cooking oil",
        "Salt to taste"
      ],
      "instructions": [
        "In a large bowl, mix ground beef, chopped onions, tomatoes, green chilies, coriander leaves, and pomegranate seeds.",
        "Add ginger-garlic paste, cumin powder, coriander powder, red chili powder, and salt. Mix well.",
        "Add an egg to bind the mixture and form into round flat kebabs.",
        "Heat cooking oil in a pan and shallow fry the kebabs until browned on both sides.",
        "Serve hot with naan or mint chutney."
      ],
      "prepTimeMinutes": 30,
      "cookTimeMinutes": 20,
      "servings": 4,
      "difficulty": "Medium",
      "cuisine": "Pakistani",
      "caloriesPerServing": 320,
      "tags": [
        "Kebabs",
        "Beef",
        "Indian",
        "Pakistani",
        "Asian"
      ],
      "userId": 152,
      "image": "https://cdn.dummyjson.com/recipe-images/14.webp",
      "rating": 4.7,
      "reviewCount": 98,
      "mealType": [
        "Lunch",
        "Dinner",
        "Snacks"
      ]
    },
    {
      "id": 4,
      "name": "Chicken Alfredo Pasta",
      "ingredients": [
        "Fettuccine pasta",
        "Chicken breast, sliced",
        "Heavy cream",
        "Parmesan cheese, grated",
        "Garlic, minced",
        "Butter",
        "Salt and pepper to taste",
        "Fresh parsley for garnish"
      ],
      "instructions": [
        "Cook fettuccine pasta according to package instructions.",
        "In a pan, sauté sliced chicken in butter until fully cooked.",
        "Add minced garlic and cook until fragrant.",
        "Pour in heavy cream and grated Parmesan cheese. Stir until the cheese is melted.",
        "Season with salt and pepper to taste.",
        "Combine the Alfredo sauce with cooked pasta.",
        "Garnish with fresh parsley before serving."
      ],
      "prepTimeMinutes": 15,
      "cookTimeMinutes": 20,
      "servings": 4,
      "difficulty": "Medium",
      "cuisine": "Italian",
      "caloriesPerServing": 500,
      "tags": [
        "Pasta",
        "Chicken"
      ],
      "userId": 136,
      "image": "https://cdn.dummyjson.com/recipe-images/4.webp",
      "rating": 4.9,
      "reviewCount": 82,
      "mealType": [
        "Lunch",
        "Dinner"
      ]
    },
    {
      "id": 11,
      "name": "Chicken Biryani",
      "ingredients": [
        "Basmati rice",
        "Chicken, cut into pieces",
        "Onions, thinly sliced",
        "Tomatoes, chopped",
        "Yogurt",
        "Ginger-garlic paste",
        "Biryani masala",
        "Green chilies, sliced",
        "Fresh coriander leaves",
        "Mint leaves",
        "Ghee",
        "Salt to taste"
      ],
      "instructions": [
        "Marinate chicken with yogurt, ginger-garlic paste, biryani masala, and salt.",
        "In a pot, sauté sliced onions until golden brown. Remove half for later use.",
        "Layer marinated chicken, chopped tomatoes, half of the fried onions, and rice in the pot.",
        "Top with ghee, green chilies, fresh coriander leaves, mint leaves, and the remaining fried onions.",
        "Cover and cook on low heat until the rice is fully cooked and aromatic.",
        "Serve hot, garnished with additional coriander and mint leaves."
      ],
      "prepTimeMinutes": 30,
      "cookTimeMinutes": 45,
      "servings": 6,
      "difficulty": "Medium",
      "cuisine": "Pakistani",
      "caloriesPerServing": 550,
      "tags": [
        "Biryani",
        "Chicken",
        "Main course",
        "Indian",
        "Pakistani",
        "Asian"
      ],
      "userId": 133,
      "image": "https://cdn.dummyjson.com/recipe-images/11.webp",
      "rating": 5,
      "reviewCount": 32,
      "mealType": [
        "Lunch",
        "Dinner"
      ]
    },
    {
      "id": 12,
      "name": "Chicken Karahi",
      "ingredients": [
        "Chicken, cut into pieces",
        "Tomatoes, chopped",
        "Green chilies, sliced",
        "Ginger, julienned",
        "Garlic, minced",
        "Coriander powder",
        "Cumin powder",
        "Red chili powder",
        "Garam masala",
        "Cooking oil",
        "Fresh coriander leaves",
        "Salt to taste"
      ],
      "instructions": [
        "In a wok (karahi), heat cooking oil and sauté minced garlic until golden brown.",
        "Add chicken pieces and cook until browned on all sides.",
        "Add chopped tomatoes, green chilies, ginger, and spices. Cook until tomatoes are soft.",
        "Cover and simmer until the chicken is tender and the oil separates from the masala.",
        "Garnish with fresh coriander leaves and serve hot with naan or rice."
      ],
      "prepTimeMinutes": 20,
      "cookTimeMinutes": 30,
      "servings": 4,
      "difficulty": "Easy",
      "cuisine": "Pakistani",
      "caloriesPerServing": 420,
      "tags": [
        "Chicken",
        "Karahi",
        "Main course",
        "Indian",
        "Pakistani",
        "Asian"
      ],
      "userId": 49,
      "image": "https://cdn.dummyjson.com/recipe-images/12.webp",
      "rating": 4.8,
      "reviewCount": 68,
      "mealType": [
        "Lunch",
        "Dinner"
      ]
    },
    {
      "id": 3,
      "name": "Chocolate Chip Cookies",
      "ingredients": [
        "All-purpose flour",
        "Butter, softened",
        "Brown sugar",
        "White sugar",
        "Eggs",
        "Vanilla extract",
        "Baking soda",
        "Salt",
        "Chocolate chips"
      ],
      "instructions": [
        "Preheat the oven to 350°F (175°C).",
        "In a bowl, cream together softened butter, brown sugar, and white sugar.",
        "Beat in eggs one at a time, then stir in vanilla extract.",
        "Combine flour, baking soda, and salt. Gradually add to the wet ingredients.",
        "Fold in chocolate chips.",
        "Drop rounded tablespoons of dough onto ungreased baking sheets.",
        "Bake for 10-12 minutes or until edges are golden brown.",
        "Allow cookies to cool on the baking sheet for a few minutes before transferring to a wire rack."
      ],
      "prepTimeMinutes": 15,
      "cookTimeMinutes": 10,
      "servings": 24,
      "difficulty": "Easy",
      "cuisine": "American",
      "caloriesPerServing": 150,
      "tags": [
        "Cookies",
        "Dessert",
        "Baking"
      ],
      "userId": 34,
      "image": "https://cdn.dummyjson.com/recipe-images/3.webp",
      "rating": 4.9,
      "reviewCount": 13,
      "mealType": [
        "Snack",
        "Dessert"
      ]
    },
    {
      "id": 1,
      "name": "Classic Margherita Pizza",
      "ingredients": [
        "Pizza dough",
        "Tomato sauce",
        "Fresh mozzarella cheese",
        "Fresh basil leaves",
        "Olive oil",
        "Salt and pepper to taste"
      ],
      "instructions": [
        "Preheat the oven to 475°F (245°C).",
        "Roll out the pizza dough and spread tomato sauce evenly.",
        "Top with slices of fresh mozzarella and fresh basil leaves.",
        "Drizzle with olive oil and season with salt and pepper.",
        "Bake in the preheated oven for 12-15 minutes or until the crust is golden brown.",
        "Slice and serve hot."
      ],
      "prepTimeMinutes": 20,
      "cookTimeMinutes": 15,
      "servings": 4,
      "difficulty": "Easy",
      "cuisine": "Italian",
      "caloriesPerServing": 300,
      "tags": [
        "Pizza",
        "Italian"
      ],
      "userId": 166,
      "image": "https://cdn.dummyjson.com/recipe-images/1.webp",
      "rating": 4.6,
      "reviewCount": 98,
      "mealType": [
        "Dinner"
      ]
    },
    {
      "id": 40,
      "name": "Classic Mojito",
      "ingredients": [
        "Fresh mint leaves",
        "Lime, cut into wedges",
        "Granulated sugar",
        "White rum",
        "Club soda",
        "Ice cubes"
      ],
      "instructions": [
        "In a glass, muddle fresh mint leaves with granulated sugar and lime wedges to release the flavors.",
        "Add white rum and stir well.",
        "Fill the glass with ice cubes and top with club soda.",
        "Stir gently and garnish with a sprig of mint.",
        "Sip and enjoy the classic and refreshing taste of a Mojito!"
      ],
      "prepTimeMinutes": 10,
      "cookTimeMinutes": 0,
      "servings": 1,
      "difficulty": "Easy",
      "cuisine": "Cocktail",
      "caloriesPerServing": 150,
      "tags": [
        "Mojito",
        "Cuban",
        "Cocktail"
      ],
      "userId": 191,
      "image": "https://cdn.dummyjson.com/recipe-images/40.webp",
      "rating": 4.7,
      "reviewCount": 89,
      "mealType": [
        "Beverage"
      ]
    },
    {
      "id": 48,
      "name": "Cucumber Avocado Rolls",
      "ingredients": [
        "Sushi rice, seasoned",
        "Nori sheets",
        "Cucumber, julienned",
        "Avocado, sliced",
        "Soy sauce for dipping",
        "Pickled ginger and wasabi for serving"
      ],
      "instructions": [
        "Place a sheet of nori on a bamboo sushi rolling mat.",
        "Spread seasoned sushi rice evenly over the nori, leaving a small border at the top.",
        "Arrange julienned cucumber and sliced avocado along the bottom edge of the rice.",
        "Roll the nori tightly from the bottom, using the bamboo mat to shape the roll.",
        "Slice the roll into bite-sized pieces. Serve these refreshing Cucumber Avocado Rolls with soy sauce, pickled ginger, and wasabi."
      ],
      "prepTimeMinutes": 20,
      "cookTimeMinutes": 0,
      "servings": 3,
      "difficulty": "Easy",
      "cuisine": "Japanese",
      "caloriesPerServing": 180,
      "tags": [
        "Sushi rolls",
        "Japanese",
        "Quick"
      ],
      "userId": 190,
      "image": "https://cdn.dummyjson.com/recipe-images/48.webp",
      "rating": 4.3,
      "reviewCount": 94,
      "mealType": [
        "Appetizer",
        "Lunch"
      ]
    },
    {
      "id": 19,
      "name": "Greek Moussaka",
      "ingredients": [
        "Eggplants, sliced",
        "Ground lamb or beef",
        "Onions, finely chopped",
        "Garlic, minced",
        "Tomatoes, crushed",
        "Red wine",
        "Cinnamon",
        "Allspice",
        "Nutmeg",
        "Olive oil",
        "Milk",
        "Flour",
        "Parmesan cheese",
        "Egg yolks"
      ],
      "instructions": [
        "Preheat oven to 375°F (190°C).",
        "Sauté sliced eggplants in olive oil until browned. Set aside.",
        "In the same pan, cook chopped onions and minced garlic until softened.",
        "Add ground lamb or beef and brown. Stir in crushed tomatoes, red wine, and spices.",
        "In a separate saucepan, make béchamel sauce: melt butter, whisk in flour, add milk, and cook until thickened.",
        "Remove from heat and stir in Parmesan cheese and egg yolks.",
        "In a baking dish, layer eggplants and meat mixture. Top with béchamel sauce.",
        "Bake for 40-45 minutes until golden brown. Let it cool before slicing.",
        "Serve slices of moussaka warm and enjoy this Greek classic!"
      ],
      "prepTimeMinutes": 45,
      "cookTimeMinutes": 45,
      "servings": 6,
      "difficulty": "Medium",
      "cuisine": "Greek",
      "caloriesPerServing": 420,
      "tags": [
        "Moussaka",
        "Greek"
      ],
      "userId": 173,
      "image": "https://cdn.dummyjson.com/recipe-images/19.webp",
      "rating": 4.3,
      "reviewCount": 26,
      "mealType": [
        "Dinner"
      ]
    },
    {
      "id": 38,
      "name": "Greek Spanakopita",
      "ingredients": [
        "Phyllo dough",
        "Spinach, chopped and cooked",
        "Feta cheese, crumbled",
        "Onions, finely chopped",
        "Eggs",
        "Olive oil",
        "Dill, chopped",
        "Salt and pepper to taste"
      ],
      "instructions": [
        "Preheat oven to 375°F (190°C).",
        "In a bowl, mix cooked chopped spinach with crumbled feta, chopped onions, beaten eggs, olive oil, dill, salt, and pepper.",
        "Layer sheets of phyllo dough in a baking dish, brushing each layer with olive oil.",
        "Spread the spinach and feta mixture over the phyllo layers.",
        "Top with more phyllo layers, brushing each with olive oil.",
        "Bake until golden brown. Slice and serve this delicious Greek Spanakopita!"
      ],
      "prepTimeMinutes": 30,
      "cookTimeMinutes": 40,
      "servings": 8,
      "difficulty": "Medium",
      "cuisine": "Greek",
      "caloriesPerServing": 280,
      "tags": [
        "Spanakopita",
        "Greek"
      ],
      "userId": 68,
      "image": "https://cdn.dummyjson.com/recipe-images/38.webp",
      "rating": 4.6,
      "reviewCount": 19,
      "mealType": [
        "Appetizer"
      ]
    },
    {
      "id": 47,
      "name": "Hawaiian Chicken Skewers",
      "ingredients": [
        "Chicken breasts, cut into chunks",
        "Pineapple chunks",
        "Bell peppers, sliced",
        "Red onion, cut into wedges",
        "Soy sauce",
        "Pineapple juice",
        "Ketchup",
        "Brown sugar",
        "Garlic, minced",
        "Wooden skewers, soaked in water"
      ],
      "instructions": [
        "Preheat the grill or grill pan.",
        "In a bowl, whisk together soy sauce, pineapple juice, ketchup, brown sugar, and minced garlic to make the marinade.",
        "Thread chicken chunks, pineapple chunks, bell pepper slices, and red onion wedges onto soaked wooden skewers.",
        "Brush the skewers with the marinade and grill until the chicken is cooked through.",
        "Serve these Hawaiian Chicken Skewers with rice or as a tasty appetizer."
      ],
      "prepTimeMinutes": 20,
      "cookTimeMinutes": 15,
      "servings": 4,
      "difficulty": "Easy",
      "cuisine": "Hawaiian",
      "caloriesPerServing": 280,
      "tags": [
        "Chicken skewers",
        "Hawaiian",
        "Quick"
      ],
      "userId": 177,
      "image": "https://cdn.dummyjson.com/recipe-images/47.webp",
      "rating": 4.7,
      "reviewCount": 77,
      "mealType": [
        "Dinner"
      ]
    },
    {
      "id": 45,
      "name": "Italian Margherita Pizza",
      "ingredients": [
        "Pizza dough",
        "Tomatoes, thinly sliced",
        "Fresh mozzarella, sliced",
        "Fresh basil leaves",
        "Olive oil",
        "Garlic, minced",
        "Salt and pepper to taste"
      ],
      "instructions": [
        "Preheat the oven to the highest temperature your oven can go.",
        "Roll out pizza dough on a floured surface and transfer to a pizza stone or baking sheet.",
        "Brush the dough with olive oil and sprinkle minced garlic over the surface.",
        "Arrange thinly sliced tomatoes and fresh mozzarella slices on the dough.",
        "Bake until the crust is golden and the cheese is melted and bubbly.",
        "Top with fresh basil leaves and season with salt and pepper. Slice and serve this classic Margherita Pizza."
      ],
      "prepTimeMinutes": 20,
      "cookTimeMinutes": 12,
      "servings": 4,
      "difficulty": "Easy",
      "cuisine": "Italian",
      "caloriesPerServing": 280,
      "tags": [
        "Margherita pizza",
        "Italian",
        "Quick"
      ],
      "userId": 160,
      "image": "https://cdn.dummyjson.com/recipe-images/45.webp",
      "rating": 4.7,
      "reviewCount": 98,
      "mealType": [
        "Dinner"
      ]
    },
    {
      "id": 23,
      "name": "Italian Tiramisu",
      "ingredients": [
        "Espresso, brewed and cooled",
        "Ladyfinger cookies",
        "Mascarpone cheese",
        "Heavy cream",
        "Sugar",
        "Cocoa powder"
      ],
      "instructions": [
        "In a bowl, whip heavy cream until stiff peaks form.",
        "In another bowl, mix mascarpone cheese and sugar until smooth.",
        "Gently fold the whipped cream into the mascarpone mixture.",
        "Dip ladyfinger cookies into brewed espresso and layer them in a serving dish.",
        "Spread a layer of the mascarpone mixture over the cookies.",
        "Repeat layers and finish with a dusting of cocoa powder.",
        "Chill in the refrigerator for a few hours before serving.",
        "Indulge in the decadence of this classic Italian Tiramisu!"
      ],
      "prepTimeMinutes": 30,
      "cookTimeMinutes": 0,
      "servings": 6,
      "difficulty": "Medium",
      "cuisine": "Italian",
      "caloriesPerServing": 350,
      "tags": [
        "Tiramisu",
        "Italian"
      ],
      "userId": 130,
      "image": "https://cdn.dummyjson.com/recipe-images/23.webp",
      "rating": 4.6,
      "reviewCount": 0,
      "mealType": [
        "Dessert"
      ]
    },
    {
      "id": 34,
      "name": "Japanese Matcha Green Tea Ice Cream",
      "ingredients": [
        "Heavy cream",
        "Whole milk",
        "Granulated sugar",
        "Matcha green tea powder",
        "Egg yolks"
      ],
      "instructions": [
        "In a saucepan, heat heavy cream, whole milk, and granulated sugar until it begins to steam.",
        "Whisk in matcha green tea powder until fully combined.",
        "In a separate bowl, whisk egg yolks. Slowly pour the hot milk mixture into the yolks, whisking continuously.",
        "Return the mixture to the saucepan and heat until it thickens. Do not boil.",
        "Strain the mixture and let it cool. Churn in an ice cream maker according to the manufacturer's instructions.",
        "Freeze until firm. Indulge in the creamy goodness of Japanese Matcha Green Tea Ice Cream!"
      ],
      "prepTimeMinutes": 30,
      "cookTimeMinutes": 15,
      "servings": 4,
      "difficulty": "Medium",
      "cuisine": "Japanese",
      "caloriesPerServing": 280,
      "tags": [
        "Matcha ice cream",
        "Japanese"
      ],
      "userId": 174,
      "image": "https://cdn.dummyjson.com/recipe-images/34.webp",
      "rating": 4.2,
      "reviewCount": 87,
      "mealType": [
        "Dessert"
      ]
    },
    {
      "id": 16,
      "name": "Japanese Ramen Soup",
      "ingredients": [
        "Ramen noodles",
        "Chicken broth",
        "Soy sauce",
        "Mirin",
        "Sesame oil",
        "Shiitake mushrooms, sliced",
        "Bok choy, chopped",
        "Green onions, sliced",
        "Soft-boiled eggs",
        "Grilled chicken slices",
        "Norwegian seaweed (nori)"
      ],
      "instructions": [
        "Cook ramen noodles according to package instructions and set aside.",
        "In a pot, combine chicken broth, soy sauce, mirin, and sesame oil. Bring to a simmer.",
        "Add sliced shiitake mushrooms and chopped bok choy. Cook until vegetables are tender.",
        "Divide the cooked noodles into serving bowls and ladle the hot broth over them.",
        "Top with green onions, soft-boiled eggs, grilled chicken slices, and nori.",
        "Serve hot and enjoy the authentic Japanese ramen!"
      ],
      "prepTimeMinutes": 20,
      "cookTimeMinutes": 25,
      "servings": 2,
      "difficulty": "Medium",
      "cuisine": "Japanese",
      "caloriesPerServing": 480,
      "tags": [
        "Ramen",
        "Japanese",
        "Soup",
        "Asian"
      ],
      "userId": 85,
      "image": "https://cdn.dummyjson.com/recipe-images/16.webp",
      "rating": 4.9,
      "reviewCount": 38,
      "mealType": [
        "Dinner"
      ]
    },
    {
      "id": 18,
      "name": "Korean Bibimbap",
      "ingredients": [
        "Cooked white rice",
        "Beef bulgogi (marinated and grilled beef slices)",
        "Carrots, julienned and sautéed",
        "Spinach, blanched and seasoned",
        "Zucchini, sliced and grilled",
        "Bean sprouts, blanched",
        "Fried egg",
        "Gochujang (Korean red pepper paste)",
        "Sesame oil",
        "Toasted sesame seeds"
      ],
      "instructions": [
        "Arrange cooked white rice in a bowl.",
        "Top with beef bulgogi, sautéed carrots, seasoned spinach, grilled zucchini, and blanched bean sprouts.",
        "Place a fried egg on top and drizzle with gochujang and sesame oil.",
        "Sprinkle with toasted sesame seeds before serving.",
        "Mix everything together before enjoying this delicious Korean bibimbap!",
        "Feel free to customize with additional vegetables or protein."
      ],
      "prepTimeMinutes": 30,
      "cookTimeMinutes": 20,
      "servings": 2,
      "difficulty": "Medium",
      "cuisine": "Korean",
      "caloriesPerServing": 550,
      "tags": [
        "Bibimbap",
        "Korean",
        "Rice"
      ],
      "userId": 121,
      "image": "https://cdn.dummyjson.com/recipe-images/18.webp",
      "rating": 4.9,
      "reviewCount": 56,
      "mealType": [
        "Dinner"
      ]
    },
    {
      "id": 29,
      "name": "Lebanese Falafel Wrap",
      "ingredients": [
        "Falafel balls",
        "Whole wheat or regular wraps",
        "Tomatoes, diced",
        "Cucumbers, sliced",
        "Red onions, thinly sliced",
        "Lettuce, shredded",
        "Tahini sauce",
        "Fresh parsley, chopped"
      ],
      "instructions": [
        "Warm falafel balls according to package instructions.",
        "Place a generous serving of falafel in the center of each wrap.",
        "Top with diced tomatoes, sliced cucumbers, red onions, shredded lettuce, and fresh parsley.",
        "Drizzle with tahini sauce and wrap tightly.",
        "Enjoy this Lebanese Falafel Wrap filled with fresh and flavorful ingredients!"
      ],
      "prepTimeMinutes": 15,
      "cookTimeMinutes": 10,
      "servings": 2,
      "difficulty": "Easy",
      "cuisine": "Lebanese",
      "caloriesPerServing": 400,
      "tags": [
        "Falafel",
        "Lebanese",
        "Wrap"
      ],
      "userId": 110,
      "image": "https://cdn.dummyjson.com/recipe-images/29.webp",
      "rating": 4.7,
      "reviewCount": 84,
      "mealType": [
        "Lunch"
      ]
    },
    {
      "id": 43,
      "name": "Mango Avocado Salsa",
      "ingredients": [
        "Mango, diced",
        "Avocado, diced",
        "Red onion, finely chopped",
        "Cilantro, chopped",
        "Lime juice",
        "Salt and pepper to taste",
        "Tortilla chips for serving"
      ],
      "instructions": [
        "In a bowl, combine diced mango, diced avocado, finely chopped red onion, and chopped cilantro.",
        "Drizzle with fresh lime juice and season with salt and pepper. Toss gently to combine.",
        "Serve this refreshing Mango Avocado Salsa with tortilla chips for a quick and tasty snack."
      ],
      "prepTimeMinutes": 10,
      "cookTimeMinutes": 0,
      "servings": 4,
      "difficulty": "Easy",
      "cuisine": "Mexican",
      "caloriesPerServing": 90,
      "tags": [
        "Mango salsa",
        "Mexican"
      ],
      "userId": 30,
      "image": "https://cdn.dummyjson.com/recipe-images/43.webp",
      "rating": 4.1,
      "reviewCount": 78,
      "mealType": [
        "Snack",
        "Appetizer"
      ]
    },
    {
      "id": 22,
      "name": "Mango Lassi",
      "ingredients": [
        "Ripe mango, peeled and diced",
        "Yogurt",
        "Milk",
        "Honey",
        "Cardamom powder",
        "Ice cubes"
      ],
      "instructions": [
        "In a blender, combine diced mango, yogurt, milk, honey, and cardamom powder.",
        "Blend until smooth and creamy.",
        "Add ice cubes and blend again until the lassi is chilled.",
        "Pour into glasses and garnish with a sprinkle of cardamom.",
        "Enjoy this refreshing Mango Lassi!"
      ],
      "prepTimeMinutes": 10,
      "cookTimeMinutes": 0,
      "servings": 2,
      "difficulty": "Easy",
      "cuisine": "Indian",
      "caloriesPerServing": 180,
      "tags": [
        "Lassi",
        "Mango",
        "Indian",
        "Pakistani",
        "Asian"
      ],
      "userId": 76,
      "image": "https://cdn.dummyjson.com/recipe-images/22.webp",
      "rating": 4.7,
      "reviewCount": 15,
      "mealType": [
        "Beverage"
      ]
    },
    {
      "id": 5,
      "name": "Mango Salsa Chicken",
      "ingredients": [
        "Chicken thighs",
        "Mango, diced",
        "Red onion, finely chopped",
        "Cilantro, chopped",
        "Lime juice",
        "Jalapeño, minced",
        "Salt and pepper to taste",
        "Cooked rice for serving"
      ],
      "instructions": [
        "Season chicken thighs with salt and pepper.",
        "Grill or bake chicken until fully cooked.",
        "In a bowl, combine diced mango, chopped red onion, cilantro, minced jalapeño, and lime juice.",
        "Dice the cooked chicken and mix it with the mango salsa.",
        "Serve over cooked rice."
      ],
      "prepTimeMinutes": 15,
      "cookTimeMinutes": 25,
      "servings": 3,
      "difficulty": "Easy",
      "cuisine": "Mexican",
      "caloriesPerServing": 380,
      "tags": [
        "Chicken",
        "Salsa"
      ],
      "userId": 26,
      "image": "https://cdn.dummyjson.com/recipe-images/5.webp",
      "rating": 4.9,
      "reviewCount": 63,
      "mealType": [
        "Dinner"
      ]
    },
    {
      "id": 49,
      "name": "Mediterranean Chickpea Salad",
      "ingredients": [
        "Canned chickpeas, drained and rinsed",
        "Cherry tomatoes, halved",
        "Cucumber, diced",
        "Red onion, finely chopped",
        "Kalamata olives, sliced",
        "Feta cheese, crumbled",
        "Olive oil",
        "Lemon juice",
        "Dried oregano",
        "Salt and pepper to taste"
      ],
      "instructions": [
        "In a large bowl, combine chickpeas, cherry tomatoes, cucumber, red onion, olives, and feta cheese.",
        "In a small bowl, whisk together olive oil, lemon juice, dried oregano, salt, and pepper to make the dressing.",
        "Pour the dressing over the salad and toss gently to combine.",
        "Chill before serving. Enjoy this quick and refreshing Mediterranean Chickpea Salad."
      ],
      "prepTimeMinutes": 15,
      "cookTimeMinutes": 0,
      "servings": 4,
      "difficulty": "Easy",
      "cuisine": "Mediterranean",
      "caloriesPerServing": 220,
      "tags": [
        "Chickpea salad",
        "Mediterranean",
        "Quick"
      ],
      "userId": 183,
      "image": "https://cdn.dummyjson.com/recipe-images/49.webp",
      "rating": 4.7,
      "reviewCount": 70,
      "mealType": [
        "Lunch",
        "Side Dish"
      ]
    },
    {
      "id": 33,
      "name": "Mediterranean Quinoa Salad",
      "ingredients": [
        "Quinoa, cooked",
        "Cherry tomatoes, halved",
        "Cucumber, diced",
        "Kalamata olives, sliced",
        "Red onion, finely chopped",
        "Feta cheese, crumbled",
        "Fresh parsley, chopped",
        "Lemon vinaigrette dressing"
      ],
      "instructions": [
        "In a large bowl, combine cooked quinoa, cherry tomatoes, cucumber, olives, red onion, feta cheese, and parsley.",
        "Drizzle with lemon vinaigrette dressing and toss to combine.",
        "Chill before serving. This Mediterranean Quinoa Salad is perfect as a refreshing side dish."
      ],
      "prepTimeMinutes": 20,
      "cookTimeMinutes": 15,
      "servings": 6,
      "difficulty": "Easy",
      "cuisine": "Mediterranean",
      "caloriesPerServing": 220,
      "tags": [
        "Quinoa salad",
        "Mediterranean"
      ],
      "userId": 154,
      "image": "https://cdn.dummyjson.com/recipe-images/33.webp",
      "rating": 4.8,
      "reviewCount": 83,
      "mealType": [
        "Lunch",
        "Side Dish"
      ]
    }
  ],
  "total": 50,
  "skip": 0,
  "limit": 30
}
 
]]></system-out>
  </testcase>
  <testcase name="[6:53] Get All Recipes Tags" classname="dummyjson/Recipes" time="0.091">
    <system-out><![CDATA[19:20:06.720 [main] DEBUG org.apache.http.client.protocol.RequestAddCookies -- CookieSpec selected: karate
19:20:06.720 [main] DEBUG org.apache.http.client.protocol.RequestAuthCache -- Auth cache not set in the context
19:20:06.720 [main] DEBUG com.intuit.karate -- request:
1 > GET https://dummyjson.com/recipes/tags
1 > Host: dummyjson.com
1 > Connection: Keep-Alive
1 > User-Agent: Apache-HttpClient/4.5.14 (Java/21.0.8)
1 > Accept-Encoding: gzip,deflate


19:20:06.720 [main] DEBUG org.apache.http.impl.conn.PoolingHttpClientConnectionManager -- Connection request: [route: {s}->https://dummyjson.com:443][total available: 0; route allocated: 0 of 5; total allocated: 0 of 10]
19:20:06.720 [main] DEBUG org.apache.http.impl.conn.PoolingHttpClientConnectionManager -- Connection leased: [id: 5][route: {s}->https://dummyjson.com:443][total available: 0; route allocated: 1 of 5; total allocated: 1 of 10]
19:20:06.720 [main] DEBUG org.apache.http.impl.execchain.MainClientExec -- Opening connection {s}->https://dummyjson.com:443
19:20:06.721 [main] DEBUG org.apache.http.impl.conn.DefaultHttpClientConnectionOperator -- Connecting to dummyjson.com/66.33.22.3:443
19:20:06.721 [main] DEBUG org.apache.http.conn.ssl.SSLConnectionSocketFactory -- Connecting socket to dummyjson.com/66.33.22.3:443 with timeout 30000
19:20:06.743 [main] DEBUG org.apache.http.conn.ssl.SSLConnectionSocketFactory -- Enabled protocols: [TLSv1.3, TLSv1.2]
19:20:06.743 [main] DEBUG org.apache.http.conn.ssl.SSLConnectionSocketFactory -- Enabled cipher suites:[TLS_AES_256_GCM_SHA384, TLS_AES_128_GCM_SHA256, TLS_CHACHA20_POLY1305_SHA256, TLS_ECDHE_ECDSA_WITH_AES_256_GCM_SHA384, TLS_ECDHE_ECDSA_WITH_AES_128_GCM_SHA256, TLS_ECDHE_ECDSA_WITH_CHACHA20_POLY1305_SHA256, TLS_ECDHE_RSA_WITH_AES_256_GCM_SHA384, TLS_ECDHE_RSA_WITH_CHACHA20_POLY1305_SHA256, TLS_ECDHE_RSA_WITH_AES_128_GCM_SHA256, TLS_DHE_RSA_WITH_AES_256_GCM_SHA384, TLS_DHE_RSA_WITH_CHACHA20_POLY1305_SHA256, TLS_DHE_DSS_WITH_AES_256_GCM_SHA384, TLS_DHE_RSA_WITH_AES_128_GCM_SHA256, TLS_DHE_DSS_WITH_AES_128_GCM_SHA256, TLS_ECDHE_ECDSA_WITH_AES_256_CBC_SHA384, TLS_ECDHE_RSA_WITH_AES_256_CBC_SHA384, TLS_ECDHE_ECDSA_WITH_AES_128_CBC_SHA256, TLS_ECDHE_RSA_WITH_AES_128_CBC_SHA256, TLS_DHE_RSA_WITH_AES_256_CBC_SHA256, TLS_DHE_DSS_WITH_AES_256_CBC_SHA256, TLS_DHE_RSA_WITH_AES_128_CBC_SHA256, TLS_DHE_DSS_WITH_AES_128_CBC_SHA256, TLS_ECDHE_ECDSA_WITH_AES_256_CBC_SHA, TLS_ECDHE_RSA_WITH_AES_256_CBC_SHA, TLS_ECDHE_ECDSA_WITH_AES_128_CBC_SHA, TLS_ECDHE_RSA_WITH_AES_128_CBC_SHA, TLS_DHE_RSA_WITH_AES_256_CBC_SHA, TLS_DHE_DSS_WITH_AES_256_CBC_SHA, TLS_DHE_RSA_WITH_AES_128_CBC_SHA, TLS_DHE_DSS_WITH_AES_128_CBC_SHA, TLS_RSA_WITH_AES_256_GCM_SHA384, TLS_RSA_WITH_AES_128_GCM_SHA256, TLS_RSA_WITH_AES_256_CBC_SHA256, TLS_RSA_WITH_AES_128_CBC_SHA256, TLS_RSA_WITH_AES_256_CBC_SHA, TLS_RSA_WITH_AES_128_CBC_SHA, TLS_EMPTY_RENEGOTIATION_INFO_SCSV]
19:20:06.743 [main] DEBUG org.apache.http.conn.ssl.SSLConnectionSocketFactory -- Starting handshake
19:20:06.771 [main] DEBUG org.apache.http.conn.ssl.SSLConnectionSocketFactory -- Secure session established
19:20:06.771 [main] DEBUG org.apache.http.conn.ssl.SSLConnectionSocketFactory --  negotiated protocol: TLSv1.3
19:20:06.771 [main] DEBUG org.apache.http.conn.ssl.SSLConnectionSocketFactory --  negotiated cipher suite: TLS_AES_128_GCM_SHA256
19:20:06.771 [main] DEBUG org.apache.http.conn.ssl.SSLConnectionSocketFactory --  peer principal: CN=dummyjson.com
19:20:06.771 [main] DEBUG org.apache.http.conn.ssl.SSLConnectionSocketFactory --  peer alternative names: [dummyjson.com]
19:20:06.771 [main] DEBUG org.apache.http.conn.ssl.SSLConnectionSocketFactory --  issuer principal: CN=R11, O=Let's Encrypt, C=US
19:20:06.772 [main] DEBUG org.apache.http.impl.conn.DefaultHttpClientConnectionOperator -- Connection established 192.168.1.4:55049<->66.33.22.3:443
19:20:06.772 [main] DEBUG org.apache.http.impl.conn.DefaultManagedHttpClientConnection -- http-outgoing-5: set socket timeout to 30000
19:20:06.772 [main] DEBUG org.apache.http.impl.execchain.MainClientExec -- Executing request GET /recipes/tags HTTP/1.1
19:20:06.772 [main] DEBUG org.apache.http.impl.execchain.MainClientExec -- Target auth state: UNCHALLENGED
19:20:06.772 [main] DEBUG org.apache.http.impl.execchain.MainClientExec -- Proxy auth state: UNCHALLENGED
19:20:06.772 [main] DEBUG org.apache.http.headers -- http-outgoing-5 >> GET /recipes/tags HTTP/1.1
19:20:06.772 [main] DEBUG org.apache.http.headers -- http-outgoing-5 >> Host: dummyjson.com
19:20:06.772 [main] DEBUG org.apache.http.headers -- http-outgoing-5 >> Connection: Keep-Alive
19:20:06.772 [main] DEBUG org.apache.http.headers -- http-outgoing-5 >> User-Agent: Apache-HttpClient/4.5.14 (Java/21.0.8)
19:20:06.772 [main] DEBUG org.apache.http.headers -- http-outgoing-5 >> Accept-Encoding: gzip,deflate
19:20:06.772 [main] DEBUG org.apache.http.wire -- http-outgoing-5 >> "GET /recipes/tags HTTP/1.1[\r][\n]"
19:20:06.772 [main] DEBUG org.apache.http.wire -- http-outgoing-5 >> "Host: dummyjson.com[\r][\n]"
19:20:06.772 [main] DEBUG org.apache.http.wire -- http-outgoing-5 >> "Connection: Keep-Alive[\r][\n]"
19:20:06.772 [main] DEBUG org.apache.http.wire -- http-outgoing-5 >> "User-Agent: Apache-HttpClient/4.5.14 (Java/21.0.8)[\r][\n]"
19:20:06.772 [main] DEBUG org.apache.http.wire -- http-outgoing-5 >> "Accept-Encoding: gzip,deflate[\r][\n]"
19:20:06.772 [main] DEBUG org.apache.http.wire -- http-outgoing-5 >> "[\r][\n]"
19:20:06.797 [main] DEBUG org.apache.http.wire -- http-outgoing-5 << "HTTP/1.1 200 OK[\r][\n]"
19:20:06.797 [main] DEBUG org.apache.http.wire -- http-outgoing-5 << "Access-Control-Allow-Origin: *[\r][\n]"
19:20:06.797 [main] DEBUG org.apache.http.wire -- http-outgoing-5 << "Content-Length: 965[\r][\n]"
19:20:06.797 [main] DEBUG org.apache.http.wire -- http-outgoing-5 << "Content-Type: application/json; charset=utf-8[\r][\n]"
19:20:06.797 [main] DEBUG org.apache.http.wire -- http-outgoing-5 << "Date: Sat, 02 Aug 2025 12:20:06 GMT[\r][\n]"
19:20:06.797 [main] DEBUG org.apache.http.wire -- http-outgoing-5 << "Etag: W/"3c5-YD2djDIrgauGPtYSixYOt/Ww27M"[\r][\n]"
19:20:06.797 [main] DEBUG org.apache.http.wire -- http-outgoing-5 << "Server: railway-edge[\r][\n]"
19:20:06.797 [main] DEBUG org.apache.http.wire -- http-outgoing-5 << "Strict-Transport-Security: max-age=15552000; includeSubDomains[\r][\n]"
19:20:06.797 [main] DEBUG org.apache.http.wire -- http-outgoing-5 << "Vary: Accept-Encoding[\r][\n]"
19:20:06.797 [main] DEBUG org.apache.http.wire -- http-outgoing-5 << "X-Content-Type-Options: nosniff[\r][\n]"
19:20:06.797 [main] DEBUG org.apache.http.wire -- http-outgoing-5 << "X-Dns-Prefetch-Control: off[\r][\n]"
19:20:06.797 [main] DEBUG org.apache.http.wire -- http-outgoing-5 << "X-Download-Options: noopen[\r][\n]"
19:20:06.797 [main] DEBUG org.apache.http.wire -- http-outgoing-5 << "X-Frame-Options: SAMEORIGIN[\r][\n]"
19:20:06.797 [main] DEBUG org.apache.http.wire -- http-outgoing-5 << "X-Powered-By: Cats on Keyboards[\r][\n]"
19:20:06.797 [main] DEBUG org.apache.http.wire -- http-outgoing-5 << "X-Railway-Edge: railway/asia-southeast1-eqsg3a[\r][\n]"
19:20:06.797 [main] DEBUG org.apache.http.wire -- http-outgoing-5 << "X-Railway-Request-Id: IN9IEPnASLiTPhfhAQeqjw[\r][\n]"
19:20:06.797 [main] DEBUG org.apache.http.wire -- http-outgoing-5 << "X-Ratelimit-Limit: 100[\r][\n]"
19:20:06.797 [main] DEBUG org.apache.http.wire -- http-outgoing-5 << "X-Ratelimit-Remaining: 97[\r][\n]"
19:20:06.797 [main] DEBUG org.apache.http.wire -- http-outgoing-5 << "X-Ratelimit-Reset: 1754137215[\r][\n]"
19:20:06.797 [main] DEBUG org.apache.http.wire -- http-outgoing-5 << "X-Xss-Protection: 1; mode=block[\r][\n]"
19:20:06.797 [main] DEBUG org.apache.http.wire -- http-outgoing-5 << "[\r][\n]"
19:20:06.797 [main] DEBUG org.apache.http.wire -- http-outgoing-5 << "["Pizza","Italian","Vegetarian","Stir-fry","Asian","Cookies","Dessert","Baking","Pasta","Chicken","Salsa","Salad","Quinoa","Bruschetta","Beef","Caprese","Shrimp","Biryani","Main course","Indian","Pakistani","Karahi","Keema","Potatoes","Kebabs","Saag","Roti","Ramen","Japanese","Soup","Tagine","Chickpea","Moroccan","Bibimbap","Korean","Rice","Moussaka","Greek","Butter chicken","Curry","Thai","Lassi","Mango","Tiramisu","Turkish","Grilling","Smoothie","Blueberry","Banana","Elote","Mexican","Street food","Borscht","R"
19:20:06.797 [main] DEBUG org.apache.http.headers -- http-outgoing-5 << HTTP/1.1 200 OK
19:20:06.797 [main] DEBUG org.apache.http.headers -- http-outgoing-5 << Access-Control-Allow-Origin: *
19:20:06.797 [main] DEBUG org.apache.http.headers -- http-outgoing-5 << Content-Length: 965
19:20:06.797 [main] DEBUG org.apache.http.headers -- http-outgoing-5 << Content-Type: application/json; charset=utf-8
19:20:06.797 [main] DEBUG org.apache.http.headers -- http-outgoing-5 << Date: Sat, 02 Aug 2025 12:20:06 GMT
19:20:06.797 [main] DEBUG org.apache.http.headers -- http-outgoing-5 << Etag: W/"3c5-YD2djDIrgauGPtYSixYOt/Ww27M"
19:20:06.797 [main] DEBUG org.apache.http.headers -- http-outgoing-5 << Server: railway-edge
19:20:06.797 [main] DEBUG org.apache.http.headers -- http-outgoing-5 << Strict-Transport-Security: max-age=15552000; includeSubDomains
19:20:06.797 [main] DEBUG org.apache.http.headers -- http-outgoing-5 << Vary: Accept-Encoding
19:20:06.797 [main] DEBUG org.apache.http.headers -- http-outgoing-5 << X-Content-Type-Options: nosniff
19:20:06.797 [main] DEBUG org.apache.http.headers -- http-outgoing-5 << X-Dns-Prefetch-Control: off
19:20:06.797 [main] DEBUG org.apache.http.headers -- http-outgoing-5 << X-Download-Options: noopen
19:20:06.797 [main] DEBUG org.apache.http.headers -- http-outgoing-5 << X-Frame-Options: SAMEORIGIN
19:20:06.797 [main] DEBUG org.apache.http.headers -- http-outgoing-5 << X-Powered-By: Cats on Keyboards
19:20:06.797 [main] DEBUG org.apache.http.headers -- http-outgoing-5 << X-Railway-Edge: railway/asia-southeast1-eqsg3a
19:20:06.797 [main] DEBUG org.apache.http.headers -- http-outgoing-5 << X-Railway-Request-Id: IN9IEPnASLiTPhfhAQeqjw
19:20:06.797 [main] DEBUG org.apache.http.headers -- http-outgoing-5 << X-Ratelimit-Limit: 100
19:20:06.797 [main] DEBUG org.apache.http.headers -- http-outgoing-5 << X-Ratelimit-Remaining: 97
19:20:06.797 [main] DEBUG org.apache.http.headers -- http-outgoing-5 << X-Ratelimit-Reset: 1754137215
19:20:06.797 [main] DEBUG org.apache.http.headers -- http-outgoing-5 << X-Xss-Protection: 1; mode=block
19:20:06.797 [main] DEBUG org.apache.http.impl.execchain.MainClientExec -- Connection can be kept alive indefinitely
19:20:06.797 [main] DEBUG org.apache.http.wire -- http-outgoing-5 << "ussian","Dosa","Falafel","Lebanese","Wrap","Caipirinha","Brazilian","Cocktail","Patatas bravas","Spanish","Spring rolls","Vietnamese","Quinoa salad","Mediterranean","Matcha ice cream","Brigadeiros","Enchiladas","Shrimp curry","Spanakopita","Couscous salad","Mojito","Cuban","Teriyaki chicken","Mango salsa","Shrimp stir-fry","Quick","Margherita pizza","Pesto pasta","Chicken skewers","Hawaiian","Sushi rolls","Chickpea salad","Pineapple","Coconut"]"
19:20:06.797 [main] DEBUG org.apache.http.impl.conn.PoolingHttpClientConnectionManager -- Connection [id: 5][route: {s}->https://dummyjson.com:443] can be kept alive indefinitely
19:20:06.797 [main] DEBUG org.apache.http.impl.conn.DefaultManagedHttpClientConnection -- http-outgoing-5: set socket timeout to 0
19:20:06.797 [main] DEBUG org.apache.http.impl.conn.PoolingHttpClientConnectionManager -- Connection released: [id: 5][route: {s}->https://dummyjson.com:443][total available: 1; route allocated: 1 of 5; total allocated: 1 of 10]
19:20:06.797 [main] DEBUG org.apache.http.impl.conn.PoolingHttpClientConnectionManager -- Connection manager is shutting down
19:20:06.797 [main] DEBUG org.apache.http.impl.conn.DefaultManagedHttpClientConnection -- http-outgoing-5: Close connection
19:20:06.798 [main] DEBUG org.apache.http.impl.conn.PoolingHttpClientConnectionManager -- Connection manager shut down
19:20:06.798 [main] DEBUG com.intuit.karate -- response time in milliseconds: 77
1 < 200
1 < Access-Control-Allow-Origin: *
1 < Content-Length: 965
1 < Content-Type: application/json; charset=utf-8
1 < Date: Sat, 02 Aug 2025 12:20:06 GMT
1 < Etag: W/"3c5-YD2djDIrgauGPtYSixYOt/Ww27M"
1 < Server: railway-edge
1 < Strict-Transport-Security: max-age=15552000; includeSubDomains
1 < Vary: Accept-Encoding
1 < X-Content-Type-Options: nosniff
1 < X-Dns-Prefetch-Control: off
1 < X-Download-Options: noopen
1 < X-Frame-Options: SAMEORIGIN
1 < X-Powered-By: Cats on Keyboards
1 < X-Railway-Edge: railway/asia-southeast1-eqsg3a
1 < X-Railway-Request-Id: IN9IEPnASLiTPhfhAQeqjw
1 < X-Ratelimit-Limit: 100
1 < X-Ratelimit-Remaining: 97
1 < X-Ratelimit-Reset: 1754137215
1 < X-Xss-Protection: 1; mode=block
["Pizza","Italian","Vegetarian","Stir-fry","Asian","Cookies","Dessert","Baking","Pasta","Chicken","Salsa","Salad","Quinoa","Bruschetta","Beef","Caprese","Shrimp","Biryani","Main course","Indian","Pakistani","Karahi","Keema","Potatoes","Kebabs","Saag","Roti","Ramen","Japanese","Soup","Tagine","Chickpea","Moroccan","Bibimbap","Korean","Rice","Moussaka","Greek","Butter chicken","Curry","Thai","Lassi","Mango","Tiramisu","Turkish","Grilling","Smoothie","Blueberry","Banana","Elote","Mexican","Street food","Borscht","Russian","Dosa","Falafel","Lebanese","Wrap","Caipirinha","Brazilian","Cocktail","Patatas bravas","Spanish","Spring rolls","Vietnamese","Quinoa salad","Mediterranean","Matcha ice cream","Brigadeiros","Enchiladas","Shrimp curry","Spanakopita","Couscous salad","Mojito","Cuban","Teriyaki chicken","Mango salsa","Shrimp stir-fry","Quick","Margherita pizza","Pesto pasta","Chicken skewers","Hawaiian","Sushi rolls","Chickpea salad","Pineapple","Coconut"]

19:20:06.801 [main] INFO com.intuit.karate -- [print] [
  "Pizza",
  "Italian",
  "Vegetarian",
  "Stir-fry",
  "Asian",
  "Cookies",
  "Dessert",
  "Baking",
  "Pasta",
  "Chicken",
  "Salsa",
  "Salad",
  "Quinoa",
  "Bruschetta",
  "Beef",
  "Caprese",
  "Shrimp",
  "Biryani",
  "Main course",
  "Indian",
  "Pakistani",
  "Karahi",
  "Keema",
  "Potatoes",
  "Kebabs",
  "Saag",
  "Roti",
  "Ramen",
  "Japanese",
  "Soup",
  "Tagine",
  "Chickpea",
  "Moroccan",
  "Bibimbap",
  "Korean",
  "Rice",
  "Moussaka",
  "Greek",
  "Butter chicken",
  "Curry",
  "Thai",
  "Lassi",
  "Mango",
  "Tiramisu",
  "Turkish",
  "Grilling",
  "Smoothie",
  "Blueberry",
  "Banana",
  "Elote",
  "Mexican",
  "Street food",
  "Borscht",
  "Russian",
  "Dosa",
  "Falafel",
  "Lebanese",
  "Wrap",
  "Caipirinha",
  "Brazilian",
  "Cocktail",
  "Patatas bravas",
  "Spanish",
  "Spring rolls",
  "Vietnamese",
  "Quinoa salad",
  "Mediterranean",
  "Matcha ice cream",
  "Brigadeiros",
  "Enchiladas",
  "Shrimp curry",
  "Spanakopita",
  "Couscous salad",
  "Mojito",
  "Cuban",
  "Teriyaki chicken",
  "Mango salsa",
  "Shrimp stir-fry",
  "Quick",
  "Margherita pizza",
  "Pesto pasta",
  "Chicken skewers",
  "Hawaiian",
  "Sushi rolls",
  "Chickpea salad",
  "Pineapple",
  "Coconut"
]
 
]]></system-out>
  </testcase>
  <testcase name="[7:61] Get Recipes by Tag" classname="dummyjson/Recipes" time="0.076">
    <system-out><![CDATA[19:20:06.807 [main] DEBUG org.apache.http.client.protocol.RequestAddCookies -- CookieSpec selected: karate
19:20:06.807 [main] DEBUG org.apache.http.client.protocol.RequestAuthCache -- Auth cache not set in the context
19:20:06.807 [main] DEBUG com.intuit.karate -- request:
1 > GET https://dummyjson.com/recipes/tag/Pakistani
1 > Host: dummyjson.com
1 > Connection: Keep-Alive
1 > User-Agent: Apache-HttpClient/4.5.14 (Java/21.0.8)
1 > Accept-Encoding: gzip,deflate


19:20:06.807 [main] DEBUG org.apache.http.impl.conn.PoolingHttpClientConnectionManager -- Connection request: [route: {s}->https://dummyjson.com:443][total available: 0; route allocated: 0 of 5; total allocated: 0 of 10]
19:20:06.807 [main] DEBUG org.apache.http.impl.conn.PoolingHttpClientConnectionManager -- Connection leased: [id: 6][route: {s}->https://dummyjson.com:443][total available: 0; route allocated: 1 of 5; total allocated: 1 of 10]
19:20:06.807 [main] DEBUG org.apache.http.impl.execchain.MainClientExec -- Opening connection {s}->https://dummyjson.com:443
19:20:06.808 [main] DEBUG org.apache.http.impl.conn.DefaultHttpClientConnectionOperator -- Connecting to dummyjson.com/66.33.22.3:443
19:20:06.808 [main] DEBUG org.apache.http.conn.ssl.SSLConnectionSocketFactory -- Connecting socket to dummyjson.com/66.33.22.3:443 with timeout 30000
19:20:06.826 [main] DEBUG org.apache.http.conn.ssl.SSLConnectionSocketFactory -- Enabled protocols: [TLSv1.3, TLSv1.2]
19:20:06.826 [main] DEBUG org.apache.http.conn.ssl.SSLConnectionSocketFactory -- Enabled cipher suites:[TLS_AES_256_GCM_SHA384, TLS_AES_128_GCM_SHA256, TLS_CHACHA20_POLY1305_SHA256, TLS_ECDHE_ECDSA_WITH_AES_256_GCM_SHA384, TLS_ECDHE_ECDSA_WITH_AES_128_GCM_SHA256, TLS_ECDHE_ECDSA_WITH_CHACHA20_POLY1305_SHA256, TLS_ECDHE_RSA_WITH_AES_256_GCM_SHA384, TLS_ECDHE_RSA_WITH_CHACHA20_POLY1305_SHA256, TLS_ECDHE_RSA_WITH_AES_128_GCM_SHA256, TLS_DHE_RSA_WITH_AES_256_GCM_SHA384, TLS_DHE_RSA_WITH_CHACHA20_POLY1305_SHA256, TLS_DHE_DSS_WITH_AES_256_GCM_SHA384, TLS_DHE_RSA_WITH_AES_128_GCM_SHA256, TLS_DHE_DSS_WITH_AES_128_GCM_SHA256, TLS_ECDHE_ECDSA_WITH_AES_256_CBC_SHA384, TLS_ECDHE_RSA_WITH_AES_256_CBC_SHA384, TLS_ECDHE_ECDSA_WITH_AES_128_CBC_SHA256, TLS_ECDHE_RSA_WITH_AES_128_CBC_SHA256, TLS_DHE_RSA_WITH_AES_256_CBC_SHA256, TLS_DHE_DSS_WITH_AES_256_CBC_SHA256, TLS_DHE_RSA_WITH_AES_128_CBC_SHA256, TLS_DHE_DSS_WITH_AES_128_CBC_SHA256, TLS_ECDHE_ECDSA_WITH_AES_256_CBC_SHA, TLS_ECDHE_RSA_WITH_AES_256_CBC_SHA, TLS_ECDHE_ECDSA_WITH_AES_128_CBC_SHA, TLS_ECDHE_RSA_WITH_AES_128_CBC_SHA, TLS_DHE_RSA_WITH_AES_256_CBC_SHA, TLS_DHE_DSS_WITH_AES_256_CBC_SHA, TLS_DHE_RSA_WITH_AES_128_CBC_SHA, TLS_DHE_DSS_WITH_AES_128_CBC_SHA, TLS_RSA_WITH_AES_256_GCM_SHA384, TLS_RSA_WITH_AES_128_GCM_SHA256, TLS_RSA_WITH_AES_256_CBC_SHA256, TLS_RSA_WITH_AES_128_CBC_SHA256, TLS_RSA_WITH_AES_256_CBC_SHA, TLS_RSA_WITH_AES_128_CBC_SHA, TLS_EMPTY_RENEGOTIATION_INFO_SCSV]
19:20:06.826 [main] DEBUG org.apache.http.conn.ssl.SSLConnectionSocketFactory -- Starting handshake
19:20:06.849 [main] DEBUG org.apache.http.conn.ssl.SSLConnectionSocketFactory -- Secure session established
19:20:06.849 [main] DEBUG org.apache.http.conn.ssl.SSLConnectionSocketFactory --  negotiated protocol: TLSv1.3
19:20:06.849 [main] DEBUG org.apache.http.conn.ssl.SSLConnectionSocketFactory --  negotiated cipher suite: TLS_AES_128_GCM_SHA256
19:20:06.849 [main] DEBUG org.apache.http.conn.ssl.SSLConnectionSocketFactory --  peer principal: CN=dummyjson.com
19:20:06.849 [main] DEBUG org.apache.http.conn.ssl.SSLConnectionSocketFactory --  peer alternative names: [dummyjson.com]
19:20:06.849 [main] DEBUG org.apache.http.conn.ssl.SSLConnectionSocketFactory --  issuer principal: CN=R11, O=Let's Encrypt, C=US
19:20:06.849 [main] DEBUG org.apache.http.impl.conn.DefaultHttpClientConnectionOperator -- Connection established 192.168.1.4:55050<->66.33.22.3:443
19:20:06.849 [main] DEBUG org.apache.http.impl.conn.DefaultManagedHttpClientConnection -- http-outgoing-6: set socket timeout to 30000
19:20:06.849 [main] DEBUG org.apache.http.impl.execchain.MainClientExec -- Executing request GET /recipes/tag/Pakistani HTTP/1.1
19:20:06.849 [main] DEBUG org.apache.http.impl.execchain.MainClientExec -- Target auth state: UNCHALLENGED
19:20:06.849 [main] DEBUG org.apache.http.impl.execchain.MainClientExec -- Proxy auth state: UNCHALLENGED
19:20:06.849 [main] DEBUG org.apache.http.headers -- http-outgoing-6 >> GET /recipes/tag/Pakistani HTTP/1.1
19:20:06.849 [main] DEBUG org.apache.http.headers -- http-outgoing-6 >> Host: dummyjson.com
19:20:06.849 [main] DEBUG org.apache.http.headers -- http-outgoing-6 >> Connection: Keep-Alive
19:20:06.849 [main] DEBUG org.apache.http.headers -- http-outgoing-6 >> User-Agent: Apache-HttpClient/4.5.14 (Java/21.0.8)
19:20:06.849 [main] DEBUG org.apache.http.headers -- http-outgoing-6 >> Accept-Encoding: gzip,deflate
19:20:06.849 [main] DEBUG org.apache.http.wire -- http-outgoing-6 >> "GET /recipes/tag/Pakistani HTTP/1.1[\r][\n]"
19:20:06.849 [main] DEBUG org.apache.http.wire -- http-outgoing-6 >> "Host: dummyjson.com[\r][\n]"
19:20:06.849 [main] DEBUG org.apache.http.wire -- http-outgoing-6 >> "Connection: Keep-Alive[\r][\n]"
19:20:06.849 [main] DEBUG org.apache.http.wire -- http-outgoing-6 >> "User-Agent: Apache-HttpClient/4.5.14 (Java/21.0.8)[\r][\n]"
19:20:06.849 [main] DEBUG org.apache.http.wire -- http-outgoing-6 >> "Accept-Encoding: gzip,deflate[\r][\n]"
19:20:06.849 [main] DEBUG org.apache.http.wire -- http-outgoing-6 >> "[\r][\n]"
19:20:06.872 [main] DEBUG org.apache.http.wire -- http-outgoing-6 << "HTTP/1.1 200 OK[\r][\n]"
19:20:06.872 [main] DEBUG org.apache.http.wire -- http-outgoing-6 << "Access-Control-Allow-Origin: *[\r][\n]"
19:20:06.872 [main] DEBUG org.apache.http.wire -- http-outgoing-6 << "Content-Encoding: gzip[\r][\n]"
19:20:06.872 [main] DEBUG org.apache.http.wire -- http-outgoing-6 << "Content-Type: application/json; charset=utf-8[\r][\n]"
19:20:06.872 [main] DEBUG org.apache.http.wire -- http-outgoing-6 << "Date: Sat, 02 Aug 2025 12:20:06 GMT[\r][\n]"
19:20:06.872 [main] DEBUG org.apache.http.wire -- http-outgoing-6 << "Etag: W/"1b6e-myTrXcWkRFmBErSO4mbxSJIVlTc"[\r][\n]"
19:20:06.872 [main] DEBUG org.apache.http.wire -- http-outgoing-6 << "Server: railway-edge[\r][\n]"
19:20:06.872 [main] DEBUG org.apache.http.wire -- http-outgoing-6 << "Strict-Transport-Security: max-age=15552000; includeSubDomains[\r][\n]"
19:20:06.872 [main] DEBUG org.apache.http.wire -- http-outgoing-6 << "Vary: Accept-Encoding[\r][\n]"
19:20:06.872 [main] DEBUG org.apache.http.wire -- http-outgoing-6 << "X-Content-Type-Options: nosniff[\r][\n]"
19:20:06.872 [main] DEBUG org.apache.http.wire -- http-outgoing-6 << "X-Dns-Prefetch-Control: off[\r][\n]"
19:20:06.872 [main] DEBUG org.apache.http.wire -- http-outgoing-6 << "X-Download-Options: noopen[\r][\n]"
19:20:06.872 [main] DEBUG org.apache.http.wire -- http-outgoing-6 << "X-Frame-Options: SAMEORIGIN[\r][\n]"
19:20:06.872 [main] DEBUG org.apache.http.wire -- http-outgoing-6 << "X-Powered-By: Cats on Keyboards[\r][\n]"
19:20:06.872 [main] DEBUG org.apache.http.wire -- http-outgoing-6 << "X-Railway-Edge: railway/asia-southeast1-eqsg3a[\r][\n]"
19:20:06.872 [main] DEBUG org.apache.http.wire -- http-outgoing-6 << "X-Railway-Request-Id: H7PmdJ16Tda3LgjeAQeqjw[\r][\n]"
19:20:06.872 [main] DEBUG org.apache.http.wire -- http-outgoing-6 << "X-Ratelimit-Limit: 100[\r][\n]"
19:20:06.872 [main] DEBUG org.apache.http.wire -- http-outgoing-6 << "X-Ratelimit-Remaining: 96[\r][\n]"
19:20:06.872 [main] DEBUG org.apache.http.wire -- http-outgoing-6 << "X-Ratelimit-Reset: 1754137215[\r][\n]"
19:20:06.872 [main] DEBUG org.apache.http.wire -- http-outgoing-6 << "X-Xss-Protection: 1; mode=block[\r][\n]"
19:20:06.872 [main] DEBUG org.apache.http.wire -- http-outgoing-6 << "Transfer-Encoding: chunked[\r][\n]"
19:20:06.872 [main] DEBUG org.apache.http.wire -- http-outgoing-6 << "[\r][\n]"
19:20:06.872 [main] DEBUG org.apache.http.wire -- http-outgoing-6 << "a[\r][\n]"
19:20:06.873 [main] DEBUG org.apache.http.wire -- http-outgoing-6 << "[0x1f][0x8b][0x8][0x0][0x0][0x0][0x0][0x0][0x0][0x3][\r][\n]"
19:20:06.873 [main] DEBUG org.apache.http.headers -- http-outgoing-6 << HTTP/1.1 200 OK
19:20:06.873 [main] DEBUG org.apache.http.headers -- http-outgoing-6 << Access-Control-Allow-Origin: *
19:20:06.873 [main] DEBUG org.apache.http.headers -- http-outgoing-6 << Content-Encoding: gzip
19:20:06.873 [main] DEBUG org.apache.http.headers -- http-outgoing-6 << Content-Type: application/json; charset=utf-8
19:20:06.873 [main] DEBUG org.apache.http.headers -- http-outgoing-6 << Date: Sat, 02 Aug 2025 12:20:06 GMT
19:20:06.873 [main] DEBUG org.apache.http.headers -- http-outgoing-6 << Etag: W/"1b6e-myTrXcWkRFmBErSO4mbxSJIVlTc"
19:20:06.873 [main] DEBUG org.apache.http.headers -- http-outgoing-6 << Server: railway-edge
19:20:06.873 [main] DEBUG org.apache.http.headers -- http-outgoing-6 << Strict-Transport-Security: max-age=15552000; includeSubDomains
19:20:06.873 [main] DEBUG org.apache.http.headers -- http-outgoing-6 << Vary: Accept-Encoding
19:20:06.873 [main] DEBUG org.apache.http.headers -- http-outgoing-6 << X-Content-Type-Options: nosniff
19:20:06.873 [main] DEBUG org.apache.http.headers -- http-outgoing-6 << X-Dns-Prefetch-Control: off
19:20:06.873 [main] DEBUG org.apache.http.headers -- http-outgoing-6 << X-Download-Options: noopen
19:20:06.873 [main] DEBUG org.apache.http.headers -- http-outgoing-6 << X-Frame-Options: SAMEORIGIN
19:20:06.873 [main] DEBUG org.apache.http.headers -- http-outgoing-6 << X-Powered-By: Cats on Keyboards
19:20:06.873 [main] DEBUG org.apache.http.headers -- http-outgoing-6 << X-Railway-Edge: railway/asia-southeast1-eqsg3a
19:20:06.873 [main] DEBUG org.apache.http.headers -- http-outgoing-6 << X-Railway-Request-Id: H7PmdJ16Tda3LgjeAQeqjw
19:20:06.873 [main] DEBUG org.apache.http.headers -- http-outgoing-6 << X-Ratelimit-Limit: 100
19:20:06.873 [main] DEBUG org.apache.http.headers -- http-outgoing-6 << X-Ratelimit-Remaining: 96
19:20:06.873 [main] DEBUG org.apache.http.headers -- http-outgoing-6 << X-Ratelimit-Reset: 1754137215
19:20:06.873 [main] DEBUG org.apache.http.headers -- http-outgoing-6 << X-Xss-Protection: 1; mode=block
19:20:06.873 [main] DEBUG org.apache.http.headers -- http-outgoing-6 << Transfer-Encoding: chunked
19:20:06.873 [main] DEBUG org.apache.http.impl.execchain.MainClientExec -- Connection can be kept alive indefinitely
19:20:06.873 [main] DEBUG org.apache.http.wire -- http-outgoing-6 << "815[\r][\n]"
19:20:06.873 [main] DEBUG org.apache.http.wire -- http-outgoing-6 << "[0xb5]X[0xdd][0x8e][0xdb]:[0xe]~[0x15][0xae][0xae][0xa6][0x80][0x9b]v[0xfe][0xda][0x9e][0xb9];3[0xa7][0xdb]-[0xda][0xc1][0x16][0x9d][0xde],[0x16][0xbd]`l[0xc6]f#K[0x86]$O[0x1a][0x1c][0xf4][0x81][0xf6]9[0xf6][0xc5][0x16][0x94][0xec][0xd8]I[0x9c][0xcc]tz[0xf6][0xd2]?[0xa2]([0x8a][0xdf][0xc7][0x8f][0xfc]S9[0xca][0xb9]![0xaf][0xae][0xfe][0xfd][0xa7][0xe2]B][0x9d][0x9e]f[0xca]`M[0xea]J[0xdd]T[0x9c]/[0xc9][0xc0]5[0xbb]5[0x1a]V[0x99]bS:*[0x98]L[0x90][0x5][0xea][0x1a]}[0x8d][0x81][0xc1]qN*[0xeb][0xff][0xcf] o[0x3][0xb0][0x9][0x16][0x1a][0xa6][0x9c][0xbc][0xca][0xd4]?[\r][[0xe3]3[0x8][0x15][0x1b][0xbd][0x6][0xaf]9[0xa7]Be[0xea][0x8b][0xad]1X[0xf2][0x19][0xe4][0x95]m[0x9a][0xf8][0xee]_[0xb6]l]P[0x99]z[0xc7][0xa6]$[0xf7][0xbc]D[0xa7]9[0x87][0x6]}[0x90]]:o[0xa0]F[0x8f][0x1a][0xe5]7Gd [0xaf]X[0xb3][0x18][0xda][0xd8][0xfe][0xbb]#_An[0x1d][0xa3])[0xc8][0x81]&[0xbc][0x8f][0xce][0xdc][0xb2][0x9][0xc3][0xd3][0xbb][0x8a][0xc4][0xec][0x1d][0xea][0x0][0xc1]B[0x88][0xdb]|[0x95][0xb3][0xfa][0xe0][0xda]<[0x88][0xe3]r[0xd8][tl0[0x90][0xec][0x14][0xc3][0xb2][0xe2]P[0xc1]::[0x9b]A[0xb9][0xef]k[0x6][0xf3]-W3@S[0x80]G[0x1d]f*S[0xef][\r] 46d[0xe0][0xb1][\r][0xff][0xfd]O[0xe7]7[0xd8][0x18])hM`[\r][0xa5][0xd5][0x5][0x19][0x98];[0xbb]23[0xf8]L[0xb5][0xbd]'[0xa8]P/`a[0x1d]h[0xc][0xe4][0xa0][0xf5]$[0xf6]>[0xe2][0x9a][0x1c][0xd4][0x9d][0x93]E[0xef][0xe5]&[0xb0][0x10]6[0xa1][0x8e][0x6][0xec][0x2]BE[0xb0]p[0xbc][0xd9]49([0x97][0x9]l[0xe2][0xd7][0xc6]F_[0xbf][0xd8]&[0x9d][0xb6][0xac][0x88]2([0xb7][0x3][0xbe][0x98][0x8c]s[0x6][0xf5][0x10][0xe6]dY,:[0xaa][0x91][\r][0x9b]rkg[0xd9][0xe4][0xc6][0xde][0x93][0x8b][0xff][0xe5][0xd6].[0xc1][0x1a][0xd0]v[0x5][0x15]a[0xe8][0x82][0x11][0x97]G[0xe7]<,Z[0xad][0xd7][0xf1]G*[0xe2][0x1a]tr<[0xce][0xc5][0xd2][0x1d]9[0x9][0x93][0xc4][0xb6]Dg[0xd8]WT$[0xff][0xb1](X.[0x14][0xf5][0xc8]_Y>[0xf2]u&[0x97][0xdf]8j[0xbe]pM[0xb7]l[0xda] [0xe8]8[0x99])[0xd9]n[0xeb][0xe5][0xc5]e[0xa6]<[0xb9]{6[0xa5]WW[0xaf]2U[0xf0]b[0xc1]y[0xab][0xc3]Z][0xa9][*[0xb8][0xad]U[0xa6][0xf2][0x96]=[0x1b]A[0xd4]'\[0xb2][0xf][0x9]K9j[0xeb][0x98][0xfc]'rw[0xc9][0x86][0xba][0xba][0xbc]|[0x99][0xa9][0x80]eB[0xd7][0x6]v[0x1d][0xb0]$u[0x91][\r][0xe4][0xb6]u[0x9e]b[0xe][0x15][0x8c][0xf2]zl[0xf7]w/[0xef][0xbe]f[0xaa][0xf5][0xe4][0xde][0xb][0xa2][0xcf][0xcf]3[0xc5]5[0x96][0xe2]A[0x15]B[0xe3][0xaf]^[0xbc][0xc8][0xb]3+[0xda][0xba]^[0xf3][0xd6][0xcc]r[[0xbf]HD[0xf0]<[0xfe][0xe8]_[0x9c][0x9e][0xce]V4oT[0xa6][0x1c][0x86][0xe4][[0xa6][0x1c][0xdd]3[0xad]nlk[0x82][0xba]:?[0xcb]TM[0xa8][0xbf][0xac][0x1b][0x12]w?[0xb6]&[0xaf]T[0xa6][0xfe]`c[0xc8][0xa9][0xaf]?[0xb2][0x8e]P[0xce][0xf6][0x8][0xe5][0x3]:[0xac]&[0xf8][0xe4][0x8][0x81]L[0x11][0xc5]![0xe0]'[0xde][0xc8][0xe0][[0xab][0x99][0x8c]I[0xef]"0cR[0xa6][0x9f]n6[0xf7][0xdf][0xd8]UAN^[0xb5]5[0x9b][0xe1][0xf1]sB[0x91][0xe6][0xe1][0xd5];tX[0xf][0xcc]sc[0xed]RR[0xd9][0xb2]>[0xc6]7[0xf]RK[0xe4][0x82][0x95]][0xc2][0xc9]2F[0xe6]Y[0x96][0xf2]>[0x1f][0xec]w[0xdc][0x11][0x99]"[0x9d][0x1]:[0xae][0x99]`[\n]"
19:20:06.873 [main] DEBUG org.apache.http.wire -- http-outgoing-6 << "[0xc9][0x82]bC[0x1]][0x10][0x7]h[0xa5][0x15][0xf1][0xd7][0x88]@@[0xad][0xc1]sA~X[0xb9][0xcb][0x19];[0x98]/[0xbb][0x10]G[0xaf][0x1a][0xce][0xc9][0xcf][0xe0]f[0xb0][0xdd][0xaf][0x3]t[0x4][0xde].[0xc2]6[0xc0]=[0xd7][0xb5]0[0xd7][0x6][0xd6][0xbd][0xa7][0xec]![0xd0][0x6][0x94][0xf2]E[0x8e][0xee][0xa9]A[0x87][0x81]<,[0x9c][0xad][0xe3][0xeb]t[0x5][0xb3]t%[0x82][0xf0][0x84][0xef]i*J{[0xf6][0xa4][0x90][0xfe]4[0x88][0x6][0xac][0x8b][0x84]2[0x8d][0xf8][0xb3])[0xc4][0xb][\r][0xc][0x88][0xbf][0xd8]A[0xfc][[0xf4][0xeb][0x9f][0xc2][0xfb][0xc5][0xd9][0x8][0xef][0x3][0xca]7[0xf8]x[\n]"
19:20:06.873 [main] DEBUG org.apache.http.wire -- http-outgoing-6 << "[0xdc]/~{[0x2][0xda][0xcf]v[0xd1]~1{[0xb3][0x83][0xf7]Wo[0x1e][0x89][0xf7][0xf3][\r][0xde][0xd7][0xd6][0xc2][0x7][0xa2][0x1a][0xf7][0xb1][0xfe][0xce][0xd9][0xd6][0x14]0'Z[0xc8][0x89]l[0xe8][0x12][0xad]![0xd2][0x1d][0xa7][0x17][0x1d][0x9e]{[0xf1][0xb0]`C[0xc2][0xfa][0x1b][0x2][0x98]$[0x85]I[0xd1][0xb0][0x3][0xed][0x9][0xf0]i]MN[0x96][0x1c][0xc1][0xff]_[\n]"
19:20:06.873 [main] DEBUG org.apache.http.wire -- http-outgoing-6 << "[0xf8][0x6][0xcd]q[0x9c][0xf7](<,[0x9]:[0xb8]N[0x88][0x8f][0xb1][0x9d][0xb4]p[0xe1][0xb0]th[0xc2]f[0xd1]p[0x1][0x7][0xa8]a[0x6]8I@[0xfa][0x9e][0x93][0xf7][0xd1];^[0x80]!*[0xa8][0xe8][0xad][0xc4];[0x12][0x9d][0xb0]}[0x11]#[0xe6][0x18]S[0xc4]-[0x87][0x15]i[0xfd][0x0][0x1d][0xf4][0xe6]"}[0xec][0x10]BB[0xbe]0[0x85][0x18]z[0x9e]$[0xc0][0xff][0x97][0x8].[0xa7][0x88]`[0xab][0xf4]_[0xfe]z[0xe9]?3[0xa2][0x82][0x1e]3=,[0xf6][0xa8][0xe0]x[0xc1][0xbf]<{[0x2][0x5][0x9c][0xef]S[0xc0][0xab][0x1d][\n]"
19:20:06.873 [main] DEBUG org.apache.http.wire -- http-outgoing-6 << "[0xb8]<$[0x5]\[0x8c]J>6[0x9a][0xe1][0x3][0xcd]q[0xee][0x1f]b[0x81]G[0x0]}[0xef][0xd3][0x8e][0x8][0x18]>[0xdc][0xec][0x9][0xd2][0xe1][0xdb]'[[0x93][0x80]A[0xe4][0xbc]'*[0xfc]/[0x10][0xc7][0x4]M[0xbc]-[0xcb]=[0xb2]x[0x1c]'ht%[0xc1][0xdc][0xae][0xb4]H[0x95][0xef]c[0x90]f;|[0x90][0x1d][0xae][0xce][0xfb]Z\[0x12][0xbf][0xd9]=[0xf4][0x11][0xfa][0x10][0x9]6[0x1c]|l[0xb1][0xe3]v[0x8e]=[0xea]n[0xb6]`.[0x1b][0xa0][0x1]*K9[0xfd][0x9c]{[0x18][0xf3][0xf7][0xd0][0xba]DS[0xb][0xeb][0xea]$[0xf7][0xd2]i[0x17][0x1a][0x3],c[0xc6][0x88][0x85][0xec]R$w[0xec][0x99]v[0xac]PK[0xa3][0xb0]p[0xeb]h8[0xad][0xdb][0xd7]8s[0x1b][0xaa]A[0xe4][0xdc]M[0x93]@l[0x3][0xf2][0xaa][\r][0x86][0xd6]?[0xd1][0x7][0x9c][0x1d]U[0x5]O![0x83][0xb3]-2[0xe8][0xb0]s[0x9d]P[0xf2]H[0xd5][0xff]$[0x12][0xb8][0xd8]'[0x81][0xd7];$[0xf0][0xdb]q[0x1d][0x90][0xa9];[0x83][0xf9][0xd2][0x8f][0xd8][0xe0]r[0xc3][0x6]w[0x88]%[0x9c][0xdc]5l0[0xaf][0x9e][0xa5][0xd8][0xdf][0xe2]r[0xc9]P0|[0xb6]a[0xa2]'[0xb8]m}@W[0xa4][0x14][0xf7][0x19][0xac]0[0xb6]s[0xb1]bm[0xf0][0xdc]Y<[0xf0][0xf5][0xc6]:#[0x1e][0xc3]I[0x1d][0xf7]Z"`[0x8][0xf8][0xec][0x18][0xe3][0x1c][0xa4][0x95][0xbe][0xb9](E[0x91][0x16]?1?[0xb8][0x96][0xd4][0xad][0xb7]N[0xd3][0xd7]F[0xf1][0xbd]/[0xb1][0xda][0xf5][0x95]W[0xbe][0xcf]5[0x99]"[0xc1][0x3]![0xb7][0xe8]<%[0x8c][0xe]S[0x4][0x11][0x12][0x93][0x9a]a[0x8f][0x19][0xc4]`[0xf2][0xbc]C[0xbd][0x80]I[0xba][0xfa]#[0xea]BP[0xd5][0xf9];H[0x8b][0x91]Z[0xe0] c[0x1d][0x91][0xae][0x11]Z[0xb7][0x84]fU[0xb1][0xa6][0xc][0x96][0x86]P~[0xed][0xc2][0x1f][0xaf]{[0x15][0x87][0x16][0xc1]B[0x8d]K[0x2][0x84][0xc2][0xb6]e5[0x83][0xcf]V[0xeb][0x9e][0x3][0x2]{8[0x11][0x12][0x98];[0xc2][0xc2]?[0x9b]ud[0x9a]&[0x0][0xf1][0xb3]4-P:.[\n]"
19:20:06.873 [main] DEBUG org.apache.http.wire -- http-outgoing-6 << "}[0xc8][0xf5][0x1][0xe2]^[0xb2].n^[0xf7][0xb9]&V[0xd2][0xdc][0x0][\n]"
19:20:06.873 [main] DEBUG org.apache.http.wire -- http-outgoing-6 << "[0xab][0xb5]md[0x1e]"q[0x98]F[0xfd][0xc5][0xc3][0xbd][0xc0][0xf9][0xaf][0xa3][0xfe]l,[0x1][0x4]*R][0x12]([0x9e][0xd4][0x8]<[0xa5][0xed][0xbf][0xdc]'[0x80][0xf3][0x1d][0x2]x[0xf3]j[0x9b][0x0][0xae][0x1d][0xe1]r[0x81]^Fv[0x87][0x14][0x81][0xf0]Y[0xc7][0x1][0xd7]m[0x90][0xc][0xe8]g[0x1]'[0xb7][0xad]+#[0xb]Th[0xf8][0xd9][0xc1][0xa1][0x80][0xe4]XY[0xf9][0xc][0xe6][0xd6][0x90][0x16]=[0x1a][0xc1][0xb3]d#[0xf][0xf][0x8f][\r]wZ[0xf7][0xf][0xe8][0xab][0x9a][0x1d][0xef][0xd5][0xb1][0x8d][0xda][0x80][0xa6]u[0x11][0xd9][0xc9][0xe1]T[0x88][0xee][0xd7][0x90];[0xc2]:Yh[0x1d]CM[0xa1]b8)[0xe2]4kA[0xa6][0x15][0xa8],[0xbb][0xc2]+[0xc7][0xb9]kKtO[0x1a]0[0xa6][0x13][0xa7]r[0xd7][0xd7]K[0xbb]8>r,G[0xc7]Lp?x[0xd2]m[0xfe][0xa8]I[0x7][0x98][0xa7][0xbb][0x19][0xf5][0xe]Ir[0xef][0xc][0x15]w[0xda][0x84][0x9e]'Fa[0xdb][0xe5][0x88][0xbd]V~[0x6]w[0x81]#[0xfb]TCT#l[0x1b][0xc7]f[0xa9][0x9][0x96][0xa3][0xf8]f[0xe0]%[0x8a]c[0x8d]qwd[0x86]0[0x9e][0xe][0xe]T[0x10]*[0xf6]i[0x9f]u[0xd0]~MlE[0xe2]l[0xd1][0xba][0x91]"[0x90]![0xab][0xc8][0x8c]6Td[0x2][0xe7][0xb0][0xc1][0xdb][0x8b][0x4]A[0xa0][0xef][\r]9&s[0xa8]w[0x98][0x96][0xb][0x97][0xb1]\[0xb8][0x18][0x13][0xc7][0xf5][0xd6][0xd1][0xa2][0x84]un[0xfd][0x13][0xd3][0xc2]7?O[0x1b]g/[0xf7]icw^xq[0xb1]M[0x1b]{[0x14]1[0xcc][0x9]o[0xd1][0x94][0x16]>[0xa2][0xf7][0x13][0x82][0xe0]37[0x92][0x92][0xa6][0xb4][0x93][0xc3][0x82][\r][\r][0xdc][0xb2]^[\n]"
19:20:06.874 [main] DEBUG org.apache.http.wire -- http-outgoing-6 << "h[0xad]!9[0xfd][\r][0xba][0x2]k[[0xf]0[0x9f][0x13][0xe4][0xed][0x9c][0xfc]A5[0x1e]Ko[0x92][0xbf][0xf5][0x9c][\r]u[0xdd]n[0xb7]y[0x8f][0xc3][0x9a][0xf5]2[0x83]J[0xf6]I[0x9][0x9a]oo%[0x19]x[0x1d][0x8b]xJV_[[0xd1][0xa2][0xf1][0xcf][0x98][0x8d]=[0x80][0xb8]whT[0xf7][0xb1][0x14][0xe6][0x1f][0xb2]\KP$[0xc7][0x5][0xc9]:[0xa5][0xf7]'[0xdb][0xba]T;K[0xf9][0xdc][0xad]/[0xc7][0xfd]0[0x82][0xef]qe[0x17][0x1b][0x7]e[0xf1][[0xf3][0xcd][0xae][0x13]6[0x1c][0xc5][0xb6]Yd[0xf6][0xe8][0x6][0xfe]6[0x99][0xd8][0xa7]S[0x89][0xbd]U[0x10][0xcf][0x1e][0x1a][0x8e]m[0xf2]q*[0xa5]O[0xc7])[0xdd]gB[0xf4][0xea][0xd1][0x99][0xfc][0xfa][0xd5][0x13][0x12]yb[0x10][0xb6]+[0x80]E[0xcf]n[0xd5]?[0xba]''[0xdb]|[0xfd][0xf1]5S[0xc1][0x6][0xd4][0xea][0xea]u[0xa6][0xfc][0x92][0x9b][0x18][0x13][0xcd]5[0x7]u[0xf5][0xfa][0xc7][0xff][0x0][0xc2][0xb1][0x80][0x9d]n[0x1b][0x0][0x0][\r][\n]"
19:20:06.874 [main] DEBUG org.apache.http.impl.conn.DefaultManagedHttpClientConnection -- http-outgoing-6: Close connection
19:20:06.874 [main] DEBUG org.apache.http.impl.execchain.MainClientExec -- Connection discarded
19:20:06.874 [main] DEBUG org.apache.http.impl.conn.PoolingHttpClientConnectionManager -- Connection released: [id: 6][route: {s}->https://dummyjson.com:443][total available: 0; route allocated: 0 of 5; total allocated: 0 of 10]
19:20:06.874 [main] DEBUG org.apache.http.impl.conn.PoolingHttpClientConnectionManager -- Connection manager is shutting down
19:20:06.874 [main] DEBUG org.apache.http.impl.conn.PoolingHttpClientConnectionManager -- Connection manager shut down
19:20:06.874 [main] DEBUG com.intuit.karate -- response time in milliseconds: 67
1 < 200
1 < Access-Control-Allow-Origin: *
1 < Content-Type: application/json; charset=utf-8
1 < Date: Sat, 02 Aug 2025 12:20:06 GMT
1 < Etag: W/"1b6e-myTrXcWkRFmBErSO4mbxSJIVlTc"
1 < Server: railway-edge
1 < Strict-Transport-Security: max-age=15552000; includeSubDomains
1 < Vary: Accept-Encoding
1 < X-Content-Type-Options: nosniff
1 < X-Dns-Prefetch-Control: off
1 < X-Download-Options: noopen
1 < X-Frame-Options: SAMEORIGIN
1 < X-Powered-By: Cats on Keyboards
1 < X-Railway-Edge: railway/asia-southeast1-eqsg3a
1 < X-Railway-Request-Id: H7PmdJ16Tda3LgjeAQeqjw
1 < X-Ratelimit-Limit: 100
1 < X-Ratelimit-Remaining: 96
1 < X-Ratelimit-Reset: 1754137215
1 < X-Xss-Protection: 1; mode=block
1 < Transfer-Encoding: chunked
{"recipes":[{"id":11,"name":"Chicken Biryani","ingredients":["Basmati rice","Chicken, cut into pieces","Onions, thinly sliced","Tomatoes, chopped","Yogurt","Ginger-garlic paste","Biryani masala","Green chilies, sliced","Fresh coriander leaves","Mint leaves","Ghee","Salt to taste"],"instructions":["Marinate chicken with yogurt, ginger-garlic paste, biryani masala, and salt.","In a pot, sauté sliced onions until golden brown. Remove half for later use.","Layer marinated chicken, chopped tomatoes, half of the fried onions, and rice in the pot.","Top with ghee, green chilies, fresh coriander leaves, mint leaves, and the remaining fried onions.","Cover and cook on low heat until the rice is fully cooked and aromatic.","Serve hot, garnished with additional coriander and mint leaves."],"prepTimeMinutes":30,"cookTimeMinutes":45,"servings":6,"difficulty":"Medium","cuisine":"Pakistani","caloriesPerServing":550,"tags":["Biryani","Chicken","Main course","Indian","Pakistani","Asian"],"userId":133,"image":"https://cdn.dummyjson.com/recipe-images/11.webp","rating":5,"reviewCount":32,"mealType":["Lunch","Dinner"]},{"id":12,"name":"Chicken Karahi","ingredients":["Chicken, cut into pieces","Tomatoes, chopped","Green chilies, sliced","Ginger, julienned","Garlic, minced","Coriander powder","Cumin powder","Red chili powder","Garam masala","Cooking oil","Fresh coriander leaves","Salt to taste"],"instructions":["In a wok (karahi), heat cooking oil and sauté minced garlic until golden brown.","Add chicken pieces and cook until browned on all sides.","Add chopped tomatoes, green chilies, ginger, and spices. Cook until tomatoes are soft.","Cover and simmer until the chicken is tender and the oil separates from the masala.","Garnish with fresh coriander leaves and serve hot with naan or rice."],"prepTimeMinutes":20,"cookTimeMinutes":30,"servings":4,"difficulty":"Easy","cuisine":"Pakistani","caloriesPerServing":420,"tags":["Chicken","Karahi","Main course","Indian","Pakistani","Asian"],"userId":49,"image":"https://cdn.dummyjson.com/recipe-images/12.webp","rating":4.8,"reviewCount":68,"mealType":["Lunch","Dinner"]},{"id":13,"name":"Aloo Keema","ingredients":["Ground beef","Potatoes, peeled and diced","Onions, finely chopped","Tomatoes, chopped","Ginger-garlic paste","Cumin powder","Coriander powder","Turmeric powder","Red chili powder","Cooking oil","Fresh coriander leaves","Salt to taste"],"instructions":["In a pan, heat cooking oil and sauté chopped onions until golden brown.","Add ginger-garlic paste and sauté until fragrant.","Add ground beef and cook until browned. Drain excess oil if needed.","Add diced potatoes, chopped tomatoes, and spices. Mix well.","Cover and simmer until the potatoes are tender and the masala is well-cooked.","Garnish with fresh coriander leaves and serve hot with naan or rice."],"prepTimeMinutes":25,"cookTimeMinutes":35,"servings":5,"difficulty":"Medium","cuisine":"Pakistani","caloriesPerServing":380,"tags":["Keema","Potatoes","Main course","Pakistani","Asian"],"userId":152,"image":"https://cdn.dummyjson.com/recipe-images/13.webp","rating":4.6,"reviewCount":53,"mealType":["Lunch","Dinner"]},{"id":14,"name":"Chapli Kebabs","ingredients":["Ground beef","Onions, finely chopped","Tomatoes, finely chopped","Green chilies, chopped","Coriander leaves, chopped","Pomegranate seeds","Ginger-garlic paste","Cumin powder","Coriander powder","Red chili powder","Egg","Cooking oil","Salt to taste"],"instructions":["In a large bowl, mix ground beef, chopped onions, tomatoes, green chilies, coriander leaves, and pomegranate seeds.","Add ginger-garlic paste, cumin powder, coriander powder, red chili powder, and salt. Mix well.","Add an egg to bind the mixture and form into round flat kebabs.","Heat cooking oil in a pan and shallow fry the kebabs until browned on both sides.","Serve hot with naan or mint chutney."],"prepTimeMinutes":30,"cookTimeMinutes":20,"servings":4,"difficulty":"Medium","cuisine":"Pakistani","caloriesPerServing":320,"tags":["Kebabs","Beef","Indian","Pakistani","Asian"],"userId":152,"image":"https://cdn.dummyjson.com/recipe-images/14.webp","rating":4.7,"reviewCount":98,"mealType":["Lunch","Dinner","Snacks"]},{"id":15,"name":"Saag (Spinach) with Makki di Roti","ingredients":["Mustard greens, washed and chopped","Spinach, washed and chopped","Cornmeal (makki ka atta)","Onions, finely chopped","Green chilies, chopped","Ginger, grated","Ghee","Salt to taste"],"instructions":["Boil mustard greens and spinach until tender. Drain and blend into a coarse paste.","In a pan, sauté chopped onions, green chilies, and grated ginger in ghee until golden brown.","Add the greens paste and cook until it thickens.","Meanwhile, knead cornmeal with water to make a dough. Roll into rotis (flatbreads).","Cook the rotis on a griddle until golden brown.","Serve hot saag with makki di roti and a dollop of ghee."],"prepTimeMinutes":40,"cookTimeMinutes":30,"servings":3,"difficulty":"Medium","cuisine":"Pakistani","caloriesPerServing":280,"tags":["Saag","Roti","Main course","Indian","Pakistani","Asian"],"userId":43,"image":"https://cdn.dummyjson.com/recipe-images/15.webp","rating":4.3,"reviewCount":86,"mealType":["Breakfast","Lunch","Dinner"]},{"id":20,"name":"Butter Chicken (Murgh Makhani)","ingredients":["Chicken thighs, boneless and skinless","Yogurt","Ginger-garlic paste","Garam masala","Kashmiri red chili powder","Tomato puree","Butter","Heavy cream","Kasuri methi (dried fenugreek leaves)","Sugar","Salt to taste"],"instructions":["Marinate chicken thighs in a mixture of yogurt, ginger-garlic paste, garam masala, and Kashmiri red chili powder.","In a pan, melt butter and sauté the marinated chicken until browned.","Add tomato puree and cook until the oil separates. Stir in heavy cream.","Sprinkle kasuri methi, sugar, and salt. Simmer until the chicken is fully cooked.","Serve this creamy butter chicken over rice or with naan for an authentic Pakistani/Indian experience."],"prepTimeMinutes":30,"cookTimeMinutes":25,"servings":4,"difficulty":"Medium","cuisine":"Pakistani","caloriesPerServing":480,"tags":["Butter chicken","Curry","Indian","Pakistani","Asian"],"userId":138,"image":"https://cdn.dummyjson.com/recipe-images/20.webp","rating":4.5,"reviewCount":44,"mealType":["Dinner"]},{"id":22,"name":"Mango Lassi","ingredients":["Ripe mango, peeled and diced","Yogurt","Milk","Honey","Cardamom powder","Ice cubes"],"instructions":["In a blender, combine diced mango, yogurt, milk, honey, and cardamom powder.","Blend until smooth and creamy.","Add ice cubes and blend again until the lassi is chilled.","Pour into glasses and garnish with a sprinkle of cardamom.","Enjoy this refreshing Mango Lassi!"],"prepTimeMinutes":10,"cookTimeMinutes":0,"servings":2,"difficulty":"Easy","cuisine":"Indian","caloriesPerServing":180,"tags":["Lassi","Mango","Indian","Pakistani","Asian"],"userId":76,"image":"https://cdn.dummyjson.com/recipe-images/22.webp","rating":4.7,"reviewCount":15,"mealType":["Beverage"]}],"total":7,"skip":0,"limit":7}

19:20:06.876 [main] DEBUG com.jayway.jsonpath.internal.path.CompiledPath -- Evaluating path: $['recipes'][0]['tags']
19:20:06.877 [main] INFO com.intuit.karate -- [print] {
  "recipes": [
    {
      "id": 11,
      "name": "Chicken Biryani",
      "ingredients": [
        "Basmati rice",
        "Chicken, cut into pieces",
        "Onions, thinly sliced",
        "Tomatoes, chopped",
        "Yogurt",
        "Ginger-garlic paste",
        "Biryani masala",
        "Green chilies, sliced",
        "Fresh coriander leaves",
        "Mint leaves",
        "Ghee",
        "Salt to taste"
      ],
      "instructions": [
        "Marinate chicken with yogurt, ginger-garlic paste, biryani masala, and salt.",
        "In a pot, sauté sliced onions until golden brown. Remove half for later use.",
        "Layer marinated chicken, chopped tomatoes, half of the fried onions, and rice in the pot.",
        "Top with ghee, green chilies, fresh coriander leaves, mint leaves, and the remaining fried onions.",
        "Cover and cook on low heat until the rice is fully cooked and aromatic.",
        "Serve hot, garnished with additional coriander and mint leaves."
      ],
      "prepTimeMinutes": 30,
      "cookTimeMinutes": 45,
      "servings": 6,
      "difficulty": "Medium",
      "cuisine": "Pakistani",
      "caloriesPerServing": 550,
      "tags": [
        "Biryani",
        "Chicken",
        "Main course",
        "Indian",
        "Pakistani",
        "Asian"
      ],
      "userId": 133,
      "image": "https://cdn.dummyjson.com/recipe-images/11.webp",
      "rating": 5,
      "reviewCount": 32,
      "mealType": [
        "Lunch",
        "Dinner"
      ]
    },
    {
      "id": 12,
      "name": "Chicken Karahi",
      "ingredients": [
        "Chicken, cut into pieces",
        "Tomatoes, chopped",
        "Green chilies, sliced",
        "Ginger, julienned",
        "Garlic, minced",
        "Coriander powder",
        "Cumin powder",
        "Red chili powder",
        "Garam masala",
        "Cooking oil",
        "Fresh coriander leaves",
        "Salt to taste"
      ],
      "instructions": [
        "In a wok (karahi), heat cooking oil and sauté minced garlic until golden brown.",
        "Add chicken pieces and cook until browned on all sides.",
        "Add chopped tomatoes, green chilies, ginger, and spices. Cook until tomatoes are soft.",
        "Cover and simmer until the chicken is tender and the oil separates from the masala.",
        "Garnish with fresh coriander leaves and serve hot with naan or rice."
      ],
      "prepTimeMinutes": 20,
      "cookTimeMinutes": 30,
      "servings": 4,
      "difficulty": "Easy",
      "cuisine": "Pakistani",
      "caloriesPerServing": 420,
      "tags": [
        "Chicken",
        "Karahi",
        "Main course",
        "Indian",
        "Pakistani",
        "Asian"
      ],
      "userId": 49,
      "image": "https://cdn.dummyjson.com/recipe-images/12.webp",
      "rating": 4.8,
      "reviewCount": 68,
      "mealType": [
        "Lunch",
        "Dinner"
      ]
    },
    {
      "id": 13,
      "name": "Aloo Keema",
      "ingredients": [
        "Ground beef",
        "Potatoes, peeled and diced",
        "Onions, finely chopped",
        "Tomatoes, chopped",
        "Ginger-garlic paste",
        "Cumin powder",
        "Coriander powder",
        "Turmeric powder",
        "Red chili powder",
        "Cooking oil",
        "Fresh coriander leaves",
        "Salt to taste"
      ],
      "instructions": [
        "In a pan, heat cooking oil and sauté chopped onions until golden brown.",
        "Add ginger-garlic paste and sauté until fragrant.",
        "Add ground beef and cook until browned. Drain excess oil if needed.",
        "Add diced potatoes, chopped tomatoes, and spices. Mix well.",
        "Cover and simmer until the potatoes are tender and the masala is well-cooked.",
        "Garnish with fresh coriander leaves and serve hot with naan or rice."
      ],
      "prepTimeMinutes": 25,
      "cookTimeMinutes": 35,
      "servings": 5,
      "difficulty": "Medium",
      "cuisine": "Pakistani",
      "caloriesPerServing": 380,
      "tags": [
        "Keema",
        "Potatoes",
        "Main course",
        "Pakistani",
        "Asian"
      ],
      "userId": 152,
      "image": "https://cdn.dummyjson.com/recipe-images/13.webp",
      "rating": 4.6,
      "reviewCount": 53,
      "mealType": [
        "Lunch",
        "Dinner"
      ]
    },
    {
      "id": 14,
      "name": "Chapli Kebabs",
      "ingredients": [
        "Ground beef",
        "Onions, finely chopped",
        "Tomatoes, finely chopped",
        "Green chilies, chopped",
        "Coriander leaves, chopped",
        "Pomegranate seeds",
        "Ginger-garlic paste",
        "Cumin powder",
        "Coriander powder",
        "Red chili powder",
        "Egg",
        "Cooking oil",
        "Salt to taste"
      ],
      "instructions": [
        "In a large bowl, mix ground beef, chopped onions, tomatoes, green chilies, coriander leaves, and pomegranate seeds.",
        "Add ginger-garlic paste, cumin powder, coriander powder, red chili powder, and salt. Mix well.",
        "Add an egg to bind the mixture and form into round flat kebabs.",
        "Heat cooking oil in a pan and shallow fry the kebabs until browned on both sides.",
        "Serve hot with naan or mint chutney."
      ],
      "prepTimeMinutes": 30,
      "cookTimeMinutes": 20,
      "servings": 4,
      "difficulty": "Medium",
      "cuisine": "Pakistani",
      "caloriesPerServing": 320,
      "tags": [
        "Kebabs",
        "Beef",
        "Indian",
        "Pakistani",
        "Asian"
      ],
      "userId": 152,
      "image": "https://cdn.dummyjson.com/recipe-images/14.webp",
      "rating": 4.7,
      "reviewCount": 98,
      "mealType": [
        "Lunch",
        "Dinner",
        "Snacks"
      ]
    },
    {
      "id": 15,
      "name": "Saag (Spinach) with Makki di Roti",
      "ingredients": [
        "Mustard greens, washed and chopped",
        "Spinach, washed and chopped",
        "Cornmeal (makki ka atta)",
        "Onions, finely chopped",
        "Green chilies, chopped",
        "Ginger, grated",
        "Ghee",
        "Salt to taste"
      ],
      "instructions": [
        "Boil mustard greens and spinach until tender. Drain and blend into a coarse paste.",
        "In a pan, sauté chopped onions, green chilies, and grated ginger in ghee until golden brown.",
        "Add the greens paste and cook until it thickens.",
        "Meanwhile, knead cornmeal with water to make a dough. Roll into rotis (flatbreads).",
        "Cook the rotis on a griddle until golden brown.",
        "Serve hot saag with makki di roti and a dollop of ghee."
      ],
      "prepTimeMinutes": 40,
      "cookTimeMinutes": 30,
      "servings": 3,
      "difficulty": "Medium",
      "cuisine": "Pakistani",
      "caloriesPerServing": 280,
      "tags": [
        "Saag",
        "Roti",
        "Main course",
        "Indian",
        "Pakistani",
        "Asian"
      ],
      "userId": 43,
      "image": "https://cdn.dummyjson.com/recipe-images/15.webp",
      "rating": 4.3,
      "reviewCount": 86,
      "mealType": [
        "Breakfast",
        "Lunch",
        "Dinner"
      ]
    },
    {
      "id": 20,
      "name": "Butter Chicken (Murgh Makhani)",
      "ingredients": [
        "Chicken thighs, boneless and skinless",
        "Yogurt",
        "Ginger-garlic paste",
        "Garam masala",
        "Kashmiri red chili powder",
        "Tomato puree",
        "Butter",
        "Heavy cream",
        "Kasuri methi (dried fenugreek leaves)",
        "Sugar",
        "Salt to taste"
      ],
      "instructions": [
        "Marinate chicken thighs in a mixture of yogurt, ginger-garlic paste, garam masala, and Kashmiri red chili powder.",
        "In a pan, melt butter and sauté the marinated chicken until browned.",
        "Add tomato puree and cook until the oil separates. Stir in heavy cream.",
        "Sprinkle kasuri methi, sugar, and salt. Simmer until the chicken is fully cooked.",
        "Serve this creamy butter chicken over rice or with naan for an authentic Pakistani/Indian experience."
      ],
      "prepTimeMinutes": 30,
      "cookTimeMinutes": 25,
      "servings": 4,
      "difficulty": "Medium",
      "cuisine": "Pakistani",
      "caloriesPerServing": 480,
      "tags": [
        "Butter chicken",
        "Curry",
        "Indian",
        "Pakistani",
        "Asian"
      ],
      "userId": 138,
      "image": "https://cdn.dummyjson.com/recipe-images/20.webp",
      "rating": 4.5,
      "reviewCount": 44,
      "mealType": [
        "Dinner"
      ]
    },
    {
      "id": 22,
      "name": "Mango Lassi",
      "ingredients": [
        "Ripe mango, peeled and diced",
        "Yogurt",
        "Milk",
        "Honey",
        "Cardamom powder",
        "Ice cubes"
      ],
      "instructions": [
        "In a blender, combine diced mango, yogurt, milk, honey, and cardamom powder.",
        "Blend until smooth and creamy.",
        "Add ice cubes and blend again until the lassi is chilled.",
        "Pour into glasses and garnish with a sprinkle of cardamom.",
        "Enjoy this refreshing Mango Lassi!"
      ],
      "prepTimeMinutes": 10,
      "cookTimeMinutes": 0,
      "servings": 2,
      "difficulty": "Easy",
      "cuisine": "Indian",
      "caloriesPerServing": 180,
      "tags": [
        "Lassi",
        "Mango",
        "Indian",
        "Pakistani",
        "Asian"
      ],
      "userId": 76,
      "image": "https://cdn.dummyjson.com/recipe-images/22.webp",
      "rating": 4.7,
      "reviewCount": 15,
      "mealType": [
        "Beverage"
      ]
    }
  ],
  "total": 7,
  "skip": 0,
  "limit": 7
}
 
]]></system-out>
  </testcase>
  <testcase name="[8:68] Get Recipes by Meal Type" classname="dummyjson/Recipes" time="0.089">
    <system-out><![CDATA[19:20:06.889 [main] DEBUG org.apache.http.client.protocol.RequestAddCookies -- CookieSpec selected: karate
19:20:06.889 [main] DEBUG org.apache.http.client.protocol.RequestAuthCache -- Auth cache not set in the context
19:20:06.889 [main] DEBUG com.intuit.karate -- request:
1 > GET https://dummyjson.com/recipes/meal-type/snack
1 > Host: dummyjson.com
1 > Connection: Keep-Alive
1 > User-Agent: Apache-HttpClient/4.5.14 (Java/21.0.8)
1 > Accept-Encoding: gzip,deflate


19:20:06.889 [main] DEBUG org.apache.http.impl.conn.PoolingHttpClientConnectionManager -- Connection request: [route: {s}->https://dummyjson.com:443][total available: 0; route allocated: 0 of 5; total allocated: 0 of 10]
19:20:06.889 [main] DEBUG org.apache.http.impl.conn.PoolingHttpClientConnectionManager -- Connection leased: [id: 7][route: {s}->https://dummyjson.com:443][total available: 0; route allocated: 1 of 5; total allocated: 1 of 10]
19:20:06.889 [main] DEBUG org.apache.http.impl.execchain.MainClientExec -- Opening connection {s}->https://dummyjson.com:443
19:20:06.890 [main] DEBUG org.apache.http.impl.conn.DefaultHttpClientConnectionOperator -- Connecting to dummyjson.com/66.33.22.3:443
19:20:06.890 [main] DEBUG org.apache.http.conn.ssl.SSLConnectionSocketFactory -- Connecting socket to dummyjson.com/66.33.22.3:443 with timeout 30000
19:20:06.912 [main] DEBUG org.apache.http.conn.ssl.SSLConnectionSocketFactory -- Enabled protocols: [TLSv1.3, TLSv1.2]
19:20:06.912 [main] DEBUG org.apache.http.conn.ssl.SSLConnectionSocketFactory -- Enabled cipher suites:[TLS_AES_256_GCM_SHA384, TLS_AES_128_GCM_SHA256, TLS_CHACHA20_POLY1305_SHA256, TLS_ECDHE_ECDSA_WITH_AES_256_GCM_SHA384, TLS_ECDHE_ECDSA_WITH_AES_128_GCM_SHA256, TLS_ECDHE_ECDSA_WITH_CHACHA20_POLY1305_SHA256, TLS_ECDHE_RSA_WITH_AES_256_GCM_SHA384, TLS_ECDHE_RSA_WITH_CHACHA20_POLY1305_SHA256, TLS_ECDHE_RSA_WITH_AES_128_GCM_SHA256, TLS_DHE_RSA_WITH_AES_256_GCM_SHA384, TLS_DHE_RSA_WITH_CHACHA20_POLY1305_SHA256, TLS_DHE_DSS_WITH_AES_256_GCM_SHA384, TLS_DHE_RSA_WITH_AES_128_GCM_SHA256, TLS_DHE_DSS_WITH_AES_128_GCM_SHA256, TLS_ECDHE_ECDSA_WITH_AES_256_CBC_SHA384, TLS_ECDHE_RSA_WITH_AES_256_CBC_SHA384, TLS_ECDHE_ECDSA_WITH_AES_128_CBC_SHA256, TLS_ECDHE_RSA_WITH_AES_128_CBC_SHA256, TLS_DHE_RSA_WITH_AES_256_CBC_SHA256, TLS_DHE_DSS_WITH_AES_256_CBC_SHA256, TLS_DHE_RSA_WITH_AES_128_CBC_SHA256, TLS_DHE_DSS_WITH_AES_128_CBC_SHA256, TLS_ECDHE_ECDSA_WITH_AES_256_CBC_SHA, TLS_ECDHE_RSA_WITH_AES_256_CBC_SHA, TLS_ECDHE_ECDSA_WITH_AES_128_CBC_SHA, TLS_ECDHE_RSA_WITH_AES_128_CBC_SHA, TLS_DHE_RSA_WITH_AES_256_CBC_SHA, TLS_DHE_DSS_WITH_AES_256_CBC_SHA, TLS_DHE_RSA_WITH_AES_128_CBC_SHA, TLS_DHE_DSS_WITH_AES_128_CBC_SHA, TLS_RSA_WITH_AES_256_GCM_SHA384, TLS_RSA_WITH_AES_128_GCM_SHA256, TLS_RSA_WITH_AES_256_CBC_SHA256, TLS_RSA_WITH_AES_128_CBC_SHA256, TLS_RSA_WITH_AES_256_CBC_SHA, TLS_RSA_WITH_AES_128_CBC_SHA, TLS_EMPTY_RENEGOTIATION_INFO_SCSV]
19:20:06.912 [main] DEBUG org.apache.http.conn.ssl.SSLConnectionSocketFactory -- Starting handshake
19:20:06.934 [main] DEBUG org.apache.http.conn.ssl.SSLConnectionSocketFactory -- Secure session established
19:20:06.934 [main] DEBUG org.apache.http.conn.ssl.SSLConnectionSocketFactory --  negotiated protocol: TLSv1.3
19:20:06.934 [main] DEBUG org.apache.http.conn.ssl.SSLConnectionSocketFactory --  negotiated cipher suite: TLS_AES_128_GCM_SHA256
19:20:06.934 [main] DEBUG org.apache.http.conn.ssl.SSLConnectionSocketFactory --  peer principal: CN=dummyjson.com
19:20:06.934 [main] DEBUG org.apache.http.conn.ssl.SSLConnectionSocketFactory --  peer alternative names: [dummyjson.com]
19:20:06.934 [main] DEBUG org.apache.http.conn.ssl.SSLConnectionSocketFactory --  issuer principal: CN=R11, O=Let's Encrypt, C=US
19:20:06.934 [main] DEBUG org.apache.http.impl.conn.DefaultHttpClientConnectionOperator -- Connection established 192.168.1.4:55051<->66.33.22.3:443
19:20:06.934 [main] DEBUG org.apache.http.impl.conn.DefaultManagedHttpClientConnection -- http-outgoing-7: set socket timeout to 30000
19:20:06.934 [main] DEBUG org.apache.http.impl.execchain.MainClientExec -- Executing request GET /recipes/meal-type/snack HTTP/1.1
19:20:06.934 [main] DEBUG org.apache.http.impl.execchain.MainClientExec -- Target auth state: UNCHALLENGED
19:20:06.934 [main] DEBUG org.apache.http.impl.execchain.MainClientExec -- Proxy auth state: UNCHALLENGED
19:20:06.934 [main] DEBUG org.apache.http.headers -- http-outgoing-7 >> GET /recipes/meal-type/snack HTTP/1.1
19:20:06.934 [main] DEBUG org.apache.http.headers -- http-outgoing-7 >> Host: dummyjson.com
19:20:06.934 [main] DEBUG org.apache.http.headers -- http-outgoing-7 >> Connection: Keep-Alive
19:20:06.934 [main] DEBUG org.apache.http.headers -- http-outgoing-7 >> User-Agent: Apache-HttpClient/4.5.14 (Java/21.0.8)
19:20:06.934 [main] DEBUG org.apache.http.headers -- http-outgoing-7 >> Accept-Encoding: gzip,deflate
19:20:06.934 [main] DEBUG org.apache.http.wire -- http-outgoing-7 >> "GET /recipes/meal-type/snack HTTP/1.1[\r][\n]"
19:20:06.934 [main] DEBUG org.apache.http.wire -- http-outgoing-7 >> "Host: dummyjson.com[\r][\n]"
19:20:06.934 [main] DEBUG org.apache.http.wire -- http-outgoing-7 >> "Connection: Keep-Alive[\r][\n]"
19:20:06.934 [main] DEBUG org.apache.http.wire -- http-outgoing-7 >> "User-Agent: Apache-HttpClient/4.5.14 (Java/21.0.8)[\r][\n]"
19:20:06.934 [main] DEBUG org.apache.http.wire -- http-outgoing-7 >> "Accept-Encoding: gzip,deflate[\r][\n]"
19:20:06.934 [main] DEBUG org.apache.http.wire -- http-outgoing-7 >> "[\r][\n]"
19:20:06.964 [main] DEBUG org.apache.http.wire -- http-outgoing-7 << "HTTP/1.1 200 OK[\r][\n]"
19:20:06.964 [main] DEBUG org.apache.http.wire -- http-outgoing-7 << "Access-Control-Allow-Origin: *[\r][\n]"
19:20:06.964 [main] DEBUG org.apache.http.wire -- http-outgoing-7 << "Content-Encoding: gzip[\r][\n]"
19:20:06.964 [main] DEBUG org.apache.http.wire -- http-outgoing-7 << "Content-Type: application/json; charset=utf-8[\r][\n]"
19:20:06.964 [main] DEBUG org.apache.http.wire -- http-outgoing-7 << "Date: Sat, 02 Aug 2025 12:20:06 GMT[\r][\n]"
19:20:06.964 [main] DEBUG org.apache.http.wire -- http-outgoing-7 << "Etag: W/"9f2-r0B6G7toPSrio42wSy/QjEyA0+A"[\r][\n]"
19:20:06.964 [main] DEBUG org.apache.http.wire -- http-outgoing-7 << "Server: railway-edge[\r][\n]"
19:20:06.964 [main] DEBUG org.apache.http.wire -- http-outgoing-7 << "Strict-Transport-Security: max-age=15552000; includeSubDomains[\r][\n]"
19:20:06.964 [main] DEBUG org.apache.http.wire -- http-outgoing-7 << "Vary: Accept-Encoding[\r][\n]"
19:20:06.964 [main] DEBUG org.apache.http.wire -- http-outgoing-7 << "X-Content-Type-Options: nosniff[\r][\n]"
19:20:06.964 [main] DEBUG org.apache.http.wire -- http-outgoing-7 << "X-Dns-Prefetch-Control: off[\r][\n]"
19:20:06.964 [main] DEBUG org.apache.http.wire -- http-outgoing-7 << "X-Download-Options: noopen[\r][\n]"
19:20:06.964 [main] DEBUG org.apache.http.wire -- http-outgoing-7 << "X-Frame-Options: SAMEORIGIN[\r][\n]"
19:20:06.964 [main] DEBUG org.apache.http.wire -- http-outgoing-7 << "X-Powered-By: Cats on Keyboards[\r][\n]"
19:20:06.964 [main] DEBUG org.apache.http.wire -- http-outgoing-7 << "X-Railway-Edge: railway/asia-southeast1-eqsg3a[\r][\n]"
19:20:06.964 [main] DEBUG org.apache.http.wire -- http-outgoing-7 << "X-Railway-Request-Id: l2EN7TrlSeCrcAshAQeqjw[\r][\n]"
19:20:06.964 [main] DEBUG org.apache.http.wire -- http-outgoing-7 << "X-Ratelimit-Limit: 100[\r][\n]"
19:20:06.964 [main] DEBUG org.apache.http.wire -- http-outgoing-7 << "X-Ratelimit-Remaining: 95[\r][\n]"
19:20:06.964 [main] DEBUG org.apache.http.wire -- http-outgoing-7 << "X-Ratelimit-Reset: 1754137215[\r][\n]"
19:20:06.964 [main] DEBUG org.apache.http.wire -- http-outgoing-7 << "X-Xss-Protection: 1; mode=block[\r][\n]"
19:20:06.964 [main] DEBUG org.apache.http.wire -- http-outgoing-7 << "Transfer-Encoding: chunked[\r][\n]"
19:20:06.964 [main] DEBUG org.apache.http.wire -- http-outgoing-7 << "[\r][\n]"
19:20:06.964 [main] DEBUG org.apache.http.wire -- http-outgoing-7 << "a[\r][\n]"
19:20:06.964 [main] DEBUG org.apache.http.wire -- http-outgoing-7 << "[0x1f][0x8b][0x8][0x0][0x0][0x0][0x0][0x0][0x0][0x3][\r][\n]"
19:20:06.964 [main] DEBUG org.apache.http.headers -- http-outgoing-7 << HTTP/1.1 200 OK
19:20:06.964 [main] DEBUG org.apache.http.headers -- http-outgoing-7 << Access-Control-Allow-Origin: *
19:20:06.964 [main] DEBUG org.apache.http.headers -- http-outgoing-7 << Content-Encoding: gzip
19:20:06.964 [main] DEBUG org.apache.http.headers -- http-outgoing-7 << Content-Type: application/json; charset=utf-8
19:20:06.964 [main] DEBUG org.apache.http.headers -- http-outgoing-7 << Date: Sat, 02 Aug 2025 12:20:06 GMT
19:20:06.964 [main] DEBUG org.apache.http.headers -- http-outgoing-7 << Etag: W/"9f2-r0B6G7toPSrio42wSy/QjEyA0+A"
19:20:06.964 [main] DEBUG org.apache.http.headers -- http-outgoing-7 << Server: railway-edge
19:20:06.964 [main] DEBUG org.apache.http.headers -- http-outgoing-7 << Strict-Transport-Security: max-age=15552000; includeSubDomains
19:20:06.964 [main] DEBUG org.apache.http.headers -- http-outgoing-7 << Vary: Accept-Encoding
19:20:06.964 [main] DEBUG org.apache.http.headers -- http-outgoing-7 << X-Content-Type-Options: nosniff
19:20:06.964 [main] DEBUG org.apache.http.headers -- http-outgoing-7 << X-Dns-Prefetch-Control: off
19:20:06.964 [main] DEBUG org.apache.http.headers -- http-outgoing-7 << X-Download-Options: noopen
19:20:06.964 [main] DEBUG org.apache.http.headers -- http-outgoing-7 << X-Frame-Options: SAMEORIGIN
19:20:06.964 [main] DEBUG org.apache.http.headers -- http-outgoing-7 << X-Powered-By: Cats on Keyboards
19:20:06.964 [main] DEBUG org.apache.http.headers -- http-outgoing-7 << X-Railway-Edge: railway/asia-southeast1-eqsg3a
19:20:06.964 [main] DEBUG org.apache.http.headers -- http-outgoing-7 << X-Railway-Request-Id: l2EN7TrlSeCrcAshAQeqjw
19:20:06.964 [main] DEBUG org.apache.http.headers -- http-outgoing-7 << X-Ratelimit-Limit: 100
19:20:06.964 [main] DEBUG org.apache.http.headers -- http-outgoing-7 << X-Ratelimit-Remaining: 95
19:20:06.964 [main] DEBUG org.apache.http.headers -- http-outgoing-7 << X-Ratelimit-Reset: 1754137215
19:20:06.964 [main] DEBUG org.apache.http.headers -- http-outgoing-7 << X-Xss-Protection: 1; mode=block
19:20:06.964 [main] DEBUG org.apache.http.headers -- http-outgoing-7 << Transfer-Encoding: chunked
19:20:06.964 [main] DEBUG org.apache.http.impl.execchain.MainClientExec -- Connection can be kept alive indefinitely
19:20:06.964 [main] DEBUG org.apache.http.wire -- http-outgoing-7 << "441[\r][\n]"
19:20:06.964 [main] DEBUG org.apache.http.wire -- http-outgoing-7 << "[0xad][0x96][0xdb]n[0x1b]9[0xc][0x86]_[0x85][0xab][0xab][0x16][0x98]:vNm|[0x97][0xba]iQ`[0x3][0x14]M[0xb0]{[0xb1][0xc8][0x5]-qf[0x18]k[0xc4][0xa9][0xa4][0xb1][0xeb][0x14]y[0xa7]>C[0x9f]l![0xcd][0xc4][0x87][0xc6][0xc5][0xa2][0xc0]^Z#[0x92]?[0xa9][0xef][0x97][0xfc]My[0xd2][0xdc]RP[0xd3][0xbe])6jzR([0x87][\r][0xa9][0xa9][0x9a][0xd5][0xa2][0xc5]b$[0x98][0xd5][0xdc][0xc2]Ld[0xc1][0x14]T[0xa1][0xd8]U[0x9e][0xc][0x93][0x8b])L]Z[0xfb][0xaa][0xed]|+[0x81][0xa0][0xb4][0xd2]yU[0xa8][0xb7]][0x8c][0xe4][0xb][0x8]RFrd[0xd2][0x92][0x97][0x95][0x83][0xd0]U[0x98]6[0xfc]]s[0xa4][0xcd][0xaf][0xab][0xaa]J[0x89][0xff]B[0xc7][0xd6]"[0xd0][0xd7][0xe8]Q[0xc7][0x14][0x84][0xb]v[0x15][0x4]1[0xa8][\n]"
19:20:06.964 [main] DEBUG org.apache.http.wire -- http-outgoing-7 << "u[0x83]6-n[0x85][0xe9][0x9a][0xdb][0xa0][0xee][0x92][0xa4][0x10]}[0xa7]#[0x8b][0xcb][0x9a]>y[0xaa][0x9]#[0xc4][0x9a]@[0x96][0xe4] [\n]"
19:20:06.964 [main] DEBUG org.apache.http.wire -- http-outgoing-7 << "[0x9c][0x9c][0x8d]|[0xf]/&[0xaf][0xcf]~|[0x9f][0xbd][0x1c][0xa9]B}t[0x80]0[0x97][0x95]-@{[0xc2][0x6][0xa2]T[0x14]k[0xf2][0x1b][0xe1]0[0x1f]:[0x99]o[0xe5][0x17][0x80][0xce][0xc0]j[0xdb]AJ[0xf5]6[0x95]c[0x7]TU[0x1][0xc4][0x11]`[0x4][0x84][0xc8][\r][0x15]I[0x85][0x83][0x10][0xd9][0xa7][\r][0xcb][0xfd]&S[0xec]L[0x9a]9[0xbb]az[0x5][0xcc][0xb7]M[0xf7][0xa5][0x2][0xda]8[0x82][0xf][0x1e]M[0x87][0xd6][0xae][0x1][0x8d]I[\r][0xa5][0xe6]V[0x94][0xaa]n[0xce]#e{/[0xd6][0xa4]BzL[0xe9][0xd3];/-x[0xe9][0x9c]![0x3][0x11][0xe7][0x96]B+[0xe2][0x2]H[0x9]F[0xba][0xaa][0x6]qQ[0xa0]K[0x9]1[0xa4][0xee][0x7])5Q[0x9f][0xfc]-.[0x8]J[0xf1]0[0x19][0xbf][0x9a][0x1c]C[0xc3][0xae][0x8b][0x14]@<t.[0xb2][0x5]2[0x15][0x5]@OP[0x89]5[0xe4][0xfa][0xb9][0xa5][0xc8]Kke[0x5][0xba][0xa7]([0xc9][0xd7]"[0x16][0xc4][0xe5]6v[0xeb][0xe4][0xf4][0x8]%[0xad]6[0xe9][0xe7]T[0x8a]'[0x88][0x1e]]([0xc9][0xfb][0xb4]7[\n]"
19:20:06.964 [main] DEBUG org.apache.http.wire -- http-outgoing-7 << " [0xac][0xd8][0x13]x[0xd4][0x8b]Q[0xa2][0xa0][0xf5][0xd4][0xde]rC[0xd7]}[0x98][0x9a]N[0xce][\n]"
19:20:06.964 [main] DEBUG org.apache.http.wire -- http-outgoing-7 << "[0x95]*[0xee]/[0x8e][0xb][0x15][0xc8]/[0xd9]UAM[0x8f]O[0xb]e[0xb8],Yw6[0xae][0xd5]T]aX[0xab]B[0xe9][0x8e][0x3][0xbb][0xe4][0x83][0xcb][0x86]<kti[0x11][0xad]x[0xa6][0xf0][0x89][0xfc]M[0x9f]![0xd5][0x18][0x17]*b[0x95][0xb9][0xdb][0x9a][0xe4][0x1d][0x85]@~[0xcb]p[0xd2][0xd7][0x5][0xf2][0x1f][0x93][0xc7]N[0xb][0xc5][\r]V){[0x1d]c[0x1b][0xa6]GG[0xda][0xb8][0x91][0xe9][0x9a]f}[0x1f][0xc4][0x8d][0xb4]4G[0xbd]3_[0xe5][0x8d][0xe1][0xe8]d[0xb4][0xa2]y[0xab][\n]"
19:20:06.964 [main] DEBUG org.apache.http.wire -- http-outgoing-7 << "[0xe5]1[0xe6][0xba][0xa7][0xa3][0x8b]ByZ2[0xad]f[0xd2][0xb9][0xa8][0xa6][0x93][0x93]B5[0x84][0xf6]v[0xdd]R[0x12]s[0xe3]P/v[0xa4][0xdc]=[0x16][0xbd][0xc7][0x8f][0xcf]7&[0xbf][0xa6][0xaf][0xa9]7[0xb8][0x89]>[0x8d]~&[0xde][0xc1][0x8b]++[0x91]^>wz[0xfe]:[0x9c][0x98][0x96][0xb9]*[0xd4]5[0xae][0xc5]9[0xe4]@[0x19][0xe3][0xc8][0xf7][0x8][0xba]&[\n]"
19:20:06.964 [main] DEBUG org.apache.http.wire -- http-outgoing-7 << "[0x94][0x1c][0xd5]5s[0x9b][0xbd]?[0xab][0xd9]2[0xb4][0xb2]2[0x94][0xec][0xfe]'7[0x89][0xdc][0x84][0xca]![0xf3]~[0xf0]lmB[0xca][0xb][0x86][0x8]z[0xbf][0xea][0x0][0xda][0x82][0xbc]#[0xdb][0xa3][0xa6]k[0xf4][0x9e]L[0xe6][0xd3]w[0xa1][0x6]B][0xe7][0xbd]+[0x8e]54[0x1b][0x91]OVl=[0xbb][0x85][0xa5][0xfe][0xf3][0x93]N[0xd8][0xd3][0x9f][0x8d][0xa7]wt[0xa7][0xec][0xe9][0xd0][0x87]([0xbb][0xed]![0x3][0x1b][0xbe]tD[0xf][0x9]LY[0x92][0xcf]b[0xa3][0xb4])[0xe8][0xca][0xdd][0xcb][0x1a]b[0xcd][0x1][0xc]Y[0xd6],][0xc8][0xd9]K[0x8b]K[0xf1]eg[0xe1][0xc0])[0xfc][0xf1][0x1b]@[0x9f][0xed][0x2][0xfd][0x9f]<[0xf][0xc5]~[0x85][0xf3][0x9b][0x1d][0x9c]3[0x8][0xe9][0x98]7![0x83][0xc2]R[0xc4][0xec][0x12]}q[0xf2][0xfb]D[0x1f][0x9f]?G[0xfa][0xfc]'[0xa4][0x8f][0xf][0x13]}[0xc3][0x86][0xe0][0x1d][0x87]z[0xcb][0xf4][0xe9][0xf6][0xe1][0xba]FW[0x9]\.E[0xa3][0x11][0xb8]A[0x1b][0xf0]9[0xcb]yS[0x1][0x86]u&t[0xd8][0xbd]][0xf8]L[0x6][0xc4][0xb1][0xb8][0x2]Jvd[0xd7][0xe9]>m[0xdb][0x1e]g[0xb6][0xe8][0xa2][0x97]bg-3}[0xdf][0xb1][0xa6][0xe1][0xa1][0xca]G[0xdc]R[0xdb]&[0x1a][0x4]"[0x86]<[0xca][[0xf1]1[0xdf][0xff][0xf9]R[0xee][0xd1][0x19]f[0xc0][\n]"
19:20:06.964 [main] DEBUG org.apache.http.wire -- http-outgoing-7 << "[0xbb][0xf][0xd4][0xf0]Hd[0x81][0xd0][0xec][0xc8][0x7]|[0x12][0xbf][0xaf][0x14][0xfc][0xb6][0x87][0x9e][0xe6]~Y[0xf][0xf2][0xfb][0x17][0x81][0x1f][0x1e][0x9e][0x9c]Pz[\n]"
19:20:06.965 [main] DEBUG org.apache.http.wire -- http-outgoing-7 << "[0x3][0xd9][0xb9][0x93][0xfe][0xf1]![0xc][0xe2][0xfa][\r]a[0xbf][0xaf][0x11][0xdc]J[0x8]P[0x91][0x8b]v[0xdd]_[0xe9]Y[0xe3][0xd6]*[0x99]zO9q[0xf2][0xc6][0x81][0xa3][0xe9]3[0xc7][0xe7]cA[0xf8][0xd2][0xb1]^[0xe4]zizk[0x8][0xee][0xd7]7[0xfd][0xf8][0x80]1[0xc6][0xff][0xa3]/.vl[0xd1]w[0x11][0x6][0xb0][0x9e][0xe2]v/[0xf8][0xf1][0xef][0xdb][0xe1][0xf4][0xc0][\r]?[0xf9][0xc9][0xe][0xaf][0xdf][0x1c][0xf6][0xc3]e[0xdb]R[0xe4][0x7][0xf2][0xea][0xee][0xf1][0xae]PQ"[0xda][0xfc]W.,[0xb8][0xcd]s[0xb0][0xdc]pT[0xd3][0x93][0xc7][0x1][0xd4][0x7]n[0x0][0xf2][0x9][0x0][0x0][\r][\n]"
19:20:06.965 [main] DEBUG org.apache.http.impl.conn.DefaultManagedHttpClientConnection -- http-outgoing-7: Close connection
19:20:06.965 [main] DEBUG org.apache.http.impl.execchain.MainClientExec -- Connection discarded
19:20:06.965 [main] DEBUG org.apache.http.impl.conn.PoolingHttpClientConnectionManager -- Connection released: [id: 7][route: {s}->https://dummyjson.com:443][total available: 0; route allocated: 0 of 5; total allocated: 0 of 10]
19:20:06.965 [main] DEBUG org.apache.http.impl.conn.PoolingHttpClientConnectionManager -- Connection manager is shutting down
19:20:06.965 [main] DEBUG org.apache.http.impl.conn.PoolingHttpClientConnectionManager -- Connection manager shut down
19:20:06.965 [main] DEBUG com.intuit.karate -- response time in milliseconds: 76
1 < 200
1 < Access-Control-Allow-Origin: *
1 < Content-Type: application/json; charset=utf-8
1 < Date: Sat, 02 Aug 2025 12:20:06 GMT
1 < Etag: W/"9f2-r0B6G7toPSrio42wSy/QjEyA0+A"
1 < Server: railway-edge
1 < Strict-Transport-Security: max-age=15552000; includeSubDomains
1 < Vary: Accept-Encoding
1 < X-Content-Type-Options: nosniff
1 < X-Dns-Prefetch-Control: off
1 < X-Download-Options: noopen
1 < X-Frame-Options: SAMEORIGIN
1 < X-Powered-By: Cats on Keyboards
1 < X-Railway-Edge: railway/asia-southeast1-eqsg3a
1 < X-Railway-Request-Id: l2EN7TrlSeCrcAshAQeqjw
1 < X-Ratelimit-Limit: 100
1 < X-Ratelimit-Remaining: 95
1 < X-Ratelimit-Reset: 1754137215
1 < X-Xss-Protection: 1; mode=block
1 < Transfer-Encoding: chunked
{"recipes":[{"id":3,"name":"Chocolate Chip Cookies","ingredients":["All-purpose flour","Butter, softened","Brown sugar","White sugar","Eggs","Vanilla extract","Baking soda","Salt","Chocolate chips"],"instructions":["Preheat the oven to 350°F (175°C).","In a bowl, cream together softened butter, brown sugar, and white sugar.","Beat in eggs one at a time, then stir in vanilla extract.","Combine flour, baking soda, and salt. Gradually add to the wet ingredients.","Fold in chocolate chips.","Drop rounded tablespoons of dough onto ungreased baking sheets.","Bake for 10-12 minutes or until edges are golden brown.","Allow cookies to cool on the baking sheet for a few minutes before transferring to a wire rack."],"prepTimeMinutes":15,"cookTimeMinutes":10,"servings":24,"difficulty":"Easy","cuisine":"American","caloriesPerServing":150,"tags":["Cookies","Dessert","Baking"],"userId":34,"image":"https://cdn.dummyjson.com/recipe-images/3.webp","rating":4.9,"reviewCount":13,"mealType":["Snack","Dessert"]},{"id":26,"name":"Mexican Street Corn (Elote)","ingredients":["Corn on the cob","Mayonnaise","Cotija cheese, crumbled","Chili powder","Lime wedges"],"instructions":["Grill or roast corn on the cob until kernels are charred.","Brush each cob with mayonnaise, then sprinkle with crumbled Cotija cheese and chili powder.","Serve with lime wedges for squeezing over the top.","Enjoy this delicious and flavorful Mexican Street Corn!"],"prepTimeMinutes":15,"cookTimeMinutes":15,"servings":4,"difficulty":"Easy","cuisine":"Mexican","caloriesPerServing":180,"tags":["Elote","Mexican","Street food"],"userId":93,"image":"https://cdn.dummyjson.com/recipe-images/26.webp","rating":4.6,"reviewCount":2,"mealType":["Snack","Side Dish"]},{"id":43,"name":"Mango Avocado Salsa","ingredients":["Mango, diced","Avocado, diced","Red onion, finely chopped","Cilantro, chopped","Lime juice","Salt and pepper to taste","Tortilla chips for serving"],"instructions":["In a bowl, combine diced mango, diced avocado, finely chopped red onion, and chopped cilantro.","Drizzle with fresh lime juice and season with salt and pepper. Toss gently to combine.","Serve this refreshing Mango Avocado Salsa with tortilla chips for a quick and tasty snack."],"prepTimeMinutes":10,"cookTimeMinutes":0,"servings":4,"difficulty":"Easy","cuisine":"Mexican","caloriesPerServing":90,"tags":["Mango salsa","Mexican"],"userId":30,"image":"https://cdn.dummyjson.com/recipe-images/43.webp","rating":4.1,"reviewCount":78,"mealType":["Snack","Appetizer"]}],"total":3,"skip":0,"limit":3}

19:20:06.966 [main] DEBUG com.jayway.jsonpath.internal.path.CompiledPath -- Evaluating path: $['recipes'][0]['mealType']
19:20:06.967 [main] INFO com.intuit.karate -- [print] {
  "recipes": [
    {
      "id": 3,
      "name": "Chocolate Chip Cookies",
      "ingredients": [
        "All-purpose flour",
        "Butter, softened",
        "Brown sugar",
        "White sugar",
        "Eggs",
        "Vanilla extract",
        "Baking soda",
        "Salt",
        "Chocolate chips"
      ],
      "instructions": [
        "Preheat the oven to 350°F (175°C).",
        "In a bowl, cream together softened butter, brown sugar, and white sugar.",
        "Beat in eggs one at a time, then stir in vanilla extract.",
        "Combine flour, baking soda, and salt. Gradually add to the wet ingredients.",
        "Fold in chocolate chips.",
        "Drop rounded tablespoons of dough onto ungreased baking sheets.",
        "Bake for 10-12 minutes or until edges are golden brown.",
        "Allow cookies to cool on the baking sheet for a few minutes before transferring to a wire rack."
      ],
      "prepTimeMinutes": 15,
      "cookTimeMinutes": 10,
      "servings": 24,
      "difficulty": "Easy",
      "cuisine": "American",
      "caloriesPerServing": 150,
      "tags": [
        "Cookies",
        "Dessert",
        "Baking"
      ],
      "userId": 34,
      "image": "https://cdn.dummyjson.com/recipe-images/3.webp",
      "rating": 4.9,
      "reviewCount": 13,
      "mealType": [
        "Snack",
        "Dessert"
      ]
    },
    {
      "id": 26,
      "name": "Mexican Street Corn (Elote)",
      "ingredients": [
        "Corn on the cob",
        "Mayonnaise",
        "Cotija cheese, crumbled",
        "Chili powder",
        "Lime wedges"
      ],
      "instructions": [
        "Grill or roast corn on the cob until kernels are charred.",
        "Brush each cob with mayonnaise, then sprinkle with crumbled Cotija cheese and chili powder.",
        "Serve with lime wedges for squeezing over the top.",
        "Enjoy this delicious and flavorful Mexican Street Corn!"
      ],
      "prepTimeMinutes": 15,
      "cookTimeMinutes": 15,
      "servings": 4,
      "difficulty": "Easy",
      "cuisine": "Mexican",
      "caloriesPerServing": 180,
      "tags": [
        "Elote",
        "Mexican",
        "Street food"
      ],
      "userId": 93,
      "image": "https://cdn.dummyjson.com/recipe-images/26.webp",
      "rating": 4.6,
      "reviewCount": 2,
      "mealType": [
        "Snack",
        "Side Dish"
      ]
    },
    {
      "id": 43,
      "name": "Mango Avocado Salsa",
      "ingredients": [
        "Mango, diced",
        "Avocado, diced",
        "Red onion, finely chopped",
        "Cilantro, chopped",
        "Lime juice",
        "Salt and pepper to taste",
        "Tortilla chips for serving"
      ],
      "instructions": [
        "In a bowl, combine diced mango, diced avocado, finely chopped red onion, and chopped cilantro.",
        "Drizzle with fresh lime juice and season with salt and pepper. Toss gently to combine.",
        "Serve this refreshing Mango Avocado Salsa with tortilla chips for a quick and tasty snack."
      ],
      "prepTimeMinutes": 10,
      "cookTimeMinutes": 0,
      "servings": 4,
      "difficulty": "Easy",
      "cuisine": "Mexican",
      "caloriesPerServing": 90,
      "tags": [
        "Mango salsa",
        "Mexican"
      ],
      "userId": 30,
      "image": "https://cdn.dummyjson.com/recipe-images/43.webp",
      "rating": 4.1,
      "reviewCount": 78,
      "mealType": [
        "Snack",
        "Appetizer"
      ]
    }
  ],
  "total": 3,
  "skip": 0,
  "limit": 3
}
 
]]></system-out>
  </testcase>
  <testcase name="[9:75] Add New Recipe" classname="dummyjson/Recipes" time="0.103">
    <system-out><![CDATA[19:20:06.972 [main] DEBUG com.jayway.jsonpath.internal.path.CompiledPath -- Evaluating path: $
19:20:06.990 [main] DEBUG io.netty.util.internal.logging.InternalLoggerFactory -- Using SLF4J as the default logging framework
19:20:06.991 [main] DEBUG io.netty.util.internal.PlatformDependent0 -- -Dio.netty.noUnsafe: false
19:20:06.991 [main] DEBUG io.netty.util.internal.PlatformDependent0 -- Java version: 21
19:20:06.992 [main] DEBUG io.netty.util.internal.PlatformDependent0 -- sun.misc.Unsafe.theUnsafe: available
19:20:06.992 [main] DEBUG io.netty.util.internal.PlatformDependent0 -- sun.misc.Unsafe.copyMemory: available
19:20:06.992 [main] DEBUG io.netty.util.internal.PlatformDependent0 -- sun.misc.Unsafe.storeFence: available
19:20:06.993 [main] DEBUG io.netty.util.internal.PlatformDependent0 -- java.nio.Buffer.address: available
19:20:06.993 [main] DEBUG io.netty.util.internal.PlatformDependent0 -- direct buffer constructor: unavailable: Reflective setAccessible(true) disabled
19:20:06.993 [main] DEBUG io.netty.util.internal.PlatformDependent0 -- java.nio.Bits.unaligned: available, true
19:20:06.994 [main] DEBUG io.netty.util.internal.PlatformDependent0 -- jdk.internal.misc.Unsafe.allocateUninitializedArray(int): unavailable: class io.netty.util.internal.PlatformDependent0$7 cannot access class jdk.internal.misc.Unsafe (in module java.base) because module java.base does not export jdk.internal.misc to unnamed module @1a3869f4
19:20:06.994 [main] DEBUG io.netty.util.internal.PlatformDependent0 -- java.nio.DirectByteBuffer.<init>(long, {int,long}): unavailable
19:20:06.994 [main] DEBUG io.netty.util.internal.PlatformDependent -- sun.misc.Unsafe: available
19:20:06.996 [main] DEBUG io.netty.util.internal.PlatformDependent -- maxDirectMemory: 2147483648 bytes (maybe)
19:20:06.996 [main] DEBUG io.netty.util.internal.PlatformDependent -- -Dio.netty.tmpdir: /var/folders/9n/qdd87m_d27v106zr8rs1f1b00000gn/T (java.io.tmpdir)
19:20:06.996 [main] DEBUG io.netty.util.internal.PlatformDependent -- -Dio.netty.bitMode: 64 (sun.arch.data.model)
19:20:06.996 [main] DEBUG io.netty.util.internal.PlatformDependent -- Platform: MacOS
19:20:06.996 [main] DEBUG io.netty.util.internal.PlatformDependent -- -Dio.netty.maxDirectMemory: -1 bytes
19:20:06.996 [main] DEBUG io.netty.util.internal.PlatformDependent -- -Dio.netty.uninitializedArrayAllocationThreshold: -1
19:20:06.997 [main] DEBUG io.netty.util.internal.CleanerJava9 -- java.nio.ByteBuffer.cleaner(): available
19:20:06.997 [main] DEBUG io.netty.util.internal.PlatformDependent -- -Dio.netty.noPreferDirect: false
19:20:07.000 [main] DEBUG org.apache.http.client.protocol.RequestAddCookies -- CookieSpec selected: karate
19:20:07.000 [main] DEBUG org.apache.http.client.protocol.RequestAuthCache -- Auth cache not set in the context
19:20:07.000 [main] DEBUG com.intuit.karate -- request:
1 > POST https://dummyjson.com/recipes/add
1 > Content-Type: application/json; charset=UTF-8
1 > Content-Length: 180
1 > Host: dummyjson.com
1 > Connection: Keep-Alive
1 > User-Agent: Apache-HttpClient/4.5.14 (Java/21.0.8)
1 > Accept-Encoding: gzip,deflate
{"name":"Tasty Pizza","ingredients":["Dough","Cheese"],"instructions":["Mix","Bake"],"prepTimeMinutes":10,"cookTimeMinutes":20,"servings":2,"difficulty":"Easy","cuisine":"Italian"}

19:20:07.001 [main] DEBUG org.apache.http.impl.conn.PoolingHttpClientConnectionManager -- Connection request: [route: {s}->https://dummyjson.com:443][total available: 0; route allocated: 0 of 5; total allocated: 0 of 10]
19:20:07.001 [main] DEBUG org.apache.http.impl.conn.PoolingHttpClientConnectionManager -- Connection leased: [id: 8][route: {s}->https://dummyjson.com:443][total available: 0; route allocated: 1 of 5; total allocated: 1 of 10]
19:20:07.001 [main] DEBUG org.apache.http.impl.execchain.MainClientExec -- Opening connection {s}->https://dummyjson.com:443
19:20:07.001 [main] DEBUG org.apache.http.impl.conn.DefaultHttpClientConnectionOperator -- Connecting to dummyjson.com/66.33.22.3:443
19:20:07.001 [main] DEBUG org.apache.http.conn.ssl.SSLConnectionSocketFactory -- Connecting socket to dummyjson.com/66.33.22.3:443 with timeout 30000
19:20:07.023 [main] DEBUG org.apache.http.conn.ssl.SSLConnectionSocketFactory -- Enabled protocols: [TLSv1.3, TLSv1.2]
19:20:07.023 [main] DEBUG org.apache.http.conn.ssl.SSLConnectionSocketFactory -- Enabled cipher suites:[TLS_AES_256_GCM_SHA384, TLS_AES_128_GCM_SHA256, TLS_CHACHA20_POLY1305_SHA256, TLS_ECDHE_ECDSA_WITH_AES_256_GCM_SHA384, TLS_ECDHE_ECDSA_WITH_AES_128_GCM_SHA256, TLS_ECDHE_ECDSA_WITH_CHACHA20_POLY1305_SHA256, TLS_ECDHE_RSA_WITH_AES_256_GCM_SHA384, TLS_ECDHE_RSA_WITH_CHACHA20_POLY1305_SHA256, TLS_ECDHE_RSA_WITH_AES_128_GCM_SHA256, TLS_DHE_RSA_WITH_AES_256_GCM_SHA384, TLS_DHE_RSA_WITH_CHACHA20_POLY1305_SHA256, TLS_DHE_DSS_WITH_AES_256_GCM_SHA384, TLS_DHE_RSA_WITH_AES_128_GCM_SHA256, TLS_DHE_DSS_WITH_AES_128_GCM_SHA256, TLS_ECDHE_ECDSA_WITH_AES_256_CBC_SHA384, TLS_ECDHE_RSA_WITH_AES_256_CBC_SHA384, TLS_ECDHE_ECDSA_WITH_AES_128_CBC_SHA256, TLS_ECDHE_RSA_WITH_AES_128_CBC_SHA256, TLS_DHE_RSA_WITH_AES_256_CBC_SHA256, TLS_DHE_DSS_WITH_AES_256_CBC_SHA256, TLS_DHE_RSA_WITH_AES_128_CBC_SHA256, TLS_DHE_DSS_WITH_AES_128_CBC_SHA256, TLS_ECDHE_ECDSA_WITH_AES_256_CBC_SHA, TLS_ECDHE_RSA_WITH_AES_256_CBC_SHA, TLS_ECDHE_ECDSA_WITH_AES_128_CBC_SHA, TLS_ECDHE_RSA_WITH_AES_128_CBC_SHA, TLS_DHE_RSA_WITH_AES_256_CBC_SHA, TLS_DHE_DSS_WITH_AES_256_CBC_SHA, TLS_DHE_RSA_WITH_AES_128_CBC_SHA, TLS_DHE_DSS_WITH_AES_128_CBC_SHA, TLS_RSA_WITH_AES_256_GCM_SHA384, TLS_RSA_WITH_AES_128_GCM_SHA256, TLS_RSA_WITH_AES_256_CBC_SHA256, TLS_RSA_WITH_AES_128_CBC_SHA256, TLS_RSA_WITH_AES_256_CBC_SHA, TLS_RSA_WITH_AES_128_CBC_SHA, TLS_EMPTY_RENEGOTIATION_INFO_SCSV]
19:20:07.023 [main] DEBUG org.apache.http.conn.ssl.SSLConnectionSocketFactory -- Starting handshake
19:20:07.044 [main] DEBUG org.apache.http.conn.ssl.SSLConnectionSocketFactory -- Secure session established
19:20:07.044 [main] DEBUG org.apache.http.conn.ssl.SSLConnectionSocketFactory --  negotiated protocol: TLSv1.3
19:20:07.044 [main] DEBUG org.apache.http.conn.ssl.SSLConnectionSocketFactory --  negotiated cipher suite: TLS_AES_128_GCM_SHA256
19:20:07.044 [main] DEBUG org.apache.http.conn.ssl.SSLConnectionSocketFactory --  peer principal: CN=dummyjson.com
19:20:07.044 [main] DEBUG org.apache.http.conn.ssl.SSLConnectionSocketFactory --  peer alternative names: [dummyjson.com]
19:20:07.044 [main] DEBUG org.apache.http.conn.ssl.SSLConnectionSocketFactory --  issuer principal: CN=R11, O=Let's Encrypt, C=US
19:20:07.045 [main] DEBUG org.apache.http.impl.conn.DefaultHttpClientConnectionOperator -- Connection established 192.168.1.4:55052<->66.33.22.3:443
19:20:07.045 [main] DEBUG org.apache.http.impl.conn.DefaultManagedHttpClientConnection -- http-outgoing-8: set socket timeout to 30000
19:20:07.045 [main] DEBUG org.apache.http.impl.execchain.MainClientExec -- Executing request POST /recipes/add HTTP/1.1
19:20:07.045 [main] DEBUG org.apache.http.impl.execchain.MainClientExec -- Target auth state: UNCHALLENGED
19:20:07.045 [main] DEBUG org.apache.http.impl.execchain.MainClientExec -- Proxy auth state: UNCHALLENGED
19:20:07.045 [main] DEBUG org.apache.http.headers -- http-outgoing-8 >> POST /recipes/add HTTP/1.1
19:20:07.045 [main] DEBUG org.apache.http.headers -- http-outgoing-8 >> Content-Type: application/json; charset=UTF-8
19:20:07.045 [main] DEBUG org.apache.http.headers -- http-outgoing-8 >> Content-Length: 180
19:20:07.045 [main] DEBUG org.apache.http.headers -- http-outgoing-8 >> Host: dummyjson.com
19:20:07.045 [main] DEBUG org.apache.http.headers -- http-outgoing-8 >> Connection: Keep-Alive
19:20:07.045 [main] DEBUG org.apache.http.headers -- http-outgoing-8 >> User-Agent: Apache-HttpClient/4.5.14 (Java/21.0.8)
19:20:07.045 [main] DEBUG org.apache.http.headers -- http-outgoing-8 >> Accept-Encoding: gzip,deflate
19:20:07.045 [main] DEBUG org.apache.http.wire -- http-outgoing-8 >> "POST /recipes/add HTTP/1.1[\r][\n]"
19:20:07.045 [main] DEBUG org.apache.http.wire -- http-outgoing-8 >> "Content-Type: application/json; charset=UTF-8[\r][\n]"
19:20:07.045 [main] DEBUG org.apache.http.wire -- http-outgoing-8 >> "Content-Length: 180[\r][\n]"
19:20:07.045 [main] DEBUG org.apache.http.wire -- http-outgoing-8 >> "Host: dummyjson.com[\r][\n]"
19:20:07.045 [main] DEBUG org.apache.http.wire -- http-outgoing-8 >> "Connection: Keep-Alive[\r][\n]"
19:20:07.045 [main] DEBUG org.apache.http.wire -- http-outgoing-8 >> "User-Agent: Apache-HttpClient/4.5.14 (Java/21.0.8)[\r][\n]"
19:20:07.045 [main] DEBUG org.apache.http.wire -- http-outgoing-8 >> "Accept-Encoding: gzip,deflate[\r][\n]"
19:20:07.045 [main] DEBUG org.apache.http.wire -- http-outgoing-8 >> "[\r][\n]"
19:20:07.045 [main] DEBUG org.apache.http.wire -- http-outgoing-8 >> "{"name":"Tasty Pizza","ingredients":["Dough","Cheese"],"instructions":["Mix","Bake"],"prepTimeMinutes":10,"cookTimeMinutes":20,"servings":2,"difficulty":"Easy","cuisine":"Italian"}"
19:20:07.068 [main] DEBUG org.apache.http.wire -- http-outgoing-8 << "HTTP/1.1 200 OK[\r][\n]"
19:20:07.068 [main] DEBUG org.apache.http.wire -- http-outgoing-8 << "Access-Control-Allow-Origin: *[\r][\n]"
19:20:07.068 [main] DEBUG org.apache.http.wire -- http-outgoing-8 << "Content-Length: 188[\r][\n]"
19:20:07.068 [main] DEBUG org.apache.http.wire -- http-outgoing-8 << "Content-Type: application/json; charset=utf-8[\r][\n]"
19:20:07.068 [main] DEBUG org.apache.http.wire -- http-outgoing-8 << "Date: Sat, 02 Aug 2025 12:20:07 GMT[\r][\n]"
19:20:07.068 [main] DEBUG org.apache.http.wire -- http-outgoing-8 << "Etag: W/"bc-F5Qzwp0gveCdtF3AMl5JtnD7Ml8"[\r][\n]"
19:20:07.068 [main] DEBUG org.apache.http.wire -- http-outgoing-8 << "Server: railway-edge[\r][\n]"
19:20:07.068 [main] DEBUG org.apache.http.wire -- http-outgoing-8 << "Strict-Transport-Security: max-age=15552000; includeSubDomains[\r][\n]"
19:20:07.068 [main] DEBUG org.apache.http.wire -- http-outgoing-8 << "Vary: Accept-Encoding[\r][\n]"
19:20:07.068 [main] DEBUG org.apache.http.wire -- http-outgoing-8 << "X-Content-Type-Options: nosniff[\r][\n]"
19:20:07.068 [main] DEBUG org.apache.http.wire -- http-outgoing-8 << "X-Dns-Prefetch-Control: off[\r][\n]"
19:20:07.068 [main] DEBUG org.apache.http.wire -- http-outgoing-8 << "X-Download-Options: noopen[\r][\n]"
19:20:07.068 [main] DEBUG org.apache.http.wire -- http-outgoing-8 << "X-Frame-Options: SAMEORIGIN[\r][\n]"
19:20:07.068 [main] DEBUG org.apache.http.wire -- http-outgoing-8 << "X-Powered-By: Cats on Keyboards[\r][\n]"
19:20:07.068 [main] DEBUG org.apache.http.wire -- http-outgoing-8 << "X-Railway-Edge: railway/asia-southeast1-eqsg3a[\r][\n]"
19:20:07.068 [main] DEBUG org.apache.http.wire -- http-outgoing-8 << "X-Railway-Request-Id: WrVYemG1QOqHTJLDAQeqjw[\r][\n]"
19:20:07.068 [main] DEBUG org.apache.http.wire -- http-outgoing-8 << "X-Ratelimit-Limit: 100[\r][\n]"
19:20:07.068 [main] DEBUG org.apache.http.wire -- http-outgoing-8 << "X-Ratelimit-Remaining: 94[\r][\n]"
19:20:07.068 [main] DEBUG org.apache.http.wire -- http-outgoing-8 << "X-Ratelimit-Reset: 1754137215[\r][\n]"
19:20:07.068 [main] DEBUG org.apache.http.wire -- http-outgoing-8 << "X-Xss-Protection: 1; mode=block[\r][\n]"
19:20:07.068 [main] DEBUG org.apache.http.wire -- http-outgoing-8 << "[\r][\n]"
19:20:07.068 [main] DEBUG org.apache.http.wire -- http-outgoing-8 << "{"id":51,"name":"Tasty Pizza","ingredients":["Dough","Cheese"],"instructions":["Mix","Bake"],"prepTimeMinutes":10,"cookTimeMinutes":20,"servings":2,"difficulty":"Easy","cuisine":"Italian"}"
19:20:07.068 [main] DEBUG org.apache.http.headers -- http-outgoing-8 << HTTP/1.1 200 OK
19:20:07.068 [main] DEBUG org.apache.http.headers -- http-outgoing-8 << Access-Control-Allow-Origin: *
19:20:07.068 [main] DEBUG org.apache.http.headers -- http-outgoing-8 << Content-Length: 188
19:20:07.068 [main] DEBUG org.apache.http.headers -- http-outgoing-8 << Content-Type: application/json; charset=utf-8
19:20:07.068 [main] DEBUG org.apache.http.headers -- http-outgoing-8 << Date: Sat, 02 Aug 2025 12:20:07 GMT
19:20:07.068 [main] DEBUG org.apache.http.headers -- http-outgoing-8 << Etag: W/"bc-F5Qzwp0gveCdtF3AMl5JtnD7Ml8"
19:20:07.068 [main] DEBUG org.apache.http.headers -- http-outgoing-8 << Server: railway-edge
19:20:07.068 [main] DEBUG org.apache.http.headers -- http-outgoing-8 << Strict-Transport-Security: max-age=15552000; includeSubDomains
19:20:07.068 [main] DEBUG org.apache.http.headers -- http-outgoing-8 << Vary: Accept-Encoding
19:20:07.068 [main] DEBUG org.apache.http.headers -- http-outgoing-8 << X-Content-Type-Options: nosniff
19:20:07.068 [main] DEBUG org.apache.http.headers -- http-outgoing-8 << X-Dns-Prefetch-Control: off
19:20:07.068 [main] DEBUG org.apache.http.headers -- http-outgoing-8 << X-Download-Options: noopen
19:20:07.068 [main] DEBUG org.apache.http.headers -- http-outgoing-8 << X-Frame-Options: SAMEORIGIN
19:20:07.068 [main] DEBUG org.apache.http.headers -- http-outgoing-8 << X-Powered-By: Cats on Keyboards
19:20:07.068 [main] DEBUG org.apache.http.headers -- http-outgoing-8 << X-Railway-Edge: railway/asia-southeast1-eqsg3a
19:20:07.068 [main] DEBUG org.apache.http.headers -- http-outgoing-8 << X-Railway-Request-Id: WrVYemG1QOqHTJLDAQeqjw
19:20:07.068 [main] DEBUG org.apache.http.headers -- http-outgoing-8 << X-Ratelimit-Limit: 100
19:20:07.068 [main] DEBUG org.apache.http.headers -- http-outgoing-8 << X-Ratelimit-Remaining: 94
19:20:07.068 [main] DEBUG org.apache.http.headers -- http-outgoing-8 << X-Ratelimit-Reset: 1754137215
19:20:07.068 [main] DEBUG org.apache.http.headers -- http-outgoing-8 << X-Xss-Protection: 1; mode=block
19:20:07.068 [main] DEBUG org.apache.http.impl.execchain.MainClientExec -- Connection can be kept alive indefinitely
19:20:07.068 [main] DEBUG org.apache.http.impl.conn.PoolingHttpClientConnectionManager -- Connection [id: 8][route: {s}->https://dummyjson.com:443] can be kept alive indefinitely
19:20:07.068 [main] DEBUG org.apache.http.impl.conn.DefaultManagedHttpClientConnection -- http-outgoing-8: set socket timeout to 0
19:20:07.068 [main] DEBUG org.apache.http.impl.conn.PoolingHttpClientConnectionManager -- Connection released: [id: 8][route: {s}->https://dummyjson.com:443][total available: 1; route allocated: 1 of 5; total allocated: 1 of 10]
19:20:07.068 [main] DEBUG org.apache.http.impl.conn.PoolingHttpClientConnectionManager -- Connection manager is shutting down
19:20:07.068 [main] DEBUG org.apache.http.impl.conn.DefaultManagedHttpClientConnection -- http-outgoing-8: Close connection
19:20:07.069 [main] DEBUG org.apache.http.impl.conn.PoolingHttpClientConnectionManager -- Connection manager shut down
19:20:07.069 [main] DEBUG com.intuit.karate -- response time in milliseconds: 68
1 < 200
1 < Access-Control-Allow-Origin: *
1 < Content-Length: 188
1 < Content-Type: application/json; charset=utf-8
1 < Date: Sat, 02 Aug 2025 12:20:07 GMT
1 < Etag: W/"bc-F5Qzwp0gveCdtF3AMl5JtnD7Ml8"
1 < Server: railway-edge
1 < Strict-Transport-Security: max-age=15552000; includeSubDomains
1 < Vary: Accept-Encoding
1 < X-Content-Type-Options: nosniff
1 < X-Dns-Prefetch-Control: off
1 < X-Download-Options: noopen
1 < X-Frame-Options: SAMEORIGIN
1 < X-Powered-By: Cats on Keyboards
1 < X-Railway-Edge: railway/asia-southeast1-eqsg3a
1 < X-Railway-Request-Id: WrVYemG1QOqHTJLDAQeqjw
1 < X-Ratelimit-Limit: 100
1 < X-Ratelimit-Remaining: 94
1 < X-Ratelimit-Reset: 1754137215
1 < X-Xss-Protection: 1; mode=block
{"id":51,"name":"Tasty Pizza","ingredients":["Dough","Cheese"],"instructions":["Mix","Bake"],"prepTimeMinutes":10,"cookTimeMinutes":20,"servings":2,"difficulty":"Easy","cuisine":"Italian"}

19:20:07.070 [main] DEBUG com.jayway.jsonpath.internal.path.CompiledPath -- Evaluating path: $['id']
19:20:07.070 [main] DEBUG com.jayway.jsonpath.internal.path.CompiledPath -- Evaluating path: $['name']
19:20:07.071 [main] INFO com.intuit.karate -- [print] {
  "id": 51,
  "name": "Tasty Pizza",
  "ingredients": [
    "Dough",
    "Cheese"
  ],
  "instructions": [
    "Mix",
    "Bake"
  ],
  "prepTimeMinutes": 10,
  "cookTimeMinutes": 20,
  "servings": 2,
  "difficulty": "Easy",
  "cuisine": "Italian"
}
 
]]></system-out>
  </testcase>
  <testcase name="[10:96] Update Recipe" classname="dummyjson/Recipes" time="0.086">
    <system-out><![CDATA[19:20:07.076 [main] DEBUG com.jayway.jsonpath.internal.path.CompiledPath -- Evaluating path: $
19:20:07.077 [main] DEBUG org.apache.http.client.protocol.RequestAddCookies -- CookieSpec selected: karate
19:20:07.077 [main] DEBUG org.apache.http.client.protocol.RequestAuthCache -- Auth cache not set in the context
19:20:07.077 [main] DEBUG com.intuit.karate -- request:
1 > PUT https://dummyjson.com/recipes/1
1 > Content-Type: application/json; charset=UTF-8
1 > Content-Length: 22
1 > Host: dummyjson.com
1 > Connection: Keep-Alive
1 > User-Agent: Apache-HttpClient/4.5.14 (Java/21.0.8)
1 > Accept-Encoding: gzip,deflate
{"name":"Tasty Pizza"}

19:20:07.077 [main] DEBUG org.apache.http.impl.conn.PoolingHttpClientConnectionManager -- Connection request: [route: {s}->https://dummyjson.com:443][total available: 0; route allocated: 0 of 5; total allocated: 0 of 10]
19:20:07.077 [main] DEBUG org.apache.http.impl.conn.PoolingHttpClientConnectionManager -- Connection leased: [id: 9][route: {s}->https://dummyjson.com:443][total available: 0; route allocated: 1 of 5; total allocated: 1 of 10]
19:20:07.077 [main] DEBUG org.apache.http.impl.execchain.MainClientExec -- Opening connection {s}->https://dummyjson.com:443
19:20:07.077 [main] DEBUG org.apache.http.impl.conn.DefaultHttpClientConnectionOperator -- Connecting to dummyjson.com/66.33.22.3:443
19:20:07.077 [main] DEBUG org.apache.http.conn.ssl.SSLConnectionSocketFactory -- Connecting socket to dummyjson.com/66.33.22.3:443 with timeout 30000
19:20:07.096 [main] DEBUG org.apache.http.conn.ssl.SSLConnectionSocketFactory -- Enabled protocols: [TLSv1.3, TLSv1.2]
19:20:07.096 [main] DEBUG org.apache.http.conn.ssl.SSLConnectionSocketFactory -- Enabled cipher suites:[TLS_AES_256_GCM_SHA384, TLS_AES_128_GCM_SHA256, TLS_CHACHA20_POLY1305_SHA256, TLS_ECDHE_ECDSA_WITH_AES_256_GCM_SHA384, TLS_ECDHE_ECDSA_WITH_AES_128_GCM_SHA256, TLS_ECDHE_ECDSA_WITH_CHACHA20_POLY1305_SHA256, TLS_ECDHE_RSA_WITH_AES_256_GCM_SHA384, TLS_ECDHE_RSA_WITH_CHACHA20_POLY1305_SHA256, TLS_ECDHE_RSA_WITH_AES_128_GCM_SHA256, TLS_DHE_RSA_WITH_AES_256_GCM_SHA384, TLS_DHE_RSA_WITH_CHACHA20_POLY1305_SHA256, TLS_DHE_DSS_WITH_AES_256_GCM_SHA384, TLS_DHE_RSA_WITH_AES_128_GCM_SHA256, TLS_DHE_DSS_WITH_AES_128_GCM_SHA256, TLS_ECDHE_ECDSA_WITH_AES_256_CBC_SHA384, TLS_ECDHE_RSA_WITH_AES_256_CBC_SHA384, TLS_ECDHE_ECDSA_WITH_AES_128_CBC_SHA256, TLS_ECDHE_RSA_WITH_AES_128_CBC_SHA256, TLS_DHE_RSA_WITH_AES_256_CBC_SHA256, TLS_DHE_DSS_WITH_AES_256_CBC_SHA256, TLS_DHE_RSA_WITH_AES_128_CBC_SHA256, TLS_DHE_DSS_WITH_AES_128_CBC_SHA256, TLS_ECDHE_ECDSA_WITH_AES_256_CBC_SHA, TLS_ECDHE_RSA_WITH_AES_256_CBC_SHA, TLS_ECDHE_ECDSA_WITH_AES_128_CBC_SHA, TLS_ECDHE_RSA_WITH_AES_128_CBC_SHA, TLS_DHE_RSA_WITH_AES_256_CBC_SHA, TLS_DHE_DSS_WITH_AES_256_CBC_SHA, TLS_DHE_RSA_WITH_AES_128_CBC_SHA, TLS_DHE_DSS_WITH_AES_128_CBC_SHA, TLS_RSA_WITH_AES_256_GCM_SHA384, TLS_RSA_WITH_AES_128_GCM_SHA256, TLS_RSA_WITH_AES_256_CBC_SHA256, TLS_RSA_WITH_AES_128_CBC_SHA256, TLS_RSA_WITH_AES_256_CBC_SHA, TLS_RSA_WITH_AES_128_CBC_SHA, TLS_EMPTY_RENEGOTIATION_INFO_SCSV]
19:20:07.096 [main] DEBUG org.apache.http.conn.ssl.SSLConnectionSocketFactory -- Starting handshake
19:20:07.124 [main] DEBUG org.apache.http.conn.ssl.SSLConnectionSocketFactory -- Secure session established
19:20:07.124 [main] DEBUG org.apache.http.conn.ssl.SSLConnectionSocketFactory --  negotiated protocol: TLSv1.3
19:20:07.124 [main] DEBUG org.apache.http.conn.ssl.SSLConnectionSocketFactory --  negotiated cipher suite: TLS_AES_128_GCM_SHA256
19:20:07.124 [main] DEBUG org.apache.http.conn.ssl.SSLConnectionSocketFactory --  peer principal: CN=dummyjson.com
19:20:07.124 [main] DEBUG org.apache.http.conn.ssl.SSLConnectionSocketFactory --  peer alternative names: [dummyjson.com]
19:20:07.124 [main] DEBUG org.apache.http.conn.ssl.SSLConnectionSocketFactory --  issuer principal: CN=R11, O=Let's Encrypt, C=US
19:20:07.124 [main] DEBUG org.apache.http.impl.conn.DefaultHttpClientConnectionOperator -- Connection established 192.168.1.4:55053<->66.33.22.3:443
19:20:07.124 [main] DEBUG org.apache.http.impl.conn.DefaultManagedHttpClientConnection -- http-outgoing-9: set socket timeout to 30000
19:20:07.124 [main] DEBUG org.apache.http.impl.execchain.MainClientExec -- Executing request PUT /recipes/1 HTTP/1.1
19:20:07.124 [main] DEBUG org.apache.http.impl.execchain.MainClientExec -- Target auth state: UNCHALLENGED
19:20:07.124 [main] DEBUG org.apache.http.impl.execchain.MainClientExec -- Proxy auth state: UNCHALLENGED
19:20:07.124 [main] DEBUG org.apache.http.headers -- http-outgoing-9 >> PUT /recipes/1 HTTP/1.1
19:20:07.124 [main] DEBUG org.apache.http.headers -- http-outgoing-9 >> Content-Type: application/json; charset=UTF-8
19:20:07.124 [main] DEBUG org.apache.http.headers -- http-outgoing-9 >> Content-Length: 22
19:20:07.124 [main] DEBUG org.apache.http.headers -- http-outgoing-9 >> Host: dummyjson.com
19:20:07.124 [main] DEBUG org.apache.http.headers -- http-outgoing-9 >> Connection: Keep-Alive
19:20:07.124 [main] DEBUG org.apache.http.headers -- http-outgoing-9 >> User-Agent: Apache-HttpClient/4.5.14 (Java/21.0.8)
19:20:07.124 [main] DEBUG org.apache.http.headers -- http-outgoing-9 >> Accept-Encoding: gzip,deflate
19:20:07.124 [main] DEBUG org.apache.http.wire -- http-outgoing-9 >> "PUT /recipes/1 HTTP/1.1[\r][\n]"
19:20:07.124 [main] DEBUG org.apache.http.wire -- http-outgoing-9 >> "Content-Type: application/json; charset=UTF-8[\r][\n]"
19:20:07.124 [main] DEBUG org.apache.http.wire -- http-outgoing-9 >> "Content-Length: 22[\r][\n]"
19:20:07.124 [main] DEBUG org.apache.http.wire -- http-outgoing-9 >> "Host: dummyjson.com[\r][\n]"
19:20:07.124 [main] DEBUG org.apache.http.wire -- http-outgoing-9 >> "Connection: Keep-Alive[\r][\n]"
19:20:07.124 [main] DEBUG org.apache.http.wire -- http-outgoing-9 >> "User-Agent: Apache-HttpClient/4.5.14 (Java/21.0.8)[\r][\n]"
19:20:07.124 [main] DEBUG org.apache.http.wire -- http-outgoing-9 >> "Accept-Encoding: gzip,deflate[\r][\n]"
19:20:07.124 [main] DEBUG org.apache.http.wire -- http-outgoing-9 >> "[\r][\n]"
19:20:07.124 [main] DEBUG org.apache.http.wire -- http-outgoing-9 >> "{"name":"Tasty Pizza"}"
19:20:07.155 [main] DEBUG org.apache.http.wire -- http-outgoing-9 << "HTTP/1.1 200 OK[\r][\n]"
19:20:07.155 [main] DEBUG org.apache.http.wire -- http-outgoing-9 << "Access-Control-Allow-Origin: *[\r][\n]"
19:20:07.155 [main] DEBUG org.apache.http.wire -- http-outgoing-9 << "Content-Length: 770[\r][\n]"
19:20:07.155 [main] DEBUG org.apache.http.wire -- http-outgoing-9 << "Content-Type: application/json; charset=utf-8[\r][\n]"
19:20:07.155 [main] DEBUG org.apache.http.wire -- http-outgoing-9 << "Date: Sat, 02 Aug 2025 12:20:07 GMT[\r][\n]"
19:20:07.155 [main] DEBUG org.apache.http.wire -- http-outgoing-9 << "Etag: W/"302-XkmTRI1O3wdODZKK7UP5bNEEbA0"[\r][\n]"
19:20:07.155 [main] DEBUG org.apache.http.wire -- http-outgoing-9 << "Server: railway-edge[\r][\n]"
19:20:07.155 [main] DEBUG org.apache.http.wire -- http-outgoing-9 << "Strict-Transport-Security: max-age=15552000; includeSubDomains[\r][\n]"
19:20:07.155 [main] DEBUG org.apache.http.wire -- http-outgoing-9 << "Vary: Accept-Encoding[\r][\n]"
19:20:07.155 [main] DEBUG org.apache.http.wire -- http-outgoing-9 << "X-Content-Type-Options: nosniff[\r][\n]"
19:20:07.155 [main] DEBUG org.apache.http.wire -- http-outgoing-9 << "X-Dns-Prefetch-Control: off[\r][\n]"
19:20:07.155 [main] DEBUG org.apache.http.wire -- http-outgoing-9 << "X-Download-Options: noopen[\r][\n]"
19:20:07.155 [main] DEBUG org.apache.http.wire -- http-outgoing-9 << "X-Frame-Options: SAMEORIGIN[\r][\n]"
19:20:07.155 [main] DEBUG org.apache.http.wire -- http-outgoing-9 << "X-Powered-By: Cats on Keyboards[\r][\n]"
19:20:07.155 [main] DEBUG org.apache.http.wire -- http-outgoing-9 << "X-Railway-Edge: railway/asia-southeast1-eqsg3a[\r][\n]"
19:20:07.155 [main] DEBUG org.apache.http.wire -- http-outgoing-9 << "X-Railway-Request-Id: Wj_jWFuUQJuOUQ1PDcO5xA[\r][\n]"
19:20:07.155 [main] DEBUG org.apache.http.wire -- http-outgoing-9 << "X-Ratelimit-Limit: 100[\r][\n]"
19:20:07.155 [main] DEBUG org.apache.http.wire -- http-outgoing-9 << "X-Ratelimit-Remaining: 96[\r][\n]"
19:20:07.155 [main] DEBUG org.apache.http.wire -- http-outgoing-9 << "X-Ratelimit-Reset: 1754137216[\r][\n]"
19:20:07.155 [main] DEBUG org.apache.http.wire -- http-outgoing-9 << "X-Xss-Protection: 1; mode=block[\r][\n]"
19:20:07.155 [main] DEBUG org.apache.http.wire -- http-outgoing-9 << "[\r][\n]"
19:20:07.155 [main] DEBUG org.apache.http.wire -- http-outgoing-9 << "{"id":1,"name":"Tasty Pizza","ingredients":["Pizza dough","Tomato sauce","Fresh mozzarella cheese","Fresh basil leaves","Olive oil","Salt and pepper to taste"],"instructions":["Preheat the oven to 475[0xc2][0xb0]F (245[0xc2][0xb0]C).","Roll out the pizza dough and spread tomato sauce evenly.","Top with slices of fresh mozzarella and fresh basil leaves.","Drizzle with olive oil and season with salt and pepper.","Bake in the preheated oven for 12-15 minutes or until the crust is golden brown.","Slice and serve hot."],"prepTimeMinutes"
19:20:07.155 [main] DEBUG org.apache.http.headers -- http-outgoing-9 << HTTP/1.1 200 OK
19:20:07.155 [main] DEBUG org.apache.http.headers -- http-outgoing-9 << Access-Control-Allow-Origin: *
19:20:07.155 [main] DEBUG org.apache.http.headers -- http-outgoing-9 << Content-Length: 770
19:20:07.155 [main] DEBUG org.apache.http.headers -- http-outgoing-9 << Content-Type: application/json; charset=utf-8
19:20:07.155 [main] DEBUG org.apache.http.headers -- http-outgoing-9 << Date: Sat, 02 Aug 2025 12:20:07 GMT
19:20:07.155 [main] DEBUG org.apache.http.headers -- http-outgoing-9 << Etag: W/"302-XkmTRI1O3wdODZKK7UP5bNEEbA0"
19:20:07.155 [main] DEBUG org.apache.http.headers -- http-outgoing-9 << Server: railway-edge
19:20:07.155 [main] DEBUG org.apache.http.headers -- http-outgoing-9 << Strict-Transport-Security: max-age=15552000; includeSubDomains
19:20:07.155 [main] DEBUG org.apache.http.headers -- http-outgoing-9 << Vary: Accept-Encoding
19:20:07.155 [main] DEBUG org.apache.http.headers -- http-outgoing-9 << X-Content-Type-Options: nosniff
19:20:07.155 [main] DEBUG org.apache.http.headers -- http-outgoing-9 << X-Dns-Prefetch-Control: off
19:20:07.155 [main] DEBUG org.apache.http.headers -- http-outgoing-9 << X-Download-Options: noopen
19:20:07.155 [main] DEBUG org.apache.http.headers -- http-outgoing-9 << X-Frame-Options: SAMEORIGIN
19:20:07.155 [main] DEBUG org.apache.http.headers -- http-outgoing-9 << X-Powered-By: Cats on Keyboards
19:20:07.155 [main] DEBUG org.apache.http.headers -- http-outgoing-9 << X-Railway-Edge: railway/asia-southeast1-eqsg3a
19:20:07.155 [main] DEBUG org.apache.http.headers -- http-outgoing-9 << X-Railway-Request-Id: Wj_jWFuUQJuOUQ1PDcO5xA
19:20:07.155 [main] DEBUG org.apache.http.headers -- http-outgoing-9 << X-Ratelimit-Limit: 100
19:20:07.155 [main] DEBUG org.apache.http.headers -- http-outgoing-9 << X-Ratelimit-Remaining: 96
19:20:07.155 [main] DEBUG org.apache.http.headers -- http-outgoing-9 << X-Ratelimit-Reset: 1754137216
19:20:07.155 [main] DEBUG org.apache.http.headers -- http-outgoing-9 << X-Xss-Protection: 1; mode=block
19:20:07.155 [main] DEBUG org.apache.http.impl.execchain.MainClientExec -- Connection can be kept alive indefinitely
19:20:07.155 [main] DEBUG org.apache.http.wire -- http-outgoing-9 << "":20,"cookTimeMinutes":15,"servings":4,"difficulty":"Easy","cuisine":"Italian","caloriesPerServing":300,"tags":["Pizza","Italian"],"userId":166,"image":"https://cdn.dummyjson.com/recipe-images/1.webp","rating":4.6,"reviewCount":98,"mealType":["Dinner"]}"
19:20:07.155 [main] DEBUG org.apache.http.impl.conn.PoolingHttpClientConnectionManager -- Connection [id: 9][route: {s}->https://dummyjson.com:443] can be kept alive indefinitely
19:20:07.155 [main] DEBUG org.apache.http.impl.conn.DefaultManagedHttpClientConnection -- http-outgoing-9: set socket timeout to 0
19:20:07.155 [main] DEBUG org.apache.http.impl.conn.PoolingHttpClientConnectionManager -- Connection released: [id: 9][route: {s}->https://dummyjson.com:443][total available: 1; route allocated: 1 of 5; total allocated: 1 of 10]
19:20:07.155 [main] DEBUG org.apache.http.impl.conn.PoolingHttpClientConnectionManager -- Connection manager is shutting down
19:20:07.155 [main] DEBUG org.apache.http.impl.conn.DefaultManagedHttpClientConnection -- http-outgoing-9: Close connection
19:20:07.156 [main] DEBUG org.apache.http.impl.conn.PoolingHttpClientConnectionManager -- Connection manager shut down
19:20:07.156 [main] DEBUG com.intuit.karate -- response time in milliseconds: 78
1 < 200
1 < Access-Control-Allow-Origin: *
1 < Content-Length: 770
1 < Content-Type: application/json; charset=utf-8
1 < Date: Sat, 02 Aug 2025 12:20:07 GMT
1 < Etag: W/"302-XkmTRI1O3wdODZKK7UP5bNEEbA0"
1 < Server: railway-edge
1 < Strict-Transport-Security: max-age=15552000; includeSubDomains
1 < Vary: Accept-Encoding
1 < X-Content-Type-Options: nosniff
1 < X-Dns-Prefetch-Control: off
1 < X-Download-Options: noopen
1 < X-Frame-Options: SAMEORIGIN
1 < X-Powered-By: Cats on Keyboards
1 < X-Railway-Edge: railway/asia-southeast1-eqsg3a
1 < X-Railway-Request-Id: Wj_jWFuUQJuOUQ1PDcO5xA
1 < X-Ratelimit-Limit: 100
1 < X-Ratelimit-Remaining: 96
1 < X-Ratelimit-Reset: 1754137216
1 < X-Xss-Protection: 1; mode=block
{"id":1,"name":"Tasty Pizza","ingredients":["Pizza dough","Tomato sauce","Fresh mozzarella cheese","Fresh basil leaves","Olive oil","Salt and pepper to taste"],"instructions":["Preheat the oven to 475°F (245°C).","Roll out the pizza dough and spread tomato sauce evenly.","Top with slices of fresh mozzarella and fresh basil leaves.","Drizzle with olive oil and season with salt and pepper.","Bake in the preheated oven for 12-15 minutes or until the crust is golden brown.","Slice and serve hot."],"prepTimeMinutes":20,"cookTimeMinutes":15,"servings":4,"difficulty":"Easy","cuisine":"Italian","caloriesPerServing":300,"tags":["Pizza","Italian"],"userId":166,"image":"https://cdn.dummyjson.com/recipe-images/1.webp","rating":4.6,"reviewCount":98,"mealType":["Dinner"]}

19:20:07.157 [main] DEBUG com.jayway.jsonpath.internal.path.CompiledPath -- Evaluating path: $['id']
19:20:07.157 [main] DEBUG com.jayway.jsonpath.internal.path.CompiledPath -- Evaluating path: $['name']
19:20:07.158 [main] INFO com.intuit.karate -- [print] {
  "id": 1,
  "name": "Tasty Pizza",
  "ingredients": [
    "Pizza dough",
    "Tomato sauce",
    "Fresh mozzarella cheese",
    "Fresh basil leaves",
    "Olive oil",
    "Salt and pepper to taste"
  ],
  "instructions": [
    "Preheat the oven to 475°F (245°C).",
    "Roll out the pizza dough and spread tomato sauce evenly.",
    "Top with slices of fresh mozzarella and fresh basil leaves.",
    "Drizzle with olive oil and season with salt and pepper.",
    "Bake in the preheated oven for 12-15 minutes or until the crust is golden brown.",
    "Slice and serve hot."
  ],
  "prepTimeMinutes": 20,
  "cookTimeMinutes": 15,
  "servings": 4,
  "difficulty": "Easy",
  "cuisine": "Italian",
  "caloriesPerServing": 300,
  "tags": [
    "Pizza",
    "Italian"
  ],
  "userId": 166,
  "image": "https://cdn.dummyjson.com/recipe-images/1.webp",
  "rating": 4.6,
  "reviewCount": 98,
  "mealType": [
    "Dinner"
  ]
}
 
]]></system-out>
  </testcase>
  <testcase name="[11:105] Delete Recipe" classname="dummyjson/Recipes" time="0.809">
    <system-out><![CDATA[19:20:07.162 [main] DEBUG org.apache.http.client.protocol.RequestAddCookies -- CookieSpec selected: karate
19:20:07.162 [main] DEBUG org.apache.http.client.protocol.RequestAuthCache -- Auth cache not set in the context
19:20:07.162 [main] DEBUG com.intuit.karate -- request:
1 > DELETE https://dummyjson.com/recipes/1
1 > Host: dummyjson.com
1 > Connection: Keep-Alive
1 > User-Agent: Apache-HttpClient/4.5.14 (Java/21.0.8)
1 > Accept-Encoding: gzip,deflate


19:20:07.162 [main] DEBUG org.apache.http.impl.conn.PoolingHttpClientConnectionManager -- Connection request: [route: {s}->https://dummyjson.com:443][total available: 0; route allocated: 0 of 5; total allocated: 0 of 10]
19:20:07.162 [main] DEBUG org.apache.http.impl.conn.PoolingHttpClientConnectionManager -- Connection leased: [id: 10][route: {s}->https://dummyjson.com:443][total available: 0; route allocated: 1 of 5; total allocated: 1 of 10]
19:20:07.162 [main] DEBUG org.apache.http.impl.execchain.MainClientExec -- Opening connection {s}->https://dummyjson.com:443
19:20:07.163 [main] DEBUG org.apache.http.impl.conn.DefaultHttpClientConnectionOperator -- Connecting to dummyjson.com/66.33.22.3:443
19:20:07.163 [main] DEBUG org.apache.http.conn.ssl.SSLConnectionSocketFactory -- Connecting socket to dummyjson.com/66.33.22.3:443 with timeout 30000
19:20:07.181 [main] DEBUG org.apache.http.conn.ssl.SSLConnectionSocketFactory -- Enabled protocols: [TLSv1.3, TLSv1.2]
19:20:07.181 [main] DEBUG org.apache.http.conn.ssl.SSLConnectionSocketFactory -- Enabled cipher suites:[TLS_AES_256_GCM_SHA384, TLS_AES_128_GCM_SHA256, TLS_CHACHA20_POLY1305_SHA256, TLS_ECDHE_ECDSA_WITH_AES_256_GCM_SHA384, TLS_ECDHE_ECDSA_WITH_AES_128_GCM_SHA256, TLS_ECDHE_ECDSA_WITH_CHACHA20_POLY1305_SHA256, TLS_ECDHE_RSA_WITH_AES_256_GCM_SHA384, TLS_ECDHE_RSA_WITH_CHACHA20_POLY1305_SHA256, TLS_ECDHE_RSA_WITH_AES_128_GCM_SHA256, TLS_DHE_RSA_WITH_AES_256_GCM_SHA384, TLS_DHE_RSA_WITH_CHACHA20_POLY1305_SHA256, TLS_DHE_DSS_WITH_AES_256_GCM_SHA384, TLS_DHE_RSA_WITH_AES_128_GCM_SHA256, TLS_DHE_DSS_WITH_AES_128_GCM_SHA256, TLS_ECDHE_ECDSA_WITH_AES_256_CBC_SHA384, TLS_ECDHE_RSA_WITH_AES_256_CBC_SHA384, TLS_ECDHE_ECDSA_WITH_AES_128_CBC_SHA256, TLS_ECDHE_RSA_WITH_AES_128_CBC_SHA256, TLS_DHE_RSA_WITH_AES_256_CBC_SHA256, TLS_DHE_DSS_WITH_AES_256_CBC_SHA256, TLS_DHE_RSA_WITH_AES_128_CBC_SHA256, TLS_DHE_DSS_WITH_AES_128_CBC_SHA256, TLS_ECDHE_ECDSA_WITH_AES_256_CBC_SHA, TLS_ECDHE_RSA_WITH_AES_256_CBC_SHA, TLS_ECDHE_ECDSA_WITH_AES_128_CBC_SHA, TLS_ECDHE_RSA_WITH_AES_128_CBC_SHA, TLS_DHE_RSA_WITH_AES_256_CBC_SHA, TLS_DHE_DSS_WITH_AES_256_CBC_SHA, TLS_DHE_RSA_WITH_AES_128_CBC_SHA, TLS_DHE_DSS_WITH_AES_128_CBC_SHA, TLS_RSA_WITH_AES_256_GCM_SHA384, TLS_RSA_WITH_AES_128_GCM_SHA256, TLS_RSA_WITH_AES_256_CBC_SHA256, TLS_RSA_WITH_AES_128_CBC_SHA256, TLS_RSA_WITH_AES_256_CBC_SHA, TLS_RSA_WITH_AES_128_CBC_SHA, TLS_EMPTY_RENEGOTIATION_INFO_SCSV]
19:20:07.181 [main] DEBUG org.apache.http.conn.ssl.SSLConnectionSocketFactory -- Starting handshake
19:20:07.215 [main] DEBUG org.apache.http.conn.ssl.SSLConnectionSocketFactory -- Secure session established
19:20:07.215 [main] DEBUG org.apache.http.conn.ssl.SSLConnectionSocketFactory --  negotiated protocol: TLSv1.3
19:20:07.215 [main] DEBUG org.apache.http.conn.ssl.SSLConnectionSocketFactory --  negotiated cipher suite: TLS_AES_128_GCM_SHA256
19:20:07.215 [main] DEBUG org.apache.http.conn.ssl.SSLConnectionSocketFactory --  peer principal: CN=dummyjson.com
19:20:07.215 [main] DEBUG org.apache.http.conn.ssl.SSLConnectionSocketFactory --  peer alternative names: [dummyjson.com]
19:20:07.215 [main] DEBUG org.apache.http.conn.ssl.SSLConnectionSocketFactory --  issuer principal: CN=R11, O=Let's Encrypt, C=US
19:20:07.216 [main] DEBUG org.apache.http.impl.conn.DefaultHttpClientConnectionOperator -- Connection established 192.168.1.4:55054<->66.33.22.3:443
19:20:07.216 [main] DEBUG org.apache.http.impl.conn.DefaultManagedHttpClientConnection -- http-outgoing-10: set socket timeout to 30000
19:20:07.216 [main] DEBUG org.apache.http.impl.execchain.MainClientExec -- Executing request DELETE /recipes/1 HTTP/1.1
19:20:07.216 [main] DEBUG org.apache.http.impl.execchain.MainClientExec -- Target auth state: UNCHALLENGED
19:20:07.216 [main] DEBUG org.apache.http.impl.execchain.MainClientExec -- Proxy auth state: UNCHALLENGED
19:20:07.216 [main] DEBUG org.apache.http.headers -- http-outgoing-10 >> DELETE /recipes/1 HTTP/1.1
19:20:07.216 [main] DEBUG org.apache.http.headers -- http-outgoing-10 >> Host: dummyjson.com
19:20:07.216 [main] DEBUG org.apache.http.headers -- http-outgoing-10 >> Connection: Keep-Alive
19:20:07.216 [main] DEBUG org.apache.http.headers -- http-outgoing-10 >> User-Agent: Apache-HttpClient/4.5.14 (Java/21.0.8)
19:20:07.216 [main] DEBUG org.apache.http.headers -- http-outgoing-10 >> Accept-Encoding: gzip,deflate
19:20:07.216 [main] DEBUG org.apache.http.wire -- http-outgoing-10 >> "DELETE /recipes/1 HTTP/1.1[\r][\n]"
19:20:07.216 [main] DEBUG org.apache.http.wire -- http-outgoing-10 >> "Host: dummyjson.com[\r][\n]"
19:20:07.216 [main] DEBUG org.apache.http.wire -- http-outgoing-10 >> "Connection: Keep-Alive[\r][\n]"
19:20:07.216 [main] DEBUG org.apache.http.wire -- http-outgoing-10 >> "User-Agent: Apache-HttpClient/4.5.14 (Java/21.0.8)[\r][\n]"
19:20:07.216 [main] DEBUG org.apache.http.wire -- http-outgoing-10 >> "Accept-Encoding: gzip,deflate[\r][\n]"
19:20:07.216 [main] DEBUG org.apache.http.wire -- http-outgoing-10 >> "[\r][\n]"
19:20:07.238 [main] DEBUG org.apache.http.wire -- http-outgoing-10 << "HTTP/1.1 200 OK[\r][\n]"
19:20:07.238 [main] DEBUG org.apache.http.wire -- http-outgoing-10 << "Access-Control-Allow-Origin: *[\r][\n]"
19:20:07.238 [main] DEBUG org.apache.http.wire -- http-outgoing-10 << "Content-Length: 839[\r][\n]"
19:20:07.238 [main] DEBUG org.apache.http.wire -- http-outgoing-10 << "Content-Type: application/json; charset=utf-8[\r][\n]"
19:20:07.238 [main] DEBUG org.apache.http.wire -- http-outgoing-10 << "Date: Sat, 02 Aug 2025 12:20:07 GMT[\r][\n]"
19:20:07.238 [main] DEBUG org.apache.http.wire -- http-outgoing-10 << "Etag: W/"347-wJIS+KgaYdf3S7guPF0U10/oRto"[\r][\n]"
19:20:07.238 [main] DEBUG org.apache.http.wire -- http-outgoing-10 << "Server: railway-edge[\r][\n]"
19:20:07.238 [main] DEBUG org.apache.http.wire -- http-outgoing-10 << "Strict-Transport-Security: max-age=15552000; includeSubDomains[\r][\n]"
19:20:07.238 [main] DEBUG org.apache.http.wire -- http-outgoing-10 << "Vary: Accept-Encoding[\r][\n]"
19:20:07.238 [main] DEBUG org.apache.http.wire -- http-outgoing-10 << "X-Content-Type-Options: nosniff[\r][\n]"
19:20:07.238 [main] DEBUG org.apache.http.wire -- http-outgoing-10 << "X-Dns-Prefetch-Control: off[\r][\n]"
19:20:07.238 [main] DEBUG org.apache.http.wire -- http-outgoing-10 << "X-Download-Options: noopen[\r][\n]"
19:20:07.238 [main] DEBUG org.apache.http.wire -- http-outgoing-10 << "X-Frame-Options: SAMEORIGIN[\r][\n]"
19:20:07.238 [main] DEBUG org.apache.http.wire -- http-outgoing-10 << "X-Powered-By: Cats on Keyboards[\r][\n]"
19:20:07.238 [main] DEBUG org.apache.http.wire -- http-outgoing-10 << "X-Railway-Edge: railway/asia-southeast1-eqsg3a[\r][\n]"
19:20:07.238 [main] DEBUG org.apache.http.wire -- http-outgoing-10 << "X-Railway-Request-Id: qe0vvnLPR-OCiOy0AQeqjw[\r][\n]"
19:20:07.238 [main] DEBUG org.apache.http.wire -- http-outgoing-10 << "X-Ratelimit-Limit: 100[\r][\n]"
19:20:07.238 [main] DEBUG org.apache.http.wire -- http-outgoing-10 << "X-Ratelimit-Remaining: 93[\r][\n]"
19:20:07.238 [main] DEBUG org.apache.http.wire -- http-outgoing-10 << "X-Ratelimit-Reset: 1754137215[\r][\n]"
19:20:07.238 [main] DEBUG org.apache.http.wire -- http-outgoing-10 << "X-Xss-Protection: 1; mode=block[\r][\n]"
19:20:07.238 [main] DEBUG org.apache.http.wire -- http-outgoing-10 << "[\r][\n]"
19:20:07.238 [main] DEBUG org.apache.http.wire -- http-outgoing-10 << "{"id":1,"name":"Classic Margherita Pizza","ingredients":["Pizza dough","Tomato sauce","Fresh mozzarella cheese","Fresh basil leaves","Olive oil","Salt and pepper to taste"],"instructions":["Preheat the oven to 475[0xc2][0xb0]F (245[0xc2][0xb0]C).","Roll out the pizza dough and spread tomato sauce evenly.","Top with slices of fresh mozzarella and fresh basil leaves.","Drizzle with olive oil and season with salt and pepper.","Bake in the preheated oven for 12-15 minutes or until the crust is golden brown.","Slice and serve hot."],"pr"
19:20:07.238 [main] DEBUG org.apache.http.headers -- http-outgoing-10 << HTTP/1.1 200 OK
19:20:07.238 [main] DEBUG org.apache.http.headers -- http-outgoing-10 << Access-Control-Allow-Origin: *
19:20:07.238 [main] DEBUG org.apache.http.headers -- http-outgoing-10 << Content-Length: 839
19:20:07.238 [main] DEBUG org.apache.http.headers -- http-outgoing-10 << Content-Type: application/json; charset=utf-8
19:20:07.238 [main] DEBUG org.apache.http.headers -- http-outgoing-10 << Date: Sat, 02 Aug 2025 12:20:07 GMT
19:20:07.238 [main] DEBUG org.apache.http.headers -- http-outgoing-10 << Etag: W/"347-wJIS+KgaYdf3S7guPF0U10/oRto"
19:20:07.238 [main] DEBUG org.apache.http.headers -- http-outgoing-10 << Server: railway-edge
19:20:07.238 [main] DEBUG org.apache.http.headers -- http-outgoing-10 << Strict-Transport-Security: max-age=15552000; includeSubDomains
19:20:07.238 [main] DEBUG org.apache.http.headers -- http-outgoing-10 << Vary: Accept-Encoding
19:20:07.238 [main] DEBUG org.apache.http.headers -- http-outgoing-10 << X-Content-Type-Options: nosniff
19:20:07.238 [main] DEBUG org.apache.http.headers -- http-outgoing-10 << X-Dns-Prefetch-Control: off
19:20:07.238 [main] DEBUG org.apache.http.headers -- http-outgoing-10 << X-Download-Options: noopen
19:20:07.238 [main] DEBUG org.apache.http.headers -- http-outgoing-10 << X-Frame-Options: SAMEORIGIN
19:20:07.238 [main] DEBUG org.apache.http.headers -- http-outgoing-10 << X-Powered-By: Cats on Keyboards
19:20:07.238 [main] DEBUG org.apache.http.headers -- http-outgoing-10 << X-Railway-Edge: railway/asia-southeast1-eqsg3a
19:20:07.238 [main] DEBUG org.apache.http.headers -- http-outgoing-10 << X-Railway-Request-Id: qe0vvnLPR-OCiOy0AQeqjw
19:20:07.238 [main] DEBUG org.apache.http.headers -- http-outgoing-10 << X-Ratelimit-Limit: 100
19:20:07.238 [main] DEBUG org.apache.http.headers -- http-outgoing-10 << X-Ratelimit-Remaining: 93
19:20:07.238 [main] DEBUG org.apache.http.headers -- http-outgoing-10 << X-Ratelimit-Reset: 1754137215
19:20:07.238 [main] DEBUG org.apache.http.headers -- http-outgoing-10 << X-Xss-Protection: 1; mode=block
19:20:07.238 [main] DEBUG org.apache.http.impl.execchain.MainClientExec -- Connection can be kept alive indefinitely
19:20:07.238 [main] DEBUG org.apache.http.wire -- http-outgoing-10 << "epTimeMinutes":20,"cookTimeMinutes":15,"servings":4,"difficulty":"Easy","cuisine":"Italian","caloriesPerServing":300,"tags":["Pizza","Italian"],"userId":166,"image":"https://cdn.dummyjson.com/recipe-images/1.webp","rating":4.6,"reviewCount":98,"mealType":["Dinner"],"isDeleted":true,"deletedOn":"2025-08-02T12:20:07.242Z"}"
19:20:07.238 [main] DEBUG org.apache.http.impl.conn.PoolingHttpClientConnectionManager -- Connection [id: 10][route: {s}->https://dummyjson.com:443] can be kept alive indefinitely
19:20:07.238 [main] DEBUG org.apache.http.impl.conn.DefaultManagedHttpClientConnection -- http-outgoing-10: set socket timeout to 0
19:20:07.239 [main] DEBUG org.apache.http.impl.conn.PoolingHttpClientConnectionManager -- Connection released: [id: 10][route: {s}->https://dummyjson.com:443][total available: 1; route allocated: 1 of 5; total allocated: 1 of 10]
19:20:07.239 [main] DEBUG org.apache.http.impl.conn.PoolingHttpClientConnectionManager -- Connection manager is shutting down
19:20:07.239 [main] DEBUG org.apache.http.impl.conn.DefaultManagedHttpClientConnection -- http-outgoing-10: Close connection
19:20:07.239 [main] DEBUG org.apache.http.impl.conn.PoolingHttpClientConnectionManager -- Connection manager shut down
19:20:07.239 [main] DEBUG com.intuit.karate -- response time in milliseconds: 77
1 < 200
1 < Access-Control-Allow-Origin: *
1 < Content-Length: 839
1 < Content-Type: application/json; charset=utf-8
1 < Date: Sat, 02 Aug 2025 12:20:07 GMT
1 < Etag: W/"347-wJIS+KgaYdf3S7guPF0U10/oRto"
1 < Server: railway-edge
1 < Strict-Transport-Security: max-age=15552000; includeSubDomains
1 < Vary: Accept-Encoding
1 < X-Content-Type-Options: nosniff
1 < X-Dns-Prefetch-Control: off
1 < X-Download-Options: noopen
1 < X-Frame-Options: SAMEORIGIN
1 < X-Powered-By: Cats on Keyboards
1 < X-Railway-Edge: railway/asia-southeast1-eqsg3a
1 < X-Railway-Request-Id: qe0vvnLPR-OCiOy0AQeqjw
1 < X-Ratelimit-Limit: 100
1 < X-Ratelimit-Remaining: 93
1 < X-Ratelimit-Reset: 1754137215
1 < X-Xss-Protection: 1; mode=block
{"id":1,"name":"Classic Margherita Pizza","ingredients":["Pizza dough","Tomato sauce","Fresh mozzarella cheese","Fresh basil leaves","Olive oil","Salt and pepper to taste"],"instructions":["Preheat the oven to 475°F (245°C).","Roll out the pizza dough and spread tomato sauce evenly.","Top with slices of fresh mozzarella and fresh basil leaves.","Drizzle with olive oil and season with salt and pepper.","Bake in the preheated oven for 12-15 minutes or until the crust is golden brown.","Slice and serve hot."],"prepTimeMinutes":20,"cookTimeMinutes":15,"servings":4,"difficulty":"Easy","cuisine":"Italian","caloriesPerServing":300,"tags":["Pizza","Italian"],"userId":166,"image":"https://cdn.dummyjson.com/recipe-images/1.webp","rating":4.6,"reviewCount":98,"mealType":["Dinner"],"isDeleted":true,"deletedOn":"2025-08-02T12:20:07.242Z"}

19:20:07.240 [main] DEBUG com.jayway.jsonpath.internal.path.CompiledPath -- Evaluating path: $['isDeleted']
19:20:07.241 [main] DEBUG com.jayway.jsonpath.internal.path.CompiledPath -- Evaluating path: $['deletedOn']
19:20:07.241 [main] INFO com.intuit.karate -- [print] {
  "id": 1,
  "name": "Classic Margherita Pizza",
  "ingredients": [
    "Pizza dough",
    "Tomato sauce",
    "Fresh mozzarella cheese",
    "Fresh basil leaves",
    "Olive oil",
    "Salt and pepper to taste"
  ],
  "instructions": [
    "Preheat the oven to 475°F (245°C).",
    "Roll out the pizza dough and spread tomato sauce evenly.",
    "Top with slices of fresh mozzarella and fresh basil leaves.",
    "Drizzle with olive oil and season with salt and pepper.",
    "Bake in the preheated oven for 12-15 minutes or until the crust is golden brown.",
    "Slice and serve hot."
  ],
  "prepTimeMinutes": 20,
  "cookTimeMinutes": 15,
  "servings": 4,
  "difficulty": "Easy",
  "cuisine": "Italian",
  "caloriesPerServing": 300,
  "tags": [
    "Pizza",
    "Italian"
  ],
  "userId": 166,
  "image": "https://cdn.dummyjson.com/recipe-images/1.webp",
  "rating": 4.6,
  "reviewCount": 98,
  "mealType": [
    "Dinner"
  ],
  "isDeleted": true,
  "deletedOn": "2025-08-02T12:20:07.242Z"
}
 
19:20:07.274 [main] DEBUG org.thymeleaf.TemplateEngine -- [THYMELEAF] INITIALIZING TEMPLATE ENGINE
19:20:07.363 [main] DEBUG org.thymeleaf.TemplateEngine.CONFIG -- Initializing Thymeleaf Template engine configuration...
[THYMELEAF] TEMPLATE ENGINE CONFIGURATION:
[THYMELEAF] * Thymeleaf version: 3.1.2.RELEASE (built 2023-07-30T19:25:50+0000)
[THYMELEAF] * Cache Manager implementation: org.thymeleaf.cache.StandardCacheManager
[THYMELEAF] * Template resolvers:
[THYMELEAF]     * [1] com.intuit.karate.template.ResourceHtmlTemplateResolver
[THYMELEAF] * Message resolvers:
[THYMELEAF]     * org.thymeleaf.messageresolver.StandardMessageResolver
[THYMELEAF] * Link builders:
[THYMELEAF]     * org.thymeleaf.linkbuilder.StandardLinkBuilder
[THYMELEAF] * Dialect [1 of 2]: Standard (com.intuit.karate.template.KarateStandardDialect)
[THYMELEAF]     * Prefix: "th"
[THYMELEAF]     * Processors for Template Mode: HTML
[THYMELEAF]         * Element Tag Processors by [matching element and attribute name] [precedence]:
[THYMELEAF]             * [* {th:include,data-th-include}] [100]: org.thymeleaf.standard.processor.StandardIncludeTagProcessor
[THYMELEAF]             * [* {th:insert,data-th-insert}] [100]: org.thymeleaf.standard.processor.StandardInsertTagProcessor
[THYMELEAF]             * [* {th:replace,data-th-replace}] [100]: org.thymeleaf.standard.processor.StandardReplaceTagProcessor
[THYMELEAF]             * [* {th:each,data-th-each}] [200]: com.intuit.karate.template.KarateEachTagProcessor
[THYMELEAF]             * [* {th:switch,data-th-switch}] [250]: org.thymeleaf.standard.processor.StandardSwitchTagProcessor
[THYMELEAF]             * [* {th:case,data-th-case}] [275]: org.thymeleaf.standard.processor.StandardCaseTagProcessor
[THYMELEAF]             * [* {th:if,data-th-if}] [300]: org.thymeleaf.standard.processor.StandardIfTagProcessor
[THYMELEAF]             * [* {th:unless,data-th-unless}] [400]: org.thymeleaf.standard.processor.StandardUnlessTagProcessor
[THYMELEAF]             * [* {th:object,data-th-object}] [500]: org.thymeleaf.standard.processor.StandardObjectTagProcessor
[THYMELEAF]             * [* {th:with,data-th-with}] [600]: com.intuit.karate.template.KarateWithTagProcessor
[THYMELEAF]             * [* {th:attr,data-th-attr}] [700]: com.intuit.karate.template.KarateAttributeTagProcessor.KarateAttrTagProcessor
[THYMELEAF]             * [* {th:attrappend,data-th-attrappend}] [900]: com.intuit.karate.template.KarateAttributeTagProcessor.KarateAttrappendTagProcessor
[THYMELEAF]             * [* {th:attrprepend,data-th-attrprepend}] [900]: com.intuit.karate.template.KarateAttributeTagProcessor.KarateAttrprependTagProcessor
[THYMELEAF]             * [* {th:alt-title,data-th-alt-title}] [990]: org.thymeleaf.standard.processor.StandardAltTitleTagProcessor
[THYMELEAF]             * [* {th:lang-xmllang,data-th-lang-xmllang}] [990]: org.thymeleaf.standard.processor.StandardLangXmlLangTagProcessor
[THYMELEAF]             * [* {th:action,data-th-action}] [1000]: org.thymeleaf.standard.processor.StandardActionTagProcessor
[THYMELEAF]             * [* {th:defer,data-th-defer}] [1000]: org.thymeleaf.standard.processor.StandardConditionalFixedValueTagProcessor
[THYMELEAF]             * [* {th:hidden,data-th-hidden}] [1000]: org.thymeleaf.standard.processor.StandardConditionalFixedValueTagProcessor
[THYMELEAF]             * [* {th:selected,data-th-selected}] [1000]: org.thymeleaf.standard.processor.StandardConditionalFixedValueTagProcessor
[THYMELEAF]             * [* {th:pubdate,data-th-pubdate}] [1000]: org.thymeleaf.standard.processor.StandardConditionalFixedValueTagProcessor
[THYMELEAF]             * [* {th:nowrap,data-th-nowrap}] [1000]: org.thymeleaf.standard.processor.StandardConditionalFixedValueTagProcessor
[THYMELEAF]             * [* {th:novalidate,data-th-novalidate}] [1000]: org.thymeleaf.standard.processor.StandardConditionalFixedValueTagProcessor
[THYMELEAF]             * [* {th:reversed,data-th-reversed}] [1000]: org.thymeleaf.standard.processor.StandardConditionalFixedValueTagProcessor
[THYMELEAF]             * [* {th:readonly,data-th-readonly}] [1000]: org.thymeleaf.standard.processor.StandardConditionalFixedValueTagProcessor
[THYMELEAF]             * [* {th:scoped,data-th-scoped}] [1000]: org.thymeleaf.standard.processor.StandardConditionalFixedValueTagProcessor
[THYMELEAF]             * [* {th:default,data-th-default}] [1000]: org.thymeleaf.standard.processor.StandardConditionalFixedValueTagProcessor
[THYMELEAF]             * [* {th:checked,data-th-checked}] [1000]: org.thymeleaf.standard.processor.StandardConditionalFixedValueTagProcessor
[THYMELEAF]             * [* {th:declare,data-th-declare}] [1000]: org.thymeleaf.standard.processor.StandardConditionalFixedValueTagProcessor
[THYMELEAF]             * [* {th:ismap,data-th-ismap}] [1000]: org.thymeleaf.standard.processor.StandardConditionalFixedValueTagProcessor
[THYMELEAF]             * [* {th:async,data-th-async}] [1000]: org.thymeleaf.standard.processor.StandardConditionalFixedValueTagProcessor
[THYMELEAF]             * [* {th:autoplay,data-th-autoplay}] [1000]: org.thymeleaf.standard.processor.StandardConditionalFixedValueTagProcessor
[THYMELEAF]             * [* {th:disabled,data-th-disabled}] [1000]: org.thymeleaf.standard.processor.StandardConditionalFixedValueTagProcessor
[THYMELEAF]             * [* {th:seamless,data-th-seamless}] [1000]: org.thymeleaf.standard.processor.StandardConditionalFixedValueTagProcessor
[THYMELEAF]             * [* {th:loop,data-th-loop}] [1000]: org.thymeleaf.standard.processor.StandardConditionalFixedValueTagProcessor
[THYMELEAF]             * [* {th:controls,data-th-controls}] [1000]: org.thymeleaf.standard.processor.StandardConditionalFixedValueTagProcessor
[THYMELEAF]             * [* {th:required,data-th-required}] [1000]: org.thymeleaf.standard.processor.StandardConditionalFixedValueTagProcessor
[THYMELEAF]             * [* {th:formnovalidate,data-th-formnovalidate}] [1000]: org.thymeleaf.standard.processor.StandardConditionalFixedValueTagProcessor
[THYMELEAF]             * [* {th:multiple,data-th-multiple}] [1000]: org.thymeleaf.standard.processor.StandardConditionalFixedValueTagProcessor
[THYMELEAF]             * [* {th:autofocus,data-th-autofocus}] [1000]: org.thymeleaf.standard.processor.StandardConditionalFixedValueTagProcessor
[THYMELEAF]             * [* {th:open,data-th-open}] [1000]: org.thymeleaf.standard.processor.StandardConditionalFixedValueTagProcessor
[THYMELEAF]             * [* {th:onforminput,data-th-onforminput}] [1000]: org.thymeleaf.standard.processor.StandardDOMEventAttributeTagProcessor
[THYMELEAF]             * [* {th:ondrop,data-th-ondrop}] [1000]: org.thymeleaf.standard.processor.StandardDOMEventAttributeTagProcessor
[THYMELEAF]             * [* {th:oncanplaythrough,data-th-oncanplaythrough}] [1000]: org.thymeleaf.standard.processor.StandardDOMEventAttributeTagProcessor
[THYMELEAF]             * [* {th:onseeking,data-th-onseeking}] [1000]: org.thymeleaf.standard.processor.StandardDOMEventAttributeTagProcessor
[THYMELEAF]             * [* {th:onseeked,data-th-onseeked}] [1000]: org.thymeleaf.standard.processor.StandardDOMEventAttributeTagProcessor
[THYMELEAF]             * [* {th:onkeydown,data-th-onkeydown}] [1000]: org.thymeleaf.standard.processor.StandardDOMEventAttributeTagProcessor
[THYMELEAF]             * [* {th:onpause,data-th-onpause}] [1000]: org.thymeleaf.standard.processor.StandardDOMEventAttributeTagProcessor
[THYMELEAF]             * [* {th:onbeforeprint,data-th-onbeforeprint}] [1000]: org.thymeleaf.standard.processor.StandardDOMEventAttributeTagProcessor
[THYMELEAF]             * [* {th:onsuspend,data-th-onsuspend}] [1000]: org.thymeleaf.standard.processor.StandardDOMEventAttributeTagProcessor
[THYMELEAF]             * [* {th:oninput,data-th-oninput}] [1000]: org.thymeleaf.standard.processor.StandardDOMEventAttributeTagProcessor
[THYMELEAF]             * [* {th:onloadstart,data-th-onloadstart}] [1000]: org.thymeleaf.standard.processor.StandardDOMEventAttributeTagProcessor
[THYMELEAF]             * [* {th:onmessage,data-th-onmessage}] [1000]: org.thymeleaf.standard.processor.StandardDOMEventAttributeTagProcessor
[THYMELEAF]             * [* {th:onratechange,data-th-onratechange}] [1000]: org.thymeleaf.standard.processor.StandardDOMEventAttributeTagProcessor
[THYMELEAF]             * [* {th:onplaying,data-th-onplaying}] [1000]: org.thymeleaf.standard.processor.StandardDOMEventAttributeTagProcessor
[THYMELEAF]             * [* {th:onended,data-th-onended}] [1000]: org.thymeleaf.standard.processor.StandardDOMEventAttributeTagProcessor
[THYMELEAF]             * [* {th:onsubmit,data-th-onsubmit}] [1000]: org.thymeleaf.standard.processor.StandardDOMEventAttributeTagProcessor
[THYMELEAF]             * [* {th:ondragover,data-th-ondragover}] [1000]: org.thymeleaf.standard.processor.StandardDOMEventAttributeTagProcessor
[THYMELEAF]             * [* {th:onvolumechange,data-th-onvolumechange}] [1000]: org.thymeleaf.standard.processor.StandardDOMEventAttributeTagProcessor
[THYMELEAF]             * [* {th:ondragleave,data-th-ondragleave}] [1000]: org.thymeleaf.standard.processor.StandardDOMEventAttributeTagProcessor
[THYMELEAF]             * [* {th:onreset,data-th-onreset}] [1000]: org.thymeleaf.standard.processor.StandardDOMEventAttributeTagProcessor
[THYMELEAF]             * [* {th:oncontextmenu,data-th-oncontextmenu}] [1000]: org.thymeleaf.standard.processor.StandardDOMEventAttributeTagProcessor
[THYMELEAF]             * [* {th:onerror,data-th-onerror}] [1000]: org.thymeleaf.standard.processor.StandardDOMEventAttributeTagProcessor
[THYMELEAF]             * [* {th:ondragstart,data-th-ondragstart}] [1000]: org.thymeleaf.standard.processor.StandardDOMEventAttributeTagProcessor
[THYMELEAF]             * [* {th:onpopstate,data-th-onpopstate}] [1000]: org.thymeleaf.standard.processor.StandardDOMEventAttributeTagProcessor
[THYMELEAF]             * [* {th:onscroll,data-th-onscroll}] [1000]: org.thymeleaf.standard.processor.StandardDOMEventAttributeTagProcessor
[THYMELEAF]             * [* {th:onprogress,data-th-onprogress}] [1000]: org.thymeleaf.standard.processor.StandardDOMEventAttributeTagProcessor
[THYMELEAF]             * [* {th:onresize,data-th-onresize}] [1000]: org.thymeleaf.standard.processor.StandardDOMEventAttributeTagProcessor
[THYMELEAF]             * [* {th:oninvalid,data-th-oninvalid}] [1000]: org.thymeleaf.standard.processor.StandardDOMEventAttributeTagProcessor
[THYMELEAF]             * [* {th:onafterprint,data-th-onafterprint}] [1000]: org.thymeleaf.standard.processor.StandardDOMEventAttributeTagProcessor
[THYMELEAF]             * [* {th:onfocus,data-th-onfocus}] [1000]: org.thymeleaf.standard.processor.StandardDOMEventAttributeTagProcessor
[THYMELEAF]             * [* {th:onchange,data-th-onchange}] [1000]: org.thymeleaf.standard.processor.StandardDOMEventAttributeTagProcessor
[THYMELEAF]             * [* {th:onloadeddata,data-th-onloadeddata}] [1000]: org.thymeleaf.standard.processor.StandardDOMEventAttributeTagProcessor
[THYMELEAF]             * [* {th:onmouseover,data-th-onmouseover}] [1000]: org.thymeleaf.standard.processor.StandardDOMEventAttributeTagProcessor
[THYMELEAF]             * [* {th:onkeyup,data-th-onkeyup}] [1000]: org.thymeleaf.standard.processor.StandardDOMEventAttributeTagProcessor
[THYMELEAF]             * [* {th:onloadedmetadata,data-th-onloadedmetadata}] [1000]: org.thymeleaf.standard.processor.StandardDOMEventAttributeTagProcessor
[THYMELEAF]             * [* {th:onmousemove,data-th-onmousemove}] [1000]: org.thymeleaf.standard.processor.StandardDOMEventAttributeTagProcessor
[THYMELEAF]             * [* {th:onblur,data-th-onblur}] [1000]: org.thymeleaf.standard.processor.StandardDOMEventAttributeTagProcessor
[THYMELEAF]             * [* {th:onformchange,data-th-onformchange}] [1000]: org.thymeleaf.standard.processor.StandardDOMEventAttributeTagProcessor
[THYMELEAF]             * [* {th:ontimeupdate,data-th-ontimeupdate}] [1000]: org.thymeleaf.standard.processor.StandardDOMEventAttributeTagProcessor
[THYMELEAF]             * [* {th:onmouseout,data-th-onmouseout}] [1000]: org.thymeleaf.standard.processor.StandardDOMEventAttributeTagProcessor
[THYMELEAF]             * [* {th:oncanplay,data-th-oncanplay}] [1000]: org.thymeleaf.standard.processor.StandardDOMEventAttributeTagProcessor
[THYMELEAF]             * [* {th:onstorage,data-th-onstorage}] [1000]: org.thymeleaf.standard.processor.StandardDOMEventAttributeTagProcessor
[THYMELEAF]             * [* {th:onwaiting,data-th-onwaiting}] [1000]: org.thymeleaf.standard.processor.StandardDOMEventAttributeTagProcessor
[THYMELEAF]             * [* {th:onmousewheel,data-th-onmousewheel}] [1000]: org.thymeleaf.standard.processor.StandardDOMEventAttributeTagProcessor
[THYMELEAF]             * [* {th:onundo,data-th-onundo}] [1000]: org.thymeleaf.standard.processor.StandardDOMEventAttributeTagProcessor
[THYMELEAF]             * [* {th:onunload,data-th-onunload}] [1000]: org.thymeleaf.standard.processor.StandardDOMEventAttributeTagProcessor
[THYMELEAF]             * [* {th:onreadystatechange,data-th-onreadystatechange}] [1000]: org.thymeleaf.standard.processor.StandardDOMEventAttributeTagProcessor
[THYMELEAF]             * [* {th:onload,data-th-onload}] [1000]: org.thymeleaf.standard.processor.StandardDOMEventAttributeTagProcessor
[THYMELEAF]             * [* {th:onstalled,data-th-onstalled}] [1000]: org.thymeleaf.standard.processor.StandardDOMEventAttributeTagProcessor
[THYMELEAF]             * [* {th:onredo,data-th-onredo}] [1000]: org.thymeleaf.standard.processor.StandardDOMEventAttributeTagProcessor
[THYMELEAF]             * [* {th:onemptied,data-th-onemptied}] [1000]: org.thymeleaf.standard.processor.StandardDOMEventAttributeTagProcessor
[THYMELEAF]             * [* {th:onhashchange,data-th-onhashchange}] [1000]: org.thymeleaf.standard.processor.StandardDOMEventAttributeTagProcessor
[THYMELEAF]             * [* {th:onclick,data-th-onclick}] [1000]: org.thymeleaf.standard.processor.StandardDOMEventAttributeTagProcessor
[THYMELEAF]             * [* {th:onmousedown,data-th-onmousedown}] [1000]: org.thymeleaf.standard.processor.StandardDOMEventAttributeTagProcessor
[THYMELEAF]             * [* {th:ondragend,data-th-ondragend}] [1000]: org.thymeleaf.standard.processor.StandardDOMEventAttributeTagProcessor
[THYMELEAF]             * [* {th:onoffline,data-th-onoffline}] [1000]: org.thymeleaf.standard.processor.StandardDOMEventAttributeTagProcessor
[THYMELEAF]             * [* {th:onabort,data-th-onabort}] [1000]: org.thymeleaf.standard.processor.StandardDOMEventAttributeTagProcessor
[THYMELEAF]             * [* {th:ondurationchange,data-th-ondurationchange}] [1000]: org.thymeleaf.standard.processor.StandardDOMEventAttributeTagProcessor
[THYMELEAF]             * [* {th:onshow,data-th-onshow}] [1000]: org.thymeleaf.standard.processor.StandardDOMEventAttributeTagProcessor
[THYMELEAF]             * [* {th:ondragenter,data-th-ondragenter}] [1000]: org.thymeleaf.standard.processor.StandardDOMEventAttributeTagProcessor
[THYMELEAF]             * [* {th:onbeforeunload,data-th-onbeforeunload}] [1000]: org.thymeleaf.standard.processor.StandardDOMEventAttributeTagProcessor
[THYMELEAF]             * [* {th:onplay,data-th-onplay}] [1000]: org.thymeleaf.standard.processor.StandardDOMEventAttributeTagProcessor
[THYMELEAF]             * [* {th:ondrag,data-th-ondrag}] [1000]: org.thymeleaf.standard.processor.StandardDOMEventAttributeTagProcessor
[THYMELEAF]             * [* {th:onkeypress,data-th-onkeypress}] [1000]: org.thymeleaf.standard.processor.StandardDOMEventAttributeTagProcessor
[THYMELEAF]             * [* {th:onselect,data-th-onselect}] [1000]: org.thymeleaf.standard.processor.StandardDOMEventAttributeTagProcessor
[THYMELEAF]             * [* {th:ondblclick,data-th-ondblclick}] [1000]: org.thymeleaf.standard.processor.StandardDOMEventAttributeTagProcessor
[THYMELEAF]             * [* {th:onmouseup,data-th-onmouseup}] [1000]: org.thymeleaf.standard.processor.StandardDOMEventAttributeTagProcessor
[THYMELEAF]             * [* {th:ononline,data-th-ononline}] [1000]: org.thymeleaf.standard.processor.StandardDOMEventAttributeTagProcessor
[THYMELEAF]             * [* {th:href,data-th-href}] [1000]: org.thymeleaf.standard.processor.StandardHrefTagProcessor
[THYMELEAF]             * [* {th:inline,data-th-inline}] [1000]: org.thymeleaf.standard.processor.StandardInlineHTMLTagProcessor
[THYMELEAF]             * [* {th:method,data-th-method}] [1000]: org.thymeleaf.standard.processor.StandardMethodTagProcessor
[THYMELEAF]             * [* {th:name,data-th-name}] [1000]: org.thymeleaf.standard.processor.StandardNonRemovableAttributeTagProcessor
[THYMELEAF]             * [* {th:type,data-th-type}] [1000]: org.thymeleaf.standard.processor.StandardNonRemovableAttributeTagProcessor
[THYMELEAF]             * [* {th:colspan,data-th-colspan}] [1000]: org.thymeleaf.standard.processor.StandardRemovableAttributeTagProcessor
[THYMELEAF]             * [* {th:dir,data-th-dir}] [1000]: org.thymeleaf.standard.processor.StandardRemovableAttributeTagProcessor
[THYMELEAF]             * [* {th:rowspan,data-th-rowspan}] [1000]: org.thymeleaf.standard.processor.StandardRemovableAttributeTagProcessor
[THYMELEAF]             * [* {th:formenctype,data-th-formenctype}] [1000]: org.thymeleaf.standard.processor.StandardRemovableAttributeTagProcessor
[THYMELEAF]             * [* {th:enctype,data-th-enctype}] [1000]: org.thymeleaf.standard.processor.StandardRemovableAttributeTagProcessor
[THYMELEAF]             * [* {th:width,data-th-width}] [1000]: org.thymeleaf.standard.processor.StandardRemovableAttributeTagProcessor
[THYMELEAF]             * [* {th:accept-charset,data-th-accept-charset}] [1000]: org.thymeleaf.standard.processor.StandardRemovableAttributeTagProcessor
[THYMELEAF]             * [* {th:content,data-th-content}] [1000]: org.thymeleaf.standard.processor.StandardRemovableAttributeTagProcessor
[THYMELEAF]             * [* {th:axis,data-th-axis}] [1000]: org.thymeleaf.standard.processor.StandardRemovableAttributeTagProcessor
[THYMELEAF]             * [* {th:icon,data-th-icon}] [1000]: org.thymeleaf.standard.processor.StandardRemovableAttributeTagProcessor
[THYMELEAF]             * [* {th:hreflang,data-th-hreflang}] [1000]: org.thymeleaf.standard.processor.StandardRemovableAttributeTagProcessor
[THYMELEAF]             * [* {th:align,data-th-align}] [1000]: org.thymeleaf.standard.processor.StandardRemovableAttributeTagProcessor
[THYMELEAF]             * [* {th:height,data-th-height}] [1000]: org.thymeleaf.standard.processor.StandardRemovableAttributeTagProcessor
[THYMELEAF]             * [* {th:data,data-th-data}] [1000]: org.thymeleaf.standard.processor.StandardRemovableAttributeTagProcessor
[THYMELEAF]             * [* {th:accesskey,data-th-accesskey}] [1000]: org.thymeleaf.standard.processor.StandardRemovableAttributeTagProcessor
[THYMELEAF]             * [* {th:alt,data-th-alt}] [1000]: org.thymeleaf.standard.processor.StandardRemovableAttributeTagProcessor
[THYMELEAF]             * [* {th:cite,data-th-cite}] [1000]: org.thymeleaf.standard.processor.StandardRemovableAttributeTagProcessor
[THYMELEAF]             * [* {th:id,data-th-id}] [1000]: org.thymeleaf.standard.processor.StandardRemovableAttributeTagProcessor
[THYMELEAF]             * [* {th:marginheight,data-th-marginheight}] [1000]: org.thymeleaf.standard.processor.StandardRemovableAttributeTagProcessor
[THYMELEAF]             * [* {th:vspace,data-th-vspace}] [1000]: org.thymeleaf.standard.processor.StandardRemovableAttributeTagProcessor
[THYMELEAF]             * [* {th:media,data-th-media}] [1000]: org.thymeleaf.standard.processor.StandardRemovableAttributeTagProcessor
[THYMELEAF]             * [* {th:scheme,data-th-scheme}] [1000]: org.thymeleaf.standard.processor.StandardRemovableAttributeTagProcessor
[THYMELEAF]             * [* {th:manifest,data-th-manifest}] [1000]: org.thymeleaf.standard.processor.StandardRemovableAttributeTagProcessor
[THYMELEAF]             * [* {th:formaction,data-th-formaction}] [1000]: org.thymeleaf.standard.processor.StandardRemovableAttributeTagProcessor
[THYMELEAF]             * [* {th:tabindex,data-th-tabindex}] [1000]: org.thymeleaf.standard.processor.StandardRemovableAttributeTagProcessor
[THYMELEAF]             * [* {th:radiogroup,data-th-radiogroup}] [1000]: org.thymeleaf.standard.processor.StandardRemovableAttributeTagProcessor
[THYMELEAF]             * [* {th:compact,data-th-compact}] [1000]: org.thymeleaf.standard.processor.StandardRemovableAttributeTagProcessor
[THYMELEAF]             * [* {th:autocomplete,data-th-autocomplete}] [1000]: org.thymeleaf.standard.processor.StandardRemovableAttributeTagProcessor
[THYMELEAF]             * [* {th:cellpadding,data-th-cellpadding}] [1000]: org.thymeleaf.standard.processor.StandardRemovableAttributeTagProcessor
[THYMELEAF]             * [* {th:valuetype,data-th-valuetype}] [1000]: org.thymeleaf.standard.processor.StandardRemovableAttributeTagProcessor
[THYMELEAF]             * [* {th:marginwidth,data-th-marginwidth}] [1000]: org.thymeleaf.standard.processor.StandardRemovableAttributeTagProcessor
[THYMELEAF]             * [* {th:contenteditable,data-th-contenteditable}] [1000]: org.thymeleaf.standard.processor.StandardRemovableAttributeTagProcessor
[THYMELEAF]             * [* {th:usemap,data-th-usemap}] [1000]: org.thymeleaf.standard.processor.StandardRemovableAttributeTagProcessor
[THYMELEAF]             * [* {th:lang,data-th-lang}] [1000]: org.thymeleaf.standard.processor.StandardRemovableAttributeTagProcessor
[THYMELEAF]             * [* {th:hspace,data-th-hspace}] [1000]: org.thymeleaf.standard.processor.StandardRemovableAttributeTagProcessor
[THYMELEAF]             * [* {th:low,data-th-low}] [1000]: org.thymeleaf.standard.processor.StandardRemovableAttributeTagProcessor
[THYMELEAF]             * [* {th:standby,data-th-standby}] [1000]: org.thymeleaf.standard.processor.StandardRemovableAttributeTagProcessor
[THYMELEAF]             * [* {th:form,data-th-form}] [1000]: org.thymeleaf.standard.processor.StandardRemovableAttributeTagProcessor
[THYMELEAF]             * [* {th:codebase,data-th-codebase}] [1000]: org.thymeleaf.standard.processor.StandardRemovableAttributeTagProcessor
[THYMELEAF]             * [* {th:spellcheck,data-th-spellcheck}] [1000]: org.thymeleaf.standard.processor.StandardRemovableAttributeTagProcessor
[THYMELEAF]             * [* {th:kind,data-th-kind}] [1000]: org.thymeleaf.standard.processor.StandardRemovableAttributeTagProcessor
[THYMELEAF]             * [* {th:placeholder,data-th-placeholder}] [1000]: org.thymeleaf.standard.processor.StandardRemovableAttributeTagProcessor
[THYMELEAF]             * [* {th:codetype,data-th-codetype}] [1000]: org.thymeleaf.standard.processor.StandardRemovableAttributeTagProcessor
[THYMELEAF]             * [* {th:list,data-th-list}] [1000]: org.thymeleaf.standard.processor.StandardRemovableAttributeTagProcessor
[THYMELEAF]             * [* {th:rev,data-th-rev}] [1000]: org.thymeleaf.standard.processor.StandardRemovableAttributeTagProcessor
[THYMELEAF]             * [* {th:longdesc,data-th-longdesc}] [1000]: org.thymeleaf.standard.processor.StandardRemovableAttributeTagProcessor
[THYMELEAF]             * [* {th:audio,data-th-audio}] [1000]: org.thymeleaf.standard.processor.StandardRemovableAttributeTagProcessor
[THYMELEAF]             * [* {th:charset,data-th-charset}] [1000]: org.thymeleaf.standard.processor.StandardRemovableAttributeTagProcessor
[THYMELEAF]             * [* {th:cols,data-th-cols}] [1000]: org.thymeleaf.standard.processor.StandardRemovableAttributeTagProcessor
[THYMELEAF]             * [* {th:step,data-th-step}] [1000]: org.thymeleaf.standard.processor.StandardRemovableAttributeTagProcessor
[THYMELEAF]             * [* {th:poster,data-th-poster}] [1000]: org.thymeleaf.standard.processor.StandardRemovableAttributeTagProcessor
[THYMELEAF]             * [* {th:title,data-th-title}] [1000]: org.thymeleaf.standard.processor.StandardRemovableAttributeTagProcessor
[THYMELEAF]             * [* {th:optimum,data-th-optimum}] [1000]: org.thymeleaf.standard.processor.StandardRemovableAttributeTagProcessor
[THYMELEAF]             * [* {th:rules,data-th-rules}] [1000]: org.thymeleaf.standard.processor.StandardRemovableAttributeTagProcessor
[THYMELEAF]             * [* {th:preload,data-th-preload}] [1000]: org.thymeleaf.standard.processor.StandardRemovableAttributeTagProcessor
[THYMELEAF]             * [* {th:size,data-th-size}] [1000]: org.thymeleaf.standard.processor.StandardRemovableAttributeTagProcessor
[THYMELEAF]             * [* {th:background,data-th-background}] [1000]: org.thymeleaf.standard.processor.StandardRemovableAttributeTagProcessor
[THYMELEAF]             * [* {th:formtarget,data-th-formtarget}] [1000]: org.thymeleaf.standard.processor.StandardRemovableAttributeTagProcessor
[THYMELEAF]             * [* {th:http-equiv,data-th-http-equiv}] [1000]: org.thymeleaf.standard.processor.StandardRemovableAttributeTagProcessor
[THYMELEAF]             * [* {th:archive,data-th-archive}] [1000]: org.thymeleaf.standard.processor.StandardRemovableAttributeTagProcessor
[THYMELEAF]             * [* {th:abbr,data-th-abbr}] [1000]: org.thymeleaf.standard.processor.StandardRemovableAttributeTagProcessor
[THYMELEAF]             * [* {th:frameborder,data-th-frameborder}] [1000]: org.thymeleaf.standard.processor.StandardRemovableAttributeTagProcessor
[THYMELEAF]             * [* {th:border,data-th-border}] [1000]: org.thymeleaf.standard.processor.StandardRemovableAttributeTagProcessor
[THYMELEAF]             * [* {th:headers,data-th-headers}] [1000]: org.thymeleaf.standard.processor.StandardRemovableAttributeTagProcessor
[THYMELEAF]             * [* {th:span,data-th-span}] [1000]: org.thymeleaf.standard.processor.StandardRemovableAttributeTagProcessor
[THYMELEAF]             * [* {th:wrap,data-th-wrap}] [1000]: org.thymeleaf.standard.processor.StandardRemovableAttributeTagProcessor
[THYMELEAF]             * [* {th:sandbox,data-th-sandbox}] [1000]: org.thymeleaf.standard.processor.StandardRemovableAttributeTagProcessor
[THYMELEAF]             * [* {th:max,data-th-max}] [1000]: org.thymeleaf.standard.processor.StandardRemovableAttributeTagProcessor
[THYMELEAF]             * [* {th:rows,data-th-rows}] [1000]: org.thymeleaf.standard.processor.StandardRemovableAttributeTagProcessor
[THYMELEAF]             * [* {th:accept,data-th-accept}] [1000]: org.thymeleaf.standard.processor.StandardRemovableAttributeTagProcessor
[THYMELEAF]             * [* {th:classid,data-th-classid}] [1000]: org.thymeleaf.standard.processor.StandardRemovableAttributeTagProcessor
[THYMELEAF]             * [* {th:contextmenu,data-th-contextmenu}] [1000]: org.thymeleaf.standard.processor.StandardRemovableAttributeTagProcessor
[THYMELEAF]             * [* {th:bgcolor,data-th-bgcolor}] [1000]: org.thymeleaf.standard.processor.StandardRemovableAttributeTagProcessor
[THYMELEAF]             * [* {th:for,data-th-for}] [1000]: org.thymeleaf.standard.processor.StandardRemovableAttributeTagProcessor
[THYMELEAF]             * [* {th:challenge,data-th-challenge}] [1000]: org.thymeleaf.standard.processor.StandardRemovableAttributeTagProcessor
[THYMELEAF]             * [* {th:dropzone,data-th-dropzone}] [1000]: org.thymeleaf.standard.processor.StandardRemovableAttributeTagProcessor
[THYMELEAF]             * [* {th:srclang,data-th-srclang}] [1000]: org.thymeleaf.standard.processor.StandardRemovableAttributeTagProcessor
[THYMELEAF]             * [* {th:target,data-th-target}] [1000]: org.thymeleaf.standard.processor.StandardRemovableAttributeTagProcessor
[THYMELEAF]             * [* {th:scrolling,data-th-scrolling}] [1000]: org.thymeleaf.standard.processor.StandardRemovableAttributeTagProcessor
[THYMELEAF]             * [* {th:high,data-th-high}] [1000]: org.thymeleaf.standard.processor.StandardRemovableAttributeTagProcessor
[THYMELEAF]             * [* {th:keytype,data-th-keytype}] [1000]: org.thymeleaf.standard.processor.StandardRemovableAttributeTagProcessor
[THYMELEAF]             * [* {th:maxlength,data-th-maxlength}] [1000]: org.thymeleaf.standard.processor.StandardRemovableAttributeTagProcessor
[THYMELEAF]             * [* {th:class,data-th-class}] [1000]: org.thymeleaf.standard.processor.StandardRemovableAttributeTagProcessor
[THYMELEAF]             * [* {th:start,data-th-start}] [1000]: org.thymeleaf.standard.processor.StandardRemovableAttributeTagProcessor
[THYMELEAF]             * [* {th:formmethod,data-th-formmethod}] [1000]: org.thymeleaf.standard.processor.StandardRemovableAttributeTagProcessor
[THYMELEAF]             * [* {th:summary,data-th-summary}] [1000]: org.thymeleaf.standard.processor.StandardRemovableAttributeTagProcessor
[THYMELEAF]             * [* {th:sizes,data-th-sizes}] [1000]: org.thymeleaf.standard.processor.StandardRemovableAttributeTagProcessor
[THYMELEAF]             * [* {th:frame,data-th-frame}] [1000]: org.thymeleaf.standard.processor.StandardRemovableAttributeTagProcessor
[THYMELEAF]             * [* {th:cellspacing,data-th-cellspacing}] [1000]: org.thymeleaf.standard.processor.StandardRemovableAttributeTagProcessor
[THYMELEAF]             * [* {th:min,data-th-min}] [1000]: org.thymeleaf.standard.processor.StandardRemovableAttributeTagProcessor
[THYMELEAF]             * [* {th:rel,data-th-rel}] [1000]: org.thymeleaf.standard.processor.StandardRemovableAttributeTagProcessor
[THYMELEAF]             * [* {th:style,data-th-style}] [1000]: org.thymeleaf.standard.processor.StandardRemovableAttributeTagProcessor
[THYMELEAF]             * [* {th:label,data-th-label}] [1000]: org.thymeleaf.standard.processor.StandardRemovableAttributeTagProcessor
[THYMELEAF]             * [* {th:pattern,data-th-pattern}] [1000]: org.thymeleaf.standard.processor.StandardRemovableAttributeTagProcessor
[THYMELEAF]             * [* {th:scope,data-th-scope}] [1000]: org.thymeleaf.standard.processor.StandardRemovableAttributeTagProcessor
[THYMELEAF]             * [* {th:datetime,data-th-datetime}] [1000]: org.thymeleaf.standard.processor.StandardRemovableAttributeTagProcessor
[THYMELEAF]             * [* {th:draggable,data-th-draggable}] [1000]: org.thymeleaf.standard.processor.StandardRemovableAttributeTagProcessor
[THYMELEAF]             * [* {th:src,data-th-src}] [1000]: org.thymeleaf.standard.processor.StandardSrcTagProcessor
[THYMELEAF]             * [* {th:value,data-th-value}] [1000]: org.thymeleaf.standard.processor.StandardValueTagProcessor
[THYMELEAF]             * [* {th:xmlbase,data-th-xmlbase}] [1000]: org.thymeleaf.standard.processor.StandardXmlBaseTagProcessor
[THYMELEAF]             * [* {th:xmllang,data-th-xmllang}] [1000]: org.thymeleaf.standard.processor.StandardXmlLangTagProcessor
[THYMELEAF]             * [* {xmlns:th}] [1000]: org.thymeleaf.standard.processor.StandardXmlNsTagProcessor
[THYMELEAF]             * [* {th:xmlspace,data-th-xmlspace}] [1000]: org.thymeleaf.standard.processor.StandardXmlSpaceTagProcessor
[THYMELEAF]             * [* {th:classappend,data-th-classappend}] [1100]: org.thymeleaf.standard.processor.StandardClassappendTagProcessor
[THYMELEAF]             * [* {th:styleappend,data-th-styleappend}] [1100]: org.thymeleaf.standard.processor.StandardStyleappendTagProcessor
[THYMELEAF]             * [* {th:text,data-th-text}] [1300]: org.thymeleaf.standard.processor.StandardTextTagProcessor
[THYMELEAF]             * [* {th:utext,data-th-utext}] [1400]: org.thymeleaf.standard.processor.StandardUtextTagProcessor
[THYMELEAF]             * [* {th:fragment,data-th-fragment}] [1500]: org.thymeleaf.standard.processor.StandardFragmentTagProcessor
[THYMELEAF]             * [* {th:assert,data-th-assert}] [1550]: org.thymeleaf.standard.processor.StandardAssertTagProcessor
[THYMELEAF]             * [* {th:remove,data-th-remove}] [1600]: org.thymeleaf.standard.processor.StandardRemoveTagProcessor
[THYMELEAF]             * [* {th:ref,data-th-ref}] [10000]: org.thymeleaf.standard.processor.StandardRefAttributeTagProcessor
[THYMELEAF]             * [{th:block,th-block} *] [100000]: org.thymeleaf.standard.processor.StandardBlockTagProcessor
[THYMELEAF]             * [* th:*] [2147483647]: org.thymeleaf.standard.processor.StandardDefaultAttributesTagProcessor
[THYMELEAF]         * Text Processors by [precedence]:
[THYMELEAF]             * [1000]: org.thymeleaf.standard.processor.StandardInliningTextProcessor
[THYMELEAF]         * DOCTYPE Processors by [precedence]:
[THYMELEAF]             * [1000]: org.thymeleaf.standard.processor.StandardTranslationDocTypeProcessor
[THYMELEAF]         * CDATA Section Processors by [precedence]:
[THYMELEAF]             * [1000]: org.thymeleaf.standard.processor.StandardInliningCDATASectionProcessor
[THYMELEAF]         * Comment Processors by [precedence]:
[THYMELEAF]             * [1000]: org.thymeleaf.standard.processor.StandardInliningCommentProcessor
[THYMELEAF]             * [1100]: org.thymeleaf.standard.processor.StandardConditionalCommentProcessor
[THYMELEAF]     * Processors for Template Mode: XML
[THYMELEAF]         * Element Tag Processors by [matching element and attribute name] [precedence]:
[THYMELEAF]             * [* {th:include}] [100]: org.thymeleaf.standard.processor.StandardIncludeTagProcessor
[THYMELEAF]             * [* {th:insert}] [100]: org.thymeleaf.standard.processor.StandardInsertTagProcessor
[THYMELEAF]             * [* {th:replace}] [100]: org.thymeleaf.standard.processor.StandardReplaceTagProcessor
[THYMELEAF]             * [* {th:each}] [200]: com.intuit.karate.template.KarateEachTagProcessor
[THYMELEAF]             * [* {th:switch}] [250]: org.thymeleaf.standard.processor.StandardSwitchTagProcessor
[THYMELEAF]             * [* {th:case}] [275]: org.thymeleaf.standard.processor.StandardCaseTagProcessor
[THYMELEAF]             * [* {th:if}] [300]: org.thymeleaf.standard.processor.StandardIfTagProcessor
[THYMELEAF]             * [* {th:unless}] [400]: org.thymeleaf.standard.processor.StandardUnlessTagProcessor
[THYMELEAF]             * [* {th:object}] [500]: org.thymeleaf.standard.processor.StandardObjectTagProcessor
[THYMELEAF]             * [* {th:with}] [600]: com.intuit.karate.template.KarateWithTagProcessor
[THYMELEAF]             * [* {th:attr}] [700]: com.intuit.karate.template.KarateAttributeTagProcessor.KarateAttrTagProcessor
[THYMELEAF]             * [* {th:attrappend}] [900]: com.intuit.karate.template.KarateAttributeTagProcessor.KarateAttrappendTagProcessor
[THYMELEAF]             * [* {th:attrprepend}] [900]: com.intuit.karate.template.KarateAttributeTagProcessor.KarateAttrprependTagProcessor
[THYMELEAF]             * [* {th:inline}] [1000]: org.thymeleaf.standard.processor.StandardInlineXMLTagProcessor
[THYMELEAF]             * [* {xmlns:th}] [1000]: org.thymeleaf.standard.processor.StandardXmlNsTagProcessor
[THYMELEAF]             * [* {th:text}] [1300]: org.thymeleaf.standard.processor.StandardTextTagProcessor
[THYMELEAF]             * [* {th:utext}] [1400]: org.thymeleaf.standard.processor.StandardUtextTagProcessor
[THYMELEAF]             * [* {th:fragment}] [1500]: org.thymeleaf.standard.processor.StandardFragmentTagProcessor
[THYMELEAF]             * [* {th:assert}] [1550]: org.thymeleaf.standard.processor.StandardAssertTagProcessor
[THYMELEAF]             * [* {th:remove}] [1600]: org.thymeleaf.standard.processor.StandardRemoveTagProcessor
[THYMELEAF]             * [* {th:ref}] [10000]: org.thymeleaf.standard.processor.StandardRefAttributeTagProcessor
[THYMELEAF]             * [{th:block} *] [100000]: org.thymeleaf.standard.processor.StandardBlockTagProcessor
[THYMELEAF]             * [* th:*] [2147483647]: org.thymeleaf.standard.processor.StandardDefaultAttributesTagProcessor
[THYMELEAF]         * Text Processors by [precedence]:
[THYMELEAF]             * [1000]: org.thymeleaf.standard.processor.StandardInliningTextProcessor
[THYMELEAF]         * CDATA Section Processors by [precedence]:
[THYMELEAF]             * [1000]: org.thymeleaf.standard.processor.StandardInliningCDATASectionProcessor
[THYMELEAF]         * Comment Processors by [precedence]:
[THYMELEAF]             * [1000]: org.thymeleaf.standard.processor.StandardInliningCommentProcessor
[THYMELEAF]     * Processors for Template Mode: TEXT
[THYMELEAF]         * Element Tag Processors by [matching element and attribute name] [precedence]:
[THYMELEAF]             * [* {th:insert}] [100]: org.thymeleaf.standard.processor.StandardInsertTagProcessor
[THYMELEAF]             * [* {th:replace}] [100]: org.thymeleaf.standard.processor.StandardReplaceTagProcessor
[THYMELEAF]             * [* {th:each}] [200]: com.intuit.karate.template.KarateEachTagProcessor
[THYMELEAF]             * [* {th:switch}] [250]: org.thymeleaf.standard.processor.StandardSwitchTagProcessor
[THYMELEAF]             * [* {th:case}] [275]: org.thymeleaf.standard.processor.StandardCaseTagProcessor
[THYMELEAF]             * [* {th:if}] [300]: org.thymeleaf.standard.processor.StandardIfTagProcessor
[THYMELEAF]             * [* {th:unless}] [400]: org.thymeleaf.standard.processor.StandardUnlessTagProcessor
[THYMELEAF]             * [* {th:object}] [500]: org.thymeleaf.standard.processor.StandardObjectTagProcessor
[THYMELEAF]             * [* {th:with}] [600]: com.intuit.karate.template.KarateWithTagProcessor
[THYMELEAF]             * [* {th:inline}] [1000]: org.thymeleaf.standard.processor.StandardInlineTextualTagProcessor
[THYMELEAF]             * [* {th:text}] [1300]: org.thymeleaf.standard.processor.StandardTextTagProcessor
[THYMELEAF]             * [* {th:utext}] [1400]: org.thymeleaf.standard.processor.StandardUtextTagProcessor
[THYMELEAF]             * [* {th:assert}] [1550]: org.thymeleaf.standard.processor.StandardAssertTagProcessor
[THYMELEAF]             * [* {th:remove}] [1600]: org.thymeleaf.standard.processor.StandardRemoveTagProcessor
[THYMELEAF]             * [* 100000] [org.thymeleaf.standard.processor.StandardBlockTagProcessor]: {}
[THYMELEAF]             * [{th:block} *] [100000]: org.thymeleaf.standard.processor.StandardBlockTagProcessor
[THYMELEAF]         * Text Processors by [precedence]:
[THYMELEAF]             * [1000]: org.thymeleaf.standard.processor.StandardInliningTextProcessor
[THYMELEAF]     * Processors for Template Mode: JAVASCRIPT
[THYMELEAF]         * Element Tag Processors by [matching element and attribute name] [precedence]:
[THYMELEAF]             * [* {th:insert}] [100]: org.thymeleaf.standard.processor.StandardInsertTagProcessor
[THYMELEAF]             * [* {th:replace}] [100]: org.thymeleaf.standard.processor.StandardReplaceTagProcessor
[THYMELEAF]             * [* {th:each}] [200]: com.intuit.karate.template.KarateEachTagProcessor
[THYMELEAF]             * [* {th:switch}] [250]: org.thymeleaf.standard.processor.StandardSwitchTagProcessor
[THYMELEAF]             * [* {th:case}] [275]: org.thymeleaf.standard.processor.StandardCaseTagProcessor
[THYMELEAF]             * [* {th:if}] [300]: org.thymeleaf.standard.processor.StandardIfTagProcessor
[THYMELEAF]             * [* {th:unless}] [400]: org.thymeleaf.standard.processor.StandardUnlessTagProcessor
[THYMELEAF]             * [* {th:object}] [500]: org.thymeleaf.standard.processor.StandardObjectTagProcessor
[THYMELEAF]             * [* {th:with}] [600]: com.intuit.karate.template.KarateWithTagProcessor
[THYMELEAF]             * [* {th:inline}] [1000]: org.thymeleaf.standard.processor.StandardInlineTextualTagProcessor
[THYMELEAF]             * [* {th:text}] [1300]: org.thymeleaf.standard.processor.StandardTextTagProcessor
[THYMELEAF]             * [* {th:utext}] [1400]: org.thymeleaf.standard.processor.StandardUtextTagProcessor
[THYMELEAF]             * [* {th:assert}] [1550]: org.thymeleaf.standard.processor.StandardAssertTagProcessor
[THYMELEAF]             * [* {th:remove}] [1600]: org.thymeleaf.standard.processor.StandardRemoveTagProcessor
[THYMELEAF]             * [{th:block} *] [100000]: org.thymeleaf.standard.processor.StandardBlockTagProcessor
[THYMELEAF]             * [* 100000] [org.thymeleaf.standard.processor.StandardBlockTagProcessor]: {}
[THYMELEAF]         * Text Processors by [precedence]:
[THYMELEAF]             * [1000]: org.thymeleaf.standard.processor.StandardInliningTextProcessor
[THYMELEAF]     * Processors for Template Mode: CSS
[THYMELEAF]         * Element Tag Processors by [matching element and attribute name] [precedence]:
[THYMELEAF]             * [* {th:insert}] [100]: org.thymeleaf.standard.processor.StandardInsertTagProcessor
[THYMELEAF]             * [* {th:replace}] [100]: org.thymeleaf.standard.processor.StandardReplaceTagProcessor
[THYMELEAF]             * [* {th:each}] [200]: com.intuit.karate.template.KarateEachTagProcessor
[THYMELEAF]             * [* {th:switch}] [250]: org.thymeleaf.standard.processor.StandardSwitchTagProcessor
[THYMELEAF]             * [* {th:case}] [275]: org.thymeleaf.standard.processor.StandardCaseTagProcessor
[THYMELEAF]             * [* {th:if}] [300]: org.thymeleaf.standard.processor.StandardIfTagProcessor
[THYMELEAF]             * [* {th:unless}] [400]: org.thymeleaf.standard.processor.StandardUnlessTagProcessor
[THYMELEAF]             * [* {th:object}] [500]: org.thymeleaf.standard.processor.StandardObjectTagProcessor
[THYMELEAF]             * [* {th:with}] [600]: com.intuit.karate.template.KarateWithTagProcessor
[THYMELEAF]             * [* {th:inline}] [1000]: org.thymeleaf.standard.processor.StandardInlineTextualTagProcessor
[THYMELEAF]             * [* {th:text}] [1300]: org.thymeleaf.standard.processor.StandardTextTagProcessor
[THYMELEAF]             * [* {th:utext}] [1400]: org.thymeleaf.standard.processor.StandardUtextTagProcessor
[THYMELEAF]             * [* {th:assert}] [1550]: org.thymeleaf.standard.processor.StandardAssertTagProcessor
[THYMELEAF]             * [* {th:remove}] [1600]: org.thymeleaf.standard.processor.StandardRemoveTagProcessor
[THYMELEAF]             * [* 100000] [org.thymeleaf.standard.processor.StandardBlockTagProcessor]: {}
[THYMELEAF]             * [{th:block} *] [100000]: org.thymeleaf.standard.processor.StandardBlockTagProcessor
[THYMELEAF]         * Text Processors by [precedence]:
[THYMELEAF]             * [1000]: org.thymeleaf.standard.processor.StandardInliningTextProcessor
[THYMELEAF]     * Expression Objects:
[THYMELEAF]         * #ctx
[THYMELEAF]         * #root
[THYMELEAF]         * #vars
[THYMELEAF]         * #object
[THYMELEAF]         * #locale
[THYMELEAF]         * #conversions
[THYMELEAF]         * #uris
[THYMELEAF]         * #temporals
[THYMELEAF]         * #calendars
[THYMELEAF]         * #dates
[THYMELEAF]         * #bools
[THYMELEAF]         * #numbers
[THYMELEAF]         * #objects
[THYMELEAF]         * #strings
[THYMELEAF]         * #arrays
[THYMELEAF]         * #lists
[THYMELEAF]         * #sets
[THYMELEAF]         * #maps
[THYMELEAF]         * #aggregates
[THYMELEAF]         * #messages
[THYMELEAF]         * #ids
[THYMELEAF]         * #execInfo
[THYMELEAF]         * #request
[THYMELEAF]         * #response
[THYMELEAF]         * #session
[THYMELEAF]         * #servletContext
[THYMELEAF]     * Execution Attributes:
[THYMELEAF]         * "StandardExpressionParser": com.intuit.karate.template.KarateStandardDialect@291a4791
[THYMELEAF]         * "StandardJavaScriptSerializer": org.thymeleaf.standard.serializer.StandardJavaScriptSerializer@5175d9ad
[THYMELEAF]         * "StandardCSSSerializer": org.thymeleaf.standard.serializer.StandardCSSSerializer@b06d46d
[THYMELEAF]         * "StandardVariableExpressionEvaluator": com.intuit.karate.template.KarateStandardDialect@291a4791
[THYMELEAF]         * "StandardConversionService": org.thymeleaf.standard.expression.StandardConversionService@25a5c8e
[THYMELEAF] * Dialect [2 of 2]: karate (com.intuit.karate.template.KarateScriptDialect)
[THYMELEAF]     * Prefix: "ka"
[THYMELEAF]     * Processors for Template Mode: HTML
[THYMELEAF]         * Element Tag Processors by [matching element and attribute name] [precedence]:
[THYMELEAF]             * [* {src}] [1000]: com.intuit.karate.template.KaScriptAttrProcessor
[THYMELEAF]         * Element Model Processors by [matching element and attribute name] [precedence]:
[THYMELEAF]             * [{script} {ka:scope,data-ka-scope}] [1000]: com.intuit.karate.template.KaScriptElemProcessor
[THYMELEAF]             * [* {ka:set,data-ka-set}] [1000]: com.intuit.karate.template.KaSetElemProcessor
[THYMELEAF] TEMPLATE ENGINE CONFIGURED OK
19:20:07.363 [main] DEBUG org.thymeleaf.TemplateEngine -- [THYMELEAF] TEMPLATE ENGINE INITIALIZED
---------------------------------------------------------
feature: classpath:dummyjson/Recipes.feature
scenarios: 11 | passed: 11 | failed:  0 | time: 1.4933
---------------------------------------------------------

Karate version: 1.4.1
======================================================
elapsed:   3.13 | threads:    1 | thread time: 1.49 
features:     1 | skipped:    0 | efficiency: 0.48
scenarios:   11 | passed:    11 | failed: 0
======================================================
19:20:07.811 [main] DEBUG org.thymeleaf.TemplateEngine -- [THYMELEAF] INITIALIZING TEMPLATE ENGINE
19:20:07.827 [main] DEBUG org.thymeleaf.TemplateEngine.CONFIG -- Initializing Thymeleaf Template engine configuration...
[THYMELEAF] TEMPLATE ENGINE CONFIGURATION:
[THYMELEAF] * Thymeleaf version: 3.1.2.RELEASE (built 2023-07-30T19:25:50+0000)
[THYMELEAF] * Cache Manager implementation: org.thymeleaf.cache.StandardCacheManager
[THYMELEAF] * Template resolvers:
[THYMELEAF]     * [1] com.intuit.karate.template.ResourceHtmlTemplateResolver
[THYMELEAF] * Message resolvers:
[THYMELEAF]     * org.thymeleaf.messageresolver.StandardMessageResolver
[THYMELEAF] * Link builders:
[THYMELEAF]     * org.thymeleaf.linkbuilder.StandardLinkBuilder
[THYMELEAF] * Dialect [1 of 2]: Standard (com.intuit.karate.template.KarateStandardDialect)
[THYMELEAF]     * Prefix: "th"
[THYMELEAF]     * Processors for Template Mode: HTML
[THYMELEAF]         * Element Tag Processors by [matching element and attribute name] [precedence]:
[THYMELEAF]             * [* {th:include,data-th-include}] [100]: org.thymeleaf.standard.processor.StandardIncludeTagProcessor
[THYMELEAF]             * [* {th:insert,data-th-insert}] [100]: org.thymeleaf.standard.processor.StandardInsertTagProcessor
[THYMELEAF]             * [* {th:replace,data-th-replace}] [100]: org.thymeleaf.standard.processor.StandardReplaceTagProcessor
[THYMELEAF]             * [* {th:each,data-th-each}] [200]: com.intuit.karate.template.KarateEachTagProcessor
[THYMELEAF]             * [* {th:switch,data-th-switch}] [250]: org.thymeleaf.standard.processor.StandardSwitchTagProcessor
[THYMELEAF]             * [* {th:case,data-th-case}] [275]: org.thymeleaf.standard.processor.StandardCaseTagProcessor
[THYMELEAF]             * [* {th:if,data-th-if}] [300]: org.thymeleaf.standard.processor.StandardIfTagProcessor
[THYMELEAF]             * [* {th:unless,data-th-unless}] [400]: org.thymeleaf.standard.processor.StandardUnlessTagProcessor
[THYMELEAF]             * [* {th:object,data-th-object}] [500]: org.thymeleaf.standard.processor.StandardObjectTagProcessor
[THYMELEAF]             * [* {th:with,data-th-with}] [600]: com.intuit.karate.template.KarateWithTagProcessor
[THYMELEAF]             * [* {th:attr,data-th-attr}] [700]: com.intuit.karate.template.KarateAttributeTagProcessor.KarateAttrTagProcessor
[THYMELEAF]             * [* {th:attrappend,data-th-attrappend}] [900]: com.intuit.karate.template.KarateAttributeTagProcessor.KarateAttrappendTagProcessor
[THYMELEAF]             * [* {th:attrprepend,data-th-attrprepend}] [900]: com.intuit.karate.template.KarateAttributeTagProcessor.KarateAttrprependTagProcessor
[THYMELEAF]             * [* {th:alt-title,data-th-alt-title}] [990]: org.thymeleaf.standard.processor.StandardAltTitleTagProcessor
[THYMELEAF]             * [* {th:lang-xmllang,data-th-lang-xmllang}] [990]: org.thymeleaf.standard.processor.StandardLangXmlLangTagProcessor
[THYMELEAF]             * [* {th:action,data-th-action}] [1000]: org.thymeleaf.standard.processor.StandardActionTagProcessor
[THYMELEAF]             * [* {th:defer,data-th-defer}] [1000]: org.thymeleaf.standard.processor.StandardConditionalFixedValueTagProcessor
[THYMELEAF]             * [* {th:checked,data-th-checked}] [1000]: org.thymeleaf.standard.processor.StandardConditionalFixedValueTagProcessor
[THYMELEAF]             * [* {th:required,data-th-required}] [1000]: org.thymeleaf.standard.processor.StandardConditionalFixedValueTagProcessor
[THYMELEAF]             * [* {th:nowrap,data-th-nowrap}] [1000]: org.thymeleaf.standard.processor.StandardConditionalFixedValueTagProcessor
[THYMELEAF]             * [* {th:controls,data-th-controls}] [1000]: org.thymeleaf.standard.processor.StandardConditionalFixedValueTagProcessor
[THYMELEAF]             * [* {th:autoplay,data-th-autoplay}] [1000]: org.thymeleaf.standard.processor.StandardConditionalFixedValueTagProcessor
[THYMELEAF]             * [* {th:selected,data-th-selected}] [1000]: org.thymeleaf.standard.processor.StandardConditionalFixedValueTagProcessor
[THYMELEAF]             * [* {th:disabled,data-th-disabled}] [1000]: org.thymeleaf.standard.processor.StandardConditionalFixedValueTagProcessor
[THYMELEAF]             * [* {th:scoped,data-th-scoped}] [1000]: org.thymeleaf.standard.processor.StandardConditionalFixedValueTagProcessor
[THYMELEAF]             * [* {th:novalidate,data-th-novalidate}] [1000]: org.thymeleaf.standard.processor.StandardConditionalFixedValueTagProcessor
[THYMELEAF]             * [* {th:async,data-th-async}] [1000]: org.thymeleaf.standard.processor.StandardConditionalFixedValueTagProcessor
[THYMELEAF]             * [* {th:declare,data-th-declare}] [1000]: org.thymeleaf.standard.processor.StandardConditionalFixedValueTagProcessor
[THYMELEAF]             * [* {th:pubdate,data-th-pubdate}] [1000]: org.thymeleaf.standard.processor.StandardConditionalFixedValueTagProcessor
[THYMELEAF]             * [* {th:ismap,data-th-ismap}] [1000]: org.thymeleaf.standard.processor.StandardConditionalFixedValueTagProcessor
[THYMELEAF]             * [* {th:autofocus,data-th-autofocus}] [1000]: org.thymeleaf.standard.processor.StandardConditionalFixedValueTagProcessor
[THYMELEAF]             * [* {th:readonly,data-th-readonly}] [1000]: org.thymeleaf.standard.processor.StandardConditionalFixedValueTagProcessor
[THYMELEAF]             * [* {th:multiple,data-th-multiple}] [1000]: org.thymeleaf.standard.processor.StandardConditionalFixedValueTagProcessor
[THYMELEAF]             * [* {th:formnovalidate,data-th-formnovalidate}] [1000]: org.thymeleaf.standard.processor.StandardConditionalFixedValueTagProcessor
[THYMELEAF]             * [* {th:hidden,data-th-hidden}] [1000]: org.thymeleaf.standard.processor.StandardConditionalFixedValueTagProcessor
[THYMELEAF]             * [* {th:loop,data-th-loop}] [1000]: org.thymeleaf.standard.processor.StandardConditionalFixedValueTagProcessor
[THYMELEAF]             * [* {th:default,data-th-default}] [1000]: org.thymeleaf.standard.processor.StandardConditionalFixedValueTagProcessor
[THYMELEAF]             * [* {th:reversed,data-th-reversed}] [1000]: org.thymeleaf.standard.processor.StandardConditionalFixedValueTagProcessor
[THYMELEAF]             * [* {th:open,data-th-open}] [1000]: org.thymeleaf.standard.processor.StandardConditionalFixedValueTagProcessor
[THYMELEAF]             * [* {th:seamless,data-th-seamless}] [1000]: org.thymeleaf.standard.processor.StandardConditionalFixedValueTagProcessor
[THYMELEAF]             * [* {th:ondurationchange,data-th-ondurationchange}] [1000]: org.thymeleaf.standard.processor.StandardDOMEventAttributeTagProcessor
[THYMELEAF]             * [* {th:oncanplaythrough,data-th-oncanplaythrough}] [1000]: org.thymeleaf.standard.processor.StandardDOMEventAttributeTagProcessor
[THYMELEAF]             * [* {th:onstalled,data-th-onstalled}] [1000]: org.thymeleaf.standard.processor.StandardDOMEventAttributeTagProcessor
[THYMELEAF]             * [* {th:onblur,data-th-onblur}] [1000]: org.thymeleaf.standard.processor.StandardDOMEventAttributeTagProcessor
[THYMELEAF]             * [* {th:onplaying,data-th-onplaying}] [1000]: org.thymeleaf.standard.processor.StandardDOMEventAttributeTagProcessor
[THYMELEAF]             * [* {th:onpopstate,data-th-onpopstate}] [1000]: org.thymeleaf.standard.processor.StandardDOMEventAttributeTagProcessor
[THYMELEAF]             * [* {th:onended,data-th-onended}] [1000]: org.thymeleaf.standard.processor.StandardDOMEventAttributeTagProcessor
[THYMELEAF]             * [* {th:ondragover,data-th-ondragover}] [1000]: org.thymeleaf.standard.processor.StandardDOMEventAttributeTagProcessor
[THYMELEAF]             * [* {th:onmouseover,data-th-onmouseover}] [1000]: org.thymeleaf.standard.processor.StandardDOMEventAttributeTagProcessor
[THYMELEAF]             * [* {th:onmousewheel,data-th-onmousewheel}] [1000]: org.thymeleaf.standard.processor.StandardDOMEventAttributeTagProcessor
[THYMELEAF]             * [* {th:onformchange,data-th-onformchange}] [1000]: org.thymeleaf.standard.processor.StandardDOMEventAttributeTagProcessor
[THYMELEAF]             * [* {th:ondragend,data-th-ondragend}] [1000]: org.thymeleaf.standard.processor.StandardDOMEventAttributeTagProcessor
[THYMELEAF]             * [* {th:onfocus,data-th-onfocus}] [1000]: org.thymeleaf.standard.processor.StandardDOMEventAttributeTagProcessor
[THYMELEAF]             * [* {th:onplay,data-th-onplay}] [1000]: org.thymeleaf.standard.processor.StandardDOMEventAttributeTagProcessor
[THYMELEAF]             * [* {th:onbeforeunload,data-th-onbeforeunload}] [1000]: org.thymeleaf.standard.processor.StandardDOMEventAttributeTagProcessor
[THYMELEAF]             * [* {th:onloadstart,data-th-onloadstart}] [1000]: org.thymeleaf.standard.processor.StandardDOMEventAttributeTagProcessor
[THYMELEAF]             * [* {th:onkeyup,data-th-onkeyup}] [1000]: org.thymeleaf.standard.processor.StandardDOMEventAttributeTagProcessor
[THYMELEAF]             * [* {th:onloadeddata,data-th-onloadeddata}] [1000]: org.thymeleaf.standard.processor.StandardDOMEventAttributeTagProcessor
[THYMELEAF]             * [* {th:onmousemove,data-th-onmousemove}] [1000]: org.thymeleaf.standard.processor.StandardDOMEventAttributeTagProcessor
[THYMELEAF]             * [* {th:onsubmit,data-th-onsubmit}] [1000]: org.thymeleaf.standard.processor.StandardDOMEventAttributeTagProcessor
[THYMELEAF]             * [* {th:onscroll,data-th-onscroll}] [1000]: org.thymeleaf.standard.processor.StandardDOMEventAttributeTagProcessor
[THYMELEAF]             * [* {th:onvolumechange,data-th-onvolumechange}] [1000]: org.thymeleaf.standard.processor.StandardDOMEventAttributeTagProcessor
[THYMELEAF]             * [* {th:onkeydown,data-th-onkeydown}] [1000]: org.thymeleaf.standard.processor.StandardDOMEventAttributeTagProcessor
[THYMELEAF]             * [* {th:onmessage,data-th-onmessage}] [1000]: org.thymeleaf.standard.processor.StandardDOMEventAttributeTagProcessor
[THYMELEAF]             * [* {th:onredo,data-th-onredo}] [1000]: org.thymeleaf.standard.processor.StandardDOMEventAttributeTagProcessor
[THYMELEAF]             * [* {th:onprogress,data-th-onprogress}] [1000]: org.thymeleaf.standard.processor.StandardDOMEventAttributeTagProcessor
[THYMELEAF]             * [* {th:onbeforeprint,data-th-onbeforeprint}] [1000]: org.thymeleaf.standard.processor.StandardDOMEventAttributeTagProcessor
[THYMELEAF]             * [* {th:onabort,data-th-onabort}] [1000]: org.thymeleaf.standard.processor.StandardDOMEventAttributeTagProcessor
[THYMELEAF]             * [* {th:onundo,data-th-onundo}] [1000]: org.thymeleaf.standard.processor.StandardDOMEventAttributeTagProcessor
[THYMELEAF]             * [* {th:onforminput,data-th-onforminput}] [1000]: org.thymeleaf.standard.processor.StandardDOMEventAttributeTagProcessor
[THYMELEAF]             * [* {th:ondrop,data-th-ondrop}] [1000]: org.thymeleaf.standard.processor.StandardDOMEventAttributeTagProcessor
[THYMELEAF]             * [* {th:oncontextmenu,data-th-oncontextmenu}] [1000]: org.thymeleaf.standard.processor.StandardDOMEventAttributeTagProcessor
[THYMELEAF]             * [* {th:onunload,data-th-onunload}] [1000]: org.thymeleaf.standard.processor.StandardDOMEventAttributeTagProcessor
[THYMELEAF]             * [* {th:onclick,data-th-onclick}] [1000]: org.thymeleaf.standard.processor.StandardDOMEventAttributeTagProcessor
[THYMELEAF]             * [* {th:onpause,data-th-onpause}] [1000]: org.thymeleaf.standard.processor.StandardDOMEventAttributeTagProcessor
[THYMELEAF]             * [* {th:onselect,data-th-onselect}] [1000]: org.thymeleaf.standard.processor.StandardDOMEventAttributeTagProcessor
[THYMELEAF]             * [* {th:onloadedmetadata,data-th-onloadedmetadata}] [1000]: org.thymeleaf.standard.processor.StandardDOMEventAttributeTagProcessor
[THYMELEAF]             * [* {th:oncanplay,data-th-oncanplay}] [1000]: org.thymeleaf.standard.processor.StandardDOMEventAttributeTagProcessor
[THYMELEAF]             * [* {th:onmouseup,data-th-onmouseup}] [1000]: org.thymeleaf.standard.processor.StandardDOMEventAttributeTagProcessor
[THYMELEAF]             * [* {th:onchange,data-th-onchange}] [1000]: org.thymeleaf.standard.processor.StandardDOMEventAttributeTagProcessor
[THYMELEAF]             * [* {th:onhashchange,data-th-onhashchange}] [1000]: org.thymeleaf.standard.processor.StandardDOMEventAttributeTagProcessor
[THYMELEAF]             * [* {th:onafterprint,data-th-onafterprint}] [1000]: org.thymeleaf.standard.processor.StandardDOMEventAttributeTagProcessor
[THYMELEAF]             * [* {th:onemptied,data-th-onemptied}] [1000]: org.thymeleaf.standard.processor.StandardDOMEventAttributeTagProcessor
[THYMELEAF]             * [* {th:ondragleave,data-th-ondragleave}] [1000]: org.thymeleaf.standard.processor.StandardDOMEventAttributeTagProcessor
[THYMELEAF]             * [* {th:onreadystatechange,data-th-onreadystatechange}] [1000]: org.thymeleaf.standard.processor.StandardDOMEventAttributeTagProcessor
[THYMELEAF]             * [* {th:oninvalid,data-th-oninvalid}] [1000]: org.thymeleaf.standard.processor.StandardDOMEventAttributeTagProcessor
[THYMELEAF]             * [* {th:ontimeupdate,data-th-ontimeupdate}] [1000]: org.thymeleaf.standard.processor.StandardDOMEventAttributeTagProcessor
[THYMELEAF]             * [* {th:onseeked,data-th-onseeked}] [1000]: org.thymeleaf.standard.processor.StandardDOMEventAttributeTagProcessor
[THYMELEAF]             * [* {th:onoffline,data-th-onoffline}] [1000]: org.thymeleaf.standard.processor.StandardDOMEventAttributeTagProcessor
[THYMELEAF]             * [* {th:onstorage,data-th-onstorage}] [1000]: org.thymeleaf.standard.processor.StandardDOMEventAttributeTagProcessor
[THYMELEAF]             * [* {th:onratechange,data-th-onratechange}] [1000]: org.thymeleaf.standard.processor.StandardDOMEventAttributeTagProcessor
[THYMELEAF]             * [* {th:ondragenter,data-th-ondragenter}] [1000]: org.thymeleaf.standard.processor.StandardDOMEventAttributeTagProcessor
[THYMELEAF]             * [* {th:onmousedown,data-th-onmousedown}] [1000]: org.thymeleaf.standard.processor.StandardDOMEventAttributeTagProcessor
[THYMELEAF]             * [* {th:onwaiting,data-th-onwaiting}] [1000]: org.thymeleaf.standard.processor.StandardDOMEventAttributeTagProcessor
[THYMELEAF]             * [* {th:onseeking,data-th-onseeking}] [1000]: org.thymeleaf.standard.processor.StandardDOMEventAttributeTagProcessor
[THYMELEAF]             * [* {th:onerror,data-th-onerror}] [1000]: org.thymeleaf.standard.processor.StandardDOMEventAttributeTagProcessor
[THYMELEAF]             * [* {th:onmouseout,data-th-onmouseout}] [1000]: org.thymeleaf.standard.processor.StandardDOMEventAttributeTagProcessor
[THYMELEAF]             * [* {th:oninput,data-th-oninput}] [1000]: org.thymeleaf.standard.processor.StandardDOMEventAttributeTagProcessor
[THYMELEAF]             * [* {th:onkeypress,data-th-onkeypress}] [1000]: org.thymeleaf.standard.processor.StandardDOMEventAttributeTagProcessor
[THYMELEAF]             * [* {th:onresize,data-th-onresize}] [1000]: org.thymeleaf.standard.processor.StandardDOMEventAttributeTagProcessor
[THYMELEAF]             * [* {th:ononline,data-th-ononline}] [1000]: org.thymeleaf.standard.processor.StandardDOMEventAttributeTagProcessor
[THYMELEAF]             * [* {th:onsuspend,data-th-onsuspend}] [1000]: org.thymeleaf.standard.processor.StandardDOMEventAttributeTagProcessor
[THYMELEAF]             * [* {th:onshow,data-th-onshow}] [1000]: org.thymeleaf.standard.processor.StandardDOMEventAttributeTagProcessor
[THYMELEAF]             * [* {th:onreset,data-th-onreset}] [1000]: org.thymeleaf.standard.processor.StandardDOMEventAttributeTagProcessor
[THYMELEAF]             * [* {th:ondrag,data-th-ondrag}] [1000]: org.thymeleaf.standard.processor.StandardDOMEventAttributeTagProcessor
[THYMELEAF]             * [* {th:ondragstart,data-th-ondragstart}] [1000]: org.thymeleaf.standard.processor.StandardDOMEventAttributeTagProcessor
[THYMELEAF]             * [* {th:onload,data-th-onload}] [1000]: org.thymeleaf.standard.processor.StandardDOMEventAttributeTagProcessor
[THYMELEAF]             * [* {th:ondblclick,data-th-ondblclick}] [1000]: org.thymeleaf.standard.processor.StandardDOMEventAttributeTagProcessor
[THYMELEAF]             * [* {th:href,data-th-href}] [1000]: org.thymeleaf.standard.processor.StandardHrefTagProcessor
[THYMELEAF]             * [* {th:inline,data-th-inline}] [1000]: org.thymeleaf.standard.processor.StandardInlineHTMLTagProcessor
[THYMELEAF]             * [* {th:method,data-th-method}] [1000]: org.thymeleaf.standard.processor.StandardMethodTagProcessor
[THYMELEAF]             * [* {th:type,data-th-type}] [1000]: org.thymeleaf.standard.processor.StandardNonRemovableAttributeTagProcessor
[THYMELEAF]             * [* {th:name,data-th-name}] [1000]: org.thymeleaf.standard.processor.StandardNonRemovableAttributeTagProcessor
[THYMELEAF]             * [* {th:frameborder,data-th-frameborder}] [1000]: org.thymeleaf.standard.processor.StandardRemovableAttributeTagProcessor
[THYMELEAF]             * [* {th:hreflang,data-th-hreflang}] [1000]: org.thymeleaf.standard.processor.StandardRemovableAttributeTagProcessor
[THYMELEAF]             * [* {th:placeholder,data-th-placeholder}] [1000]: org.thymeleaf.standard.processor.StandardRemovableAttributeTagProcessor
[THYMELEAF]             * [* {th:accesskey,data-th-accesskey}] [1000]: org.thymeleaf.standard.processor.StandardRemovableAttributeTagProcessor
[THYMELEAF]             * [* {th:vspace,data-th-vspace}] [1000]: org.thymeleaf.standard.processor.StandardRemovableAttributeTagProcessor
[THYMELEAF]             * [* {th:dropzone,data-th-dropzone}] [1000]: org.thymeleaf.standard.processor.StandardRemovableAttributeTagProcessor
[THYMELEAF]             * [* {th:srclang,data-th-srclang}] [1000]: org.thymeleaf.standard.processor.StandardRemovableAttributeTagProcessor
[THYMELEAF]             * [* {th:audio,data-th-audio}] [1000]: org.thymeleaf.standard.processor.StandardRemovableAttributeTagProcessor
[THYMELEAF]             * [* {th:frame,data-th-frame}] [1000]: org.thymeleaf.standard.processor.StandardRemovableAttributeTagProcessor
[THYMELEAF]             * [* {th:classid,data-th-classid}] [1000]: org.thymeleaf.standard.processor.StandardRemovableAttributeTagProcessor
[THYMELEAF]             * [* {th:colspan,data-th-colspan}] [1000]: org.thymeleaf.standard.processor.StandardRemovableAttributeTagProcessor
[THYMELEAF]             * [* {th:marginwidth,data-th-marginwidth}] [1000]: org.thymeleaf.standard.processor.StandardRemovableAttributeTagProcessor
[THYMELEAF]             * [* {th:icon,data-th-icon}] [1000]: org.thymeleaf.standard.processor.StandardRemovableAttributeTagProcessor
[THYMELEAF]             * [* {th:spellcheck,data-th-spellcheck}] [1000]: org.thymeleaf.standard.processor.StandardRemovableAttributeTagProcessor
[THYMELEAF]             * [* {th:alt,data-th-alt}] [1000]: org.thymeleaf.standard.processor.StandardRemovableAttributeTagProcessor
[THYMELEAF]             * [* {th:content,data-th-content}] [1000]: org.thymeleaf.standard.processor.StandardRemovableAttributeTagProcessor
[THYMELEAF]             * [* {th:valuetype,data-th-valuetype}] [1000]: org.thymeleaf.standard.processor.StandardRemovableAttributeTagProcessor
[THYMELEAF]             * [* {th:style,data-th-style}] [1000]: org.thymeleaf.standard.processor.StandardRemovableAttributeTagProcessor
[THYMELEAF]             * [* {th:contenteditable,data-th-contenteditable}] [1000]: org.thymeleaf.standard.processor.StandardRemovableAttributeTagProcessor
[THYMELEAF]             * [* {th:challenge,data-th-challenge}] [1000]: org.thymeleaf.standard.processor.StandardRemovableAttributeTagProcessor
[THYMELEAF]             * [* {th:standby,data-th-standby}] [1000]: org.thymeleaf.standard.processor.StandardRemovableAttributeTagProcessor
[THYMELEAF]             * [* {th:id,data-th-id}] [1000]: org.thymeleaf.standard.processor.StandardRemovableAttributeTagProcessor
[THYMELEAF]             * [* {th:wrap,data-th-wrap}] [1000]: org.thymeleaf.standard.processor.StandardRemovableAttributeTagProcessor
[THYMELEAF]             * [* {th:form,data-th-form}] [1000]: org.thymeleaf.standard.processor.StandardRemovableAttributeTagProcessor
[THYMELEAF]             * [* {th:label,data-th-label}] [1000]: org.thymeleaf.standard.processor.StandardRemovableAttributeTagProcessor
[THYMELEAF]             * [* {th:formmethod,data-th-formmethod}] [1000]: org.thymeleaf.standard.processor.StandardRemovableAttributeTagProcessor
[THYMELEAF]             * [* {th:high,data-th-high}] [1000]: org.thymeleaf.standard.processor.StandardRemovableAttributeTagProcessor
[THYMELEAF]             * [* {th:headers,data-th-headers}] [1000]: org.thymeleaf.standard.processor.StandardRemovableAttributeTagProcessor
[THYMELEAF]             * [* {th:marginheight,data-th-marginheight}] [1000]: org.thymeleaf.standard.processor.StandardRemovableAttributeTagProcessor
[THYMELEAF]             * [* {th:step,data-th-step}] [1000]: org.thymeleaf.standard.processor.StandardRemovableAttributeTagProcessor
[THYMELEAF]             * [* {th:formaction,data-th-formaction}] [1000]: org.thymeleaf.standard.processor.StandardRemovableAttributeTagProcessor
[THYMELEAF]             * [* {th:rev,data-th-rev}] [1000]: org.thymeleaf.standard.processor.StandardRemovableAttributeTagProcessor
[THYMELEAF]             * [* {th:size,data-th-size}] [1000]: org.thymeleaf.standard.processor.StandardRemovableAttributeTagProcessor
[THYMELEAF]             * [* {th:lang,data-th-lang}] [1000]: org.thymeleaf.standard.processor.StandardRemovableAttributeTagProcessor
[THYMELEAF]             * [* {th:cellpadding,data-th-cellpadding}] [1000]: org.thymeleaf.standard.processor.StandardRemovableAttributeTagProcessor
[THYMELEAF]             * [* {th:http-equiv,data-th-http-equiv}] [1000]: org.thymeleaf.standard.processor.StandardRemovableAttributeTagProcessor
[THYMELEAF]             * [* {th:cellspacing,data-th-cellspacing}] [1000]: org.thymeleaf.standard.processor.StandardRemovableAttributeTagProcessor
[THYMELEAF]             * [* {th:sizes,data-th-sizes}] [1000]: org.thymeleaf.standard.processor.StandardRemovableAttributeTagProcessor
[THYMELEAF]             * [* {th:sandbox,data-th-sandbox}] [1000]: org.thymeleaf.standard.processor.StandardRemovableAttributeTagProcessor
[THYMELEAF]             * [* {th:border,data-th-border}] [1000]: org.thymeleaf.standard.processor.StandardRemovableAttributeTagProcessor
[THYMELEAF]             * [* {th:usemap,data-th-usemap}] [1000]: org.thymeleaf.standard.processor.StandardRemovableAttributeTagProcessor
[THYMELEAF]             * [* {th:max,data-th-max}] [1000]: org.thymeleaf.standard.processor.StandardRemovableAttributeTagProcessor
[THYMELEAF]             * [* {th:scrolling,data-th-scrolling}] [1000]: org.thymeleaf.standard.processor.StandardRemovableAttributeTagProcessor
[THYMELEAF]             * [* {th:contextmenu,data-th-contextmenu}] [1000]: org.thymeleaf.standard.processor.StandardRemovableAttributeTagProcessor
[THYMELEAF]             * [* {th:axis,data-th-axis}] [1000]: org.thymeleaf.standard.processor.StandardRemovableAttributeTagProcessor
[THYMELEAF]             * [* {th:span,data-th-span}] [1000]: org.thymeleaf.standard.processor.StandardRemovableAttributeTagProcessor
[THYMELEAF]             * [* {th:width,data-th-width}] [1000]: org.thymeleaf.standard.processor.StandardRemovableAttributeTagProcessor
[THYMELEAF]             * [* {th:scope,data-th-scope}] [1000]: org.thymeleaf.standard.processor.StandardRemovableAttributeTagProcessor
[THYMELEAF]             * [* {th:optimum,data-th-optimum}] [1000]: org.thymeleaf.standard.processor.StandardRemovableAttributeTagProcessor
[THYMELEAF]             * [* {th:min,data-th-min}] [1000]: org.thymeleaf.standard.processor.StandardRemovableAttributeTagProcessor
[THYMELEAF]             * [* {th:archive,data-th-archive}] [1000]: org.thymeleaf.standard.processor.StandardRemovableAttributeTagProcessor
[THYMELEAF]             * [* {th:title,data-th-title}] [1000]: org.thymeleaf.standard.processor.StandardRemovableAttributeTagProcessor
[THYMELEAF]             * [* {th:background,data-th-background}] [1000]: org.thymeleaf.standard.processor.StandardRemovableAttributeTagProcessor
[THYMELEAF]             * [* {th:bgcolor,data-th-bgcolor}] [1000]: org.thymeleaf.standard.processor.StandardRemovableAttributeTagProcessor
[THYMELEAF]             * [* {th:compact,data-th-compact}] [1000]: org.thymeleaf.standard.processor.StandardRemovableAttributeTagProcessor
[THYMELEAF]             * [* {th:pattern,data-th-pattern}] [1000]: org.thymeleaf.standard.processor.StandardRemovableAttributeTagProcessor
[THYMELEAF]             * [* {th:target,data-th-target}] [1000]: org.thymeleaf.standard.processor.StandardRemovableAttributeTagProcessor
[THYMELEAF]             * [* {th:rel,data-th-rel}] [1000]: org.thymeleaf.standard.processor.StandardRemovableAttributeTagProcessor
[THYMELEAF]             * [* {th:class,data-th-class}] [1000]: org.thymeleaf.standard.processor.StandardRemovableAttributeTagProcessor
[THYMELEAF]             * [* {th:for,data-th-for}] [1000]: org.thymeleaf.standard.processor.StandardRemovableAttributeTagProcessor
[THYMELEAF]             * [* {th:list,data-th-list}] [1000]: org.thymeleaf.standard.processor.StandardRemovableAttributeTagProcessor
[THYMELEAF]             * [* {th:manifest,data-th-manifest}] [1000]: org.thymeleaf.standard.processor.StandardRemovableAttributeTagProcessor
[THYMELEAF]             * [* {th:abbr,data-th-abbr}] [1000]: org.thymeleaf.standard.processor.StandardRemovableAttributeTagProcessor
[THYMELEAF]             * [* {th:radiogroup,data-th-radiogroup}] [1000]: org.thymeleaf.standard.processor.StandardRemovableAttributeTagProcessor
[THYMELEAF]             * [* {th:summary,data-th-summary}] [1000]: org.thymeleaf.standard.processor.StandardRemovableAttributeTagProcessor
[THYMELEAF]             * [* {th:scheme,data-th-scheme}] [1000]: org.thymeleaf.standard.processor.StandardRemovableAttributeTagProcessor
[THYMELEAF]             * [* {th:maxlength,data-th-maxlength}] [1000]: org.thymeleaf.standard.processor.StandardRemovableAttributeTagProcessor
[THYMELEAF]             * [* {th:accept,data-th-accept}] [1000]: org.thymeleaf.standard.processor.StandardRemovableAttributeTagProcessor
[THYMELEAF]             * [* {th:cite,data-th-cite}] [1000]: org.thymeleaf.standard.processor.StandardRemovableAttributeTagProcessor
[THYMELEAF]             * [* {th:align,data-th-align}] [1000]: org.thymeleaf.standard.processor.StandardRemovableAttributeTagProcessor
[THYMELEAF]             * [* {th:rows,data-th-rows}] [1000]: org.thymeleaf.standard.processor.StandardRemovableAttributeTagProcessor
[THYMELEAF]             * [* {th:longdesc,data-th-longdesc}] [1000]: org.thymeleaf.standard.processor.StandardRemovableAttributeTagProcessor
[THYMELEAF]             * [* {th:charset,data-th-charset}] [1000]: org.thymeleaf.standard.processor.StandardRemovableAttributeTagProcessor
[THYMELEAF]             * [* {th:formenctype,data-th-formenctype}] [1000]: org.thymeleaf.standard.processor.StandardRemovableAttributeTagProcessor
[THYMELEAF]             * [* {th:tabindex,data-th-tabindex}] [1000]: org.thymeleaf.standard.processor.StandardRemovableAttributeTagProcessor
[THYMELEAF]             * [* {th:data,data-th-data}] [1000]: org.thymeleaf.standard.processor.StandardRemovableAttributeTagProcessor
[THYMELEAF]             * [* {th:codetype,data-th-codetype}] [1000]: org.thymeleaf.standard.processor.StandardRemovableAttributeTagProcessor
[THYMELEAF]             * [* {th:height,data-th-height}] [1000]: org.thymeleaf.standard.processor.StandardRemovableAttributeTagProcessor
[THYMELEAF]             * [* {th:codebase,data-th-codebase}] [1000]: org.thymeleaf.standard.processor.StandardRemovableAttributeTagProcessor
[THYMELEAF]             * [* {th:preload,data-th-preload}] [1000]: org.thymeleaf.standard.processor.StandardRemovableAttributeTagProcessor
[THYMELEAF]             * [* {th:accept-charset,data-th-accept-charset}] [1000]: org.thymeleaf.standard.processor.StandardRemovableAttributeTagProcessor
[THYMELEAF]             * [* {th:poster,data-th-poster}] [1000]: org.thymeleaf.standard.processor.StandardRemovableAttributeTagProcessor
[THYMELEAF]             * [* {th:low,data-th-low}] [1000]: org.thymeleaf.standard.processor.StandardRemovableAttributeTagProcessor
[THYMELEAF]             * [* {th:draggable,data-th-draggable}] [1000]: org.thymeleaf.standard.processor.StandardRemovableAttributeTagProcessor
[THYMELEAF]             * [* {th:kind,data-th-kind}] [1000]: org.thymeleaf.standard.processor.StandardRemovableAttributeTagProcessor
[THYMELEAF]             * [* {th:formtarget,data-th-formtarget}] [1000]: org.thymeleaf.standard.processor.StandardRemovableAttributeTagProcessor
[THYMELEAF]             * [* {th:rules,data-th-rules}] [1000]: org.thymeleaf.standard.processor.StandardRemovableAttributeTagProcessor
[THYMELEAF]             * [* {th:dir,data-th-dir}] [1000]: org.thymeleaf.standard.processor.StandardRemovableAttributeTagProcessor
[THYMELEAF]             * [* {th:cols,data-th-cols}] [1000]: org.thymeleaf.standard.processor.StandardRemovableAttributeTagProcessor
[THYMELEAF]             * [* {th:rowspan,data-th-rowspan}] [1000]: org.thymeleaf.standard.processor.StandardRemovableAttributeTagProcessor
[THYMELEAF]             * [* {th:enctype,data-th-enctype}] [1000]: org.thymeleaf.standard.processor.StandardRemovableAttributeTagProcessor
[THYMELEAF]             * [* {th:hspace,data-th-hspace}] [1000]: org.thymeleaf.standard.processor.StandardRemovableAttributeTagProcessor
[THYMELEAF]             * [* {th:datetime,data-th-datetime}] [1000]: org.thymeleaf.standard.processor.StandardRemovableAttributeTagProcessor
[THYMELEAF]             * [* {th:autocomplete,data-th-autocomplete}] [1000]: org.thymeleaf.standard.processor.StandardRemovableAttributeTagProcessor
[THYMELEAF]             * [* {th:keytype,data-th-keytype}] [1000]: org.thymeleaf.standard.processor.StandardRemovableAttributeTagProcessor
[THYMELEAF]             * [* {th:media,data-th-media}] [1000]: org.thymeleaf.standard.processor.StandardRemovableAttributeTagProcessor
[THYMELEAF]             * [* {th:start,data-th-start}] [1000]: org.thymeleaf.standard.processor.StandardRemovableAttributeTagProcessor
[THYMELEAF]             * [* {th:src,data-th-src}] [1000]: org.thymeleaf.standard.processor.StandardSrcTagProcessor
[THYMELEAF]             * [* {th:value,data-th-value}] [1000]: org.thymeleaf.standard.processor.StandardValueTagProcessor
[THYMELEAF]             * [* {th:xmlbase,data-th-xmlbase}] [1000]: org.thymeleaf.standard.processor.StandardXmlBaseTagProcessor
[THYMELEAF]             * [* {th:xmllang,data-th-xmllang}] [1000]: org.thymeleaf.standard.processor.StandardXmlLangTagProcessor
[THYMELEAF]             * [* {xmlns:th}] [1000]: org.thymeleaf.standard.processor.StandardXmlNsTagProcessor
[THYMELEAF]             * [* {th:xmlspace,data-th-xmlspace}] [1000]: org.thymeleaf.standard.processor.StandardXmlSpaceTagProcessor
[THYMELEAF]             * [* {th:classappend,data-th-classappend}] [1100]: org.thymeleaf.standard.processor.StandardClassappendTagProcessor
[THYMELEAF]             * [* {th:styleappend,data-th-styleappend}] [1100]: org.thymeleaf.standard.processor.StandardStyleappendTagProcessor
[THYMELEAF]             * [* {th:text,data-th-text}] [1300]: org.thymeleaf.standard.processor.StandardTextTagProcessor
[THYMELEAF]             * [* {th:utext,data-th-utext}] [1400]: org.thymeleaf.standard.processor.StandardUtextTagProcessor
[THYMELEAF]             * [* {th:fragment,data-th-fragment}] [1500]: org.thymeleaf.standard.processor.StandardFragmentTagProcessor
[THYMELEAF]             * [* {th:assert,data-th-assert}] [1550]: org.thymeleaf.standard.processor.StandardAssertTagProcessor
[THYMELEAF]             * [* {th:remove,data-th-remove}] [1600]: org.thymeleaf.standard.processor.StandardRemoveTagProcessor
[THYMELEAF]             * [* {th:ref,data-th-ref}] [10000]: org.thymeleaf.standard.processor.StandardRefAttributeTagProcessor
[THYMELEAF]             * [{th:block,th-block} *] [100000]: org.thymeleaf.standard.processor.StandardBlockTagProcessor
[THYMELEAF]             * [* th:*] [2147483647]: org.thymeleaf.standard.processor.StandardDefaultAttributesTagProcessor
[THYMELEAF]         * Text Processors by [precedence]:
[THYMELEAF]             * [1000]: org.thymeleaf.standard.processor.StandardInliningTextProcessor
[THYMELEAF]         * DOCTYPE Processors by [precedence]:
[THYMELEAF]             * [1000]: org.thymeleaf.standard.processor.StandardTranslationDocTypeProcessor
[THYMELEAF]         * CDATA Section Processors by [precedence]:
[THYMELEAF]             * [1000]: org.thymeleaf.standard.processor.StandardInliningCDATASectionProcessor
[THYMELEAF]         * Comment Processors by [precedence]:
[THYMELEAF]             * [1000]: org.thymeleaf.standard.processor.StandardInliningCommentProcessor
[THYMELEAF]             * [1100]: org.thymeleaf.standard.processor.StandardConditionalCommentProcessor
[THYMELEAF]     * Processors for Template Mode: XML
[THYMELEAF]         * Element Tag Processors by [matching element and attribute name] [precedence]:
[THYMELEAF]             * [* {th:include}] [100]: org.thymeleaf.standard.processor.StandardIncludeTagProcessor
[THYMELEAF]             * [* {th:insert}] [100]: org.thymeleaf.standard.processor.StandardInsertTagProcessor
[THYMELEAF]             * [* {th:replace}] [100]: org.thymeleaf.standard.processor.StandardReplaceTagProcessor
[THYMELEAF]             * [* {th:each}] [200]: com.intuit.karate.template.KarateEachTagProcessor
[THYMELEAF]             * [* {th:switch}] [250]: org.thymeleaf.standard.processor.StandardSwitchTagProcessor
[THYMELEAF]             * [* {th:case}] [275]: org.thymeleaf.standard.processor.StandardCaseTagProcessor
[THYMELEAF]             * [* {th:if}] [300]: org.thymeleaf.standard.processor.StandardIfTagProcessor
[THYMELEAF]             * [* {th:unless}] [400]: org.thymeleaf.standard.processor.StandardUnlessTagProcessor
[THYMELEAF]             * [* {th:object}] [500]: org.thymeleaf.standard.processor.StandardObjectTagProcessor
[THYMELEAF]             * [* {th:with}] [600]: com.intuit.karate.template.KarateWithTagProcessor
[THYMELEAF]             * [* {th:attr}] [700]: com.intuit.karate.template.KarateAttributeTagProcessor.KarateAttrTagProcessor
[THYMELEAF]             * [* {th:attrappend}] [900]: com.intuit.karate.template.KarateAttributeTagProcessor.KarateAttrappendTagProcessor
[THYMELEAF]             * [* {th:attrprepend}] [900]: com.intuit.karate.template.KarateAttributeTagProcessor.KarateAttrprependTagProcessor
[THYMELEAF]             * [* {th:inline}] [1000]: org.thymeleaf.standard.processor.StandardInlineXMLTagProcessor
[THYMELEAF]             * [* {xmlns:th}] [1000]: org.thymeleaf.standard.processor.StandardXmlNsTagProcessor
[THYMELEAF]             * [* {th:text}] [1300]: org.thymeleaf.standard.processor.StandardTextTagProcessor
[THYMELEAF]             * [* {th:utext}] [1400]: org.thymeleaf.standard.processor.StandardUtextTagProcessor
[THYMELEAF]             * [* {th:fragment}] [1500]: org.thymeleaf.standard.processor.StandardFragmentTagProcessor
[THYMELEAF]             * [* {th:assert}] [1550]: org.thymeleaf.standard.processor.StandardAssertTagProcessor
[THYMELEAF]             * [* {th:remove}] [1600]: org.thymeleaf.standard.processor.StandardRemoveTagProcessor
[THYMELEAF]             * [* {th:ref}] [10000]: org.thymeleaf.standard.processor.StandardRefAttributeTagProcessor
[THYMELEAF]             * [{th:block} *] [100000]: org.thymeleaf.standard.processor.StandardBlockTagProcessor
[THYMELEAF]             * [* th:*] [2147483647]: org.thymeleaf.standard.processor.StandardDefaultAttributesTagProcessor
[THYMELEAF]         * Text Processors by [precedence]:
[THYMELEAF]             * [1000]: org.thymeleaf.standard.processor.StandardInliningTextProcessor
[THYMELEAF]         * CDATA Section Processors by [precedence]:
[THYMELEAF]             * [1000]: org.thymeleaf.standard.processor.StandardInliningCDATASectionProcessor
[THYMELEAF]         * Comment Processors by [precedence]:
[THYMELEAF]             * [1000]: org.thymeleaf.standard.processor.StandardInliningCommentProcessor
[THYMELEAF]     * Processors for Template Mode: TEXT
[THYMELEAF]         * Element Tag Processors by [matching element and attribute name] [precedence]:
[THYMELEAF]             * [* {th:insert}] [100]: org.thymeleaf.standard.processor.StandardInsertTagProcessor
[THYMELEAF]             * [* {th:replace}] [100]: org.thymeleaf.standard.processor.StandardReplaceTagProcessor
[THYMELEAF]             * [* {th:each}] [200]: com.intuit.karate.template.KarateEachTagProcessor
[THYMELEAF]             * [* {th:switch}] [250]: org.thymeleaf.standard.processor.StandardSwitchTagProcessor
[THYMELEAF]             * [* {th:case}] [275]: org.thymeleaf.standard.processor.StandardCaseTagProcessor
[THYMELEAF]             * [* {th:if}] [300]: org.thymeleaf.standard.processor.StandardIfTagProcessor
[THYMELEAF]             * [* {th:unless}] [400]: org.thymeleaf.standard.processor.StandardUnlessTagProcessor
[THYMELEAF]             * [* {th:object}] [500]: org.thymeleaf.standard.processor.StandardObjectTagProcessor
[THYMELEAF]             * [* {th:with}] [600]: com.intuit.karate.template.KarateWithTagProcessor
[THYMELEAF]             * [* {th:inline}] [1000]: org.thymeleaf.standard.processor.StandardInlineTextualTagProcessor
[THYMELEAF]             * [* {th:text}] [1300]: org.thymeleaf.standard.processor.StandardTextTagProcessor
[THYMELEAF]             * [* {th:utext}] [1400]: org.thymeleaf.standard.processor.StandardUtextTagProcessor
[THYMELEAF]             * [* {th:assert}] [1550]: org.thymeleaf.standard.processor.StandardAssertTagProcessor
[THYMELEAF]             * [* {th:remove}] [1600]: org.thymeleaf.standard.processor.StandardRemoveTagProcessor
[THYMELEAF]             * [{th:block} *] [100000]: org.thymeleaf.standard.processor.StandardBlockTagProcessor
[THYMELEAF]             * [* 100000] [org.thymeleaf.standard.processor.StandardBlockTagProcessor]: {}
[THYMELEAF]         * Text Processors by [precedence]:
[THYMELEAF]             * [1000]: org.thymeleaf.standard.processor.StandardInliningTextProcessor
[THYMELEAF]     * Processors for Template Mode: JAVASCRIPT
[THYMELEAF]         * Element Tag Processors by [matching element and attribute name] [precedence]:
[THYMELEAF]             * [* {th:insert}] [100]: org.thymeleaf.standard.processor.StandardInsertTagProcessor
[THYMELEAF]             * [* {th:replace}] [100]: org.thymeleaf.standard.processor.StandardReplaceTagProcessor
[THYMELEAF]             * [* {th:each}] [200]: com.intuit.karate.template.KarateEachTagProcessor
[THYMELEAF]             * [* {th:switch}] [250]: org.thymeleaf.standard.processor.StandardSwitchTagProcessor
[THYMELEAF]             * [* {th:case}] [275]: org.thymeleaf.standard.processor.StandardCaseTagProcessor
[THYMELEAF]             * [* {th:if}] [300]: org.thymeleaf.standard.processor.StandardIfTagProcessor
[THYMELEAF]             * [* {th:unless}] [400]: org.thymeleaf.standard.processor.StandardUnlessTagProcessor
[THYMELEAF]             * [* {th:object}] [500]: org.thymeleaf.standard.processor.StandardObjectTagProcessor
[THYMELEAF]             * [* {th:with}] [600]: com.intuit.karate.template.KarateWithTagProcessor
[THYMELEAF]             * [* {th:inline}] [1000]: org.thymeleaf.standard.processor.StandardInlineTextualTagProcessor
[THYMELEAF]             * [* {th:text}] [1300]: org.thymeleaf.standard.processor.StandardTextTagProcessor
[THYMELEAF]             * [* {th:utext}] [1400]: org.thymeleaf.standard.processor.StandardUtextTagProcessor
[THYMELEAF]             * [* {th:assert}] [1550]: org.thymeleaf.standard.processor.StandardAssertTagProcessor
[THYMELEAF]             * [* {th:remove}] [1600]: org.thymeleaf.standard.processor.StandardRemoveTagProcessor
[THYMELEAF]             * [{th:block} *] [100000]: org.thymeleaf.standard.processor.StandardBlockTagProcessor
[THYMELEAF]             * [* 100000] [org.thymeleaf.standard.processor.StandardBlockTagProcessor]: {}
[THYMELEAF]         * Text Processors by [precedence]:
[THYMELEAF]             * [1000]: org.thymeleaf.standard.processor.StandardInliningTextProcessor
[THYMELEAF]     * Processors for Template Mode: CSS
[THYMELEAF]         * Element Tag Processors by [matching element and attribute name] [precedence]:
[THYMELEAF]             * [* {th:insert}] [100]: org.thymeleaf.standard.processor.StandardInsertTagProcessor
[THYMELEAF]             * [* {th:replace}] [100]: org.thymeleaf.standard.processor.StandardReplaceTagProcessor
[THYMELEAF]             * [* {th:each}] [200]: com.intuit.karate.template.KarateEachTagProcessor
[THYMELEAF]             * [* {th:switch}] [250]: org.thymeleaf.standard.processor.StandardSwitchTagProcessor
[THYMELEAF]             * [* {th:case}] [275]: org.thymeleaf.standard.processor.StandardCaseTagProcessor
[THYMELEAF]             * [* {th:if}] [300]: org.thymeleaf.standard.processor.StandardIfTagProcessor
[THYMELEAF]             * [* {th:unless}] [400]: org.thymeleaf.standard.processor.StandardUnlessTagProcessor
[THYMELEAF]             * [* {th:object}] [500]: org.thymeleaf.standard.processor.StandardObjectTagProcessor
[THYMELEAF]             * [* {th:with}] [600]: com.intuit.karate.template.KarateWithTagProcessor
[THYMELEAF]             * [* {th:inline}] [1000]: org.thymeleaf.standard.processor.StandardInlineTextualTagProcessor
[THYMELEAF]             * [* {th:text}] [1300]: org.thymeleaf.standard.processor.StandardTextTagProcessor
[THYMELEAF]             * [* {th:utext}] [1400]: org.thymeleaf.standard.processor.StandardUtextTagProcessor
[THYMELEAF]             * [* {th:assert}] [1550]: org.thymeleaf.standard.processor.StandardAssertTagProcessor
[THYMELEAF]             * [* {th:remove}] [1600]: org.thymeleaf.standard.processor.StandardRemoveTagProcessor
[THYMELEAF]             * [* 100000] [org.thymeleaf.standard.processor.StandardBlockTagProcessor]: {}
[THYMELEAF]             * [{th:block} *] [100000]: org.thymeleaf.standard.processor.StandardBlockTagProcessor
[THYMELEAF]         * Text Processors by [precedence]:
[THYMELEAF]             * [1000]: org.thymeleaf.standard.processor.StandardInliningTextProcessor
[THYMELEAF]     * Expression Objects:
[THYMELEAF]         * #ctx
[THYMELEAF]         * #root
[THYMELEAF]         * #vars
[THYMELEAF]         * #object
[THYMELEAF]         * #locale
[THYMELEAF]         * #conversions
[THYMELEAF]         * #uris
[THYMELEAF]         * #temporals
[THYMELEAF]         * #calendars
[THYMELEAF]         * #dates
[THYMELEAF]         * #bools
[THYMELEAF]         * #numbers
[THYMELEAF]         * #objects
[THYMELEAF]         * #strings
[THYMELEAF]         * #arrays
[THYMELEAF]         * #lists
[THYMELEAF]         * #sets
[THYMELEAF]         * #maps
[THYMELEAF]         * #aggregates
[THYMELEAF]         * #messages
[THYMELEAF]         * #ids
[THYMELEAF]         * #execInfo
[THYMELEAF]         * #request
[THYMELEAF]         * #response
[THYMELEAF]         * #session
[THYMELEAF]         * #servletContext
[THYMELEAF]     * Execution Attributes:
[THYMELEAF]         * "StandardExpressionParser": com.intuit.karate.template.KarateStandardDialect@308e87a1
[THYMELEAF]         * "StandardJavaScriptSerializer": org.thymeleaf.standard.serializer.StandardJavaScriptSerializer@26d028f7
[THYMELEAF]         * "StandardCSSSerializer": org.thymeleaf.standard.serializer.StandardCSSSerializer@a2df0d5
[THYMELEAF]         * "StandardVariableExpressionEvaluator": com.intuit.karate.template.KarateStandardDialect@308e87a1
[THYMELEAF]         * "StandardConversionService": org.thymeleaf.standard.expression.StandardConversionService@782cc5fa
[THYMELEAF] * Dialect [2 of 2]: karate (com.intuit.karate.template.KarateScriptDialect)
[THYMELEAF]     * Prefix: "ka"
[THYMELEAF]     * Processors for Template Mode: HTML
[THYMELEAF]         * Element Tag Processors by [matching element and attribute name] [precedence]:
[THYMELEAF]             * [* {src}] [1000]: com.intuit.karate.template.KaScriptAttrProcessor
[THYMELEAF]         * Element Model Processors by [matching element and attribute name] [precedence]:
[THYMELEAF]             * [{script} {ka:scope,data-ka-scope}] [1000]: com.intuit.karate.template.KaScriptElemProcessor
[THYMELEAF]             * [* {ka:set,data-ka-set}] [1000]: com.intuit.karate.template.KaSetElemProcessor
[THYMELEAF] TEMPLATE ENGINE CONFIGURED OK
19:20:07.828 [main] DEBUG org.thymeleaf.TemplateEngine -- [THYMELEAF] TEMPLATE ENGINE INITIALIZED
19:20:07.833 [main] DEBUG org.thymeleaf.TemplateEngine -- [THYMELEAF] INITIALIZING TEMPLATE ENGINE
19:20:07.843 [main] DEBUG org.thymeleaf.TemplateEngine.CONFIG -- Initializing Thymeleaf Template engine configuration...
[THYMELEAF] TEMPLATE ENGINE CONFIGURATION:
[THYMELEAF] * Thymeleaf version: 3.1.2.RELEASE (built 2023-07-30T19:25:50+0000)
[THYMELEAF] * Cache Manager implementation: org.thymeleaf.cache.StandardCacheManager
[THYMELEAF] * Template resolvers:
[THYMELEAF]     * [1] com.intuit.karate.template.ResourceHtmlTemplateResolver
[THYMELEAF] * Message resolvers:
[THYMELEAF]     * org.thymeleaf.messageresolver.StandardMessageResolver
[THYMELEAF] * Link builders:
[THYMELEAF]     * org.thymeleaf.linkbuilder.StandardLinkBuilder
[THYMELEAF] * Dialect [1 of 2]: Standard (com.intuit.karate.template.KarateStandardDialect)
[THYMELEAF]     * Prefix: "th"
[THYMELEAF]     * Processors for Template Mode: HTML
[THYMELEAF]         * Element Tag Processors by [matching element and attribute name] [precedence]:
[THYMELEAF]             * [* {th:include,data-th-include}] [100]: org.thymeleaf.standard.processor.StandardIncludeTagProcessor
[THYMELEAF]             * [* {th:insert,data-th-insert}] [100]: org.thymeleaf.standard.processor.StandardInsertTagProcessor
[THYMELEAF]             * [* {th:replace,data-th-replace}] [100]: org.thymeleaf.standard.processor.StandardReplaceTagProcessor
[THYMELEAF]             * [* {th:each,data-th-each}] [200]: com.intuit.karate.template.KarateEachTagProcessor
[THYMELEAF]             * [* {th:switch,data-th-switch}] [250]: org.thymeleaf.standard.processor.StandardSwitchTagProcessor
[THYMELEAF]             * [* {th:case,data-th-case}] [275]: org.thymeleaf.standard.processor.StandardCaseTagProcessor
[THYMELEAF]             * [* {th:if,data-th-if}] [300]: org.thymeleaf.standard.processor.StandardIfTagProcessor
[THYMELEAF]             * [* {th:unless,data-th-unless}] [400]: org.thymeleaf.standard.processor.StandardUnlessTagProcessor
[THYMELEAF]             * [* {th:object,data-th-object}] [500]: org.thymeleaf.standard.processor.StandardObjectTagProcessor
[THYMELEAF]             * [* {th:with,data-th-with}] [600]: com.intuit.karate.template.KarateWithTagProcessor
[THYMELEAF]             * [* {th:attr,data-th-attr}] [700]: com.intuit.karate.template.KarateAttributeTagProcessor.KarateAttrTagProcessor
[THYMELEAF]             * [* {th:attrappend,data-th-attrappend}] [900]: com.intuit.karate.template.KarateAttributeTagProcessor.KarateAttrappendTagProcessor
[THYMELEAF]             * [* {th:attrprepend,data-th-attrprepend}] [900]: com.intuit.karate.template.KarateAttributeTagProcessor.KarateAttrprependTagProcessor
[THYMELEAF]             * [* {th:alt-title,data-th-alt-title}] [990]: org.thymeleaf.standard.processor.StandardAltTitleTagProcessor
[THYMELEAF]             * [* {th:lang-xmllang,data-th-lang-xmllang}] [990]: org.thymeleaf.standard.processor.StandardLangXmlLangTagProcessor
[THYMELEAF]             * [* {th:action,data-th-action}] [1000]: org.thymeleaf.standard.processor.StandardActionTagProcessor
[THYMELEAF]             * [* {th:default,data-th-default}] [1000]: org.thymeleaf.standard.processor.StandardConditionalFixedValueTagProcessor
[THYMELEAF]             * [* {th:controls,data-th-controls}] [1000]: org.thymeleaf.standard.processor.StandardConditionalFixedValueTagProcessor
[THYMELEAF]             * [* {th:declare,data-th-declare}] [1000]: org.thymeleaf.standard.processor.StandardConditionalFixedValueTagProcessor
[THYMELEAF]             * [* {th:autoplay,data-th-autoplay}] [1000]: org.thymeleaf.standard.processor.StandardConditionalFixedValueTagProcessor
[THYMELEAF]             * [* {th:defer,data-th-defer}] [1000]: org.thymeleaf.standard.processor.StandardConditionalFixedValueTagProcessor
[THYMELEAF]             * [* {th:scoped,data-th-scoped}] [1000]: org.thymeleaf.standard.processor.StandardConditionalFixedValueTagProcessor
[THYMELEAF]             * [* {th:async,data-th-async}] [1000]: org.thymeleaf.standard.processor.StandardConditionalFixedValueTagProcessor
[THYMELEAF]             * [* {th:formnovalidate,data-th-formnovalidate}] [1000]: org.thymeleaf.standard.processor.StandardConditionalFixedValueTagProcessor
[THYMELEAF]             * [* {th:hidden,data-th-hidden}] [1000]: org.thymeleaf.standard.processor.StandardConditionalFixedValueTagProcessor
[THYMELEAF]             * [* {th:multiple,data-th-multiple}] [1000]: org.thymeleaf.standard.processor.StandardConditionalFixedValueTagProcessor
[THYMELEAF]             * [* {th:selected,data-th-selected}] [1000]: org.thymeleaf.standard.processor.StandardConditionalFixedValueTagProcessor
[THYMELEAF]             * [* {th:seamless,data-th-seamless}] [1000]: org.thymeleaf.standard.processor.StandardConditionalFixedValueTagProcessor
[THYMELEAF]             * [* {th:reversed,data-th-reversed}] [1000]: org.thymeleaf.standard.processor.StandardConditionalFixedValueTagProcessor
[THYMELEAF]             * [* {th:required,data-th-required}] [1000]: org.thymeleaf.standard.processor.StandardConditionalFixedValueTagProcessor
[THYMELEAF]             * [* {th:nowrap,data-th-nowrap}] [1000]: org.thymeleaf.standard.processor.StandardConditionalFixedValueTagProcessor
[THYMELEAF]             * [* {th:checked,data-th-checked}] [1000]: org.thymeleaf.standard.processor.StandardConditionalFixedValueTagProcessor
[THYMELEAF]             * [* {th:open,data-th-open}] [1000]: org.thymeleaf.standard.processor.StandardConditionalFixedValueTagProcessor
[THYMELEAF]             * [* {th:loop,data-th-loop}] [1000]: org.thymeleaf.standard.processor.StandardConditionalFixedValueTagProcessor
[THYMELEAF]             * [* {th:autofocus,data-th-autofocus}] [1000]: org.thymeleaf.standard.processor.StandardConditionalFixedValueTagProcessor
[THYMELEAF]             * [* {th:ismap,data-th-ismap}] [1000]: org.thymeleaf.standard.processor.StandardConditionalFixedValueTagProcessor
[THYMELEAF]             * [* {th:novalidate,data-th-novalidate}] [1000]: org.thymeleaf.standard.processor.StandardConditionalFixedValueTagProcessor
[THYMELEAF]             * [* {th:disabled,data-th-disabled}] [1000]: org.thymeleaf.standard.processor.StandardConditionalFixedValueTagProcessor
[THYMELEAF]             * [* {th:pubdate,data-th-pubdate}] [1000]: org.thymeleaf.standard.processor.StandardConditionalFixedValueTagProcessor
[THYMELEAF]             * [* {th:readonly,data-th-readonly}] [1000]: org.thymeleaf.standard.processor.StandardConditionalFixedValueTagProcessor
[THYMELEAF]             * [* {th:onkeypress,data-th-onkeypress}] [1000]: org.thymeleaf.standard.processor.StandardDOMEventAttributeTagProcessor
[THYMELEAF]             * [* {th:oncanplay,data-th-oncanplay}] [1000]: org.thymeleaf.standard.processor.StandardDOMEventAttributeTagProcessor
[THYMELEAF]             * [* {th:onbeforeunload,data-th-onbeforeunload}] [1000]: org.thymeleaf.standard.processor.StandardDOMEventAttributeTagProcessor
[THYMELEAF]             * [* {th:onforminput,data-th-onforminput}] [1000]: org.thymeleaf.standard.processor.StandardDOMEventAttributeTagProcessor
[THYMELEAF]             * [* {th:onmousemove,data-th-onmousemove}] [1000]: org.thymeleaf.standard.processor.StandardDOMEventAttributeTagProcessor
[THYMELEAF]             * [* {th:onformchange,data-th-onformchange}] [1000]: org.thymeleaf.standard.processor.StandardDOMEventAttributeTagProcessor
[THYMELEAF]             * [* {th:onstalled,data-th-onstalled}] [1000]: org.thymeleaf.standard.processor.StandardDOMEventAttributeTagProcessor
[THYMELEAF]             * [* {th:onoffline,data-th-onoffline}] [1000]: org.thymeleaf.standard.processor.StandardDOMEventAttributeTagProcessor
[THYMELEAF]             * [* {th:onsuspend,data-th-onsuspend}] [1000]: org.thymeleaf.standard.processor.StandardDOMEventAttributeTagProcessor
[THYMELEAF]             * [* {th:onmessage,data-th-onmessage}] [1000]: org.thymeleaf.standard.processor.StandardDOMEventAttributeTagProcessor
[THYMELEAF]             * [* {th:onhashchange,data-th-onhashchange}] [1000]: org.thymeleaf.standard.processor.StandardDOMEventAttributeTagProcessor
[THYMELEAF]             * [* {th:onreadystatechange,data-th-onreadystatechange}] [1000]: org.thymeleaf.standard.processor.StandardDOMEventAttributeTagProcessor
[THYMELEAF]             * [* {th:onloadedmetadata,data-th-onloadedmetadata}] [1000]: org.thymeleaf.standard.processor.StandardDOMEventAttributeTagProcessor
[THYMELEAF]             * [* {th:ondrop,data-th-ondrop}] [1000]: org.thymeleaf.standard.processor.StandardDOMEventAttributeTagProcessor
[THYMELEAF]             * [* {th:onseeking,data-th-onseeking}] [1000]: org.thymeleaf.standard.processor.StandardDOMEventAttributeTagProcessor
[THYMELEAF]             * [* {th:ondragleave,data-th-ondragleave}] [1000]: org.thymeleaf.standard.processor.StandardDOMEventAttributeTagProcessor
[THYMELEAF]             * [* {th:onseeked,data-th-onseeked}] [1000]: org.thymeleaf.standard.processor.StandardDOMEventAttributeTagProcessor
[THYMELEAF]             * [* {th:onerror,data-th-onerror}] [1000]: org.thymeleaf.standard.processor.StandardDOMEventAttributeTagProcessor
[THYMELEAF]             * [* {th:ononline,data-th-ononline}] [1000]: org.thymeleaf.standard.processor.StandardDOMEventAttributeTagProcessor
[THYMELEAF]             * [* {th:onundo,data-th-onundo}] [1000]: org.thymeleaf.standard.processor.StandardDOMEventAttributeTagProcessor
[THYMELEAF]             * [* {th:oncontextmenu,data-th-oncontextmenu}] [1000]: org.thymeleaf.standard.processor.StandardDOMEventAttributeTagProcessor
[THYMELEAF]             * [* {th:onabort,data-th-onabort}] [1000]: org.thymeleaf.standard.processor.StandardDOMEventAttributeTagProcessor
[THYMELEAF]             * [* {th:onloadstart,data-th-onloadstart}] [1000]: org.thymeleaf.standard.processor.StandardDOMEventAttributeTagProcessor
[THYMELEAF]             * [* {th:ondragend,data-th-ondragend}] [1000]: org.thymeleaf.standard.processor.StandardDOMEventAttributeTagProcessor
[THYMELEAF]             * [* {th:onratechange,data-th-onratechange}] [1000]: org.thymeleaf.standard.processor.StandardDOMEventAttributeTagProcessor
[THYMELEAF]             * [* {th:onafterprint,data-th-onafterprint}] [1000]: org.thymeleaf.standard.processor.StandardDOMEventAttributeTagProcessor
[THYMELEAF]             * [* {th:onmouseup,data-th-onmouseup}] [1000]: org.thymeleaf.standard.processor.StandardDOMEventAttributeTagProcessor
[THYMELEAF]             * [* {th:onkeyup,data-th-onkeyup}] [1000]: org.thymeleaf.standard.processor.StandardDOMEventAttributeTagProcessor
[THYMELEAF]             * [* {th:ondurationchange,data-th-ondurationchange}] [1000]: org.thymeleaf.standard.processor.StandardDOMEventAttributeTagProcessor
[THYMELEAF]             * [* {th:onreset,data-th-onreset}] [1000]: org.thymeleaf.standard.processor.StandardDOMEventAttributeTagProcessor
[THYMELEAF]             * [* {th:onloadeddata,data-th-onloadeddata}] [1000]: org.thymeleaf.standard.processor.StandardDOMEventAttributeTagProcessor
[THYMELEAF]             * [* {th:onmouseover,data-th-onmouseover}] [1000]: org.thymeleaf.standard.processor.StandardDOMEventAttributeTagProcessor
[THYMELEAF]             * [* {th:onkeydown,data-th-onkeydown}] [1000]: org.thymeleaf.standard.processor.StandardDOMEventAttributeTagProcessor
[THYMELEAF]             * [* {th:onplay,data-th-onplay}] [1000]: org.thymeleaf.standard.processor.StandardDOMEventAttributeTagProcessor
[THYMELEAF]             * [* {th:onpause,data-th-onpause}] [1000]: org.thymeleaf.standard.processor.StandardDOMEventAttributeTagProcessor
[THYMELEAF]             * [* {th:oninvalid,data-th-oninvalid}] [1000]: org.thymeleaf.standard.processor.StandardDOMEventAttributeTagProcessor
[THYMELEAF]             * [* {th:ondrag,data-th-ondrag}] [1000]: org.thymeleaf.standard.processor.StandardDOMEventAttributeTagProcessor
[THYMELEAF]             * [* {th:ondragover,data-th-ondragover}] [1000]: org.thymeleaf.standard.processor.StandardDOMEventAttributeTagProcessor
[THYMELEAF]             * [* {th:onchange,data-th-onchange}] [1000]: org.thymeleaf.standard.processor.StandardDOMEventAttributeTagProcessor
[THYMELEAF]             * [* {th:onwaiting,data-th-onwaiting}] [1000]: org.thymeleaf.standard.processor.StandardDOMEventAttributeTagProcessor
[THYMELEAF]             * [* {th:ondblclick,data-th-ondblclick}] [1000]: org.thymeleaf.standard.processor.StandardDOMEventAttributeTagProcessor
[THYMELEAF]             * [* {th:ontimeupdate,data-th-ontimeupdate}] [1000]: org.thymeleaf.standard.processor.StandardDOMEventAttributeTagProcessor
[THYMELEAF]             * [* {th:onpopstate,data-th-onpopstate}] [1000]: org.thymeleaf.standard.processor.StandardDOMEventAttributeTagProcessor
[THYMELEAF]             * [* {th:onplaying,data-th-onplaying}] [1000]: org.thymeleaf.standard.processor.StandardDOMEventAttributeTagProcessor
[THYMELEAF]             * [* {th:onstorage,data-th-onstorage}] [1000]: org.thymeleaf.standard.processor.StandardDOMEventAttributeTagProcessor
[THYMELEAF]             * [* {th:onbeforeprint,data-th-onbeforeprint}] [1000]: org.thymeleaf.standard.processor.StandardDOMEventAttributeTagProcessor
[THYMELEAF]             * [* {th:onvolumechange,data-th-onvolumechange}] [1000]: org.thymeleaf.standard.processor.StandardDOMEventAttributeTagProcessor
[THYMELEAF]             * [* {th:oncanplaythrough,data-th-oncanplaythrough}] [1000]: org.thymeleaf.standard.processor.StandardDOMEventAttributeTagProcessor
[THYMELEAF]             * [* {th:onblur,data-th-onblur}] [1000]: org.thymeleaf.standard.processor.StandardDOMEventAttributeTagProcessor
[THYMELEAF]             * [* {th:onprogress,data-th-onprogress}] [1000]: org.thymeleaf.standard.processor.StandardDOMEventAttributeTagProcessor
[THYMELEAF]             * [* {th:onmouseout,data-th-onmouseout}] [1000]: org.thymeleaf.standard.processor.StandardDOMEventAttributeTagProcessor
[THYMELEAF]             * [* {th:onended,data-th-onended}] [1000]: org.thymeleaf.standard.processor.StandardDOMEventAttributeTagProcessor
[THYMELEAF]             * [* {th:onfocus,data-th-onfocus}] [1000]: org.thymeleaf.standard.processor.StandardDOMEventAttributeTagProcessor
[THYMELEAF]             * [* {th:onredo,data-th-onredo}] [1000]: org.thymeleaf.standard.processor.StandardDOMEventAttributeTagProcessor
[THYMELEAF]             * [* {th:onclick,data-th-onclick}] [1000]: org.thymeleaf.standard.processor.StandardDOMEventAttributeTagProcessor
[THYMELEAF]             * [* {th:onresize,data-th-onresize}] [1000]: org.thymeleaf.standard.processor.StandardDOMEventAttributeTagProcessor
[THYMELEAF]             * [* {th:oninput,data-th-oninput}] [1000]: org.thymeleaf.standard.processor.StandardDOMEventAttributeTagProcessor
[THYMELEAF]             * [* {th:ondragstart,data-th-ondragstart}] [1000]: org.thymeleaf.standard.processor.StandardDOMEventAttributeTagProcessor
[THYMELEAF]             * [* {th:onsubmit,data-th-onsubmit}] [1000]: org.thymeleaf.standard.processor.StandardDOMEventAttributeTagProcessor
[THYMELEAF]             * [* {th:onmousedown,data-th-onmousedown}] [1000]: org.thymeleaf.standard.processor.StandardDOMEventAttributeTagProcessor
[THYMELEAF]             * [* {th:ondragenter,data-th-ondragenter}] [1000]: org.thymeleaf.standard.processor.StandardDOMEventAttributeTagProcessor
[THYMELEAF]             * [* {th:onselect,data-th-onselect}] [1000]: org.thymeleaf.standard.processor.StandardDOMEventAttributeTagProcessor
[THYMELEAF]             * [* {th:onload,data-th-onload}] [1000]: org.thymeleaf.standard.processor.StandardDOMEventAttributeTagProcessor
[THYMELEAF]             * [* {th:onshow,data-th-onshow}] [1000]: org.thymeleaf.standard.processor.StandardDOMEventAttributeTagProcessor
[THYMELEAF]             * [* {th:onmousewheel,data-th-onmousewheel}] [1000]: org.thymeleaf.standard.processor.StandardDOMEventAttributeTagProcessor
[THYMELEAF]             * [* {th:onunload,data-th-onunload}] [1000]: org.thymeleaf.standard.processor.StandardDOMEventAttributeTagProcessor
[THYMELEAF]             * [* {th:onscroll,data-th-onscroll}] [1000]: org.thymeleaf.standard.processor.StandardDOMEventAttributeTagProcessor
[THYMELEAF]             * [* {th:onemptied,data-th-onemptied}] [1000]: org.thymeleaf.standard.processor.StandardDOMEventAttributeTagProcessor
[THYMELEAF]             * [* {th:href,data-th-href}] [1000]: org.thymeleaf.standard.processor.StandardHrefTagProcessor
[THYMELEAF]             * [* {th:inline,data-th-inline}] [1000]: org.thymeleaf.standard.processor.StandardInlineHTMLTagProcessor
[THYMELEAF]             * [* {th:method,data-th-method}] [1000]: org.thymeleaf.standard.processor.StandardMethodTagProcessor
[THYMELEAF]             * [* {th:type,data-th-type}] [1000]: org.thymeleaf.standard.processor.StandardNonRemovableAttributeTagProcessor
[THYMELEAF]             * [* {th:name,data-th-name}] [1000]: org.thymeleaf.standard.processor.StandardNonRemovableAttributeTagProcessor
[THYMELEAF]             * [* {th:accept,data-th-accept}] [1000]: org.thymeleaf.standard.processor.StandardRemovableAttributeTagProcessor
[THYMELEAF]             * [* {th:archive,data-th-archive}] [1000]: org.thymeleaf.standard.processor.StandardRemovableAttributeTagProcessor
[THYMELEAF]             * [* {th:min,data-th-min}] [1000]: org.thymeleaf.standard.processor.StandardRemovableAttributeTagProcessor
[THYMELEAF]             * [* {th:class,data-th-class}] [1000]: org.thymeleaf.standard.processor.StandardRemovableAttributeTagProcessor
[THYMELEAF]             * [* {th:codetype,data-th-codetype}] [1000]: org.thymeleaf.standard.processor.StandardRemovableAttributeTagProcessor
[THYMELEAF]             * [* {th:srclang,data-th-srclang}] [1000]: org.thymeleaf.standard.processor.StandardRemovableAttributeTagProcessor
[THYMELEAF]             * [* {th:pattern,data-th-pattern}] [1000]: org.thymeleaf.standard.processor.StandardRemovableAttributeTagProcessor
[THYMELEAF]             * [* {th:style,data-th-style}] [1000]: org.thymeleaf.standard.processor.StandardRemovableAttributeTagProcessor
[THYMELEAF]             * [* {th:formaction,data-th-formaction}] [1000]: org.thymeleaf.standard.processor.StandardRemovableAttributeTagProcessor
[THYMELEAF]             * [* {th:axis,data-th-axis}] [1000]: org.thymeleaf.standard.processor.StandardRemovableAttributeTagProcessor
[THYMELEAF]             * [* {th:kind,data-th-kind}] [1000]: org.thymeleaf.standard.processor.StandardRemovableAttributeTagProcessor
[THYMELEAF]             * [* {th:headers,data-th-headers}] [1000]: org.thymeleaf.standard.processor.StandardRemovableAttributeTagProcessor
[THYMELEAF]             * [* {th:wrap,data-th-wrap}] [1000]: org.thymeleaf.standard.processor.StandardRemovableAttributeTagProcessor
[THYMELEAF]             * [* {th:icon,data-th-icon}] [1000]: org.thymeleaf.standard.processor.StandardRemovableAttributeTagProcessor
[THYMELEAF]             * [* {th:tabindex,data-th-tabindex}] [1000]: org.thymeleaf.standard.processor.StandardRemovableAttributeTagProcessor
[THYMELEAF]             * [* {th:size,data-th-size}] [1000]: org.thymeleaf.standard.processor.StandardRemovableAttributeTagProcessor
[THYMELEAF]             * [* {th:vspace,data-th-vspace}] [1000]: org.thymeleaf.standard.processor.StandardRemovableAttributeTagProcessor
[THYMELEAF]             * [* {th:rev,data-th-rev}] [1000]: org.thymeleaf.standard.processor.StandardRemovableAttributeTagProcessor
[THYMELEAF]             * [* {th:colspan,data-th-colspan}] [1000]: org.thymeleaf.standard.processor.StandardRemovableAttributeTagProcessor
[THYMELEAF]             * [* {th:scope,data-th-scope}] [1000]: org.thymeleaf.standard.processor.StandardRemovableAttributeTagProcessor
[THYMELEAF]             * [* {th:high,data-th-high}] [1000]: org.thymeleaf.standard.processor.StandardRemovableAttributeTagProcessor
[THYMELEAF]             * [* {th:maxlength,data-th-maxlength}] [1000]: org.thymeleaf.standard.processor.StandardRemovableAttributeTagProcessor
[THYMELEAF]             * [* {th:rowspan,data-th-rowspan}] [1000]: org.thymeleaf.standard.processor.StandardRemovableAttributeTagProcessor
[THYMELEAF]             * [* {th:radiogroup,data-th-radiogroup}] [1000]: org.thymeleaf.standard.processor.StandardRemovableAttributeTagProcessor
[THYMELEAF]             * [* {th:border,data-th-border}] [1000]: org.thymeleaf.standard.processor.StandardRemovableAttributeTagProcessor
[THYMELEAF]             * [* {th:alt,data-th-alt}] [1000]: org.thymeleaf.standard.processor.StandardRemovableAttributeTagProcessor
[THYMELEAF]             * [* {th:cite,data-th-cite}] [1000]: org.thymeleaf.standard.processor.StandardRemovableAttributeTagProcessor
[THYMELEAF]             * [* {th:align,data-th-align}] [1000]: org.thymeleaf.standard.processor.StandardRemovableAttributeTagProcessor
[THYMELEAF]             * [* {th:cellspacing,data-th-cellspacing}] [1000]: org.thymeleaf.standard.processor.StandardRemovableAttributeTagProcessor
[THYMELEAF]             * [* {th:http-equiv,data-th-http-equiv}] [1000]: org.thymeleaf.standard.processor.StandardRemovableAttributeTagProcessor
[THYMELEAF]             * [* {th:dropzone,data-th-dropzone}] [1000]: org.thymeleaf.standard.processor.StandardRemovableAttributeTagProcessor
[THYMELEAF]             * [* {th:challenge,data-th-challenge}] [1000]: org.thymeleaf.standard.processor.StandardRemovableAttributeTagProcessor
[THYMELEAF]             * [* {th:optimum,data-th-optimum}] [1000]: org.thymeleaf.standard.processor.StandardRemovableAttributeTagProcessor
[THYMELEAF]             * [* {th:dir,data-th-dir}] [1000]: org.thymeleaf.standard.processor.StandardRemovableAttributeTagProcessor
[THYMELEAF]             * [* {th:marginheight,data-th-marginheight}] [1000]: org.thymeleaf.standard.processor.StandardRemovableAttributeTagProcessor
[THYMELEAF]             * [* {th:frameborder,data-th-frameborder}] [1000]: org.thymeleaf.standard.processor.StandardRemovableAttributeTagProcessor
[THYMELEAF]             * [* {th:datetime,data-th-datetime}] [1000]: org.thymeleaf.standard.processor.StandardRemovableAttributeTagProcessor
[THYMELEAF]             * [* {th:marginwidth,data-th-marginwidth}] [1000]: org.thymeleaf.standard.processor.StandardRemovableAttributeTagProcessor
[THYMELEAF]             * [* {th:poster,data-th-poster}] [1000]: org.thymeleaf.standard.processor.StandardRemovableAttributeTagProcessor
[THYMELEAF]             * [* {th:manifest,data-th-manifest}] [1000]: org.thymeleaf.standard.processor.StandardRemovableAttributeTagProcessor
[THYMELEAF]             * [* {th:formtarget,data-th-formtarget}] [1000]: org.thymeleaf.standard.processor.StandardRemovableAttributeTagProcessor
[THYMELEAF]             * [* {th:cellpadding,data-th-cellpadding}] [1000]: org.thymeleaf.standard.processor.StandardRemovableAttributeTagProcessor
[THYMELEAF]             * [* {th:low,data-th-low}] [1000]: org.thymeleaf.standard.processor.StandardRemovableAttributeTagProcessor
[THYMELEAF]             * [* {th:sandbox,data-th-sandbox}] [1000]: org.thymeleaf.standard.processor.StandardRemovableAttributeTagProcessor
[THYMELEAF]             * [* {th:start,data-th-start}] [1000]: org.thymeleaf.standard.processor.StandardRemovableAttributeTagProcessor
[THYMELEAF]             * [* {th:rel,data-th-rel}] [1000]: org.thymeleaf.standard.processor.StandardRemovableAttributeTagProcessor
[THYMELEAF]             * [* {th:title,data-th-title}] [1000]: org.thymeleaf.standard.processor.StandardRemovableAttributeTagProcessor
[THYMELEAF]             * [* {th:for,data-th-for}] [1000]: org.thymeleaf.standard.processor.StandardRemovableAttributeTagProcessor
[THYMELEAF]             * [* {th:frame,data-th-frame}] [1000]: org.thymeleaf.standard.processor.StandardRemovableAttributeTagProcessor
[THYMELEAF]             * [* {th:valuetype,data-th-valuetype}] [1000]: org.thymeleaf.standard.processor.StandardRemovableAttributeTagProcessor
[THYMELEAF]             * [* {th:data,data-th-data}] [1000]: org.thymeleaf.standard.processor.StandardRemovableAttributeTagProcessor
[THYMELEAF]             * [* {th:keytype,data-th-keytype}] [1000]: org.thymeleaf.standard.processor.StandardRemovableAttributeTagProcessor
[THYMELEAF]             * [* {th:standby,data-th-standby}] [1000]: org.thymeleaf.standard.processor.StandardRemovableAttributeTagProcessor
[THYMELEAF]             * [* {th:audio,data-th-audio}] [1000]: org.thymeleaf.standard.processor.StandardRemovableAttributeTagProcessor
[THYMELEAF]             * [* {th:media,data-th-media}] [1000]: org.thymeleaf.standard.processor.StandardRemovableAttributeTagProcessor
[THYMELEAF]             * [* {th:label,data-th-label}] [1000]: org.thymeleaf.standard.processor.StandardRemovableAttributeTagProcessor
[THYMELEAF]             * [* {th:list,data-th-list}] [1000]: org.thymeleaf.standard.processor.StandardRemovableAttributeTagProcessor
[THYMELEAF]             * [* {th:enctype,data-th-enctype}] [1000]: org.thymeleaf.standard.processor.StandardRemovableAttributeTagProcessor
[THYMELEAF]             * [* {th:cols,data-th-cols}] [1000]: org.thymeleaf.standard.processor.StandardRemovableAttributeTagProcessor
[THYMELEAF]             * [* {th:form,data-th-form}] [1000]: org.thymeleaf.standard.processor.StandardRemovableAttributeTagProcessor
[THYMELEAF]             * [* {th:target,data-th-target}] [1000]: org.thymeleaf.standard.processor.StandardRemovableAttributeTagProcessor
[THYMELEAF]             * [* {th:abbr,data-th-abbr}] [1000]: org.thymeleaf.standard.processor.StandardRemovableAttributeTagProcessor
[THYMELEAF]             * [* {th:preload,data-th-preload}] [1000]: org.thymeleaf.standard.processor.StandardRemovableAttributeTagProcessor
[THYMELEAF]             * [* {th:content,data-th-content}] [1000]: org.thymeleaf.standard.processor.StandardRemovableAttributeTagProcessor
[THYMELEAF]             * [* {th:rules,data-th-rules}] [1000]: org.thymeleaf.standard.processor.StandardRemovableAttributeTagProcessor
[THYMELEAF]             * [* {th:step,data-th-step}] [1000]: org.thymeleaf.standard.processor.StandardRemovableAttributeTagProcessor
[THYMELEAF]             * [* {th:scheme,data-th-scheme}] [1000]: org.thymeleaf.standard.processor.StandardRemovableAttributeTagProcessor
[THYMELEAF]             * [* {th:summary,data-th-summary}] [1000]: org.thymeleaf.standard.processor.StandardRemovableAttributeTagProcessor
[THYMELEAF]             * [* {th:rows,data-th-rows}] [1000]: org.thymeleaf.standard.processor.StandardRemovableAttributeTagProcessor
[THYMELEAF]             * [* {th:contextmenu,data-th-contextmenu}] [1000]: org.thymeleaf.standard.processor.StandardRemovableAttributeTagProcessor
[THYMELEAF]             * [* {th:formmethod,data-th-formmethod}] [1000]: org.thymeleaf.standard.processor.StandardRemovableAttributeTagProcessor
[THYMELEAF]             * [* {th:charset,data-th-charset}] [1000]: org.thymeleaf.standard.processor.StandardRemovableAttributeTagProcessor
[THYMELEAF]             * [* {th:autocomplete,data-th-autocomplete}] [1000]: org.thymeleaf.standard.processor.StandardRemovableAttributeTagProcessor
[THYMELEAF]             * [* {th:codebase,data-th-codebase}] [1000]: org.thymeleaf.standard.processor.StandardRemovableAttributeTagProcessor
[THYMELEAF]             * [* {th:id,data-th-id}] [1000]: org.thymeleaf.standard.processor.StandardRemovableAttributeTagProcessor
[THYMELEAF]             * [* {th:sizes,data-th-sizes}] [1000]: org.thymeleaf.standard.processor.StandardRemovableAttributeTagProcessor
[THYMELEAF]             * [* {th:max,data-th-max}] [1000]: org.thymeleaf.standard.processor.StandardRemovableAttributeTagProcessor
[THYMELEAF]             * [* {th:contenteditable,data-th-contenteditable}] [1000]: org.thymeleaf.standard.processor.StandardRemovableAttributeTagProcessor
[THYMELEAF]             * [* {th:usemap,data-th-usemap}] [1000]: org.thymeleaf.standard.processor.StandardRemovableAttributeTagProcessor
[THYMELEAF]             * [* {th:classid,data-th-classid}] [1000]: org.thymeleaf.standard.processor.StandardRemovableAttributeTagProcessor
[THYMELEAF]             * [* {th:spellcheck,data-th-spellcheck}] [1000]: org.thymeleaf.standard.processor.StandardRemovableAttributeTagProcessor
[THYMELEAF]             * [* {th:accesskey,data-th-accesskey}] [1000]: org.thymeleaf.standard.processor.StandardRemovableAttributeTagProcessor
[THYMELEAF]             * [* {th:hreflang,data-th-hreflang}] [1000]: org.thymeleaf.standard.processor.StandardRemovableAttributeTagProcessor
[THYMELEAF]             * [* {th:scrolling,data-th-scrolling}] [1000]: org.thymeleaf.standard.processor.StandardRemovableAttributeTagProcessor
[THYMELEAF]             * [* {th:height,data-th-height}] [1000]: org.thymeleaf.standard.processor.StandardRemovableAttributeTagProcessor
[THYMELEAF]             * [* {th:background,data-th-background}] [1000]: org.thymeleaf.standard.processor.StandardRemovableAttributeTagProcessor
[THYMELEAF]             * [* {th:compact,data-th-compact}] [1000]: org.thymeleaf.standard.processor.StandardRemovableAttributeTagProcessor
[THYMELEAF]             * [* {th:draggable,data-th-draggable}] [1000]: org.thymeleaf.standard.processor.StandardRemovableAttributeTagProcessor
[THYMELEAF]             * [* {th:hspace,data-th-hspace}] [1000]: org.thymeleaf.standard.processor.StandardRemovableAttributeTagProcessor
[THYMELEAF]             * [* {th:accept-charset,data-th-accept-charset}] [1000]: org.thymeleaf.standard.processor.StandardRemovableAttributeTagProcessor
[THYMELEAF]             * [* {th:longdesc,data-th-longdesc}] [1000]: org.thymeleaf.standard.processor.StandardRemovableAttributeTagProcessor
[THYMELEAF]             * [* {th:span,data-th-span}] [1000]: org.thymeleaf.standard.processor.StandardRemovableAttributeTagProcessor
[THYMELEAF]             * [* {th:placeholder,data-th-placeholder}] [1000]: org.thymeleaf.standard.processor.StandardRemovableAttributeTagProcessor
[THYMELEAF]             * [* {th:formenctype,data-th-formenctype}] [1000]: org.thymeleaf.standard.processor.StandardRemovableAttributeTagProcessor
[THYMELEAF]             * [* {th:bgcolor,data-th-bgcolor}] [1000]: org.thymeleaf.standard.processor.StandardRemovableAttributeTagProcessor
[THYMELEAF]             * [* {th:lang,data-th-lang}] [1000]: org.thymeleaf.standard.processor.StandardRemovableAttributeTagProcessor
[THYMELEAF]             * [* {th:width,data-th-width}] [1000]: org.thymeleaf.standard.processor.StandardRemovableAttributeTagProcessor
[THYMELEAF]             * [* {th:src,data-th-src}] [1000]: org.thymeleaf.standard.processor.StandardSrcTagProcessor
[THYMELEAF]             * [* {th:value,data-th-value}] [1000]: org.thymeleaf.standard.processor.StandardValueTagProcessor
[THYMELEAF]             * [* {th:xmlbase,data-th-xmlbase}] [1000]: org.thymeleaf.standard.processor.StandardXmlBaseTagProcessor
[THYMELEAF]             * [* {th:xmllang,data-th-xmllang}] [1000]: org.thymeleaf.standard.processor.StandardXmlLangTagProcessor
[THYMELEAF]             * [* {xmlns:th}] [1000]: org.thymeleaf.standard.processor.StandardXmlNsTagProcessor
[THYMELEAF]             * [* {th:xmlspace,data-th-xmlspace}] [1000]: org.thymeleaf.standard.processor.StandardXmlSpaceTagProcessor
[THYMELEAF]             * [* {th:classappend,data-th-classappend}] [1100]: org.thymeleaf.standard.processor.StandardClassappendTagProcessor
[THYMELEAF]             * [* {th:styleappend,data-th-styleappend}] [1100]: org.thymeleaf.standard.processor.StandardStyleappendTagProcessor
[THYMELEAF]             * [* {th:text,data-th-text}] [1300]: org.thymeleaf.standard.processor.StandardTextTagProcessor
[THYMELEAF]             * [* {th:utext,data-th-utext}] [1400]: org.thymeleaf.standard.processor.StandardUtextTagProcessor
[THYMELEAF]             * [* {th:fragment,data-th-fragment}] [1500]: org.thymeleaf.standard.processor.StandardFragmentTagProcessor
[THYMELEAF]             * [* {th:assert,data-th-assert}] [1550]: org.thymeleaf.standard.processor.StandardAssertTagProcessor
[THYMELEAF]             * [* {th:remove,data-th-remove}] [1600]: org.thymeleaf.standard.processor.StandardRemoveTagProcessor
[THYMELEAF]             * [* {th:ref,data-th-ref}] [10000]: org.thymeleaf.standard.processor.StandardRefAttributeTagProcessor
[THYMELEAF]             * [{th:block,th-block} *] [100000]: org.thymeleaf.standard.processor.StandardBlockTagProcessor
[THYMELEAF]             * [* th:*] [2147483647]: org.thymeleaf.standard.processor.StandardDefaultAttributesTagProcessor
[THYMELEAF]         * Text Processors by [precedence]:
[THYMELEAF]             * [1000]: org.thymeleaf.standard.processor.StandardInliningTextProcessor
[THYMELEAF]         * DOCTYPE Processors by [precedence]:
[THYMELEAF]             * [1000]: org.thymeleaf.standard.processor.StandardTranslationDocTypeProcessor
[THYMELEAF]         * CDATA Section Processors by [precedence]:
[THYMELEAF]             * [1000]: org.thymeleaf.standard.processor.StandardInliningCDATASectionProcessor
[THYMELEAF]         * Comment Processors by [precedence]:
[THYMELEAF]             * [1000]: org.thymeleaf.standard.processor.StandardInliningCommentProcessor
[THYMELEAF]             * [1100]: org.thymeleaf.standard.processor.StandardConditionalCommentProcessor
[THYMELEAF]     * Processors for Template Mode: XML
[THYMELEAF]         * Element Tag Processors by [matching element and attribute name] [precedence]:
[THYMELEAF]             * [* {th:include}] [100]: org.thymeleaf.standard.processor.StandardIncludeTagProcessor
[THYMELEAF]             * [* {th:insert}] [100]: org.thymeleaf.standard.processor.StandardInsertTagProcessor
[THYMELEAF]             * [* {th:replace}] [100]: org.thymeleaf.standard.processor.StandardReplaceTagProcessor
[THYMELEAF]             * [* {th:each}] [200]: com.intuit.karate.template.KarateEachTagProcessor
[THYMELEAF]             * [* {th:switch}] [250]: org.thymeleaf.standard.processor.StandardSwitchTagProcessor
[THYMELEAF]             * [* {th:case}] [275]: org.thymeleaf.standard.processor.StandardCaseTagProcessor
[THYMELEAF]             * [* {th:if}] [300]: org.thymeleaf.standard.processor.StandardIfTagProcessor
[THYMELEAF]             * [* {th:unless}] [400]: org.thymeleaf.standard.processor.StandardUnlessTagProcessor
[THYMELEAF]             * [* {th:object}] [500]: org.thymeleaf.standard.processor.StandardObjectTagProcessor
[THYMELEAF]             * [* {th:with}] [600]: com.intuit.karate.template.KarateWithTagProcessor
[THYMELEAF]             * [* {th:attr}] [700]: com.intuit.karate.template.KarateAttributeTagProcessor.KarateAttrTagProcessor
[THYMELEAF]             * [* {th:attrappend}] [900]: com.intuit.karate.template.KarateAttributeTagProcessor.KarateAttrappendTagProcessor
[THYMELEAF]             * [* {th:attrprepend}] [900]: com.intuit.karate.template.KarateAttributeTagProcessor.KarateAttrprependTagProcessor
[THYMELEAF]             * [* {th:inline}] [1000]: org.thymeleaf.standard.processor.StandardInlineXMLTagProcessor
[THYMELEAF]             * [* {xmlns:th}] [1000]: org.thymeleaf.standard.processor.StandardXmlNsTagProcessor
[THYMELEAF]             * [* {th:text}] [1300]: org.thymeleaf.standard.processor.StandardTextTagProcessor
[THYMELEAF]             * [* {th:utext}] [1400]: org.thymeleaf.standard.processor.StandardUtextTagProcessor
[THYMELEAF]             * [* {th:fragment}] [1500]: org.thymeleaf.standard.processor.StandardFragmentTagProcessor
[THYMELEAF]             * [* {th:assert}] [1550]: org.thymeleaf.standard.processor.StandardAssertTagProcessor
[THYMELEAF]             * [* {th:remove}] [1600]: org.thymeleaf.standard.processor.StandardRemoveTagProcessor
[THYMELEAF]             * [* {th:ref}] [10000]: org.thymeleaf.standard.processor.StandardRefAttributeTagProcessor
[THYMELEAF]             * [{th:block} *] [100000]: org.thymeleaf.standard.processor.StandardBlockTagProcessor
[THYMELEAF]             * [* th:*] [2147483647]: org.thymeleaf.standard.processor.StandardDefaultAttributesTagProcessor
[THYMELEAF]         * Text Processors by [precedence]:
[THYMELEAF]             * [1000]: org.thymeleaf.standard.processor.StandardInliningTextProcessor
[THYMELEAF]         * CDATA Section Processors by [precedence]:
[THYMELEAF]             * [1000]: org.thymeleaf.standard.processor.StandardInliningCDATASectionProcessor
[THYMELEAF]         * Comment Processors by [precedence]:
[THYMELEAF]             * [1000]: org.thymeleaf.standard.processor.StandardInliningCommentProcessor
[THYMELEAF]     * Processors for Template Mode: TEXT
[THYMELEAF]         * Element Tag Processors by [matching element and attribute name] [precedence]:
[THYMELEAF]             * [* {th:insert}] [100]: org.thymeleaf.standard.processor.StandardInsertTagProcessor
[THYMELEAF]             * [* {th:replace}] [100]: org.thymeleaf.standard.processor.StandardReplaceTagProcessor
[THYMELEAF]             * [* {th:each}] [200]: com.intuit.karate.template.KarateEachTagProcessor
[THYMELEAF]             * [* {th:switch}] [250]: org.thymeleaf.standard.processor.StandardSwitchTagProcessor
[THYMELEAF]             * [* {th:case}] [275]: org.thymeleaf.standard.processor.StandardCaseTagProcessor
[THYMELEAF]             * [* {th:if}] [300]: org.thymeleaf.standard.processor.StandardIfTagProcessor
[THYMELEAF]             * [* {th:unless}] [400]: org.thymeleaf.standard.processor.StandardUnlessTagProcessor
[THYMELEAF]             * [* {th:object}] [500]: org.thymeleaf.standard.processor.StandardObjectTagProcessor
[THYMELEAF]             * [* {th:with}] [600]: com.intuit.karate.template.KarateWithTagProcessor
[THYMELEAF]             * [* {th:inline}] [1000]: org.thymeleaf.standard.processor.StandardInlineTextualTagProcessor
[THYMELEAF]             * [* {th:text}] [1300]: org.thymeleaf.standard.processor.StandardTextTagProcessor
[THYMELEAF]             * [* {th:utext}] [1400]: org.thymeleaf.standard.processor.StandardUtextTagProcessor
[THYMELEAF]             * [* {th:assert}] [1550]: org.thymeleaf.standard.processor.StandardAssertTagProcessor
[THYMELEAF]             * [* {th:remove}] [1600]: org.thymeleaf.standard.processor.StandardRemoveTagProcessor
[THYMELEAF]             * [* 100000] [org.thymeleaf.standard.processor.StandardBlockTagProcessor]: {}
[THYMELEAF]             * [{th:block} *] [100000]: org.thymeleaf.standard.processor.StandardBlockTagProcessor
[THYMELEAF]         * Text Processors by [precedence]:
[THYMELEAF]             * [1000]: org.thymeleaf.standard.processor.StandardInliningTextProcessor
[THYMELEAF]     * Processors for Template Mode: JAVASCRIPT
[THYMELEAF]         * Element Tag Processors by [matching element and attribute name] [precedence]:
[THYMELEAF]             * [* {th:insert}] [100]: org.thymeleaf.standard.processor.StandardInsertTagProcessor
[THYMELEAF]             * [* {th:replace}] [100]: org.thymeleaf.standard.processor.StandardReplaceTagProcessor
[THYMELEAF]             * [* {th:each}] [200]: com.intuit.karate.template.KarateEachTagProcessor
[THYMELEAF]             * [* {th:switch}] [250]: org.thymeleaf.standard.processor.StandardSwitchTagProcessor
[THYMELEAF]             * [* {th:case}] [275]: org.thymeleaf.standard.processor.StandardCaseTagProcessor
[THYMELEAF]             * [* {th:if}] [300]: org.thymeleaf.standard.processor.StandardIfTagProcessor
[THYMELEAF]             * [* {th:unless}] [400]: org.thymeleaf.standard.processor.StandardUnlessTagProcessor
[THYMELEAF]             * [* {th:object}] [500]: org.thymeleaf.standard.processor.StandardObjectTagProcessor
[THYMELEAF]             * [* {th:with}] [600]: com.intuit.karate.template.KarateWithTagProcessor
[THYMELEAF]             * [* {th:inline}] [1000]: org.thymeleaf.standard.processor.StandardInlineTextualTagProcessor
[THYMELEAF]             * [* {th:text}] [1300]: org.thymeleaf.standard.processor.StandardTextTagProcessor
[THYMELEAF]             * [* {th:utext}] [1400]: org.thymeleaf.standard.processor.StandardUtextTagProcessor
[THYMELEAF]             * [* {th:assert}] [1550]: org.thymeleaf.standard.processor.StandardAssertTagProcessor
[THYMELEAF]             * [* {th:remove}] [1600]: org.thymeleaf.standard.processor.StandardRemoveTagProcessor
[THYMELEAF]             * [* 100000] [org.thymeleaf.standard.processor.StandardBlockTagProcessor]: {}
[THYMELEAF]             * [{th:block} *] [100000]: org.thymeleaf.standard.processor.StandardBlockTagProcessor
[THYMELEAF]         * Text Processors by [precedence]:
[THYMELEAF]             * [1000]: org.thymeleaf.standard.processor.StandardInliningTextProcessor
[THYMELEAF]     * Processors for Template Mode: CSS
[THYMELEAF]         * Element Tag Processors by [matching element and attribute name] [precedence]:
[THYMELEAF]             * [* {th:insert}] [100]: org.thymeleaf.standard.processor.StandardInsertTagProcessor
[THYMELEAF]             * [* {th:replace}] [100]: org.thymeleaf.standard.processor.StandardReplaceTagProcessor
[THYMELEAF]             * [* {th:each}] [200]: com.intuit.karate.template.KarateEachTagProcessor
[THYMELEAF]             * [* {th:switch}] [250]: org.thymeleaf.standard.processor.StandardSwitchTagProcessor
[THYMELEAF]             * [* {th:case}] [275]: org.thymeleaf.standard.processor.StandardCaseTagProcessor
[THYMELEAF]             * [* {th:if}] [300]: org.thymeleaf.standard.processor.StandardIfTagProcessor
[THYMELEAF]             * [* {th:unless}] [400]: org.thymeleaf.standard.processor.StandardUnlessTagProcessor
[THYMELEAF]             * [* {th:object}] [500]: org.thymeleaf.standard.processor.StandardObjectTagProcessor
[THYMELEAF]             * [* {th:with}] [600]: com.intuit.karate.template.KarateWithTagProcessor
[THYMELEAF]             * [* {th:inline}] [1000]: org.thymeleaf.standard.processor.StandardInlineTextualTagProcessor
[THYMELEAF]             * [* {th:text}] [1300]: org.thymeleaf.standard.processor.StandardTextTagProcessor
[THYMELEAF]             * [* {th:utext}] [1400]: org.thymeleaf.standard.processor.StandardUtextTagProcessor
[THYMELEAF]             * [* {th:assert}] [1550]: org.thymeleaf.standard.processor.StandardAssertTagProcessor
[THYMELEAF]             * [* {th:remove}] [1600]: org.thymeleaf.standard.processor.StandardRemoveTagProcessor
[THYMELEAF]             * [{th:block} *] [100000]: org.thymeleaf.standard.processor.StandardBlockTagProcessor
[THYMELEAF]             * [* 100000] [org.thymeleaf.standard.processor.StandardBlockTagProcessor]: {}
[THYMELEAF]         * Text Processors by [precedence]:
[THYMELEAF]             * [1000]: org.thymeleaf.standard.processor.StandardInliningTextProcessor
[THYMELEAF]     * Expression Objects:
[THYMELEAF]         * #ctx
[THYMELEAF]         * #root
[THYMELEAF]         * #vars
[THYMELEAF]         * #object
[THYMELEAF]         * #locale
[THYMELEAF]         * #conversions
[THYMELEAF]         * #uris
[THYMELEAF]         * #temporals
[THYMELEAF]         * #calendars
[THYMELEAF]         * #dates
[THYMELEAF]         * #bools
[THYMELEAF]         * #numbers
[THYMELEAF]         * #objects
[THYMELEAF]         * #strings
[THYMELEAF]         * #arrays
[THYMELEAF]         * #lists
[THYMELEAF]         * #sets
[THYMELEAF]         * #maps
[THYMELEAF]         * #aggregates
[THYMELEAF]         * #messages
[THYMELEAF]         * #ids
[THYMELEAF]         * #execInfo
[THYMELEAF]         * #request
[THYMELEAF]         * #response
[THYMELEAF]         * #session
[THYMELEAF]         * #servletContext
[THYMELEAF]     * Execution Attributes:
[THYMELEAF]         * "StandardExpressionParser": com.intuit.karate.template.KarateStandardDialect@3d235635
[THYMELEAF]         * "StandardJavaScriptSerializer": org.thymeleaf.standard.serializer.StandardJavaScriptSerializer@5aa7cfdf
[THYMELEAF]         * "StandardCSSSerializer": org.thymeleaf.standard.serializer.StandardCSSSerializer@1242d96b
[THYMELEAF]         * "StandardVariableExpressionEvaluator": com.intuit.karate.template.KarateStandardDialect@3d235635
[THYMELEAF]         * "StandardConversionService": org.thymeleaf.standard.expression.StandardConversionService@2ecdf528
[THYMELEAF] * Dialect [2 of 2]: karate (com.intuit.karate.template.KarateScriptDialect)
[THYMELEAF]     * Prefix: "ka"
[THYMELEAF]     * Processors for Template Mode: HTML
[THYMELEAF]         * Element Tag Processors by [matching element and attribute name] [precedence]:
[THYMELEAF]             * [* {src}] [1000]: com.intuit.karate.template.KaScriptAttrProcessor
[THYMELEAF]         * Element Model Processors by [matching element and attribute name] [precedence]:
[THYMELEAF]             * [{script} {ka:scope,data-ka-scope}] [1000]: com.intuit.karate.template.KaScriptElemProcessor
[THYMELEAF]             * [* {ka:set,data-ka-set}] [1000]: com.intuit.karate.template.KaSetElemProcessor
[THYMELEAF] TEMPLATE ENGINE CONFIGURED OK
19:20:07.843 [main] DEBUG org.thymeleaf.TemplateEngine -- [THYMELEAF] TEMPLATE ENGINE INITIALIZED
19:20:07.854 [main] DEBUG org.thymeleaf.TemplateEngine -- [THYMELEAF] INITIALIZING TEMPLATE ENGINE
19:20:07.946 [main] DEBUG org.thymeleaf.TemplateEngine.CONFIG -- Initializing Thymeleaf Template engine configuration...
[THYMELEAF] TEMPLATE ENGINE CONFIGURATION:
[THYMELEAF] * Thymeleaf version: 3.1.2.RELEASE (built 2023-07-30T19:25:50+0000)
[THYMELEAF] * Cache Manager implementation: org.thymeleaf.cache.StandardCacheManager
[THYMELEAF] * Template resolvers:
[THYMELEAF]     * [1] com.intuit.karate.template.ResourceHtmlTemplateResolver
[THYMELEAF] * Message resolvers:
[THYMELEAF]     * org.thymeleaf.messageresolver.StandardMessageResolver
[THYMELEAF] * Link builders:
[THYMELEAF]     * org.thymeleaf.linkbuilder.StandardLinkBuilder
[THYMELEAF] * Dialect [1 of 2]: Standard (com.intuit.karate.template.KarateStandardDialect)
[THYMELEAF]     * Prefix: "th"
[THYMELEAF]     * Processors for Template Mode: HTML
[THYMELEAF]         * Element Tag Processors by [matching element and attribute name] [precedence]:
[THYMELEAF]             * [* {th:include,data-th-include}] [100]: org.thymeleaf.standard.processor.StandardIncludeTagProcessor
[THYMELEAF]             * [* {th:insert,data-th-insert}] [100]: org.thymeleaf.standard.processor.StandardInsertTagProcessor
[THYMELEAF]             * [* {th:replace,data-th-replace}] [100]: org.thymeleaf.standard.processor.StandardReplaceTagProcessor
[THYMELEAF]             * [* {th:each,data-th-each}] [200]: com.intuit.karate.template.KarateEachTagProcessor
[THYMELEAF]             * [* {th:switch,data-th-switch}] [250]: org.thymeleaf.standard.processor.StandardSwitchTagProcessor
[THYMELEAF]             * [* {th:case,data-th-case}] [275]: org.thymeleaf.standard.processor.StandardCaseTagProcessor
[THYMELEAF]             * [* {th:if,data-th-if}] [300]: org.thymeleaf.standard.processor.StandardIfTagProcessor
[THYMELEAF]             * [* {th:unless,data-th-unless}] [400]: org.thymeleaf.standard.processor.StandardUnlessTagProcessor
[THYMELEAF]             * [* {th:object,data-th-object}] [500]: org.thymeleaf.standard.processor.StandardObjectTagProcessor
[THYMELEAF]             * [* {th:with,data-th-with}] [600]: com.intuit.karate.template.KarateWithTagProcessor
[THYMELEAF]             * [* {th:attr,data-th-attr}] [700]: com.intuit.karate.template.KarateAttributeTagProcessor.KarateAttrTagProcessor
[THYMELEAF]             * [* {th:attrappend,data-th-attrappend}] [900]: com.intuit.karate.template.KarateAttributeTagProcessor.KarateAttrappendTagProcessor
[THYMELEAF]             * [* {th:attrprepend,data-th-attrprepend}] [900]: com.intuit.karate.template.KarateAttributeTagProcessor.KarateAttrprependTagProcessor
[THYMELEAF]             * [* {th:alt-title,data-th-alt-title}] [990]: org.thymeleaf.standard.processor.StandardAltTitleTagProcessor
[THYMELEAF]             * [* {th:lang-xmllang,data-th-lang-xmllang}] [990]: org.thymeleaf.standard.processor.StandardLangXmlLangTagProcessor
[THYMELEAF]             * [* {th:action,data-th-action}] [1000]: org.thymeleaf.standard.processor.StandardActionTagProcessor
[THYMELEAF]             * [* {th:required,data-th-required}] [1000]: org.thymeleaf.standard.processor.StandardConditionalFixedValueTagProcessor
[THYMELEAF]             * [* {th:novalidate,data-th-novalidate}] [1000]: org.thymeleaf.standard.processor.StandardConditionalFixedValueTagProcessor
[THYMELEAF]             * [* {th:hidden,data-th-hidden}] [1000]: org.thymeleaf.standard.processor.StandardConditionalFixedValueTagProcessor
[THYMELEAF]             * [* {th:formnovalidate,data-th-formnovalidate}] [1000]: org.thymeleaf.standard.processor.StandardConditionalFixedValueTagProcessor
[THYMELEAF]             * [* {th:loop,data-th-loop}] [1000]: org.thymeleaf.standard.processor.StandardConditionalFixedValueTagProcessor
[THYMELEAF]             * [* {th:readonly,data-th-readonly}] [1000]: org.thymeleaf.standard.processor.StandardConditionalFixedValueTagProcessor
[THYMELEAF]             * [* {th:async,data-th-async}] [1000]: org.thymeleaf.standard.processor.StandardConditionalFixedValueTagProcessor
[THYMELEAF]             * [* {th:default,data-th-default}] [1000]: org.thymeleaf.standard.processor.StandardConditionalFixedValueTagProcessor
[THYMELEAF]             * [* {th:selected,data-th-selected}] [1000]: org.thymeleaf.standard.processor.StandardConditionalFixedValueTagProcessor
[THYMELEAF]             * [* {th:ismap,data-th-ismap}] [1000]: org.thymeleaf.standard.processor.StandardConditionalFixedValueTagProcessor
[THYMELEAF]             * [* {th:checked,data-th-checked}] [1000]: org.thymeleaf.standard.processor.StandardConditionalFixedValueTagProcessor
[THYMELEAF]             * [* {th:pubdate,data-th-pubdate}] [1000]: org.thymeleaf.standard.processor.StandardConditionalFixedValueTagProcessor
[THYMELEAF]             * [* {th:scoped,data-th-scoped}] [1000]: org.thymeleaf.standard.processor.StandardConditionalFixedValueTagProcessor
[THYMELEAF]             * [* {th:nowrap,data-th-nowrap}] [1000]: org.thymeleaf.standard.processor.StandardConditionalFixedValueTagProcessor
[THYMELEAF]             * [* {th:autofocus,data-th-autofocus}] [1000]: org.thymeleaf.standard.processor.StandardConditionalFixedValueTagProcessor
[THYMELEAF]             * [* {th:declare,data-th-declare}] [1000]: org.thymeleaf.standard.processor.StandardConditionalFixedValueTagProcessor
[THYMELEAF]             * [* {th:reversed,data-th-reversed}] [1000]: org.thymeleaf.standard.processor.StandardConditionalFixedValueTagProcessor
[THYMELEAF]             * [* {th:open,data-th-open}] [1000]: org.thymeleaf.standard.processor.StandardConditionalFixedValueTagProcessor
[THYMELEAF]             * [* {th:disabled,data-th-disabled}] [1000]: org.thymeleaf.standard.processor.StandardConditionalFixedValueTagProcessor
[THYMELEAF]             * [* {th:autoplay,data-th-autoplay}] [1000]: org.thymeleaf.standard.processor.StandardConditionalFixedValueTagProcessor
[THYMELEAF]             * [* {th:multiple,data-th-multiple}] [1000]: org.thymeleaf.standard.processor.StandardConditionalFixedValueTagProcessor
[THYMELEAF]             * [* {th:controls,data-th-controls}] [1000]: org.thymeleaf.standard.processor.StandardConditionalFixedValueTagProcessor
[THYMELEAF]             * [* {th:seamless,data-th-seamless}] [1000]: org.thymeleaf.standard.processor.StandardConditionalFixedValueTagProcessor
[THYMELEAF]             * [* {th:defer,data-th-defer}] [1000]: org.thymeleaf.standard.processor.StandardConditionalFixedValueTagProcessor
[THYMELEAF]             * [* {th:onmouseup,data-th-onmouseup}] [1000]: org.thymeleaf.standard.processor.StandardDOMEventAttributeTagProcessor
[THYMELEAF]             * [* {th:onundo,data-th-onundo}] [1000]: org.thymeleaf.standard.processor.StandardDOMEventAttributeTagProcessor
[THYMELEAF]             * [* {th:oncanplay,data-th-oncanplay}] [1000]: org.thymeleaf.standard.processor.StandardDOMEventAttributeTagProcessor
[THYMELEAF]             * [* {th:oncontextmenu,data-th-oncontextmenu}] [1000]: org.thymeleaf.standard.processor.StandardDOMEventAttributeTagProcessor
[THYMELEAF]             * [* {th:onbeforeprint,data-th-onbeforeprint}] [1000]: org.thymeleaf.standard.processor.StandardDOMEventAttributeTagProcessor
[THYMELEAF]             * [* {th:onchange,data-th-onchange}] [1000]: org.thymeleaf.standard.processor.StandardDOMEventAttributeTagProcessor
[THYMELEAF]             * [* {th:onstorage,data-th-onstorage}] [1000]: org.thymeleaf.standard.processor.StandardDOMEventAttributeTagProcessor
[THYMELEAF]             * [* {th:oncanplaythrough,data-th-oncanplaythrough}] [1000]: org.thymeleaf.standard.processor.StandardDOMEventAttributeTagProcessor
[THYMELEAF]             * [* {th:onreadystatechange,data-th-onreadystatechange}] [1000]: org.thymeleaf.standard.processor.StandardDOMEventAttributeTagProcessor
[THYMELEAF]             * [* {th:ondurationchange,data-th-ondurationchange}] [1000]: org.thymeleaf.standard.processor.StandardDOMEventAttributeTagProcessor
[THYMELEAF]             * [* {th:onwaiting,data-th-onwaiting}] [1000]: org.thymeleaf.standard.processor.StandardDOMEventAttributeTagProcessor
[THYMELEAF]             * [* {th:onstalled,data-th-onstalled}] [1000]: org.thymeleaf.standard.processor.StandardDOMEventAttributeTagProcessor
[THYMELEAF]             * [* {th:ondblclick,data-th-ondblclick}] [1000]: org.thymeleaf.standard.processor.StandardDOMEventAttributeTagProcessor
[THYMELEAF]             * [* {th:onloadstart,data-th-onloadstart}] [1000]: org.thymeleaf.standard.processor.StandardDOMEventAttributeTagProcessor
[THYMELEAF]             * [* {th:onafterprint,data-th-onafterprint}] [1000]: org.thymeleaf.standard.processor.StandardDOMEventAttributeTagProcessor
[THYMELEAF]             * [* {th:onabort,data-th-onabort}] [1000]: org.thymeleaf.standard.processor.StandardDOMEventAttributeTagProcessor
[THYMELEAF]             * [* {th:onplay,data-th-onplay}] [1000]: org.thymeleaf.standard.processor.StandardDOMEventAttributeTagProcessor
[THYMELEAF]             * [* {th:ondragover,data-th-ondragover}] [1000]: org.thymeleaf.standard.processor.StandardDOMEventAttributeTagProcessor
[THYMELEAF]             * [* {th:onforminput,data-th-onforminput}] [1000]: org.thymeleaf.standard.processor.StandardDOMEventAttributeTagProcessor
[THYMELEAF]             * [* {th:ondrag,data-th-ondrag}] [1000]: org.thymeleaf.standard.processor.StandardDOMEventAttributeTagProcessor
[THYMELEAF]             * [* {th:ondragleave,data-th-ondragleave}] [1000]: org.thymeleaf.standard.processor.StandardDOMEventAttributeTagProcessor
[THYMELEAF]             * [* {th:onscroll,data-th-onscroll}] [1000]: org.thymeleaf.standard.processor.StandardDOMEventAttributeTagProcessor
[THYMELEAF]             * [* {th:onmousemove,data-th-onmousemove}] [1000]: org.thymeleaf.standard.processor.StandardDOMEventAttributeTagProcessor
[THYMELEAF]             * [* {th:onloadeddata,data-th-onloadeddata}] [1000]: org.thymeleaf.standard.processor.StandardDOMEventAttributeTagProcessor
[THYMELEAF]             * [* {th:oninput,data-th-oninput}] [1000]: org.thymeleaf.standard.processor.StandardDOMEventAttributeTagProcessor
[THYMELEAF]             * [* {th:onkeyup,data-th-onkeyup}] [1000]: org.thymeleaf.standard.processor.StandardDOMEventAttributeTagProcessor
[THYMELEAF]             * [* {th:onclick,data-th-onclick}] [1000]: org.thymeleaf.standard.processor.StandardDOMEventAttributeTagProcessor
[THYMELEAF]             * [* {th:onblur,data-th-onblur}] [1000]: org.thymeleaf.standard.processor.StandardDOMEventAttributeTagProcessor
[THYMELEAF]             * [* {th:onended,data-th-onended}] [1000]: org.thymeleaf.standard.processor.StandardDOMEventAttributeTagProcessor
[THYMELEAF]             * [* {th:onprogress,data-th-onprogress}] [1000]: org.thymeleaf.standard.processor.StandardDOMEventAttributeTagProcessor
[THYMELEAF]             * [* {th:onpopstate,data-th-onpopstate}] [1000]: org.thymeleaf.standard.processor.StandardDOMEventAttributeTagProcessor
[THYMELEAF]             * [* {th:onemptied,data-th-onemptied}] [1000]: org.thymeleaf.standard.processor.StandardDOMEventAttributeTagProcessor
[THYMELEAF]             * [* {th:ondragstart,data-th-ondragstart}] [1000]: org.thymeleaf.standard.processor.StandardDOMEventAttributeTagProcessor
[THYMELEAF]             * [* {th:onseeking,data-th-onseeking}] [1000]: org.thymeleaf.standard.processor.StandardDOMEventAttributeTagProcessor
[THYMELEAF]             * [* {th:onreset,data-th-onreset}] [1000]: org.thymeleaf.standard.processor.StandardDOMEventAttributeTagProcessor
[THYMELEAF]             * [* {th:onvolumechange,data-th-onvolumechange}] [1000]: org.thymeleaf.standard.processor.StandardDOMEventAttributeTagProcessor
[THYMELEAF]             * [* {th:onsuspend,data-th-onsuspend}] [1000]: org.thymeleaf.standard.processor.StandardDOMEventAttributeTagProcessor
[THYMELEAF]             * [* {th:onpause,data-th-onpause}] [1000]: org.thymeleaf.standard.processor.StandardDOMEventAttributeTagProcessor
[THYMELEAF]             * [* {th:ononline,data-th-ononline}] [1000]: org.thymeleaf.standard.processor.StandardDOMEventAttributeTagProcessor
[THYMELEAF]             * [* {th:onerror,data-th-onerror}] [1000]: org.thymeleaf.standard.processor.StandardDOMEventAttributeTagProcessor
[THYMELEAF]             * [* {th:onshow,data-th-onshow}] [1000]: org.thymeleaf.standard.processor.StandardDOMEventAttributeTagProcessor
[THYMELEAF]             * [* {th:onseeked,data-th-onseeked}] [1000]: org.thymeleaf.standard.processor.StandardDOMEventAttributeTagProcessor
[THYMELEAF]             * [* {th:onmousewheel,data-th-onmousewheel}] [1000]: org.thymeleaf.standard.processor.StandardDOMEventAttributeTagProcessor
[THYMELEAF]             * [* {th:onratechange,data-th-onratechange}] [1000]: org.thymeleaf.standard.processor.StandardDOMEventAttributeTagProcessor
[THYMELEAF]             * [* {th:onmessage,data-th-onmessage}] [1000]: org.thymeleaf.standard.processor.StandardDOMEventAttributeTagProcessor
[THYMELEAF]             * [* {th:onsubmit,data-th-onsubmit}] [1000]: org.thymeleaf.standard.processor.StandardDOMEventAttributeTagProcessor
[THYMELEAF]             * [* {th:onplaying,data-th-onplaying}] [1000]: org.thymeleaf.standard.processor.StandardDOMEventAttributeTagProcessor
[THYMELEAF]             * [* {th:onmousedown,data-th-onmousedown}] [1000]: org.thymeleaf.standard.processor.StandardDOMEventAttributeTagProcessor
[THYMELEAF]             * [* {th:onformchange,data-th-onformchange}] [1000]: org.thymeleaf.standard.processor.StandardDOMEventAttributeTagProcessor
[THYMELEAF]             * [* {th:onoffline,data-th-onoffline}] [1000]: org.thymeleaf.standard.processor.StandardDOMEventAttributeTagProcessor
[THYMELEAF]             * [* {th:ondragenter,data-th-ondragenter}] [1000]: org.thymeleaf.standard.processor.StandardDOMEventAttributeTagProcessor
[THYMELEAF]             * [* {th:ontimeupdate,data-th-ontimeupdate}] [1000]: org.thymeleaf.standard.processor.StandardDOMEventAttributeTagProcessor
[THYMELEAF]             * [* {th:onresize,data-th-onresize}] [1000]: org.thymeleaf.standard.processor.StandardDOMEventAttributeTagProcessor
[THYMELEAF]             * [* {th:onkeypress,data-th-onkeypress}] [1000]: org.thymeleaf.standard.processor.StandardDOMEventAttributeTagProcessor
[THYMELEAF]             * [* {th:onload,data-th-onload}] [1000]: org.thymeleaf.standard.processor.StandardDOMEventAttributeTagProcessor
[THYMELEAF]             * [* {th:ondragend,data-th-ondragend}] [1000]: org.thymeleaf.standard.processor.StandardDOMEventAttributeTagProcessor
[THYMELEAF]             * [* {th:onbeforeunload,data-th-onbeforeunload}] [1000]: org.thymeleaf.standard.processor.StandardDOMEventAttributeTagProcessor
[THYMELEAF]             * [* {th:onmouseover,data-th-onmouseover}] [1000]: org.thymeleaf.standard.processor.StandardDOMEventAttributeTagProcessor
[THYMELEAF]             * [* {th:onfocus,data-th-onfocus}] [1000]: org.thymeleaf.standard.processor.StandardDOMEventAttributeTagProcessor
[THYMELEAF]             * [* {th:onselect,data-th-onselect}] [1000]: org.thymeleaf.standard.processor.StandardDOMEventAttributeTagProcessor
[THYMELEAF]             * [* {th:onkeydown,data-th-onkeydown}] [1000]: org.thymeleaf.standard.processor.StandardDOMEventAttributeTagProcessor
[THYMELEAF]             * [* {th:onunload,data-th-onunload}] [1000]: org.thymeleaf.standard.processor.StandardDOMEventAttributeTagProcessor
[THYMELEAF]             * [* {th:oninvalid,data-th-oninvalid}] [1000]: org.thymeleaf.standard.processor.StandardDOMEventAttributeTagProcessor
[THYMELEAF]             * [* {th:onredo,data-th-onredo}] [1000]: org.thymeleaf.standard.processor.StandardDOMEventAttributeTagProcessor
[THYMELEAF]             * [* {th:onloadedmetadata,data-th-onloadedmetadata}] [1000]: org.thymeleaf.standard.processor.StandardDOMEventAttributeTagProcessor
[THYMELEAF]             * [* {th:onhashchange,data-th-onhashchange}] [1000]: org.thymeleaf.standard.processor.StandardDOMEventAttributeTagProcessor
[THYMELEAF]             * [* {th:ondrop,data-th-ondrop}] [1000]: org.thymeleaf.standard.processor.StandardDOMEventAttributeTagProcessor
[THYMELEAF]             * [* {th:onmouseout,data-th-onmouseout}] [1000]: org.thymeleaf.standard.processor.StandardDOMEventAttributeTagProcessor
[THYMELEAF]             * [* {th:href,data-th-href}] [1000]: org.thymeleaf.standard.processor.StandardHrefTagProcessor
[THYMELEAF]             * [* {th:inline,data-th-inline}] [1000]: org.thymeleaf.standard.processor.StandardInlineHTMLTagProcessor
[THYMELEAF]             * [* {th:method,data-th-method}] [1000]: org.thymeleaf.standard.processor.StandardMethodTagProcessor
[THYMELEAF]             * [* {th:type,data-th-type}] [1000]: org.thymeleaf.standard.processor.StandardNonRemovableAttributeTagProcessor
[THYMELEAF]             * [* {th:name,data-th-name}] [1000]: org.thymeleaf.standard.processor.StandardNonRemovableAttributeTagProcessor
[THYMELEAF]             * [* {th:target,data-th-target}] [1000]: org.thymeleaf.standard.processor.StandardRemovableAttributeTagProcessor
[THYMELEAF]             * [* {th:bgcolor,data-th-bgcolor}] [1000]: org.thymeleaf.standard.processor.StandardRemovableAttributeTagProcessor
[THYMELEAF]             * [* {th:placeholder,data-th-placeholder}] [1000]: org.thymeleaf.standard.processor.StandardRemovableAttributeTagProcessor
[THYMELEAF]             * [* {th:http-equiv,data-th-http-equiv}] [1000]: org.thymeleaf.standard.processor.StandardRemovableAttributeTagProcessor
[THYMELEAF]             * [* {th:marginwidth,data-th-marginwidth}] [1000]: org.thymeleaf.standard.processor.StandardRemovableAttributeTagProcessor
[THYMELEAF]             * [* {th:min,data-th-min}] [1000]: org.thymeleaf.standard.processor.StandardRemovableAttributeTagProcessor
[THYMELEAF]             * [* {th:maxlength,data-th-maxlength}] [1000]: org.thymeleaf.standard.processor.StandardRemovableAttributeTagProcessor
[THYMELEAF]             * [* {th:low,data-th-low}] [1000]: org.thymeleaf.standard.processor.StandardRemovableAttributeTagProcessor
[THYMELEAF]             * [* {th:accesskey,data-th-accesskey}] [1000]: org.thymeleaf.standard.processor.StandardRemovableAttributeTagProcessor
[THYMELEAF]             * [* {th:codebase,data-th-codebase}] [1000]: org.thymeleaf.standard.processor.StandardRemovableAttributeTagProcessor
[THYMELEAF]             * [* {th:rules,data-th-rules}] [1000]: org.thymeleaf.standard.processor.StandardRemovableAttributeTagProcessor
[THYMELEAF]             * [* {th:cite,data-th-cite}] [1000]: org.thymeleaf.standard.processor.StandardRemovableAttributeTagProcessor
[THYMELEAF]             * [* {th:accept-charset,data-th-accept-charset}] [1000]: org.thymeleaf.standard.processor.StandardRemovableAttributeTagProcessor
[THYMELEAF]             * [* {th:scope,data-th-scope}] [1000]: org.thymeleaf.standard.processor.StandardRemovableAttributeTagProcessor
[THYMELEAF]             * [* {th:scrolling,data-th-scrolling}] [1000]: org.thymeleaf.standard.processor.StandardRemovableAttributeTagProcessor
[THYMELEAF]             * [* {th:high,data-th-high}] [1000]: org.thymeleaf.standard.processor.StandardRemovableAttributeTagProcessor
[THYMELEAF]             * [* {th:rows,data-th-rows}] [1000]: org.thymeleaf.standard.processor.StandardRemovableAttributeTagProcessor
[THYMELEAF]             * [* {th:rowspan,data-th-rowspan}] [1000]: org.thymeleaf.standard.processor.StandardRemovableAttributeTagProcessor
[THYMELEAF]             * [* {th:hreflang,data-th-hreflang}] [1000]: org.thymeleaf.standard.processor.StandardRemovableAttributeTagProcessor
[THYMELEAF]             * [* {th:cellpadding,data-th-cellpadding}] [1000]: org.thymeleaf.standard.processor.StandardRemovableAttributeTagProcessor
[THYMELEAF]             * [* {th:standby,data-th-standby}] [1000]: org.thymeleaf.standard.processor.StandardRemovableAttributeTagProcessor
[THYMELEAF]             * [* {th:contenteditable,data-th-contenteditable}] [1000]: org.thymeleaf.standard.processor.StandardRemovableAttributeTagProcessor
[THYMELEAF]             * [* {th:id,data-th-id}] [1000]: org.thymeleaf.standard.processor.StandardRemovableAttributeTagProcessor
[THYMELEAF]             * [* {th:autocomplete,data-th-autocomplete}] [1000]: org.thymeleaf.standard.processor.StandardRemovableAttributeTagProcessor
[THYMELEAF]             * [* {th:start,data-th-start}] [1000]: org.thymeleaf.standard.processor.StandardRemovableAttributeTagProcessor
[THYMELEAF]             * [* {th:poster,data-th-poster}] [1000]: org.thymeleaf.standard.processor.StandardRemovableAttributeTagProcessor
[THYMELEAF]             * [* {th:axis,data-th-axis}] [1000]: org.thymeleaf.standard.processor.StandardRemovableAttributeTagProcessor
[THYMELEAF]             * [* {th:vspace,data-th-vspace}] [1000]: org.thymeleaf.standard.processor.StandardRemovableAttributeTagProcessor
[THYMELEAF]             * [* {th:wrap,data-th-wrap}] [1000]: org.thymeleaf.standard.processor.StandardRemovableAttributeTagProcessor
[THYMELEAF]             * [* {th:max,data-th-max}] [1000]: org.thymeleaf.standard.processor.StandardRemovableAttributeTagProcessor
[THYMELEAF]             * [* {th:sizes,data-th-sizes}] [1000]: org.thymeleaf.standard.processor.StandardRemovableAttributeTagProcessor
[THYMELEAF]             * [* {th:style,data-th-style}] [1000]: org.thymeleaf.standard.processor.StandardRemovableAttributeTagProcessor
[THYMELEAF]             * [* {th:rev,data-th-rev}] [1000]: org.thymeleaf.standard.processor.StandardRemovableAttributeTagProcessor
[THYMELEAF]             * [* {th:draggable,data-th-draggable}] [1000]: org.thymeleaf.standard.processor.StandardRemovableAttributeTagProcessor
[THYMELEAF]             * [* {th:border,data-th-border}] [1000]: org.thymeleaf.standard.processor.StandardRemovableAttributeTagProcessor
[THYMELEAF]             * [* {th:size,data-th-size}] [1000]: org.thymeleaf.standard.processor.StandardRemovableAttributeTagProcessor
[THYMELEAF]             * [* {th:kind,data-th-kind}] [1000]: org.thymeleaf.standard.processor.StandardRemovableAttributeTagProcessor
[THYMELEAF]             * [* {th:rel,data-th-rel}] [1000]: org.thymeleaf.standard.processor.StandardRemovableAttributeTagProcessor
[THYMELEAF]             * [* {th:data,data-th-data}] [1000]: org.thymeleaf.standard.processor.StandardRemovableAttributeTagProcessor
[THYMELEAF]             * [* {th:label,data-th-label}] [1000]: org.thymeleaf.standard.processor.StandardRemovableAttributeTagProcessor
[THYMELEAF]             * [* {th:spellcheck,data-th-spellcheck}] [1000]: org.thymeleaf.standard.processor.StandardRemovableAttributeTagProcessor
[THYMELEAF]             * [* {th:list,data-th-list}] [1000]: org.thymeleaf.standard.processor.StandardRemovableAttributeTagProcessor
[THYMELEAF]             * [* {th:formmethod,data-th-formmethod}] [1000]: org.thymeleaf.standard.processor.StandardRemovableAttributeTagProcessor
[THYMELEAF]             * [* {th:longdesc,data-th-longdesc}] [1000]: org.thymeleaf.standard.processor.StandardRemovableAttributeTagProcessor
[THYMELEAF]             * [* {th:alt,data-th-alt}] [1000]: org.thymeleaf.standard.processor.StandardRemovableAttributeTagProcessor
[THYMELEAF]             * [* {th:media,data-th-media}] [1000]: org.thymeleaf.standard.processor.StandardRemovableAttributeTagProcessor
[THYMELEAF]             * [* {th:sandbox,data-th-sandbox}] [1000]: org.thymeleaf.standard.processor.StandardRemovableAttributeTagProcessor
[THYMELEAF]             * [* {th:icon,data-th-icon}] [1000]: org.thymeleaf.standard.processor.StandardRemovableAttributeTagProcessor
[THYMELEAF]             * [* {th:frameborder,data-th-frameborder}] [1000]: org.thymeleaf.standard.processor.StandardRemovableAttributeTagProcessor
[THYMELEAF]             * [* {th:audio,data-th-audio}] [1000]: org.thymeleaf.standard.processor.StandardRemovableAttributeTagProcessor
[THYMELEAF]             * [* {th:srclang,data-th-srclang}] [1000]: org.thymeleaf.standard.processor.StandardRemovableAttributeTagProcessor
[THYMELEAF]             * [* {th:title,data-th-title}] [1000]: org.thymeleaf.standard.processor.StandardRemovableAttributeTagProcessor
[THYMELEAF]             * [* {th:valuetype,data-th-valuetype}] [1000]: org.thymeleaf.standard.processor.StandardRemovableAttributeTagProcessor
[THYMELEAF]             * [* {th:class,data-th-class}] [1000]: org.thymeleaf.standard.processor.StandardRemovableAttributeTagProcessor
[THYMELEAF]             * [* {th:background,data-th-background}] [1000]: org.thymeleaf.standard.processor.StandardRemovableAttributeTagProcessor
[THYMELEAF]             * [* {th:usemap,data-th-usemap}] [1000]: org.thymeleaf.standard.processor.StandardRemovableAttributeTagProcessor
[THYMELEAF]             * [* {th:height,data-th-height}] [1000]: org.thymeleaf.standard.processor.StandardRemovableAttributeTagProcessor
[THYMELEAF]             * [* {th:accept,data-th-accept}] [1000]: org.thymeleaf.standard.processor.StandardRemovableAttributeTagProcessor
[THYMELEAF]             * [* {th:frame,data-th-frame}] [1000]: org.thymeleaf.standard.processor.StandardRemovableAttributeTagProcessor
[THYMELEAF]             * [* {th:abbr,data-th-abbr}] [1000]: org.thymeleaf.standard.processor.StandardRemovableAttributeTagProcessor
[THYMELEAF]             * [* {th:datetime,data-th-datetime}] [1000]: org.thymeleaf.standard.processor.StandardRemovableAttributeTagProcessor
[THYMELEAF]             * [* {th:for,data-th-for}] [1000]: org.thymeleaf.standard.processor.StandardRemovableAttributeTagProcessor
[THYMELEAF]             * [* {th:marginheight,data-th-marginheight}] [1000]: org.thymeleaf.standard.processor.StandardRemovableAttributeTagProcessor
[THYMELEAF]             * [* {th:preload,data-th-preload}] [1000]: org.thymeleaf.standard.processor.StandardRemovableAttributeTagProcessor
[THYMELEAF]             * [* {th:contextmenu,data-th-contextmenu}] [1000]: org.thymeleaf.standard.processor.StandardRemovableAttributeTagProcessor
[THYMELEAF]             * [* {th:keytype,data-th-keytype}] [1000]: org.thymeleaf.standard.processor.StandardRemovableAttributeTagProcessor
[THYMELEAF]             * [* {th:lang,data-th-lang}] [1000]: org.thymeleaf.standard.processor.StandardRemovableAttributeTagProcessor
[THYMELEAF]             * [* {th:cellspacing,data-th-cellspacing}] [1000]: org.thymeleaf.standard.processor.StandardRemovableAttributeTagProcessor
[THYMELEAF]             * [* {th:compact,data-th-compact}] [1000]: org.thymeleaf.standard.processor.StandardRemovableAttributeTagProcessor
[THYMELEAF]             * [* {th:colspan,data-th-colspan}] [1000]: org.thymeleaf.standard.processor.StandardRemovableAttributeTagProcessor
[THYMELEAF]             * [* {th:hspace,data-th-hspace}] [1000]: org.thymeleaf.standard.processor.StandardRemovableAttributeTagProcessor
[THYMELEAF]             * [* {th:span,data-th-span}] [1000]: org.thymeleaf.standard.processor.StandardRemovableAttributeTagProcessor
[THYMELEAF]             * [* {th:codetype,data-th-codetype}] [1000]: org.thymeleaf.standard.processor.StandardRemovableAttributeTagProcessor
[THYMELEAF]             * [* {th:formaction,data-th-formaction}] [1000]: org.thymeleaf.standard.processor.StandardRemovableAttributeTagProcessor
[THYMELEAF]             * [* {th:headers,data-th-headers}] [1000]: org.thymeleaf.standard.processor.StandardRemovableAttributeTagProcessor
[THYMELEAF]             * [* {th:align,data-th-align}] [1000]: org.thymeleaf.standard.processor.StandardRemovableAttributeTagProcessor
[THYMELEAF]             * [* {th:classid,data-th-classid}] [1000]: org.thymeleaf.standard.processor.StandardRemovableAttributeTagProcessor
[THYMELEAF]             * [* {th:dir,data-th-dir}] [1000]: org.thymeleaf.standard.processor.StandardRemovableAttributeTagProcessor
[THYMELEAF]             * [* {th:tabindex,data-th-tabindex}] [1000]: org.thymeleaf.standard.processor.StandardRemovableAttributeTagProcessor
[THYMELEAF]             * [* {th:challenge,data-th-challenge}] [1000]: org.thymeleaf.standard.processor.StandardRemovableAttributeTagProcessor
[THYMELEAF]             * [* {th:enctype,data-th-enctype}] [1000]: org.thymeleaf.standard.processor.StandardRemovableAttributeTagProcessor
[THYMELEAF]             * [* {th:cols,data-th-cols}] [1000]: org.thymeleaf.standard.processor.StandardRemovableAttributeTagProcessor
[THYMELEAF]             * [* {th:archive,data-th-archive}] [1000]: org.thymeleaf.standard.processor.StandardRemovableAttributeTagProcessor
[THYMELEAF]             * [* {th:pattern,data-th-pattern}] [1000]: org.thymeleaf.standard.processor.StandardRemovableAttributeTagProcessor
[THYMELEAF]             * [* {th:radiogroup,data-th-radiogroup}] [1000]: org.thymeleaf.standard.processor.StandardRemovableAttributeTagProcessor
[THYMELEAF]             * [* {th:step,data-th-step}] [1000]: org.thymeleaf.standard.processor.StandardRemovableAttributeTagProcessor
[THYMELEAF]             * [* {th:form,data-th-form}] [1000]: org.thymeleaf.standard.processor.StandardRemovableAttributeTagProcessor
[THYMELEAF]             * [* {th:summary,data-th-summary}] [1000]: org.thymeleaf.standard.processor.StandardRemovableAttributeTagProcessor
[THYMELEAF]             * [* {th:dropzone,data-th-dropzone}] [1000]: org.thymeleaf.standard.processor.StandardRemovableAttributeTagProcessor
[THYMELEAF]             * [* {th:scheme,data-th-scheme}] [1000]: org.thymeleaf.standard.processor.StandardRemovableAttributeTagProcessor
[THYMELEAF]             * [* {th:formtarget,data-th-formtarget}] [1000]: org.thymeleaf.standard.processor.StandardRemovableAttributeTagProcessor
[THYMELEAF]             * [* {th:content,data-th-content}] [1000]: org.thymeleaf.standard.processor.StandardRemovableAttributeTagProcessor
[THYMELEAF]             * [* {th:width,data-th-width}] [1000]: org.thymeleaf.standard.processor.StandardRemovableAttributeTagProcessor
[THYMELEAF]             * [* {th:formenctype,data-th-formenctype}] [1000]: org.thymeleaf.standard.processor.StandardRemovableAttributeTagProcessor
[THYMELEAF]             * [* {th:optimum,data-th-optimum}] [1000]: org.thymeleaf.standard.processor.StandardRemovableAttributeTagProcessor
[THYMELEAF]             * [* {th:charset,data-th-charset}] [1000]: org.thymeleaf.standard.processor.StandardRemovableAttributeTagProcessor
[THYMELEAF]             * [* {th:manifest,data-th-manifest}] [1000]: org.thymeleaf.standard.processor.StandardRemovableAttributeTagProcessor
[THYMELEAF]             * [* {th:src,data-th-src}] [1000]: org.thymeleaf.standard.processor.StandardSrcTagProcessor
[THYMELEAF]             * [* {th:value,data-th-value}] [1000]: org.thymeleaf.standard.processor.StandardValueTagProcessor
[THYMELEAF]             * [* {th:xmlbase,data-th-xmlbase}] [1000]: org.thymeleaf.standard.processor.StandardXmlBaseTagProcessor
[THYMELEAF]             * [* {th:xmllang,data-th-xmllang}] [1000]: org.thymeleaf.standard.processor.StandardXmlLangTagProcessor
[THYMELEAF]             * [* {xmlns:th}] [1000]: org.thymeleaf.standard.processor.StandardXmlNsTagProcessor
[THYMELEAF]             * [* {th:xmlspace,data-th-xmlspace}] [1000]: org.thymeleaf.standard.processor.StandardXmlSpaceTagProcessor
[THYMELEAF]             * [* {th:classappend,data-th-classappend}] [1100]: org.thymeleaf.standard.processor.StandardClassappendTagProcessor
[THYMELEAF]             * [* {th:styleappend,data-th-styleappend}] [1100]: org.thymeleaf.standard.processor.StandardStyleappendTagProcessor
[THYMELEAF]             * [* {th:text,data-th-text}] [1300]: org.thymeleaf.standard.processor.StandardTextTagProcessor
[THYMELEAF]             * [* {th:utext,data-th-utext}] [1400]: org.thymeleaf.standard.processor.StandardUtextTagProcessor
[THYMELEAF]             * [* {th:fragment,data-th-fragment}] [1500]: org.thymeleaf.standard.processor.StandardFragmentTagProcessor
[THYMELEAF]             * [* {th:assert,data-th-assert}] [1550]: org.thymeleaf.standard.processor.StandardAssertTagProcessor
[THYMELEAF]             * [* {th:remove,data-th-remove}] [1600]: org.thymeleaf.standard.processor.StandardRemoveTagProcessor
[THYMELEAF]             * [* {th:ref,data-th-ref}] [10000]: org.thymeleaf.standard.processor.StandardRefAttributeTagProcessor
[THYMELEAF]             * [{th:block,th-block} *] [100000]: org.thymeleaf.standard.processor.StandardBlockTagProcessor
[THYMELEAF]             * [* th:*] [2147483647]: org.thymeleaf.standard.processor.StandardDefaultAttributesTagProcessor
[THYMELEAF]         * Text Processors by [precedence]:
[THYMELEAF]             * [1000]: org.thymeleaf.standard.processor.StandardInliningTextProcessor
[THYMELEAF]         * DOCTYPE Processors by [precedence]:
[THYMELEAF]             * [1000]: org.thymeleaf.standard.processor.StandardTranslationDocTypeProcessor
[THYMELEAF]         * CDATA Section Processors by [precedence]:
[THYMELEAF]             * [1000]: org.thymeleaf.standard.processor.StandardInliningCDATASectionProcessor
[THYMELEAF]         * Comment Processors by [precedence]:
[THYMELEAF]             * [1000]: org.thymeleaf.standard.processor.StandardInliningCommentProcessor
[THYMELEAF]             * [1100]: org.thymeleaf.standard.processor.StandardConditionalCommentProcessor
[THYMELEAF]     * Processors for Template Mode: XML
[THYMELEAF]         * Element Tag Processors by [matching element and attribute name] [precedence]:
[THYMELEAF]             * [* {th:include}] [100]: org.thymeleaf.standard.processor.StandardIncludeTagProcessor
[THYMELEAF]             * [* {th:insert}] [100]: org.thymeleaf.standard.processor.StandardInsertTagProcessor
[THYMELEAF]             * [* {th:replace}] [100]: org.thymeleaf.standard.processor.StandardReplaceTagProcessor
[THYMELEAF]             * [* {th:each}] [200]: com.intuit.karate.template.KarateEachTagProcessor
[THYMELEAF]             * [* {th:switch}] [250]: org.thymeleaf.standard.processor.StandardSwitchTagProcessor
[THYMELEAF]             * [* {th:case}] [275]: org.thymeleaf.standard.processor.StandardCaseTagProcessor
[THYMELEAF]             * [* {th:if}] [300]: org.thymeleaf.standard.processor.StandardIfTagProcessor
[THYMELEAF]             * [* {th:unless}] [400]: org.thymeleaf.standard.processor.StandardUnlessTagProcessor
[THYMELEAF]             * [* {th:object}] [500]: org.thymeleaf.standard.processor.StandardObjectTagProcessor
[THYMELEAF]             * [* {th:with}] [600]: com.intuit.karate.template.KarateWithTagProcessor
[THYMELEAF]             * [* {th:attr}] [700]: com.intuit.karate.template.KarateAttributeTagProcessor.KarateAttrTagProcessor
[THYMELEAF]             * [* {th:attrappend}] [900]: com.intuit.karate.template.KarateAttributeTagProcessor.KarateAttrappendTagProcessor
[THYMELEAF]             * [* {th:attrprepend}] [900]: com.intuit.karate.template.KarateAttributeTagProcessor.KarateAttrprependTagProcessor
[THYMELEAF]             * [* {th:inline}] [1000]: org.thymeleaf.standard.processor.StandardInlineXMLTagProcessor
[THYMELEAF]             * [* {xmlns:th}] [1000]: org.thymeleaf.standard.processor.StandardXmlNsTagProcessor
[THYMELEAF]             * [* {th:text}] [1300]: org.thymeleaf.standard.processor.StandardTextTagProcessor
[THYMELEAF]             * [* {th:utext}] [1400]: org.thymeleaf.standard.processor.StandardUtextTagProcessor
[THYMELEAF]             * [* {th:fragment}] [1500]: org.thymeleaf.standard.processor.StandardFragmentTagProcessor
[THYMELEAF]             * [* {th:assert}] [1550]: org.thymeleaf.standard.processor.StandardAssertTagProcessor
[THYMELEAF]             * [* {th:remove}] [1600]: org.thymeleaf.standard.processor.StandardRemoveTagProcessor
[THYMELEAF]             * [* {th:ref}] [10000]: org.thymeleaf.standard.processor.StandardRefAttributeTagProcessor
[THYMELEAF]             * [{th:block} *] [100000]: org.thymeleaf.standard.processor.StandardBlockTagProcessor
[THYMELEAF]             * [* th:*] [2147483647]: org.thymeleaf.standard.processor.StandardDefaultAttributesTagProcessor
[THYMELEAF]         * Text Processors by [precedence]:
[THYMELEAF]             * [1000]: org.thymeleaf.standard.processor.StandardInliningTextProcessor
[THYMELEAF]         * CDATA Section Processors by [precedence]:
[THYMELEAF]             * [1000]: org.thymeleaf.standard.processor.StandardInliningCDATASectionProcessor
[THYMELEAF]         * Comment Processors by [precedence]:
[THYMELEAF]             * [1000]: org.thymeleaf.standard.processor.StandardInliningCommentProcessor
[THYMELEAF]     * Processors for Template Mode: TEXT
[THYMELEAF]         * Element Tag Processors by [matching element and attribute name] [precedence]:
[THYMELEAF]             * [* {th:insert}] [100]: org.thymeleaf.standard.processor.StandardInsertTagProcessor
[THYMELEAF]             * [* {th:replace}] [100]: org.thymeleaf.standard.processor.StandardReplaceTagProcessor
[THYMELEAF]             * [* {th:each}] [200]: com.intuit.karate.template.KarateEachTagProcessor
[THYMELEAF]             * [* {th:switch}] [250]: org.thymeleaf.standard.processor.StandardSwitchTagProcessor
[THYMELEAF]             * [* {th:case}] [275]: org.thymeleaf.standard.processor.StandardCaseTagProcessor
[THYMELEAF]             * [* {th:if}] [300]: org.thymeleaf.standard.processor.StandardIfTagProcessor
[THYMELEAF]             * [* {th:unless}] [400]: org.thymeleaf.standard.processor.StandardUnlessTagProcessor
[THYMELEAF]             * [* {th:object}] [500]: org.thymeleaf.standard.processor.StandardObjectTagProcessor
[THYMELEAF]             * [* {th:with}] [600]: com.intuit.karate.template.KarateWithTagProcessor
[THYMELEAF]             * [* {th:inline}] [1000]: org.thymeleaf.standard.processor.StandardInlineTextualTagProcessor
[THYMELEAF]             * [* {th:text}] [1300]: org.thymeleaf.standard.processor.StandardTextTagProcessor
[THYMELEAF]             * [* {th:utext}] [1400]: org.thymeleaf.standard.processor.StandardUtextTagProcessor
[THYMELEAF]             * [* {th:assert}] [1550]: org.thymeleaf.standard.processor.StandardAssertTagProcessor
[THYMELEAF]             * [* {th:remove}] [1600]: org.thymeleaf.standard.processor.StandardRemoveTagProcessor
[THYMELEAF]             * [* 100000] [org.thymeleaf.standard.processor.StandardBlockTagProcessor]: {}
[THYMELEAF]             * [{th:block} *] [100000]: org.thymeleaf.standard.processor.StandardBlockTagProcessor
[THYMELEAF]         * Text Processors by [precedence]:
[THYMELEAF]             * [1000]: org.thymeleaf.standard.processor.StandardInliningTextProcessor
[THYMELEAF]     * Processors for Template Mode: JAVASCRIPT
[THYMELEAF]         * Element Tag Processors by [matching element and attribute name] [precedence]:
[THYMELEAF]             * [* {th:insert}] [100]: org.thymeleaf.standard.processor.StandardInsertTagProcessor
[THYMELEAF]             * [* {th:replace}] [100]: org.thymeleaf.standard.processor.StandardReplaceTagProcessor
[THYMELEAF]             * [* {th:each}] [200]: com.intuit.karate.template.KarateEachTagProcessor
[THYMELEAF]             * [* {th:switch}] [250]: org.thymeleaf.standard.processor.StandardSwitchTagProcessor
[THYMELEAF]             * [* {th:case}] [275]: org.thymeleaf.standard.processor.StandardCaseTagProcessor
[THYMELEAF]             * [* {th:if}] [300]: org.thymeleaf.standard.processor.StandardIfTagProcessor
[THYMELEAF]             * [* {th:unless}] [400]: org.thymeleaf.standard.processor.StandardUnlessTagProcessor
[THYMELEAF]             * [* {th:object}] [500]: org.thymeleaf.standard.processor.StandardObjectTagProcessor
[THYMELEAF]             * [* {th:with}] [600]: com.intuit.karate.template.KarateWithTagProcessor
[THYMELEAF]             * [* {th:inline}] [1000]: org.thymeleaf.standard.processor.StandardInlineTextualTagProcessor
[THYMELEAF]             * [* {th:text}] [1300]: org.thymeleaf.standard.processor.StandardTextTagProcessor
[THYMELEAF]             * [* {th:utext}] [1400]: org.thymeleaf.standard.processor.StandardUtextTagProcessor
[THYMELEAF]             * [* {th:assert}] [1550]: org.thymeleaf.standard.processor.StandardAssertTagProcessor
[THYMELEAF]             * [* {th:remove}] [1600]: org.thymeleaf.standard.processor.StandardRemoveTagProcessor
[THYMELEAF]             * [{th:block} *] [100000]: org.thymeleaf.standard.processor.StandardBlockTagProcessor
[THYMELEAF]             * [* 100000] [org.thymeleaf.standard.processor.StandardBlockTagProcessor]: {}
[THYMELEAF]         * Text Processors by [precedence]:
[THYMELEAF]             * [1000]: org.thymeleaf.standard.processor.StandardInliningTextProcessor
[THYMELEAF]     * Processors for Template Mode: CSS
[THYMELEAF]         * Element Tag Processors by [matching element and attribute name] [precedence]:
[THYMELEAF]             * [* {th:insert}] [100]: org.thymeleaf.standard.processor.StandardInsertTagProcessor
[THYMELEAF]             * [* {th:replace}] [100]: org.thymeleaf.standard.processor.StandardReplaceTagProcessor
[THYMELEAF]             * [* {th:each}] [200]: com.intuit.karate.template.KarateEachTagProcessor
[THYMELEAF]             * [* {th:switch}] [250]: org.thymeleaf.standard.processor.StandardSwitchTagProcessor
[THYMELEAF]             * [* {th:case}] [275]: org.thymeleaf.standard.processor.StandardCaseTagProcessor
[THYMELEAF]             * [* {th:if}] [300]: org.thymeleaf.standard.processor.StandardIfTagProcessor
[THYMELEAF]             * [* {th:unless}] [400]: org.thymeleaf.standard.processor.StandardUnlessTagProcessor
[THYMELEAF]             * [* {th:object}] [500]: org.thymeleaf.standard.processor.StandardObjectTagProcessor
[THYMELEAF]             * [* {th:with}] [600]: com.intuit.karate.template.KarateWithTagProcessor
[THYMELEAF]             * [* {th:inline}] [1000]: org.thymeleaf.standard.processor.StandardInlineTextualTagProcessor
[THYMELEAF]             * [* {th:text}] [1300]: org.thymeleaf.standard.processor.StandardTextTagProcessor
[THYMELEAF]             * [* {th:utext}] [1400]: org.thymeleaf.standard.processor.StandardUtextTagProcessor
[THYMELEAF]             * [* {th:assert}] [1550]: org.thymeleaf.standard.processor.StandardAssertTagProcessor
[THYMELEAF]             * [* {th:remove}] [1600]: org.thymeleaf.standard.processor.StandardRemoveTagProcessor
[THYMELEAF]             * [{th:block} *] [100000]: org.thymeleaf.standard.processor.StandardBlockTagProcessor
[THYMELEAF]             * [* 100000] [org.thymeleaf.standard.processor.StandardBlockTagProcessor]: {}
[THYMELEAF]         * Text Processors by [precedence]:
[THYMELEAF]             * [1000]: org.thymeleaf.standard.processor.StandardInliningTextProcessor
[THYMELEAF]     * Expression Objects:
[THYMELEAF]         * #ctx
[THYMELEAF]         * #root
[THYMELEAF]         * #vars
[THYMELEAF]         * #object
[THYMELEAF]         * #locale
[THYMELEAF]         * #conversions
[THYMELEAF]         * #uris
[THYMELEAF]         * #temporals
[THYMELEAF]         * #calendars
[THYMELEAF]         * #dates
[THYMELEAF]         * #bools
[THYMELEAF]         * #numbers
[THYMELEAF]         * #objects
[THYMELEAF]         * #strings
[THYMELEAF]         * #arrays
[THYMELEAF]         * #lists
[THYMELEAF]         * #sets
[THYMELEAF]         * #maps
[THYMELEAF]         * #aggregates
[THYMELEAF]         * #messages
[THYMELEAF]         * #ids
[THYMELEAF]         * #execInfo
[THYMELEAF]         * #request
[THYMELEAF]         * #response
[THYMELEAF]         * #session
[THYMELEAF]         * #servletContext
[THYMELEAF]     * Execution Attributes:
[THYMELEAF]         * "StandardExpressionParser": com.intuit.karate.template.KarateStandardDialect@97b5e6a
[THYMELEAF]         * "StandardJavaScriptSerializer": org.thymeleaf.standard.serializer.StandardJavaScriptSerializer@55b62db8
[THYMELEAF]         * "StandardCSSSerializer": org.thymeleaf.standard.serializer.StandardCSSSerializer@772f3a3f
[THYMELEAF]         * "StandardVariableExpressionEvaluator": com.intuit.karate.template.KarateStandardDialect@97b5e6a
[THYMELEAF]         * "StandardConversionService": org.thymeleaf.standard.expression.StandardConversionService@3caa4d85
[THYMELEAF] * Dialect [2 of 2]: karate (com.intuit.karate.template.KarateScriptDialect)
[THYMELEAF]     * Prefix: "ka"
[THYMELEAF]     * Processors for Template Mode: HTML
[THYMELEAF]         * Element Tag Processors by [matching element and attribute name] [precedence]:
[THYMELEAF]             * [* {src}] [1000]: com.intuit.karate.template.KaScriptAttrProcessor
[THYMELEAF]         * Element Model Processors by [matching element and attribute name] [precedence]:
[THYMELEAF]             * [{script} {ka:scope,data-ka-scope}] [1000]: com.intuit.karate.template.KaScriptElemProcessor
[THYMELEAF]             * [* {ka:set,data-ka-set}] [1000]: com.intuit.karate.template.KaSetElemProcessor
[THYMELEAF] TEMPLATE ENGINE CONFIGURED OK
19:20:07.946 [main] DEBUG org.thymeleaf.TemplateEngine -- [THYMELEAF] TEMPLATE ENGINE INITIALIZED

HTML report: (paste into browser to view) | Karate version: 1.4.1
file:///Users/devo/KarateAPIProject/karate-dummyjson/target/karate-reports/karate-summary.html
===================================================================

]]></system-out>
  </testcase>
</testsuite>