<?xml version="1.0" encoding="UTF-8"?>
<testsuite xmlns:xsi="http://www.w3.org/2001/XMLSchema-instance" xsi:noNamespaceSchemaLocation="https://maven.apache.org/surefire/maven-surefire-plugin/xsd/surefire-test-report-3.0.xsd" version="3.0" name="dummyjson.ProductsRunner" time="5.902" tests="11" errors="0" skipped="0" failures="0">
  <properties>
    <property name="java.specification.version" value="21"/>
    <property name="sun.jnu.encoding" value="UTF-8"/>
    <property name="java.class.path" value="/Users/devo/KarateAPIProject/karate-dummyjson/target/test-classes:/Users/devo/KarateAPIProject/karate-dummyjson/target/classes:/Users/devo/.m2/repository/junit/junit/3.8.1/junit-3.8.1.jar:/Users/devo/.m2/repository/com/intuit/karate/karate-junit5/1.4.1/karate-junit5-1.4.1.jar:/Users/devo/.m2/repository/com/intuit/karate/karate-core/1.4.1/karate-core-1.4.1.jar:/Users/devo/.m2/repository/org/graalvm/js/js-scriptengine/22.3.3/js-scriptengine-22.3.3.jar:/Users/devo/.m2/repository/org/graalvm/sdk/graal-sdk/22.3.3/graal-sdk-22.3.3.jar:/Users/devo/.m2/repository/org/graalvm/js/js/22.3.3/js-22.3.3.jar:/Users/devo/.m2/repository/org/graalvm/regex/regex/22.3.3/regex-22.3.3.jar:/Users/devo/.m2/repository/org/graalvm/truffle/truffle-api/22.3.3/truffle-api-22.3.3.jar:/Users/devo/.m2/repository/com/ibm/icu/icu4j/71.1/icu4j-71.1.jar:/Users/devo/.m2/repository/org/thymeleaf/thymeleaf/3.1.2.RELEASE/thymeleaf-3.1.2.RELEASE.jar:/Users/devo/.m2/repository/ognl/ognl/3.3.4/ognl-3.3.4.jar:/Users/devo/.m2/repository/org/javassist/javassist/3.29.0-GA/javassist-3.29.0-GA.jar:/Users/devo/.m2/repository/org/attoparser/attoparser/2.0.7.RELEASE/attoparser-2.0.7.RELEASE.jar:/Users/devo/.m2/repository/org/unbescape/unbescape/1.1.6.RELEASE/unbescape-1.1.6.RELEASE.jar:/Users/devo/.m2/repository/org/slf4j/slf4j-api/2.0.7/slf4j-api-2.0.7.jar:/Users/devo/.m2/repository/com/linecorp/armeria/armeria/1.25.2/armeria-1.25.2.jar:/Users/devo/.m2/repository/com/fasterxml/jackson/core/jackson-core/2.15.2/jackson-core-2.15.2.jar:/Users/devo/.m2/repository/com/fasterxml/jackson/core/jackson-annotations/2.15.2/jackson-annotations-2.15.2.jar:/Users/devo/.m2/repository/com/fasterxml/jackson/core/jackson-databind/2.15.2/jackson-databind-2.15.2.jar:/Users/devo/.m2/repository/com/fasterxml/jackson/datatype/jackson-datatype-jdk8/2.15.2/jackson-datatype-jdk8-2.15.2.jar:/Users/devo/.m2/repository/com/fasterxml/jackson/datatype/jackson-datatype-jsr310/2.15.2/jackson-datatype-jsr310-2.15.2.jar:/Users/devo/.m2/repository/io/micrometer/micrometer-core/1.11.3/micrometer-core-1.11.3.jar:/Users/devo/.m2/repository/io/micrometer/micrometer-commons/1.11.3/micrometer-commons-1.11.3.jar:/Users/devo/.m2/repository/io/micrometer/micrometer-observation/1.11.3/micrometer-observation-1.11.3.jar:/Users/devo/.m2/repository/org/hdrhistogram/HdrHistogram/2.1.12/HdrHistogram-2.1.12.jar:/Users/devo/.m2/repository/org/latencyutils/LatencyUtils/2.0.3/LatencyUtils-2.0.3.jar:/Users/devo/.m2/repository/io/netty/netty-transport/4.1.96.Final/netty-transport-4.1.96.Final.jar:/Users/devo/.m2/repository/io/netty/netty-common/4.1.96.Final/netty-common-4.1.96.Final.jar:/Users/devo/.m2/repository/io/netty/netty-buffer/4.1.96.Final/netty-buffer-4.1.96.Final.jar:/Users/devo/.m2/repository/io/netty/netty-resolver/4.1.96.Final/netty-resolver-4.1.96.Final.jar:/Users/devo/.m2/repository/io/netty/netty-codec-haproxy/4.1.96.Final/netty-codec-haproxy-4.1.96.Final.jar:/Users/devo/.m2/repository/io/netty/netty-codec/4.1.96.Final/netty-codec-4.1.96.Final.jar:/Users/devo/.m2/repository/io/netty/netty-codec-http2/4.1.96.Final/netty-codec-http2-4.1.96.Final.jar:/Users/devo/.m2/repository/io/netty/netty-handler/4.1.96.Final/netty-handler-4.1.96.Final.jar:/Users/devo/.m2/repository/io/netty/netty-codec-http/4.1.96.Final/netty-codec-http-4.1.96.Final.jar:/Users/devo/.m2/repository/io/netty/netty-resolver-dns/4.1.96.Final/netty-resolver-dns-4.1.96.Final.jar:/Users/devo/.m2/repository/io/netty/netty-codec-dns/4.1.96.Final/netty-codec-dns-4.1.96.Final.jar:/Users/devo/.m2/repository/org/reactivestreams/reactive-streams/1.0.4/reactive-streams-1.0.4.jar:/Users/devo/.m2/repository/com/google/code/findbugs/jsr305/3.0.2/jsr305-3.0.2.jar:/Users/devo/.m2/repository/io/netty/netty-handler-proxy/4.1.96.Final/netty-handler-proxy-4.1.96.Final.jar:/Users/devo/.m2/repository/io/netty/netty-codec-socks/4.1.96.Final/netty-codec-socks-4.1.96.Final.jar:/Users/devo/.m2/repository/io/netty/netty-transport-native-unix-common/4.1.96.Final/netty-transport-native-unix-common-4.1.96.Final-linux-x86_64.jar:/Users/devo/.m2/repository/io/netty/netty-transport-native-epoll/4.1.96.Final/netty-transport-native-epoll-4.1.96.Final-linux-x86_64.jar:/Users/devo/.m2/repository/io/netty/netty-transport-native-unix-common/4.1.96.Final/netty-transport-native-unix-common-4.1.96.Final.jar:/Users/devo/.m2/repository/io/netty/netty-transport-classes-epoll/4.1.96.Final/netty-transport-classes-epoll-4.1.96.Final.jar:/Users/devo/.m2/repository/io/netty/netty-transport-native-unix-common/4.1.96.Final/netty-transport-native-unix-common-4.1.96.Final-linux-aarch_64.jar:/Users/devo/.m2/repository/io/netty/netty-transport-native-epoll/4.1.96.Final/netty-transport-native-epoll-4.1.96.Final-linux-aarch_64.jar:/Users/devo/.m2/repository/io/netty/netty-transport-native-unix-common/4.1.96.Final/netty-transport-native-unix-common-4.1.96.Final-osx-x86_64.jar:/Users/devo/.m2/repository/io/netty/netty-transport-native-kqueue/4.1.96.Final/netty-transport-native-kqueue-4.1.96.Final-osx-x86_64.jar:/Users/devo/.m2/repository/io/netty/netty-transport-classes-kqueue/4.1.96.Final/netty-transport-classes-kqueue-4.1.96.Final.jar:/Users/devo/.m2/repository/io/netty/netty-resolver-dns-native-macos/4.1.96.Final/netty-resolver-dns-native-macos-4.1.96.Final-osx-x86_64.jar:/Users/devo/.m2/repository/io/netty/netty-resolver-dns-classes-macos/4.1.96.Final/netty-resolver-dns-classes-macos-4.1.96.Final.jar:/Users/devo/.m2/repository/io/netty/netty-transport-native-unix-common/4.1.96.Final/netty-transport-native-unix-common-4.1.96.Final-osx-aarch_64.jar:/Users/devo/.m2/repository/io/netty/netty-transport-native-kqueue/4.1.96.Final/netty-transport-native-kqueue-4.1.96.Final-osx-aarch_64.jar:/Users/devo/.m2/repository/io/netty/netty-resolver-dns-native-macos/4.1.96.Final/netty-resolver-dns-native-macos-4.1.96.Final-osx-aarch_64.jar:/Users/devo/.m2/repository/io/netty/netty-tcnative-boringssl-static/2.0.61.Final/netty-tcnative-boringssl-static-2.0.61.Final-linux-x86_64.jar:/Users/devo/.m2/repository/io/netty/netty-tcnative-classes/2.0.61.Final/netty-tcnative-classes-2.0.61.Final.jar:/Users/devo/.m2/repository/io/netty/netty-tcnative-boringssl-static/2.0.61.Final/netty-tcnative-boringssl-static-2.0.61.Final-linux-aarch_64.jar:/Users/devo/.m2/repository/io/netty/netty-tcnative-boringssl-static/2.0.61.Final/netty-tcnative-boringssl-static-2.0.61.Final-osx-x86_64.jar:/Users/devo/.m2/repository/io/netty/netty-tcnative-boringssl-static/2.0.61.Final/netty-tcnative-boringssl-static-2.0.61.Final-osx-aarch_64.jar:/Users/devo/.m2/repository/io/netty/netty-tcnative-boringssl-static/2.0.61.Final/netty-tcnative-boringssl-static-2.0.61.Final-windows-x86_64.jar:/Users/devo/.m2/repository/com/aayushatharva/brotli4j/brotli4j/1.12.0/brotli4j-1.12.0.jar:/Users/devo/.m2/repository/com/aayushatharva/brotli4j/service/1.12.0/service-1.12.0.jar:/Users/devo/.m2/repository/com/aayushatharva/brotli4j/native-osx-aarch64/1.12.0/native-osx-aarch64-1.12.0.jar:/Users/devo/.m2/repository/org/apache/httpcomponents/httpclient/4.5.14/httpclient-4.5.14.jar:/Users/devo/.m2/repository/org/apache/httpcomponents/httpcore/4.4.16/httpcore-4.4.16.jar:/Users/devo/.m2/repository/commons-codec/commons-codec/1.16.0/commons-codec-1.16.0.jar:/Users/devo/.m2/repository/ch/qos/logback/logback-classic/1.4.11/logback-classic-1.4.11.jar:/Users/devo/.m2/repository/ch/qos/logback/logback-core/1.4.11/logback-core-1.4.11.jar:/Users/devo/.m2/repository/org/slf4j/jcl-over-slf4j/2.0.9/jcl-over-slf4j-2.0.9.jar:/Users/devo/.m2/repository/org/antlr/antlr4-runtime/4.11.1/antlr4-runtime-4.11.1.jar:/Users/devo/.m2/repository/com/jayway/jsonpath/json-path/2.8.0/json-path-2.8.0.jar:/Users/devo/.m2/repository/net/minidev/json-smart/2.4.10/json-smart-2.4.10.jar:/Users/devo/.m2/repository/net/minidev/accessors-smart/2.4.9/accessors-smart-2.4.9.jar:/Users/devo/.m2/repository/org/ow2/asm/asm/9.3/asm-9.3.jar:/Users/devo/.m2/repository/org/yaml/snakeyaml/2.0/snakeyaml-2.0.jar:/Users/devo/.m2/repository/de/siegmar/fastcsv/2.2.1/fastcsv-2.2.1.jar:/Users/devo/.m2/repository/info/picocli/picocli/4.7.1/picocli-4.7.1.jar:/Users/devo/.m2/repository/io/github/classgraph/classgraph/4.8.160/classgraph-4.8.160.jar:/Users/devo/.m2/repository/io/github/t12y/resemble/1.0.2/resemble-1.0.2.jar:/Users/devo/.m2/repository/io/github/t12y/ssim/1.0.0/ssim-1.0.0.jar:/Users/devo/.m2/repository/org/junit/jupiter/junit-jupiter-api/5.9.3/junit-jupiter-api-5.9.3.jar:/Users/devo/.m2/repository/org/opentest4j/opentest4j/1.2.0/opentest4j-1.2.0.jar:/Users/devo/.m2/repository/org/junit/platform/junit-platform-commons/1.9.3/junit-platform-commons-1.9.3.jar:/Users/devo/.m2/repository/org/apiguardian/apiguardian-api/1.1.2/apiguardian-api-1.1.2.jar:/Users/devo/.m2/repository/org/junit/jupiter/junit-jupiter-engine/5.9.3/junit-jupiter-engine-5.9.3.jar:/Users/devo/.m2/repository/org/junit/platform/junit-platform-engine/1.9.3/junit-platform-engine-1.9.3.jar:"/>
    <property name="java.vm.vendor" value="Eclipse Adoptium"/>
    <property name="sun.arch.data.model" value="64"/>
    <property name="java.vendor.url" value="https://adoptium.net/"/>
    <property name="user.timezone" value="Asia/Jakarta"/>
    <property name="os.name" value="Mac OS X"/>
    <property name="java.vm.specification.version" value="21"/>
    <property name="sun.java.launcher" value="SUN_STANDARD"/>
    <property name="user.country" value="ID"/>
    <property name="sun.boot.library.path" value="/Library/Java/JavaVirtualMachines/temurin-21.jdk/Contents/Home/lib"/>
    <property name="sun.java.command" value="/Users/devo/KarateAPIProject/karate-dummyjson/target/surefire/surefirebooter-20250723180906514_3.jar /Users/devo/KarateAPIProject/karate-dummyjson/target/surefire 2025-07-23T18-09-06_361-jvmRun1 surefire-20250723180906514_1tmp surefire_0-20250723180906514_2tmp"/>
    <property name="http.nonProxyHosts" value="local|*.local|169.254/16|*.169.254/16"/>
    <property name="jdk.debug" value="release"/>
    <property name="test" value="dummyjson.ProductsRunner"/>
    <property name="surefire.test.class.path" value="/Users/devo/KarateAPIProject/karate-dummyjson/target/test-classes:/Users/devo/KarateAPIProject/karate-dummyjson/target/classes:/Users/devo/.m2/repository/junit/junit/3.8.1/junit-3.8.1.jar:/Users/devo/.m2/repository/com/intuit/karate/karate-junit5/1.4.1/karate-junit5-1.4.1.jar:/Users/devo/.m2/repository/com/intuit/karate/karate-core/1.4.1/karate-core-1.4.1.jar:/Users/devo/.m2/repository/org/graalvm/js/js-scriptengine/22.3.3/js-scriptengine-22.3.3.jar:/Users/devo/.m2/repository/org/graalvm/sdk/graal-sdk/22.3.3/graal-sdk-22.3.3.jar:/Users/devo/.m2/repository/org/graalvm/js/js/22.3.3/js-22.3.3.jar:/Users/devo/.m2/repository/org/graalvm/regex/regex/22.3.3/regex-22.3.3.jar:/Users/devo/.m2/repository/org/graalvm/truffle/truffle-api/22.3.3/truffle-api-22.3.3.jar:/Users/devo/.m2/repository/com/ibm/icu/icu4j/71.1/icu4j-71.1.jar:/Users/devo/.m2/repository/org/thymeleaf/thymeleaf/3.1.2.RELEASE/thymeleaf-3.1.2.RELEASE.jar:/Users/devo/.m2/repository/ognl/ognl/3.3.4/ognl-3.3.4.jar:/Users/devo/.m2/repository/org/javassist/javassist/3.29.0-GA/javassist-3.29.0-GA.jar:/Users/devo/.m2/repository/org/attoparser/attoparser/2.0.7.RELEASE/attoparser-2.0.7.RELEASE.jar:/Users/devo/.m2/repository/org/unbescape/unbescape/1.1.6.RELEASE/unbescape-1.1.6.RELEASE.jar:/Users/devo/.m2/repository/org/slf4j/slf4j-api/2.0.7/slf4j-api-2.0.7.jar:/Users/devo/.m2/repository/com/linecorp/armeria/armeria/1.25.2/armeria-1.25.2.jar:/Users/devo/.m2/repository/com/fasterxml/jackson/core/jackson-core/2.15.2/jackson-core-2.15.2.jar:/Users/devo/.m2/repository/com/fasterxml/jackson/core/jackson-annotations/2.15.2/jackson-annotations-2.15.2.jar:/Users/devo/.m2/repository/com/fasterxml/jackson/core/jackson-databind/2.15.2/jackson-databind-2.15.2.jar:/Users/devo/.m2/repository/com/fasterxml/jackson/datatype/jackson-datatype-jdk8/2.15.2/jackson-datatype-jdk8-2.15.2.jar:/Users/devo/.m2/repository/com/fasterxml/jackson/datatype/jackson-datatype-jsr310/2.15.2/jackson-datatype-jsr310-2.15.2.jar:/Users/devo/.m2/repository/io/micrometer/micrometer-core/1.11.3/micrometer-core-1.11.3.jar:/Users/devo/.m2/repository/io/micrometer/micrometer-commons/1.11.3/micrometer-commons-1.11.3.jar:/Users/devo/.m2/repository/io/micrometer/micrometer-observation/1.11.3/micrometer-observation-1.11.3.jar:/Users/devo/.m2/repository/org/hdrhistogram/HdrHistogram/2.1.12/HdrHistogram-2.1.12.jar:/Users/devo/.m2/repository/org/latencyutils/LatencyUtils/2.0.3/LatencyUtils-2.0.3.jar:/Users/devo/.m2/repository/io/netty/netty-transport/4.1.96.Final/netty-transport-4.1.96.Final.jar:/Users/devo/.m2/repository/io/netty/netty-common/4.1.96.Final/netty-common-4.1.96.Final.jar:/Users/devo/.m2/repository/io/netty/netty-buffer/4.1.96.Final/netty-buffer-4.1.96.Final.jar:/Users/devo/.m2/repository/io/netty/netty-resolver/4.1.96.Final/netty-resolver-4.1.96.Final.jar:/Users/devo/.m2/repository/io/netty/netty-codec-haproxy/4.1.96.Final/netty-codec-haproxy-4.1.96.Final.jar:/Users/devo/.m2/repository/io/netty/netty-codec/4.1.96.Final/netty-codec-4.1.96.Final.jar:/Users/devo/.m2/repository/io/netty/netty-codec-http2/4.1.96.Final/netty-codec-http2-4.1.96.Final.jar:/Users/devo/.m2/repository/io/netty/netty-handler/4.1.96.Final/netty-handler-4.1.96.Final.jar:/Users/devo/.m2/repository/io/netty/netty-codec-http/4.1.96.Final/netty-codec-http-4.1.96.Final.jar:/Users/devo/.m2/repository/io/netty/netty-resolver-dns/4.1.96.Final/netty-resolver-dns-4.1.96.Final.jar:/Users/devo/.m2/repository/io/netty/netty-codec-dns/4.1.96.Final/netty-codec-dns-4.1.96.Final.jar:/Users/devo/.m2/repository/org/reactivestreams/reactive-streams/1.0.4/reactive-streams-1.0.4.jar:/Users/devo/.m2/repository/com/google/code/findbugs/jsr305/3.0.2/jsr305-3.0.2.jar:/Users/devo/.m2/repository/io/netty/netty-handler-proxy/4.1.96.Final/netty-handler-proxy-4.1.96.Final.jar:/Users/devo/.m2/repository/io/netty/netty-codec-socks/4.1.96.Final/netty-codec-socks-4.1.96.Final.jar:/Users/devo/.m2/repository/io/netty/netty-transport-native-unix-common/4.1.96.Final/netty-transport-native-unix-common-4.1.96.Final-linux-x86_64.jar:/Users/devo/.m2/repository/io/netty/netty-transport-native-epoll/4.1.96.Final/netty-transport-native-epoll-4.1.96.Final-linux-x86_64.jar:/Users/devo/.m2/repository/io/netty/netty-transport-native-unix-common/4.1.96.Final/netty-transport-native-unix-common-4.1.96.Final.jar:/Users/devo/.m2/repository/io/netty/netty-transport-classes-epoll/4.1.96.Final/netty-transport-classes-epoll-4.1.96.Final.jar:/Users/devo/.m2/repository/io/netty/netty-transport-native-unix-common/4.1.96.Final/netty-transport-native-unix-common-4.1.96.Final-linux-aarch_64.jar:/Users/devo/.m2/repository/io/netty/netty-transport-native-epoll/4.1.96.Final/netty-transport-native-epoll-4.1.96.Final-linux-aarch_64.jar:/Users/devo/.m2/repository/io/netty/netty-transport-native-unix-common/4.1.96.Final/netty-transport-native-unix-common-4.1.96.Final-osx-x86_64.jar:/Users/devo/.m2/repository/io/netty/netty-transport-native-kqueue/4.1.96.Final/netty-transport-native-kqueue-4.1.96.Final-osx-x86_64.jar:/Users/devo/.m2/repository/io/netty/netty-transport-classes-kqueue/4.1.96.Final/netty-transport-classes-kqueue-4.1.96.Final.jar:/Users/devo/.m2/repository/io/netty/netty-resolver-dns-native-macos/4.1.96.Final/netty-resolver-dns-native-macos-4.1.96.Final-osx-x86_64.jar:/Users/devo/.m2/repository/io/netty/netty-resolver-dns-classes-macos/4.1.96.Final/netty-resolver-dns-classes-macos-4.1.96.Final.jar:/Users/devo/.m2/repository/io/netty/netty-transport-native-unix-common/4.1.96.Final/netty-transport-native-unix-common-4.1.96.Final-osx-aarch_64.jar:/Users/devo/.m2/repository/io/netty/netty-transport-native-kqueue/4.1.96.Final/netty-transport-native-kqueue-4.1.96.Final-osx-aarch_64.jar:/Users/devo/.m2/repository/io/netty/netty-resolver-dns-native-macos/4.1.96.Final/netty-resolver-dns-native-macos-4.1.96.Final-osx-aarch_64.jar:/Users/devo/.m2/repository/io/netty/netty-tcnative-boringssl-static/2.0.61.Final/netty-tcnative-boringssl-static-2.0.61.Final-linux-x86_64.jar:/Users/devo/.m2/repository/io/netty/netty-tcnative-classes/2.0.61.Final/netty-tcnative-classes-2.0.61.Final.jar:/Users/devo/.m2/repository/io/netty/netty-tcnative-boringssl-static/2.0.61.Final/netty-tcnative-boringssl-static-2.0.61.Final-linux-aarch_64.jar:/Users/devo/.m2/repository/io/netty/netty-tcnative-boringssl-static/2.0.61.Final/netty-tcnative-boringssl-static-2.0.61.Final-osx-x86_64.jar:/Users/devo/.m2/repository/io/netty/netty-tcnative-boringssl-static/2.0.61.Final/netty-tcnative-boringssl-static-2.0.61.Final-osx-aarch_64.jar:/Users/devo/.m2/repository/io/netty/netty-tcnative-boringssl-static/2.0.61.Final/netty-tcnative-boringssl-static-2.0.61.Final-windows-x86_64.jar:/Users/devo/.m2/repository/com/aayushatharva/brotli4j/brotli4j/1.12.0/brotli4j-1.12.0.jar:/Users/devo/.m2/repository/com/aayushatharva/brotli4j/service/1.12.0/service-1.12.0.jar:/Users/devo/.m2/repository/com/aayushatharva/brotli4j/native-osx-aarch64/1.12.0/native-osx-aarch64-1.12.0.jar:/Users/devo/.m2/repository/org/apache/httpcomponents/httpclient/4.5.14/httpclient-4.5.14.jar:/Users/devo/.m2/repository/org/apache/httpcomponents/httpcore/4.4.16/httpcore-4.4.16.jar:/Users/devo/.m2/repository/commons-codec/commons-codec/1.16.0/commons-codec-1.16.0.jar:/Users/devo/.m2/repository/ch/qos/logback/logback-classic/1.4.11/logback-classic-1.4.11.jar:/Users/devo/.m2/repository/ch/qos/logback/logback-core/1.4.11/logback-core-1.4.11.jar:/Users/devo/.m2/repository/org/slf4j/jcl-over-slf4j/2.0.9/jcl-over-slf4j-2.0.9.jar:/Users/devo/.m2/repository/org/antlr/antlr4-runtime/4.11.1/antlr4-runtime-4.11.1.jar:/Users/devo/.m2/repository/com/jayway/jsonpath/json-path/2.8.0/json-path-2.8.0.jar:/Users/devo/.m2/repository/net/minidev/json-smart/2.4.10/json-smart-2.4.10.jar:/Users/devo/.m2/repository/net/minidev/accessors-smart/2.4.9/accessors-smart-2.4.9.jar:/Users/devo/.m2/repository/org/ow2/asm/asm/9.3/asm-9.3.jar:/Users/devo/.m2/repository/org/yaml/snakeyaml/2.0/snakeyaml-2.0.jar:/Users/devo/.m2/repository/de/siegmar/fastcsv/2.2.1/fastcsv-2.2.1.jar:/Users/devo/.m2/repository/info/picocli/picocli/4.7.1/picocli-4.7.1.jar:/Users/devo/.m2/repository/io/github/classgraph/classgraph/4.8.160/classgraph-4.8.160.jar:/Users/devo/.m2/repository/io/github/t12y/resemble/1.0.2/resemble-1.0.2.jar:/Users/devo/.m2/repository/io/github/t12y/ssim/1.0.0/ssim-1.0.0.jar:/Users/devo/.m2/repository/org/junit/jupiter/junit-jupiter-api/5.9.3/junit-jupiter-api-5.9.3.jar:/Users/devo/.m2/repository/org/opentest4j/opentest4j/1.2.0/opentest4j-1.2.0.jar:/Users/devo/.m2/repository/org/junit/platform/junit-platform-commons/1.9.3/junit-platform-commons-1.9.3.jar:/Users/devo/.m2/repository/org/apiguardian/apiguardian-api/1.1.2/apiguardian-api-1.1.2.jar:/Users/devo/.m2/repository/org/junit/jupiter/junit-jupiter-engine/5.9.3/junit-jupiter-engine-5.9.3.jar:/Users/devo/.m2/repository/org/junit/platform/junit-platform-engine/1.9.3/junit-platform-engine-1.9.3.jar:"/>
    <property name="sun.cpu.endian" value="little"/>
    <property name="user.home" value="/Users/devo"/>
    <property name="user.language" value="en"/>
    <property name="java.specification.vendor" value="Oracle Corporation"/>
    <property name="java.version.date" value="2025-07-15"/>
    <property name="java.home" value="/Library/Java/JavaVirtualMachines/temurin-21.jdk/Contents/Home"/>
    <property name="file.separator" value="/"/>
    <property name="basedir" value="/Users/devo/KarateAPIProject/karate-dummyjson"/>
    <property name="java.vm.compressedOopsMode" value="Zero based"/>
    <property name="line.separator" value="&#10;"/>
    <property name="java.vm.specification.vendor" value="Oracle Corporation"/>
    <property name="java.specification.name" value="Java Platform API Specification"/>
    <property name="apple.awt.application.name" value="ForkedBooter"/>
    <property name="surefire.real.class.path" value="/Users/devo/KarateAPIProject/karate-dummyjson/target/surefire/surefirebooter-20250723180906514_3.jar"/>
    <property name="sun.management.compiler" value="HotSpot 64-Bit Tiered Compilers"/>
    <property name="ftp.nonProxyHosts" value="local|*.local|169.254/16|*.169.254/16"/>
    <property name="java.runtime.version" value="21.0.8+9-LTS"/>
    <property name="user.name" value="devo"/>
    <property name="stdout.encoding" value="UTF-8"/>
    <property name="path.separator" value=":"/>
    <property name="os.version" value="15.5"/>
    <property name="java.runtime.name" value="OpenJDK Runtime Environment"/>
    <property name="file.encoding" value="UTF-8"/>
    <property name="java.vm.name" value="OpenJDK 64-Bit Server VM"/>
    <property name="java.vendor.version" value="Temurin-21.0.8+9"/>
    <property name="localRepository" value="/Users/devo/.m2/repository"/>
    <property name="java.vendor.url.bug" value="https://github.com/adoptium/adoptium-support/issues"/>
    <property name="java.io.tmpdir" value="/var/folders/9n/qdd87m_d27v106zr8rs1f1b00000gn/T/"/>
    <property name="java.version" value="21.0.8"/>
    <property name="user.dir" value="/Users/devo/KarateAPIProject/karate-dummyjson"/>
    <property name="os.arch" value="aarch64"/>
    <property name="java.vm.specification.name" value="Java Virtual Machine Specification"/>
    <property name="native.encoding" value="UTF-8"/>
    <property name="java.library.path" value="/Users/devo/Library/Java/Extensions:/Library/Java/Extensions:/Network/Library/Java/Extensions:/System/Library/Java/Extensions:/usr/lib/java:."/>
    <property name="java.vm.info" value="mixed mode, sharing"/>
    <property name="stderr.encoding" value="UTF-8"/>
    <property name="java.vendor" value="Eclipse Adoptium"/>
    <property name="java.vm.version" value="21.0.8+9-LTS"/>
    <property name="sun.io.unicode.encoding" value="UnicodeBig"/>
    <property name="socksNonProxyHosts" value="local|*.local|169.254/16|*.169.254/16"/>
    <property name="java.class.version" value="65.0"/>
  </properties>
  <testcase name="[1:7] Get All Products" classname="dummyjson/Products" time="2.496">
    <system-out><![CDATA[18:09:09.618 [main] DEBUG org.apache.http.client.protocol.RequestAddCookies -- CookieSpec selected: karate
18:09:09.633 [main] DEBUG org.apache.http.client.protocol.RequestAuthCache -- Auth cache not set in the context
18:09:09.638 [main] DEBUG com.intuit.karate -- request:
1 > GET https://dummyjson.com/products
1 > Host: dummyjson.com
1 > Connection: Keep-Alive
1 > User-Agent: Apache-HttpClient/4.5.14 (Java/21.0.8)
1 > Accept-Encoding: gzip,deflate


18:09:09.642 [main] DEBUG org.apache.http.impl.conn.PoolingHttpClientConnectionManager -- Connection request: [route: {s}->https://dummyjson.com:443][total available: 0; route allocated: 0 of 5; total allocated: 0 of 10]
18:09:09.655 [main] DEBUG org.apache.http.impl.conn.PoolingHttpClientConnectionManager -- Connection leased: [id: 0][route: {s}->https://dummyjson.com:443][total available: 0; route allocated: 1 of 5; total allocated: 1 of 10]
18:09:09.657 [main] DEBUG org.apache.http.impl.execchain.MainClientExec -- Opening connection {s}->https://dummyjson.com:443
18:09:09.697 [main] DEBUG org.apache.http.impl.conn.DefaultHttpClientConnectionOperator -- Connecting to dummyjson.com/66.33.22.2:443
18:09:09.697 [main] DEBUG org.apache.http.conn.ssl.SSLConnectionSocketFactory -- Connecting socket to dummyjson.com/66.33.22.2:443 with timeout 30000
18:09:09.838 [main] DEBUG org.apache.http.conn.ssl.SSLConnectionSocketFactory -- Enabled protocols: [TLSv1.3, TLSv1.2]
18:09:09.838 [main] DEBUG org.apache.http.conn.ssl.SSLConnectionSocketFactory -- Enabled cipher suites:[TLS_AES_256_GCM_SHA384, TLS_AES_128_GCM_SHA256, TLS_CHACHA20_POLY1305_SHA256, TLS_ECDHE_ECDSA_WITH_AES_256_GCM_SHA384, TLS_ECDHE_ECDSA_WITH_AES_128_GCM_SHA256, TLS_ECDHE_ECDSA_WITH_CHACHA20_POLY1305_SHA256, TLS_ECDHE_RSA_WITH_AES_256_GCM_SHA384, TLS_ECDHE_RSA_WITH_CHACHA20_POLY1305_SHA256, TLS_ECDHE_RSA_WITH_AES_128_GCM_SHA256, TLS_DHE_RSA_WITH_AES_256_GCM_SHA384, TLS_DHE_RSA_WITH_CHACHA20_POLY1305_SHA256, TLS_DHE_DSS_WITH_AES_256_GCM_SHA384, TLS_DHE_RSA_WITH_AES_128_GCM_SHA256, TLS_DHE_DSS_WITH_AES_128_GCM_SHA256, TLS_ECDHE_ECDSA_WITH_AES_256_CBC_SHA384, TLS_ECDHE_RSA_WITH_AES_256_CBC_SHA384, TLS_ECDHE_ECDSA_WITH_AES_128_CBC_SHA256, TLS_ECDHE_RSA_WITH_AES_128_CBC_SHA256, TLS_DHE_RSA_WITH_AES_256_CBC_SHA256, TLS_DHE_DSS_WITH_AES_256_CBC_SHA256, TLS_DHE_RSA_WITH_AES_128_CBC_SHA256, TLS_DHE_DSS_WITH_AES_128_CBC_SHA256, TLS_ECDHE_ECDSA_WITH_AES_256_CBC_SHA, TLS_ECDHE_RSA_WITH_AES_256_CBC_SHA, TLS_ECDHE_ECDSA_WITH_AES_128_CBC_SHA, TLS_ECDHE_RSA_WITH_AES_128_CBC_SHA, TLS_DHE_RSA_WITH_AES_256_CBC_SHA, TLS_DHE_DSS_WITH_AES_256_CBC_SHA, TLS_DHE_RSA_WITH_AES_128_CBC_SHA, TLS_DHE_DSS_WITH_AES_128_CBC_SHA, TLS_RSA_WITH_AES_256_GCM_SHA384, TLS_RSA_WITH_AES_128_GCM_SHA256, TLS_RSA_WITH_AES_256_CBC_SHA256, TLS_RSA_WITH_AES_128_CBC_SHA256, TLS_RSA_WITH_AES_256_CBC_SHA, TLS_RSA_WITH_AES_128_CBC_SHA, TLS_EMPTY_RENEGOTIATION_INFO_SCSV]
18:09:09.838 [main] DEBUG org.apache.http.conn.ssl.SSLConnectionSocketFactory -- Starting handshake
18:09:10.440 [main] DEBUG org.apache.http.conn.ssl.SSLConnectionSocketFactory -- Secure session established
18:09:10.441 [main] DEBUG org.apache.http.conn.ssl.SSLConnectionSocketFactory --  negotiated protocol: TLSv1.3
18:09:10.441 [main] DEBUG org.apache.http.conn.ssl.SSLConnectionSocketFactory --  negotiated cipher suite: TLS_AES_128_GCM_SHA256
18:09:10.442 [main] DEBUG org.apache.http.conn.ssl.SSLConnectionSocketFactory --  peer principal: CN=dummyjson.com
18:09:10.442 [main] DEBUG org.apache.http.conn.ssl.SSLConnectionSocketFactory --  peer alternative names: [dummyjson.com]
18:09:10.442 [main] DEBUG org.apache.http.conn.ssl.SSLConnectionSocketFactory --  issuer principal: CN=R11, O=Let's Encrypt, C=US
18:09:10.453 [main] DEBUG org.apache.http.impl.conn.DefaultHttpClientConnectionOperator -- Connection established 192.168.1.15:64682<->66.33.22.2:443
18:09:10.453 [main] DEBUG org.apache.http.impl.conn.DefaultManagedHttpClientConnection -- http-outgoing-0: set socket timeout to 30000
18:09:10.455 [main] DEBUG org.apache.http.impl.execchain.MainClientExec -- Executing request GET /products HTTP/1.1
18:09:10.456 [main] DEBUG org.apache.http.impl.execchain.MainClientExec -- Target auth state: UNCHALLENGED
18:09:10.458 [main] DEBUG org.apache.http.impl.execchain.MainClientExec -- Proxy auth state: UNCHALLENGED
18:09:10.460 [main] DEBUG org.apache.http.headers -- http-outgoing-0 >> GET /products HTTP/1.1
18:09:10.461 [main] DEBUG org.apache.http.headers -- http-outgoing-0 >> Host: dummyjson.com
18:09:10.461 [main] DEBUG org.apache.http.headers -- http-outgoing-0 >> Connection: Keep-Alive
18:09:10.461 [main] DEBUG org.apache.http.headers -- http-outgoing-0 >> User-Agent: Apache-HttpClient/4.5.14 (Java/21.0.8)
18:09:10.461 [main] DEBUG org.apache.http.headers -- http-outgoing-0 >> Accept-Encoding: gzip,deflate
18:09:10.461 [main] DEBUG org.apache.http.wire -- http-outgoing-0 >> "GET /products HTTP/1.1[\r][\n]"
18:09:10.462 [main] DEBUG org.apache.http.wire -- http-outgoing-0 >> "Host: dummyjson.com[\r][\n]"
18:09:10.462 [main] DEBUG org.apache.http.wire -- http-outgoing-0 >> "Connection: Keep-Alive[\r][\n]"
18:09:10.462 [main] DEBUG org.apache.http.wire -- http-outgoing-0 >> "User-Agent: Apache-HttpClient/4.5.14 (Java/21.0.8)[\r][\n]"
18:09:10.462 [main] DEBUG org.apache.http.wire -- http-outgoing-0 >> "Accept-Encoding: gzip,deflate[\r][\n]"
18:09:10.462 [main] DEBUG org.apache.http.wire -- http-outgoing-0 >> "[\r][\n]"
18:09:10.493 [main] DEBUG org.apache.http.wire -- http-outgoing-0 << "HTTP/1.1 200 OK[\r][\n]"
18:09:10.494 [main] DEBUG org.apache.http.wire -- http-outgoing-0 << "Access-Control-Allow-Origin: *[\r][\n]"
18:09:10.494 [main] DEBUG org.apache.http.wire -- http-outgoing-0 << "Content-Encoding: gzip[\r][\n]"
18:09:10.494 [main] DEBUG org.apache.http.wire -- http-outgoing-0 << "Content-Type: application/json; charset=utf-8[\r][\n]"
18:09:10.494 [main] DEBUG org.apache.http.wire -- http-outgoing-0 << "Date: Wed, 23 Jul 2025 11:09:10 GMT[\r][\n]"
18:09:10.494 [main] DEBUG org.apache.http.wire -- http-outgoing-0 << "Etag: W/"ac3a-uk0FDUI0X0lS5liyUbIxqA7L7F4"[\r][\n]"
18:09:10.495 [main] DEBUG org.apache.http.wire -- http-outgoing-0 << "Server: railway-edge[\r][\n]"
18:09:10.496 [main] DEBUG org.apache.http.wire -- http-outgoing-0 << "Strict-Transport-Security: max-age=15552000; includeSubDomains[\r][\n]"
18:09:10.498 [main] DEBUG org.apache.http.wire -- http-outgoing-0 << "Vary: Accept-Encoding[\r][\n]"
18:09:10.499 [main] DEBUG org.apache.http.wire -- http-outgoing-0 << "X-Content-Type-Options: nosniff[\r][\n]"
18:09:10.500 [main] DEBUG org.apache.http.wire -- http-outgoing-0 << "X-Dns-Prefetch-Control: off[\r][\n]"
18:09:10.500 [main] DEBUG org.apache.http.wire -- http-outgoing-0 << "X-Download-Options: noopen[\r][\n]"
18:09:10.500 [main] DEBUG org.apache.http.wire -- http-outgoing-0 << "X-Frame-Options: SAMEORIGIN[\r][\n]"
18:09:10.501 [main] DEBUG org.apache.http.wire -- http-outgoing-0 << "X-Powered-By: Cats on Keyboards[\r][\n]"
18:09:10.501 [main] DEBUG org.apache.http.wire -- http-outgoing-0 << "X-Railway-Edge: railway/asia-southeast1-eqsg3a[\r][\n]"
18:09:10.503 [main] DEBUG org.apache.http.wire -- http-outgoing-0 << "X-Railway-Request-Id: -8wjMLbvQCSvHEp6DcO5xA[\r][\n]"
18:09:10.504 [main] DEBUG org.apache.http.wire -- http-outgoing-0 << "X-Ratelimit-Limit: 100[\r][\n]"
18:09:10.504 [main] DEBUG org.apache.http.wire -- http-outgoing-0 << "X-Ratelimit-Remaining: 99[\r][\n]"
18:09:10.504 [main] DEBUG org.apache.http.wire -- http-outgoing-0 << "X-Ratelimit-Reset: 1753268959[\r][\n]"
18:09:10.504 [main] DEBUG org.apache.http.wire -- http-outgoing-0 << "X-Xss-Protection: 1; mode=block[\r][\n]"
18:09:10.505 [main] DEBUG org.apache.http.wire -- http-outgoing-0 << "Transfer-Encoding: chunked[\r][\n]"
18:09:10.505 [main] DEBUG org.apache.http.wire -- http-outgoing-0 << "[\r][\n]"
18:09:10.505 [main] DEBUG org.apache.http.wire -- http-outgoing-0 << "a[\r][\n]"
18:09:10.505 [main] DEBUG org.apache.http.wire -- http-outgoing-0 << "[0x1f][0x8b][0x8][0x0][0x0][0x0][0x0][0x0][0x0][0x3][\r][\n]"
18:09:10.512 [main] DEBUG org.apache.http.headers -- http-outgoing-0 << HTTP/1.1 200 OK
18:09:10.513 [main] DEBUG org.apache.http.headers -- http-outgoing-0 << Access-Control-Allow-Origin: *
18:09:10.513 [main] DEBUG org.apache.http.headers -- http-outgoing-0 << Content-Encoding: gzip
18:09:10.513 [main] DEBUG org.apache.http.headers -- http-outgoing-0 << Content-Type: application/json; charset=utf-8
18:09:10.514 [main] DEBUG org.apache.http.headers -- http-outgoing-0 << Date: Wed, 23 Jul 2025 11:09:10 GMT
18:09:10.515 [main] DEBUG org.apache.http.headers -- http-outgoing-0 << Etag: W/"ac3a-uk0FDUI0X0lS5liyUbIxqA7L7F4"
18:09:10.515 [main] DEBUG org.apache.http.headers -- http-outgoing-0 << Server: railway-edge
18:09:10.515 [main] DEBUG org.apache.http.headers -- http-outgoing-0 << Strict-Transport-Security: max-age=15552000; includeSubDomains
18:09:10.515 [main] DEBUG org.apache.http.headers -- http-outgoing-0 << Vary: Accept-Encoding
18:09:10.515 [main] DEBUG org.apache.http.headers -- http-outgoing-0 << X-Content-Type-Options: nosniff
18:09:10.515 [main] DEBUG org.apache.http.headers -- http-outgoing-0 << X-Dns-Prefetch-Control: off
18:09:10.515 [main] DEBUG org.apache.http.headers -- http-outgoing-0 << X-Download-Options: noopen
18:09:10.515 [main] DEBUG org.apache.http.headers -- http-outgoing-0 << X-Frame-Options: SAMEORIGIN
18:09:10.515 [main] DEBUG org.apache.http.headers -- http-outgoing-0 << X-Powered-By: Cats on Keyboards
18:09:10.515 [main] DEBUG org.apache.http.headers -- http-outgoing-0 << X-Railway-Edge: railway/asia-southeast1-eqsg3a
18:09:10.516 [main] DEBUG org.apache.http.headers -- http-outgoing-0 << X-Railway-Request-Id: -8wjMLbvQCSvHEp6DcO5xA
18:09:10.516 [main] DEBUG org.apache.http.headers -- http-outgoing-0 << X-Ratelimit-Limit: 100
18:09:10.516 [main] DEBUG org.apache.http.headers -- http-outgoing-0 << X-Ratelimit-Remaining: 99
18:09:10.516 [main] DEBUG org.apache.http.headers -- http-outgoing-0 << X-Ratelimit-Reset: 1753268959
18:09:10.516 [main] DEBUG org.apache.http.headers -- http-outgoing-0 << X-Xss-Protection: 1; mode=block
18:09:10.516 [main] DEBUG org.apache.http.headers -- http-outgoing-0 << Transfer-Encoding: chunked
18:09:10.534 [main] DEBUG org.apache.http.impl.execchain.MainClientExec -- Connection can be kept alive indefinitely
18:09:10.539 [main] DEBUG org.apache.http.wire -- http-outgoing-0 << "1b73[\r][\n]"
18:09:10.539 [main] DEBUG org.apache.http.wire -- http-outgoing-0 << "[0xd5]][0xcb]v[0xdb]:[0x96][0xfd][0x15][0xb4][0x6]][0x13][0x91][0xe1][0xfb][0xe1]Q[0xdb][0x8e][0xe3]<[0x1c][0xc7][0x15][0xa7]n[0xba][0xaa]W[0xf] [0x12][0x12]a[0x83][0x0]/H[0xda][0xd1][0xad]U[0x1f][0xd4][0xdf][0xd1]?[0xd6][0xeb][0x80][0x92]H[0xda][0xa4]LY[0x94]|{[0xa0][0xc4]6[0xc0]#[0x88]"[0xf6]>8[0xcf]N2)[0xe2]2*[0xf2][0xc9][0xc9][0xfd]sB[0xe3][0xc9][0x89]9[0x9d][0x14][0xb4]`dr2[0xb9][0xc8]s[0xc2]#[0x82][0xbe][0xe2]<[0xc2][0x12][0xa3]+[0x9c]'[0xe8]FR[0x1e][0x91]<[0x9f]L'1[0xc9]#I[0xb3][0x82][\n]"
18:09:10.540 [main] DEBUG org.apache.http.wire -- http-outgoing-0 << ">9[0x99][0xfc]H[0x8][0xda]z[0x5][0xa2]9[0xc2]([0x13]Y[0xc9][0xb0]D[0xe9]j[0xca]=[0x17][0x8f][0x1c][0xcd][0x85]D[0xb4][0xc8][0xd1][0x83]`eJ[0xff][0xa0]|[0x81]0[0x8f][0x11]#|Q$[0x84][0xc3][0xef]d>'Q[0x91][0xeb][0xe8]4J(y ([0x96]8[0xc5][0x5][0x8d][0x10][0xc3]yBr[0xf4]H[0x8b][0x4][0x15][0x9][0xcd][0x11][0x13]|[0xa1]1[0x9c][0x17]k9[0x91],[0x9]+[0x96][0xda]\[0x12][0x2][0xef][0x95][0x96][0xc][0xeb][0x93][0xe9]$[0xc2][0x5]Y[0x8][0xb9][0x9c][0x9c]Lf[0x4][0x97][0xc5]r2[0x9d]d[0x92]Fdr[0x12][0xea]a8[0x9d][0xc4]4[0x8f]D[0xc9][0x8b][0x1b]"#[0xc2][0xb][0xbc] [0x93][0x13][0xd3][0xd0][0x9d]`:[0x91][0x18][0xc4]ON,[0xdd][0xf5][0xa6][0x93][0xbc][0x10][0xd1][0xfd][0xe4][0x4][0xae])[0xf0][0x2]ng-q[0xf5]Q'[0xff]=[0x9d][0xcc]$[0xe6]q}k'[0xd3]I~_NN&g[0x17][0xa7][0xda][0xc5][0xed][0xad]z[0x19][0x86]9[0x99]N[0x1e][0x9]]$[0xc5][0xe4][0xc4][0x81]E[0xa4][0x84][0xe7]T[0xf0]|r[0xf2][0xcf][0xc9]#[0x8d][0x8b]drb[0xba][0xba][0xe9]L'[0xc9]j[0x9a]i[0xeb]F[0x0]_I[0x6][0x83][0x96][0xa5][0x87][0xe1][0xbf][0xa6][0x93]G,%[0xe6][0xc5][0xf2][0x13][0x87][0xf][0x8d]W[0xdf][0x94][0x89][0x1e][0x9][0xb9]G[0xeb]AXDB[0xb3][0x8c][0xf2]E{[0xde]mB[0xb3][0x1c]Q[0x8e]l[0xcd]E[0xb3]2[0xa7][0x1c][0xbe][0xc5][0x18]/[0xe1][0xcb][0xc7][0xf][0x98]2<[0xa3][0x8c][0x16][0xcb][0xdb][0x2][0x17]e>9[0x99]|[0xe2][0xe8]V[0xdd][0x88][0xe9]D[0x92][0x7]J[0x1e][0xab][0xe7]j}[0xab][0xec][0xe9]$[0x12]iJx19[0x99][0xfc][0x14]%[0x8b][0x11][0x17][0x5][0x92][0xa4][0xfa]k[0xfc]o[0xf0]P[0xe1][0x2][0x9e]=[0xcb][0xb0]\[0xcd]p4[0xdb][0xf8]a[0x84]'[0x8e]ybX[0xba][0xe1][0xda][0xff][0xd8]H&[0xf2][0x1a][0xa7][0xea])e[0x4]s![0xd1][0xb9]`[0x8c][0xf2][0xbc]1[0xe1]"[0xc5][0x94]MN&[0xa4][0x9a][0xa1]G[0xd5][0x8c][0xff][0xf8][0xa5][0xc7]e[0x9a].[0xef]r[0xc1][0xf5]H[0xa4][0x93]M[0xeb]%:[0xcd]%[0xfe]F[0xe4][0x12][0xe5][0xb8][0xa0][0xf9][0x9c][0x92][0xd7][0xad][0xee][0xaa][0x8c]p[0x8e].[0x85][0x8c][0x5][0xef]X[0x1a][0x83]a}[0xa1][0x86][0xb7][0xae][0xcb]m[0xae][0xeb]#]$l[0x89]h[0x9a]I[0x92][0xe7][0xaf]\[0xd9][0x8][0xf7][0xed][0xbf][0xe1][0x9a][0xa2][0x94][0xfc]F0[0x1a][0xc1].[0xba][0x16][0xa8][0xfa][0xb][0xca][0xaa]?M')[0xe5]4-[0xd3]o2&[0xf2][0xaf]%[0xe6][0x5]-[0x96][0x93][0x13][0xd8]A))0<[0xd1][0x91]$[0xb8] [0xf1]i[0xb1]}[0xfd]e[0x16][0xf][0x99]6[0xc3]2[0x12]1|B[0xd7][0xf][0x1c][0xdf][0xc][0x8d][0xc0][0xf7][0x2]2[0x9d][0xfc].[0xcf][0xab][0x81][0xa4]([0xb2][0xfc][0xe4][0xdd][0xbb]([0xe6][0xed][0x8f][0xf4].+g[0x8c]F[0xef]~[0x97][0x1a][0xc8][0xd0]3[0xbe][0x98][0xfc]k:[0xa1])^[0x10][0xb5][0xa7][0xb7]\Y[0x1][0xa9]V[0xcd]}Wm[0xfe]w[0xa4][0xda][0xe7][0xda][\n]"
18:09:10.540 [main] DEBUG org.apache.http.wire -- http-outgoing-0 << "[0x2][0x0][0x94][0x12]-[[0x1][0xe2];S$[0xb3][0xc]p[0xa1]H[0xca]t[0xc6][0xab][0xdb]>[0xee]{l$W[0xef][0x5][0xcf][0x14][0xc0][0xbc][0xd5][0x80][0xf9]%[0xc9][0x13][0x1c][0x8b]Gt[0x83][0x19])[\n]"
18:09:10.541 [main] DEBUG org.apache.http.wire -- http-outgoing-0 << "R![0xe9]W*[0xa5][0x90][0xdd]0[0xbf][0xed][\n]"
18:09:10.541 [main] DEBUG org.apache.http.wire -- http-outgoing-0 << "$[0xe6]s"[0x1][0xea][0x1f][0x88][0x84][0xcd][0xc3][0x8][0x92][0x98]/[0x8][0x12]sD6W[0xc2]$W[0xc0][0xaf][0xbe][0x80][0xea][0xbc](y[0x85][0xf5]K[0x82][0x98][0x10][0xf7][0xb9][0x8e]~[0x82]d[0x8c]f%e[0x85]F9J[0xd5][0x9b]L[0x11]-[0xfe][0x92][0xa3]H[0xf0][0x7][0xc2])[0xe1][0x85][0x12]$[0xb8]V$D[[0x8][0x94][0xe2]{Rf[0x8]g[0x19][0xa3][0x91][0xc2][0xb3][0x17][0xe0][0xde][0xdc][0x82][0xf7][0x81]n[0x86]M[0xbc][0xf]j[0xbc][0xb7][0x9d][0xe][0xbc][0xdf]|[0xc8]&[0xe2]_2[0x9c][0x8a]R[0xa2][0xb3][0xf5][0xac][0x1a][0xf8]/[0xaf]N[0xb5][0x8b][0xbf]_h[0x86]a5[0x80]?[0xec][0x1][0xfe]P[0xb7][0xbc][0x1a][0xf7]-Kw[0xfc][0x1a][0xf7]}[0xdd][0xf3][0xb7][0xe0][0xfe][0x92]`[0xb9][0x3][0xee][[0x8a](^[0x8b][0xf6]-[0xc8][0xba][0x84][0xef][0x18][0xad][0x1e][0xe0]W[0xe1][0xd5]-~[0xc0][0x9c][0xe3][0x4]][0x8a][0x94][0xfc][0xd1][0x1]W[0xf9]j[0x82][0xbe][0x80][0x9][0xc3]Q[0xfe][0xf4][0x91][0xe4]"%{-[0xee]<[0x91]4/([0xe6][0xe8][0x86][0xc8][0xce][0xd5]E[0xeb][0x19]z[0x6]3[0xb6].[0xcf]l.[0xef]F[0x8][0x89]~/1[0xdc][0xfa]W[0xad][0xed][0x9a]F[0x89]`8Gg[0x98]2[0xb2][0xec]X[0x1b]_[0xcd][0xd0]gj[0xc6][0x10][0xa0][0xf7][0x95][0x1e]0[0x10][0xec]-[0xe3][0xf0]`[0x1f][0x9a][0xbe]a[0xf9][0xae][0xe9][0x9b][0x8e]i[0xbf][0x11][0xd8][0xaf][0xf7][0xbd][0x96]U[0xb0][0xa8][0x1],j[0x15]b[0x8d][0x5][0xf6][[0xdf][0xa3][0x7][0xec][0xed][0x1a][0xec]o[0xc4]cL$:[0xc7][0x9c][0xe6][0x5][0xe9][0x86][0xf7]'s*[0xbd]}N9aK[0x94]R[0xc6]H[0x8c]rR([0xc4][0xce][0xaa][0xa9]1[0xc9][0xe9][0x82][0x93][0x18][0x15][0x2][0x86]6[0xf0][0xb][0xaa][0xb7][0xe0][0x85][0x14][0xc][0xe5][0x9][0xe5]d[0x3][0xe7][0xc][0xd0][0xab]B:5[0xab][0x90][0x98][0xe7][0xac][0x8c]VH[0xe][0xfa]9@<[0xec][0xc9][0x7][\n]"
18:09:10.542 [main] DEBUG org.apache.http.wire -- http-outgoing-0 << "<[0x81]Q[0x9e][\n]"
18:09:10.542 [main] DEBUG org.apache.http.wire -- http-outgoing-0 << "[0x1][0xd7][0xf2][0x18][0xa5][0x18]8gN9[0xcd][0x93][0x97]p[0xdd][0xe9][0xc5][0xf5]P[0xf][0x9c][0x1a][0xd6][0x1d][0xdd]s6[0xb0][0x1e]t[0xa9][0xf1]s[0x1c][0x91][0xd5][0x7]n[0x2][0xfb]o[0x84]=[0x90][0x2][0xfd][0x10]e[0x94][0xb4]`[0xfd][0xb7][0x8b]+[0xed][0xe6][0xdb]O[0xcd]0[0xec][0x6][0xac][0x7]=[0xb0]n[0x85][0xba][0xe5]7p[0xdd][0xd7]C[0xbb][0xc6]uCw[0xfb][0xf5]y[0x1b][0xa5][0x82][0x17]I[0xbe][0x3][0xb2][0x9b][0x9a]5[0x8a]F[0xef]<[0xd7][0xe8]g[0xe5][0x12][0xe1][0x5][0xa6][0xfc]U`u[0xca][0xc8]/[0xcc][0xe1][0x99][0xfa],8[0xe9][0xd2]J[0xf1]z[0x86]~[0x7]3[0x8e][0xae]5[0xd3];[0x9c][0xa0]sYv[0x81]<Q[0xa3]z$[0xcb][0x1d][0x0]^[0x9d]2b[0x9a][0xef]w[0xd0]8}[0x0]1}[0xec][0x83]a[0xb4][0x8f]y[0xf6]P[0xe3]-[0xeb][0xf0][0xc8][0x1e]8f[0x10][0x4]vhx[0x81][0xfd]Fj|[0xb5][0xeb][0xb5]h[0x85][0x88]#a[0xf9]S[0xa9]=[0xe8][0xed][0xd4][0xe8][0xfd][0x9d][0xc4][0xe8][0x8a]fyA[0xd5][0x8e]|[0xe][0xdd][0xcd][0x9][0x15]nG[0xc][0xe7]9[0x8d][0x14]n[0xce][0x4][0x8b]Q[0x94][0x8][0x1a])+[0x8][0xc2]q[0xac],$`[0x94][0x1][0xed]<[0x12]LH[0xc0][0xf0]%h[0xaa][0x8c]f[0xb5][0xfe][\r]_n[0xba]TR2[0xba][0x80]'[0x97][0xc4]}H[0xfd]@[0x1][0x1b]+`o[0x99]b[0x86]![0xb6][0xd5][0xaf][0x89][[0xba][0xe9]5![0xdb]nX^[0xcc][0xe][0xc8]f[0xeb]{[0xd5][0xc0][0xeb][0xf3][0x84]F[0xe8]\[0xe4]))h[0x94][0xb7][0x10][0xfb][0xfc][0xe3]'[0xed][0xea][0xd3][0x8d]f[0x18]N[0x3][0xb1][0xcd]>[0xb]L[0xa0][0x9b]f[0x3][0xb1][0x3][0xdd]nY`[0xcc]~M[0xdc][0xde]U[0x13][0xaf]L6c[0x80][0xf4][0xfe][0x8a][0xf8][0x15][0xc5])[0xba][0xc4]2[0xa2][0xb8][0xcb][0xa2]Aq[0xaa]/[0xd4][0xe8]ph[0xde]Q[0xdf][0xcb][0xd9][0x12][0x9d][0xf2]X[0xc2][0x87][0xbe]*Y[0xce][0x96]:[0xae][0x86][0x87]/k[0xc]B;g`[0xe5]<#Rvi[0xde][0x11][0x8c][0xea]3[0x18][0x1d]][0xeb]v[0x8e][0xa1]u;[0x9e][0xef];[0x9e]o[0xf9][0x96][0x19][0xbe][\r]6K[0x12]k[0xeb]}>[0x12]0[0xb7]D[0xf6][0xa0][0xb2][0xdb]F[0xe5]kL[0x19][0x82][0xef])Oz[0x81][0xb9]1[0xa7]6[0x92]H[0x1a]UJ[0xed][0x82][0x89]<_"Ib[0x94][0x94][0x15]>7[0x81]4S[0xd7][0x91][0x18][0xc1]Rj\[0xfe][0xbd][0xa4][0xd1][0xbd][0x16][0xcb][0xa5][0xc2][0xd7][0x1e][0xcd][0x19]3[0xc1][0xb5][0xd5][0x11]r[0x5][0xc2][0x8][0x17]([0x11])y[0x1][0x8c][0x83]~,6u[0xa7][0xa5]>[0xdb][0xd6][0x6][0x8b][0xfd].[0xf5][0x19][0xd6][0xbd][0xfa][0x14]M8V7[0xe5]\[0x94]E)[0xdb][0xe6][0xf0][0xeb][0xd3]O[0xea]e[0x18][0xee][0x10][0xf5][0xd9][0xd4]=[0xbb]a[0xe][0xf7][0x94][0x8d]~[\r][0xc6][0xa0][0xea]o1[0x8b]([0xf5]y([0x1a][0x8b][0x7]"[0xb9]z[0x97][0xd7][0xa1][0xb1]5[0xea][0xe1][0xfe][0x8c][0xf0];[0x9c]R[0x8e]~R[0x96]w[0x9a][0x98]g[0xab][0x19][0xfa][0xa3][0x9a]qLPVLq[0x9b][0xd2]"[0xe9]#[0x8a][0x1c][0x6]wT[0x95]K[0x9e][0xe0],[V6[0xc7]t[0x89][0xb2]RF[0x9][0xce][0xc9][0xdb][0xc3][0xf3][0x9f]Jmv[0xc][0xcf]6L[0xc3][0xb3][0x2]S[0xa9]3o[0x4][0xcd][0xb0][0xed][0xb5]j[0xdb][0x8f][0x88][0xce]M[0xa9]=[0x0][0xed][0xd5][0x0]}[0x8e][0xd9][0x3][0xe5][0xe8][0xb]#[0x94][0xa3][0xf3]/[0xe8][0x1b]'[0xcf]@[0xba][0xfa]3[0x9a]-QkvK[0x87].9[0xcd][0xc9]/4[0x97]x!1[0x8f][0xc8][0xf4][0x89][0xf7]r.I^[0x81]y[0x4][0xae][0x13][0x94][0x3]Z[0xea][0xe8][0x13][0x98][0xaa][0x9b][0xe6][0xf0][0x8d][0x0][0x94][0x97][0xb4][0xc0]3V[0xc1]=[0x81]CZ[0x8c][0x97][0xe8][0x91]`[0xf9][0x4][0x98]7[0x97][0xe4]58;[l[0xd6]z[0x10][0xb6][0xc0][0xd9][0xdf][0x80][0xb3][0xd5][0x0][0xe7][0xb6]T"[0xe7]eJ[0xf2][0x96][0xb2][0xdc][0xb8][0x17][0x1b]t[0xfe][0xf0][0xfd]T;?[0xbd]R/[0xc3][0xf0][0x1a][0xe8][0xec][0xf7][0x1b]7l[0xaf]e[0xdc][0xf0][0xbd][0xa6]q[0xc3][0xb7]FrV[0x8e][\n]"
18:09:10.543 [main] DEBUG org.apache.http.wire -- http-outgoing-0 << "[0xce][0xeb][0x83]9[0xce]2A[0xe1][0xc0][0xf3]:[0x10][0xc4]K[0x86][0xd1][0xdf]E[0xc9][0x17]]([0x8][0xa3][0xfa][0x12]F[0x87][[0xac]?[0xe0][0xbc]@[0xeb][0xdb][0xf0][0xaa]E[0xbd][0xc7][0x9c][0x12][0xe0]]q[0xdf][0xb1][0xa8]X[0x8d][0xea][0x91][0x10][0xf7][[0x17][0xd5][0xf2][0xe7]^[0x8b][0x2][0xe1][0x1c]U[0xbb]j[0xf6][0xca][0x9b][0xf5][0x19]Gb[0x6][0xcb][0xca][0x94]m[0xf2][0xe9][0xc2][0xee]`[0x18][0xd6][0x95][0x11]9[0x4][0x90]Cc[0x17][0x85]9<<([[0x8e]k[0xba][0xb6]cx[0x86][0xef][0x1c][_[0xae]7[0xfb][0xbb]Hmk[0xed][0x1e][0xb6][0xb5][0x16][0xdd]k[0x82][0x93]58OG[0x13]h[0x8d]-[0xd0][0xde][0x8f]>^[0x90][0xde]C#~[0x83]F[0x12][0xcc][0xd5][0xa6][0x89][0x4][0xba][0x16]T[0xa2][0xb]\[0xa2][0xf7][0x1d]T[0xb2][0x99][0x0]lR][0x4]<[0xc2][0x11]ad[0xb1]V[0xe8][0xd3]%[0x18]}[0xa8]([0xf3]&[0xa1][0xcc][0x9].J[0x9][0xca]<[0x17][0x5][0xc9][0xc1]*[0xb3][0x90]8#sY[0xd2]b[0x8a][0xa4][0xc8][0xc9]T][0x9e]c[0x1e]c[0xf6](D[0xac][0x83][0xd5][0xf]bc[0xd6]$[0xa2]\[0xa8]"[0x8a][0xb0][0x82][0xe1][0x1]DbZ[[0x98][0xc4][0xd3]][0xb3]I%Vmsq[0x83]][0xa8]D[0xdd][0x88]6[0x89]|[0xac]^[0x86][0xe1][0xf]![0x11]Gw[0x1b][0x1c][0xe2][0xea][\r][0xbf][0xa7][0xab][0x87][0xc1]H[0xd6][0x96]})[0xc4][0x19][0xdd][0xe6]|[0x10][0xdb][0xc6][0x18]^[0xcf]+[0x82][0x13][0xf4][0x91][0x80]1[0xbe][0xfb][0xec][0xc1][0x8]N[0xf4]d=a[0xf8][0xe2][0x14][0xf3][0x8e][0xa8][0xe5][0xff]'~[0xa0]"
18:09:10.544 [main] DEBUG org.apache.http.wire -- http-outgoing-0 << "D[0xa2][0x9f]r[0xf5][0xbd]>][0xe7]/5[0xae]?[0xaa][0xf1]Q5}[0xf3][0x18][0x8a]~h[0xfa]6[0x98]a[0x2][0xcb]xCNQ[0xfb][[0x8b]D$4.[0xa8][0xd4][0x8].[0xb5]x_^[0xe9][0x11][0xba][0x1f][0xb7][0xf4][0x8][0x1d][0x91]_z[0xde][0xa1][0x87]c[0x82][0x9a]c[0xde]S![0xd1][0xe7][0xbf][0xe0]X[0xc8][0xe7][0xc4][0xb2][0xfa];[0xd0][0x8a][0x9a][0xa7][0xe]'[0xac][0xfc]UV4[0x2][0xb4]0gBb[0xd6]D[0x99]1[0xc2]c`[0x95]%[0xc3]|[0xa1][0xa9][0x9b][0xb4]r[0x87][0xf3]T9j?[0x15][0x88][0xa4]3[0x11]S[0x8][0xd2]![0xf0]ps[0xb0][0x1e])[0xea][0x11]Y[0x2][0xb1][0xc][0x9d][0x81]5][0xfc][0x12]l[0xa1][0x17]G[0xf7][0xad][0x9a]^l=[0xa8]-[0xfa][0xbb][0xb0][0xb][0xdc][0x8f][0x16][0xb7][0xbc][0xff][0xf4]M[0xbd][0xc]#[0x18][0x10]M[0xa9][0x2]gZ[0xb6]|[0xab]6[0x1f][0x99][0xa6][0x1e][0xd8][0xe3]ES[0x8e][0x1e]U[0xf3][0x80][0xd9][0xca]`[0x98][\n]"
18:09:10.545 [main] DEBUG org.apache.http.wire -- http-outgoing-0 << "N[0xde],H[0xa4][0xef][0xb4]2[0xde]"o[0x8]'Ld[0x4]}[0xc4][0xb2][0xfb][0x80][0x90][0xad]f[0xe8][0x89][0x9a][0xb1][0xeb]"[0xf7]![0xc3][0x8b]4[0xc5][0xe8]+[0x84]Gt-[0x8c][0xa4])[0xd6]U[0xf0][0xc4][0xa0][0x83][0xcb]N[0x86]~[0xf3][0x8][0x86]~[0xd3]q\#[0xf0][0x8c][0xd0][0xb7][0xdc]7$[0x99][0x98][\n]"
18:09:10.545 [main] DEBUG org.apache.http.wire -- http-outgoing-0 << "[0xa9][0xdd]U0[0xb8][0x1f][0xb3][0xb4]$[0xed]E'-I[0xe3]qHKl[0xf]q[0x84][\r][0xe2][0x10],"[0xe8][0x16][0xa2]l[0xd4][0xb9]$~N[0x1f][0xcd])@![0xea][0xd7]G[0x97]x6[0xc3][0x1c]Wl[0xd2]t9[0xa8]3[0xc7][0xf2][0x85][0xd3]I[0x8a][0xf9]BL[0xd7][0xbc]Q[0x91][0xc8][0x8c][0x9][0x1e][0x13][0x4][0x87][0x93]|c[0xfe][0xba][0x13][0xcb]y[0xc9][0xd4][0xf8]R[0x94]E[0x2][0xbf]T[0x6][0xb2][0x97][0x9][0xc4][0xeb]'[0x10]C[0xf7]Z[0xfc][0x11][0xd6][0xc7][0x13]g[0x17][0xfe]h[0xdf][0x8c]6[0x95]|[0xbb]R/[0xc3][0x8][0x1b]T[0xe2][0xf5]S[0x9]p[0xc7][0x86]JB=hPI[0xa0][0xf7]3[0xc9]+[0xbc][0xc2][0xca]s[0xd1][0xc7]$W[0xe2][0xf1][0xb8][0xc1];_qA[0x4]:#[0x9c][0x93][0xa2]K[0xcd]Na\[0x9f]U[0xe3][0xc3][0xb1]yu[0x88][0xda][0xa4][0x9][0xbc][0xf2][0x18]u-[0x18][0xe6][0xe8]R[0xf0]?0[0xeb][0xc][0x92][0xe1]0A_[0xac]&[0xbc][0xdd]i[0xe5][0xb4][0x94]B%[0xcf]<v[0x9f][0xaa][0xb0][0x1a][0xd7][0x99][0x1a][0x1f]?X[0xf3][0xf0]db[0x1b][0x96][0x1d]x[0x81]e[0x1a][0xbe][0xd2][0xce][0xde][0x8a]L`[0xcf]k*0q[0x94][0xc3]J[0x87][0xbc][0xfd][0x88][0xe5][0xb9][0xbc][0x11][0xe9][0xe5][0xb9][0xf0][0x1e][0x92][0x1][0xf5]b[0xcd]2[0x97]e[0x14]Qt[0xc6][0x84]H[0xfb]X[0xa6]9e[0xb6]D[0xd5][0xaf]U[0x8]iu6Q[0xfe][0x11][0x9c][0x15][0xf4][0xa1][0x8a][0xfa]o[0xf0][0x8b][0xda]>[0x1b]j)[0xca][0x19][0xa9]N&-v[0xf9][0xe][0x8c]#8[0x84]$[0x91][0x8c][0xc8][\r][0xc1][0xa4]"&[0x92][0xab])R[0xa4][0xf0]8G[0x83][0x9][0xc6][0xdf]zB[0xb1][[0xe1][0xff][0xbe][0xd3][0x19]t[0xf4]"[0xc5][0xa8];[0xd1]"[0x96][0xcb][0xbf][0x9d][0xab][0x97]a[0x1a]C[0xec]_[0x86][0x1e]Z[\r]b1u[0xaf]uF[0xe9][0xf7][0xa1]x;[0x6][0x88][0xee]k[0x2];@x[0xe3]9N[0x89][0x14][[0xc2][0xeb][0xab][0xf1][0x1][0xc1][0xf5][0x7][0x85][0xee]q[0xfc]*[0xe3][0x9b][0x10]O[0xe3][0x98][0xe6][0x82][0xf7][[0xc0]p5[0xe1][0x10]&[0xb0]c[0x10][0x8a][0xe9][0x1b][0x81]m[0x99][0xbe][0x1f][0x4]ox:Y[0xc0][0xe][0xd7]f[0x0]}[0xa3][0x10]J[0x87][0xbc][0xbd][0x8][0xa5]C[0xde]x[0x84][0xd2]![0xbc][0x8f]P[0x1a]9[0xc6][0xa7][0x9c][0xd3][0x19]f[0x4][0xd2][0x10]E:[0x3][0xed]1[0xee][0xc][0xa0][0xea][0x9a][0xd8]e[0x0][[0xbb]Xf[0x10][0x9f]*qJ[0xa6]([0x92]x[0xe][0xe1][0xaa]j[0x87]'t[0x91]lb[0xa1]@![0x95][0x14][0xb3]*[0xf][\r][0xa3]H[0xa4]s!+[0x8f][0xbc][0xb2]t[0x15]K[0x15][0xad]5#[0xb1][0x14]"}J$[0xa5][0xe4]t[0x15][0xb7][0xb4][0xf6][0xa4][0x4]a?[0x93][0x4][0xba][0xeb]7=)~[0xed][0x94][0xf][0x9a][0xb6][0xae][0x86][0xd8][0x19][0x89][[0x1c][0xf2][0xf4].[0xd4]t[0xf2][0xb7][0xef][0xda][0xe9][0xf5][0xb5]z[0x19]f3[0x81][0x18][0xe8][0xbb][0x9b]O[0x2][0x15]M[0xdb]p[0xa8][0xd8][0xb5]S[0xde][0x84]S[0xcc]x[0x99]d/[0x9c]Tv[0xf1][0xca][0x8f][0x95]7\[0xa5]l[0x89],[0x1][0xc7][0x0][0xc9][0xbb]@1[0xaa][0xa7][0xe8][0x8f]$[0xdf][0xfd][0xc8][0xb2][0x1f]h[0xff]F[0x1f] [0xa3][0xec][0x1c][0xcb][0xa2][0xd3][0xa6][0xf4][0xa0][0xc6][0xf5]H[0x8d][0x1f]1[0xa1][0xec]+[0xde]J%)>[0x10][0x91][0x1c][0xc1][0x97]b{[0xa6][0xe1][0xbb][0xbe][0xe3]zn`[0x1e][0x9b]H[0xd6][0xfb][0xfe][0x1d]^[0xed]r-[0xaa]v[0xb9]6#[0xf1]k[0x98]d[0xbb][0xc0]WP[0xc9]v[0x81][0xfb]r[0xc9]v[0xe9]}dbm![0x93][1[0xc7][0xc3][0xd8][0x4]fVt[0xd2][0xf0]n[0x90]x[0x95][0xc2]V[0xb3]B[0xbe]JU[0x16]JZ[0xd3]"F~[0xfd]^[0xd2][0x9c][0x16]d[0x95][\r]WE[0xed]J[0x92][0xd2]2Ee[0x96][0x8][0x6][0xfe][0xfe][0xa5]b[0x9a]U~[0xc5][0x3]\7[0x8c]X,g[0xb][0xb1][0x98][0x8e][0xee][0xb4]l`u([0xae]gt[0x13]K.[0xe6][0xf8]5[0xcc]b[\r][0xb0][0x80][0x99][0x96][0xee]7=[0xf5][0x86][0xee][0xba]5[0xb1][0x84][0xba][0xe1][0xf5][0x12][0xcb][0x15][0x9d][0x93][0x82][0xa6][0xe4]X[0xa9][0x11][0xf6][0x81][0xa3]KGM[0xb]v[0xc7][0x8d][0x1][0xbb][0xa2][0x8c][0xc1][0xd2][0xce]h[0x9e][0x88][0xac]3BWM[0xd0]gj[0xc2][0x11][0x9]f[0xbd][0xb2][[0x9a][0xa6][0xa2][0xb3]4[0xc5]ziy5c|[0x97][0xca][0x11]<*[0xbe][0xef]{[0x9e][0x15]8[0xbe]o{[0x1e][0xaa][0x1]`[0x18][0x97]k[0x94][0xc4]Q[0xc9]FI<[0x1c][0xdb]([0xf1]}t[0xd3][0xc8][0xa5]>#qNc[0x82]~(f8[0x9d]K[0x1a][0x81][0xba][0x96][0xac][0x82][0xc9][0x9f][0xb3]N[0xfb][0x2][0xca][0x9f]\[0xb3][0xe2][0x9f][0xd5][0x99]Cy`J[0x1e][0xc1][0xf5]`5[0x8b]c[\n]"
18:09:10.546 [main] DEBUG org.apache.http.wire -- http-outgoing-0 << "?n[0xd2][0xf3]Vg[0x92][0xe9]*[0xd3][0x3][0xa8][0xa4]Q[0xe]#/[0x84][0xc4][0xb][0x82][0xf2][0xc][0xb2][0x96]A[0x16]F[0x5][0xa4]([0xab]*[0x1c][0xea][0x8c][0x14]=M[0xfe][0xe8][0xa2][0x9d]m[0xac][0x13][0xea]F[0xbb].F}[0x9e][0xf1][0x9c][0xfe][0xf3][0xc][0xdc][0x1]E[0xa6]-[0xfe][0xf9][0xb0][0x9e][0x85][0xce][0x85][0xde]"[0x1f]x[0x9d]][0xbc][0xd7][0xc][0xb3][0x99]Gm[0xf5][0x91][0x8f][0xad][\n]"
18:09:10.547 [main] DEBUG org.apache.http.wire -- http-outgoing-0 << "bl[0xc8]g[0x95][0xff][0xbd][0xa9][0x8f]a[0xbb][0xbd][0xe4][0xe3][0xbe]][0x9c][0xd8][0xc5][0xaf][0x88]0[0x6]_[0xdc]>[0xb8]y[0x8a][0x19]]BH[0x16][0xe6]=[0x9e][0x83]j[0x82][0x9e][0xa8][0x9][0xc3][0x8f]3[0xe3],o[0x8c]t[0x90]C8[0x86][0xaa][0xd4][0xe9]3,{[0x12][0xce]U[0xee][0xf4]L[\r][0x8f]N4[0xf6][0xe1][0x89][0xc6]s[0x1c][0xd3][\n]"
18:09:10.547 [main] DEBUG org.apache.http.wire -- http-outgoing-0 << "[0xfc][0xd0]rC[0xff][0xe8]1[0xc7][0x1b][0x94]][0xed]|M[0xed]|[\r]W[0xc0][0xa7]E[\n]"
18:09:10.548 [main] DEBUG org.apache.http.wire -- http-outgoing-0 << "[0xf8][0xf6][0xe2][0x9b][0xad][0x82][0xf7][0xa1][0x9d][0xad][0x82]Gc[0x9f][0xad][0xef][0xd2]GB[0x8d][0x94][0xf0]/\0[0x86]n1[0x96][0x94][0x13][0x8e].~[0x91][0xa8],[0xe8][0x3][0xc0]([0x9f][0x13][0xa9][0xca][0xf1][0x9d]'[0x98]v[0x97][0xfa][0x18]|u[0xc5]M[\r][0x17][0xb][0x91][0xb][0xc1]EJ#[0x14][0xc1][0xf8][0x14]e[0x8d] dEPb>[0x87]Ds([0xf0]T[0xb][0x3][0xca][0xaa]tk[0x88]F[0x3]U[0x9f][0xa9][0x12][0x14][0xea][0xc8][0xf4]2[0x1f]m;[0x5]Y[0xba][0xd1][\n]"
18:09:10.548 [main] DEBUG org.apache.http.wire -- http-outgoing-0 << "T[0xe][0xea]P2[0x88]Y[0xee][0xa2][0xa3][0xd5][0x12][0xd5]'h[0xb1][0x91][0xba]/-[0x16][0xfa]r[0xfd]M[0xbd][0xc][0xd3][0x19]b\3m=h$[0x87][0xfb]z}[0x2]ru[0xaf][0xdf]Uc[0x1d][0x95][0x83][0xda][0x86]5[0x9c][0x17][0xaa]H[0xd7][0xeb][0x3][0xb4].[0x18][0xc3]}[0xce][0xf][0xc2][0x18]~[0xd9][0xf5][0xd1][0x99][0x80][0xb3][0xa7][0xeb][0xe8][0xf5])~[0x87]L[0xc][0xbf]`[0x84]ct%:[0xd3][0x82][0x8][0xc][0xea]P<a[0x8][0xe3]x;[0xa5][0xb9][0xb8]G([0xd9][0x11][0x9a]!x[0xf8][0xdd]0[0xf4][0xde][0xee]ls[0xf][0x9b]X[0xcb]W[0xe0][0xa6][0x91]5[0xb8]i5[0x1e]ij[0xeb][0xef][0xc5]?[0xc3][0xdf]e[0x1f]2[0x1a][0xfe].[0xa3]1[0xd3][0xf0][0xb7][0xec][0xa3][0xa9]F[0x8e][0xfc]O!b[0xc2][0xd1][0x19].[0x12]E[0x1][0xb7][0x94][0xdf]W9[0xec][[0xea][0xc]"
18:09:10.551 [main] DEBUG org.apache.http.wire -- http-outgoing-0 << "v^[0xd4],5[0xa8]H[0xa9][0xe4][0xf4][0xf7][0xb2][0xed][0xaf]y~XZ[0x89]h[0x1a][0xec][0xb0][\n]"
18:09:10.551 [main] DEBUG org.apache.http.wire -- http-outgoing-0 << "P#[0x1c][0xe5] V[0xd1][0x9][0x91][0x85][0xc8]V[0xa7][0xa5][0x14][0x17]Q[0x2][0xf3][0xaa][0xda]Z/s[0x93][0xbf][0xd5][0xf5][0x13]4[\r]tnX[0xe7][0xca][0xf7][0x1c][0x94]V[0xb]n[0x92][0x12][0xdc][0x7][0xf4]C[0x12][0x1e][0xe7]-j:;[0xfd][0xa1][0xfd][0xfc][0x6][0xd4][0xe4][0xe][0xa1]&_[0xf][0x1b][0xf1]iA3<[0xcd][\n]"
18:09:10.551 [main] DEBUG org.apache.http.wire -- http-outgoing-0 << "t[0xa7][0xdf]8[0xb7]s|[0xda][0xe0][0xba][0xb1];E[0xaa][0x8d]`[0xf9][0x12][0xb][0xcc][0xd1][0xf]!e[0xa7][0xc2][0xcf]`X/[0xd4][0xf0][0x8e][0xa1][0x4][0x19]#[0xf8][0xd5]>zI1[0xba][0xc1][0xf2][0xbe][0xd3][0xd9][0x83]%[0xc5]z[0xa6]F[0x87][0xe7]d[0xee]m[0x89]{[0xf][0x9][0x2][0xe8]'a[0xac][0xeb]F[0xc5]0[0xaa]?[0xc2][0xe8][0xf8]4u[0x84][0xb0][0x1]3t!9[0xde]1[0xac][0xc0]?v[0xcd][0xc0][0x1a]g+[0x14][0xd2][0xd6];^[0x3]8[0xea][0xaa][0x1c][0xf8]*[0xde]xQ[0xf8]>[0xa4][0xf4][0xa2][0xf0][0xd1][0xb8][0xe8][0xc5]w[0xea][0xa3][0xa0]F[0x15][0x80][0xd3],c[0xcf][0xc3][0xd5]>[0xd4]9[0xfb][0x92][0xe6]U[0xc9]X[0x92][0xb7][0x8f]39[0xc7][0xd1][0xbd][0xf2][0xfa]HDy$d&[0xaa][0xed][0x86](/[0x4]z[0xc0]U[0xf8][0x81]$[0x11][0xcd][0xc8][0xd3][0x84][0xcb][0x85][0x14][0x11][0x91][0xb4][0x95]o[0xb9][0xad][0xc2]U3[0x9c][0xd9]Q[0x95]g[0xd7]1[0x2][0xcd]X[0xb3][0x92][0x16][0xea][0xc0]R[0xb1][0xc0][0xe5][0xf7]o[0xda][0xd9][0xf7][0xf7][0xda][0xe9][0xcd][0x8d]f[0x98][0xde][0x80]*[0xb2][0xa6][0xad]{[\r][0xe7][0xbf]i[0xaa][0xc3][0xd3][0x8a][0x6]B[0xdd][0x1f]1Jy[0xc4]|[0x97][0x11][\n]"
18:09:10.551 [main] DEBUG org.apache.http.wire -- http-outgoing-0 << "r[0xdf][0x82]{[0xf][0xa3]3)[0x1e][0xbb],d[0xca][0xfb][0x87][0xf5][0x19][0xc][0x1f][0xbb][0x84][0xdf]m[0x84]%[0xd4][0xf4]Dg[0xe2]1[0xc5][0x9d][0xab][[0xcd][0xd0]gj[0xc6]p"[0x18][0xdf][0xb5][0xf5]Sy`[0xd2]m[0xf1][0xd4][0x8f][0xd5][0x94]-[0x11][0xd5][0xfb]f[0xec][0xfb][0x87][0xe7][0x8]?[0xf4][0xac][0xc0][0xb0]][0xd7][0xb6][0xcd]c[0x97]Q[0xd9]@[0xc7];[0x85]J[0xfb][0xd6]Oy*[0xae][0xf]3[0xfd][0xa6][0x8b][0x83][0xcc][0xd1]mA[0xf0][0xf3]r[0x83][0x1f][0x9b][0x81]T3[0x98][0x97][0xc3][0xbc])Z[0xa8]T*[0xc0][0xcd][0x85][0x84]'[0xa0][0xc2]M8[0xf9][0xc3][0x8f]k[0x8d]<[0x93]dN$T[0xbb]b[0xe4][0x81]0[0xb0];[0xc4][0x82][0x13]P[0x15][0x7][0x0]h[0x8d][0xc0]P[0xf7]ZV [0xa7][0x11]d[0xd5][0xb0][0x2][0xa5][0x4][0x17][0xcf][0xf1][0xf3][0xec][0xe2]B3L[0x90][0x81]'[0xd0][0xc3][0x1a]?][0x15][0xcc]U'y[0xb8]c[0xd5][0xfe][0xdb][0xd7][0xc2]s[0xd0][0x96][0xb]?[0x96]=[0xc9]n[0xab][0xc6][0x1][0xc5][0xb2]3[0xdd][0xed]peM[0xe]X=v[0xc4]TK\`FU[0x12][0xa3][0xa4]]k[0xe4][0xd5][0x4][0xc8]a[0x94][0xf4][0x0][0x9a][0xb5]s[0x4][0xa7][0x83][0xeb]9[0x86][0xe1][0xd9][0x8e][0x11]z[0xa1][0xfb]f[0xb0][0x9][0xb0][0xa4])X[0x1a][0xf];[0x1b]2[0xfb][0x0]4h[0x96][0x9e]*[0xd0][0x7]![0x9e][0xc7][0xb4]^[0x97][0x85][0x4][0x1b]E[0x99][0xa3]H[0xc1][0xa5][0xd8][0xd4]S-[0xaa]B[0xda])![0x5]*[0x12][0x82]bJ[\n]"
18:09:10.552 [main] DEBUG org.apache.http.wire -- http-outgoing-0 << ",[0x97][0x88][0x13][0x12][0xab][0xc4][0x8][0x5][0xa0]s[0xc2] [0x91]o.)[0xe1][0xf1][0xcb][0x90][0xd9]_[0xc9]/[0xd4][0xdd][0x96]q[0x2]\[0xdc][0xeb][0xc][0xba][0x6]bf[0xa4]@y[0x9][\r][0x15][0x94][0xd8][0xf5][0xa2][0x9f][0x83][0xe8][0x7]e[0x8a][0x8][0x6][0x82][0xa8][0xd1][0xb0]ET[0xad][\r][0xd6][0xb6][0x8]S[0xf][0xfa]m[0x11][0xbb]E[0xa0][0xfe])Q[0xf4]Z[0xe0][0x4]][0x91][0xc7]n[0xc][0x10]8[0xd1][0x19][0xc][0xbe][0xa5][0x92]7V[0xe5][0x91][0x3][0x94][0xd5][0xba]([0x12][0xb0][0xe1]$"[0xcd][0xba]}[0xdd][0x4]&[0xe8][0xc5]j[0xc2][0xb8][0x81][0xa8]Gh^c:[0x81][0x1d][0x86][0xa6]m[0x5][0x9e]y[0xec][0x94][0x86][0x1a][0xec]"\h[0xb0][0xcb][0xc7][0x83][0xcf][0x8d][0xc4]>[0xf0][0xc][0x9b][0x5][0x97]htO8[0xfa][\n]"
18:09:10.552 [main] DEBUG org.apache.http.wire -- http-outgoing-0 << "[0xca]Z[0xff][0xc1][0xbd]P[0x5]fP[0xb4][0x9a][\r][0xaa][0xdd][0xb4]]Yo}B[0x8f]JF9@i&I[0x86][0xa5][0x2][0x89][0x1][0xea][0xe6][0x96][0x18][0x18][[0xf7][[0xd8]Y[0x1f][0xd7]C[0xff]%m[0x13][0xca]M[0x1b]f8[0xa4][0xd4][0xb4][0xa9][0x1b]v[0xab][0xe9][0x8b]Y[0x9f][0xd6]MO7[0xcc]?K[0xa8][0xfe][0xc8][0x15]D[0xff][0xdc][0x19][0xc5][0x9f]qt[0xf][0xa1][0xf0][0x17][0xf][0xb8]3J[0xf1][0xae][0x1a][0xd7][0x9][0x8c][0xef]VI[0xef]QH[0xd5][0xcd][0xe][\n]"
18:09:10.552 [main] DEBUG org.apache.http.wire -- http-outgoing-0 << "4[0xd1][0xe8]u[0xe8]}[0x8b]cJ[0xd0]WH[0xba][0xec][0xd4][0x85]s[0x18][0xd7][0xd3]j|[0xfc]<[0xe2]c[0xb4][0x6][0x8][0xac][0xd0]5[0x1d]7t\[0xeb][0xd8][0xe1][0xfa][\r]H[0xab][0x80]G[0x83]][0xfe][\n]"
18:09:10.552 [main] DEBUG org.apache.http.wire -- http-outgoing-0 << "cm[0x8f] k4[0xc4]mJ[0xed]k[0x7][0xd6][0xc8][0xf1]=_[0x9d][0xd4][0xbf]Q[0xf6][0xc]t[0xdb][0xd4]0][0x9f][0xe7][0x5]em[0xac][0x9d][0xab]Z[0xd4]S[0x94][0xe3][0xb2][0xf8][0xdf][0xff]Q?[0x2]H?[0x83][0xe0]Fo[0xae][0x1][0x10][0xbc][0xad][0x8d][0x8b]m[0xb7][0xc2]>6[0x8]l6b[0xdf][0xd7][0xcb]U[0xcd][0xd2][\n]"
18:09:10.552 [main] DEBUG org.apache.http.wire -- http-outgoing-0 << "H[0xf9][0xea][0xc0]cP\[0xad]f*[0xae][0xdb][0x87][0xc7][0xa1][0x1e][0xba][0xad]z[0xa6][0xae]S+[0xae][0xce]6[0xc5][0xf5]5[0x11][0xee]#5k9h[0xe6][0xeb]o4*[0x4]x[0xb0][0xbe]F[0xef]!`5[0xee]LX[0xaa][0xe6][0xe8]i[0x14][0xab]9[0xc3][0x95][0xc6][0xb1][0x94][0xee][0x8f][0xf8][0xf][0xc2]z[0x1];[0x81][0xd1][0x1]p=z0[0xc8]?[0x4][0xd9][0xc2]r[0x8][0xd2][0xcf]q[0xcf]a[0xda][0xde][0xcd][0x1a][0xe0][0x1d][0xa1]D][0xe0];[0xbe][0xe5][0x7]P[0xfe][0xf4][0xd8][0x5][0x1f][0x1a]@Xa[0x80]&([0x1b]Q[0x9f]m[0x8][0xed][0x3][0xd7]F[0xbe][0xeb]y[0x19][0x95][0xe9][0xac][0xa3][0xf1][0xd6]y[0xe5]}[0xe2]1J[0x96][0xf1][0xca][0xbb][0x14][0xad]&[0xe7]SDc[0x2]e[0xdd][0xc0][0x19][0x85][0x19][0x8e][0xf3]i[0xe5][0x94][0xca][0xa7]`[[0xc5][0xaa][0x91][0x0]Q[0xe5][0xa7]U[0x1f]E[0x1a]?[0x8d][0xed][0xee][0xf4]B9[0xbd]5u[0xda]mV[0x8c][0x86][\r][0xb5][0x11][0xd8][0xfd]@[0x16][0xa4][0xe][0xe4]~[0x82][0xa5]P[0xd6][0xc0][0x1a][0xd4][0xc8][0xd6][0xd2][0x83][0xde].*[0xa6]n[0xf7][0x17][0xee][0xdf]-V[0xee]P][0xaf][0xc6]([0x93][0xcf]#[0xc1]8[0xfa]B[0x18][0xeb][\n]"
18:09:10.553 [main] DEBUG org.apache.http.wire -- http-outgoing-0 << "Qc[0xd5][0xb8]~[0xf][0xe3]oQwm[0xcc][0xd6][0x8b][0xe3][0xb6]?[0xf8][0x8c]S[0x92][0xa3][0xf7][0xf8][0xa1][0xd3][0x88]r[0x7][0xa3]z[0xc][0xa3][0xff][0x1f][0xcb][0xe4][0xb8][0xb6]a[0x18][0x9e]g[0xfb][0x81]e[0xbd][0x9d][\r]u[\r]B#B[0xe6]Zb[0x1f]^Z[0xcd][0xb2]f[0x8b]n[0xfb][0xe9]mF"[0x8a][0x19][6[0xad][0xa6][0xb1]XT[0x96][0xd4]fC[0xc2]U'[0x94]Z[0xf5]C[0x1c]l[0xaf][0x84][0x17]y[0x1d][0xac][0xc]M[0xb8]8h[0xb5]i[0x86][0xf9][0xf3][0xaa][0x96]][0xf0]il[0xeb][0x10]n[0xb5]2[0xfd]![0xff]q[0x1d][0xef]e[0xf6][0x9a]T[0xd7][0xab][0xef]1[0xa9]Z[0xd6] [0x93][0xaa][0xa7][0x1a][0x7]6TS[0xd3]m8[0xf6][0xad][0xfe]6[0x82][0xd7][0xe2][0xad]u[0xd2]q[0xd2]L6[0xa5],/[0xe2]G,[0xe3]N[0xeb][0xea][0xba][0x96]%[0xa9][0xa6][0x1c][0xb7]l[0xf2]?p[0x94][0xc0][0x9][0xe8][0x8a][0x90].e[0xaf][0x1a][0xd5][0x19]![0xc7],_y-[0x1e]p[0xe1]}.[0x1e][0xf0][0xe]u[0xf7][0xff][0x84][0xfe][0xa8][0xd0][0xf0][0xbc][0xc0]3M[0xcf][0xf1][0x8e][0x9d][0x4]S#_,[0x16]#[0x9b]S7[0x12][0xfb][0xb0][0xb4][0x91][0xaf]x[0xb1]X[0xe4]=fT[0xb2]X[0xe4][0xd3]V[0x8f][0x12][0xca][0x17][0x92][0xc4][0x9b][0xd6][0xda]3|[0xaf][0x8e][0xf2]+uW[0xa9][0x9d]3I[0xf0][0xfd][0x1c][0xe7]O[0xb]lu[0x80][0xe5][0x96][0x9e]~[0xa6]n[0xb8][0xcd],B[0xb7]v?5:[0x95][0xc4][0x98][0xca][0xe5]s`[0xbc][0xb8][0xbc][0xd4][0xc]kP^[0xa0][0xa9];V3![0xc3]q[0x9a][0x16][0xd4][0xb0]?-p[0xe7][0x2][0xbf][0xe3]e[0xa4][0xbf][0xdf]xIT[0xb3][0xdd]=[0xb6][0xf7][0xa6]t[0xee][0x17][0xda][0x99]p[0xb0])[0x9c][0xb][0xdf][0xee][0x11][0x3]L[0xf][0x14]J[0xb0]w0[0xee][0xa6][0xaf][0xd6][0x7][0x91]wW_[0xd9][0xf4][0xd5][0x9a][0xab][0x19][0xa3]:[0x98][0xec]c[0xd4][0xcc]r[0xfc][0xc0][0xb3][0x3]7[0x8][0xde][0x12][0x11][0x1]x[0xc6]CC%[0xad][0xf][0x9][0x1b]Is[0x1f] I[0xa0];[0xac][0xe9][0xaf][0x9b]6yy[0xb2][0x8e]hj[0xd9]7[0xd7]AM[0xd3][\r]&[\n]"
18:09:10.554 [main] DEBUG org.apache.http.wire -- http-outgoing-0 << "[0x89]2[0xcc][0xb5][0x9c]@[0xa6][0xc4]b[0x80][0xe6][0xd8]o[0xcc]tt[0xcb]n[0xfa][0x93][0xfc][0xda][0x9a][0xe9]7N[0xde]9[0xc1]=[0x8a][0xe2][0xa7][[0xcd][0xb0][0x9c]!E:[0x9c][0xb6][0x9][0xd3][0xd3]m[0xb3]UM[0xb0]?[0x82]i[0xc7][0x86]y[0xbb]$[0x2][0xbc][0xae][0x10][0xd4][0x9e][0x1d]:1#3([0xd0]qO;[0x8d][0x82][0x11][0x8c]Cy[0xe][0x18][0x1f][0xae])[0x8e][0xa3][0xcc]~[0xca][0xf1][0xc]2[0xe7][0xd0][0xca][0xd7][0xd4][0xb1]>[0xba][0x9a][0xa2][0xaf][0xdc]Moa![0xb8][0xc6][0xca][0x1d][0xff][0x9e][0xfe][0xea]\"W[0xc3]z[0xc][0xc3][0x7]Hh;F[0xa3]S7t[\r][0xdb]3C[0xcb][0x8][0xdf][0xce][0x82][0x9][0xa0]4v<SCf[0x1f]r6[0xf2][0xb8].%[0x81][0x8c],[0xc2][0x18][0xba]!Y[0xd6]a[0xc8][0xac][0xfd][0xf2][0xeb]Z[0xe2][0xb]u[\r]<[0xa3](S[0xd7][0xb4][0xa3][0xeb]W][0xa8][0xab][0xe6][0xd3]U[0xf][0xb][0xfc][0xd0][0xe8]C[0x1d]C[0xdf][0xd3]AQ[0xf5][0xd6] {[0xa6][0xad][[0xf5]q[0x1c]|GC[0xec][0x99][0x97][0xdf]/4[0xc3]r[0x87]([0x9a][0xae]rH5[0x80][0xd5]kT?rtg[0xb4]N[0xa4][0xa3][0xf6][0x85][0x1e][0xb5][0x96]Bo[0xc9][0xba][0xaa][0x96][0xc2][0x80][0x8a]u[0x7][0x89][0xb8][0xfa]H[0xb8]\[0xa2][0x8f]T[0xa5]v?[0xf3][0xfd][0xc0][0xa0][0x9e]P[0xc6][0x8e][0x8d][0xf1][0x7]([0xce][0xba][0x9b][0xb][0xc8]<[0x82][0xba]i[0xd9][0x9e]kY[0xbe][0x13][0xda][0xb6]u[0xec]\[0xab][0x1a][0xec][0x14][0x14]i[0x0]EZ[0x5]E[0xe3][0xe1][0xe8]s[0xd1]}p[0xea]=[0x85][0xd3][0xf3][0x84]2[0xda][0x87][0xa7][0xb7][0x19][0x8d][0x96]+[0xc][0x8d][0xd4][0xc4]5[0x88][0xd6]>[0xa1][0x15][0x84]&@[0xe7]k[0xd8][0x9c][0x3][0x88]B9[0xba][0xc1]iI[[0xc][0x9a]M[0xf4][0xf4][0xea][0xe][0xb];[0x81][0xe7][0x90]F[0xa1][0x0][0x9e][\r]o[0x90][0x19][0xe8][0xf0]l[0xd6][0xa5][0xe3][0xc2][0xb1]*'[0xbc][0x88][0x9d];[0xa5][0xa4][0x8e][0xe0][0x3]*9F[0xdf][0xcb]<'[0x9d][0xe0][0xc4]J[0x8e]uY[\r][0xf]OK[0x1a][0xa1][0xa2][0xc3]a[0x82]T[0xf7][0x8e][0xfe][0x1c][0xb5]m[0xf3]n`i[0x1f][0xa1]Mhh[0xdb][0xae]a[0x18][0xae][0x1d][0xb8][0xde][[0x83][0xa5][0xc2][0x9c][0x3][0xa1]eKv[0x1f]\6[0xd2][0x91]>[0xc2]s[0x8c]>[0xe3][0xe7](y[0x3][0x95][0xc3]@y[0xe4][0x90][0xde][0x8f][0x19]J[0xd4]T[0xca]UU[0xe7]MY[0xb4];[0xfc]D[0xf9][0xcc][0x1f][0x9])[0xaa][0x8e][0x99]3[0xe8][0xbf][0xc][0xcb][0x84][0x3]},[0xe9][0x1f]T[0xb9]K[0xf]D*[0xb7][0xcc][0xcb][0x0][0xea][\r][0xaf][0xd0]Y{[0xd4]m[0xa7][0x19][0xa5][0xc4][0x15],v[0xe5]v~[0xfc]v[0xad][0x19][0x96]?@[0x3][\r][0xdb][\r]hL[0xd5]a[0xad][0xae][0xeb][0xec][0x8f][0xaa][0x80][0x8e][0xe4][0x7][0xea]L[0xa7][0xdc][0xf]#N[0xcb][0xa2]Ly[0xaf][0xcf][0x1a][0xab][0xe1][0x1][0x1e][0xeb][0xf1][0xb];o[0x8c][0x8b]?)[0xeb]>[0xd3]o[0x8c][0x8b][0x8f]j[0xc6][0xb1][0x83][0xeb]Gq[0xa1][0xed][0x9b][0xdc][0xe9][0x1c]![0xbb][0xd3][0xb3]][0xc7][0x86]<%[0xcf][0xb6][0xde][0xce][0x8][0xaa][0xb0]J[0xbb][0xc3]#[0xe2]k-[0xb2][0xf]V[0x1b]IJ[0x9f][0xa0][0xca][0x97]$8[0xed][0x88]J"8[0xad][0xba]>[0xc6][0x84][0xd1]H[0x85]p[0xaa][0x92]Y00E[0xab][0xad]^U[0xb3]\[0x87]xV[0xe7][0xf7]uM}[0xb8]n[0x91][0x14][0xd0][0xee][0xab][0x80]o[0xf1]e[0x18]u{[0x3][0x93][0x2][0xdd][0xb][0x9b]0j[0xd7][0xe1][0xf6]V#[0xdc]>[0x86][0xad])[0xbb]@[0xf4]\i[0xa2][0xc1][0x90][0x90]{G[0xf][0x1a][0xc7]x[0xd3]UQPu[0x88][0xe7][0xb6][0x8e][0xf5][0xbb][0x82][0xe8][0xd8][0x19][0xf2][0xfb]8>.[0x18][0xbd][0xc3][0x9]:[0x97]e[0x17]h[0x12]5[0xaa]G[0xb2][0xdc][0x1]3[0xc7]9%[0x86]B[0xa6]}[0xd5]#[0xef]pD[0x6]T[0x8f]tG[0x87][0xf2][0xd1]c[0xec][0x7][0xfb][0x88][0x9c]#[0x1c][0xda][\r]?[0x8]B[0xd7]q[0xdd][0xd0][0xf0][0x8f]][0xc7][0xab][0xc6]2[\n]"
18:09:10.554 [main] DEBUG org.apache.http.wire -- http-outgoing-0 << "[0x85][0xa6][0x0]o[0xf6][\n]"
18:09:10.554 [main] DEBUG org.apache.http.wire -- http-outgoing-0 << "[0xae][0xaf][0xa5][0xec]^[0xf2][0xa4]K[0x8a]=[0x8a][0x14]g,[0xc0][0xaf]E[0xf6][0x1]~#[0xb1][0xea]s[0x9]@[0xfb][0x14][0xec][0xbf][0xd7][0x11][0xa4][0xaa][0xc0][0x8][0xba][0x83]iS[0x94][0xe1][0xe8]~[0xdd]>[0xe5][0x81][0x16][0xa0][0x97]T[0xbd]V[0xea]L[0xff][0xbc][0xc0]Ke[0x81]P[0xb1][0xab]d[0x80][0xae]lo[0xab][0x81]b[0xb4][0xcc][0xb5]a[0xdd]p[0xcb]m[0x84][0xf4]o[0xf4][0xf5][0xe7]0[0xff][0xf9]o[0x9f]4[0xc3][0x1a][0x94]Y[0x15][0xe8][0xae][0xd7]R[0x96][0x1d][0xaf]Y[0xe][0xcb][0x18][0xaf][0xab][0xd6][0xbe][0xe6][0xda]C[0x84]J[0x8d][0xd8][0x12]q[0xf4]n[0x92]g[0xca][0xef]u[0x9][0xb7][0xb6]SC[0x6][0x97][0x17]4[0x1f][0xda][0x9e][0xf7]5z[0xf4][0x96]*[0xd3][0xf5][0x81][0x89][0xee][0xda]a[0xaa]L[0xd7]\[0x8d][0x8e][0xdb]D[0xeb][0x8]U[0x1b][0xbd][0xd0][0xf6]L[0xd3]r[0x3]#t[0xdf][0xe][0xed][0x15][0xe8][0x8c][0xa7][0x8]W[0xe2]z0[0xd1]n[0xa4]=}[0xa1][0x8f][0xb4];K[0x9f][0xf0]B[0x93]4J[0xd0]=}[0xa4][0xfd][0x95][0xa1]VFX[0x8c][\n]"
18:09:10.554 [main] DEBUG org.apache.http.wire -- http-outgoing-0 << ")2[0x1a]a[0x86][0x8a]G[0x9a][0x17];[0xfb][0xb1][0xac]^[0xf5][0xd7]tu[0xab]U[0x1d]*l[0xc4]J[0x85]/[0x97][0x87][0xfa][0xf2][0xe9][0xa7]f[0xd8][0x3][0x13][0x9c][0x9c][0x96][0x19][0xd6][0xf3][0x9b]&[0x4][0xb3][0xbf]<[0xd4][0xb1]{[\r][0x1e][0xc2][0x89]u[0x91]R[0xb6][0xec]-[0x11]E`t@[0x85][0xa8][0x83][0x4]+[0xac]SN[0xfb]5[0xce]u[0xd2]i[0xaf][0xce]y[0xb8][0xf2]+[0xd7][0xd0][0xb6][0xb6][0xdf][0x88][0xcd][0xa1]km[0xaf][0x11]{[0xdf]B[0xea]G[0x8][0x2][0xb0]\[0xdb]0[0xbd]04}[0xcb][0xb5][0xde][0xc] [0x1][0x85][0xc6][0xc3]G%[0xed])<[0x82]XQ`[0x6]@[0x0][0xca][0xd7]=[0xcd]&'[0xc6]t[0xc2]hJ[0xb][0xb8][0xd7][0xff][0xfa]?[0x6][0xe1]_[0xcb]:[0xac][0x0][0x0][\r][\n]"
18:09:10.555 [main] DEBUG org.apache.http.impl.conn.DefaultManagedHttpClientConnection -- http-outgoing-0: Close connection
18:09:10.558 [main] DEBUG org.apache.http.impl.execchain.MainClientExec -- Connection discarded
18:09:10.558 [main] DEBUG org.apache.http.impl.conn.PoolingHttpClientConnectionManager -- Connection released: [id: 0][route: {s}->https://dummyjson.com:443][total available: 0; route allocated: 0 of 5; total allocated: 0 of 10]
18:09:10.558 [main] DEBUG org.apache.http.impl.conn.PoolingHttpClientConnectionManager -- Connection manager is shutting down
18:09:10.559 [main] DEBUG org.apache.http.impl.conn.PoolingHttpClientConnectionManager -- Connection manager shut down
18:09:10.561 [main] DEBUG com.intuit.karate -- response time in milliseconds: 914
1 < 200
1 < Access-Control-Allow-Origin: *
1 < Content-Type: application/json; charset=utf-8
1 < Date: Wed, 23 Jul 2025 11:09:10 GMT
1 < Etag: W/"ac3a-uk0FDUI0X0lS5liyUbIxqA7L7F4"
1 < Server: railway-edge
1 < Strict-Transport-Security: max-age=15552000; includeSubDomains
1 < Vary: Accept-Encoding
1 < X-Content-Type-Options: nosniff
1 < X-Dns-Prefetch-Control: off
1 < X-Download-Options: noopen
1 < X-Frame-Options: SAMEORIGIN
1 < X-Powered-By: Cats on Keyboards
1 < X-Railway-Edge: railway/asia-southeast1-eqsg3a
1 < X-Railway-Request-Id: -8wjMLbvQCSvHEp6DcO5xA
1 < X-Ratelimit-Limit: 100
1 < X-Ratelimit-Remaining: 99
1 < X-Ratelimit-Reset: 1753268959
1 < X-Xss-Protection: 1; mode=block
1 < Transfer-Encoding: chunked
{"products":[{"id":1,"title":"Essence Mascara Lash Princess","description":"The Essence Mascara Lash Princess is a popular mascara known for its volumizing and lengthening effects. Achieve dramatic lashes with this long-lasting and cruelty-free formula.","category":"beauty","price":9.99,"discountPercentage":10.48,"rating":2.56,"stock":99,"tags":["beauty","mascara"],"brand":"Essence","sku":"BEA-ESS-ESS-001","weight":4,"dimensions":{"width":15.14,"height":13.08,"depth":22.99},"warrantyInformation":"1 week warranty","shippingInformation":"Ships in 3-5 business days","availabilityStatus":"In Stock","reviews":[{"rating":3,"comment":"Would not recommend!","date":"2025-04-30T09:41:02.053Z","reviewerName":"Eleanor Collins","reviewerEmail":"eleanor.collins@x.dummyjson.com"},{"rating":4,"comment":"Very satisfied!","date":"2025-04-30T09:41:02.053Z","reviewerName":"Lucas Gordon","reviewerEmail":"lucas.gordon@x.dummyjson.com"},{"rating":5,"comment":"Highly impressed!","date":"2025-04-30T09:41:02.053Z","reviewerName":"Eleanor Collins","reviewerEmail":"eleanor.collins@x.dummyjson.com"}],"returnPolicy":"No return policy","minimumOrderQuantity":48,"meta":{"createdAt":"2025-04-30T09:41:02.053Z","updatedAt":"2025-04-30T09:41:02.053Z","barcode":"5784719087687","qrCode":"https://cdn.dummyjson.com/public/qr-code.png"},"images":["https://cdn.dummyjson.com/product-images/beauty/essence-mascara-lash-princess/1.webp"],"thumbnail":"https://cdn.dummyjson.com/product-images/beauty/essence-mascara-lash-princess/thumbnail.webp"},{"id":2,"title":"Eyeshadow Palette with Mirror","description":"The Eyeshadow Palette with Mirror offers a versatile range of eyeshadow shades for creating stunning eye looks. With a built-in mirror, it's convenient for on-the-go makeup application.","category":"beauty","price":19.99,"discountPercentage":18.19,"rating":2.86,"stock":34,"tags":["beauty","eyeshadow"],"brand":"Glamour Beauty","sku":"BEA-GLA-EYE-002","weight":9,"dimensions":{"width":9.26,"height":22.47,"depth":27.67},"warrantyInformation":"1 year warranty","shippingInformation":"Ships in 2 weeks","availabilityStatus":"In Stock","reviews":[{"rating":5,"comment":"Great product!","date":"2025-04-30T09:41:02.053Z","reviewerName":"Savannah Gomez","reviewerEmail":"savannah.gomez@x.dummyjson.com"},{"rating":4,"comment":"Awesome product!","date":"2025-04-30T09:41:02.053Z","reviewerName":"Christian Perez","reviewerEmail":"christian.perez@x.dummyjson.com"},{"rating":1,"comment":"Poor quality!","date":"2025-04-30T09:41:02.053Z","reviewerName":"Nicholas Bailey","reviewerEmail":"nicholas.bailey@x.dummyjson.com"}],"returnPolicy":"7 days return policy","minimumOrderQuantity":20,"meta":{"createdAt":"2025-04-30T09:41:02.053Z","updatedAt":"2025-04-30T09:41:02.053Z","barcode":"9170275171413","qrCode":"https://cdn.dummyjson.com/public/qr-code.png"},"images":["https://cdn.dummyjson.com/product-images/beauty/eyeshadow-palette-with-mirror/1.webp"],"thumbnail":"https://cdn.dummyjson.com/product-images/beauty/eyeshadow-palette-with-mirror/thumbnail.webp"},{"id":3,"title":"Powder Canister","description":"The Powder Canister is a finely milled setting powder designed to set makeup and control shine. With a lightweight and translucent formula, it provides a smooth and matte finish.","category":"beauty","price":14.99,"discountPercentage":9.84,"rating":4.64,"stock":89,"tags":["beauty","face powder"],"brand":"Velvet Touch","sku":"BEA-VEL-POW-003","weight":8,"dimensions":{"width":29.27,"height":27.93,"depth":20.59},"warrantyInformation":"3 months warranty","shippingInformation":"Ships in 1-2 business days","availabilityStatus":"In Stock","reviews":[{"rating":4,"comment":"Would buy again!","date":"2025-04-30T09:41:02.053Z","reviewerName":"Alexander Jones","reviewerEmail":"alexander.jones@x.dummyjson.com"},{"rating":5,"comment":"Highly impressed!","date":"2025-04-30T09:41:02.053Z","reviewerName":"Elijah Cruz","reviewerEmail":"elijah.cruz@x.dummyjson.com"},{"rating":1,"comment":"Very dissatisfied!","date":"2025-04-30T09:41:02.053Z","reviewerName":"Avery Perez","reviewerEmail":"avery.perez@x.dummyjson.com"}],"returnPolicy":"No return policy","minimumOrderQuantity":22,"meta":{"createdAt":"2025-04-30T09:41:02.053Z","updatedAt":"2025-04-30T09:41:02.053Z","barcode":"8418883906837","qrCode":"https://cdn.dummyjson.com/public/qr-code.png"},"images":["https://cdn.dummyjson.com/product-images/beauty/powder-canister/1.webp"],"thumbnail":"https://cdn.dummyjson.com/product-images/beauty/powder-canister/thumbnail.webp"},{"id":4,"title":"Red Lipstick","description":"The Red Lipstick is a classic and bold choice for adding a pop of color to your lips. With a creamy and pigmented formula, it provides a vibrant and long-lasting finish.","category":"beauty","price":12.99,"discountPercentage":12.16,"rating":4.36,"stock":91,"tags":["beauty","lipstick"],"brand":"Chic Cosmetics","sku":"BEA-CHI-LIP-004","weight":1,"dimensions":{"width":18.11,"height":28.38,"depth":22.17},"warrantyInformation":"3 year warranty","shippingInformation":"Ships in 1 week","availabilityStatus":"In Stock","reviews":[{"rating":4,"comment":"Great product!","date":"2025-04-30T09:41:02.053Z","reviewerName":"Liam Garcia","reviewerEmail":"liam.garcia@x.dummyjson.com"},{"rating":5,"comment":"Great product!","date":"2025-04-30T09:41:02.053Z","reviewerName":"Ruby Andrews","reviewerEmail":"ruby.andrews@x.dummyjson.com"},{"rating":5,"comment":"Would buy again!","date":"2025-04-30T09:41:02.053Z","reviewerName":"Clara Berry","reviewerEmail":"clara.berry@x.dummyjson.com"}],"returnPolicy":"7 days return policy","minimumOrderQuantity":40,"meta":{"createdAt":"2025-04-30T09:41:02.053Z","updatedAt":"2025-04-30T09:41:02.053Z","barcode":"9467746727219","qrCode":"https://cdn.dummyjson.com/public/qr-code.png"},"images":["https://cdn.dummyjson.com/product-images/beauty/red-lipstick/1.webp"],"thumbnail":"https://cdn.dummyjson.com/product-images/beauty/red-lipstick/thumbnail.webp"},{"id":5,"title":"Red Nail Polish","description":"The Red Nail Polish offers a rich and glossy red hue for vibrant and polished nails. With a quick-drying formula, it provides a salon-quality finish at home.","category":"beauty","price":8.99,"discountPercentage":11.44,"rating":4.32,"stock":79,"tags":["beauty","nail polish"],"brand":"Nail Couture","sku":"BEA-NAI-NAI-005","weight":8,"dimensions":{"width":21.63,"height":16.48,"depth":29.84},"warrantyInformation":"1 month warranty","shippingInformation":"Ships overnight","availabilityStatus":"In Stock","reviews":[{"rating":2,"comment":"Poor quality!","date":"2025-04-30T09:41:02.053Z","reviewerName":"Benjamin Wilson","reviewerEmail":"benjamin.wilson@x.dummyjson.com"},{"rating":5,"comment":"Great product!","date":"2025-04-30T09:41:02.053Z","reviewerName":"Liam Smith","reviewerEmail":"liam.smith@x.dummyjson.com"},{"rating":1,"comment":"Very unhappy with my purchase!","date":"2025-04-30T09:41:02.053Z","reviewerName":"Clara Berry","reviewerEmail":"clara.berry@x.dummyjson.com"}],"returnPolicy":"No return policy","minimumOrderQuantity":22,"meta":{"createdAt":"2025-04-30T09:41:02.053Z","updatedAt":"2025-04-30T09:41:02.053Z","barcode":"4063010628104","qrCode":"https://cdn.dummyjson.com/public/qr-code.png"},"images":["https://cdn.dummyjson.com/product-images/beauty/red-nail-polish/1.webp"],"thumbnail":"https://cdn.dummyjson.com/product-images/beauty/red-nail-polish/thumbnail.webp"},{"id":6,"title":"Calvin Klein CK One","description":"CK One by Calvin Klein is a classic unisex fragrance, known for its fresh and clean scent. It's a versatile fragrance suitable for everyday wear.","category":"fragrances","price":49.99,"discountPercentage":1.89,"rating":4.37,"stock":29,"tags":["fragrances","perfumes"],"brand":"Calvin Klein","sku":"FRA-CAL-CAL-006","weight":7,"dimensions":{"width":29.36,"height":27.76,"depth":20.72},"warrantyInformation":"1 week warranty","shippingInformation":"Ships overnight","availabilityStatus":"In Stock","reviews":[{"rating":2,"comment":"Very disappointed!","date":"2025-04-30T09:41:02.053Z","reviewerName":"Layla Young","reviewerEmail":"layla.young@x.dummyjson.com"},{"rating":4,"comment":"Fast shipping!","date":"2025-04-30T09:41:02.053Z","reviewerName":"Daniel Cook","reviewerEmail":"daniel.cook@x.dummyjson.com"},{"rating":3,"comment":"Not as described!","date":"2025-04-30T09:41:02.053Z","reviewerName":"Jacob Cooper","reviewerEmail":"jacob.cooper@x.dummyjson.com"}],"returnPolicy":"90 days return policy","minimumOrderQuantity":9,"meta":{"createdAt":"2025-04-30T09:41:02.053Z","updatedAt":"2025-04-30T09:41:02.053Z","barcode":"2451534060749","qrCode":"https://cdn.dummyjson.com/public/qr-code.png"},"images":["https://cdn.dummyjson.com/product-images/fragrances/calvin-klein-ck-one/1.webp","https://cdn.dummyjson.com/product-images/fragrances/calvin-klein-ck-one/2.webp","https://cdn.dummyjson.com/product-images/fragrances/calvin-klein-ck-one/3.webp"],"thumbnail":"https://cdn.dummyjson.com/product-images/fragrances/calvin-klein-ck-one/thumbnail.webp"},{"id":7,"title":"Chanel Coco Noir Eau De","description":"Coco Noir by Chanel is an elegant and mysterious fragrance, featuring notes of grapefruit, rose, and sandalwood. Perfect for evening occasions.","category":"fragrances","price":129.99,"discountPercentage":16.51,"rating":4.26,"stock":58,"tags":["fragrances","perfumes"],"brand":"Chanel","sku":"FRA-CHA-CHA-007","weight":7,"dimensions":{"width":24.5,"height":25.7,"depth":25.98},"warrantyInformation":"3 year warranty","shippingInformation":"Ships overnight","availabilityStatus":"In Stock","reviews":[{"rating":4,"comment":"Highly impressed!","date":"2025-04-30T09:41:02.053Z","reviewerName":"Ruby Andrews","reviewerEmail":"ruby.andrews@x.dummyjson.com"},{"rating":5,"comment":"Awesome product!","date":"2025-04-30T09:41:02.053Z","reviewerName":"Leah Henderson","reviewerEmail":"leah.henderson@x.dummyjson.com"},{"rating":5,"comment":"Very happy with my purchase!","date":"2025-04-30T09:41:02.053Z","reviewerName":"Xavier Wright","reviewerEmail":"xavier.wright@x.dummyjson.com"}],"returnPolicy":"No return policy","minimumOrderQuantity":1,"meta":{"createdAt":"2025-04-30T09:41:02.053Z","updatedAt":"2025-04-30T09:41:02.053Z","barcode":"4091737746820","qrCode":"https://cdn.dummyjson.com/public/qr-code.png"},"images":["https://cdn.dummyjson.com/product-images/fragrances/chanel-coco-noir-eau-de/1.webp","https://cdn.dummyjson.com/product-images/fragrances/chanel-coco-noir-eau-de/2.webp","https://cdn.dummyjson.com/product-images/fragrances/chanel-coco-noir-eau-de/3.webp"],"thumbnail":"https://cdn.dummyjson.com/product-images/fragrances/chanel-coco-noir-eau-de/thumbnail.webp"},{"id":8,"title":"Dior J'adore","description":"J'adore by Dior is a luxurious and floral fragrance, known for its blend of ylang-ylang, rose, and jasmine. It embodies femininity and sophistication.","category":"fragrances","price":89.99,"discountPercentage":14.72,"rating":3.8,"stock":98,"tags":["fragrances","perfumes"],"brand":"Dior","sku":"FRA-DIO-DIO-008","weight":4,"dimensions":{"width":27.67,"height":28.28,"depth":11.83},"warrantyInformation":"1 week warranty","shippingInformation":"Ships in 2 weeks","availabilityStatus":"In Stock","reviews":[{"rating":5,"comment":"Great value for money!","date":"2025-04-30T09:41:02.053Z","reviewerName":"Nicholas Bailey","reviewerEmail":"nicholas.bailey@x.dummyjson.com"},{"rating":4,"comment":"Great value for money!","date":"2025-04-30T09:41:02.053Z","reviewerName":"Penelope Harper","reviewerEmail":"penelope.harper@x.dummyjson.com"},{"rating":4,"comment":"Great product!","date":"2025-04-30T09:41:02.053Z","reviewerName":"Emma Miller","reviewerEmail":"emma.miller@x.dummyjson.com"}],"returnPolicy":"7 days return policy","minimumOrderQuantity":10,"meta":{"createdAt":"2025-04-30T09:41:02.053Z","updatedAt":"2025-04-30T09:41:02.053Z","barcode":"1445086097250","qrCode":"https://cdn.dummyjson.com/public/qr-code.png"},"images":["https://cdn.dummyjson.com/product-images/fragrances/dior-j'adore/1.webp","https://cdn.dummyjson.com/product-images/fragrances/dior-j'adore/2.webp","https://cdn.dummyjson.com/product-images/fragrances/dior-j'adore/3.webp"],"thumbnail":"https://cdn.dummyjson.com/product-images/fragrances/dior-j'adore/thumbnail.webp"},{"id":9,"title":"Dolce Shine Eau de","description":"Dolce Shine by Dolce & Gabbana is a vibrant and fruity fragrance, featuring notes of mango, jasmine, and blonde woods. It's a joyful and youthful scent.","category":"fragrances","price":69.99,"discountPercentage":0.62,"rating":3.96,"stock":4,"tags":["fragrances","perfumes"],"brand":"Dolce & Gabbana","sku":"FRA-DOL-DOL-009","weight":6,"dimensions":{"width":27.28,"height":29.88,"depth":18.3},"warrantyInformation":"3 year warranty","shippingInformation":"Ships in 1 month","availabilityStatus":"Low Stock","reviews":[{"rating":4,"comment":"Would buy again!","date":"2025-04-30T09:41:02.053Z","reviewerName":"Mateo Bennett","reviewerEmail":"mateo.bennett@x.dummyjson.com"},{"rating":4,"comment":"Highly recommended!","date":"2025-04-30T09:41:02.053Z","reviewerName":"Nolan Gonzalez","reviewerEmail":"nolan.gonzalez@x.dummyjson.com"},{"rating":5,"comment":"Very happy with my purchase!","date":"2025-04-30T09:41:02.053Z","reviewerName":"Aurora Lawson","reviewerEmail":"aurora.lawson@x.dummyjson.com"}],"returnPolicy":"7 days return policy","minimumOrderQuantity":2,"meta":{"createdAt":"2025-04-30T09:41:02.053Z","updatedAt":"2025-04-30T09:41:02.053Z","barcode":"3023868210708","qrCode":"https://cdn.dummyjson.com/public/qr-code.png"},"images":["https://cdn.dummyjson.com/product-images/fragrances/dolce-shine-eau-de/1.webp","https://cdn.dummyjson.com/product-images/fragrances/dolce-shine-eau-de/2.webp","https://cdn.dummyjson.com/product-images/fragrances/dolce-shine-eau-de/3.webp"],"thumbnail":"https://cdn.dummyjson.com/product-images/fragrances/dolce-shine-eau-de/thumbnail.webp"},{"id":10,"title":"Gucci Bloom Eau de","description":"Gucci Bloom by Gucci is a floral and captivating fragrance, with notes of tuberose, jasmine, and Rangoon creeper. It's a modern and romantic scent.","category":"fragrances","price":79.99,"discountPercentage":14.39,"rating":2.74,"stock":91,"tags":["fragrances","perfumes"],"brand":"Gucci","sku":"FRA-GUC-GUC-010","weight":7,"dimensions":{"width":20.92,"height":21.68,"depth":11.2},"warrantyInformation":"6 months warranty","shippingInformation":"Ships overnight","availabilityStatus":"In Stock","reviews":[{"rating":1,"comment":"Very dissatisfied!","date":"2025-04-30T09:41:02.053Z","reviewerName":"Cameron Perez","reviewerEmail":"cameron.perez@x.dummyjson.com"},{"rating":5,"comment":"Very happy with my purchase!","date":"2025-04-30T09:41:02.053Z","reviewerName":"Daniel Cook","reviewerEmail":"daniel.cook@x.dummyjson.com"},{"rating":4,"comment":"Highly impressed!","date":"2025-04-30T09:41:02.053Z","reviewerName":"Addison Wright","reviewerEmail":"addison.wright@x.dummyjson.com"}],"returnPolicy":"No return policy","minimumOrderQuantity":2,"meta":{"createdAt":"2025-04-30T09:41:02.053Z","updatedAt":"2025-04-30T09:41:02.053Z","barcode":"3170832177880","qrCode":"https://cdn.dummyjson.com/public/qr-code.png"},"images":["https://cdn.dummyjson.com/product-images/fragrances/gucci-bloom-eau-de/1.webp","https://cdn.dummyjson.com/product-images/fragrances/gucci-bloom-eau-de/2.webp","https://cdn.dummyjson.com/product-images/fragrances/gucci-bloom-eau-de/3.webp"],"thumbnail":"https://cdn.dummyjson.com/product-images/fragrances/gucci-bloom-eau-de/thumbnail.webp"},{"id":11,"title":"Annibale Colombo Bed","description":"The Annibale Colombo Bed is a luxurious and elegant bed frame, crafted with high-quality materials for a comfortable and stylish bedroom.","category":"furniture","price":1899.99,"discountPercentage":8.57,"rating":4.77,"stock":88,"tags":["furniture","beds"],"brand":"Annibale Colombo","sku":"FUR-ANN-ANN-011","weight":10,"dimensions":{"width":28.16,"height":25.36,"depth":17.28},"warrantyInformation":"1 year warranty","shippingInformation":"Ships in 1 month","availabilityStatus":"In Stock","reviews":[{"rating":2,"comment":"Would not recommend!","date":"2025-04-30T09:41:02.053Z","reviewerName":"Christopher West","reviewerEmail":"christopher.west@x.dummyjson.com"},{"rating":4,"comment":"Highly impressed!","date":"2025-04-30T09:41:02.053Z","reviewerName":"Vivian Carter","reviewerEmail":"vivian.carter@x.dummyjson.com"},{"rating":1,"comment":"Poor quality!","date":"2025-04-30T09:41:02.053Z","reviewerName":"Mason Wright","reviewerEmail":"mason.wright@x.dummyjson.com"}],"returnPolicy":"No return policy","minimumOrderQuantity":1,"meta":{"createdAt":"2025-04-30T09:41:02.053Z","updatedAt":"2025-04-30T09:41:02.053Z","barcode":"3610757456581","qrCode":"https://cdn.dummyjson.com/public/qr-code.png"},"images":["https://cdn.dummyjson.com/product-images/furniture/annibale-colombo-bed/1.webp","https://cdn.dummyjson.com/product-images/furniture/annibale-colombo-bed/2.webp","https://cdn.dummyjson.com/product-images/furniture/annibale-colombo-bed/3.webp"],"thumbnail":"https://cdn.dummyjson.com/product-images/furniture/annibale-colombo-bed/thumbnail.webp"},{"id":12,"title":"Annibale Colombo Sofa","description":"The Annibale Colombo Sofa is a sophisticated and comfortable seating option, featuring exquisite design and premium upholstery for your living room.","category":"furniture","price":2499.99,"discountPercentage":14.4,"rating":3.92,"stock":60,"tags":["furniture","sofas"],"brand":"Annibale Colombo","sku":"FUR-ANN-ANN-012","weight":6,"dimensions":{"width":12.75,"height":20.55,"depth":19.06},"warrantyInformation":"Lifetime warranty","shippingInformation":"Ships in 1 week","availabilityStatus":"In Stock","reviews":[{"rating":3,"comment":"Very unhappy with my purchase!","date":"2025-04-30T09:41:02.053Z","reviewerName":"Christian Perez","reviewerEmail":"christian.perez@x.dummyjson.com"},{"rating":5,"comment":"Fast shipping!","date":"2025-04-30T09:41:02.053Z","reviewerName":"Lillian Bishop","reviewerEmail":"lillian.bishop@x.dummyjson.com"},{"rating":1,"comment":"Poor quality!","date":"2025-04-30T09:41:02.053Z","reviewerName":"Lillian Simmons","reviewerEmail":"lillian.simmons@x.dummyjson.com"}],"returnPolicy":"7 days return policy","minimumOrderQuantity":1,"meta":{"createdAt":"2025-04-30T09:41:02.053Z","updatedAt":"2025-04-30T09:41:02.053Z","barcode":"1777662847736","qrCode":"https://cdn.dummyjson.com/public/qr-code.png"},"images":["https://cdn.dummyjson.com/product-images/furniture/annibale-colombo-sofa/1.webp","https://cdn.dummyjson.com/product-images/furniture/annibale-colombo-sofa/2.webp","https://cdn.dummyjson.com/product-images/furniture/annibale-colombo-sofa/3.webp"],"thumbnail":"https://cdn.dummyjson.com/product-images/furniture/annibale-colombo-sofa/thumbnail.webp"},{"id":13,"title":"Bedside Table African Cherry","description":"The Bedside Table in African Cherry is a stylish and functional addition to your bedroom, providing convenient storage space and a touch of elegance.","category":"furniture","price":299.99,"discountPercentage":19.09,"rating":2.87,"stock":64,"tags":["furniture","bedside tables"],"brand":"Furniture Co.","sku":"FUR-FUR-BED-013","weight":2,"dimensions":{"width":13.47,"height":24.99,"depth":27.35},"warrantyInformation":"5 year warranty","shippingInformation":"Ships overnight","availabilityStatus":"In Stock","reviews":[{"rating":4,"comment":"Excellent quality!","date":"2025-04-30T09:41:02.053Z","reviewerName":"Aaliyah Hanson","reviewerEmail":"aaliyah.hanson@x.dummyjson.com"},{"rating":4,"comment":"Excellent quality!","date":"2025-04-30T09:41:02.053Z","reviewerName":"Liam Smith","reviewerEmail":"liam.smith@x.dummyjson.com"},{"rating":4,"comment":"Highly recommended!","date":"2025-04-30T09:41:02.053Z","reviewerName":"Avery Barnes","reviewerEmail":"avery.barnes@x.dummyjson.com"}],"returnPolicy":"7 days return policy","minimumOrderQuantity":3,"meta":{"createdAt":"2025-04-30T09:41:02.053Z","updatedAt":"2025-04-30T09:41:02.053Z","barcode":"6441287925979","qrCode":"https://cdn.dummyjson.com/public/qr-code.png"},"images":["https://cdn.dummyjson.com/product-images/furniture/bedside-table-african-cherry/1.webp","https://cdn.dummyjson.com/product-images/furniture/bedside-table-african-cherry/2.webp","https://cdn.dummyjson.com/product-images/furniture/bedside-table-african-cherry/3.webp"],"thumbnail":"https://cdn.dummyjson.com/product-images/furniture/bedside-table-african-cherry/thumbnail.webp"},{"id":14,"title":"Knoll Saarinen Executive Conference Chair","description":"The Knoll Saarinen Executive Conference Chair is a modern and ergonomic chair, perfect for your office or conference room with its timeless design.","category":"furniture","price":499.99,"discountPercentage":2.01,"rating":4.88,"stock":26,"tags":["furniture","office chairs"],"brand":"Knoll","sku":"FUR-KNO-KNO-014","weight":10,"dimensions":{"width":13.81,"height":7.5,"depth":5.62},"warrantyInformation":"2 year warranty","shippingInformation":"Ships overnight","availabilityStatus":"In Stock","reviews":[{"rating":2,"comment":"Waste of money!","date":"2025-04-30T09:41:02.053Z","reviewerName":"Ella Cook","reviewerEmail":"ella.cook@x.dummyjson.com"},{"rating":2,"comment":"Very dissatisfied!","date":"2025-04-30T09:41:02.053Z","reviewerName":"Clara Berry","reviewerEmail":"clara.berry@x.dummyjson.com"},{"rating":5,"comment":"Would buy again!","date":"2025-04-30T09:41:02.053Z","reviewerName":"Elena Long","reviewerEmail":"elena.long@x.dummyjson.com"}],"returnPolicy":"60 days return policy","minimumOrderQuantity":5,"meta":{"createdAt":"2025-04-30T09:41:02.053Z","updatedAt":"2025-04-30T09:41:02.053Z","barcode":"8919386859966","qrCode":"https://cdn.dummyjson.com/public/qr-code.png"},"images":["https://cdn.dummyjson.com/product-images/furniture/knoll-saarinen-executive-conference-chair/1.webp","https://cdn.dummyjson.com/product-images/furniture/knoll-saarinen-executive-conference-chair/2.webp","https://cdn.dummyjson.com/product-images/furniture/knoll-saarinen-executive-conference-chair/3.webp"],"thumbnail":"https://cdn.dummyjson.com/product-images/furniture/knoll-saarinen-executive-conference-chair/thumbnail.webp"},{"id":15,"title":"Wooden Bathroom Sink With Mirror","description":"The Wooden Bathroom Sink with Mirror is a unique and stylish addition to your bathroom, featuring a wooden sink countertop and a matching mirror.","category":"furniture","price":799.99,"discountPercentage":8.8,"rating":3.59,"stock":7,"tags":["furniture","bathroom"],"brand":"Bath Trends","sku":"FUR-BAT-WOO-015","weight":10,"dimensions":{"width":7.98,"height":8.88,"depth":28.46},"warrantyInformation":"3 year warranty","shippingInformation":"Ships in 3-5 business days","availabilityStatus":"Low Stock","reviews":[{"rating":4,"comment":"Fast shipping!","date":"2025-04-30T09:41:02.053Z","reviewerName":"Logan Torres","reviewerEmail":"logan.torres@x.dummyjson.com"},{"rating":5,"comment":"Very pleased!","date":"2025-04-30T09:41:02.053Z","reviewerName":"Aria Parker","reviewerEmail":"aria.parker@x.dummyjson.com"},{"rating":3,"comment":"Poor quality!","date":"2025-04-30T09:41:02.053Z","reviewerName":"Dylan Wells","reviewerEmail":"dylan.wells@x.dummyjson.com"}],"returnPolicy":"60 days return policy","minimumOrderQuantity":2,"meta":{"createdAt":"2025-04-30T09:41:02.053Z","updatedAt":"2025-04-30T09:41:02.053Z","barcode":"1958104402873","qrCode":"https://cdn.dummyjson.com/public/qr-code.png"},"images":["https://cdn.dummyjson.com/product-images/furniture/wooden-bathroom-sink-with-mirror/1.webp","https://cdn.dummyjson.com/product-images/furniture/wooden-bathroom-sink-with-mirror/2.webp","https://cdn.dummyjson.com/product-images/furniture/wooden-bathroom-sink-with-mirror/3.webp"],"thumbnail":"https://cdn.dummyjson.com/product-images/furniture/wooden-bathroom-sink-with-mirror/thumbnail.webp"},{"id":16,"title":"Apple","description":"Fresh and crisp apples, perfect for snacking or incorporating into various recipes.","category":"groceries","price":1.99,"discountPercentage":12.62,"rating":4.19,"stock":8,"tags":["fruits"],"sku":"GRO-BRD-APP-016","weight":9,"dimensions":{"width":13.66,"height":11.01,"depth":9.73},"warrantyInformation":"3 year warranty","shippingInformation":"Ships in 2 weeks","availabilityStatus":"In Stock","reviews":[{"rating":5,"comment":"Very satisfied!","date":"2025-04-30T09:41:02.053Z","reviewerName":"Sophia Brown","reviewerEmail":"sophia.brown@x.dummyjson.com"},{"rating":1,"comment":"Very dissatisfied!","date":"2025-04-30T09:41:02.053Z","reviewerName":"Scarlett Bowman","reviewerEmail":"scarlett.bowman@x.dummyjson.com"},{"rating":3,"comment":"Very unhappy with my purchase!","date":"2025-04-30T09:41:02.053Z","reviewerName":"William Gonzalez","reviewerEmail":"william.gonzalez@x.dummyjson.com"}],"returnPolicy":"90 days return policy","minimumOrderQuantity":7,"meta":{"createdAt":"2025-04-30T09:41:02.053Z","updatedAt":"2025-04-30T09:41:02.053Z","barcode":"7962803553314","qrCode":"https://cdn.dummyjson.com/public/qr-code.png"},"images":["https://cdn.dummyjson.com/product-images/groceries/apple/1.webp"],"thumbnail":"https://cdn.dummyjson.com/product-images/groceries/apple/thumbnail.webp"},{"id":17,"title":"Beef Steak","description":"High-quality beef steak, great for grilling or cooking to your preferred level of doneness.","category":"groceries","price":12.99,"discountPercentage":9.61,"rating":4.47,"stock":86,"tags":["meat"],"sku":"GRO-BRD-BEE-017","weight":10,"dimensions":{"width":18.9,"height":5.77,"depth":18.57},"warrantyInformation":"3 year warranty","shippingInformation":"Ships overnight","availabilityStatus":"In Stock","reviews":[{"rating":3,"comment":"Would not recommend!","date":"2025-04-30T09:41:02.053Z","reviewerName":"Eleanor Tyler","reviewerEmail":"eleanor.tyler@x.dummyjson.com"},{"rating":4,"comment":"Fast shipping!","date":"2025-04-30T09:41:02.053Z","reviewerName":"Alexander Jones","reviewerEmail":"alexander.jones@x.dummyjson.com"},{"rating":5,"comment":"Great value for money!","date":"2025-04-30T09:41:02.053Z","reviewerName":"Natalie Harris","reviewerEmail":"natalie.harris@x.dummyjson.com"}],"returnPolicy":"60 days return policy","minimumOrderQuantity":43,"meta":{"createdAt":"2025-04-30T09:41:02.053Z","updatedAt":"2025-04-30T09:41:02.053Z","barcode":"5640063409695","qrCode":"https://cdn.dummyjson.com/public/qr-code.png"},"images":["https://cdn.dummyjson.com/product-images/groceries/beef-steak/1.webp"],"thumbnail":"https://cdn.dummyjson.com/product-images/groceries/beef-steak/thumbnail.webp"},{"id":18,"title":"Cat Food","description":"Nutritious cat food formulated to meet the dietary needs of your feline friend.","category":"groceries","price":8.99,"discountPercentage":9.58,"rating":3.13,"stock":46,"tags":["pet supplies","cat food"],"sku":"GRO-BRD-FOO-018","weight":10,"dimensions":{"width":18.08,"height":9.26,"depth":21.86},"warrantyInformation":"1 year warranty","shippingInformation":"Ships overnight","availabilityStatus":"In Stock","reviews":[{"rating":3,"comment":"Would not recommend!","date":"2025-04-30T09:41:02.053Z","reviewerName":"Noah Lewis","reviewerEmail":"noah.lewis@x.dummyjson.com"},{"rating":3,"comment":"Very unhappy with my purchase!","date":"2025-04-30T09:41:02.053Z","reviewerName":"Ruby Andrews","reviewerEmail":"ruby.andrews@x.dummyjson.com"},{"rating":2,"comment":"Very disappointed!","date":"2025-04-30T09:41:02.053Z","reviewerName":"Ethan Thompson","reviewerEmail":"ethan.thompson@x.dummyjson.com"}],"returnPolicy":"No return policy","minimumOrderQuantity":18,"meta":{"createdAt":"2025-04-30T09:41:02.053Z","updatedAt":"2025-04-30T09:41:02.053Z","barcode":"1483991328610","qrCode":"https://cdn.dummyjson.com/public/qr-code.png"},"images":["https://cdn.dummyjson.com/product-images/groceries/cat-food/1.webp"],"thumbnail":"https://cdn.dummyjson.com/product-images/groceries/cat-food/thumbnail.webp"},{"id":19,"title":"Chicken Meat","description":"Fresh and tender chicken meat, suitable for various culinary preparations.","category":"groceries","price":9.99,"discountPercentage":13.7,"rating":3.19,"stock":97,"tags":["meat"],"sku":"GRO-BRD-CHI-019","weight":1,"dimensions":{"width":11.03,"height":22.11,"depth":16.01},"warrantyInformation":"1 year warranty","shippingInformation":"Ships in 1 month","availabilityStatus":"In Stock","reviews":[{"rating":5,"comment":"Great product!","date":"2025-04-30T09:41:02.053Z","reviewerName":"Mateo Bennett","reviewerEmail":"mateo.bennett@x.dummyjson.com"},{"rating":4,"comment":"Highly recommended!","date":"2025-04-30T09:41:02.053Z","reviewerName":"Jackson Evans","reviewerEmail":"jackson.evans@x.dummyjson.com"},{"rating":3,"comment":"Not worth the price!","date":"2025-04-30T09:41:02.053Z","reviewerName":"Sadie Morales","reviewerEmail":"sadie.morales@x.dummyjson.com"}],"returnPolicy":"7 days return policy","minimumOrderQuantity":22,"meta":{"createdAt":"2025-04-30T09:41:02.053Z","updatedAt":"2025-04-30T09:41:02.053Z","barcode":"8829514594521","qrCode":"https://cdn.dummyjson.com/public/qr-code.png"},"images":["https://cdn.dummyjson.com/product-images/groceries/chicken-meat/1.webp","https://cdn.dummyjson.com/product-images/groceries/chicken-meat/2.webp"],"thumbnail":"https://cdn.dummyjson.com/product-images/groceries/chicken-meat/thumbnail.webp"},{"id":20,"title":"Cooking Oil","description":"Versatile cooking oil suitable for frying, sautéing, and various culinary applications.","category":"groceries","price":4.99,"discountPercentage":9.33,"rating":4.8,"stock":10,"tags":["cooking essentials"],"sku":"GRO-BRD-COO-020","weight":5,"dimensions":{"width":19.95,"height":27.54,"depth":24.86},"warrantyInformation":"Lifetime warranty","shippingInformation":"Ships in 1-2 business days","availabilityStatus":"In Stock","reviews":[{"rating":5,"comment":"Very happy with my purchase!","date":"2025-04-30T09:41:02.053Z","reviewerName":"Victoria McDonald","reviewerEmail":"victoria.mcdonald@x.dummyjson.com"},{"rating":2,"comment":"Would not recommend!","date":"2025-04-30T09:41:02.053Z","reviewerName":"Hazel Evans","reviewerEmail":"hazel.evans@x.dummyjson.com"},{"rating":5,"comment":"Would buy again!","date":"2025-04-30T09:41:02.053Z","reviewerName":"Zoe Bennett","reviewerEmail":"zoe.bennett@x.dummyjson.com"}],"returnPolicy":"30 days return policy","minimumOrderQuantity":46,"meta":{"createdAt":"2025-04-30T09:41:02.053Z","updatedAt":"2025-04-30T09:41:02.053Z","barcode":"4874727824518","qrCode":"https://cdn.dummyjson.com/public/qr-code.png"},"images":["https://cdn.dummyjson.com/product-images/groceries/cooking-oil/1.webp"],"thumbnail":"https://cdn.dummyjson.com/product-images/groceries/cooking-oil/thumbnail.webp"},{"id":21,"title":"Cucumber","description":"Crisp and hydrating cucumbers, ideal for salads, snacks, or as a refreshing side.","category":"groceries","price":1.49,"discountPercentage":0.16,"rating":4.07,"stock":84,"tags":["vegetables"],"sku":"GRO-BRD-CUC-021","weight":4,"dimensions":{"width":12.8,"height":28.38,"depth":21.34},"warrantyInformation":"2 year warranty","shippingInformation":"Ships in 1-2 business days","availabilityStatus":"In Stock","reviews":[{"rating":4,"comment":"Great product!","date":"2025-04-30T09:41:02.053Z","reviewerName":"Lincoln Kelly","reviewerEmail":"lincoln.kelly@x.dummyjson.com"},{"rating":4,"comment":"Great value for money!","date":"2025-04-30T09:41:02.053Z","reviewerName":"Savannah Gomez","reviewerEmail":"savannah.gomez@x.dummyjson.com"},{"rating":2,"comment":"Poor quality!","date":"2025-04-30T09:41:02.053Z","reviewerName":"James Davis","reviewerEmail":"james.davis@x.dummyjson.com"}],"returnPolicy":"7 days return policy","minimumOrderQuantity":2,"meta":{"createdAt":"2025-04-30T09:41:02.053Z","updatedAt":"2025-04-30T09:41:02.053Z","barcode":"5300066378225","qrCode":"https://cdn.dummyjson.com/public/qr-code.png"},"images":["https://cdn.dummyjson.com/product-images/groceries/cucumber/1.webp"],"thumbnail":"https://cdn.dummyjson.com/product-images/groceries/cucumber/thumbnail.webp"},{"id":22,"title":"Dog Food","description":"Specially formulated dog food designed to provide essential nutrients for your canine companion.","category":"groceries","price":10.99,"discountPercentage":10.27,"rating":4.55,"stock":71,"tags":["pet supplies","dog food"],"sku":"GRO-BRD-FOO-022","weight":10,"dimensions":{"width":16.93,"height":27.15,"depth":9.29},"warrantyInformation":"No warranty","shippingInformation":"Ships in 1-2 business days","availabilityStatus":"In Stock","reviews":[{"rating":5,"comment":"Excellent quality!","date":"2025-04-30T09:41:02.053Z","reviewerName":"Nicholas Edwards","reviewerEmail":"nicholas.edwards@x.dummyjson.com"},{"rating":5,"comment":"Awesome product!","date":"2025-04-30T09:41:02.053Z","reviewerName":"Zachary Lee","reviewerEmail":"zachary.lee@x.dummyjson.com"},{"rating":4,"comment":"Great product!","date":"2025-04-30T09:41:02.053Z","reviewerName":"Nova Cooper","reviewerEmail":"nova.cooper@x.dummyjson.com"}],"returnPolicy":"60 days return policy","minimumOrderQuantity":43,"meta":{"createdAt":"2025-04-30T09:41:02.053Z","updatedAt":"2025-04-30T09:41:02.053Z","barcode":"5906686116469","qrCode":"https://cdn.dummyjson.com/public/qr-code.png"},"images":["https://cdn.dummyjson.com/product-images/groceries/dog-food/1.webp"],"thumbnail":"https://cdn.dummyjson.com/product-images/groceries/dog-food/thumbnail.webp"},{"id":23,"title":"Eggs","description":"Fresh eggs, a versatile ingredient for baking, cooking, or breakfast.","category":"groceries","price":2.99,"discountPercentage":11.05,"rating":2.53,"stock":9,"tags":["dairy"],"sku":"GRO-BRD-EGG-023","weight":2,"dimensions":{"width":11.42,"height":7.44,"depth":16.95},"warrantyInformation":"1 week warranty","shippingInformation":"Ships in 1 week","availabilityStatus":"In Stock","reviews":[{"rating":3,"comment":"Disappointing product!","date":"2025-04-30T09:41:02.053Z","reviewerName":"Penelope King","reviewerEmail":"penelope.king@x.dummyjson.com"},{"rating":3,"comment":"Poor quality!","date":"2025-04-30T09:41:02.053Z","reviewerName":"Eleanor Tyler","reviewerEmail":"eleanor.tyler@x.dummyjson.com"},{"rating":4,"comment":"Very pleased!","date":"2025-04-30T09:41:02.053Z","reviewerName":"Benjamin Foster","reviewerEmail":"benjamin.foster@x.dummyjson.com"}],"returnPolicy":"No return policy","minimumOrderQuantity":32,"meta":{"createdAt":"2025-04-30T09:41:02.053Z","updatedAt":"2025-04-30T09:41:02.053Z","barcode":"3478638588469","qrCode":"https://cdn.dummyjson.com/public/qr-code.png"},"images":["https://cdn.dummyjson.com/product-images/groceries/eggs/1.webp"],"thumbnail":"https://cdn.dummyjson.com/product-images/groceries/eggs/thumbnail.webp"},{"id":24,"title":"Fish Steak","description":"Quality fish steak, suitable for grilling, baking, or pan-searing.","category":"groceries","price":14.99,"discountPercentage":4.23,"rating":3.78,"stock":74,"tags":["seafood"],"sku":"GRO-BRD-FIS-024","weight":6,"dimensions":{"width":14.95,"height":26.31,"depth":11.27},"warrantyInformation":"1 month warranty","shippingInformation":"Ships in 3-5 business days","availabilityStatus":"In Stock","reviews":[{"rating":2,"comment":"Would not buy again!","date":"2025-04-30T09:41:02.053Z","reviewerName":"Caleb Perkins","reviewerEmail":"caleb.perkins@x.dummyjson.com"},{"rating":5,"comment":"Excellent quality!","date":"2025-04-30T09:41:02.053Z","reviewerName":"Isabella Jackson","reviewerEmail":"isabella.jackson@x.dummyjson.com"},{"rating":4,"comment":"Great value for money!","date":"2025-04-30T09:41:02.053Z","reviewerName":"Nathan Dixon","reviewerEmail":"nathan.dixon@x.dummyjson.com"}],"returnPolicy":"60 days return policy","minimumOrderQuantity":50,"meta":{"createdAt":"2025-04-30T09:41:02.053Z","updatedAt":"2025-04-30T09:41:02.053Z","barcode":"9595036192098","qrCode":"https://cdn.dummyjson.com/public/qr-code.png"},"images":["https://cdn.dummyjson.com/product-images/groceries/fish-steak/1.webp"],"thumbnail":"https://cdn.dummyjson.com/product-images/groceries/fish-steak/thumbnail.webp"},{"id":25,"title":"Green Bell Pepper","description":"Fresh and vibrant green bell pepper, perfect for adding color and flavor to your dishes.","category":"groceries","price":1.29,"discountPercentage":0.16,"rating":3.25,"stock":33,"tags":["vegetables"],"sku":"GRO-BRD-GRE-025","weight":2,"dimensions":{"width":15.33,"height":26.65,"depth":14.44},"warrantyInformation":"1 month warranty","shippingInformation":"Ships in 1 week","availabilityStatus":"In Stock","reviews":[{"rating":4,"comment":"Highly recommended!","date":"2025-04-30T09:41:02.053Z","reviewerName":"Avery Carter","reviewerEmail":"avery.carter@x.dummyjson.com"},{"rating":3,"comment":"Would not recommend!","date":"2025-04-30T09:41:02.053Z","reviewerName":"Henry Hill","reviewerEmail":"henry.hill@x.dummyjson.com"},{"rating":5,"comment":"Excellent quality!","date":"2025-04-30T09:41:02.053Z","reviewerName":"Addison Wright","reviewerEmail":"addison.wright@x.dummyjson.com"}],"returnPolicy":"30 days return policy","minimumOrderQuantity":12,"meta":{"createdAt":"2025-04-30T09:41:02.053Z","updatedAt":"2025-04-30T09:41:02.053Z","barcode":"2365227493323","qrCode":"https://cdn.dummyjson.com/public/qr-code.png"},"images":["https://cdn.dummyjson.com/product-images/groceries/green-bell-pepper/1.webp"],"thumbnail":"https://cdn.dummyjson.com/product-images/groceries/green-bell-pepper/thumbnail.webp"},{"id":26,"title":"Green Chili Pepper","description":"Spicy green chili pepper, ideal for adding heat to your favorite recipes.","category":"groceries","price":0.99,"discountPercentage":1,"rating":3.66,"stock":3,"tags":["vegetables"],"sku":"GRO-BRD-GRE-026","weight":7,"dimensions":{"width":15.38,"height":18.12,"depth":19.92},"warrantyInformation":"2 year warranty","shippingInformation":"Ships in 1 week","availabilityStatus":"Low Stock","reviews":[{"rating":4,"comment":"Great product!","date":"2025-04-30T09:41:02.053Z","reviewerName":"Luna Russell","reviewerEmail":"luna.russell@x.dummyjson.com"},{"rating":1,"comment":"Waste of money!","date":"2025-04-30T09:41:02.053Z","reviewerName":"Noah Lewis","reviewerEmail":"noah.lewis@x.dummyjson.com"},{"rating":3,"comment":"Very disappointed!","date":"2025-04-30T09:41:02.053Z","reviewerName":"Clara Berry","reviewerEmail":"clara.berry@x.dummyjson.com"}],"returnPolicy":"30 days return policy","minimumOrderQuantity":39,"meta":{"createdAt":"2025-04-30T09:41:02.053Z","updatedAt":"2025-04-30T09:41:02.053Z","barcode":"9335000538563","qrCode":"https://cdn.dummyjson.com/public/qr-code.png"},"images":["https://cdn.dummyjson.com/product-images/groceries/green-chili-pepper/1.webp"],"thumbnail":"https://cdn.dummyjson.com/product-images/groceries/green-chili-pepper/thumbnail.webp"},{"id":27,"title":"Honey Jar","description":"Pure and natural honey in a convenient jar, perfect for sweetening beverages or drizzling over food.","category":"groceries","price":6.99,"discountPercentage":14.4,"rating":3.97,"stock":34,"tags":["condiments"],"sku":"GRO-BRD-HON-027","weight":2,"dimensions":{"width":9.28,"height":21.72,"depth":17.74},"warrantyInformation":"1 month warranty","shippingInformation":"Ships in 1-2 business days","availabilityStatus":"In Stock","reviews":[{"rating":1,"comment":"Very disappointed!","date":"2025-04-30T09:41:02.053Z","reviewerName":"Autumn Gomez","reviewerEmail":"autumn.gomez@x.dummyjson.com"},{"rating":4,"comment":"Highly impressed!","date":"2025-04-30T09:41:02.053Z","reviewerName":"Benjamin Wilson","reviewerEmail":"benjamin.wilson@x.dummyjson.com"},{"rating":2,"comment":"Very disappointed!","date":"2025-04-30T09:41:02.053Z","reviewerName":"Nicholas Edwards","reviewerEmail":"nicholas.edwards@x.dummyjson.com"}],"returnPolicy":"90 days return policy","minimumOrderQuantity":47,"meta":{"createdAt":"2025-04-30T09:41:02.053Z","updatedAt":"2025-04-30T09:41:02.053Z","barcode":"6354306346329","qrCode":"https://cdn.dummyjson.com/public/qr-code.png"},"images":["https://cdn.dummyjson.com/product-images/groceries/honey-jar/1.webp"],"thumbnail":"https://cdn.dummyjson.com/product-images/groceries/honey-jar/thumbnail.webp"},{"id":28,"title":"Ice Cream","description":"Creamy and delicious ice cream, available in various flavors for a delightful treat.","category":"groceries","price":5.49,"discountPercentage":8.69,"rating":3.39,"stock":27,"tags":["desserts"],"sku":"GRO-BRD-CRE-028","weight":1,"dimensions":{"width":14.83,"height":15.07,"depth":24.2},"warrantyInformation":"1 month warranty","shippingInformation":"Ships in 2 weeks","availabilityStatus":"In Stock","reviews":[{"rating":5,"comment":"Very pleased!","date":"2025-04-30T09:41:02.053Z","reviewerName":"Elijah Cruz","reviewerEmail":"elijah.cruz@x.dummyjson.com"},{"rating":4,"comment":"Excellent quality!","date":"2025-04-30T09:41:02.053Z","reviewerName":"Jace Smith","reviewerEmail":"jace.smith@x.dummyjson.com"},{"rating":5,"comment":"Highly impressed!","date":"2025-04-30T09:41:02.053Z","reviewerName":"Sadie Morales","reviewerEmail":"sadie.morales@x.dummyjson.com"}],"returnPolicy":"No return policy","minimumOrderQuantity":42,"meta":{"createdAt":"2025-04-30T09:41:02.053Z","updatedAt":"2025-04-30T09:41:02.053Z","barcode":"0788954559076","qrCode":"https://cdn.dummyjson.com/public/qr-code.png"},"images":["https://cdn.dummyjson.com/product-images/groceries/ice-cream/1.webp","https://cdn.dummyjson.com/product-images/groceries/ice-cream/2.webp","https://cdn.dummyjson.com/product-images/groceries/ice-cream/3.webp","https://cdn.dummyjson.com/product-images/groceries/ice-cream/4.webp"],"thumbnail":"https://cdn.dummyjson.com/product-images/groceries/ice-cream/thumbnail.webp"},{"id":29,"title":"Juice","description":"Refreshing fruit juice, packed with vitamins and great for staying hydrated.","category":"groceries","price":3.99,"discountPercentage":12.06,"rating":3.94,"stock":50,"tags":["beverages"],"sku":"GRO-BRD-JUI-029","weight":1,"dimensions":{"width":18.56,"height":21.46,"depth":28.02},"warrantyInformation":"6 months warranty","shippingInformation":"Ships in 1 week","availabilityStatus":"In Stock","reviews":[{"rating":5,"comment":"Excellent quality!","date":"2025-04-30T09:41:02.053Z","reviewerName":"Nolan Gonzalez","reviewerEmail":"nolan.gonzalez@x.dummyjson.com"},{"rating":4,"comment":"Would buy again!","date":"2025-04-30T09:41:02.053Z","reviewerName":"Bella Grant","reviewerEmail":"bella.grant@x.dummyjson.com"},{"rating":5,"comment":"Awesome product!","date":"2025-04-30T09:41:02.053Z","reviewerName":"Aria Flores","reviewerEmail":"aria.flores@x.dummyjson.com"}],"returnPolicy":"No return policy","minimumOrderQuantity":25,"meta":{"createdAt":"2025-04-30T09:41:02.053Z","updatedAt":"2025-04-30T09:41:02.053Z","barcode":"6936112580956","qrCode":"https://cdn.dummyjson.com/public/qr-code.png"},"images":["https://cdn.dummyjson.com/product-images/groceries/juice/1.webp"],"thumbnail":"https://cdn.dummyjson.com/product-images/groceries/juice/thumbnail.webp"},{"id":30,"title":"Kiwi","description":"Nutrient-rich kiwi, perfect for snacking or adding a tropical twist to your dishes.","category":"groceries","price":2.49,"discountPercentage":15.22,"rating":4.93,"stock":99,"tags":["fruits"],"sku":"GRO-BRD-KIW-030","weight":5,"dimensions":{"width":19.4,"height":18.67,"depth":17.13},"warrantyInformation":"6 months warranty","shippingInformation":"Ships overnight","availabilityStatus":"In Stock","reviews":[{"rating":4,"comment":"Highly recommended!","date":"2025-04-30T09:41:02.053Z","reviewerName":"Emily Brown","reviewerEmail":"emily.brown@x.dummyjson.com"},{"rating":2,"comment":"Would not buy again!","date":"2025-04-30T09:41:02.053Z","reviewerName":"Jackson Morales","reviewerEmail":"jackson.morales@x.dummyjson.com"},{"rating":4,"comment":"Fast shipping!","date":"2025-04-30T09:41:02.053Z","reviewerName":"Nora Russell","reviewerEmail":"nora.russell@x.dummyjson.com"}],"returnPolicy":"7 days return policy","minimumOrderQuantity":30,"meta":{"createdAt":"2025-04-30T09:41:02.053Z","updatedAt":"2025-04-30T09:41:02.053Z","barcode":"2530169917252","qrCode":"https://cdn.dummyjson.com/public/qr-code.png"},"images":["https://cdn.dummyjson.com/product-images/groceries/kiwi/1.webp"],"thumbnail":"https://cdn.dummyjson.com/product-images/groceries/kiwi/thumbnail.webp"}],"total":194,"skip":0,"limit":30}

18:09:10.871 [main] DEBUG com.jayway.jsonpath.internal.path.CompiledPath -- Evaluating path: $['products']
18:09:10.884 [main] DEBUG com.jayway.jsonpath.internal.path.CompiledPath -- Evaluating path: $['total']
18:09:10.909 [main] DEBUG com.jayway.jsonpath.internal.path.CompiledPath -- Evaluating path: $['products'][0]['id']
18:09:10.976 [main] INFO com.intuit.karate -- [print] {
  "products": [
    {
      "id": 1,
      "title": "Essence Mascara Lash Princess",
      "description": "The Essence Mascara Lash Princess is a popular mascara known for its volumizing and lengthening effects. Achieve dramatic lashes with this long-lasting and cruelty-free formula.",
      "category": "beauty",
      "price": 9.99,
      "discountPercentage": 10.48,
      "rating": 2.56,
      "stock": 99,
      "tags": [
        "beauty",
        "mascara"
      ],
      "brand": "Essence",
      "sku": "BEA-ESS-ESS-001",
      "weight": 4,
      "dimensions": {
        "width": 15.14,
        "height": 13.08,
        "depth": 22.99
      },
      "warrantyInformation": "1 week warranty",
      "shippingInformation": "Ships in 3-5 business days",
      "availabilityStatus": "In Stock",
      "reviews": [
        {
          "rating": 3,
          "comment": "Would not recommend!",
          "date": "2025-04-30T09:41:02.053Z",
          "reviewerName": "Eleanor Collins",
          "reviewerEmail": "eleanor.collins@x.dummyjson.com"
        },
        {
          "rating": 4,
          "comment": "Very satisfied!",
          "date": "2025-04-30T09:41:02.053Z",
          "reviewerName": "Lucas Gordon",
          "reviewerEmail": "lucas.gordon@x.dummyjson.com"
        },
        {
          "rating": 5,
          "comment": "Highly impressed!",
          "date": "2025-04-30T09:41:02.053Z",
          "reviewerName": "Eleanor Collins",
          "reviewerEmail": "eleanor.collins@x.dummyjson.com"
        }
      ],
      "returnPolicy": "No return policy",
      "minimumOrderQuantity": 48,
      "meta": {
        "createdAt": "2025-04-30T09:41:02.053Z",
        "updatedAt": "2025-04-30T09:41:02.053Z",
        "barcode": "5784719087687",
        "qrCode": "https://cdn.dummyjson.com/public/qr-code.png"
      },
      "images": [
        "https://cdn.dummyjson.com/product-images/beauty/essence-mascara-lash-princess/1.webp"
      ],
      "thumbnail": "https://cdn.dummyjson.com/product-images/beauty/essence-mascara-lash-princess/thumbnail.webp"
    },
    {
      "id": 2,
      "title": "Eyeshadow Palette with Mirror",
      "description": "The Eyeshadow Palette with Mirror offers a versatile range of eyeshadow shades for creating stunning eye looks. With a built-in mirror, it's convenient for on-the-go makeup application.",
      "category": "beauty",
      "price": 19.99,
      "discountPercentage": 18.19,
      "rating": 2.86,
      "stock": 34,
      "tags": [
        "beauty",
        "eyeshadow"
      ],
      "brand": "Glamour Beauty",
      "sku": "BEA-GLA-EYE-002",
      "weight": 9,
      "dimensions": {
        "width": 9.26,
        "height": 22.47,
        "depth": 27.67
      },
      "warrantyInformation": "1 year warranty",
      "shippingInformation": "Ships in 2 weeks",
      "availabilityStatus": "In Stock",
      "reviews": [
        {
          "rating": 5,
          "comment": "Great product!",
          "date": "2025-04-30T09:41:02.053Z",
          "reviewerName": "Savannah Gomez",
          "reviewerEmail": "savannah.gomez@x.dummyjson.com"
        },
        {
          "rating": 4,
          "comment": "Awesome product!",
          "date": "2025-04-30T09:41:02.053Z",
          "reviewerName": "Christian Perez",
          "reviewerEmail": "christian.perez@x.dummyjson.com"
        },
        {
          "rating": 1,
          "comment": "Poor quality!",
          "date": "2025-04-30T09:41:02.053Z",
          "reviewerName": "Nicholas Bailey",
          "reviewerEmail": "nicholas.bailey@x.dummyjson.com"
        }
      ],
      "returnPolicy": "7 days return policy",
      "minimumOrderQuantity": 20,
      "meta": {
        "createdAt": "2025-04-30T09:41:02.053Z",
        "updatedAt": "2025-04-30T09:41:02.053Z",
        "barcode": "9170275171413",
        "qrCode": "https://cdn.dummyjson.com/public/qr-code.png"
      },
      "images": [
        "https://cdn.dummyjson.com/product-images/beauty/eyeshadow-palette-with-mirror/1.webp"
      ],
      "thumbnail": "https://cdn.dummyjson.com/product-images/beauty/eyeshadow-palette-with-mirror/thumbnail.webp"
    },
    {
      "id": 3,
      "title": "Powder Canister",
      "description": "The Powder Canister is a finely milled setting powder designed to set makeup and control shine. With a lightweight and translucent formula, it provides a smooth and matte finish.",
      "category": "beauty",
      "price": 14.99,
      "discountPercentage": 9.84,
      "rating": 4.64,
      "stock": 89,
      "tags": [
        "beauty",
        "face powder"
      ],
      "brand": "Velvet Touch",
      "sku": "BEA-VEL-POW-003",
      "weight": 8,
      "dimensions": {
        "width": 29.27,
        "height": 27.93,
        "depth": 20.59
      },
      "warrantyInformation": "3 months warranty",
      "shippingInformation": "Ships in 1-2 business days",
      "availabilityStatus": "In Stock",
      "reviews": [
        {
          "rating": 4,
          "comment": "Would buy again!",
          "date": "2025-04-30T09:41:02.053Z",
          "reviewerName": "Alexander Jones",
          "reviewerEmail": "alexander.jones@x.dummyjson.com"
        },
        {
          "rating": 5,
          "comment": "Highly impressed!",
          "date": "2025-04-30T09:41:02.053Z",
          "reviewerName": "Elijah Cruz",
          "reviewerEmail": "elijah.cruz@x.dummyjson.com"
        },
        {
          "rating": 1,
          "comment": "Very dissatisfied!",
          "date": "2025-04-30T09:41:02.053Z",
          "reviewerName": "Avery Perez",
          "reviewerEmail": "avery.perez@x.dummyjson.com"
        }
      ],
      "returnPolicy": "No return policy",
      "minimumOrderQuantity": 22,
      "meta": {
        "createdAt": "2025-04-30T09:41:02.053Z",
        "updatedAt": "2025-04-30T09:41:02.053Z",
        "barcode": "8418883906837",
        "qrCode": "https://cdn.dummyjson.com/public/qr-code.png"
      },
      "images": [
        "https://cdn.dummyjson.com/product-images/beauty/powder-canister/1.webp"
      ],
      "thumbnail": "https://cdn.dummyjson.com/product-images/beauty/powder-canister/thumbnail.webp"
    },
    {
      "id": 4,
      "title": "Red Lipstick",
      "description": "The Red Lipstick is a classic and bold choice for adding a pop of color to your lips. With a creamy and pigmented formula, it provides a vibrant and long-lasting finish.",
      "category": "beauty",
      "price": 12.99,
      "discountPercentage": 12.16,
      "rating": 4.36,
      "stock": 91,
      "tags": [
        "beauty",
        "lipstick"
      ],
      "brand": "Chic Cosmetics",
      "sku": "BEA-CHI-LIP-004",
      "weight": 1,
      "dimensions": {
        "width": 18.11,
        "height": 28.38,
        "depth": 22.17
      },
      "warrantyInformation": "3 year warranty",
      "shippingInformation": "Ships in 1 week",
      "availabilityStatus": "In Stock",
      "reviews": [
        {
          "rating": 4,
          "comment": "Great product!",
          "date": "2025-04-30T09:41:02.053Z",
          "reviewerName": "Liam Garcia",
          "reviewerEmail": "liam.garcia@x.dummyjson.com"
        },
        {
          "rating": 5,
          "comment": "Great product!",
          "date": "2025-04-30T09:41:02.053Z",
          "reviewerName": "Ruby Andrews",
          "reviewerEmail": "ruby.andrews@x.dummyjson.com"
        },
        {
          "rating": 5,
          "comment": "Would buy again!",
          "date": "2025-04-30T09:41:02.053Z",
          "reviewerName": "Clara Berry",
          "reviewerEmail": "clara.berry@x.dummyjson.com"
        }
      ],
      "returnPolicy": "7 days return policy",
      "minimumOrderQuantity": 40,
      "meta": {
        "createdAt": "2025-04-30T09:41:02.053Z",
        "updatedAt": "2025-04-30T09:41:02.053Z",
        "barcode": "9467746727219",
        "qrCode": "https://cdn.dummyjson.com/public/qr-code.png"
      },
      "images": [
        "https://cdn.dummyjson.com/product-images/beauty/red-lipstick/1.webp"
      ],
      "thumbnail": "https://cdn.dummyjson.com/product-images/beauty/red-lipstick/thumbnail.webp"
    },
    {
      "id": 5,
      "title": "Red Nail Polish",
      "description": "The Red Nail Polish offers a rich and glossy red hue for vibrant and polished nails. With a quick-drying formula, it provides a salon-quality finish at home.",
      "category": "beauty",
      "price": 8.99,
      "discountPercentage": 11.44,
      "rating": 4.32,
      "stock": 79,
      "tags": [
        "beauty",
        "nail polish"
      ],
      "brand": "Nail Couture",
      "sku": "BEA-NAI-NAI-005",
      "weight": 8,
      "dimensions": {
        "width": 21.63,
        "height": 16.48,
        "depth": 29.84
      },
      "warrantyInformation": "1 month warranty",
      "shippingInformation": "Ships overnight",
      "availabilityStatus": "In Stock",
      "reviews": [
        {
          "rating": 2,
          "comment": "Poor quality!",
          "date": "2025-04-30T09:41:02.053Z",
          "reviewerName": "Benjamin Wilson",
          "reviewerEmail": "benjamin.wilson@x.dummyjson.com"
        },
        {
          "rating": 5,
          "comment": "Great product!",
          "date": "2025-04-30T09:41:02.053Z",
          "reviewerName": "Liam Smith",
          "reviewerEmail": "liam.smith@x.dummyjson.com"
        },
        {
          "rating": 1,
          "comment": "Very unhappy with my purchase!",
          "date": "2025-04-30T09:41:02.053Z",
          "reviewerName": "Clara Berry",
          "reviewerEmail": "clara.berry@x.dummyjson.com"
        }
      ],
      "returnPolicy": "No return policy",
      "minimumOrderQuantity": 22,
      "meta": {
        "createdAt": "2025-04-30T09:41:02.053Z",
        "updatedAt": "2025-04-30T09:41:02.053Z",
        "barcode": "4063010628104",
        "qrCode": "https://cdn.dummyjson.com/public/qr-code.png"
      },
      "images": [
        "https://cdn.dummyjson.com/product-images/beauty/red-nail-polish/1.webp"
      ],
      "thumbnail": "https://cdn.dummyjson.com/product-images/beauty/red-nail-polish/thumbnail.webp"
    },
    {
      "id": 6,
      "title": "Calvin Klein CK One",
      "description": "CK One by Calvin Klein is a classic unisex fragrance, known for its fresh and clean scent. It's a versatile fragrance suitable for everyday wear.",
      "category": "fragrances",
      "price": 49.99,
      "discountPercentage": 1.89,
      "rating": 4.37,
      "stock": 29,
      "tags": [
        "fragrances",
        "perfumes"
      ],
      "brand": "Calvin Klein",
      "sku": "FRA-CAL-CAL-006",
      "weight": 7,
      "dimensions": {
        "width": 29.36,
        "height": 27.76,
        "depth": 20.72
      },
      "warrantyInformation": "1 week warranty",
      "shippingInformation": "Ships overnight",
      "availabilityStatus": "In Stock",
      "reviews": [
        {
          "rating": 2,
          "comment": "Very disappointed!",
          "date": "2025-04-30T09:41:02.053Z",
          "reviewerName": "Layla Young",
          "reviewerEmail": "layla.young@x.dummyjson.com"
        },
        {
          "rating": 4,
          "comment": "Fast shipping!",
          "date": "2025-04-30T09:41:02.053Z",
          "reviewerName": "Daniel Cook",
          "reviewerEmail": "daniel.cook@x.dummyjson.com"
        },
        {
          "rating": 3,
          "comment": "Not as described!",
          "date": "2025-04-30T09:41:02.053Z",
          "reviewerName": "Jacob Cooper",
          "reviewerEmail": "jacob.cooper@x.dummyjson.com"
        }
      ],
      "returnPolicy": "90 days return policy",
      "minimumOrderQuantity": 9,
      "meta": {
        "createdAt": "2025-04-30T09:41:02.053Z",
        "updatedAt": "2025-04-30T09:41:02.053Z",
        "barcode": "2451534060749",
        "qrCode": "https://cdn.dummyjson.com/public/qr-code.png"
      },
      "images": [
        "https://cdn.dummyjson.com/product-images/fragrances/calvin-klein-ck-one/1.webp",
        "https://cdn.dummyjson.com/product-images/fragrances/calvin-klein-ck-one/2.webp",
        "https://cdn.dummyjson.com/product-images/fragrances/calvin-klein-ck-one/3.webp"
      ],
      "thumbnail": "https://cdn.dummyjson.com/product-images/fragrances/calvin-klein-ck-one/thumbnail.webp"
    },
    {
      "id": 7,
      "title": "Chanel Coco Noir Eau De",
      "description": "Coco Noir by Chanel is an elegant and mysterious fragrance, featuring notes of grapefruit, rose, and sandalwood. Perfect for evening occasions.",
      "category": "fragrances",
      "price": 129.99,
      "discountPercentage": 16.51,
      "rating": 4.26,
      "stock": 58,
      "tags": [
        "fragrances",
        "perfumes"
      ],
      "brand": "Chanel",
      "sku": "FRA-CHA-CHA-007",
      "weight": 7,
      "dimensions": {
        "width": 24.5,
        "height": 25.7,
        "depth": 25.98
      },
      "warrantyInformation": "3 year warranty",
      "shippingInformation": "Ships overnight",
      "availabilityStatus": "In Stock",
      "reviews": [
        {
          "rating": 4,
          "comment": "Highly impressed!",
          "date": "2025-04-30T09:41:02.053Z",
          "reviewerName": "Ruby Andrews",
          "reviewerEmail": "ruby.andrews@x.dummyjson.com"
        },
        {
          "rating": 5,
          "comment": "Awesome product!",
          "date": "2025-04-30T09:41:02.053Z",
          "reviewerName": "Leah Henderson",
          "reviewerEmail": "leah.henderson@x.dummyjson.com"
        },
        {
          "rating": 5,
          "comment": "Very happy with my purchase!",
          "date": "2025-04-30T09:41:02.053Z",
          "reviewerName": "Xavier Wright",
          "reviewerEmail": "xavier.wright@x.dummyjson.com"
        }
      ],
      "returnPolicy": "No return policy",
      "minimumOrderQuantity": 1,
      "meta": {
        "createdAt": "2025-04-30T09:41:02.053Z",
        "updatedAt": "2025-04-30T09:41:02.053Z",
        "barcode": "4091737746820",
        "qrCode": "https://cdn.dummyjson.com/public/qr-code.png"
      },
      "images": [
        "https://cdn.dummyjson.com/product-images/fragrances/chanel-coco-noir-eau-de/1.webp",
        "https://cdn.dummyjson.com/product-images/fragrances/chanel-coco-noir-eau-de/2.webp",
        "https://cdn.dummyjson.com/product-images/fragrances/chanel-coco-noir-eau-de/3.webp"
      ],
      "thumbnail": "https://cdn.dummyjson.com/product-images/fragrances/chanel-coco-noir-eau-de/thumbnail.webp"
    },
    {
      "id": 8,
      "title": "Dior J'adore",
      "description": "J'adore by Dior is a luxurious and floral fragrance, known for its blend of ylang-ylang, rose, and jasmine. It embodies femininity and sophistication.",
      "category": "fragrances",
      "price": 89.99,
      "discountPercentage": 14.72,
      "rating": 3.8,
      "stock": 98,
      "tags": [
        "fragrances",
        "perfumes"
      ],
      "brand": "Dior",
      "sku": "FRA-DIO-DIO-008",
      "weight": 4,
      "dimensions": {
        "width": 27.67,
        "height": 28.28,
        "depth": 11.83
      },
      "warrantyInformation": "1 week warranty",
      "shippingInformation": "Ships in 2 weeks",
      "availabilityStatus": "In Stock",
      "reviews": [
        {
          "rating": 5,
          "comment": "Great value for money!",
          "date": "2025-04-30T09:41:02.053Z",
          "reviewerName": "Nicholas Bailey",
          "reviewerEmail": "nicholas.bailey@x.dummyjson.com"
        },
        {
          "rating": 4,
          "comment": "Great value for money!",
          "date": "2025-04-30T09:41:02.053Z",
          "reviewerName": "Penelope Harper",
          "reviewerEmail": "penelope.harper@x.dummyjson.com"
        },
        {
          "rating": 4,
          "comment": "Great product!",
          "date": "2025-04-30T09:41:02.053Z",
          "reviewerName": "Emma Miller",
          "reviewerEmail": "emma.miller@x.dummyjson.com"
        }
      ],
      "returnPolicy": "7 days return policy",
      "minimumOrderQuantity": 10,
      "meta": {
        "createdAt": "2025-04-30T09:41:02.053Z",
        "updatedAt": "2025-04-30T09:41:02.053Z",
        "barcode": "1445086097250",
        "qrCode": "https://cdn.dummyjson.com/public/qr-code.png"
      },
      "images": [
        "https://cdn.dummyjson.com/product-images/fragrances/dior-j'adore/1.webp",
        "https://cdn.dummyjson.com/product-images/fragrances/dior-j'adore/2.webp",
        "https://cdn.dummyjson.com/product-images/fragrances/dior-j'adore/3.webp"
      ],
      "thumbnail": "https://cdn.dummyjson.com/product-images/fragrances/dior-j'adore/thumbnail.webp"
    },
    {
      "id": 9,
      "title": "Dolce Shine Eau de",
      "description": "Dolce Shine by Dolce & Gabbana is a vibrant and fruity fragrance, featuring notes of mango, jasmine, and blonde woods. It's a joyful and youthful scent.",
      "category": "fragrances",
      "price": 69.99,
      "discountPercentage": 0.62,
      "rating": 3.96,
      "stock": 4,
      "tags": [
        "fragrances",
        "perfumes"
      ],
      "brand": "Dolce & Gabbana",
      "sku": "FRA-DOL-DOL-009",
      "weight": 6,
      "dimensions": {
        "width": 27.28,
        "height": 29.88,
        "depth": 18.3
      },
      "warrantyInformation": "3 year warranty",
      "shippingInformation": "Ships in 1 month",
      "availabilityStatus": "Low Stock",
      "reviews": [
        {
          "rating": 4,
          "comment": "Would buy again!",
          "date": "2025-04-30T09:41:02.053Z",
          "reviewerName": "Mateo Bennett",
          "reviewerEmail": "mateo.bennett@x.dummyjson.com"
        },
        {
          "rating": 4,
          "comment": "Highly recommended!",
          "date": "2025-04-30T09:41:02.053Z",
          "reviewerName": "Nolan Gonzalez",
          "reviewerEmail": "nolan.gonzalez@x.dummyjson.com"
        },
        {
          "rating": 5,
          "comment": "Very happy with my purchase!",
          "date": "2025-04-30T09:41:02.053Z",
          "reviewerName": "Aurora Lawson",
          "reviewerEmail": "aurora.lawson@x.dummyjson.com"
        }
      ],
      "returnPolicy": "7 days return policy",
      "minimumOrderQuantity": 2,
      "meta": {
        "createdAt": "2025-04-30T09:41:02.053Z",
        "updatedAt": "2025-04-30T09:41:02.053Z",
        "barcode": "3023868210708",
        "qrCode": "https://cdn.dummyjson.com/public/qr-code.png"
      },
      "images": [
        "https://cdn.dummyjson.com/product-images/fragrances/dolce-shine-eau-de/1.webp",
        "https://cdn.dummyjson.com/product-images/fragrances/dolce-shine-eau-de/2.webp",
        "https://cdn.dummyjson.com/product-images/fragrances/dolce-shine-eau-de/3.webp"
      ],
      "thumbnail": "https://cdn.dummyjson.com/product-images/fragrances/dolce-shine-eau-de/thumbnail.webp"
    },
    {
      "id": 10,
      "title": "Gucci Bloom Eau de",
      "description": "Gucci Bloom by Gucci is a floral and captivating fragrance, with notes of tuberose, jasmine, and Rangoon creeper. It's a modern and romantic scent.",
      "category": "fragrances",
      "price": 79.99,
      "discountPercentage": 14.39,
      "rating": 2.74,
      "stock": 91,
      "tags": [
        "fragrances",
        "perfumes"
      ],
      "brand": "Gucci",
      "sku": "FRA-GUC-GUC-010",
      "weight": 7,
      "dimensions": {
        "width": 20.92,
        "height": 21.68,
        "depth": 11.2
      },
      "warrantyInformation": "6 months warranty",
      "shippingInformation": "Ships overnight",
      "availabilityStatus": "In Stock",
      "reviews": [
        {
          "rating": 1,
          "comment": "Very dissatisfied!",
          "date": "2025-04-30T09:41:02.053Z",
          "reviewerName": "Cameron Perez",
          "reviewerEmail": "cameron.perez@x.dummyjson.com"
        },
        {
          "rating": 5,
          "comment": "Very happy with my purchase!",
          "date": "2025-04-30T09:41:02.053Z",
          "reviewerName": "Daniel Cook",
          "reviewerEmail": "daniel.cook@x.dummyjson.com"
        },
        {
          "rating": 4,
          "comment": "Highly impressed!",
          "date": "2025-04-30T09:41:02.053Z",
          "reviewerName": "Addison Wright",
          "reviewerEmail": "addison.wright@x.dummyjson.com"
        }
      ],
      "returnPolicy": "No return policy",
      "minimumOrderQuantity": 2,
      "meta": {
        "createdAt": "2025-04-30T09:41:02.053Z",
        "updatedAt": "2025-04-30T09:41:02.053Z",
        "barcode": "3170832177880",
        "qrCode": "https://cdn.dummyjson.com/public/qr-code.png"
      },
      "images": [
        "https://cdn.dummyjson.com/product-images/fragrances/gucci-bloom-eau-de/1.webp",
        "https://cdn.dummyjson.com/product-images/fragrances/gucci-bloom-eau-de/2.webp",
        "https://cdn.dummyjson.com/product-images/fragrances/gucci-bloom-eau-de/3.webp"
      ],
      "thumbnail": "https://cdn.dummyjson.com/product-images/fragrances/gucci-bloom-eau-de/thumbnail.webp"
    },
    {
      "id": 11,
      "title": "Annibale Colombo Bed",
      "description": "The Annibale Colombo Bed is a luxurious and elegant bed frame, crafted with high-quality materials for a comfortable and stylish bedroom.",
      "category": "furniture",
      "price": 1899.99,
      "discountPercentage": 8.57,
      "rating": 4.77,
      "stock": 88,
      "tags": [
        "furniture",
        "beds"
      ],
      "brand": "Annibale Colombo",
      "sku": "FUR-ANN-ANN-011",
      "weight": 10,
      "dimensions": {
        "width": 28.16,
        "height": 25.36,
        "depth": 17.28
      },
      "warrantyInformation": "1 year warranty",
      "shippingInformation": "Ships in 1 month",
      "availabilityStatus": "In Stock",
      "reviews": [
        {
          "rating": 2,
          "comment": "Would not recommend!",
          "date": "2025-04-30T09:41:02.053Z",
          "reviewerName": "Christopher West",
          "reviewerEmail": "christopher.west@x.dummyjson.com"
        },
        {
          "rating": 4,
          "comment": "Highly impressed!",
          "date": "2025-04-30T09:41:02.053Z",
          "reviewerName": "Vivian Carter",
          "reviewerEmail": "vivian.carter@x.dummyjson.com"
        },
        {
          "rating": 1,
          "comment": "Poor quality!",
          "date": "2025-04-30T09:41:02.053Z",
          "reviewerName": "Mason Wright",
          "reviewerEmail": "mason.wright@x.dummyjson.com"
        }
      ],
      "returnPolicy": "No return policy",
      "minimumOrderQuantity": 1,
      "meta": {
        "createdAt": "2025-04-30T09:41:02.053Z",
        "updatedAt": "2025-04-30T09:41:02.053Z",
        "barcode": "3610757456581",
        "qrCode": "https://cdn.dummyjson.com/public/qr-code.png"
      },
      "images": [
        "https://cdn.dummyjson.com/product-images/furniture/annibale-colombo-bed/1.webp",
        "https://cdn.dummyjson.com/product-images/furniture/annibale-colombo-bed/2.webp",
        "https://cdn.dummyjson.com/product-images/furniture/annibale-colombo-bed/3.webp"
      ],
      "thumbnail": "https://cdn.dummyjson.com/product-images/furniture/annibale-colombo-bed/thumbnail.webp"
    },
    {
      "id": 12,
      "title": "Annibale Colombo Sofa",
      "description": "The Annibale Colombo Sofa is a sophisticated and comfortable seating option, featuring exquisite design and premium upholstery for your living room.",
      "category": "furniture",
      "price": 2499.99,
      "discountPercentage": 14.4,
      "rating": 3.92,
      "stock": 60,
      "tags": [
        "furniture",
        "sofas"
      ],
      "brand": "Annibale Colombo",
      "sku": "FUR-ANN-ANN-012",
      "weight": 6,
      "dimensions": {
        "width": 12.75,
        "height": 20.55,
        "depth": 19.06
      },
      "warrantyInformation": "Lifetime warranty",
      "shippingInformation": "Ships in 1 week",
      "availabilityStatus": "In Stock",
      "reviews": [
        {
          "rating": 3,
          "comment": "Very unhappy with my purchase!",
          "date": "2025-04-30T09:41:02.053Z",
          "reviewerName": "Christian Perez",
          "reviewerEmail": "christian.perez@x.dummyjson.com"
        },
        {
          "rating": 5,
          "comment": "Fast shipping!",
          "date": "2025-04-30T09:41:02.053Z",
          "reviewerName": "Lillian Bishop",
          "reviewerEmail": "lillian.bishop@x.dummyjson.com"
        },
        {
          "rating": 1,
          "comment": "Poor quality!",
          "date": "2025-04-30T09:41:02.053Z",
          "reviewerName": "Lillian Simmons",
          "reviewerEmail": "lillian.simmons@x.dummyjson.com"
        }
      ],
      "returnPolicy": "7 days return policy",
      "minimumOrderQuantity": 1,
      "meta": {
        "createdAt": "2025-04-30T09:41:02.053Z",
        "updatedAt": "2025-04-30T09:41:02.053Z",
        "barcode": "1777662847736",
        "qrCode": "https://cdn.dummyjson.com/public/qr-code.png"
      },
      "images": [
        "https://cdn.dummyjson.com/product-images/furniture/annibale-colombo-sofa/1.webp",
        "https://cdn.dummyjson.com/product-images/furniture/annibale-colombo-sofa/2.webp",
        "https://cdn.dummyjson.com/product-images/furniture/annibale-colombo-sofa/3.webp"
      ],
      "thumbnail": "https://cdn.dummyjson.com/product-images/furniture/annibale-colombo-sofa/thumbnail.webp"
    },
    {
      "id": 13,
      "title": "Bedside Table African Cherry",
      "description": "The Bedside Table in African Cherry is a stylish and functional addition to your bedroom, providing convenient storage space and a touch of elegance.",
      "category": "furniture",
      "price": 299.99,
      "discountPercentage": 19.09,
      "rating": 2.87,
      "stock": 64,
      "tags": [
        "furniture",
        "bedside tables"
      ],
      "brand": "Furniture Co.",
      "sku": "FUR-FUR-BED-013",
      "weight": 2,
      "dimensions": {
        "width": 13.47,
        "height": 24.99,
        "depth": 27.35
      },
      "warrantyInformation": "5 year warranty",
      "shippingInformation": "Ships overnight",
      "availabilityStatus": "In Stock",
      "reviews": [
        {
          "rating": 4,
          "comment": "Excellent quality!",
          "date": "2025-04-30T09:41:02.053Z",
          "reviewerName": "Aaliyah Hanson",
          "reviewerEmail": "aaliyah.hanson@x.dummyjson.com"
        },
        {
          "rating": 4,
          "comment": "Excellent quality!",
          "date": "2025-04-30T09:41:02.053Z",
          "reviewerName": "Liam Smith",
          "reviewerEmail": "liam.smith@x.dummyjson.com"
        },
        {
          "rating": 4,
          "comment": "Highly recommended!",
          "date": "2025-04-30T09:41:02.053Z",
          "reviewerName": "Avery Barnes",
          "reviewerEmail": "avery.barnes@x.dummyjson.com"
        }
      ],
      "returnPolicy": "7 days return policy",
      "minimumOrderQuantity": 3,
      "meta": {
        "createdAt": "2025-04-30T09:41:02.053Z",
        "updatedAt": "2025-04-30T09:41:02.053Z",
        "barcode": "6441287925979",
        "qrCode": "https://cdn.dummyjson.com/public/qr-code.png"
      },
      "images": [
        "https://cdn.dummyjson.com/product-images/furniture/bedside-table-african-cherry/1.webp",
        "https://cdn.dummyjson.com/product-images/furniture/bedside-table-african-cherry/2.webp",
        "https://cdn.dummyjson.com/product-images/furniture/bedside-table-african-cherry/3.webp"
      ],
      "thumbnail": "https://cdn.dummyjson.com/product-images/furniture/bedside-table-african-cherry/thumbnail.webp"
    },
    {
      "id": 14,
      "title": "Knoll Saarinen Executive Conference Chair",
      "description": "The Knoll Saarinen Executive Conference Chair is a modern and ergonomic chair, perfect for your office or conference room with its timeless design.",
      "category": "furniture",
      "price": 499.99,
      "discountPercentage": 2.01,
      "rating": 4.88,
      "stock": 26,
      "tags": [
        "furniture",
        "office chairs"
      ],
      "brand": "Knoll",
      "sku": "FUR-KNO-KNO-014",
      "weight": 10,
      "dimensions": {
        "width": 13.81,
        "height": 7.5,
        "depth": 5.62
      },
      "warrantyInformation": "2 year warranty",
      "shippingInformation": "Ships overnight",
      "availabilityStatus": "In Stock",
      "reviews": [
        {
          "rating": 2,
          "comment": "Waste of money!",
          "date": "2025-04-30T09:41:02.053Z",
          "reviewerName": "Ella Cook",
          "reviewerEmail": "ella.cook@x.dummyjson.com"
        },
        {
          "rating": 2,
          "comment": "Very dissatisfied!",
          "date": "2025-04-30T09:41:02.053Z",
          "reviewerName": "Clara Berry",
          "reviewerEmail": "clara.berry@x.dummyjson.com"
        },
        {
          "rating": 5,
          "comment": "Would buy again!",
          "date": "2025-04-30T09:41:02.053Z",
          "reviewerName": "Elena Long",
          "reviewerEmail": "elena.long@x.dummyjson.com"
        }
      ],
      "returnPolicy": "60 days return policy",
      "minimumOrderQuantity": 5,
      "meta": {
        "createdAt": "2025-04-30T09:41:02.053Z",
        "updatedAt": "2025-04-30T09:41:02.053Z",
        "barcode": "8919386859966",
        "qrCode": "https://cdn.dummyjson.com/public/qr-code.png"
      },
      "images": [
        "https://cdn.dummyjson.com/product-images/furniture/knoll-saarinen-executive-conference-chair/1.webp",
        "https://cdn.dummyjson.com/product-images/furniture/knoll-saarinen-executive-conference-chair/2.webp",
        "https://cdn.dummyjson.com/product-images/furniture/knoll-saarinen-executive-conference-chair/3.webp"
      ],
      "thumbnail": "https://cdn.dummyjson.com/product-images/furniture/knoll-saarinen-executive-conference-chair/thumbnail.webp"
    },
    {
      "id": 15,
      "title": "Wooden Bathroom Sink With Mirror",
      "description": "The Wooden Bathroom Sink with Mirror is a unique and stylish addition to your bathroom, featuring a wooden sink countertop and a matching mirror.",
      "category": "furniture",
      "price": 799.99,
      "discountPercentage": 8.8,
      "rating": 3.59,
      "stock": 7,
      "tags": [
        "furniture",
        "bathroom"
      ],
      "brand": "Bath Trends",
      "sku": "FUR-BAT-WOO-015",
      "weight": 10,
      "dimensions": {
        "width": 7.98,
        "height": 8.88,
        "depth": 28.46
      },
      "warrantyInformation": "3 year warranty",
      "shippingInformation": "Ships in 3-5 business days",
      "availabilityStatus": "Low Stock",
      "reviews": [
        {
          "rating": 4,
          "comment": "Fast shipping!",
          "date": "2025-04-30T09:41:02.053Z",
          "reviewerName": "Logan Torres",
          "reviewerEmail": "logan.torres@x.dummyjson.com"
        },
        {
          "rating": 5,
          "comment": "Very pleased!",
          "date": "2025-04-30T09:41:02.053Z",
          "reviewerName": "Aria Parker",
          "reviewerEmail": "aria.parker@x.dummyjson.com"
        },
        {
          "rating": 3,
          "comment": "Poor quality!",
          "date": "2025-04-30T09:41:02.053Z",
          "reviewerName": "Dylan Wells",
          "reviewerEmail": "dylan.wells@x.dummyjson.com"
        }
      ],
      "returnPolicy": "60 days return policy",
      "minimumOrderQuantity": 2,
      "meta": {
        "createdAt": "2025-04-30T09:41:02.053Z",
        "updatedAt": "2025-04-30T09:41:02.053Z",
        "barcode": "1958104402873",
        "qrCode": "https://cdn.dummyjson.com/public/qr-code.png"
      },
      "images": [
        "https://cdn.dummyjson.com/product-images/furniture/wooden-bathroom-sink-with-mirror/1.webp",
        "https://cdn.dummyjson.com/product-images/furniture/wooden-bathroom-sink-with-mirror/2.webp",
        "https://cdn.dummyjson.com/product-images/furniture/wooden-bathroom-sink-with-mirror/3.webp"
      ],
      "thumbnail": "https://cdn.dummyjson.com/product-images/furniture/wooden-bathroom-sink-with-mirror/thumbnail.webp"
    },
    {
      "id": 16,
      "title": "Apple",
      "description": "Fresh and crisp apples, perfect for snacking or incorporating into various recipes.",
      "category": "groceries",
      "price": 1.99,
      "discountPercentage": 12.62,
      "rating": 4.19,
      "stock": 8,
      "tags": [
        "fruits"
      ],
      "sku": "GRO-BRD-APP-016",
      "weight": 9,
      "dimensions": {
        "width": 13.66,
        "height": 11.01,
        "depth": 9.73
      },
      "warrantyInformation": "3 year warranty",
      "shippingInformation": "Ships in 2 weeks",
      "availabilityStatus": "In Stock",
      "reviews": [
        {
          "rating": 5,
          "comment": "Very satisfied!",
          "date": "2025-04-30T09:41:02.053Z",
          "reviewerName": "Sophia Brown",
          "reviewerEmail": "sophia.brown@x.dummyjson.com"
        },
        {
          "rating": 1,
          "comment": "Very dissatisfied!",
          "date": "2025-04-30T09:41:02.053Z",
          "reviewerName": "Scarlett Bowman",
          "reviewerEmail": "scarlett.bowman@x.dummyjson.com"
        },
        {
          "rating": 3,
          "comment": "Very unhappy with my purchase!",
          "date": "2025-04-30T09:41:02.053Z",
          "reviewerName": "William Gonzalez",
          "reviewerEmail": "william.gonzalez@x.dummyjson.com"
        }
      ],
      "returnPolicy": "90 days return policy",
      "minimumOrderQuantity": 7,
      "meta": {
        "createdAt": "2025-04-30T09:41:02.053Z",
        "updatedAt": "2025-04-30T09:41:02.053Z",
        "barcode": "7962803553314",
        "qrCode": "https://cdn.dummyjson.com/public/qr-code.png"
      },
      "images": [
        "https://cdn.dummyjson.com/product-images/groceries/apple/1.webp"
      ],
      "thumbnail": "https://cdn.dummyjson.com/product-images/groceries/apple/thumbnail.webp"
    },
    {
      "id": 17,
      "title": "Beef Steak",
      "description": "High-quality beef steak, great for grilling or cooking to your preferred level of doneness.",
      "category": "groceries",
      "price": 12.99,
      "discountPercentage": 9.61,
      "rating": 4.47,
      "stock": 86,
      "tags": [
        "meat"
      ],
      "sku": "GRO-BRD-BEE-017",
      "weight": 10,
      "dimensions": {
        "width": 18.9,
        "height": 5.77,
        "depth": 18.57
      },
      "warrantyInformation": "3 year warranty",
      "shippingInformation": "Ships overnight",
      "availabilityStatus": "In Stock",
      "reviews": [
        {
          "rating": 3,
          "comment": "Would not recommend!",
          "date": "2025-04-30T09:41:02.053Z",
          "reviewerName": "Eleanor Tyler",
          "reviewerEmail": "eleanor.tyler@x.dummyjson.com"
        },
        {
          "rating": 4,
          "comment": "Fast shipping!",
          "date": "2025-04-30T09:41:02.053Z",
          "reviewerName": "Alexander Jones",
          "reviewerEmail": "alexander.jones@x.dummyjson.com"
        },
        {
          "rating": 5,
          "comment": "Great value for money!",
          "date": "2025-04-30T09:41:02.053Z",
          "reviewerName": "Natalie Harris",
          "reviewerEmail": "natalie.harris@x.dummyjson.com"
        }
      ],
      "returnPolicy": "60 days return policy",
      "minimumOrderQuantity": 43,
      "meta": {
        "createdAt": "2025-04-30T09:41:02.053Z",
        "updatedAt": "2025-04-30T09:41:02.053Z",
        "barcode": "5640063409695",
        "qrCode": "https://cdn.dummyjson.com/public/qr-code.png"
      },
      "images": [
        "https://cdn.dummyjson.com/product-images/groceries/beef-steak/1.webp"
      ],
      "thumbnail": "https://cdn.dummyjson.com/product-images/groceries/beef-steak/thumbnail.webp"
    },
    {
      "id": 18,
      "title": "Cat Food",
      "description": "Nutritious cat food formulated to meet the dietary needs of your feline friend.",
      "category": "groceries",
      "price": 8.99,
      "discountPercentage": 9.58,
      "rating": 3.13,
      "stock": 46,
      "tags": [
        "pet supplies",
        "cat food"
      ],
      "sku": "GRO-BRD-FOO-018",
      "weight": 10,
      "dimensions": {
        "width": 18.08,
        "height": 9.26,
        "depth": 21.86
      },
      "warrantyInformation": "1 year warranty",
      "shippingInformation": "Ships overnight",
      "availabilityStatus": "In Stock",
      "reviews": [
        {
          "rating": 3,
          "comment": "Would not recommend!",
          "date": "2025-04-30T09:41:02.053Z",
          "reviewerName": "Noah Lewis",
          "reviewerEmail": "noah.lewis@x.dummyjson.com"
        },
        {
          "rating": 3,
          "comment": "Very unhappy with my purchase!",
          "date": "2025-04-30T09:41:02.053Z",
          "reviewerName": "Ruby Andrews",
          "reviewerEmail": "ruby.andrews@x.dummyjson.com"
        },
        {
          "rating": 2,
          "comment": "Very disappointed!",
          "date": "2025-04-30T09:41:02.053Z",
          "reviewerName": "Ethan Thompson",
          "reviewerEmail": "ethan.thompson@x.dummyjson.com"
        }
      ],
      "returnPolicy": "No return policy",
      "minimumOrderQuantity": 18,
      "meta": {
        "createdAt": "2025-04-30T09:41:02.053Z",
        "updatedAt": "2025-04-30T09:41:02.053Z",
        "barcode": "1483991328610",
        "qrCode": "https://cdn.dummyjson.com/public/qr-code.png"
      },
      "images": [
        "https://cdn.dummyjson.com/product-images/groceries/cat-food/1.webp"
      ],
      "thumbnail": "https://cdn.dummyjson.com/product-images/groceries/cat-food/thumbnail.webp"
    },
    {
      "id": 19,
      "title": "Chicken Meat",
      "description": "Fresh and tender chicken meat, suitable for various culinary preparations.",
      "category": "groceries",
      "price": 9.99,
      "discountPercentage": 13.7,
      "rating": 3.19,
      "stock": 97,
      "tags": [
        "meat"
      ],
      "sku": "GRO-BRD-CHI-019",
      "weight": 1,
      "dimensions": {
        "width": 11.03,
        "height": 22.11,
        "depth": 16.01
      },
      "warrantyInformation": "1 year warranty",
      "shippingInformation": "Ships in 1 month",
      "availabilityStatus": "In Stock",
      "reviews": [
        {
          "rating": 5,
          "comment": "Great product!",
          "date": "2025-04-30T09:41:02.053Z",
          "reviewerName": "Mateo Bennett",
          "reviewerEmail": "mateo.bennett@x.dummyjson.com"
        },
        {
          "rating": 4,
          "comment": "Highly recommended!",
          "date": "2025-04-30T09:41:02.053Z",
          "reviewerName": "Jackson Evans",
          "reviewerEmail": "jackson.evans@x.dummyjson.com"
        },
        {
          "rating": 3,
          "comment": "Not worth the price!",
          "date": "2025-04-30T09:41:02.053Z",
          "reviewerName": "Sadie Morales",
          "reviewerEmail": "sadie.morales@x.dummyjson.com"
        }
      ],
      "returnPolicy": "7 days return policy",
      "minimumOrderQuantity": 22,
      "meta": {
        "createdAt": "2025-04-30T09:41:02.053Z",
        "updatedAt": "2025-04-30T09:41:02.053Z",
        "barcode": "8829514594521",
        "qrCode": "https://cdn.dummyjson.com/public/qr-code.png"
      },
      "images": [
        "https://cdn.dummyjson.com/product-images/groceries/chicken-meat/1.webp",
        "https://cdn.dummyjson.com/product-images/groceries/chicken-meat/2.webp"
      ],
      "thumbnail": "https://cdn.dummyjson.com/product-images/groceries/chicken-meat/thumbnail.webp"
    },
    {
      "id": 20,
      "title": "Cooking Oil",
      "description": "Versatile cooking oil suitable for frying, sautéing, and various culinary applications.",
      "category": "groceries",
      "price": 4.99,
      "discountPercentage": 9.33,
      "rating": 4.8,
      "stock": 10,
      "tags": [
        "cooking essentials"
      ],
      "sku": "GRO-BRD-COO-020",
      "weight": 5,
      "dimensions": {
        "width": 19.95,
        "height": 27.54,
        "depth": 24.86
      },
      "warrantyInformation": "Lifetime warranty",
      "shippingInformation": "Ships in 1-2 business days",
      "availabilityStatus": "In Stock",
      "reviews": [
        {
          "rating": 5,
          "comment": "Very happy with my purchase!",
          "date": "2025-04-30T09:41:02.053Z",
          "reviewerName": "Victoria McDonald",
          "reviewerEmail": "victoria.mcdonald@x.dummyjson.com"
        },
        {
          "rating": 2,
          "comment": "Would not recommend!",
          "date": "2025-04-30T09:41:02.053Z",
          "reviewerName": "Hazel Evans",
          "reviewerEmail": "hazel.evans@x.dummyjson.com"
        },
        {
          "rating": 5,
          "comment": "Would buy again!",
          "date": "2025-04-30T09:41:02.053Z",
          "reviewerName": "Zoe Bennett",
          "reviewerEmail": "zoe.bennett@x.dummyjson.com"
        }
      ],
      "returnPolicy": "30 days return policy",
      "minimumOrderQuantity": 46,
      "meta": {
        "createdAt": "2025-04-30T09:41:02.053Z",
        "updatedAt": "2025-04-30T09:41:02.053Z",
        "barcode": "4874727824518",
        "qrCode": "https://cdn.dummyjson.com/public/qr-code.png"
      },
      "images": [
        "https://cdn.dummyjson.com/product-images/groceries/cooking-oil/1.webp"
      ],
      "thumbnail": "https://cdn.dummyjson.com/product-images/groceries/cooking-oil/thumbnail.webp"
    },
    {
      "id": 21,
      "title": "Cucumber",
      "description": "Crisp and hydrating cucumbers, ideal for salads, snacks, or as a refreshing side.",
      "category": "groceries",
      "price": 1.49,
      "discountPercentage": 0.16,
      "rating": 4.07,
      "stock": 84,
      "tags": [
        "vegetables"
      ],
      "sku": "GRO-BRD-CUC-021",
      "weight": 4,
      "dimensions": {
        "width": 12.8,
        "height": 28.38,
        "depth": 21.34
      },
      "warrantyInformation": "2 year warranty",
      "shippingInformation": "Ships in 1-2 business days",
      "availabilityStatus": "In Stock",
      "reviews": [
        {
          "rating": 4,
          "comment": "Great product!",
          "date": "2025-04-30T09:41:02.053Z",
          "reviewerName": "Lincoln Kelly",
          "reviewerEmail": "lincoln.kelly@x.dummyjson.com"
        },
        {
          "rating": 4,
          "comment": "Great value for money!",
          "date": "2025-04-30T09:41:02.053Z",
          "reviewerName": "Savannah Gomez",
          "reviewerEmail": "savannah.gomez@x.dummyjson.com"
        },
        {
          "rating": 2,
          "comment": "Poor quality!",
          "date": "2025-04-30T09:41:02.053Z",
          "reviewerName": "James Davis",
          "reviewerEmail": "james.davis@x.dummyjson.com"
        }
      ],
      "returnPolicy": "7 days return policy",
      "minimumOrderQuantity": 2,
      "meta": {
        "createdAt": "2025-04-30T09:41:02.053Z",
        "updatedAt": "2025-04-30T09:41:02.053Z",
        "barcode": "5300066378225",
        "qrCode": "https://cdn.dummyjson.com/public/qr-code.png"
      },
      "images": [
        "https://cdn.dummyjson.com/product-images/groceries/cucumber/1.webp"
      ],
      "thumbnail": "https://cdn.dummyjson.com/product-images/groceries/cucumber/thumbnail.webp"
    },
    {
      "id": 22,
      "title": "Dog Food",
      "description": "Specially formulated dog food designed to provide essential nutrients for your canine companion.",
      "category": "groceries",
      "price": 10.99,
      "discountPercentage": 10.27,
      "rating": 4.55,
      "stock": 71,
      "tags": [
        "pet supplies",
        "dog food"
      ],
      "sku": "GRO-BRD-FOO-022",
      "weight": 10,
      "dimensions": {
        "width": 16.93,
        "height": 27.15,
        "depth": 9.29
      },
      "warrantyInformation": "No warranty",
      "shippingInformation": "Ships in 1-2 business days",
      "availabilityStatus": "In Stock",
      "reviews": [
        {
          "rating": 5,
          "comment": "Excellent quality!",
          "date": "2025-04-30T09:41:02.053Z",
          "reviewerName": "Nicholas Edwards",
          "reviewerEmail": "nicholas.edwards@x.dummyjson.com"
        },
        {
          "rating": 5,
          "comment": "Awesome product!",
          "date": "2025-04-30T09:41:02.053Z",
          "reviewerName": "Zachary Lee",
          "reviewerEmail": "zachary.lee@x.dummyjson.com"
        },
        {
          "rating": 4,
          "comment": "Great product!",
          "date": "2025-04-30T09:41:02.053Z",
          "reviewerName": "Nova Cooper",
          "reviewerEmail": "nova.cooper@x.dummyjson.com"
        }
      ],
      "returnPolicy": "60 days return policy",
      "minimumOrderQuantity": 43,
      "meta": {
        "createdAt": "2025-04-30T09:41:02.053Z",
        "updatedAt": "2025-04-30T09:41:02.053Z",
        "barcode": "5906686116469",
        "qrCode": "https://cdn.dummyjson.com/public/qr-code.png"
      },
      "images": [
        "https://cdn.dummyjson.com/product-images/groceries/dog-food/1.webp"
      ],
      "thumbnail": "https://cdn.dummyjson.com/product-images/groceries/dog-food/thumbnail.webp"
    },
    {
      "id": 23,
      "title": "Eggs",
      "description": "Fresh eggs, a versatile ingredient for baking, cooking, or breakfast.",
      "category": "groceries",
      "price": 2.99,
      "discountPercentage": 11.05,
      "rating": 2.53,
      "stock": 9,
      "tags": [
        "dairy"
      ],
      "sku": "GRO-BRD-EGG-023",
      "weight": 2,
      "dimensions": {
        "width": 11.42,
        "height": 7.44,
        "depth": 16.95
      },
      "warrantyInformation": "1 week warranty",
      "shippingInformation": "Ships in 1 week",
      "availabilityStatus": "In Stock",
      "reviews": [
        {
          "rating": 3,
          "comment": "Disappointing product!",
          "date": "2025-04-30T09:41:02.053Z",
          "reviewerName": "Penelope King",
          "reviewerEmail": "penelope.king@x.dummyjson.com"
        },
        {
          "rating": 3,
          "comment": "Poor quality!",
          "date": "2025-04-30T09:41:02.053Z",
          "reviewerName": "Eleanor Tyler",
          "reviewerEmail": "eleanor.tyler@x.dummyjson.com"
        },
        {
          "rating": 4,
          "comment": "Very pleased!",
          "date": "2025-04-30T09:41:02.053Z",
          "reviewerName": "Benjamin Foster",
          "reviewerEmail": "benjamin.foster@x.dummyjson.com"
        }
      ],
      "returnPolicy": "No return policy",
      "minimumOrderQuantity": 32,
      "meta": {
        "createdAt": "2025-04-30T09:41:02.053Z",
        "updatedAt": "2025-04-30T09:41:02.053Z",
        "barcode": "3478638588469",
        "qrCode": "https://cdn.dummyjson.com/public/qr-code.png"
      },
      "images": [
        "https://cdn.dummyjson.com/product-images/groceries/eggs/1.webp"
      ],
      "thumbnail": "https://cdn.dummyjson.com/product-images/groceries/eggs/thumbnail.webp"
    },
    {
      "id": 24,
      "title": "Fish Steak",
      "description": "Quality fish steak, suitable for grilling, baking, or pan-searing.",
      "category": "groceries",
      "price": 14.99,
      "discountPercentage": 4.23,
      "rating": 3.78,
      "stock": 74,
      "tags": [
        "seafood"
      ],
      "sku": "GRO-BRD-FIS-024",
      "weight": 6,
      "dimensions": {
        "width": 14.95,
        "height": 26.31,
        "depth": 11.27
      },
      "warrantyInformation": "1 month warranty",
      "shippingInformation": "Ships in 3-5 business days",
      "availabilityStatus": "In Stock",
      "reviews": [
        {
          "rating": 2,
          "comment": "Would not buy again!",
          "date": "2025-04-30T09:41:02.053Z",
          "reviewerName": "Caleb Perkins",
          "reviewerEmail": "caleb.perkins@x.dummyjson.com"
        },
        {
          "rating": 5,
          "comment": "Excellent quality!",
          "date": "2025-04-30T09:41:02.053Z",
          "reviewerName": "Isabella Jackson",
          "reviewerEmail": "isabella.jackson@x.dummyjson.com"
        },
        {
          "rating": 4,
          "comment": "Great value for money!",
          "date": "2025-04-30T09:41:02.053Z",
          "reviewerName": "Nathan Dixon",
          "reviewerEmail": "nathan.dixon@x.dummyjson.com"
        }
      ],
      "returnPolicy": "60 days return policy",
      "minimumOrderQuantity": 50,
      "meta": {
        "createdAt": "2025-04-30T09:41:02.053Z",
        "updatedAt": "2025-04-30T09:41:02.053Z",
        "barcode": "9595036192098",
        "qrCode": "https://cdn.dummyjson.com/public/qr-code.png"
      },
      "images": [
        "https://cdn.dummyjson.com/product-images/groceries/fish-steak/1.webp"
      ],
      "thumbnail": "https://cdn.dummyjson.com/product-images/groceries/fish-steak/thumbnail.webp"
    },
    {
      "id": 25,
      "title": "Green Bell Pepper",
      "description": "Fresh and vibrant green bell pepper, perfect for adding color and flavor to your dishes.",
      "category": "groceries",
      "price": 1.29,
      "discountPercentage": 0.16,
      "rating": 3.25,
      "stock": 33,
      "tags": [
        "vegetables"
      ],
      "sku": "GRO-BRD-GRE-025",
      "weight": 2,
      "dimensions": {
        "width": 15.33,
        "height": 26.65,
        "depth": 14.44
      },
      "warrantyInformation": "1 month warranty",
      "shippingInformation": "Ships in 1 week",
      "availabilityStatus": "In Stock",
      "reviews": [
        {
          "rating": 4,
          "comment": "Highly recommended!",
          "date": "2025-04-30T09:41:02.053Z",
          "reviewerName": "Avery Carter",
          "reviewerEmail": "avery.carter@x.dummyjson.com"
        },
        {
          "rating": 3,
          "comment": "Would not recommend!",
          "date": "2025-04-30T09:41:02.053Z",
          "reviewerName": "Henry Hill",
          "reviewerEmail": "henry.hill@x.dummyjson.com"
        },
        {
          "rating": 5,
          "comment": "Excellent quality!",
          "date": "2025-04-30T09:41:02.053Z",
          "reviewerName": "Addison Wright",
          "reviewerEmail": "addison.wright@x.dummyjson.com"
        }
      ],
      "returnPolicy": "30 days return policy",
      "minimumOrderQuantity": 12,
      "meta": {
        "createdAt": "2025-04-30T09:41:02.053Z",
        "updatedAt": "2025-04-30T09:41:02.053Z",
        "barcode": "2365227493323",
        "qrCode": "https://cdn.dummyjson.com/public/qr-code.png"
      },
      "images": [
        "https://cdn.dummyjson.com/product-images/groceries/green-bell-pepper/1.webp"
      ],
      "thumbnail": "https://cdn.dummyjson.com/product-images/groceries/green-bell-pepper/thumbnail.webp"
    },
    {
      "id": 26,
      "title": "Green Chili Pepper",
      "description": "Spicy green chili pepper, ideal for adding heat to your favorite recipes.",
      "category": "groceries",
      "price": 0.99,
      "discountPercentage": 1,
      "rating": 3.66,
      "stock": 3,
      "tags": [
        "vegetables"
      ],
      "sku": "GRO-BRD-GRE-026",
      "weight": 7,
      "dimensions": {
        "width": 15.38,
        "height": 18.12,
        "depth": 19.92
      },
      "warrantyInformation": "2 year warranty",
      "shippingInformation": "Ships in 1 week",
      "availabilityStatus": "Low Stock",
      "reviews": [
        {
          "rating": 4,
          "comment": "Great product!",
          "date": "2025-04-30T09:41:02.053Z",
          "reviewerName": "Luna Russell",
          "reviewerEmail": "luna.russell@x.dummyjson.com"
        },
        {
          "rating": 1,
          "comment": "Waste of money!",
          "date": "2025-04-30T09:41:02.053Z",
          "reviewerName": "Noah Lewis",
          "reviewerEmail": "noah.lewis@x.dummyjson.com"
        },
        {
          "rating": 3,
          "comment": "Very disappointed!",
          "date": "2025-04-30T09:41:02.053Z",
          "reviewerName": "Clara Berry",
          "reviewerEmail": "clara.berry@x.dummyjson.com"
        }
      ],
      "returnPolicy": "30 days return policy",
      "minimumOrderQuantity": 39,
      "meta": {
        "createdAt": "2025-04-30T09:41:02.053Z",
        "updatedAt": "2025-04-30T09:41:02.053Z",
        "barcode": "9335000538563",
        "qrCode": "https://cdn.dummyjson.com/public/qr-code.png"
      },
      "images": [
        "https://cdn.dummyjson.com/product-images/groceries/green-chili-pepper/1.webp"
      ],
      "thumbnail": "https://cdn.dummyjson.com/product-images/groceries/green-chili-pepper/thumbnail.webp"
    },
    {
      "id": 27,
      "title": "Honey Jar",
      "description": "Pure and natural honey in a convenient jar, perfect for sweetening beverages or drizzling over food.",
      "category": "groceries",
      "price": 6.99,
      "discountPercentage": 14.4,
      "rating": 3.97,
      "stock": 34,
      "tags": [
        "condiments"
      ],
      "sku": "GRO-BRD-HON-027",
      "weight": 2,
      "dimensions": {
        "width": 9.28,
        "height": 21.72,
        "depth": 17.74
      },
      "warrantyInformation": "1 month warranty",
      "shippingInformation": "Ships in 1-2 business days",
      "availabilityStatus": "In Stock",
      "reviews": [
        {
          "rating": 1,
          "comment": "Very disappointed!",
          "date": "2025-04-30T09:41:02.053Z",
          "reviewerName": "Autumn Gomez",
          "reviewerEmail": "autumn.gomez@x.dummyjson.com"
        },
        {
          "rating": 4,
          "comment": "Highly impressed!",
          "date": "2025-04-30T09:41:02.053Z",
          "reviewerName": "Benjamin Wilson",
          "reviewerEmail": "benjamin.wilson@x.dummyjson.com"
        },
        {
          "rating": 2,
          "comment": "Very disappointed!",
          "date": "2025-04-30T09:41:02.053Z",
          "reviewerName": "Nicholas Edwards",
          "reviewerEmail": "nicholas.edwards@x.dummyjson.com"
        }
      ],
      "returnPolicy": "90 days return policy",
      "minimumOrderQuantity": 47,
      "meta": {
        "createdAt": "2025-04-30T09:41:02.053Z",
        "updatedAt": "2025-04-30T09:41:02.053Z",
        "barcode": "6354306346329",
        "qrCode": "https://cdn.dummyjson.com/public/qr-code.png"
      },
      "images": [
        "https://cdn.dummyjson.com/product-images/groceries/honey-jar/1.webp"
      ],
      "thumbnail": "https://cdn.dummyjson.com/product-images/groceries/honey-jar/thumbnail.webp"
    },
    {
      "id": 28,
      "title": "Ice Cream",
      "description": "Creamy and delicious ice cream, available in various flavors for a delightful treat.",
      "category": "groceries",
      "price": 5.49,
      "discountPercentage": 8.69,
      "rating": 3.39,
      "stock": 27,
      "tags": [
        "desserts"
      ],
      "sku": "GRO-BRD-CRE-028",
      "weight": 1,
      "dimensions": {
        "width": 14.83,
        "height": 15.07,
        "depth": 24.2
      },
      "warrantyInformation": "1 month warranty",
      "shippingInformation": "Ships in 2 weeks",
      "availabilityStatus": "In Stock",
      "reviews": [
        {
          "rating": 5,
          "comment": "Very pleased!",
          "date": "2025-04-30T09:41:02.053Z",
          "reviewerName": "Elijah Cruz",
          "reviewerEmail": "elijah.cruz@x.dummyjson.com"
        },
        {
          "rating": 4,
          "comment": "Excellent quality!",
          "date": "2025-04-30T09:41:02.053Z",
          "reviewerName": "Jace Smith",
          "reviewerEmail": "jace.smith@x.dummyjson.com"
        },
        {
          "rating": 5,
          "comment": "Highly impressed!",
          "date": "2025-04-30T09:41:02.053Z",
          "reviewerName": "Sadie Morales",
          "reviewerEmail": "sadie.morales@x.dummyjson.com"
        }
      ],
      "returnPolicy": "No return policy",
      "minimumOrderQuantity": 42,
      "meta": {
        "createdAt": "2025-04-30T09:41:02.053Z",
        "updatedAt": "2025-04-30T09:41:02.053Z",
        "barcode": "0788954559076",
        "qrCode": "https://cdn.dummyjson.com/public/qr-code.png"
      },
      "images": [
        "https://cdn.dummyjson.com/product-images/groceries/ice-cream/1.webp",
        "https://cdn.dummyjson.com/product-images/groceries/ice-cream/2.webp",
        "https://cdn.dummyjson.com/product-images/groceries/ice-cream/3.webp",
        "https://cdn.dummyjson.com/product-images/groceries/ice-cream/4.webp"
      ],
      "thumbnail": "https://cdn.dummyjson.com/product-images/groceries/ice-cream/thumbnail.webp"
    },
    {
      "id": 29,
      "title": "Juice",
      "description": "Refreshing fruit juice, packed with vitamins and great for staying hydrated.",
      "category": "groceries",
      "price": 3.99,
      "discountPercentage": 12.06,
      "rating": 3.94,
      "stock": 50,
      "tags": [
        "beverages"
      ],
      "sku": "GRO-BRD-JUI-029",
      "weight": 1,
      "dimensions": {
        "width": 18.56,
        "height": 21.46,
        "depth": 28.02
      },
      "warrantyInformation": "6 months warranty",
      "shippingInformation": "Ships in 1 week",
      "availabilityStatus": "In Stock",
      "reviews": [
        {
          "rating": 5,
          "comment": "Excellent quality!",
          "date": "2025-04-30T09:41:02.053Z",
          "reviewerName": "Nolan Gonzalez",
          "reviewerEmail": "nolan.gonzalez@x.dummyjson.com"
        },
        {
          "rating": 4,
          "comment": "Would buy again!",
          "date": "2025-04-30T09:41:02.053Z",
          "reviewerName": "Bella Grant",
          "reviewerEmail": "bella.grant@x.dummyjson.com"
        },
        {
          "rating": 5,
          "comment": "Awesome product!",
          "date": "2025-04-30T09:41:02.053Z",
          "reviewerName": "Aria Flores",
          "reviewerEmail": "aria.flores@x.dummyjson.com"
        }
      ],
      "returnPolicy": "No return policy",
      "minimumOrderQuantity": 25,
      "meta": {
        "createdAt": "2025-04-30T09:41:02.053Z",
        "updatedAt": "2025-04-30T09:41:02.053Z",
        "barcode": "6936112580956",
        "qrCode": "https://cdn.dummyjson.com/public/qr-code.png"
      },
      "images": [
        "https://cdn.dummyjson.com/product-images/groceries/juice/1.webp"
      ],
      "thumbnail": "https://cdn.dummyjson.com/product-images/groceries/juice/thumbnail.webp"
    },
    {
      "id": 30,
      "title": "Kiwi",
      "description": "Nutrient-rich kiwi, perfect for snacking or adding a tropical twist to your dishes.",
      "category": "groceries",
      "price": 2.49,
      "discountPercentage": 15.22,
      "rating": 4.93,
      "stock": 99,
      "tags": [
        "fruits"
      ],
      "sku": "GRO-BRD-KIW-030",
      "weight": 5,
      "dimensions": {
        "width": 19.4,
        "height": 18.67,
        "depth": 17.13
      },
      "warrantyInformation": "6 months warranty",
      "shippingInformation": "Ships overnight",
      "availabilityStatus": "In Stock",
      "reviews": [
        {
          "rating": 4,
          "comment": "Highly recommended!",
          "date": "2025-04-30T09:41:02.053Z",
          "reviewerName": "Emily Brown",
          "reviewerEmail": "emily.brown@x.dummyjson.com"
        },
        {
          "rating": 2,
          "comment": "Would not buy again!",
          "date": "2025-04-30T09:41:02.053Z",
          "reviewerName": "Jackson Morales",
          "reviewerEmail": "jackson.morales@x.dummyjson.com"
        },
        {
          "rating": 4,
          "comment": "Fast shipping!",
          "date": "2025-04-30T09:41:02.053Z",
          "reviewerName": "Nora Russell",
          "reviewerEmail": "nora.russell@x.dummyjson.com"
        }
      ],
      "returnPolicy": "7 days return policy",
      "minimumOrderQuantity": 30,
      "meta": {
        "createdAt": "2025-04-30T09:41:02.053Z",
        "updatedAt": "2025-04-30T09:41:02.053Z",
        "barcode": "2530169917252",
        "qrCode": "https://cdn.dummyjson.com/public/qr-code.png"
      },
      "images": [
        "https://cdn.dummyjson.com/product-images/groceries/kiwi/1.webp"
      ],
      "thumbnail": "https://cdn.dummyjson.com/product-images/groceries/kiwi/thumbnail.webp"
    }
  ],
  "total": 194,
  "skip": 0,
  "limit": 30
}
 
]]></system-out>
  </testcase>
  <testcase name="[2:16] Get Single Product by ID" classname="dummyjson/Products" time="0.123">
    <system-out><![CDATA[18:09:11.033 [main] DEBUG org.apache.http.client.protocol.RequestAddCookies -- CookieSpec selected: karate
18:09:11.034 [main] DEBUG org.apache.http.client.protocol.RequestAuthCache -- Auth cache not set in the context
18:09:11.034 [main] DEBUG com.intuit.karate -- request:
1 > GET https://dummyjson.com/products/1
1 > Host: dummyjson.com
1 > Connection: Keep-Alive
1 > User-Agent: Apache-HttpClient/4.5.14 (Java/21.0.8)
1 > Accept-Encoding: gzip,deflate


18:09:11.034 [main] DEBUG org.apache.http.impl.conn.PoolingHttpClientConnectionManager -- Connection request: [route: {s}->https://dummyjson.com:443][total available: 0; route allocated: 0 of 5; total allocated: 0 of 10]
18:09:11.034 [main] DEBUG org.apache.http.impl.conn.PoolingHttpClientConnectionManager -- Connection leased: [id: 1][route: {s}->https://dummyjson.com:443][total available: 0; route allocated: 1 of 5; total allocated: 1 of 10]
18:09:11.034 [main] DEBUG org.apache.http.impl.execchain.MainClientExec -- Opening connection {s}->https://dummyjson.com:443
18:09:11.035 [main] DEBUG org.apache.http.impl.conn.DefaultHttpClientConnectionOperator -- Connecting to dummyjson.com/66.33.22.2:443
18:09:11.035 [main] DEBUG org.apache.http.conn.ssl.SSLConnectionSocketFactory -- Connecting socket to dummyjson.com/66.33.22.2:443 with timeout 30000
18:09:11.060 [main] DEBUG org.apache.http.conn.ssl.SSLConnectionSocketFactory -- Enabled protocols: [TLSv1.3, TLSv1.2]
18:09:11.060 [main] DEBUG org.apache.http.conn.ssl.SSLConnectionSocketFactory -- Enabled cipher suites:[TLS_AES_256_GCM_SHA384, TLS_AES_128_GCM_SHA256, TLS_CHACHA20_POLY1305_SHA256, TLS_ECDHE_ECDSA_WITH_AES_256_GCM_SHA384, TLS_ECDHE_ECDSA_WITH_AES_128_GCM_SHA256, TLS_ECDHE_ECDSA_WITH_CHACHA20_POLY1305_SHA256, TLS_ECDHE_RSA_WITH_AES_256_GCM_SHA384, TLS_ECDHE_RSA_WITH_CHACHA20_POLY1305_SHA256, TLS_ECDHE_RSA_WITH_AES_128_GCM_SHA256, TLS_DHE_RSA_WITH_AES_256_GCM_SHA384, TLS_DHE_RSA_WITH_CHACHA20_POLY1305_SHA256, TLS_DHE_DSS_WITH_AES_256_GCM_SHA384, TLS_DHE_RSA_WITH_AES_128_GCM_SHA256, TLS_DHE_DSS_WITH_AES_128_GCM_SHA256, TLS_ECDHE_ECDSA_WITH_AES_256_CBC_SHA384, TLS_ECDHE_RSA_WITH_AES_256_CBC_SHA384, TLS_ECDHE_ECDSA_WITH_AES_128_CBC_SHA256, TLS_ECDHE_RSA_WITH_AES_128_CBC_SHA256, TLS_DHE_RSA_WITH_AES_256_CBC_SHA256, TLS_DHE_DSS_WITH_AES_256_CBC_SHA256, TLS_DHE_RSA_WITH_AES_128_CBC_SHA256, TLS_DHE_DSS_WITH_AES_128_CBC_SHA256, TLS_ECDHE_ECDSA_WITH_AES_256_CBC_SHA, TLS_ECDHE_RSA_WITH_AES_256_CBC_SHA, TLS_ECDHE_ECDSA_WITH_AES_128_CBC_SHA, TLS_ECDHE_RSA_WITH_AES_128_CBC_SHA, TLS_DHE_RSA_WITH_AES_256_CBC_SHA, TLS_DHE_DSS_WITH_AES_256_CBC_SHA, TLS_DHE_RSA_WITH_AES_128_CBC_SHA, TLS_DHE_DSS_WITH_AES_128_CBC_SHA, TLS_RSA_WITH_AES_256_GCM_SHA384, TLS_RSA_WITH_AES_128_GCM_SHA256, TLS_RSA_WITH_AES_256_CBC_SHA256, TLS_RSA_WITH_AES_128_CBC_SHA256, TLS_RSA_WITH_AES_256_CBC_SHA, TLS_RSA_WITH_AES_128_CBC_SHA, TLS_EMPTY_RENEGOTIATION_INFO_SCSV]
18:09:11.060 [main] DEBUG org.apache.http.conn.ssl.SSLConnectionSocketFactory -- Starting handshake
18:09:11.089 [main] DEBUG org.apache.http.conn.ssl.SSLConnectionSocketFactory -- Secure session established
18:09:11.089 [main] DEBUG org.apache.http.conn.ssl.SSLConnectionSocketFactory --  negotiated protocol: TLSv1.3
18:09:11.089 [main] DEBUG org.apache.http.conn.ssl.SSLConnectionSocketFactory --  negotiated cipher suite: TLS_AES_128_GCM_SHA256
18:09:11.089 [main] DEBUG org.apache.http.conn.ssl.SSLConnectionSocketFactory --  peer principal: CN=dummyjson.com
18:09:11.089 [main] DEBUG org.apache.http.conn.ssl.SSLConnectionSocketFactory --  peer alternative names: [dummyjson.com]
18:09:11.089 [main] DEBUG org.apache.http.conn.ssl.SSLConnectionSocketFactory --  issuer principal: CN=R11, O=Let's Encrypt, C=US
18:09:11.089 [main] DEBUG org.apache.http.impl.conn.DefaultHttpClientConnectionOperator -- Connection established 192.168.1.15:64683<->66.33.22.2:443
18:09:11.089 [main] DEBUG org.apache.http.impl.conn.DefaultManagedHttpClientConnection -- http-outgoing-1: set socket timeout to 30000
18:09:11.089 [main] DEBUG org.apache.http.impl.execchain.MainClientExec -- Executing request GET /products/1 HTTP/1.1
18:09:11.089 [main] DEBUG org.apache.http.impl.execchain.MainClientExec -- Target auth state: UNCHALLENGED
18:09:11.089 [main] DEBUG org.apache.http.impl.execchain.MainClientExec -- Proxy auth state: UNCHALLENGED
18:09:11.090 [main] DEBUG org.apache.http.headers -- http-outgoing-1 >> GET /products/1 HTTP/1.1
18:09:11.090 [main] DEBUG org.apache.http.headers -- http-outgoing-1 >> Host: dummyjson.com
18:09:11.090 [main] DEBUG org.apache.http.headers -- http-outgoing-1 >> Connection: Keep-Alive
18:09:11.090 [main] DEBUG org.apache.http.headers -- http-outgoing-1 >> User-Agent: Apache-HttpClient/4.5.14 (Java/21.0.8)
18:09:11.090 [main] DEBUG org.apache.http.headers -- http-outgoing-1 >> Accept-Encoding: gzip,deflate
18:09:11.090 [main] DEBUG org.apache.http.wire -- http-outgoing-1 >> "GET /products/1 HTTP/1.1[\r][\n]"
18:09:11.090 [main] DEBUG org.apache.http.wire -- http-outgoing-1 >> "Host: dummyjson.com[\r][\n]"
18:09:11.090 [main] DEBUG org.apache.http.wire -- http-outgoing-1 >> "Connection: Keep-Alive[\r][\n]"
18:09:11.090 [main] DEBUG org.apache.http.wire -- http-outgoing-1 >> "User-Agent: Apache-HttpClient/4.5.14 (Java/21.0.8)[\r][\n]"
18:09:11.090 [main] DEBUG org.apache.http.wire -- http-outgoing-1 >> "Accept-Encoding: gzip,deflate[\r][\n]"
18:09:11.090 [main] DEBUG org.apache.http.wire -- http-outgoing-1 >> "[\r][\n]"
18:09:11.114 [main] DEBUG org.apache.http.wire -- http-outgoing-1 << "HTTP/1.1 200 OK[\r][\n]"
18:09:11.115 [main] DEBUG org.apache.http.wire -- http-outgoing-1 << "Access-Control-Allow-Origin: *[\r][\n]"
18:09:11.115 [main] DEBUG org.apache.http.wire -- http-outgoing-1 << "Content-Encoding: gzip[\r][\n]"
18:09:11.115 [main] DEBUG org.apache.http.wire -- http-outgoing-1 << "Content-Type: application/json; charset=utf-8[\r][\n]"
18:09:11.115 [main] DEBUG org.apache.http.wire -- http-outgoing-1 << "Date: Wed, 23 Jul 2025 11:09:11 GMT[\r][\n]"
18:09:11.115 [main] DEBUG org.apache.http.wire -- http-outgoing-1 << "Etag: W/"5e6-bX+IgjHKZz+TflDmEXfyyaBO9Hk"[\r][\n]"
18:09:11.115 [main] DEBUG org.apache.http.wire -- http-outgoing-1 << "Server: railway-edge[\r][\n]"
18:09:11.115 [main] DEBUG org.apache.http.wire -- http-outgoing-1 << "Strict-Transport-Security: max-age=15552000; includeSubDomains[\r][\n]"
18:09:11.115 [main] DEBUG org.apache.http.wire -- http-outgoing-1 << "Vary: Accept-Encoding[\r][\n]"
18:09:11.115 [main] DEBUG org.apache.http.wire -- http-outgoing-1 << "X-Content-Type-Options: nosniff[\r][\n]"
18:09:11.116 [main] DEBUG org.apache.http.wire -- http-outgoing-1 << "X-Dns-Prefetch-Control: off[\r][\n]"
18:09:11.116 [main] DEBUG org.apache.http.wire -- http-outgoing-1 << "X-Download-Options: noopen[\r][\n]"
18:09:11.116 [main] DEBUG org.apache.http.wire -- http-outgoing-1 << "X-Frame-Options: SAMEORIGIN[\r][\n]"
18:09:11.116 [main] DEBUG org.apache.http.wire -- http-outgoing-1 << "X-Powered-By: Cats on Keyboards[\r][\n]"
18:09:11.116 [main] DEBUG org.apache.http.wire -- http-outgoing-1 << "X-Railway-Edge: railway/asia-southeast1-eqsg3a[\r][\n]"
18:09:11.116 [main] DEBUG org.apache.http.wire -- http-outgoing-1 << "X-Railway-Request-Id: 1WYTqd7rRliqvp6dDcO5xA[\r][\n]"
18:09:11.116 [main] DEBUG org.apache.http.wire -- http-outgoing-1 << "X-Ratelimit-Limit: 100[\r][\n]"
18:09:11.116 [main] DEBUG org.apache.http.wire -- http-outgoing-1 << "X-Ratelimit-Remaining: 98[\r][\n]"
18:09:11.116 [main] DEBUG org.apache.http.wire -- http-outgoing-1 << "X-Ratelimit-Reset: 1753268959[\r][\n]"
18:09:11.116 [main] DEBUG org.apache.http.wire -- http-outgoing-1 << "X-Xss-Protection: 1; mode=block[\r][\n]"
18:09:11.116 [main] DEBUG org.apache.http.wire -- http-outgoing-1 << "Transfer-Encoding: chunked[\r][\n]"
18:09:11.116 [main] DEBUG org.apache.http.wire -- http-outgoing-1 << "[\r][\n]"
18:09:11.116 [main] DEBUG org.apache.http.headers -- http-outgoing-1 << HTTP/1.1 200 OK
18:09:11.116 [main] DEBUG org.apache.http.headers -- http-outgoing-1 << Access-Control-Allow-Origin: *
18:09:11.116 [main] DEBUG org.apache.http.headers -- http-outgoing-1 << Content-Encoding: gzip
18:09:11.116 [main] DEBUG org.apache.http.headers -- http-outgoing-1 << Content-Type: application/json; charset=utf-8
18:09:11.116 [main] DEBUG org.apache.http.headers -- http-outgoing-1 << Date: Wed, 23 Jul 2025 11:09:11 GMT
18:09:11.116 [main] DEBUG org.apache.http.headers -- http-outgoing-1 << Etag: W/"5e6-bX+IgjHKZz+TflDmEXfyyaBO9Hk"
18:09:11.117 [main] DEBUG org.apache.http.headers -- http-outgoing-1 << Server: railway-edge
18:09:11.117 [main] DEBUG org.apache.http.headers -- http-outgoing-1 << Strict-Transport-Security: max-age=15552000; includeSubDomains
18:09:11.117 [main] DEBUG org.apache.http.headers -- http-outgoing-1 << Vary: Accept-Encoding
18:09:11.117 [main] DEBUG org.apache.http.headers -- http-outgoing-1 << X-Content-Type-Options: nosniff
18:09:11.117 [main] DEBUG org.apache.http.headers -- http-outgoing-1 << X-Dns-Prefetch-Control: off
18:09:11.117 [main] DEBUG org.apache.http.headers -- http-outgoing-1 << X-Download-Options: noopen
18:09:11.117 [main] DEBUG org.apache.http.headers -- http-outgoing-1 << X-Frame-Options: SAMEORIGIN
18:09:11.117 [main] DEBUG org.apache.http.headers -- http-outgoing-1 << X-Powered-By: Cats on Keyboards
18:09:11.117 [main] DEBUG org.apache.http.headers -- http-outgoing-1 << X-Railway-Edge: railway/asia-southeast1-eqsg3a
18:09:11.117 [main] DEBUG org.apache.http.headers -- http-outgoing-1 << X-Railway-Request-Id: 1WYTqd7rRliqvp6dDcO5xA
18:09:11.117 [main] DEBUG org.apache.http.headers -- http-outgoing-1 << X-Ratelimit-Limit: 100
18:09:11.117 [main] DEBUG org.apache.http.headers -- http-outgoing-1 << X-Ratelimit-Remaining: 98
18:09:11.117 [main] DEBUG org.apache.http.headers -- http-outgoing-1 << X-Ratelimit-Reset: 1753268959
18:09:11.117 [main] DEBUG org.apache.http.headers -- http-outgoing-1 << X-Xss-Protection: 1; mode=block
18:09:11.117 [main] DEBUG org.apache.http.headers -- http-outgoing-1 << Transfer-Encoding: chunked
18:09:11.117 [main] DEBUG org.apache.http.impl.execchain.MainClientExec -- Connection can be kept alive indefinitely
18:09:11.118 [main] DEBUG org.apache.http.wire -- http-outgoing-1 << "2c8[\r][\n]"
18:09:11.118 [main] DEBUG org.apache.http.wire -- http-outgoing-1 << "[0x1f][0x8b][0x8][0x0][0x0][0x0][0x0][0x0][0x0][0x3][0xad]TMo[0xdb]F[0x10][0xfd]+[0xdb]9/)R[0x96]biOu[0x3][0xa3][\r][0x90][0xa6].[0x14]4@[0x8a][0x1c]V[0xcb][0x11]9[0xf5]~0[0xbb][0xb3]VY[0xc3][0xff][0xbd]XQ[0xb1][0x1d][0xa0]0[0x8a] [0x7][0x1e][0xb8][0xf3][0xe6][0xcd][0x9b][0xcf]{[0xa0][0xe]T+[0x81][0x89]-[0x82][0x82][0xeb][0x94][0xd0][0x1b][0x14][0xbf][0xea]dt[0xd4][0xe2][0xad]N[0x83][0xb8][0x89][0xe4][\r][0xa6][0x4][0x12]:L&[0xd2][0xc8][0x14]<(x?[0xa0]x[0xd1]CP[0x12]Z[0x8c]a[0xcc]VG[0xe1][0xce][0x90][[0x1f][0x8e]^[0x1c]B[0x14][0xc4]I[0xdc][0x5][0x9b][0x1d][0xfd]C[0xbe][0x17][0xda]w[0xc2][0xa2][0xef]y@_[0xfe][0xf1]p@[0xc3][0xa9][0x16]Wf [0xbc]C[0xd1]E[0xed]4[0x93][0x11]V[0xa7][0x1][0x93]8[0x12][0xf][0x82][0x7]J[0xc2][0x6][0xdf]WV'[0xfe][0xc2]cbF[0xcb]Su[0x88][0x88]%[0x96][0xcb]V[0xd7] [0xc1]h[0xc6]>[0xc4][0x9][0x14][0xec]Qg[0x9e]@[0xc2][0x18][0xc9] [0xa8]m[0xbd][0xdd]J[0xe8]([0x99][0x90]=[0xdf]`4[0xe8]Y[0xf7][0x8][0xaa]m[0xea][0xd5]FB[0xd4][0x85][0x1e][0xd4][0xb2]^[0xbf][0x92][0x90]8[0x98][P[0xc5][0x87]u[0x9f]@[0xfd][0xf9][0xc4]xN[0x15]>I[0xd8]G[0xed][0xbb][0xa7][0xd2][0x82][0x84]t[0x9b]A[0xc1]O[0xd7]W[0xd5][0xf5]nw[0xfa][0x9a][0xa6][0x5][0x9]G[0xa4]~`P[0xab]"[0xc2][0xa1]O[0x14]|[0x2]u[0xf]G[0xea]x[0x0][0xd5][0xae][0xeb]v%a8[0xc3][0xda][0x8b][0xba][0xd9][0x94][0x96][0x8c][0xc5][0xb8]\[0xd6][0xdb][0xed][0x83][0x84][0xa3][0x8e]Q{[0x9e][0xde][0xf8][0x92][0xb4]>w[0xaa][0x15]G[0xc4][[0xf1][0xc5]XD[0xc]4[0x8e][0xe4][0xfb][0xaf]q[0xbb][0x81][0xc6]$[0xc8][0x8b][0x8b]j-[0xf6]9[0x91]/][0xec][0xf4]T[0x9a][0xaf][0xef]4Y[0xbd]'K<[0xed]XsN[0xa0][0xe0][0x8d][0x17][0xbb]S!$D[0xbc]#<[0x96]B[0xdc]?[0x96][0xea]B[0x82][0x9][0xce][0xa1]gP[0xf0]!d[0xdb][0x9][0x1f]XD[0x9c]_[0xbb][0x1f][0xca]Pi.[0xb3][0xb7]l[0x96][0xeb][0xaa]YU[0x17][0xcd][0xfb]f[0xab]V[0xad]j[0x96]u[0xb3][0xbe][0xf8][0xf8][0xc8][0x8c][0xf1][0x9d]v[0xa7])[0xb5][0xa8]}[0x88][0xe2]u[0xb0][0x96]|z[0x6][0xb8]v[0x9a],([0xc0][0x19]Q[0x9b][0x19][0xf1][0xe3][0xdf]u[0x97][0x9d][0x9b][0xfe]J[0xc1][0xd7]&8x[0x90]O[0x12]W[0xcf]%[0xfe][0x81]q[0x12]I3[0xa5][0x3][0xe1][0xb7][0xa9]{[0x9b][0x8d]N[0xe2][0xe7][0x10][0xbb][0xe0][0xff]C[0x9a]-[0xe6][0xba]?[0x99]_[0xd4][0xb5]~[0xae][0xeb][0x17][0xea][0x7];[0x9]rc[0xc4][0x94][0xbe]Q[0xd9]w[0xa8][0xdb][0xa7][0xe2][0xc3]9[0xfa][0x9b]`[0xc9][0x94]-z[0x17][0xc4][0xfc]"[0xc6][0xf9]I[0x82]#O.[0xbb][0xdf]b[0x87][0xf1][0xf7][0xac]=[0x13]O[0xa0][0xca][0x6]9d]&[0xda]D[0xd4][0x8c][0xdd][0x15][0xbf][0xac]?[0x8f][0xdd][0xff][0x81][0xed]u4[0xa1]+[0x19][0xae]/7[0xab][0xcb]v[0xdb]l._m.A[0xc2][0xe7][0xf8]z6[0xc][0xcc]cR[0x8b][0x85][0xe9][0xfc][0xd7])-[0xc6][0xbc][0xb7]d[0x16][0x9f]cU8[0xea][0xd1][0xf7][0xf0] [0x81][0x9c][0xee][0xf1][0xb4][0xd3]/x[0xc6][0xd0]e[0xc3][0xd5][0x8c]][0xcc][0xcb][0xbf][0xc0]y[0xcf][0xab][0xf3][0x9](Gi[0xa8][0xc6][0xf3]A\[0xb4][0xf5][0x11][0xf7]c[0xb9][0xb]<d[0xb7][0xf7]s[0xd9][0xbf]o[0x8c]G[0xe6]9[0xd6][0xc3][0xbf][0xac]N[0xb2][0x8d][0xe6][0x5][0x0][0x0][\r][\n]"
18:09:11.118 [main] DEBUG org.apache.http.impl.conn.DefaultManagedHttpClientConnection -- http-outgoing-1: Close connection
18:09:11.119 [main] DEBUG org.apache.http.impl.execchain.MainClientExec -- Connection discarded
18:09:11.119 [main] DEBUG org.apache.http.impl.conn.PoolingHttpClientConnectionManager -- Connection released: [id: 1][route: {s}->https://dummyjson.com:443][total available: 0; route allocated: 0 of 5; total allocated: 0 of 10]
18:09:11.119 [main] DEBUG org.apache.http.impl.conn.PoolingHttpClientConnectionManager -- Connection manager is shutting down
18:09:11.119 [main] DEBUG org.apache.http.impl.conn.PoolingHttpClientConnectionManager -- Connection manager shut down
18:09:11.119 [main] DEBUG com.intuit.karate -- response time in milliseconds: 84
1 < 200
1 < Access-Control-Allow-Origin: *
1 < Content-Type: application/json; charset=utf-8
1 < Date: Wed, 23 Jul 2025 11:09:11 GMT
1 < Etag: W/"5e6-bX+IgjHKZz+TflDmEXfyyaBO9Hk"
1 < Server: railway-edge
1 < Strict-Transport-Security: max-age=15552000; includeSubDomains
1 < Vary: Accept-Encoding
1 < X-Content-Type-Options: nosniff
1 < X-Dns-Prefetch-Control: off
1 < X-Download-Options: noopen
1 < X-Frame-Options: SAMEORIGIN
1 < X-Powered-By: Cats on Keyboards
1 < X-Railway-Edge: railway/asia-southeast1-eqsg3a
1 < X-Railway-Request-Id: 1WYTqd7rRliqvp6dDcO5xA
1 < X-Ratelimit-Limit: 100
1 < X-Ratelimit-Remaining: 98
1 < X-Ratelimit-Reset: 1753268959
1 < X-Xss-Protection: 1; mode=block
1 < Transfer-Encoding: chunked
{"id":1,"title":"Essence Mascara Lash Princess","description":"The Essence Mascara Lash Princess is a popular mascara known for its volumizing and lengthening effects. Achieve dramatic lashes with this long-lasting and cruelty-free formula.","category":"beauty","price":9.99,"discountPercentage":10.48,"rating":2.56,"stock":99,"tags":["beauty","mascara"],"brand":"Essence","sku":"BEA-ESS-ESS-001","weight":4,"dimensions":{"width":15.14,"height":13.08,"depth":22.99},"warrantyInformation":"1 week warranty","shippingInformation":"Ships in 3-5 business days","availabilityStatus":"In Stock","reviews":[{"rating":3,"comment":"Would not recommend!","date":"2025-04-30T09:41:02.053Z","reviewerName":"Eleanor Collins","reviewerEmail":"eleanor.collins@x.dummyjson.com"},{"rating":4,"comment":"Very satisfied!","date":"2025-04-30T09:41:02.053Z","reviewerName":"Lucas Gordon","reviewerEmail":"lucas.gordon@x.dummyjson.com"},{"rating":5,"comment":"Highly impressed!","date":"2025-04-30T09:41:02.053Z","reviewerName":"Eleanor Collins","reviewerEmail":"eleanor.collins@x.dummyjson.com"}],"returnPolicy":"No return policy","minimumOrderQuantity":48,"meta":{"createdAt":"2025-04-30T09:41:02.053Z","updatedAt":"2025-04-30T09:41:02.053Z","barcode":"5784719087687","qrCode":"https://cdn.dummyjson.com/public/qr-code.png"},"images":["https://cdn.dummyjson.com/product-images/beauty/essence-mascara-lash-princess/1.webp"],"thumbnail":"https://cdn.dummyjson.com/product-images/beauty/essence-mascara-lash-princess/thumbnail.webp"}

18:09:11.123 [main] DEBUG com.jayway.jsonpath.internal.path.CompiledPath -- Evaluating path: $['id']
18:09:11.125 [main] INFO com.intuit.karate -- [print] {
  "id": 1,
  "title": "Essence Mascara Lash Princess",
  "description": "The Essence Mascara Lash Princess is a popular mascara known for its volumizing and lengthening effects. Achieve dramatic lashes with this long-lasting and cruelty-free formula.",
  "category": "beauty",
  "price": 9.99,
  "discountPercentage": 10.48,
  "rating": 2.56,
  "stock": 99,
  "tags": [
    "beauty",
    "mascara"
  ],
  "brand": "Essence",
  "sku": "BEA-ESS-ESS-001",
  "weight": 4,
  "dimensions": {
    "width": 15.14,
    "height": 13.08,
    "depth": 22.99
  },
  "warrantyInformation": "1 week warranty",
  "shippingInformation": "Ships in 3-5 business days",
  "availabilityStatus": "In Stock",
  "reviews": [
    {
      "rating": 3,
      "comment": "Would not recommend!",
      "date": "2025-04-30T09:41:02.053Z",
      "reviewerName": "Eleanor Collins",
      "reviewerEmail": "eleanor.collins@x.dummyjson.com"
    },
    {
      "rating": 4,
      "comment": "Very satisfied!",
      "date": "2025-04-30T09:41:02.053Z",
      "reviewerName": "Lucas Gordon",
      "reviewerEmail": "lucas.gordon@x.dummyjson.com"
    },
    {
      "rating": 5,
      "comment": "Highly impressed!",
      "date": "2025-04-30T09:41:02.053Z",
      "reviewerName": "Eleanor Collins",
      "reviewerEmail": "eleanor.collins@x.dummyjson.com"
    }
  ],
  "returnPolicy": "No return policy",
  "minimumOrderQuantity": 48,
  "meta": {
    "createdAt": "2025-04-30T09:41:02.053Z",
    "updatedAt": "2025-04-30T09:41:02.053Z",
    "barcode": "5784719087687",
    "qrCode": "https://cdn.dummyjson.com/public/qr-code.png"
  },
  "images": [
    "https://cdn.dummyjson.com/product-images/beauty/essence-mascara-lash-princess/1.webp"
  ],
  "thumbnail": "https://cdn.dummyjson.com/product-images/beauty/essence-mascara-lash-princess/thumbnail.webp"
}
 
]]></system-out>
  </testcase>
  <testcase name="[3:23] Search Products by Query" classname="dummyjson/Products" time="0.15">
    <system-out><![CDATA[18:09:11.140 [main] DEBUG org.apache.http.client.protocol.RequestAddCookies -- CookieSpec selected: karate
18:09:11.140 [main] DEBUG org.apache.http.client.protocol.RequestAuthCache -- Auth cache not set in the context
18:09:11.140 [main] DEBUG com.intuit.karate -- request:
1 > GET https://dummyjson.com/products/search?q=phone
1 > Host: dummyjson.com
1 > Connection: Keep-Alive
1 > User-Agent: Apache-HttpClient/4.5.14 (Java/21.0.8)
1 > Accept-Encoding: gzip,deflate


18:09:11.140 [main] DEBUG org.apache.http.impl.conn.PoolingHttpClientConnectionManager -- Connection request: [route: {s}->https://dummyjson.com:443][total available: 0; route allocated: 0 of 5; total allocated: 0 of 10]
18:09:11.141 [main] DEBUG org.apache.http.impl.conn.PoolingHttpClientConnectionManager -- Connection leased: [id: 2][route: {s}->https://dummyjson.com:443][total available: 0; route allocated: 1 of 5; total allocated: 1 of 10]
18:09:11.141 [main] DEBUG org.apache.http.impl.execchain.MainClientExec -- Opening connection {s}->https://dummyjson.com:443
18:09:11.141 [main] DEBUG org.apache.http.impl.conn.DefaultHttpClientConnectionOperator -- Connecting to dummyjson.com/66.33.22.2:443
18:09:11.141 [main] DEBUG org.apache.http.conn.ssl.SSLConnectionSocketFactory -- Connecting socket to dummyjson.com/66.33.22.2:443 with timeout 30000
18:09:11.165 [main] DEBUG org.apache.http.conn.ssl.SSLConnectionSocketFactory -- Enabled protocols: [TLSv1.3, TLSv1.2]
18:09:11.167 [main] DEBUG org.apache.http.conn.ssl.SSLConnectionSocketFactory -- Enabled cipher suites:[TLS_AES_256_GCM_SHA384, TLS_AES_128_GCM_SHA256, TLS_CHACHA20_POLY1305_SHA256, TLS_ECDHE_ECDSA_WITH_AES_256_GCM_SHA384, TLS_ECDHE_ECDSA_WITH_AES_128_GCM_SHA256, TLS_ECDHE_ECDSA_WITH_CHACHA20_POLY1305_SHA256, TLS_ECDHE_RSA_WITH_AES_256_GCM_SHA384, TLS_ECDHE_RSA_WITH_CHACHA20_POLY1305_SHA256, TLS_ECDHE_RSA_WITH_AES_128_GCM_SHA256, TLS_DHE_RSA_WITH_AES_256_GCM_SHA384, TLS_DHE_RSA_WITH_CHACHA20_POLY1305_SHA256, TLS_DHE_DSS_WITH_AES_256_GCM_SHA384, TLS_DHE_RSA_WITH_AES_128_GCM_SHA256, TLS_DHE_DSS_WITH_AES_128_GCM_SHA256, TLS_ECDHE_ECDSA_WITH_AES_256_CBC_SHA384, TLS_ECDHE_RSA_WITH_AES_256_CBC_SHA384, TLS_ECDHE_ECDSA_WITH_AES_128_CBC_SHA256, TLS_ECDHE_RSA_WITH_AES_128_CBC_SHA256, TLS_DHE_RSA_WITH_AES_256_CBC_SHA256, TLS_DHE_DSS_WITH_AES_256_CBC_SHA256, TLS_DHE_RSA_WITH_AES_128_CBC_SHA256, TLS_DHE_DSS_WITH_AES_128_CBC_SHA256, TLS_ECDHE_ECDSA_WITH_AES_256_CBC_SHA, TLS_ECDHE_RSA_WITH_AES_256_CBC_SHA, TLS_ECDHE_ECDSA_WITH_AES_128_CBC_SHA, TLS_ECDHE_RSA_WITH_AES_128_CBC_SHA, TLS_DHE_RSA_WITH_AES_256_CBC_SHA, TLS_DHE_DSS_WITH_AES_256_CBC_SHA, TLS_DHE_RSA_WITH_AES_128_CBC_SHA, TLS_DHE_DSS_WITH_AES_128_CBC_SHA, TLS_RSA_WITH_AES_256_GCM_SHA384, TLS_RSA_WITH_AES_128_GCM_SHA256, TLS_RSA_WITH_AES_256_CBC_SHA256, TLS_RSA_WITH_AES_128_CBC_SHA256, TLS_RSA_WITH_AES_256_CBC_SHA, TLS_RSA_WITH_AES_128_CBC_SHA, TLS_EMPTY_RENEGOTIATION_INFO_SCSV]
18:09:11.168 [main] DEBUG org.apache.http.conn.ssl.SSLConnectionSocketFactory -- Starting handshake
18:09:11.212 [main] DEBUG org.apache.http.conn.ssl.SSLConnectionSocketFactory -- Secure session established
18:09:11.213 [main] DEBUG org.apache.http.conn.ssl.SSLConnectionSocketFactory --  negotiated protocol: TLSv1.3
18:09:11.213 [main] DEBUG org.apache.http.conn.ssl.SSLConnectionSocketFactory --  negotiated cipher suite: TLS_AES_128_GCM_SHA256
18:09:11.213 [main] DEBUG org.apache.http.conn.ssl.SSLConnectionSocketFactory --  peer principal: CN=dummyjson.com
18:09:11.213 [main] DEBUG org.apache.http.conn.ssl.SSLConnectionSocketFactory --  peer alternative names: [dummyjson.com]
18:09:11.213 [main] DEBUG org.apache.http.conn.ssl.SSLConnectionSocketFactory --  issuer principal: CN=R11, O=Let's Encrypt, C=US
18:09:11.213 [main] DEBUG org.apache.http.impl.conn.DefaultHttpClientConnectionOperator -- Connection established 192.168.1.15:64684<->66.33.22.2:443
18:09:11.213 [main] DEBUG org.apache.http.impl.conn.DefaultManagedHttpClientConnection -- http-outgoing-2: set socket timeout to 30000
18:09:11.214 [main] DEBUG org.apache.http.impl.execchain.MainClientExec -- Executing request GET /products/search?q=phone HTTP/1.1
18:09:11.214 [main] DEBUG org.apache.http.impl.execchain.MainClientExec -- Target auth state: UNCHALLENGED
18:09:11.214 [main] DEBUG org.apache.http.impl.execchain.MainClientExec -- Proxy auth state: UNCHALLENGED
18:09:11.214 [main] DEBUG org.apache.http.headers -- http-outgoing-2 >> GET /products/search?q=phone HTTP/1.1
18:09:11.214 [main] DEBUG org.apache.http.headers -- http-outgoing-2 >> Host: dummyjson.com
18:09:11.214 [main] DEBUG org.apache.http.headers -- http-outgoing-2 >> Connection: Keep-Alive
18:09:11.214 [main] DEBUG org.apache.http.headers -- http-outgoing-2 >> User-Agent: Apache-HttpClient/4.5.14 (Java/21.0.8)
18:09:11.214 [main] DEBUG org.apache.http.headers -- http-outgoing-2 >> Accept-Encoding: gzip,deflate
18:09:11.214 [main] DEBUG org.apache.http.wire -- http-outgoing-2 >> "GET /products/search?q=phone HTTP/1.1[\r][\n]"
18:09:11.214 [main] DEBUG org.apache.http.wire -- http-outgoing-2 >> "Host: dummyjson.com[\r][\n]"
18:09:11.215 [main] DEBUG org.apache.http.wire -- http-outgoing-2 >> "Connection: Keep-Alive[\r][\n]"
18:09:11.215 [main] DEBUG org.apache.http.wire -- http-outgoing-2 >> "User-Agent: Apache-HttpClient/4.5.14 (Java/21.0.8)[\r][\n]"
18:09:11.215 [main] DEBUG org.apache.http.wire -- http-outgoing-2 >> "Accept-Encoding: gzip,deflate[\r][\n]"
18:09:11.215 [main] DEBUG org.apache.http.wire -- http-outgoing-2 >> "[\r][\n]"
18:09:11.241 [main] DEBUG org.apache.http.wire -- http-outgoing-2 << "HTTP/1.1 200 OK[\r][\n]"
18:09:11.242 [main] DEBUG org.apache.http.wire -- http-outgoing-2 << "Access-Control-Allow-Origin: *[\r][\n]"
18:09:11.242 [main] DEBUG org.apache.http.wire -- http-outgoing-2 << "Content-Encoding: gzip[\r][\n]"
18:09:11.242 [main] DEBUG org.apache.http.wire -- http-outgoing-2 << "Content-Type: application/json; charset=utf-8[\r][\n]"
18:09:11.242 [main] DEBUG org.apache.http.wire -- http-outgoing-2 << "Date: Wed, 23 Jul 2025 11:09:11 GMT[\r][\n]"
18:09:11.242 [main] DEBUG org.apache.http.wire -- http-outgoing-2 << "Etag: W/"91a2-RFRCC1oz+o2Uvyk0nOQo9Pf5Q2g"[\r][\n]"
18:09:11.242 [main] DEBUG org.apache.http.wire -- http-outgoing-2 << "Server: railway-edge[\r][\n]"
18:09:11.242 [main] DEBUG org.apache.http.wire -- http-outgoing-2 << "Strict-Transport-Security: max-age=15552000; includeSubDomains[\r][\n]"
18:09:11.242 [main] DEBUG org.apache.http.wire -- http-outgoing-2 << "Vary: Accept-Encoding[\r][\n]"
18:09:11.242 [main] DEBUG org.apache.http.wire -- http-outgoing-2 << "X-Content-Type-Options: nosniff[\r][\n]"
18:09:11.242 [main] DEBUG org.apache.http.wire -- http-outgoing-2 << "X-Dns-Prefetch-Control: off[\r][\n]"
18:09:11.242 [main] DEBUG org.apache.http.wire -- http-outgoing-2 << "X-Download-Options: noopen[\r][\n]"
18:09:11.242 [main] DEBUG org.apache.http.wire -- http-outgoing-2 << "X-Frame-Options: SAMEORIGIN[\r][\n]"
18:09:11.242 [main] DEBUG org.apache.http.wire -- http-outgoing-2 << "X-Powered-By: Cats on Keyboards[\r][\n]"
18:09:11.242 [main] DEBUG org.apache.http.wire -- http-outgoing-2 << "X-Railway-Edge: railway/asia-southeast1-eqsg3a[\r][\n]"
18:09:11.242 [main] DEBUG org.apache.http.wire -- http-outgoing-2 << "X-Railway-Request-Id: iaYuA70RTpOA_ZfvAQeqjw[\r][\n]"
18:09:11.242 [main] DEBUG org.apache.http.wire -- http-outgoing-2 << "X-Ratelimit-Limit: 100[\r][\n]"
18:09:11.242 [main] DEBUG org.apache.http.wire -- http-outgoing-2 << "X-Ratelimit-Remaining: 97[\r][\n]"
18:09:11.242 [main] DEBUG org.apache.http.wire -- http-outgoing-2 << "X-Ratelimit-Reset: 1753268959[\r][\n]"
18:09:11.242 [main] DEBUG org.apache.http.wire -- http-outgoing-2 << "X-Xss-Protection: 1; mode=block[\r][\n]"
18:09:11.242 [main] DEBUG org.apache.http.wire -- http-outgoing-2 << "Transfer-Encoding: chunked[\r][\n]"
18:09:11.242 [main] DEBUG org.apache.http.wire -- http-outgoing-2 << "[\r][\n]"
18:09:11.242 [main] DEBUG org.apache.http.wire -- http-outgoing-2 << "a[\r][\n]"
18:09:11.242 [main] DEBUG org.apache.http.wire -- http-outgoing-2 << "[0x1f][0x8b][0x8][0x0][0x0][0x0][0x0][0x0][0x0][0x3][\r][\n]"
18:09:11.242 [main] DEBUG org.apache.http.headers -- http-outgoing-2 << HTTP/1.1 200 OK
18:09:11.243 [main] DEBUG org.apache.http.headers -- http-outgoing-2 << Access-Control-Allow-Origin: *
18:09:11.243 [main] DEBUG org.apache.http.headers -- http-outgoing-2 << Content-Encoding: gzip
18:09:11.243 [main] DEBUG org.apache.http.headers -- http-outgoing-2 << Content-Type: application/json; charset=utf-8
18:09:11.243 [main] DEBUG org.apache.http.headers -- http-outgoing-2 << Date: Wed, 23 Jul 2025 11:09:11 GMT
18:09:11.243 [main] DEBUG org.apache.http.headers -- http-outgoing-2 << Etag: W/"91a2-RFRCC1oz+o2Uvyk0nOQo9Pf5Q2g"
18:09:11.243 [main] DEBUG org.apache.http.headers -- http-outgoing-2 << Server: railway-edge
18:09:11.243 [main] DEBUG org.apache.http.headers -- http-outgoing-2 << Strict-Transport-Security: max-age=15552000; includeSubDomains
18:09:11.243 [main] DEBUG org.apache.http.headers -- http-outgoing-2 << Vary: Accept-Encoding
18:09:11.243 [main] DEBUG org.apache.http.headers -- http-outgoing-2 << X-Content-Type-Options: nosniff
18:09:11.243 [main] DEBUG org.apache.http.headers -- http-outgoing-2 << X-Dns-Prefetch-Control: off
18:09:11.243 [main] DEBUG org.apache.http.headers -- http-outgoing-2 << X-Download-Options: noopen
18:09:11.243 [main] DEBUG org.apache.http.headers -- http-outgoing-2 << X-Frame-Options: SAMEORIGIN
18:09:11.243 [main] DEBUG org.apache.http.headers -- http-outgoing-2 << X-Powered-By: Cats on Keyboards
18:09:11.243 [main] DEBUG org.apache.http.headers -- http-outgoing-2 << X-Railway-Edge: railway/asia-southeast1-eqsg3a
18:09:11.243 [main] DEBUG org.apache.http.headers -- http-outgoing-2 << X-Railway-Request-Id: iaYuA70RTpOA_ZfvAQeqjw
18:09:11.243 [main] DEBUG org.apache.http.headers -- http-outgoing-2 << X-Ratelimit-Limit: 100
18:09:11.243 [main] DEBUG org.apache.http.headers -- http-outgoing-2 << X-Ratelimit-Remaining: 97
18:09:11.243 [main] DEBUG org.apache.http.headers -- http-outgoing-2 << X-Ratelimit-Reset: 1753268959
18:09:11.243 [main] DEBUG org.apache.http.headers -- http-outgoing-2 << X-Xss-Protection: 1; mode=block
18:09:11.243 [main] DEBUG org.apache.http.headers -- http-outgoing-2 << Transfer-Encoding: chunked
18:09:11.243 [main] DEBUG org.apache.http.impl.execchain.MainClientExec -- Connection can be kept alive indefinitely
18:09:11.244 [main] DEBUG org.apache.http.wire -- http-outgoing-2 << "16a7[\r][\n]"
18:09:11.244 [main] DEBUG org.apache.http.wire -- http-outgoing-2 << "[0xd5][0x9d]][0x93][0xda][0xb8][0x9a][0xc7][0xbf][0x8a][0xd6]7[0xbb][[0x5][0xe]~[0xb7][0xfb]j;IO&[0x99][0xee][0xa4][0xcf]t*[0x99]=[[0xe7]B[0xd8][0x2][0x94][0x96]%[0x8f]$C[0x93][0xa9][0xf9][0xee][[0x92][\r][0xb6][0x1b][0x9b][0x18]0t[0xce][0x5][0x17][0xdd][0x8f][0x90][0x85][0xc1][0xff][0x9f][0x9f]7[0xf9]/#[0xe3],[0xc9]c)[0x8c][0xab][0xff][0xfb][0xcb][0xc0][0x89]qeM[0xac][0x91]![0xb1]$[0xc8][0xb8]2[0xae][0xb3][0x8c] p[0x8d][0xf9]=K[0x4][0xb8][0x83]O[0xe0][0x1][0x93]%[0xe2][0xc6][0xc8]H[0x90][0x88]9[0xce]$f[0xd4][0xb8]2>/[0x10][0xd8][0x1d][0x8c]i9[0x1e]@[0x8e]@[0xc6]Q[0x8a][0xf3][0x14][0xb0]%[0xe2]c[0x4]9X [0x98]d[0xb]F[0x91][0x0]+,[0x17]`[0x81][0xe7][0x8b][0xf1][0xc]'[0x88]`[0xb9][0x6]0O0[0x1b][0x1][0x98][0xc0]L[0xe2]%[0x2]7[0xff][0x18][0x1]H[0x13][0x0]c[0xfd]'eX [0x10]C[0x1a]#B[0xa0]Z[0x86][0x9]n[0x9e]2[0xc4]1[0xa2]1[0x2]8M[0x11][0x17]j[0xa0]`9M[0xd4]R[0x84]\[0x13]d[0x1a]##[0x86][0x12][0xcd][0x19]_[0x1b]WF[0xca][0xa6][0x98][0xa0]1[0x8c]c$[0x4][0xe3][0x18][0x9]cdd[0x1c][0xc7][0xc8][0xb8][0xf2][0xdc][0xc8][0x8c][0xa2][0x91][0x91]`[0x11][0xb3][0x9c][0xca]{[0xc4]cD%[0x9c]#[0xe3][0xca]rL?[0x18][0x19][0x1c]JL[0xe7][0xc6][0x95]c[0xba][0xc1][0xc8][0x10][0x92][0xc5][0x8f][0xc6][0x95][0x17][0x8d][0xc][0x9][0xe7][0xea][0x94][0x1a][0x88][0xa0]XrFq[0xac]&n[0xf9][0xe4][0xc6][0xbf]F[0xc6][0x94]C[0x9a]l[0xce][0xb6]12[0xc4]cn\[0x19]w[0x9f]^[0x8f][0xaf][0xef][0xef][0xf5][0xcb][0x9a]X[0xc6][0xc8]X!<_H[0xe3][0xca]VkJ[0x11][0x15][0x98]Qa\[0xfd]e[0xac]p"[0x17][0xc6][0x95][0xed][0x9a]a82[0x16][0xe5]0[0xcb]5[0xd5][0xea]Q[0xa6]m[0x81][0xe9][0xb9][0x8f][0x8c][0x15][0xe4][0x1c]R[0xb9]~Og[0x8c][0xa7][0xb0][0xfc][0xfa]>2[0xb0]1[0xa8][0xe3]/p[0x96]a:o[0x8e]yX[0xe0]L[0xa8][0xf3]h[0x83][0x15]B[0x8f][0xea][0xf3][0xc0]%[0xc4][0x4]N[0xb1][0xfa][0xbe][0x1e]$[0x94][0xb9]0[0xae][0x8c][0xf7][0x14]<[0xe8][0x13]128Zb[0xb4]*~[[0x9b]S[0xe5][0x8d][0x8c][0x98][0xa5])[0xa2][0xd2][0xb8]2n[0x9e][0xd4][0xb7][0x87][0xa8][0x4][0xe6]P[0xcd][0xf2][0x1f][0xea][0x97][0x5][0xa5][0xfa][0xed][0xd9][0x13][0xdb][0x1b]O[0xdc][0xb1]3[0xf9]<[0x89][0xae]\[0xeb]jb[0x9b][0x13][0xcf][0xf9][0xe7]v^[0xc4]?[0xc2]T[0x8d][0xfc][0x15]Q[0xbe][0x6][0xd7][0x9]LE[0xcd]x[0x93]BL[0x8c]+c[0xa1][0xac]&T[0xd6][0xff]y2[0x93]<M[0xd7][0xdf][0x4][0xa3]f[0xcc]R[0xe3][0xef]Q[0xb5]0[0xb7][0xbe][0xb0]/[0x88][0xaf][0xc1][0x2]f[0xd9][0xba][0xf8]i[0xa6]k[0x90][0xe5]<^@[0x81][0x8e]Z[0xe2][\r][0xc1][0xdf][0xe0][0x2][0xbc][0xe1][0xf9][0xf7][0x96]%"m5c[0x9e][0xef][0xbf][0xc4][0xaf],'[0x9][0x98][0xe6]k[0x0][0xe7][0x10][0xd3][0xa3][0x96][0xf5][0x15][0x13][0x82]a[\n]"
18:09:11.244 [main] DEBUG org.apache.http.wire -- http-outgoing-2 << "nY[0x86][0xda][0x16][0xb6]*[0xec]&Q[0xf6][0xdd][0xa5][0xfd]K[0xbd]C[0xe6][0x9c][0xde]3[0x82][0xe3]u[0xf1]C*[0xfe][0x3][0xb2][0xe2]_##[0xc5][0x14][0xa7]y[0xfa][0x89]'[0x88][0xff]#[0x87]Tb[0xb9]6[0xae][0xac][0x91][0x91]"[0x9][0xd5][0xaf]7[0xe6][0x8]J[0x94]\[0xcb][0xfd]K[0xcf][0xb3][0xa4][0xcf][0xb0])[0xe4]1K[0xd4][0x87]s'[0xbe]m[0x5][0xfe][0xc4]s[0x2][0xc7]6F[0xc6][0x9f][0xfc]MaXH[0x99][0x89][0xab]W[0xaf][0xe2][0x84]6?[0xd1][0xab],[0x9f][0x12][0x1c][0xbf][0xfa][0x93][0x8f][0xd5][0x1c]fF[0xe7][0xc6][0xdf]#[0x3][0xa7]p[0x8e][0xf4][0xe5][0xbc][0xe7][0x9d][0x85][0x8e][0x8e][0x8b][0xb1][0xaf]vu[0xe5][0x15]TW[0xf7][0x18]b[0x9e][0xb1]D[0x8c]S[0xf8]4[0x16]Z[0x1b]_Y[0xe6][\n]"
18:09:11.244 [main] DEBUG org.apache.http.wire -- http-outgoing-2 << "M3%[0x4]r[0x91][0xa7]SZ[0xfe]l[0xcf]q[0xa8][0xed][0x1][0x8a]C[0xaa][0xdf]V[0xa1][0xf9][0xee]s[0xcd][0xc7][0xf7]J[0x9e][0xc0][0x9b][0x5][0xe4][0xf3][0xbd]z[0xdf][0x1c][0x8][0xb0][0x0][0xb0][0x10][0xf2][0xf2][0x8a][0x6]qiI[0x90][0xc0]s[0x8a][0x12]0c[0x1c][0xcc][0xa0][0x90]Z[0xcd][0xd1]l[0x86]c[0xac][0x14]@[0x8f][0xc3]t[0xe][0xd8][0xc][0xac]Y[0xce][0xcb][0x99]MpCE[0xce]Q[0xf1][0xbf][0x4]-q[0x8c][0x80][0x90]p-@[0xc6]V[0x88][0xa3][0x4][0xe4][0x99][0x9e][0x8a]#[0x98][0xac][0x81]d`[0xce][0xe]Pyk[0x8f][0xc8][0x87][0xa6]gW"[0xef][0x9a][0x96][0xb7][0x15]y[0xc7][0xea][0x12][0xf9][0xf2][0xf3][0xf6]Vv[0xb7][0xa6][0xec]V[0x87][0xb2]+[0xdc]8[0x95][0xb2][0xdb][0xbe]i{[i[0xf7][0xcc][0xc8][0xeb]Tv[0xb][0xac][0x15]p.[0xa5][0xee][0xd6][0x8e][0x88]&X[0xc0],c[0x98]J[0x94][0x1c][0xa5]Q[0xf]0[0xc1][0x8][0xdc]1[0xe][0x9]j[0xd3]w[0xa1][0xec]fZ[0xd8][0xf7][0xca]g[0x3]=[0xef][0x94][0xea][0x80][0xf2]Z:ja[0xb7][0x98][0xac][0xc1]g[0xc6]y[0xeb][0xb2][0x8]&kSj[0xeb][0xde]E[0xd9][\r]M[0x87]B"u[0x1][0xa4][0x8c][0xa2][0xe3]`x[0x9b]?"[0xf0][0x86][0xb1]L_[0xb5];[0xab][0xca][0x1f][0x91][0x19]kk[0x1f]9[0x8f]& QWZOMw[0xcf]/[0xea][0x93]0[0x88][0x82][0xc0][0xf7]\[0xcb][0xb5][0x82][0x9f]E[0xd4][0xb1][0xbe][0x97][0x1b][0x97]W[0xfe]F[0xd0]G[0xc3][0xcf]l[0x9f][0x9][0x15][0xcf][0xe][0xd3][0x89][0x9][0xef]9&[0xee][0xe0][0xfc][0x1][0xce][0x10]x[\r][0xa5]TW[0xfb]=[0xd4][0xd2][0xd0][0x5][0x8b][0xb6][0xe1][0x5]22[0xc6]%[0x9c][0x12][0xa4][0x95]<ft[0x89][0xa8][0xa6][0xc2][\n]"
18:09:11.244 [main] DEBUG org.apache.http.wire -- http-outgoing-2 << "jI[0x87]I[0x2][0xd0][0x93][0xe4][0x10]L[0xcb][0xb7][0x12]<C[0xca][0xa2][0xb1]P[0xce];[0x8e]Y[0x9a]A[0x89][0xa7][.[0x99][0xe0]ZJ[0x18]/[0x0][0x96] [0x85]s[0x8a]$[0x8e]!!k[\r]![0x8][0x4][0x8a][0x15]ZbF)[0x8a][0xb5][0xf][0xd1][0x1f][0x1c][0xd1][0x1e]p[0x4][0xa6][0xd5][0xf0][0xe]|{[0xb][0x8e]Nnh[0x9a][0x81])[0xa4][0x8f][0xbd][0xd1][0xe1][0xd5][0xd0][0xe1]w[0xa1][0xc3]3[0xdd][0x9a]O`[0x99]a[0xe5][0x14]X[0x91][0xe9][0x7][0x9d][0xe8][0xb0][0xf]B[0x87][0xf2]m[0xa8]>H[0x7]9n[0xd9]j/:[0xec][0xdd][0x9b][[0xca]$[0xe0][0xa8][0xf8][0xef][0x91][0xf0][0x90][0xca];T[0xf4][0xe0][0xb8][0x15][0x1e][0xda][0xae][0xe8][0xc1][0xf1][0x1]:[0xfd][0x91]I[0x0][0x5](~[0xe6][0xd3]#[0xc1]6[0x8c][0xdb][0xd2][0x80][0xda]/[0xea][0xb6]j[0xf3]-[0x1d][0xb5][0xa8]70E[0x9c]Q[0xf0]:[0xe7][0x8f][0xa8]eYqa7[0xa7][0xca]>[0xa8]Gp[0x1]xx[0x96][0x17][0xb8][0xb6][0x1b]FA[0x10][0xb9]?[0xb]<R8[0x17]J[0xbb]Ja[0x1b]g0~[0x1c][0x12]![0xad][0xf3][0x9f][0xb]$[0xad][0x7][0xeb][0xc4]IP[0xe1][0xe4]5[0x82]R[0x80]_[0x8]z[0x2]_1G[0x4][0x9][0x1]n /[0x83]$mD[0xd9][0xfb][0xe][0xc0]f3[0x15]v[0x2]1Kgu[0xb4],[0x11][0x17]Pb[0xf5][0x97][0x8a]/[0x1][0xb4][\r][0x19][0x99][0xe0][0xab][0xf6][0xf4]KJ[0x0][0x4][0xf9]4O[0x84]~W[0x9e])[0xd4]X6X[0xb0][0x9c][0xab][0xc9][0x1b][0x18][0x1a][0x1][0xb9]@k[0x1d][0xe3][0xc2][0x9][0x82]D[0xc3][0x5]-[0x11]_'p[\r]rqH[0xd0]iO[0xcc][0xc9]3[0x3][0xa7][0xee][0x8d][0xd8]n[0x15]r[0x9a]tQe[0xb5]95h{2kp[0xd1][0xe7][0xb0][0x1][0x97][0xd7]7[0xd7][0xfa]eM[0x82][0x1a]\[0xc2].[0xb8][0x4]f[0xe8][0xd7][0xfc][0x12][0xcf][0xc][0xdc]*[0xe4][0xe4][0x98][0x93]h8[0xc7][0xc4][0x1a][0xdb]`[0x9a][0xb]L[0xd5][0xa7]Qw[0xa5]G[0xba]([\r]![0xbb][0xf5]N[0x94][0xe7]y[0x8a]7[0xb0][0x9][0xa5][0xbc]c[0xf4];${[0xa3])[0xf3]rH][0xd7][0x9e]TF[0x10][0x14]G[0xb2][0xe6][0x1d][0x9c]r[0x8c][0x8][0xb8][0xc3]2^ BZV7/[0x86][0x98]i9[0xe4]0[0x1a][0xae][0x18][0x97][0xb]u[0x1d][0x0][0xfd]C>i[0x91]]H[0xdc][0xac][0xb0][0x3][0x8a][0xbb][0xec][0x9][0xe][0xf2]^[0x82][0xf3][0x3][0xc8][\n]"
18:09:11.244 [main] DEBUG org.apache.http.wire -- http-outgoing-2 << "\[0xcb][0xe],?[0xb2][0xad][0xe0]'[0x0][0xd0]T][0xfe][0xe3][0x19]AO[0xe3][0x8d]N[0x8c][0xb7]:q[0x86][0xb8][0xd4][0xfe][0xe3]ub"[0xac]0QF[0x9b],[%[0x16]p[0xac]#OP[0xa0]"H[0xbb][0xf1].[0xee]I[0x9e][0xb6]"[0xa3][0xd7][0xbb]1[0xd5][0x13][0x14]n[0x89][0xca][0x19]`[0xb1][0xd0][0x10][0xc8]8[0x93][0xa8]H>[0xc4][0xea]][0x8d][0x80][0x96][0xac]Oo[0x82][0xf7][0x12][0xcc][0x10][0x94]9Gb;[0xb1]D[0xf1][0x82]2[0xc2][0xe6][0x85][0xf7][0x81][0xa0]X[0x3][0xa8][0xbd][0x13]u[0x1d])[0xa8][0xd4][0xce][0xd5][0x1][0xc8][0xb0][0xf7][0xa6])B[0xaf][0xc3][0x11][0xf1];[0xd3][0x14][0xfa][0xfb][0xa8]/[0xe6][0xc7][0xfe][0xc8][0xfb][0xfb]_[0xc7][0xd6]$[0xac]!#[0xe8]B[0x86]m[0xba]Q[0xc3]![0xb1][0xa3]:2<[0xbb][0x13][0x19][0x8e][\n]"
18:09:11.244 [main] DEBUG org.apache.http.wire -- http-outgoing-2 << "[0x8b][0xc8][0x85]8[0x0][0x1a][0xce][0xd8][0x1b][0x1e][0x1a][0x95]srZ[0xf4][0xfd][0x1e]Q[0xa4]"[0xeb][0xe0]7u[0x8c]][0xbd][0xcb]J[0xbb][0xf9][0x88][0xe9][0xfc][0xd0][0xc8][0xd6][0x12][0x92][0x1c][0xe9][0x1f][0xda][0xf1][0xb1][0xa4][0xf7][0x2]N[0xb5][0xff]tM[0x13][0xc4][0x5][0xa3]-[0x8b][0xc4][0xe5][0x18][0x13][0x96]c[0xfa]/[0xf4]W<_[0x90]u[0xe5][0xe1][0x1d][0xc9][0xb6]7[0x4]b[0x8e][0xc0]/L[0xc8][0xd6][0x98]W[0xac][0xed][0xe6]L[0xdb][0x87][0x8f]z][0xc0]o[0x9]-[0xcf][0xf][0x9d][0xd0][0xf6],[0xd7][0x8d]^[0x1e][0x1b]e[0xb4][0xc8][0xb2]UZA[0xcb][0xe8]X[0x9][0xe2]X[0xc9][0xe8][0xd6][0x3][0xc8]H[0x9e][0xe][0xe3][0xc6][0xf4]?[0x9c]}[0xd9][0xc3]9[0x97]=[0x9c];8[0x8f][0xfb][0x1f][0xbb][0x8b][0xcd][0xd6][0xa4]b[0xf3][0x3]"3[0x8c][0xc0]-L[0xb3][0x82][0xa8][0x5][0xf][I[0xdc]1[0xb6]%[0x16][0x8][0x93]o[0xb9]([0xfe][0xbc][0xbd]y[0xb][0x88][0xc2]F[0x85]^[0xc9][0x0][0xa2][0xb]U[0x4]P[0x4][0x2][0x85][0x9e][0xb7]p[0xda][0x96]8A[0xc][0xa8]p[0x9f][0xa8][0x87][0x1]71[0xc3][0xf2][0x88]J!W[0x88][0x90]1[0xc1][0x12]d[0xb]&[0xd9]![0xec]U9[0xf6].[0xf6]F*[0xf0]V[0xa1][0xd7][0xab][0x92]G^[0xd8][0x85][0xde]b[0xfd]][0xec]}[0x7][0x93]9[0x92]w[0xb0][0x14][0xba][\n]"
18:09:11.244 [main] DEBUG org.apache.http.wire -- http-outgoing-2 << "[0xc1][0xef][0xae][0xdf][0x8e][0x1f]nn[0xc7][0x96]5[0xa9]g[0x93]&[0x1d][0xc][0xf6]L[0xbb][0xe6][0xb5][0xa9][0x9b][0x84][0x9a][0xd7]f[0x9b][0xa1][0xd3][0x89][0xe0][<C[0x12][0xa7][0xe8]b[0x9]%[0xf7][0xc][0xc0]8!ERC[0x99]S_[0xd9]=c[0xfc][0xa4][0x1a][0x86]7[0x90][0xa0])[0xb8]G[0xfc][0x11][0xd3]6[0xdf]'Vv3+[0xec][0xfd][0x8b][0x4][0x6]:c[0xaf][0x11][0xfd][0x6]SL[0xc1]WL[0xda]o[0x3][0xa6][0xe5][0x8]s[0xa5]G[0xf4][0xc1][0xac][0x10]fm[0xfb][0x2][0x15][0x3]N`[0x7][0xa1]e[0x85]Q[0x18]y/[0xcf][0xd9]B[0xc][0xc6][0x4][0xa6]Y![0xc9][0x85]^[0x9f][0xc1]1[0xeb]:R[0xa7][0xec][;[0xb2][0xff] q[0xfc][0x8][0xee][0x18]e[0x19]K[0xf6]i~c`![0xf8][0xe8]I"[0x9a]l%[0xc6]H[0xf1]G[0x99][0xed]W[0x12][0x1d][0xc3]L[0xe6]\[0x5]it[0x8c][0x1][0xf1][0x19][0x8a]e)[0xf7][0x80]q0[0xe7],[0xcf][\n]"
18:09:11.244 [main] DEBUG org.apache.http.wire -- http-outgoing-2 << "[0xfd]6[0xc1][0x9b]*[\r][0xa4][0xe1]"R[0xc8]e[0x19][0x18][0xd4][0xf9]%[0x15][0xc4][0x86][0x7][0xe9][0xbc][0xbd]O[0xe7]-[0xbb].[0xf4][0xaa][0x6]k[0x93][0xec][0xe9][0xcc][0xf6][0xec][0x17][0xfa][0x7][\n]"
18:09:11.244 [main] DEBUG org.apache.http.wire -- http-outgoing-2 << "[0xb3][0xcf](^4D[0xfe][0xe1][0xe3]u)[0xf2]=[0x8b][0xc1][0x2][0xbf]Q2[0xe0][0x84][0x95][0xc8][[0xa6][0xd3][0x1d][0x9a]s^*4[0xe7][0xe][0x9b][0xa0][0xff]}[\r])x[0xc7][0xe1][0x2][0xa6]-[0x8a][0xc5][0xd7][0x90][0x9a]sm"
18:09:11.245 [main] DEBUG org.apache.http.wire -- http-outgoing-2 << "[0xed][0xaf][0xa7][0xa7]/[0xea]#[0xe3][0x10][0xfc][0x9e][0xb][0xd1][0x1e][0x85][0xa3][0x8c]C[0x93][0x17][0xe6][0xbd][0xcb]j[0xad][0xb4]P[0xa1]m1[0xc3]Gs[0x91]B[0x85][0xa0][0xd6][0xe0]%[0xc9])T[0xfc][0xe9]W[0x7][0xe6][0x1c][0xa4][0xed][0xe1][0xf9][0xa5]=[0x98][0xf8]N[0x14][0xda][0x13]ob[0xdb][0xfe]O#[0xed]Bi[0xe1]8-[0xb4][0xf0]|[0xba][0xde]<L[0x97][0xa8][0xdb][0xd6]N[0x9c][0xcd]kO[0xbd]l[0xad][0x85]|[0xc7][0x4][\n]"
18:09:11.245 [main] DEBUG org.apache.http.wire -- http-outgoing-2 << "[0x81][0xe3][0x9a][0xcc][0x82]G[0xca]VT[0xb]7[0x96][0x2][0xe8][0xb4]|[0xbc][0xb9]m/o[0xeb][0x97][0xea][0xae]=[0xa9][0xc2]dI![0xef]j[0xbc][\n]"
18:09:11.245 [main] DEBUG org.apache.http.wire -- http-outgoing-2 << "[\r]B[0xa1]22[0xb][0x95][0xa9][0xc1][0xf2]?[0x95]n[0x3]F[0x12][0xa4][0xc2][0x19][0x9]"#u'/$&D][0x8c][0xea]N_-[0x84]#[0x82]58r[0x81]x=[0xb5][0xd3][0x14][0xfa][0x1a][0xe][0xea]u`{[0xc2]h[0xb6][0x19]Y[0x95][0xc4][0xab];[0xe4][0xad][0xc4][0xab]B[0xac][0x8d][0xc4]7'[0xd6][0x19][0xb1][0xee][0xd0][0xd9][0xc3][0xdd]u[0x15]:[0xb3][0xfb]H[0xba][0xa7]Ce[0xdb][0xdb][0xf6][0xb0][0xae][0xe8]V`[0x6][0xdd][0x91][0xb3]#n[0xdb][0xad]"[0xd8]6D[0x95][0xef][0x11]7[0xa1]n[0x8b]<}[0x80]1[0x2][0xf])[0xd6][0x8b]z.O[0xdf]`[0x8c]L[0xa1][0x8c][0xfd]U[0xf3][0xe0],~[0xdb][0xaa]n[0xd9][0x1c][0xd2]=e`[0xca][0xdc][0xa7][0xe]l7[0xdf][0xd3]_[0xcc][0xdb][0xd6][0xf5]+[0xe4][0x19][0xe2][0xe0]7D[0xc8][0xba][0xad][0xbc]@[0x9b][0xcd]Ge[0x1e][0xfe]f[0xdd]9D[0xd0][0xdd]~[0x82][0xee]>[0x8b][0x89][0x85][0x96][0xeb][0x87]N[0xe4]NB[0xcf][0xb9][0xb0][0xa0][0xd7][0xae][0xf3]M[0xc][0xc5][0x13]G[0x4][0xbb][0xda][0xe7]9<[0x8a][0xd5]>[0x8f]s[0x1a]N[0xda]'[0xed][0x84][0x87][0xbd][0x3][0xf][0x1f];[0xfc][0xdd][0xfc]J[0xc]3-[0xde]5[0x8c][0xe8][0xbb]w[0x8]HYA[0x8c]EF[0xe0]Z[0xf][0xc6][0xa9][0xd2]}[0x94]hW@[0xe9][0x97][0xce][0xe0][0xbf][0x97][0x0]S[0xa9]?[0x7]J[0x0]E[0xab][\n]"
18:09:11.245 [main] DEBUG org.apache.http.wire -- http-outgoing-2 << "/[0xea]M%[0x10]A[0xea]:[0x13]#[0x90][0xc2][0xc7][0x82]9:[0xea][0x94][0xe5][0x4]r[0x10]/[0x98]r:0[0xd5](R[0xaa][0xd9][0x7][0x1f][0xf6][0x1e]|[0xf8][0xa6][0xca][0xb5][0xd4]zE[0xac]*[0x9]3[0x19][0x84][0x1e]v[0x9f][0xc4][0x8b]U[0xb1]#2[0xad]-9[0xf6][0xd6][0x80][0x95][0x14][0x18][0xac][0x8][0xec][0x7][0xd8]pN[0xcf][0xcd][0xb7]i[0xe1]pU`[0xee]i[0xdd]+m[0x8b][0xfb][0xc8][0x88]rS[0xba][0xcb][0x6][0xa8][0x1a]pD[0xd1][0xc0]qy[0xa0][0xb6]%n[0xc3]?[0x9d]9[0x96]m[0xf8][0xa7][0x96][0xe5][0xa0][0xe4][0xbc]w~[0xa0]D[0x91]m;^[0xe0][0x87][0xde][0xc4][0xfa][0x9][0x80][0xe2][0xf][0xc3][0x13][0x18][0x9c][0xf8]g[0xa0][0x89][0xdf][\r][0x13]g7[0xe3][0xef][0x80]{[0xce][0xf6]f[0xf5][0xf5][0x88][0xd2]#[0xc9][0xa5][0xba] [0xc6]([0x99][0xb7][0xf1]D[0x97][0xda][0xce]rR[0x6][0x82][0x80]X[0xb][0x89][0xd2]Q[0xd1][0xb7]R[0x3][\n]"
18:09:11.245 [main] DEBUG org.apache.http.wire -- http-outgoing-2 << "[0x88][0x17]8+[0xba][0xe][0x85][0xcc])U:TBH[0xb3]F[0x17][0x99][0x89][0x16]_F]n[0xca][0x7][0x11]`[0xb5]` A[0xa9][0x9a]B[0xb2]lL[0x99][0x8c][0x17][0xb5]J[0x80]^[0x9e][0xc9]d[0xf]["[0xd3][0x9][0x1a]-*U[0x82][0xdf][0xf3][0x7]a[0x8b][0xd3][0xa7][0xe][0xcc]n[0xf4][0xa7]x[0xa6]][0xf3]L\[0xd3][0x1e]0[0xd6]4`[0xf7][0xe1][0xa1][0x1d]tm[0xd2][0xf8]f[0xc1][0xb1][0x90][0x18][0xd2][0xce][0xc0]I[0xbc][0x19][0xd1][0x15]=[0xe9][0xca])[0x1c]SV[0xd5][0xea][0xa1][0xfc][0xa0],[0xed][0x94][0x9a][0xb4][0xd3]|[0x94][0xcf][0xea][0xcc]@[\n]"
18:09:11.245 [main] DEBUG org.apache.http.wire -- http-outgoing-2 << "[0x1e]b&e[0xcb][0xca]da7[0x85][0xb2][0xf]_[0xf0]u~[0xa6][0xb8]Q[0x14][0xba]N[0x18]NlG[0x17][0xc7][0xbc]0S,g[0x9c]q6[0xc]X[0xca][0xb9][0x6][0xa1]K9[0xd7][0xf0][0x88])'[0xee][0xe4][0x8c][0xbb][0xc3][0x99]?[0xf6]![0xe6][0x8f][0x82].3[0x2][0xe7]J[0xa5][0xea]d)[0xa4]_[0x1][0x2][0x82])[0xfa][0x8e][0xc8]XW[0xdd]~R9[0xeb][0x12][0x19]#0[0x83]1[0x86]D[0x7]B[0xe6][0x14][0xab][0xf9][0xeb]Ea[0xff][0xf5][0x8b][\n]"
18:09:11.245 [main] DEBUG org.apache.http.wire -- http-outgoing-2 << "p[0xbc][0xfb][0xdf][0xa3][0xad][0x87][0x83][0x84]na[0xee][0xe3]p[0xa4]L[0xca][0x85][0x1][0x10][0xa4][0x98] !u[0xf2][0x9c]n[0x16]Z[0xb][0xb4]aJ[0xd9][0x12][0xb6][0xf4][0xb6][0xb4][0xb2]&[0xdc][0x17][0x5][0x8b]L/[0xaa]G[0xc1][0xbc][0xca][0x8f]Q[0x10][0x1a][0x80]5}z!m[0xab][0xd1][0xe5]n[0xbb][0xa6][0x15][0xd5]ac[0xed][0x83][0xcd][0x8b][0x15][0x90][0x9d][0x9a][0x95]m[0x95][0xcf]5A[0x1c][0xbc][0x85][0xcb]V[0xa7]F[0xed]v[0xc0][0xcd]DY[0xcf][0xd5][0x15][0xd9][0xb6][0xa8]k[0x8e]![0xb8][0x87][0xfc][0xb1][0xd5]O[0x80][0x1c]C3[0xd3][0xd6]3v[0xdb][0xb4]S[0xf0][0xe8]n[0xcd][0x13]9sP[0xe2][0xfa]8[0xce]8[0x13][0xc7][0x8d][0xdc][0xc8][0xb1]m[0xdb][0xbf]t]q[0x8b][0xec]>[\r][0x83][0x98][0xa7]a[0xe8][0xf2]t[0x6][0xb0]<u3[0xa5][0xd6]#[0xf9])[0xcb][0x18][0xb8][0xf6][0x82]V[0xa6]l[0x8c][0x5]SR[0x9c][0x8c]9[0xa4]Mw[0xa5][0x99]E[0x11][0x4][0xa1][0xc7][0xba][0xb4]o[0x2]f[0x1b][0xb7][0xa3][0xe1][0x93][0x80])$[0xda][0x87]a[0xb3]:?[0x8a][0xe4][0xcb]l[0xc6]xR*[0xd8][0xbe](X[0xaf][0xc8][0xd7][0x9e][0x96][0x15][0xdb]t[0x9d]z[0xe4]+[0xaa]ZV[0xac][0xa8][0x8b][0x18],[0xcb]X[0x1d][0x18][0xea]D5x[0xf1][0xe9][0xfe]^[0xbf],[0xbb][0xde][0x0][0xe9]u[0xf0]"0[0xed]Z[0xd2]d[0xf2][0xac]C[0xc5][0xf][0x87]L[0x9a][0x9c][0x85][0x16][0xc3][0x84][0x99][0x1e]b[0xc8][0x9][0x92][0x12]|[0xe5]e[0x80]n'[\n]"
18:09:11.245 [main] DEBUG org.apache.http.wire -- http-outgoing-2 << "V[0x8e]0WzDh[0xc][0xb3][0xc0][0xf]0f[0xd3][0xee][0xb2][0xac]o[0xca][0xdc][0xa7].[0xcb]>[0xba].[0xab]mU[0xff]d[0x8]|[0xc4][0xf1][0x82]u[0xd4]=}g[0xc8][0xa4][0x1b][0xfb][0xf0][0xc5][0xc5][0x17]H[0xa4]L|[0xcf][0xb2]m'[0xb0]m[0xcf][0xbe][0xf4]6)ueU[0x97][0xfd][0x18]z[0xc1][0x89][0xec][0xd8]Ns[0x1a];[0xb6][0xd3][0xc][0xc8][0x8e][0xed][0x9c][0x9d][0xec][0xf0][0x9f][0xb1][0xe3][0x17]+[0xd2]A[0xad]{[0x92][0xb7]g[0xe2]wF[0x95][0x1e]JA[0x84]1[0xc7][0xf1][0xa2]%[0xfe]5cq.[0x0][0xa3][0x9b][0xf8][0x97][0x6][0x89][0x12](\Bd[0xca][0xa0][0x90][0xb5][0xc0][0x96][0xae][0xab][0x9a]s[0x98]-[0xd6][0xcd][0x8c]J-[0x96]V[0x87]L[0xd1]][0xbf][0xd9][0xf0][0xeb][0x88]l[0xbc][0xb3][0xcf][0xf][0x9]M[0xbf]YY[[0xf9]!A8[0x0]U[0xfc][0x1e]m[0xf5][0xbe][0x19][0x84][0x8d][0xc6]G[0xd5]>Vb%4[0xbb]w[0xda]:[0xbc][0xb6]J[0xc7][0xbb][0x86][0x8]w[0x9d][0xb2][0xa7]U[0x9b]4[0xde][0xa4][0xea][0x96][0xfa][0x3][[0xd0]viD[0xca]n~+[0xec]g[0xed][\n]"
18:09:11.245 [main] DEBUG org.apache.http.wire -- http-outgoing-2 << "i[0xc7][0xc9][0x93]jc[0x87][0x9c][0xb6][0xde][0xf0]Sfs[0xaa][0xcd][0xe7][0xdb]s[0xab]=[0xdf][0xb3][0x84][0xdd][0x98]S[0xce][0xfa][0xf9]6h[0xb9]@Z^eP"'[0xf2]C[0xcb][0xbf]t[0xab][0xca][0x8e][0xd6][0xce][0xac]H[0xc5]T[0xb][0xc3][0xa9][0xe9][0xf9][0xdd][0xf9][0x6][0xe0]Kc[0xbe][0xa1]A[0xd3][0x98][0xbc][0x93]8[0xc1]3[0xe2][0xfc]fus[0xe6]7[0xb][0x8][0xa5][0xe1][0xa2]r2[\n]"
18:09:11.245 [main] DEBUG org.apache.http.wire -- http-outgoing-2 << "[0x97][0x85][0xcd][0x1a]%[0xb6]Z][0x96][0x90]c[0x96][0x8b]&.D[0x86]b<[0xc3][0xb1]V9a[0x82][0xdf][0xb6][0xe][0x8e]\ [0xcc][0xb7][0xe5][0x0]5'g[[0xd3]U[0xe3][0x8b]n[0xb8][0xbe]&[0x85][0x14].T{G[0x82]U[0x97]Y[0x5][0x96]q4C\q[0xe7]y[0xbd][0xef][0xc1]y|+[0xd4][0x5]X[0xb5][0xe][0xfc]ZKGg[0x19][0xd8][0x1][0xe0][0x9]z[0xb8]3[0xaa][#j84*[0xf3][0xb2][0x9][0xf9][0xa6]?T.[0xff]\u[0xbd][0x7][0xf5][0xb2]w[0xa7]\X[0xb6]@[0x1c]|E[0xa2][0xcd][0x95][0x89][0xab]![0xe6][\n]"
18:09:11.246 [main] DEBUG org.apache.http.wire -- http-outgoing-2 << "[0x89][0xfd][0xbe][0xcc]9Bsw[0x18][0x82];LH[0xab][0xc6][0xa7][0x18][0x9a][0xa9]6[0xf6]wd[0xe][0xaf][0xf0]mE[0xb6]n[0xe6][0xec]h[0xaf]/[0xba]8[0xfb][0xf6][0xd6][0x1f]V[0xe1]{[0x81][0xfc][0xbd]cM[0xfc][0xd0][0xe][0xc2]0[0xc][0xdc][0x97][0xcc][0xdf]k[0xf1]}[0xb4][0x86][0xe0][0xcd][0xa3]5[0x4]e[0x1e][0xad]#:[0x15][0xdb]f9[0xb1][0x1][0xb1]m[0xca]N.[0xd5]z[0xfe]G[0x90][0xa4][0x8][0xbc]q[0xbc]V4U[0xe6][0xc2][0xf7][0x99][0xe6][0xaa]In<S[0xce]FB[0xd6][0xfb][0xdc][0x9f][0xa2]tX[0xc5][0xbe]"
18:09:11.246 [main] DEBUG org.apache.http.wire -- http-outgoing-2 << "[0x90]P[0xe9][0x14][0x95][0x9c]i[0xe4][0xf0][0x1b][0x9b][0xb8]4[0xa2]kmX*[0xb6][0x8a][0x11][0x88]W[0x7]?[0xb0][0x6]y[0xdf][0x8e][0xc3][0x9e][0xd9][0xdc][0xfd]e[0x8b][0x1e][0xb7][0xd3][0xe7][0xe1][0xfa][0xd4][0xd4][0xe1]S[0x9c][0xac][0x6]~~[0xbf])^[0x96][0x1d][0xf6]i+)r[0xfb][0x1b][0xfc][0x84][0xa6]U[0xb][0xa7]E[0xa6][0xd7][0xdd]:x[0x98][0xe7]sj%[0xd9][0x9]][0x1b]m[0xc2]9\[0xab][0xfe][0xae][0xaa][0xe7]t@[0xa7][0xec]Z(,v%[0xd4][0xa1][0xb2]v[0xa5][0xd3][0x80][0xc4]2[0x1f]yl9[0xf2][0xf1][0x9b][0x9d][0xfd][0x1b][0xc4][0xd0][0x82][0xd0][0xf6]B[0xd7]u\[0xd7]y[0xd1][0xfc]Kq[0xc1][0x8f]c[0xc7];[0x11]?[0xb5][0x89]N#Pm[0xa2][0x1][0x1d][0x9c][0xda][0xac][0x9d][0x4][0x89]v[0x8][0xd2][0x9e][0xdb][0xdf][0x18][0x8f][0xcf][0xc3][0xd4]2[0xf5]m[0xd5]a`[0xce]X[0xb2]/[0x1d][0xd3][0x12][0x85][0xab]U[0x90][0x9][0x84][0x1e][0x8b][0xba][0x82][0xcd][0x8e][0xca]E[[0xe4][0xe9]U[0xc9]Qck[0x98]j[0x3]{UC6[0x8]P[0xa2][0x1a]P[0xdc]n[0xa0]x5[0xc6][0xb6]L[0xd7][0xae][0xfc][0x19][0xdb][0xc][0xf6][0xed]m|[0xa8]C3T~f[0xf0]2[0xb2]_[0xe1]wD[0xc0][0xcd][0x12][0xb6]6/[0x94][0xd5]D[0xca]z[0xae][0xbd] [[0xcb]~9\'[0x88][0xaa]=[0xf6][0xd2]v[0xec]M[0x8b][0x11][0xe6][0xac][0x18]q[0xd1][0xe2][0xb1];[0x98]`[0xc1][0xd4][0xf7][0x84]V[0x90][0xb7][0xd1].-F[0x98][0xa2][0x18]1[0xe8]n[0x95][0x17][0x80][0x8a][0x1b][0xb9][0xa1][0xeb][0xd9]Nd[0x85][0x8e][0xf5][0xf2]P95[0xa9][0xbf][0x9d]f[0x10][0xa0][0xc][0x9a][0xd4][0xdf][0xce][0xd9][0x5][0x13]g[0xb2][0xb][0x93][0xcf]{i[0xf2][0xf9][0xa8]DL[0xad]0X[0x11]$f)[0x12][0x0][0xfd][0x99][0xe3],CI[0xf9][0xa6]MNfS[0xbb][0x8c][0xa8]`\[0x8c][0x80]zl[0xca][0x12][0xe9][0x12][0xb4][0xc6][0xfe][0xfb][0xc5][0x9e]&[0xd5][0x8e]([0x5][[0xea][0x19][0x1d]D[0xe5]"[0x17]X[0xa5]|z[0xe5]f[0xf6]y)[0x96][0xce][0xc6]Tn[0x8a]W5[0xc3][0x87][0x9d][0xbd].[0x87]a[0xc5][0xa9][0xef]q[0xe2]t[0xb7][0xbf]Ga[0xa3][0xfd]=[0xa8][0xc2]d[0xbe][0xd9][\r][0x95]#[0x12]4[0xa7]4J[0xee][0x86][0xc6]N[0x8c][0xf0][0xe8][0xa4][0xcc]k[0xce]V[0xdd])[0x99][0xa9][0xb2][0x1e]V[0x87]|r[0xf9][0x95][0x8e]<[0xbd]a[0xec][0xb1]+[0xf0][0x14]3[0xf6][0xd8][0x9f][0x1f]C0[0xf7][0x16][0xae][0x9][0x4][0xf]9!x[0x9][0xdb][0xce][0x16]Q[0x3]LQ[0xe][0xf8][0xb7][0xec][0x92][0xf4]-[0xcf][\n]"
18:09:11.246 [main] DEBUG org.apache.http.wire -- http-outgoing-2 << "[0xad][0xc0][0xb6][0x3][0xff][0xe2][0xcf]@iSX9[0x10]D[0xe4]@[0x14][0x91][0xe7][0xc0][0x88][0xec][0xe6]H}[0xdf][0x14][0x98][0x8a][0x9c][0xce][0xc1];H[0xe0][0xd3][0x1a]<[0xb4]W[0x89][0xed][0x8c][0xea].A[0xfe][0x81][0x97][0xb2][0xd3][0xa5][0xd2][0xdc][0xa5][0xb2]|j[0xb]G[0x82][0x91]\[0x97]&o[0xcb][0x96][0x9f][0xb5][0xcb][0x14][0xe5][0xc9][0x9c]Ms![0x1b][0xa5][0xc9][0xa7][0xa6]W"[0xbd]GV[0xe5][0x91]TM[0xf6]~gy[0xb1]([0xcf][0xcf]\[0x9f][0x9f][0xc6][0x1e]*[0x85][0xa5][0xc1][0x90][0x87][0xeb];[0xfd][0xb2][0x1c][0xab][0xcf]>YV[0xb1]kW[0xad][0xd4][0xd8][0xae][0xa2]][0x9e][0xe9][0xef][0xb]v[0xbd]X[0xa5][0xf1][0xf0]-[0xee][0x1f]r[0xa2][0x1a]\>[0xc0][0xb4]=[0x95][0xae][0xcd][0xe6]7e[0xee][0x1f]U:[0xdd]=[0xb9][0xcd]c([0xc0];[0xc6][0x93][0xd6][0xf2][0x3][0xa2][0xcc][0xe6]\[0x9b]/[0xdd][0xd3]y[0xbd][0x84][0xe0]3\[0x13][0xd6]Z[0x3][0xbd][0x84][0xa6][0xd4][0xc6][0x97]{[0xa2][0xd6][0x91]a.[0xcf][0xb]"[0xcb][0xb6]\[0xdf][0xd1]R[0xb1][0xf2][0xa2][0x1f][0x17][0x17][0xfd]X[0x9c]Z3[0xb6];[0xdf]it[0xd9][0x9d]o@[0xca][0xec]N[0xde]I[0x1b][0xbb][0x9b]6a/[0xda][0x84][0xe5][0x86][0x8c]e![0xd7][0x8e][0x3]C[0xc1]{:[0xc3]T[0xb9][0x19]o7[0xb4][0xd0]a[0xaf]"`[0xb5]m[0x9a]\b[0x91]C[0xd2][0xd8]l[0xbf][0xa5][0xca][0xac]-[0xe][0xa6][0xe3]c[0xf5]n[0xce][0xc3]z'[0xdd][0xfd][0xbc]q[0xbd][0xba][0xaf]R[0x15]'wz*[0xc7][0xe2][0xc6][0xee]QR[0xa6][0xf6][0xcb][0xf7][0x1a].KX[0xeb][0xa2]T[0xbb][0xff][0xf][0xf4][0xa8][0x96][0x1f]V[0x95]}[0xca][0xf5]v[0xd4][0x87][0xf6][0xb3][0x9c][0x96]![0xf8][0xb4]R[0xa1]&[0xac]2[0x14]-[0xa2][0xc9]V*[0xcc][0xa4][0xad][0x17][0xce]\[0xbc]![0x90]C[0xf0][0x1a]q[0xde][0xb6][0x8f]J[0xac][0xac][0xe6]TY/^dpB[0xff][0xcf][0xa5][0x9e][0xd3]r[0x1c]g[0xbc]([0xf2][0xdc]([0x9a]X[0x8e][0xe3]\z[0xb3][0xae]}R[0x1b][0xe][0xcc][0x99]p`[0xce][0x84][0xe7][0xe4]L[0xd8][0xcd][0x19][0xa7][0x9b]3zC[0xda][0x1f][0x83][0xc6][0x9a]<[0xf3]k6[?[0xd6][0xda]*[0x93]5[0x85])[0x8e][0xc1][0xf5]][0xb3][0xab][0xb2]z[0xa4][0xcb][0xb3]v~[0xbd]iKy[0xf2][0xf3][0x1e][0xca][0xaa]E[0xb2]x$ey[0xb]Xl[0x2]Sc[0xde]a[0xe8][0xf1][0xf7][0xa0][0xc7]ktR:[0xe6][0xc4][0xef][0xd1][0x17]s,{[0xea][\r][0xfc]Q[0x17]{[0x2][0xbd]+[0xcd][0xb6][0xaa][0xac][0xd8]![0xb8]zv[0xf0][0xa4]{o[0xb1][0xb]>;[0xf8][0xc]w[0xea]'[0xb6][0xa0][0x9f]3>5t[0x9d][0xdb][0xc9][0xf]Xk[0xf5]tRU[0x8][0xd3][0xb9][0xf9][0x1][0xd4][0xe6]s[0xed][0x1b]y[0x81][0xce]J[0xd7]W[0xf5][0xcc][0xa1]mG[0xae][0xe9]-[0x81][0xf7][0xa9][0xb1]5[0x19][0x98]E[0xd6]d`[0x18]Y[0x93]s[0xd2][0xc8][0x9a]t[0xe3][0xa8][0xd6][0xd5][0xff][0x5]/[0x19]xh[0xaf]i.m[0xbb][0x1b][0x91][0xb5][0xd6][0x0][0xd4][0xdc][0x9a])A4Q7[0xc8][0xb5][0xe8][0xda]s[0xbc][0xd4][0xe2]jK[0xac]tZV[0xc0][0xda][0xf4]m[0xb6][0xe0]j[V6[0xcb][0xa9]~ [0xa5]V[0xb6]S[0xdb]0[0xad][0xc9][0xb3][0xe7]Qz[0xad]O[0xe]k[0xce][0xbb][0xc4][0xcb]F[0xdd][0xb2]:][\r][0xc2]|y[0xff]E[0xbf],[0xc7][0xed][0x91][0xe7][0xb7]\M[0xb9][0xda]s_[0x82][0xa8][0x96][0x90][0x9][0xba][0xfb]0[0xfd][0x9f][0xa4]k[0x80][0xec][0xcc][0x3]L![0x95][0xb][0x8][0xee] [0x97][0x98][0xb6]J[0xa6]([0xc7][0x98]i9[0xa6][0xa6][0xe6][0xf0][0x7].w[0xef]hy[0x8b][0xda][0x1e][0xff]XlgIP[0xcb][0xa3][0x1f][0xcf][0xd9]3[0xf3][0xc0][0xb2][0x5][0x86][0xe0][0x3]ko[0xe6][0x11][0xda]l~c[0xad][0xcd]<?[0xff]61[0xa1][0x17]x~[0x14]Y[0x9e][0xe3]8/Y[0xba][0xac].[0xf9][0xb1]8[0xb5]ty3[0xcb]i8[0xd9][0xcc]2 C6Sv[0x82][0xc3]{[0x6][0x8e]/Q78[0xbe]D%8z'`P[0x9a]-[0xa0][0xc0]e[0xbe][0xb3][0x9d]}#W_>[0xbe][0xe4]9A[0x8a]][0xc3][0xb6][0xfc]HrH[0xc6][0xdb][0xf4][0xbf][0xcc][0xcb]-[0xca][0xa0][0xde][0x1a][0x99][0xd3][0xf2][0x98]'[0xa7]c[0x2][0xd3]o>[0xc4][0xb8][0xca][0xe4]w[0x16][0x88][0x1d][0x0][\r][0xaf][0xf]4"[0xfd][0xfc][0xb2]ZqXXkvq[0xcc]Iw[0xa3][0xe5][0x11]![0xb1]S[0xf2][0xf8]g.[0xeb]-5[0x19][0xae][0xda][-KY[0xd6][0xe6][0xfe]N[0xca][0xf5][\n]"
18:09:11.247 [main] DEBUG org.apache.http.wire -- http-outgoing-2 << "[0x9][0x96][0xa2][0x93][\n]"
18:09:11.247 [main] DEBUG org.apache.http.wire -- http-outgoing-2 << "[0xa3][0x8b]$[0xfa][0xff][0xb2][0xbc][0xb5]>[0xac][0xc8][0xa0][0xaf][0x95][0xf5][0xd0]=[0xf6][0x87][0xd8][0xb7][0xf2][0x84]b[0xe8][0x93][0x1f]Wr[0x1][0xd7][0xc4][0x8e]<'[\n]"
18:09:11.247 [main] DEBUG org.apache.http.wire -- http-outgoing-2 << "[0x3][0xdf][\r][0xc2][0x97],:[0xd6][0xb2][0xba][0x8c][0x86][0xa0][0xc6]2[0x1a][0x82][0x1a][0xcb]hpj,[0xa3]nj[0xf8][0xcf][0xa8][0xf1][0x87][0xbd][0xc7][0xdf][0xf8][0xc3][0xb6]~[0x90]S[0xa9][0x15][0x85]u[0xe4]=[0x9a]t[0xa0][0x0][0xd3][0xf1]fk[0xe4][0x19][0xa6]s[0xc4]3[0x8e][0xa9],+[0xc3]F[0xfb]2[0xfb][0x8d][0xba][0x80][0xb6][0xcd][0x0]NM[0xb1][0x14]a[0xa5]Z[0xd7]J[0x5][0x91][0xce][0x94][0xfe][0x1][0xc][0xf1][0xfb]d[0xf1][0xed][0xe6][0x13]'mK?[0x5][0xb3][0x8a]m[0x85][0xdd][0xae][0xc7][0x8b]=[0xa4]x[0xd8][0x8e][0xc9][0xe1]v[0x80][0x1c]8[0x85][0x9d]s[0xf5]8[0x94][0xce].}[0xa8][0xed]}[0xda][0xf4][0x87][0xdf]0[0xec]f[0x89][0xc8][0x9a][0x82][0xaf][0x90][0xb4]oe[0x86][0xb4][0xdd]\i[0xfb][0xbf]eqX[0x14][0xb9][0xae]3[0x9][0xed][0xc8][\n]"
18:09:11.247 [main] DEBUG org.apache.http.wire -- http-outgoing-2 << "u[0x98][0xfe]E[0x1][0xf2]d[0xf][0xe2]w[0xa8]i[0x6]@[0x88][0x9a]fh[0x86][0xa8]9[0x9f]CDM[0xce]$$*[0xfb][0xab]$[0xe]g:[0xf9]Lp[0x8a][0x95]T9[0xff]?[0xb5]u[0xd6][0x8][0xa2][0x91][0x0][0x0][\r][\n]"
18:09:11.247 [main] DEBUG org.apache.http.impl.conn.DefaultManagedHttpClientConnection -- http-outgoing-2: Close connection
18:09:11.248 [main] DEBUG org.apache.http.impl.execchain.MainClientExec -- Connection discarded
18:09:11.248 [main] DEBUG org.apache.http.impl.conn.PoolingHttpClientConnectionManager -- Connection released: [id: 2][route: {s}->https://dummyjson.com:443][total available: 0; route allocated: 0 of 5; total allocated: 0 of 10]
18:09:11.248 [main] DEBUG org.apache.http.impl.conn.PoolingHttpClientConnectionManager -- Connection manager is shutting down
18:09:11.248 [main] DEBUG org.apache.http.impl.conn.PoolingHttpClientConnectionManager -- Connection manager shut down
18:09:11.248 [main] DEBUG com.intuit.karate -- response time in milliseconds: 107
1 < 200
1 < Access-Control-Allow-Origin: *
1 < Content-Type: application/json; charset=utf-8
1 < Date: Wed, 23 Jul 2025 11:09:11 GMT
1 < Etag: W/"91a2-RFRCC1oz+o2Uvyk0nOQo9Pf5Q2g"
1 < Server: railway-edge
1 < Strict-Transport-Security: max-age=15552000; includeSubDomains
1 < Vary: Accept-Encoding
1 < X-Content-Type-Options: nosniff
1 < X-Dns-Prefetch-Control: off
1 < X-Download-Options: noopen
1 < X-Frame-Options: SAMEORIGIN
1 < X-Powered-By: Cats on Keyboards
1 < X-Railway-Edge: railway/asia-southeast1-eqsg3a
1 < X-Railway-Request-Id: iaYuA70RTpOA_ZfvAQeqjw
1 < X-Ratelimit-Limit: 100
1 < X-Ratelimit-Remaining: 97
1 < X-Ratelimit-Reset: 1753268959
1 < X-Xss-Protection: 1; mode=block
1 < Transfer-Encoding: chunked
{"products":[{"id":101,"title":"Apple AirPods Max Silver","description":"The Apple AirPods Max in Silver are premium over-ear headphones with high-fidelity audio, adaptive EQ, and active noise cancellation. Experience immersive sound in style.","category":"mobile-accessories","price":549.99,"discountPercentage":13.67,"rating":3.47,"stock":59,"tags":["electronics","over-ear headphones"],"brand":"Apple","sku":"MOB-APP-APP-101","weight":2,"dimensions":{"width":24.88,"height":14.9,"depth":27.54},"warrantyInformation":"No warranty","shippingInformation":"Ships in 2 weeks","availabilityStatus":"In Stock","reviews":[{"rating":5,"comment":"Excellent quality!","date":"2025-04-30T09:41:02.053Z","reviewerName":"Henry Adams","reviewerEmail":"henry.adams@x.dummyjson.com"},{"rating":4,"comment":"Very happy with my purchase!","date":"2025-04-30T09:41:02.053Z","reviewerName":"Elijah Cruz","reviewerEmail":"elijah.cruz@x.dummyjson.com"},{"rating":4,"comment":"Would buy again!","date":"2025-04-30T09:41:02.053Z","reviewerName":"William Lopez","reviewerEmail":"william.lopez@x.dummyjson.com"}],"returnPolicy":"No return policy","minimumOrderQuantity":1,"meta":{"createdAt":"2025-04-30T09:41:02.053Z","updatedAt":"2025-04-30T09:41:02.053Z","barcode":"4062176053732","qrCode":"https://cdn.dummyjson.com/public/qr-code.png"},"images":["https://cdn.dummyjson.com/product-images/mobile-accessories/apple-airpods-max-silver/1.webp"],"thumbnail":"https://cdn.dummyjson.com/product-images/mobile-accessories/apple-airpods-max-silver/thumbnail.webp"},{"id":104,"title":"Apple iPhone Charger","description":"The Apple iPhone Charger is a high-quality charger designed for fast and efficient charging of your iPhone. Ensure your device stays powered up and ready to go.","category":"mobile-accessories","price":19.99,"discountPercentage":18.52,"rating":4.15,"stock":31,"tags":["electronics","chargers"],"brand":"Apple","sku":"MOB-APP-APP-104","weight":1,"dimensions":{"width":13.63,"height":26.25,"depth":5.95},"warrantyInformation":"1 year warranty","shippingInformation":"Ships in 2 weeks","availabilityStatus":"In Stock","reviews":[{"rating":1,"comment":"Very disappointed!","date":"2025-04-30T09:41:02.053Z","reviewerName":"Sadie Morales","reviewerEmail":"sadie.morales@x.dummyjson.com"},{"rating":5,"comment":"Great product!","date":"2025-04-30T09:41:02.053Z","reviewerName":"Lily Torres","reviewerEmail":"lily.torres@x.dummyjson.com"},{"rating":2,"comment":"Waste of money!","date":"2025-04-30T09:41:02.053Z","reviewerName":"Luke Cooper","reviewerEmail":"luke.cooper@x.dummyjson.com"}],"returnPolicy":"90 days return policy","minimumOrderQuantity":14,"meta":{"createdAt":"2025-04-30T09:41:02.053Z","updatedAt":"2025-04-30T09:41:02.053Z","barcode":"0879776541417","qrCode":"https://cdn.dummyjson.com/public/qr-code.png"},"images":["https://cdn.dummyjson.com/product-images/mobile-accessories/apple-iphone-charger/1.webp","https://cdn.dummyjson.com/product-images/mobile-accessories/apple-iphone-charger/2.webp"],"thumbnail":"https://cdn.dummyjson.com/product-images/mobile-accessories/apple-iphone-charger/thumbnail.webp"},{"id":105,"title":"Apple MagSafe Battery Pack","description":"The Apple MagSafe Battery Pack is a portable and convenient way to add extra battery life to your MagSafe-compatible iPhone. Attach it magnetically for a secure connection.","category":"mobile-accessories","price":99.99,"discountPercentage":17.17,"rating":3.62,"stock":1,"tags":["electronics","power banks"],"brand":"Apple","sku":"MOB-APP-APP-105","weight":6,"dimensions":{"width":15.4,"height":11.89,"depth":19.67},"warrantyInformation":"2 year warranty","shippingInformation":"Ships overnight","availabilityStatus":"Low Stock","reviews":[{"rating":2,"comment":"Would not recommend!","date":"2025-04-30T09:41:02.053Z","reviewerName":"Stella Morris","reviewerEmail":"stella.morris@x.dummyjson.com"},{"rating":2,"comment":"Not as described!","date":"2025-04-30T09:41:02.053Z","reviewerName":"Henry Adams","reviewerEmail":"henry.adams@x.dummyjson.com"},{"rating":5,"comment":"Fast shipping!","date":"2025-04-30T09:41:02.053Z","reviewerName":"Cameron Burke","reviewerEmail":"cameron.burke@x.dummyjson.com"}],"returnPolicy":"No return policy","minimumOrderQuantity":4,"meta":{"createdAt":"2025-04-30T09:41:02.053Z","updatedAt":"2025-04-30T09:41:02.053Z","barcode":"5157424897794","qrCode":"https://cdn.dummyjson.com/public/qr-code.png"},"images":["https://cdn.dummyjson.com/product-images/mobile-accessories/apple-magsafe-battery-pack/1.webp","https://cdn.dummyjson.com/product-images/mobile-accessories/apple-magsafe-battery-pack/2.webp"],"thumbnail":"https://cdn.dummyjson.com/product-images/mobile-accessories/apple-magsafe-battery-pack/thumbnail.webp"},{"id":107,"title":"Beats Flex Wireless Earphones","description":"The Beats Flex Wireless Earphones offer a comfortable and versatile audio experience. With magnetic earbuds and up to 12 hours of battery life, they are ideal for everyday use.","category":"mobile-accessories","price":49.99,"discountPercentage":5.73,"rating":4.24,"stock":50,"tags":["electronics","wireless earphones"],"brand":"Beats","sku":"MOB-BEA-BEA-107","weight":8,"dimensions":{"width":17.86,"height":25.74,"depth":23.09},"warrantyInformation":"1 year warranty","shippingInformation":"Ships in 1-2 business days","availabilityStatus":"In Stock","reviews":[{"rating":2,"comment":"Disappointing product!","date":"2025-04-30T09:41:02.053Z","reviewerName":"William Gonzalez","reviewerEmail":"william.gonzalez@x.dummyjson.com"},{"rating":5,"comment":"Very pleased!","date":"2025-04-30T09:41:02.053Z","reviewerName":"Gabriel Mitchell","reviewerEmail":"gabriel.mitchell@x.dummyjson.com"},{"rating":2,"comment":"Not worth the price!","date":"2025-04-30T09:41:02.053Z","reviewerName":"Gabriel Adams","reviewerEmail":"gabriel.adams@x.dummyjson.com"}],"returnPolicy":"7 days return policy","minimumOrderQuantity":17,"meta":{"createdAt":"2025-04-30T09:41:02.053Z","updatedAt":"2025-04-30T09:41:02.053Z","barcode":"1741271692174","qrCode":"https://cdn.dummyjson.com/public/qr-code.png"},"images":["https://cdn.dummyjson.com/product-images/mobile-accessories/beats-flex-wireless-earphones/1.webp"],"thumbnail":"https://cdn.dummyjson.com/product-images/mobile-accessories/beats-flex-wireless-earphones/thumbnail.webp"},{"id":108,"title":"iPhone 12 Silicone Case with MagSafe Plum","description":"The iPhone 12 Silicone Case with MagSafe in Plum is a stylish and protective case designed for the iPhone 12. It features MagSafe technology for easy attachment of accessories.","category":"mobile-accessories","price":29.99,"discountPercentage":13.85,"rating":3.62,"stock":69,"tags":["electronics","phone accessories"],"brand":"Apple","sku":"MOB-APP-IPH-108","weight":7,"dimensions":{"width":12.49,"height":11.29,"depth":23.52},"warrantyInformation":"3 months warranty","shippingInformation":"Ships in 3-5 business days","availabilityStatus":"In Stock","reviews":[{"rating":2,"comment":"Would not buy again!","date":"2025-04-30T09:41:02.053Z","reviewerName":"Penelope King","reviewerEmail":"penelope.king@x.dummyjson.com"},{"rating":5,"comment":"Great value for money!","date":"2025-04-30T09:41:02.053Z","reviewerName":"Isabella Anderson","reviewerEmail":"isabella.anderson@x.dummyjson.com"},{"rating":5,"comment":"Highly recommended!","date":"2025-04-30T09:41:02.053Z","reviewerName":"Claire Foster","reviewerEmail":"claire.foster@x.dummyjson.com"}],"returnPolicy":"90 days return policy","minimumOrderQuantity":4,"meta":{"createdAt":"2025-04-30T09:41:02.053Z","updatedAt":"2025-04-30T09:41:02.053Z","barcode":"8156838251449","qrCode":"https://cdn.dummyjson.com/public/qr-code.png"},"images":["https://cdn.dummyjson.com/product-images/mobile-accessories/iphone-12-silicone-case-with-magsafe-plum/1.webp","https://cdn.dummyjson.com/product-images/mobile-accessories/iphone-12-silicone-case-with-magsafe-plum/2.webp","https://cdn.dummyjson.com/product-images/mobile-accessories/iphone-12-silicone-case-with-magsafe-plum/3.webp","https://cdn.dummyjson.com/product-images/mobile-accessories/iphone-12-silicone-case-with-magsafe-plum/4.webp"],"thumbnail":"https://cdn.dummyjson.com/product-images/mobile-accessories/iphone-12-silicone-case-with-magsafe-plum/thumbnail.webp"},{"id":110,"title":"Selfie Lamp with iPhone","description":"The Selfie Lamp with iPhone is a portable and adjustable LED light designed to enhance your selfies and video calls. Attach it to your iPhone for well-lit photos.","category":"mobile-accessories","price":14.99,"discountPercentage":19.4,"rating":3.55,"stock":58,"tags":["electronics","selfie accessories"],"brand":"GadgetMaster","sku":"MOB-GAD-SEL-110","weight":10,"dimensions":{"width":5.26,"height":13.84,"depth":22.83},"warrantyInformation":"Lifetime warranty","shippingInformation":"Ships in 2 weeks","availabilityStatus":"In Stock","reviews":[{"rating":4,"comment":"Highly recommended!","date":"2025-04-30T09:41:02.053Z","reviewerName":"Luke Cooper","reviewerEmail":"luke.cooper@x.dummyjson.com"},{"rating":3,"comment":"Poor quality!","date":"2025-04-30T09:41:02.053Z","reviewerName":"Caleb Perkins","reviewerEmail":"caleb.perkins@x.dummyjson.com"},{"rating":4,"comment":"Highly recommended!","date":"2025-04-30T09:41:02.053Z","reviewerName":"Benjamin Wilson","reviewerEmail":"benjamin.wilson@x.dummyjson.com"}],"returnPolicy":"60 days return policy","minimumOrderQuantity":22,"meta":{"createdAt":"2025-04-30T09:41:02.053Z","updatedAt":"2025-04-30T09:41:02.053Z","barcode":"4372781189895","qrCode":"https://cdn.dummyjson.com/public/qr-code.png"},"images":["https://cdn.dummyjson.com/product-images/mobile-accessories/selfie-lamp-with-iphone/1.webp"],"thumbnail":"https://cdn.dummyjson.com/product-images/mobile-accessories/selfie-lamp-with-iphone/thumbnail.webp"},{"id":111,"title":"Selfie Stick Monopod","description":"The Selfie Stick Monopod is a extendable and foldable device for capturing the perfect selfie or group photo. Compatible with smartphones and cameras.","category":"mobile-accessories","price":12.99,"discountPercentage":19.12,"rating":3.88,"stock":11,"tags":["electronics","selfie accessories"],"brand":"SnapTech","sku":"MOB-SNA-SEL-111","weight":2,"dimensions":{"width":24.76,"height":26.38,"depth":21.39},"warrantyInformation":"3 year warranty","shippingInformation":"Ships in 1-2 business days","availabilityStatus":"In Stock","reviews":[{"rating":4,"comment":"Great product!","date":"2025-04-30T09:41:02.053Z","reviewerName":"Ryan Graham","reviewerEmail":"ryan.graham@x.dummyjson.com"},{"rating":4,"comment":"Great product!","date":"2025-04-30T09:41:02.053Z","reviewerName":"Nora Russell","reviewerEmail":"nora.russell@x.dummyjson.com"},{"rating":1,"comment":"Very dissatisfied!","date":"2025-04-30T09:41:02.053Z","reviewerName":"Luna Perez","reviewerEmail":"luna.perez@x.dummyjson.com"}],"returnPolicy":"30 days return policy","minimumOrderQuantity":8,"meta":{"createdAt":"2025-04-30T09:41:02.053Z","updatedAt":"2025-04-30T09:41:02.053Z","barcode":"7063982050226","qrCode":"https://cdn.dummyjson.com/public/qr-code.png"},"images":["https://cdn.dummyjson.com/product-images/mobile-accessories/selfie-stick-monopod/1.webp"],"thumbnail":"https://cdn.dummyjson.com/product-images/mobile-accessories/selfie-stick-monopod/thumbnail.webp"},{"id":121,"title":"iPhone 5s","description":"The iPhone 5s is a classic smartphone known for its compact design and advanced features during its release. While it's an older model, it still provides a reliable user experience.","category":"smartphones","price":199.99,"discountPercentage":12.91,"rating":2.83,"stock":25,"tags":["smartphones","apple"],"brand":"Apple","sku":"SMA-APP-IPH-121","weight":2,"dimensions":{"width":5.29,"height":18.38,"depth":17.72},"warrantyInformation":"Lifetime warranty","shippingInformation":"Ships in 1 month","availabilityStatus":"In Stock","reviews":[{"rating":5,"comment":"Highly recommended!","date":"2025-04-30T09:41:02.054Z","reviewerName":"Jace Smith","reviewerEmail":"jace.smith@x.dummyjson.com"},{"rating":1,"comment":"Not as described!","date":"2025-04-30T09:41:02.054Z","reviewerName":"Logan Torres","reviewerEmail":"logan.torres@x.dummyjson.com"},{"rating":5,"comment":"Very satisfied!","date":"2025-04-30T09:41:02.054Z","reviewerName":"Harper Kelly","reviewerEmail":"harper.kelly@x.dummyjson.com"}],"returnPolicy":"60 days return policy","minimumOrderQuantity":3,"meta":{"createdAt":"2025-04-30T09:41:02.054Z","updatedAt":"2025-04-30T09:41:02.054Z","barcode":"8814683940853","qrCode":"https://cdn.dummyjson.com/public/qr-code.png"},"images":["https://cdn.dummyjson.com/product-images/smartphones/iphone-5s/1.webp","https://cdn.dummyjson.com/product-images/smartphones/iphone-5s/2.webp","https://cdn.dummyjson.com/product-images/smartphones/iphone-5s/3.webp"],"thumbnail":"https://cdn.dummyjson.com/product-images/smartphones/iphone-5s/thumbnail.webp"},{"id":122,"title":"iPhone 6","description":"The iPhone 6 is a stylish and capable smartphone with a larger display and improved performance. It introduced new features and design elements, making it a popular choice in its time.","category":"smartphones","price":299.99,"discountPercentage":6.69,"rating":3.41,"stock":60,"tags":["smartphones","apple"],"brand":"Apple","sku":"SMA-APP-IPH-122","weight":7,"dimensions":{"width":11,"height":9.1,"depth":9.67},"warrantyInformation":"1 month warranty","shippingInformation":"Ships overnight","availabilityStatus":"In Stock","reviews":[{"rating":3,"comment":"Disappointing product!","date":"2025-04-30T09:41:02.054Z","reviewerName":"Stella Morris","reviewerEmail":"stella.morris@x.dummyjson.com"},{"rating":4,"comment":"Excellent quality!","date":"2025-04-30T09:41:02.054Z","reviewerName":"Nolan Gonzalez","reviewerEmail":"nolan.gonzalez@x.dummyjson.com"},{"rating":5,"comment":"Great value for money!","date":"2025-04-30T09:41:02.054Z","reviewerName":"Benjamin Foster","reviewerEmail":"benjamin.foster@x.dummyjson.com"}],"returnPolicy":"7 days return policy","minimumOrderQuantity":5,"meta":{"createdAt":"2025-04-30T09:41:02.054Z","updatedAt":"2025-04-30T09:41:02.054Z","barcode":"9922357685013","qrCode":"https://cdn.dummyjson.com/public/qr-code.png"},"images":["https://cdn.dummyjson.com/product-images/smartphones/iphone-6/1.webp","https://cdn.dummyjson.com/product-images/smartphones/iphone-6/2.webp","https://cdn.dummyjson.com/product-images/smartphones/iphone-6/3.webp"],"thumbnail":"https://cdn.dummyjson.com/product-images/smartphones/iphone-6/thumbnail.webp"},{"id":123,"title":"iPhone 13 Pro","description":"The iPhone 13 Pro is a cutting-edge smartphone with a powerful camera system, high-performance chip, and stunning display. It offers advanced features for users who demand top-notch technology.","category":"smartphones","price":1099.99,"discountPercentage":9.37,"rating":4.12,"stock":56,"tags":["smartphones","apple"],"brand":"Apple","sku":"SMA-APP-IPH-123","weight":8,"dimensions":{"width":12.63,"height":5.28,"depth":14.29},"warrantyInformation":"3 year warranty","shippingInformation":"Ships in 2 weeks","availabilityStatus":"In Stock","reviews":[{"rating":5,"comment":"Would buy again!","date":"2025-04-30T09:41:02.054Z","reviewerName":"Christian Perez","reviewerEmail":"christian.perez@x.dummyjson.com"},{"rating":3,"comment":"Not worth the price!","date":"2025-04-30T09:41:02.054Z","reviewerName":"Liam Gonzalez","reviewerEmail":"liam.gonzalez@x.dummyjson.com"},{"rating":5,"comment":"Very satisfied!","date":"2025-04-30T09:41:02.054Z","reviewerName":"Tristan Scott","reviewerEmail":"tristan.scott@x.dummyjson.com"}],"returnPolicy":"7 days return policy","minimumOrderQuantity":1,"meta":{"createdAt":"2025-04-30T09:41:02.054Z","updatedAt":"2025-04-30T09:41:02.054Z","barcode":"4998438802308","qrCode":"https://cdn.dummyjson.com/public/qr-code.png"},"images":["https://cdn.dummyjson.com/product-images/smartphones/iphone-13-pro/1.webp","https://cdn.dummyjson.com/product-images/smartphones/iphone-13-pro/2.webp","https://cdn.dummyjson.com/product-images/smartphones/iphone-13-pro/3.webp"],"thumbnail":"https://cdn.dummyjson.com/product-images/smartphones/iphone-13-pro/thumbnail.webp"},{"id":124,"title":"iPhone X","description":"The iPhone X is a flagship smartphone featuring a bezel-less OLED display, facial recognition technology (Face ID), and impressive performance. It represents a milestone in iPhone design and innovation.","category":"smartphones","price":899.99,"discountPercentage":19.59,"rating":2.51,"stock":37,"tags":["smartphones","apple"],"brand":"Apple","sku":"SMA-APP-IPH-124","weight":1,"dimensions":{"width":21.88,"height":24.19,"depth":14.19},"warrantyInformation":"3 months warranty","shippingInformation":"Ships in 3-5 business days","availabilityStatus":"In Stock","reviews":[{"rating":4,"comment":"Highly recommended!","date":"2025-04-30T09:41:02.054Z","reviewerName":"Tyler Davis","reviewerEmail":"tyler.davis@x.dummyjson.com"},{"rating":5,"comment":"Great product!","date":"2025-04-30T09:41:02.054Z","reviewerName":"Aria Parker","reviewerEmail":"aria.parker@x.dummyjson.com"},{"rating":2,"comment":"Not as described!","date":"2025-04-30T09:41:02.054Z","reviewerName":"Lily Torres","reviewerEmail":"lily.torres@x.dummyjson.com"}],"returnPolicy":"7 days return policy","minimumOrderQuantity":2,"meta":{"createdAt":"2025-04-30T09:41:02.054Z","updatedAt":"2025-04-30T09:41:02.054Z","barcode":"3034949322264","qrCode":"https://cdn.dummyjson.com/public/qr-code.png"},"images":["https://cdn.dummyjson.com/product-images/smartphones/iphone-x/1.webp","https://cdn.dummyjson.com/product-images/smartphones/iphone-x/2.webp","https://cdn.dummyjson.com/product-images/smartphones/iphone-x/3.webp"],"thumbnail":"https://cdn.dummyjson.com/product-images/smartphones/iphone-x/thumbnail.webp"},{"id":125,"title":"Oppo A57","description":"The Oppo A57 is a mid-range smartphone known for its sleek design and capable features. It offers a balance of performance and affordability, making it a popular choice.","category":"smartphones","price":249.99,"discountPercentage":2.43,"rating":3.94,"stock":19,"tags":["smartphones","oppo"],"brand":"Oppo","sku":"SMA-OPP-OPP-125","weight":5,"dimensions":{"width":7.2,"height":10.74,"depth":23.68},"warrantyInformation":"Lifetime warranty","shippingInformation":"Ships in 3-5 business days","availabilityStatus":"In Stock","reviews":[{"rating":4,"comment":"Excellent quality!","date":"2025-04-30T09:41:02.054Z","reviewerName":"Scarlett Wright","reviewerEmail":"scarlett.wright@x.dummyjson.com"},{"rating":5,"comment":"Excellent quality!","date":"2025-04-30T09:41:02.054Z","reviewerName":"Jacob Cooper","reviewerEmail":"jacob.cooper@x.dummyjson.com"},{"rating":2,"comment":"Poor quality!","date":"2025-04-30T09:41:02.054Z","reviewerName":"Zoe Nicholson","reviewerEmail":"zoe.nicholson@x.dummyjson.com"}],"returnPolicy":"90 days return policy","minimumOrderQuantity":3,"meta":{"createdAt":"2025-04-30T09:41:02.054Z","updatedAt":"2025-04-30T09:41:02.054Z","barcode":"0651223722522","qrCode":"https://cdn.dummyjson.com/public/qr-code.png"},"images":["https://cdn.dummyjson.com/product-images/smartphones/oppo-a57/1.webp","https://cdn.dummyjson.com/product-images/smartphones/oppo-a57/2.webp","https://cdn.dummyjson.com/product-images/smartphones/oppo-a57/3.webp"],"thumbnail":"https://cdn.dummyjson.com/product-images/smartphones/oppo-a57/thumbnail.webp"},{"id":126,"title":"Oppo F19 Pro Plus","description":"The Oppo F19 Pro Plus is a feature-rich smartphone with a focus on camera capabilities. It boasts advanced photography features and a powerful performance for a premium user experience.","category":"smartphones","price":399.99,"discountPercentage":18.64,"rating":3.51,"stock":78,"tags":["smartphones","oppo"],"brand":"Oppo","sku":"SMA-OPP-OPP-126","weight":6,"dimensions":{"width":6.78,"height":25.17,"depth":8.4},"warrantyInformation":"3 year warranty","shippingInformation":"Ships in 1 week","availabilityStatus":"In Stock","reviews":[{"rating":5,"comment":"Very happy with my purchase!","date":"2025-04-30T09:41:02.054Z","reviewerName":"Emily Johnson","reviewerEmail":"emily.johnson@x.dummyjson.com"},{"rating":5,"comment":"Highly recommended!","date":"2025-04-30T09:41:02.054Z","reviewerName":"Jaxon Barnes","reviewerEmail":"jaxon.barnes@x.dummyjson.com"},{"rating":4,"comment":"Would buy again!","date":"2025-04-30T09:41:02.054Z","reviewerName":"Nova Cooper","reviewerEmail":"nova.cooper@x.dummyjson.com"}],"returnPolicy":"90 days return policy","minimumOrderQuantity":1,"meta":{"createdAt":"2025-04-30T09:41:02.054Z","updatedAt":"2025-04-30T09:41:02.054Z","barcode":"8576893968169","qrCode":"https://cdn.dummyjson.com/public/qr-code.png"},"images":["https://cdn.dummyjson.com/product-images/smartphones/oppo-f19-pro-plus/1.webp","https://cdn.dummyjson.com/product-images/smartphones/oppo-f19-pro-plus/2.webp","https://cdn.dummyjson.com/product-images/smartphones/oppo-f19-pro-plus/3.webp"],"thumbnail":"https://cdn.dummyjson.com/product-images/smartphones/oppo-f19-pro-plus/thumbnail.webp"},{"id":127,"title":"Oppo K1","description":"The Oppo K1 series offers a range of smartphones with various features and specifications. Known for their stylish design and reliable performance, the Oppo K1 series caters to diverse user preferences.","category":"smartphones","price":299.99,"discountPercentage":18.29,"rating":4.25,"stock":55,"tags":["smartphones","oppo"],"brand":"Oppo","sku":"SMA-OPP-OPP-127","weight":5,"dimensions":{"width":13.89,"height":10.63,"depth":16.6},"warrantyInformation":"1 month warranty","shippingInformation":"Ships in 1-2 business days","availabilityStatus":"In Stock","reviews":[{"rating":4,"comment":"Very pleased!","date":"2025-04-30T09:41:02.054Z","reviewerName":"Christopher West","reviewerEmail":"christopher.west@x.dummyjson.com"},{"rating":4,"comment":"Highly recommended!","date":"2025-04-30T09:41:02.054Z","reviewerName":"Mia Miller","reviewerEmail":"mia.miller@x.dummyjson.com"},{"rating":2,"comment":"Very dissatisfied!","date":"2025-04-30T09:41:02.054Z","reviewerName":"Ella Adams","reviewerEmail":"ella.adams@x.dummyjson.com"}],"returnPolicy":"30 days return policy","minimumOrderQuantity":5,"meta":{"createdAt":"2025-04-30T09:41:02.054Z","updatedAt":"2025-04-30T09:41:02.054Z","barcode":"3106827888743","qrCode":"https://cdn.dummyjson.com/public/qr-code.png"},"images":["https://cdn.dummyjson.com/product-images/smartphones/oppo-k1/1.webp","https://cdn.dummyjson.com/product-images/smartphones/oppo-k1/2.webp","https://cdn.dummyjson.com/product-images/smartphones/oppo-k1/3.webp","https://cdn.dummyjson.com/product-images/smartphones/oppo-k1/4.webp"],"thumbnail":"https://cdn.dummyjson.com/product-images/smartphones/oppo-k1/thumbnail.webp"},{"id":128,"title":"Realme C35","description":"The Realme C35 is a budget-friendly smartphone with a focus on providing essential features for everyday use. It offers a reliable performance and user-friendly experience.","category":"smartphones","price":149.99,"discountPercentage":15.3,"rating":4.2,"stock":48,"tags":["smartphones","realme"],"brand":"Realme","sku":"SMA-REA-REA-128","weight":2,"dimensions":{"width":25.28,"height":8.14,"depth":29.53},"warrantyInformation":"3 year warranty","shippingInformation":"Ships overnight","availabilityStatus":"In Stock","reviews":[{"rating":4,"comment":"Great product!","date":"2025-04-30T09:41:02.054Z","reviewerName":"Penelope King","reviewerEmail":"penelope.king@x.dummyjson.com"},{"rating":2,"comment":"Very unhappy with my purchase!","date":"2025-04-30T09:41:02.054Z","reviewerName":"Asher Scott","reviewerEmail":"asher.scott@x.dummyjson.com"},{"rating":4,"comment":"Highly impressed!","date":"2025-04-30T09:41:02.054Z","reviewerName":"Henry Adams","reviewerEmail":"henry.adams@x.dummyjson.com"}],"returnPolicy":"90 days return policy","minimumOrderQuantity":3,"meta":{"createdAt":"2025-04-30T09:41:02.054Z","updatedAt":"2025-04-30T09:41:02.054Z","barcode":"7825844344364","qrCode":"https://cdn.dummyjson.com/public/qr-code.png"},"images":["https://cdn.dummyjson.com/product-images/smartphones/realme-c35/1.webp","https://cdn.dummyjson.com/product-images/smartphones/realme-c35/2.webp","https://cdn.dummyjson.com/product-images/smartphones/realme-c35/3.webp"],"thumbnail":"https://cdn.dummyjson.com/product-images/smartphones/realme-c35/thumbnail.webp"},{"id":129,"title":"Realme X","description":"The Realme X is a mid-range smartphone known for its sleek design and impressive display. It offers a good balance of performance and camera capabilities for users seeking a quality device.","category":"smartphones","price":299.99,"discountPercentage":6.95,"rating":3.7,"stock":12,"tags":["smartphones","realme"],"brand":"Realme","sku":"SMA-REA-REA-129","weight":4,"dimensions":{"width":25.59,"height":21.42,"depth":12.75},"warrantyInformation":"1 month warranty","shippingInformation":"Ships in 3-5 business days","availabilityStatus":"In Stock","reviews":[{"rating":5,"comment":"Would buy again!","date":"2025-04-30T09:41:02.054Z","reviewerName":"Hazel Evans","reviewerEmail":"hazel.evans@x.dummyjson.com"},{"rating":5,"comment":"Fast shipping!","date":"2025-04-30T09:41:02.054Z","reviewerName":"Brayden Fleming","reviewerEmail":"brayden.fleming@x.dummyjson.com"},{"rating":5,"comment":"Very satisfied!","date":"2025-04-30T09:41:02.054Z","reviewerName":"Madison Stewart","reviewerEmail":"madison.stewart@x.dummyjson.com"}],"returnPolicy":"No return policy","minimumOrderQuantity":3,"meta":{"createdAt":"2025-04-30T09:41:02.054Z","updatedAt":"2025-04-30T09:41:02.054Z","barcode":"4948452391831","qrCode":"https://cdn.dummyjson.com/public/qr-code.png"},"images":["https://cdn.dummyjson.com/product-images/smartphones/realme-x/1.webp","https://cdn.dummyjson.com/product-images/smartphones/realme-x/2.webp","https://cdn.dummyjson.com/product-images/smartphones/realme-x/3.webp"],"thumbnail":"https://cdn.dummyjson.com/product-images/smartphones/realme-x/thumbnail.webp"},{"id":130,"title":"Realme XT","description":"The Realme XT is a feature-rich smartphone with a focus on camera technology. It comes equipped with advanced camera sensors, delivering high-quality photos and videos for photography enthusiasts.","category":"smartphones","price":349.99,"discountPercentage":11.51,"rating":4.58,"stock":80,"tags":["smartphones","realme"],"brand":"Realme","sku":"SMA-REA-REA-130","weight":3,"dimensions":{"width":24.98,"height":26.73,"depth":6.5},"warrantyInformation":"3 year warranty","shippingInformation":"Ships in 1 month","availabilityStatus":"In Stock","reviews":[{"rating":4,"comment":"Very satisfied!","date":"2025-04-30T09:41:02.054Z","reviewerName":"Emily Brown","reviewerEmail":"emily.brown@x.dummyjson.com"},{"rating":3,"comment":"Not as described!","date":"2025-04-30T09:41:02.054Z","reviewerName":"Ella Cook","reviewerEmail":"ella.cook@x.dummyjson.com"},{"rating":5,"comment":"Would buy again!","date":"2025-04-30T09:41:02.054Z","reviewerName":"Layla Sullivan","reviewerEmail":"layla.sullivan@x.dummyjson.com"}],"returnPolicy":"60 days return policy","minimumOrderQuantity":3,"meta":{"createdAt":"2025-04-30T09:41:02.054Z","updatedAt":"2025-04-30T09:41:02.054Z","barcode":"6151817227632","qrCode":"https://cdn.dummyjson.com/public/qr-code.png"},"images":["https://cdn.dummyjson.com/product-images/smartphones/realme-xt/1.webp","https://cdn.dummyjson.com/product-images/smartphones/realme-xt/2.webp","https://cdn.dummyjson.com/product-images/smartphones/realme-xt/3.webp"],"thumbnail":"https://cdn.dummyjson.com/product-images/smartphones/realme-xt/thumbnail.webp"},{"id":131,"title":"Samsung Galaxy S7","description":"The Samsung Galaxy S7 is a flagship smartphone known for its sleek design and advanced features. It features a high-resolution display, powerful camera, and robust performance.","category":"smartphones","price":299.99,"discountPercentage":19.55,"rating":3.3,"stock":67,"tags":["smartphones","samsung galaxy"],"brand":"Samsung","sku":"SMA-SAM-SAM-131","weight":10,"dimensions":{"width":13.55,"height":24.24,"depth":5.63},"warrantyInformation":"3 months warranty","shippingInformation":"Ships in 3-5 business days","availabilityStatus":"In Stock","reviews":[{"rating":1,"comment":"Not as described!","date":"2025-04-30T09:41:02.054Z","reviewerName":"Julian James","reviewerEmail":"julian.james@x.dummyjson.com"},{"rating":4,"comment":"Fast shipping!","date":"2025-04-30T09:41:02.054Z","reviewerName":"Lucas Gordon","reviewerEmail":"lucas.gordon@x.dummyjson.com"},{"rating":4,"comment":"Excellent quality!","date":"2025-04-30T09:41:02.054Z","reviewerName":"Ava Taylor","reviewerEmail":"ava.taylor@x.dummyjson.com"}],"returnPolicy":"No return policy","minimumOrderQuantity":1,"meta":{"createdAt":"2025-04-30T09:41:02.054Z","updatedAt":"2025-04-30T09:41:02.054Z","barcode":"7557912146622","qrCode":"https://cdn.dummyjson.com/public/qr-code.png"},"images":["https://cdn.dummyjson.com/product-images/smartphones/samsung-galaxy-s7/1.webp","https://cdn.dummyjson.com/product-images/smartphones/samsung-galaxy-s7/2.webp","https://cdn.dummyjson.com/product-images/smartphones/samsung-galaxy-s7/3.webp"],"thumbnail":"https://cdn.dummyjson.com/product-images/smartphones/samsung-galaxy-s7/thumbnail.webp"},{"id":132,"title":"Samsung Galaxy S8","description":"The Samsung Galaxy S8 is a premium smartphone with an Infinity Display, offering a stunning visual experience. It boasts advanced camera capabilities and cutting-edge technology.","category":"smartphones","price":499.99,"discountPercentage":19.45,"rating":4.4,"stock":0,"tags":["smartphones","samsung galaxy"],"brand":"Samsung","sku":"SMA-SAM-SAM-132","weight":6,"dimensions":{"width":23.05,"height":26.88,"depth":15.73},"warrantyInformation":"2 year warranty","shippingInformation":"Ships in 1 week","availabilityStatus":"Out of Stock","reviews":[{"rating":4,"comment":"Highly impressed!","date":"2025-04-30T09:41:02.054Z","reviewerName":"Owen Fisher","reviewerEmail":"owen.fisher@x.dummyjson.com"},{"rating":4,"comment":"Highly impressed!","date":"2025-04-30T09:41:02.054Z","reviewerName":"Clara Berry","reviewerEmail":"clara.berry@x.dummyjson.com"},{"rating":4,"comment":"Highly recommended!","date":"2025-04-30T09:41:02.054Z","reviewerName":"Tyler Davis","reviewerEmail":"tyler.davis@x.dummyjson.com"}],"returnPolicy":"No return policy","minimumOrderQuantity":4,"meta":{"createdAt":"2025-04-30T09:41:02.054Z","updatedAt":"2025-04-30T09:41:02.054Z","barcode":"5995499013336","qrCode":"https://cdn.dummyjson.com/public/qr-code.png"},"images":["https://cdn.dummyjson.com/product-images/smartphones/samsung-galaxy-s8/1.webp","https://cdn.dummyjson.com/product-images/smartphones/samsung-galaxy-s8/2.webp","https://cdn.dummyjson.com/product-images/smartphones/samsung-galaxy-s8/3.webp"],"thumbnail":"https://cdn.dummyjson.com/product-images/smartphones/samsung-galaxy-s8/thumbnail.webp"},{"id":133,"title":"Samsung Galaxy S10","description":"The Samsung Galaxy S10 is a flagship device featuring a dynamic AMOLED display, versatile camera system, and powerful performance. It represents innovation and excellence in smartphone technology.","category":"smartphones","price":699.99,"discountPercentage":5.59,"rating":3.06,"stock":19,"tags":["smartphones","samsung galaxy"],"brand":"Samsung","sku":"SMA-SAM-SAM-133","weight":9,"dimensions":{"width":27.41,"height":15.26,"depth":27.02},"warrantyInformation":"No warranty","shippingInformation":"Ships in 2 weeks","availabilityStatus":"In Stock","reviews":[{"rating":4,"comment":"Excellent quality!","date":"2025-04-30T09:41:02.054Z","reviewerName":"Tristan Scott","reviewerEmail":"tristan.scott@x.dummyjson.com"},{"rating":5,"comment":"Would buy again!","date":"2025-04-30T09:41:02.054Z","reviewerName":"Christopher West","reviewerEmail":"christopher.west@x.dummyjson.com"},{"rating":2,"comment":"Would not recommend!","date":"2025-04-30T09:41:02.054Z","reviewerName":"Amelia Perez","reviewerEmail":"amelia.perez@x.dummyjson.com"}],"returnPolicy":"30 days return policy","minimumOrderQuantity":2,"meta":{"createdAt":"2025-04-30T09:41:02.054Z","updatedAt":"2025-04-30T09:41:02.054Z","barcode":"4676898229465","qrCode":"https://cdn.dummyjson.com/public/qr-code.png"},"images":["https://cdn.dummyjson.com/product-images/smartphones/samsung-galaxy-s10/1.webp","https://cdn.dummyjson.com/product-images/smartphones/samsung-galaxy-s10/2.webp","https://cdn.dummyjson.com/product-images/smartphones/samsung-galaxy-s10/3.webp"],"thumbnail":"https://cdn.dummyjson.com/product-images/smartphones/samsung-galaxy-s10/thumbnail.webp"},{"id":134,"title":"Vivo S1","description":"The Vivo S1 is a stylish and mid-range smartphone offering a blend of design and performance. It features a vibrant display, capable camera system, and reliable functionality.","category":"smartphones","price":249.99,"discountPercentage":10.17,"rating":3.5,"stock":50,"tags":["smartphones","vivo"],"brand":"Vivo","sku":"SMA-VIV-VIV-134","weight":4,"dimensions":{"width":14.06,"height":11.79,"depth":6.78},"warrantyInformation":"6 months warranty","shippingInformation":"Ships in 3-5 business days","availabilityStatus":"In Stock","reviews":[{"rating":4,"comment":"Very satisfied!","date":"2025-04-30T09:41:02.054Z","reviewerName":"Samantha Martinez","reviewerEmail":"samantha.martinez@x.dummyjson.com"},{"rating":3,"comment":"Very disappointed!","date":"2025-04-30T09:41:02.054Z","reviewerName":"Logan Lee","reviewerEmail":"logan.lee@x.dummyjson.com"},{"rating":4,"comment":"Would buy again!","date":"2025-04-30T09:41:02.054Z","reviewerName":"Sophia Jones","reviewerEmail":"sophia.jones@x.dummyjson.com"}],"returnPolicy":"7 days return policy","minimumOrderQuantity":1,"meta":{"createdAt":"2025-04-30T09:41:02.054Z","updatedAt":"2025-04-30T09:41:02.054Z","barcode":"8575699153333","qrCode":"https://cdn.dummyjson.com/public/qr-code.png"},"images":["https://cdn.dummyjson.com/product-images/smartphones/vivo-s1/1.webp","https://cdn.dummyjson.com/product-images/smartphones/vivo-s1/2.webp","https://cdn.dummyjson.com/product-images/smartphones/vivo-s1/3.webp"],"thumbnail":"https://cdn.dummyjson.com/product-images/smartphones/vivo-s1/thumbnail.webp"},{"id":135,"title":"Vivo V9","description":"The Vivo V9 is a smartphone known for its sleek design and emphasis on capturing high-quality selfies. It features a notch display, dual-camera setup, and a modern design.","category":"smartphones","price":299.99,"discountPercentage":17.67,"rating":3.6,"stock":82,"tags":["smartphones","vivo"],"brand":"Vivo","sku":"SMA-VIV-VIV-135","weight":4,"dimensions":{"width":19.85,"height":21.83,"depth":13.04},"warrantyInformation":"2 year warranty","shippingInformation":"Ships in 1 month","availabilityStatus":"In Stock","reviews":[{"rating":2,"comment":"Very unhappy with my purchase!","date":"2025-04-30T09:41:02.054Z","reviewerName":"Logan Lawson","reviewerEmail":"logan.lawson@x.dummyjson.com"},{"rating":5,"comment":"Awesome product!","date":"2025-04-30T09:41:02.054Z","reviewerName":"Layla Young","reviewerEmail":"layla.young@x.dummyjson.com"},{"rating":4,"comment":"Great value for money!","date":"2025-04-30T09:41:02.054Z","reviewerName":"Asher Scott","reviewerEmail":"asher.scott@x.dummyjson.com"}],"returnPolicy":"60 days return policy","minimumOrderQuantity":2,"meta":{"createdAt":"2025-04-30T09:41:02.054Z","updatedAt":"2025-04-30T09:41:02.054Z","barcode":"4295398764784","qrCode":"https://cdn.dummyjson.com/public/qr-code.png"},"images":["https://cdn.dummyjson.com/product-images/smartphones/vivo-v9/1.webp","https://cdn.dummyjson.com/product-images/smartphones/vivo-v9/2.webp","https://cdn.dummyjson.com/product-images/smartphones/vivo-v9/3.webp"],"thumbnail":"https://cdn.dummyjson.com/product-images/smartphones/vivo-v9/thumbnail.webp"},{"id":136,"title":"Vivo X21","description":"The Vivo X21 is a premium smartphone with a focus on cutting-edge technology. It features an in-display fingerprint sensor, a high-resolution display, and advanced camera capabilities.","category":"smartphones","price":499.99,"discountPercentage":17.41,"rating":4.26,"stock":7,"tags":["smartphones","vivo"],"brand":"Vivo","sku":"SMA-VIV-VIV-136","weight":10,"dimensions":{"width":22.49,"height":21.62,"depth":27.88},"warrantyInformation":"1 year warranty","shippingInformation":"Ships in 1-2 business days","availabilityStatus":"In Stock","reviews":[{"rating":4,"comment":"Very pleased!","date":"2025-04-30T09:41:02.054Z","reviewerName":"Liam Gonzalez","reviewerEmail":"liam.gonzalez@x.dummyjson.com"},{"rating":4,"comment":"Fast shipping!","date":"2025-04-30T09:41:02.054Z","reviewerName":"Aurora Barnes","reviewerEmail":"aurora.barnes@x.dummyjson.com"},{"rating":2,"comment":"Not as described!","date":"2025-04-30T09:41:02.054Z","reviewerName":"Evelyn Walker","reviewerEmail":"evelyn.walker@x.dummyjson.com"}],"returnPolicy":"60 days return policy","minimumOrderQuantity":3,"meta":{"createdAt":"2025-04-30T09:41:02.054Z","updatedAt":"2025-04-30T09:41:02.054Z","barcode":"9944308291810","qrCode":"https://cdn.dummyjson.com/public/qr-code.png"},"images":["https://cdn.dummyjson.com/product-images/smartphones/vivo-x21/1.webp","https://cdn.dummyjson.com/product-images/smartphones/vivo-x21/2.webp","https://cdn.dummyjson.com/product-images/smartphones/vivo-x21/3.webp"],"thumbnail":"https://cdn.dummyjson.com/product-images/smartphones/vivo-x21/thumbnail.webp"}],"total":23,"skip":0,"limit":23}

18:09:11.268 [main] DEBUG com.jayway.jsonpath.internal.path.CompiledPath -- Evaluating path: $['products']
18:09:11.269 [main] DEBUG com.jayway.jsonpath.internal.path.CompiledPath -- Evaluating path: $['total']
18:09:11.270 [main] INFO com.intuit.karate -- [print] {
  "products": [
    {
      "id": 101,
      "title": "Apple AirPods Max Silver",
      "description": "The Apple AirPods Max in Silver are premium over-ear headphones with high-fidelity audio, adaptive EQ, and active noise cancellation. Experience immersive sound in style.",
      "category": "mobile-accessories",
      "price": 549.99,
      "discountPercentage": 13.67,
      "rating": 3.47,
      "stock": 59,
      "tags": [
        "electronics",
        "over-ear headphones"
      ],
      "brand": "Apple",
      "sku": "MOB-APP-APP-101",
      "weight": 2,
      "dimensions": {
        "width": 24.88,
        "height": 14.9,
        "depth": 27.54
      },
      "warrantyInformation": "No warranty",
      "shippingInformation": "Ships in 2 weeks",
      "availabilityStatus": "In Stock",
      "reviews": [
        {
          "rating": 5,
          "comment": "Excellent quality!",
          "date": "2025-04-30T09:41:02.053Z",
          "reviewerName": "Henry Adams",
          "reviewerEmail": "henry.adams@x.dummyjson.com"
        },
        {
          "rating": 4,
          "comment": "Very happy with my purchase!",
          "date": "2025-04-30T09:41:02.053Z",
          "reviewerName": "Elijah Cruz",
          "reviewerEmail": "elijah.cruz@x.dummyjson.com"
        },
        {
          "rating": 4,
          "comment": "Would buy again!",
          "date": "2025-04-30T09:41:02.053Z",
          "reviewerName": "William Lopez",
          "reviewerEmail": "william.lopez@x.dummyjson.com"
        }
      ],
      "returnPolicy": "No return policy",
      "minimumOrderQuantity": 1,
      "meta": {
        "createdAt": "2025-04-30T09:41:02.053Z",
        "updatedAt": "2025-04-30T09:41:02.053Z",
        "barcode": "4062176053732",
        "qrCode": "https://cdn.dummyjson.com/public/qr-code.png"
      },
      "images": [
        "https://cdn.dummyjson.com/product-images/mobile-accessories/apple-airpods-max-silver/1.webp"
      ],
      "thumbnail": "https://cdn.dummyjson.com/product-images/mobile-accessories/apple-airpods-max-silver/thumbnail.webp"
    },
    {
      "id": 104,
      "title": "Apple iPhone Charger",
      "description": "The Apple iPhone Charger is a high-quality charger designed for fast and efficient charging of your iPhone. Ensure your device stays powered up and ready to go.",
      "category": "mobile-accessories",
      "price": 19.99,
      "discountPercentage": 18.52,
      "rating": 4.15,
      "stock": 31,
      "tags": [
        "electronics",
        "chargers"
      ],
      "brand": "Apple",
      "sku": "MOB-APP-APP-104",
      "weight": 1,
      "dimensions": {
        "width": 13.63,
        "height": 26.25,
        "depth": 5.95
      },
      "warrantyInformation": "1 year warranty",
      "shippingInformation": "Ships in 2 weeks",
      "availabilityStatus": "In Stock",
      "reviews": [
        {
          "rating": 1,
          "comment": "Very disappointed!",
          "date": "2025-04-30T09:41:02.053Z",
          "reviewerName": "Sadie Morales",
          "reviewerEmail": "sadie.morales@x.dummyjson.com"
        },
        {
          "rating": 5,
          "comment": "Great product!",
          "date": "2025-04-30T09:41:02.053Z",
          "reviewerName": "Lily Torres",
          "reviewerEmail": "lily.torres@x.dummyjson.com"
        },
        {
          "rating": 2,
          "comment": "Waste of money!",
          "date": "2025-04-30T09:41:02.053Z",
          "reviewerName": "Luke Cooper",
          "reviewerEmail": "luke.cooper@x.dummyjson.com"
        }
      ],
      "returnPolicy": "90 days return policy",
      "minimumOrderQuantity": 14,
      "meta": {
        "createdAt": "2025-04-30T09:41:02.053Z",
        "updatedAt": "2025-04-30T09:41:02.053Z",
        "barcode": "0879776541417",
        "qrCode": "https://cdn.dummyjson.com/public/qr-code.png"
      },
      "images": [
        "https://cdn.dummyjson.com/product-images/mobile-accessories/apple-iphone-charger/1.webp",
        "https://cdn.dummyjson.com/product-images/mobile-accessories/apple-iphone-charger/2.webp"
      ],
      "thumbnail": "https://cdn.dummyjson.com/product-images/mobile-accessories/apple-iphone-charger/thumbnail.webp"
    },
    {
      "id": 105,
      "title": "Apple MagSafe Battery Pack",
      "description": "The Apple MagSafe Battery Pack is a portable and convenient way to add extra battery life to your MagSafe-compatible iPhone. Attach it magnetically for a secure connection.",
      "category": "mobile-accessories",
      "price": 99.99,
      "discountPercentage": 17.17,
      "rating": 3.62,
      "stock": 1,
      "tags": [
        "electronics",
        "power banks"
      ],
      "brand": "Apple",
      "sku": "MOB-APP-APP-105",
      "weight": 6,
      "dimensions": {
        "width": 15.4,
        "height": 11.89,
        "depth": 19.67
      },
      "warrantyInformation": "2 year warranty",
      "shippingInformation": "Ships overnight",
      "availabilityStatus": "Low Stock",
      "reviews": [
        {
          "rating": 2,
          "comment": "Would not recommend!",
          "date": "2025-04-30T09:41:02.053Z",
          "reviewerName": "Stella Morris",
          "reviewerEmail": "stella.morris@x.dummyjson.com"
        },
        {
          "rating": 2,
          "comment": "Not as described!",
          "date": "2025-04-30T09:41:02.053Z",
          "reviewerName": "Henry Adams",
          "reviewerEmail": "henry.adams@x.dummyjson.com"
        },
        {
          "rating": 5,
          "comment": "Fast shipping!",
          "date": "2025-04-30T09:41:02.053Z",
          "reviewerName": "Cameron Burke",
          "reviewerEmail": "cameron.burke@x.dummyjson.com"
        }
      ],
      "returnPolicy": "No return policy",
      "minimumOrderQuantity": 4,
      "meta": {
        "createdAt": "2025-04-30T09:41:02.053Z",
        "updatedAt": "2025-04-30T09:41:02.053Z",
        "barcode": "5157424897794",
        "qrCode": "https://cdn.dummyjson.com/public/qr-code.png"
      },
      "images": [
        "https://cdn.dummyjson.com/product-images/mobile-accessories/apple-magsafe-battery-pack/1.webp",
        "https://cdn.dummyjson.com/product-images/mobile-accessories/apple-magsafe-battery-pack/2.webp"
      ],
      "thumbnail": "https://cdn.dummyjson.com/product-images/mobile-accessories/apple-magsafe-battery-pack/thumbnail.webp"
    },
    {
      "id": 107,
      "title": "Beats Flex Wireless Earphones",
      "description": "The Beats Flex Wireless Earphones offer a comfortable and versatile audio experience. With magnetic earbuds and up to 12 hours of battery life, they are ideal for everyday use.",
      "category": "mobile-accessories",
      "price": 49.99,
      "discountPercentage": 5.73,
      "rating": 4.24,
      "stock": 50,
      "tags": [
        "electronics",
        "wireless earphones"
      ],
      "brand": "Beats",
      "sku": "MOB-BEA-BEA-107",
      "weight": 8,
      "dimensions": {
        "width": 17.86,
        "height": 25.74,
        "depth": 23.09
      },
      "warrantyInformation": "1 year warranty",
      "shippingInformation": "Ships in 1-2 business days",
      "availabilityStatus": "In Stock",
      "reviews": [
        {
          "rating": 2,
          "comment": "Disappointing product!",
          "date": "2025-04-30T09:41:02.053Z",
          "reviewerName": "William Gonzalez",
          "reviewerEmail": "william.gonzalez@x.dummyjson.com"
        },
        {
          "rating": 5,
          "comment": "Very pleased!",
          "date": "2025-04-30T09:41:02.053Z",
          "reviewerName": "Gabriel Mitchell",
          "reviewerEmail": "gabriel.mitchell@x.dummyjson.com"
        },
        {
          "rating": 2,
          "comment": "Not worth the price!",
          "date": "2025-04-30T09:41:02.053Z",
          "reviewerName": "Gabriel Adams",
          "reviewerEmail": "gabriel.adams@x.dummyjson.com"
        }
      ],
      "returnPolicy": "7 days return policy",
      "minimumOrderQuantity": 17,
      "meta": {
        "createdAt": "2025-04-30T09:41:02.053Z",
        "updatedAt": "2025-04-30T09:41:02.053Z",
        "barcode": "1741271692174",
        "qrCode": "https://cdn.dummyjson.com/public/qr-code.png"
      },
      "images": [
        "https://cdn.dummyjson.com/product-images/mobile-accessories/beats-flex-wireless-earphones/1.webp"
      ],
      "thumbnail": "https://cdn.dummyjson.com/product-images/mobile-accessories/beats-flex-wireless-earphones/thumbnail.webp"
    },
    {
      "id": 108,
      "title": "iPhone 12 Silicone Case with MagSafe Plum",
      "description": "The iPhone 12 Silicone Case with MagSafe in Plum is a stylish and protective case designed for the iPhone 12. It features MagSafe technology for easy attachment of accessories.",
      "category": "mobile-accessories",
      "price": 29.99,
      "discountPercentage": 13.85,
      "rating": 3.62,
      "stock": 69,
      "tags": [
        "electronics",
        "phone accessories"
      ],
      "brand": "Apple",
      "sku": "MOB-APP-IPH-108",
      "weight": 7,
      "dimensions": {
        "width": 12.49,
        "height": 11.29,
        "depth": 23.52
      },
      "warrantyInformation": "3 months warranty",
      "shippingInformation": "Ships in 3-5 business days",
      "availabilityStatus": "In Stock",
      "reviews": [
        {
          "rating": 2,
          "comment": "Would not buy again!",
          "date": "2025-04-30T09:41:02.053Z",
          "reviewerName": "Penelope King",
          "reviewerEmail": "penelope.king@x.dummyjson.com"
        },
        {
          "rating": 5,
          "comment": "Great value for money!",
          "date": "2025-04-30T09:41:02.053Z",
          "reviewerName": "Isabella Anderson",
          "reviewerEmail": "isabella.anderson@x.dummyjson.com"
        },
        {
          "rating": 5,
          "comment": "Highly recommended!",
          "date": "2025-04-30T09:41:02.053Z",
          "reviewerName": "Claire Foster",
          "reviewerEmail": "claire.foster@x.dummyjson.com"
        }
      ],
      "returnPolicy": "90 days return policy",
      "minimumOrderQuantity": 4,
      "meta": {
        "createdAt": "2025-04-30T09:41:02.053Z",
        "updatedAt": "2025-04-30T09:41:02.053Z",
        "barcode": "8156838251449",
        "qrCode": "https://cdn.dummyjson.com/public/qr-code.png"
      },
      "images": [
        "https://cdn.dummyjson.com/product-images/mobile-accessories/iphone-12-silicone-case-with-magsafe-plum/1.webp",
        "https://cdn.dummyjson.com/product-images/mobile-accessories/iphone-12-silicone-case-with-magsafe-plum/2.webp",
        "https://cdn.dummyjson.com/product-images/mobile-accessories/iphone-12-silicone-case-with-magsafe-plum/3.webp",
        "https://cdn.dummyjson.com/product-images/mobile-accessories/iphone-12-silicone-case-with-magsafe-plum/4.webp"
      ],
      "thumbnail": "https://cdn.dummyjson.com/product-images/mobile-accessories/iphone-12-silicone-case-with-magsafe-plum/thumbnail.webp"
    },
    {
      "id": 110,
      "title": "Selfie Lamp with iPhone",
      "description": "The Selfie Lamp with iPhone is a portable and adjustable LED light designed to enhance your selfies and video calls. Attach it to your iPhone for well-lit photos.",
      "category": "mobile-accessories",
      "price": 14.99,
      "discountPercentage": 19.4,
      "rating": 3.55,
      "stock": 58,
      "tags": [
        "electronics",
        "selfie accessories"
      ],
      "brand": "GadgetMaster",
      "sku": "MOB-GAD-SEL-110",
      "weight": 10,
      "dimensions": {
        "width": 5.26,
        "height": 13.84,
        "depth": 22.83
      },
      "warrantyInformation": "Lifetime warranty",
      "shippingInformation": "Ships in 2 weeks",
      "availabilityStatus": "In Stock",
      "reviews": [
        {
          "rating": 4,
          "comment": "Highly recommended!",
          "date": "2025-04-30T09:41:02.053Z",
          "reviewerName": "Luke Cooper",
          "reviewerEmail": "luke.cooper@x.dummyjson.com"
        },
        {
          "rating": 3,
          "comment": "Poor quality!",
          "date": "2025-04-30T09:41:02.053Z",
          "reviewerName": "Caleb Perkins",
          "reviewerEmail": "caleb.perkins@x.dummyjson.com"
        },
        {
          "rating": 4,
          "comment": "Highly recommended!",
          "date": "2025-04-30T09:41:02.053Z",
          "reviewerName": "Benjamin Wilson",
          "reviewerEmail": "benjamin.wilson@x.dummyjson.com"
        }
      ],
      "returnPolicy": "60 days return policy",
      "minimumOrderQuantity": 22,
      "meta": {
        "createdAt": "2025-04-30T09:41:02.053Z",
        "updatedAt": "2025-04-30T09:41:02.053Z",
        "barcode": "4372781189895",
        "qrCode": "https://cdn.dummyjson.com/public/qr-code.png"
      },
      "images": [
        "https://cdn.dummyjson.com/product-images/mobile-accessories/selfie-lamp-with-iphone/1.webp"
      ],
      "thumbnail": "https://cdn.dummyjson.com/product-images/mobile-accessories/selfie-lamp-with-iphone/thumbnail.webp"
    },
    {
      "id": 111,
      "title": "Selfie Stick Monopod",
      "description": "The Selfie Stick Monopod is a extendable and foldable device for capturing the perfect selfie or group photo. Compatible with smartphones and cameras.",
      "category": "mobile-accessories",
      "price": 12.99,
      "discountPercentage": 19.12,
      "rating": 3.88,
      "stock": 11,
      "tags": [
        "electronics",
        "selfie accessories"
      ],
      "brand": "SnapTech",
      "sku": "MOB-SNA-SEL-111",
      "weight": 2,
      "dimensions": {
        "width": 24.76,
        "height": 26.38,
        "depth": 21.39
      },
      "warrantyInformation": "3 year warranty",
      "shippingInformation": "Ships in 1-2 business days",
      "availabilityStatus": "In Stock",
      "reviews": [
        {
          "rating": 4,
          "comment": "Great product!",
          "date": "2025-04-30T09:41:02.053Z",
          "reviewerName": "Ryan Graham",
          "reviewerEmail": "ryan.graham@x.dummyjson.com"
        },
        {
          "rating": 4,
          "comment": "Great product!",
          "date": "2025-04-30T09:41:02.053Z",
          "reviewerName": "Nora Russell",
          "reviewerEmail": "nora.russell@x.dummyjson.com"
        },
        {
          "rating": 1,
          "comment": "Very dissatisfied!",
          "date": "2025-04-30T09:41:02.053Z",
          "reviewerName": "Luna Perez",
          "reviewerEmail": "luna.perez@x.dummyjson.com"
        }
      ],
      "returnPolicy": "30 days return policy",
      "minimumOrderQuantity": 8,
      "meta": {
        "createdAt": "2025-04-30T09:41:02.053Z",
        "updatedAt": "2025-04-30T09:41:02.053Z",
        "barcode": "7063982050226",
        "qrCode": "https://cdn.dummyjson.com/public/qr-code.png"
      },
      "images": [
        "https://cdn.dummyjson.com/product-images/mobile-accessories/selfie-stick-monopod/1.webp"
      ],
      "thumbnail": "https://cdn.dummyjson.com/product-images/mobile-accessories/selfie-stick-monopod/thumbnail.webp"
    },
    {
      "id": 121,
      "title": "iPhone 5s",
      "description": "The iPhone 5s is a classic smartphone known for its compact design and advanced features during its release. While it's an older model, it still provides a reliable user experience.",
      "category": "smartphones",
      "price": 199.99,
      "discountPercentage": 12.91,
      "rating": 2.83,
      "stock": 25,
      "tags": [
        "smartphones",
        "apple"
      ],
      "brand": "Apple",
      "sku": "SMA-APP-IPH-121",
      "weight": 2,
      "dimensions": {
        "width": 5.29,
        "height": 18.38,
        "depth": 17.72
      },
      "warrantyInformation": "Lifetime warranty",
      "shippingInformation": "Ships in 1 month",
      "availabilityStatus": "In Stock",
      "reviews": [
        {
          "rating": 5,
          "comment": "Highly recommended!",
          "date": "2025-04-30T09:41:02.054Z",
          "reviewerName": "Jace Smith",
          "reviewerEmail": "jace.smith@x.dummyjson.com"
        },
        {
          "rating": 1,
          "comment": "Not as described!",
          "date": "2025-04-30T09:41:02.054Z",
          "reviewerName": "Logan Torres",
          "reviewerEmail": "logan.torres@x.dummyjson.com"
        },
        {
          "rating": 5,
          "comment": "Very satisfied!",
          "date": "2025-04-30T09:41:02.054Z",
          "reviewerName": "Harper Kelly",
          "reviewerEmail": "harper.kelly@x.dummyjson.com"
        }
      ],
      "returnPolicy": "60 days return policy",
      "minimumOrderQuantity": 3,
      "meta": {
        "createdAt": "2025-04-30T09:41:02.054Z",
        "updatedAt": "2025-04-30T09:41:02.054Z",
        "barcode": "8814683940853",
        "qrCode": "https://cdn.dummyjson.com/public/qr-code.png"
      },
      "images": [
        "https://cdn.dummyjson.com/product-images/smartphones/iphone-5s/1.webp",
        "https://cdn.dummyjson.com/product-images/smartphones/iphone-5s/2.webp",
        "https://cdn.dummyjson.com/product-images/smartphones/iphone-5s/3.webp"
      ],
      "thumbnail": "https://cdn.dummyjson.com/product-images/smartphones/iphone-5s/thumbnail.webp"
    },
    {
      "id": 122,
      "title": "iPhone 6",
      "description": "The iPhone 6 is a stylish and capable smartphone with a larger display and improved performance. It introduced new features and design elements, making it a popular choice in its time.",
      "category": "smartphones",
      "price": 299.99,
      "discountPercentage": 6.69,
      "rating": 3.41,
      "stock": 60,
      "tags": [
        "smartphones",
        "apple"
      ],
      "brand": "Apple",
      "sku": "SMA-APP-IPH-122",
      "weight": 7,
      "dimensions": {
        "width": 11,
        "height": 9.1,
        "depth": 9.67
      },
      "warrantyInformation": "1 month warranty",
      "shippingInformation": "Ships overnight",
      "availabilityStatus": "In Stock",
      "reviews": [
        {
          "rating": 3,
          "comment": "Disappointing product!",
          "date": "2025-04-30T09:41:02.054Z",
          "reviewerName": "Stella Morris",
          "reviewerEmail": "stella.morris@x.dummyjson.com"
        },
        {
          "rating": 4,
          "comment": "Excellent quality!",
          "date": "2025-04-30T09:41:02.054Z",
          "reviewerName": "Nolan Gonzalez",
          "reviewerEmail": "nolan.gonzalez@x.dummyjson.com"
        },
        {
          "rating": 5,
          "comment": "Great value for money!",
          "date": "2025-04-30T09:41:02.054Z",
          "reviewerName": "Benjamin Foster",
          "reviewerEmail": "benjamin.foster@x.dummyjson.com"
        }
      ],
      "returnPolicy": "7 days return policy",
      "minimumOrderQuantity": 5,
      "meta": {
        "createdAt": "2025-04-30T09:41:02.054Z",
        "updatedAt": "2025-04-30T09:41:02.054Z",
        "barcode": "9922357685013",
        "qrCode": "https://cdn.dummyjson.com/public/qr-code.png"
      },
      "images": [
        "https://cdn.dummyjson.com/product-images/smartphones/iphone-6/1.webp",
        "https://cdn.dummyjson.com/product-images/smartphones/iphone-6/2.webp",
        "https://cdn.dummyjson.com/product-images/smartphones/iphone-6/3.webp"
      ],
      "thumbnail": "https://cdn.dummyjson.com/product-images/smartphones/iphone-6/thumbnail.webp"
    },
    {
      "id": 123,
      "title": "iPhone 13 Pro",
      "description": "The iPhone 13 Pro is a cutting-edge smartphone with a powerful camera system, high-performance chip, and stunning display. It offers advanced features for users who demand top-notch technology.",
      "category": "smartphones",
      "price": 1099.99,
      "discountPercentage": 9.37,
      "rating": 4.12,
      "stock": 56,
      "tags": [
        "smartphones",
        "apple"
      ],
      "brand": "Apple",
      "sku": "SMA-APP-IPH-123",
      "weight": 8,
      "dimensions": {
        "width": 12.63,
        "height": 5.28,
        "depth": 14.29
      },
      "warrantyInformation": "3 year warranty",
      "shippingInformation": "Ships in 2 weeks",
      "availabilityStatus": "In Stock",
      "reviews": [
        {
          "rating": 5,
          "comment": "Would buy again!",
          "date": "2025-04-30T09:41:02.054Z",
          "reviewerName": "Christian Perez",
          "reviewerEmail": "christian.perez@x.dummyjson.com"
        },
        {
          "rating": 3,
          "comment": "Not worth the price!",
          "date": "2025-04-30T09:41:02.054Z",
          "reviewerName": "Liam Gonzalez",
          "reviewerEmail": "liam.gonzalez@x.dummyjson.com"
        },
        {
          "rating": 5,
          "comment": "Very satisfied!",
          "date": "2025-04-30T09:41:02.054Z",
          "reviewerName": "Tristan Scott",
          "reviewerEmail": "tristan.scott@x.dummyjson.com"
        }
      ],
      "returnPolicy": "7 days return policy",
      "minimumOrderQuantity": 1,
      "meta": {
        "createdAt": "2025-04-30T09:41:02.054Z",
        "updatedAt": "2025-04-30T09:41:02.054Z",
        "barcode": "4998438802308",
        "qrCode": "https://cdn.dummyjson.com/public/qr-code.png"
      },
      "images": [
        "https://cdn.dummyjson.com/product-images/smartphones/iphone-13-pro/1.webp",
        "https://cdn.dummyjson.com/product-images/smartphones/iphone-13-pro/2.webp",
        "https://cdn.dummyjson.com/product-images/smartphones/iphone-13-pro/3.webp"
      ],
      "thumbnail": "https://cdn.dummyjson.com/product-images/smartphones/iphone-13-pro/thumbnail.webp"
    },
    {
      "id": 124,
      "title": "iPhone X",
      "description": "The iPhone X is a flagship smartphone featuring a bezel-less OLED display, facial recognition technology (Face ID), and impressive performance. It represents a milestone in iPhone design and innovation.",
      "category": "smartphones",
      "price": 899.99,
      "discountPercentage": 19.59,
      "rating": 2.51,
      "stock": 37,
      "tags": [
        "smartphones",
        "apple"
      ],
      "brand": "Apple",
      "sku": "SMA-APP-IPH-124",
      "weight": 1,
      "dimensions": {
        "width": 21.88,
        "height": 24.19,
        "depth": 14.19
      },
      "warrantyInformation": "3 months warranty",
      "shippingInformation": "Ships in 3-5 business days",
      "availabilityStatus": "In Stock",
      "reviews": [
        {
          "rating": 4,
          "comment": "Highly recommended!",
          "date": "2025-04-30T09:41:02.054Z",
          "reviewerName": "Tyler Davis",
          "reviewerEmail": "tyler.davis@x.dummyjson.com"
        },
        {
          "rating": 5,
          "comment": "Great product!",
          "date": "2025-04-30T09:41:02.054Z",
          "reviewerName": "Aria Parker",
          "reviewerEmail": "aria.parker@x.dummyjson.com"
        },
        {
          "rating": 2,
          "comment": "Not as described!",
          "date": "2025-04-30T09:41:02.054Z",
          "reviewerName": "Lily Torres",
          "reviewerEmail": "lily.torres@x.dummyjson.com"
        }
      ],
      "returnPolicy": "7 days return policy",
      "minimumOrderQuantity": 2,
      "meta": {
        "createdAt": "2025-04-30T09:41:02.054Z",
        "updatedAt": "2025-04-30T09:41:02.054Z",
        "barcode": "3034949322264",
        "qrCode": "https://cdn.dummyjson.com/public/qr-code.png"
      },
      "images": [
        "https://cdn.dummyjson.com/product-images/smartphones/iphone-x/1.webp",
        "https://cdn.dummyjson.com/product-images/smartphones/iphone-x/2.webp",
        "https://cdn.dummyjson.com/product-images/smartphones/iphone-x/3.webp"
      ],
      "thumbnail": "https://cdn.dummyjson.com/product-images/smartphones/iphone-x/thumbnail.webp"
    },
    {
      "id": 125,
      "title": "Oppo A57",
      "description": "The Oppo A57 is a mid-range smartphone known for its sleek design and capable features. It offers a balance of performance and affordability, making it a popular choice.",
      "category": "smartphones",
      "price": 249.99,
      "discountPercentage": 2.43,
      "rating": 3.94,
      "stock": 19,
      "tags": [
        "smartphones",
        "oppo"
      ],
      "brand": "Oppo",
      "sku": "SMA-OPP-OPP-125",
      "weight": 5,
      "dimensions": {
        "width": 7.2,
        "height": 10.74,
        "depth": 23.68
      },
      "warrantyInformation": "Lifetime warranty",
      "shippingInformation": "Ships in 3-5 business days",
      "availabilityStatus": "In Stock",
      "reviews": [
        {
          "rating": 4,
          "comment": "Excellent quality!",
          "date": "2025-04-30T09:41:02.054Z",
          "reviewerName": "Scarlett Wright",
          "reviewerEmail": "scarlett.wright@x.dummyjson.com"
        },
        {
          "rating": 5,
          "comment": "Excellent quality!",
          "date": "2025-04-30T09:41:02.054Z",
          "reviewerName": "Jacob Cooper",
          "reviewerEmail": "jacob.cooper@x.dummyjson.com"
        },
        {
          "rating": 2,
          "comment": "Poor quality!",
          "date": "2025-04-30T09:41:02.054Z",
          "reviewerName": "Zoe Nicholson",
          "reviewerEmail": "zoe.nicholson@x.dummyjson.com"
        }
      ],
      "returnPolicy": "90 days return policy",
      "minimumOrderQuantity": 3,
      "meta": {
        "createdAt": "2025-04-30T09:41:02.054Z",
        "updatedAt": "2025-04-30T09:41:02.054Z",
        "barcode": "0651223722522",
        "qrCode": "https://cdn.dummyjson.com/public/qr-code.png"
      },
      "images": [
        "https://cdn.dummyjson.com/product-images/smartphones/oppo-a57/1.webp",
        "https://cdn.dummyjson.com/product-images/smartphones/oppo-a57/2.webp",
        "https://cdn.dummyjson.com/product-images/smartphones/oppo-a57/3.webp"
      ],
      "thumbnail": "https://cdn.dummyjson.com/product-images/smartphones/oppo-a57/thumbnail.webp"
    },
    {
      "id": 126,
      "title": "Oppo F19 Pro Plus",
      "description": "The Oppo F19 Pro Plus is a feature-rich smartphone with a focus on camera capabilities. It boasts advanced photography features and a powerful performance for a premium user experience.",
      "category": "smartphones",
      "price": 399.99,
      "discountPercentage": 18.64,
      "rating": 3.51,
      "stock": 78,
      "tags": [
        "smartphones",
        "oppo"
      ],
      "brand": "Oppo",
      "sku": "SMA-OPP-OPP-126",
      "weight": 6,
      "dimensions": {
        "width": 6.78,
        "height": 25.17,
        "depth": 8.4
      },
      "warrantyInformation": "3 year warranty",
      "shippingInformation": "Ships in 1 week",
      "availabilityStatus": "In Stock",
      "reviews": [
        {
          "rating": 5,
          "comment": "Very happy with my purchase!",
          "date": "2025-04-30T09:41:02.054Z",
          "reviewerName": "Emily Johnson",
          "reviewerEmail": "emily.johnson@x.dummyjson.com"
        },
        {
          "rating": 5,
          "comment": "Highly recommended!",
          "date": "2025-04-30T09:41:02.054Z",
          "reviewerName": "Jaxon Barnes",
          "reviewerEmail": "jaxon.barnes@x.dummyjson.com"
        },
        {
          "rating": 4,
          "comment": "Would buy again!",
          "date": "2025-04-30T09:41:02.054Z",
          "reviewerName": "Nova Cooper",
          "reviewerEmail": "nova.cooper@x.dummyjson.com"
        }
      ],
      "returnPolicy": "90 days return policy",
      "minimumOrderQuantity": 1,
      "meta": {
        "createdAt": "2025-04-30T09:41:02.054Z",
        "updatedAt": "2025-04-30T09:41:02.054Z",
        "barcode": "8576893968169",
        "qrCode": "https://cdn.dummyjson.com/public/qr-code.png"
      },
      "images": [
        "https://cdn.dummyjson.com/product-images/smartphones/oppo-f19-pro-plus/1.webp",
        "https://cdn.dummyjson.com/product-images/smartphones/oppo-f19-pro-plus/2.webp",
        "https://cdn.dummyjson.com/product-images/smartphones/oppo-f19-pro-plus/3.webp"
      ],
      "thumbnail": "https://cdn.dummyjson.com/product-images/smartphones/oppo-f19-pro-plus/thumbnail.webp"
    },
    {
      "id": 127,
      "title": "Oppo K1",
      "description": "The Oppo K1 series offers a range of smartphones with various features and specifications. Known for their stylish design and reliable performance, the Oppo K1 series caters to diverse user preferences.",
      "category": "smartphones",
      "price": 299.99,
      "discountPercentage": 18.29,
      "rating": 4.25,
      "stock": 55,
      "tags": [
        "smartphones",
        "oppo"
      ],
      "brand": "Oppo",
      "sku": "SMA-OPP-OPP-127",
      "weight": 5,
      "dimensions": {
        "width": 13.89,
        "height": 10.63,
        "depth": 16.6
      },
      "warrantyInformation": "1 month warranty",
      "shippingInformation": "Ships in 1-2 business days",
      "availabilityStatus": "In Stock",
      "reviews": [
        {
          "rating": 4,
          "comment": "Very pleased!",
          "date": "2025-04-30T09:41:02.054Z",
          "reviewerName": "Christopher West",
          "reviewerEmail": "christopher.west@x.dummyjson.com"
        },
        {
          "rating": 4,
          "comment": "Highly recommended!",
          "date": "2025-04-30T09:41:02.054Z",
          "reviewerName": "Mia Miller",
          "reviewerEmail": "mia.miller@x.dummyjson.com"
        },
        {
          "rating": 2,
          "comment": "Very dissatisfied!",
          "date": "2025-04-30T09:41:02.054Z",
          "reviewerName": "Ella Adams",
          "reviewerEmail": "ella.adams@x.dummyjson.com"
        }
      ],
      "returnPolicy": "30 days return policy",
      "minimumOrderQuantity": 5,
      "meta": {
        "createdAt": "2025-04-30T09:41:02.054Z",
        "updatedAt": "2025-04-30T09:41:02.054Z",
        "barcode": "3106827888743",
        "qrCode": "https://cdn.dummyjson.com/public/qr-code.png"
      },
      "images": [
        "https://cdn.dummyjson.com/product-images/smartphones/oppo-k1/1.webp",
        "https://cdn.dummyjson.com/product-images/smartphones/oppo-k1/2.webp",
        "https://cdn.dummyjson.com/product-images/smartphones/oppo-k1/3.webp",
        "https://cdn.dummyjson.com/product-images/smartphones/oppo-k1/4.webp"
      ],
      "thumbnail": "https://cdn.dummyjson.com/product-images/smartphones/oppo-k1/thumbnail.webp"
    },
    {
      "id": 128,
      "title": "Realme C35",
      "description": "The Realme C35 is a budget-friendly smartphone with a focus on providing essential features for everyday use. It offers a reliable performance and user-friendly experience.",
      "category": "smartphones",
      "price": 149.99,
      "discountPercentage": 15.3,
      "rating": 4.2,
      "stock": 48,
      "tags": [
        "smartphones",
        "realme"
      ],
      "brand": "Realme",
      "sku": "SMA-REA-REA-128",
      "weight": 2,
      "dimensions": {
        "width": 25.28,
        "height": 8.14,
        "depth": 29.53
      },
      "warrantyInformation": "3 year warranty",
      "shippingInformation": "Ships overnight",
      "availabilityStatus": "In Stock",
      "reviews": [
        {
          "rating": 4,
          "comment": "Great product!",
          "date": "2025-04-30T09:41:02.054Z",
          "reviewerName": "Penelope King",
          "reviewerEmail": "penelope.king@x.dummyjson.com"
        },
        {
          "rating": 2,
          "comment": "Very unhappy with my purchase!",
          "date": "2025-04-30T09:41:02.054Z",
          "reviewerName": "Asher Scott",
          "reviewerEmail": "asher.scott@x.dummyjson.com"
        },
        {
          "rating": 4,
          "comment": "Highly impressed!",
          "date": "2025-04-30T09:41:02.054Z",
          "reviewerName": "Henry Adams",
          "reviewerEmail": "henry.adams@x.dummyjson.com"
        }
      ],
      "returnPolicy": "90 days return policy",
      "minimumOrderQuantity": 3,
      "meta": {
        "createdAt": "2025-04-30T09:41:02.054Z",
        "updatedAt": "2025-04-30T09:41:02.054Z",
        "barcode": "7825844344364",
        "qrCode": "https://cdn.dummyjson.com/public/qr-code.png"
      },
      "images": [
        "https://cdn.dummyjson.com/product-images/smartphones/realme-c35/1.webp",
        "https://cdn.dummyjson.com/product-images/smartphones/realme-c35/2.webp",
        "https://cdn.dummyjson.com/product-images/smartphones/realme-c35/3.webp"
      ],
      "thumbnail": "https://cdn.dummyjson.com/product-images/smartphones/realme-c35/thumbnail.webp"
    },
    {
      "id": 129,
      "title": "Realme X",
      "description": "The Realme X is a mid-range smartphone known for its sleek design and impressive display. It offers a good balance of performance and camera capabilities for users seeking a quality device.",
      "category": "smartphones",
      "price": 299.99,
      "discountPercentage": 6.95,
      "rating": 3.7,
      "stock": 12,
      "tags": [
        "smartphones",
        "realme"
      ],
      "brand": "Realme",
      "sku": "SMA-REA-REA-129",
      "weight": 4,
      "dimensions": {
        "width": 25.59,
        "height": 21.42,
        "depth": 12.75
      },
      "warrantyInformation": "1 month warranty",
      "shippingInformation": "Ships in 3-5 business days",
      "availabilityStatus": "In Stock",
      "reviews": [
        {
          "rating": 5,
          "comment": "Would buy again!",
          "date": "2025-04-30T09:41:02.054Z",
          "reviewerName": "Hazel Evans",
          "reviewerEmail": "hazel.evans@x.dummyjson.com"
        },
        {
          "rating": 5,
          "comment": "Fast shipping!",
          "date": "2025-04-30T09:41:02.054Z",
          "reviewerName": "Brayden Fleming",
          "reviewerEmail": "brayden.fleming@x.dummyjson.com"
        },
        {
          "rating": 5,
          "comment": "Very satisfied!",
          "date": "2025-04-30T09:41:02.054Z",
          "reviewerName": "Madison Stewart",
          "reviewerEmail": "madison.stewart@x.dummyjson.com"
        }
      ],
      "returnPolicy": "No return policy",
      "minimumOrderQuantity": 3,
      "meta": {
        "createdAt": "2025-04-30T09:41:02.054Z",
        "updatedAt": "2025-04-30T09:41:02.054Z",
        "barcode": "4948452391831",
        "qrCode": "https://cdn.dummyjson.com/public/qr-code.png"
      },
      "images": [
        "https://cdn.dummyjson.com/product-images/smartphones/realme-x/1.webp",
        "https://cdn.dummyjson.com/product-images/smartphones/realme-x/2.webp",
        "https://cdn.dummyjson.com/product-images/smartphones/realme-x/3.webp"
      ],
      "thumbnail": "https://cdn.dummyjson.com/product-images/smartphones/realme-x/thumbnail.webp"
    },
    {
      "id": 130,
      "title": "Realme XT",
      "description": "The Realme XT is a feature-rich smartphone with a focus on camera technology. It comes equipped with advanced camera sensors, delivering high-quality photos and videos for photography enthusiasts.",
      "category": "smartphones",
      "price": 349.99,
      "discountPercentage": 11.51,
      "rating": 4.58,
      "stock": 80,
      "tags": [
        "smartphones",
        "realme"
      ],
      "brand": "Realme",
      "sku": "SMA-REA-REA-130",
      "weight": 3,
      "dimensions": {
        "width": 24.98,
        "height": 26.73,
        "depth": 6.5
      },
      "warrantyInformation": "3 year warranty",
      "shippingInformation": "Ships in 1 month",
      "availabilityStatus": "In Stock",
      "reviews": [
        {
          "rating": 4,
          "comment": "Very satisfied!",
          "date": "2025-04-30T09:41:02.054Z",
          "reviewerName": "Emily Brown",
          "reviewerEmail": "emily.brown@x.dummyjson.com"
        },
        {
          "rating": 3,
          "comment": "Not as described!",
          "date": "2025-04-30T09:41:02.054Z",
          "reviewerName": "Ella Cook",
          "reviewerEmail": "ella.cook@x.dummyjson.com"
        },
        {
          "rating": 5,
          "comment": "Would buy again!",
          "date": "2025-04-30T09:41:02.054Z",
          "reviewerName": "Layla Sullivan",
          "reviewerEmail": "layla.sullivan@x.dummyjson.com"
        }
      ],
      "returnPolicy": "60 days return policy",
      "minimumOrderQuantity": 3,
      "meta": {
        "createdAt": "2025-04-30T09:41:02.054Z",
        "updatedAt": "2025-04-30T09:41:02.054Z",
        "barcode": "6151817227632",
        "qrCode": "https://cdn.dummyjson.com/public/qr-code.png"
      },
      "images": [
        "https://cdn.dummyjson.com/product-images/smartphones/realme-xt/1.webp",
        "https://cdn.dummyjson.com/product-images/smartphones/realme-xt/2.webp",
        "https://cdn.dummyjson.com/product-images/smartphones/realme-xt/3.webp"
      ],
      "thumbnail": "https://cdn.dummyjson.com/product-images/smartphones/realme-xt/thumbnail.webp"
    },
    {
      "id": 131,
      "title": "Samsung Galaxy S7",
      "description": "The Samsung Galaxy S7 is a flagship smartphone known for its sleek design and advanced features. It features a high-resolution display, powerful camera, and robust performance.",
      "category": "smartphones",
      "price": 299.99,
      "discountPercentage": 19.55,
      "rating": 3.3,
      "stock": 67,
      "tags": [
        "smartphones",
        "samsung galaxy"
      ],
      "brand": "Samsung",
      "sku": "SMA-SAM-SAM-131",
      "weight": 10,
      "dimensions": {
        "width": 13.55,
        "height": 24.24,
        "depth": 5.63
      },
      "warrantyInformation": "3 months warranty",
      "shippingInformation": "Ships in 3-5 business days",
      "availabilityStatus": "In Stock",
      "reviews": [
        {
          "rating": 1,
          "comment": "Not as described!",
          "date": "2025-04-30T09:41:02.054Z",
          "reviewerName": "Julian James",
          "reviewerEmail": "julian.james@x.dummyjson.com"
        },
        {
          "rating": 4,
          "comment": "Fast shipping!",
          "date": "2025-04-30T09:41:02.054Z",
          "reviewerName": "Lucas Gordon",
          "reviewerEmail": "lucas.gordon@x.dummyjson.com"
        },
        {
          "rating": 4,
          "comment": "Excellent quality!",
          "date": "2025-04-30T09:41:02.054Z",
          "reviewerName": "Ava Taylor",
          "reviewerEmail": "ava.taylor@x.dummyjson.com"
        }
      ],
      "returnPolicy": "No return policy",
      "minimumOrderQuantity": 1,
      "meta": {
        "createdAt": "2025-04-30T09:41:02.054Z",
        "updatedAt": "2025-04-30T09:41:02.054Z",
        "barcode": "7557912146622",
        "qrCode": "https://cdn.dummyjson.com/public/qr-code.png"
      },
      "images": [
        "https://cdn.dummyjson.com/product-images/smartphones/samsung-galaxy-s7/1.webp",
        "https://cdn.dummyjson.com/product-images/smartphones/samsung-galaxy-s7/2.webp",
        "https://cdn.dummyjson.com/product-images/smartphones/samsung-galaxy-s7/3.webp"
      ],
      "thumbnail": "https://cdn.dummyjson.com/product-images/smartphones/samsung-galaxy-s7/thumbnail.webp"
    },
    {
      "id": 132,
      "title": "Samsung Galaxy S8",
      "description": "The Samsung Galaxy S8 is a premium smartphone with an Infinity Display, offering a stunning visual experience. It boasts advanced camera capabilities and cutting-edge technology.",
      "category": "smartphones",
      "price": 499.99,
      "discountPercentage": 19.45,
      "rating": 4.4,
      "stock": 0,
      "tags": [
        "smartphones",
        "samsung galaxy"
      ],
      "brand": "Samsung",
      "sku": "SMA-SAM-SAM-132",
      "weight": 6,
      "dimensions": {
        "width": 23.05,
        "height": 26.88,
        "depth": 15.73
      },
      "warrantyInformation": "2 year warranty",
      "shippingInformation": "Ships in 1 week",
      "availabilityStatus": "Out of Stock",
      "reviews": [
        {
          "rating": 4,
          "comment": "Highly impressed!",
          "date": "2025-04-30T09:41:02.054Z",
          "reviewerName": "Owen Fisher",
          "reviewerEmail": "owen.fisher@x.dummyjson.com"
        },
        {
          "rating": 4,
          "comment": "Highly impressed!",
          "date": "2025-04-30T09:41:02.054Z",
          "reviewerName": "Clara Berry",
          "reviewerEmail": "clara.berry@x.dummyjson.com"
        },
        {
          "rating": 4,
          "comment": "Highly recommended!",
          "date": "2025-04-30T09:41:02.054Z",
          "reviewerName": "Tyler Davis",
          "reviewerEmail": "tyler.davis@x.dummyjson.com"
        }
      ],
      "returnPolicy": "No return policy",
      "minimumOrderQuantity": 4,
      "meta": {
        "createdAt": "2025-04-30T09:41:02.054Z",
        "updatedAt": "2025-04-30T09:41:02.054Z",
        "barcode": "5995499013336",
        "qrCode": "https://cdn.dummyjson.com/public/qr-code.png"
      },
      "images": [
        "https://cdn.dummyjson.com/product-images/smartphones/samsung-galaxy-s8/1.webp",
        "https://cdn.dummyjson.com/product-images/smartphones/samsung-galaxy-s8/2.webp",
        "https://cdn.dummyjson.com/product-images/smartphones/samsung-galaxy-s8/3.webp"
      ],
      "thumbnail": "https://cdn.dummyjson.com/product-images/smartphones/samsung-galaxy-s8/thumbnail.webp"
    },
    {
      "id": 133,
      "title": "Samsung Galaxy S10",
      "description": "The Samsung Galaxy S10 is a flagship device featuring a dynamic AMOLED display, versatile camera system, and powerful performance. It represents innovation and excellence in smartphone technology.",
      "category": "smartphones",
      "price": 699.99,
      "discountPercentage": 5.59,
      "rating": 3.06,
      "stock": 19,
      "tags": [
        "smartphones",
        "samsung galaxy"
      ],
      "brand": "Samsung",
      "sku": "SMA-SAM-SAM-133",
      "weight": 9,
      "dimensions": {
        "width": 27.41,
        "height": 15.26,
        "depth": 27.02
      },
      "warrantyInformation": "No warranty",
      "shippingInformation": "Ships in 2 weeks",
      "availabilityStatus": "In Stock",
      "reviews": [
        {
          "rating": 4,
          "comment": "Excellent quality!",
          "date": "2025-04-30T09:41:02.054Z",
          "reviewerName": "Tristan Scott",
          "reviewerEmail": "tristan.scott@x.dummyjson.com"
        },
        {
          "rating": 5,
          "comment": "Would buy again!",
          "date": "2025-04-30T09:41:02.054Z",
          "reviewerName": "Christopher West",
          "reviewerEmail": "christopher.west@x.dummyjson.com"
        },
        {
          "rating": 2,
          "comment": "Would not recommend!",
          "date": "2025-04-30T09:41:02.054Z",
          "reviewerName": "Amelia Perez",
          "reviewerEmail": "amelia.perez@x.dummyjson.com"
        }
      ],
      "returnPolicy": "30 days return policy",
      "minimumOrderQuantity": 2,
      "meta": {
        "createdAt": "2025-04-30T09:41:02.054Z",
        "updatedAt": "2025-04-30T09:41:02.054Z",
        "barcode": "4676898229465",
        "qrCode": "https://cdn.dummyjson.com/public/qr-code.png"
      },
      "images": [
        "https://cdn.dummyjson.com/product-images/smartphones/samsung-galaxy-s10/1.webp",
        "https://cdn.dummyjson.com/product-images/smartphones/samsung-galaxy-s10/2.webp",
        "https://cdn.dummyjson.com/product-images/smartphones/samsung-galaxy-s10/3.webp"
      ],
      "thumbnail": "https://cdn.dummyjson.com/product-images/smartphones/samsung-galaxy-s10/thumbnail.webp"
    },
    {
      "id": 134,
      "title": "Vivo S1",
      "description": "The Vivo S1 is a stylish and mid-range smartphone offering a blend of design and performance. It features a vibrant display, capable camera system, and reliable functionality.",
      "category": "smartphones",
      "price": 249.99,
      "discountPercentage": 10.17,
      "rating": 3.5,
      "stock": 50,
      "tags": [
        "smartphones",
        "vivo"
      ],
      "brand": "Vivo",
      "sku": "SMA-VIV-VIV-134",
      "weight": 4,
      "dimensions": {
        "width": 14.06,
        "height": 11.79,
        "depth": 6.78
      },
      "warrantyInformation": "6 months warranty",
      "shippingInformation": "Ships in 3-5 business days",
      "availabilityStatus": "In Stock",
      "reviews": [
        {
          "rating": 4,
          "comment": "Very satisfied!",
          "date": "2025-04-30T09:41:02.054Z",
          "reviewerName": "Samantha Martinez",
          "reviewerEmail": "samantha.martinez@x.dummyjson.com"
        },
        {
          "rating": 3,
          "comment": "Very disappointed!",
          "date": "2025-04-30T09:41:02.054Z",
          "reviewerName": "Logan Lee",
          "reviewerEmail": "logan.lee@x.dummyjson.com"
        },
        {
          "rating": 4,
          "comment": "Would buy again!",
          "date": "2025-04-30T09:41:02.054Z",
          "reviewerName": "Sophia Jones",
          "reviewerEmail": "sophia.jones@x.dummyjson.com"
        }
      ],
      "returnPolicy": "7 days return policy",
      "minimumOrderQuantity": 1,
      "meta": {
        "createdAt": "2025-04-30T09:41:02.054Z",
        "updatedAt": "2025-04-30T09:41:02.054Z",
        "barcode": "8575699153333",
        "qrCode": "https://cdn.dummyjson.com/public/qr-code.png"
      },
      "images": [
        "https://cdn.dummyjson.com/product-images/smartphones/vivo-s1/1.webp",
        "https://cdn.dummyjson.com/product-images/smartphones/vivo-s1/2.webp",
        "https://cdn.dummyjson.com/product-images/smartphones/vivo-s1/3.webp"
      ],
      "thumbnail": "https://cdn.dummyjson.com/product-images/smartphones/vivo-s1/thumbnail.webp"
    },
    {
      "id": 135,
      "title": "Vivo V9",
      "description": "The Vivo V9 is a smartphone known for its sleek design and emphasis on capturing high-quality selfies. It features a notch display, dual-camera setup, and a modern design.",
      "category": "smartphones",
      "price": 299.99,
      "discountPercentage": 17.67,
      "rating": 3.6,
      "stock": 82,
      "tags": [
        "smartphones",
        "vivo"
      ],
      "brand": "Vivo",
      "sku": "SMA-VIV-VIV-135",
      "weight": 4,
      "dimensions": {
        "width": 19.85,
        "height": 21.83,
        "depth": 13.04
      },
      "warrantyInformation": "2 year warranty",
      "shippingInformation": "Ships in 1 month",
      "availabilityStatus": "In Stock",
      "reviews": [
        {
          "rating": 2,
          "comment": "Very unhappy with my purchase!",
          "date": "2025-04-30T09:41:02.054Z",
          "reviewerName": "Logan Lawson",
          "reviewerEmail": "logan.lawson@x.dummyjson.com"
        },
        {
          "rating": 5,
          "comment": "Awesome product!",
          "date": "2025-04-30T09:41:02.054Z",
          "reviewerName": "Layla Young",
          "reviewerEmail": "layla.young@x.dummyjson.com"
        },
        {
          "rating": 4,
          "comment": "Great value for money!",
          "date": "2025-04-30T09:41:02.054Z",
          "reviewerName": "Asher Scott",
          "reviewerEmail": "asher.scott@x.dummyjson.com"
        }
      ],
      "returnPolicy": "60 days return policy",
      "minimumOrderQuantity": 2,
      "meta": {
        "createdAt": "2025-04-30T09:41:02.054Z",
        "updatedAt": "2025-04-30T09:41:02.054Z",
        "barcode": "4295398764784",
        "qrCode": "https://cdn.dummyjson.com/public/qr-code.png"
      },
      "images": [
        "https://cdn.dummyjson.com/product-images/smartphones/vivo-v9/1.webp",
        "https://cdn.dummyjson.com/product-images/smartphones/vivo-v9/2.webp",
        "https://cdn.dummyjson.com/product-images/smartphones/vivo-v9/3.webp"
      ],
      "thumbnail": "https://cdn.dummyjson.com/product-images/smartphones/vivo-v9/thumbnail.webp"
    },
    {
      "id": 136,
      "title": "Vivo X21",
      "description": "The Vivo X21 is a premium smartphone with a focus on cutting-edge technology. It features an in-display fingerprint sensor, a high-resolution display, and advanced camera capabilities.",
      "category": "smartphones",
      "price": 499.99,
      "discountPercentage": 17.41,
      "rating": 4.26,
      "stock": 7,
      "tags": [
        "smartphones",
        "vivo"
      ],
      "brand": "Vivo",
      "sku": "SMA-VIV-VIV-136",
      "weight": 10,
      "dimensions": {
        "width": 22.49,
        "height": 21.62,
        "depth": 27.88
      },
      "warrantyInformation": "1 year warranty",
      "shippingInformation": "Ships in 1-2 business days",
      "availabilityStatus": "In Stock",
      "reviews": [
        {
          "rating": 4,
          "comment": "Very pleased!",
          "date": "2025-04-30T09:41:02.054Z",
          "reviewerName": "Liam Gonzalez",
          "reviewerEmail": "liam.gonzalez@x.dummyjson.com"
        },
        {
          "rating": 4,
          "comment": "Fast shipping!",
          "date": "2025-04-30T09:41:02.054Z",
          "reviewerName": "Aurora Barnes",
          "reviewerEmail": "aurora.barnes@x.dummyjson.com"
        },
        {
          "rating": 2,
          "comment": "Not as described!",
          "date": "2025-04-30T09:41:02.054Z",
          "reviewerName": "Evelyn Walker",
          "reviewerEmail": "evelyn.walker@x.dummyjson.com"
        }
      ],
      "returnPolicy": "60 days return policy",
      "minimumOrderQuantity": 3,
      "meta": {
        "createdAt": "2025-04-30T09:41:02.054Z",
        "updatedAt": "2025-04-30T09:41:02.054Z",
        "barcode": "9944308291810",
        "qrCode": "https://cdn.dummyjson.com/public/qr-code.png"
      },
      "images": [
        "https://cdn.dummyjson.com/product-images/smartphones/vivo-x21/1.webp",
        "https://cdn.dummyjson.com/product-images/smartphones/vivo-x21/2.webp",
        "https://cdn.dummyjson.com/product-images/smartphones/vivo-x21/3.webp"
      ],
      "thumbnail": "https://cdn.dummyjson.com/product-images/smartphones/vivo-x21/thumbnail.webp"
    }
  ],
  "total": 23,
  "skip": 0,
  "limit": 23
}
 
]]></system-out>
  </testcase>
  <testcase name="[4:32] Get Products with Limit and Skip" classname="dummyjson/Products" time="0.116">
    <system-out><![CDATA[18:09:11.294 [main] DEBUG org.apache.http.client.protocol.RequestAddCookies -- CookieSpec selected: karate
18:09:11.294 [main] DEBUG org.apache.http.client.protocol.RequestAuthCache -- Auth cache not set in the context
18:09:11.294 [main] DEBUG com.intuit.karate -- request:
1 > GET https://dummyjson.com/products?limit=10&skip=10
1 > Host: dummyjson.com
1 > Connection: Keep-Alive
1 > User-Agent: Apache-HttpClient/4.5.14 (Java/21.0.8)
1 > Accept-Encoding: gzip,deflate


18:09:11.294 [main] DEBUG org.apache.http.impl.conn.PoolingHttpClientConnectionManager -- Connection request: [route: {s}->https://dummyjson.com:443][total available: 0; route allocated: 0 of 5; total allocated: 0 of 10]
18:09:11.295 [main] DEBUG org.apache.http.impl.conn.PoolingHttpClientConnectionManager -- Connection leased: [id: 3][route: {s}->https://dummyjson.com:443][total available: 0; route allocated: 1 of 5; total allocated: 1 of 10]
18:09:11.295 [main] DEBUG org.apache.http.impl.execchain.MainClientExec -- Opening connection {s}->https://dummyjson.com:443
18:09:11.295 [main] DEBUG org.apache.http.impl.conn.DefaultHttpClientConnectionOperator -- Connecting to dummyjson.com/66.33.22.2:443
18:09:11.295 [main] DEBUG org.apache.http.conn.ssl.SSLConnectionSocketFactory -- Connecting socket to dummyjson.com/66.33.22.2:443 with timeout 30000
18:09:11.317 [main] DEBUG org.apache.http.conn.ssl.SSLConnectionSocketFactory -- Enabled protocols: [TLSv1.3, TLSv1.2]
18:09:11.317 [main] DEBUG org.apache.http.conn.ssl.SSLConnectionSocketFactory -- Enabled cipher suites:[TLS_AES_256_GCM_SHA384, TLS_AES_128_GCM_SHA256, TLS_CHACHA20_POLY1305_SHA256, TLS_ECDHE_ECDSA_WITH_AES_256_GCM_SHA384, TLS_ECDHE_ECDSA_WITH_AES_128_GCM_SHA256, TLS_ECDHE_ECDSA_WITH_CHACHA20_POLY1305_SHA256, TLS_ECDHE_RSA_WITH_AES_256_GCM_SHA384, TLS_ECDHE_RSA_WITH_CHACHA20_POLY1305_SHA256, TLS_ECDHE_RSA_WITH_AES_128_GCM_SHA256, TLS_DHE_RSA_WITH_AES_256_GCM_SHA384, TLS_DHE_RSA_WITH_CHACHA20_POLY1305_SHA256, TLS_DHE_DSS_WITH_AES_256_GCM_SHA384, TLS_DHE_RSA_WITH_AES_128_GCM_SHA256, TLS_DHE_DSS_WITH_AES_128_GCM_SHA256, TLS_ECDHE_ECDSA_WITH_AES_256_CBC_SHA384, TLS_ECDHE_RSA_WITH_AES_256_CBC_SHA384, TLS_ECDHE_ECDSA_WITH_AES_128_CBC_SHA256, TLS_ECDHE_RSA_WITH_AES_128_CBC_SHA256, TLS_DHE_RSA_WITH_AES_256_CBC_SHA256, TLS_DHE_DSS_WITH_AES_256_CBC_SHA256, TLS_DHE_RSA_WITH_AES_128_CBC_SHA256, TLS_DHE_DSS_WITH_AES_128_CBC_SHA256, TLS_ECDHE_ECDSA_WITH_AES_256_CBC_SHA, TLS_ECDHE_RSA_WITH_AES_256_CBC_SHA, TLS_ECDHE_ECDSA_WITH_AES_128_CBC_SHA, TLS_ECDHE_RSA_WITH_AES_128_CBC_SHA, TLS_DHE_RSA_WITH_AES_256_CBC_SHA, TLS_DHE_DSS_WITH_AES_256_CBC_SHA, TLS_DHE_RSA_WITH_AES_128_CBC_SHA, TLS_DHE_DSS_WITH_AES_128_CBC_SHA, TLS_RSA_WITH_AES_256_GCM_SHA384, TLS_RSA_WITH_AES_128_GCM_SHA256, TLS_RSA_WITH_AES_256_CBC_SHA256, TLS_RSA_WITH_AES_128_CBC_SHA256, TLS_RSA_WITH_AES_256_CBC_SHA, TLS_RSA_WITH_AES_128_CBC_SHA, TLS_EMPTY_RENEGOTIATION_INFO_SCSV]
18:09:11.317 [main] DEBUG org.apache.http.conn.ssl.SSLConnectionSocketFactory -- Starting handshake
18:09:11.344 [main] DEBUG org.apache.http.conn.ssl.SSLConnectionSocketFactory -- Secure session established
18:09:11.345 [main] DEBUG org.apache.http.conn.ssl.SSLConnectionSocketFactory --  negotiated protocol: TLSv1.3
18:09:11.345 [main] DEBUG org.apache.http.conn.ssl.SSLConnectionSocketFactory --  negotiated cipher suite: TLS_AES_128_GCM_SHA256
18:09:11.345 [main] DEBUG org.apache.http.conn.ssl.SSLConnectionSocketFactory --  peer principal: CN=dummyjson.com
18:09:11.345 [main] DEBUG org.apache.http.conn.ssl.SSLConnectionSocketFactory --  peer alternative names: [dummyjson.com]
18:09:11.345 [main] DEBUG org.apache.http.conn.ssl.SSLConnectionSocketFactory --  issuer principal: CN=R11, O=Let's Encrypt, C=US
18:09:11.345 [main] DEBUG org.apache.http.impl.conn.DefaultHttpClientConnectionOperator -- Connection established 192.168.1.15:64685<->66.33.22.2:443
18:09:11.345 [main] DEBUG org.apache.http.impl.conn.DefaultManagedHttpClientConnection -- http-outgoing-3: set socket timeout to 30000
18:09:11.345 [main] DEBUG org.apache.http.impl.execchain.MainClientExec -- Executing request GET /products?limit=10&skip=10 HTTP/1.1
18:09:11.345 [main] DEBUG org.apache.http.impl.execchain.MainClientExec -- Target auth state: UNCHALLENGED
18:09:11.345 [main] DEBUG org.apache.http.impl.execchain.MainClientExec -- Proxy auth state: UNCHALLENGED
18:09:11.346 [main] DEBUG org.apache.http.headers -- http-outgoing-3 >> GET /products?limit=10&skip=10 HTTP/1.1
18:09:11.346 [main] DEBUG org.apache.http.headers -- http-outgoing-3 >> Host: dummyjson.com
18:09:11.346 [main] DEBUG org.apache.http.headers -- http-outgoing-3 >> Connection: Keep-Alive
18:09:11.346 [main] DEBUG org.apache.http.headers -- http-outgoing-3 >> User-Agent: Apache-HttpClient/4.5.14 (Java/21.0.8)
18:09:11.346 [main] DEBUG org.apache.http.headers -- http-outgoing-3 >> Accept-Encoding: gzip,deflate
18:09:11.346 [main] DEBUG org.apache.http.wire -- http-outgoing-3 >> "GET /products?limit=10&skip=10 HTTP/1.1[\r][\n]"
18:09:11.346 [main] DEBUG org.apache.http.wire -- http-outgoing-3 >> "Host: dummyjson.com[\r][\n]"
18:09:11.346 [main] DEBUG org.apache.http.wire -- http-outgoing-3 >> "Connection: Keep-Alive[\r][\n]"
18:09:11.346 [main] DEBUG org.apache.http.wire -- http-outgoing-3 >> "User-Agent: Apache-HttpClient/4.5.14 (Java/21.0.8)[\r][\n]"
18:09:11.346 [main] DEBUG org.apache.http.wire -- http-outgoing-3 >> "Accept-Encoding: gzip,deflate[\r][\n]"
18:09:11.346 [main] DEBUG org.apache.http.wire -- http-outgoing-3 >> "[\r][\n]"
18:09:11.378 [main] DEBUG org.apache.http.wire -- http-outgoing-3 << "HTTP/1.1 200 OK[\r][\n]"
18:09:11.378 [main] DEBUG org.apache.http.wire -- http-outgoing-3 << "Access-Control-Allow-Origin: *[\r][\n]"
18:09:11.378 [main] DEBUG org.apache.http.wire -- http-outgoing-3 << "Content-Encoding: gzip[\r][\n]"
18:09:11.378 [main] DEBUG org.apache.http.wire -- http-outgoing-3 << "Content-Type: application/json; charset=utf-8[\r][\n]"
18:09:11.378 [main] DEBUG org.apache.http.wire -- http-outgoing-3 << "Date: Wed, 23 Jul 2025 11:09:11 GMT[\r][\n]"
18:09:11.378 [main] DEBUG org.apache.http.wire -- http-outgoing-3 << "Etag: W/"3b1f-YNsGjdYedd0lJtvx6ED6+OqysfI"[\r][\n]"
18:09:11.378 [main] DEBUG org.apache.http.wire -- http-outgoing-3 << "Server: railway-edge[\r][\n]"
18:09:11.378 [main] DEBUG org.apache.http.wire -- http-outgoing-3 << "Strict-Transport-Security: max-age=15552000; includeSubDomains[\r][\n]"
18:09:11.378 [main] DEBUG org.apache.http.wire -- http-outgoing-3 << "Vary: Accept-Encoding[\r][\n]"
18:09:11.378 [main] DEBUG org.apache.http.wire -- http-outgoing-3 << "X-Content-Type-Options: nosniff[\r][\n]"
18:09:11.378 [main] DEBUG org.apache.http.wire -- http-outgoing-3 << "X-Dns-Prefetch-Control: off[\r][\n]"
18:09:11.378 [main] DEBUG org.apache.http.wire -- http-outgoing-3 << "X-Download-Options: noopen[\r][\n]"
18:09:11.378 [main] DEBUG org.apache.http.wire -- http-outgoing-3 << "X-Frame-Options: SAMEORIGIN[\r][\n]"
18:09:11.378 [main] DEBUG org.apache.http.wire -- http-outgoing-3 << "X-Powered-By: Cats on Keyboards[\r][\n]"
18:09:11.378 [main] DEBUG org.apache.http.wire -- http-outgoing-3 << "X-Railway-Edge: railway/asia-southeast1-eqsg3a[\r][\n]"
18:09:11.378 [main] DEBUG org.apache.http.wire -- http-outgoing-3 << "X-Railway-Request-Id: n0I0VjdHRrqo_X6rAQeqjw[\r][\n]"
18:09:11.378 [main] DEBUG org.apache.http.wire -- http-outgoing-3 << "X-Ratelimit-Limit: 100[\r][\n]"
18:09:11.378 [main] DEBUG org.apache.http.wire -- http-outgoing-3 << "X-Ratelimit-Remaining: 96[\r][\n]"
18:09:11.378 [main] DEBUG org.apache.http.wire -- http-outgoing-3 << "X-Ratelimit-Reset: 1753268959[\r][\n]"
18:09:11.378 [main] DEBUG org.apache.http.wire -- http-outgoing-3 << "X-Xss-Protection: 1; mode=block[\r][\n]"
18:09:11.378 [main] DEBUG org.apache.http.wire -- http-outgoing-3 << "Transfer-Encoding: chunked[\r][\n]"
18:09:11.378 [main] DEBUG org.apache.http.wire -- http-outgoing-3 << "[\r][\n]"
18:09:11.378 [main] DEBUG org.apache.http.headers -- http-outgoing-3 << HTTP/1.1 200 OK
18:09:11.378 [main] DEBUG org.apache.http.headers -- http-outgoing-3 << Access-Control-Allow-Origin: *
18:09:11.378 [main] DEBUG org.apache.http.headers -- http-outgoing-3 << Content-Encoding: gzip
18:09:11.378 [main] DEBUG org.apache.http.headers -- http-outgoing-3 << Content-Type: application/json; charset=utf-8
18:09:11.378 [main] DEBUG org.apache.http.headers -- http-outgoing-3 << Date: Wed, 23 Jul 2025 11:09:11 GMT
18:09:11.378 [main] DEBUG org.apache.http.headers -- http-outgoing-3 << Etag: W/"3b1f-YNsGjdYedd0lJtvx6ED6+OqysfI"
18:09:11.378 [main] DEBUG org.apache.http.headers -- http-outgoing-3 << Server: railway-edge
18:09:11.379 [main] DEBUG org.apache.http.headers -- http-outgoing-3 << Strict-Transport-Security: max-age=15552000; includeSubDomains
18:09:11.379 [main] DEBUG org.apache.http.headers -- http-outgoing-3 << Vary: Accept-Encoding
18:09:11.379 [main] DEBUG org.apache.http.headers -- http-outgoing-3 << X-Content-Type-Options: nosniff
18:09:11.379 [main] DEBUG org.apache.http.headers -- http-outgoing-3 << X-Dns-Prefetch-Control: off
18:09:11.379 [main] DEBUG org.apache.http.headers -- http-outgoing-3 << X-Download-Options: noopen
18:09:11.379 [main] DEBUG org.apache.http.headers -- http-outgoing-3 << X-Frame-Options: SAMEORIGIN
18:09:11.379 [main] DEBUG org.apache.http.headers -- http-outgoing-3 << X-Powered-By: Cats on Keyboards
18:09:11.379 [main] DEBUG org.apache.http.headers -- http-outgoing-3 << X-Railway-Edge: railway/asia-southeast1-eqsg3a
18:09:11.379 [main] DEBUG org.apache.http.headers -- http-outgoing-3 << X-Railway-Request-Id: n0I0VjdHRrqo_X6rAQeqjw
18:09:11.379 [main] DEBUG org.apache.http.headers -- http-outgoing-3 << X-Ratelimit-Limit: 100
18:09:11.379 [main] DEBUG org.apache.http.headers -- http-outgoing-3 << X-Ratelimit-Remaining: 96
18:09:11.379 [main] DEBUG org.apache.http.headers -- http-outgoing-3 << X-Ratelimit-Reset: 1753268959
18:09:11.379 [main] DEBUG org.apache.http.headers -- http-outgoing-3 << X-Xss-Protection: 1; mode=block
18:09:11.379 [main] DEBUG org.apache.http.headers -- http-outgoing-3 << Transfer-Encoding: chunked
18:09:11.379 [main] DEBUG org.apache.http.impl.execchain.MainClientExec -- Connection can be kept alive indefinitely
18:09:11.379 [main] DEBUG org.apache.http.wire -- http-outgoing-3 << "baf[\r][\n]"
18:09:11.380 [main] DEBUG org.apache.http.wire -- http-outgoing-3 << "[0x1f][0x8b][0x8][0x0][0x0][0x0][0x0][0x0][0x0][0x3][0xcd][0x9b][0xcf]r[0xdb]8[0x12][0x87]_[0x5][0xcb][0xb3][0x8][0xf3][0xaf]H[0xea][0xb4][0xb6][0xe3]Lf&q[0xb2]q6[0xae][0x9a][0xad]9@dK[0xc4][0x18][0x4][0x18][0x0][0xb4][0xa2]L[0xe5][0x81][0xf6]9[0xf6][0xc5][0xb6][0x0]J[0x16][0x15][0x93][0xb2],+N[0xe][0xae]r[0xa9][0x9b]-[0x88]"~_w[0xa3][0xf5][0xb7]SKQ4[0xb9]V[0xce][0xe4]?;[0xb4]p&[0xbe]?r4[0xd5][0xc][0x9c][0x89]s[0xca]9[0x9d][0x12][0x6][0xe8]\0QM[0x5]:[0x83][0xc2][0x19]9[0x5][0xa8]\[0xd2]ZS[0xc1][0x9d][0x89][0xf3][0xa1][0x4][0xd4][0xe7][0x88][0xa8]B[0x4][0xb1][0xe6]s#[0xa9]h[0x14]"[0xbc]@[0xc0]`N[0xb8]FS([0xd0]L[0x92][\n]"
18:09:11.380 [main] DEBUG org.apache.http.wire -- http-outgoing-3 << "F([0x97]d[0xa6][0xa1]@[0xb][0xaa]KT[0xd2]y[0xe9]~j[0x8][0xa3]z[0x89]*[0xa2]AR[0xc2][0x14][0x9a][0x9][0x89][0x8][0xca]E5[0x13]R[0x93])[0x3][0x1b]L[0xe9]%[0xa3][0xaa]4[0xc1][0xa4][0x10][0x15]vFNN4[0xcc][0x85]\:[0x13]g[0xd6]HNu#[0xc1][0x19]9[0xb5][0xa4]98[0x13]?[0xcd]2[0x9c]e#[0xa7][0xa0]*[0x17][\r][0xd7][0xef]@[0xe6][0xc0]5[0x99][0x83]3Iq[0x9c][0x8c][0x1c]I4[0xe5]sg[0x12][0xe1]$[0x19]9J[0x8b][0xfc][0xc6][0x99][0xa4][0xe9][0xc8][0xd1]dn[0xee][0xd1]V[0xd8])[0x14][0xca][0xf9]s[0xe4]L%[0xe1]E[0xcf][0xed]rF[0x8e][0xba]i[0x9c][0x89][0xf3][0xf2][0xdf][0xef][0xdd][0xd3][0xcb]K[0xfb][0xe7][0xf9][0xbe]3r[0x16]@[0xe7][0xa5]v&[0xbe]gVS[0x1]WTp[0xe5]L[0xfe]v[0x16][0xb4][0xd0][0xa5]3[0x9]R[0xec][0x8f]GN[0xb9][0xf2][0xb]b[0x1c][0x8e][0xcd][0x9d][0xaf][0x8d][0xd1]Op[0x90]~[0x1d]9[0xb]"%[0xe1]z[0xf9]+[0x9f][0x9]Y[0x91][0xd5][0x17][0xe2][0xa3]%[0x10][0x89][0xd6]F[0xb3][0x8a][0x92][0xd6]5[0xe5][0xf3]m[0xbf][0xab][0x92][0xd6][\n]"
18:09:11.380 [main] DEBUG org.apache.http.wire -- http-outgoing-3 << "Q[0x8e]|T[0x9][0xae]Kg[0xe4][0x90][B[0x19][0x99]Rs[0xff][0xaf]4[0xd1][0x8d]r&[0xce][0xaf][0x1c]][0xd9][0x1b]1r$[0xdc]RX[0xb4][0xf][0xcb][0xfa]V[0x5]#'[0x17]U[0x5]\;[0x13][0xe7]Z4[0xac]@\h$[0xa1]}[0xb5][0xf8][0x87]yb[0x88]6[0xcf]S[0xe0][0x5][0xb1][0xeb]En[0xe8]}[0xf0][0xb2]I[0xe4]O[0xbc][0x0]{q[0xf8][0xc7]]d[0x90][0x97][0xa4]2[0x9e][0xe7][0xa5][0xa4]J[0x8b][0xba][0x4][0x89][0xae]A[0xe9][0x8e][0xc7]EE(s&N[0xbe]q[0xc1][0xb]P[0xfa][0x9f][0x9f]q[0xd1]T[0xd5][0xf2]/%8[0xce]E[0xe5]|[0x1d]m[0x16][0x19]u[0x17][0xf9][0x8a][0xce]K[0xb6]D[0xb4][0xaa]%([0x5][0x87][0xad][0xf0]#[0xbd][0xa5][0x84][0xa3]s"5[0xc8][0x9e][0xe5][0xdd]Z;[0xce][0xad]}[0xe7][0xda][0xfc][0xee][0xda][0xde][0x9]![0xd1]j[0x7][0x1c][0xb4][0xae]7D[0x9][0x8e][0xae][0xa5]}n[0xee]/[0xab]2f[0xbc][0xb0][0xe6][0xfb][0xab][0xfa][0xd3]\[0xa0][0x1b][0xc9][0xdf][0x9]Fs[0xb3][0x8d].[0x5]j_Au[0xfb][0xd2][0xc8][0xa9]([0xa7]US[0xbd][0x95][0x5][0xc8]5[0x84]k[0xaa][0x97][0xf6]ST[0xa0][0x89]y[0x84]s[0x9]DCq[0xaa]w/[0xbc][0xa9][0x8b]}[0xdc][0xa6]D[0xe6][0xa2]0[0x1f]-[0x1c][0xfb]^[0x12]'Q<[0x8e]S[0xb3][0x89]>[0xc9][0xf3][0xd6]Pj][0xab][0xc9][0xc9]I^[0xf0][0xed]OtR7SF[0xf3][0x93]O[0xd2]51p[0xcd][0xe7][0xce][0xd7][0x91]C+2[0x7][0xbb][0x9d]w\[0xd9][\n]"
18:09:11.380 [main] DEBUG org.apache.http.wire -- http-outgoing-3 << "[0xa3][0xdb][0xfa][0x9e][0xdc][0xed][0xfb][0x13][0xb2][0xda][0xe5]n[0xde][0xee]rw[\n]"
18:09:11.380 [main] DEBUG org.apache.http.wire -- http-outgoing-3 << "[0xc5][0x89][0x8f][0x17]0[0xad][0x9d][0xd1][0xd1][0x2][0x6][0xc7][0xe][0x18][0xb6][0x1][0xff][0x1c]9[0xba]l[0xaa])o[0x1f][0x87]cE[0xbf][0x8b][0xd9][0xbe][0x8b]y[0xbc]-L[0x82][0x1d]0[0xb9][0x12]3[0xb2][0x1f]M[0x8c]g[0x8b][0x13]%[0xea][0x92]*M[0x8d][0xd0][0x17][0x96][0x2]]*([0xb0][[\n]"
18:09:11.380 [main] DEBUG org.apache.http.wire -- http-outgoing-3 << "[0x9][0x1b]m[0x84]f@t#[0xcd]+[0xf0][0xf9]SC[0x15][0xd5][0x80][\n]"
18:09:11.380 [main] DEBUG org.apache.http.wire -- http-outgoing-3 << "Pt[0xce][0xed][0xa5][0xb5][0x84][0x8a]6[0x15]j[0xea]R0[0xa5]A.-i[0x96][0xa2][0x91][0x88][0xd1][s[0xdd]~`[0x9][0xa2][0x1d]`[0xf1]#[0x1c]m[0xc0][0x12][0xe2],[0xb8][0x3][0xcb][0xd8][0xeb][0x7][0x8b][0x12]3r[0x8]Y[0x82][0xe]Y[0xc6][0x3]`[0xf1][0x3][0x9c][0xc4][0x1d][0xb0]x8[0x8e]7`[0xc9][0xb0]7[0x1e][0x4][0xcb]k:[0x3]M+x[0x14]Z[0x16][0x0]7[0x7][0x92]%[0xec][\n]"
18:09:11.380 [main] DEBUG org.apache.http.wire -- http-outgoing-3 << "[0xe3]G[0xf3][0xf5]4[0xbc]$u[0xbd]l[0x93][0x85]j[0x89][0xea]F[0xe6]%Q[0xf0][0x4][0xc6][0x18][0x11][0x7][0x12][0xbe][0xc]"[0xc6][0xc8]xm<v[0xaa]x[0xdc]][0xec]K[0xa2]4Z[0xdf][0x9a][0x83][0x16][0xf7][0x9a]2f[0x96]vFU)[0xea][0x9e][0xb5][0xb1][0xd6][0x1]O[0xad][0xc3]3[0x2]f[0xbd][0xb2]+ZU[0xe6][0xd1][0x1a]^[0x9a]j=[0xf6][0xc1]L[0x82][\n]"
18:09:11.380 [main] DEBUG org.apache.http.wire -- http-outgoing-3 << "[0xb2]T?[0xf]j[0xfc]$I[0xc6][0xe3] [0x8d][0x92]$[0x1c][0xff]<[0xa8]1[0xc2]p\[0xd6][0xd8][0x88]G[0x85][0x8d][0x8d][0xf8][0xfd]hc[0xc3][0xf][0xe1]&[0xdc][0xe0][0xe6][0xc][\n]"
18:09:11.380 [main] DEBUG org.apache.http.wire -- http-outgoing-3 << "E[0xb]@[0x1f],[0x19]Ng[0x92][0xe6]&]+A[0xca]e/u[0xb6]/[0xa0][0xfc][0x9b]kV[0xfc]Y[0xd5][0x1c][0x6][0x1f][0xb3][0x86][0xe7][0xe6]z[0xc2][0x10])[\n]"
18:09:11.380 [main] DEBUG org.apache.http.wire -- http-outgoing-3 << "j[0xfe]EZ[0xb4][0xf8]X[0xd5]$#TKqK[0xb][0x83][0x92]\[0xf0][[0xe0][0x14][0xb8]FJ[0xb]I[0xe6][0x80]TM[0xf2][0xb6][0x96]!H[0x8b]&/[0x91][0x98][0xad]j[0xa4][0x1c][0xf6][0xc0][0xce].[0xea]d[0xd8][0xcb]6[0xd8][0x9]p[0xba][0xa9]g[0xc6][0xd1]p=c[0xee][0x80][0x85][0xe9][0x16]^[0xae][0xbd][0xd0][0xb9][0xc0][[0xf0]1g[0x17]/\[0xcf][0xf];[0xf0][0x9][0x86][0xe0][0x13][0xe2]([0xe9][0xc0]'j[0xd7][0xdf][0xc2]'Hp[0x18][0xf][0xc2]'~TU#nA[0xf2]U[\n]"
18:09:11.380 [main] DEBUG org.apache.http.wire -- http-outgoing-3 << "|[0x8]z[0xb6][0xea][0x85][0x8b][0xcf]90f[0xbe][0xb8][0xa7][0xe8][0xe6])atIJ[0xf4][0x8a]p%x[0x8f]l[0x92][0xd6][0x1][0x97][0xd6]a[0xff]r[0xe6]8[0xcb]{MI[0x85][0xae]*j[0xeb][0xc0][0xfb][0x8a]N*[0xac][0x8c][0xf1][0xd1]U[0xd6]][0x1d]x`[0x9d]uzk[0xc0]F$[0x87]>[0xd6][0x10]c[0xc6]Sk>:h[0xc2][0xef][0xf][0x9a]q[0x14][0xf9]A[0x9a]dA[0x9c]%[0xd9][0xf][0x3][0xcd]j[0xe7][0xbb]v[0xe7][0xbb][0xa4][0x15]>7[0xb7][0xc2][0xf7]$[0xde][0xec][0xc][0xfc][0x14][0xec][0xec][0xc]|4[0xfa][0xec]|[0x97]![0x8]E[0x1b][0x8][0xfd][0xce][0x5]c[0xe8][0x8a][0x10]I9pt[0xf1][0x19][0xf2]F[0xd3][#[0xa3]|[0x6][0x12]x[0xe][0xe8][0xbc]$T[0xf6][0x12]i[0xef][0xab][6U[0xa2][0x0][0xd9]V6 [0xe7][0x82][0x8b][0x8a][0xe6](7[0xf6][0x11][0xaa]A[0xce] [0xd7][0x9b][0xfa]F[0xcc]f4[0x7]$[0xa4][0xe1][0xd2]:[0x98]AV[0x9b][S[0xad][0x90]I[0xf5][0x19]([0xb5]*[0x99][0x1e][0xe6][0xd1][0xae]*([0xc0][0x9e][0xdf]m[0xaf][0x99][0x9e][0xda][\n]"
18:09:11.380 [main] DEBUG org.apache.http.wire -- http-outgoing-3 << "G[0xc1][0xb8][0x1f]G[0xab]%[0xda]O[0xb0]E#{_[0xb6]([0xf4][0xfb][0xe5][[0xfb][0xe7][0xf9][0xd1]>[0xcd]5?[0xc4][0xa9][0xbf][0xc1]P[0x82]7[0x15]P[0x8c][0xc7][0xc1] [0x83][0x82]ge[0xd0]vc[0x8d]([\r]&=[0xa8][0x4][0x87][0xc3][0x14][0xfe][0x82]1[0x82][0xce][0x85][0xb8][0xe9][0x91]Q`[0x8c][0xe0]\[0x88][0x9b][0x9d][0xfa][0x1e][0xdc]+[0xc8][\n]"
18:09:11.380 [main] DEBUG org.apache.http.wire -- http-outgoing-3 << "[0xaa][0x14][0xd1]T[0xcd][0xe8][0x81][0xf2]~[0xce][0x88]$[0xe8]l[0x95][0x95][0xdd]+[0xc0][0x8c][0x15]O[0x8d]u[0xff][0xe2][0xab][0xed]AN[0x9b]%"sB[0xf9][0x81][0xf7][\n]"
18:09:11.381 [main] DEBUG org.apache.http.wire -- http-outgoing-3 << "8A[0xaf][0x5][0x9f][0xf7][0xde],[0xe0][0x4]3[0xc1][0xe7][0xfb][0x10]g[0xec]=[0x6]9[0xf1][0xf7]GN[0x9a][0xf9]Y[0x98][0x8e][0xd3]8[0xcb][0xc6]?[0xae][0xb6][0xb9]1[0x9b][0xd8]U+qsa-n[0xee]F[0x8f]\[0xbb][0xf5][0x9f][0xc4][0x9f][0xfd][0xdf][0xe5])0[0xda][0xff]][0x8e]F[0xa6][0xfd][0xdf]r[0x8]S[0xf1][0x6]S[0xd7]B[0x14][0xc0][0xd1][0x19][0xd1][0xa5]E[0xc0][0x15][0xe5]7[0xe8][0xda]p[0xe0][\r][0x95]R[0xf4][0xd3][0xa9][0xf7][0xa2][0xc5][0xe6][0xa2][0x16]J[\r][0xa7][0x9f][0x9a][0xed][0xf3][0x9a][0xfb][0xc5][0xd2]*D[0xb7]aG[0xd0][0xa2][0x8d][0xaf]LX[0x8b][0x13][0x90]Z[0xd4][0xab]j[0xa9]":/[0x8d]_e[0xdf][0xeb]a6%;[0x8f]~[0xd2]n[0x83].[0xce][0xee][0xd0][0x94][0xc][0x14]J[0xab][0x5]w[0xa1]d[0xee][0x3][0xfa] [0x81][0x17]j[0xb]Mg[0xa7][0x1f][0xdc][0xeb][0xb7][0x6]M[0xf1]>hJp[0x96]n[0xc8][0x94]ZN[0xae][0xeb][0xa3][0x14]G[0xc3][0xcd][0xb9][0xf0][0xb1][0xa7]>[0xa1][0x1b][0xa3]i[0xa3]([0xb7][0x88]'K5[0x84][0xa9][0xd7]b[0xb1][0xad]t[0x84][0xce][0x97][0x98][0x13][0x8e]>[0x8]){[0x13]~f[0xcc]X[[0xf3][0xfe]L[0xb0][0xb0][0xaa][0x19][0x90]C[0x8f]{N%%[0xe8][0x1d][0x91]7[0xbd][0x87]=DR[0x82]kk[0xdd][0xb9][0xa6][0xf0][0xa8][0x9d][0xb8][0x17]KF8[0xba][0x6][0xc6][0xfa]nTa[0xac]xa[0xac][0xc7][0xc7]T[0xf0][0xc]-[0xb8],N}/[0x8a][0xbc] M[0xc2][0x1f][0x86][0xa9]V[0x85][0xdc][0xf5][0x8e]w[0x8d][0x1c][0xb9]F[0xe5][0xdc]Vy[0x9e]D[0xa7][0x7][0x83]?[0x5]J[0xf][0x6]?[0x1a][0x8b][0x1e]|[0xa7]![0x4][0x8d];[0xa7]Cu[0xcd][0xe0][0x1e]g^JX5[0xdb]rIU[0x8d][0x88][0xf1]R[0xdb][0xe5][0x8c][0xe2]$[0xbf][0xb1][0xa7]>[0x12]Q[0x9e][0xb]Y[0x8b]v[0xbb]![0xca][0xb5]@[0xb7][0xa4][0x1d]?[0x90][0x90][0xd3][0x1a][0xd4]7[0xa4][0x98]K[0x91][0x83][0xa4]Vi[0xd6]S[0x2][0xc3]=[0xb5][0x0][0x8f][0x83]n[0x11][0xe3]oH[0xd1][0x1d][0x11][0x90][\r][0xd5][0xb6]`i)[0xf0][0xcb][0xfb][0xb7][0xee][0xd9][0xfb][0x17][0xee][0xe9][0xbb]w[0xae][0xe7][0x8f];[0x14][0xc8][0x86][0xeb][0x93]q[0xe7][0xf0][0xdf][0xf7]m[0xf1][0xb4][0xc2]@[0x86][0x93][0xf0]x[0x14][0x8][0xec][0x1][0xcd][0xa0][0xf6]?P[0xa2][0xdc][0xd7][0xd8][0xa7]U[0x3]W[0xe6]x[0x8f][0xa0]3)[0x16]}[0x1d]2{[0xfa]G[0xf0][0xd4][0x98][0xf7]?[0xf1]8N[0xa1]r[0x95][0x13][0xc9]@kt&[0x16][0x15][0xe9]][0xdd][0xca][0x3]O[0xad][0xc7][0xfe] 8[0xfe][0xd1][0xd6][0xb5]=[0x81][0xa9][0xd0]/[0x82]![0xac][0xf7]lk[0xd1][0xba][0xe0][0xf9][0xca]e[0x1f]Fd[0x8f]bD[0xf2][0xfd][0x19][0x91]d[0xe3] [0xf5][0xc2]8[0xe]C[[0xf9]?'#[0xee][0xa4][0xe3][0xc4][0xaa][0xd2][0x1a][0x4][0x87][0xca][0xe9][0xb7][0xe1][0x86]43[0xe9][0x1e]q[0xc0][0xc]]i 7[0xf7][0x84][0xf3]Uw[0x90]jj[0xfc][0x94][0xf1][0x1b][0xa1][0xb9][0xf9]&[0xac]n[0xce][0xa5]y[0x2]Z[0xdd]4[0x95][0xbf][0xf9]w[0x9d][0x91][0xd7][0x12]f %[0x14][0x88][0xc1]-0[0xd3]w([0x4][0x7][0x93]*[0xee]![0xa0][0xc1][0xa0][0x82]fx[0xbc][0xd5][0x5][0x8a]:CV[0x9d].P[0x5]D[0xdf][0xd7][0xcf][0xb3][0x8b][0xb][0xd7][0xf3][0x93][0xbd][0x1a]<)[0xce]6[0xfa][0x19][0xdb]a[0xae][0xf5][0x11][0xb7][0x19][0xf4]:[0x92]~>[0xb5][0xc3][0x13]~[0x8f][0xd1][0xa9][0xb][0x6][0x84][0xb][0x89]>,Yo[0xae][\n]"
18:09:11.381 [main] DEBUG org.apache.http.wire -- http-outgoing-3 << "[0xad][0x1d]kc[0xdf][0xbf][0x9d][0xff][0xf4][0xc4][0xfe][0x94][0xc1]g[0xc2][0xb][0x90][0xe8]71[0xd0][0xcc]_{[0xe0][0xbf]Do?([0xbd][0xff][0xc5]>[0xd5][0xb7][0x84]5`[0x9f][0xed][0xc3][0x9b]d[0x97]D[0x13]F[0x1][0xbd]"R[0xd2][0xbe]5[0xf2][0xd6][0x1][0x97][0xd6][0xe1][0xf8][0x99]u[0xf4][0xc][0x87][0xe][0xf1]8[0xf2][0xbc]q[0x18]y[0xd9]8[0x8b][0x98]l[0x1a]Yr[0xad],[0x1d]O;;1[0x87][0x4]4[0xdd][0x8][0xe8]9[0xd1][0xe8][0xa5][0x10][0xf7]gZ/[0x1b]-M[0x8f][0xa2]Q([0xb7]r)[\n]"
18:09:11.381 [main] DEBUG org.apache.http.wire -- http-outgoing-3 << "[0xf3]\U[\r][0xb3]"
18:09:11.381 [main] DEBUG org.apache.http.wire -- http-outgoing-3 << "sGZ[0xa0][\n]"
18:09:11.381 [main] DEBUG org.apache.http.wire -- http-outgoing-3 << "@#][0x2]*(h"[0x97][0x88][0x3][0x14][0xca][0x8][0xa5][0x15][0xd0][0x19]0[0xca][0x1][0xcd]$[0x5]^<,[0x99][0xe9][0xe][0xc5][0x8c][0xb7][0x9a][0x13][0xe6][0x88]{[0xa5][0x98]QG1k[0xd0]H5u[0xcd][0xda][0xb0][0xeb]E[0xdf][0x17][0xd1][0x97][0xb6][0x15][0x91][0xee])[0xa2]^[0xa7][0x17][0x91][0xe1]`3[0x81][0x1a][0xf8]8[0x1d][0xee]E<n[0x2][0xf5][0xa7]T[0xd1]KAJ[0xf4][0x1a][0x16][0xfd][0x1a] H[0x89][0x99]1[0xfe][0xc8]$[0xef]}3][0xa2]S^HsC[0xee]/R6[0xd3]%&[0xad][0xf9][0xf1]]}R[0xd7][0x82]r}`[0xb2]|[0xa1]K[0xd3][0xc3])EU[0xf7][0x9f]u[0x83]q[0xc0]z[0xe5]p[0xdc]A[0xd4][0xf4][0x19]z[0x13]Q[0x1a]f[0x99][0x1f][0x6][0xe9][0xd8][0xf7]~[0x98][0x80][0xe6]D[0xbb]f[0x97][0x1f]O>[0xef]"[0xe][0x89]g[0xd6][0x11][0xcf][0x92][0xe6]7[0xc0][0xd1][0x1b][0x93][0xac][\r][0x17][0xee][0x1a],[0xf2][0xf3][0x95][0xb7]I[0xed]FH5[0xb4][0x9d][0xd8]4[0xb0]^W[0xe8]y[0xc3](7RZK[0xa8][0x89][0xb4]"[0xb1]G[0xba][0xb9]c[0x6]&[0xc4][0xc9][0x96]vn[0xca][0xf5],y([0xdb]<[0xf5][0xab][0xeb][0xf9]YW([0x87]t[0xd2][0xc7]^[0xd8][0x19]j[0x9][0xb0][0xbf][0xa9][0xd6][0xfd]1[0xf6][0xfc][0x9f]eT[0xbf]'gZ=[\n]"
18:09:11.381 [main] DEBUG org.apache.http.wire -- http-outgoing-3 << "[0x7][0x8e][0x9a]k0?[0xf5][0xe0][0x1c]t[0xff][0xac][0xb9][0x6][0x81][0xa7][0xad][0xfd][0xd9][0x7]G~#[0xf9][0x8d][0x19][0x85][0xbf][0xb8]%[0xbd]S[0x8a][0xb5]v[0xc][0xc6][0xbe][0xbf][0x8e]_[\n]"
18:09:11.381 [main] DEBUG org.apache.http.wire -- http-outgoing-3 << "[0x8d][0x16]B[0xea][0xd2][0xd2][0xdf]>[0x83][0x87][0xf5][0x13]HA[0x1][0xbd][0x11][0x92][0xb0][0xde]\X[0x19];[0xae]Z[0xfb][0xd1]'[[0x82]gh[0xe0][0xa6]i[0x90][0xc5]~[0x14]gQ[0x1c]<[0xf7][0xb8]~G[0xd2]Z[0xe1]q[0xcd].?[0xa0]Y;[0x10](8[0x9a][0xe2]v[0xa3][0xe][0xa8]n[0xe0]uTwU[0xa9][0xbf][0xa5][0xec][0x9e][0xe8]~[0x4]iz\[0xc][0xee][0xea]yA[0xd9][0xb6][0xd6][0xce][0xe4][0x92][0xf2][0xf9][0x8])[0xd2][0xe8][0xff][0xfd][0xd7][0xfe]kD[0xfa][0x9e][0x4][0x9b][0x1e][0x84][0x19][0xb2][0xdf]O[0x82][0xa3][0x1d][0xe9]k[0x18]n[0x8d]}[0xdc])[0xb0][0xdf][0x99]}_/[0xd7][0xfc][0x1a][0x87]k[0xf3][0x93][0xaf][0x1e]=6[0x89]k[0xe0]u[0xf4]8[0x1e][0xd2][0xe3][0xc]g[0xdd][0x9][0xf7][0x4][0xc7][0xd1]&q[0x8d]v%[0xae][0x87]L[0xb8][0xbb][0xc1]~[0xc7]h[0x8f]n[0xa5][0x1e]1U[0xfc]Hs-[0xcc][0x9][0xd6][0x9b][0xfc][0x85][0x19]X-z[0xb0][0xd4][0xfa][0xe0]*/[0xac][0xcf][0xfe]I[0xe3][0xb1][0x92][0xee]W[0xe4][0xb][0xb0]A[0xc1].[0x8d]u[0xf][0xb9]>[0xfa]0[0xc8][0x1f][0x2]vP[0xee][0x8b][0x80]a[0xc6][0xdd][0x97][0xe9][0xf0]q[0xdd][0x80][0xf1][0xf7][0xd7][0xe9](M[0xa2]$H[0xd2] [0x8a]ma[0xf8][0x83]t[0xba][0xd5][0x0]WPv[0xc4]|[0xb6][0x13][0xf4][q5[0xd1][0x85]&[0xcc][0x8]Fd[0xd4][0x86][0xd6][0xad]*1ZQ[[0x17][0xfd]?[0xa8][0xb1][0xc7][0xe3][0x1f];[0x0][0x0][\r][\n]"
18:09:11.381 [main] DEBUG org.apache.http.impl.conn.DefaultManagedHttpClientConnection -- http-outgoing-3: Close connection
18:09:11.382 [main] DEBUG org.apache.http.impl.execchain.MainClientExec -- Connection discarded
18:09:11.382 [main] DEBUG org.apache.http.impl.conn.PoolingHttpClientConnectionManager -- Connection released: [id: 3][route: {s}->https://dummyjson.com:443][total available: 0; route allocated: 0 of 5; total allocated: 0 of 10]
18:09:11.382 [main] DEBUG org.apache.http.impl.conn.PoolingHttpClientConnectionManager -- Connection manager is shutting down
18:09:11.382 [main] DEBUG org.apache.http.impl.conn.PoolingHttpClientConnectionManager -- Connection manager shut down
18:09:11.382 [main] DEBUG com.intuit.karate -- response time in milliseconds: 87
1 < 200
1 < Access-Control-Allow-Origin: *
1 < Content-Type: application/json; charset=utf-8
1 < Date: Wed, 23 Jul 2025 11:09:11 GMT
1 < Etag: W/"3b1f-YNsGjdYedd0lJtvx6ED6+OqysfI"
1 < Server: railway-edge
1 < Strict-Transport-Security: max-age=15552000; includeSubDomains
1 < Vary: Accept-Encoding
1 < X-Content-Type-Options: nosniff
1 < X-Dns-Prefetch-Control: off
1 < X-Download-Options: noopen
1 < X-Frame-Options: SAMEORIGIN
1 < X-Powered-By: Cats on Keyboards
1 < X-Railway-Edge: railway/asia-southeast1-eqsg3a
1 < X-Railway-Request-Id: n0I0VjdHRrqo_X6rAQeqjw
1 < X-Ratelimit-Limit: 100
1 < X-Ratelimit-Remaining: 96
1 < X-Ratelimit-Reset: 1753268959
1 < X-Xss-Protection: 1; mode=block
1 < Transfer-Encoding: chunked
{"products":[{"id":11,"title":"Annibale Colombo Bed","description":"The Annibale Colombo Bed is a luxurious and elegant bed frame, crafted with high-quality materials for a comfortable and stylish bedroom.","category":"furniture","price":1899.99,"discountPercentage":8.57,"rating":4.77,"stock":88,"tags":["furniture","beds"],"brand":"Annibale Colombo","sku":"FUR-ANN-ANN-011","weight":10,"dimensions":{"width":28.16,"height":25.36,"depth":17.28},"warrantyInformation":"1 year warranty","shippingInformation":"Ships in 1 month","availabilityStatus":"In Stock","reviews":[{"rating":2,"comment":"Would not recommend!","date":"2025-04-30T09:41:02.053Z","reviewerName":"Christopher West","reviewerEmail":"christopher.west@x.dummyjson.com"},{"rating":4,"comment":"Highly impressed!","date":"2025-04-30T09:41:02.053Z","reviewerName":"Vivian Carter","reviewerEmail":"vivian.carter@x.dummyjson.com"},{"rating":1,"comment":"Poor quality!","date":"2025-04-30T09:41:02.053Z","reviewerName":"Mason Wright","reviewerEmail":"mason.wright@x.dummyjson.com"}],"returnPolicy":"No return policy","minimumOrderQuantity":1,"meta":{"createdAt":"2025-04-30T09:41:02.053Z","updatedAt":"2025-04-30T09:41:02.053Z","barcode":"3610757456581","qrCode":"https://cdn.dummyjson.com/public/qr-code.png"},"images":["https://cdn.dummyjson.com/product-images/furniture/annibale-colombo-bed/1.webp","https://cdn.dummyjson.com/product-images/furniture/annibale-colombo-bed/2.webp","https://cdn.dummyjson.com/product-images/furniture/annibale-colombo-bed/3.webp"],"thumbnail":"https://cdn.dummyjson.com/product-images/furniture/annibale-colombo-bed/thumbnail.webp"},{"id":12,"title":"Annibale Colombo Sofa","description":"The Annibale Colombo Sofa is a sophisticated and comfortable seating option, featuring exquisite design and premium upholstery for your living room.","category":"furniture","price":2499.99,"discountPercentage":14.4,"rating":3.92,"stock":60,"tags":["furniture","sofas"],"brand":"Annibale Colombo","sku":"FUR-ANN-ANN-012","weight":6,"dimensions":{"width":12.75,"height":20.55,"depth":19.06},"warrantyInformation":"Lifetime warranty","shippingInformation":"Ships in 1 week","availabilityStatus":"In Stock","reviews":[{"rating":3,"comment":"Very unhappy with my purchase!","date":"2025-04-30T09:41:02.053Z","reviewerName":"Christian Perez","reviewerEmail":"christian.perez@x.dummyjson.com"},{"rating":5,"comment":"Fast shipping!","date":"2025-04-30T09:41:02.053Z","reviewerName":"Lillian Bishop","reviewerEmail":"lillian.bishop@x.dummyjson.com"},{"rating":1,"comment":"Poor quality!","date":"2025-04-30T09:41:02.053Z","reviewerName":"Lillian Simmons","reviewerEmail":"lillian.simmons@x.dummyjson.com"}],"returnPolicy":"7 days return policy","minimumOrderQuantity":1,"meta":{"createdAt":"2025-04-30T09:41:02.053Z","updatedAt":"2025-04-30T09:41:02.053Z","barcode":"1777662847736","qrCode":"https://cdn.dummyjson.com/public/qr-code.png"},"images":["https://cdn.dummyjson.com/product-images/furniture/annibale-colombo-sofa/1.webp","https://cdn.dummyjson.com/product-images/furniture/annibale-colombo-sofa/2.webp","https://cdn.dummyjson.com/product-images/furniture/annibale-colombo-sofa/3.webp"],"thumbnail":"https://cdn.dummyjson.com/product-images/furniture/annibale-colombo-sofa/thumbnail.webp"},{"id":13,"title":"Bedside Table African Cherry","description":"The Bedside Table in African Cherry is a stylish and functional addition to your bedroom, providing convenient storage space and a touch of elegance.","category":"furniture","price":299.99,"discountPercentage":19.09,"rating":2.87,"stock":64,"tags":["furniture","bedside tables"],"brand":"Furniture Co.","sku":"FUR-FUR-BED-013","weight":2,"dimensions":{"width":13.47,"height":24.99,"depth":27.35},"warrantyInformation":"5 year warranty","shippingInformation":"Ships overnight","availabilityStatus":"In Stock","reviews":[{"rating":4,"comment":"Excellent quality!","date":"2025-04-30T09:41:02.053Z","reviewerName":"Aaliyah Hanson","reviewerEmail":"aaliyah.hanson@x.dummyjson.com"},{"rating":4,"comment":"Excellent quality!","date":"2025-04-30T09:41:02.053Z","reviewerName":"Liam Smith","reviewerEmail":"liam.smith@x.dummyjson.com"},{"rating":4,"comment":"Highly recommended!","date":"2025-04-30T09:41:02.053Z","reviewerName":"Avery Barnes","reviewerEmail":"avery.barnes@x.dummyjson.com"}],"returnPolicy":"7 days return policy","minimumOrderQuantity":3,"meta":{"createdAt":"2025-04-30T09:41:02.053Z","updatedAt":"2025-04-30T09:41:02.053Z","barcode":"6441287925979","qrCode":"https://cdn.dummyjson.com/public/qr-code.png"},"images":["https://cdn.dummyjson.com/product-images/furniture/bedside-table-african-cherry/1.webp","https://cdn.dummyjson.com/product-images/furniture/bedside-table-african-cherry/2.webp","https://cdn.dummyjson.com/product-images/furniture/bedside-table-african-cherry/3.webp"],"thumbnail":"https://cdn.dummyjson.com/product-images/furniture/bedside-table-african-cherry/thumbnail.webp"},{"id":14,"title":"Knoll Saarinen Executive Conference Chair","description":"The Knoll Saarinen Executive Conference Chair is a modern and ergonomic chair, perfect for your office or conference room with its timeless design.","category":"furniture","price":499.99,"discountPercentage":2.01,"rating":4.88,"stock":26,"tags":["furniture","office chairs"],"brand":"Knoll","sku":"FUR-KNO-KNO-014","weight":10,"dimensions":{"width":13.81,"height":7.5,"depth":5.62},"warrantyInformation":"2 year warranty","shippingInformation":"Ships overnight","availabilityStatus":"In Stock","reviews":[{"rating":2,"comment":"Waste of money!","date":"2025-04-30T09:41:02.053Z","reviewerName":"Ella Cook","reviewerEmail":"ella.cook@x.dummyjson.com"},{"rating":2,"comment":"Very dissatisfied!","date":"2025-04-30T09:41:02.053Z","reviewerName":"Clara Berry","reviewerEmail":"clara.berry@x.dummyjson.com"},{"rating":5,"comment":"Would buy again!","date":"2025-04-30T09:41:02.053Z","reviewerName":"Elena Long","reviewerEmail":"elena.long@x.dummyjson.com"}],"returnPolicy":"60 days return policy","minimumOrderQuantity":5,"meta":{"createdAt":"2025-04-30T09:41:02.053Z","updatedAt":"2025-04-30T09:41:02.053Z","barcode":"8919386859966","qrCode":"https://cdn.dummyjson.com/public/qr-code.png"},"images":["https://cdn.dummyjson.com/product-images/furniture/knoll-saarinen-executive-conference-chair/1.webp","https://cdn.dummyjson.com/product-images/furniture/knoll-saarinen-executive-conference-chair/2.webp","https://cdn.dummyjson.com/product-images/furniture/knoll-saarinen-executive-conference-chair/3.webp"],"thumbnail":"https://cdn.dummyjson.com/product-images/furniture/knoll-saarinen-executive-conference-chair/thumbnail.webp"},{"id":15,"title":"Wooden Bathroom Sink With Mirror","description":"The Wooden Bathroom Sink with Mirror is a unique and stylish addition to your bathroom, featuring a wooden sink countertop and a matching mirror.","category":"furniture","price":799.99,"discountPercentage":8.8,"rating":3.59,"stock":7,"tags":["furniture","bathroom"],"brand":"Bath Trends","sku":"FUR-BAT-WOO-015","weight":10,"dimensions":{"width":7.98,"height":8.88,"depth":28.46},"warrantyInformation":"3 year warranty","shippingInformation":"Ships in 3-5 business days","availabilityStatus":"Low Stock","reviews":[{"rating":4,"comment":"Fast shipping!","date":"2025-04-30T09:41:02.053Z","reviewerName":"Logan Torres","reviewerEmail":"logan.torres@x.dummyjson.com"},{"rating":5,"comment":"Very pleased!","date":"2025-04-30T09:41:02.053Z","reviewerName":"Aria Parker","reviewerEmail":"aria.parker@x.dummyjson.com"},{"rating":3,"comment":"Poor quality!","date":"2025-04-30T09:41:02.053Z","reviewerName":"Dylan Wells","reviewerEmail":"dylan.wells@x.dummyjson.com"}],"returnPolicy":"60 days return policy","minimumOrderQuantity":2,"meta":{"createdAt":"2025-04-30T09:41:02.053Z","updatedAt":"2025-04-30T09:41:02.053Z","barcode":"1958104402873","qrCode":"https://cdn.dummyjson.com/public/qr-code.png"},"images":["https://cdn.dummyjson.com/product-images/furniture/wooden-bathroom-sink-with-mirror/1.webp","https://cdn.dummyjson.com/product-images/furniture/wooden-bathroom-sink-with-mirror/2.webp","https://cdn.dummyjson.com/product-images/furniture/wooden-bathroom-sink-with-mirror/3.webp"],"thumbnail":"https://cdn.dummyjson.com/product-images/furniture/wooden-bathroom-sink-with-mirror/thumbnail.webp"},{"id":16,"title":"Apple","description":"Fresh and crisp apples, perfect for snacking or incorporating into various recipes.","category":"groceries","price":1.99,"discountPercentage":12.62,"rating":4.19,"stock":8,"tags":["fruits"],"sku":"GRO-BRD-APP-016","weight":9,"dimensions":{"width":13.66,"height":11.01,"depth":9.73},"warrantyInformation":"3 year warranty","shippingInformation":"Ships in 2 weeks","availabilityStatus":"In Stock","reviews":[{"rating":5,"comment":"Very satisfied!","date":"2025-04-30T09:41:02.053Z","reviewerName":"Sophia Brown","reviewerEmail":"sophia.brown@x.dummyjson.com"},{"rating":1,"comment":"Very dissatisfied!","date":"2025-04-30T09:41:02.053Z","reviewerName":"Scarlett Bowman","reviewerEmail":"scarlett.bowman@x.dummyjson.com"},{"rating":3,"comment":"Very unhappy with my purchase!","date":"2025-04-30T09:41:02.053Z","reviewerName":"William Gonzalez","reviewerEmail":"william.gonzalez@x.dummyjson.com"}],"returnPolicy":"90 days return policy","minimumOrderQuantity":7,"meta":{"createdAt":"2025-04-30T09:41:02.053Z","updatedAt":"2025-04-30T09:41:02.053Z","barcode":"7962803553314","qrCode":"https://cdn.dummyjson.com/public/qr-code.png"},"images":["https://cdn.dummyjson.com/product-images/groceries/apple/1.webp"],"thumbnail":"https://cdn.dummyjson.com/product-images/groceries/apple/thumbnail.webp"},{"id":17,"title":"Beef Steak","description":"High-quality beef steak, great for grilling or cooking to your preferred level of doneness.","category":"groceries","price":12.99,"discountPercentage":9.61,"rating":4.47,"stock":86,"tags":["meat"],"sku":"GRO-BRD-BEE-017","weight":10,"dimensions":{"width":18.9,"height":5.77,"depth":18.57},"warrantyInformation":"3 year warranty","shippingInformation":"Ships overnight","availabilityStatus":"In Stock","reviews":[{"rating":3,"comment":"Would not recommend!","date":"2025-04-30T09:41:02.053Z","reviewerName":"Eleanor Tyler","reviewerEmail":"eleanor.tyler@x.dummyjson.com"},{"rating":4,"comment":"Fast shipping!","date":"2025-04-30T09:41:02.053Z","reviewerName":"Alexander Jones","reviewerEmail":"alexander.jones@x.dummyjson.com"},{"rating":5,"comment":"Great value for money!","date":"2025-04-30T09:41:02.053Z","reviewerName":"Natalie Harris","reviewerEmail":"natalie.harris@x.dummyjson.com"}],"returnPolicy":"60 days return policy","minimumOrderQuantity":43,"meta":{"createdAt":"2025-04-30T09:41:02.053Z","updatedAt":"2025-04-30T09:41:02.053Z","barcode":"5640063409695","qrCode":"https://cdn.dummyjson.com/public/qr-code.png"},"images":["https://cdn.dummyjson.com/product-images/groceries/beef-steak/1.webp"],"thumbnail":"https://cdn.dummyjson.com/product-images/groceries/beef-steak/thumbnail.webp"},{"id":18,"title":"Cat Food","description":"Nutritious cat food formulated to meet the dietary needs of your feline friend.","category":"groceries","price":8.99,"discountPercentage":9.58,"rating":3.13,"stock":46,"tags":["pet supplies","cat food"],"sku":"GRO-BRD-FOO-018","weight":10,"dimensions":{"width":18.08,"height":9.26,"depth":21.86},"warrantyInformation":"1 year warranty","shippingInformation":"Ships overnight","availabilityStatus":"In Stock","reviews":[{"rating":3,"comment":"Would not recommend!","date":"2025-04-30T09:41:02.053Z","reviewerName":"Noah Lewis","reviewerEmail":"noah.lewis@x.dummyjson.com"},{"rating":3,"comment":"Very unhappy with my purchase!","date":"2025-04-30T09:41:02.053Z","reviewerName":"Ruby Andrews","reviewerEmail":"ruby.andrews@x.dummyjson.com"},{"rating":2,"comment":"Very disappointed!","date":"2025-04-30T09:41:02.053Z","reviewerName":"Ethan Thompson","reviewerEmail":"ethan.thompson@x.dummyjson.com"}],"returnPolicy":"No return policy","minimumOrderQuantity":18,"meta":{"createdAt":"2025-04-30T09:41:02.053Z","updatedAt":"2025-04-30T09:41:02.053Z","barcode":"1483991328610","qrCode":"https://cdn.dummyjson.com/public/qr-code.png"},"images":["https://cdn.dummyjson.com/product-images/groceries/cat-food/1.webp"],"thumbnail":"https://cdn.dummyjson.com/product-images/groceries/cat-food/thumbnail.webp"},{"id":19,"title":"Chicken Meat","description":"Fresh and tender chicken meat, suitable for various culinary preparations.","category":"groceries","price":9.99,"discountPercentage":13.7,"rating":3.19,"stock":97,"tags":["meat"],"sku":"GRO-BRD-CHI-019","weight":1,"dimensions":{"width":11.03,"height":22.11,"depth":16.01},"warrantyInformation":"1 year warranty","shippingInformation":"Ships in 1 month","availabilityStatus":"In Stock","reviews":[{"rating":5,"comment":"Great product!","date":"2025-04-30T09:41:02.053Z","reviewerName":"Mateo Bennett","reviewerEmail":"mateo.bennett@x.dummyjson.com"},{"rating":4,"comment":"Highly recommended!","date":"2025-04-30T09:41:02.053Z","reviewerName":"Jackson Evans","reviewerEmail":"jackson.evans@x.dummyjson.com"},{"rating":3,"comment":"Not worth the price!","date":"2025-04-30T09:41:02.053Z","reviewerName":"Sadie Morales","reviewerEmail":"sadie.morales@x.dummyjson.com"}],"returnPolicy":"7 days return policy","minimumOrderQuantity":22,"meta":{"createdAt":"2025-04-30T09:41:02.053Z","updatedAt":"2025-04-30T09:41:02.053Z","barcode":"8829514594521","qrCode":"https://cdn.dummyjson.com/public/qr-code.png"},"images":["https://cdn.dummyjson.com/product-images/groceries/chicken-meat/1.webp","https://cdn.dummyjson.com/product-images/groceries/chicken-meat/2.webp"],"thumbnail":"https://cdn.dummyjson.com/product-images/groceries/chicken-meat/thumbnail.webp"},{"id":20,"title":"Cooking Oil","description":"Versatile cooking oil suitable for frying, sautéing, and various culinary applications.","category":"groceries","price":4.99,"discountPercentage":9.33,"rating":4.8,"stock":10,"tags":["cooking essentials"],"sku":"GRO-BRD-COO-020","weight":5,"dimensions":{"width":19.95,"height":27.54,"depth":24.86},"warrantyInformation":"Lifetime warranty","shippingInformation":"Ships in 1-2 business days","availabilityStatus":"In Stock","reviews":[{"rating":5,"comment":"Very happy with my purchase!","date":"2025-04-30T09:41:02.053Z","reviewerName":"Victoria McDonald","reviewerEmail":"victoria.mcdonald@x.dummyjson.com"},{"rating":2,"comment":"Would not recommend!","date":"2025-04-30T09:41:02.053Z","reviewerName":"Hazel Evans","reviewerEmail":"hazel.evans@x.dummyjson.com"},{"rating":5,"comment":"Would buy again!","date":"2025-04-30T09:41:02.053Z","reviewerName":"Zoe Bennett","reviewerEmail":"zoe.bennett@x.dummyjson.com"}],"returnPolicy":"30 days return policy","minimumOrderQuantity":46,"meta":{"createdAt":"2025-04-30T09:41:02.053Z","updatedAt":"2025-04-30T09:41:02.053Z","barcode":"4874727824518","qrCode":"https://cdn.dummyjson.com/public/qr-code.png"},"images":["https://cdn.dummyjson.com/product-images/groceries/cooking-oil/1.webp"],"thumbnail":"https://cdn.dummyjson.com/product-images/groceries/cooking-oil/thumbnail.webp"}],"total":194,"skip":10,"limit":10}

18:09:11.387 [main] DEBUG com.jayway.jsonpath.internal.path.CompiledPath -- Evaluating path: $['limit']
18:09:11.389 [main] DEBUG com.jayway.jsonpath.internal.path.CompiledPath -- Evaluating path: $['skip']
18:09:11.391 [main] INFO com.intuit.karate -- [print] {
  "products": [
    {
      "id": 11,
      "title": "Annibale Colombo Bed",
      "description": "The Annibale Colombo Bed is a luxurious and elegant bed frame, crafted with high-quality materials for a comfortable and stylish bedroom.",
      "category": "furniture",
      "price": 1899.99,
      "discountPercentage": 8.57,
      "rating": 4.77,
      "stock": 88,
      "tags": [
        "furniture",
        "beds"
      ],
      "brand": "Annibale Colombo",
      "sku": "FUR-ANN-ANN-011",
      "weight": 10,
      "dimensions": {
        "width": 28.16,
        "height": 25.36,
        "depth": 17.28
      },
      "warrantyInformation": "1 year warranty",
      "shippingInformation": "Ships in 1 month",
      "availabilityStatus": "In Stock",
      "reviews": [
        {
          "rating": 2,
          "comment": "Would not recommend!",
          "date": "2025-04-30T09:41:02.053Z",
          "reviewerName": "Christopher West",
          "reviewerEmail": "christopher.west@x.dummyjson.com"
        },
        {
          "rating": 4,
          "comment": "Highly impressed!",
          "date": "2025-04-30T09:41:02.053Z",
          "reviewerName": "Vivian Carter",
          "reviewerEmail": "vivian.carter@x.dummyjson.com"
        },
        {
          "rating": 1,
          "comment": "Poor quality!",
          "date": "2025-04-30T09:41:02.053Z",
          "reviewerName": "Mason Wright",
          "reviewerEmail": "mason.wright@x.dummyjson.com"
        }
      ],
      "returnPolicy": "No return policy",
      "minimumOrderQuantity": 1,
      "meta": {
        "createdAt": "2025-04-30T09:41:02.053Z",
        "updatedAt": "2025-04-30T09:41:02.053Z",
        "barcode": "3610757456581",
        "qrCode": "https://cdn.dummyjson.com/public/qr-code.png"
      },
      "images": [
        "https://cdn.dummyjson.com/product-images/furniture/annibale-colombo-bed/1.webp",
        "https://cdn.dummyjson.com/product-images/furniture/annibale-colombo-bed/2.webp",
        "https://cdn.dummyjson.com/product-images/furniture/annibale-colombo-bed/3.webp"
      ],
      "thumbnail": "https://cdn.dummyjson.com/product-images/furniture/annibale-colombo-bed/thumbnail.webp"
    },
    {
      "id": 12,
      "title": "Annibale Colombo Sofa",
      "description": "The Annibale Colombo Sofa is a sophisticated and comfortable seating option, featuring exquisite design and premium upholstery for your living room.",
      "category": "furniture",
      "price": 2499.99,
      "discountPercentage": 14.4,
      "rating": 3.92,
      "stock": 60,
      "tags": [
        "furniture",
        "sofas"
      ],
      "brand": "Annibale Colombo",
      "sku": "FUR-ANN-ANN-012",
      "weight": 6,
      "dimensions": {
        "width": 12.75,
        "height": 20.55,
        "depth": 19.06
      },
      "warrantyInformation": "Lifetime warranty",
      "shippingInformation": "Ships in 1 week",
      "availabilityStatus": "In Stock",
      "reviews": [
        {
          "rating": 3,
          "comment": "Very unhappy with my purchase!",
          "date": "2025-04-30T09:41:02.053Z",
          "reviewerName": "Christian Perez",
          "reviewerEmail": "christian.perez@x.dummyjson.com"
        },
        {
          "rating": 5,
          "comment": "Fast shipping!",
          "date": "2025-04-30T09:41:02.053Z",
          "reviewerName": "Lillian Bishop",
          "reviewerEmail": "lillian.bishop@x.dummyjson.com"
        },
        {
          "rating": 1,
          "comment": "Poor quality!",
          "date": "2025-04-30T09:41:02.053Z",
          "reviewerName": "Lillian Simmons",
          "reviewerEmail": "lillian.simmons@x.dummyjson.com"
        }
      ],
      "returnPolicy": "7 days return policy",
      "minimumOrderQuantity": 1,
      "meta": {
        "createdAt": "2025-04-30T09:41:02.053Z",
        "updatedAt": "2025-04-30T09:41:02.053Z",
        "barcode": "1777662847736",
        "qrCode": "https://cdn.dummyjson.com/public/qr-code.png"
      },
      "images": [
        "https://cdn.dummyjson.com/product-images/furniture/annibale-colombo-sofa/1.webp",
        "https://cdn.dummyjson.com/product-images/furniture/annibale-colombo-sofa/2.webp",
        "https://cdn.dummyjson.com/product-images/furniture/annibale-colombo-sofa/3.webp"
      ],
      "thumbnail": "https://cdn.dummyjson.com/product-images/furniture/annibale-colombo-sofa/thumbnail.webp"
    },
    {
      "id": 13,
      "title": "Bedside Table African Cherry",
      "description": "The Bedside Table in African Cherry is a stylish and functional addition to your bedroom, providing convenient storage space and a touch of elegance.",
      "category": "furniture",
      "price": 299.99,
      "discountPercentage": 19.09,
      "rating": 2.87,
      "stock": 64,
      "tags": [
        "furniture",
        "bedside tables"
      ],
      "brand": "Furniture Co.",
      "sku": "FUR-FUR-BED-013",
      "weight": 2,
      "dimensions": {
        "width": 13.47,
        "height": 24.99,
        "depth": 27.35
      },
      "warrantyInformation": "5 year warranty",
      "shippingInformation": "Ships overnight",
      "availabilityStatus": "In Stock",
      "reviews": [
        {
          "rating": 4,
          "comment": "Excellent quality!",
          "date": "2025-04-30T09:41:02.053Z",
          "reviewerName": "Aaliyah Hanson",
          "reviewerEmail": "aaliyah.hanson@x.dummyjson.com"
        },
        {
          "rating": 4,
          "comment": "Excellent quality!",
          "date": "2025-04-30T09:41:02.053Z",
          "reviewerName": "Liam Smith",
          "reviewerEmail": "liam.smith@x.dummyjson.com"
        },
        {
          "rating": 4,
          "comment": "Highly recommended!",
          "date": "2025-04-30T09:41:02.053Z",
          "reviewerName": "Avery Barnes",
          "reviewerEmail": "avery.barnes@x.dummyjson.com"
        }
      ],
      "returnPolicy": "7 days return policy",
      "minimumOrderQuantity": 3,
      "meta": {
        "createdAt": "2025-04-30T09:41:02.053Z",
        "updatedAt": "2025-04-30T09:41:02.053Z",
        "barcode": "6441287925979",
        "qrCode": "https://cdn.dummyjson.com/public/qr-code.png"
      },
      "images": [
        "https://cdn.dummyjson.com/product-images/furniture/bedside-table-african-cherry/1.webp",
        "https://cdn.dummyjson.com/product-images/furniture/bedside-table-african-cherry/2.webp",
        "https://cdn.dummyjson.com/product-images/furniture/bedside-table-african-cherry/3.webp"
      ],
      "thumbnail": "https://cdn.dummyjson.com/product-images/furniture/bedside-table-african-cherry/thumbnail.webp"
    },
    {
      "id": 14,
      "title": "Knoll Saarinen Executive Conference Chair",
      "description": "The Knoll Saarinen Executive Conference Chair is a modern and ergonomic chair, perfect for your office or conference room with its timeless design.",
      "category": "furniture",
      "price": 499.99,
      "discountPercentage": 2.01,
      "rating": 4.88,
      "stock": 26,
      "tags": [
        "furniture",
        "office chairs"
      ],
      "brand": "Knoll",
      "sku": "FUR-KNO-KNO-014",
      "weight": 10,
      "dimensions": {
        "width": 13.81,
        "height": 7.5,
        "depth": 5.62
      },
      "warrantyInformation": "2 year warranty",
      "shippingInformation": "Ships overnight",
      "availabilityStatus": "In Stock",
      "reviews": [
        {
          "rating": 2,
          "comment": "Waste of money!",
          "date": "2025-04-30T09:41:02.053Z",
          "reviewerName": "Ella Cook",
          "reviewerEmail": "ella.cook@x.dummyjson.com"
        },
        {
          "rating": 2,
          "comment": "Very dissatisfied!",
          "date": "2025-04-30T09:41:02.053Z",
          "reviewerName": "Clara Berry",
          "reviewerEmail": "clara.berry@x.dummyjson.com"
        },
        {
          "rating": 5,
          "comment": "Would buy again!",
          "date": "2025-04-30T09:41:02.053Z",
          "reviewerName": "Elena Long",
          "reviewerEmail": "elena.long@x.dummyjson.com"
        }
      ],
      "returnPolicy": "60 days return policy",
      "minimumOrderQuantity": 5,
      "meta": {
        "createdAt": "2025-04-30T09:41:02.053Z",
        "updatedAt": "2025-04-30T09:41:02.053Z",
        "barcode": "8919386859966",
        "qrCode": "https://cdn.dummyjson.com/public/qr-code.png"
      },
      "images": [
        "https://cdn.dummyjson.com/product-images/furniture/knoll-saarinen-executive-conference-chair/1.webp",
        "https://cdn.dummyjson.com/product-images/furniture/knoll-saarinen-executive-conference-chair/2.webp",
        "https://cdn.dummyjson.com/product-images/furniture/knoll-saarinen-executive-conference-chair/3.webp"
      ],
      "thumbnail": "https://cdn.dummyjson.com/product-images/furniture/knoll-saarinen-executive-conference-chair/thumbnail.webp"
    },
    {
      "id": 15,
      "title": "Wooden Bathroom Sink With Mirror",
      "description": "The Wooden Bathroom Sink with Mirror is a unique and stylish addition to your bathroom, featuring a wooden sink countertop and a matching mirror.",
      "category": "furniture",
      "price": 799.99,
      "discountPercentage": 8.8,
      "rating": 3.59,
      "stock": 7,
      "tags": [
        "furniture",
        "bathroom"
      ],
      "brand": "Bath Trends",
      "sku": "FUR-BAT-WOO-015",
      "weight": 10,
      "dimensions": {
        "width": 7.98,
        "height": 8.88,
        "depth": 28.46
      },
      "warrantyInformation": "3 year warranty",
      "shippingInformation": "Ships in 3-5 business days",
      "availabilityStatus": "Low Stock",
      "reviews": [
        {
          "rating": 4,
          "comment": "Fast shipping!",
          "date": "2025-04-30T09:41:02.053Z",
          "reviewerName": "Logan Torres",
          "reviewerEmail": "logan.torres@x.dummyjson.com"
        },
        {
          "rating": 5,
          "comment": "Very pleased!",
          "date": "2025-04-30T09:41:02.053Z",
          "reviewerName": "Aria Parker",
          "reviewerEmail": "aria.parker@x.dummyjson.com"
        },
        {
          "rating": 3,
          "comment": "Poor quality!",
          "date": "2025-04-30T09:41:02.053Z",
          "reviewerName": "Dylan Wells",
          "reviewerEmail": "dylan.wells@x.dummyjson.com"
        }
      ],
      "returnPolicy": "60 days return policy",
      "minimumOrderQuantity": 2,
      "meta": {
        "createdAt": "2025-04-30T09:41:02.053Z",
        "updatedAt": "2025-04-30T09:41:02.053Z",
        "barcode": "1958104402873",
        "qrCode": "https://cdn.dummyjson.com/public/qr-code.png"
      },
      "images": [
        "https://cdn.dummyjson.com/product-images/furniture/wooden-bathroom-sink-with-mirror/1.webp",
        "https://cdn.dummyjson.com/product-images/furniture/wooden-bathroom-sink-with-mirror/2.webp",
        "https://cdn.dummyjson.com/product-images/furniture/wooden-bathroom-sink-with-mirror/3.webp"
      ],
      "thumbnail": "https://cdn.dummyjson.com/product-images/furniture/wooden-bathroom-sink-with-mirror/thumbnail.webp"
    },
    {
      "id": 16,
      "title": "Apple",
      "description": "Fresh and crisp apples, perfect for snacking or incorporating into various recipes.",
      "category": "groceries",
      "price": 1.99,
      "discountPercentage": 12.62,
      "rating": 4.19,
      "stock": 8,
      "tags": [
        "fruits"
      ],
      "sku": "GRO-BRD-APP-016",
      "weight": 9,
      "dimensions": {
        "width": 13.66,
        "height": 11.01,
        "depth": 9.73
      },
      "warrantyInformation": "3 year warranty",
      "shippingInformation": "Ships in 2 weeks",
      "availabilityStatus": "In Stock",
      "reviews": [
        {
          "rating": 5,
          "comment": "Very satisfied!",
          "date": "2025-04-30T09:41:02.053Z",
          "reviewerName": "Sophia Brown",
          "reviewerEmail": "sophia.brown@x.dummyjson.com"
        },
        {
          "rating": 1,
          "comment": "Very dissatisfied!",
          "date": "2025-04-30T09:41:02.053Z",
          "reviewerName": "Scarlett Bowman",
          "reviewerEmail": "scarlett.bowman@x.dummyjson.com"
        },
        {
          "rating": 3,
          "comment": "Very unhappy with my purchase!",
          "date": "2025-04-30T09:41:02.053Z",
          "reviewerName": "William Gonzalez",
          "reviewerEmail": "william.gonzalez@x.dummyjson.com"
        }
      ],
      "returnPolicy": "90 days return policy",
      "minimumOrderQuantity": 7,
      "meta": {
        "createdAt": "2025-04-30T09:41:02.053Z",
        "updatedAt": "2025-04-30T09:41:02.053Z",
        "barcode": "7962803553314",
        "qrCode": "https://cdn.dummyjson.com/public/qr-code.png"
      },
      "images": [
        "https://cdn.dummyjson.com/product-images/groceries/apple/1.webp"
      ],
      "thumbnail": "https://cdn.dummyjson.com/product-images/groceries/apple/thumbnail.webp"
    },
    {
      "id": 17,
      "title": "Beef Steak",
      "description": "High-quality beef steak, great for grilling or cooking to your preferred level of doneness.",
      "category": "groceries",
      "price": 12.99,
      "discountPercentage": 9.61,
      "rating": 4.47,
      "stock": 86,
      "tags": [
        "meat"
      ],
      "sku": "GRO-BRD-BEE-017",
      "weight": 10,
      "dimensions": {
        "width": 18.9,
        "height": 5.77,
        "depth": 18.57
      },
      "warrantyInformation": "3 year warranty",
      "shippingInformation": "Ships overnight",
      "availabilityStatus": "In Stock",
      "reviews": [
        {
          "rating": 3,
          "comment": "Would not recommend!",
          "date": "2025-04-30T09:41:02.053Z",
          "reviewerName": "Eleanor Tyler",
          "reviewerEmail": "eleanor.tyler@x.dummyjson.com"
        },
        {
          "rating": 4,
          "comment": "Fast shipping!",
          "date": "2025-04-30T09:41:02.053Z",
          "reviewerName": "Alexander Jones",
          "reviewerEmail": "alexander.jones@x.dummyjson.com"
        },
        {
          "rating": 5,
          "comment": "Great value for money!",
          "date": "2025-04-30T09:41:02.053Z",
          "reviewerName": "Natalie Harris",
          "reviewerEmail": "natalie.harris@x.dummyjson.com"
        }
      ],
      "returnPolicy": "60 days return policy",
      "minimumOrderQuantity": 43,
      "meta": {
        "createdAt": "2025-04-30T09:41:02.053Z",
        "updatedAt": "2025-04-30T09:41:02.053Z",
        "barcode": "5640063409695",
        "qrCode": "https://cdn.dummyjson.com/public/qr-code.png"
      },
      "images": [
        "https://cdn.dummyjson.com/product-images/groceries/beef-steak/1.webp"
      ],
      "thumbnail": "https://cdn.dummyjson.com/product-images/groceries/beef-steak/thumbnail.webp"
    },
    {
      "id": 18,
      "title": "Cat Food",
      "description": "Nutritious cat food formulated to meet the dietary needs of your feline friend.",
      "category": "groceries",
      "price": 8.99,
      "discountPercentage": 9.58,
      "rating": 3.13,
      "stock": 46,
      "tags": [
        "pet supplies",
        "cat food"
      ],
      "sku": "GRO-BRD-FOO-018",
      "weight": 10,
      "dimensions": {
        "width": 18.08,
        "height": 9.26,
        "depth": 21.86
      },
      "warrantyInformation": "1 year warranty",
      "shippingInformation": "Ships overnight",
      "availabilityStatus": "In Stock",
      "reviews": [
        {
          "rating": 3,
          "comment": "Would not recommend!",
          "date": "2025-04-30T09:41:02.053Z",
          "reviewerName": "Noah Lewis",
          "reviewerEmail": "noah.lewis@x.dummyjson.com"
        },
        {
          "rating": 3,
          "comment": "Very unhappy with my purchase!",
          "date": "2025-04-30T09:41:02.053Z",
          "reviewerName": "Ruby Andrews",
          "reviewerEmail": "ruby.andrews@x.dummyjson.com"
        },
        {
          "rating": 2,
          "comment": "Very disappointed!",
          "date": "2025-04-30T09:41:02.053Z",
          "reviewerName": "Ethan Thompson",
          "reviewerEmail": "ethan.thompson@x.dummyjson.com"
        }
      ],
      "returnPolicy": "No return policy",
      "minimumOrderQuantity": 18,
      "meta": {
        "createdAt": "2025-04-30T09:41:02.053Z",
        "updatedAt": "2025-04-30T09:41:02.053Z",
        "barcode": "1483991328610",
        "qrCode": "https://cdn.dummyjson.com/public/qr-code.png"
      },
      "images": [
        "https://cdn.dummyjson.com/product-images/groceries/cat-food/1.webp"
      ],
      "thumbnail": "https://cdn.dummyjson.com/product-images/groceries/cat-food/thumbnail.webp"
    },
    {
      "id": 19,
      "title": "Chicken Meat",
      "description": "Fresh and tender chicken meat, suitable for various culinary preparations.",
      "category": "groceries",
      "price": 9.99,
      "discountPercentage": 13.7,
      "rating": 3.19,
      "stock": 97,
      "tags": [
        "meat"
      ],
      "sku": "GRO-BRD-CHI-019",
      "weight": 1,
      "dimensions": {
        "width": 11.03,
        "height": 22.11,
        "depth": 16.01
      },
      "warrantyInformation": "1 year warranty",
      "shippingInformation": "Ships in 1 month",
      "availabilityStatus": "In Stock",
      "reviews": [
        {
          "rating": 5,
          "comment": "Great product!",
          "date": "2025-04-30T09:41:02.053Z",
          "reviewerName": "Mateo Bennett",
          "reviewerEmail": "mateo.bennett@x.dummyjson.com"
        },
        {
          "rating": 4,
          "comment": "Highly recommended!",
          "date": "2025-04-30T09:41:02.053Z",
          "reviewerName": "Jackson Evans",
          "reviewerEmail": "jackson.evans@x.dummyjson.com"
        },
        {
          "rating": 3,
          "comment": "Not worth the price!",
          "date": "2025-04-30T09:41:02.053Z",
          "reviewerName": "Sadie Morales",
          "reviewerEmail": "sadie.morales@x.dummyjson.com"
        }
      ],
      "returnPolicy": "7 days return policy",
      "minimumOrderQuantity": 22,
      "meta": {
        "createdAt": "2025-04-30T09:41:02.053Z",
        "updatedAt": "2025-04-30T09:41:02.053Z",
        "barcode": "8829514594521",
        "qrCode": "https://cdn.dummyjson.com/public/qr-code.png"
      },
      "images": [
        "https://cdn.dummyjson.com/product-images/groceries/chicken-meat/1.webp",
        "https://cdn.dummyjson.com/product-images/groceries/chicken-meat/2.webp"
      ],
      "thumbnail": "https://cdn.dummyjson.com/product-images/groceries/chicken-meat/thumbnail.webp"
    },
    {
      "id": 20,
      "title": "Cooking Oil",
      "description": "Versatile cooking oil suitable for frying, sautéing, and various culinary applications.",
      "category": "groceries",
      "price": 4.99,
      "discountPercentage": 9.33,
      "rating": 4.8,
      "stock": 10,
      "tags": [
        "cooking essentials"
      ],
      "sku": "GRO-BRD-COO-020",
      "weight": 5,
      "dimensions": {
        "width": 19.95,
        "height": 27.54,
        "depth": 24.86
      },
      "warrantyInformation": "Lifetime warranty",
      "shippingInformation": "Ships in 1-2 business days",
      "availabilityStatus": "In Stock",
      "reviews": [
        {
          "rating": 5,
          "comment": "Very happy with my purchase!",
          "date": "2025-04-30T09:41:02.053Z",
          "reviewerName": "Victoria McDonald",
          "reviewerEmail": "victoria.mcdonald@x.dummyjson.com"
        },
        {
          "rating": 2,
          "comment": "Would not recommend!",
          "date": "2025-04-30T09:41:02.053Z",
          "reviewerName": "Hazel Evans",
          "reviewerEmail": "hazel.evans@x.dummyjson.com"
        },
        {
          "rating": 5,
          "comment": "Would buy again!",
          "date": "2025-04-30T09:41:02.053Z",
          "reviewerName": "Zoe Bennett",
          "reviewerEmail": "zoe.bennett@x.dummyjson.com"
        }
      ],
      "returnPolicy": "30 days return policy",
      "minimumOrderQuantity": 46,
      "meta": {
        "createdAt": "2025-04-30T09:41:02.053Z",
        "updatedAt": "2025-04-30T09:41:02.053Z",
        "barcode": "4874727824518",
        "qrCode": "https://cdn.dummyjson.com/public/qr-code.png"
      },
      "images": [
        "https://cdn.dummyjson.com/product-images/groceries/cooking-oil/1.webp"
      ],
      "thumbnail": "https://cdn.dummyjson.com/product-images/groceries/cooking-oil/thumbnail.webp"
    }
  ],
  "total": 194,
  "skip": 10,
  "limit": 10
}
 
]]></system-out>
  </testcase>
  <testcase name="[5:42] Get Products with Selected Fields" classname="dummyjson/Products" time="0.11">
    <system-out><![CDATA[18:09:11.411 [main] DEBUG org.apache.http.client.protocol.RequestAddCookies -- CookieSpec selected: karate
18:09:11.412 [main] DEBUG org.apache.http.client.protocol.RequestAuthCache -- Auth cache not set in the context
18:09:11.412 [main] DEBUG com.intuit.karate -- request:
1 > GET https://dummyjson.com/products?select=title%2Cprice&limit=5
1 > Host: dummyjson.com
1 > Connection: Keep-Alive
1 > User-Agent: Apache-HttpClient/4.5.14 (Java/21.0.8)
1 > Accept-Encoding: gzip,deflate


18:09:11.412 [main] DEBUG org.apache.http.impl.conn.PoolingHttpClientConnectionManager -- Connection request: [route: {s}->https://dummyjson.com:443][total available: 0; route allocated: 0 of 5; total allocated: 0 of 10]
18:09:11.412 [main] DEBUG org.apache.http.impl.conn.PoolingHttpClientConnectionManager -- Connection leased: [id: 4][route: {s}->https://dummyjson.com:443][total available: 0; route allocated: 1 of 5; total allocated: 1 of 10]
18:09:11.412 [main] DEBUG org.apache.http.impl.execchain.MainClientExec -- Opening connection {s}->https://dummyjson.com:443
18:09:11.413 [main] DEBUG org.apache.http.impl.conn.DefaultHttpClientConnectionOperator -- Connecting to dummyjson.com/66.33.22.2:443
18:09:11.413 [main] DEBUG org.apache.http.conn.ssl.SSLConnectionSocketFactory -- Connecting socket to dummyjson.com/66.33.22.2:443 with timeout 30000
18:09:11.434 [main] DEBUG org.apache.http.conn.ssl.SSLConnectionSocketFactory -- Enabled protocols: [TLSv1.3, TLSv1.2]
18:09:11.435 [main] DEBUG org.apache.http.conn.ssl.SSLConnectionSocketFactory -- Enabled cipher suites:[TLS_AES_256_GCM_SHA384, TLS_AES_128_GCM_SHA256, TLS_CHACHA20_POLY1305_SHA256, TLS_ECDHE_ECDSA_WITH_AES_256_GCM_SHA384, TLS_ECDHE_ECDSA_WITH_AES_128_GCM_SHA256, TLS_ECDHE_ECDSA_WITH_CHACHA20_POLY1305_SHA256, TLS_ECDHE_RSA_WITH_AES_256_GCM_SHA384, TLS_ECDHE_RSA_WITH_CHACHA20_POLY1305_SHA256, TLS_ECDHE_RSA_WITH_AES_128_GCM_SHA256, TLS_DHE_RSA_WITH_AES_256_GCM_SHA384, TLS_DHE_RSA_WITH_CHACHA20_POLY1305_SHA256, TLS_DHE_DSS_WITH_AES_256_GCM_SHA384, TLS_DHE_RSA_WITH_AES_128_GCM_SHA256, TLS_DHE_DSS_WITH_AES_128_GCM_SHA256, TLS_ECDHE_ECDSA_WITH_AES_256_CBC_SHA384, TLS_ECDHE_RSA_WITH_AES_256_CBC_SHA384, TLS_ECDHE_ECDSA_WITH_AES_128_CBC_SHA256, TLS_ECDHE_RSA_WITH_AES_128_CBC_SHA256, TLS_DHE_RSA_WITH_AES_256_CBC_SHA256, TLS_DHE_DSS_WITH_AES_256_CBC_SHA256, TLS_DHE_RSA_WITH_AES_128_CBC_SHA256, TLS_DHE_DSS_WITH_AES_128_CBC_SHA256, TLS_ECDHE_ECDSA_WITH_AES_256_CBC_SHA, TLS_ECDHE_RSA_WITH_AES_256_CBC_SHA, TLS_ECDHE_ECDSA_WITH_AES_128_CBC_SHA, TLS_ECDHE_RSA_WITH_AES_128_CBC_SHA, TLS_DHE_RSA_WITH_AES_256_CBC_SHA, TLS_DHE_DSS_WITH_AES_256_CBC_SHA, TLS_DHE_RSA_WITH_AES_128_CBC_SHA, TLS_DHE_DSS_WITH_AES_128_CBC_SHA, TLS_RSA_WITH_AES_256_GCM_SHA384, TLS_RSA_WITH_AES_128_GCM_SHA256, TLS_RSA_WITH_AES_256_CBC_SHA256, TLS_RSA_WITH_AES_128_CBC_SHA256, TLS_RSA_WITH_AES_256_CBC_SHA, TLS_RSA_WITH_AES_128_CBC_SHA, TLS_EMPTY_RENEGOTIATION_INFO_SCSV]
18:09:11.435 [main] DEBUG org.apache.http.conn.ssl.SSLConnectionSocketFactory -- Starting handshake
18:09:11.470 [main] DEBUG org.apache.http.conn.ssl.SSLConnectionSocketFactory -- Secure session established
18:09:11.470 [main] DEBUG org.apache.http.conn.ssl.SSLConnectionSocketFactory --  negotiated protocol: TLSv1.3
18:09:11.470 [main] DEBUG org.apache.http.conn.ssl.SSLConnectionSocketFactory --  negotiated cipher suite: TLS_AES_128_GCM_SHA256
18:09:11.470 [main] DEBUG org.apache.http.conn.ssl.SSLConnectionSocketFactory --  peer principal: CN=dummyjson.com
18:09:11.470 [main] DEBUG org.apache.http.conn.ssl.SSLConnectionSocketFactory --  peer alternative names: [dummyjson.com]
18:09:11.470 [main] DEBUG org.apache.http.conn.ssl.SSLConnectionSocketFactory --  issuer principal: CN=R11, O=Let's Encrypt, C=US
18:09:11.470 [main] DEBUG org.apache.http.impl.conn.DefaultHttpClientConnectionOperator -- Connection established 192.168.1.15:64687<->66.33.22.2:443
18:09:11.470 [main] DEBUG org.apache.http.impl.conn.DefaultManagedHttpClientConnection -- http-outgoing-4: set socket timeout to 30000
18:09:11.470 [main] DEBUG org.apache.http.impl.execchain.MainClientExec -- Executing request GET /products?select=title%2Cprice&limit=5 HTTP/1.1
18:09:11.470 [main] DEBUG org.apache.http.impl.execchain.MainClientExec -- Target auth state: UNCHALLENGED
18:09:11.470 [main] DEBUG org.apache.http.impl.execchain.MainClientExec -- Proxy auth state: UNCHALLENGED
18:09:11.470 [main] DEBUG org.apache.http.headers -- http-outgoing-4 >> GET /products?select=title%2Cprice&limit=5 HTTP/1.1
18:09:11.470 [main] DEBUG org.apache.http.headers -- http-outgoing-4 >> Host: dummyjson.com
18:09:11.470 [main] DEBUG org.apache.http.headers -- http-outgoing-4 >> Connection: Keep-Alive
18:09:11.470 [main] DEBUG org.apache.http.headers -- http-outgoing-4 >> User-Agent: Apache-HttpClient/4.5.14 (Java/21.0.8)
18:09:11.470 [main] DEBUG org.apache.http.headers -- http-outgoing-4 >> Accept-Encoding: gzip,deflate
18:09:11.470 [main] DEBUG org.apache.http.wire -- http-outgoing-4 >> "GET /products?select=title%2Cprice&limit=5 HTTP/1.1[\r][\n]"
18:09:11.470 [main] DEBUG org.apache.http.wire -- http-outgoing-4 >> "Host: dummyjson.com[\r][\n]"
18:09:11.470 [main] DEBUG org.apache.http.wire -- http-outgoing-4 >> "Connection: Keep-Alive[\r][\n]"
18:09:11.470 [main] DEBUG org.apache.http.wire -- http-outgoing-4 >> "User-Agent: Apache-HttpClient/4.5.14 (Java/21.0.8)[\r][\n]"
18:09:11.470 [main] DEBUG org.apache.http.wire -- http-outgoing-4 >> "Accept-Encoding: gzip,deflate[\r][\n]"
18:09:11.470 [main] DEBUG org.apache.http.wire -- http-outgoing-4 >> "[\r][\n]"
18:09:11.496 [main] DEBUG org.apache.http.wire -- http-outgoing-4 << "HTTP/1.1 200 OK[\r][\n]"
18:09:11.496 [main] DEBUG org.apache.http.wire -- http-outgoing-4 << "Access-Control-Allow-Origin: *[\r][\n]"
18:09:11.496 [main] DEBUG org.apache.http.wire -- http-outgoing-4 << "Content-Length: 313[\r][\n]"
18:09:11.496 [main] DEBUG org.apache.http.wire -- http-outgoing-4 << "Content-Type: application/json; charset=utf-8[\r][\n]"
18:09:11.496 [main] DEBUG org.apache.http.wire -- http-outgoing-4 << "Date: Wed, 23 Jul 2025 11:09:11 GMT[\r][\n]"
18:09:11.497 [main] DEBUG org.apache.http.wire -- http-outgoing-4 << "Etag: W/"139-ELNxsMFjXOe3ZPo3AJr1HNXGZvU"[\r][\n]"
18:09:11.497 [main] DEBUG org.apache.http.wire -- http-outgoing-4 << "Server: railway-edge[\r][\n]"
18:09:11.497 [main] DEBUG org.apache.http.wire -- http-outgoing-4 << "Strict-Transport-Security: max-age=15552000; includeSubDomains[\r][\n]"
18:09:11.497 [main] DEBUG org.apache.http.wire -- http-outgoing-4 << "Vary: Accept-Encoding[\r][\n]"
18:09:11.497 [main] DEBUG org.apache.http.wire -- http-outgoing-4 << "X-Content-Type-Options: nosniff[\r][\n]"
18:09:11.497 [main] DEBUG org.apache.http.wire -- http-outgoing-4 << "X-Dns-Prefetch-Control: off[\r][\n]"
18:09:11.497 [main] DEBUG org.apache.http.wire -- http-outgoing-4 << "X-Download-Options: noopen[\r][\n]"
18:09:11.497 [main] DEBUG org.apache.http.wire -- http-outgoing-4 << "X-Frame-Options: SAMEORIGIN[\r][\n]"
18:09:11.497 [main] DEBUG org.apache.http.wire -- http-outgoing-4 << "X-Powered-By: Cats on Keyboards[\r][\n]"
18:09:11.497 [main] DEBUG org.apache.http.wire -- http-outgoing-4 << "X-Railway-Edge: railway/asia-southeast1-eqsg3a[\r][\n]"
18:09:11.497 [main] DEBUG org.apache.http.wire -- http-outgoing-4 << "X-Railway-Request-Id: LB12NsIERaKUebo_DcO5xA[\r][\n]"
18:09:11.497 [main] DEBUG org.apache.http.wire -- http-outgoing-4 << "X-Ratelimit-Limit: 100[\r][\n]"
18:09:11.497 [main] DEBUG org.apache.http.wire -- http-outgoing-4 << "X-Ratelimit-Remaining: 99[\r][\n]"
18:09:11.497 [main] DEBUG org.apache.http.wire -- http-outgoing-4 << "X-Ratelimit-Reset: 1753268958[\r][\n]"
18:09:11.497 [main] DEBUG org.apache.http.wire -- http-outgoing-4 << "X-Xss-Protection: 1; mode=block[\r][\n]"
18:09:11.497 [main] DEBUG org.apache.http.wire -- http-outgoing-4 << "[\r][\n]"
18:09:11.497 [main] DEBUG org.apache.http.wire -- http-outgoing-4 << "{"products":[{"id":1,"title":"Essence Mascara Lash Princess","price":9.99},{"id":2,"title":"Eyeshadow Palette with Mirror","price":19.99},{"id":3,"title":"Powder Canister","price":14.99},{"id":4,"title":"Red Lipstick","price":12.99},{"id":5,"title":"Red Nail Polish","price":8.99}],"total":194,"skip":0,"limit":5}"
18:09:11.497 [main] DEBUG org.apache.http.headers -- http-outgoing-4 << HTTP/1.1 200 OK
18:09:11.498 [main] DEBUG org.apache.http.headers -- http-outgoing-4 << Access-Control-Allow-Origin: *
18:09:11.498 [main] DEBUG org.apache.http.headers -- http-outgoing-4 << Content-Length: 313
18:09:11.498 [main] DEBUG org.apache.http.headers -- http-outgoing-4 << Content-Type: application/json; charset=utf-8
18:09:11.498 [main] DEBUG org.apache.http.headers -- http-outgoing-4 << Date: Wed, 23 Jul 2025 11:09:11 GMT
18:09:11.498 [main] DEBUG org.apache.http.headers -- http-outgoing-4 << Etag: W/"139-ELNxsMFjXOe3ZPo3AJr1HNXGZvU"
18:09:11.498 [main] DEBUG org.apache.http.headers -- http-outgoing-4 << Server: railway-edge
18:09:11.498 [main] DEBUG org.apache.http.headers -- http-outgoing-4 << Strict-Transport-Security: max-age=15552000; includeSubDomains
18:09:11.498 [main] DEBUG org.apache.http.headers -- http-outgoing-4 << Vary: Accept-Encoding
18:09:11.498 [main] DEBUG org.apache.http.headers -- http-outgoing-4 << X-Content-Type-Options: nosniff
18:09:11.498 [main] DEBUG org.apache.http.headers -- http-outgoing-4 << X-Dns-Prefetch-Control: off
18:09:11.498 [main] DEBUG org.apache.http.headers -- http-outgoing-4 << X-Download-Options: noopen
18:09:11.498 [main] DEBUG org.apache.http.headers -- http-outgoing-4 << X-Frame-Options: SAMEORIGIN
18:09:11.498 [main] DEBUG org.apache.http.headers -- http-outgoing-4 << X-Powered-By: Cats on Keyboards
18:09:11.498 [main] DEBUG org.apache.http.headers -- http-outgoing-4 << X-Railway-Edge: railway/asia-southeast1-eqsg3a
18:09:11.498 [main] DEBUG org.apache.http.headers -- http-outgoing-4 << X-Railway-Request-Id: LB12NsIERaKUebo_DcO5xA
18:09:11.498 [main] DEBUG org.apache.http.headers -- http-outgoing-4 << X-Ratelimit-Limit: 100
18:09:11.498 [main] DEBUG org.apache.http.headers -- http-outgoing-4 << X-Ratelimit-Remaining: 99
18:09:11.498 [main] DEBUG org.apache.http.headers -- http-outgoing-4 << X-Ratelimit-Reset: 1753268958
18:09:11.498 [main] DEBUG org.apache.http.headers -- http-outgoing-4 << X-Xss-Protection: 1; mode=block
18:09:11.498 [main] DEBUG org.apache.http.impl.execchain.MainClientExec -- Connection can be kept alive indefinitely
18:09:11.498 [main] DEBUG org.apache.http.impl.conn.PoolingHttpClientConnectionManager -- Connection [id: 4][route: {s}->https://dummyjson.com:443] can be kept alive indefinitely
18:09:11.498 [main] DEBUG org.apache.http.impl.conn.DefaultManagedHttpClientConnection -- http-outgoing-4: set socket timeout to 0
18:09:11.498 [main] DEBUG org.apache.http.impl.conn.PoolingHttpClientConnectionManager -- Connection released: [id: 4][route: {s}->https://dummyjson.com:443][total available: 1; route allocated: 1 of 5; total allocated: 1 of 10]
18:09:11.499 [main] DEBUG org.apache.http.impl.conn.PoolingHttpClientConnectionManager -- Connection manager is shutting down
18:09:11.499 [main] DEBUG org.apache.http.impl.conn.DefaultManagedHttpClientConnection -- http-outgoing-4: Close connection
18:09:11.499 [main] DEBUG org.apache.http.impl.conn.PoolingHttpClientConnectionManager -- Connection manager shut down
18:09:11.500 [main] DEBUG com.intuit.karate -- response time in milliseconds: 86
1 < 200
1 < Access-Control-Allow-Origin: *
1 < Content-Length: 313
1 < Content-Type: application/json; charset=utf-8
1 < Date: Wed, 23 Jul 2025 11:09:11 GMT
1 < Etag: W/"139-ELNxsMFjXOe3ZPo3AJr1HNXGZvU"
1 < Server: railway-edge
1 < Strict-Transport-Security: max-age=15552000; includeSubDomains
1 < Vary: Accept-Encoding
1 < X-Content-Type-Options: nosniff
1 < X-Dns-Prefetch-Control: off
1 < X-Download-Options: noopen
1 < X-Frame-Options: SAMEORIGIN
1 < X-Powered-By: Cats on Keyboards
1 < X-Railway-Edge: railway/asia-southeast1-eqsg3a
1 < X-Railway-Request-Id: LB12NsIERaKUebo_DcO5xA
1 < X-Ratelimit-Limit: 100
1 < X-Ratelimit-Remaining: 99
1 < X-Ratelimit-Reset: 1753268958
1 < X-Xss-Protection: 1; mode=block
{"products":[{"id":1,"title":"Essence Mascara Lash Princess","price":9.99},{"id":2,"title":"Eyeshadow Palette with Mirror","price":19.99},{"id":3,"title":"Powder Canister","price":14.99},{"id":4,"title":"Red Lipstick","price":12.99},{"id":5,"title":"Red Nail Polish","price":8.99}],"total":194,"skip":0,"limit":5}

18:09:11.502 [main] DEBUG com.jayway.jsonpath.internal.path.CompiledPath -- Evaluating path: $['products'][0]['title']
18:09:11.502 [main] DEBUG com.jayway.jsonpath.internal.path.CompiledPath -- Evaluating path: $['products'][0]['price']
18:09:11.503 [main] INFO com.intuit.karate -- [print] {
  "products": [
    {
      "id": 1,
      "title": "Essence Mascara Lash Princess",
      "price": 9.99
    },
    {
      "id": 2,
      "title": "Eyeshadow Palette with Mirror",
      "price": 19.99
    },
    {
      "id": 3,
      "title": "Powder Canister",
      "price": 14.99
    },
    {
      "id": 4,
      "title": "Red Lipstick",
      "price": 12.99
    },
    {
      "id": 5,
      "title": "Red Nail Polish",
      "price": 8.99
    }
  ],
  "total": 194,
  "skip": 0,
  "limit": 5
}
 
]]></system-out>
  </testcase>
  <testcase name="[6:52] Get Products Sorted by Title ASC" classname="dummyjson/Products" time="0.11">
    <system-out><![CDATA[18:09:11.515 [main] DEBUG org.apache.http.client.protocol.RequestAddCookies -- CookieSpec selected: karate
18:09:11.515 [main] DEBUG org.apache.http.client.protocol.RequestAuthCache -- Auth cache not set in the context
18:09:11.515 [main] DEBUG com.intuit.karate -- request:
1 > GET https://dummyjson.com/products?sortBy=title&order=asc
1 > Host: dummyjson.com
1 > Connection: Keep-Alive
1 > User-Agent: Apache-HttpClient/4.5.14 (Java/21.0.8)
1 > Accept-Encoding: gzip,deflate


18:09:11.515 [main] DEBUG org.apache.http.impl.conn.PoolingHttpClientConnectionManager -- Connection request: [route: {s}->https://dummyjson.com:443][total available: 0; route allocated: 0 of 5; total allocated: 0 of 10]
18:09:11.515 [main] DEBUG org.apache.http.impl.conn.PoolingHttpClientConnectionManager -- Connection leased: [id: 5][route: {s}->https://dummyjson.com:443][total available: 0; route allocated: 1 of 5; total allocated: 1 of 10]
18:09:11.515 [main] DEBUG org.apache.http.impl.execchain.MainClientExec -- Opening connection {s}->https://dummyjson.com:443
18:09:11.515 [main] DEBUG org.apache.http.impl.conn.DefaultHttpClientConnectionOperator -- Connecting to dummyjson.com/66.33.22.2:443
18:09:11.515 [main] DEBUG org.apache.http.conn.ssl.SSLConnectionSocketFactory -- Connecting socket to dummyjson.com/66.33.22.2:443 with timeout 30000
18:09:11.539 [main] DEBUG org.apache.http.conn.ssl.SSLConnectionSocketFactory -- Enabled protocols: [TLSv1.3, TLSv1.2]
18:09:11.539 [main] DEBUG org.apache.http.conn.ssl.SSLConnectionSocketFactory -- Enabled cipher suites:[TLS_AES_256_GCM_SHA384, TLS_AES_128_GCM_SHA256, TLS_CHACHA20_POLY1305_SHA256, TLS_ECDHE_ECDSA_WITH_AES_256_GCM_SHA384, TLS_ECDHE_ECDSA_WITH_AES_128_GCM_SHA256, TLS_ECDHE_ECDSA_WITH_CHACHA20_POLY1305_SHA256, TLS_ECDHE_RSA_WITH_AES_256_GCM_SHA384, TLS_ECDHE_RSA_WITH_CHACHA20_POLY1305_SHA256, TLS_ECDHE_RSA_WITH_AES_128_GCM_SHA256, TLS_DHE_RSA_WITH_AES_256_GCM_SHA384, TLS_DHE_RSA_WITH_CHACHA20_POLY1305_SHA256, TLS_DHE_DSS_WITH_AES_256_GCM_SHA384, TLS_DHE_RSA_WITH_AES_128_GCM_SHA256, TLS_DHE_DSS_WITH_AES_128_GCM_SHA256, TLS_ECDHE_ECDSA_WITH_AES_256_CBC_SHA384, TLS_ECDHE_RSA_WITH_AES_256_CBC_SHA384, TLS_ECDHE_ECDSA_WITH_AES_128_CBC_SHA256, TLS_ECDHE_RSA_WITH_AES_128_CBC_SHA256, TLS_DHE_RSA_WITH_AES_256_CBC_SHA256, TLS_DHE_DSS_WITH_AES_256_CBC_SHA256, TLS_DHE_RSA_WITH_AES_128_CBC_SHA256, TLS_DHE_DSS_WITH_AES_128_CBC_SHA256, TLS_ECDHE_ECDSA_WITH_AES_256_CBC_SHA, TLS_ECDHE_RSA_WITH_AES_256_CBC_SHA, TLS_ECDHE_ECDSA_WITH_AES_128_CBC_SHA, TLS_ECDHE_RSA_WITH_AES_128_CBC_SHA, TLS_DHE_RSA_WITH_AES_256_CBC_SHA, TLS_DHE_DSS_WITH_AES_256_CBC_SHA, TLS_DHE_RSA_WITH_AES_128_CBC_SHA, TLS_DHE_DSS_WITH_AES_128_CBC_SHA, TLS_RSA_WITH_AES_256_GCM_SHA384, TLS_RSA_WITH_AES_128_GCM_SHA256, TLS_RSA_WITH_AES_256_CBC_SHA256, TLS_RSA_WITH_AES_128_CBC_SHA256, TLS_RSA_WITH_AES_256_CBC_SHA, TLS_RSA_WITH_AES_128_CBC_SHA, TLS_EMPTY_RENEGOTIATION_INFO_SCSV]
18:09:11.540 [main] DEBUG org.apache.http.conn.ssl.SSLConnectionSocketFactory -- Starting handshake
18:09:11.570 [main] DEBUG org.apache.http.conn.ssl.SSLConnectionSocketFactory -- Secure session established
18:09:11.570 [main] DEBUG org.apache.http.conn.ssl.SSLConnectionSocketFactory --  negotiated protocol: TLSv1.3
18:09:11.570 [main] DEBUG org.apache.http.conn.ssl.SSLConnectionSocketFactory --  negotiated cipher suite: TLS_AES_128_GCM_SHA256
18:09:11.570 [main] DEBUG org.apache.http.conn.ssl.SSLConnectionSocketFactory --  peer principal: CN=dummyjson.com
18:09:11.570 [main] DEBUG org.apache.http.conn.ssl.SSLConnectionSocketFactory --  peer alternative names: [dummyjson.com]
18:09:11.570 [main] DEBUG org.apache.http.conn.ssl.SSLConnectionSocketFactory --  issuer principal: CN=R11, O=Let's Encrypt, C=US
18:09:11.570 [main] DEBUG org.apache.http.impl.conn.DefaultHttpClientConnectionOperator -- Connection established 192.168.1.15:64688<->66.33.22.2:443
18:09:11.570 [main] DEBUG org.apache.http.impl.conn.DefaultManagedHttpClientConnection -- http-outgoing-5: set socket timeout to 30000
18:09:11.570 [main] DEBUG org.apache.http.impl.execchain.MainClientExec -- Executing request GET /products?sortBy=title&order=asc HTTP/1.1
18:09:11.570 [main] DEBUG org.apache.http.impl.execchain.MainClientExec -- Target auth state: UNCHALLENGED
18:09:11.570 [main] DEBUG org.apache.http.impl.execchain.MainClientExec -- Proxy auth state: UNCHALLENGED
18:09:11.570 [main] DEBUG org.apache.http.headers -- http-outgoing-5 >> GET /products?sortBy=title&order=asc HTTP/1.1
18:09:11.570 [main] DEBUG org.apache.http.headers -- http-outgoing-5 >> Host: dummyjson.com
18:09:11.570 [main] DEBUG org.apache.http.headers -- http-outgoing-5 >> Connection: Keep-Alive
18:09:11.570 [main] DEBUG org.apache.http.headers -- http-outgoing-5 >> User-Agent: Apache-HttpClient/4.5.14 (Java/21.0.8)
18:09:11.570 [main] DEBUG org.apache.http.headers -- http-outgoing-5 >> Accept-Encoding: gzip,deflate
18:09:11.570 [main] DEBUG org.apache.http.wire -- http-outgoing-5 >> "GET /products?sortBy=title&order=asc HTTP/1.1[\r][\n]"
18:09:11.570 [main] DEBUG org.apache.http.wire -- http-outgoing-5 >> "Host: dummyjson.com[\r][\n]"
18:09:11.571 [main] DEBUG org.apache.http.wire -- http-outgoing-5 >> "Connection: Keep-Alive[\r][\n]"
18:09:11.571 [main] DEBUG org.apache.http.wire -- http-outgoing-5 >> "User-Agent: Apache-HttpClient/4.5.14 (Java/21.0.8)[\r][\n]"
18:09:11.571 [main] DEBUG org.apache.http.wire -- http-outgoing-5 >> "Accept-Encoding: gzip,deflate[\r][\n]"
18:09:11.571 [main] DEBUG org.apache.http.wire -- http-outgoing-5 >> "[\r][\n]"
18:09:11.595 [main] DEBUG org.apache.http.wire -- http-outgoing-5 << "HTTP/1.1 200 OK[\r][\n]"
18:09:11.595 [main] DEBUG org.apache.http.wire -- http-outgoing-5 << "Access-Control-Allow-Origin: *[\r][\n]"
18:09:11.595 [main] DEBUG org.apache.http.wire -- http-outgoing-5 << "Content-Encoding: gzip[\r][\n]"
18:09:11.595 [main] DEBUG org.apache.http.wire -- http-outgoing-5 << "Content-Type: application/json; charset=utf-8[\r][\n]"
18:09:11.595 [main] DEBUG org.apache.http.wire -- http-outgoing-5 << "Date: Wed, 23 Jul 2025 11:09:11 GMT[\r][\n]"
18:09:11.595 [main] DEBUG org.apache.http.wire -- http-outgoing-5 << "Etag: W/"bb19-WvfGDU1qnETYvaDH9O+xwBDBd50"[\r][\n]"
18:09:11.595 [main] DEBUG org.apache.http.wire -- http-outgoing-5 << "Server: railway-edge[\r][\n]"
18:09:11.595 [main] DEBUG org.apache.http.wire -- http-outgoing-5 << "Strict-Transport-Security: max-age=15552000; includeSubDomains[\r][\n]"
18:09:11.595 [main] DEBUG org.apache.http.wire -- http-outgoing-5 << "Vary: Accept-Encoding[\r][\n]"
18:09:11.595 [main] DEBUG org.apache.http.wire -- http-outgoing-5 << "X-Content-Type-Options: nosniff[\r][\n]"
18:09:11.595 [main] DEBUG org.apache.http.wire -- http-outgoing-5 << "X-Dns-Prefetch-Control: off[\r][\n]"
18:09:11.595 [main] DEBUG org.apache.http.wire -- http-outgoing-5 << "X-Download-Options: noopen[\r][\n]"
18:09:11.595 [main] DEBUG org.apache.http.wire -- http-outgoing-5 << "X-Frame-Options: SAMEORIGIN[\r][\n]"
18:09:11.595 [main] DEBUG org.apache.http.wire -- http-outgoing-5 << "X-Powered-By: Cats on Keyboards[\r][\n]"
18:09:11.595 [main] DEBUG org.apache.http.wire -- http-outgoing-5 << "X-Railway-Edge: railway/asia-southeast1-eqsg3a[\r][\n]"
18:09:11.595 [main] DEBUG org.apache.http.wire -- http-outgoing-5 << "X-Railway-Request-Id: B66UMT6USGCMVrz3AQeqjw[\r][\n]"
18:09:11.595 [main] DEBUG org.apache.http.wire -- http-outgoing-5 << "X-Ratelimit-Limit: 100[\r][\n]"
18:09:11.595 [main] DEBUG org.apache.http.wire -- http-outgoing-5 << "X-Ratelimit-Remaining: 95[\r][\n]"
18:09:11.595 [main] DEBUG org.apache.http.wire -- http-outgoing-5 << "X-Ratelimit-Reset: 1753268959[\r][\n]"
18:09:11.595 [main] DEBUG org.apache.http.wire -- http-outgoing-5 << "X-Xss-Protection: 1; mode=block[\r][\n]"
18:09:11.595 [main] DEBUG org.apache.http.wire -- http-outgoing-5 << "Transfer-Encoding: chunked[\r][\n]"
18:09:11.595 [main] DEBUG org.apache.http.wire -- http-outgoing-5 << "[\r][\n]"
18:09:11.595 [main] DEBUG org.apache.http.wire -- http-outgoing-5 << "a[\r][\n]"
18:09:11.595 [main] DEBUG org.apache.http.wire -- http-outgoing-5 << "[0x1f][0x8b][0x8][0x0][0x0][0x0][0x0][0x0][0x0][0x3][\r][\n]"
18:09:11.595 [main] DEBUG org.apache.http.headers -- http-outgoing-5 << HTTP/1.1 200 OK
18:09:11.595 [main] DEBUG org.apache.http.headers -- http-outgoing-5 << Access-Control-Allow-Origin: *
18:09:11.595 [main] DEBUG org.apache.http.headers -- http-outgoing-5 << Content-Encoding: gzip
18:09:11.595 [main] DEBUG org.apache.http.headers -- http-outgoing-5 << Content-Type: application/json; charset=utf-8
18:09:11.595 [main] DEBUG org.apache.http.headers -- http-outgoing-5 << Date: Wed, 23 Jul 2025 11:09:11 GMT
18:09:11.595 [main] DEBUG org.apache.http.headers -- http-outgoing-5 << Etag: W/"bb19-WvfGDU1qnETYvaDH9O+xwBDBd50"
18:09:11.595 [main] DEBUG org.apache.http.headers -- http-outgoing-5 << Server: railway-edge
18:09:11.595 [main] DEBUG org.apache.http.headers -- http-outgoing-5 << Strict-Transport-Security: max-age=15552000; includeSubDomains
18:09:11.595 [main] DEBUG org.apache.http.headers -- http-outgoing-5 << Vary: Accept-Encoding
18:09:11.595 [main] DEBUG org.apache.http.headers -- http-outgoing-5 << X-Content-Type-Options: nosniff
18:09:11.595 [main] DEBUG org.apache.http.headers -- http-outgoing-5 << X-Dns-Prefetch-Control: off
18:09:11.595 [main] DEBUG org.apache.http.headers -- http-outgoing-5 << X-Download-Options: noopen
18:09:11.595 [main] DEBUG org.apache.http.headers -- http-outgoing-5 << X-Frame-Options: SAMEORIGIN
18:09:11.595 [main] DEBUG org.apache.http.headers -- http-outgoing-5 << X-Powered-By: Cats on Keyboards
18:09:11.595 [main] DEBUG org.apache.http.headers -- http-outgoing-5 << X-Railway-Edge: railway/asia-southeast1-eqsg3a
18:09:11.595 [main] DEBUG org.apache.http.headers -- http-outgoing-5 << X-Railway-Request-Id: B66UMT6USGCMVrz3AQeqjw
18:09:11.595 [main] DEBUG org.apache.http.headers -- http-outgoing-5 << X-Ratelimit-Limit: 100
18:09:11.595 [main] DEBUG org.apache.http.headers -- http-outgoing-5 << X-Ratelimit-Remaining: 95
18:09:11.595 [main] DEBUG org.apache.http.headers -- http-outgoing-5 << X-Ratelimit-Reset: 1753268959
18:09:11.595 [main] DEBUG org.apache.http.headers -- http-outgoing-5 << X-Xss-Protection: 1; mode=block
18:09:11.595 [main] DEBUG org.apache.http.headers -- http-outgoing-5 << Transfer-Encoding: chunked
18:09:11.596 [main] DEBUG org.apache.http.impl.execchain.MainClientExec -- Connection can be kept alive indefinitely
18:09:11.596 [main] DEBUG org.apache.http.wire -- http-outgoing-5 << "1ea6[\r][\n]"
18:09:11.596 [main] DEBUG org.apache.http.wire -- http-outgoing-5 << "[0xd5]]]w[0xa3]8[0xb6][0xfd]+[0xba]~[0x98]y1[0x14][0x9f][0x6][0xf2]t[0x93]t[0xaa][0xaa]g*[0xd5][0xb9][0x95][0xea][0xa9][0xbb][0xe6][0xae]y[0x90]A6[0xea][0x80]DK[0x10][0xc7]=[0xab][0xff][0xfb]]G[0x80][0x8d][0x1d] [0xd8][0xc6][0xae][0x9a][0x87][0xac]U[0x15][0x9]![0x1c][0xb3][0xb7][0xce][0xd7]>[0xff][0x9e]d[0x82]GE[0x98][0xcb][0xc9][0xd5][0xff][0xfd]{B[0xa3][0xc9][0x95]9[0xf3][0xa6][0x93][0x9c][0xe6][0x9][0x99]\Ml[0xc3]@_y!([N[0xa6][0x93][0x88][0xc8]P[0xd0],[0xa7][0x9c]M[0xae]&_c[0x82][0x1a][0xe3][0x88]J[0x84][0x91][0xcc][0xd7][0x9][0x95]1[0xc2],B!O[0x17]\[0xe4]x[0x9e][0x10]$I[0x84][0xd9][0x14]=1[0xbe]bh[0xc1][0x5][0xa2][0xb9]DI[0xf1]R[0x8][0xca][0xb][0x89][0x16][0x4][0xe7][0x85] R]'S[0xce][0xf3][0x18]eD,[0xb8]H1[0xb][0x89]>[0x99]NB[0x9c][0x93]%[0x17][0xeb][0xc9][0xd5][0xe4][0x99][0xc4]4L[0xc8]d:[0xc9][0x4][\r][0xc9][0xe4][0xca][0xf2][0x83] [0xd0][0x83]`:[0x89][0xa8][0xc]y[0xc1][0xf2][0x7]"B[0xc2]r[0xbc]$[0x93]+[[0xf][0xfc][0xe9]D[0xe0][0x1c][0x9e][0xe2][0xca][0xd1][\r]w:[0x91]9[0xf][0x9f]&W[0xae]3[0x9d][0xe4]x[0x9]O?Q[[0x94][0x93]i[0xbd][0xbc][0x9c][0xfc]k:[0x99][0xb][0xcc][0xa2][0xc9][0xd5][0xe4]6[0x16]k[0x99][0x10]1[0x99]N[0xe4]S1[0xb9][0x9a][0xfc][0xe3][0xee][0xa3]v[0xfb][0xf1][0x8b][0xf6][0xf5][0x97]_5s[0xe6]M[0xa6][0x93][0x15][0xa1][0xcb]8[0x9f]\[0xa9]][0xa4][0x84]I[0xca][0x99][0x9c]\[0xfd]{[0xb2][0xa2]Q[0x1e]O[0xae][0xcc]@[0xb7][0xa6][0x93][0xb8][0x9a]e[0xcd]t[0xd3][0x83][0x8f]4Sc[0x9e]n[0xf9]N'+,[0x4]f[0xf9][0xfa]g[0xa6][0x1e][0xbd][0xfa][0xa4]m[0xb4]&X[0xa0]z[0x10][0xf6][0x10][0xd3],[0xa3]l[0xb9];[0xef]1[0xa6][0x99]D[0x94]![0xb][0xad][0x8]y[0x82]g[0xc1][0xcf][0x98]&xN[0x13][0x9a][0xaf][0x1f]s[0x9c][0x17]rr5[0xf9][0x99][0xa1]G[0xf5][0xfc][0xd3][0x89] [0xcf][0x94][0xac][0xca][0xbf][0xfe][0xe6][0x13][0x9a]NB[0x9e][0xa6][0x84][0xe5][0xf0][0x9c]D[0xac]Q[0x96][0x10],I[0xf4]_[0xf0][0x1d][0xc0]9|1,[0xc3]r5[0xc3][0xd1]l[0xe3][0xab][0x11]\9[0xe6][0x95]a[0xe9][0x86][0xeb][0xfc]s[0xb3]$[0x11][0x9f]q[\n]"
18:09:11.596 [main] DEBUG org.apache.http.wire -- http-outgoing-5 << "3?[0x15][0xc][0xa3]/[0x85][0x94]$I[0x1a][0xa3]w)[0xa6][0xc9][0xe4]j[0x92][0x14][0xc][0xeb][0xa2][0x1c][0xfe][0xef][0x17]=*[0xd2]t[0xfd][0x9b][0xe4]L[0xf]y:[0xf9]s[0xba][0xdd][0x95][0xdb][0xdc][0xd5][0x7]Ap[0x8e][0xaa][0xef][0xee]Q[0xdb][0xfa][0x88]EF[0x4][0xfa][0x80]EHq[0xcb][0xbe]b5[0xae]/[0xd5]x[0xef][0xc6][0xac][0xe6][0xc6]>[0xf3][0x1c]a[0x89][0xca]7e~[0xe4]GV[0xed][0xed]k![0x98][0xfa][0xc6]u[0xec]-W[0xe3][0xaf][0xf7][0xf6]/[0xb8][0x2][0x6][0x1f]xB[0xc3][0xb5]z[0x8d]Q[0x84][0xd7][0x12][0x95][0xbf]FY[0xf9][0xfb][0xe9]$[0xa5][0x8c][0xa6]E[0xfa][0x8b][0x88][0x88][0xf8][0x9f][0x2][0xb3][0x9c][0xe6][0xeb][0xc9][0x95]9[0x9d][0xa4]$[0xc7][0xf0][0xd5][\r][0xe1]s&[0xd1]u[0xde][0xbf][0xff]"[0x8b][0x86]L[0x9b]c[0x11][0xf2][0x8][0x9e]pf[0xdb][0x9e][0x17][0x4][0xb6][0x1d][0xd8][0x1][0xbc];[0xbf][0x8b][0xdb]r [0xce][0xf3]L^[0xbd]{[0x17]Fl[0xf7][0xb1][0xde]e[0xc5]<[0xa1][0xe1][0xbb][0xdf][0x85][0x6]k[0xe8][0x19][N[0xfe][0x9c]Nh[0x8a][0x97]D[0xbd][0xbe]=W[0x96]_[0x13][0xad][0x9c][0xfb][0xae]z[0xbd][0xdf][0xd9][0x86][0xa1][0xe5]%v[0xbd]3[0xf5][0x15][0x99]g[0x93][0xe9]i[0xab]X[0xa3][0xac]b[0x8f][0xb2][0x8a]3[0xca]*[0xee]([0xab][0xcc][0xca]U[0xfe]5[0x9d][0xe4]q[0x91][0xce]Y[0xf5]->e[0xc9][0xcd]B[0xe5][0xd2][0xf0]>[0x2]y[0x1][0x5][0xd4][0xdc]u[0x9d][0xe2]?8Cwa[0xcc][0xd1]CR[0xc8]V[0x2][0xdb][0x9f]T[0xb1]X[0x8a]E[0x8e]dF[0xf0][0x13][0x11]hE[0xf3][0x18][0xcd][0xb][0x9a][0xe4][0x1a]e[0xe8]:!/[0x18]=s[0x1a][0x12][0x14]r[0x96][0xb][0x9e][0xe8][0xe8][0xe7]|Ka[0x99] )-R$y[0xc1]"[0xf4]{[0x81][0x1]{Kb#[0xe2][0x19]8[0xe]n[0x11][0x17]s[0xc5][0x83][0xd5][0x12][0x9]0hy[0xdb][0x98][0xa7][0x4]E[0xe4][0x99][0x86]D[0xee][0x11]_[0xca][0xe7]4![0x1a][0xe]C"%[0x17][0x94][0xc8]-[0x7][0xf6][0x10][0xa0]i[0xe9][0x86][0xd7]d@[0x98]X1[0xe0][0xcc][0xdc]2 IH[0x98][0xb][0xce]h[0x8][0xeb][0xee]|[0x8];dX~h[0x1b]*[0xbc][0xff][0xe5]F[0xbb][0xbe][0xbf]V?F[0x10]4[0xa8][0xd0][0xed][0xa2]BK[0x9f][0xf9][.4][0xdd]r6\hy[0xba]3[0xeb][0xe4][0xc2][0x19]J9[0xcb]cy[0x0][0x1b][0x9a][0x8a][\r][0x8f]$[0xc3][0x1d]t[0xff][0xc6][0x8b]$B[0x8c][0xe7]H[0x90][0xf2][0xb7]o[0x3][0xbc][0xdd][0x2][0xf0][0xb7]q[0xc2][0x9][0xba][0xe7][0x2]'[0xea]O[0xb8][0xf][0xf0]![0x8c][0xeb]i9[0xde]K>[0xf6]+[0xae][0x8e][0xa8][0xc4]Y[0xc6])[0xcb][0x7][0xb0]O[0xdb][0xe6][0xee]qN8z [0x82][0xfc][0xd1][0xb2][0xb5][0x14]F[0xf5][0xc]F{7[0xb6]s[0x88]x[0x8f]e[0x8e][0xea][0xbf][0xd2]Q[0x9b][0xba]{&[0xc9][0x9a][0xa1]o8yj[0xa5]D[0xa2][0xc6][0xf5][0x95][0x1a][0x1f]B[0x89][0xde]![0x8c][0x18][0x1c][0xc2][0x88][0xf6]0F[0xb4]w[0x19][0xd1][0xb2][0xdc][0x99]izf`[0x19][0xb6]aF|[\r]+[0xef][0xb0]z[0xc5]5[0x12][0xc6]\[0xcb][0x92]B[0x1e][0xc1][0x90]CV[0xb5]Nc[0x86]![0xb7][0xe8]`[\n]"
18:09:11.597 [main] DEBUG org.apache.http.wire -- http-outgoing-5 << "[0xd3][0xf6][0x9a]TA[0x4][\r]1C[0xef]9[0xcf][0xe7]X[0x1d]T[0xdb][0xb8]boVI[0x16]a[0x82][0xa5][0xa4]!R[0xbf])$[0x89][0x0]s6s[0x17][0xf5][0xdc]%N[0x89]TLA[0xd5][0xf9][0x90].[0x19][0x89][0x14][0x5][0xe4][0xb1][0xe0]+[0xc0]e4[0xe1]<[0x8c])[NQ[0x8a][0x9f][0x94]Y[0x95]#[0xcc][0x10][0x91][0x92][0xb0][0x9c][0xe2][0x4]e[0x94][0x84][0x4][0xf1][0x5]"[0xbf][0x17]4[0x83][0x17][0xac]Z[0x84] [0x99]q[0x91][0xef]Q[0x86][0xfa][0x9d]l[0xa7][0xc][0xb3][0x9b]2[0x1c]=[0xb0]w[0x18][0xc3][0xdc][0xda]Lv[0xc3]fR[0xab]o[0xb7][0x2] [0xbb][0xff][0xe4][0xf0][0xd7]-[0x89][0xe2][0xf1][0xe1][0x17][0xed][0xe6][0xcb]O[0xda][0xf5][0xfd][0x9d]f[0xda]M[0x9b][0xc9][0xea] [0x8a][0x99][0xee]7x[0xc2][0xd5]}kK[0x13][0xa6][0x1e][0x8c]L[0x13][0xea][0x92]1[0x8c][0xa6][0xeb][0x15][0x91][0xc0][0xe2][0xa7][0x18]([0x8f]![0x16][0x9][0xc9]st[0xc3]W)f-[0x98]'[0xab][0x19][0xfa]\[0xcd][0x18][0xe][0xc7]%[0x8d][0xcd][0x8b]5[0xc2]KL[0xd9]Q[0xdb][0xfb]*[0xa8][0xcc]1C[0x8f]![0xcf][0xf3][0x96][0xcd][0xe5][0xe5][0xb8].a|[0xf8][0xd6]N67[0xef][0x12][0x82][0x19][0x17][0xe8][0xeb]:i'[0x8a]r\[0xcf]a|[0x8]Q[0x4]?[0x9a][0xed]d[0x4][0xbe]c[0x9b][0xa6]gy[0xae]si[0xdb][0xe9]5[0x9a][0xbc][0xab][0xdf]w[0xad]~[0xdf]k[0xaa]8[0x16][0xd4][0x7][0xdd][0xa3][0xb][0xd5][0xcd][0x6][0xa8]3F[0xe7]8![0xe8][0x96]'<[0x9d]stC[0xa2]v\o[0x99]XB[0xfb][0xd6]A[0x5][0xd0]L[0x12][0xb2][0xc4],Gs[0xc0]m[0x81]S2E[0xa1][0xc0][0x8b][0x9c]D[0xa5][0x89][0x10][0xd3]e[0xac][0xd5][0xe7]}8'[0x9][0x8a][0x13][0xa9][0xd0][0x19][0xef]8[0xc3][0x94]-P9[0xca][0xe6]$[0x12][0x9c][0xa7]{[0xa8][0xbd]([0x4][0xa3]`N4[0xc0][0xda][0xef]9[0xe1][0xfb][0xba][0xbb]s[0xc0][0xf7][0xbc][\r]\[0x3][0x80][0xd6]p[0xdd]\vN[0xa2][0xdd]C[0xfd][0xde][0xa7][0xb0]9[0xde][0xbf][0xff][0xf5][0x8b]v[0xfd][0xf9][0xb3][0xfa]1L[0xb3][0x81][0xda][0xa6][0xd1][0x1][0xdb][0x96][0xaf][0x9b][0xb3][0x86][0xaf][0xcb][0xd5][0xed][0xd9]@_[0x97]y[0xa8][0xaf][0xeb]4[0xd8]>[0xd3][0xf1][0x1e][0xc0][0x8f]g1[0x11][0xe8][0x1b][0x91]m[0xf0][0x18]n[0xa7][0xe8]+"[0xf]@[0xc8][0x8f]t[0x19]'kD[0xd3]L[0xc0][0xa1][0xe0][0xb8][0x1d][0xfe][0x83]>S[0xcc][0xd0]-[0x16]y+J>[0xab]q=T[0xe3][0xbd]{3[0x9b]{{[0xe0]\[0xd4][0x16][0xef][0x91][0xb6][0x87][0xe4][0xc]}[0x13][0xea]{[0xd3]f|[0xc0][0x16]Vjx[0x8]v[0xe6][0xe7][0x80][0xed][0xe3][0xe][0xf8][0xf6][0xcc]4<[0xd7]s[0xdc][0x99][0xeb][0x9b][0x17][0x86][0xed][0xcd]{[0xff][0xe]Wo[0xb9][0x16][0x96]o[0xb9]6'[0xd1][0x11]g[0xfb]7[0x16]<[0xdc][0x11][0xf6][0xc6][0x82][0xf6]i[0x94][0xf2][0xc6][0xea]]db[0xf5][0x90][0xc9]#_[0xe0]al[0x2]3+[0xb7][0x12][0xcf]b*s[\n]"
18:09:11.597 [main] DEBUG org.apache.http.wire -- http-outgoing-5 << "@[0x1f][0xb5][0x84]H[0xd4]+[0x85][0xb8]ZmZ9[0x94][0xe0]7[0xe4][0xe5][0xf7][0x82]J[0x9a][0x93][0xca]nP[0x97][0xd6]n[0xa6]"[0x8b]y"s87[0x1][0xd3][0xac]y!PB[0x9f][0xe1][0xba]a[0xc4]b9}[0xae]#Gw[0xb6][0xc4]b[0xeb][0x81][0xb5][0xf5][0x1c][0x19][0xed][0xc4]"[0xf9][0x2][0x1f][0xc3],V[0x83]Yf[0xdd][0x8e]#[0xcf]m[0x10][0x8b][0xa1][0xbb][0xee][0x96]X[0x2][0xdd][0xe8][0xb6][0x8]>[0xd1][0x5][0xc9]iJ.[0xe5]8z[0xed][0x99])X[0x8c][0xb3]l][0x1e][0x16][0xd2]5[0xca][\n]"
18:09:11.597 [main] DEBUG org.apache.http.wire -- http-outgoing-5 << "[0x11][0xc6]X[0x92][0x13]8[0x6]@[0xbc][0xcb]S[0x13][0xd6]3[0x6]xk[0xdc]q[0xbd]5[0x9f]h[0x92][0xc0][0xd6]n[0xa8][0x8c]y[0xd6][0x16][0xf5])'[0xe8]s5[0xe1][0x82][0x4]S[0xef][0xec][0x91][0xa6])gm[0xbe][0xb7]zk[0xb2][0x9c]1[0xba]/[0xe9][0x2]Tcz[0x9e]7[0x9b]Y[0xbe][0xe3]y[0xf6][0xec][0xc7][0xa1][0x1a][0x0][0x86]q[0xb9]F[0xad]8*[0xd9][0xa8][0x15][0xcf][0xc7]6j[0xf9].[0xba][0x99]5[0xe8]&[0xcb]T|{[0x97]^[0xde][0xb]R[0x87][0xd6][0x5][0x95][0x19][0xc2]0KNU[0xa4][0x9c][0x84][0xa5][0x1f]H2[0x1c]*[0xbf][0x11][0xc4][0xd8]Y[0xc8]E[0xc6][0xcb]7[0x9]Q[0x96]s[0xf4][0x8c]K{F[0x90][0x90]f[0xaf][0xe2][0xb]K[0xc1]C[0xb2][0xe7]#[0xea][0x8b]*[0xcc][0xac][0xa6][0xd1]an[0xa3][\n]"
18:09:11.597 [main] DEBUG org.apache.http.wire -- http-outgoing-5 << "M[0x9b]C[0x14]4[0x97]['[0xd0][0x87]/[0x95][0x13][0xe8][0xe1]A3[0xcc][0xd9][0x90][0xc0][0xb9][0xad][0xcf][0x1a][0xd6][0x84]i[0xea][0x86][0xb9][0x1][0xfd]@[0xf7][0xec][0x1f]%p[0xee][0xbe][0x82]|[0x89]s*[0x17][0xf4][0xc8]S[0xfa]#[0x9c][0x17]0[0xba][0x11]|[0xd5][0xea][0xff]Q[0xc3][0xfa][0x1c][0x86][0x87]Ch[0x1d]$8qk[0xa3]z[0xa7][0xce][0xcc][0x95][0xdf][0x14][0xa4][0xa7][0xe8][0x3]g[0xe0][0xa4][0x95],W[0xe5][0x14]}YM[0x19][0xdf]3[0xe4][0x9d][0x1f][0xf7][0xbd]`f[0xf9][0x86][0xed][0xba][0xb6]m:[0x17][0xc6][0xfd][\r]t[0xbc]S[0xa8]t[0xaa][0x13]h[0xb9].[0xcc]4[0xcc]=[0xd0]D[0xd7]T<[0xf0]H[0xa2]{[0xfc][0x82][0x1e]i[0xf2][0xac][0xec][0xdb][0x96]c[0xfa][0xab][0xc9][0x94]U[0xf3][0x11][0x16]ds[0xbc][0xe6][0xcf]Dh[0x0]"1[0xc1]Q[0x16]sFd[0xc3][0xdb][0xb3][0xa0][0x11])[0xc3][0xbb]ED[0xf9][0x14][0xe1][0x8]g9}&[0xe8][0xee][0xa6][\n]"
18:09:11.597 [main] DEBUG org.apache.http.wire -- http-outgoing-5 << "[0xa8]q[0xa8][0xfe][0xcb]8[0x95][0x4][0x85][0x90][0xcb][0x94]$[\n]"
18:09:11.597 [main] DEBUG org.apache.http.wire -- http-outgoing-5 << "utt[0xf7][0x92][0xc1][0x13][0xb2][0x90] [0x9a][0xa6]DH[0x98]X[0x6][0x8d])S[0xfe][0xa1][0xfd][0xbc][0xa7][0xbe][0xf0][0xaf][0xeb][0xf4][0x1c][0xe2]m}[0xe6]5O[0xf1][0xce][0xd6]=[0xe4][0x6]][0xf1][0xdf][0x96]'[0xdf]9[0xd5]W[0x14][0xd5][0x88][0x1]?<[0xa8][0x1f][0xd3]0[0x7][0xb8][0xf6]-g[0xc7][0xb7]o:z[0xd0][0xc][0x1][0xbb]N'[0xaa][0xe6][0xdf][0x7][0xd1][0xef]^[0xe0][0xaf][0x7][0x1][0x97]SN[0xa0][0x1f][0x9][0x13]kt[0x1d][0xe1][0xb4][0xed][0xf4][0x19][0xc3][0xa8][0x8e]a[0xf4]@[0xa7][0xf9][0x88]xy[0x97][0xd0][0xdf]p[0x8c]nE[0xd1][0x6][0x95]D[0x8d][0xea][0xa1]([0xe][0x88][0x0]"
18:09:11.598 [main] DEBUG org.apache.http.wire -- http-outgoing-5 << "[0x1f][0x1a]r[0xe8][0x83][0xf1]O<[0xeb][0xc5][0xf0][0x4][0xc6][0xff][0xd3][0xdc]C[0x8e]1[0xb3]Lof[0xb8][0xb6]g[?@[0xfc][0x17][0xde]n[\r]S[0x91][0xf1]Hj)~[0xd1][0xa4][0xc2][0xc6]Sq[0xfd][0x90][ub[0xbe][0xd1][0x82][0xf9]pq?[0xd0][0xc3][0xc][0xc4][0x17][0xb][0x0]xp[0xb6][0xa4][0x9][0x91][0x80][0xe5][0x82][0xa8]([0x4]Gd[0x3][0xca]:[0xfa][0x6][0xef][0x12][0xc1]r[0x8d]2L[0x85][0x8a][0xc9][0xee][0xb8][0xf8][0x15]V[0x97]0[0xff]H[0x5][0x85][0x3]6Y[\n]"
18:09:11.598 [main] DEBUG org.apache.http.wire -- http-outgoing-5 << "\zo[0xf2][0x98][0xac]K"i[0x1c][0xce]9[0xd3][0xf2][0x98]hK[0x8e][0x12]*s[0xc2]([[0x1e][0x0][0xf1][0xa6][0xd5][0x3][0xf1][0xae][0xee]:;[0x87][0xf1]m[0x92][0xab]J[0xe8]m[0x85][0xf8][0xcd][0xc3][0x13],[0xe]Cx[0xa3][0x81][0xf0]N[0x17][0xc2][0xbb][0xba][0x17]4[0x10][0xde][0xd7]m[0xeb][0xac]1uw[0xc4][0x83][0xbb][0xad][0xb9]h^H[0xca][0xe0]i[0xe0]T6[0x86][0xd7]f[0x1b][0xf]8[\r][0xb8][0xc6][0x8e][0x7][0x9c][0x90][\n]"
18:09:11.598 [main] DEBUG org.apache.http.wire -- http-outgoing-5 << "[0xdb][\n]"
18:09:11.598 [main] DEBUG org.apache.http.wire -- http-outgoing-5 << "[0xf7]i[0x8a][0xd1]7[0x9a]H[0xde]v[0x8e]'i[0x8a][0xf5][0x95][0x1a][0x1d][0xe][0xf7][0xe3]P[0xe5][0xff][0xe2]g[\n]"
18:09:11.598 [main] DEBUG org.apache.http.wire -- http-outgoing-5 << "[0x1f]YW8[0xe0]E[0x8d][0x9f]#[0x1e][0xe0]\[0xc0]Ic[0x1a][0x8e]i[0xba]3[0xdf][0xe]\[0xf7][0x7][0x3][0xfc][0x91][0xb2]}v[0x96]<[0xdc]M[0xf3][0xe6][0x92]'[0xfa]i[0xde]\[0xbf][0x93][0x80][0xac]V[0x2]Z[0xc1]w[0xb5]F[0xd4][0xdb][0x18][0x8b][0xe5][0xdb][0xb6]G[0xdb]5[0xf0]2?[0xd3][0x88][0xa8][0xe4]"[0xce][0x9e][0x9][0xa3][0xf0]&[0xad][0xf0][0x1a][0xe5][0x1c][0x85]jR[0xe9][0xe7][0xf]y[0x9a][0xe1][0x9c]B[0xf4][0xa0]\[0xb3]J[0x1b][0xdd][0xb0]Z[0xb2][0xd6][0xc1][0xd5][0x99]%[0x90]T[0x81][0xc3][0xea][0xb2]z[0x16]g*mH[0xad][0x8][0x1e][0xa2][0x14][0x97]4E[0x16][0x10][0x94]P[[0xaa][0xc7][0xe][0xa0])[0xaf]/[0xab][0xc8][0xf1][0x9b]v[0x8]$[0x81]V$[0xd5][0x99][0x86][0xba][0xe1][0xa8][0xf2][0xc1][0xc5]`[0x8a][0xb2][0x6]$[0xa2]Z[0xae]n[0xb9];[0x81]jg[0x9b][0x88]j[0x1a]z[0xd0][0x1d][0xa8][0xb6][0xe][0xf]T[0xf7]E[0x13]>[0xf1][0xd5]pKd[0x8c][0xd3][0xf4][0xb8][0x1][0x84][0x93][0xd2][0x9f][0xda][0xb6][0xf7][0xa5][0x98][0xaf][0xd1]5[0x8b][0x4]|[0x10][0xaf][0xf7]&[0x8a][0xf9]Z[0xc7][0xe5][0xf0]p[0xd7][0x12]Tg[0xac][0xb8][0xc8]c[0xf5][0xbd]W[0xdf][0xd7][0xe3]l[0xb8][0xb1][0xb]4~8W[0x92]m[[0xf6]lfY[0x8e][0x15][0xd8][0xc1][0xf][0xc5]N+"[0xb4][0x1a][0x13][0xb4][\n]"
18:09:11.598 [main] DEBUG org.apache.http.wire -- http-outgoing-5 << "[0x13][0xce]k[0x95][0xb4][0xde][0xb1][0x93][0x1b][0xec]}n[0xf8][0xc8]S[0xf2][0xc0]#tO[0x19]E[0xb7]\[0xa6]4D[0x1f][0x4]Y[0xf7]P[0xc3][0xce]%[0x94]5[0xaf][0xaa]rN[0x1][0xf8][0xc3]|[0xaf]P![0x8f]q[0x8e][0xc0]![0xf5]L[0x84][0xac]3D[0xc0][0xab]T[0xda]6Xy[0x96]J[0x1b][0x85][0xc8][0x8d][0x9][0x94]T^[0x83]|s{[0x12]r[0xb9][0x96]9I[0xab][0xdc][0xa5]F]B[0xc3]>[0x1a][0xa7]4[0xc1][0xd7][0xcd][0xa6][0xd9]2[0xdb][0xc6][0x97][0xad]N[0xb3][0xa5][0xa7]2[0xa1][0x87][0xf][0xec]![0x99]K[0xe6]L7[0x9a]Uz[0xaa]fo[0x1b]_[0xf6][0xcd][0x1e][0x93][0xe5][0xc2][0x19][0xa7]#[[0x1][0xe0][0x2][0xed].[0xd3]K[0xf1][0xcb][0xa0]*[0xbd][0xb3][0xd8]O?K[0x8c]C[0xf4][0x9][0xaf][0x4]|[0xf1]ZvGa[0x82][0x9e]T[0x13][0xce][0x94]m[0xda][0xb6][0xb3][0xeb]gX[0xa1]3[0x8d][\n]"
18:09:11.598 [main] DEBUG org.apache.http.wire -- http-outgoing-5 << "[0xc3]pg[0x16][0xd5][0xa9]4[0xe0][0x9f][0x9f][0x6]f[0xa6][0xed][0xce][0x1c]kf[0xf8][0x86]u[0xe9][0x88]B'([0x3][0x10]e<[0xd2][0xe0]S[0xd1]B[0x5][0x8d][0xda]R[0x90][0xf5][0xd9]X[0xa0][0xf3][0x86][0x1d]$[0xe0][0xf9][0xfb][0x1c]p[0x8f][0xc3][0x1b][0xce][0x9f][0xd0][0x83][0xe0][0xc8]t[0xd0][0xcf],[0x8c][0xd1]c[0x6][0x7][0xf2]N&h[0xbb][0x4]B[0x14][0x9b][0xab]J&P[0xf4][0xb4]([0x92]2[0xa9]4![0xe4][0x9]%8[0xcb]y[0xd6]L R[0x9b][0xf8][0xab]D[0xf7][0xa6]Z.[0x8c]iV[0x1e][0xf4]_B[0xa2][0xee][0x9]u[0x5][0xdb]r[0xeb]2r[0x81]d^0pQ[0xa1]/$[0xa7][0xc]C[0xd0]0K[0xf0]z[0xf][0xf8][0xcb][0xbb][0xed]T[0x15][0xf4][0xe0][0xbd][0xa3][0xcf][0x82][0x1d][0xb]`[0xeb][0xa6][0xb2][0x1a][0xb5][0xd8][0xdb]E[0xd5]_[0xa0][0x1b][0xe2]?]?l [0xde][0xf0][0xfc][0x1][0xd1]d[0xcb][0xd0][0x81][0xa3]k[0x84][0xf][0x94][0xdf][0xac]FxG[0xf7][0xad][0x1f]7[0x9a]<[0xa2][0x8b][0xff]#[0xfe][0x83]$[0xe8][0xee][0x19][0xb7][0xe6][0xc0][0xc4]0[0xaa][0x13][0x18][0x1d][0xee][0x88][0x1a]{[0x8b]g[0xcd][0xa2][0x1d]!:][0xcc][0xe1]-[0xec][0xac] [0xc7]j[0xbc][0xb3][0x82][0xfc][0xa2][0x95][0x6][0xc7][0xa1][0xbf]ky[0xae][0x5]>*[0xc3][0x9e]][0xba][0xd2][0xa0]B[0x80][\n]"
18:09:11.598 [main] DEBUG org.apache.http.wire -- http-outgoing-5 << "[0x81]S[0x1c][0xce]9[0xd2]2[0xc1]5[0xd3][0xd1]([0xb]cM[0x2][0x12][0xee][0x0][0xff][0x1][0xbe][0xa5][0x83][0x96]?[0xdc]uu[0xd0][0xf2]'[0xba][0xb1][0xe][0xba]W[0xa7][0xd9][0xe2][0xbe][0xa6][0xac][0xe5]#^[0x10]t[0x83]s[0x95]\[0xfa][0x80][0x15]Ru[0x99],m[0xd3]k[0x86]j[0x94]=[0xbc][0xf6]g[0xe1](B[0xe4]%[0x17][0x18][0xcd][0xab]K[0x13][0xba] 0[0xa2]|U[0xd5][0xba]Z[0xc3][0xd5]E[0x1f] T[0xa1][0xa3][0xeb]<[0xc7]@[0x8a]9J[0xf1][0x92][0x11][0xc8][0xab]M[0x92]um[0xb3][0x90][0xb0][0x10][0xaa]B[0x9b][0x91]P[0x5][0xdc][0xc7][0xb1]W<%[0xdb][0xd1] 0[0xeb]m[0x17]V[0xe9][0x1a][0x9c]c[0xf6]4[0xd8]Xq[0x87]$[0xc3][0xba][0x90][0x9b][0xdb]H[0x8b][0xf2][0x83][0xa6][0xad]2[0xf3]F[0xf2]]A"[0x0][0xab]\[0xf0]G[0xf9][0xae][0xce]Rd[0xf1][0x98]C*[0x5][0x14]Q[0xb][0xda][0xc6]aR[0x8d]C[0x11][0xb5][0xa0][0xfd],v[0x9a][0x80][0xc7][0xf9]b[0xfc]#'[0xe5][0xde]B[0x15][0x15]g[0xe8][0xa6][0x10]OmFTX[0x8e][0xeb]s[0x18][0xff]O[0x8b][0xa6][0xb8][0xa6][0xeb]9[0x96][0xe3][0x7][0x9e][0x17][0xfc]0[0x86]J[0x8a][0x97][0x12][0xb0][0xab][0x2]6-[0xc3][0xe1][0xd3][0x98][0xa1][0x95][0xd6][0xf5][0xcf]PR[0xdd]}[0xb3]N:[0xd9][0xcf]eE[0xdf][0xa0][0xae][0x19]=[0xaa][0x9c].[0xe4][0xa0][0xf]<[0xe9]([0xc6]k[0x9b]M[0x99][0xba][0xe0][0xb5][0xc4][0x14][0x8e][0x9e][0xc1]`[0x89]J[0x17][0xd5]J][0xa5][0xe][0x9f][0x1b]5[0x8e][0x84]>[0x11][0xc8]`[0x12]9[0x2][0xb7][0x17]x\h[0xce][0xcb]h[0xfe][0x82][0xe6]*^[0x9c][0x8b]2g[0xb6]J[0xd9]Bs[0x82][0x8b][0x9c][0x82]Q[0xd5]k[0xf9][0xf4]Q[0x88][0xdd][0x97][0x8e]e)[0x1f][0xd3][0x6]~t[0xcf][0xd9]p[0x88]m[0xf7]:[0xbd][0xd4][0x13][0xe][0x8f][0xd2][0xcf][0x6][0xb0][0x88][0xe5])[0x93]l[0xe3][0xf1][0xf2][0x95]yT[0xd1][0x88][0xa7][0x9b][0xdd][0x1e][0xaf][0x8b][0xd7]X[0x9f][0xbd][0xa4]b,U[0x8e][0x91][0xc5]/[0xae][0x9f]1[0xfa][0x88][0x81][0xc7]Z#[0xf4][0xf8][0x19][0xeb]q5|[0xd9][0x8c][0xac][0xcf]4[0x8c]y[0x82]%[0xba][0xc1]4Q~[0x8c][0xfd][0xbd][0xb1]j[0x86]>W3F[0xa5][0x15][0xfb][0x2]a[0x90][0xc0]2-[0xc7][0xf7]L[0xdf][0xf7][0x4]U[0xe][0x85][0xc4][\n]"
18:09:11.598 [main] DEBUG org.apache.http.wire -- http-outgoing-5 << "[0x4]4[0xa9][0xc0]Qs[0xb4]%O[0x8e])[0xe1];h[0xf9][0x11][0x83][0xf7]m[0xcb][0x9f]+[0x90][0xdf]v[0xaf]N[0xca]r[0xf6])[0xab][0xb4]3[0x6]D[0xf2]w'[0x96],[0xb5][0x93])V[0x5][0x8d]ve?[0x16][0x80][0xb][0xaa][0xae]|[0xb1][0xa0][0xa1]2[0x89]6[0x91]x[0xbe]([0xad][0x9f][0xda][0xd4][0xb9]c[0x12][0xac][0x99]F[0xf4][0x1e][0xc9][0x1c]|[0x5][0xca][0xb4] [0x11]*2[0xb5][0x94] 8RV[0xd5][0x92][0x1f][0x92]X[0xd6][0x1b][0x9f]q[0xad][0x8e][0xbc]2[0xbb][0xd3][0xe0]94T[0xef]4C3=U [0xf6][0x8e]~[0xa2][0xb5]-[0xfd]s[0xf5][0xc0][0x1d][0xaf][0xa4][0xfc]4[0xbf]]k[0xb5][0xc5]i[0x92]L[0x8f]8[0xa2]}[0xcc]$a|[0x10]3[0x8d][0x1c]4[0xfa]D[0x93]5[0xfa][0xca][0x85]h[0xdd]VB[0x93][0xb5][0x9e][0xab][0xd1][0xe1][0x6][0xd8]7,s[0xa5]o[0x93]rF[0x8e],[0xf2]+[0x9e][0xa0][0xd8][0x94]g[0xad]A[0x99][0xa4]x"z[0xa8]F[0xcf][0xe0][0x95][0xbb][0x80][0xad]c[0xf8]^[0xe0]y3[0xd7]1[0x1d][0xf3][0xd2]n[0xb9]N[0xa8][0xa5]*t? ?[0x6]a[0xec][0xad]|.[0xfb]f[0xef]6][0xa1][0x9d][0xa6][0xc0][0xa0],$[0xfa]'a[0xf3]:L[0xf3]S[0x81][0x13][0xf4][0x18][\n]"
18:09:11.598 [main] DEBUG org.apache.http.wire -- http-outgoing-5 << "B[0x18][0xfa][0xa4][0xbc]r[0xed][0xa4][0xf1][0xf6]u[\r][0xe]i[0xc6]e*[0xe8]W[0xa7][0xdd][0x8].[0x92][0xea]"([0x1]T)c@[0x1d][0xd5][0xf3]"
18:09:11.599 [main] DEBUG org.apache.http.wire -- http-outgoing-5 << "[0xd2][0xe7]Zu[0x10][0x92][0x1]p[0xae] [0xac]T[0x1c][0x84][0xaf]%d[0x5]d[0x82]/ A[0x0][0xc2]?[0xfb][0x95][0x80][0xaf][0xa3]:^[0x9f]W[0xcc][0xd4][0xcd][0xdd]2[0xf1]-K8[0xee][0xeb][0xb0]N[0x93][0x16][0xa4]RflDs[0x1e]U?[0x86][0x17][0xc][0xa9][\r][0x9c][0xe9][0xbb][0xa5][0x81]N[0xd0][0xcc][0xdf][0xf2][0x83][0xf1][0xa2]9#[0xea]C[0x8d][0x1d]*[0xb9][0xa7]a[0x8c]I[0x82][0xfe][0xc6]c[0xd6]n#[0xa4][0xe5][0xc][0xfd][0xb7]r[0xc6]p[0x8e][0xa8][0xe4]F6[0xbe][0xba]#[0x19][0xec][0x9f][0x9c][0xa0][0x1b][0xc2][0x18]i[0x15][0x8b][0xfa][0x83][0x13]}^[0x8e]^4[0x84]sO[0x13][0x8c]>[0x12][0xc1]0[0x8b][0xda][0xd5][0xe]i[0x82][0xf5][0xb8][0x9e][0xf0][0x9f]X[0xb][0xee][0xd9][0x81][0x15][0xf8][0xbe]k[0xbb][0xa6]{i[0xb]f[0x13][0x99][0x90][0x85][0xd4][0xfe]([0x1]O[0x5]&[0x0][0xbb][0xb4][0x12][0xbb][0xb4]r[0xd2])![0x9c][0x1][0xab][0x9f][0x10][0xc1][0x19][0xb0][0xfa]X[0x1][0x9c][0x1][0xb7][0xea][0xd4][0xbd]j[0xa6][0x1c][0xe4]9[0xcd][0x8b][0x88][0xa0][0xc7][0x2][0xb2][0x14]?[0x11][0xc][0xaa][0xb3][0x1f]U[0x9d][\n]"
18:09:11.599 [main] DEBUG org.apache.http.wire -- http-outgoing-5 << "[0xc7][0xaf]9[0xe9][0x8d][0xf9]%[0x17]1[0xf0][0xa7][0xe1]2[0xcd][0x80][0x81][0x8][0xaf][0x4][0x95]B[0x14][0xab][0xb4][0x3][0x98]E[0x98][0xa0]a\kaA2[0xd9][0x92][0xf3]H[0xf9][0xd7][0xf8][0x2]I[0xb5]t[0xa2][0x96]V"[0x88]![0xe8][0xb0][0xc9]J[0xf1]=[0xe5]TB[0xaa][0xc2][0x1f]D[0x96]6[0xe],+[0xa7]j>[0xdc]%[0x8f]![0x17][0x8d][0x10][0xa5][0x92][0xbb][0xd8]T[0xc1]K[0xbe]x%w[0xf8]D[0x99][0x16][0xe2][0xa6][0xbe][0x89][0xdf]g[0xdc]8;[0xd9][0x8][0x8d][\n]"
18:09:11.599 [main] DEBUG org.apache.http.wire -- http-outgoing-5 << "[0xf6][0xa0][0x91][0x8d][0x90][0x11]!U[0x8e]D[0xb5][0xf0][0xe6][0xa1]w[0x88][0xac][0xfa][0x14]7d[0xf6][0xf8][0xf7][0x9f][0xb5][0xeb][0xaf]_[0xd5][0x8f]i[0xfa]CL[0x9c]R[0x9b][0xbe]f3_[0xdf]:[0xe2][0x80][0xe7][0xba]3[0x13][0xe][0xf5][0xc4][0xbd][0x19][0xd1][0xb9]p[0xa1][0xfb]'U[0x9d][0xdd][0x15]H/[0xb][0xb3][0xdf][0x16]bw[0xc6][0xb5]m[0xfe]ACp[0x14]ct[0x1f][0xfe][0x4][0xfd][0xa8]U'[0xab][0x9c][0xa3][0xa7]a[0xa4][0xe6]|[0xbf]t[0x89][0x8f][0x98]1[0x1c][0xa3]/|N;[0xce][0x0][0xb1][0x9a][0xa1][0x8b]j[0xc6][0x10]6[0x9b][0x1d]d[0xfc]8[0x97][0x90][0xd1]rg3[0xc3][0xf1][0x3][0xc3][0xb5][0xad]K[0xd7]In[0xc0][0xe5][0x1d][0xae]^vM[0xe1][0x9a]V[0xe2][0x9a][0x6][0xb8][0xa0][0x1].[0x1c][0xc1]f[0xc3][0xd7]>[0x9c][0xcb][0x86][0xaf]}"[0x93][\r][0xbf]Q[0x7][0x8f]9[\r][0x1a][0xbb][0xc1][0xe9][0x9c]sHx[0xcb][0x8b][0xa4]]kkwJIT[0xb5][0xb9]C[0xd0][0x13][0x85]`[0x9]C9[0xe7][0x9]JqD[0xd0]B[0xf0][0x14][0xb2][0x9b][0xb5][0x5][0xe4]0G[0xc9][0x1a][0xcd][0xd5][\n]"
18:09:11.599 [main] DEBUG org.apache.http.wire -- http-outgoing-5 << ":[0xfa]9"8)[0xdd]rI[0x89][0x9b]S$s*[0xc4]&,[0x4][0xe2][0xed]@?[0xb5][0x82]JDe[0xfc]J@[0xa5][0xba]eGaL'[0x11]Y[0xba][0xbf]c>Y[0xdb][0xfa]|[0xbb][0x91][0x5][0xdd]| X[0xb7][0xc8][0x81]C[0x92][0x86][0xb8][0xca][0xdf][0xfe][0xaa][0xc4]Un[0xae][0xef]5[0xc3]ir[0x8e][0xdd][0x15][0xfe]1u[0xbb][0x99][0xf0]l7[0xc3]?[0x96][0xab][0x7][0xdd]u[0xf8][0x95]A[0xf4]]Hg[0x8c][0x12][0x93]OE[0x88]%[0xfa][0x82]S[0xda]^[0xff][0x92][0xc0][0xb8].[0xca][0xf1][0x8b][L[0xb7]8!s[0xa8][0xcd]y[0xa2][0xad]9z![0x8c]Ce[0xe][0x8c][0x1f],[0x1f]y[0xea][0xee]>[0xf3][0x4][0xb3]>A[0x15][0x6][0x13][0xe][0x92]S9[0x8c]k[0xac][0xb]h[0xb2][0xdb][0x81][0xef][0x9b]>x[0xd9]<[0xdb][0xbe]0[0xd7][0xb4] [0xc9][0xbb][0x12][0xac] [0x9d][0xb][0xe0][0xee][0xd4]t[0xe7][0x1]w[0xe8][0xd4]N[0xdf][0x81]iI[0x94][0xc0][0xf9]M[0x97]n[0xfa][0xce][0x8c]:[0x86][0x8f]Y[0x84]E[0x84][0xe6][0xf5]X-[0x9c][0xbe][0xf9][0xc5]V/}[0xdb][0x1c][\n]"
18:09:11.599 [main] DEBUG org.apache.http.wire -- http-outgoing-5 << "E[0x85]P[0xa9]d[0x9][0xc1]9[0xe4][0x85][0x86]\[0xe9][0xb5][0xb0][0xe8][0x95][0xa8]zFk[0x1d][0xf5][0x98][0xe6][0xf9][0x6][0xc5][0x17][0x94]$Q[0xa9][0x86]U[0xda](8U[0xce][0xe6][0xfa][0xb6][0x7][0xa8][0xa7][0xf7][0xd8][0x15][0xba]g6[0xe3][0xfb][0xee][0x16][0xce]K[0xf1][0x82]n[0xf5][0xf4]z[0x1f][0xaf]E[0xd3]o[0xae][0x1f]5[0xd3][0xf6][0x87]t[0xd7]pt[0xa7][0x9][0xe9][0x96][0xca][0xb2][0xae][\r][0x9][0xb7][0xcf])v[0xe9][0xee][0x1a]'[0xea][0xab][0xf4][0xea][0xa6]w[0x96][0x8d]o[0x94][0xa9][0xba][\n]"
18:09:11.599 [main] DEBUG org.apache.http.wire -- http-outgoing-5 << "[0xc7][0xfb]m[0x8a]g[0x9c][0x14]D}[0xc7][0x86]E([0xda]6YV[0x8c][0xa0][0x1b][0xdc][0xde][0xcd][0xa2][0xac][0x18][0xd1][0xe7][0xb8][0xb5][0x99][0xc5]([0xe2][0x88]m[0xbb][0xba][0x6]k[0xe7]}[0xc2][0xdb][0xa3]9[0x18][0xec][0x9c][0x85][0x1a]=C[0xcf][0xa9][0xb][0x8][0xa7][0xfb][0x81]o[0x9a][0xbe][0xe3]8[0xbe]c][0xba][0xe2][0xbe]E[0xd4][0xbc]~[0xd5][0xb5]3[0x89][0xa6][0xef][0xae][0xdf][0x9][0xe5]A[0xb][0x94]H[0xf8][0xf3]k[0xf9][0xc1][0x1d],WS[0xaa][0x4]_[0xc1]sR[0xea]\-[0xd5]oW\04_o[0xb1][0x1c][0x92][0xa7][0x88]x[0xdd][0xfd][0x2][0xca][0xd9]U[0xce][0xd6][0x6][0x9a][0x15]([0xd7][0xd7][0xed][0x84]5[0xca]%J[[0xb9][0x92][0xcd][0xad]3[0x8a][0xa1][0x81][0x12]PC[0xe5]*R[0xa0]~[0x0][0x90][N[0xcf][0xc1]|[0xc7]?[0x14][0xcc][0xb6][0xd5]*[0xd6]I8[0x1e][0xc]p[0x7]Y[0xb6]2[0xb][0x1a][0xc1][\r][0xd3]jD[0xbc][0xfd][0xee][0x88][0xf7][0x11]Z[0xb7]c[0xc7][0xbc][0x8f][0xce][0xcc]jo[0x88][0x7][0xd5]*[0x1f][0xb0][0x88][0xba][0xea][0xad][0xa1]^eY[0x8e][0xf]<[0x1f][0x97]t:[0x8a]([0x87][0xe7]K[0xb7]m[0xf1]3[0xce]c[0xcc][0xd0][0x17]B[0xda][0x1c]YL[0x8d][0xea][0x82][0x90][0x16][0x17][0xd6]E[0xb][0x15][0x8f][0xc3]vsfx[0x8e]m[0xcf]l[0xd7][0xb6][0x8d][0x1f][0x8][0xdb][0x15] [0x1e][0xe3][0xe]zs[0xcd]#[0xdc]@o[0xae]y[0xaa][0xfb][0xe7][0xcd][0x1b]t[0xb1][0x90]c[0xec][0xb0][0xd0][0x13][0xe9][0xee][0xc2][0xb4][0x1d]~eJ[0xec][0x9a][0x11][0xf5][0xac][0xee][0xc6]K[0x91][0xa0][0xf3]yR[0xfa]zb[0xce][0xb7]VB[0x6][0x1d][0x9d]Z[0x8d][0x84]j[0xd1])[0x92][0x5]-[0xab]Z`[0xa1]9[0xf4][0xab][0xa5],[0x82][0x3][0x18]\[0xcf][0x8b]\[0xfd][0xbb]%i[0xb8][0xb7][0x1f]S7[0x11]yJ[0x98][0xa4]Q'[0xbf]e"[0xcf]}[0x8b][0x89][0xea][0x8f][0xb3][0x9d][0x8b][0x9c][0xa6][0x96][0x97][0xd7][0x9d]%[0xec]7[0x3][0xed][0x86]>k[0x94]M[0xfa][0xba]7b[0xfa][0xd5]x[0x16][0xc5][0x11][0xce][0x8e]6[0xe8][0xbc][0xa7][0x18]}[0xe1][0x91][0xa0][0xcb][0xa2]#J[0x8c]uQ[0x8f][0x1f][0x90][0xe9]tDy|{[0xcb][0xa3][0x4]w[0x16][0x9b][0xa8]"[0x98]c[0xf4]$[0x87]GtZM[0x89][0xef]\[0x1c]y[0x1]s[0xc2][0xb6][0xcc][0xc0][0xb3][0x9c][0xc0][0xc]f[0xc1][0xa5]U[0xd6][0xdb][0x91][0xb6]z[0xcf][0xcf]cK[0xd4][0x8b]wB[0xb8][0xd9][0x6][0xe1][0xe8][0xb]M[0xdf][0x82][0xf1]/4[0xad][0xa1][0xbc][0x10][0xd1][0x1a][0xc5][0x9c][0x97][0xd9][0xac][0x8c]@-[0x96]$[0xe9]<Y[0xa3][0x14] [0x91]D Z[0x85][0x9b][0xf0]>[0xc7][0xe1][0xd3][0x9c]c[0x11])[0x88]oHg[0xe5][0x90][0xc8]U[0x89][0xa2]W[0xe8]^:[0xf2]C.z[0xc1][0xfd][0x0][0xc4][0xb6][0xbb]s[0xa2]<U[0xd6][0xd1]@[0xec]mFT[0x3][0xbd][0xb7][0x1][0xdb][0x1c][0x12]Kvu[0xdf][0xde][0xe9][0x94][0xe1]{[0x8d][0xb2][0xe][0xab][0xbb]8[0xf0]P![0x93]S[0xfd][0xfa]'[0x14]K[0xb4][0x82][0xf5])-[0x84]F[0xf4][0xe9][0x9f][0xb7]i[0x9e]y[0xe]"[0x1][0x9][0x98][0x7],[0xda]}R[0xa0][0x0][0x93][0xa9][0xc1]Q[0x8b]8[0xe]r[0xe3][0x1f][0xd9]l<0g[0xa6]g[[0xbe][0x1d][0xfc] ~[0x9f][0xea][0xfd][0xd6][0x4]M[0xcf][\n]"
18:09:11.599 [main] DEBUG org.apache.http.wire -- http-outgoing-5 << "[0xd6][0xea][0x6][0x9d][0x5][0xf][0x8d][0x6][0xa8]7[0x4][0xe7][0x12][0xbd]O[0xc8][0xcb]V[0x8d][0xf0]n[0xa3][0x9][0xdb][0x8a][0xdf]}Wldv[0xf7][0xbb][0xde]m[0x83][0xb3][0x1d]r[0xbb]u%7([0xd2][0xce][0x8b][0xa8]L[0xf]*2[0xf0][0x14][0x99][0x16][0x8a]y!d[0x9][0xd6][0xdb]R[0xf1][0x86][0xd6].[0xdd]Dq[0x9]([0xef]Dx[\r][0x6][0xc1][0x1][0x95][0x10]=U{[0xae][0xee][0xed]tD[0xb5][0xb6]E{[0xae]q[0x9c][0xc0][0xae][0xfa][0xc]wJ"n[0xee][0xae][0xd5][0x8f]i4[0xbb][0xa3][0xfa]][0x18][0xbf]{([0x7][0xbd][0xdd]F[0x1b]m[7[0xba][0x1d][0xfd][0x87][0x1f][0xca]5k[0x14][0x81][0xdd][0x9d][0x13][0xf0]O[0x9b][0xc2][0x88]F[0xe6][0xf2][0xf7]k[0xf1][0xd0][0x9b][0xaa]s[0x8a]L[0xd4][0x7]<[0x17][0x94]$[0xe8]^[0x85][0xdc]Z[0x5][0xb6][0x96][0xe5][0x14]=[0xad][0xa6][0x1c]V[0xb1]>[0x86][0xa8]a[0xbd][0xc9].K[0xa2][0xde]a[0x87]1qj*[0xec][0x5]D[\r]M[0xcf]1-[0xcf][0x9c][0x5][0x96][0xe9][0xfd][0x0]E[0xe2]sx[0xfd][0xb5]EB^[0xb6][0xf2][0x82][0x1b][0x9c]8[0x83][0x98]U[0xff][0xfd]:[0x3][0x4]M[0x96][0x88]$[0x8d][0x8][0xfa][0xaa][0xf0][0xfc]zQ[0xf6]y[0xbe][0x8d][0x89][0x10][0xed][0x1a]V[0xbb][0x17]@[[0xec][0x9d]k^[0xd7]s/[\n]"
18:09:11.599 [main] DEBUG org.apache.http.wire -- http-outgoing-5 << "[0x16]VzT8[0x8a]([0xfc]s[0xa3][0x4]RuJm[0x6][0x5][0x1a]j"2[0xe7][0x2]/[0xa1][0x7]6[0xde][0x8]X[0xe5][0xbc][0x8]c[0xd5]*[un}[0xa5]Y[0xd8][0xd6][0xc][0xaf][0xaf][0xca]![0xd0][0x8d][0xa0][0x19][0xd7][0xf5][0xb7]q[0xdd][0x99][0xd3][0xdd]e[0x15]>[0x1]E[0x81];[0xe0][0xff][0xbe][0x9e][0x85]nU[0xad][0xde][0xb6]%[0x1e][0xfc][0xdc][0xdc][0xfd][0xa4][0x19][0xa6]=[0xa0][0x8f][0x86]Y[0xb6][0xf3][0xd8][0x90]@[0xe5]C[0xda]4[0xd2][0xb0][0xbb]=3[0xee][0xb8]2 [0x87][0x9c][0xf3][0xc7][0x11][0x8][0xbf][0xc6][0x9]][0xe3][0x18]r[0x95];J[0xa3][0xcb][0x9]z[0x8c][0xdf][0xac]z8[0xc3][0xf6]TZ[0xeb]cJU[0xd1]HkV[0xab][0x84][0xc1][0x8b]'[0xef][0x94][0xaa][0x85]7X[0xb0][0xf6]@[0xaf]R-[0x9c][0xab][0xe1][0xd1]q[0xfe][0x2]E[0xdb]3[0xc7]1-[0xdf][0xb],7[0xf0].[0xad]][0xbb][0xed][0xfd]V[0xbd][0xf9][0x9a]z[0xf3]5\[0x2][0x9f][0x16]*[0xe0];[0xa9][0xb]^[0xef][0xc2][0xa7]4[0xc3][0xeb]]x[0xb4][0x9e]x[0xbd]w[0xe9]"[0xa1][0x1d]S[0x85],[0xd0]cN[0xf0]k5[0xaa][0x8f][0xcd][0x9a][0xeb]9[0xcc][0x93]0o[0x8a][0x96]*[0xd0][0x7]v[0xc1]R[0xc0])[0xb0]l[0x8f][0x17]r[0xae]:[0xe5][0xd5][0x4][0x93][0x9][0xb2] [0x2][0xaa][0xa9][0x13][0xf2]L[0x12] [0x8e][0x88]3[0x2]'[0xde][0x1]}[0xf2][0xac]N[0xde][0x8][0xf4][0xd9][0x8e][0xc6]m[0xa3][0xfb][0x12][0x1c][0xdf]k[0xda]H[0x9][0xce]_[0xb7][0xc9][0xbb][0xb9][0xbb][0xd3][0xc][0xd3][0x1b][0xa4]][0xeb][0xeb][\r]![0xf]W5[0x1][0xdf]z[0xe8][0xdd]>[0x8f][0xcf]%y[0xe0][0xe4][0xe8]f{[0xcb]"[0x82][0x19][0x17][0xe8][0xeb]:i[0xf5]^[0x90]r\[0x87][0xae]Z[0x7]D[0x88]G[0xd0][0xee]H[0xc8][0xb][0x14][0x8f][0x9][0xf4]7[0xde][0x1][0xb7][0xf5][0xc][0xfd]7[0xde][0x8a][0xb8][0xfd][0xe5][0xdb][0x87][0x86][0xaf][[0xb3]9q[0x8e][0x13]J*[0x91][0x91][0xf6][0xf0]0L[0xa8]dF[0xce]P9p[0x1]Zpg[0x8e]a[0xcc]l[0xc7][0x8]f[0xc1][0xa5][0xdd]@[0xdb]vv[0x0]K[0x9a][0x82][0xa5][0xf1]Z[0xe4]5[0xd6][0xec][0x2]P[0xbf][0xa1][0xef]w[0x93][0x80]6[0xdf]_[0xca][0xbe][0x92][0xe8][0x11][0xf2][0xdd];[0xe4]-Zgn[0x14][0xc8]w<;[0xf5])>[0x8c]9[0x94]([0xab]Bc,[0xa1]FyE[0xb0][0xd0][0xd1][0xfb][0x8d][0x18]-F[0xf3][0x84]@[0x90]t[0x81][0xe6]j}[0xb8]\5[0xb1]D[0xd0]&U[0xc8])H[0xfa][0xe1]([0x92][0xcd]#|[0xa3]wv[0xd3]([0x10]$[0xc1]/[0xb8]E[0xdf]o[0xc5][0x1]!5[0x19][0xf3][0x81]J[0x17][0xb6]n[0xdb];I[0x9b][0xf6]6[0x7][0xbf]q[0xb6][0xe7]<[0x87][0x7][0x2][0x8c],?[0x8e][0x9d]C[0xfd]m[0x95][0x98][0xf4]U[0x10][0x16]m];[0xdf]~[0xb9][0xd7]n[0xb9][0xd7]n>]k[0xa6][0xef][0xe]iLa[0xea][0xb6][0xbb][0xab]v[0xb1][0xed]yjvC[0xf9]Q][0xae]{[0xeb][0x9a][0xf]jLQ[0x1d]P+[0xe9][0xf9]#[0xbd][0xe4]c[0xca]}[0x9f][0xec])i[0xdb][0xe0][0xd8][0xce][0xa6][0xd1]j[0xc3][S[0x93][0xca]&[0xb2]][0xec]S5[0x91][0xed][0xa0][0x9e][0x93]q[0xfd] [0xaf][0xce]q[0xee]}[0xd7][0xb3]-[0xd3][0x99][0x99][0x81][0xe3]]\[0xa3][0xbc][0x89]2[0xef][0x14][0x9a]i[0xd1][0x14][0x96]i[0x15]<[0x1c]q[0xd4][0x1f][0xb0][0xe8][0xe1][0xc7][0xfc][0x1][0x8b][0xda][0xe7]X[0xd4]9[0x8d][0xe4][0x6][0xdc][0xa1][0xab][0x94],[0xd8]g[0xbc][0xeb][0xa4][0x80]oi[0x91][0xa2][0xdb][0xa2]][0x99][0xa3]e[0xde]k[0x1f]U][0x83][0x10][0x16]YK[0x16]P[0xcc][0xeb][0xb4]TPW[0x83]0[0x4]<[0x7][0xc4][0xa6]e%[0xcf]^[0x92]^[0x99][0x88]T[0xd3]\[0xca]#"X[0xc5]v5[0xb7]E[0x82][0xb2][0xa7][0x15]V*[0xb6]I[0xd2][0xaa]b[0xdb][o[0xe6][0xf6]u[0xb][0x84][0x92][0x80][0x86]I[0xd2][0x9e]N[0xb4][0xd9][0x1][0xdc][0xb5][0xc8][0xda][\n]"
18:09:11.600 [main] DEBUG org.apache.http.wire -- http-outgoing-5 << "[0xcd]>]k[0x86][0x13][0xc][0xc8] rw[0xda][0xbd][0xba][0xba]i6[0x85]:[0x8c][0xee]^[0x80][0x87][0x85]*F[0xb5]N[0xc6]Qo[0xda][0x9a][0x0]}R[0x13][3[0xa0]Go[0xe2][0xfc][0xa6][0xc0]u![0xb8][0xe8]Ow[0xc2]j[0xca][0xc0][0x8c]'[0xf3][0x1c][0xa1][0x8a][0x1b][0xc2]~[0xc3])e[0xe8]=[0x97][0xed][0x9d]7[0xe6][0xd5][0xc]}[0xa1]f[0x8c]_[0xb0][0xe0]\[0xa0][0xfb][0x86];3f[0xe6][0xcc]1[0x3][0xd7]s.[0xad][0xdd][0xd1]Z[0x1d][0xa6][0xf0][0x17][0xd7][0xf0][0xa8][0x85][0xc5]1[0x95][0xce]CW>Q[0xe8]i[0xe8]m[0xba],&[0xd7][0xd9][0xe7][0x8f][0xc7][0x82][0xa1][0xf][0x9]$$u[0x84][0xc4][0xf7]g[0xa9][0x98]4F![0xfc][0x8f][0x86]-fR[0xb3]G[0x7][0xde][0xa1][0x87][0x85][0x80][0xb4]$[0xb8]"W[0xc0][0x83][0x12][0x2]j[0x19]:[0xfa][\n]"
18:09:11.600 [main] DEBUG org.apache.http.wire -- http-outgoing-5 << "[0xb1][0xee]*[0xcb][0xa9]d[0x9c]_[0xff][0xb1][0xa9][0xc0][0x80][0xdc]([0x15][0xf9]X`[0x19]C[0x18]E[0xd5][0xca]q[0xfe][0xb4][0x9f][0xd2]T[0xb0][0xe5][0xe6]A6[0x91][0x8f][0x9e][0xa6][0x1d][0xc1]N*[0x13][0xa4]z[0xd5]q[0x8f]f[0xe8]{Mj[0xd3]h[0xbb]~3[0xe2]Qn[\n]"
18:09:11.600 [main] DEBUG org.apache.http.wire -- http-outgoing-5 << "=[0xc6]8"[[0xe3][0xe8][0xf1][0xd7][0xcf][0xda][0xfb][0xeb][0xc7][0xd2]8r[0x7]I[0x1][0xfa][0xba]k6[0x92]Q][0xa5]`[0xbb]%[0x93][0x1e][0xcd][0xda][0x83]z[0x87][0x8f][0x15][0xf3]>K>[0xff][0xdf]x[0x99][0xb3][0x8f][0x1e]([0xfc][0xa9]Z0[0xf0][0xb7]j[0x86][0x9e][0xa9][0x19][0xc3][0xed][0xa4][0xe3][0xc2][0xf2]m[0x9b][0xfc]eE[0x18]z[0xf][0x95][0xf2]m [0xcd]W[0x84][0xe9][0xb]5[0xfa][0x1d][0xed]#[0x9c]b[0x96][0xc7][0x18][0xdd]c[0x91]S[0xd6][0xca]x[0xb2][0x9a][0xa3][0xa7][0xd5][0x9c][0xef][0x1c][0xfe]>[0xb2]F[0xc2]p\[0xc3][0xb6][0x2][0xdf][0xf6][0x8d]K[0x97]3o[0x11][0xa1][0x2]aY0[0xad][0xfe][0xcd][0x11][0xe5][0x11]}[0xcb][0x1d]Q[0x19][0xd1][0xb7][0xdc][0xa9]E[0x11]}kw[0x90][0x8f]k[0xec]s[0xcf][0xb7][0x98][0xca][0xf6][0xf6][0x1b][0x8d][0xf1][0xd2]V[0xa9]U"[0xc0][0x1][0xc3]rZ%D[0xad]`B[0x9d][0x2][0xb][0x99][0x0]e[\n]"
18:09:11.600 [main] DEBUG org.apache.http.wire -- http-outgoing-5 << "[0xec]R[0x90][0x8][0xe2][0xe7][0x95][0x85]B[0xc4][0x92]3[0xe][0xbd][0x6]A[0xaa][0xa3]v[0xed])^[0xaa][0xc][0x96][0x14]?[0x11][0xe5][0x9f]C[0x99][0xc0][0xa1][0xea][0xb9][0xb1]Cl[0xa0]Mq[0x88][0x91][0xd2][0x13]n7T[0x8e]U[0xa3][0xfa]nk[0xa3][0xd8]G[0x89]b[0x80][0xad][0xe2][0x1a][0xc3][0xb4]f[0x9b]=[0xa2][0xdc][0x9d][0x90]:[0x94]>[0xfc]8][0x0][0xcf][0xd2][0xdf][0xb4]n[0x15][0xd1][0xd9][0x19][0xb6]j[0x15][0xf1]v_[0xd8][0xdd]<[0xd5][0xd3][0xa5]]G8[0xf9][0x9f]-[0xcb][0xeb][0x1]S[0x99][0x90]5[0xba]i[0xcf][0xf0][0xca][0xca]a}[0xde][0x9a][0xdd]u[0xb2]=b\@[0xf][0xc3]4-'p[0xbd][0xc0][0xb5][0x8c]K[0x7][0xd6][0xbb][0x8f][0xf3][\n]"
18:09:11.600 [main] DEBUG org.apache.http.wire -- http-outgoing-5 << "[0xd9][0xce]"[0x86][0xd1]X[0xbe]30[0xed][0xbd]Bj[0xf0]X[0xfd]U[0xa2][0xf]|[0xc5][0xfa][0x0][0xbb]1M[0xe1]6[0xab][0xb2][0x94][0xf2][0xea][0xd4][0x9f]V[0x89][0xa3][0x90][0xe0][0xc4][0x96]h[0xc9]W[0xac][0xca][0x91][0xc5]-[0x8e]$[0x88][0x99][0xfc]U[0xaa]&~$,C[0xdd][\n]"
18:09:11.600 [main] DEBUG org.apache.http.wire -- http-outgoing-5 << "l[0x12][0xb5]@^[0xe6][0xd1][0xca][0x8c][0x84][0xc0][0x7]<[0xc][0xb1][0x82][0xbc])"/[0x85][0xca][0xa4][0xda][0xb][0xaf][0xd4][0x88][0xbe][0x9f]1U[0xb9][0xe3]"[0xe5][0xdd][0xdf][0x89]~[0xf7][0xe2][0xf8]^[0xd7][0xef]m[0xe6][0xac][0xd5]p6[0x85][0x9][0xcf]A[0xb1]c2[0x9d][0xc0][0xc3]6[0x0][0x1c][0xc2]'5[0x80][0x9b][0x9e]7 )j716P[0xfd]6[0xb6][0x9a]F==[0xfe][0x8e][0x8a][0x9f][0x9c]P[0xae]v[0xa6]z[0xe4];e[0x19][0xbc]O[0x8]|[0xab][[0xe3][0xe1][0xca]0XT[0x13][0x86]W#[0xd7][0x1e][0xb1][0xd3][0xaa][0xc3][0xfe]V$[0xd0]x[0xfc]3Y[0xe5][0xad]i[[0xbf][0xa9]q[0x9d][0xa9][0xf1][0x3][0x11][0xfc][0xb4][0x9d]=[0xe2][0xe7]RG[0xef][0x3]O;L[0x81]r[0x82][0xbe][0x84][0x9][0xa3][0x96]B[0xb8][0xe7]7[0x1][0x8c][0x99]m[0xd8][0xce][0xcc]0m[0xd7][0xfd]N[0xb1][0x92][\n]"
18:09:11.600 [main] DEBUG org.apache.http.wire -- http-outgoing-5 << ";jt-aP[0x83]7[0xfe][0xf8]PI[0xcf][0x9a]GGJz[0xd6]<:P[0xd2][0xb3][0xe6]8q[0x92][0x9e][0x1b]t0[0x98][0xdf][0xcc][0xef][0x5][0xe0][0xf9]KEP[0xb7]1[0x1]oVLE[0xde]Ac[0xed][0x93]_[0x7]L[0x9a][0xa9][0x2]%[0xe9]I5[0xb1][0xe9][0xfb][0xaa]}d[0xa1]Z(S[0xe5][0x1d]LG[0xf7][0x1b][0xd5][0xbe][0x9d]~[0x1a][0xb]HE[0xf]+[0xce]{[0x1d][0x83][0xa9][0x12][0xf]J[0xd5][0xbe][0x94]j[0x15][0x13]nho[0xbf] [0xa4][0x8c]0Q[0x91][0xf]s[0x87][0x99][0xae][0x8a][0xcd][0xb7][0x12][0x9a]R[0xc6]zMh[0x8d][0xc7]nu[0x89][0xed][0xe5][0xb][0xdc][0xdf][0xd5].[0xb1]_5[0xc3]of[0x1];[0xdd][0xf5][0xd9]N[0xb0]#[0xe3][0xe7]5d[0xfc]|}[0xd6][0xd7][0xb8][0xfc][0xc0]R[0x10][sGq[0x8b][0x8d]m[0x1b]|[0xe2]K[0xcc][0xd0]'[0xd2][0xe6][0xb]K`LOH[0xbf][0x17]ll][0xdb]bh'[0xb0][0xee][0xd8][0xd3][0x1f][0xe5][0xe8][0x9b][0xbb][0x1a];#m[0x8c][0x8][0xcf][0xc9]zO[0x17][0x8][0x9f]x[0xa6][0xe3][0xcf]<gf[0x80][0xcd]r[0xe9]r[0x8f]-[0xa6][0xbc][0x9b]'[0x5][0x81][0xa8][0xb5][0xc2]d[0x5]p[0xe5][0xc8]1M2[0x86],{D[0xb3][0xa6]![0xcb][0x1e][0xce]z[0x83][0x96]=[0x91][0xf8][0x6][0xdd]c[0x9f][0xfb][0xe0]f<[0xc7][0x9]$[0x84][0x1]v?[0xd1]lreL'[0x9]M)h[0xa5][0x1a][0xfe]?[0xa0]1[0xeb][0xc][0x19][0xbb][0x0][0x0][\r][\n]"
18:09:11.600 [main] DEBUG org.apache.http.impl.conn.DefaultManagedHttpClientConnection -- http-outgoing-5: Close connection
18:09:11.600 [main] DEBUG org.apache.http.impl.execchain.MainClientExec -- Connection discarded
18:09:11.601 [main] DEBUG org.apache.http.impl.conn.PoolingHttpClientConnectionManager -- Connection released: [id: 5][route: {s}->https://dummyjson.com:443][total available: 0; route allocated: 0 of 5; total allocated: 0 of 10]
18:09:11.601 [main] DEBUG org.apache.http.impl.conn.PoolingHttpClientConnectionManager -- Connection manager is shutting down
18:09:11.601 [main] DEBUG org.apache.http.impl.conn.PoolingHttpClientConnectionManager -- Connection manager shut down
18:09:11.601 [main] DEBUG com.intuit.karate -- response time in milliseconds: 85
1 < 200
1 < Access-Control-Allow-Origin: *
1 < Content-Type: application/json; charset=utf-8
1 < Date: Wed, 23 Jul 2025 11:09:11 GMT
1 < Etag: W/"bb19-WvfGDU1qnETYvaDH9O+xwBDBd50"
1 < Server: railway-edge
1 < Strict-Transport-Security: max-age=15552000; includeSubDomains
1 < Vary: Accept-Encoding
1 < X-Content-Type-Options: nosniff
1 < X-Dns-Prefetch-Control: off
1 < X-Download-Options: noopen
1 < X-Frame-Options: SAMEORIGIN
1 < X-Powered-By: Cats on Keyboards
1 < X-Railway-Edge: railway/asia-southeast1-eqsg3a
1 < X-Railway-Request-Id: B66UMT6USGCMVrz3AQeqjw
1 < X-Ratelimit-Limit: 100
1 < X-Ratelimit-Remaining: 95
1 < X-Ratelimit-Reset: 1753268959
1 < X-Xss-Protection: 1; mode=block
1 < Transfer-Encoding: chunked
{"products":[{"id":167,"title":"300 Touring","description":"The 300 Touring is a stylish and comfortable sedan, known for its luxurious features and smooth performance.","category":"vehicle","price":28999.99,"discountPercentage":3.98,"rating":4.05,"stock":54,"tags":["sedans","vehicles"],"brand":"Chrysler","sku":"VEH-CHR-TOU-167","weight":9,"dimensions":{"width":19.2,"height":26.17,"depth":17.28},"warrantyInformation":"3 year warranty","shippingInformation":"Ships in 2 weeks","availabilityStatus":"In Stock","reviews":[{"rating":4,"comment":"Very pleased!","date":"2025-04-30T09:41:02.054Z","reviewerName":"Luna Russell","reviewerEmail":"luna.russell@x.dummyjson.com"},{"rating":5,"comment":"Great product!","date":"2025-04-30T09:41:02.054Z","reviewerName":"Harper Garcia","reviewerEmail":"harper.garcia@x.dummyjson.com"},{"rating":2,"comment":"Not as described!","date":"2025-04-30T09:41:02.054Z","reviewerName":"Harper Turner","reviewerEmail":"harper.turner@x.dummyjson.com"}],"returnPolicy":"30 days return policy","minimumOrderQuantity":1,"meta":{"createdAt":"2025-04-30T09:41:02.054Z","updatedAt":"2025-04-30T09:41:02.054Z","barcode":"6337799339397","qrCode":"https://cdn.dummyjson.com/public/qr-code.png"},"images":["https://cdn.dummyjson.com/product-images/vehicle/300-touring/1.webp","https://cdn.dummyjson.com/product-images/vehicle/300-touring/2.webp","https://cdn.dummyjson.com/product-images/vehicle/300-touring/3.webp","https://cdn.dummyjson.com/product-images/vehicle/300-touring/4.webp","https://cdn.dummyjson.com/product-images/vehicle/300-touring/5.webp","https://cdn.dummyjson.com/product-images/vehicle/300-touring/6.webp"],"thumbnail":"https://cdn.dummyjson.com/product-images/vehicle/300-touring/thumbnail.webp"},{"id":99,"title":"Amazon Echo Plus","description":"The Amazon Echo Plus is a smart speaker with built-in Alexa voice control. It features premium sound quality and serves as a hub for controlling smart home devices.","category":"mobile-accessories","price":99.99,"discountPercentage":12.07,"rating":4.99,"stock":61,"tags":["electronics","smart speakers"],"brand":"Amazon","sku":"MOB-AMA-AMA-099","weight":5,"dimensions":{"width":12.68,"height":15.24,"depth":27.46},"warrantyInformation":"6 months warranty","shippingInformation":"Ships in 1 week","availabilityStatus":"In Stock","reviews":[{"rating":2,"comment":"Would not recommend!","date":"2025-04-30T09:41:02.053Z","reviewerName":"Chloe Morales","reviewerEmail":"chloe.morales@x.dummyjson.com"},{"rating":3,"comment":"Very disappointed!","date":"2025-04-30T09:41:02.053Z","reviewerName":"Mateo Perez","reviewerEmail":"mateo.perez@x.dummyjson.com"},{"rating":4,"comment":"Fast shipping!","date":"2025-04-30T09:41:02.053Z","reviewerName":"Evelyn Walker","reviewerEmail":"evelyn.walker@x.dummyjson.com"}],"returnPolicy":"7 days return policy","minimumOrderQuantity":9,"meta":{"createdAt":"2025-04-30T09:41:02.053Z","updatedAt":"2025-04-30T09:41:02.053Z","barcode":"2256117192038","qrCode":"https://cdn.dummyjson.com/public/qr-code.png"},"images":["https://cdn.dummyjson.com/product-images/mobile-accessories/amazon-echo-plus/1.webp","https://cdn.dummyjson.com/product-images/mobile-accessories/amazon-echo-plus/2.webp"],"thumbnail":"https://cdn.dummyjson.com/product-images/mobile-accessories/amazon-echo-plus/thumbnail.webp"},{"id":137,"title":"American Football","description":"The American Football is a classic ball used in American football games. It is designed for throwing and catching, making it an essential piece of equipment for the sport.","category":"sports-accessories","price":19.99,"discountPercentage":4.93,"rating":4.91,"stock":53,"tags":["sports equipment","american football"],"sku":"SPO-BRD-AME-137","weight":2,"dimensions":{"width":6.88,"height":5.82,"depth":21.96},"warrantyInformation":"6 months warranty","shippingInformation":"Ships in 1 month","availabilityStatus":"In Stock","reviews":[{"rating":4,"comment":"Awesome product!","date":"2025-04-30T09:41:02.054Z","reviewerName":"Scarlett Bowman","reviewerEmail":"scarlett.bowman@x.dummyjson.com"},{"rating":4,"comment":"Would buy again!","date":"2025-04-30T09:41:02.054Z","reviewerName":"Tristan Scott","reviewerEmail":"tristan.scott@x.dummyjson.com"},{"rating":4,"comment":"Very pleased!","date":"2025-04-30T09:41:02.054Z","reviewerName":"Eleanor Tyler","reviewerEmail":"eleanor.tyler@x.dummyjson.com"}],"returnPolicy":"90 days return policy","minimumOrderQuantity":1,"meta":{"createdAt":"2025-04-30T09:41:02.054Z","updatedAt":"2025-04-30T09:41:02.054Z","barcode":"0984311727547","qrCode":"https://cdn.dummyjson.com/public/qr-code.png"},"images":["https://cdn.dummyjson.com/product-images/sports-accessories/american-football/1.webp"],"thumbnail":"https://cdn.dummyjson.com/product-images/sports-accessories/american-football/thumbnail.webp"},{"id":11,"title":"Annibale Colombo Bed","description":"The Annibale Colombo Bed is a luxurious and elegant bed frame, crafted with high-quality materials for a comfortable and stylish bedroom.","category":"furniture","price":1899.99,"discountPercentage":8.57,"rating":4.77,"stock":88,"tags":["furniture","beds"],"brand":"Annibale Colombo","sku":"FUR-ANN-ANN-011","weight":10,"dimensions":{"width":28.16,"height":25.36,"depth":17.28},"warrantyInformation":"1 year warranty","shippingInformation":"Ships in 1 month","availabilityStatus":"In Stock","reviews":[{"rating":2,"comment":"Would not recommend!","date":"2025-04-30T09:41:02.053Z","reviewerName":"Christopher West","reviewerEmail":"christopher.west@x.dummyjson.com"},{"rating":4,"comment":"Highly impressed!","date":"2025-04-30T09:41:02.053Z","reviewerName":"Vivian Carter","reviewerEmail":"vivian.carter@x.dummyjson.com"},{"rating":1,"comment":"Poor quality!","date":"2025-04-30T09:41:02.053Z","reviewerName":"Mason Wright","reviewerEmail":"mason.wright@x.dummyjson.com"}],"returnPolicy":"No return policy","minimumOrderQuantity":1,"meta":{"createdAt":"2025-04-30T09:41:02.053Z","updatedAt":"2025-04-30T09:41:02.053Z","barcode":"3610757456581","qrCode":"https://cdn.dummyjson.com/public/qr-code.png"},"images":["https://cdn.dummyjson.com/product-images/furniture/annibale-colombo-bed/1.webp","https://cdn.dummyjson.com/product-images/furniture/annibale-colombo-bed/2.webp","https://cdn.dummyjson.com/product-images/furniture/annibale-colombo-bed/3.webp"],"thumbnail":"https://cdn.dummyjson.com/product-images/furniture/annibale-colombo-bed/thumbnail.webp"},{"id":12,"title":"Annibale Colombo Sofa","description":"The Annibale Colombo Sofa is a sophisticated and comfortable seating option, featuring exquisite design and premium upholstery for your living room.","category":"furniture","price":2499.99,"discountPercentage":14.4,"rating":3.92,"stock":60,"tags":["furniture","sofas"],"brand":"Annibale Colombo","sku":"FUR-ANN-ANN-012","weight":6,"dimensions":{"width":12.75,"height":20.55,"depth":19.06},"warrantyInformation":"Lifetime warranty","shippingInformation":"Ships in 1 week","availabilityStatus":"In Stock","reviews":[{"rating":3,"comment":"Very unhappy with my purchase!","date":"2025-04-30T09:41:02.053Z","reviewerName":"Christian Perez","reviewerEmail":"christian.perez@x.dummyjson.com"},{"rating":5,"comment":"Fast shipping!","date":"2025-04-30T09:41:02.053Z","reviewerName":"Lillian Bishop","reviewerEmail":"lillian.bishop@x.dummyjson.com"},{"rating":1,"comment":"Poor quality!","date":"2025-04-30T09:41:02.053Z","reviewerName":"Lillian Simmons","reviewerEmail":"lillian.simmons@x.dummyjson.com"}],"returnPolicy":"7 days return policy","minimumOrderQuantity":1,"meta":{"createdAt":"2025-04-30T09:41:02.053Z","updatedAt":"2025-04-30T09:41:02.053Z","barcode":"1777662847736","qrCode":"https://cdn.dummyjson.com/public/qr-code.png"},"images":["https://cdn.dummyjson.com/product-images/furniture/annibale-colombo-sofa/1.webp","https://cdn.dummyjson.com/product-images/furniture/annibale-colombo-sofa/2.webp","https://cdn.dummyjson.com/product-images/furniture/annibale-colombo-sofa/3.webp"],"thumbnail":"https://cdn.dummyjson.com/product-images/furniture/annibale-colombo-sofa/thumbnail.webp"},{"id":16,"title":"Apple","description":"Fresh and crisp apples, perfect for snacking or incorporating into various recipes.","category":"groceries","price":1.99,"discountPercentage":12.62,"rating":4.19,"stock":8,"tags":["fruits"],"sku":"GRO-BRD-APP-016","weight":9,"dimensions":{"width":13.66,"height":11.01,"depth":9.73},"warrantyInformation":"3 year warranty","shippingInformation":"Ships in 2 weeks","availabilityStatus":"In Stock","reviews":[{"rating":5,"comment":"Very satisfied!","date":"2025-04-30T09:41:02.053Z","reviewerName":"Sophia Brown","reviewerEmail":"sophia.brown@x.dummyjson.com"},{"rating":1,"comment":"Very dissatisfied!","date":"2025-04-30T09:41:02.053Z","reviewerName":"Scarlett Bowman","reviewerEmail":"scarlett.bowman@x.dummyjson.com"},{"rating":3,"comment":"Very unhappy with my purchase!","date":"2025-04-30T09:41:02.053Z","reviewerName":"William Gonzalez","reviewerEmail":"william.gonzalez@x.dummyjson.com"}],"returnPolicy":"90 days return policy","minimumOrderQuantity":7,"meta":{"createdAt":"2025-04-30T09:41:02.053Z","updatedAt":"2025-04-30T09:41:02.053Z","barcode":"7962803553314","qrCode":"https://cdn.dummyjson.com/public/qr-code.png"},"images":["https://cdn.dummyjson.com/product-images/groceries/apple/1.webp"],"thumbnail":"https://cdn.dummyjson.com/product-images/groceries/apple/thumbnail.webp"},{"id":101,"title":"Apple AirPods Max Silver","description":"The Apple AirPods Max in Silver are premium over-ear headphones with high-fidelity audio, adaptive EQ, and active noise cancellation. Experience immersive sound in style.","category":"mobile-accessories","price":549.99,"discountPercentage":13.67,"rating":3.47,"stock":59,"tags":["electronics","over-ear headphones"],"brand":"Apple","sku":"MOB-APP-APP-101","weight":2,"dimensions":{"width":24.88,"height":14.9,"depth":27.54},"warrantyInformation":"No warranty","shippingInformation":"Ships in 2 weeks","availabilityStatus":"In Stock","reviews":[{"rating":5,"comment":"Excellent quality!","date":"2025-04-30T09:41:02.053Z","reviewerName":"Henry Adams","reviewerEmail":"henry.adams@x.dummyjson.com"},{"rating":4,"comment":"Very happy with my purchase!","date":"2025-04-30T09:41:02.053Z","reviewerName":"Elijah Cruz","reviewerEmail":"elijah.cruz@x.dummyjson.com"},{"rating":4,"comment":"Would buy again!","date":"2025-04-30T09:41:02.053Z","reviewerName":"William Lopez","reviewerEmail":"william.lopez@x.dummyjson.com"}],"returnPolicy":"No return policy","minimumOrderQuantity":1,"meta":{"createdAt":"2025-04-30T09:41:02.053Z","updatedAt":"2025-04-30T09:41:02.053Z","barcode":"4062176053732","qrCode":"https://cdn.dummyjson.com/public/qr-code.png"},"images":["https://cdn.dummyjson.com/product-images/mobile-accessories/apple-airpods-max-silver/1.webp"],"thumbnail":"https://cdn.dummyjson.com/product-images/mobile-accessories/apple-airpods-max-silver/thumbnail.webp"},{"id":100,"title":"Apple Airpods","description":"The Apple Airpods offer a seamless wireless audio experience. With easy pairing, high-quality sound, and Siri integration, they are perfect for on-the-go listening.","category":"mobile-accessories","price":129.99,"discountPercentage":15.54,"rating":4.15,"stock":67,"tags":["electronics","wireless earphones"],"brand":"Apple","sku":"MOB-APP-APP-100","weight":4,"dimensions":{"width":25.79,"height":18.38,"depth":11.53},"warrantyInformation":"3 year warranty","shippingInformation":"Ships in 3-5 business days","availabilityStatus":"In Stock","reviews":[{"rating":3,"comment":"Would not buy again!","date":"2025-04-30T09:41:02.053Z","reviewerName":"Christopher West","reviewerEmail":"christopher.west@x.dummyjson.com"},{"rating":5,"comment":"Great product!","date":"2025-04-30T09:41:02.053Z","reviewerName":"Emma Wilson","reviewerEmail":"emma.wilson@x.dummyjson.com"},{"rating":4,"comment":"Excellent quality!","date":"2025-04-30T09:41:02.053Z","reviewerName":"Xavier Wright","reviewerEmail":"xavier.wright@x.dummyjson.com"}],"returnPolicy":"No return policy","minimumOrderQuantity":4,"meta":{"createdAt":"2025-04-30T09:41:02.053Z","updatedAt":"2025-04-30T09:41:02.053Z","barcode":"1104115683955","qrCode":"https://cdn.dummyjson.com/public/qr-code.png"},"images":["https://cdn.dummyjson.com/product-images/mobile-accessories/apple-airpods/1.webp","https://cdn.dummyjson.com/product-images/mobile-accessories/apple-airpods/2.webp","https://cdn.dummyjson.com/product-images/mobile-accessories/apple-airpods/3.webp"],"thumbnail":"https://cdn.dummyjson.com/product-images/mobile-accessories/apple-airpods/thumbnail.webp"},{"id":102,"title":"Apple Airpower Wireless Charger","description":"The Apple AirPower Wireless Charger provides a convenient way to charge your compatible Apple devices wirelessly. Simply place your devices on the charging mat for effortless charging.","category":"mobile-accessories","price":79.99,"discountPercentage":4.48,"rating":3.68,"stock":1,"tags":["electronics","wireless chargers"],"brand":"Apple","sku":"MOB-APP-APP-102","weight":5,"dimensions":{"width":25.25,"height":25.44,"depth":10.98},"warrantyInformation":"2 year warranty","shippingInformation":"Ships in 1 week","availabilityStatus":"Low Stock","reviews":[{"rating":5,"comment":"Would buy again!","date":"2025-04-30T09:41:02.053Z","reviewerName":"Christian Perez","reviewerEmail":"christian.perez@x.dummyjson.com"},{"rating":4,"comment":"Awesome product!","date":"2025-04-30T09:41:02.053Z","reviewerName":"Ruby Andrews","reviewerEmail":"ruby.andrews@x.dummyjson.com"},{"rating":3,"comment":"Not worth the price!","date":"2025-04-30T09:41:02.053Z","reviewerName":"Harper Turner","reviewerEmail":"harper.turner@x.dummyjson.com"}],"returnPolicy":"90 days return policy","minimumOrderQuantity":7,"meta":{"createdAt":"2025-04-30T09:41:02.053Z","updatedAt":"2025-04-30T09:41:02.053Z","barcode":"3323662242939","qrCode":"https://cdn.dummyjson.com/public/qr-code.png"},"images":["https://cdn.dummyjson.com/product-images/mobile-accessories/apple-airpower-wireless-charger/1.webp"],"thumbnail":"https://cdn.dummyjson.com/product-images/mobile-accessories/apple-airpower-wireless-charger/thumbnail.webp"},{"id":103,"title":"Apple HomePod Mini Cosmic Grey","description":"The Apple HomePod Mini in Cosmic Grey is a compact smart speaker that delivers impressive audio and integrates seamlessly with the Apple ecosystem for a smart home experience.","category":"mobile-accessories","price":99.99,"discountPercentage":18.1,"rating":4.62,"stock":27,"tags":["electronics","smart speakers"],"brand":"Apple","sku":"MOB-APP-APP-103","weight":10,"dimensions":{"width":16.02,"height":29.2,"depth":19.81},"warrantyInformation":"3 months warranty","shippingInformation":"Ships in 1 month","availabilityStatus":"In Stock","reviews":[{"rating":5,"comment":"Great product!","date":"2025-04-30T09:41:02.053Z","reviewerName":"Max Russell","reviewerEmail":"max.russell@x.dummyjson.com"},{"rating":3,"comment":"Would not buy again!","date":"2025-04-30T09:41:02.053Z","reviewerName":"Isaac Lawrence","reviewerEmail":"isaac.lawrence@x.dummyjson.com"},{"rating":4,"comment":"Very pleased!","date":"2025-04-30T09:41:02.053Z","reviewerName":"Avery Carter","reviewerEmail":"avery.carter@x.dummyjson.com"}],"returnPolicy":"90 days return policy","minimumOrderQuantity":8,"meta":{"createdAt":"2025-04-30T09:41:02.053Z","updatedAt":"2025-04-30T09:41:02.053Z","barcode":"6135642608024","qrCode":"https://cdn.dummyjson.com/public/qr-code.png"},"images":["https://cdn.dummyjson.com/product-images/mobile-accessories/apple-homepod-mini-cosmic-grey/1.webp"],"thumbnail":"https://cdn.dummyjson.com/product-images/mobile-accessories/apple-homepod-mini-cosmic-grey/thumbnail.webp"},{"id":78,"title":"Apple MacBook Pro 14 Inch Space Grey","description":"The MacBook Pro 14 Inch in Space Grey is a powerful and sleek laptop, featuring Apple's M1 Pro chip for exceptional performance and a stunning Retina display.","category":"laptops","price":1999.99,"discountPercentage":4.69,"rating":3.65,"stock":24,"tags":["laptops","apple"],"brand":"Apple","sku":"LAP-APP-APP-078","weight":9,"dimensions":{"width":20.03,"height":9.54,"depth":14.82},"warrantyInformation":"3 year warranty","shippingInformation":"Ships in 2 weeks","availabilityStatus":"In Stock","reviews":[{"rating":5,"comment":"Very happy with my purchase!","date":"2025-04-30T09:41:02.053Z","reviewerName":"Hazel Evans","reviewerEmail":"hazel.evans@x.dummyjson.com"},{"rating":5,"comment":"Very happy with my purchase!","date":"2025-04-30T09:41:02.053Z","reviewerName":"Christopher West","reviewerEmail":"christopher.west@x.dummyjson.com"},{"rating":4,"comment":"Very satisfied!","date":"2025-04-30T09:41:02.053Z","reviewerName":"Aubrey Garcia","reviewerEmail":"aubrey.garcia@x.dummyjson.com"}],"returnPolicy":"90 days return policy","minimumOrderQuantity":1,"meta":{"createdAt":"2025-04-30T09:41:02.053Z","updatedAt":"2025-04-30T09:41:02.053Z","barcode":"5275211560367","qrCode":"https://cdn.dummyjson.com/public/qr-code.png"},"images":["https://cdn.dummyjson.com/product-images/laptops/apple-macbook-pro-14-inch-space-grey/1.webp","https://cdn.dummyjson.com/product-images/laptops/apple-macbook-pro-14-inch-space-grey/2.webp","https://cdn.dummyjson.com/product-images/laptops/apple-macbook-pro-14-inch-space-grey/3.webp"],"thumbnail":"https://cdn.dummyjson.com/product-images/laptops/apple-macbook-pro-14-inch-space-grey/thumbnail.webp"},{"id":105,"title":"Apple MagSafe Battery Pack","description":"The Apple MagSafe Battery Pack is a portable and convenient way to add extra battery life to your MagSafe-compatible iPhone. Attach it magnetically for a secure connection.","category":"mobile-accessories","price":99.99,"discountPercentage":17.17,"rating":3.62,"stock":1,"tags":["electronics","power banks"],"brand":"Apple","sku":"MOB-APP-APP-105","weight":6,"dimensions":{"width":15.4,"height":11.89,"depth":19.67},"warrantyInformation":"2 year warranty","shippingInformation":"Ships overnight","availabilityStatus":"Low Stock","reviews":[{"rating":2,"comment":"Would not recommend!","date":"2025-04-30T09:41:02.053Z","reviewerName":"Stella Morris","reviewerEmail":"stella.morris@x.dummyjson.com"},{"rating":2,"comment":"Not as described!","date":"2025-04-30T09:41:02.053Z","reviewerName":"Henry Adams","reviewerEmail":"henry.adams@x.dummyjson.com"},{"rating":5,"comment":"Fast shipping!","date":"2025-04-30T09:41:02.053Z","reviewerName":"Cameron Burke","reviewerEmail":"cameron.burke@x.dummyjson.com"}],"returnPolicy":"No return policy","minimumOrderQuantity":4,"meta":{"createdAt":"2025-04-30T09:41:02.053Z","updatedAt":"2025-04-30T09:41:02.053Z","barcode":"5157424897794","qrCode":"https://cdn.dummyjson.com/public/qr-code.png"},"images":["https://cdn.dummyjson.com/product-images/mobile-accessories/apple-magsafe-battery-pack/1.webp","https://cdn.dummyjson.com/product-images/mobile-accessories/apple-magsafe-battery-pack/2.webp"],"thumbnail":"https://cdn.dummyjson.com/product-images/mobile-accessories/apple-magsafe-battery-pack/thumbnail.webp"},{"id":106,"title":"Apple Watch Series 4 Gold","description":"The Apple Watch Series 4 in Gold is a stylish and advanced smartwatch with features like heart rate monitoring, fitness tracking, and a beautiful Retina display.","category":"mobile-accessories","price":349.99,"discountPercentage":12.02,"rating":2.74,"stock":33,"tags":["electronics","smartwatches"],"brand":"Apple","sku":"MOB-APP-APP-106","weight":6,"dimensions":{"width":27.69,"height":28.03,"depth":7.11},"warrantyInformation":"6 months warranty","shippingInformation":"Ships in 1 month","availabilityStatus":"In Stock","reviews":[{"rating":3,"comment":"Very unhappy with my purchase!","date":"2025-04-30T09:41:02.053Z","reviewerName":"Chloe Morales","reviewerEmail":"chloe.morales@x.dummyjson.com"},{"rating":4,"comment":"Fast shipping!","date":"2025-04-30T09:41:02.053Z","reviewerName":"Ava Harrison","reviewerEmail":"ava.harrison@x.dummyjson.com"},{"rating":4,"comment":"Would buy again!","date":"2025-04-30T09:41:02.053Z","reviewerName":"Nicholas Bailey","reviewerEmail":"nicholas.bailey@x.dummyjson.com"}],"returnPolicy":"No return policy","minimumOrderQuantity":3,"meta":{"createdAt":"2025-04-30T09:41:02.053Z","updatedAt":"2025-04-30T09:41:02.053Z","barcode":"3921248718888","qrCode":"https://cdn.dummyjson.com/public/qr-code.png"},"images":["https://cdn.dummyjson.com/product-images/mobile-accessories/apple-watch-series-4-gold/1.webp","https://cdn.dummyjson.com/product-images/mobile-accessories/apple-watch-series-4-gold/2.webp","https://cdn.dummyjson.com/product-images/mobile-accessories/apple-watch-series-4-gold/3.webp"],"thumbnail":"https://cdn.dummyjson.com/product-images/mobile-accessories/apple-watch-series-4-gold/thumbnail.webp"},{"id":104,"title":"Apple iPhone Charger","description":"The Apple iPhone Charger is a high-quality charger designed for fast and efficient charging of your iPhone. Ensure your device stays powered up and ready to go.","category":"mobile-accessories","price":19.99,"discountPercentage":18.52,"rating":4.15,"stock":31,"tags":["electronics","chargers"],"brand":"Apple","sku":"MOB-APP-APP-104","weight":1,"dimensions":{"width":13.63,"height":26.25,"depth":5.95},"warrantyInformation":"1 year warranty","shippingInformation":"Ships in 2 weeks","availabilityStatus":"In Stock","reviews":[{"rating":1,"comment":"Very disappointed!","date":"2025-04-30T09:41:02.053Z","reviewerName":"Sadie Morales","reviewerEmail":"sadie.morales@x.dummyjson.com"},{"rating":5,"comment":"Great product!","date":"2025-04-30T09:41:02.053Z","reviewerName":"Lily Torres","reviewerEmail":"lily.torres@x.dummyjson.com"},{"rating":2,"comment":"Waste of money!","date":"2025-04-30T09:41:02.053Z","reviewerName":"Luke Cooper","reviewerEmail":"luke.cooper@x.dummyjson.com"}],"returnPolicy":"90 days return policy","minimumOrderQuantity":14,"meta":{"createdAt":"2025-04-30T09:41:02.053Z","updatedAt":"2025-04-30T09:41:02.053Z","barcode":"0879776541417","qrCode":"https://cdn.dummyjson.com/public/qr-code.png"},"images":["https://cdn.dummyjson.com/product-images/mobile-accessories/apple-iphone-charger/1.webp","https://cdn.dummyjson.com/product-images/mobile-accessories/apple-iphone-charger/2.webp"],"thumbnail":"https://cdn.dummyjson.com/product-images/mobile-accessories/apple-iphone-charger/thumbnail.webp"},{"id":79,"title":"Asus Zenbook Pro Dual Screen Laptop","description":"The Asus Zenbook Pro Dual Screen Laptop is a high-performance device with dual screens, providing productivity and versatility for creative professionals.","category":"laptops","price":1799.99,"discountPercentage":11.14,"rating":3.95,"stock":45,"tags":["laptops"],"brand":"Asus","sku":"LAP-ASU-ASU-079","weight":9,"dimensions":{"width":16.6,"height":11.49,"depth":10.89},"warrantyInformation":"3 year warranty","shippingInformation":"Ships in 1 month","availabilityStatus":"In Stock","reviews":[{"rating":4,"comment":"Very happy with my purchase!","date":"2025-04-30T09:41:02.053Z","reviewerName":"Michael Johnson","reviewerEmail":"michael.johnson@x.dummyjson.com"},{"rating":5,"comment":"Highly recommended!","date":"2025-04-30T09:41:02.053Z","reviewerName":"Zoe Bennett","reviewerEmail":"zoe.bennett@x.dummyjson.com"},{"rating":4,"comment":"Very satisfied!","date":"2025-04-30T09:41:02.053Z","reviewerName":"Mila Hernandez","reviewerEmail":"mila.hernandez@x.dummyjson.com"}],"returnPolicy":"7 days return policy","minimumOrderQuantity":1,"meta":{"createdAt":"2025-04-30T09:41:02.053Z","updatedAt":"2025-04-30T09:41:02.053Z","barcode":"7392988535158","qrCode":"https://cdn.dummyjson.com/public/qr-code.png"},"images":["https://cdn.dummyjson.com/product-images/laptops/asus-zenbook-pro-dual-screen-laptop/1.webp","https://cdn.dummyjson.com/product-images/laptops/asus-zenbook-pro-dual-screen-laptop/2.webp","https://cdn.dummyjson.com/product-images/laptops/asus-zenbook-pro-dual-screen-laptop/3.webp"],"thumbnail":"https://cdn.dummyjson.com/product-images/laptops/asus-zenbook-pro-dual-screen-laptop/thumbnail.webp"},{"id":118,"title":"Attitude Super Leaves Hand Soap","description":"Attitude Super Leaves Hand Soap is a natural and nourishing hand soap enriched with the goodness of super leaves. It cleanses and moisturizes your hands, leaving them feeling fresh and soft.","category":"skin-care","price":8.99,"discountPercentage":18.49,"rating":3.19,"stock":94,"tags":["personal care","hand soap"],"brand":"Attitude","sku":"SKI-ATT-ATT-118","weight":1,"dimensions":{"width":14.05,"height":8.3,"depth":16.62},"warrantyInformation":"6 months warranty","shippingInformation":"Ships overnight","availabilityStatus":"In Stock","reviews":[{"rating":5,"comment":"Very satisfied!","date":"2025-04-30T09:41:02.053Z","reviewerName":"Liam Garcia","reviewerEmail":"liam.garcia@x.dummyjson.com"},{"rating":4,"comment":"Great product!","date":"2025-04-30T09:41:02.053Z","reviewerName":"Victoria McDonald","reviewerEmail":"victoria.mcdonald@x.dummyjson.com"},{"rating":5,"comment":"Very happy with my purchase!","date":"2025-04-30T09:41:02.053Z","reviewerName":"Hannah Robinson","reviewerEmail":"hannah.robinson@x.dummyjson.com"}],"returnPolicy":"60 days return policy","minimumOrderQuantity":41,"meta":{"createdAt":"2025-04-30T09:41:02.053Z","updatedAt":"2025-04-30T09:41:02.053Z","barcode":"3566048905322","qrCode":"https://cdn.dummyjson.com/public/qr-code.png"},"images":["https://cdn.dummyjson.com/product-images/skin-care/attitude-super-leaves-hand-soap/1.webp","https://cdn.dummyjson.com/product-images/skin-care/attitude-super-leaves-hand-soap/2.webp","https://cdn.dummyjson.com/product-images/skin-care/attitude-super-leaves-hand-soap/3.webp"],"thumbnail":"https://cdn.dummyjson.com/product-images/skin-care/attitude-super-leaves-hand-soap/thumbnail.webp"},{"id":48,"title":"Bamboo Spatula","description":"The Bamboo Spatula is a versatile kitchen tool made from eco-friendly bamboo. Ideal for flipping, stirring, and serving various dishes.","category":"kitchen-accessories","price":7.99,"discountPercentage":2.84,"rating":3.27,"stock":37,"tags":["kitchen tools","utensils"],"sku":"KIT-BRD-BAM-048","weight":3,"dimensions":{"width":21.32,"height":23.03,"depth":25.94},"warrantyInformation":"1 month warranty","shippingInformation":"Ships overnight","availabilityStatus":"In Stock","reviews":[{"rating":5,"comment":"Awesome product!","date":"2025-04-30T09:41:02.053Z","reviewerName":"Lucas Ramirez","reviewerEmail":"lucas.ramirez@x.dummyjson.com"},{"rating":5,"comment":"Highly recommended!","date":"2025-04-30T09:41:02.053Z","reviewerName":"Caleb Perkins","reviewerEmail":"caleb.perkins@x.dummyjson.com"},{"rating":4,"comment":"Highly recommended!","date":"2025-04-30T09:41:02.053Z","reviewerName":"Nolan Gonzalez","reviewerEmail":"nolan.gonzalez@x.dummyjson.com"}],"returnPolicy":"60 days return policy","minimumOrderQuantity":29,"meta":{"createdAt":"2025-04-30T09:41:02.053Z","updatedAt":"2025-04-30T09:41:02.053Z","barcode":"3988181417733","qrCode":"https://cdn.dummyjson.com/public/qr-code.png"},"images":["https://cdn.dummyjson.com/product-images/kitchen-accessories/bamboo-spatula/1.webp"],"thumbnail":"https://cdn.dummyjson.com/product-images/kitchen-accessories/bamboo-spatula/thumbnail.webp"},{"id":138,"title":"Baseball Ball","description":"The Baseball Ball is a standard baseball used in baseball games. It features a durable leather cover and is designed for pitching, hitting, and fielding in the game of baseball.","category":"sports-accessories","price":8.99,"discountPercentage":1.71,"rating":2.57,"stock":100,"tags":["sports equipment","baseball"],"sku":"SPO-BRD-BAS-138","weight":5,"dimensions":{"width":14.42,"height":22.65,"depth":15.89},"warrantyInformation":"6 months warranty","shippingInformation":"Ships in 1 week","availabilityStatus":"In Stock","reviews":[{"rating":5,"comment":"Excellent quality!","date":"2025-04-30T09:41:02.054Z","reviewerName":"Scarlett Wright","reviewerEmail":"scarlett.wright@x.dummyjson.com"},{"rating":4,"comment":"Great value for money!","date":"2025-04-30T09:41:02.054Z","reviewerName":"Carter Baker","reviewerEmail":"carter.baker@x.dummyjson.com"},{"rating":1,"comment":"Poor quality!","date":"2025-04-30T09:41:02.054Z","reviewerName":"Aria Flores","reviewerEmail":"aria.flores@x.dummyjson.com"}],"returnPolicy":"30 days return policy","minimumOrderQuantity":11,"meta":{"createdAt":"2025-04-30T09:41:02.054Z","updatedAt":"2025-04-30T09:41:02.054Z","barcode":"8981184448425","qrCode":"https://cdn.dummyjson.com/public/qr-code.png"},"images":["https://cdn.dummyjson.com/product-images/sports-accessories/baseball-ball/1.webp"],"thumbnail":"https://cdn.dummyjson.com/product-images/sports-accessories/baseball-ball/thumbnail.webp"},{"id":139,"title":"Baseball Glove","description":"The Baseball Glove is a protective glove worn by baseball players. It is designed to catch and field the baseball, providing players with comfort and control during the game.","category":"sports-accessories","price":24.99,"discountPercentage":2.9,"rating":3.96,"stock":22,"tags":["sports equipment","baseball"],"sku":"SPO-BRD-BAS-139","weight":1,"dimensions":{"width":23.84,"height":11.12,"depth":5.85},"warrantyInformation":"Lifetime warranty","shippingInformation":"Ships in 2 weeks","availabilityStatus":"In Stock","reviews":[{"rating":1,"comment":"Very unhappy with my purchase!","date":"2025-04-30T09:41:02.054Z","reviewerName":"Hazel Gardner","reviewerEmail":"hazel.gardner@x.dummyjson.com"},{"rating":4,"comment":"Great value for money!","date":"2025-04-30T09:41:02.054Z","reviewerName":"Scarlett Wright","reviewerEmail":"scarlett.wright@x.dummyjson.com"},{"rating":3,"comment":"Would not recommend!","date":"2025-04-30T09:41:02.054Z","reviewerName":"Nathan Reed","reviewerEmail":"nathan.reed@x.dummyjson.com"}],"returnPolicy":"90 days return policy","minimumOrderQuantity":8,"meta":{"createdAt":"2025-04-30T09:41:02.054Z","updatedAt":"2025-04-30T09:41:02.054Z","barcode":"1607433635330","qrCode":"https://cdn.dummyjson.com/public/qr-code.png"},"images":["https://cdn.dummyjson.com/product-images/sports-accessories/baseball-glove/1.webp","https://cdn.dummyjson.com/product-images/sports-accessories/baseball-glove/2.webp","https://cdn.dummyjson.com/product-images/sports-accessories/baseball-glove/3.webp"],"thumbnail":"https://cdn.dummyjson.com/product-images/sports-accessories/baseball-glove/thumbnail.webp"},{"id":140,"title":"Basketball","description":"The Basketball is a standard ball used in basketball games. It is designed for dribbling, shooting, and passing in the game of basketball, suitable for both indoor and outdoor play.","category":"sports-accessories","price":14.99,"discountPercentage":7.44,"rating":4.66,"stock":75,"tags":["sports equipment","basketball"],"sku":"SPO-BRD-BAS-140","weight":7,"dimensions":{"width":27.86,"height":10.64,"depth":18.75},"warrantyInformation":"1 year warranty","shippingInformation":"Ships in 1 week","availabilityStatus":"In Stock","reviews":[{"rating":5,"comment":"Highly recommended!","date":"2025-04-30T09:41:02.054Z","reviewerName":"Mia Rodriguez","reviewerEmail":"mia.rodriguez@x.dummyjson.com"},{"rating":2,"comment":"Would not buy again!","date":"2025-04-30T09:41:02.054Z","reviewerName":"Ella Adams","reviewerEmail":"ella.adams@x.dummyjson.com"},{"rating":4,"comment":"Very satisfied!","date":"2025-04-30T09:41:02.054Z","reviewerName":"Aubrey Garcia","reviewerEmail":"aubrey.garcia@x.dummyjson.com"}],"returnPolicy":"90 days return policy","minimumOrderQuantity":11,"meta":{"createdAt":"2025-04-30T09:41:02.054Z","updatedAt":"2025-04-30T09:41:02.054Z","barcode":"3219724919696","qrCode":"https://cdn.dummyjson.com/public/qr-code.png"},"images":["https://cdn.dummyjson.com/product-images/sports-accessories/basketball/1.webp"],"thumbnail":"https://cdn.dummyjson.com/product-images/sports-accessories/basketball/thumbnail.webp"},{"id":141,"title":"Basketball Rim","description":"The Basketball Rim is a sturdy hoop and net assembly mounted on a basketball backboard. It provides a target for shooting and scoring in the game of basketball.","category":"sports-accessories","price":39.99,"discountPercentage":7.74,"rating":4.6,"stock":43,"tags":["sports equipment","basketball"],"sku":"SPO-BRD-BAS-141","weight":1,"dimensions":{"width":15.83,"height":20.87,"depth":7.27},"warrantyInformation":"3 months warranty","shippingInformation":"Ships overnight","availabilityStatus":"In Stock","reviews":[{"rating":4,"comment":"Fast shipping!","date":"2025-04-30T09:41:02.054Z","reviewerName":"Mason Wright","reviewerEmail":"mason.wright@x.dummyjson.com"},{"rating":5,"comment":"Highly recommended!","date":"2025-04-30T09:41:02.054Z","reviewerName":"Tristan Scott","reviewerEmail":"tristan.scott@x.dummyjson.com"},{"rating":1,"comment":"Would not buy again!","date":"2025-04-30T09:41:02.054Z","reviewerName":"Max Parker","reviewerEmail":"max.parker@x.dummyjson.com"}],"returnPolicy":"No return policy","minimumOrderQuantity":9,"meta":{"createdAt":"2025-04-30T09:41:02.054Z","updatedAt":"2025-04-30T09:41:02.054Z","barcode":"6916173283925","qrCode":"https://cdn.dummyjson.com/public/qr-code.png"},"images":["https://cdn.dummyjson.com/product-images/sports-accessories/basketball-rim/1.webp"],"thumbnail":"https://cdn.dummyjson.com/product-images/sports-accessories/basketball-rim/thumbnail.webp"},{"id":107,"title":"Beats Flex Wireless Earphones","description":"The Beats Flex Wireless Earphones offer a comfortable and versatile audio experience. With magnetic earbuds and up to 12 hours of battery life, they are ideal for everyday use.","category":"mobile-accessories","price":49.99,"discountPercentage":5.73,"rating":4.24,"stock":50,"tags":["electronics","wireless earphones"],"brand":"Beats","sku":"MOB-BEA-BEA-107","weight":8,"dimensions":{"width":17.86,"height":25.74,"depth":23.09},"warrantyInformation":"1 year warranty","shippingInformation":"Ships in 1-2 business days","availabilityStatus":"In Stock","reviews":[{"rating":2,"comment":"Disappointing product!","date":"2025-04-30T09:41:02.053Z","reviewerName":"William Gonzalez","reviewerEmail":"william.gonzalez@x.dummyjson.com"},{"rating":5,"comment":"Very pleased!","date":"2025-04-30T09:41:02.053Z","reviewerName":"Gabriel Mitchell","reviewerEmail":"gabriel.mitchell@x.dummyjson.com"},{"rating":2,"comment":"Not worth the price!","date":"2025-04-30T09:41:02.053Z","reviewerName":"Gabriel Adams","reviewerEmail":"gabriel.adams@x.dummyjson.com"}],"returnPolicy":"7 days return policy","minimumOrderQuantity":17,"meta":{"createdAt":"2025-04-30T09:41:02.053Z","updatedAt":"2025-04-30T09:41:02.053Z","barcode":"1741271692174","qrCode":"https://cdn.dummyjson.com/public/qr-code.png"},"images":["https://cdn.dummyjson.com/product-images/mobile-accessories/beats-flex-wireless-earphones/1.webp"],"thumbnail":"https://cdn.dummyjson.com/product-images/mobile-accessories/beats-flex-wireless-earphones/thumbnail.webp"},{"id":13,"title":"Bedside Table African Cherry","description":"The Bedside Table in African Cherry is a stylish and functional addition to your bedroom, providing convenient storage space and a touch of elegance.","category":"furniture","price":299.99,"discountPercentage":19.09,"rating":2.87,"stock":64,"tags":["furniture","bedside tables"],"brand":"Furniture Co.","sku":"FUR-FUR-BED-013","weight":2,"dimensions":{"width":13.47,"height":24.99,"depth":27.35},"warrantyInformation":"5 year warranty","shippingInformation":"Ships overnight","availabilityStatus":"In Stock","reviews":[{"rating":4,"comment":"Excellent quality!","date":"2025-04-30T09:41:02.053Z","reviewerName":"Aaliyah Hanson","reviewerEmail":"aaliyah.hanson@x.dummyjson.com"},{"rating":4,"comment":"Excellent quality!","date":"2025-04-30T09:41:02.053Z","reviewerName":"Liam Smith","reviewerEmail":"liam.smith@x.dummyjson.com"},{"rating":4,"comment":"Highly recommended!","date":"2025-04-30T09:41:02.053Z","reviewerName":"Avery Barnes","reviewerEmail":"avery.barnes@x.dummyjson.com"}],"returnPolicy":"7 days return policy","minimumOrderQuantity":3,"meta":{"createdAt":"2025-04-30T09:41:02.053Z","updatedAt":"2025-04-30T09:41:02.053Z","barcode":"6441287925979","qrCode":"https://cdn.dummyjson.com/public/qr-code.png"},"images":["https://cdn.dummyjson.com/product-images/furniture/bedside-table-african-cherry/1.webp","https://cdn.dummyjson.com/product-images/furniture/bedside-table-african-cherry/2.webp","https://cdn.dummyjson.com/product-images/furniture/bedside-table-african-cherry/3.webp"],"thumbnail":"https://cdn.dummyjson.com/product-images/furniture/bedside-table-african-cherry/thumbnail.webp"},{"id":17,"title":"Beef Steak","description":"High-quality beef steak, great for grilling or cooking to your preferred level of doneness.","category":"groceries","price":12.99,"discountPercentage":9.61,"rating":4.47,"stock":86,"tags":["meat"],"sku":"GRO-BRD-BEE-017","weight":10,"dimensions":{"width":18.9,"height":5.77,"depth":18.57},"warrantyInformation":"3 year warranty","shippingInformation":"Ships overnight","availabilityStatus":"In Stock","reviews":[{"rating":3,"comment":"Would not recommend!","date":"2025-04-30T09:41:02.053Z","reviewerName":"Eleanor Tyler","reviewerEmail":"eleanor.tyler@x.dummyjson.com"},{"rating":4,"comment":"Fast shipping!","date":"2025-04-30T09:41:02.053Z","reviewerName":"Alexander Jones","reviewerEmail":"alexander.jones@x.dummyjson.com"},{"rating":5,"comment":"Great value for money!","date":"2025-04-30T09:41:02.053Z","reviewerName":"Natalie Harris","reviewerEmail":"natalie.harris@x.dummyjson.com"}],"returnPolicy":"60 days return policy","minimumOrderQuantity":43,"meta":{"createdAt":"2025-04-30T09:41:02.053Z","updatedAt":"2025-04-30T09:41:02.053Z","barcode":"5640063409695","qrCode":"https://cdn.dummyjson.com/public/qr-code.png"},"images":["https://cdn.dummyjson.com/product-images/groceries/beef-steak/1.webp"],"thumbnail":"https://cdn.dummyjson.com/product-images/groceries/beef-steak/thumbnail.webp"},{"id":185,"title":"Black & Brown Slipper","description":"The Black & Brown Slipper is a comfortable and stylish choice for casual wear. Featuring a blend of black and brown colors, it adds a touch of sophistication to your relaxation.","category":"womens-shoes","price":19.99,"discountPercentage":3.33,"rating":2.53,"stock":3,"tags":["footwear","slippers"],"brand":"Comfort Trends","sku":"WOM-COM-BLA-185","weight":5,"dimensions":{"width":21.35,"height":26.21,"depth":17},"warrantyInformation":"Lifetime warranty","shippingInformation":"Ships in 1 month","availabilityStatus":"Low Stock","reviews":[{"rating":5,"comment":"Highly impressed!","date":"2025-04-30T09:41:02.054Z","reviewerName":"Isaac Lawrence","reviewerEmail":"isaac.lawrence@x.dummyjson.com"},{"rating":2,"comment":"Not worth the price!","date":"2025-04-30T09:41:02.054Z","reviewerName":"William Gonzalez","reviewerEmail":"william.gonzalez@x.dummyjson.com"},{"rating":4,"comment":"Very happy with my purchase!","date":"2025-04-30T09:41:02.054Z","reviewerName":"Sophia Jones","reviewerEmail":"sophia.jones@x.dummyjson.com"}],"returnPolicy":"60 days return policy","minimumOrderQuantity":47,"meta":{"createdAt":"2025-04-30T09:41:02.054Z","updatedAt":"2025-04-30T09:41:02.054Z","barcode":"5732146194724","qrCode":"https://cdn.dummyjson.com/public/qr-code.png"},"images":["https://cdn.dummyjson.com/product-images/womens-shoes/black-&-brown-slipper/1.webp","https://cdn.dummyjson.com/product-images/womens-shoes/black-&-brown-slipper/2.webp","https://cdn.dummyjson.com/product-images/womens-shoes/black-&-brown-slipper/3.webp","https://cdn.dummyjson.com/product-images/womens-shoes/black-&-brown-slipper/4.webp"],"thumbnail":"https://cdn.dummyjson.com/product-images/womens-shoes/black-&-brown-slipper/thumbnail.webp"},{"id":49,"title":"Black Aluminium Cup","description":"The Black Aluminium Cup is a stylish and durable cup suitable for both hot and cold beverages. Its sleek black design adds a modern touch to your drinkware collection.","category":"kitchen-accessories","price":5.99,"discountPercentage":15.65,"rating":4.46,"stock":75,"tags":["drinkware","cups"],"sku":"KIT-BRD-BLA-049","weight":7,"dimensions":{"width":5.88,"height":5.11,"depth":10.03},"warrantyInformation":"1 year warranty","shippingInformation":"Ships overnight","availabilityStatus":"In Stock","reviews":[{"rating":3,"comment":"Very disappointed!","date":"2025-04-30T09:41:02.053Z","reviewerName":"Alexander Hernandez","reviewerEmail":"alexander.hernandez@x.dummyjson.com"},{"rating":5,"comment":"Great value for money!","date":"2025-04-30T09:41:02.053Z","reviewerName":"Aurora Rodriguez","reviewerEmail":"aurora.rodriguez@x.dummyjson.com"},{"rating":1,"comment":"Not worth the price!","date":"2025-04-30T09:41:02.053Z","reviewerName":"Benjamin Foster","reviewerEmail":"benjamin.foster@x.dummyjson.com"}],"returnPolicy":"30 days return policy","minimumOrderQuantity":48,"meta":{"createdAt":"2025-04-30T09:41:02.053Z","updatedAt":"2025-04-30T09:41:02.053Z","barcode":"5606164195748","qrCode":"https://cdn.dummyjson.com/public/qr-code.png"},"images":["https://cdn.dummyjson.com/product-images/kitchen-accessories/black-aluminium-cup/1.webp","https://cdn.dummyjson.com/product-images/kitchen-accessories/black-aluminium-cup/2.webp"],"thumbnail":"https://cdn.dummyjson.com/product-images/kitchen-accessories/black-aluminium-cup/thumbnail.webp"},{"id":154,"title":"Black Sun Glasses","description":"The Black Sun Glasses are a classic and stylish choice, featuring a sleek black frame and tinted lenses. They provide both UV protection and a fashionable look.","category":"sunglasses","price":29.99,"discountPercentage":4.94,"rating":4.41,"stock":60,"tags":["eyewear","sunglasses"],"brand":"Fashion Shades","sku":"SUN-FAS-BLA-154","weight":1,"dimensions":{"width":18.51,"height":15.69,"depth":10.11},"warrantyInformation":"No warranty","shippingInformation":"Ships in 1-2 business days","availabilityStatus":"In Stock","reviews":[{"rating":3,"comment":"Would not recommend!","date":"2025-04-30T09:41:02.054Z","reviewerName":"Jonathan Pierce","reviewerEmail":"jonathan.pierce@x.dummyjson.com"},{"rating":2,"comment":"Disappointing product!","date":"2025-04-30T09:41:02.054Z","reviewerName":"Owen Fisher","reviewerEmail":"owen.fisher@x.dummyjson.com"},{"rating":4,"comment":"Very happy with my purchase!","date":"2025-04-30T09:41:02.054Z","reviewerName":"Samantha Martinez","reviewerEmail":"samantha.martinez@x.dummyjson.com"}],"returnPolicy":"7 days return policy","minimumOrderQuantity":17,"meta":{"createdAt":"2025-04-30T09:41:02.054Z","updatedAt":"2025-04-30T09:41:02.054Z","barcode":"1045032983803","qrCode":"https://cdn.dummyjson.com/public/qr-code.png"},"images":["https://cdn.dummyjson.com/product-images/sunglasses/black-sun-glasses/1.webp","https://cdn.dummyjson.com/product-images/sunglasses/black-sun-glasses/2.webp","https://cdn.dummyjson.com/product-images/sunglasses/black-sun-glasses/3.webp"],"thumbnail":"https://cdn.dummyjson.com/product-images/sunglasses/black-sun-glasses/thumbnail.webp"},{"id":50,"title":"Black Whisk","description":"The Black Whisk is a kitchen essential for whisking and beating ingredients. Its ergonomic handle and sleek design make it a practical and stylish tool.","category":"kitchen-accessories","price":9.99,"discountPercentage":10.24,"rating":3.9,"stock":73,"tags":["kitchen tools","utensils"],"sku":"KIT-BRD-BLA-050","weight":1,"dimensions":{"width":13.03,"height":5.99,"depth":20.64},"warrantyInformation":"3 months warranty","shippingInformation":"Ships in 1 month","availabilityStatus":"In Stock","reviews":[{"rating":3,"comment":"Not worth the price!","date":"2025-04-30T09:41:02.053Z","reviewerName":"Cameron Perez","reviewerEmail":"cameron.perez@x.dummyjson.com"},{"rating":1,"comment":"Waste of money!","date":"2025-04-30T09:41:02.053Z","reviewerName":"Benjamin Foster","reviewerEmail":"benjamin.foster@x.dummyjson.com"},{"rating":5,"comment":"Very pleased!","date":"2025-04-30T09:41:02.053Z","reviewerName":"Paisley Bell","reviewerEmail":"paisley.bell@x.dummyjson.com"}],"returnPolicy":"30 days return policy","minimumOrderQuantity":40,"meta":{"createdAt":"2025-04-30T09:41:02.053Z","updatedAt":"2025-04-30T09:41:02.053Z","barcode":"3112495795209","qrCode":"https://cdn.dummyjson.com/public/qr-code.png"},"images":["https://cdn.dummyjson.com/product-images/kitchen-accessories/black-whisk/1.webp"],"thumbnail":"https://cdn.dummyjson.com/product-images/kitchen-accessories/black-whisk/thumbnail.webp"},{"id":177,"title":"Black Women's Gown","description":"The Black Women's Gown is an elegant and timeless evening gown. With a sleek black design, it's perfect for formal events and special occasions, exuding sophistication and style.","category":"womens-dresses","price":129.99,"discountPercentage":10.48,"rating":3.64,"stock":25,"tags":["clothing","gowns"],"sku":"WOM-BRD-BLA-177","weight":2,"dimensions":{"width":7.86,"height":9.02,"depth":25.82},"warrantyInformation":"Lifetime warranty","shippingInformation":"Ships in 1 week","availabilityStatus":"In Stock","reviews":[{"rating":4,"comment":"Great value for money!","date":"2025-04-30T09:41:02.054Z","reviewerName":"Ethan Fletcher","reviewerEmail":"ethan.fletcher@x.dummyjson.com"},{"rating":3,"comment":"Very dissatisfied!","date":"2025-04-30T09:41:02.054Z","reviewerName":"Julian Newton","reviewerEmail":"julian.newton@x.dummyjson.com"},{"rating":5,"comment":"Very satisfied!","date":"2025-04-30T09:41:02.054Z","reviewerName":"Savannah Gomez","reviewerEmail":"savannah.gomez@x.dummyjson.com"}],"returnPolicy":"No return policy","minimumOrderQuantity":5,"meta":{"createdAt":"2025-04-30T09:41:02.054Z","updatedAt":"2025-04-30T09:41:02.054Z","barcode":"0630346013554","qrCode":"https://cdn.dummyjson.com/public/qr-code.png"},"images":["https://cdn.dummyjson.com/product-images/womens-dresses/black-women's-gown/1.webp","https://cdn.dummyjson.com/product-images/womens-dresses/black-women's-gown/2.webp","https://cdn.dummyjson.com/product-images/womens-dresses/black-women's-gown/3.webp","https://cdn.dummyjson.com/product-images/womens-dresses/black-women's-gown/4.webp"],"thumbnail":"https://cdn.dummyjson.com/product-images/womens-dresses/black-women's-gown/thumbnail.webp"},{"id":83,"title":"Blue & Black Check Shirt","description":"The Blue & Black Check Shirt is a stylish and comfortable men's shirt featuring a classic check pattern. Made from high-quality fabric, it's suitable for both casual and semi-formal occasions.","category":"mens-shirts","price":29.99,"discountPercentage":15.35,"rating":3.64,"stock":38,"tags":["clothing","men's shirts"],"brand":"Fashion Trends","sku":"MEN-FAS-BLU-083","weight":4,"dimensions":{"width":27.49,"height":23.73,"depth":28.61},"warrantyInformation":"3 year warranty","shippingInformation":"Ships in 3-5 business days","availabilityStatus":"In Stock","reviews":[{"rating":1,"comment":"Waste of money!","date":"2025-04-30T09:41:02.053Z","reviewerName":"Logan Lee","reviewerEmail":"logan.lee@x.dummyjson.com"},{"rating":5,"comment":"Very satisfied!","date":"2025-04-30T09:41:02.053Z","reviewerName":"Zachary Lee","reviewerEmail":"zachary.lee@x.dummyjson.com"},{"rating":4,"comment":"Fast shipping!","date":"2025-04-30T09:41:02.053Z","reviewerName":"Aurora Rodriguez","reviewerEmail":"aurora.rodriguez@x.dummyjson.com"}],"returnPolicy":"30 days return policy","minimumOrderQuantity":18,"meta":{"createdAt":"2025-04-30T09:41:02.053Z","updatedAt":"2025-04-30T09:41:02.053Z","barcode":"7148674604957","qrCode":"https://cdn.dummyjson.com/public/qr-code.png"},"images":["https://cdn.dummyjson.com/product-images/mens-shirts/blue-&-black-check-shirt/1.webp","https://cdn.dummyjson.com/product-images/mens-shirts/blue-&-black-check-shirt/2.webp","https://cdn.dummyjson.com/product-images/mens-shirts/blue-&-black-check-shirt/3.webp","https://cdn.dummyjson.com/product-images/mens-shirts/blue-&-black-check-shirt/4.webp"],"thumbnail":"https://cdn.dummyjson.com/product-images/mens-shirts/blue-&-black-check-shirt/thumbnail.webp"}],"total":194,"skip":0,"limit":30}

18:09:11.607 [main] DEBUG com.jayway.jsonpath.internal.path.CompiledPath -- Evaluating path: $['products'][0]['title']
18:09:11.609 [main] INFO com.intuit.karate -- [print] {
  "products": [
    {
      "id": 167,
      "title": "300 Touring",
      "description": "The 300 Touring is a stylish and comfortable sedan, known for its luxurious features and smooth performance.",
      "category": "vehicle",
      "price": 28999.99,
      "discountPercentage": 3.98,
      "rating": 4.05,
      "stock": 54,
      "tags": [
        "sedans",
        "vehicles"
      ],
      "brand": "Chrysler",
      "sku": "VEH-CHR-TOU-167",
      "weight": 9,
      "dimensions": {
        "width": 19.2,
        "height": 26.17,
        "depth": 17.28
      },
      "warrantyInformation": "3 year warranty",
      "shippingInformation": "Ships in 2 weeks",
      "availabilityStatus": "In Stock",
      "reviews": [
        {
          "rating": 4,
          "comment": "Very pleased!",
          "date": "2025-04-30T09:41:02.054Z",
          "reviewerName": "Luna Russell",
          "reviewerEmail": "luna.russell@x.dummyjson.com"
        },
        {
          "rating": 5,
          "comment": "Great product!",
          "date": "2025-04-30T09:41:02.054Z",
          "reviewerName": "Harper Garcia",
          "reviewerEmail": "harper.garcia@x.dummyjson.com"
        },
        {
          "rating": 2,
          "comment": "Not as described!",
          "date": "2025-04-30T09:41:02.054Z",
          "reviewerName": "Harper Turner",
          "reviewerEmail": "harper.turner@x.dummyjson.com"
        }
      ],
      "returnPolicy": "30 days return policy",
      "minimumOrderQuantity": 1,
      "meta": {
        "createdAt": "2025-04-30T09:41:02.054Z",
        "updatedAt": "2025-04-30T09:41:02.054Z",
        "barcode": "6337799339397",
        "qrCode": "https://cdn.dummyjson.com/public/qr-code.png"
      },
      "images": [
        "https://cdn.dummyjson.com/product-images/vehicle/300-touring/1.webp",
        "https://cdn.dummyjson.com/product-images/vehicle/300-touring/2.webp",
        "https://cdn.dummyjson.com/product-images/vehicle/300-touring/3.webp",
        "https://cdn.dummyjson.com/product-images/vehicle/300-touring/4.webp",
        "https://cdn.dummyjson.com/product-images/vehicle/300-touring/5.webp",
        "https://cdn.dummyjson.com/product-images/vehicle/300-touring/6.webp"
      ],
      "thumbnail": "https://cdn.dummyjson.com/product-images/vehicle/300-touring/thumbnail.webp"
    },
    {
      "id": 99,
      "title": "Amazon Echo Plus",
      "description": "The Amazon Echo Plus is a smart speaker with built-in Alexa voice control. It features premium sound quality and serves as a hub for controlling smart home devices.",
      "category": "mobile-accessories",
      "price": 99.99,
      "discountPercentage": 12.07,
      "rating": 4.99,
      "stock": 61,
      "tags": [
        "electronics",
        "smart speakers"
      ],
      "brand": "Amazon",
      "sku": "MOB-AMA-AMA-099",
      "weight": 5,
      "dimensions": {
        "width": 12.68,
        "height": 15.24,
        "depth": 27.46
      },
      "warrantyInformation": "6 months warranty",
      "shippingInformation": "Ships in 1 week",
      "availabilityStatus": "In Stock",
      "reviews": [
        {
          "rating": 2,
          "comment": "Would not recommend!",
          "date": "2025-04-30T09:41:02.053Z",
          "reviewerName": "Chloe Morales",
          "reviewerEmail": "chloe.morales@x.dummyjson.com"
        },
        {
          "rating": 3,
          "comment": "Very disappointed!",
          "date": "2025-04-30T09:41:02.053Z",
          "reviewerName": "Mateo Perez",
          "reviewerEmail": "mateo.perez@x.dummyjson.com"
        },
        {
          "rating": 4,
          "comment": "Fast shipping!",
          "date": "2025-04-30T09:41:02.053Z",
          "reviewerName": "Evelyn Walker",
          "reviewerEmail": "evelyn.walker@x.dummyjson.com"
        }
      ],
      "returnPolicy": "7 days return policy",
      "minimumOrderQuantity": 9,
      "meta": {
        "createdAt": "2025-04-30T09:41:02.053Z",
        "updatedAt": "2025-04-30T09:41:02.053Z",
        "barcode": "2256117192038",
        "qrCode": "https://cdn.dummyjson.com/public/qr-code.png"
      },
      "images": [
        "https://cdn.dummyjson.com/product-images/mobile-accessories/amazon-echo-plus/1.webp",
        "https://cdn.dummyjson.com/product-images/mobile-accessories/amazon-echo-plus/2.webp"
      ],
      "thumbnail": "https://cdn.dummyjson.com/product-images/mobile-accessories/amazon-echo-plus/thumbnail.webp"
    },
    {
      "id": 137,
      "title": "American Football",
      "description": "The American Football is a classic ball used in American football games. It is designed for throwing and catching, making it an essential piece of equipment for the sport.",
      "category": "sports-accessories",
      "price": 19.99,
      "discountPercentage": 4.93,
      "rating": 4.91,
      "stock": 53,
      "tags": [
        "sports equipment",
        "american football"
      ],
      "sku": "SPO-BRD-AME-137",
      "weight": 2,
      "dimensions": {
        "width": 6.88,
        "height": 5.82,
        "depth": 21.96
      },
      "warrantyInformation": "6 months warranty",
      "shippingInformation": "Ships in 1 month",
      "availabilityStatus": "In Stock",
      "reviews": [
        {
          "rating": 4,
          "comment": "Awesome product!",
          "date": "2025-04-30T09:41:02.054Z",
          "reviewerName": "Scarlett Bowman",
          "reviewerEmail": "scarlett.bowman@x.dummyjson.com"
        },
        {
          "rating": 4,
          "comment": "Would buy again!",
          "date": "2025-04-30T09:41:02.054Z",
          "reviewerName": "Tristan Scott",
          "reviewerEmail": "tristan.scott@x.dummyjson.com"
        },
        {
          "rating": 4,
          "comment": "Very pleased!",
          "date": "2025-04-30T09:41:02.054Z",
          "reviewerName": "Eleanor Tyler",
          "reviewerEmail": "eleanor.tyler@x.dummyjson.com"
        }
      ],
      "returnPolicy": "90 days return policy",
      "minimumOrderQuantity": 1,
      "meta": {
        "createdAt": "2025-04-30T09:41:02.054Z",
        "updatedAt": "2025-04-30T09:41:02.054Z",
        "barcode": "0984311727547",
        "qrCode": "https://cdn.dummyjson.com/public/qr-code.png"
      },
      "images": [
        "https://cdn.dummyjson.com/product-images/sports-accessories/american-football/1.webp"
      ],
      "thumbnail": "https://cdn.dummyjson.com/product-images/sports-accessories/american-football/thumbnail.webp"
    },
    {
      "id": 11,
      "title": "Annibale Colombo Bed",
      "description": "The Annibale Colombo Bed is a luxurious and elegant bed frame, crafted with high-quality materials for a comfortable and stylish bedroom.",
      "category": "furniture",
      "price": 1899.99,
      "discountPercentage": 8.57,
      "rating": 4.77,
      "stock": 88,
      "tags": [
        "furniture",
        "beds"
      ],
      "brand": "Annibale Colombo",
      "sku": "FUR-ANN-ANN-011",
      "weight": 10,
      "dimensions": {
        "width": 28.16,
        "height": 25.36,
        "depth": 17.28
      },
      "warrantyInformation": "1 year warranty",
      "shippingInformation": "Ships in 1 month",
      "availabilityStatus": "In Stock",
      "reviews": [
        {
          "rating": 2,
          "comment": "Would not recommend!",
          "date": "2025-04-30T09:41:02.053Z",
          "reviewerName": "Christopher West",
          "reviewerEmail": "christopher.west@x.dummyjson.com"
        },
        {
          "rating": 4,
          "comment": "Highly impressed!",
          "date": "2025-04-30T09:41:02.053Z",
          "reviewerName": "Vivian Carter",
          "reviewerEmail": "vivian.carter@x.dummyjson.com"
        },
        {
          "rating": 1,
          "comment": "Poor quality!",
          "date": "2025-04-30T09:41:02.053Z",
          "reviewerName": "Mason Wright",
          "reviewerEmail": "mason.wright@x.dummyjson.com"
        }
      ],
      "returnPolicy": "No return policy",
      "minimumOrderQuantity": 1,
      "meta": {
        "createdAt": "2025-04-30T09:41:02.053Z",
        "updatedAt": "2025-04-30T09:41:02.053Z",
        "barcode": "3610757456581",
        "qrCode": "https://cdn.dummyjson.com/public/qr-code.png"
      },
      "images": [
        "https://cdn.dummyjson.com/product-images/furniture/annibale-colombo-bed/1.webp",
        "https://cdn.dummyjson.com/product-images/furniture/annibale-colombo-bed/2.webp",
        "https://cdn.dummyjson.com/product-images/furniture/annibale-colombo-bed/3.webp"
      ],
      "thumbnail": "https://cdn.dummyjson.com/product-images/furniture/annibale-colombo-bed/thumbnail.webp"
    },
    {
      "id": 12,
      "title": "Annibale Colombo Sofa",
      "description": "The Annibale Colombo Sofa is a sophisticated and comfortable seating option, featuring exquisite design and premium upholstery for your living room.",
      "category": "furniture",
      "price": 2499.99,
      "discountPercentage": 14.4,
      "rating": 3.92,
      "stock": 60,
      "tags": [
        "furniture",
        "sofas"
      ],
      "brand": "Annibale Colombo",
      "sku": "FUR-ANN-ANN-012",
      "weight": 6,
      "dimensions": {
        "width": 12.75,
        "height": 20.55,
        "depth": 19.06
      },
      "warrantyInformation": "Lifetime warranty",
      "shippingInformation": "Ships in 1 week",
      "availabilityStatus": "In Stock",
      "reviews": [
        {
          "rating": 3,
          "comment": "Very unhappy with my purchase!",
          "date": "2025-04-30T09:41:02.053Z",
          "reviewerName": "Christian Perez",
          "reviewerEmail": "christian.perez@x.dummyjson.com"
        },
        {
          "rating": 5,
          "comment": "Fast shipping!",
          "date": "2025-04-30T09:41:02.053Z",
          "reviewerName": "Lillian Bishop",
          "reviewerEmail": "lillian.bishop@x.dummyjson.com"
        },
        {
          "rating": 1,
          "comment": "Poor quality!",
          "date": "2025-04-30T09:41:02.053Z",
          "reviewerName": "Lillian Simmons",
          "reviewerEmail": "lillian.simmons@x.dummyjson.com"
        }
      ],
      "returnPolicy": "7 days return policy",
      "minimumOrderQuantity": 1,
      "meta": {
        "createdAt": "2025-04-30T09:41:02.053Z",
        "updatedAt": "2025-04-30T09:41:02.053Z",
        "barcode": "1777662847736",
        "qrCode": "https://cdn.dummyjson.com/public/qr-code.png"
      },
      "images": [
        "https://cdn.dummyjson.com/product-images/furniture/annibale-colombo-sofa/1.webp",
        "https://cdn.dummyjson.com/product-images/furniture/annibale-colombo-sofa/2.webp",
        "https://cdn.dummyjson.com/product-images/furniture/annibale-colombo-sofa/3.webp"
      ],
      "thumbnail": "https://cdn.dummyjson.com/product-images/furniture/annibale-colombo-sofa/thumbnail.webp"
    },
    {
      "id": 16,
      "title": "Apple",
      "description": "Fresh and crisp apples, perfect for snacking or incorporating into various recipes.",
      "category": "groceries",
      "price": 1.99,
      "discountPercentage": 12.62,
      "rating": 4.19,
      "stock": 8,
      "tags": [
        "fruits"
      ],
      "sku": "GRO-BRD-APP-016",
      "weight": 9,
      "dimensions": {
        "width": 13.66,
        "height": 11.01,
        "depth": 9.73
      },
      "warrantyInformation": "3 year warranty",
      "shippingInformation": "Ships in 2 weeks",
      "availabilityStatus": "In Stock",
      "reviews": [
        {
          "rating": 5,
          "comment": "Very satisfied!",
          "date": "2025-04-30T09:41:02.053Z",
          "reviewerName": "Sophia Brown",
          "reviewerEmail": "sophia.brown@x.dummyjson.com"
        },
        {
          "rating": 1,
          "comment": "Very dissatisfied!",
          "date": "2025-04-30T09:41:02.053Z",
          "reviewerName": "Scarlett Bowman",
          "reviewerEmail": "scarlett.bowman@x.dummyjson.com"
        },
        {
          "rating": 3,
          "comment": "Very unhappy with my purchase!",
          "date": "2025-04-30T09:41:02.053Z",
          "reviewerName": "William Gonzalez",
          "reviewerEmail": "william.gonzalez@x.dummyjson.com"
        }
      ],
      "returnPolicy": "90 days return policy",
      "minimumOrderQuantity": 7,
      "meta": {
        "createdAt": "2025-04-30T09:41:02.053Z",
        "updatedAt": "2025-04-30T09:41:02.053Z",
        "barcode": "7962803553314",
        "qrCode": "https://cdn.dummyjson.com/public/qr-code.png"
      },
      "images": [
        "https://cdn.dummyjson.com/product-images/groceries/apple/1.webp"
      ],
      "thumbnail": "https://cdn.dummyjson.com/product-images/groceries/apple/thumbnail.webp"
    },
    {
      "id": 101,
      "title": "Apple AirPods Max Silver",
      "description": "The Apple AirPods Max in Silver are premium over-ear headphones with high-fidelity audio, adaptive EQ, and active noise cancellation. Experience immersive sound in style.",
      "category": "mobile-accessories",
      "price": 549.99,
      "discountPercentage": 13.67,
      "rating": 3.47,
      "stock": 59,
      "tags": [
        "electronics",
        "over-ear headphones"
      ],
      "brand": "Apple",
      "sku": "MOB-APP-APP-101",
      "weight": 2,
      "dimensions": {
        "width": 24.88,
        "height": 14.9,
        "depth": 27.54
      },
      "warrantyInformation": "No warranty",
      "shippingInformation": "Ships in 2 weeks",
      "availabilityStatus": "In Stock",
      "reviews": [
        {
          "rating": 5,
          "comment": "Excellent quality!",
          "date": "2025-04-30T09:41:02.053Z",
          "reviewerName": "Henry Adams",
          "reviewerEmail": "henry.adams@x.dummyjson.com"
        },
        {
          "rating": 4,
          "comment": "Very happy with my purchase!",
          "date": "2025-04-30T09:41:02.053Z",
          "reviewerName": "Elijah Cruz",
          "reviewerEmail": "elijah.cruz@x.dummyjson.com"
        },
        {
          "rating": 4,
          "comment": "Would buy again!",
          "date": "2025-04-30T09:41:02.053Z",
          "reviewerName": "William Lopez",
          "reviewerEmail": "william.lopez@x.dummyjson.com"
        }
      ],
      "returnPolicy": "No return policy",
      "minimumOrderQuantity": 1,
      "meta": {
        "createdAt": "2025-04-30T09:41:02.053Z",
        "updatedAt": "2025-04-30T09:41:02.053Z",
        "barcode": "4062176053732",
        "qrCode": "https://cdn.dummyjson.com/public/qr-code.png"
      },
      "images": [
        "https://cdn.dummyjson.com/product-images/mobile-accessories/apple-airpods-max-silver/1.webp"
      ],
      "thumbnail": "https://cdn.dummyjson.com/product-images/mobile-accessories/apple-airpods-max-silver/thumbnail.webp"
    },
    {
      "id": 100,
      "title": "Apple Airpods",
      "description": "The Apple Airpods offer a seamless wireless audio experience. With easy pairing, high-quality sound, and Siri integration, they are perfect for on-the-go listening.",
      "category": "mobile-accessories",
      "price": 129.99,
      "discountPercentage": 15.54,
      "rating": 4.15,
      "stock": 67,
      "tags": [
        "electronics",
        "wireless earphones"
      ],
      "brand": "Apple",
      "sku": "MOB-APP-APP-100",
      "weight": 4,
      "dimensions": {
        "width": 25.79,
        "height": 18.38,
        "depth": 11.53
      },
      "warrantyInformation": "3 year warranty",
      "shippingInformation": "Ships in 3-5 business days",
      "availabilityStatus": "In Stock",
      "reviews": [
        {
          "rating": 3,
          "comment": "Would not buy again!",
          "date": "2025-04-30T09:41:02.053Z",
          "reviewerName": "Christopher West",
          "reviewerEmail": "christopher.west@x.dummyjson.com"
        },
        {
          "rating": 5,
          "comment": "Great product!",
          "date": "2025-04-30T09:41:02.053Z",
          "reviewerName": "Emma Wilson",
          "reviewerEmail": "emma.wilson@x.dummyjson.com"
        },
        {
          "rating": 4,
          "comment": "Excellent quality!",
          "date": "2025-04-30T09:41:02.053Z",
          "reviewerName": "Xavier Wright",
          "reviewerEmail": "xavier.wright@x.dummyjson.com"
        }
      ],
      "returnPolicy": "No return policy",
      "minimumOrderQuantity": 4,
      "meta": {
        "createdAt": "2025-04-30T09:41:02.053Z",
        "updatedAt": "2025-04-30T09:41:02.053Z",
        "barcode": "1104115683955",
        "qrCode": "https://cdn.dummyjson.com/public/qr-code.png"
      },
      "images": [
        "https://cdn.dummyjson.com/product-images/mobile-accessories/apple-airpods/1.webp",
        "https://cdn.dummyjson.com/product-images/mobile-accessories/apple-airpods/2.webp",
        "https://cdn.dummyjson.com/product-images/mobile-accessories/apple-airpods/3.webp"
      ],
      "thumbnail": "https://cdn.dummyjson.com/product-images/mobile-accessories/apple-airpods/thumbnail.webp"
    },
    {
      "id": 102,
      "title": "Apple Airpower Wireless Charger",
      "description": "The Apple AirPower Wireless Charger provides a convenient way to charge your compatible Apple devices wirelessly. Simply place your devices on the charging mat for effortless charging.",
      "category": "mobile-accessories",
      "price": 79.99,
      "discountPercentage": 4.48,
      "rating": 3.68,
      "stock": 1,
      "tags": [
        "electronics",
        "wireless chargers"
      ],
      "brand": "Apple",
      "sku": "MOB-APP-APP-102",
      "weight": 5,
      "dimensions": {
        "width": 25.25,
        "height": 25.44,
        "depth": 10.98
      },
      "warrantyInformation": "2 year warranty",
      "shippingInformation": "Ships in 1 week",
      "availabilityStatus": "Low Stock",
      "reviews": [
        {
          "rating": 5,
          "comment": "Would buy again!",
          "date": "2025-04-30T09:41:02.053Z",
          "reviewerName": "Christian Perez",
          "reviewerEmail": "christian.perez@x.dummyjson.com"
        },
        {
          "rating": 4,
          "comment": "Awesome product!",
          "date": "2025-04-30T09:41:02.053Z",
          "reviewerName": "Ruby Andrews",
          "reviewerEmail": "ruby.andrews@x.dummyjson.com"
        },
        {
          "rating": 3,
          "comment": "Not worth the price!",
          "date": "2025-04-30T09:41:02.053Z",
          "reviewerName": "Harper Turner",
          "reviewerEmail": "harper.turner@x.dummyjson.com"
        }
      ],
      "returnPolicy": "90 days return policy",
      "minimumOrderQuantity": 7,
      "meta": {
        "createdAt": "2025-04-30T09:41:02.053Z",
        "updatedAt": "2025-04-30T09:41:02.053Z",
        "barcode": "3323662242939",
        "qrCode": "https://cdn.dummyjson.com/public/qr-code.png"
      },
      "images": [
        "https://cdn.dummyjson.com/product-images/mobile-accessories/apple-airpower-wireless-charger/1.webp"
      ],
      "thumbnail": "https://cdn.dummyjson.com/product-images/mobile-accessories/apple-airpower-wireless-charger/thumbnail.webp"
    },
    {
      "id": 103,
      "title": "Apple HomePod Mini Cosmic Grey",
      "description": "The Apple HomePod Mini in Cosmic Grey is a compact smart speaker that delivers impressive audio and integrates seamlessly with the Apple ecosystem for a smart home experience.",
      "category": "mobile-accessories",
      "price": 99.99,
      "discountPercentage": 18.1,
      "rating": 4.62,
      "stock": 27,
      "tags": [
        "electronics",
        "smart speakers"
      ],
      "brand": "Apple",
      "sku": "MOB-APP-APP-103",
      "weight": 10,
      "dimensions": {
        "width": 16.02,
        "height": 29.2,
        "depth": 19.81
      },
      "warrantyInformation": "3 months warranty",
      "shippingInformation": "Ships in 1 month",
      "availabilityStatus": "In Stock",
      "reviews": [
        {
          "rating": 5,
          "comment": "Great product!",
          "date": "2025-04-30T09:41:02.053Z",
          "reviewerName": "Max Russell",
          "reviewerEmail": "max.russell@x.dummyjson.com"
        },
        {
          "rating": 3,
          "comment": "Would not buy again!",
          "date": "2025-04-30T09:41:02.053Z",
          "reviewerName": "Isaac Lawrence",
          "reviewerEmail": "isaac.lawrence@x.dummyjson.com"
        },
        {
          "rating": 4,
          "comment": "Very pleased!",
          "date": "2025-04-30T09:41:02.053Z",
          "reviewerName": "Avery Carter",
          "reviewerEmail": "avery.carter@x.dummyjson.com"
        }
      ],
      "returnPolicy": "90 days return policy",
      "minimumOrderQuantity": 8,
      "meta": {
        "createdAt": "2025-04-30T09:41:02.053Z",
        "updatedAt": "2025-04-30T09:41:02.053Z",
        "barcode": "6135642608024",
        "qrCode": "https://cdn.dummyjson.com/public/qr-code.png"
      },
      "images": [
        "https://cdn.dummyjson.com/product-images/mobile-accessories/apple-homepod-mini-cosmic-grey/1.webp"
      ],
      "thumbnail": "https://cdn.dummyjson.com/product-images/mobile-accessories/apple-homepod-mini-cosmic-grey/thumbnail.webp"
    },
    {
      "id": 78,
      "title": "Apple MacBook Pro 14 Inch Space Grey",
      "description": "The MacBook Pro 14 Inch in Space Grey is a powerful and sleek laptop, featuring Apple's M1 Pro chip for exceptional performance and a stunning Retina display.",
      "category": "laptops",
      "price": 1999.99,
      "discountPercentage": 4.69,
      "rating": 3.65,
      "stock": 24,
      "tags": [
        "laptops",
        "apple"
      ],
      "brand": "Apple",
      "sku": "LAP-APP-APP-078",
      "weight": 9,
      "dimensions": {
        "width": 20.03,
        "height": 9.54,
        "depth": 14.82
      },
      "warrantyInformation": "3 year warranty",
      "shippingInformation": "Ships in 2 weeks",
      "availabilityStatus": "In Stock",
      "reviews": [
        {
          "rating": 5,
          "comment": "Very happy with my purchase!",
          "date": "2025-04-30T09:41:02.053Z",
          "reviewerName": "Hazel Evans",
          "reviewerEmail": "hazel.evans@x.dummyjson.com"
        },
        {
          "rating": 5,
          "comment": "Very happy with my purchase!",
          "date": "2025-04-30T09:41:02.053Z",
          "reviewerName": "Christopher West",
          "reviewerEmail": "christopher.west@x.dummyjson.com"
        },
        {
          "rating": 4,
          "comment": "Very satisfied!",
          "date": "2025-04-30T09:41:02.053Z",
          "reviewerName": "Aubrey Garcia",
          "reviewerEmail": "aubrey.garcia@x.dummyjson.com"
        }
      ],
      "returnPolicy": "90 days return policy",
      "minimumOrderQuantity": 1,
      "meta": {
        "createdAt": "2025-04-30T09:41:02.053Z",
        "updatedAt": "2025-04-30T09:41:02.053Z",
        "barcode": "5275211560367",
        "qrCode": "https://cdn.dummyjson.com/public/qr-code.png"
      },
      "images": [
        "https://cdn.dummyjson.com/product-images/laptops/apple-macbook-pro-14-inch-space-grey/1.webp",
        "https://cdn.dummyjson.com/product-images/laptops/apple-macbook-pro-14-inch-space-grey/2.webp",
        "https://cdn.dummyjson.com/product-images/laptops/apple-macbook-pro-14-inch-space-grey/3.webp"
      ],
      "thumbnail": "https://cdn.dummyjson.com/product-images/laptops/apple-macbook-pro-14-inch-space-grey/thumbnail.webp"
    },
    {
      "id": 105,
      "title": "Apple MagSafe Battery Pack",
      "description": "The Apple MagSafe Battery Pack is a portable and convenient way to add extra battery life to your MagSafe-compatible iPhone. Attach it magnetically for a secure connection.",
      "category": "mobile-accessories",
      "price": 99.99,
      "discountPercentage": 17.17,
      "rating": 3.62,
      "stock": 1,
      "tags": [
        "electronics",
        "power banks"
      ],
      "brand": "Apple",
      "sku": "MOB-APP-APP-105",
      "weight": 6,
      "dimensions": {
        "width": 15.4,
        "height": 11.89,
        "depth": 19.67
      },
      "warrantyInformation": "2 year warranty",
      "shippingInformation": "Ships overnight",
      "availabilityStatus": "Low Stock",
      "reviews": [
        {
          "rating": 2,
          "comment": "Would not recommend!",
          "date": "2025-04-30T09:41:02.053Z",
          "reviewerName": "Stella Morris",
          "reviewerEmail": "stella.morris@x.dummyjson.com"
        },
        {
          "rating": 2,
          "comment": "Not as described!",
          "date": "2025-04-30T09:41:02.053Z",
          "reviewerName": "Henry Adams",
          "reviewerEmail": "henry.adams@x.dummyjson.com"
        },
        {
          "rating": 5,
          "comment": "Fast shipping!",
          "date": "2025-04-30T09:41:02.053Z",
          "reviewerName": "Cameron Burke",
          "reviewerEmail": "cameron.burke@x.dummyjson.com"
        }
      ],
      "returnPolicy": "No return policy",
      "minimumOrderQuantity": 4,
      "meta": {
        "createdAt": "2025-04-30T09:41:02.053Z",
        "updatedAt": "2025-04-30T09:41:02.053Z",
        "barcode": "5157424897794",
        "qrCode": "https://cdn.dummyjson.com/public/qr-code.png"
      },
      "images": [
        "https://cdn.dummyjson.com/product-images/mobile-accessories/apple-magsafe-battery-pack/1.webp",
        "https://cdn.dummyjson.com/product-images/mobile-accessories/apple-magsafe-battery-pack/2.webp"
      ],
      "thumbnail": "https://cdn.dummyjson.com/product-images/mobile-accessories/apple-magsafe-battery-pack/thumbnail.webp"
    },
    {
      "id": 106,
      "title": "Apple Watch Series 4 Gold",
      "description": "The Apple Watch Series 4 in Gold is a stylish and advanced smartwatch with features like heart rate monitoring, fitness tracking, and a beautiful Retina display.",
      "category": "mobile-accessories",
      "price": 349.99,
      "discountPercentage": 12.02,
      "rating": 2.74,
      "stock": 33,
      "tags": [
        "electronics",
        "smartwatches"
      ],
      "brand": "Apple",
      "sku": "MOB-APP-APP-106",
      "weight": 6,
      "dimensions": {
        "width": 27.69,
        "height": 28.03,
        "depth": 7.11
      },
      "warrantyInformation": "6 months warranty",
      "shippingInformation": "Ships in 1 month",
      "availabilityStatus": "In Stock",
      "reviews": [
        {
          "rating": 3,
          "comment": "Very unhappy with my purchase!",
          "date": "2025-04-30T09:41:02.053Z",
          "reviewerName": "Chloe Morales",
          "reviewerEmail": "chloe.morales@x.dummyjson.com"
        },
        {
          "rating": 4,
          "comment": "Fast shipping!",
          "date": "2025-04-30T09:41:02.053Z",
          "reviewerName": "Ava Harrison",
          "reviewerEmail": "ava.harrison@x.dummyjson.com"
        },
        {
          "rating": 4,
          "comment": "Would buy again!",
          "date": "2025-04-30T09:41:02.053Z",
          "reviewerName": "Nicholas Bailey",
          "reviewerEmail": "nicholas.bailey@x.dummyjson.com"
        }
      ],
      "returnPolicy": "No return policy",
      "minimumOrderQuantity": 3,
      "meta": {
        "createdAt": "2025-04-30T09:41:02.053Z",
        "updatedAt": "2025-04-30T09:41:02.053Z",
        "barcode": "3921248718888",
        "qrCode": "https://cdn.dummyjson.com/public/qr-code.png"
      },
      "images": [
        "https://cdn.dummyjson.com/product-images/mobile-accessories/apple-watch-series-4-gold/1.webp",
        "https://cdn.dummyjson.com/product-images/mobile-accessories/apple-watch-series-4-gold/2.webp",
        "https://cdn.dummyjson.com/product-images/mobile-accessories/apple-watch-series-4-gold/3.webp"
      ],
      "thumbnail": "https://cdn.dummyjson.com/product-images/mobile-accessories/apple-watch-series-4-gold/thumbnail.webp"
    },
    {
      "id": 104,
      "title": "Apple iPhone Charger",
      "description": "The Apple iPhone Charger is a high-quality charger designed for fast and efficient charging of your iPhone. Ensure your device stays powered up and ready to go.",
      "category": "mobile-accessories",
      "price": 19.99,
      "discountPercentage": 18.52,
      "rating": 4.15,
      "stock": 31,
      "tags": [
        "electronics",
        "chargers"
      ],
      "brand": "Apple",
      "sku": "MOB-APP-APP-104",
      "weight": 1,
      "dimensions": {
        "width": 13.63,
        "height": 26.25,
        "depth": 5.95
      },
      "warrantyInformation": "1 year warranty",
      "shippingInformation": "Ships in 2 weeks",
      "availabilityStatus": "In Stock",
      "reviews": [
        {
          "rating": 1,
          "comment": "Very disappointed!",
          "date": "2025-04-30T09:41:02.053Z",
          "reviewerName": "Sadie Morales",
          "reviewerEmail": "sadie.morales@x.dummyjson.com"
        },
        {
          "rating": 5,
          "comment": "Great product!",
          "date": "2025-04-30T09:41:02.053Z",
          "reviewerName": "Lily Torres",
          "reviewerEmail": "lily.torres@x.dummyjson.com"
        },
        {
          "rating": 2,
          "comment": "Waste of money!",
          "date": "2025-04-30T09:41:02.053Z",
          "reviewerName": "Luke Cooper",
          "reviewerEmail": "luke.cooper@x.dummyjson.com"
        }
      ],
      "returnPolicy": "90 days return policy",
      "minimumOrderQuantity": 14,
      "meta": {
        "createdAt": "2025-04-30T09:41:02.053Z",
        "updatedAt": "2025-04-30T09:41:02.053Z",
        "barcode": "0879776541417",
        "qrCode": "https://cdn.dummyjson.com/public/qr-code.png"
      },
      "images": [
        "https://cdn.dummyjson.com/product-images/mobile-accessories/apple-iphone-charger/1.webp",
        "https://cdn.dummyjson.com/product-images/mobile-accessories/apple-iphone-charger/2.webp"
      ],
      "thumbnail": "https://cdn.dummyjson.com/product-images/mobile-accessories/apple-iphone-charger/thumbnail.webp"
    },
    {
      "id": 79,
      "title": "Asus Zenbook Pro Dual Screen Laptop",
      "description": "The Asus Zenbook Pro Dual Screen Laptop is a high-performance device with dual screens, providing productivity and versatility for creative professionals.",
      "category": "laptops",
      "price": 1799.99,
      "discountPercentage": 11.14,
      "rating": 3.95,
      "stock": 45,
      "tags": [
        "laptops"
      ],
      "brand": "Asus",
      "sku": "LAP-ASU-ASU-079",
      "weight": 9,
      "dimensions": {
        "width": 16.6,
        "height": 11.49,
        "depth": 10.89
      },
      "warrantyInformation": "3 year warranty",
      "shippingInformation": "Ships in 1 month",
      "availabilityStatus": "In Stock",
      "reviews": [
        {
          "rating": 4,
          "comment": "Very happy with my purchase!",
          "date": "2025-04-30T09:41:02.053Z",
          "reviewerName": "Michael Johnson",
          "reviewerEmail": "michael.johnson@x.dummyjson.com"
        },
        {
          "rating": 5,
          "comment": "Highly recommended!",
          "date": "2025-04-30T09:41:02.053Z",
          "reviewerName": "Zoe Bennett",
          "reviewerEmail": "zoe.bennett@x.dummyjson.com"
        },
        {
          "rating": 4,
          "comment": "Very satisfied!",
          "date": "2025-04-30T09:41:02.053Z",
          "reviewerName": "Mila Hernandez",
          "reviewerEmail": "mila.hernandez@x.dummyjson.com"
        }
      ],
      "returnPolicy": "7 days return policy",
      "minimumOrderQuantity": 1,
      "meta": {
        "createdAt": "2025-04-30T09:41:02.053Z",
        "updatedAt": "2025-04-30T09:41:02.053Z",
        "barcode": "7392988535158",
        "qrCode": "https://cdn.dummyjson.com/public/qr-code.png"
      },
      "images": [
        "https://cdn.dummyjson.com/product-images/laptops/asus-zenbook-pro-dual-screen-laptop/1.webp",
        "https://cdn.dummyjson.com/product-images/laptops/asus-zenbook-pro-dual-screen-laptop/2.webp",
        "https://cdn.dummyjson.com/product-images/laptops/asus-zenbook-pro-dual-screen-laptop/3.webp"
      ],
      "thumbnail": "https://cdn.dummyjson.com/product-images/laptops/asus-zenbook-pro-dual-screen-laptop/thumbnail.webp"
    },
    {
      "id": 118,
      "title": "Attitude Super Leaves Hand Soap",
      "description": "Attitude Super Leaves Hand Soap is a natural and nourishing hand soap enriched with the goodness of super leaves. It cleanses and moisturizes your hands, leaving them feeling fresh and soft.",
      "category": "skin-care",
      "price": 8.99,
      "discountPercentage": 18.49,
      "rating": 3.19,
      "stock": 94,
      "tags": [
        "personal care",
        "hand soap"
      ],
      "brand": "Attitude",
      "sku": "SKI-ATT-ATT-118",
      "weight": 1,
      "dimensions": {
        "width": 14.05,
        "height": 8.3,
        "depth": 16.62
      },
      "warrantyInformation": "6 months warranty",
      "shippingInformation": "Ships overnight",
      "availabilityStatus": "In Stock",
      "reviews": [
        {
          "rating": 5,
          "comment": "Very satisfied!",
          "date": "2025-04-30T09:41:02.053Z",
          "reviewerName": "Liam Garcia",
          "reviewerEmail": "liam.garcia@x.dummyjson.com"
        },
        {
          "rating": 4,
          "comment": "Great product!",
          "date": "2025-04-30T09:41:02.053Z",
          "reviewerName": "Victoria McDonald",
          "reviewerEmail": "victoria.mcdonald@x.dummyjson.com"
        },
        {
          "rating": 5,
          "comment": "Very happy with my purchase!",
          "date": "2025-04-30T09:41:02.053Z",
          "reviewerName": "Hannah Robinson",
          "reviewerEmail": "hannah.robinson@x.dummyjson.com"
        }
      ],
      "returnPolicy": "60 days return policy",
      "minimumOrderQuantity": 41,
      "meta": {
        "createdAt": "2025-04-30T09:41:02.053Z",
        "updatedAt": "2025-04-30T09:41:02.053Z",
        "barcode": "3566048905322",
        "qrCode": "https://cdn.dummyjson.com/public/qr-code.png"
      },
      "images": [
        "https://cdn.dummyjson.com/product-images/skin-care/attitude-super-leaves-hand-soap/1.webp",
        "https://cdn.dummyjson.com/product-images/skin-care/attitude-super-leaves-hand-soap/2.webp",
        "https://cdn.dummyjson.com/product-images/skin-care/attitude-super-leaves-hand-soap/3.webp"
      ],
      "thumbnail": "https://cdn.dummyjson.com/product-images/skin-care/attitude-super-leaves-hand-soap/thumbnail.webp"
    },
    {
      "id": 48,
      "title": "Bamboo Spatula",
      "description": "The Bamboo Spatula is a versatile kitchen tool made from eco-friendly bamboo. Ideal for flipping, stirring, and serving various dishes.",
      "category": "kitchen-accessories",
      "price": 7.99,
      "discountPercentage": 2.84,
      "rating": 3.27,
      "stock": 37,
      "tags": [
        "kitchen tools",
        "utensils"
      ],
      "sku": "KIT-BRD-BAM-048",
      "weight": 3,
      "dimensions": {
        "width": 21.32,
        "height": 23.03,
        "depth": 25.94
      },
      "warrantyInformation": "1 month warranty",
      "shippingInformation": "Ships overnight",
      "availabilityStatus": "In Stock",
      "reviews": [
        {
          "rating": 5,
          "comment": "Awesome product!",
          "date": "2025-04-30T09:41:02.053Z",
          "reviewerName": "Lucas Ramirez",
          "reviewerEmail": "lucas.ramirez@x.dummyjson.com"
        },
        {
          "rating": 5,
          "comment": "Highly recommended!",
          "date": "2025-04-30T09:41:02.053Z",
          "reviewerName": "Caleb Perkins",
          "reviewerEmail": "caleb.perkins@x.dummyjson.com"
        },
        {
          "rating": 4,
          "comment": "Highly recommended!",
          "date": "2025-04-30T09:41:02.053Z",
          "reviewerName": "Nolan Gonzalez",
          "reviewerEmail": "nolan.gonzalez@x.dummyjson.com"
        }
      ],
      "returnPolicy": "60 days return policy",
      "minimumOrderQuantity": 29,
      "meta": {
        "createdAt": "2025-04-30T09:41:02.053Z",
        "updatedAt": "2025-04-30T09:41:02.053Z",
        "barcode": "3988181417733",
        "qrCode": "https://cdn.dummyjson.com/public/qr-code.png"
      },
      "images": [
        "https://cdn.dummyjson.com/product-images/kitchen-accessories/bamboo-spatula/1.webp"
      ],
      "thumbnail": "https://cdn.dummyjson.com/product-images/kitchen-accessories/bamboo-spatula/thumbnail.webp"
    },
    {
      "id": 138,
      "title": "Baseball Ball",
      "description": "The Baseball Ball is a standard baseball used in baseball games. It features a durable leather cover and is designed for pitching, hitting, and fielding in the game of baseball.",
      "category": "sports-accessories",
      "price": 8.99,
      "discountPercentage": 1.71,
      "rating": 2.57,
      "stock": 100,
      "tags": [
        "sports equipment",
        "baseball"
      ],
      "sku": "SPO-BRD-BAS-138",
      "weight": 5,
      "dimensions": {
        "width": 14.42,
        "height": 22.65,
        "depth": 15.89
      },
      "warrantyInformation": "6 months warranty",
      "shippingInformation": "Ships in 1 week",
      "availabilityStatus": "In Stock",
      "reviews": [
        {
          "rating": 5,
          "comment": "Excellent quality!",
          "date": "2025-04-30T09:41:02.054Z",
          "reviewerName": "Scarlett Wright",
          "reviewerEmail": "scarlett.wright@x.dummyjson.com"
        },
        {
          "rating": 4,
          "comment": "Great value for money!",
          "date": "2025-04-30T09:41:02.054Z",
          "reviewerName": "Carter Baker",
          "reviewerEmail": "carter.baker@x.dummyjson.com"
        },
        {
          "rating": 1,
          "comment": "Poor quality!",
          "date": "2025-04-30T09:41:02.054Z",
          "reviewerName": "Aria Flores",
          "reviewerEmail": "aria.flores@x.dummyjson.com"
        }
      ],
      "returnPolicy": "30 days return policy",
      "minimumOrderQuantity": 11,
      "meta": {
        "createdAt": "2025-04-30T09:41:02.054Z",
        "updatedAt": "2025-04-30T09:41:02.054Z",
        "barcode": "8981184448425",
        "qrCode": "https://cdn.dummyjson.com/public/qr-code.png"
      },
      "images": [
        "https://cdn.dummyjson.com/product-images/sports-accessories/baseball-ball/1.webp"
      ],
      "thumbnail": "https://cdn.dummyjson.com/product-images/sports-accessories/baseball-ball/thumbnail.webp"
    },
    {
      "id": 139,
      "title": "Baseball Glove",
      "description": "The Baseball Glove is a protective glove worn by baseball players. It is designed to catch and field the baseball, providing players with comfort and control during the game.",
      "category": "sports-accessories",
      "price": 24.99,
      "discountPercentage": 2.9,
      "rating": 3.96,
      "stock": 22,
      "tags": [
        "sports equipment",
        "baseball"
      ],
      "sku": "SPO-BRD-BAS-139",
      "weight": 1,
      "dimensions": {
        "width": 23.84,
        "height": 11.12,
        "depth": 5.85
      },
      "warrantyInformation": "Lifetime warranty",
      "shippingInformation": "Ships in 2 weeks",
      "availabilityStatus": "In Stock",
      "reviews": [
        {
          "rating": 1,
          "comment": "Very unhappy with my purchase!",
          "date": "2025-04-30T09:41:02.054Z",
          "reviewerName": "Hazel Gardner",
          "reviewerEmail": "hazel.gardner@x.dummyjson.com"
        },
        {
          "rating": 4,
          "comment": "Great value for money!",
          "date": "2025-04-30T09:41:02.054Z",
          "reviewerName": "Scarlett Wright",
          "reviewerEmail": "scarlett.wright@x.dummyjson.com"
        },
        {
          "rating": 3,
          "comment": "Would not recommend!",
          "date": "2025-04-30T09:41:02.054Z",
          "reviewerName": "Nathan Reed",
          "reviewerEmail": "nathan.reed@x.dummyjson.com"
        }
      ],
      "returnPolicy": "90 days return policy",
      "minimumOrderQuantity": 8,
      "meta": {
        "createdAt": "2025-04-30T09:41:02.054Z",
        "updatedAt": "2025-04-30T09:41:02.054Z",
        "barcode": "1607433635330",
        "qrCode": "https://cdn.dummyjson.com/public/qr-code.png"
      },
      "images": [
        "https://cdn.dummyjson.com/product-images/sports-accessories/baseball-glove/1.webp",
        "https://cdn.dummyjson.com/product-images/sports-accessories/baseball-glove/2.webp",
        "https://cdn.dummyjson.com/product-images/sports-accessories/baseball-glove/3.webp"
      ],
      "thumbnail": "https://cdn.dummyjson.com/product-images/sports-accessories/baseball-glove/thumbnail.webp"
    },
    {
      "id": 140,
      "title": "Basketball",
      "description": "The Basketball is a standard ball used in basketball games. It is designed for dribbling, shooting, and passing in the game of basketball, suitable for both indoor and outdoor play.",
      "category": "sports-accessories",
      "price": 14.99,
      "discountPercentage": 7.44,
      "rating": 4.66,
      "stock": 75,
      "tags": [
        "sports equipment",
        "basketball"
      ],
      "sku": "SPO-BRD-BAS-140",
      "weight": 7,
      "dimensions": {
        "width": 27.86,
        "height": 10.64,
        "depth": 18.75
      },
      "warrantyInformation": "1 year warranty",
      "shippingInformation": "Ships in 1 week",
      "availabilityStatus": "In Stock",
      "reviews": [
        {
          "rating": 5,
          "comment": "Highly recommended!",
          "date": "2025-04-30T09:41:02.054Z",
          "reviewerName": "Mia Rodriguez",
          "reviewerEmail": "mia.rodriguez@x.dummyjson.com"
        },
        {
          "rating": 2,
          "comment": "Would not buy again!",
          "date": "2025-04-30T09:41:02.054Z",
          "reviewerName": "Ella Adams",
          "reviewerEmail": "ella.adams@x.dummyjson.com"
        },
        {
          "rating": 4,
          "comment": "Very satisfied!",
          "date": "2025-04-30T09:41:02.054Z",
          "reviewerName": "Aubrey Garcia",
          "reviewerEmail": "aubrey.garcia@x.dummyjson.com"
        }
      ],
      "returnPolicy": "90 days return policy",
      "minimumOrderQuantity": 11,
      "meta": {
        "createdAt": "2025-04-30T09:41:02.054Z",
        "updatedAt": "2025-04-30T09:41:02.054Z",
        "barcode": "3219724919696",
        "qrCode": "https://cdn.dummyjson.com/public/qr-code.png"
      },
      "images": [
        "https://cdn.dummyjson.com/product-images/sports-accessories/basketball/1.webp"
      ],
      "thumbnail": "https://cdn.dummyjson.com/product-images/sports-accessories/basketball/thumbnail.webp"
    },
    {
      "id": 141,
      "title": "Basketball Rim",
      "description": "The Basketball Rim is a sturdy hoop and net assembly mounted on a basketball backboard. It provides a target for shooting and scoring in the game of basketball.",
      "category": "sports-accessories",
      "price": 39.99,
      "discountPercentage": 7.74,
      "rating": 4.6,
      "stock": 43,
      "tags": [
        "sports equipment",
        "basketball"
      ],
      "sku": "SPO-BRD-BAS-141",
      "weight": 1,
      "dimensions": {
        "width": 15.83,
        "height": 20.87,
        "depth": 7.27
      },
      "warrantyInformation": "3 months warranty",
      "shippingInformation": "Ships overnight",
      "availabilityStatus": "In Stock",
      "reviews": [
        {
          "rating": 4,
          "comment": "Fast shipping!",
          "date": "2025-04-30T09:41:02.054Z",
          "reviewerName": "Mason Wright",
          "reviewerEmail": "mason.wright@x.dummyjson.com"
        },
        {
          "rating": 5,
          "comment": "Highly recommended!",
          "date": "2025-04-30T09:41:02.054Z",
          "reviewerName": "Tristan Scott",
          "reviewerEmail": "tristan.scott@x.dummyjson.com"
        },
        {
          "rating": 1,
          "comment": "Would not buy again!",
          "date": "2025-04-30T09:41:02.054Z",
          "reviewerName": "Max Parker",
          "reviewerEmail": "max.parker@x.dummyjson.com"
        }
      ],
      "returnPolicy": "No return policy",
      "minimumOrderQuantity": 9,
      "meta": {
        "createdAt": "2025-04-30T09:41:02.054Z",
        "updatedAt": "2025-04-30T09:41:02.054Z",
        "barcode": "6916173283925",
        "qrCode": "https://cdn.dummyjson.com/public/qr-code.png"
      },
      "images": [
        "https://cdn.dummyjson.com/product-images/sports-accessories/basketball-rim/1.webp"
      ],
      "thumbnail": "https://cdn.dummyjson.com/product-images/sports-accessories/basketball-rim/thumbnail.webp"
    },
    {
      "id": 107,
      "title": "Beats Flex Wireless Earphones",
      "description": "The Beats Flex Wireless Earphones offer a comfortable and versatile audio experience. With magnetic earbuds and up to 12 hours of battery life, they are ideal for everyday use.",
      "category": "mobile-accessories",
      "price": 49.99,
      "discountPercentage": 5.73,
      "rating": 4.24,
      "stock": 50,
      "tags": [
        "electronics",
        "wireless earphones"
      ],
      "brand": "Beats",
      "sku": "MOB-BEA-BEA-107",
      "weight": 8,
      "dimensions": {
        "width": 17.86,
        "height": 25.74,
        "depth": 23.09
      },
      "warrantyInformation": "1 year warranty",
      "shippingInformation": "Ships in 1-2 business days",
      "availabilityStatus": "In Stock",
      "reviews": [
        {
          "rating": 2,
          "comment": "Disappointing product!",
          "date": "2025-04-30T09:41:02.053Z",
          "reviewerName": "William Gonzalez",
          "reviewerEmail": "william.gonzalez@x.dummyjson.com"
        },
        {
          "rating": 5,
          "comment": "Very pleased!",
          "date": "2025-04-30T09:41:02.053Z",
          "reviewerName": "Gabriel Mitchell",
          "reviewerEmail": "gabriel.mitchell@x.dummyjson.com"
        },
        {
          "rating": 2,
          "comment": "Not worth the price!",
          "date": "2025-04-30T09:41:02.053Z",
          "reviewerName": "Gabriel Adams",
          "reviewerEmail": "gabriel.adams@x.dummyjson.com"
        }
      ],
      "returnPolicy": "7 days return policy",
      "minimumOrderQuantity": 17,
      "meta": {
        "createdAt": "2025-04-30T09:41:02.053Z",
        "updatedAt": "2025-04-30T09:41:02.053Z",
        "barcode": "1741271692174",
        "qrCode": "https://cdn.dummyjson.com/public/qr-code.png"
      },
      "images": [
        "https://cdn.dummyjson.com/product-images/mobile-accessories/beats-flex-wireless-earphones/1.webp"
      ],
      "thumbnail": "https://cdn.dummyjson.com/product-images/mobile-accessories/beats-flex-wireless-earphones/thumbnail.webp"
    },
    {
      "id": 13,
      "title": "Bedside Table African Cherry",
      "description": "The Bedside Table in African Cherry is a stylish and functional addition to your bedroom, providing convenient storage space and a touch of elegance.",
      "category": "furniture",
      "price": 299.99,
      "discountPercentage": 19.09,
      "rating": 2.87,
      "stock": 64,
      "tags": [
        "furniture",
        "bedside tables"
      ],
      "brand": "Furniture Co.",
      "sku": "FUR-FUR-BED-013",
      "weight": 2,
      "dimensions": {
        "width": 13.47,
        "height": 24.99,
        "depth": 27.35
      },
      "warrantyInformation": "5 year warranty",
      "shippingInformation": "Ships overnight",
      "availabilityStatus": "In Stock",
      "reviews": [
        {
          "rating": 4,
          "comment": "Excellent quality!",
          "date": "2025-04-30T09:41:02.053Z",
          "reviewerName": "Aaliyah Hanson",
          "reviewerEmail": "aaliyah.hanson@x.dummyjson.com"
        },
        {
          "rating": 4,
          "comment": "Excellent quality!",
          "date": "2025-04-30T09:41:02.053Z",
          "reviewerName": "Liam Smith",
          "reviewerEmail": "liam.smith@x.dummyjson.com"
        },
        {
          "rating": 4,
          "comment": "Highly recommended!",
          "date": "2025-04-30T09:41:02.053Z",
          "reviewerName": "Avery Barnes",
          "reviewerEmail": "avery.barnes@x.dummyjson.com"
        }
      ],
      "returnPolicy": "7 days return policy",
      "minimumOrderQuantity": 3,
      "meta": {
        "createdAt": "2025-04-30T09:41:02.053Z",
        "updatedAt": "2025-04-30T09:41:02.053Z",
        "barcode": "6441287925979",
        "qrCode": "https://cdn.dummyjson.com/public/qr-code.png"
      },
      "images": [
        "https://cdn.dummyjson.com/product-images/furniture/bedside-table-african-cherry/1.webp",
        "https://cdn.dummyjson.com/product-images/furniture/bedside-table-african-cherry/2.webp",
        "https://cdn.dummyjson.com/product-images/furniture/bedside-table-african-cherry/3.webp"
      ],
      "thumbnail": "https://cdn.dummyjson.com/product-images/furniture/bedside-table-african-cherry/thumbnail.webp"
    },
    {
      "id": 17,
      "title": "Beef Steak",
      "description": "High-quality beef steak, great for grilling or cooking to your preferred level of doneness.",
      "category": "groceries",
      "price": 12.99,
      "discountPercentage": 9.61,
      "rating": 4.47,
      "stock": 86,
      "tags": [
        "meat"
      ],
      "sku": "GRO-BRD-BEE-017",
      "weight": 10,
      "dimensions": {
        "width": 18.9,
        "height": 5.77,
        "depth": 18.57
      },
      "warrantyInformation": "3 year warranty",
      "shippingInformation": "Ships overnight",
      "availabilityStatus": "In Stock",
      "reviews": [
        {
          "rating": 3,
          "comment": "Would not recommend!",
          "date": "2025-04-30T09:41:02.053Z",
          "reviewerName": "Eleanor Tyler",
          "reviewerEmail": "eleanor.tyler@x.dummyjson.com"
        },
        {
          "rating": 4,
          "comment": "Fast shipping!",
          "date": "2025-04-30T09:41:02.053Z",
          "reviewerName": "Alexander Jones",
          "reviewerEmail": "alexander.jones@x.dummyjson.com"
        },
        {
          "rating": 5,
          "comment": "Great value for money!",
          "date": "2025-04-30T09:41:02.053Z",
          "reviewerName": "Natalie Harris",
          "reviewerEmail": "natalie.harris@x.dummyjson.com"
        }
      ],
      "returnPolicy": "60 days return policy",
      "minimumOrderQuantity": 43,
      "meta": {
        "createdAt": "2025-04-30T09:41:02.053Z",
        "updatedAt": "2025-04-30T09:41:02.053Z",
        "barcode": "5640063409695",
        "qrCode": "https://cdn.dummyjson.com/public/qr-code.png"
      },
      "images": [
        "https://cdn.dummyjson.com/product-images/groceries/beef-steak/1.webp"
      ],
      "thumbnail": "https://cdn.dummyjson.com/product-images/groceries/beef-steak/thumbnail.webp"
    },
    {
      "id": 185,
      "title": "Black & Brown Slipper",
      "description": "The Black & Brown Slipper is a comfortable and stylish choice for casual wear. Featuring a blend of black and brown colors, it adds a touch of sophistication to your relaxation.",
      "category": "womens-shoes",
      "price": 19.99,
      "discountPercentage": 3.33,
      "rating": 2.53,
      "stock": 3,
      "tags": [
        "footwear",
        "slippers"
      ],
      "brand": "Comfort Trends",
      "sku": "WOM-COM-BLA-185",
      "weight": 5,
      "dimensions": {
        "width": 21.35,
        "height": 26.21,
        "depth": 17
      },
      "warrantyInformation": "Lifetime warranty",
      "shippingInformation": "Ships in 1 month",
      "availabilityStatus": "Low Stock",
      "reviews": [
        {
          "rating": 5,
          "comment": "Highly impressed!",
          "date": "2025-04-30T09:41:02.054Z",
          "reviewerName": "Isaac Lawrence",
          "reviewerEmail": "isaac.lawrence@x.dummyjson.com"
        },
        {
          "rating": 2,
          "comment": "Not worth the price!",
          "date": "2025-04-30T09:41:02.054Z",
          "reviewerName": "William Gonzalez",
          "reviewerEmail": "william.gonzalez@x.dummyjson.com"
        },
        {
          "rating": 4,
          "comment": "Very happy with my purchase!",
          "date": "2025-04-30T09:41:02.054Z",
          "reviewerName": "Sophia Jones",
          "reviewerEmail": "sophia.jones@x.dummyjson.com"
        }
      ],
      "returnPolicy": "60 days return policy",
      "minimumOrderQuantity": 47,
      "meta": {
        "createdAt": "2025-04-30T09:41:02.054Z",
        "updatedAt": "2025-04-30T09:41:02.054Z",
        "barcode": "5732146194724",
        "qrCode": "https://cdn.dummyjson.com/public/qr-code.png"
      },
      "images": [
        "https://cdn.dummyjson.com/product-images/womens-shoes/black-&-brown-slipper/1.webp",
        "https://cdn.dummyjson.com/product-images/womens-shoes/black-&-brown-slipper/2.webp",
        "https://cdn.dummyjson.com/product-images/womens-shoes/black-&-brown-slipper/3.webp",
        "https://cdn.dummyjson.com/product-images/womens-shoes/black-&-brown-slipper/4.webp"
      ],
      "thumbnail": "https://cdn.dummyjson.com/product-images/womens-shoes/black-&-brown-slipper/thumbnail.webp"
    },
    {
      "id": 49,
      "title": "Black Aluminium Cup",
      "description": "The Black Aluminium Cup is a stylish and durable cup suitable for both hot and cold beverages. Its sleek black design adds a modern touch to your drinkware collection.",
      "category": "kitchen-accessories",
      "price": 5.99,
      "discountPercentage": 15.65,
      "rating": 4.46,
      "stock": 75,
      "tags": [
        "drinkware",
        "cups"
      ],
      "sku": "KIT-BRD-BLA-049",
      "weight": 7,
      "dimensions": {
        "width": 5.88,
        "height": 5.11,
        "depth": 10.03
      },
      "warrantyInformation": "1 year warranty",
      "shippingInformation": "Ships overnight",
      "availabilityStatus": "In Stock",
      "reviews": [
        {
          "rating": 3,
          "comment": "Very disappointed!",
          "date": "2025-04-30T09:41:02.053Z",
          "reviewerName": "Alexander Hernandez",
          "reviewerEmail": "alexander.hernandez@x.dummyjson.com"
        },
        {
          "rating": 5,
          "comment": "Great value for money!",
          "date": "2025-04-30T09:41:02.053Z",
          "reviewerName": "Aurora Rodriguez",
          "reviewerEmail": "aurora.rodriguez@x.dummyjson.com"
        },
        {
          "rating": 1,
          "comment": "Not worth the price!",
          "date": "2025-04-30T09:41:02.053Z",
          "reviewerName": "Benjamin Foster",
          "reviewerEmail": "benjamin.foster@x.dummyjson.com"
        }
      ],
      "returnPolicy": "30 days return policy",
      "minimumOrderQuantity": 48,
      "meta": {
        "createdAt": "2025-04-30T09:41:02.053Z",
        "updatedAt": "2025-04-30T09:41:02.053Z",
        "barcode": "5606164195748",
        "qrCode": "https://cdn.dummyjson.com/public/qr-code.png"
      },
      "images": [
        "https://cdn.dummyjson.com/product-images/kitchen-accessories/black-aluminium-cup/1.webp",
        "https://cdn.dummyjson.com/product-images/kitchen-accessories/black-aluminium-cup/2.webp"
      ],
      "thumbnail": "https://cdn.dummyjson.com/product-images/kitchen-accessories/black-aluminium-cup/thumbnail.webp"
    },
    {
      "id": 154,
      "title": "Black Sun Glasses",
      "description": "The Black Sun Glasses are a classic and stylish choice, featuring a sleek black frame and tinted lenses. They provide both UV protection and a fashionable look.",
      "category": "sunglasses",
      "price": 29.99,
      "discountPercentage": 4.94,
      "rating": 4.41,
      "stock": 60,
      "tags": [
        "eyewear",
        "sunglasses"
      ],
      "brand": "Fashion Shades",
      "sku": "SUN-FAS-BLA-154",
      "weight": 1,
      "dimensions": {
        "width": 18.51,
        "height": 15.69,
        "depth": 10.11
      },
      "warrantyInformation": "No warranty",
      "shippingInformation": "Ships in 1-2 business days",
      "availabilityStatus": "In Stock",
      "reviews": [
        {
          "rating": 3,
          "comment": "Would not recommend!",
          "date": "2025-04-30T09:41:02.054Z",
          "reviewerName": "Jonathan Pierce",
          "reviewerEmail": "jonathan.pierce@x.dummyjson.com"
        },
        {
          "rating": 2,
          "comment": "Disappointing product!",
          "date": "2025-04-30T09:41:02.054Z",
          "reviewerName": "Owen Fisher",
          "reviewerEmail": "owen.fisher@x.dummyjson.com"
        },
        {
          "rating": 4,
          "comment": "Very happy with my purchase!",
          "date": "2025-04-30T09:41:02.054Z",
          "reviewerName": "Samantha Martinez",
          "reviewerEmail": "samantha.martinez@x.dummyjson.com"
        }
      ],
      "returnPolicy": "7 days return policy",
      "minimumOrderQuantity": 17,
      "meta": {
        "createdAt": "2025-04-30T09:41:02.054Z",
        "updatedAt": "2025-04-30T09:41:02.054Z",
        "barcode": "1045032983803",
        "qrCode": "https://cdn.dummyjson.com/public/qr-code.png"
      },
      "images": [
        "https://cdn.dummyjson.com/product-images/sunglasses/black-sun-glasses/1.webp",
        "https://cdn.dummyjson.com/product-images/sunglasses/black-sun-glasses/2.webp",
        "https://cdn.dummyjson.com/product-images/sunglasses/black-sun-glasses/3.webp"
      ],
      "thumbnail": "https://cdn.dummyjson.com/product-images/sunglasses/black-sun-glasses/thumbnail.webp"
    },
    {
      "id": 50,
      "title": "Black Whisk",
      "description": "The Black Whisk is a kitchen essential for whisking and beating ingredients. Its ergonomic handle and sleek design make it a practical and stylish tool.",
      "category": "kitchen-accessories",
      "price": 9.99,
      "discountPercentage": 10.24,
      "rating": 3.9,
      "stock": 73,
      "tags": [
        "kitchen tools",
        "utensils"
      ],
      "sku": "KIT-BRD-BLA-050",
      "weight": 1,
      "dimensions": {
        "width": 13.03,
        "height": 5.99,
        "depth": 20.64
      },
      "warrantyInformation": "3 months warranty",
      "shippingInformation": "Ships in 1 month",
      "availabilityStatus": "In Stock",
      "reviews": [
        {
          "rating": 3,
          "comment": "Not worth the price!",
          "date": "2025-04-30T09:41:02.053Z",
          "reviewerName": "Cameron Perez",
          "reviewerEmail": "cameron.perez@x.dummyjson.com"
        },
        {
          "rating": 1,
          "comment": "Waste of money!",
          "date": "2025-04-30T09:41:02.053Z",
          "reviewerName": "Benjamin Foster",
          "reviewerEmail": "benjamin.foster@x.dummyjson.com"
        },
        {
          "rating": 5,
          "comment": "Very pleased!",
          "date": "2025-04-30T09:41:02.053Z",
          "reviewerName": "Paisley Bell",
          "reviewerEmail": "paisley.bell@x.dummyjson.com"
        }
      ],
      "returnPolicy": "30 days return policy",
      "minimumOrderQuantity": 40,
      "meta": {
        "createdAt": "2025-04-30T09:41:02.053Z",
        "updatedAt": "2025-04-30T09:41:02.053Z",
        "barcode": "3112495795209",
        "qrCode": "https://cdn.dummyjson.com/public/qr-code.png"
      },
      "images": [
        "https://cdn.dummyjson.com/product-images/kitchen-accessories/black-whisk/1.webp"
      ],
      "thumbnail": "https://cdn.dummyjson.com/product-images/kitchen-accessories/black-whisk/thumbnail.webp"
    },
    {
      "id": 177,
      "title": "Black Women's Gown",
      "description": "The Black Women's Gown is an elegant and timeless evening gown. With a sleek black design, it's perfect for formal events and special occasions, exuding sophistication and style.",
      "category": "womens-dresses",
      "price": 129.99,
      "discountPercentage": 10.48,
      "rating": 3.64,
      "stock": 25,
      "tags": [
        "clothing",
        "gowns"
      ],
      "sku": "WOM-BRD-BLA-177",
      "weight": 2,
      "dimensions": {
        "width": 7.86,
        "height": 9.02,
        "depth": 25.82
      },
      "warrantyInformation": "Lifetime warranty",
      "shippingInformation": "Ships in 1 week",
      "availabilityStatus": "In Stock",
      "reviews": [
        {
          "rating": 4,
          "comment": "Great value for money!",
          "date": "2025-04-30T09:41:02.054Z",
          "reviewerName": "Ethan Fletcher",
          "reviewerEmail": "ethan.fletcher@x.dummyjson.com"
        },
        {
          "rating": 3,
          "comment": "Very dissatisfied!",
          "date": "2025-04-30T09:41:02.054Z",
          "reviewerName": "Julian Newton",
          "reviewerEmail": "julian.newton@x.dummyjson.com"
        },
        {
          "rating": 5,
          "comment": "Very satisfied!",
          "date": "2025-04-30T09:41:02.054Z",
          "reviewerName": "Savannah Gomez",
          "reviewerEmail": "savannah.gomez@x.dummyjson.com"
        }
      ],
      "returnPolicy": "No return policy",
      "minimumOrderQuantity": 5,
      "meta": {
        "createdAt": "2025-04-30T09:41:02.054Z",
        "updatedAt": "2025-04-30T09:41:02.054Z",
        "barcode": "0630346013554",
        "qrCode": "https://cdn.dummyjson.com/public/qr-code.png"
      },
      "images": [
        "https://cdn.dummyjson.com/product-images/womens-dresses/black-women's-gown/1.webp",
        "https://cdn.dummyjson.com/product-images/womens-dresses/black-women's-gown/2.webp",
        "https://cdn.dummyjson.com/product-images/womens-dresses/black-women's-gown/3.webp",
        "https://cdn.dummyjson.com/product-images/womens-dresses/black-women's-gown/4.webp"
      ],
      "thumbnail": "https://cdn.dummyjson.com/product-images/womens-dresses/black-women's-gown/thumbnail.webp"
    },
    {
      "id": 83,
      "title": "Blue & Black Check Shirt",
      "description": "The Blue & Black Check Shirt is a stylish and comfortable men's shirt featuring a classic check pattern. Made from high-quality fabric, it's suitable for both casual and semi-formal occasions.",
      "category": "mens-shirts",
      "price": 29.99,
      "discountPercentage": 15.35,
      "rating": 3.64,
      "stock": 38,
      "tags": [
        "clothing",
        "men's shirts"
      ],
      "brand": "Fashion Trends",
      "sku": "MEN-FAS-BLU-083",
      "weight": 4,
      "dimensions": {
        "width": 27.49,
        "height": 23.73,
        "depth": 28.61
      },
      "warrantyInformation": "3 year warranty",
      "shippingInformation": "Ships in 3-5 business days",
      "availabilityStatus": "In Stock",
      "reviews": [
        {
          "rating": 1,
          "comment": "Waste of money!",
          "date": "2025-04-30T09:41:02.053Z",
          "reviewerName": "Logan Lee",
          "reviewerEmail": "logan.lee@x.dummyjson.com"
        },
        {
          "rating": 5,
          "comment": "Very satisfied!",
          "date": "2025-04-30T09:41:02.053Z",
          "reviewerName": "Zachary Lee",
          "reviewerEmail": "zachary.lee@x.dummyjson.com"
        },
        {
          "rating": 4,
          "comment": "Fast shipping!",
          "date": "2025-04-30T09:41:02.053Z",
          "reviewerName": "Aurora Rodriguez",
          "reviewerEmail": "aurora.rodriguez@x.dummyjson.com"
        }
      ],
      "returnPolicy": "30 days return policy",
      "minimumOrderQuantity": 18,
      "meta": {
        "createdAt": "2025-04-30T09:41:02.053Z",
        "updatedAt": "2025-04-30T09:41:02.053Z",
        "barcode": "7148674604957",
        "qrCode": "https://cdn.dummyjson.com/public/qr-code.png"
      },
      "images": [
        "https://cdn.dummyjson.com/product-images/mens-shirts/blue-&-black-check-shirt/1.webp",
        "https://cdn.dummyjson.com/product-images/mens-shirts/blue-&-black-check-shirt/2.webp",
        "https://cdn.dummyjson.com/product-images/mens-shirts/blue-&-black-check-shirt/3.webp",
        "https://cdn.dummyjson.com/product-images/mens-shirts/blue-&-black-check-shirt/4.webp"
      ],
      "thumbnail": "https://cdn.dummyjson.com/product-images/mens-shirts/blue-&-black-check-shirt/thumbnail.webp"
    }
  ],
  "total": 194,
  "skip": 0,
  "limit": 30
}
 
]]></system-out>
  </testcase>
  <testcase name="[7:61] Get All Product Categories" classname="dummyjson/Products" time="0.112">
    <system-out><![CDATA[18:09:11.629 [main] DEBUG org.apache.http.client.protocol.RequestAddCookies -- CookieSpec selected: karate
18:09:11.629 [main] DEBUG org.apache.http.client.protocol.RequestAuthCache -- Auth cache not set in the context
18:09:11.629 [main] DEBUG com.intuit.karate -- request:
1 > GET https://dummyjson.com/products/categories
1 > Host: dummyjson.com
1 > Connection: Keep-Alive
1 > User-Agent: Apache-HttpClient/4.5.14 (Java/21.0.8)
1 > Accept-Encoding: gzip,deflate


18:09:11.630 [main] DEBUG org.apache.http.impl.conn.PoolingHttpClientConnectionManager -- Connection request: [route: {s}->https://dummyjson.com:443][total available: 0; route allocated: 0 of 5; total allocated: 0 of 10]
18:09:11.630 [main] DEBUG org.apache.http.impl.conn.PoolingHttpClientConnectionManager -- Connection leased: [id: 6][route: {s}->https://dummyjson.com:443][total available: 0; route allocated: 1 of 5; total allocated: 1 of 10]
18:09:11.630 [main] DEBUG org.apache.http.impl.execchain.MainClientExec -- Opening connection {s}->https://dummyjson.com:443
18:09:11.631 [main] DEBUG org.apache.http.impl.conn.DefaultHttpClientConnectionOperator -- Connecting to dummyjson.com/66.33.22.2:443
18:09:11.631 [main] DEBUG org.apache.http.conn.ssl.SSLConnectionSocketFactory -- Connecting socket to dummyjson.com/66.33.22.2:443 with timeout 30000
18:09:11.653 [main] DEBUG org.apache.http.conn.ssl.SSLConnectionSocketFactory -- Enabled protocols: [TLSv1.3, TLSv1.2]
18:09:11.654 [main] DEBUG org.apache.http.conn.ssl.SSLConnectionSocketFactory -- Enabled cipher suites:[TLS_AES_256_GCM_SHA384, TLS_AES_128_GCM_SHA256, TLS_CHACHA20_POLY1305_SHA256, TLS_ECDHE_ECDSA_WITH_AES_256_GCM_SHA384, TLS_ECDHE_ECDSA_WITH_AES_128_GCM_SHA256, TLS_ECDHE_ECDSA_WITH_CHACHA20_POLY1305_SHA256, TLS_ECDHE_RSA_WITH_AES_256_GCM_SHA384, TLS_ECDHE_RSA_WITH_CHACHA20_POLY1305_SHA256, TLS_ECDHE_RSA_WITH_AES_128_GCM_SHA256, TLS_DHE_RSA_WITH_AES_256_GCM_SHA384, TLS_DHE_RSA_WITH_CHACHA20_POLY1305_SHA256, TLS_DHE_DSS_WITH_AES_256_GCM_SHA384, TLS_DHE_RSA_WITH_AES_128_GCM_SHA256, TLS_DHE_DSS_WITH_AES_128_GCM_SHA256, TLS_ECDHE_ECDSA_WITH_AES_256_CBC_SHA384, TLS_ECDHE_RSA_WITH_AES_256_CBC_SHA384, TLS_ECDHE_ECDSA_WITH_AES_128_CBC_SHA256, TLS_ECDHE_RSA_WITH_AES_128_CBC_SHA256, TLS_DHE_RSA_WITH_AES_256_CBC_SHA256, TLS_DHE_DSS_WITH_AES_256_CBC_SHA256, TLS_DHE_RSA_WITH_AES_128_CBC_SHA256, TLS_DHE_DSS_WITH_AES_128_CBC_SHA256, TLS_ECDHE_ECDSA_WITH_AES_256_CBC_SHA, TLS_ECDHE_RSA_WITH_AES_256_CBC_SHA, TLS_ECDHE_ECDSA_WITH_AES_128_CBC_SHA, TLS_ECDHE_RSA_WITH_AES_128_CBC_SHA, TLS_DHE_RSA_WITH_AES_256_CBC_SHA, TLS_DHE_DSS_WITH_AES_256_CBC_SHA, TLS_DHE_RSA_WITH_AES_128_CBC_SHA, TLS_DHE_DSS_WITH_AES_128_CBC_SHA, TLS_RSA_WITH_AES_256_GCM_SHA384, TLS_RSA_WITH_AES_128_GCM_SHA256, TLS_RSA_WITH_AES_256_CBC_SHA256, TLS_RSA_WITH_AES_128_CBC_SHA256, TLS_RSA_WITH_AES_256_CBC_SHA, TLS_RSA_WITH_AES_128_CBC_SHA, TLS_EMPTY_RENEGOTIATION_INFO_SCSV]
18:09:11.654 [main] DEBUG org.apache.http.conn.ssl.SSLConnectionSocketFactory -- Starting handshake
18:09:11.686 [main] DEBUG org.apache.http.conn.ssl.SSLConnectionSocketFactory -- Secure session established
18:09:11.686 [main] DEBUG org.apache.http.conn.ssl.SSLConnectionSocketFactory --  negotiated protocol: TLSv1.3
18:09:11.686 [main] DEBUG org.apache.http.conn.ssl.SSLConnectionSocketFactory --  negotiated cipher suite: TLS_AES_128_GCM_SHA256
18:09:11.686 [main] DEBUG org.apache.http.conn.ssl.SSLConnectionSocketFactory --  peer principal: CN=dummyjson.com
18:09:11.686 [main] DEBUG org.apache.http.conn.ssl.SSLConnectionSocketFactory --  peer alternative names: [dummyjson.com]
18:09:11.686 [main] DEBUG org.apache.http.conn.ssl.SSLConnectionSocketFactory --  issuer principal: CN=R11, O=Let's Encrypt, C=US
18:09:11.686 [main] DEBUG org.apache.http.impl.conn.DefaultHttpClientConnectionOperator -- Connection established 192.168.1.15:64689<->66.33.22.2:443
18:09:11.686 [main] DEBUG org.apache.http.impl.conn.DefaultManagedHttpClientConnection -- http-outgoing-6: set socket timeout to 30000
18:09:11.686 [main] DEBUG org.apache.http.impl.execchain.MainClientExec -- Executing request GET /products/categories HTTP/1.1
18:09:11.686 [main] DEBUG org.apache.http.impl.execchain.MainClientExec -- Target auth state: UNCHALLENGED
18:09:11.686 [main] DEBUG org.apache.http.impl.execchain.MainClientExec -- Proxy auth state: UNCHALLENGED
18:09:11.686 [main] DEBUG org.apache.http.headers -- http-outgoing-6 >> GET /products/categories HTTP/1.1
18:09:11.687 [main] DEBUG org.apache.http.headers -- http-outgoing-6 >> Host: dummyjson.com
18:09:11.687 [main] DEBUG org.apache.http.headers -- http-outgoing-6 >> Connection: Keep-Alive
18:09:11.687 [main] DEBUG org.apache.http.headers -- http-outgoing-6 >> User-Agent: Apache-HttpClient/4.5.14 (Java/21.0.8)
18:09:11.687 [main] DEBUG org.apache.http.headers -- http-outgoing-6 >> Accept-Encoding: gzip,deflate
18:09:11.687 [main] DEBUG org.apache.http.wire -- http-outgoing-6 >> "GET /products/categories HTTP/1.1[\r][\n]"
18:09:11.687 [main] DEBUG org.apache.http.wire -- http-outgoing-6 >> "Host: dummyjson.com[\r][\n]"
18:09:11.687 [main] DEBUG org.apache.http.wire -- http-outgoing-6 >> "Connection: Keep-Alive[\r][\n]"
18:09:11.687 [main] DEBUG org.apache.http.wire -- http-outgoing-6 >> "User-Agent: Apache-HttpClient/4.5.14 (Java/21.0.8)[\r][\n]"
18:09:11.687 [main] DEBUG org.apache.http.wire -- http-outgoing-6 >> "Accept-Encoding: gzip,deflate[\r][\n]"
18:09:11.687 [main] DEBUG org.apache.http.wire -- http-outgoing-6 >> "[\r][\n]"
18:09:11.708 [main] DEBUG org.apache.http.wire -- http-outgoing-6 << "HTTP/1.1 200 OK[\r][\n]"
18:09:11.708 [main] DEBUG org.apache.http.wire -- http-outgoing-6 << "Access-Control-Allow-Origin: *[\r][\n]"
18:09:11.708 [main] DEBUG org.apache.http.wire -- http-outgoing-6 << "Content-Encoding: gzip[\r][\n]"
18:09:11.708 [main] DEBUG org.apache.http.wire -- http-outgoing-6 << "Content-Type: application/json; charset=utf-8[\r][\n]"
18:09:11.708 [main] DEBUG org.apache.http.wire -- http-outgoing-6 << "Date: Wed, 23 Jul 2025 11:09:11 GMT[\r][\n]"
18:09:11.708 [main] DEBUG org.apache.http.wire -- http-outgoing-6 << "Etag: W/"9d0-QmRzWSDU7v9xEumlsVypMgUm22A"[\r][\n]"
18:09:11.708 [main] DEBUG org.apache.http.wire -- http-outgoing-6 << "Server: railway-edge[\r][\n]"
18:09:11.708 [main] DEBUG org.apache.http.wire -- http-outgoing-6 << "Strict-Transport-Security: max-age=15552000; includeSubDomains[\r][\n]"
18:09:11.708 [main] DEBUG org.apache.http.wire -- http-outgoing-6 << "Vary: Accept-Encoding[\r][\n]"
18:09:11.708 [main] DEBUG org.apache.http.wire -- http-outgoing-6 << "X-Content-Type-Options: nosniff[\r][\n]"
18:09:11.708 [main] DEBUG org.apache.http.wire -- http-outgoing-6 << "X-Dns-Prefetch-Control: off[\r][\n]"
18:09:11.708 [main] DEBUG org.apache.http.wire -- http-outgoing-6 << "X-Download-Options: noopen[\r][\n]"
18:09:11.708 [main] DEBUG org.apache.http.wire -- http-outgoing-6 << "X-Frame-Options: SAMEORIGIN[\r][\n]"
18:09:11.708 [main] DEBUG org.apache.http.wire -- http-outgoing-6 << "X-Powered-By: Cats on Keyboards[\r][\n]"
18:09:11.708 [main] DEBUG org.apache.http.wire -- http-outgoing-6 << "X-Railway-Edge: railway/asia-southeast1-eqsg3a[\r][\n]"
18:09:11.708 [main] DEBUG org.apache.http.wire -- http-outgoing-6 << "X-Railway-Request-Id: awhqMz61QbKwcxsPDcO5xA[\r][\n]"
18:09:11.708 [main] DEBUG org.apache.http.wire -- http-outgoing-6 << "X-Ratelimit-Limit: 100[\r][\n]"
18:09:11.708 [main] DEBUG org.apache.http.wire -- http-outgoing-6 << "X-Ratelimit-Remaining: 98[\r][\n]"
18:09:11.708 [main] DEBUG org.apache.http.wire -- http-outgoing-6 << "X-Ratelimit-Reset: 1753268958[\r][\n]"
18:09:11.708 [main] DEBUG org.apache.http.wire -- http-outgoing-6 << "X-Xss-Protection: 1; mode=block[\r][\n]"
18:09:11.708 [main] DEBUG org.apache.http.wire -- http-outgoing-6 << "Transfer-Encoding: chunked[\r][\n]"
18:09:11.708 [main] DEBUG org.apache.http.wire -- http-outgoing-6 << "[\r][\n]"
18:09:11.708 [main] DEBUG org.apache.http.wire -- http-outgoing-6 << "a[\r][\n]"
18:09:11.708 [main] DEBUG org.apache.http.wire -- http-outgoing-6 << "[0x1f][0x8b][0x8][0x0][0x0][0x0][0x0][0x0][0x0][0x3][\r][\n]"
18:09:11.709 [main] DEBUG org.apache.http.headers -- http-outgoing-6 << HTTP/1.1 200 OK
18:09:11.709 [main] DEBUG org.apache.http.headers -- http-outgoing-6 << Access-Control-Allow-Origin: *
18:09:11.709 [main] DEBUG org.apache.http.headers -- http-outgoing-6 << Content-Encoding: gzip
18:09:11.709 [main] DEBUG org.apache.http.headers -- http-outgoing-6 << Content-Type: application/json; charset=utf-8
18:09:11.709 [main] DEBUG org.apache.http.headers -- http-outgoing-6 << Date: Wed, 23 Jul 2025 11:09:11 GMT
18:09:11.709 [main] DEBUG org.apache.http.headers -- http-outgoing-6 << Etag: W/"9d0-QmRzWSDU7v9xEumlsVypMgUm22A"
18:09:11.709 [main] DEBUG org.apache.http.headers -- http-outgoing-6 << Server: railway-edge
18:09:11.709 [main] DEBUG org.apache.http.headers -- http-outgoing-6 << Strict-Transport-Security: max-age=15552000; includeSubDomains
18:09:11.709 [main] DEBUG org.apache.http.headers -- http-outgoing-6 << Vary: Accept-Encoding
18:09:11.709 [main] DEBUG org.apache.http.headers -- http-outgoing-6 << X-Content-Type-Options: nosniff
18:09:11.709 [main] DEBUG org.apache.http.headers -- http-outgoing-6 << X-Dns-Prefetch-Control: off
18:09:11.709 [main] DEBUG org.apache.http.headers -- http-outgoing-6 << X-Download-Options: noopen
18:09:11.709 [main] DEBUG org.apache.http.headers -- http-outgoing-6 << X-Frame-Options: SAMEORIGIN
18:09:11.709 [main] DEBUG org.apache.http.headers -- http-outgoing-6 << X-Powered-By: Cats on Keyboards
18:09:11.709 [main] DEBUG org.apache.http.headers -- http-outgoing-6 << X-Railway-Edge: railway/asia-southeast1-eqsg3a
18:09:11.709 [main] DEBUG org.apache.http.headers -- http-outgoing-6 << X-Railway-Request-Id: awhqMz61QbKwcxsPDcO5xA
18:09:11.709 [main] DEBUG org.apache.http.headers -- http-outgoing-6 << X-Ratelimit-Limit: 100
18:09:11.709 [main] DEBUG org.apache.http.headers -- http-outgoing-6 << X-Ratelimit-Remaining: 98
18:09:11.709 [main] DEBUG org.apache.http.headers -- http-outgoing-6 << X-Ratelimit-Reset: 1753268958
18:09:11.709 [main] DEBUG org.apache.http.headers -- http-outgoing-6 << X-Xss-Protection: 1; mode=block
18:09:11.709 [main] DEBUG org.apache.http.headers -- http-outgoing-6 << Transfer-Encoding: chunked
18:09:11.709 [main] DEBUG org.apache.http.impl.execchain.MainClientExec -- Connection can be kept alive indefinitely
18:09:11.709 [main] DEBUG org.apache.http.wire -- http-outgoing-6 << "1c3[\r][\n]"
18:09:11.709 [main] DEBUG org.apache.http.wire -- http-outgoing-6 << "[0xa5][0x94]MO[0xe3]0[0x14]E[0xff]J[0xe4]5%[0xfb][0xee][0xf8][0xd0][0x80][0x6]X[0x15][0xc1][0x2][0xb1]p[0xdd]7[0x89][0xa9][0xe3][0x17][0xd9][0xe]U[0x84][0xf8][0xef]hJ[0x93]\'[0xd9]8][0xe6]>[0xf9][0x9c][0xc4]v[0xee][0xdb][0x97][0xf0][0xa6])[0xc4]ZlI6[0xa1][0x15][0x17][0xc2][0xca][0x8a][0xc4]Z\w[0xcf][0x8d]3b-[0xca][0x10]j[0xbf][0xce][0xf3]]SU[0xed][0x87]g{[0xa9][0xb8][0xca]k[0xc7][0xbb]F[0x5][0x9f]+[0x19][0xa8]`[0xd7][0xe6]'[0xcc][0xf7]E[0xf][0xfe][0xe7]d[0xe1][0xa4]U[0xe4][0x7][0xf8][0x1f][0xcc][0xd2][0x4][0x80]CI[0xe3][0xac][0xe][0x8d]#p@[0x94][0xa8][0xe8]W[0x82][0xa1]p[0xac][0xc8]i[0xfc][0x8a];[0x88][0xd2][0xc][0x3][0xc][0xc]%W[0xb4][0xda][0x91]b'[0x83]f;x[0xee][0xb9][0xa2][0xec][0x16][0x7]i[0xb6]1[0x18][0x9c]{[0x1d]TIv%[0x95]"[0xef]9[0xfe][0xbe][0x87][0xdf]av[0x15][\r][0xd3][0xdc]s[0x2][0xf0][0x1b]Y[0x7][0xae][0xc1][0xf9][0xd8][0x7]i[0x9e][0xe][0x4][0xec][0x8a][0xac]_[0xf9]R[0xbb][0x0][0xfc]'[0xb2]>[0xdb]ta[0x9a][0x3][0x81]S[0xf][0xd3]T[0xc3][0xb]v[0xc]pc[0xc9]A[0xfe][0xdf][0xcc][0xb1][0xe6][0xb5]O[0x17][0x88]:$[0xaa]x[0xab][\r][0xcd]_[0x89][0xa7][0xe3][0xec][0xac][0x1b]1[0x83][0x8f][0xe4][0x81][0x9d]j[0x95]![0x94]B[0x96]*[0xeb][0x97][0x82][0xc4][0xef][0xb5]])[0x89]m[0xb1][0xd9]k[0x9b][0xdd][0xc8][0x5]m1[0xc0][0xd0]PI[0x17][0xea][0x92]-n[0xde]&[\n]"
18:09:11.709 [main] DEBUG org.apache.http.wire -- http-outgoing-6 << "[0x13]-[0xb0][0x16]=5[0xbb][0xe0][0xe7][0xcf]js[0x9c][0x9d]uV3x[0x94]7[0xb6]0[0xd2][0xfb]H[0x8a]Y[0xa2]lX[\n]"
18:09:11.709 [main] DEBUG org.apache.http.wire -- http-outgoing-6 << "[0x92] [0xb7][0x86][0xf0][0xf]~[0xee][0x83]4|[0x7]BvT=[0xcf]Kzg\:[0x9f]T[0xea][0xe8][0xf2][0xbe][0xf4]A[0x1a][0xb8][0x3][0x1][0xfb][0xc0][0xc7]_v+[0xb]x[0xeb][0xd7]c[0x98]][0xff][0x86]i[0xe][0x4]N=;G[0xf1][0xd9][0x9e]T[0xb7]}[0xbe][0xc8][0xd6]a[0xa7][0xc2][0xf]:[0x90]1[0xe4][0xda][0x89][0xf2]/L[0x16]I[0x7][0xf4]T;[0xaa][0xee][0x93]rYyG[0xc8][0xa9]jR[0xe0]'[0xd9][0xd2][\n]"
18:09:11.709 [main] DEBUG org.apache.http.wire -- http-outgoing-6 << "[0x1f]a[0xbf][0xdf][0x0][0xd2][0xf5]Y[0xa5][0xd0][0x9][0x0][0x0][\r][\n]"
18:09:11.709 [main] DEBUG org.apache.http.impl.conn.DefaultManagedHttpClientConnection -- http-outgoing-6: Close connection
18:09:11.710 [main] DEBUG org.apache.http.impl.execchain.MainClientExec -- Connection discarded
18:09:11.710 [main] DEBUG org.apache.http.impl.conn.PoolingHttpClientConnectionManager -- Connection released: [id: 6][route: {s}->https://dummyjson.com:443][total available: 0; route allocated: 0 of 5; total allocated: 0 of 10]
18:09:11.710 [main] DEBUG org.apache.http.impl.conn.PoolingHttpClientConnectionManager -- Connection manager is shutting down
18:09:11.710 [main] DEBUG org.apache.http.impl.conn.PoolingHttpClientConnectionManager -- Connection manager shut down
18:09:11.710 [main] DEBUG com.intuit.karate -- response time in milliseconds: 79
1 < 200
1 < Access-Control-Allow-Origin: *
1 < Content-Type: application/json; charset=utf-8
1 < Date: Wed, 23 Jul 2025 11:09:11 GMT
1 < Etag: W/"9d0-QmRzWSDU7v9xEumlsVypMgUm22A"
1 < Server: railway-edge
1 < Strict-Transport-Security: max-age=15552000; includeSubDomains
1 < Vary: Accept-Encoding
1 < X-Content-Type-Options: nosniff
1 < X-Dns-Prefetch-Control: off
1 < X-Download-Options: noopen
1 < X-Frame-Options: SAMEORIGIN
1 < X-Powered-By: Cats on Keyboards
1 < X-Railway-Edge: railway/asia-southeast1-eqsg3a
1 < X-Railway-Request-Id: awhqMz61QbKwcxsPDcO5xA
1 < X-Ratelimit-Limit: 100
1 < X-Ratelimit-Remaining: 98
1 < X-Ratelimit-Reset: 1753268958
1 < X-Xss-Protection: 1; mode=block
1 < Transfer-Encoding: chunked
[{"slug":"beauty","name":"Beauty","url":"https://dummyjson.com/products/category/beauty"},{"slug":"fragrances","name":"Fragrances","url":"https://dummyjson.com/products/category/fragrances"},{"slug":"furniture","name":"Furniture","url":"https://dummyjson.com/products/category/furniture"},{"slug":"groceries","name":"Groceries","url":"https://dummyjson.com/products/category/groceries"},{"slug":"home-decoration","name":"Home Decoration","url":"https://dummyjson.com/products/category/home-decoration"},{"slug":"kitchen-accessories","name":"Kitchen Accessories","url":"https://dummyjson.com/products/category/kitchen-accessories"},{"slug":"laptops","name":"Laptops","url":"https://dummyjson.com/products/category/laptops"},{"slug":"mens-shirts","name":"Mens Shirts","url":"https://dummyjson.com/products/category/mens-shirts"},{"slug":"mens-shoes","name":"Mens Shoes","url":"https://dummyjson.com/products/category/mens-shoes"},{"slug":"mens-watches","name":"Mens Watches","url":"https://dummyjson.com/products/category/mens-watches"},{"slug":"mobile-accessories","name":"Mobile Accessories","url":"https://dummyjson.com/products/category/mobile-accessories"},{"slug":"motorcycle","name":"Motorcycle","url":"https://dummyjson.com/products/category/motorcycle"},{"slug":"skin-care","name":"Skin Care","url":"https://dummyjson.com/products/category/skin-care"},{"slug":"smartphones","name":"Smartphones","url":"https://dummyjson.com/products/category/smartphones"},{"slug":"sports-accessories","name":"Sports Accessories","url":"https://dummyjson.com/products/category/sports-accessories"},{"slug":"sunglasses","name":"Sunglasses","url":"https://dummyjson.com/products/category/sunglasses"},{"slug":"tablets","name":"Tablets","url":"https://dummyjson.com/products/category/tablets"},{"slug":"tops","name":"Tops","url":"https://dummyjson.com/products/category/tops"},{"slug":"vehicle","name":"Vehicle","url":"https://dummyjson.com/products/category/vehicle"},{"slug":"womens-bags","name":"Womens Bags","url":"https://dummyjson.com/products/category/womens-bags"},{"slug":"womens-dresses","name":"Womens Dresses","url":"https://dummyjson.com/products/category/womens-dresses"},{"slug":"womens-jewellery","name":"Womens Jewellery","url":"https://dummyjson.com/products/category/womens-jewellery"},{"slug":"womens-shoes","name":"Womens Shoes","url":"https://dummyjson.com/products/category/womens-shoes"},{"slug":"womens-watches","name":"Womens Watches","url":"https://dummyjson.com/products/category/womens-watches"}]

18:09:11.717 [main] DEBUG com.jayway.jsonpath.internal.path.CompiledPath -- Evaluating path: $
]]></system-out>
  </testcase>
  <testcase name="[8:72] Get Products by Category" classname="dummyjson/Products" time="0.096">
    <system-out><![CDATA[18:09:11.736 [main] DEBUG org.apache.http.client.protocol.RequestAddCookies -- CookieSpec selected: karate
18:09:11.736 [main] DEBUG org.apache.http.client.protocol.RequestAuthCache -- Auth cache not set in the context
18:09:11.736 [main] DEBUG com.intuit.karate -- request:
1 > GET https://dummyjson.com/products/category/smartphones
1 > Host: dummyjson.com
1 > Connection: Keep-Alive
1 > User-Agent: Apache-HttpClient/4.5.14 (Java/21.0.8)
1 > Accept-Encoding: gzip,deflate


18:09:11.736 [main] DEBUG org.apache.http.impl.conn.PoolingHttpClientConnectionManager -- Connection request: [route: {s}->https://dummyjson.com:443][total available: 0; route allocated: 0 of 5; total allocated: 0 of 10]
18:09:11.736 [main] DEBUG org.apache.http.impl.conn.PoolingHttpClientConnectionManager -- Connection leased: [id: 7][route: {s}->https://dummyjson.com:443][total available: 0; route allocated: 1 of 5; total allocated: 1 of 10]
18:09:11.736 [main] DEBUG org.apache.http.impl.execchain.MainClientExec -- Opening connection {s}->https://dummyjson.com:443
18:09:11.736 [main] DEBUG org.apache.http.impl.conn.DefaultHttpClientConnectionOperator -- Connecting to dummyjson.com/66.33.22.2:443
18:09:11.736 [main] DEBUG org.apache.http.conn.ssl.SSLConnectionSocketFactory -- Connecting socket to dummyjson.com/66.33.22.2:443 with timeout 30000
18:09:11.756 [main] DEBUG org.apache.http.conn.ssl.SSLConnectionSocketFactory -- Enabled protocols: [TLSv1.3, TLSv1.2]
18:09:11.756 [main] DEBUG org.apache.http.conn.ssl.SSLConnectionSocketFactory -- Enabled cipher suites:[TLS_AES_256_GCM_SHA384, TLS_AES_128_GCM_SHA256, TLS_CHACHA20_POLY1305_SHA256, TLS_ECDHE_ECDSA_WITH_AES_256_GCM_SHA384, TLS_ECDHE_ECDSA_WITH_AES_128_GCM_SHA256, TLS_ECDHE_ECDSA_WITH_CHACHA20_POLY1305_SHA256, TLS_ECDHE_RSA_WITH_AES_256_GCM_SHA384, TLS_ECDHE_RSA_WITH_CHACHA20_POLY1305_SHA256, TLS_ECDHE_RSA_WITH_AES_128_GCM_SHA256, TLS_DHE_RSA_WITH_AES_256_GCM_SHA384, TLS_DHE_RSA_WITH_CHACHA20_POLY1305_SHA256, TLS_DHE_DSS_WITH_AES_256_GCM_SHA384, TLS_DHE_RSA_WITH_AES_128_GCM_SHA256, TLS_DHE_DSS_WITH_AES_128_GCM_SHA256, TLS_ECDHE_ECDSA_WITH_AES_256_CBC_SHA384, TLS_ECDHE_RSA_WITH_AES_256_CBC_SHA384, TLS_ECDHE_ECDSA_WITH_AES_128_CBC_SHA256, TLS_ECDHE_RSA_WITH_AES_128_CBC_SHA256, TLS_DHE_RSA_WITH_AES_256_CBC_SHA256, TLS_DHE_DSS_WITH_AES_256_CBC_SHA256, TLS_DHE_RSA_WITH_AES_128_CBC_SHA256, TLS_DHE_DSS_WITH_AES_128_CBC_SHA256, TLS_ECDHE_ECDSA_WITH_AES_256_CBC_SHA, TLS_ECDHE_RSA_WITH_AES_256_CBC_SHA, TLS_ECDHE_ECDSA_WITH_AES_128_CBC_SHA, TLS_ECDHE_RSA_WITH_AES_128_CBC_SHA, TLS_DHE_RSA_WITH_AES_256_CBC_SHA, TLS_DHE_DSS_WITH_AES_256_CBC_SHA, TLS_DHE_RSA_WITH_AES_128_CBC_SHA, TLS_DHE_DSS_WITH_AES_128_CBC_SHA, TLS_RSA_WITH_AES_256_GCM_SHA384, TLS_RSA_WITH_AES_128_GCM_SHA256, TLS_RSA_WITH_AES_256_CBC_SHA256, TLS_RSA_WITH_AES_128_CBC_SHA256, TLS_RSA_WITH_AES_256_CBC_SHA, TLS_RSA_WITH_AES_128_CBC_SHA, TLS_EMPTY_RENEGOTIATION_INFO_SCSV]
18:09:11.757 [main] DEBUG org.apache.http.conn.ssl.SSLConnectionSocketFactory -- Starting handshake
18:09:11.789 [main] DEBUG org.apache.http.conn.ssl.SSLConnectionSocketFactory -- Secure session established
18:09:11.789 [main] DEBUG org.apache.http.conn.ssl.SSLConnectionSocketFactory --  negotiated protocol: TLSv1.3
18:09:11.789 [main] DEBUG org.apache.http.conn.ssl.SSLConnectionSocketFactory --  negotiated cipher suite: TLS_AES_128_GCM_SHA256
18:09:11.789 [main] DEBUG org.apache.http.conn.ssl.SSLConnectionSocketFactory --  peer principal: CN=dummyjson.com
18:09:11.789 [main] DEBUG org.apache.http.conn.ssl.SSLConnectionSocketFactory --  peer alternative names: [dummyjson.com]
18:09:11.789 [main] DEBUG org.apache.http.conn.ssl.SSLConnectionSocketFactory --  issuer principal: CN=R11, O=Let's Encrypt, C=US
18:09:11.789 [main] DEBUG org.apache.http.impl.conn.DefaultHttpClientConnectionOperator -- Connection established 192.168.1.15:64690<->66.33.22.2:443
18:09:11.789 [main] DEBUG org.apache.http.impl.conn.DefaultManagedHttpClientConnection -- http-outgoing-7: set socket timeout to 30000
18:09:11.789 [main] DEBUG org.apache.http.impl.execchain.MainClientExec -- Executing request GET /products/category/smartphones HTTP/1.1
18:09:11.789 [main] DEBUG org.apache.http.impl.execchain.MainClientExec -- Target auth state: UNCHALLENGED
18:09:11.789 [main] DEBUG org.apache.http.impl.execchain.MainClientExec -- Proxy auth state: UNCHALLENGED
18:09:11.789 [main] DEBUG org.apache.http.headers -- http-outgoing-7 >> GET /products/category/smartphones HTTP/1.1
18:09:11.789 [main] DEBUG org.apache.http.headers -- http-outgoing-7 >> Host: dummyjson.com
18:09:11.789 [main] DEBUG org.apache.http.headers -- http-outgoing-7 >> Connection: Keep-Alive
18:09:11.789 [main] DEBUG org.apache.http.headers -- http-outgoing-7 >> User-Agent: Apache-HttpClient/4.5.14 (Java/21.0.8)
18:09:11.789 [main] DEBUG org.apache.http.headers -- http-outgoing-7 >> Accept-Encoding: gzip,deflate
18:09:11.790 [main] DEBUG org.apache.http.wire -- http-outgoing-7 >> "GET /products/category/smartphones HTTP/1.1[\r][\n]"
18:09:11.790 [main] DEBUG org.apache.http.wire -- http-outgoing-7 >> "Host: dummyjson.com[\r][\n]"
18:09:11.790 [main] DEBUG org.apache.http.wire -- http-outgoing-7 >> "Connection: Keep-Alive[\r][\n]"
18:09:11.790 [main] DEBUG org.apache.http.wire -- http-outgoing-7 >> "User-Agent: Apache-HttpClient/4.5.14 (Java/21.0.8)[\r][\n]"
18:09:11.790 [main] DEBUG org.apache.http.wire -- http-outgoing-7 >> "Accept-Encoding: gzip,deflate[\r][\n]"
18:09:11.790 [main] DEBUG org.apache.http.wire -- http-outgoing-7 >> "[\r][\n]"
18:09:11.812 [main] DEBUG org.apache.http.wire -- http-outgoing-7 << "HTTP/1.1 200 OK[\r][\n]"
18:09:11.812 [main] DEBUG org.apache.http.wire -- http-outgoing-7 << "Access-Control-Allow-Origin: *[\r][\n]"
18:09:11.812 [main] DEBUG org.apache.http.wire -- http-outgoing-7 << "Content-Encoding: gzip[\r][\n]"
18:09:11.812 [main] DEBUG org.apache.http.wire -- http-outgoing-7 << "Content-Type: application/json; charset=utf-8[\r][\n]"
18:09:11.812 [main] DEBUG org.apache.http.wire -- http-outgoing-7 << "Date: Wed, 23 Jul 2025 11:09:11 GMT[\r][\n]"
18:09:11.812 [main] DEBUG org.apache.http.wire -- http-outgoing-7 << "Etag: W/"65a9-15t+98sxzVSOrDMD753lm6EmGiw"[\r][\n]"
18:09:11.812 [main] DEBUG org.apache.http.wire -- http-outgoing-7 << "Server: railway-edge[\r][\n]"
18:09:11.812 [main] DEBUG org.apache.http.wire -- http-outgoing-7 << "Strict-Transport-Security: max-age=15552000; includeSubDomains[\r][\n]"
18:09:11.812 [main] DEBUG org.apache.http.wire -- http-outgoing-7 << "Vary: Accept-Encoding[\r][\n]"
18:09:11.812 [main] DEBUG org.apache.http.wire -- http-outgoing-7 << "X-Content-Type-Options: nosniff[\r][\n]"
18:09:11.812 [main] DEBUG org.apache.http.wire -- http-outgoing-7 << "X-Dns-Prefetch-Control: off[\r][\n]"
18:09:11.812 [main] DEBUG org.apache.http.wire -- http-outgoing-7 << "X-Download-Options: noopen[\r][\n]"
18:09:11.812 [main] DEBUG org.apache.http.wire -- http-outgoing-7 << "X-Frame-Options: SAMEORIGIN[\r][\n]"
18:09:11.812 [main] DEBUG org.apache.http.wire -- http-outgoing-7 << "X-Powered-By: Cats on Keyboards[\r][\n]"
18:09:11.812 [main] DEBUG org.apache.http.wire -- http-outgoing-7 << "X-Railway-Edge: railway/asia-southeast1-eqsg3a[\r][\n]"
18:09:11.812 [main] DEBUG org.apache.http.wire -- http-outgoing-7 << "X-Railway-Request-Id: nTe24EVXRLiV2zQGAQeqjw[\r][\n]"
18:09:11.812 [main] DEBUG org.apache.http.wire -- http-outgoing-7 << "X-Ratelimit-Limit: 100[\r][\n]"
18:09:11.812 [main] DEBUG org.apache.http.wire -- http-outgoing-7 << "X-Ratelimit-Remaining: 94[\r][\n]"
18:09:11.812 [main] DEBUG org.apache.http.wire -- http-outgoing-7 << "X-Ratelimit-Reset: 1753268959[\r][\n]"
18:09:11.812 [main] DEBUG org.apache.http.wire -- http-outgoing-7 << "X-Xss-Protection: 1; mode=block[\r][\n]"
18:09:11.813 [main] DEBUG org.apache.http.wire -- http-outgoing-7 << "Transfer-Encoding: chunked[\r][\n]"
18:09:11.813 [main] DEBUG org.apache.http.wire -- http-outgoing-7 << "[\r][\n]"
18:09:11.813 [main] DEBUG org.apache.http.headers -- http-outgoing-7 << HTTP/1.1 200 OK
18:09:11.813 [main] DEBUG org.apache.http.headers -- http-outgoing-7 << Access-Control-Allow-Origin: *
18:09:11.813 [main] DEBUG org.apache.http.headers -- http-outgoing-7 << Content-Encoding: gzip
18:09:11.813 [main] DEBUG org.apache.http.headers -- http-outgoing-7 << Content-Type: application/json; charset=utf-8
18:09:11.813 [main] DEBUG org.apache.http.headers -- http-outgoing-7 << Date: Wed, 23 Jul 2025 11:09:11 GMT
18:09:11.813 [main] DEBUG org.apache.http.headers -- http-outgoing-7 << Etag: W/"65a9-15t+98sxzVSOrDMD753lm6EmGiw"
18:09:11.813 [main] DEBUG org.apache.http.headers -- http-outgoing-7 << Server: railway-edge
18:09:11.813 [main] DEBUG org.apache.http.headers -- http-outgoing-7 << Strict-Transport-Security: max-age=15552000; includeSubDomains
18:09:11.813 [main] DEBUG org.apache.http.headers -- http-outgoing-7 << Vary: Accept-Encoding
18:09:11.813 [main] DEBUG org.apache.http.headers -- http-outgoing-7 << X-Content-Type-Options: nosniff
18:09:11.813 [main] DEBUG org.apache.http.headers -- http-outgoing-7 << X-Dns-Prefetch-Control: off
18:09:11.813 [main] DEBUG org.apache.http.headers -- http-outgoing-7 << X-Download-Options: noopen
18:09:11.813 [main] DEBUG org.apache.http.headers -- http-outgoing-7 << X-Frame-Options: SAMEORIGIN
18:09:11.813 [main] DEBUG org.apache.http.headers -- http-outgoing-7 << X-Powered-By: Cats on Keyboards
18:09:11.813 [main] DEBUG org.apache.http.headers -- http-outgoing-7 << X-Railway-Edge: railway/asia-southeast1-eqsg3a
18:09:11.813 [main] DEBUG org.apache.http.headers -- http-outgoing-7 << X-Railway-Request-Id: nTe24EVXRLiV2zQGAQeqjw
18:09:11.813 [main] DEBUG org.apache.http.headers -- http-outgoing-7 << X-Ratelimit-Limit: 100
18:09:11.813 [main] DEBUG org.apache.http.headers -- http-outgoing-7 << X-Ratelimit-Remaining: 94
18:09:11.813 [main] DEBUG org.apache.http.headers -- http-outgoing-7 << X-Ratelimit-Reset: 1753268959
18:09:11.813 [main] DEBUG org.apache.http.headers -- http-outgoing-7 << X-Xss-Protection: 1; mode=block
18:09:11.813 [main] DEBUG org.apache.http.headers -- http-outgoing-7 << Transfer-Encoding: chunked
18:09:11.813 [main] DEBUG org.apache.http.impl.execchain.MainClientExec -- Connection can be kept alive indefinitely
18:09:11.814 [main] DEBUG org.apache.http.wire -- http-outgoing-7 << "1004[\r][\n]"
18:09:11.814 [main] DEBUG org.apache.http.wire -- http-outgoing-7 << "[0x1f][0x8b][0x8][0x0][0x0][0x0][0x0][0x0][0x0][0x3][0xd5][0x9c]]s[0xdb][0xb8][0x92][0x86][0xff][\n]"
18:09:11.814 [main] DEBUG org.apache.http.wire -- http-outgoing-7 << "[0x96]7[0xbb][%![0xe2]7[0xa9][0xab][0xf5]$[0x99][0x99]|{[0x8f]S[0xc9][0xec][0xd9][0x9a][0xb][0x88][0x84]D[0xc4] [0xc0][0x1]@[0xc9][0xca][0xd4][0xfc][0xf7]S[0x0])[0x89][0xb2]H[\r]-[0xd2]v[0xce][0x85][0xcb]Un[0xa8][\r]Qd?[0xea]~[0xbb][0xf1][0xa7]U[0x8][0x9e][0x96][0x89][0x92][0xd6][0xfc][0xff][0xff][0xb4]Hj[0xcd]m[0xc7][0x9e]X[0x8a]([0x8a][0xad][0xb9]E[0xae]3[0xce]0[0xf0][0xa5]5[0xb1]R,[0x13]A[\n]"
18:09:11.814 [main] DEBUG org.apache.http.wire -- http-outgoing-7 << "E8[0xb3][0xe6][0xd6][0xe7][0xc][0x83][0xbd][0x15][0x10][0x9][0x10]H([0x92][0x92]$@[0xe6]H[0xa8][0xc2][0x98]n[0x19][0xdf]0[0xb0][0xe4][0x2][0x10]%A[0xc2][0xf3][0x2]%[\n]"
18:09:11.814 [main] DEBUG org.apache.http.wire -- http-outgoing-7 << "[0xa4]X[0x92][0x15][0x3][0x88][0xa5][0x0][0xa5]k[0xc4][0x12][0x9c][0x82]%F[0xaa][0x14]X[0x82][0xb4][0x14][0x84][0xad][0xcc]z[0x81])F[0x12]C[0xf0]5#[0x14][0x3][0xa2][0xfe]S[0x2][0xc4][0x0][0xa7])[0x16] [0xe7])[0xa6][0x13]@[0x14][0x90][0x8a]P[\n]"
18:09:11.814 [main] DEBUG org.apache.http.wire -- http-outgoing-7 << "[\n]"
18:09:11.814 [main] DEBUG org.apache.http.wire -- http-outgoing-7 << "[0xc1][0xd7]$[0xc5]z#[0x2]S[0x82][0x16][0x14][0x83]Rb[0x1][0xf0]][0x81][0x5][0xc1],[0xc1][0xd0][0x9a]X[0x9]Rx[0xc5][0xc5][0xd6][0x9a][[0x87]}[0xea][0xb7]W[0x8][0x92]`kn[0xc7]1[0x8c][0xe3][0x89][0x95][0x12][0x99][0xf0][0x92][0xa9]k,[0x12][0xcc][0x14]Zi[0x9b][0x3]c{b[0x9][0xa4][0x8][Ys[0x7]F[0xee][0xc4][0x92][0x8a]'[0xb7][0xd6][0xdc][0xf1]'[0x96]B+}[0x1d][0xef]9FEA[0xb1][0xf5][0xfb][0xc4]Z[0x8][0xc4]Rkn][0x99]?L,y[Zs[0xeb][0xe6][0xc3][0xd5][0xf4][0xea][0xfa]z[0xfa][0xe6][0xfa][0xd7][0xa9][0xed][0xd8][0xd6][0xc4][0xda]`[0xb2][0xca][0x94]5w[0xf4].r[0xcc]$[0xe1]LZ[0xf3]?[0xad][\r]IUf[0xcd]}[0xe8][0xc4][0x13]+[0xab]W[0xd9][0x11]t#[0xfd][0xe9][0x14][0xda]f[0x87]0t[0xfe][0x9a]X[0x1b]$[0x4]bj[0xfb][0x86]-[0xb9][0xc8]Q[0xfd][0xa1][0xbd]'K[0xac]H[0x8e][0xc1][0xce][0xac]w[0x91][0x91][0xa2] lu[0xbc][0xf2]&#[0x85][0x4][0x84][0x1][0x1b][0xe4][0x9c][0xa9]L[0xbf][0x8f]5"[0x14]-[0x8]%j{[0xa3][0x90]*[0xa5]5[0xb7][0xde]0pc.[0xc0][0xc4][0x12]xM[0xf0][0xa6][0xba][0x91]v[0x97][0xc8][0x9f]X[0x9][0xcf]s[0xcc][0x94]5[0xb7]~%[0xab][0x8c]n[0x81][0xc0][0xd5][0x9f]R[0x9c][0xfe][0x87][0xbe][0xad][0x90][0xd2]w[0x9a]3s[0xfc][0xe9][0xcc][0x9b][0xba][0xb3][0xcf][0xb3]x[0xee][0xd9][0xf3][0x99][0x3]g[0xbe][0xf7][0xcf][0xbd]c,>[0xa2]\[0xaf]|[0x8b][0x12][0xc]nrb6[0xb5][0xb3][0xbd][0xce][0x11][0xa1][0xd6][0xdc][0xfa][0x86][0x12][0xc][0xa5]6[0xfe][0xcf][0x1d]L[0xcb]<[0xdf]~[0x93][0x9c][0xc1][0x84][0xe7][0xd6]_[0x93][0xc3][0xbe][0xec][0xe6][0xbe]>r[0x5][0x90][0x4][0xd5][0xfd][0xbd][0xb8]pW[0xef][0xf9][\n]"
18:09:11.814 [main] DEBUG org.apache.http.wire -- http-outgoing-7 << "1[0xf0][0x99][0xb]a>[0xf4][0xfb][0xfb][0xa2][0xda][0xc][0x95]1[0x9f][0xdd][0xd9][0xd1][0x15][0xfb][0x82][0xc5][0x16]H[0xa4][0x88]\[0x92][0xb][0xf7][0xf5]+[0x12][0x5][0x16][0xe0][0x1d][0xa6]t[0xdb][0xb2][0xaf][0xcc][0x98][0xe1][0xad]6[0x9f][0xee][0xeb]w[0xfd][0x2]U[\n]"
18:09:11.814 [main] DEBUG org.apache.http.wire -- http-outgoing-7 << "v[0xcd])I[0xf4]3[0x13][0xcc]@[0x8a][0xb6][0xfa][0xd1][0xd4][0x6]E[0xf5][0xf7][0x89][0x95][0x13]F[0xf2]2[0xff]$R,[0xfe][0xb7]DL[0x11][0xb5][0xb5][0xe6][0xee][0xc4][0xca][0xb1]B[0xfa][0xde]M[0x4]F[\n]"
18:09:11.814 [main] DEBUG org.apache.http.wire -- http-outgoing-7 << "[0xa7]W[0xea][0xfc][0xee][0xcb]"[0xed][0xb3]l[0x81]D[0xc2]S[0xfd][0xfe][0xa2][0xc8][0xf6][0x82][0xc8][0x8d][0xbd]Y[0xe4][0xbb][0xd6][0xc4][0xfa]C[0xbc][0xac][0xc][0x99]R[0x85][0x9c][0xbf]x[0x91][0xa4][0xec][0xf8]m[0xbd]([0xca][0x5]%[0xc9][0x8b]?[0xc4]T[0xfb][0x80][0x5][YM,[0x92][0xa3][0x15]6[0x8f][0xef][0x99]WV[0xc1]rZ[0xad]}[0xd1]x[0xce]_[0x10][0xf3]{[0xea][0xcb][0x17]6[0xdc][0xe0]EaM[0x86][0xfa]qF[0xf2][0xe3]V~~[0x9f]X*+[0xf3][0x5][0xab]?[0xf8]aN[0xf7][0xae]*[0xe7][0xfa][0xe][0xae][0xe0][0xe1][0x9c][0xc0]#8[0xc7][0x8e][0xa0]B[0x87]T[Jdf[0x90][0x90][0xa0][0xc2][0x4][0xef][0x6]F6De[0x0][0x1][0x8a][0xc4][\n]"
18:09:11.814 [main] DEBUG org.apache.http.wire -- http-outgoing-7 << "[0xb][0x90][0x12]YP[0xb4]5[0x8b]I[0xae][0xe3]>NA[0x81][0x85][0x89]_:[0xcc][0x83]7[\n]"
18:09:11.814 [main] DEBUG org.apache.http.wire -- http-outgoing-7 << "[0x10][0xa6][0xcc][0xfb][0xc0])`xs[0xc0][0x8b]~Q[0xcd][0x1f]L[0xb1]~[0xce][0xe4][0x4][0xe4][0xe8][0xb6]b[0xe]@[0xa0][0xe0]EI[0x91][0x0]I[0xc6]I[0x82]u[0x8][0xd4]([0xd2]Q[0xb3][0xf]>[0x9c]3[0xf8][0x8]`[0x10][0x1f][0xe8][0xe1]B[0xcf][0xde][0xd3]#[0x98][0x8d]B[0xf][0xa7]A[0x8f][0xb0][0x83][0x1e][0xb6]}`G[0xc][0xed]=9b[0x18][0x84][0x9d][0xe0][0xa8])[0xd0][0x97][0x1b]|[0x8d][0x5]3[0xff][0xe2]2l[0xb8][0xcd] [0xf8][0x8a]HT[0x14][0x9c]0m[0x3][0xf5][0xdd]yQ,[0xbc]Q[0x98]R[0x4]>p!H[[0x90][0x96][0xc6][0xe]sc?[0x1b][0xa5][0xbd][0xe6][0x6]_[0xdf]%[0x98]R[0xcc][0x14][0xf8][0xa3]D[0xfa]m^[0xb4][0xb9][0x8f][0x9c]"[0x6]~[0xe1][0xec];[0xa2][0xf8]{[0xcb][0xee][0x98]^[0x0]W[0xf5][0x82][0xfe][0x10][0xf9]EG^[0xb0]F[0xb4][0xc4][0xe6][0x9b]X[0xce][0x19][0xbe]l[0x8b]?a[0xf6][\r][0xe5][0x84][0x81][0x9f][0xb9]TX[0xb4][0xec]qQ[0xaf][0x80]K[0xb3][0xa2][0xf]Q[0xc2][0x87][0x0][0xc5]|[0xa0][0xc4][0xb1][0xe3][0xb8]~[0x18]D[0xfe][0xcc][0xfe][0x1][0x80][0x12][0x8c][0xc3][0x93]`[0x1c][0x9c][0x4][0x8f]@[0x93][0xa0][0x1b]&[0xee][0x9]Ll[0x17]\[0xb]~[0x8e]([0xd5][0x8a]:#)[0x95]~ [0xa6]8][0xb5][0xf1][0xa4][0xe0][0x1b],[0x96]%[0x5][0x9][0xca][0xb1]@@n[0xa5][0xc2][0xf9][0x4]dd[0x95]M[0x1b]@[0x1]IF[0x8a][0x89]A[0x87]T%c:[0xe][0xd5][0x10]2[0xac][0xe1][0xcb]%[0x16][0xb2]%[0x97][0xd1][0x8f][0x9b][0xce]A$[0xd8]d[0x1c][0xa4]8[0xd7].[0x14]/[0xa6][0x8c][0xab]$[0x3][\n]"
18:09:11.814 [main] DEBUG org.apache.http.wire -- http-outgoing-7 << "'[0x19][0xe3][0x94][0xaf][0xb6][0xbd]2[0x93][0xd9][0x19][0xb6][0xc4][0xd0][\r][0xf]l[0xf1][0xa0][0xed][0xec][0xd9][0xe2][0x7][0xa3][0xb0][0xc5]m[0xb0]%[0xea]b[0x8b][0x3][0x3][0xf7][0x80][0x17][0x1f]:[0x8d][0xcc][0xc4][0x83]N[0xdc][0x9][0x18][0x17]l1[0x12][0xf][0xc8]K[0x1c][0xb0][0xc1][0xf8]V[0x8e][0x91][0x97]|[0xe5]%M[0xc1][0xa2][0xdc][0x2][0xb4]B[0x84]][0x14][0x1a]_f[0x82]HE[0x10][0x3][0xd7]X[0xb4][0x86][0xef]d[0xb7][0x2][0x16]z[0xc5][0xd9][0xf8][0xed][0xde]OO6\[0xa8][0xc][0xa8][0xc][0x3]s3\[0x96][0xa1][0x10][0x94][0x9f][0xe3][0xb]%([0xbf][0x0]/#[0xe4]([0x9f][0xf5][0x95]A[0xc][0xdc]$\[0xa9][0x96][0x9d][0xa9][0xca][0xe][0xa5][0xb6][0x8f][0xce][0x14][0xfb][0xf1][0x99][0xe2][0xc5]q[0xe4][0xb9]Q4s[0xdc]Y[0xf4][0xfc]L[0xb1][0xdd]i![0xf8]8`[0xa9]}[0x8d]B[0x97][0xda][0xd7][0xf8][0x88][0xa9][0x1d]wr[0xc6];[0xe1][0xcc]o[0xe7][0x10][0xf3][E[0x97]%E+[0x1d][0xa5][0x9a]d[0xa9]B[0xbf][0x6][0x4][0x2][0xb][0xfc][0x1d][0xd3])[0xc5]R[0x82]O[0xef]_[0xbf][0xda]!c[0x2][0x96](![0x88][0x9a]B[0xc8][0x8a][0x11][0xed][0xbf][0x81][0x2][0xf0]_?[0xeb][0x2][0xc7][0x9b]W[0xff]=[0xd9]g8XJ[0xb2][0xc6]'9[0x8e][0xc0][0xda][0xa4]S[0x18][0x80]@N([0x96]J[0xef]A[0xa7],[0xd5]F[0x1b][0x85]6[0xc2][0x18]_[0x9b]([0xda][0x87]5[0xd1][0xb9]*X[0xc][0xfd][0xb8]Y[0x5][0xf3][0xf]y[0x8c][0x86][0xd0][0x8][0xac][0xf1][0x1a][0xac][0xb1];X[0xe3][0xd8]0[0x8a][0xe][0xac]q<h[0xc7]M[0xd8][0xd8][0xe7]`c[0xb2][0x19][0xf9][0x0][0xdc][0xb8]S[0x1f],JI[0x98][0xfe]4up[0xb9][0x10]<[0xde]#[0x14][0xc4]>o)[0x16][0xe0][0x15]Z[0xb7]&5J[a[0xaa][0xad][0xf][0xcd][0x19][0x86][0xe4]ZW[0x82] p[0x8d][0xc4]mk[0x9e][0x80][0x4]A[0xb0]0[0xd6][0xb3][0x9b]r[0xc6][0xaf][0xd3][0x11][0xba]=S[0xa6]#t[0xdb]Y[0xa5][0x1b][0xc8][0x19][0xe7][0xf1]9[0xe3][0xce]\/[0xf6]b[0xd7]q[0x9c][0xc0]{~[0xce][0xdc][0x8d][0x83][0x98][0xbb]q[0xe8]r[0xf7][0x8]`[0xb9][0xeb]f[0x8a]`[0xca][0xa7][0xa2][0xe0][0xe0][0xca][0xf][[0x99][0xb2]3VL[0xc9]I:[0x15][0x88][0x1d][0xa7]+[0xc7]*[0x8a][0xa4][0x18][0xdf]6C[0xfb][0xae]`[0xb6]K;[0x8e]r[0x12][0xb0]@[0xd4][0xe4]0|[0xd9][0xe4]G%[0xbe],[0x97]\[0xa4]u[0x4];W[0x5][0xeb]U[0xf9][0xf2][0xba][0x91][0xe1]@[0xcf]mV[0xbe]boO[0xc][0x1d][0xb4][0xdb][0x89][0xc1][0x8b][0x82]7[0x81][0xa1]/[0xd4][0x11]/>]_[0x9b][0x1f][0xdb][0xf1][0x1b][0xbc][0xf0];x[0x11]B[0xa7]![0x9a][0xcc]`[0xe8][0xed]i[0xe1][0xb8]0[0x88][0xc6][0x14]M[0x1e][0x85][0x16][0xe3][0x94][0x99]n[0x12]$(V[\n]"
18:09:11.814 [main] DEBUG org.apache.http.wire -- http-outgoing-7 << "|[0x15]u[0x81][0xee][0xa4][\n]"
18:09:11.815 [main] DEBUG org.apache.http.wire -- http-outgoing-7 << "V[0xaf][0x80][0x1b][0xb3][0xa2]?4[0xc6][0xd9][0xe0][[0x94][0xf0][0x5]x[0xc9]y[0xd1]J[0x8e]o[0xda][0xc][0x13]c[0xee][0x8f][0x8e]k[0xce][0xc5][0xa0]][0xfd][0x93]c[0xf0][0x91]$[0x19][0xa7][0x92][0xb3][0x96]m}[0xe7][0x18][0xb2][0x9d][0xbd][0xf]:[0xe2][0x1f]MH[0x99][0x5][0xbe][0xed]8n[0xe8]8[0xbe][0xa9]#?[0x17];[0xf4]c?E~8[0x90][0x1d]{7[0xc3][0xd8][0xb1]w3";[0xf6]>;[0xd9][0x11][0xdc]c[0xc7][0xcf]vl[0x8a]Z[0xd7][0xb4]lW[0xe2]OV[0xd5][0x19]JE[0x84][0xa9] I[0xd6]R[0xff]Z[0xf2][0xa4][0x94][0x80][0xb3]][0xfd][0xcb][0x80]D[0x7](RCd[0xc1][0x91]T[0x8d][0xc2]V[0x91]q[0xc5]W[0x2][0x15][0xd9][0xf6]XQi[0xd4][0xd2][0x9a][0x90][0xd1][0xc8]B[0xa0][0x10]8'e~[0x89][0x1a][0xef][0x9e][0xcb]C"[0x18]xM[0xaa]4[0xf2][0x90]0[0x1a][0x81]*A[0x83]*A[0x7]U[0x2][0x18]6[0x93][0x10][0x1f][0xda][0xe1][0x1e]+[0x11][0xf4][0xc6][0xab]w[0xd9][0xa6][0xde]5F[0xb9][0xcb][0x14]l2T[0x14][0xdb][0xea]>[0xc8][0xb7][0xa0](E[0x92]!yY][0xe9]u[0xae][0xbf]R[0xbf][0xe5][0x19]k[0xf][0x8d]X[0xdb][0xe1][0xb7][0xca][0xde][0x9f]&[0xa3]u[0xb][0xdc]q[0x6]~B[0x82][0xb5]~[0xe1][0xff][0xa6][0xcd]pa[0xcc][0xfd][0x15][0x9f]1*[0x86][0x1f][0xf9][0x1a]ucN'[0xeb][0x9d][0x94][0x1b]J[0x93]'[0xa8]xEZA[0x89][0xdd]8[0x88][0xec] ~n[0x9a],[0xed]X[0xd7][0xa6][0x5]-[0x87][0xca][0xf3][0xa7][0xfe]F[0xe0][0xcb][0x91][0xbf][0xb1]As[0xe4][0xbc][0x93]8[0xe1]=[0xe2][0xbc][0xb3][0xbb]9[0xf3][0xce][0x6]R[0xc7]pyH2[0xaa][0x94][0x85]/[0x1b][0x90][0x91]UtY#Ax)[0x8f]q![0xb][0x9c][0x90]%IL[0x94][0x93][0x10][0xbc][0xdb]'8*[0xc3]D[0xec][0xdb][0x1][0x1a]I[0xce][0xbe][0xa7][0xab][0xc1][0x97][0x89][0xa9][0x88][0xdf][0xdb][0x93]F[0x8a][0x90]@q[0x90][0x92]5[0x16][0xb2][0xee][0x2]+[0x4]^b[0xa1][0xb9]#[0x87][0xea][0xf8]vd[0x1a][0xb0][0xe]b[0x8b][0xce][0xf5]vbKg[0x1b][0xd8][0x3][0xc0][0x13][0xf6]Hgl[0x17]F[0xf1]QB[0xa3][0x95][0x97]][0xf9]+[0x80][0xc1]XZ[0xbe]f[0xcf][0xd4][0x19]?[0x9d]1[0x18]*L[0x83][0xdf]e[0x91][0xbd][0x92]\x[0x91]a[0x1][0xbe]b[0xd9][0x96][0xca]$[0x87]%p[0x83][0xe5][0xf9]\[0xe6]1Js[0x1f][0x8][0x2][0x1f][0x8][0xa5][0xad]1>'[0x8][0xe6][0xc6][0xd8]?[0x91]1W-%r[0x98][0xe0][0xf2]Z[0xb7]A\[0xa5](oC[0xa2][0xe9][0x81]@[0xda][0xd8][0x87]<[0xee][0x83][0xc8][0xf3][0x4][0xfa][0xbd]k[0xcf][0x82][0xc8][0x9][0xa3]([\n]"
18:09:11.815 [main] DEBUG org.apache.http.wire -- http-outgoing-7 << "[0xbd][0xe7][0xd4][0xef]M[0xf0][0xbd][0xb5][0xc7][0xe0][0xcd][0xad]=[0x6]en[0xed][0x1d][[0x6]z[0xf1]F&[0xd4][0xad][0xdd][0xcd][0xa5][0xe8][0xc0][0xa5]`Ds[0xc]^[0xba]~+[0x9a][0xe][0xe6]*[0xf7]Y[0x94][0xe9][\n]"
18:09:11.815 [main] DEBUG org.apache.http.wire -- http-outgoing-7 << "[0xab][0xe9]R'[0x1b])[0xdd][0x9e]K[0xaa][0xd6]a][0xfb][0xc2]R[0xcb]"
18:09:11.815 [main] DEBUG org.apache.http.wire -- http-outgoing-7 << ")Z[0x9c]9[0xd2][0xf0][0xf1][0x1a][0x8b]m[0x8a][0xb6][0x1a]%[0xc7][0xd5][0xb5]6,[0x19]^i[0xe8][0x1c][0xfe][0xf9][0x3]{[0x90][0xcf][0x94][0xd2]l[0x1f][0xba]G[0xec][0xd9][0xa3][0xc7][0xeb][0xcc]y[0x84][0xb9]4M[0xf8]T[0x17][0xeb][0x8]?[0xff]x][0xfd][0xd8]N[0xd4][0xa3][0x7][0xd9][0xa9][0xb4][0xfd][0x1d]~"h7[0xca]i1[0xf4][0xdd][0x91]2[0x9f][0xa1][0x9d]d[0xde][0xb8][0xaa][0xc6]5f[0x98][0xf2][0x2][0x83]w[0xda][0xfb]i[0xec],j;[0xd4][0x95][0xd4][0x7]F[0xf5][0x92][0x8d][0x98][0x94]]I[0x8d][0xc5].A[0x1d]ik[0x97][0x9c][0xfe]7H[0xac][0xf5][0xc8]K[0xdb][0x91]1[0x13][0xdb]N[0xf4]d[0xda][0xda][0x9f]=?\[\r]-[0x8c][0x1c]?[0xf2]<[0xd7][0xf3][0xdc]g[0xd5]_[0xaa][0x7]~[0x9a][0xb8][0xfe]@[0xfc]4[0x1c][\r]#P[0xc3][0xd1][0x88][0x9]N[0xc3]k'A[0xe2][0x13][0x82][0xb4]k[0xfb];[0xe3][0xe5]:LC[0xa9]o[0xeb][0xe][0x3]+[0xce][0xd3]srLK[0x15][0xae][0xd1]A&1[0xbe][0xad][0xfa][\n]"
18:09:11.815 [main] DEBUG org.apache.http.wire -- http-outgoing-7 << "[0xea]:6H[0xf1][0xba][0xaf]6s[0xb6]+9[0xf6][0x9b]U[0xb4][0xf0] [0xcd]8#[0x1]%n[0x0][0xc5][0xeb][0x6][0x8a][0xdf][0xc8]g[0x1c][0x1b]z[0xce]![0x9f]q`[0xe8][0x8f][0x98][0xd0][0x8c][0xa5][0xcf][0x8c][0xde]F[0xf6]+[0xfa][0x8e])x[0xbd]F[0xac]5<j+[0xc4][0xda][0xda][0xbf][0x8e][0xf6]3[0x92][\n]"
18:09:11.815 [main] DEBUG org.apache.http.wire -- http-outgoing-7 << "[0xec][0xae][0xc7]em[0xbf][0x2]mS[0xcc][0xc0][0xcf][0x14][0xe7][0xed][0xd8][T+[0xe0][0xb2]Z[0xf1][0xa4][0xcd]c[0x1f]PJ$[0xd7][0x9f][0x13][0xde] [0xd1]F[0xbb][0xbc]Z[0x1]e[0xb5][0xa2][0xf]Y>[0xf2][0x1f][0x7]*^[0xec]E[0x9e][0xef][0xb8][0xb1][0x1d][0xb9][0xf6][0xf3]Ce[0xa8][0xa8][0xbf]w3[\n]"
18:09:11.815 [main] DEBUG org.apache.http.wire -- http-outgoing-7 << "PF[0x15][0xf5][0xf7]>[0xbb]`[0xe2][0xce]Na[0xf2][0xf9],M>_$[0xc4]4[0x1a][0x83]5A[0x12][0x9e]c[0x9][0xf0][0x1f]%)[\n]"
18:09:11.815 [main] DEBUG org.apache.http.wire -- http-outgoing-7 << "[0x9c][0xd6]/[0xda]i2[0xbb][0xde]e[0xcc]$[0x17]r[0x2]RLu[0xdd]K[0xa3][0xc2][0xf4]1[0xef]ha[0xb4][0x9b][0xaa][0xfc][0xa6][0xe7]$y[0xc5][0x96][0xa6][0xa2][0x83][0x99][0xca]JI[0xb4][0xe4][0xd3]K[0x9b]9[0x97][0xa5][0xd8]F[0x8d]9[0xa4])~[0xb4][0xc7]J[0xd4]9[0xeb][0xf2]0[0xac][0xb8][0xb3][0x6]V[0xdc].[0xac]x0n[\n]"
18:09:11.815 [main] DEBUG org.apache.http.wire -- http-outgoing-7 << "4[0x1][0xc][0xf]e[0xb2][0x0]vC[0xe5][0x2][0x81]f[0xc8][0xa0][0xe4]iil`[0x85][0xc7][0x88]2?[0x9][0xbe][0xe9][0x96]d[0x16][0xda][0xfa][0xb0]>[0xe4][0xc1][0xed]W[0xa6][0xf2][0xf4][0x92][0xf3][0xdb][0xae][0xc2]S[0xc2][0xf9]m~[0x8c][0xc1][0xdc][0xf7]hK[0x11][0xb8]))%k[0xd4]v[0xb5][0xa8]^[0x0]e[0xbd][0xe0][0xdf]rJ2[0xb0]};[0xb2]C[0xc7][0x9][0x3][0xf7]9[0xc5][0xfd]][0x84]U#AD[0x8d]D[0x11][0xf5][0x18][0x18]Q[0xdd][0x1c]i[0x8c][0xd8][0xdf][0xa0]\[0x96]l[0x5]~A[0x14][0xdd]m[0xc1]M{[0x97][0xd8][0xc9][0xaa][0xee][0x16][0xe4][0xbf][0xc9]RN[0xa6]T[0xc]b[0xe][0xf2]LE[\r][0x81]%[0xa7][0xa5]iM[0xde][0xb7]-[0xdf][0x1b][0x97][0xa9][0xda][0x93][0x5]_[0x94]R[0x1d][0xb5]&[0xf][0x95]Wb[0xe8][0x1f]e$[0x87]![0xfb][0xa0][0xb3][0xbd]X[0xd6][0xd7]ge[0xae]O[0x13]![0xf5][0x95];b[0xc8][0xcd][0xd5][0x7][0xf3]c[0xbb][0xcd]y{{[0xd6][0xad][0xb5][0xe8][0x1d]5Z[0x8d][0x9d]C[0xb5][0xcb][0x87][0xc1][0xb9]b[0xd7][0xb3]u[0x1a][0x8f]?[0xe2][0xfe][0xb6][0xa4]z[0xc0][0xe5]-[0xca][0xdb][0xa5]tc[0x86][0xdf][0xb4][0xb9]Uixz[0xf2][0xbe]L[0x90][0x4][0xbf]p[0x91][0xb6][0xb6][0x1f]Pm[0x86]+c~[0xea][0x99][0xce][0xab]5[0x2][0x9f][0xd1][0x96][0xf2][0xd6][0x1e][0xe8]5[0x82][0xca][0x18]G[0xcd]H[0x9e]@[0xdc][0xf]}?[0x8c]m[0xc7][0xf6][0x82][0xe0]Y[[0xc5][0xea][0x87]~Z=[0xf4]S9[0xb4]g[0xec][0xd4][0xdf]0[0xba][0x9c][0xfa][0x1b][0x91]2[0xa7][0xce];i[0xe3]t[0xd3]&[0xea]E[0x9b][0xa8][0xa2][0xcd][0xae][0x91][0xeb]$[0x81]a[0xe0][\r][[0x12][0xa6][0xd3][0x8c]W;Z[0x98][0xb2]WU[0xb0][0xda][0xf]M[0xae][0x89],[0x11]m[0xaa]!m]fmu0S[0x1f]kNs>lv[0xd2];[0xcf][0x1b][0xcf]o[0xe6]*[0x87][0xe6][0xe4][0xce]L[0xe5]R[0xdc]8=Z[0xca][0x1c][0x17][0xce][0xfc][0xa3][0x94]%jLQ[0xfa]0[0xec][0xc6][0x8d]3nW[0xd9][0xa7]RW/[0x1f]<[0xcf]2L![0xf8][0xb4][0xd1][0xa5]&[0xa2][0x15][0x8a][0x96][0xa0][0xc9]7[0xba][0xcc]d[0xac]O[0xac]\[0xbc][0xa4]H [0xf0][0x13][0x16][0xa2][0xed][0x1c][0x95]D[[0xe1]B[[0x9f][0xbc][0xc9]`[0xc0][0xfc][0xcf][0x0][0xce]x[0x8f][0xcf][0x19]?[0x8e]}/[0x8e]g[0xb6][0xeb][0xba][0xc1][0xf][0xc4][0x99]hd[0xce]D#s&zL[0xce]D[0xdd][0x9c]q[0xbb]9c[0xcf]z[0x81][0xc6][0x9e][0xdd][0xcb]k*[0x8d][0xe3]h[0xac]2[0xdd]2[0x94][0x93][0x4]\}8[0x9e][0xaa][0xd4][0xcd]^H[0xe9][0x83][0xc2][0xee][0x8d][0xf3]kv[0xb4][0xb5]'[0xdf][0x9f][0xa1]<[0x8c]H[0x9a][0x97][0xe0][0xfa]+`u[0x8]L[0x83]y[0xf]COp[0x6]=[0xfe][0xd1]$[0xa5][0xb]gA[0x8f][0xb9][0x98]K[0xd9][0xd3][0x1c][0xe0][0x8f][0xbb][0xd8][0x13][0x9a]Si[0xf6]]e>[0xd4][0xbd][0xe8];]?[0x84][0xb3][0xee][0xb3][0xc5]>[0xf2]'[0x9b][0xde][0x84]o[0xea][0x3]G[0xd0][0x1f][0xb3]>5v[0x9f][0x9b]s[0xba]A[0xc6][0xd5][0x81]B[0x97]e:[0xb9]n[0x84][0xe9]<[0xfc][0x0][0x19]s[0xd7][0xc9][0x7]C[0xbb][0xca][0x9e]`[0xb2][0xd2][0xb]t?s[0xe4]8[0xb1][0x17][0xf8]?[0x10][0x8a][0xec][0xd9][0xc8],[0xb2]g#[0xc3][0xc8][0x9e]=&[0x8d][0xec]Y7[0x8e][0x1a]S[0xfd]_[0xc8][0x9a][0x83][0x9b][0xf6][0x9e][0xe6][0xda]vz[0x10]Yk[0xf]@#[0xad]YP[0xcc]R[0xfd][0x5][0xb9]Q][0xbb][0x8f][0x97]F]mMt[0x9c]V[0x7]`[0xed][0xe6]6[p[0xb5]o+[[0x96],[0xd1]{5[0x91]m[0xe8][0x18][0xa6]=3[0xe3])[0x8d][0x89][0x99]C[0xdf]rg[0xaa][0xb3]&[0xeb][0xa3][0xbe]e}[0xb9][0x8e][0x8][0xf3][0xe5][0xcd][0x17][0xf3]c[0xbb]^[0xf][0x9d][0xdf][0xf6][0xc][0xe5][0xf6][0x84][0xb1]a[0x18]7[0x4][0x99][0xb0]{[0xe]3[0xf8]A[0xa6][0xf6]GPgnP[0x8e][0x98][0xca][0x10][0xf8][0x80][0x84]"[0xac]5d[0xca]z[\r][0xcc][0xeb]5[0xfd][0x95][0x9a]][0x93]p}l[0xda][0xa0][0x13]-[0xdf]c[0xdc]y[0x9c]%[0xc5][0xf8]igfnx[0x91][0x11][0x4][0xde][0xf2][0xf6]a[0x1e]i[0xcc][0xf0][0x1b]o[0x1d][0xe6][0xf9][0xf1][0x8f][0x89][0x89][0xfc][0xd0][0xf][0xe2][0xd8][0xf6]][0xd7]}[0xce][0xd6]e[0xfd][0xc8]O[0xe5][0xd0][0xd6][0xe5][0x9d][0x97]a8[0xd9]y[0x19][0x91]!;[0x97][0x9d][0xe0][0xf0][0xef][0x81][0xe3]K[0xdc][\r][0x8e]/q[\r][0x8e][0xde][0x2][0xc][0xce][0x8b][0xc]IR[0xeb][0xfd]E[0x9d][0xd7][0x1c]i[0xf5][0x12][0xd3]%9Uf[0xaa]S[0xc3][0xf6][0xfc]HKD[0xa7]{[0xf9]_[0x95][0xf5][0x11]e[0xc8][0x1c][0x8d],X[0xfd]?[0x7][0xcb]1![0xc][0x8e][0xa0]q[0xc8]Q[0xa2][0xce][0x6][0xb1][0x7]@[0xc3][0xef][0x3][0x8d][0x18]F[0xfe]QsX[0xd4][0x18]vq[0xe1][0xac]{[0xd0][0xf2][0x82][0x92][0xd8][0x10][0x1d][0xff][0x91][0xdb]z[0xeb][0x98][0x8c]6[0xed][0xa3][0x96]uX6[0xe6][0xfe]I[0xca][0xd5][0x6]K[0x9e][0xe3]A[0x8d][0xd1][0x95][0x88][0xfe][0xbc]l[0xed][0xf][0xab][0x14][0xf4][0xad][0xb6][0xf6][0x7][0xc6]x[0xe7]V[0xe]h[0x86][0x1e][0xaa][0xed]?Ej[0xe2][0xc4][0xbe][0x1b]Ga[0xe0][0x85][0xd1]s6[0x1d][0x9b][0xb0][0xba][0x8e][0xc7][0xa0][0xc6]:[0x1e][0x83][0x1a][0xeb]xtj[0xac][0xe3]nj[0x4][0xf7][0xa8][0xf1][0x9b]s&[0xdf][0xf8][0xcd][0xb1][0xff]FSi4[0x85]u[0xe8][0x1e][0xc7]t`[0x80][0xb0][0xe9][0xee]h[0xe4]%a+,[\n]"
18:09:11.815 [main] DEBUG org.apache.http.wire -- http-outgoing-7 << "A[0x98][0xaa];[0xc3]&[0xe7][0x94][0xfd][0xa3][0xbe][0x80][0xb6][0xc3][0x0][0x86]J,UY[0xa9]1[0xb5]r[0x80]H[0xa7][0xa4][0xff][0x0][0x86][0x4]}T|[0xc7][0x81][0xde]q[0x87]q[0xe0]4k[Qw[0xea]a?[0x18]"?[0xe4][0xc4][0xe4]x'@[0x8e],[0xe1]_[0x95][0x82]kq[0xa5]kJ[0x1f][0x19]{[0x9f]1[0xfd][0xf1][0xf][0xc]{[0xbd][0xc6]t[0xcb][0xc0]WD[0xdb][0x8f]2[0xc3][0xc6][0xe]7[0xc6][0xfe]o[0xd9][0x1c][0x16][0xc7][0x9e][0xe7][0xce]"'[0xb6]#S[0xa6]V[0x80][0xdc]9[0xa3][0xe4][0x1d][0xda][0xcd][0x8][0x8][0xd1]n[0xc6]f[0x88][0xf6]y[0x1f]"[0xda]9W[0x88][0xea][0xd1]m[0x1d][0xe2]Ha[0xc4]gJr[0xa2]CZ[0xf0][0xd7]"
18:09:11.816 [main] DEBUG org.apache.http.wire -- http-outgoing-7 << "[0xbf][0x0][0x99]%c[0x5][0xa9]e[0x0][0x0][\r][\n]"
18:09:11.816 [main] DEBUG org.apache.http.impl.conn.DefaultManagedHttpClientConnection -- http-outgoing-7: Close connection
18:09:11.816 [main] DEBUG org.apache.http.impl.execchain.MainClientExec -- Connection discarded
18:09:11.816 [main] DEBUG org.apache.http.impl.conn.PoolingHttpClientConnectionManager -- Connection released: [id: 7][route: {s}->https://dummyjson.com:443][total available: 0; route allocated: 0 of 5; total allocated: 0 of 10]
18:09:11.816 [main] DEBUG org.apache.http.impl.conn.PoolingHttpClientConnectionManager -- Connection manager is shutting down
18:09:11.816 [main] DEBUG org.apache.http.impl.conn.PoolingHttpClientConnectionManager -- Connection manager shut down
18:09:11.817 [main] DEBUG com.intuit.karate -- response time in milliseconds: 80
1 < 200
1 < Access-Control-Allow-Origin: *
1 < Content-Type: application/json; charset=utf-8
1 < Date: Wed, 23 Jul 2025 11:09:11 GMT
1 < Etag: W/"65a9-15t+98sxzVSOrDMD753lm6EmGiw"
1 < Server: railway-edge
1 < Strict-Transport-Security: max-age=15552000; includeSubDomains
1 < Vary: Accept-Encoding
1 < X-Content-Type-Options: nosniff
1 < X-Dns-Prefetch-Control: off
1 < X-Download-Options: noopen
1 < X-Frame-Options: SAMEORIGIN
1 < X-Powered-By: Cats on Keyboards
1 < X-Railway-Edge: railway/asia-southeast1-eqsg3a
1 < X-Railway-Request-Id: nTe24EVXRLiV2zQGAQeqjw
1 < X-Ratelimit-Limit: 100
1 < X-Ratelimit-Remaining: 94
1 < X-Ratelimit-Reset: 1753268959
1 < X-Xss-Protection: 1; mode=block
1 < Transfer-Encoding: chunked
{"products":[{"id":121,"title":"iPhone 5s","description":"The iPhone 5s is a classic smartphone known for its compact design and advanced features during its release. While it's an older model, it still provides a reliable user experience.","category":"smartphones","price":199.99,"discountPercentage":12.91,"rating":2.83,"stock":25,"tags":["smartphones","apple"],"brand":"Apple","sku":"SMA-APP-IPH-121","weight":2,"dimensions":{"width":5.29,"height":18.38,"depth":17.72},"warrantyInformation":"Lifetime warranty","shippingInformation":"Ships in 1 month","availabilityStatus":"In Stock","reviews":[{"rating":5,"comment":"Highly recommended!","date":"2025-04-30T09:41:02.054Z","reviewerName":"Jace Smith","reviewerEmail":"jace.smith@x.dummyjson.com"},{"rating":1,"comment":"Not as described!","date":"2025-04-30T09:41:02.054Z","reviewerName":"Logan Torres","reviewerEmail":"logan.torres@x.dummyjson.com"},{"rating":5,"comment":"Very satisfied!","date":"2025-04-30T09:41:02.054Z","reviewerName":"Harper Kelly","reviewerEmail":"harper.kelly@x.dummyjson.com"}],"returnPolicy":"60 days return policy","minimumOrderQuantity":3,"meta":{"createdAt":"2025-04-30T09:41:02.054Z","updatedAt":"2025-04-30T09:41:02.054Z","barcode":"8814683940853","qrCode":"https://cdn.dummyjson.com/public/qr-code.png"},"images":["https://cdn.dummyjson.com/product-images/smartphones/iphone-5s/1.webp","https://cdn.dummyjson.com/product-images/smartphones/iphone-5s/2.webp","https://cdn.dummyjson.com/product-images/smartphones/iphone-5s/3.webp"],"thumbnail":"https://cdn.dummyjson.com/product-images/smartphones/iphone-5s/thumbnail.webp"},{"id":122,"title":"iPhone 6","description":"The iPhone 6 is a stylish and capable smartphone with a larger display and improved performance. It introduced new features and design elements, making it a popular choice in its time.","category":"smartphones","price":299.99,"discountPercentage":6.69,"rating":3.41,"stock":60,"tags":["smartphones","apple"],"brand":"Apple","sku":"SMA-APP-IPH-122","weight":7,"dimensions":{"width":11,"height":9.1,"depth":9.67},"warrantyInformation":"1 month warranty","shippingInformation":"Ships overnight","availabilityStatus":"In Stock","reviews":[{"rating":3,"comment":"Disappointing product!","date":"2025-04-30T09:41:02.054Z","reviewerName":"Stella Morris","reviewerEmail":"stella.morris@x.dummyjson.com"},{"rating":4,"comment":"Excellent quality!","date":"2025-04-30T09:41:02.054Z","reviewerName":"Nolan Gonzalez","reviewerEmail":"nolan.gonzalez@x.dummyjson.com"},{"rating":5,"comment":"Great value for money!","date":"2025-04-30T09:41:02.054Z","reviewerName":"Benjamin Foster","reviewerEmail":"benjamin.foster@x.dummyjson.com"}],"returnPolicy":"7 days return policy","minimumOrderQuantity":5,"meta":{"createdAt":"2025-04-30T09:41:02.054Z","updatedAt":"2025-04-30T09:41:02.054Z","barcode":"9922357685013","qrCode":"https://cdn.dummyjson.com/public/qr-code.png"},"images":["https://cdn.dummyjson.com/product-images/smartphones/iphone-6/1.webp","https://cdn.dummyjson.com/product-images/smartphones/iphone-6/2.webp","https://cdn.dummyjson.com/product-images/smartphones/iphone-6/3.webp"],"thumbnail":"https://cdn.dummyjson.com/product-images/smartphones/iphone-6/thumbnail.webp"},{"id":123,"title":"iPhone 13 Pro","description":"The iPhone 13 Pro is a cutting-edge smartphone with a powerful camera system, high-performance chip, and stunning display. It offers advanced features for users who demand top-notch technology.","category":"smartphones","price":1099.99,"discountPercentage":9.37,"rating":4.12,"stock":56,"tags":["smartphones","apple"],"brand":"Apple","sku":"SMA-APP-IPH-123","weight":8,"dimensions":{"width":12.63,"height":5.28,"depth":14.29},"warrantyInformation":"3 year warranty","shippingInformation":"Ships in 2 weeks","availabilityStatus":"In Stock","reviews":[{"rating":5,"comment":"Would buy again!","date":"2025-04-30T09:41:02.054Z","reviewerName":"Christian Perez","reviewerEmail":"christian.perez@x.dummyjson.com"},{"rating":3,"comment":"Not worth the price!","date":"2025-04-30T09:41:02.054Z","reviewerName":"Liam Gonzalez","reviewerEmail":"liam.gonzalez@x.dummyjson.com"},{"rating":5,"comment":"Very satisfied!","date":"2025-04-30T09:41:02.054Z","reviewerName":"Tristan Scott","reviewerEmail":"tristan.scott@x.dummyjson.com"}],"returnPolicy":"7 days return policy","minimumOrderQuantity":1,"meta":{"createdAt":"2025-04-30T09:41:02.054Z","updatedAt":"2025-04-30T09:41:02.054Z","barcode":"4998438802308","qrCode":"https://cdn.dummyjson.com/public/qr-code.png"},"images":["https://cdn.dummyjson.com/product-images/smartphones/iphone-13-pro/1.webp","https://cdn.dummyjson.com/product-images/smartphones/iphone-13-pro/2.webp","https://cdn.dummyjson.com/product-images/smartphones/iphone-13-pro/3.webp"],"thumbnail":"https://cdn.dummyjson.com/product-images/smartphones/iphone-13-pro/thumbnail.webp"},{"id":124,"title":"iPhone X","description":"The iPhone X is a flagship smartphone featuring a bezel-less OLED display, facial recognition technology (Face ID), and impressive performance. It represents a milestone in iPhone design and innovation.","category":"smartphones","price":899.99,"discountPercentage":19.59,"rating":2.51,"stock":37,"tags":["smartphones","apple"],"brand":"Apple","sku":"SMA-APP-IPH-124","weight":1,"dimensions":{"width":21.88,"height":24.19,"depth":14.19},"warrantyInformation":"3 months warranty","shippingInformation":"Ships in 3-5 business days","availabilityStatus":"In Stock","reviews":[{"rating":4,"comment":"Highly recommended!","date":"2025-04-30T09:41:02.054Z","reviewerName":"Tyler Davis","reviewerEmail":"tyler.davis@x.dummyjson.com"},{"rating":5,"comment":"Great product!","date":"2025-04-30T09:41:02.054Z","reviewerName":"Aria Parker","reviewerEmail":"aria.parker@x.dummyjson.com"},{"rating":2,"comment":"Not as described!","date":"2025-04-30T09:41:02.054Z","reviewerName":"Lily Torres","reviewerEmail":"lily.torres@x.dummyjson.com"}],"returnPolicy":"7 days return policy","minimumOrderQuantity":2,"meta":{"createdAt":"2025-04-30T09:41:02.054Z","updatedAt":"2025-04-30T09:41:02.054Z","barcode":"3034949322264","qrCode":"https://cdn.dummyjson.com/public/qr-code.png"},"images":["https://cdn.dummyjson.com/product-images/smartphones/iphone-x/1.webp","https://cdn.dummyjson.com/product-images/smartphones/iphone-x/2.webp","https://cdn.dummyjson.com/product-images/smartphones/iphone-x/3.webp"],"thumbnail":"https://cdn.dummyjson.com/product-images/smartphones/iphone-x/thumbnail.webp"},{"id":125,"title":"Oppo A57","description":"The Oppo A57 is a mid-range smartphone known for its sleek design and capable features. It offers a balance of performance and affordability, making it a popular choice.","category":"smartphones","price":249.99,"discountPercentage":2.43,"rating":3.94,"stock":19,"tags":["smartphones","oppo"],"brand":"Oppo","sku":"SMA-OPP-OPP-125","weight":5,"dimensions":{"width":7.2,"height":10.74,"depth":23.68},"warrantyInformation":"Lifetime warranty","shippingInformation":"Ships in 3-5 business days","availabilityStatus":"In Stock","reviews":[{"rating":4,"comment":"Excellent quality!","date":"2025-04-30T09:41:02.054Z","reviewerName":"Scarlett Wright","reviewerEmail":"scarlett.wright@x.dummyjson.com"},{"rating":5,"comment":"Excellent quality!","date":"2025-04-30T09:41:02.054Z","reviewerName":"Jacob Cooper","reviewerEmail":"jacob.cooper@x.dummyjson.com"},{"rating":2,"comment":"Poor quality!","date":"2025-04-30T09:41:02.054Z","reviewerName":"Zoe Nicholson","reviewerEmail":"zoe.nicholson@x.dummyjson.com"}],"returnPolicy":"90 days return policy","minimumOrderQuantity":3,"meta":{"createdAt":"2025-04-30T09:41:02.054Z","updatedAt":"2025-04-30T09:41:02.054Z","barcode":"0651223722522","qrCode":"https://cdn.dummyjson.com/public/qr-code.png"},"images":["https://cdn.dummyjson.com/product-images/smartphones/oppo-a57/1.webp","https://cdn.dummyjson.com/product-images/smartphones/oppo-a57/2.webp","https://cdn.dummyjson.com/product-images/smartphones/oppo-a57/3.webp"],"thumbnail":"https://cdn.dummyjson.com/product-images/smartphones/oppo-a57/thumbnail.webp"},{"id":126,"title":"Oppo F19 Pro Plus","description":"The Oppo F19 Pro Plus is a feature-rich smartphone with a focus on camera capabilities. It boasts advanced photography features and a powerful performance for a premium user experience.","category":"smartphones","price":399.99,"discountPercentage":18.64,"rating":3.51,"stock":78,"tags":["smartphones","oppo"],"brand":"Oppo","sku":"SMA-OPP-OPP-126","weight":6,"dimensions":{"width":6.78,"height":25.17,"depth":8.4},"warrantyInformation":"3 year warranty","shippingInformation":"Ships in 1 week","availabilityStatus":"In Stock","reviews":[{"rating":5,"comment":"Very happy with my purchase!","date":"2025-04-30T09:41:02.054Z","reviewerName":"Emily Johnson","reviewerEmail":"emily.johnson@x.dummyjson.com"},{"rating":5,"comment":"Highly recommended!","date":"2025-04-30T09:41:02.054Z","reviewerName":"Jaxon Barnes","reviewerEmail":"jaxon.barnes@x.dummyjson.com"},{"rating":4,"comment":"Would buy again!","date":"2025-04-30T09:41:02.054Z","reviewerName":"Nova Cooper","reviewerEmail":"nova.cooper@x.dummyjson.com"}],"returnPolicy":"90 days return policy","minimumOrderQuantity":1,"meta":{"createdAt":"2025-04-30T09:41:02.054Z","updatedAt":"2025-04-30T09:41:02.054Z","barcode":"8576893968169","qrCode":"https://cdn.dummyjson.com/public/qr-code.png"},"images":["https://cdn.dummyjson.com/product-images/smartphones/oppo-f19-pro-plus/1.webp","https://cdn.dummyjson.com/product-images/smartphones/oppo-f19-pro-plus/2.webp","https://cdn.dummyjson.com/product-images/smartphones/oppo-f19-pro-plus/3.webp"],"thumbnail":"https://cdn.dummyjson.com/product-images/smartphones/oppo-f19-pro-plus/thumbnail.webp"},{"id":127,"title":"Oppo K1","description":"The Oppo K1 series offers a range of smartphones with various features and specifications. Known for their stylish design and reliable performance, the Oppo K1 series caters to diverse user preferences.","category":"smartphones","price":299.99,"discountPercentage":18.29,"rating":4.25,"stock":55,"tags":["smartphones","oppo"],"brand":"Oppo","sku":"SMA-OPP-OPP-127","weight":5,"dimensions":{"width":13.89,"height":10.63,"depth":16.6},"warrantyInformation":"1 month warranty","shippingInformation":"Ships in 1-2 business days","availabilityStatus":"In Stock","reviews":[{"rating":4,"comment":"Very pleased!","date":"2025-04-30T09:41:02.054Z","reviewerName":"Christopher West","reviewerEmail":"christopher.west@x.dummyjson.com"},{"rating":4,"comment":"Highly recommended!","date":"2025-04-30T09:41:02.054Z","reviewerName":"Mia Miller","reviewerEmail":"mia.miller@x.dummyjson.com"},{"rating":2,"comment":"Very dissatisfied!","date":"2025-04-30T09:41:02.054Z","reviewerName":"Ella Adams","reviewerEmail":"ella.adams@x.dummyjson.com"}],"returnPolicy":"30 days return policy","minimumOrderQuantity":5,"meta":{"createdAt":"2025-04-30T09:41:02.054Z","updatedAt":"2025-04-30T09:41:02.054Z","barcode":"3106827888743","qrCode":"https://cdn.dummyjson.com/public/qr-code.png"},"images":["https://cdn.dummyjson.com/product-images/smartphones/oppo-k1/1.webp","https://cdn.dummyjson.com/product-images/smartphones/oppo-k1/2.webp","https://cdn.dummyjson.com/product-images/smartphones/oppo-k1/3.webp","https://cdn.dummyjson.com/product-images/smartphones/oppo-k1/4.webp"],"thumbnail":"https://cdn.dummyjson.com/product-images/smartphones/oppo-k1/thumbnail.webp"},{"id":128,"title":"Realme C35","description":"The Realme C35 is a budget-friendly smartphone with a focus on providing essential features for everyday use. It offers a reliable performance and user-friendly experience.","category":"smartphones","price":149.99,"discountPercentage":15.3,"rating":4.2,"stock":48,"tags":["smartphones","realme"],"brand":"Realme","sku":"SMA-REA-REA-128","weight":2,"dimensions":{"width":25.28,"height":8.14,"depth":29.53},"warrantyInformation":"3 year warranty","shippingInformation":"Ships overnight","availabilityStatus":"In Stock","reviews":[{"rating":4,"comment":"Great product!","date":"2025-04-30T09:41:02.054Z","reviewerName":"Penelope King","reviewerEmail":"penelope.king@x.dummyjson.com"},{"rating":2,"comment":"Very unhappy with my purchase!","date":"2025-04-30T09:41:02.054Z","reviewerName":"Asher Scott","reviewerEmail":"asher.scott@x.dummyjson.com"},{"rating":4,"comment":"Highly impressed!","date":"2025-04-30T09:41:02.054Z","reviewerName":"Henry Adams","reviewerEmail":"henry.adams@x.dummyjson.com"}],"returnPolicy":"90 days return policy","minimumOrderQuantity":3,"meta":{"createdAt":"2025-04-30T09:41:02.054Z","updatedAt":"2025-04-30T09:41:02.054Z","barcode":"7825844344364","qrCode":"https://cdn.dummyjson.com/public/qr-code.png"},"images":["https://cdn.dummyjson.com/product-images/smartphones/realme-c35/1.webp","https://cdn.dummyjson.com/product-images/smartphones/realme-c35/2.webp","https://cdn.dummyjson.com/product-images/smartphones/realme-c35/3.webp"],"thumbnail":"https://cdn.dummyjson.com/product-images/smartphones/realme-c35/thumbnail.webp"},{"id":129,"title":"Realme X","description":"The Realme X is a mid-range smartphone known for its sleek design and impressive display. It offers a good balance of performance and camera capabilities for users seeking a quality device.","category":"smartphones","price":299.99,"discountPercentage":6.95,"rating":3.7,"stock":12,"tags":["smartphones","realme"],"brand":"Realme","sku":"SMA-REA-REA-129","weight":4,"dimensions":{"width":25.59,"height":21.42,"depth":12.75},"warrantyInformation":"1 month warranty","shippingInformation":"Ships in 3-5 business days","availabilityStatus":"In Stock","reviews":[{"rating":5,"comment":"Would buy again!","date":"2025-04-30T09:41:02.054Z","reviewerName":"Hazel Evans","reviewerEmail":"hazel.evans@x.dummyjson.com"},{"rating":5,"comment":"Fast shipping!","date":"2025-04-30T09:41:02.054Z","reviewerName":"Brayden Fleming","reviewerEmail":"brayden.fleming@x.dummyjson.com"},{"rating":5,"comment":"Very satisfied!","date":"2025-04-30T09:41:02.054Z","reviewerName":"Madison Stewart","reviewerEmail":"madison.stewart@x.dummyjson.com"}],"returnPolicy":"No return policy","minimumOrderQuantity":3,"meta":{"createdAt":"2025-04-30T09:41:02.054Z","updatedAt":"2025-04-30T09:41:02.054Z","barcode":"4948452391831","qrCode":"https://cdn.dummyjson.com/public/qr-code.png"},"images":["https://cdn.dummyjson.com/product-images/smartphones/realme-x/1.webp","https://cdn.dummyjson.com/product-images/smartphones/realme-x/2.webp","https://cdn.dummyjson.com/product-images/smartphones/realme-x/3.webp"],"thumbnail":"https://cdn.dummyjson.com/product-images/smartphones/realme-x/thumbnail.webp"},{"id":130,"title":"Realme XT","description":"The Realme XT is a feature-rich smartphone with a focus on camera technology. It comes equipped with advanced camera sensors, delivering high-quality photos and videos for photography enthusiasts.","category":"smartphones","price":349.99,"discountPercentage":11.51,"rating":4.58,"stock":80,"tags":["smartphones","realme"],"brand":"Realme","sku":"SMA-REA-REA-130","weight":3,"dimensions":{"width":24.98,"height":26.73,"depth":6.5},"warrantyInformation":"3 year warranty","shippingInformation":"Ships in 1 month","availabilityStatus":"In Stock","reviews":[{"rating":4,"comment":"Very satisfied!","date":"2025-04-30T09:41:02.054Z","reviewerName":"Emily Brown","reviewerEmail":"emily.brown@x.dummyjson.com"},{"rating":3,"comment":"Not as described!","date":"2025-04-30T09:41:02.054Z","reviewerName":"Ella Cook","reviewerEmail":"ella.cook@x.dummyjson.com"},{"rating":5,"comment":"Would buy again!","date":"2025-04-30T09:41:02.054Z","reviewerName":"Layla Sullivan","reviewerEmail":"layla.sullivan@x.dummyjson.com"}],"returnPolicy":"60 days return policy","minimumOrderQuantity":3,"meta":{"createdAt":"2025-04-30T09:41:02.054Z","updatedAt":"2025-04-30T09:41:02.054Z","barcode":"6151817227632","qrCode":"https://cdn.dummyjson.com/public/qr-code.png"},"images":["https://cdn.dummyjson.com/product-images/smartphones/realme-xt/1.webp","https://cdn.dummyjson.com/product-images/smartphones/realme-xt/2.webp","https://cdn.dummyjson.com/product-images/smartphones/realme-xt/3.webp"],"thumbnail":"https://cdn.dummyjson.com/product-images/smartphones/realme-xt/thumbnail.webp"},{"id":131,"title":"Samsung Galaxy S7","description":"The Samsung Galaxy S7 is a flagship smartphone known for its sleek design and advanced features. It features a high-resolution display, powerful camera, and robust performance.","category":"smartphones","price":299.99,"discountPercentage":19.55,"rating":3.3,"stock":67,"tags":["smartphones","samsung galaxy"],"brand":"Samsung","sku":"SMA-SAM-SAM-131","weight":10,"dimensions":{"width":13.55,"height":24.24,"depth":5.63},"warrantyInformation":"3 months warranty","shippingInformation":"Ships in 3-5 business days","availabilityStatus":"In Stock","reviews":[{"rating":1,"comment":"Not as described!","date":"2025-04-30T09:41:02.054Z","reviewerName":"Julian James","reviewerEmail":"julian.james@x.dummyjson.com"},{"rating":4,"comment":"Fast shipping!","date":"2025-04-30T09:41:02.054Z","reviewerName":"Lucas Gordon","reviewerEmail":"lucas.gordon@x.dummyjson.com"},{"rating":4,"comment":"Excellent quality!","date":"2025-04-30T09:41:02.054Z","reviewerName":"Ava Taylor","reviewerEmail":"ava.taylor@x.dummyjson.com"}],"returnPolicy":"No return policy","minimumOrderQuantity":1,"meta":{"createdAt":"2025-04-30T09:41:02.054Z","updatedAt":"2025-04-30T09:41:02.054Z","barcode":"7557912146622","qrCode":"https://cdn.dummyjson.com/public/qr-code.png"},"images":["https://cdn.dummyjson.com/product-images/smartphones/samsung-galaxy-s7/1.webp","https://cdn.dummyjson.com/product-images/smartphones/samsung-galaxy-s7/2.webp","https://cdn.dummyjson.com/product-images/smartphones/samsung-galaxy-s7/3.webp"],"thumbnail":"https://cdn.dummyjson.com/product-images/smartphones/samsung-galaxy-s7/thumbnail.webp"},{"id":132,"title":"Samsung Galaxy S8","description":"The Samsung Galaxy S8 is a premium smartphone with an Infinity Display, offering a stunning visual experience. It boasts advanced camera capabilities and cutting-edge technology.","category":"smartphones","price":499.99,"discountPercentage":19.45,"rating":4.4,"stock":0,"tags":["smartphones","samsung galaxy"],"brand":"Samsung","sku":"SMA-SAM-SAM-132","weight":6,"dimensions":{"width":23.05,"height":26.88,"depth":15.73},"warrantyInformation":"2 year warranty","shippingInformation":"Ships in 1 week","availabilityStatus":"Out of Stock","reviews":[{"rating":4,"comment":"Highly impressed!","date":"2025-04-30T09:41:02.054Z","reviewerName":"Owen Fisher","reviewerEmail":"owen.fisher@x.dummyjson.com"},{"rating":4,"comment":"Highly impressed!","date":"2025-04-30T09:41:02.054Z","reviewerName":"Clara Berry","reviewerEmail":"clara.berry@x.dummyjson.com"},{"rating":4,"comment":"Highly recommended!","date":"2025-04-30T09:41:02.054Z","reviewerName":"Tyler Davis","reviewerEmail":"tyler.davis@x.dummyjson.com"}],"returnPolicy":"No return policy","minimumOrderQuantity":4,"meta":{"createdAt":"2025-04-30T09:41:02.054Z","updatedAt":"2025-04-30T09:41:02.054Z","barcode":"5995499013336","qrCode":"https://cdn.dummyjson.com/public/qr-code.png"},"images":["https://cdn.dummyjson.com/product-images/smartphones/samsung-galaxy-s8/1.webp","https://cdn.dummyjson.com/product-images/smartphones/samsung-galaxy-s8/2.webp","https://cdn.dummyjson.com/product-images/smartphones/samsung-galaxy-s8/3.webp"],"thumbnail":"https://cdn.dummyjson.com/product-images/smartphones/samsung-galaxy-s8/thumbnail.webp"},{"id":133,"title":"Samsung Galaxy S10","description":"The Samsung Galaxy S10 is a flagship device featuring a dynamic AMOLED display, versatile camera system, and powerful performance. It represents innovation and excellence in smartphone technology.","category":"smartphones","price":699.99,"discountPercentage":5.59,"rating":3.06,"stock":19,"tags":["smartphones","samsung galaxy"],"brand":"Samsung","sku":"SMA-SAM-SAM-133","weight":9,"dimensions":{"width":27.41,"height":15.26,"depth":27.02},"warrantyInformation":"No warranty","shippingInformation":"Ships in 2 weeks","availabilityStatus":"In Stock","reviews":[{"rating":4,"comment":"Excellent quality!","date":"2025-04-30T09:41:02.054Z","reviewerName":"Tristan Scott","reviewerEmail":"tristan.scott@x.dummyjson.com"},{"rating":5,"comment":"Would buy again!","date":"2025-04-30T09:41:02.054Z","reviewerName":"Christopher West","reviewerEmail":"christopher.west@x.dummyjson.com"},{"rating":2,"comment":"Would not recommend!","date":"2025-04-30T09:41:02.054Z","reviewerName":"Amelia Perez","reviewerEmail":"amelia.perez@x.dummyjson.com"}],"returnPolicy":"30 days return policy","minimumOrderQuantity":2,"meta":{"createdAt":"2025-04-30T09:41:02.054Z","updatedAt":"2025-04-30T09:41:02.054Z","barcode":"4676898229465","qrCode":"https://cdn.dummyjson.com/public/qr-code.png"},"images":["https://cdn.dummyjson.com/product-images/smartphones/samsung-galaxy-s10/1.webp","https://cdn.dummyjson.com/product-images/smartphones/samsung-galaxy-s10/2.webp","https://cdn.dummyjson.com/product-images/smartphones/samsung-galaxy-s10/3.webp"],"thumbnail":"https://cdn.dummyjson.com/product-images/smartphones/samsung-galaxy-s10/thumbnail.webp"},{"id":134,"title":"Vivo S1","description":"The Vivo S1 is a stylish and mid-range smartphone offering a blend of design and performance. It features a vibrant display, capable camera system, and reliable functionality.","category":"smartphones","price":249.99,"discountPercentage":10.17,"rating":3.5,"stock":50,"tags":["smartphones","vivo"],"brand":"Vivo","sku":"SMA-VIV-VIV-134","weight":4,"dimensions":{"width":14.06,"height":11.79,"depth":6.78},"warrantyInformation":"6 months warranty","shippingInformation":"Ships in 3-5 business days","availabilityStatus":"In Stock","reviews":[{"rating":4,"comment":"Very satisfied!","date":"2025-04-30T09:41:02.054Z","reviewerName":"Samantha Martinez","reviewerEmail":"samantha.martinez@x.dummyjson.com"},{"rating":3,"comment":"Very disappointed!","date":"2025-04-30T09:41:02.054Z","reviewerName":"Logan Lee","reviewerEmail":"logan.lee@x.dummyjson.com"},{"rating":4,"comment":"Would buy again!","date":"2025-04-30T09:41:02.054Z","reviewerName":"Sophia Jones","reviewerEmail":"sophia.jones@x.dummyjson.com"}],"returnPolicy":"7 days return policy","minimumOrderQuantity":1,"meta":{"createdAt":"2025-04-30T09:41:02.054Z","updatedAt":"2025-04-30T09:41:02.054Z","barcode":"8575699153333","qrCode":"https://cdn.dummyjson.com/public/qr-code.png"},"images":["https://cdn.dummyjson.com/product-images/smartphones/vivo-s1/1.webp","https://cdn.dummyjson.com/product-images/smartphones/vivo-s1/2.webp","https://cdn.dummyjson.com/product-images/smartphones/vivo-s1/3.webp"],"thumbnail":"https://cdn.dummyjson.com/product-images/smartphones/vivo-s1/thumbnail.webp"},{"id":135,"title":"Vivo V9","description":"The Vivo V9 is a smartphone known for its sleek design and emphasis on capturing high-quality selfies. It features a notch display, dual-camera setup, and a modern design.","category":"smartphones","price":299.99,"discountPercentage":17.67,"rating":3.6,"stock":82,"tags":["smartphones","vivo"],"brand":"Vivo","sku":"SMA-VIV-VIV-135","weight":4,"dimensions":{"width":19.85,"height":21.83,"depth":13.04},"warrantyInformation":"2 year warranty","shippingInformation":"Ships in 1 month","availabilityStatus":"In Stock","reviews":[{"rating":2,"comment":"Very unhappy with my purchase!","date":"2025-04-30T09:41:02.054Z","reviewerName":"Logan Lawson","reviewerEmail":"logan.lawson@x.dummyjson.com"},{"rating":5,"comment":"Awesome product!","date":"2025-04-30T09:41:02.054Z","reviewerName":"Layla Young","reviewerEmail":"layla.young@x.dummyjson.com"},{"rating":4,"comment":"Great value for money!","date":"2025-04-30T09:41:02.054Z","reviewerName":"Asher Scott","reviewerEmail":"asher.scott@x.dummyjson.com"}],"returnPolicy":"60 days return policy","minimumOrderQuantity":2,"meta":{"createdAt":"2025-04-30T09:41:02.054Z","updatedAt":"2025-04-30T09:41:02.054Z","barcode":"4295398764784","qrCode":"https://cdn.dummyjson.com/public/qr-code.png"},"images":["https://cdn.dummyjson.com/product-images/smartphones/vivo-v9/1.webp","https://cdn.dummyjson.com/product-images/smartphones/vivo-v9/2.webp","https://cdn.dummyjson.com/product-images/smartphones/vivo-v9/3.webp"],"thumbnail":"https://cdn.dummyjson.com/product-images/smartphones/vivo-v9/thumbnail.webp"},{"id":136,"title":"Vivo X21","description":"The Vivo X21 is a premium smartphone with a focus on cutting-edge technology. It features an in-display fingerprint sensor, a high-resolution display, and advanced camera capabilities.","category":"smartphones","price":499.99,"discountPercentage":17.41,"rating":4.26,"stock":7,"tags":["smartphones","vivo"],"brand":"Vivo","sku":"SMA-VIV-VIV-136","weight":10,"dimensions":{"width":22.49,"height":21.62,"depth":27.88},"warrantyInformation":"1 year warranty","shippingInformation":"Ships in 1-2 business days","availabilityStatus":"In Stock","reviews":[{"rating":4,"comment":"Very pleased!","date":"2025-04-30T09:41:02.054Z","reviewerName":"Liam Gonzalez","reviewerEmail":"liam.gonzalez@x.dummyjson.com"},{"rating":4,"comment":"Fast shipping!","date":"2025-04-30T09:41:02.054Z","reviewerName":"Aurora Barnes","reviewerEmail":"aurora.barnes@x.dummyjson.com"},{"rating":2,"comment":"Not as described!","date":"2025-04-30T09:41:02.054Z","reviewerName":"Evelyn Walker","reviewerEmail":"evelyn.walker@x.dummyjson.com"}],"returnPolicy":"60 days return policy","minimumOrderQuantity":3,"meta":{"createdAt":"2025-04-30T09:41:02.054Z","updatedAt":"2025-04-30T09:41:02.054Z","barcode":"9944308291810","qrCode":"https://cdn.dummyjson.com/public/qr-code.png"},"images":["https://cdn.dummyjson.com/product-images/smartphones/vivo-x21/1.webp","https://cdn.dummyjson.com/product-images/smartphones/vivo-x21/2.webp","https://cdn.dummyjson.com/product-images/smartphones/vivo-x21/3.webp"],"thumbnail":"https://cdn.dummyjson.com/product-images/smartphones/vivo-x21/thumbnail.webp"}],"total":16,"skip":0,"limit":16}

18:09:11.822 [main] DEBUG com.jayway.jsonpath.internal.path.CompiledPath -- Evaluating path: $['products'][0]['category']
18:09:11.823 [main] INFO com.intuit.karate -- [print] {
  "products": [
    {
      "id": 121,
      "title": "iPhone 5s",
      "description": "The iPhone 5s is a classic smartphone known for its compact design and advanced features during its release. While it's an older model, it still provides a reliable user experience.",
      "category": "smartphones",
      "price": 199.99,
      "discountPercentage": 12.91,
      "rating": 2.83,
      "stock": 25,
      "tags": [
        "smartphones",
        "apple"
      ],
      "brand": "Apple",
      "sku": "SMA-APP-IPH-121",
      "weight": 2,
      "dimensions": {
        "width": 5.29,
        "height": 18.38,
        "depth": 17.72
      },
      "warrantyInformation": "Lifetime warranty",
      "shippingInformation": "Ships in 1 month",
      "availabilityStatus": "In Stock",
      "reviews": [
        {
          "rating": 5,
          "comment": "Highly recommended!",
          "date": "2025-04-30T09:41:02.054Z",
          "reviewerName": "Jace Smith",
          "reviewerEmail": "jace.smith@x.dummyjson.com"
        },
        {
          "rating": 1,
          "comment": "Not as described!",
          "date": "2025-04-30T09:41:02.054Z",
          "reviewerName": "Logan Torres",
          "reviewerEmail": "logan.torres@x.dummyjson.com"
        },
        {
          "rating": 5,
          "comment": "Very satisfied!",
          "date": "2025-04-30T09:41:02.054Z",
          "reviewerName": "Harper Kelly",
          "reviewerEmail": "harper.kelly@x.dummyjson.com"
        }
      ],
      "returnPolicy": "60 days return policy",
      "minimumOrderQuantity": 3,
      "meta": {
        "createdAt": "2025-04-30T09:41:02.054Z",
        "updatedAt": "2025-04-30T09:41:02.054Z",
        "barcode": "8814683940853",
        "qrCode": "https://cdn.dummyjson.com/public/qr-code.png"
      },
      "images": [
        "https://cdn.dummyjson.com/product-images/smartphones/iphone-5s/1.webp",
        "https://cdn.dummyjson.com/product-images/smartphones/iphone-5s/2.webp",
        "https://cdn.dummyjson.com/product-images/smartphones/iphone-5s/3.webp"
      ],
      "thumbnail": "https://cdn.dummyjson.com/product-images/smartphones/iphone-5s/thumbnail.webp"
    },
    {
      "id": 122,
      "title": "iPhone 6",
      "description": "The iPhone 6 is a stylish and capable smartphone with a larger display and improved performance. It introduced new features and design elements, making it a popular choice in its time.",
      "category": "smartphones",
      "price": 299.99,
      "discountPercentage": 6.69,
      "rating": 3.41,
      "stock": 60,
      "tags": [
        "smartphones",
        "apple"
      ],
      "brand": "Apple",
      "sku": "SMA-APP-IPH-122",
      "weight": 7,
      "dimensions": {
        "width": 11,
        "height": 9.1,
        "depth": 9.67
      },
      "warrantyInformation": "1 month warranty",
      "shippingInformation": "Ships overnight",
      "availabilityStatus": "In Stock",
      "reviews": [
        {
          "rating": 3,
          "comment": "Disappointing product!",
          "date": "2025-04-30T09:41:02.054Z",
          "reviewerName": "Stella Morris",
          "reviewerEmail": "stella.morris@x.dummyjson.com"
        },
        {
          "rating": 4,
          "comment": "Excellent quality!",
          "date": "2025-04-30T09:41:02.054Z",
          "reviewerName": "Nolan Gonzalez",
          "reviewerEmail": "nolan.gonzalez@x.dummyjson.com"
        },
        {
          "rating": 5,
          "comment": "Great value for money!",
          "date": "2025-04-30T09:41:02.054Z",
          "reviewerName": "Benjamin Foster",
          "reviewerEmail": "benjamin.foster@x.dummyjson.com"
        }
      ],
      "returnPolicy": "7 days return policy",
      "minimumOrderQuantity": 5,
      "meta": {
        "createdAt": "2025-04-30T09:41:02.054Z",
        "updatedAt": "2025-04-30T09:41:02.054Z",
        "barcode": "9922357685013",
        "qrCode": "https://cdn.dummyjson.com/public/qr-code.png"
      },
      "images": [
        "https://cdn.dummyjson.com/product-images/smartphones/iphone-6/1.webp",
        "https://cdn.dummyjson.com/product-images/smartphones/iphone-6/2.webp",
        "https://cdn.dummyjson.com/product-images/smartphones/iphone-6/3.webp"
      ],
      "thumbnail": "https://cdn.dummyjson.com/product-images/smartphones/iphone-6/thumbnail.webp"
    },
    {
      "id": 123,
      "title": "iPhone 13 Pro",
      "description": "The iPhone 13 Pro is a cutting-edge smartphone with a powerful camera system, high-performance chip, and stunning display. It offers advanced features for users who demand top-notch technology.",
      "category": "smartphones",
      "price": 1099.99,
      "discountPercentage": 9.37,
      "rating": 4.12,
      "stock": 56,
      "tags": [
        "smartphones",
        "apple"
      ],
      "brand": "Apple",
      "sku": "SMA-APP-IPH-123",
      "weight": 8,
      "dimensions": {
        "width": 12.63,
        "height": 5.28,
        "depth": 14.29
      },
      "warrantyInformation": "3 year warranty",
      "shippingInformation": "Ships in 2 weeks",
      "availabilityStatus": "In Stock",
      "reviews": [
        {
          "rating": 5,
          "comment": "Would buy again!",
          "date": "2025-04-30T09:41:02.054Z",
          "reviewerName": "Christian Perez",
          "reviewerEmail": "christian.perez@x.dummyjson.com"
        },
        {
          "rating": 3,
          "comment": "Not worth the price!",
          "date": "2025-04-30T09:41:02.054Z",
          "reviewerName": "Liam Gonzalez",
          "reviewerEmail": "liam.gonzalez@x.dummyjson.com"
        },
        {
          "rating": 5,
          "comment": "Very satisfied!",
          "date": "2025-04-30T09:41:02.054Z",
          "reviewerName": "Tristan Scott",
          "reviewerEmail": "tristan.scott@x.dummyjson.com"
        }
      ],
      "returnPolicy": "7 days return policy",
      "minimumOrderQuantity": 1,
      "meta": {
        "createdAt": "2025-04-30T09:41:02.054Z",
        "updatedAt": "2025-04-30T09:41:02.054Z",
        "barcode": "4998438802308",
        "qrCode": "https://cdn.dummyjson.com/public/qr-code.png"
      },
      "images": [
        "https://cdn.dummyjson.com/product-images/smartphones/iphone-13-pro/1.webp",
        "https://cdn.dummyjson.com/product-images/smartphones/iphone-13-pro/2.webp",
        "https://cdn.dummyjson.com/product-images/smartphones/iphone-13-pro/3.webp"
      ],
      "thumbnail": "https://cdn.dummyjson.com/product-images/smartphones/iphone-13-pro/thumbnail.webp"
    },
    {
      "id": 124,
      "title": "iPhone X",
      "description": "The iPhone X is a flagship smartphone featuring a bezel-less OLED display, facial recognition technology (Face ID), and impressive performance. It represents a milestone in iPhone design and innovation.",
      "category": "smartphones",
      "price": 899.99,
      "discountPercentage": 19.59,
      "rating": 2.51,
      "stock": 37,
      "tags": [
        "smartphones",
        "apple"
      ],
      "brand": "Apple",
      "sku": "SMA-APP-IPH-124",
      "weight": 1,
      "dimensions": {
        "width": 21.88,
        "height": 24.19,
        "depth": 14.19
      },
      "warrantyInformation": "3 months warranty",
      "shippingInformation": "Ships in 3-5 business days",
      "availabilityStatus": "In Stock",
      "reviews": [
        {
          "rating": 4,
          "comment": "Highly recommended!",
          "date": "2025-04-30T09:41:02.054Z",
          "reviewerName": "Tyler Davis",
          "reviewerEmail": "tyler.davis@x.dummyjson.com"
        },
        {
          "rating": 5,
          "comment": "Great product!",
          "date": "2025-04-30T09:41:02.054Z",
          "reviewerName": "Aria Parker",
          "reviewerEmail": "aria.parker@x.dummyjson.com"
        },
        {
          "rating": 2,
          "comment": "Not as described!",
          "date": "2025-04-30T09:41:02.054Z",
          "reviewerName": "Lily Torres",
          "reviewerEmail": "lily.torres@x.dummyjson.com"
        }
      ],
      "returnPolicy": "7 days return policy",
      "minimumOrderQuantity": 2,
      "meta": {
        "createdAt": "2025-04-30T09:41:02.054Z",
        "updatedAt": "2025-04-30T09:41:02.054Z",
        "barcode": "3034949322264",
        "qrCode": "https://cdn.dummyjson.com/public/qr-code.png"
      },
      "images": [
        "https://cdn.dummyjson.com/product-images/smartphones/iphone-x/1.webp",
        "https://cdn.dummyjson.com/product-images/smartphones/iphone-x/2.webp",
        "https://cdn.dummyjson.com/product-images/smartphones/iphone-x/3.webp"
      ],
      "thumbnail": "https://cdn.dummyjson.com/product-images/smartphones/iphone-x/thumbnail.webp"
    },
    {
      "id": 125,
      "title": "Oppo A57",
      "description": "The Oppo A57 is a mid-range smartphone known for its sleek design and capable features. It offers a balance of performance and affordability, making it a popular choice.",
      "category": "smartphones",
      "price": 249.99,
      "discountPercentage": 2.43,
      "rating": 3.94,
      "stock": 19,
      "tags": [
        "smartphones",
        "oppo"
      ],
      "brand": "Oppo",
      "sku": "SMA-OPP-OPP-125",
      "weight": 5,
      "dimensions": {
        "width": 7.2,
        "height": 10.74,
        "depth": 23.68
      },
      "warrantyInformation": "Lifetime warranty",
      "shippingInformation": "Ships in 3-5 business days",
      "availabilityStatus": "In Stock",
      "reviews": [
        {
          "rating": 4,
          "comment": "Excellent quality!",
          "date": "2025-04-30T09:41:02.054Z",
          "reviewerName": "Scarlett Wright",
          "reviewerEmail": "scarlett.wright@x.dummyjson.com"
        },
        {
          "rating": 5,
          "comment": "Excellent quality!",
          "date": "2025-04-30T09:41:02.054Z",
          "reviewerName": "Jacob Cooper",
          "reviewerEmail": "jacob.cooper@x.dummyjson.com"
        },
        {
          "rating": 2,
          "comment": "Poor quality!",
          "date": "2025-04-30T09:41:02.054Z",
          "reviewerName": "Zoe Nicholson",
          "reviewerEmail": "zoe.nicholson@x.dummyjson.com"
        }
      ],
      "returnPolicy": "90 days return policy",
      "minimumOrderQuantity": 3,
      "meta": {
        "createdAt": "2025-04-30T09:41:02.054Z",
        "updatedAt": "2025-04-30T09:41:02.054Z",
        "barcode": "0651223722522",
        "qrCode": "https://cdn.dummyjson.com/public/qr-code.png"
      },
      "images": [
        "https://cdn.dummyjson.com/product-images/smartphones/oppo-a57/1.webp",
        "https://cdn.dummyjson.com/product-images/smartphones/oppo-a57/2.webp",
        "https://cdn.dummyjson.com/product-images/smartphones/oppo-a57/3.webp"
      ],
      "thumbnail": "https://cdn.dummyjson.com/product-images/smartphones/oppo-a57/thumbnail.webp"
    },
    {
      "id": 126,
      "title": "Oppo F19 Pro Plus",
      "description": "The Oppo F19 Pro Plus is a feature-rich smartphone with a focus on camera capabilities. It boasts advanced photography features and a powerful performance for a premium user experience.",
      "category": "smartphones",
      "price": 399.99,
      "discountPercentage": 18.64,
      "rating": 3.51,
      "stock": 78,
      "tags": [
        "smartphones",
        "oppo"
      ],
      "brand": "Oppo",
      "sku": "SMA-OPP-OPP-126",
      "weight": 6,
      "dimensions": {
        "width": 6.78,
        "height": 25.17,
        "depth": 8.4
      },
      "warrantyInformation": "3 year warranty",
      "shippingInformation": "Ships in 1 week",
      "availabilityStatus": "In Stock",
      "reviews": [
        {
          "rating": 5,
          "comment": "Very happy with my purchase!",
          "date": "2025-04-30T09:41:02.054Z",
          "reviewerName": "Emily Johnson",
          "reviewerEmail": "emily.johnson@x.dummyjson.com"
        },
        {
          "rating": 5,
          "comment": "Highly recommended!",
          "date": "2025-04-30T09:41:02.054Z",
          "reviewerName": "Jaxon Barnes",
          "reviewerEmail": "jaxon.barnes@x.dummyjson.com"
        },
        {
          "rating": 4,
          "comment": "Would buy again!",
          "date": "2025-04-30T09:41:02.054Z",
          "reviewerName": "Nova Cooper",
          "reviewerEmail": "nova.cooper@x.dummyjson.com"
        }
      ],
      "returnPolicy": "90 days return policy",
      "minimumOrderQuantity": 1,
      "meta": {
        "createdAt": "2025-04-30T09:41:02.054Z",
        "updatedAt": "2025-04-30T09:41:02.054Z",
        "barcode": "8576893968169",
        "qrCode": "https://cdn.dummyjson.com/public/qr-code.png"
      },
      "images": [
        "https://cdn.dummyjson.com/product-images/smartphones/oppo-f19-pro-plus/1.webp",
        "https://cdn.dummyjson.com/product-images/smartphones/oppo-f19-pro-plus/2.webp",
        "https://cdn.dummyjson.com/product-images/smartphones/oppo-f19-pro-plus/3.webp"
      ],
      "thumbnail": "https://cdn.dummyjson.com/product-images/smartphones/oppo-f19-pro-plus/thumbnail.webp"
    },
    {
      "id": 127,
      "title": "Oppo K1",
      "description": "The Oppo K1 series offers a range of smartphones with various features and specifications. Known for their stylish design and reliable performance, the Oppo K1 series caters to diverse user preferences.",
      "category": "smartphones",
      "price": 299.99,
      "discountPercentage": 18.29,
      "rating": 4.25,
      "stock": 55,
      "tags": [
        "smartphones",
        "oppo"
      ],
      "brand": "Oppo",
      "sku": "SMA-OPP-OPP-127",
      "weight": 5,
      "dimensions": {
        "width": 13.89,
        "height": 10.63,
        "depth": 16.6
      },
      "warrantyInformation": "1 month warranty",
      "shippingInformation": "Ships in 1-2 business days",
      "availabilityStatus": "In Stock",
      "reviews": [
        {
          "rating": 4,
          "comment": "Very pleased!",
          "date": "2025-04-30T09:41:02.054Z",
          "reviewerName": "Christopher West",
          "reviewerEmail": "christopher.west@x.dummyjson.com"
        },
        {
          "rating": 4,
          "comment": "Highly recommended!",
          "date": "2025-04-30T09:41:02.054Z",
          "reviewerName": "Mia Miller",
          "reviewerEmail": "mia.miller@x.dummyjson.com"
        },
        {
          "rating": 2,
          "comment": "Very dissatisfied!",
          "date": "2025-04-30T09:41:02.054Z",
          "reviewerName": "Ella Adams",
          "reviewerEmail": "ella.adams@x.dummyjson.com"
        }
      ],
      "returnPolicy": "30 days return policy",
      "minimumOrderQuantity": 5,
      "meta": {
        "createdAt": "2025-04-30T09:41:02.054Z",
        "updatedAt": "2025-04-30T09:41:02.054Z",
        "barcode": "3106827888743",
        "qrCode": "https://cdn.dummyjson.com/public/qr-code.png"
      },
      "images": [
        "https://cdn.dummyjson.com/product-images/smartphones/oppo-k1/1.webp",
        "https://cdn.dummyjson.com/product-images/smartphones/oppo-k1/2.webp",
        "https://cdn.dummyjson.com/product-images/smartphones/oppo-k1/3.webp",
        "https://cdn.dummyjson.com/product-images/smartphones/oppo-k1/4.webp"
      ],
      "thumbnail": "https://cdn.dummyjson.com/product-images/smartphones/oppo-k1/thumbnail.webp"
    },
    {
      "id": 128,
      "title": "Realme C35",
      "description": "The Realme C35 is a budget-friendly smartphone with a focus on providing essential features for everyday use. It offers a reliable performance and user-friendly experience.",
      "category": "smartphones",
      "price": 149.99,
      "discountPercentage": 15.3,
      "rating": 4.2,
      "stock": 48,
      "tags": [
        "smartphones",
        "realme"
      ],
      "brand": "Realme",
      "sku": "SMA-REA-REA-128",
      "weight": 2,
      "dimensions": {
        "width": 25.28,
        "height": 8.14,
        "depth": 29.53
      },
      "warrantyInformation": "3 year warranty",
      "shippingInformation": "Ships overnight",
      "availabilityStatus": "In Stock",
      "reviews": [
        {
          "rating": 4,
          "comment": "Great product!",
          "date": "2025-04-30T09:41:02.054Z",
          "reviewerName": "Penelope King",
          "reviewerEmail": "penelope.king@x.dummyjson.com"
        },
        {
          "rating": 2,
          "comment": "Very unhappy with my purchase!",
          "date": "2025-04-30T09:41:02.054Z",
          "reviewerName": "Asher Scott",
          "reviewerEmail": "asher.scott@x.dummyjson.com"
        },
        {
          "rating": 4,
          "comment": "Highly impressed!",
          "date": "2025-04-30T09:41:02.054Z",
          "reviewerName": "Henry Adams",
          "reviewerEmail": "henry.adams@x.dummyjson.com"
        }
      ],
      "returnPolicy": "90 days return policy",
      "minimumOrderQuantity": 3,
      "meta": {
        "createdAt": "2025-04-30T09:41:02.054Z",
        "updatedAt": "2025-04-30T09:41:02.054Z",
        "barcode": "7825844344364",
        "qrCode": "https://cdn.dummyjson.com/public/qr-code.png"
      },
      "images": [
        "https://cdn.dummyjson.com/product-images/smartphones/realme-c35/1.webp",
        "https://cdn.dummyjson.com/product-images/smartphones/realme-c35/2.webp",
        "https://cdn.dummyjson.com/product-images/smartphones/realme-c35/3.webp"
      ],
      "thumbnail": "https://cdn.dummyjson.com/product-images/smartphones/realme-c35/thumbnail.webp"
    },
    {
      "id": 129,
      "title": "Realme X",
      "description": "The Realme X is a mid-range smartphone known for its sleek design and impressive display. It offers a good balance of performance and camera capabilities for users seeking a quality device.",
      "category": "smartphones",
      "price": 299.99,
      "discountPercentage": 6.95,
      "rating": 3.7,
      "stock": 12,
      "tags": [
        "smartphones",
        "realme"
      ],
      "brand": "Realme",
      "sku": "SMA-REA-REA-129",
      "weight": 4,
      "dimensions": {
        "width": 25.59,
        "height": 21.42,
        "depth": 12.75
      },
      "warrantyInformation": "1 month warranty",
      "shippingInformation": "Ships in 3-5 business days",
      "availabilityStatus": "In Stock",
      "reviews": [
        {
          "rating": 5,
          "comment": "Would buy again!",
          "date": "2025-04-30T09:41:02.054Z",
          "reviewerName": "Hazel Evans",
          "reviewerEmail": "hazel.evans@x.dummyjson.com"
        },
        {
          "rating": 5,
          "comment": "Fast shipping!",
          "date": "2025-04-30T09:41:02.054Z",
          "reviewerName": "Brayden Fleming",
          "reviewerEmail": "brayden.fleming@x.dummyjson.com"
        },
        {
          "rating": 5,
          "comment": "Very satisfied!",
          "date": "2025-04-30T09:41:02.054Z",
          "reviewerName": "Madison Stewart",
          "reviewerEmail": "madison.stewart@x.dummyjson.com"
        }
      ],
      "returnPolicy": "No return policy",
      "minimumOrderQuantity": 3,
      "meta": {
        "createdAt": "2025-04-30T09:41:02.054Z",
        "updatedAt": "2025-04-30T09:41:02.054Z",
        "barcode": "4948452391831",
        "qrCode": "https://cdn.dummyjson.com/public/qr-code.png"
      },
      "images": [
        "https://cdn.dummyjson.com/product-images/smartphones/realme-x/1.webp",
        "https://cdn.dummyjson.com/product-images/smartphones/realme-x/2.webp",
        "https://cdn.dummyjson.com/product-images/smartphones/realme-x/3.webp"
      ],
      "thumbnail": "https://cdn.dummyjson.com/product-images/smartphones/realme-x/thumbnail.webp"
    },
    {
      "id": 130,
      "title": "Realme XT",
      "description": "The Realme XT is a feature-rich smartphone with a focus on camera technology. It comes equipped with advanced camera sensors, delivering high-quality photos and videos for photography enthusiasts.",
      "category": "smartphones",
      "price": 349.99,
      "discountPercentage": 11.51,
      "rating": 4.58,
      "stock": 80,
      "tags": [
        "smartphones",
        "realme"
      ],
      "brand": "Realme",
      "sku": "SMA-REA-REA-130",
      "weight": 3,
      "dimensions": {
        "width": 24.98,
        "height": 26.73,
        "depth": 6.5
      },
      "warrantyInformation": "3 year warranty",
      "shippingInformation": "Ships in 1 month",
      "availabilityStatus": "In Stock",
      "reviews": [
        {
          "rating": 4,
          "comment": "Very satisfied!",
          "date": "2025-04-30T09:41:02.054Z",
          "reviewerName": "Emily Brown",
          "reviewerEmail": "emily.brown@x.dummyjson.com"
        },
        {
          "rating": 3,
          "comment": "Not as described!",
          "date": "2025-04-30T09:41:02.054Z",
          "reviewerName": "Ella Cook",
          "reviewerEmail": "ella.cook@x.dummyjson.com"
        },
        {
          "rating": 5,
          "comment": "Would buy again!",
          "date": "2025-04-30T09:41:02.054Z",
          "reviewerName": "Layla Sullivan",
          "reviewerEmail": "layla.sullivan@x.dummyjson.com"
        }
      ],
      "returnPolicy": "60 days return policy",
      "minimumOrderQuantity": 3,
      "meta": {
        "createdAt": "2025-04-30T09:41:02.054Z",
        "updatedAt": "2025-04-30T09:41:02.054Z",
        "barcode": "6151817227632",
        "qrCode": "https://cdn.dummyjson.com/public/qr-code.png"
      },
      "images": [
        "https://cdn.dummyjson.com/product-images/smartphones/realme-xt/1.webp",
        "https://cdn.dummyjson.com/product-images/smartphones/realme-xt/2.webp",
        "https://cdn.dummyjson.com/product-images/smartphones/realme-xt/3.webp"
      ],
      "thumbnail": "https://cdn.dummyjson.com/product-images/smartphones/realme-xt/thumbnail.webp"
    },
    {
      "id": 131,
      "title": "Samsung Galaxy S7",
      "description": "The Samsung Galaxy S7 is a flagship smartphone known for its sleek design and advanced features. It features a high-resolution display, powerful camera, and robust performance.",
      "category": "smartphones",
      "price": 299.99,
      "discountPercentage": 19.55,
      "rating": 3.3,
      "stock": 67,
      "tags": [
        "smartphones",
        "samsung galaxy"
      ],
      "brand": "Samsung",
      "sku": "SMA-SAM-SAM-131",
      "weight": 10,
      "dimensions": {
        "width": 13.55,
        "height": 24.24,
        "depth": 5.63
      },
      "warrantyInformation": "3 months warranty",
      "shippingInformation": "Ships in 3-5 business days",
      "availabilityStatus": "In Stock",
      "reviews": [
        {
          "rating": 1,
          "comment": "Not as described!",
          "date": "2025-04-30T09:41:02.054Z",
          "reviewerName": "Julian James",
          "reviewerEmail": "julian.james@x.dummyjson.com"
        },
        {
          "rating": 4,
          "comment": "Fast shipping!",
          "date": "2025-04-30T09:41:02.054Z",
          "reviewerName": "Lucas Gordon",
          "reviewerEmail": "lucas.gordon@x.dummyjson.com"
        },
        {
          "rating": 4,
          "comment": "Excellent quality!",
          "date": "2025-04-30T09:41:02.054Z",
          "reviewerName": "Ava Taylor",
          "reviewerEmail": "ava.taylor@x.dummyjson.com"
        }
      ],
      "returnPolicy": "No return policy",
      "minimumOrderQuantity": 1,
      "meta": {
        "createdAt": "2025-04-30T09:41:02.054Z",
        "updatedAt": "2025-04-30T09:41:02.054Z",
        "barcode": "7557912146622",
        "qrCode": "https://cdn.dummyjson.com/public/qr-code.png"
      },
      "images": [
        "https://cdn.dummyjson.com/product-images/smartphones/samsung-galaxy-s7/1.webp",
        "https://cdn.dummyjson.com/product-images/smartphones/samsung-galaxy-s7/2.webp",
        "https://cdn.dummyjson.com/product-images/smartphones/samsung-galaxy-s7/3.webp"
      ],
      "thumbnail": "https://cdn.dummyjson.com/product-images/smartphones/samsung-galaxy-s7/thumbnail.webp"
    },
    {
      "id": 132,
      "title": "Samsung Galaxy S8",
      "description": "The Samsung Galaxy S8 is a premium smartphone with an Infinity Display, offering a stunning visual experience. It boasts advanced camera capabilities and cutting-edge technology.",
      "category": "smartphones",
      "price": 499.99,
      "discountPercentage": 19.45,
      "rating": 4.4,
      "stock": 0,
      "tags": [
        "smartphones",
        "samsung galaxy"
      ],
      "brand": "Samsung",
      "sku": "SMA-SAM-SAM-132",
      "weight": 6,
      "dimensions": {
        "width": 23.05,
        "height": 26.88,
        "depth": 15.73
      },
      "warrantyInformation": "2 year warranty",
      "shippingInformation": "Ships in 1 week",
      "availabilityStatus": "Out of Stock",
      "reviews": [
        {
          "rating": 4,
          "comment": "Highly impressed!",
          "date": "2025-04-30T09:41:02.054Z",
          "reviewerName": "Owen Fisher",
          "reviewerEmail": "owen.fisher@x.dummyjson.com"
        },
        {
          "rating": 4,
          "comment": "Highly impressed!",
          "date": "2025-04-30T09:41:02.054Z",
          "reviewerName": "Clara Berry",
          "reviewerEmail": "clara.berry@x.dummyjson.com"
        },
        {
          "rating": 4,
          "comment": "Highly recommended!",
          "date": "2025-04-30T09:41:02.054Z",
          "reviewerName": "Tyler Davis",
          "reviewerEmail": "tyler.davis@x.dummyjson.com"
        }
      ],
      "returnPolicy": "No return policy",
      "minimumOrderQuantity": 4,
      "meta": {
        "createdAt": "2025-04-30T09:41:02.054Z",
        "updatedAt": "2025-04-30T09:41:02.054Z",
        "barcode": "5995499013336",
        "qrCode": "https://cdn.dummyjson.com/public/qr-code.png"
      },
      "images": [
        "https://cdn.dummyjson.com/product-images/smartphones/samsung-galaxy-s8/1.webp",
        "https://cdn.dummyjson.com/product-images/smartphones/samsung-galaxy-s8/2.webp",
        "https://cdn.dummyjson.com/product-images/smartphones/samsung-galaxy-s8/3.webp"
      ],
      "thumbnail": "https://cdn.dummyjson.com/product-images/smartphones/samsung-galaxy-s8/thumbnail.webp"
    },
    {
      "id": 133,
      "title": "Samsung Galaxy S10",
      "description": "The Samsung Galaxy S10 is a flagship device featuring a dynamic AMOLED display, versatile camera system, and powerful performance. It represents innovation and excellence in smartphone technology.",
      "category": "smartphones",
      "price": 699.99,
      "discountPercentage": 5.59,
      "rating": 3.06,
      "stock": 19,
      "tags": [
        "smartphones",
        "samsung galaxy"
      ],
      "brand": "Samsung",
      "sku": "SMA-SAM-SAM-133",
      "weight": 9,
      "dimensions": {
        "width": 27.41,
        "height": 15.26,
        "depth": 27.02
      },
      "warrantyInformation": "No warranty",
      "shippingInformation": "Ships in 2 weeks",
      "availabilityStatus": "In Stock",
      "reviews": [
        {
          "rating": 4,
          "comment": "Excellent quality!",
          "date": "2025-04-30T09:41:02.054Z",
          "reviewerName": "Tristan Scott",
          "reviewerEmail": "tristan.scott@x.dummyjson.com"
        },
        {
          "rating": 5,
          "comment": "Would buy again!",
          "date": "2025-04-30T09:41:02.054Z",
          "reviewerName": "Christopher West",
          "reviewerEmail": "christopher.west@x.dummyjson.com"
        },
        {
          "rating": 2,
          "comment": "Would not recommend!",
          "date": "2025-04-30T09:41:02.054Z",
          "reviewerName": "Amelia Perez",
          "reviewerEmail": "amelia.perez@x.dummyjson.com"
        }
      ],
      "returnPolicy": "30 days return policy",
      "minimumOrderQuantity": 2,
      "meta": {
        "createdAt": "2025-04-30T09:41:02.054Z",
        "updatedAt": "2025-04-30T09:41:02.054Z",
        "barcode": "4676898229465",
        "qrCode": "https://cdn.dummyjson.com/public/qr-code.png"
      },
      "images": [
        "https://cdn.dummyjson.com/product-images/smartphones/samsung-galaxy-s10/1.webp",
        "https://cdn.dummyjson.com/product-images/smartphones/samsung-galaxy-s10/2.webp",
        "https://cdn.dummyjson.com/product-images/smartphones/samsung-galaxy-s10/3.webp"
      ],
      "thumbnail": "https://cdn.dummyjson.com/product-images/smartphones/samsung-galaxy-s10/thumbnail.webp"
    },
    {
      "id": 134,
      "title": "Vivo S1",
      "description": "The Vivo S1 is a stylish and mid-range smartphone offering a blend of design and performance. It features a vibrant display, capable camera system, and reliable functionality.",
      "category": "smartphones",
      "price": 249.99,
      "discountPercentage": 10.17,
      "rating": 3.5,
      "stock": 50,
      "tags": [
        "smartphones",
        "vivo"
      ],
      "brand": "Vivo",
      "sku": "SMA-VIV-VIV-134",
      "weight": 4,
      "dimensions": {
        "width": 14.06,
        "height": 11.79,
        "depth": 6.78
      },
      "warrantyInformation": "6 months warranty",
      "shippingInformation": "Ships in 3-5 business days",
      "availabilityStatus": "In Stock",
      "reviews": [
        {
          "rating": 4,
          "comment": "Very satisfied!",
          "date": "2025-04-30T09:41:02.054Z",
          "reviewerName": "Samantha Martinez",
          "reviewerEmail": "samantha.martinez@x.dummyjson.com"
        },
        {
          "rating": 3,
          "comment": "Very disappointed!",
          "date": "2025-04-30T09:41:02.054Z",
          "reviewerName": "Logan Lee",
          "reviewerEmail": "logan.lee@x.dummyjson.com"
        },
        {
          "rating": 4,
          "comment": "Would buy again!",
          "date": "2025-04-30T09:41:02.054Z",
          "reviewerName": "Sophia Jones",
          "reviewerEmail": "sophia.jones@x.dummyjson.com"
        }
      ],
      "returnPolicy": "7 days return policy",
      "minimumOrderQuantity": 1,
      "meta": {
        "createdAt": "2025-04-30T09:41:02.054Z",
        "updatedAt": "2025-04-30T09:41:02.054Z",
        "barcode": "8575699153333",
        "qrCode": "https://cdn.dummyjson.com/public/qr-code.png"
      },
      "images": [
        "https://cdn.dummyjson.com/product-images/smartphones/vivo-s1/1.webp",
        "https://cdn.dummyjson.com/product-images/smartphones/vivo-s1/2.webp",
        "https://cdn.dummyjson.com/product-images/smartphones/vivo-s1/3.webp"
      ],
      "thumbnail": "https://cdn.dummyjson.com/product-images/smartphones/vivo-s1/thumbnail.webp"
    },
    {
      "id": 135,
      "title": "Vivo V9",
      "description": "The Vivo V9 is a smartphone known for its sleek design and emphasis on capturing high-quality selfies. It features a notch display, dual-camera setup, and a modern design.",
      "category": "smartphones",
      "price": 299.99,
      "discountPercentage": 17.67,
      "rating": 3.6,
      "stock": 82,
      "tags": [
        "smartphones",
        "vivo"
      ],
      "brand": "Vivo",
      "sku": "SMA-VIV-VIV-135",
      "weight": 4,
      "dimensions": {
        "width": 19.85,
        "height": 21.83,
        "depth": 13.04
      },
      "warrantyInformation": "2 year warranty",
      "shippingInformation": "Ships in 1 month",
      "availabilityStatus": "In Stock",
      "reviews": [
        {
          "rating": 2,
          "comment": "Very unhappy with my purchase!",
          "date": "2025-04-30T09:41:02.054Z",
          "reviewerName": "Logan Lawson",
          "reviewerEmail": "logan.lawson@x.dummyjson.com"
        },
        {
          "rating": 5,
          "comment": "Awesome product!",
          "date": "2025-04-30T09:41:02.054Z",
          "reviewerName": "Layla Young",
          "reviewerEmail": "layla.young@x.dummyjson.com"
        },
        {
          "rating": 4,
          "comment": "Great value for money!",
          "date": "2025-04-30T09:41:02.054Z",
          "reviewerName": "Asher Scott",
          "reviewerEmail": "asher.scott@x.dummyjson.com"
        }
      ],
      "returnPolicy": "60 days return policy",
      "minimumOrderQuantity": 2,
      "meta": {
        "createdAt": "2025-04-30T09:41:02.054Z",
        "updatedAt": "2025-04-30T09:41:02.054Z",
        "barcode": "4295398764784",
        "qrCode": "https://cdn.dummyjson.com/public/qr-code.png"
      },
      "images": [
        "https://cdn.dummyjson.com/product-images/smartphones/vivo-v9/1.webp",
        "https://cdn.dummyjson.com/product-images/smartphones/vivo-v9/2.webp",
        "https://cdn.dummyjson.com/product-images/smartphones/vivo-v9/3.webp"
      ],
      "thumbnail": "https://cdn.dummyjson.com/product-images/smartphones/vivo-v9/thumbnail.webp"
    },
    {
      "id": 136,
      "title": "Vivo X21",
      "description": "The Vivo X21 is a premium smartphone with a focus on cutting-edge technology. It features an in-display fingerprint sensor, a high-resolution display, and advanced camera capabilities.",
      "category": "smartphones",
      "price": 499.99,
      "discountPercentage": 17.41,
      "rating": 4.26,
      "stock": 7,
      "tags": [
        "smartphones",
        "vivo"
      ],
      "brand": "Vivo",
      "sku": "SMA-VIV-VIV-136",
      "weight": 10,
      "dimensions": {
        "width": 22.49,
        "height": 21.62,
        "depth": 27.88
      },
      "warrantyInformation": "1 year warranty",
      "shippingInformation": "Ships in 1-2 business days",
      "availabilityStatus": "In Stock",
      "reviews": [
        {
          "rating": 4,
          "comment": "Very pleased!",
          "date": "2025-04-30T09:41:02.054Z",
          "reviewerName": "Liam Gonzalez",
          "reviewerEmail": "liam.gonzalez@x.dummyjson.com"
        },
        {
          "rating": 4,
          "comment": "Fast shipping!",
          "date": "2025-04-30T09:41:02.054Z",
          "reviewerName": "Aurora Barnes",
          "reviewerEmail": "aurora.barnes@x.dummyjson.com"
        },
        {
          "rating": 2,
          "comment": "Not as described!",
          "date": "2025-04-30T09:41:02.054Z",
          "reviewerName": "Evelyn Walker",
          "reviewerEmail": "evelyn.walker@x.dummyjson.com"
        }
      ],
      "returnPolicy": "60 days return policy",
      "minimumOrderQuantity": 3,
      "meta": {
        "createdAt": "2025-04-30T09:41:02.054Z",
        "updatedAt": "2025-04-30T09:41:02.054Z",
        "barcode": "9944308291810",
        "qrCode": "https://cdn.dummyjson.com/public/qr-code.png"
      },
      "images": [
        "https://cdn.dummyjson.com/product-images/smartphones/vivo-x21/1.webp",
        "https://cdn.dummyjson.com/product-images/smartphones/vivo-x21/2.webp",
        "https://cdn.dummyjson.com/product-images/smartphones/vivo-x21/3.webp"
      ],
      "thumbnail": "https://cdn.dummyjson.com/product-images/smartphones/vivo-x21/thumbnail.webp"
    }
  ],
  "total": 16,
  "skip": 0,
  "limit": 16
}
 
]]></system-out>
  </testcase>
  <testcase name="[9:80] Add New Product" classname="dummyjson/Products" time="0.135">
    <system-out><![CDATA[18:09:11.838 [main] DEBUG com.jayway.jsonpath.internal.path.CompiledPath -- Evaluating path: $
18:09:11.862 [main] DEBUG io.netty.util.internal.logging.InternalLoggerFactory -- Using SLF4J as the default logging framework
18:09:11.865 [main] DEBUG io.netty.util.internal.PlatformDependent0 -- -Dio.netty.noUnsafe: false
18:09:11.865 [main] DEBUG io.netty.util.internal.PlatformDependent0 -- Java version: 21
18:09:11.866 [main] DEBUG io.netty.util.internal.PlatformDependent0 -- sun.misc.Unsafe.theUnsafe: available
18:09:11.866 [main] DEBUG io.netty.util.internal.PlatformDependent0 -- sun.misc.Unsafe.copyMemory: available
18:09:11.866 [main] DEBUG io.netty.util.internal.PlatformDependent0 -- sun.misc.Unsafe.storeFence: available
18:09:11.867 [main] DEBUG io.netty.util.internal.PlatformDependent0 -- java.nio.Buffer.address: available
18:09:11.867 [main] DEBUG io.netty.util.internal.PlatformDependent0 -- direct buffer constructor: unavailable: Reflective setAccessible(true) disabled
18:09:11.867 [main] DEBUG io.netty.util.internal.PlatformDependent0 -- java.nio.Bits.unaligned: available, true
18:09:11.868 [main] DEBUG io.netty.util.internal.PlatformDependent0 -- jdk.internal.misc.Unsafe.allocateUninitializedArray(int): unavailable: class io.netty.util.internal.PlatformDependent0$7 cannot access class jdk.internal.misc.Unsafe (in module java.base) because module java.base does not export jdk.internal.misc to unnamed module @1a3869f4
18:09:11.869 [main] DEBUG io.netty.util.internal.PlatformDependent0 -- java.nio.DirectByteBuffer.<init>(long, {int,long}): unavailable
18:09:11.869 [main] DEBUG io.netty.util.internal.PlatformDependent -- sun.misc.Unsafe: available
18:09:11.871 [main] DEBUG io.netty.util.internal.PlatformDependent -- maxDirectMemory: 2147483648 bytes (maybe)
18:09:11.871 [main] DEBUG io.netty.util.internal.PlatformDependent -- -Dio.netty.tmpdir: /var/folders/9n/qdd87m_d27v106zr8rs1f1b00000gn/T (java.io.tmpdir)
18:09:11.871 [main] DEBUG io.netty.util.internal.PlatformDependent -- -Dio.netty.bitMode: 64 (sun.arch.data.model)
18:09:11.871 [main] DEBUG io.netty.util.internal.PlatformDependent -- Platform: MacOS
18:09:11.872 [main] DEBUG io.netty.util.internal.PlatformDependent -- -Dio.netty.maxDirectMemory: -1 bytes
18:09:11.872 [main] DEBUG io.netty.util.internal.PlatformDependent -- -Dio.netty.uninitializedArrayAllocationThreshold: -1
18:09:11.872 [main] DEBUG io.netty.util.internal.CleanerJava9 -- java.nio.ByteBuffer.cleaner(): available
18:09:11.872 [main] DEBUG io.netty.util.internal.PlatformDependent -- -Dio.netty.noPreferDirect: false
18:09:11.878 [main] DEBUG org.apache.http.client.protocol.RequestAddCookies -- CookieSpec selected: karate
18:09:11.878 [main] DEBUG org.apache.http.client.protocol.RequestAuthCache -- Auth cache not set in the context
18:09:11.879 [main] DEBUG com.intuit.karate -- request:
1 > POST https://dummyjson.com/products/add
1 > Content-Type: application/json; charset=UTF-8
1 > Content-Length: 59
1 > Host: dummyjson.com
1 > Connection: Keep-Alive
1 > User-Agent: Apache-HttpClient/4.5.14 (Java/21.0.8)
1 > Accept-Encoding: gzip,deflate
{"title":"BMW Pencil","price":15.5,"category":"stationery"}

18:09:11.879 [main] DEBUG org.apache.http.impl.conn.PoolingHttpClientConnectionManager -- Connection request: [route: {s}->https://dummyjson.com:443][total available: 0; route allocated: 0 of 5; total allocated: 0 of 10]
18:09:11.879 [main] DEBUG org.apache.http.impl.conn.PoolingHttpClientConnectionManager -- Connection leased: [id: 8][route: {s}->https://dummyjson.com:443][total available: 0; route allocated: 1 of 5; total allocated: 1 of 10]
18:09:11.879 [main] DEBUG org.apache.http.impl.execchain.MainClientExec -- Opening connection {s}->https://dummyjson.com:443
18:09:11.879 [main] DEBUG org.apache.http.impl.conn.DefaultHttpClientConnectionOperator -- Connecting to dummyjson.com/66.33.22.2:443
18:09:11.879 [main] DEBUG org.apache.http.conn.ssl.SSLConnectionSocketFactory -- Connecting socket to dummyjson.com/66.33.22.2:443 with timeout 30000
18:09:11.900 [main] DEBUG org.apache.http.conn.ssl.SSLConnectionSocketFactory -- Enabled protocols: [TLSv1.3, TLSv1.2]
18:09:11.900 [main] DEBUG org.apache.http.conn.ssl.SSLConnectionSocketFactory -- Enabled cipher suites:[TLS_AES_256_GCM_SHA384, TLS_AES_128_GCM_SHA256, TLS_CHACHA20_POLY1305_SHA256, TLS_ECDHE_ECDSA_WITH_AES_256_GCM_SHA384, TLS_ECDHE_ECDSA_WITH_AES_128_GCM_SHA256, TLS_ECDHE_ECDSA_WITH_CHACHA20_POLY1305_SHA256, TLS_ECDHE_RSA_WITH_AES_256_GCM_SHA384, TLS_ECDHE_RSA_WITH_CHACHA20_POLY1305_SHA256, TLS_ECDHE_RSA_WITH_AES_128_GCM_SHA256, TLS_DHE_RSA_WITH_AES_256_GCM_SHA384, TLS_DHE_RSA_WITH_CHACHA20_POLY1305_SHA256, TLS_DHE_DSS_WITH_AES_256_GCM_SHA384, TLS_DHE_RSA_WITH_AES_128_GCM_SHA256, TLS_DHE_DSS_WITH_AES_128_GCM_SHA256, TLS_ECDHE_ECDSA_WITH_AES_256_CBC_SHA384, TLS_ECDHE_RSA_WITH_AES_256_CBC_SHA384, TLS_ECDHE_ECDSA_WITH_AES_128_CBC_SHA256, TLS_ECDHE_RSA_WITH_AES_128_CBC_SHA256, TLS_DHE_RSA_WITH_AES_256_CBC_SHA256, TLS_DHE_DSS_WITH_AES_256_CBC_SHA256, TLS_DHE_RSA_WITH_AES_128_CBC_SHA256, TLS_DHE_DSS_WITH_AES_128_CBC_SHA256, TLS_ECDHE_ECDSA_WITH_AES_256_CBC_SHA, TLS_ECDHE_RSA_WITH_AES_256_CBC_SHA, TLS_ECDHE_ECDSA_WITH_AES_128_CBC_SHA, TLS_ECDHE_RSA_WITH_AES_128_CBC_SHA, TLS_DHE_RSA_WITH_AES_256_CBC_SHA, TLS_DHE_DSS_WITH_AES_256_CBC_SHA, TLS_DHE_RSA_WITH_AES_128_CBC_SHA, TLS_DHE_DSS_WITH_AES_128_CBC_SHA, TLS_RSA_WITH_AES_256_GCM_SHA384, TLS_RSA_WITH_AES_128_GCM_SHA256, TLS_RSA_WITH_AES_256_CBC_SHA256, TLS_RSA_WITH_AES_128_CBC_SHA256, TLS_RSA_WITH_AES_256_CBC_SHA, TLS_RSA_WITH_AES_128_CBC_SHA, TLS_EMPTY_RENEGOTIATION_INFO_SCSV]
18:09:11.900 [main] DEBUG org.apache.http.conn.ssl.SSLConnectionSocketFactory -- Starting handshake
18:09:11.928 [main] DEBUG org.apache.http.conn.ssl.SSLConnectionSocketFactory -- Secure session established
18:09:11.928 [main] DEBUG org.apache.http.conn.ssl.SSLConnectionSocketFactory --  negotiated protocol: TLSv1.3
18:09:11.929 [main] DEBUG org.apache.http.conn.ssl.SSLConnectionSocketFactory --  negotiated cipher suite: TLS_AES_128_GCM_SHA256
18:09:11.929 [main] DEBUG org.apache.http.conn.ssl.SSLConnectionSocketFactory --  peer principal: CN=dummyjson.com
18:09:11.929 [main] DEBUG org.apache.http.conn.ssl.SSLConnectionSocketFactory --  peer alternative names: [dummyjson.com]
18:09:11.929 [main] DEBUG org.apache.http.conn.ssl.SSLConnectionSocketFactory --  issuer principal: CN=R11, O=Let's Encrypt, C=US
18:09:11.929 [main] DEBUG org.apache.http.impl.conn.DefaultHttpClientConnectionOperator -- Connection established 192.168.1.15:64691<->66.33.22.2:443
18:09:11.929 [main] DEBUG org.apache.http.impl.conn.DefaultManagedHttpClientConnection -- http-outgoing-8: set socket timeout to 30000
18:09:11.929 [main] DEBUG org.apache.http.impl.execchain.MainClientExec -- Executing request POST /products/add HTTP/1.1
18:09:11.929 [main] DEBUG org.apache.http.impl.execchain.MainClientExec -- Target auth state: UNCHALLENGED
18:09:11.929 [main] DEBUG org.apache.http.impl.execchain.MainClientExec -- Proxy auth state: UNCHALLENGED
18:09:11.929 [main] DEBUG org.apache.http.headers -- http-outgoing-8 >> POST /products/add HTTP/1.1
18:09:11.929 [main] DEBUG org.apache.http.headers -- http-outgoing-8 >> Content-Type: application/json; charset=UTF-8
18:09:11.929 [main] DEBUG org.apache.http.headers -- http-outgoing-8 >> Content-Length: 59
18:09:11.929 [main] DEBUG org.apache.http.headers -- http-outgoing-8 >> Host: dummyjson.com
18:09:11.929 [main] DEBUG org.apache.http.headers -- http-outgoing-8 >> Connection: Keep-Alive
18:09:11.929 [main] DEBUG org.apache.http.headers -- http-outgoing-8 >> User-Agent: Apache-HttpClient/4.5.14 (Java/21.0.8)
18:09:11.929 [main] DEBUG org.apache.http.headers -- http-outgoing-8 >> Accept-Encoding: gzip,deflate
18:09:11.929 [main] DEBUG org.apache.http.wire -- http-outgoing-8 >> "POST /products/add HTTP/1.1[\r][\n]"
18:09:11.929 [main] DEBUG org.apache.http.wire -- http-outgoing-8 >> "Content-Type: application/json; charset=UTF-8[\r][\n]"
18:09:11.929 [main] DEBUG org.apache.http.wire -- http-outgoing-8 >> "Content-Length: 59[\r][\n]"
18:09:11.929 [main] DEBUG org.apache.http.wire -- http-outgoing-8 >> "Host: dummyjson.com[\r][\n]"
18:09:11.929 [main] DEBUG org.apache.http.wire -- http-outgoing-8 >> "Connection: Keep-Alive[\r][\n]"
18:09:11.929 [main] DEBUG org.apache.http.wire -- http-outgoing-8 >> "User-Agent: Apache-HttpClient/4.5.14 (Java/21.0.8)[\r][\n]"
18:09:11.929 [main] DEBUG org.apache.http.wire -- http-outgoing-8 >> "Accept-Encoding: gzip,deflate[\r][\n]"
18:09:11.929 [main] DEBUG org.apache.http.wire -- http-outgoing-8 >> "[\r][\n]"
18:09:11.929 [main] DEBUG org.apache.http.wire -- http-outgoing-8 >> "{"title":"BMW Pencil","price":15.5,"category":"stationery"}"
18:09:11.951 [main] DEBUG org.apache.http.wire -- http-outgoing-8 << "HTTP/1.1 201 Created[\r][\n]"
18:09:11.951 [main] DEBUG org.apache.http.wire -- http-outgoing-8 << "Access-Control-Allow-Origin: *[\r][\n]"
18:09:11.951 [main] DEBUG org.apache.http.wire -- http-outgoing-8 << "Content-Length: 68[\r][\n]"
18:09:11.951 [main] DEBUG org.apache.http.wire -- http-outgoing-8 << "Content-Type: application/json; charset=utf-8[\r][\n]"
18:09:11.951 [main] DEBUG org.apache.http.wire -- http-outgoing-8 << "Date: Wed, 23 Jul 2025 11:09:11 GMT[\r][\n]"
18:09:11.951 [main] DEBUG org.apache.http.wire -- http-outgoing-8 << "Etag: W/"44-HB2Gdnh3Fguq5Bz5MuHQjfJXru4"[\r][\n]"
18:09:11.951 [main] DEBUG org.apache.http.wire -- http-outgoing-8 << "Server: railway-edge[\r][\n]"
18:09:11.951 [main] DEBUG org.apache.http.wire -- http-outgoing-8 << "Strict-Transport-Security: max-age=15552000; includeSubDomains[\r][\n]"
18:09:11.951 [main] DEBUG org.apache.http.wire -- http-outgoing-8 << "Vary: Accept-Encoding[\r][\n]"
18:09:11.951 [main] DEBUG org.apache.http.wire -- http-outgoing-8 << "X-Content-Type-Options: nosniff[\r][\n]"
18:09:11.951 [main] DEBUG org.apache.http.wire -- http-outgoing-8 << "X-Dns-Prefetch-Control: off[\r][\n]"
18:09:11.951 [main] DEBUG org.apache.http.wire -- http-outgoing-8 << "X-Download-Options: noopen[\r][\n]"
18:09:11.951 [main] DEBUG org.apache.http.wire -- http-outgoing-8 << "X-Frame-Options: SAMEORIGIN[\r][\n]"
18:09:11.951 [main] DEBUG org.apache.http.wire -- http-outgoing-8 << "X-Powered-By: Cats on Keyboards[\r][\n]"
18:09:11.951 [main] DEBUG org.apache.http.wire -- http-outgoing-8 << "X-Railway-Edge: railway/asia-southeast1-eqsg3a[\r][\n]"
18:09:11.951 [main] DEBUG org.apache.http.wire -- http-outgoing-8 << "X-Railway-Request-Id: eV_qUGfxRaqBFpi9acI7Nw[\r][\n]"
18:09:11.951 [main] DEBUG org.apache.http.wire -- http-outgoing-8 << "X-Ratelimit-Limit: 100[\r][\n]"
18:09:11.951 [main] DEBUG org.apache.http.wire -- http-outgoing-8 << "X-Ratelimit-Remaining: 99[\r][\n]"
18:09:11.951 [main] DEBUG org.apache.http.wire -- http-outgoing-8 << "X-Ratelimit-Reset: 1753268961[\r][\n]"
18:09:11.951 [main] DEBUG org.apache.http.wire -- http-outgoing-8 << "X-Xss-Protection: 1; mode=block[\r][\n]"
18:09:11.951 [main] DEBUG org.apache.http.wire -- http-outgoing-8 << "[\r][\n]"
18:09:11.951 [main] DEBUG org.apache.http.wire -- http-outgoing-8 << "{"id":195,"title":"BMW Pencil","price":15.5,"category":"stationery"}"
18:09:11.951 [main] DEBUG org.apache.http.headers -- http-outgoing-8 << HTTP/1.1 201 Created
18:09:11.951 [main] DEBUG org.apache.http.headers -- http-outgoing-8 << Access-Control-Allow-Origin: *
18:09:11.951 [main] DEBUG org.apache.http.headers -- http-outgoing-8 << Content-Length: 68
18:09:11.951 [main] DEBUG org.apache.http.headers -- http-outgoing-8 << Content-Type: application/json; charset=utf-8
18:09:11.951 [main] DEBUG org.apache.http.headers -- http-outgoing-8 << Date: Wed, 23 Jul 2025 11:09:11 GMT
18:09:11.952 [main] DEBUG org.apache.http.headers -- http-outgoing-8 << Etag: W/"44-HB2Gdnh3Fguq5Bz5MuHQjfJXru4"
18:09:11.952 [main] DEBUG org.apache.http.headers -- http-outgoing-8 << Server: railway-edge
18:09:11.952 [main] DEBUG org.apache.http.headers -- http-outgoing-8 << Strict-Transport-Security: max-age=15552000; includeSubDomains
18:09:11.952 [main] DEBUG org.apache.http.headers -- http-outgoing-8 << Vary: Accept-Encoding
18:09:11.952 [main] DEBUG org.apache.http.headers -- http-outgoing-8 << X-Content-Type-Options: nosniff
18:09:11.952 [main] DEBUG org.apache.http.headers -- http-outgoing-8 << X-Dns-Prefetch-Control: off
18:09:11.952 [main] DEBUG org.apache.http.headers -- http-outgoing-8 << X-Download-Options: noopen
18:09:11.952 [main] DEBUG org.apache.http.headers -- http-outgoing-8 << X-Frame-Options: SAMEORIGIN
18:09:11.952 [main] DEBUG org.apache.http.headers -- http-outgoing-8 << X-Powered-By: Cats on Keyboards
18:09:11.952 [main] DEBUG org.apache.http.headers -- http-outgoing-8 << X-Railway-Edge: railway/asia-southeast1-eqsg3a
18:09:11.952 [main] DEBUG org.apache.http.headers -- http-outgoing-8 << X-Railway-Request-Id: eV_qUGfxRaqBFpi9acI7Nw
18:09:11.952 [main] DEBUG org.apache.http.headers -- http-outgoing-8 << X-Ratelimit-Limit: 100
18:09:11.952 [main] DEBUG org.apache.http.headers -- http-outgoing-8 << X-Ratelimit-Remaining: 99
18:09:11.952 [main] DEBUG org.apache.http.headers -- http-outgoing-8 << X-Ratelimit-Reset: 1753268961
18:09:11.952 [main] DEBUG org.apache.http.headers -- http-outgoing-8 << X-Xss-Protection: 1; mode=block
18:09:11.952 [main] DEBUG org.apache.http.impl.execchain.MainClientExec -- Connection can be kept alive indefinitely
18:09:11.952 [main] DEBUG org.apache.http.impl.conn.PoolingHttpClientConnectionManager -- Connection [id: 8][route: {s}->https://dummyjson.com:443] can be kept alive indefinitely
18:09:11.952 [main] DEBUG org.apache.http.impl.conn.DefaultManagedHttpClientConnection -- http-outgoing-8: set socket timeout to 0
18:09:11.952 [main] DEBUG org.apache.http.impl.conn.PoolingHttpClientConnectionManager -- Connection released: [id: 8][route: {s}->https://dummyjson.com:443][total available: 1; route allocated: 1 of 5; total allocated: 1 of 10]
18:09:11.952 [main] DEBUG org.apache.http.impl.conn.PoolingHttpClientConnectionManager -- Connection manager is shutting down
18:09:11.952 [main] DEBUG org.apache.http.impl.conn.DefaultManagedHttpClientConnection -- http-outgoing-8: Close connection
18:09:11.952 [main] DEBUG org.apache.http.impl.conn.PoolingHttpClientConnectionManager -- Connection manager shut down
18:09:11.953 [main] DEBUG com.intuit.karate -- response time in milliseconds: 73
1 < 201
1 < Access-Control-Allow-Origin: *
1 < Content-Length: 68
1 < Content-Type: application/json; charset=utf-8
1 < Date: Wed, 23 Jul 2025 11:09:11 GMT
1 < Etag: W/"44-HB2Gdnh3Fguq5Bz5MuHQjfJXru4"
1 < Server: railway-edge
1 < Strict-Transport-Security: max-age=15552000; includeSubDomains
1 < Vary: Accept-Encoding
1 < X-Content-Type-Options: nosniff
1 < X-Dns-Prefetch-Control: off
1 < X-Download-Options: noopen
1 < X-Frame-Options: SAMEORIGIN
1 < X-Powered-By: Cats on Keyboards
1 < X-Railway-Edge: railway/asia-southeast1-eqsg3a
1 < X-Railway-Request-Id: eV_qUGfxRaqBFpi9acI7Nw
1 < X-Ratelimit-Limit: 100
1 < X-Ratelimit-Remaining: 99
1 < X-Ratelimit-Reset: 1753268961
1 < X-Xss-Protection: 1; mode=block
{"id":195,"title":"BMW Pencil","price":15.5,"category":"stationery"}

18:09:11.954 [main] DEBUG com.jayway.jsonpath.internal.path.CompiledPath -- Evaluating path: $['id']
18:09:11.955 [main] DEBUG com.jayway.jsonpath.internal.path.CompiledPath -- Evaluating path: $['title']
18:09:11.956 [main] DEBUG com.jayway.jsonpath.internal.path.CompiledPath -- Evaluating path: $['price']
18:09:11.960 [main] INFO com.intuit.karate -- [print] {
  "id": 195,
  "title": "BMW Pencil",
  "price": 15.5,
  "category": "stationery"
}
 
]]></system-out>
  </testcase>
  <testcase name="[10:91] Update Product Title" classname="dummyjson/Products" time="0.096">
    <system-out><![CDATA[18:09:11.970 [main] DEBUG com.jayway.jsonpath.internal.path.CompiledPath -- Evaluating path: $
18:09:11.971 [main] DEBUG org.apache.http.client.protocol.RequestAddCookies -- CookieSpec selected: karate
18:09:11.971 [main] DEBUG org.apache.http.client.protocol.RequestAuthCache -- Auth cache not set in the context
18:09:11.971 [main] DEBUG com.intuit.karate -- request:
1 > PUT https://dummyjson.com/products/1
1 > Content-Type: application/json; charset=UTF-8
1 > Content-Length: 28
1 > Host: dummyjson.com
1 > Connection: Keep-Alive
1 > User-Agent: Apache-HttpClient/4.5.14 (Java/21.0.8)
1 > Accept-Encoding: gzip,deflate
{"title":"iPhone Galaxy +1"}

18:09:11.972 [main] DEBUG org.apache.http.impl.conn.PoolingHttpClientConnectionManager -- Connection request: [route: {s}->https://dummyjson.com:443][total available: 0; route allocated: 0 of 5; total allocated: 0 of 10]
18:09:11.972 [main] DEBUG org.apache.http.impl.conn.PoolingHttpClientConnectionManager -- Connection leased: [id: 9][route: {s}->https://dummyjson.com:443][total available: 0; route allocated: 1 of 5; total allocated: 1 of 10]
18:09:11.972 [main] DEBUG org.apache.http.impl.execchain.MainClientExec -- Opening connection {s}->https://dummyjson.com:443
18:09:11.972 [main] DEBUG org.apache.http.impl.conn.DefaultHttpClientConnectionOperator -- Connecting to dummyjson.com/66.33.22.2:443
18:09:11.972 [main] DEBUG org.apache.http.conn.ssl.SSLConnectionSocketFactory -- Connecting socket to dummyjson.com/66.33.22.2:443 with timeout 30000
18:09:11.993 [main] DEBUG org.apache.http.conn.ssl.SSLConnectionSocketFactory -- Enabled protocols: [TLSv1.3, TLSv1.2]
18:09:11.993 [main] DEBUG org.apache.http.conn.ssl.SSLConnectionSocketFactory -- Enabled cipher suites:[TLS_AES_256_GCM_SHA384, TLS_AES_128_GCM_SHA256, TLS_CHACHA20_POLY1305_SHA256, TLS_ECDHE_ECDSA_WITH_AES_256_GCM_SHA384, TLS_ECDHE_ECDSA_WITH_AES_128_GCM_SHA256, TLS_ECDHE_ECDSA_WITH_CHACHA20_POLY1305_SHA256, TLS_ECDHE_RSA_WITH_AES_256_GCM_SHA384, TLS_ECDHE_RSA_WITH_CHACHA20_POLY1305_SHA256, TLS_ECDHE_RSA_WITH_AES_128_GCM_SHA256, TLS_DHE_RSA_WITH_AES_256_GCM_SHA384, TLS_DHE_RSA_WITH_CHACHA20_POLY1305_SHA256, TLS_DHE_DSS_WITH_AES_256_GCM_SHA384, TLS_DHE_RSA_WITH_AES_128_GCM_SHA256, TLS_DHE_DSS_WITH_AES_128_GCM_SHA256, TLS_ECDHE_ECDSA_WITH_AES_256_CBC_SHA384, TLS_ECDHE_RSA_WITH_AES_256_CBC_SHA384, TLS_ECDHE_ECDSA_WITH_AES_128_CBC_SHA256, TLS_ECDHE_RSA_WITH_AES_128_CBC_SHA256, TLS_DHE_RSA_WITH_AES_256_CBC_SHA256, TLS_DHE_DSS_WITH_AES_256_CBC_SHA256, TLS_DHE_RSA_WITH_AES_128_CBC_SHA256, TLS_DHE_DSS_WITH_AES_128_CBC_SHA256, TLS_ECDHE_ECDSA_WITH_AES_256_CBC_SHA, TLS_ECDHE_RSA_WITH_AES_256_CBC_SHA, TLS_ECDHE_ECDSA_WITH_AES_128_CBC_SHA, TLS_ECDHE_RSA_WITH_AES_128_CBC_SHA, TLS_DHE_RSA_WITH_AES_256_CBC_SHA, TLS_DHE_DSS_WITH_AES_256_CBC_SHA, TLS_DHE_RSA_WITH_AES_128_CBC_SHA, TLS_DHE_DSS_WITH_AES_128_CBC_SHA, TLS_RSA_WITH_AES_256_GCM_SHA384, TLS_RSA_WITH_AES_128_GCM_SHA256, TLS_RSA_WITH_AES_256_CBC_SHA256, TLS_RSA_WITH_AES_128_CBC_SHA256, TLS_RSA_WITH_AES_256_CBC_SHA, TLS_RSA_WITH_AES_128_CBC_SHA, TLS_EMPTY_RENEGOTIATION_INFO_SCSV]
18:09:11.993 [main] DEBUG org.apache.http.conn.ssl.SSLConnectionSocketFactory -- Starting handshake
18:09:12.027 [main] DEBUG org.apache.http.conn.ssl.SSLConnectionSocketFactory -- Secure session established
18:09:12.027 [main] DEBUG org.apache.http.conn.ssl.SSLConnectionSocketFactory --  negotiated protocol: TLSv1.3
18:09:12.027 [main] DEBUG org.apache.http.conn.ssl.SSLConnectionSocketFactory --  negotiated cipher suite: TLS_AES_128_GCM_SHA256
18:09:12.027 [main] DEBUG org.apache.http.conn.ssl.SSLConnectionSocketFactory --  peer principal: CN=dummyjson.com
18:09:12.027 [main] DEBUG org.apache.http.conn.ssl.SSLConnectionSocketFactory --  peer alternative names: [dummyjson.com]
18:09:12.027 [main] DEBUG org.apache.http.conn.ssl.SSLConnectionSocketFactory --  issuer principal: CN=R11, O=Let's Encrypt, C=US
18:09:12.027 [main] DEBUG org.apache.http.impl.conn.DefaultHttpClientConnectionOperator -- Connection established 192.168.1.15:64692<->66.33.22.2:443
18:09:12.027 [main] DEBUG org.apache.http.impl.conn.DefaultManagedHttpClientConnection -- http-outgoing-9: set socket timeout to 30000
18:09:12.027 [main] DEBUG org.apache.http.impl.execchain.MainClientExec -- Executing request PUT /products/1 HTTP/1.1
18:09:12.027 [main] DEBUG org.apache.http.impl.execchain.MainClientExec -- Target auth state: UNCHALLENGED
18:09:12.027 [main] DEBUG org.apache.http.impl.execchain.MainClientExec -- Proxy auth state: UNCHALLENGED
18:09:12.027 [main] DEBUG org.apache.http.headers -- http-outgoing-9 >> PUT /products/1 HTTP/1.1
18:09:12.027 [main] DEBUG org.apache.http.headers -- http-outgoing-9 >> Content-Type: application/json; charset=UTF-8
18:09:12.027 [main] DEBUG org.apache.http.headers -- http-outgoing-9 >> Content-Length: 28
18:09:12.027 [main] DEBUG org.apache.http.headers -- http-outgoing-9 >> Host: dummyjson.com
18:09:12.027 [main] DEBUG org.apache.http.headers -- http-outgoing-9 >> Connection: Keep-Alive
18:09:12.027 [main] DEBUG org.apache.http.headers -- http-outgoing-9 >> User-Agent: Apache-HttpClient/4.5.14 (Java/21.0.8)
18:09:12.027 [main] DEBUG org.apache.http.headers -- http-outgoing-9 >> Accept-Encoding: gzip,deflate
18:09:12.027 [main] DEBUG org.apache.http.wire -- http-outgoing-9 >> "PUT /products/1 HTTP/1.1[\r][\n]"
18:09:12.027 [main] DEBUG org.apache.http.wire -- http-outgoing-9 >> "Content-Type: application/json; charset=UTF-8[\r][\n]"
18:09:12.027 [main] DEBUG org.apache.http.wire -- http-outgoing-9 >> "Content-Length: 28[\r][\n]"
18:09:12.027 [main] DEBUG org.apache.http.wire -- http-outgoing-9 >> "Host: dummyjson.com[\r][\n]"
18:09:12.027 [main] DEBUG org.apache.http.wire -- http-outgoing-9 >> "Connection: Keep-Alive[\r][\n]"
18:09:12.027 [main] DEBUG org.apache.http.wire -- http-outgoing-9 >> "User-Agent: Apache-HttpClient/4.5.14 (Java/21.0.8)[\r][\n]"
18:09:12.027 [main] DEBUG org.apache.http.wire -- http-outgoing-9 >> "Accept-Encoding: gzip,deflate[\r][\n]"
18:09:12.027 [main] DEBUG org.apache.http.wire -- http-outgoing-9 >> "[\r][\n]"
18:09:12.027 [main] DEBUG org.apache.http.wire -- http-outgoing-9 >> "{"title":"iPhone Galaxy +1"}"
18:09:12.053 [main] DEBUG org.apache.http.wire -- http-outgoing-9 << "HTTP/1.1 200 OK[\r][\n]"
18:09:12.053 [main] DEBUG org.apache.http.wire -- http-outgoing-9 << "Access-Control-Allow-Origin: *[\r][\n]"
18:09:12.053 [main] DEBUG org.apache.http.wire -- http-outgoing-9 << "Content-Length: 537[\r][\n]"
18:09:12.053 [main] DEBUG org.apache.http.wire -- http-outgoing-9 << "Content-Type: application/json; charset=utf-8[\r][\n]"
18:09:12.053 [main] DEBUG org.apache.http.wire -- http-outgoing-9 << "Date: Wed, 23 Jul 2025 11:09:12 GMT[\r][\n]"
18:09:12.053 [main] DEBUG org.apache.http.wire -- http-outgoing-9 << "Etag: W/"219-vhHfOgl4T1OjRWqLjEILcQeM+cA"[\r][\n]"
18:09:12.053 [main] DEBUG org.apache.http.wire -- http-outgoing-9 << "Server: railway-edge[\r][\n]"
18:09:12.053 [main] DEBUG org.apache.http.wire -- http-outgoing-9 << "Strict-Transport-Security: max-age=15552000; includeSubDomains[\r][\n]"
18:09:12.053 [main] DEBUG org.apache.http.wire -- http-outgoing-9 << "Vary: Accept-Encoding[\r][\n]"
18:09:12.053 [main] DEBUG org.apache.http.wire -- http-outgoing-9 << "X-Content-Type-Options: nosniff[\r][\n]"
18:09:12.053 [main] DEBUG org.apache.http.wire -- http-outgoing-9 << "X-Dns-Prefetch-Control: off[\r][\n]"
18:09:12.053 [main] DEBUG org.apache.http.wire -- http-outgoing-9 << "X-Download-Options: noopen[\r][\n]"
18:09:12.053 [main] DEBUG org.apache.http.wire -- http-outgoing-9 << "X-Frame-Options: SAMEORIGIN[\r][\n]"
18:09:12.053 [main] DEBUG org.apache.http.wire -- http-outgoing-9 << "X-Powered-By: Cats on Keyboards[\r][\n]"
18:09:12.053 [main] DEBUG org.apache.http.wire -- http-outgoing-9 << "X-Railway-Edge: railway/asia-southeast1-eqsg3a[\r][\n]"
18:09:12.053 [main] DEBUG org.apache.http.wire -- http-outgoing-9 << "X-Railway-Request-Id: NrtQg4KOTjSj6i6EacI7Nw[\r][\n]"
18:09:12.053 [main] DEBUG org.apache.http.wire -- http-outgoing-9 << "X-Ratelimit-Limit: 100[\r][\n]"
18:09:12.053 [main] DEBUG org.apache.http.wire -- http-outgoing-9 << "X-Ratelimit-Remaining: 98[\r][\n]"
18:09:12.053 [main] DEBUG org.apache.http.wire -- http-outgoing-9 << "X-Ratelimit-Reset: 1753268961[\r][\n]"
18:09:12.053 [main] DEBUG org.apache.http.wire -- http-outgoing-9 << "X-Xss-Protection: 1; mode=block[\r][\n]"
18:09:12.053 [main] DEBUG org.apache.http.wire -- http-outgoing-9 << "[\r][\n]"
18:09:12.053 [main] DEBUG org.apache.http.wire -- http-outgoing-9 << "{"id":1,"title":"iPhone Galaxy +1","price":9.99,"discountPercentage":10.48,"stock":99,"rating":2.56,"images":["https://cdn.dummyjson.com/product-images/beauty/essence-mascara-lash-princess/1.webp"],"thumbnail":"https://cdn.dummyjson.com/product-images/beauty/essence-mascara-lash-princess/thumbnail.webp","description":"The Essence Mascara Lash Princess is a popular mascara known for its volumizing and lengthening effects. Achieve dramatic lashes with this long-lasting and cruelty-free formula.","brand":"Essence","
18:09:12.053 [main] DEBUG org.apache.http.headers -- http-outgoing-9 << HTTP/1.1 200 OK
18:09:12.053 [main] DEBUG org.apache.http.headers -- http-outgoing-9 << Access-Control-Allow-Origin: *
18:09:12.053 [main] DEBUG org.apache.http.headers -- http-outgoing-9 << Content-Length: 537
18:09:12.053 [main] DEBUG org.apache.http.headers -- http-outgoing-9 << Content-Type: application/json; charset=utf-8
18:09:12.053 [main] DEBUG org.apache.http.headers -- http-outgoing-9 << Date: Wed, 23 Jul 2025 11:09:12 GMT
18:09:12.053 [main] DEBUG org.apache.http.headers -- http-outgoing-9 << Etag: W/"219-vhHfOgl4T1OjRWqLjEILcQeM+cA"
18:09:12.053 [main] DEBUG org.apache.http.headers -- http-outgoing-9 << Server: railway-edge
18:09:12.053 [main] DEBUG org.apache.http.headers -- http-outgoing-9 << Strict-Transport-Security: max-age=15552000; includeSubDomains
18:09:12.053 [main] DEBUG org.apache.http.headers -- http-outgoing-9 << Vary: Accept-Encoding
18:09:12.053 [main] DEBUG org.apache.http.headers -- http-outgoing-9 << X-Content-Type-Options: nosniff
18:09:12.053 [main] DEBUG org.apache.http.headers -- http-outgoing-9 << X-Dns-Prefetch-Control: off
18:09:12.053 [main] DEBUG org.apache.http.headers -- http-outgoing-9 << X-Download-Options: noopen
18:09:12.053 [main] DEBUG org.apache.http.headers -- http-outgoing-9 << X-Frame-Options: SAMEORIGIN
18:09:12.053 [main] DEBUG org.apache.http.headers -- http-outgoing-9 << X-Powered-By: Cats on Keyboards
18:09:12.053 [main] DEBUG org.apache.http.headers -- http-outgoing-9 << X-Railway-Edge: railway/asia-southeast1-eqsg3a
18:09:12.053 [main] DEBUG org.apache.http.headers -- http-outgoing-9 << X-Railway-Request-Id: NrtQg4KOTjSj6i6EacI7Nw
18:09:12.053 [main] DEBUG org.apache.http.headers -- http-outgoing-9 << X-Ratelimit-Limit: 100
18:09:12.053 [main] DEBUG org.apache.http.headers -- http-outgoing-9 << X-Ratelimit-Remaining: 98
18:09:12.053 [main] DEBUG org.apache.http.headers -- http-outgoing-9 << X-Ratelimit-Reset: 1753268961
18:09:12.053 [main] DEBUG org.apache.http.headers -- http-outgoing-9 << X-Xss-Protection: 1; mode=block
18:09:12.053 [main] DEBUG org.apache.http.impl.execchain.MainClientExec -- Connection can be kept alive indefinitely
18:09:12.053 [main] DEBUG org.apache.http.wire -- http-outgoing-9 << ""category":"beauty"}"
18:09:12.054 [main] DEBUG org.apache.http.impl.conn.PoolingHttpClientConnectionManager -- Connection [id: 9][route: {s}->https://dummyjson.com:443] can be kept alive indefinitely
18:09:12.054 [main] DEBUG org.apache.http.impl.conn.DefaultManagedHttpClientConnection -- http-outgoing-9: set socket timeout to 0
18:09:12.054 [main] DEBUG org.apache.http.impl.conn.PoolingHttpClientConnectionManager -- Connection released: [id: 9][route: {s}->https://dummyjson.com:443][total available: 1; route allocated: 1 of 5; total allocated: 1 of 10]
18:09:12.054 [main] DEBUG org.apache.http.impl.conn.PoolingHttpClientConnectionManager -- Connection manager is shutting down
18:09:12.054 [main] DEBUG org.apache.http.impl.conn.DefaultManagedHttpClientConnection -- http-outgoing-9: Close connection
18:09:12.054 [main] DEBUG org.apache.http.impl.conn.PoolingHttpClientConnectionManager -- Connection manager shut down
18:09:12.054 [main] DEBUG com.intuit.karate -- response time in milliseconds: 82
1 < 200
1 < Access-Control-Allow-Origin: *
1 < Content-Length: 537
1 < Content-Type: application/json; charset=utf-8
1 < Date: Wed, 23 Jul 2025 11:09:12 GMT
1 < Etag: W/"219-vhHfOgl4T1OjRWqLjEILcQeM+cA"
1 < Server: railway-edge
1 < Strict-Transport-Security: max-age=15552000; includeSubDomains
1 < Vary: Accept-Encoding
1 < X-Content-Type-Options: nosniff
1 < X-Dns-Prefetch-Control: off
1 < X-Download-Options: noopen
1 < X-Frame-Options: SAMEORIGIN
1 < X-Powered-By: Cats on Keyboards
1 < X-Railway-Edge: railway/asia-southeast1-eqsg3a
1 < X-Railway-Request-Id: NrtQg4KOTjSj6i6EacI7Nw
1 < X-Ratelimit-Limit: 100
1 < X-Ratelimit-Remaining: 98
1 < X-Ratelimit-Reset: 1753268961
1 < X-Xss-Protection: 1; mode=block
{"id":1,"title":"iPhone Galaxy +1","price":9.99,"discountPercentage":10.48,"stock":99,"rating":2.56,"images":["https://cdn.dummyjson.com/product-images/beauty/essence-mascara-lash-princess/1.webp"],"thumbnail":"https://cdn.dummyjson.com/product-images/beauty/essence-mascara-lash-princess/thumbnail.webp","description":"The Essence Mascara Lash Princess is a popular mascara known for its volumizing and lengthening effects. Achieve dramatic lashes with this long-lasting and cruelty-free formula.","brand":"Essence","category":"beauty"}

18:09:12.055 [main] DEBUG com.jayway.jsonpath.internal.path.CompiledPath -- Evaluating path: $['title']
18:09:12.056 [main] INFO com.intuit.karate -- [print] {
  "id": 1,
  "title": "iPhone Galaxy +1",
  "price": 9.99,
  "discountPercentage": 10.48,
  "stock": 99,
  "rating": 2.56,
  "images": [
    "https://cdn.dummyjson.com/product-images/beauty/essence-mascara-lash-princess/1.webp"
  ],
  "thumbnail": "https://cdn.dummyjson.com/product-images/beauty/essence-mascara-lash-princess/thumbnail.webp",
  "description": "The Essence Mascara Lash Princess is a popular mascara known for its volumizing and lengthening effects. Achieve dramatic lashes with this long-lasting and cruelty-free formula.",
  "brand": "Essence",
  "category": "beauty"
}
 
]]></system-out>
  </testcase>
  <testcase name="[11:99] Delete Product by ID" classname="dummyjson/Products" time="1.41">
    <system-out><![CDATA[18:09:12.062 [main] DEBUG org.apache.http.client.protocol.RequestAddCookies -- CookieSpec selected: karate
18:09:12.062 [main] DEBUG org.apache.http.client.protocol.RequestAuthCache -- Auth cache not set in the context
18:09:12.062 [main] DEBUG com.intuit.karate -- request:
1 > DELETE https://dummyjson.com/products/1
1 > Host: dummyjson.com
1 > Connection: Keep-Alive
1 > User-Agent: Apache-HttpClient/4.5.14 (Java/21.0.8)
1 > Accept-Encoding: gzip,deflate


18:09:12.062 [main] DEBUG org.apache.http.impl.conn.PoolingHttpClientConnectionManager -- Connection request: [route: {s}->https://dummyjson.com:443][total available: 0; route allocated: 0 of 5; total allocated: 0 of 10]
18:09:12.062 [main] DEBUG org.apache.http.impl.conn.PoolingHttpClientConnectionManager -- Connection leased: [id: 10][route: {s}->https://dummyjson.com:443][total available: 0; route allocated: 1 of 5; total allocated: 1 of 10]
18:09:12.062 [main] DEBUG org.apache.http.impl.execchain.MainClientExec -- Opening connection {s}->https://dummyjson.com:443
18:09:12.062 [main] DEBUG org.apache.http.impl.conn.DefaultHttpClientConnectionOperator -- Connecting to dummyjson.com/66.33.22.2:443
18:09:12.062 [main] DEBUG org.apache.http.conn.ssl.SSLConnectionSocketFactory -- Connecting socket to dummyjson.com/66.33.22.2:443 with timeout 30000
18:09:12.087 [main] DEBUG org.apache.http.conn.ssl.SSLConnectionSocketFactory -- Enabled protocols: [TLSv1.3, TLSv1.2]
18:09:12.087 [main] DEBUG org.apache.http.conn.ssl.SSLConnectionSocketFactory -- Enabled cipher suites:[TLS_AES_256_GCM_SHA384, TLS_AES_128_GCM_SHA256, TLS_CHACHA20_POLY1305_SHA256, TLS_ECDHE_ECDSA_WITH_AES_256_GCM_SHA384, TLS_ECDHE_ECDSA_WITH_AES_128_GCM_SHA256, TLS_ECDHE_ECDSA_WITH_CHACHA20_POLY1305_SHA256, TLS_ECDHE_RSA_WITH_AES_256_GCM_SHA384, TLS_ECDHE_RSA_WITH_CHACHA20_POLY1305_SHA256, TLS_ECDHE_RSA_WITH_AES_128_GCM_SHA256, TLS_DHE_RSA_WITH_AES_256_GCM_SHA384, TLS_DHE_RSA_WITH_CHACHA20_POLY1305_SHA256, TLS_DHE_DSS_WITH_AES_256_GCM_SHA384, TLS_DHE_RSA_WITH_AES_128_GCM_SHA256, TLS_DHE_DSS_WITH_AES_128_GCM_SHA256, TLS_ECDHE_ECDSA_WITH_AES_256_CBC_SHA384, TLS_ECDHE_RSA_WITH_AES_256_CBC_SHA384, TLS_ECDHE_ECDSA_WITH_AES_128_CBC_SHA256, TLS_ECDHE_RSA_WITH_AES_128_CBC_SHA256, TLS_DHE_RSA_WITH_AES_256_CBC_SHA256, TLS_DHE_DSS_WITH_AES_256_CBC_SHA256, TLS_DHE_RSA_WITH_AES_128_CBC_SHA256, TLS_DHE_DSS_WITH_AES_128_CBC_SHA256, TLS_ECDHE_ECDSA_WITH_AES_256_CBC_SHA, TLS_ECDHE_RSA_WITH_AES_256_CBC_SHA, TLS_ECDHE_ECDSA_WITH_AES_128_CBC_SHA, TLS_ECDHE_RSA_WITH_AES_128_CBC_SHA, TLS_DHE_RSA_WITH_AES_256_CBC_SHA, TLS_DHE_DSS_WITH_AES_256_CBC_SHA, TLS_DHE_RSA_WITH_AES_128_CBC_SHA, TLS_DHE_DSS_WITH_AES_128_CBC_SHA, TLS_RSA_WITH_AES_256_GCM_SHA384, TLS_RSA_WITH_AES_128_GCM_SHA256, TLS_RSA_WITH_AES_256_CBC_SHA256, TLS_RSA_WITH_AES_128_CBC_SHA256, TLS_RSA_WITH_AES_256_CBC_SHA, TLS_RSA_WITH_AES_128_CBC_SHA, TLS_EMPTY_RENEGOTIATION_INFO_SCSV]
18:09:12.087 [main] DEBUG org.apache.http.conn.ssl.SSLConnectionSocketFactory -- Starting handshake
18:09:12.110 [main] DEBUG org.apache.http.conn.ssl.SSLConnectionSocketFactory -- Secure session established
18:09:12.111 [main] DEBUG org.apache.http.conn.ssl.SSLConnectionSocketFactory --  negotiated protocol: TLSv1.3
18:09:12.111 [main] DEBUG org.apache.http.conn.ssl.SSLConnectionSocketFactory --  negotiated cipher suite: TLS_AES_128_GCM_SHA256
18:09:12.111 [main] DEBUG org.apache.http.conn.ssl.SSLConnectionSocketFactory --  peer principal: CN=dummyjson.com
18:09:12.111 [main] DEBUG org.apache.http.conn.ssl.SSLConnectionSocketFactory --  peer alternative names: [dummyjson.com]
18:09:12.111 [main] DEBUG org.apache.http.conn.ssl.SSLConnectionSocketFactory --  issuer principal: CN=R11, O=Let's Encrypt, C=US
18:09:12.111 [main] DEBUG org.apache.http.impl.conn.DefaultHttpClientConnectionOperator -- Connection established 192.168.1.15:64693<->66.33.22.2:443
18:09:12.111 [main] DEBUG org.apache.http.impl.conn.DefaultManagedHttpClientConnection -- http-outgoing-10: set socket timeout to 30000
18:09:12.111 [main] DEBUG org.apache.http.impl.execchain.MainClientExec -- Executing request DELETE /products/1 HTTP/1.1
18:09:12.111 [main] DEBUG org.apache.http.impl.execchain.MainClientExec -- Target auth state: UNCHALLENGED
18:09:12.111 [main] DEBUG org.apache.http.impl.execchain.MainClientExec -- Proxy auth state: UNCHALLENGED
18:09:12.111 [main] DEBUG org.apache.http.headers -- http-outgoing-10 >> DELETE /products/1 HTTP/1.1
18:09:12.111 [main] DEBUG org.apache.http.headers -- http-outgoing-10 >> Host: dummyjson.com
18:09:12.111 [main] DEBUG org.apache.http.headers -- http-outgoing-10 >> Connection: Keep-Alive
18:09:12.111 [main] DEBUG org.apache.http.headers -- http-outgoing-10 >> User-Agent: Apache-HttpClient/4.5.14 (Java/21.0.8)
18:09:12.111 [main] DEBUG org.apache.http.headers -- http-outgoing-10 >> Accept-Encoding: gzip,deflate
18:09:12.111 [main] DEBUG org.apache.http.wire -- http-outgoing-10 >> "DELETE /products/1 HTTP/1.1[\r][\n]"
18:09:12.111 [main] DEBUG org.apache.http.wire -- http-outgoing-10 >> "Host: dummyjson.com[\r][\n]"
18:09:12.111 [main] DEBUG org.apache.http.wire -- http-outgoing-10 >> "Connection: Keep-Alive[\r][\n]"
18:09:12.111 [main] DEBUG org.apache.http.wire -- http-outgoing-10 >> "User-Agent: Apache-HttpClient/4.5.14 (Java/21.0.8)[\r][\n]"
18:09:12.111 [main] DEBUG org.apache.http.wire -- http-outgoing-10 >> "Accept-Encoding: gzip,deflate[\r][\n]"
18:09:12.111 [main] DEBUG org.apache.http.wire -- http-outgoing-10 >> "[\r][\n]"
18:09:12.133 [main] DEBUG org.apache.http.wire -- http-outgoing-10 << "HTTP/1.1 200 OK[\r][\n]"
18:09:12.133 [main] DEBUG org.apache.http.wire -- http-outgoing-10 << "Access-Control-Allow-Origin: *[\r][\n]"
18:09:12.133 [main] DEBUG org.apache.http.wire -- http-outgoing-10 << "Content-Encoding: gzip[\r][\n]"
18:09:12.133 [main] DEBUG org.apache.http.wire -- http-outgoing-10 << "Content-Type: application/json; charset=utf-8[\r][\n]"
18:09:12.133 [main] DEBUG org.apache.http.wire -- http-outgoing-10 << "Date: Wed, 23 Jul 2025 11:09:12 GMT[\r][\n]"
18:09:12.133 [main] DEBUG org.apache.http.wire -- http-outgoing-10 << "Etag: W/"61e-Ru/1/am7WW9ybjqtQ1rDzfNRsSI"[\r][\n]"
18:09:12.133 [main] DEBUG org.apache.http.wire -- http-outgoing-10 << "Server: railway-edge[\r][\n]"
18:09:12.133 [main] DEBUG org.apache.http.wire -- http-outgoing-10 << "Strict-Transport-Security: max-age=15552000; includeSubDomains[\r][\n]"
18:09:12.133 [main] DEBUG org.apache.http.wire -- http-outgoing-10 << "Vary: Accept-Encoding[\r][\n]"
18:09:12.133 [main] DEBUG org.apache.http.wire -- http-outgoing-10 << "X-Content-Type-Options: nosniff[\r][\n]"
18:09:12.133 [main] DEBUG org.apache.http.wire -- http-outgoing-10 << "X-Dns-Prefetch-Control: off[\r][\n]"
18:09:12.133 [main] DEBUG org.apache.http.wire -- http-outgoing-10 << "X-Download-Options: noopen[\r][\n]"
18:09:12.133 [main] DEBUG org.apache.http.wire -- http-outgoing-10 << "X-Frame-Options: SAMEORIGIN[\r][\n]"
18:09:12.133 [main] DEBUG org.apache.http.wire -- http-outgoing-10 << "X-Powered-By: Cats on Keyboards[\r][\n]"
18:09:12.133 [main] DEBUG org.apache.http.wire -- http-outgoing-10 << "X-Railway-Edge: railway/asia-southeast1-eqsg3a[\r][\n]"
18:09:12.133 [main] DEBUG org.apache.http.wire -- http-outgoing-10 << "X-Railway-Request-Id: _9v7wDB-QFK14Pz7acI7Nw[\r][\n]"
18:09:12.133 [main] DEBUG org.apache.http.wire -- http-outgoing-10 << "X-Ratelimit-Limit: 100[\r][\n]"
18:09:12.133 [main] DEBUG org.apache.http.wire -- http-outgoing-10 << "X-Ratelimit-Remaining: 97[\r][\n]"
18:09:12.133 [main] DEBUG org.apache.http.wire -- http-outgoing-10 << "X-Ratelimit-Reset: 1753268961[\r][\n]"
18:09:12.133 [main] DEBUG org.apache.http.wire -- http-outgoing-10 << "X-Xss-Protection: 1; mode=block[\r][\n]"
18:09:12.133 [main] DEBUG org.apache.http.wire -- http-outgoing-10 << "Transfer-Encoding: chunked[\r][\n]"
18:09:12.133 [main] DEBUG org.apache.http.wire -- http-outgoing-10 << "[\r][\n]"
18:09:12.133 [main] DEBUG org.apache.http.headers -- http-outgoing-10 << HTTP/1.1 200 OK
18:09:12.133 [main] DEBUG org.apache.http.headers -- http-outgoing-10 << Access-Control-Allow-Origin: *
18:09:12.133 [main] DEBUG org.apache.http.headers -- http-outgoing-10 << Content-Encoding: gzip
18:09:12.133 [main] DEBUG org.apache.http.headers -- http-outgoing-10 << Content-Type: application/json; charset=utf-8
18:09:12.133 [main] DEBUG org.apache.http.headers -- http-outgoing-10 << Date: Wed, 23 Jul 2025 11:09:12 GMT
18:09:12.133 [main] DEBUG org.apache.http.headers -- http-outgoing-10 << Etag: W/"61e-Ru/1/am7WW9ybjqtQ1rDzfNRsSI"
18:09:12.133 [main] DEBUG org.apache.http.headers -- http-outgoing-10 << Server: railway-edge
18:09:12.133 [main] DEBUG org.apache.http.headers -- http-outgoing-10 << Strict-Transport-Security: max-age=15552000; includeSubDomains
18:09:12.133 [main] DEBUG org.apache.http.headers -- http-outgoing-10 << Vary: Accept-Encoding
18:09:12.133 [main] DEBUG org.apache.http.headers -- http-outgoing-10 << X-Content-Type-Options: nosniff
18:09:12.133 [main] DEBUG org.apache.http.headers -- http-outgoing-10 << X-Dns-Prefetch-Control: off
18:09:12.133 [main] DEBUG org.apache.http.headers -- http-outgoing-10 << X-Download-Options: noopen
18:09:12.133 [main] DEBUG org.apache.http.headers -- http-outgoing-10 << X-Frame-Options: SAMEORIGIN
18:09:12.133 [main] DEBUG org.apache.http.headers -- http-outgoing-10 << X-Powered-By: Cats on Keyboards
18:09:12.133 [main] DEBUG org.apache.http.headers -- http-outgoing-10 << X-Railway-Edge: railway/asia-southeast1-eqsg3a
18:09:12.133 [main] DEBUG org.apache.http.headers -- http-outgoing-10 << X-Railway-Request-Id: _9v7wDB-QFK14Pz7acI7Nw
18:09:12.133 [main] DEBUG org.apache.http.headers -- http-outgoing-10 << X-Ratelimit-Limit: 100
18:09:12.133 [main] DEBUG org.apache.http.headers -- http-outgoing-10 << X-Ratelimit-Remaining: 97
18:09:12.133 [main] DEBUG org.apache.http.headers -- http-outgoing-10 << X-Ratelimit-Reset: 1753268961
18:09:12.133 [main] DEBUG org.apache.http.headers -- http-outgoing-10 << X-Xss-Protection: 1; mode=block
18:09:12.133 [main] DEBUG org.apache.http.headers -- http-outgoing-10 << Transfer-Encoding: chunked
18:09:12.133 [main] DEBUG org.apache.http.impl.execchain.MainClientExec -- Connection can be kept alive indefinitely
18:09:12.133 [main] DEBUG org.apache.http.wire -- http-outgoing-10 << "2eb[\r][\n]"
18:09:12.133 [main] DEBUG org.apache.http.wire -- http-outgoing-10 << "[0x1f][0x8b][0x8][0x0][0x0][0x0][0x0][0x0][0x0][0x3][0xad]TMo[0xdc]6[0x10][0xfd]+[0xec][0x9c]%[0xad][0xb4][0x1f][0xd9]][0x9e][0xea][0xa6]F[0x1b] M\[0xac][0x91][0x0])r[0xe0][0x92][0xb3][0xd2][0xd4][0x14][0xa9][0x90]CoT[0xc3][0xff]=[0xe0]jc;@`[0x14]A[0xe]<[0x90][0xf3]f[0xf8][0xe6][0xcd][0xc7][0x1d][0x90][0x1][0xd9][0x14][0xc0][0xc4][0x16]A[0xc2]e[0x8c][0xe8]4[0x8a][0xbf]T[0xd4]*([0xf1]Z[0xc5]N\[0x5]r[0x1a]c[0x84][0x2][0xc]F[0x1d]h`[0xf2][0xe]$\w([0x9e][0xf5][0x10][0x14][0x85][0x12][0x83][0x1f][0x92]UA[0xf4]g[0xc8][0x8d][0xf3]G'[0xe]>[0x8][0xe2](n[0xbd]M=[0xfd]G[0xae][0x15][0xca][0x19]a[0xd1][0xb5][0xdc][0xa1][0xcb]w<[0x1c]Ps[0xac][0xc4][0x85][0xee][0x8]oQ[0x98][0xa0]z[0xc5][0xa4][0x85]U[0xb1][0xc3]([0x8e][0xc4][0x9d][0xe0][0x8e][0xa2][0xb0][0xde][0xb5][0xa5]U[0x91][0xbf][0xc6][0xd1]![0xa1][0xe5][0xb1]<[0x4][0xc4][0xfc]W[0x9f][0xac][0xaa][0xa0][0x0][0xad][0x18][[0x1f]F[0x90][0xb0]G[0x95]x[0x84][0x2][0x86]@[0x1a]An[0xab][0xed][0xb6][0x0]CQ[0xfb][0xe4][0xf8][\n]"
18:09:12.133 [main] DEBUG org.apache.http.wire -- http-outgoing-10 << "[0x83]F[0xc7][0xaa]E[0x90]M]-7[0x5][0x4][0x95][0xc3][0x83][0x9c]W[0xab][0x17][0x5]D[0xf6][0xfa][0x6]d[0xf6]a[0xd5]F[0x90][0xff]<F<[0xa7][\n]"
18:09:12.133 [main] DEBUG org.apache.http.wire -- http-outgoing-10 << "[0x1f][0xb][0xd8][0x7][0xe5][0xcc][0xa3][0xb4]P@[0xbc]I [0xe1][0xb7][0xcb][0x8b][0xf2]r[0xb7];[0x9d][0xba]n[0xa0][0x80]#R[0xdb]1[0xc8]e&[0xd1][0xa3][0x8b][0xe4]][0x4]y[0x7]G2[0xdc][0x81]lVU[0xb3],[0xa0];[0xc3][0x9a]EUorI[0x86]l[0x9c][0xcf][0xab][0xed][0xf6][0xbe][0x80][0xa3][\n]"
18:09:12.133 [main] DEBUG org.apache.http.wire -- http-outgoing-10 << "A9[0x1e]_[0xb9][0x9c][0xb4]:W[0xaa][0x11]G[0xc4][0x1b][0xf1][0xd5][0x98]It4[0xc][0xe4][0xda]oq[0xbb][0x8e][0x86]([0xc8][0x89]E[0xb9][0x12][0xfb][0x14][0xc9][0xe5]*[0x1a]5[0xe6][0xe2][0xab][EV[0xed][0xc9][0x12][0x8f];V[0x9c]"Hx[0xe5][0xc4][0xee]$D[0x1][0x1]o[0x9][0x8f]Y[0x88][0xbb][0x7][0xa9][0x16][0x5]h[0xdf][0xf7][0xe8][0x18]$[0xbc][0xf7][0xc9][0x1a][0xe1]<[0x8b][0x80][0xd3][0xab][0xf9]%7[0x95][0xe2][0xdc]{[0xf3]z[0xbe]*[0xeb]e[0xb9][0xa8][0xaf][0xeb][0xad]\6[0xb2][0x9e]W[0xf5]j[0xf1][0xe1]!2[0x86]7[0xaa]?u[0xa9]E[0xe5]|[0x10]/[0xbd][0xb5][0xe4][0xe2][0x13][0xc0]e[0xaf][0xc8][0x82][0x4][0x9c][0x10][0x95][0x9e][0x10][0xbf]~[0xae]L[0xea][0xfb][0xf1][0xdf][0xe8]][0xa5]}[0xf][0xf7][0xc5]#[0xc5][0xe5]S[0x8a][0xef]0[0x8c]"*[0xa6]x [0xfc]1v[0xaf][0x93]VQ[0xfc][0xe1][0x83][0xf1][0xee];[0xd4]l6W[0xed][0xc9][0xfc],[0xaf][0xd5]S^R[0xdb][0xd9]QP?[0x4][0x8c][0xf1][0x7][0x99][0xfd][0x4][0xdd]>f[0x1f]N[0xc1]]yK:O[0xd1][0x1b]/[0xa6][0x17]1LO[0x5][0xf4][0xe4][0xa8]O[0xfd][0xdb]`0[0xfc][0x9d][0x94]c[0xe2][0x11]d[0x9e][0xa0][0x1e]Y[0xe5][0x8e][0xd6][0x1][0x15][0xa3][0xb9][0xe0][0xe7][0xf9][0xa7][0xc1][0xfc][0x1f][0xd8]^[0x5][0xed]M[0xce]p[0xb5][0xde],[0xd7][0xcd][0xb6][0xde][0xac]_l[0xd6]P[0xc0][0xa7][0xf0]r2t[0xcc]C[0x94][0xb3][0x99]6[0xee][0xdb][0x94]fC[0xda][[0xd2][0xb3]O[0xa1][0xcc]1[0xaa][0xc1][0xb5]p_[0x0][0xf5][0xaa][0xc5][0xd3]L?[0xe3][0x19][0xbc]I[0x9a][0xcb][0x9];[0x9b][0x86][0x86][0xd3][0x9c][0x97][0xe7][0x15][0x90][0x97]RW[0xe][0xe7][0x85]8k[0xaa]#[0xee][0x87][0xbc][0x17][0xb8]K[0xfd][0xde]M[0xb2][0xff][0xdc]?[0x1e]"O[0x15]@[0xf1]w[0xb4][0xc8]h@rH[0x98]w[0xc6][0xe9][0xfa][0xd6]=[0xe8][0xba].[0xe7][0x8b][0xeb][0xa6][0x91][0xf5]V6[0xf3][0xaa]Y6[0x1f][0xe0][0xfe][0xb][0x93][0xc5][0x96][0xdc][0x1e][0x6][0x0][0x0][\r][\n]"
18:09:12.133 [main] DEBUG org.apache.http.impl.conn.DefaultManagedHttpClientConnection -- http-outgoing-10: Close connection
18:09:12.134 [main] DEBUG org.apache.http.impl.execchain.MainClientExec -- Connection discarded
18:09:12.134 [main] DEBUG org.apache.http.impl.conn.PoolingHttpClientConnectionManager -- Connection released: [id: 10][route: {s}->https://dummyjson.com:443][total available: 0; route allocated: 0 of 5; total allocated: 0 of 10]
18:09:12.134 [main] DEBUG org.apache.http.impl.conn.PoolingHttpClientConnectionManager -- Connection manager is shutting down
18:09:12.134 [main] DEBUG org.apache.http.impl.conn.PoolingHttpClientConnectionManager -- Connection manager shut down
18:09:12.134 [main] DEBUG com.intuit.karate -- response time in milliseconds: 71
1 < 200
1 < Access-Control-Allow-Origin: *
1 < Content-Type: application/json; charset=utf-8
1 < Date: Wed, 23 Jul 2025 11:09:12 GMT
1 < Etag: W/"61e-Ru/1/am7WW9ybjqtQ1rDzfNRsSI"
1 < Server: railway-edge
1 < Strict-Transport-Security: max-age=15552000; includeSubDomains
1 < Vary: Accept-Encoding
1 < X-Content-Type-Options: nosniff
1 < X-Dns-Prefetch-Control: off
1 < X-Download-Options: noopen
1 < X-Frame-Options: SAMEORIGIN
1 < X-Powered-By: Cats on Keyboards
1 < X-Railway-Edge: railway/asia-southeast1-eqsg3a
1 < X-Railway-Request-Id: _9v7wDB-QFK14Pz7acI7Nw
1 < X-Ratelimit-Limit: 100
1 < X-Ratelimit-Remaining: 97
1 < X-Ratelimit-Reset: 1753268961
1 < X-Xss-Protection: 1; mode=block
1 < Transfer-Encoding: chunked
{"id":1,"title":"Essence Mascara Lash Princess","description":"The Essence Mascara Lash Princess is a popular mascara known for its volumizing and lengthening effects. Achieve dramatic lashes with this long-lasting and cruelty-free formula.","category":"beauty","price":9.99,"discountPercentage":10.48,"rating":2.56,"stock":99,"tags":["beauty","mascara"],"brand":"Essence","sku":"BEA-ESS-ESS-001","weight":4,"dimensions":{"width":15.14,"height":13.08,"depth":22.99},"warrantyInformation":"1 week warranty","shippingInformation":"Ships in 3-5 business days","availabilityStatus":"In Stock","reviews":[{"rating":3,"comment":"Would not recommend!","date":"2025-04-30T09:41:02.053Z","reviewerName":"Eleanor Collins","reviewerEmail":"eleanor.collins@x.dummyjson.com"},{"rating":4,"comment":"Very satisfied!","date":"2025-04-30T09:41:02.053Z","reviewerName":"Lucas Gordon","reviewerEmail":"lucas.gordon@x.dummyjson.com"},{"rating":5,"comment":"Highly impressed!","date":"2025-04-30T09:41:02.053Z","reviewerName":"Eleanor Collins","reviewerEmail":"eleanor.collins@x.dummyjson.com"}],"returnPolicy":"No return policy","minimumOrderQuantity":48,"meta":{"createdAt":"2025-04-30T09:41:02.053Z","updatedAt":"2025-04-30T09:41:02.053Z","barcode":"5784719087687","qrCode":"https://cdn.dummyjson.com/public/qr-code.png"},"images":["https://cdn.dummyjson.com/product-images/beauty/essence-mascara-lash-princess/1.webp"],"thumbnail":"https://cdn.dummyjson.com/product-images/beauty/essence-mascara-lash-princess/thumbnail.webp","isDeleted":true,"deletedOn":"2025-07-23T11:09:12.141Z"}

18:09:12.135 [main] DEBUG com.jayway.jsonpath.internal.path.CompiledPath -- Evaluating path: $['isDeleted']
18:09:12.136 [main] INFO com.intuit.karate -- [print] {
  "id": 1,
  "title": "Essence Mascara Lash Princess",
  "description": "The Essence Mascara Lash Princess is a popular mascara known for its volumizing and lengthening effects. Achieve dramatic lashes with this long-lasting and cruelty-free formula.",
  "category": "beauty",
  "price": 9.99,
  "discountPercentage": 10.48,
  "rating": 2.56,
  "stock": 99,
  "tags": [
    "beauty",
    "mascara"
  ],
  "brand": "Essence",
  "sku": "BEA-ESS-ESS-001",
  "weight": 4,
  "dimensions": {
    "width": 15.14,
    "height": 13.08,
    "depth": 22.99
  },
  "warrantyInformation": "1 week warranty",
  "shippingInformation": "Ships in 3-5 business days",
  "availabilityStatus": "In Stock",
  "reviews": [
    {
      "rating": 3,
      "comment": "Would not recommend!",
      "date": "2025-04-30T09:41:02.053Z",
      "reviewerName": "Eleanor Collins",
      "reviewerEmail": "eleanor.collins@x.dummyjson.com"
    },
    {
      "rating": 4,
      "comment": "Very satisfied!",
      "date": "2025-04-30T09:41:02.053Z",
      "reviewerName": "Lucas Gordon",
      "reviewerEmail": "lucas.gordon@x.dummyjson.com"
    },
    {
      "rating": 5,
      "comment": "Highly impressed!",
      "date": "2025-04-30T09:41:02.053Z",
      "reviewerName": "Eleanor Collins",
      "reviewerEmail": "eleanor.collins@x.dummyjson.com"
    }
  ],
  "returnPolicy": "No return policy",
  "minimumOrderQuantity": 48,
  "meta": {
    "createdAt": "2025-04-30T09:41:02.053Z",
    "updatedAt": "2025-04-30T09:41:02.053Z",
    "barcode": "5784719087687",
    "qrCode": "https://cdn.dummyjson.com/public/qr-code.png"
  },
  "images": [
    "https://cdn.dummyjson.com/product-images/beauty/essence-mascara-lash-princess/1.webp"
  ],
  "thumbnail": "https://cdn.dummyjson.com/product-images/beauty/essence-mascara-lash-princess/thumbnail.webp",
  "isDeleted": true,
  "deletedOn": "2025-07-23T11:09:12.141Z"
}
 
18:09:12.296 [main] DEBUG org.thymeleaf.TemplateEngine -- [THYMELEAF] INITIALIZING TEMPLATE ENGINE
18:09:12.474 [main] DEBUG org.thymeleaf.TemplateEngine.CONFIG -- Initializing Thymeleaf Template engine configuration...
[THYMELEAF] TEMPLATE ENGINE CONFIGURATION:
[THYMELEAF] * Thymeleaf version: 3.1.2.RELEASE (built 2023-07-30T19:25:50+0000)
[THYMELEAF] * Cache Manager implementation: org.thymeleaf.cache.StandardCacheManager
[THYMELEAF] * Template resolvers:
[THYMELEAF]     * [1] com.intuit.karate.template.ResourceHtmlTemplateResolver
[THYMELEAF] * Message resolvers:
[THYMELEAF]     * org.thymeleaf.messageresolver.StandardMessageResolver
[THYMELEAF] * Link builders:
[THYMELEAF]     * org.thymeleaf.linkbuilder.StandardLinkBuilder
[THYMELEAF] * Dialect [1 of 2]: Standard (com.intuit.karate.template.KarateStandardDialect)
[THYMELEAF]     * Prefix: "th"
[THYMELEAF]     * Processors for Template Mode: HTML
[THYMELEAF]         * Element Tag Processors by [matching element and attribute name] [precedence]:
[THYMELEAF]             * [* {th:include,data-th-include}] [100]: org.thymeleaf.standard.processor.StandardIncludeTagProcessor
[THYMELEAF]             * [* {th:insert,data-th-insert}] [100]: org.thymeleaf.standard.processor.StandardInsertTagProcessor
[THYMELEAF]             * [* {th:replace,data-th-replace}] [100]: org.thymeleaf.standard.processor.StandardReplaceTagProcessor
[THYMELEAF]             * [* {th:each,data-th-each}] [200]: com.intuit.karate.template.KarateEachTagProcessor
[THYMELEAF]             * [* {th:switch,data-th-switch}] [250]: org.thymeleaf.standard.processor.StandardSwitchTagProcessor
[THYMELEAF]             * [* {th:case,data-th-case}] [275]: org.thymeleaf.standard.processor.StandardCaseTagProcessor
[THYMELEAF]             * [* {th:if,data-th-if}] [300]: org.thymeleaf.standard.processor.StandardIfTagProcessor
[THYMELEAF]             * [* {th:unless,data-th-unless}] [400]: org.thymeleaf.standard.processor.StandardUnlessTagProcessor
[THYMELEAF]             * [* {th:object,data-th-object}] [500]: org.thymeleaf.standard.processor.StandardObjectTagProcessor
[THYMELEAF]             * [* {th:with,data-th-with}] [600]: com.intuit.karate.template.KarateWithTagProcessor
[THYMELEAF]             * [* {th:attr,data-th-attr}] [700]: com.intuit.karate.template.KarateAttributeTagProcessor.KarateAttrTagProcessor
[THYMELEAF]             * [* {th:attrappend,data-th-attrappend}] [900]: com.intuit.karate.template.KarateAttributeTagProcessor.KarateAttrappendTagProcessor
[THYMELEAF]             * [* {th:attrprepend,data-th-attrprepend}] [900]: com.intuit.karate.template.KarateAttributeTagProcessor.KarateAttrprependTagProcessor
[THYMELEAF]             * [* {th:alt-title,data-th-alt-title}] [990]: org.thymeleaf.standard.processor.StandardAltTitleTagProcessor
[THYMELEAF]             * [* {th:lang-xmllang,data-th-lang-xmllang}] [990]: org.thymeleaf.standard.processor.StandardLangXmlLangTagProcessor
[THYMELEAF]             * [* {th:action,data-th-action}] [1000]: org.thymeleaf.standard.processor.StandardActionTagProcessor
[THYMELEAF]             * [* {th:required,data-th-required}] [1000]: org.thymeleaf.standard.processor.StandardConditionalFixedValueTagProcessor
[THYMELEAF]             * [* {th:checked,data-th-checked}] [1000]: org.thymeleaf.standard.processor.StandardConditionalFixedValueTagProcessor
[THYMELEAF]             * [* {th:scoped,data-th-scoped}] [1000]: org.thymeleaf.standard.processor.StandardConditionalFixedValueTagProcessor
[THYMELEAF]             * [* {th:defer,data-th-defer}] [1000]: org.thymeleaf.standard.processor.StandardConditionalFixedValueTagProcessor
[THYMELEAF]             * [* {th:selected,data-th-selected}] [1000]: org.thymeleaf.standard.processor.StandardConditionalFixedValueTagProcessor
[THYMELEAF]             * [* {th:disabled,data-th-disabled}] [1000]: org.thymeleaf.standard.processor.StandardConditionalFixedValueTagProcessor
[THYMELEAF]             * [* {th:readonly,data-th-readonly}] [1000]: org.thymeleaf.standard.processor.StandardConditionalFixedValueTagProcessor
[THYMELEAF]             * [* {th:hidden,data-th-hidden}] [1000]: org.thymeleaf.standard.processor.StandardConditionalFixedValueTagProcessor
[THYMELEAF]             * [* {th:controls,data-th-controls}] [1000]: org.thymeleaf.standard.processor.StandardConditionalFixedValueTagProcessor
[THYMELEAF]             * [* {th:open,data-th-open}] [1000]: org.thymeleaf.standard.processor.StandardConditionalFixedValueTagProcessor
[THYMELEAF]             * [* {th:ismap,data-th-ismap}] [1000]: org.thymeleaf.standard.processor.StandardConditionalFixedValueTagProcessor
[THYMELEAF]             * [* {th:autofocus,data-th-autofocus}] [1000]: org.thymeleaf.standard.processor.StandardConditionalFixedValueTagProcessor
[THYMELEAF]             * [* {th:formnovalidate,data-th-formnovalidate}] [1000]: org.thymeleaf.standard.processor.StandardConditionalFixedValueTagProcessor
[THYMELEAF]             * [* {th:async,data-th-async}] [1000]: org.thymeleaf.standard.processor.StandardConditionalFixedValueTagProcessor
[THYMELEAF]             * [* {th:seamless,data-th-seamless}] [1000]: org.thymeleaf.standard.processor.StandardConditionalFixedValueTagProcessor
[THYMELEAF]             * [* {th:pubdate,data-th-pubdate}] [1000]: org.thymeleaf.standard.processor.StandardConditionalFixedValueTagProcessor
[THYMELEAF]             * [* {th:novalidate,data-th-novalidate}] [1000]: org.thymeleaf.standard.processor.StandardConditionalFixedValueTagProcessor
[THYMELEAF]             * [* {th:default,data-th-default}] [1000]: org.thymeleaf.standard.processor.StandardConditionalFixedValueTagProcessor
[THYMELEAF]             * [* {th:loop,data-th-loop}] [1000]: org.thymeleaf.standard.processor.StandardConditionalFixedValueTagProcessor
[THYMELEAF]             * [* {th:reversed,data-th-reversed}] [1000]: org.thymeleaf.standard.processor.StandardConditionalFixedValueTagProcessor
[THYMELEAF]             * [* {th:multiple,data-th-multiple}] [1000]: org.thymeleaf.standard.processor.StandardConditionalFixedValueTagProcessor
[THYMELEAF]             * [* {th:nowrap,data-th-nowrap}] [1000]: org.thymeleaf.standard.processor.StandardConditionalFixedValueTagProcessor
[THYMELEAF]             * [* {th:autoplay,data-th-autoplay}] [1000]: org.thymeleaf.standard.processor.StandardConditionalFixedValueTagProcessor
[THYMELEAF]             * [* {th:declare,data-th-declare}] [1000]: org.thymeleaf.standard.processor.StandardConditionalFixedValueTagProcessor
[THYMELEAF]             * [* {th:onreadystatechange,data-th-onreadystatechange}] [1000]: org.thymeleaf.standard.processor.StandardDOMEventAttributeTagProcessor
[THYMELEAF]             * [* {th:onmouseout,data-th-onmouseout}] [1000]: org.thymeleaf.standard.processor.StandardDOMEventAttributeTagProcessor
[THYMELEAF]             * [* {th:onsubmit,data-th-onsubmit}] [1000]: org.thymeleaf.standard.processor.StandardDOMEventAttributeTagProcessor
[THYMELEAF]             * [* {th:ondragend,data-th-ondragend}] [1000]: org.thymeleaf.standard.processor.StandardDOMEventAttributeTagProcessor
[THYMELEAF]             * [* {th:onhashchange,data-th-onhashchange}] [1000]: org.thymeleaf.standard.processor.StandardDOMEventAttributeTagProcessor
[THYMELEAF]             * [* {th:onbeforeprint,data-th-onbeforeprint}] [1000]: org.thymeleaf.standard.processor.StandardDOMEventAttributeTagProcessor
[THYMELEAF]             * [* {th:onmousewheel,data-th-onmousewheel}] [1000]: org.thymeleaf.standard.processor.StandardDOMEventAttributeTagProcessor
[THYMELEAF]             * [* {th:onkeypress,data-th-onkeypress}] [1000]: org.thymeleaf.standard.processor.StandardDOMEventAttributeTagProcessor
[THYMELEAF]             * [* {th:onforminput,data-th-onforminput}] [1000]: org.thymeleaf.standard.processor.StandardDOMEventAttributeTagProcessor
[THYMELEAF]             * [* {th:ondblclick,data-th-ondblclick}] [1000]: org.thymeleaf.standard.processor.StandardDOMEventAttributeTagProcessor
[THYMELEAF]             * [* {th:onvolumechange,data-th-onvolumechange}] [1000]: org.thymeleaf.standard.processor.StandardDOMEventAttributeTagProcessor
[THYMELEAF]             * [* {th:onwaiting,data-th-onwaiting}] [1000]: org.thymeleaf.standard.processor.StandardDOMEventAttributeTagProcessor
[THYMELEAF]             * [* {th:onkeydown,data-th-onkeydown}] [1000]: org.thymeleaf.standard.processor.StandardDOMEventAttributeTagProcessor
[THYMELEAF]             * [* {th:onscroll,data-th-onscroll}] [1000]: org.thymeleaf.standard.processor.StandardDOMEventAttributeTagProcessor
[THYMELEAF]             * [* {th:ondragstart,data-th-ondragstart}] [1000]: org.thymeleaf.standard.processor.StandardDOMEventAttributeTagProcessor
[THYMELEAF]             * [* {th:ondurationchange,data-th-ondurationchange}] [1000]: org.thymeleaf.standard.processor.StandardDOMEventAttributeTagProcessor
[THYMELEAF]             * [* {th:onload,data-th-onload}] [1000]: org.thymeleaf.standard.processor.StandardDOMEventAttributeTagProcessor
[THYMELEAF]             * [* {th:oncanplaythrough,data-th-oncanplaythrough}] [1000]: org.thymeleaf.standard.processor.StandardDOMEventAttributeTagProcessor
[THYMELEAF]             * [* {th:onblur,data-th-onblur}] [1000]: org.thymeleaf.standard.processor.StandardDOMEventAttributeTagProcessor
[THYMELEAF]             * [* {th:onended,data-th-onended}] [1000]: org.thymeleaf.standard.processor.StandardDOMEventAttributeTagProcessor
[THYMELEAF]             * [* {th:onredo,data-th-onredo}] [1000]: org.thymeleaf.standard.processor.StandardDOMEventAttributeTagProcessor
[THYMELEAF]             * [* {th:onpopstate,data-th-onpopstate}] [1000]: org.thymeleaf.standard.processor.StandardDOMEventAttributeTagProcessor
[THYMELEAF]             * [* {th:onfocus,data-th-onfocus}] [1000]: org.thymeleaf.standard.processor.StandardDOMEventAttributeTagProcessor
[THYMELEAF]             * [* {th:ondragenter,data-th-ondragenter}] [1000]: org.thymeleaf.standard.processor.StandardDOMEventAttributeTagProcessor
[THYMELEAF]             * [* {th:onresize,data-th-onresize}] [1000]: org.thymeleaf.standard.processor.StandardDOMEventAttributeTagProcessor
[THYMELEAF]             * [* {th:oninput,data-th-oninput}] [1000]: org.thymeleaf.standard.processor.StandardDOMEventAttributeTagProcessor
[THYMELEAF]             * [* {th:onratechange,data-th-onratechange}] [1000]: org.thymeleaf.standard.processor.StandardDOMEventAttributeTagProcessor
[THYMELEAF]             * [* {th:onemptied,data-th-onemptied}] [1000]: org.thymeleaf.standard.processor.StandardDOMEventAttributeTagProcessor
[THYMELEAF]             * [* {th:onplaying,data-th-onplaying}] [1000]: org.thymeleaf.standard.processor.StandardDOMEventAttributeTagProcessor
[THYMELEAF]             * [* {th:ondragover,data-th-ondragover}] [1000]: org.thymeleaf.standard.processor.StandardDOMEventAttributeTagProcessor
[THYMELEAF]             * [* {th:onunload,data-th-onunload}] [1000]: org.thymeleaf.standard.processor.StandardDOMEventAttributeTagProcessor
[THYMELEAF]             * [* {th:onmousemove,data-th-onmousemove}] [1000]: org.thymeleaf.standard.processor.StandardDOMEventAttributeTagProcessor
[THYMELEAF]             * [* {th:onloadeddata,data-th-onloadeddata}] [1000]: org.thymeleaf.standard.processor.StandardDOMEventAttributeTagProcessor
[THYMELEAF]             * [* {th:onplay,data-th-onplay}] [1000]: org.thymeleaf.standard.processor.StandardDOMEventAttributeTagProcessor
[THYMELEAF]             * [* {th:oncanplay,data-th-oncanplay}] [1000]: org.thymeleaf.standard.processor.StandardDOMEventAttributeTagProcessor
[THYMELEAF]             * [* {th:onstalled,data-th-onstalled}] [1000]: org.thymeleaf.standard.processor.StandardDOMEventAttributeTagProcessor
[THYMELEAF]             * [* {th:onafterprint,data-th-onafterprint}] [1000]: org.thymeleaf.standard.processor.StandardDOMEventAttributeTagProcessor
[THYMELEAF]             * [* {th:onseeking,data-th-onseeking}] [1000]: org.thymeleaf.standard.processor.StandardDOMEventAttributeTagProcessor
[THYMELEAF]             * [* {th:onstorage,data-th-onstorage}] [1000]: org.thymeleaf.standard.processor.StandardDOMEventAttributeTagProcessor
[THYMELEAF]             * [* {th:onmousedown,data-th-onmousedown}] [1000]: org.thymeleaf.standard.processor.StandardDOMEventAttributeTagProcessor
[THYMELEAF]             * [* {th:onloadstart,data-th-onloadstart}] [1000]: org.thymeleaf.standard.processor.StandardDOMEventAttributeTagProcessor
[THYMELEAF]             * [* {th:onundo,data-th-onundo}] [1000]: org.thymeleaf.standard.processor.StandardDOMEventAttributeTagProcessor
[THYMELEAF]             * [* {th:onshow,data-th-onshow}] [1000]: org.thymeleaf.standard.processor.StandardDOMEventAttributeTagProcessor
[THYMELEAF]             * [* {th:onabort,data-th-onabort}] [1000]: org.thymeleaf.standard.processor.StandardDOMEventAttributeTagProcessor
[THYMELEAF]             * [* {th:onbeforeunload,data-th-onbeforeunload}] [1000]: org.thymeleaf.standard.processor.StandardDOMEventAttributeTagProcessor
[THYMELEAF]             * [* {th:onformchange,data-th-onformchange}] [1000]: org.thymeleaf.standard.processor.StandardDOMEventAttributeTagProcessor
[THYMELEAF]             * [* {th:onselect,data-th-onselect}] [1000]: org.thymeleaf.standard.processor.StandardDOMEventAttributeTagProcessor
[THYMELEAF]             * [* {th:onprogress,data-th-onprogress}] [1000]: org.thymeleaf.standard.processor.StandardDOMEventAttributeTagProcessor
[THYMELEAF]             * [* {th:onkeyup,data-th-onkeyup}] [1000]: org.thymeleaf.standard.processor.StandardDOMEventAttributeTagProcessor
[THYMELEAF]             * [* {th:onclick,data-th-onclick}] [1000]: org.thymeleaf.standard.processor.StandardDOMEventAttributeTagProcessor
[THYMELEAF]             * [* {th:onloadedmetadata,data-th-onloadedmetadata}] [1000]: org.thymeleaf.standard.processor.StandardDOMEventAttributeTagProcessor
[THYMELEAF]             * [* {th:onmouseover,data-th-onmouseover}] [1000]: org.thymeleaf.standard.processor.StandardDOMEventAttributeTagProcessor
[THYMELEAF]             * [* {th:onoffline,data-th-onoffline}] [1000]: org.thymeleaf.standard.processor.StandardDOMEventAttributeTagProcessor
[THYMELEAF]             * [* {th:oninvalid,data-th-oninvalid}] [1000]: org.thymeleaf.standard.processor.StandardDOMEventAttributeTagProcessor
[THYMELEAF]             * [* {th:ondragleave,data-th-ondragleave}] [1000]: org.thymeleaf.standard.processor.StandardDOMEventAttributeTagProcessor
[THYMELEAF]             * [* {th:onpause,data-th-onpause}] [1000]: org.thymeleaf.standard.processor.StandardDOMEventAttributeTagProcessor
[THYMELEAF]             * [* {th:onchange,data-th-onchange}] [1000]: org.thymeleaf.standard.processor.StandardDOMEventAttributeTagProcessor
[THYMELEAF]             * [* {th:onerror,data-th-onerror}] [1000]: org.thymeleaf.standard.processor.StandardDOMEventAttributeTagProcessor
[THYMELEAF]             * [* {th:ondrop,data-th-ondrop}] [1000]: org.thymeleaf.standard.processor.StandardDOMEventAttributeTagProcessor
[THYMELEAF]             * [* {th:onmessage,data-th-onmessage}] [1000]: org.thymeleaf.standard.processor.StandardDOMEventAttributeTagProcessor
[THYMELEAF]             * [* {th:onreset,data-th-onreset}] [1000]: org.thymeleaf.standard.processor.StandardDOMEventAttributeTagProcessor
[THYMELEAF]             * [* {th:ononline,data-th-ononline}] [1000]: org.thymeleaf.standard.processor.StandardDOMEventAttributeTagProcessor
[THYMELEAF]             * [* {th:ondrag,data-th-ondrag}] [1000]: org.thymeleaf.standard.processor.StandardDOMEventAttributeTagProcessor
[THYMELEAF]             * [* {th:onseeked,data-th-onseeked}] [1000]: org.thymeleaf.standard.processor.StandardDOMEventAttributeTagProcessor
[THYMELEAF]             * [* {th:oncontextmenu,data-th-oncontextmenu}] [1000]: org.thymeleaf.standard.processor.StandardDOMEventAttributeTagProcessor
[THYMELEAF]             * [* {th:ontimeupdate,data-th-ontimeupdate}] [1000]: org.thymeleaf.standard.processor.StandardDOMEventAttributeTagProcessor
[THYMELEAF]             * [* {th:onmouseup,data-th-onmouseup}] [1000]: org.thymeleaf.standard.processor.StandardDOMEventAttributeTagProcessor
[THYMELEAF]             * [* {th:onsuspend,data-th-onsuspend}] [1000]: org.thymeleaf.standard.processor.StandardDOMEventAttributeTagProcessor
[THYMELEAF]             * [* {th:href,data-th-href}] [1000]: org.thymeleaf.standard.processor.StandardHrefTagProcessor
[THYMELEAF]             * [* {th:inline,data-th-inline}] [1000]: org.thymeleaf.standard.processor.StandardInlineHTMLTagProcessor
[THYMELEAF]             * [* {th:method,data-th-method}] [1000]: org.thymeleaf.standard.processor.StandardMethodTagProcessor
[THYMELEAF]             * [* {th:name,data-th-name}] [1000]: org.thymeleaf.standard.processor.StandardNonRemovableAttributeTagProcessor
[THYMELEAF]             * [* {th:type,data-th-type}] [1000]: org.thymeleaf.standard.processor.StandardNonRemovableAttributeTagProcessor
[THYMELEAF]             * [* {th:align,data-th-align}] [1000]: org.thymeleaf.standard.processor.StandardRemovableAttributeTagProcessor
[THYMELEAF]             * [* {th:enctype,data-th-enctype}] [1000]: org.thymeleaf.standard.processor.StandardRemovableAttributeTagProcessor
[THYMELEAF]             * [* {th:hreflang,data-th-hreflang}] [1000]: org.thymeleaf.standard.processor.StandardRemovableAttributeTagProcessor
[THYMELEAF]             * [* {th:autocomplete,data-th-autocomplete}] [1000]: org.thymeleaf.standard.processor.StandardRemovableAttributeTagProcessor
[THYMELEAF]             * [* {th:datetime,data-th-datetime}] [1000]: org.thymeleaf.standard.processor.StandardRemovableAttributeTagProcessor
[THYMELEAF]             * [* {th:codebase,data-th-codebase}] [1000]: org.thymeleaf.standard.processor.StandardRemovableAttributeTagProcessor
[THYMELEAF]             * [* {th:size,data-th-size}] [1000]: org.thymeleaf.standard.processor.StandardRemovableAttributeTagProcessor
[THYMELEAF]             * [* {th:background,data-th-background}] [1000]: org.thymeleaf.standard.processor.StandardRemovableAttributeTagProcessor
[THYMELEAF]             * [* {th:form,data-th-form}] [1000]: org.thymeleaf.standard.processor.StandardRemovableAttributeTagProcessor
[THYMELEAF]             * [* {th:width,data-th-width}] [1000]: org.thymeleaf.standard.processor.StandardRemovableAttributeTagProcessor
[THYMELEAF]             * [* {th:rev,data-th-rev}] [1000]: org.thymeleaf.standard.processor.StandardRemovableAttributeTagProcessor
[THYMELEAF]             * [* {th:accept,data-th-accept}] [1000]: org.thymeleaf.standard.processor.StandardRemovableAttributeTagProcessor
[THYMELEAF]             * [* {th:list,data-th-list}] [1000]: org.thymeleaf.standard.processor.StandardRemovableAttributeTagProcessor
[THYMELEAF]             * [* {th:content,data-th-content}] [1000]: org.thymeleaf.standard.processor.StandardRemovableAttributeTagProcessor
[THYMELEAF]             * [* {th:min,data-th-min}] [1000]: org.thymeleaf.standard.processor.StandardRemovableAttributeTagProcessor
[THYMELEAF]             * [* {th:marginheight,data-th-marginheight}] [1000]: org.thymeleaf.standard.processor.StandardRemovableAttributeTagProcessor
[THYMELEAF]             * [* {th:dropzone,data-th-dropzone}] [1000]: org.thymeleaf.standard.processor.StandardRemovableAttributeTagProcessor
[THYMELEAF]             * [* {th:hspace,data-th-hspace}] [1000]: org.thymeleaf.standard.processor.StandardRemovableAttributeTagProcessor
[THYMELEAF]             * [* {th:lang,data-th-lang}] [1000]: org.thymeleaf.standard.processor.StandardRemovableAttributeTagProcessor
[THYMELEAF]             * [* {th:axis,data-th-axis}] [1000]: org.thymeleaf.standard.processor.StandardRemovableAttributeTagProcessor
[THYMELEAF]             * [* {th:media,data-th-media}] [1000]: org.thymeleaf.standard.processor.StandardRemovableAttributeTagProcessor
[THYMELEAF]             * [* {th:contenteditable,data-th-contenteditable}] [1000]: org.thymeleaf.standard.processor.StandardRemovableAttributeTagProcessor
[THYMELEAF]             * [* {th:maxlength,data-th-maxlength}] [1000]: org.thymeleaf.standard.processor.StandardRemovableAttributeTagProcessor
[THYMELEAF]             * [* {th:accept-charset,data-th-accept-charset}] [1000]: org.thymeleaf.standard.processor.StandardRemovableAttributeTagProcessor
[THYMELEAF]             * [* {th:codetype,data-th-codetype}] [1000]: org.thymeleaf.standard.processor.StandardRemovableAttributeTagProcessor
[THYMELEAF]             * [* {th:height,data-th-height}] [1000]: org.thymeleaf.standard.processor.StandardRemovableAttributeTagProcessor
[THYMELEAF]             * [* {th:cellpadding,data-th-cellpadding}] [1000]: org.thymeleaf.standard.processor.StandardRemovableAttributeTagProcessor
[THYMELEAF]             * [* {th:dir,data-th-dir}] [1000]: org.thymeleaf.standard.processor.StandardRemovableAttributeTagProcessor
[THYMELEAF]             * [* {th:srclang,data-th-srclang}] [1000]: org.thymeleaf.standard.processor.StandardRemovableAttributeTagProcessor
[THYMELEAF]             * [* {th:colspan,data-th-colspan}] [1000]: org.thymeleaf.standard.processor.StandardRemovableAttributeTagProcessor
[THYMELEAF]             * [* {th:optimum,data-th-optimum}] [1000]: org.thymeleaf.standard.processor.StandardRemovableAttributeTagProcessor
[THYMELEAF]             * [* {th:id,data-th-id}] [1000]: org.thymeleaf.standard.processor.StandardRemovableAttributeTagProcessor
[THYMELEAF]             * [* {th:formaction,data-th-formaction}] [1000]: org.thymeleaf.standard.processor.StandardRemovableAttributeTagProcessor
[THYMELEAF]             * [* {th:scrolling,data-th-scrolling}] [1000]: org.thymeleaf.standard.processor.StandardRemovableAttributeTagProcessor
[THYMELEAF]             * [* {th:valuetype,data-th-valuetype}] [1000]: org.thymeleaf.standard.processor.StandardRemovableAttributeTagProcessor
[THYMELEAF]             * [* {th:wrap,data-th-wrap}] [1000]: org.thymeleaf.standard.processor.StandardRemovableAttributeTagProcessor
[THYMELEAF]             * [* {th:cols,data-th-cols}] [1000]: org.thymeleaf.standard.processor.StandardRemovableAttributeTagProcessor
[THYMELEAF]             * [* {th:archive,data-th-archive}] [1000]: org.thymeleaf.standard.processor.StandardRemovableAttributeTagProcessor
[THYMELEAF]             * [* {th:frame,data-th-frame}] [1000]: org.thymeleaf.standard.processor.StandardRemovableAttributeTagProcessor
[THYMELEAF]             * [* {th:style,data-th-style}] [1000]: org.thymeleaf.standard.processor.StandardRemovableAttributeTagProcessor
[THYMELEAF]             * [* {th:radiogroup,data-th-radiogroup}] [1000]: org.thymeleaf.standard.processor.StandardRemovableAttributeTagProcessor
[THYMELEAF]             * [* {th:rel,data-th-rel}] [1000]: org.thymeleaf.standard.processor.StandardRemovableAttributeTagProcessor
[THYMELEAF]             * [* {th:title,data-th-title}] [1000]: org.thymeleaf.standard.processor.StandardRemovableAttributeTagProcessor
[THYMELEAF]             * [* {th:max,data-th-max}] [1000]: org.thymeleaf.standard.processor.StandardRemovableAttributeTagProcessor
[THYMELEAF]             * [* {th:spellcheck,data-th-spellcheck}] [1000]: org.thymeleaf.standard.processor.StandardRemovableAttributeTagProcessor
[THYMELEAF]             * [* {th:audio,data-th-audio}] [1000]: org.thymeleaf.standard.processor.StandardRemovableAttributeTagProcessor
[THYMELEAF]             * [* {th:accesskey,data-th-accesskey}] [1000]: org.thymeleaf.standard.processor.StandardRemovableAttributeTagProcessor
[THYMELEAF]             * [* {th:compact,data-th-compact}] [1000]: org.thymeleaf.standard.processor.StandardRemovableAttributeTagProcessor
[THYMELEAF]             * [* {th:kind,data-th-kind}] [1000]: org.thymeleaf.standard.processor.StandardRemovableAttributeTagProcessor
[THYMELEAF]             * [* {th:cellspacing,data-th-cellspacing}] [1000]: org.thymeleaf.standard.processor.StandardRemovableAttributeTagProcessor
[THYMELEAF]             * [* {th:rowspan,data-th-rowspan}] [1000]: org.thymeleaf.standard.processor.StandardRemovableAttributeTagProcessor
[THYMELEAF]             * [* {th:placeholder,data-th-placeholder}] [1000]: org.thymeleaf.standard.processor.StandardRemovableAttributeTagProcessor
[THYMELEAF]             * [* {th:charset,data-th-charset}] [1000]: org.thymeleaf.standard.processor.StandardRemovableAttributeTagProcessor
[THYMELEAF]             * [* {th:data,data-th-data}] [1000]: org.thymeleaf.standard.processor.StandardRemovableAttributeTagProcessor
[THYMELEAF]             * [* {th:formenctype,data-th-formenctype}] [1000]: org.thymeleaf.standard.processor.StandardRemovableAttributeTagProcessor
[THYMELEAF]             * [* {th:cite,data-th-cite}] [1000]: org.thymeleaf.standard.processor.StandardRemovableAttributeTagProcessor
[THYMELEAF]             * [* {th:manifest,data-th-manifest}] [1000]: org.thymeleaf.standard.processor.StandardRemovableAttributeTagProcessor
[THYMELEAF]             * [* {th:classid,data-th-classid}] [1000]: org.thymeleaf.standard.processor.StandardRemovableAttributeTagProcessor
[THYMELEAF]             * [* {th:class,data-th-class}] [1000]: org.thymeleaf.standard.processor.StandardRemovableAttributeTagProcessor
[THYMELEAF]             * [* {th:rules,data-th-rules}] [1000]: org.thymeleaf.standard.processor.StandardRemovableAttributeTagProcessor
[THYMELEAF]             * [* {th:label,data-th-label}] [1000]: org.thymeleaf.standard.processor.StandardRemovableAttributeTagProcessor
[THYMELEAF]             * [* {th:target,data-th-target}] [1000]: org.thymeleaf.standard.processor.StandardRemovableAttributeTagProcessor
[THYMELEAF]             * [* {th:sandbox,data-th-sandbox}] [1000]: org.thymeleaf.standard.processor.StandardRemovableAttributeTagProcessor
[THYMELEAF]             * [* {th:formtarget,data-th-formtarget}] [1000]: org.thymeleaf.standard.processor.StandardRemovableAttributeTagProcessor
[THYMELEAF]             * [* {th:low,data-th-low}] [1000]: org.thymeleaf.standard.processor.StandardRemovableAttributeTagProcessor
[THYMELEAF]             * [* {th:longdesc,data-th-longdesc}] [1000]: org.thymeleaf.standard.processor.StandardRemovableAttributeTagProcessor
[THYMELEAF]             * [* {th:step,data-th-step}] [1000]: org.thymeleaf.standard.processor.StandardRemovableAttributeTagProcessor
[THYMELEAF]             * [* {th:draggable,data-th-draggable}] [1000]: org.thymeleaf.standard.processor.StandardRemovableAttributeTagProcessor
[THYMELEAF]             * [* {th:sizes,data-th-sizes}] [1000]: org.thymeleaf.standard.processor.StandardRemovableAttributeTagProcessor
[THYMELEAF]             * [* {th:scope,data-th-scope}] [1000]: org.thymeleaf.standard.processor.StandardRemovableAttributeTagProcessor
[THYMELEAF]             * [* {th:start,data-th-start}] [1000]: org.thymeleaf.standard.processor.StandardRemovableAttributeTagProcessor
[THYMELEAF]             * [* {th:challenge,data-th-challenge}] [1000]: org.thymeleaf.standard.processor.StandardRemovableAttributeTagProcessor
[THYMELEAF]             * [* {th:vspace,data-th-vspace}] [1000]: org.thymeleaf.standard.processor.StandardRemovableAttributeTagProcessor
[THYMELEAF]             * [* {th:usemap,data-th-usemap}] [1000]: org.thymeleaf.standard.processor.StandardRemovableAttributeTagProcessor
[THYMELEAF]             * [* {th:scheme,data-th-scheme}] [1000]: org.thymeleaf.standard.processor.StandardRemovableAttributeTagProcessor
[THYMELEAF]             * [* {th:rows,data-th-rows}] [1000]: org.thymeleaf.standard.processor.StandardRemovableAttributeTagProcessor
[THYMELEAF]             * [* {th:keytype,data-th-keytype}] [1000]: org.thymeleaf.standard.processor.StandardRemovableAttributeTagProcessor
[THYMELEAF]             * [* {th:for,data-th-for}] [1000]: org.thymeleaf.standard.processor.StandardRemovableAttributeTagProcessor
[THYMELEAF]             * [* {th:standby,data-th-standby}] [1000]: org.thymeleaf.standard.processor.StandardRemovableAttributeTagProcessor
[THYMELEAF]             * [* {th:formmethod,data-th-formmethod}] [1000]: org.thymeleaf.standard.processor.StandardRemovableAttributeTagProcessor
[THYMELEAF]             * [* {th:headers,data-th-headers}] [1000]: org.thymeleaf.standard.processor.StandardRemovableAttributeTagProcessor
[THYMELEAF]             * [* {th:marginwidth,data-th-marginwidth}] [1000]: org.thymeleaf.standard.processor.StandardRemovableAttributeTagProcessor
[THYMELEAF]             * [* {th:border,data-th-border}] [1000]: org.thymeleaf.standard.processor.StandardRemovableAttributeTagProcessor
[THYMELEAF]             * [* {th:bgcolor,data-th-bgcolor}] [1000]: org.thymeleaf.standard.processor.StandardRemovableAttributeTagProcessor
[THYMELEAF]             * [* {th:abbr,data-th-abbr}] [1000]: org.thymeleaf.standard.processor.StandardRemovableAttributeTagProcessor
[THYMELEAF]             * [* {th:preload,data-th-preload}] [1000]: org.thymeleaf.standard.processor.StandardRemovableAttributeTagProcessor
[THYMELEAF]             * [* {th:poster,data-th-poster}] [1000]: org.thymeleaf.standard.processor.StandardRemovableAttributeTagProcessor
[THYMELEAF]             * [* {th:contextmenu,data-th-contextmenu}] [1000]: org.thymeleaf.standard.processor.StandardRemovableAttributeTagProcessor
[THYMELEAF]             * [* {th:high,data-th-high}] [1000]: org.thymeleaf.standard.processor.StandardRemovableAttributeTagProcessor
[THYMELEAF]             * [* {th:pattern,data-th-pattern}] [1000]: org.thymeleaf.standard.processor.StandardRemovableAttributeTagProcessor
[THYMELEAF]             * [* {th:tabindex,data-th-tabindex}] [1000]: org.thymeleaf.standard.processor.StandardRemovableAttributeTagProcessor
[THYMELEAF]             * [* {th:http-equiv,data-th-http-equiv}] [1000]: org.thymeleaf.standard.processor.StandardRemovableAttributeTagProcessor
[THYMELEAF]             * [* {th:summary,data-th-summary}] [1000]: org.thymeleaf.standard.processor.StandardRemovableAttributeTagProcessor
[THYMELEAF]             * [* {th:icon,data-th-icon}] [1000]: org.thymeleaf.standard.processor.StandardRemovableAttributeTagProcessor
[THYMELEAF]             * [* {th:frameborder,data-th-frameborder}] [1000]: org.thymeleaf.standard.processor.StandardRemovableAttributeTagProcessor
[THYMELEAF]             * [* {th:alt,data-th-alt}] [1000]: org.thymeleaf.standard.processor.StandardRemovableAttributeTagProcessor
[THYMELEAF]             * [* {th:span,data-th-span}] [1000]: org.thymeleaf.standard.processor.StandardRemovableAttributeTagProcessor
[THYMELEAF]             * [* {th:src,data-th-src}] [1000]: org.thymeleaf.standard.processor.StandardSrcTagProcessor
[THYMELEAF]             * [* {th:value,data-th-value}] [1000]: org.thymeleaf.standard.processor.StandardValueTagProcessor
[THYMELEAF]             * [* {th:xmlbase,data-th-xmlbase}] [1000]: org.thymeleaf.standard.processor.StandardXmlBaseTagProcessor
[THYMELEAF]             * [* {th:xmllang,data-th-xmllang}] [1000]: org.thymeleaf.standard.processor.StandardXmlLangTagProcessor
[THYMELEAF]             * [* {xmlns:th}] [1000]: org.thymeleaf.standard.processor.StandardXmlNsTagProcessor
[THYMELEAF]             * [* {th:xmlspace,data-th-xmlspace}] [1000]: org.thymeleaf.standard.processor.StandardXmlSpaceTagProcessor
[THYMELEAF]             * [* {th:classappend,data-th-classappend}] [1100]: org.thymeleaf.standard.processor.StandardClassappendTagProcessor
[THYMELEAF]             * [* {th:styleappend,data-th-styleappend}] [1100]: org.thymeleaf.standard.processor.StandardStyleappendTagProcessor
[THYMELEAF]             * [* {th:text,data-th-text}] [1300]: org.thymeleaf.standard.processor.StandardTextTagProcessor
[THYMELEAF]             * [* {th:utext,data-th-utext}] [1400]: org.thymeleaf.standard.processor.StandardUtextTagProcessor
[THYMELEAF]             * [* {th:fragment,data-th-fragment}] [1500]: org.thymeleaf.standard.processor.StandardFragmentTagProcessor
[THYMELEAF]             * [* {th:assert,data-th-assert}] [1550]: org.thymeleaf.standard.processor.StandardAssertTagProcessor
[THYMELEAF]             * [* {th:remove,data-th-remove}] [1600]: org.thymeleaf.standard.processor.StandardRemoveTagProcessor
[THYMELEAF]             * [* {th:ref,data-th-ref}] [10000]: org.thymeleaf.standard.processor.StandardRefAttributeTagProcessor
[THYMELEAF]             * [{th:block,th-block} *] [100000]: org.thymeleaf.standard.processor.StandardBlockTagProcessor
[THYMELEAF]             * [* th:*] [2147483647]: org.thymeleaf.standard.processor.StandardDefaultAttributesTagProcessor
[THYMELEAF]         * Text Processors by [precedence]:
[THYMELEAF]             * [1000]: org.thymeleaf.standard.processor.StandardInliningTextProcessor
[THYMELEAF]         * DOCTYPE Processors by [precedence]:
[THYMELEAF]             * [1000]: org.thymeleaf.standard.processor.StandardTranslationDocTypeProcessor
[THYMELEAF]         * CDATA Section Processors by [precedence]:
[THYMELEAF]             * [1000]: org.thymeleaf.standard.processor.StandardInliningCDATASectionProcessor
[THYMELEAF]         * Comment Processors by [precedence]:
[THYMELEAF]             * [1000]: org.thymeleaf.standard.processor.StandardInliningCommentProcessor
[THYMELEAF]             * [1100]: org.thymeleaf.standard.processor.StandardConditionalCommentProcessor
[THYMELEAF]     * Processors for Template Mode: XML
[THYMELEAF]         * Element Tag Processors by [matching element and attribute name] [precedence]:
[THYMELEAF]             * [* {th:include}] [100]: org.thymeleaf.standard.processor.StandardIncludeTagProcessor
[THYMELEAF]             * [* {th:insert}] [100]: org.thymeleaf.standard.processor.StandardInsertTagProcessor
[THYMELEAF]             * [* {th:replace}] [100]: org.thymeleaf.standard.processor.StandardReplaceTagProcessor
[THYMELEAF]             * [* {th:each}] [200]: com.intuit.karate.template.KarateEachTagProcessor
[THYMELEAF]             * [* {th:switch}] [250]: org.thymeleaf.standard.processor.StandardSwitchTagProcessor
[THYMELEAF]             * [* {th:case}] [275]: org.thymeleaf.standard.processor.StandardCaseTagProcessor
[THYMELEAF]             * [* {th:if}] [300]: org.thymeleaf.standard.processor.StandardIfTagProcessor
[THYMELEAF]             * [* {th:unless}] [400]: org.thymeleaf.standard.processor.StandardUnlessTagProcessor
[THYMELEAF]             * [* {th:object}] [500]: org.thymeleaf.standard.processor.StandardObjectTagProcessor
[THYMELEAF]             * [* {th:with}] [600]: com.intuit.karate.template.KarateWithTagProcessor
[THYMELEAF]             * [* {th:attr}] [700]: com.intuit.karate.template.KarateAttributeTagProcessor.KarateAttrTagProcessor
[THYMELEAF]             * [* {th:attrappend}] [900]: com.intuit.karate.template.KarateAttributeTagProcessor.KarateAttrappendTagProcessor
[THYMELEAF]             * [* {th:attrprepend}] [900]: com.intuit.karate.template.KarateAttributeTagProcessor.KarateAttrprependTagProcessor
[THYMELEAF]             * [* {th:inline}] [1000]: org.thymeleaf.standard.processor.StandardInlineXMLTagProcessor
[THYMELEAF]             * [* {xmlns:th}] [1000]: org.thymeleaf.standard.processor.StandardXmlNsTagProcessor
[THYMELEAF]             * [* {th:text}] [1300]: org.thymeleaf.standard.processor.StandardTextTagProcessor
[THYMELEAF]             * [* {th:utext}] [1400]: org.thymeleaf.standard.processor.StandardUtextTagProcessor
[THYMELEAF]             * [* {th:fragment}] [1500]: org.thymeleaf.standard.processor.StandardFragmentTagProcessor
[THYMELEAF]             * [* {th:assert}] [1550]: org.thymeleaf.standard.processor.StandardAssertTagProcessor
[THYMELEAF]             * [* {th:remove}] [1600]: org.thymeleaf.standard.processor.StandardRemoveTagProcessor
[THYMELEAF]             * [* {th:ref}] [10000]: org.thymeleaf.standard.processor.StandardRefAttributeTagProcessor
[THYMELEAF]             * [{th:block} *] [100000]: org.thymeleaf.standard.processor.StandardBlockTagProcessor
[THYMELEAF]             * [* th:*] [2147483647]: org.thymeleaf.standard.processor.StandardDefaultAttributesTagProcessor
[THYMELEAF]         * Text Processors by [precedence]:
[THYMELEAF]             * [1000]: org.thymeleaf.standard.processor.StandardInliningTextProcessor
[THYMELEAF]         * CDATA Section Processors by [precedence]:
[THYMELEAF]             * [1000]: org.thymeleaf.standard.processor.StandardInliningCDATASectionProcessor
[THYMELEAF]         * Comment Processors by [precedence]:
[THYMELEAF]             * [1000]: org.thymeleaf.standard.processor.StandardInliningCommentProcessor
[THYMELEAF]     * Processors for Template Mode: TEXT
[THYMELEAF]         * Element Tag Processors by [matching element and attribute name] [precedence]:
[THYMELEAF]             * [* {th:insert}] [100]: org.thymeleaf.standard.processor.StandardInsertTagProcessor
[THYMELEAF]             * [* {th:replace}] [100]: org.thymeleaf.standard.processor.StandardReplaceTagProcessor
[THYMELEAF]             * [* {th:each}] [200]: com.intuit.karate.template.KarateEachTagProcessor
[THYMELEAF]             * [* {th:switch}] [250]: org.thymeleaf.standard.processor.StandardSwitchTagProcessor
[THYMELEAF]             * [* {th:case}] [275]: org.thymeleaf.standard.processor.StandardCaseTagProcessor
[THYMELEAF]             * [* {th:if}] [300]: org.thymeleaf.standard.processor.StandardIfTagProcessor
[THYMELEAF]             * [* {th:unless}] [400]: org.thymeleaf.standard.processor.StandardUnlessTagProcessor
[THYMELEAF]             * [* {th:object}] [500]: org.thymeleaf.standard.processor.StandardObjectTagProcessor
[THYMELEAF]             * [* {th:with}] [600]: com.intuit.karate.template.KarateWithTagProcessor
[THYMELEAF]             * [* {th:inline}] [1000]: org.thymeleaf.standard.processor.StandardInlineTextualTagProcessor
[THYMELEAF]             * [* {th:text}] [1300]: org.thymeleaf.standard.processor.StandardTextTagProcessor
[THYMELEAF]             * [* {th:utext}] [1400]: org.thymeleaf.standard.processor.StandardUtextTagProcessor
[THYMELEAF]             * [* {th:assert}] [1550]: org.thymeleaf.standard.processor.StandardAssertTagProcessor
[THYMELEAF]             * [* {th:remove}] [1600]: org.thymeleaf.standard.processor.StandardRemoveTagProcessor
[THYMELEAF]             * [* 100000] [org.thymeleaf.standard.processor.StandardBlockTagProcessor]: {}
[THYMELEAF]             * [{th:block} *] [100000]: org.thymeleaf.standard.processor.StandardBlockTagProcessor
[THYMELEAF]         * Text Processors by [precedence]:
[THYMELEAF]             * [1000]: org.thymeleaf.standard.processor.StandardInliningTextProcessor
[THYMELEAF]     * Processors for Template Mode: JAVASCRIPT
[THYMELEAF]         * Element Tag Processors by [matching element and attribute name] [precedence]:
[THYMELEAF]             * [* {th:insert}] [100]: org.thymeleaf.standard.processor.StandardInsertTagProcessor
[THYMELEAF]             * [* {th:replace}] [100]: org.thymeleaf.standard.processor.StandardReplaceTagProcessor
[THYMELEAF]             * [* {th:each}] [200]: com.intuit.karate.template.KarateEachTagProcessor
[THYMELEAF]             * [* {th:switch}] [250]: org.thymeleaf.standard.processor.StandardSwitchTagProcessor
[THYMELEAF]             * [* {th:case}] [275]: org.thymeleaf.standard.processor.StandardCaseTagProcessor
[THYMELEAF]             * [* {th:if}] [300]: org.thymeleaf.standard.processor.StandardIfTagProcessor
[THYMELEAF]             * [* {th:unless}] [400]: org.thymeleaf.standard.processor.StandardUnlessTagProcessor
[THYMELEAF]             * [* {th:object}] [500]: org.thymeleaf.standard.processor.StandardObjectTagProcessor
[THYMELEAF]             * [* {th:with}] [600]: com.intuit.karate.template.KarateWithTagProcessor
[THYMELEAF]             * [* {th:inline}] [1000]: org.thymeleaf.standard.processor.StandardInlineTextualTagProcessor
[THYMELEAF]             * [* {th:text}] [1300]: org.thymeleaf.standard.processor.StandardTextTagProcessor
[THYMELEAF]             * [* {th:utext}] [1400]: org.thymeleaf.standard.processor.StandardUtextTagProcessor
[THYMELEAF]             * [* {th:assert}] [1550]: org.thymeleaf.standard.processor.StandardAssertTagProcessor
[THYMELEAF]             * [* {th:remove}] [1600]: org.thymeleaf.standard.processor.StandardRemoveTagProcessor
[THYMELEAF]             * [{th:block} *] [100000]: org.thymeleaf.standard.processor.StandardBlockTagProcessor
[THYMELEAF]             * [* 100000] [org.thymeleaf.standard.processor.StandardBlockTagProcessor]: {}
[THYMELEAF]         * Text Processors by [precedence]:
[THYMELEAF]             * [1000]: org.thymeleaf.standard.processor.StandardInliningTextProcessor
[THYMELEAF]     * Processors for Template Mode: CSS
[THYMELEAF]         * Element Tag Processors by [matching element and attribute name] [precedence]:
[THYMELEAF]             * [* {th:insert}] [100]: org.thymeleaf.standard.processor.StandardInsertTagProcessor
[THYMELEAF]             * [* {th:replace}] [100]: org.thymeleaf.standard.processor.StandardReplaceTagProcessor
[THYMELEAF]             * [* {th:each}] [200]: com.intuit.karate.template.KarateEachTagProcessor
[THYMELEAF]             * [* {th:switch}] [250]: org.thymeleaf.standard.processor.StandardSwitchTagProcessor
[THYMELEAF]             * [* {th:case}] [275]: org.thymeleaf.standard.processor.StandardCaseTagProcessor
[THYMELEAF]             * [* {th:if}] [300]: org.thymeleaf.standard.processor.StandardIfTagProcessor
[THYMELEAF]             * [* {th:unless}] [400]: org.thymeleaf.standard.processor.StandardUnlessTagProcessor
[THYMELEAF]             * [* {th:object}] [500]: org.thymeleaf.standard.processor.StandardObjectTagProcessor
[THYMELEAF]             * [* {th:with}] [600]: com.intuit.karate.template.KarateWithTagProcessor
[THYMELEAF]             * [* {th:inline}] [1000]: org.thymeleaf.standard.processor.StandardInlineTextualTagProcessor
[THYMELEAF]             * [* {th:text}] [1300]: org.thymeleaf.standard.processor.StandardTextTagProcessor
[THYMELEAF]             * [* {th:utext}] [1400]: org.thymeleaf.standard.processor.StandardUtextTagProcessor
[THYMELEAF]             * [* {th:assert}] [1550]: org.thymeleaf.standard.processor.StandardAssertTagProcessor
[THYMELEAF]             * [* {th:remove}] [1600]: org.thymeleaf.standard.processor.StandardRemoveTagProcessor
[THYMELEAF]             * [{th:block} *] [100000]: org.thymeleaf.standard.processor.StandardBlockTagProcessor
[THYMELEAF]             * [* 100000] [org.thymeleaf.standard.processor.StandardBlockTagProcessor]: {}
[THYMELEAF]         * Text Processors by [precedence]:
[THYMELEAF]             * [1000]: org.thymeleaf.standard.processor.StandardInliningTextProcessor
[THYMELEAF]     * Expression Objects:
[THYMELEAF]         * #ctx
[THYMELEAF]         * #root
[THYMELEAF]         * #vars
[THYMELEAF]         * #object
[THYMELEAF]         * #locale
[THYMELEAF]         * #conversions
[THYMELEAF]         * #uris
[THYMELEAF]         * #temporals
[THYMELEAF]         * #calendars
[THYMELEAF]         * #dates
[THYMELEAF]         * #bools
[THYMELEAF]         * #numbers
[THYMELEAF]         * #objects
[THYMELEAF]         * #strings
[THYMELEAF]         * #arrays
[THYMELEAF]         * #lists
[THYMELEAF]         * #sets
[THYMELEAF]         * #maps
[THYMELEAF]         * #aggregates
[THYMELEAF]         * #messages
[THYMELEAF]         * #ids
[THYMELEAF]         * #execInfo
[THYMELEAF]         * #request
[THYMELEAF]         * #response
[THYMELEAF]         * #session
[THYMELEAF]         * #servletContext
[THYMELEAF]     * Execution Attributes:
[THYMELEAF]         * "StandardExpressionParser": com.intuit.karate.template.KarateStandardDialect@55296b50
[THYMELEAF]         * "StandardJavaScriptSerializer": org.thymeleaf.standard.serializer.StandardJavaScriptSerializer@1600a8a2
[THYMELEAF]         * "StandardCSSSerializer": org.thymeleaf.standard.serializer.StandardCSSSerializer@6b25ef1c
[THYMELEAF]         * "StandardVariableExpressionEvaluator": com.intuit.karate.template.KarateStandardDialect@55296b50
[THYMELEAF]         * "StandardConversionService": org.thymeleaf.standard.expression.StandardConversionService@56b1e527
[THYMELEAF] * Dialect [2 of 2]: karate (com.intuit.karate.template.KarateScriptDialect)
[THYMELEAF]     * Prefix: "ka"
[THYMELEAF]     * Processors for Template Mode: HTML
[THYMELEAF]         * Element Tag Processors by [matching element and attribute name] [precedence]:
[THYMELEAF]             * [* {src}] [1000]: com.intuit.karate.template.KaScriptAttrProcessor
[THYMELEAF]         * Element Model Processors by [matching element and attribute name] [precedence]:
[THYMELEAF]             * [{script} {ka:scope,data-ka-scope}] [1000]: com.intuit.karate.template.KaScriptElemProcessor
[THYMELEAF]             * [* {ka:set,data-ka-set}] [1000]: com.intuit.karate.template.KaSetElemProcessor
[THYMELEAF] TEMPLATE ENGINE CONFIGURED OK
18:09:12.475 [main] DEBUG org.thymeleaf.TemplateEngine -- [THYMELEAF] TEMPLATE ENGINE INITIALIZED
---------------------------------------------------------
feature: classpath:dummyjson/Products.feature
scenarios: 11 | passed: 11 | failed:  0 | time: 2.7742
---------------------------------------------------------

Karate version: 1.4.1
======================================================
elapsed:   5.24 | threads:    1 | thread time: 2.77 
features:     1 | skipped:    0 | efficiency: 0.53
scenarios:   11 | passed:    11 | failed: 0
======================================================
18:09:13.270 [main] DEBUG org.thymeleaf.TemplateEngine -- [THYMELEAF] INITIALIZING TEMPLATE ENGINE
18:09:13.301 [main] DEBUG org.thymeleaf.TemplateEngine.CONFIG -- Initializing Thymeleaf Template engine configuration...
[THYMELEAF] TEMPLATE ENGINE CONFIGURATION:
[THYMELEAF] * Thymeleaf version: 3.1.2.RELEASE (built 2023-07-30T19:25:50+0000)
[THYMELEAF] * Cache Manager implementation: org.thymeleaf.cache.StandardCacheManager
[THYMELEAF] * Template resolvers:
[THYMELEAF]     * [1] com.intuit.karate.template.ResourceHtmlTemplateResolver
[THYMELEAF] * Message resolvers:
[THYMELEAF]     * org.thymeleaf.messageresolver.StandardMessageResolver
[THYMELEAF] * Link builders:
[THYMELEAF]     * org.thymeleaf.linkbuilder.StandardLinkBuilder
[THYMELEAF] * Dialect [1 of 2]: Standard (com.intuit.karate.template.KarateStandardDialect)
[THYMELEAF]     * Prefix: "th"
[THYMELEAF]     * Processors for Template Mode: HTML
[THYMELEAF]         * Element Tag Processors by [matching element and attribute name] [precedence]:
[THYMELEAF]             * [* {th:include,data-th-include}] [100]: org.thymeleaf.standard.processor.StandardIncludeTagProcessor
[THYMELEAF]             * [* {th:insert,data-th-insert}] [100]: org.thymeleaf.standard.processor.StandardInsertTagProcessor
[THYMELEAF]             * [* {th:replace,data-th-replace}] [100]: org.thymeleaf.standard.processor.StandardReplaceTagProcessor
[THYMELEAF]             * [* {th:each,data-th-each}] [200]: com.intuit.karate.template.KarateEachTagProcessor
[THYMELEAF]             * [* {th:switch,data-th-switch}] [250]: org.thymeleaf.standard.processor.StandardSwitchTagProcessor
[THYMELEAF]             * [* {th:case,data-th-case}] [275]: org.thymeleaf.standard.processor.StandardCaseTagProcessor
[THYMELEAF]             * [* {th:if,data-th-if}] [300]: org.thymeleaf.standard.processor.StandardIfTagProcessor
[THYMELEAF]             * [* {th:unless,data-th-unless}] [400]: org.thymeleaf.standard.processor.StandardUnlessTagProcessor
[THYMELEAF]             * [* {th:object,data-th-object}] [500]: org.thymeleaf.standard.processor.StandardObjectTagProcessor
[THYMELEAF]             * [* {th:with,data-th-with}] [600]: com.intuit.karate.template.KarateWithTagProcessor
[THYMELEAF]             * [* {th:attr,data-th-attr}] [700]: com.intuit.karate.template.KarateAttributeTagProcessor.KarateAttrTagProcessor
[THYMELEAF]             * [* {th:attrappend,data-th-attrappend}] [900]: com.intuit.karate.template.KarateAttributeTagProcessor.KarateAttrappendTagProcessor
[THYMELEAF]             * [* {th:attrprepend,data-th-attrprepend}] [900]: com.intuit.karate.template.KarateAttributeTagProcessor.KarateAttrprependTagProcessor
[THYMELEAF]             * [* {th:alt-title,data-th-alt-title}] [990]: org.thymeleaf.standard.processor.StandardAltTitleTagProcessor
[THYMELEAF]             * [* {th:lang-xmllang,data-th-lang-xmllang}] [990]: org.thymeleaf.standard.processor.StandardLangXmlLangTagProcessor
[THYMELEAF]             * [* {th:action,data-th-action}] [1000]: org.thymeleaf.standard.processor.StandardActionTagProcessor
[THYMELEAF]             * [* {th:loop,data-th-loop}] [1000]: org.thymeleaf.standard.processor.StandardConditionalFixedValueTagProcessor
[THYMELEAF]             * [* {th:selected,data-th-selected}] [1000]: org.thymeleaf.standard.processor.StandardConditionalFixedValueTagProcessor
[THYMELEAF]             * [* {th:hidden,data-th-hidden}] [1000]: org.thymeleaf.standard.processor.StandardConditionalFixedValueTagProcessor
[THYMELEAF]             * [* {th:multiple,data-th-multiple}] [1000]: org.thymeleaf.standard.processor.StandardConditionalFixedValueTagProcessor
[THYMELEAF]             * [* {th:disabled,data-th-disabled}] [1000]: org.thymeleaf.standard.processor.StandardConditionalFixedValueTagProcessor
[THYMELEAF]             * [* {th:nowrap,data-th-nowrap}] [1000]: org.thymeleaf.standard.processor.StandardConditionalFixedValueTagProcessor
[THYMELEAF]             * [* {th:controls,data-th-controls}] [1000]: org.thymeleaf.standard.processor.StandardConditionalFixedValueTagProcessor
[THYMELEAF]             * [* {th:autoplay,data-th-autoplay}] [1000]: org.thymeleaf.standard.processor.StandardConditionalFixedValueTagProcessor
[THYMELEAF]             * [* {th:async,data-th-async}] [1000]: org.thymeleaf.standard.processor.StandardConditionalFixedValueTagProcessor
[THYMELEAF]             * [* {th:checked,data-th-checked}] [1000]: org.thymeleaf.standard.processor.StandardConditionalFixedValueTagProcessor
[THYMELEAF]             * [* {th:defer,data-th-defer}] [1000]: org.thymeleaf.standard.processor.StandardConditionalFixedValueTagProcessor
[THYMELEAF]             * [* {th:pubdate,data-th-pubdate}] [1000]: org.thymeleaf.standard.processor.StandardConditionalFixedValueTagProcessor
[THYMELEAF]             * [* {th:open,data-th-open}] [1000]: org.thymeleaf.standard.processor.StandardConditionalFixedValueTagProcessor
[THYMELEAF]             * [* {th:novalidate,data-th-novalidate}] [1000]: org.thymeleaf.standard.processor.StandardConditionalFixedValueTagProcessor
[THYMELEAF]             * [* {th:readonly,data-th-readonly}] [1000]: org.thymeleaf.standard.processor.StandardConditionalFixedValueTagProcessor
[THYMELEAF]             * [* {th:scoped,data-th-scoped}] [1000]: org.thymeleaf.standard.processor.StandardConditionalFixedValueTagProcessor
[THYMELEAF]             * [* {th:formnovalidate,data-th-formnovalidate}] [1000]: org.thymeleaf.standard.processor.StandardConditionalFixedValueTagProcessor
[THYMELEAF]             * [* {th:required,data-th-required}] [1000]: org.thymeleaf.standard.processor.StandardConditionalFixedValueTagProcessor
[THYMELEAF]             * [* {th:ismap,data-th-ismap}] [1000]: org.thymeleaf.standard.processor.StandardConditionalFixedValueTagProcessor
[THYMELEAF]             * [* {th:autofocus,data-th-autofocus}] [1000]: org.thymeleaf.standard.processor.StandardConditionalFixedValueTagProcessor
[THYMELEAF]             * [* {th:default,data-th-default}] [1000]: org.thymeleaf.standard.processor.StandardConditionalFixedValueTagProcessor
[THYMELEAF]             * [* {th:seamless,data-th-seamless}] [1000]: org.thymeleaf.standard.processor.StandardConditionalFixedValueTagProcessor
[THYMELEAF]             * [* {th:reversed,data-th-reversed}] [1000]: org.thymeleaf.standard.processor.StandardConditionalFixedValueTagProcessor
[THYMELEAF]             * [* {th:declare,data-th-declare}] [1000]: org.thymeleaf.standard.processor.StandardConditionalFixedValueTagProcessor
[THYMELEAF]             * [* {th:onhashchange,data-th-onhashchange}] [1000]: org.thymeleaf.standard.processor.StandardDOMEventAttributeTagProcessor
[THYMELEAF]             * [* {th:onseeked,data-th-onseeked}] [1000]: org.thymeleaf.standard.processor.StandardDOMEventAttributeTagProcessor
[THYMELEAF]             * [* {th:onended,data-th-onended}] [1000]: org.thymeleaf.standard.processor.StandardDOMEventAttributeTagProcessor
[THYMELEAF]             * [* {th:onredo,data-th-onredo}] [1000]: org.thymeleaf.standard.processor.StandardDOMEventAttributeTagProcessor
[THYMELEAF]             * [* {th:onshow,data-th-onshow}] [1000]: org.thymeleaf.standard.processor.StandardDOMEventAttributeTagProcessor
[THYMELEAF]             * [* {th:onstorage,data-th-onstorage}] [1000]: org.thymeleaf.standard.processor.StandardDOMEventAttributeTagProcessor
[THYMELEAF]             * [* {th:onmouseout,data-th-onmouseout}] [1000]: org.thymeleaf.standard.processor.StandardDOMEventAttributeTagProcessor
[THYMELEAF]             * [* {th:onmousewheel,data-th-onmousewheel}] [1000]: org.thymeleaf.standard.processor.StandardDOMEventAttributeTagProcessor
[THYMELEAF]             * [* {th:onscroll,data-th-onscroll}] [1000]: org.thymeleaf.standard.processor.StandardDOMEventAttributeTagProcessor
[THYMELEAF]             * [* {th:onload,data-th-onload}] [1000]: org.thymeleaf.standard.processor.StandardDOMEventAttributeTagProcessor
[THYMELEAF]             * [* {th:onbeforeunload,data-th-onbeforeunload}] [1000]: org.thymeleaf.standard.processor.StandardDOMEventAttributeTagProcessor
[THYMELEAF]             * [* {th:onmouseup,data-th-onmouseup}] [1000]: org.thymeleaf.standard.processor.StandardDOMEventAttributeTagProcessor
[THYMELEAF]             * [* {th:onpopstate,data-th-onpopstate}] [1000]: org.thymeleaf.standard.processor.StandardDOMEventAttributeTagProcessor
[THYMELEAF]             * [* {th:onfocus,data-th-onfocus}] [1000]: org.thymeleaf.standard.processor.StandardDOMEventAttributeTagProcessor
[THYMELEAF]             * [* {th:onselect,data-th-onselect}] [1000]: org.thymeleaf.standard.processor.StandardDOMEventAttributeTagProcessor
[THYMELEAF]             * [* {th:onformchange,data-th-onformchange}] [1000]: org.thymeleaf.standard.processor.StandardDOMEventAttributeTagProcessor
[THYMELEAF]             * [* {th:onprogress,data-th-onprogress}] [1000]: org.thymeleaf.standard.processor.StandardDOMEventAttributeTagProcessor
[THYMELEAF]             * [* {th:onclick,data-th-onclick}] [1000]: org.thymeleaf.standard.processor.StandardDOMEventAttributeTagProcessor
[THYMELEAF]             * [* {th:ondrop,data-th-ondrop}] [1000]: org.thymeleaf.standard.processor.StandardDOMEventAttributeTagProcessor
[THYMELEAF]             * [* {th:ondragend,data-th-ondragend}] [1000]: org.thymeleaf.standard.processor.StandardDOMEventAttributeTagProcessor
[THYMELEAF]             * [* {th:onchange,data-th-onchange}] [1000]: org.thymeleaf.standard.processor.StandardDOMEventAttributeTagProcessor
[THYMELEAF]             * [* {th:onresize,data-th-onresize}] [1000]: org.thymeleaf.standard.processor.StandardDOMEventAttributeTagProcessor
[THYMELEAF]             * [* {th:onsubmit,data-th-onsubmit}] [1000]: org.thymeleaf.standard.processor.StandardDOMEventAttributeTagProcessor
[THYMELEAF]             * [* {th:onvolumechange,data-th-onvolumechange}] [1000]: org.thymeleaf.standard.processor.StandardDOMEventAttributeTagProcessor
[THYMELEAF]             * [* {th:onstalled,data-th-onstalled}] [1000]: org.thymeleaf.standard.processor.StandardDOMEventAttributeTagProcessor
[THYMELEAF]             * [* {th:onreset,data-th-onreset}] [1000]: org.thymeleaf.standard.processor.StandardDOMEventAttributeTagProcessor
[THYMELEAF]             * [* {th:onforminput,data-th-onforminput}] [1000]: org.thymeleaf.standard.processor.StandardDOMEventAttributeTagProcessor
[THYMELEAF]             * [* {th:oninput,data-th-oninput}] [1000]: org.thymeleaf.standard.processor.StandardDOMEventAttributeTagProcessor
[THYMELEAF]             * [* {th:onemptied,data-th-onemptied}] [1000]: org.thymeleaf.standard.processor.StandardDOMEventAttributeTagProcessor
[THYMELEAF]             * [* {th:ondragstart,data-th-ondragstart}] [1000]: org.thymeleaf.standard.processor.StandardDOMEventAttributeTagProcessor
[THYMELEAF]             * [* {th:ondragenter,data-th-ondragenter}] [1000]: org.thymeleaf.standard.processor.StandardDOMEventAttributeTagProcessor
[THYMELEAF]             * [* {th:onpause,data-th-onpause}] [1000]: org.thymeleaf.standard.processor.StandardDOMEventAttributeTagProcessor
[THYMELEAF]             * [* {th:onkeypress,data-th-onkeypress}] [1000]: org.thymeleaf.standard.processor.StandardDOMEventAttributeTagProcessor
[THYMELEAF]             * [* {th:ondrag,data-th-ondrag}] [1000]: org.thymeleaf.standard.processor.StandardDOMEventAttributeTagProcessor
[THYMELEAF]             * [* {th:onwaiting,data-th-onwaiting}] [1000]: org.thymeleaf.standard.processor.StandardDOMEventAttributeTagProcessor
[THYMELEAF]             * [* {th:onmouseover,data-th-onmouseover}] [1000]: org.thymeleaf.standard.processor.StandardDOMEventAttributeTagProcessor
[THYMELEAF]             * [* {th:oninvalid,data-th-oninvalid}] [1000]: org.thymeleaf.standard.processor.StandardDOMEventAttributeTagProcessor
[THYMELEAF]             * [* {th:ononline,data-th-ononline}] [1000]: org.thymeleaf.standard.processor.StandardDOMEventAttributeTagProcessor
[THYMELEAF]             * [* {th:onloadedmetadata,data-th-onloadedmetadata}] [1000]: org.thymeleaf.standard.processor.StandardDOMEventAttributeTagProcessor
[THYMELEAF]             * [* {th:onbeforeprint,data-th-onbeforeprint}] [1000]: org.thymeleaf.standard.processor.StandardDOMEventAttributeTagProcessor
[THYMELEAF]             * [* {th:ondragleave,data-th-ondragleave}] [1000]: org.thymeleaf.standard.processor.StandardDOMEventAttributeTagProcessor
[THYMELEAF]             * [* {th:onplaying,data-th-onplaying}] [1000]: org.thymeleaf.standard.processor.StandardDOMEventAttributeTagProcessor
[THYMELEAF]             * [* {th:oncontextmenu,data-th-oncontextmenu}] [1000]: org.thymeleaf.standard.processor.StandardDOMEventAttributeTagProcessor
[THYMELEAF]             * [* {th:onseeking,data-th-onseeking}] [1000]: org.thymeleaf.standard.processor.StandardDOMEventAttributeTagProcessor
[THYMELEAF]             * [* {th:onkeydown,data-th-onkeydown}] [1000]: org.thymeleaf.standard.processor.StandardDOMEventAttributeTagProcessor
[THYMELEAF]             * [* {th:ondragover,data-th-ondragover}] [1000]: org.thymeleaf.standard.processor.StandardDOMEventAttributeTagProcessor
[THYMELEAF]             * [* {th:onmousedown,data-th-onmousedown}] [1000]: org.thymeleaf.standard.processor.StandardDOMEventAttributeTagProcessor
[THYMELEAF]             * [* {th:onunload,data-th-onunload}] [1000]: org.thymeleaf.standard.processor.StandardDOMEventAttributeTagProcessor
[THYMELEAF]             * [* {th:onreadystatechange,data-th-onreadystatechange}] [1000]: org.thymeleaf.standard.processor.StandardDOMEventAttributeTagProcessor
[THYMELEAF]             * [* {th:onkeyup,data-th-onkeyup}] [1000]: org.thymeleaf.standard.processor.StandardDOMEventAttributeTagProcessor
[THYMELEAF]             * [* {th:oncanplaythrough,data-th-oncanplaythrough}] [1000]: org.thymeleaf.standard.processor.StandardDOMEventAttributeTagProcessor
[THYMELEAF]             * [* {th:onafterprint,data-th-onafterprint}] [1000]: org.thymeleaf.standard.processor.StandardDOMEventAttributeTagProcessor
[THYMELEAF]             * [* {th:onsuspend,data-th-onsuspend}] [1000]: org.thymeleaf.standard.processor.StandardDOMEventAttributeTagProcessor
[THYMELEAF]             * [* {th:onoffline,data-th-onoffline}] [1000]: org.thymeleaf.standard.processor.StandardDOMEventAttributeTagProcessor
[THYMELEAF]             * [* {th:onplay,data-th-onplay}] [1000]: org.thymeleaf.standard.processor.StandardDOMEventAttributeTagProcessor
[THYMELEAF]             * [* {th:ondurationchange,data-th-ondurationchange}] [1000]: org.thymeleaf.standard.processor.StandardDOMEventAttributeTagProcessor
[THYMELEAF]             * [* {th:onerror,data-th-onerror}] [1000]: org.thymeleaf.standard.processor.StandardDOMEventAttributeTagProcessor
[THYMELEAF]             * [* {th:onblur,data-th-onblur}] [1000]: org.thymeleaf.standard.processor.StandardDOMEventAttributeTagProcessor
[THYMELEAF]             * [* {th:onmousemove,data-th-onmousemove}] [1000]: org.thymeleaf.standard.processor.StandardDOMEventAttributeTagProcessor
[THYMELEAF]             * [* {th:ontimeupdate,data-th-ontimeupdate}] [1000]: org.thymeleaf.standard.processor.StandardDOMEventAttributeTagProcessor
[THYMELEAF]             * [* {th:oncanplay,data-th-oncanplay}] [1000]: org.thymeleaf.standard.processor.StandardDOMEventAttributeTagProcessor
[THYMELEAF]             * [* {th:ondblclick,data-th-ondblclick}] [1000]: org.thymeleaf.standard.processor.StandardDOMEventAttributeTagProcessor
[THYMELEAF]             * [* {th:onundo,data-th-onundo}] [1000]: org.thymeleaf.standard.processor.StandardDOMEventAttributeTagProcessor
[THYMELEAF]             * [* {th:onloadstart,data-th-onloadstart}] [1000]: org.thymeleaf.standard.processor.StandardDOMEventAttributeTagProcessor
[THYMELEAF]             * [* {th:onmessage,data-th-onmessage}] [1000]: org.thymeleaf.standard.processor.StandardDOMEventAttributeTagProcessor
[THYMELEAF]             * [* {th:onloadeddata,data-th-onloadeddata}] [1000]: org.thymeleaf.standard.processor.StandardDOMEventAttributeTagProcessor
[THYMELEAF]             * [* {th:onabort,data-th-onabort}] [1000]: org.thymeleaf.standard.processor.StandardDOMEventAttributeTagProcessor
[THYMELEAF]             * [* {th:onratechange,data-th-onratechange}] [1000]: org.thymeleaf.standard.processor.StandardDOMEventAttributeTagProcessor
[THYMELEAF]             * [* {th:href,data-th-href}] [1000]: org.thymeleaf.standard.processor.StandardHrefTagProcessor
[THYMELEAF]             * [* {th:inline,data-th-inline}] [1000]: org.thymeleaf.standard.processor.StandardInlineHTMLTagProcessor
[THYMELEAF]             * [* {th:method,data-th-method}] [1000]: org.thymeleaf.standard.processor.StandardMethodTagProcessor
[THYMELEAF]             * [* {th:type,data-th-type}] [1000]: org.thymeleaf.standard.processor.StandardNonRemovableAttributeTagProcessor
[THYMELEAF]             * [* {th:name,data-th-name}] [1000]: org.thymeleaf.standard.processor.StandardNonRemovableAttributeTagProcessor
[THYMELEAF]             * [* {th:style,data-th-style}] [1000]: org.thymeleaf.standard.processor.StandardRemovableAttributeTagProcessor
[THYMELEAF]             * [* {th:hreflang,data-th-hreflang}] [1000]: org.thymeleaf.standard.processor.StandardRemovableAttributeTagProcessor
[THYMELEAF]             * [* {th:archive,data-th-archive}] [1000]: org.thymeleaf.standard.processor.StandardRemovableAttributeTagProcessor
[THYMELEAF]             * [* {th:challenge,data-th-challenge}] [1000]: org.thymeleaf.standard.processor.StandardRemovableAttributeTagProcessor
[THYMELEAF]             * [* {th:form,data-th-form}] [1000]: org.thymeleaf.standard.processor.StandardRemovableAttributeTagProcessor
[THYMELEAF]             * [* {th:valuetype,data-th-valuetype}] [1000]: org.thymeleaf.standard.processor.StandardRemovableAttributeTagProcessor
[THYMELEAF]             * [* {th:high,data-th-high}] [1000]: org.thymeleaf.standard.processor.StandardRemovableAttributeTagProcessor
[THYMELEAF]             * [* {th:size,data-th-size}] [1000]: org.thymeleaf.standard.processor.StandardRemovableAttributeTagProcessor
[THYMELEAF]             * [* {th:codebase,data-th-codebase}] [1000]: org.thymeleaf.standard.processor.StandardRemovableAttributeTagProcessor
[THYMELEAF]             * [* {th:frame,data-th-frame}] [1000]: org.thymeleaf.standard.processor.StandardRemovableAttributeTagProcessor
[THYMELEAF]             * [* {th:enctype,data-th-enctype}] [1000]: org.thymeleaf.standard.processor.StandardRemovableAttributeTagProcessor
[THYMELEAF]             * [* {th:step,data-th-step}] [1000]: org.thymeleaf.standard.processor.StandardRemovableAttributeTagProcessor
[THYMELEAF]             * [* {th:rowspan,data-th-rowspan}] [1000]: org.thymeleaf.standard.processor.StandardRemovableAttributeTagProcessor
[THYMELEAF]             * [* {th:radiogroup,data-th-radiogroup}] [1000]: org.thymeleaf.standard.processor.StandardRemovableAttributeTagProcessor
[THYMELEAF]             * [* {th:target,data-th-target}] [1000]: org.thymeleaf.standard.processor.StandardRemovableAttributeTagProcessor
[THYMELEAF]             * [* {th:low,data-th-low}] [1000]: org.thymeleaf.standard.processor.StandardRemovableAttributeTagProcessor
[THYMELEAF]             * [* {th:accesskey,data-th-accesskey}] [1000]: org.thymeleaf.standard.processor.StandardRemovableAttributeTagProcessor
[THYMELEAF]             * [* {th:label,data-th-label}] [1000]: org.thymeleaf.standard.processor.StandardRemovableAttributeTagProcessor
[THYMELEAF]             * [* {th:content,data-th-content}] [1000]: org.thymeleaf.standard.processor.StandardRemovableAttributeTagProcessor
[THYMELEAF]             * [* {th:marginwidth,data-th-marginwidth}] [1000]: org.thymeleaf.standard.processor.StandardRemovableAttributeTagProcessor
[THYMELEAF]             * [* {th:http-equiv,data-th-http-equiv}] [1000]: org.thymeleaf.standard.processor.StandardRemovableAttributeTagProcessor
[THYMELEAF]             * [* {th:wrap,data-th-wrap}] [1000]: org.thymeleaf.standard.processor.StandardRemovableAttributeTagProcessor
[THYMELEAF]             * [* {th:media,data-th-media}] [1000]: org.thymeleaf.standard.processor.StandardRemovableAttributeTagProcessor
[THYMELEAF]             * [* {th:border,data-th-border}] [1000]: org.thymeleaf.standard.processor.StandardRemovableAttributeTagProcessor
[THYMELEAF]             * [* {th:preload,data-th-preload}] [1000]: org.thymeleaf.standard.processor.StandardRemovableAttributeTagProcessor
[THYMELEAF]             * [* {th:cellpadding,data-th-cellpadding}] [1000]: org.thymeleaf.standard.processor.StandardRemovableAttributeTagProcessor
[THYMELEAF]             * [* {th:tabindex,data-th-tabindex}] [1000]: org.thymeleaf.standard.processor.StandardRemovableAttributeTagProcessor
[THYMELEAF]             * [* {th:marginheight,data-th-marginheight}] [1000]: org.thymeleaf.standard.processor.StandardRemovableAttributeTagProcessor
[THYMELEAF]             * [* {th:alt,data-th-alt}] [1000]: org.thymeleaf.standard.processor.StandardRemovableAttributeTagProcessor
[THYMELEAF]             * [* {th:classid,data-th-classid}] [1000]: org.thymeleaf.standard.processor.StandardRemovableAttributeTagProcessor
[THYMELEAF]             * [* {th:lang,data-th-lang}] [1000]: org.thymeleaf.standard.processor.StandardRemovableAttributeTagProcessor
[THYMELEAF]             * [* {th:axis,data-th-axis}] [1000]: org.thymeleaf.standard.processor.StandardRemovableAttributeTagProcessor
[THYMELEAF]             * [* {th:longdesc,data-th-longdesc}] [1000]: org.thymeleaf.standard.processor.StandardRemovableAttributeTagProcessor
[THYMELEAF]             * [* {th:dropzone,data-th-dropzone}] [1000]: org.thymeleaf.standard.processor.StandardRemovableAttributeTagProcessor
[THYMELEAF]             * [* {th:scheme,data-th-scheme}] [1000]: org.thymeleaf.standard.processor.StandardRemovableAttributeTagProcessor
[THYMELEAF]             * [* {th:list,data-th-list}] [1000]: org.thymeleaf.standard.processor.StandardRemovableAttributeTagProcessor
[THYMELEAF]             * [* {th:formmethod,data-th-formmethod}] [1000]: org.thymeleaf.standard.processor.StandardRemovableAttributeTagProcessor
[THYMELEAF]             * [* {th:max,data-th-max}] [1000]: org.thymeleaf.standard.processor.StandardRemovableAttributeTagProcessor
[THYMELEAF]             * [* {th:align,data-th-align}] [1000]: org.thymeleaf.standard.processor.StandardRemovableAttributeTagProcessor
[THYMELEAF]             * [* {th:height,data-th-height}] [1000]: org.thymeleaf.standard.processor.StandardRemovableAttributeTagProcessor
[THYMELEAF]             * [* {th:data,data-th-data}] [1000]: org.thymeleaf.standard.processor.StandardRemovableAttributeTagProcessor
[THYMELEAF]             * [* {th:cellspacing,data-th-cellspacing}] [1000]: org.thymeleaf.standard.processor.StandardRemovableAttributeTagProcessor
[THYMELEAF]             * [* {th:hspace,data-th-hspace}] [1000]: org.thymeleaf.standard.processor.StandardRemovableAttributeTagProcessor
[THYMELEAF]             * [* {th:min,data-th-min}] [1000]: org.thymeleaf.standard.processor.StandardRemovableAttributeTagProcessor
[THYMELEAF]             * [* {th:kind,data-th-kind}] [1000]: org.thymeleaf.standard.processor.StandardRemovableAttributeTagProcessor
[THYMELEAF]             * [* {th:pattern,data-th-pattern}] [1000]: org.thymeleaf.standard.processor.StandardRemovableAttributeTagProcessor
[THYMELEAF]             * [* {th:for,data-th-for}] [1000]: org.thymeleaf.standard.processor.StandardRemovableAttributeTagProcessor
[THYMELEAF]             * [* {th:manifest,data-th-manifest}] [1000]: org.thymeleaf.standard.processor.StandardRemovableAttributeTagProcessor
[THYMELEAF]             * [* {th:optimum,data-th-optimum}] [1000]: org.thymeleaf.standard.processor.StandardRemovableAttributeTagProcessor
[THYMELEAF]             * [* {th:sizes,data-th-sizes}] [1000]: org.thymeleaf.standard.processor.StandardRemovableAttributeTagProcessor
[THYMELEAF]             * [* {th:class,data-th-class}] [1000]: org.thymeleaf.standard.processor.StandardRemovableAttributeTagProcessor
[THYMELEAF]             * [* {th:background,data-th-background}] [1000]: org.thymeleaf.standard.processor.StandardRemovableAttributeTagProcessor
[THYMELEAF]             * [* {th:formtarget,data-th-formtarget}] [1000]: org.thymeleaf.standard.processor.StandardRemovableAttributeTagProcessor
[THYMELEAF]             * [* {th:formenctype,data-th-formenctype}] [1000]: org.thymeleaf.standard.processor.StandardRemovableAttributeTagProcessor
[THYMELEAF]             * [* {th:formaction,data-th-formaction}] [1000]: org.thymeleaf.standard.processor.StandardRemovableAttributeTagProcessor
[THYMELEAF]             * [* {th:id,data-th-id}] [1000]: org.thymeleaf.standard.processor.StandardRemovableAttributeTagProcessor
[THYMELEAF]             * [* {th:poster,data-th-poster}] [1000]: org.thymeleaf.standard.processor.StandardRemovableAttributeTagProcessor
[THYMELEAF]             * [* {th:colspan,data-th-colspan}] [1000]: org.thymeleaf.standard.processor.StandardRemovableAttributeTagProcessor
[THYMELEAF]             * [* {th:summary,data-th-summary}] [1000]: org.thymeleaf.standard.processor.StandardRemovableAttributeTagProcessor
[THYMELEAF]             * [* {th:contextmenu,data-th-contextmenu}] [1000]: org.thymeleaf.standard.processor.StandardRemovableAttributeTagProcessor
[THYMELEAF]             * [* {th:datetime,data-th-datetime}] [1000]: org.thymeleaf.standard.processor.StandardRemovableAttributeTagProcessor
[THYMELEAF]             * [* {th:contenteditable,data-th-contenteditable}] [1000]: org.thymeleaf.standard.processor.StandardRemovableAttributeTagProcessor
[THYMELEAF]             * [* {th:cols,data-th-cols}] [1000]: org.thymeleaf.standard.processor.StandardRemovableAttributeTagProcessor
[THYMELEAF]             * [* {th:cite,data-th-cite}] [1000]: org.thymeleaf.standard.processor.StandardRemovableAttributeTagProcessor
[THYMELEAF]             * [* {th:codetype,data-th-codetype}] [1000]: org.thymeleaf.standard.processor.StandardRemovableAttributeTagProcessor
[THYMELEAF]             * [* {th:frameborder,data-th-frameborder}] [1000]: org.thymeleaf.standard.processor.StandardRemovableAttributeTagProcessor
[THYMELEAF]             * [* {th:start,data-th-start}] [1000]: org.thymeleaf.standard.processor.StandardRemovableAttributeTagProcessor
[THYMELEAF]             * [* {th:accept-charset,data-th-accept-charset}] [1000]: org.thymeleaf.standard.processor.StandardRemovableAttributeTagProcessor
[THYMELEAF]             * [* {th:sandbox,data-th-sandbox}] [1000]: org.thymeleaf.standard.processor.StandardRemovableAttributeTagProcessor
[THYMELEAF]             * [* {th:autocomplete,data-th-autocomplete}] [1000]: org.thymeleaf.standard.processor.StandardRemovableAttributeTagProcessor
[THYMELEAF]             * [* {th:charset,data-th-charset}] [1000]: org.thymeleaf.standard.processor.StandardRemovableAttributeTagProcessor
[THYMELEAF]             * [* {th:standby,data-th-standby}] [1000]: org.thymeleaf.standard.processor.StandardRemovableAttributeTagProcessor
[THYMELEAF]             * [* {th:usemap,data-th-usemap}] [1000]: org.thymeleaf.standard.processor.StandardRemovableAttributeTagProcessor
[THYMELEAF]             * [* {th:spellcheck,data-th-spellcheck}] [1000]: org.thymeleaf.standard.processor.StandardRemovableAttributeTagProcessor
[THYMELEAF]             * [* {th:maxlength,data-th-maxlength}] [1000]: org.thymeleaf.standard.processor.StandardRemovableAttributeTagProcessor
[THYMELEAF]             * [* {th:title,data-th-title}] [1000]: org.thymeleaf.standard.processor.StandardRemovableAttributeTagProcessor
[THYMELEAF]             * [* {th:scope,data-th-scope}] [1000]: org.thymeleaf.standard.processor.StandardRemovableAttributeTagProcessor
[THYMELEAF]             * [* {th:bgcolor,data-th-bgcolor}] [1000]: org.thymeleaf.standard.processor.StandardRemovableAttributeTagProcessor
[THYMELEAF]             * [* {th:vspace,data-th-vspace}] [1000]: org.thymeleaf.standard.processor.StandardRemovableAttributeTagProcessor
[THYMELEAF]             * [* {th:headers,data-th-headers}] [1000]: org.thymeleaf.standard.processor.StandardRemovableAttributeTagProcessor
[THYMELEAF]             * [* {th:keytype,data-th-keytype}] [1000]: org.thymeleaf.standard.processor.StandardRemovableAttributeTagProcessor
[THYMELEAF]             * [* {th:draggable,data-th-draggable}] [1000]: org.thymeleaf.standard.processor.StandardRemovableAttributeTagProcessor
[THYMELEAF]             * [* {th:srclang,data-th-srclang}] [1000]: org.thymeleaf.standard.processor.StandardRemovableAttributeTagProcessor
[THYMELEAF]             * [* {th:dir,data-th-dir}] [1000]: org.thymeleaf.standard.processor.StandardRemovableAttributeTagProcessor
[THYMELEAF]             * [* {th:placeholder,data-th-placeholder}] [1000]: org.thymeleaf.standard.processor.StandardRemovableAttributeTagProcessor
[THYMELEAF]             * [* {th:abbr,data-th-abbr}] [1000]: org.thymeleaf.standard.processor.StandardRemovableAttributeTagProcessor
[THYMELEAF]             * [* {th:accept,data-th-accept}] [1000]: org.thymeleaf.standard.processor.StandardRemovableAttributeTagProcessor
[THYMELEAF]             * [* {th:audio,data-th-audio}] [1000]: org.thymeleaf.standard.processor.StandardRemovableAttributeTagProcessor
[THYMELEAF]             * [* {th:scrolling,data-th-scrolling}] [1000]: org.thymeleaf.standard.processor.StandardRemovableAttributeTagProcessor
[THYMELEAF]             * [* {th:width,data-th-width}] [1000]: org.thymeleaf.standard.processor.StandardRemovableAttributeTagProcessor
[THYMELEAF]             * [* {th:icon,data-th-icon}] [1000]: org.thymeleaf.standard.processor.StandardRemovableAttributeTagProcessor
[THYMELEAF]             * [* {th:rel,data-th-rel}] [1000]: org.thymeleaf.standard.processor.StandardRemovableAttributeTagProcessor
[THYMELEAF]             * [* {th:rules,data-th-rules}] [1000]: org.thymeleaf.standard.processor.StandardRemovableAttributeTagProcessor
[THYMELEAF]             * [* {th:compact,data-th-compact}] [1000]: org.thymeleaf.standard.processor.StandardRemovableAttributeTagProcessor
[THYMELEAF]             * [* {th:rev,data-th-rev}] [1000]: org.thymeleaf.standard.processor.StandardRemovableAttributeTagProcessor
[THYMELEAF]             * [* {th:span,data-th-span}] [1000]: org.thymeleaf.standard.processor.StandardRemovableAttributeTagProcessor
[THYMELEAF]             * [* {th:rows,data-th-rows}] [1000]: org.thymeleaf.standard.processor.StandardRemovableAttributeTagProcessor
[THYMELEAF]             * [* {th:src,data-th-src}] [1000]: org.thymeleaf.standard.processor.StandardSrcTagProcessor
[THYMELEAF]             * [* {th:value,data-th-value}] [1000]: org.thymeleaf.standard.processor.StandardValueTagProcessor
[THYMELEAF]             * [* {th:xmlbase,data-th-xmlbase}] [1000]: org.thymeleaf.standard.processor.StandardXmlBaseTagProcessor
[THYMELEAF]             * [* {th:xmllang,data-th-xmllang}] [1000]: org.thymeleaf.standard.processor.StandardXmlLangTagProcessor
[THYMELEAF]             * [* {xmlns:th}] [1000]: org.thymeleaf.standard.processor.StandardXmlNsTagProcessor
[THYMELEAF]             * [* {th:xmlspace,data-th-xmlspace}] [1000]: org.thymeleaf.standard.processor.StandardXmlSpaceTagProcessor
[THYMELEAF]             * [* {th:classappend,data-th-classappend}] [1100]: org.thymeleaf.standard.processor.StandardClassappendTagProcessor
[THYMELEAF]             * [* {th:styleappend,data-th-styleappend}] [1100]: org.thymeleaf.standard.processor.StandardStyleappendTagProcessor
[THYMELEAF]             * [* {th:text,data-th-text}] [1300]: org.thymeleaf.standard.processor.StandardTextTagProcessor
[THYMELEAF]             * [* {th:utext,data-th-utext}] [1400]: org.thymeleaf.standard.processor.StandardUtextTagProcessor
[THYMELEAF]             * [* {th:fragment,data-th-fragment}] [1500]: org.thymeleaf.standard.processor.StandardFragmentTagProcessor
[THYMELEAF]             * [* {th:assert,data-th-assert}] [1550]: org.thymeleaf.standard.processor.StandardAssertTagProcessor
[THYMELEAF]             * [* {th:remove,data-th-remove}] [1600]: org.thymeleaf.standard.processor.StandardRemoveTagProcessor
[THYMELEAF]             * [* {th:ref,data-th-ref}] [10000]: org.thymeleaf.standard.processor.StandardRefAttributeTagProcessor
[THYMELEAF]             * [{th:block,th-block} *] [100000]: org.thymeleaf.standard.processor.StandardBlockTagProcessor
[THYMELEAF]             * [* th:*] [2147483647]: org.thymeleaf.standard.processor.StandardDefaultAttributesTagProcessor
[THYMELEAF]         * Text Processors by [precedence]:
[THYMELEAF]             * [1000]: org.thymeleaf.standard.processor.StandardInliningTextProcessor
[THYMELEAF]         * DOCTYPE Processors by [precedence]:
[THYMELEAF]             * [1000]: org.thymeleaf.standard.processor.StandardTranslationDocTypeProcessor
[THYMELEAF]         * CDATA Section Processors by [precedence]:
[THYMELEAF]             * [1000]: org.thymeleaf.standard.processor.StandardInliningCDATASectionProcessor
[THYMELEAF]         * Comment Processors by [precedence]:
[THYMELEAF]             * [1000]: org.thymeleaf.standard.processor.StandardInliningCommentProcessor
[THYMELEAF]             * [1100]: org.thymeleaf.standard.processor.StandardConditionalCommentProcessor
[THYMELEAF]     * Processors for Template Mode: XML
[THYMELEAF]         * Element Tag Processors by [matching element and attribute name] [precedence]:
[THYMELEAF]             * [* {th:include}] [100]: org.thymeleaf.standard.processor.StandardIncludeTagProcessor
[THYMELEAF]             * [* {th:insert}] [100]: org.thymeleaf.standard.processor.StandardInsertTagProcessor
[THYMELEAF]             * [* {th:replace}] [100]: org.thymeleaf.standard.processor.StandardReplaceTagProcessor
[THYMELEAF]             * [* {th:each}] [200]: com.intuit.karate.template.KarateEachTagProcessor
[THYMELEAF]             * [* {th:switch}] [250]: org.thymeleaf.standard.processor.StandardSwitchTagProcessor
[THYMELEAF]             * [* {th:case}] [275]: org.thymeleaf.standard.processor.StandardCaseTagProcessor
[THYMELEAF]             * [* {th:if}] [300]: org.thymeleaf.standard.processor.StandardIfTagProcessor
[THYMELEAF]             * [* {th:unless}] [400]: org.thymeleaf.standard.processor.StandardUnlessTagProcessor
[THYMELEAF]             * [* {th:object}] [500]: org.thymeleaf.standard.processor.StandardObjectTagProcessor
[THYMELEAF]             * [* {th:with}] [600]: com.intuit.karate.template.KarateWithTagProcessor
[THYMELEAF]             * [* {th:attr}] [700]: com.intuit.karate.template.KarateAttributeTagProcessor.KarateAttrTagProcessor
[THYMELEAF]             * [* {th:attrappend}] [900]: com.intuit.karate.template.KarateAttributeTagProcessor.KarateAttrappendTagProcessor
[THYMELEAF]             * [* {th:attrprepend}] [900]: com.intuit.karate.template.KarateAttributeTagProcessor.KarateAttrprependTagProcessor
[THYMELEAF]             * [* {th:inline}] [1000]: org.thymeleaf.standard.processor.StandardInlineXMLTagProcessor
[THYMELEAF]             * [* {xmlns:th}] [1000]: org.thymeleaf.standard.processor.StandardXmlNsTagProcessor
[THYMELEAF]             * [* {th:text}] [1300]: org.thymeleaf.standard.processor.StandardTextTagProcessor
[THYMELEAF]             * [* {th:utext}] [1400]: org.thymeleaf.standard.processor.StandardUtextTagProcessor
[THYMELEAF]             * [* {th:fragment}] [1500]: org.thymeleaf.standard.processor.StandardFragmentTagProcessor
[THYMELEAF]             * [* {th:assert}] [1550]: org.thymeleaf.standard.processor.StandardAssertTagProcessor
[THYMELEAF]             * [* {th:remove}] [1600]: org.thymeleaf.standard.processor.StandardRemoveTagProcessor
[THYMELEAF]             * [* {th:ref}] [10000]: org.thymeleaf.standard.processor.StandardRefAttributeTagProcessor
[THYMELEAF]             * [{th:block} *] [100000]: org.thymeleaf.standard.processor.StandardBlockTagProcessor
[THYMELEAF]             * [* th:*] [2147483647]: org.thymeleaf.standard.processor.StandardDefaultAttributesTagProcessor
[THYMELEAF]         * Text Processors by [precedence]:
[THYMELEAF]             * [1000]: org.thymeleaf.standard.processor.StandardInliningTextProcessor
[THYMELEAF]         * CDATA Section Processors by [precedence]:
[THYMELEAF]             * [1000]: org.thymeleaf.standard.processor.StandardInliningCDATASectionProcessor
[THYMELEAF]         * Comment Processors by [precedence]:
[THYMELEAF]             * [1000]: org.thymeleaf.standard.processor.StandardInliningCommentProcessor
[THYMELEAF]     * Processors for Template Mode: TEXT
[THYMELEAF]         * Element Tag Processors by [matching element and attribute name] [precedence]:
[THYMELEAF]             * [* {th:insert}] [100]: org.thymeleaf.standard.processor.StandardInsertTagProcessor
[THYMELEAF]             * [* {th:replace}] [100]: org.thymeleaf.standard.processor.StandardReplaceTagProcessor
[THYMELEAF]             * [* {th:each}] [200]: com.intuit.karate.template.KarateEachTagProcessor
[THYMELEAF]             * [* {th:switch}] [250]: org.thymeleaf.standard.processor.StandardSwitchTagProcessor
[THYMELEAF]             * [* {th:case}] [275]: org.thymeleaf.standard.processor.StandardCaseTagProcessor
[THYMELEAF]             * [* {th:if}] [300]: org.thymeleaf.standard.processor.StandardIfTagProcessor
[THYMELEAF]             * [* {th:unless}] [400]: org.thymeleaf.standard.processor.StandardUnlessTagProcessor
[THYMELEAF]             * [* {th:object}] [500]: org.thymeleaf.standard.processor.StandardObjectTagProcessor
[THYMELEAF]             * [* {th:with}] [600]: com.intuit.karate.template.KarateWithTagProcessor
[THYMELEAF]             * [* {th:inline}] [1000]: org.thymeleaf.standard.processor.StandardInlineTextualTagProcessor
[THYMELEAF]             * [* {th:text}] [1300]: org.thymeleaf.standard.processor.StandardTextTagProcessor
[THYMELEAF]             * [* {th:utext}] [1400]: org.thymeleaf.standard.processor.StandardUtextTagProcessor
[THYMELEAF]             * [* {th:assert}] [1550]: org.thymeleaf.standard.processor.StandardAssertTagProcessor
[THYMELEAF]             * [* {th:remove}] [1600]: org.thymeleaf.standard.processor.StandardRemoveTagProcessor
[THYMELEAF]             * [{th:block} *] [100000]: org.thymeleaf.standard.processor.StandardBlockTagProcessor
[THYMELEAF]             * [* 100000] [org.thymeleaf.standard.processor.StandardBlockTagProcessor]: {}
[THYMELEAF]         * Text Processors by [precedence]:
[THYMELEAF]             * [1000]: org.thymeleaf.standard.processor.StandardInliningTextProcessor
[THYMELEAF]     * Processors for Template Mode: JAVASCRIPT
[THYMELEAF]         * Element Tag Processors by [matching element and attribute name] [precedence]:
[THYMELEAF]             * [* {th:insert}] [100]: org.thymeleaf.standard.processor.StandardInsertTagProcessor
[THYMELEAF]             * [* {th:replace}] [100]: org.thymeleaf.standard.processor.StandardReplaceTagProcessor
[THYMELEAF]             * [* {th:each}] [200]: com.intuit.karate.template.KarateEachTagProcessor
[THYMELEAF]             * [* {th:switch}] [250]: org.thymeleaf.standard.processor.StandardSwitchTagProcessor
[THYMELEAF]             * [* {th:case}] [275]: org.thymeleaf.standard.processor.StandardCaseTagProcessor
[THYMELEAF]             * [* {th:if}] [300]: org.thymeleaf.standard.processor.StandardIfTagProcessor
[THYMELEAF]             * [* {th:unless}] [400]: org.thymeleaf.standard.processor.StandardUnlessTagProcessor
[THYMELEAF]             * [* {th:object}] [500]: org.thymeleaf.standard.processor.StandardObjectTagProcessor
[THYMELEAF]             * [* {th:with}] [600]: com.intuit.karate.template.KarateWithTagProcessor
[THYMELEAF]             * [* {th:inline}] [1000]: org.thymeleaf.standard.processor.StandardInlineTextualTagProcessor
[THYMELEAF]             * [* {th:text}] [1300]: org.thymeleaf.standard.processor.StandardTextTagProcessor
[THYMELEAF]             * [* {th:utext}] [1400]: org.thymeleaf.standard.processor.StandardUtextTagProcessor
[THYMELEAF]             * [* {th:assert}] [1550]: org.thymeleaf.standard.processor.StandardAssertTagProcessor
[THYMELEAF]             * [* {th:remove}] [1600]: org.thymeleaf.standard.processor.StandardRemoveTagProcessor
[THYMELEAF]             * [{th:block} *] [100000]: org.thymeleaf.standard.processor.StandardBlockTagProcessor
[THYMELEAF]             * [* 100000] [org.thymeleaf.standard.processor.StandardBlockTagProcessor]: {}
[THYMELEAF]         * Text Processors by [precedence]:
[THYMELEAF]             * [1000]: org.thymeleaf.standard.processor.StandardInliningTextProcessor
[THYMELEAF]     * Processors for Template Mode: CSS
[THYMELEAF]         * Element Tag Processors by [matching element and attribute name] [precedence]:
[THYMELEAF]             * [* {th:insert}] [100]: org.thymeleaf.standard.processor.StandardInsertTagProcessor
[THYMELEAF]             * [* {th:replace}] [100]: org.thymeleaf.standard.processor.StandardReplaceTagProcessor
[THYMELEAF]             * [* {th:each}] [200]: com.intuit.karate.template.KarateEachTagProcessor
[THYMELEAF]             * [* {th:switch}] [250]: org.thymeleaf.standard.processor.StandardSwitchTagProcessor
[THYMELEAF]             * [* {th:case}] [275]: org.thymeleaf.standard.processor.StandardCaseTagProcessor
[THYMELEAF]             * [* {th:if}] [300]: org.thymeleaf.standard.processor.StandardIfTagProcessor
[THYMELEAF]             * [* {th:unless}] [400]: org.thymeleaf.standard.processor.StandardUnlessTagProcessor
[THYMELEAF]             * [* {th:object}] [500]: org.thymeleaf.standard.processor.StandardObjectTagProcessor
[THYMELEAF]             * [* {th:with}] [600]: com.intuit.karate.template.KarateWithTagProcessor
[THYMELEAF]             * [* {th:inline}] [1000]: org.thymeleaf.standard.processor.StandardInlineTextualTagProcessor
[THYMELEAF]             * [* {th:text}] [1300]: org.thymeleaf.standard.processor.StandardTextTagProcessor
[THYMELEAF]             * [* {th:utext}] [1400]: org.thymeleaf.standard.processor.StandardUtextTagProcessor
[THYMELEAF]             * [* {th:assert}] [1550]: org.thymeleaf.standard.processor.StandardAssertTagProcessor
[THYMELEAF]             * [* {th:remove}] [1600]: org.thymeleaf.standard.processor.StandardRemoveTagProcessor
[THYMELEAF]             * [{th:block} *] [100000]: org.thymeleaf.standard.processor.StandardBlockTagProcessor
[THYMELEAF]             * [* 100000] [org.thymeleaf.standard.processor.StandardBlockTagProcessor]: {}
[THYMELEAF]         * Text Processors by [precedence]:
[THYMELEAF]             * [1000]: org.thymeleaf.standard.processor.StandardInliningTextProcessor
[THYMELEAF]     * Expression Objects:
[THYMELEAF]         * #ctx
[THYMELEAF]         * #root
[THYMELEAF]         * #vars
[THYMELEAF]         * #object
[THYMELEAF]         * #locale
[THYMELEAF]         * #conversions
[THYMELEAF]         * #uris
[THYMELEAF]         * #temporals
[THYMELEAF]         * #calendars
[THYMELEAF]         * #dates
[THYMELEAF]         * #bools
[THYMELEAF]         * #numbers
[THYMELEAF]         * #objects
[THYMELEAF]         * #strings
[THYMELEAF]         * #arrays
[THYMELEAF]         * #lists
[THYMELEAF]         * #sets
[THYMELEAF]         * #maps
[THYMELEAF]         * #aggregates
[THYMELEAF]         * #messages
[THYMELEAF]         * #ids
[THYMELEAF]         * #execInfo
[THYMELEAF]         * #request
[THYMELEAF]         * #response
[THYMELEAF]         * #session
[THYMELEAF]         * #servletContext
[THYMELEAF]     * Execution Attributes:
[THYMELEAF]         * "StandardExpressionParser": com.intuit.karate.template.KarateStandardDialect@76b305e1
[THYMELEAF]         * "StandardJavaScriptSerializer": org.thymeleaf.standard.serializer.StandardJavaScriptSerializer@3e98b933
[THYMELEAF]         * "StandardCSSSerializer": org.thymeleaf.standard.serializer.StandardCSSSerializer@222d9d4f
[THYMELEAF]         * "StandardVariableExpressionEvaluator": com.intuit.karate.template.KarateStandardDialect@76b305e1
[THYMELEAF]         * "StandardConversionService": org.thymeleaf.standard.expression.StandardConversionService@4269aad7
[THYMELEAF] * Dialect [2 of 2]: karate (com.intuit.karate.template.KarateScriptDialect)
[THYMELEAF]     * Prefix: "ka"
[THYMELEAF]     * Processors for Template Mode: HTML
[THYMELEAF]         * Element Tag Processors by [matching element and attribute name] [precedence]:
[THYMELEAF]             * [* {src}] [1000]: com.intuit.karate.template.KaScriptAttrProcessor
[THYMELEAF]         * Element Model Processors by [matching element and attribute name] [precedence]:
[THYMELEAF]             * [{script} {ka:scope,data-ka-scope}] [1000]: com.intuit.karate.template.KaScriptElemProcessor
[THYMELEAF]             * [* {ka:set,data-ka-set}] [1000]: com.intuit.karate.template.KaSetElemProcessor
[THYMELEAF] TEMPLATE ENGINE CONFIGURED OK
18:09:13.301 [main] DEBUG org.thymeleaf.TemplateEngine -- [THYMELEAF] TEMPLATE ENGINE INITIALIZED
18:09:13.315 [main] DEBUG org.thymeleaf.TemplateEngine -- [THYMELEAF] INITIALIZING TEMPLATE ENGINE
18:09:13.355 [main] DEBUG org.thymeleaf.TemplateEngine.CONFIG -- Initializing Thymeleaf Template engine configuration...
[THYMELEAF] TEMPLATE ENGINE CONFIGURATION:
[THYMELEAF] * Thymeleaf version: 3.1.2.RELEASE (built 2023-07-30T19:25:50+0000)
[THYMELEAF] * Cache Manager implementation: org.thymeleaf.cache.StandardCacheManager
[THYMELEAF] * Template resolvers:
[THYMELEAF]     * [1] com.intuit.karate.template.ResourceHtmlTemplateResolver
[THYMELEAF] * Message resolvers:
[THYMELEAF]     * org.thymeleaf.messageresolver.StandardMessageResolver
[THYMELEAF] * Link builders:
[THYMELEAF]     * org.thymeleaf.linkbuilder.StandardLinkBuilder
[THYMELEAF] * Dialect [1 of 2]: Standard (com.intuit.karate.template.KarateStandardDialect)
[THYMELEAF]     * Prefix: "th"
[THYMELEAF]     * Processors for Template Mode: HTML
[THYMELEAF]         * Element Tag Processors by [matching element and attribute name] [precedence]:
[THYMELEAF]             * [* {th:include,data-th-include}] [100]: org.thymeleaf.standard.processor.StandardIncludeTagProcessor
[THYMELEAF]             * [* {th:insert,data-th-insert}] [100]: org.thymeleaf.standard.processor.StandardInsertTagProcessor
[THYMELEAF]             * [* {th:replace,data-th-replace}] [100]: org.thymeleaf.standard.processor.StandardReplaceTagProcessor
[THYMELEAF]             * [* {th:each,data-th-each}] [200]: com.intuit.karate.template.KarateEachTagProcessor
[THYMELEAF]             * [* {th:switch,data-th-switch}] [250]: org.thymeleaf.standard.processor.StandardSwitchTagProcessor
[THYMELEAF]             * [* {th:case,data-th-case}] [275]: org.thymeleaf.standard.processor.StandardCaseTagProcessor
[THYMELEAF]             * [* {th:if,data-th-if}] [300]: org.thymeleaf.standard.processor.StandardIfTagProcessor
[THYMELEAF]             * [* {th:unless,data-th-unless}] [400]: org.thymeleaf.standard.processor.StandardUnlessTagProcessor
[THYMELEAF]             * [* {th:object,data-th-object}] [500]: org.thymeleaf.standard.processor.StandardObjectTagProcessor
[THYMELEAF]             * [* {th:with,data-th-with}] [600]: com.intuit.karate.template.KarateWithTagProcessor
[THYMELEAF]             * [* {th:attr,data-th-attr}] [700]: com.intuit.karate.template.KarateAttributeTagProcessor.KarateAttrTagProcessor
[THYMELEAF]             * [* {th:attrappend,data-th-attrappend}] [900]: com.intuit.karate.template.KarateAttributeTagProcessor.KarateAttrappendTagProcessor
[THYMELEAF]             * [* {th:attrprepend,data-th-attrprepend}] [900]: com.intuit.karate.template.KarateAttributeTagProcessor.KarateAttrprependTagProcessor
[THYMELEAF]             * [* {th:alt-title,data-th-alt-title}] [990]: org.thymeleaf.standard.processor.StandardAltTitleTagProcessor
[THYMELEAF]             * [* {th:lang-xmllang,data-th-lang-xmllang}] [990]: org.thymeleaf.standard.processor.StandardLangXmlLangTagProcessor
[THYMELEAF]             * [* {th:action,data-th-action}] [1000]: org.thymeleaf.standard.processor.StandardActionTagProcessor
[THYMELEAF]             * [* {th:novalidate,data-th-novalidate}] [1000]: org.thymeleaf.standard.processor.StandardConditionalFixedValueTagProcessor
[THYMELEAF]             * [* {th:defer,data-th-defer}] [1000]: org.thymeleaf.standard.processor.StandardConditionalFixedValueTagProcessor
[THYMELEAF]             * [* {th:selected,data-th-selected}] [1000]: org.thymeleaf.standard.processor.StandardConditionalFixedValueTagProcessor
[THYMELEAF]             * [* {th:async,data-th-async}] [1000]: org.thymeleaf.standard.processor.StandardConditionalFixedValueTagProcessor
[THYMELEAF]             * [* {th:nowrap,data-th-nowrap}] [1000]: org.thymeleaf.standard.processor.StandardConditionalFixedValueTagProcessor
[THYMELEAF]             * [* {th:seamless,data-th-seamless}] [1000]: org.thymeleaf.standard.processor.StandardConditionalFixedValueTagProcessor
[THYMELEAF]             * [* {th:readonly,data-th-readonly}] [1000]: org.thymeleaf.standard.processor.StandardConditionalFixedValueTagProcessor
[THYMELEAF]             * [* {th:autofocus,data-th-autofocus}] [1000]: org.thymeleaf.standard.processor.StandardConditionalFixedValueTagProcessor
[THYMELEAF]             * [* {th:ismap,data-th-ismap}] [1000]: org.thymeleaf.standard.processor.StandardConditionalFixedValueTagProcessor
[THYMELEAF]             * [* {th:open,data-th-open}] [1000]: org.thymeleaf.standard.processor.StandardConditionalFixedValueTagProcessor
[THYMELEAF]             * [* {th:reversed,data-th-reversed}] [1000]: org.thymeleaf.standard.processor.StandardConditionalFixedValueTagProcessor
[THYMELEAF]             * [* {th:checked,data-th-checked}] [1000]: org.thymeleaf.standard.processor.StandardConditionalFixedValueTagProcessor
[THYMELEAF]             * [* {th:declare,data-th-declare}] [1000]: org.thymeleaf.standard.processor.StandardConditionalFixedValueTagProcessor
[THYMELEAF]             * [* {th:hidden,data-th-hidden}] [1000]: org.thymeleaf.standard.processor.StandardConditionalFixedValueTagProcessor
[THYMELEAF]             * [* {th:multiple,data-th-multiple}] [1000]: org.thymeleaf.standard.processor.StandardConditionalFixedValueTagProcessor
[THYMELEAF]             * [* {th:loop,data-th-loop}] [1000]: org.thymeleaf.standard.processor.StandardConditionalFixedValueTagProcessor
[THYMELEAF]             * [* {th:required,data-th-required}] [1000]: org.thymeleaf.standard.processor.StandardConditionalFixedValueTagProcessor
[THYMELEAF]             * [* {th:pubdate,data-th-pubdate}] [1000]: org.thymeleaf.standard.processor.StandardConditionalFixedValueTagProcessor
[THYMELEAF]             * [* {th:controls,data-th-controls}] [1000]: org.thymeleaf.standard.processor.StandardConditionalFixedValueTagProcessor
[THYMELEAF]             * [* {th:formnovalidate,data-th-formnovalidate}] [1000]: org.thymeleaf.standard.processor.StandardConditionalFixedValueTagProcessor
[THYMELEAF]             * [* {th:scoped,data-th-scoped}] [1000]: org.thymeleaf.standard.processor.StandardConditionalFixedValueTagProcessor
[THYMELEAF]             * [* {th:disabled,data-th-disabled}] [1000]: org.thymeleaf.standard.processor.StandardConditionalFixedValueTagProcessor
[THYMELEAF]             * [* {th:autoplay,data-th-autoplay}] [1000]: org.thymeleaf.standard.processor.StandardConditionalFixedValueTagProcessor
[THYMELEAF]             * [* {th:default,data-th-default}] [1000]: org.thymeleaf.standard.processor.StandardConditionalFixedValueTagProcessor
[THYMELEAF]             * [* {th:onvolumechange,data-th-onvolumechange}] [1000]: org.thymeleaf.standard.processor.StandardDOMEventAttributeTagProcessor
[THYMELEAF]             * [* {th:onseeking,data-th-onseeking}] [1000]: org.thymeleaf.standard.processor.StandardDOMEventAttributeTagProcessor
[THYMELEAF]             * [* {th:onmousewheel,data-th-onmousewheel}] [1000]: org.thymeleaf.standard.processor.StandardDOMEventAttributeTagProcessor
[THYMELEAF]             * [* {th:onmousedown,data-th-onmousedown}] [1000]: org.thymeleaf.standard.processor.StandardDOMEventAttributeTagProcessor
[THYMELEAF]             * [* {th:oncontextmenu,data-th-oncontextmenu}] [1000]: org.thymeleaf.standard.processor.StandardDOMEventAttributeTagProcessor
[THYMELEAF]             * [* {th:onprogress,data-th-onprogress}] [1000]: org.thymeleaf.standard.processor.StandardDOMEventAttributeTagProcessor
[THYMELEAF]             * [* {th:onkeydown,data-th-onkeydown}] [1000]: org.thymeleaf.standard.processor.StandardDOMEventAttributeTagProcessor
[THYMELEAF]             * [* {th:onloadstart,data-th-onloadstart}] [1000]: org.thymeleaf.standard.processor.StandardDOMEventAttributeTagProcessor
[THYMELEAF]             * [* {th:onkeyup,data-th-onkeyup}] [1000]: org.thymeleaf.standard.processor.StandardDOMEventAttributeTagProcessor
[THYMELEAF]             * [* {th:onratechange,data-th-onratechange}] [1000]: org.thymeleaf.standard.processor.StandardDOMEventAttributeTagProcessor
[THYMELEAF]             * [* {th:onafterprint,data-th-onafterprint}] [1000]: org.thymeleaf.standard.processor.StandardDOMEventAttributeTagProcessor
[THYMELEAF]             * [* {th:onmouseup,data-th-onmouseup}] [1000]: org.thymeleaf.standard.processor.StandardDOMEventAttributeTagProcessor
[THYMELEAF]             * [* {th:ondblclick,data-th-ondblclick}] [1000]: org.thymeleaf.standard.processor.StandardDOMEventAttributeTagProcessor
[THYMELEAF]             * [* {th:onmousemove,data-th-onmousemove}] [1000]: org.thymeleaf.standard.processor.StandardDOMEventAttributeTagProcessor
[THYMELEAF]             * [* {th:onredo,data-th-onredo}] [1000]: org.thymeleaf.standard.processor.StandardDOMEventAttributeTagProcessor
[THYMELEAF]             * [* {th:onblur,data-th-onblur}] [1000]: org.thymeleaf.standard.processor.StandardDOMEventAttributeTagProcessor
[THYMELEAF]             * [* {th:onbeforeunload,data-th-onbeforeunload}] [1000]: org.thymeleaf.standard.processor.StandardDOMEventAttributeTagProcessor
[THYMELEAF]             * [* {th:onformchange,data-th-onformchange}] [1000]: org.thymeleaf.standard.processor.StandardDOMEventAttributeTagProcessor
[THYMELEAF]             * [* {th:onoffline,data-th-onoffline}] [1000]: org.thymeleaf.standard.processor.StandardDOMEventAttributeTagProcessor
[THYMELEAF]             * [* {th:onwaiting,data-th-onwaiting}] [1000]: org.thymeleaf.standard.processor.StandardDOMEventAttributeTagProcessor
[THYMELEAF]             * [* {th:ononline,data-th-ononline}] [1000]: org.thymeleaf.standard.processor.StandardDOMEventAttributeTagProcessor
[THYMELEAF]             * [* {th:onload,data-th-onload}] [1000]: org.thymeleaf.standard.processor.StandardDOMEventAttributeTagProcessor
[THYMELEAF]             * [* {th:onpopstate,data-th-onpopstate}] [1000]: org.thymeleaf.standard.processor.StandardDOMEventAttributeTagProcessor
[THYMELEAF]             * [* {th:onsubmit,data-th-onsubmit}] [1000]: org.thymeleaf.standard.processor.StandardDOMEventAttributeTagProcessor
[THYMELEAF]             * [* {th:ondrag,data-th-ondrag}] [1000]: org.thymeleaf.standard.processor.StandardDOMEventAttributeTagProcessor
[THYMELEAF]             * [* {th:onseeked,data-th-onseeked}] [1000]: org.thymeleaf.standard.processor.StandardDOMEventAttributeTagProcessor
[THYMELEAF]             * [* {th:onstorage,data-th-onstorage}] [1000]: org.thymeleaf.standard.processor.StandardDOMEventAttributeTagProcessor
[THYMELEAF]             * [* {th:ondurationchange,data-th-ondurationchange}] [1000]: org.thymeleaf.standard.processor.StandardDOMEventAttributeTagProcessor
[THYMELEAF]             * [* {th:onselect,data-th-onselect}] [1000]: org.thymeleaf.standard.processor.StandardDOMEventAttributeTagProcessor
[THYMELEAF]             * [* {th:onkeypress,data-th-onkeypress}] [1000]: org.thymeleaf.standard.processor.StandardDOMEventAttributeTagProcessor
[THYMELEAF]             * [* {th:onstalled,data-th-onstalled}] [1000]: org.thymeleaf.standard.processor.StandardDOMEventAttributeTagProcessor
[THYMELEAF]             * [* {th:onclick,data-th-onclick}] [1000]: org.thymeleaf.standard.processor.StandardDOMEventAttributeTagProcessor
[THYMELEAF]             * [* {th:onloadedmetadata,data-th-onloadedmetadata}] [1000]: org.thymeleaf.standard.processor.StandardDOMEventAttributeTagProcessor
[THYMELEAF]             * [* {th:onsuspend,data-th-onsuspend}] [1000]: org.thymeleaf.standard.processor.StandardDOMEventAttributeTagProcessor
[THYMELEAF]             * [* {th:onshow,data-th-onshow}] [1000]: org.thymeleaf.standard.processor.StandardDOMEventAttributeTagProcessor
[THYMELEAF]             * [* {th:ondragover,data-th-ondragover}] [1000]: org.thymeleaf.standard.processor.StandardDOMEventAttributeTagProcessor
[THYMELEAF]             * [* {th:onmouseout,data-th-onmouseout}] [1000]: org.thymeleaf.standard.processor.StandardDOMEventAttributeTagProcessor
[THYMELEAF]             * [* {th:onerror,data-th-onerror}] [1000]: org.thymeleaf.standard.processor.StandardDOMEventAttributeTagProcessor
[THYMELEAF]             * [* {th:onmessage,data-th-onmessage}] [1000]: org.thymeleaf.standard.processor.StandardDOMEventAttributeTagProcessor
[THYMELEAF]             * [* {th:onundo,data-th-onundo}] [1000]: org.thymeleaf.standard.processor.StandardDOMEventAttributeTagProcessor
[THYMELEAF]             * [* {th:onplaying,data-th-onplaying}] [1000]: org.thymeleaf.standard.processor.StandardDOMEventAttributeTagProcessor
[THYMELEAF]             * [* {th:ondragstart,data-th-ondragstart}] [1000]: org.thymeleaf.standard.processor.StandardDOMEventAttributeTagProcessor
[THYMELEAF]             * [* {th:ondragleave,data-th-ondragleave}] [1000]: org.thymeleaf.standard.processor.StandardDOMEventAttributeTagProcessor
[THYMELEAF]             * [* {th:onfocus,data-th-onfocus}] [1000]: org.thymeleaf.standard.processor.StandardDOMEventAttributeTagProcessor
[THYMELEAF]             * [* {th:ontimeupdate,data-th-ontimeupdate}] [1000]: org.thymeleaf.standard.processor.StandardDOMEventAttributeTagProcessor
[THYMELEAF]             * [* {th:onabort,data-th-onabort}] [1000]: org.thymeleaf.standard.processor.StandardDOMEventAttributeTagProcessor
[THYMELEAF]             * [* {th:onloadeddata,data-th-onloadeddata}] [1000]: org.thymeleaf.standard.processor.StandardDOMEventAttributeTagProcessor
[THYMELEAF]             * [* {th:onpause,data-th-onpause}] [1000]: org.thymeleaf.standard.processor.StandardDOMEventAttributeTagProcessor
[THYMELEAF]             * [* {th:ondragenter,data-th-ondragenter}] [1000]: org.thymeleaf.standard.processor.StandardDOMEventAttributeTagProcessor
[THYMELEAF]             * [* {th:onunload,data-th-onunload}] [1000]: org.thymeleaf.standard.processor.StandardDOMEventAttributeTagProcessor
[THYMELEAF]             * [* {th:onresize,data-th-onresize}] [1000]: org.thymeleaf.standard.processor.StandardDOMEventAttributeTagProcessor
[THYMELEAF]             * [* {th:oncanplay,data-th-oncanplay}] [1000]: org.thymeleaf.standard.processor.StandardDOMEventAttributeTagProcessor
[THYMELEAF]             * [* {th:ondrop,data-th-ondrop}] [1000]: org.thymeleaf.standard.processor.StandardDOMEventAttributeTagProcessor
[THYMELEAF]             * [* {th:oninvalid,data-th-oninvalid}] [1000]: org.thymeleaf.standard.processor.StandardDOMEventAttributeTagProcessor
[THYMELEAF]             * [* {th:ondragend,data-th-ondragend}] [1000]: org.thymeleaf.standard.processor.StandardDOMEventAttributeTagProcessor
[THYMELEAF]             * [* {th:onbeforeprint,data-th-onbeforeprint}] [1000]: org.thymeleaf.standard.processor.StandardDOMEventAttributeTagProcessor
[THYMELEAF]             * [* {th:onscroll,data-th-onscroll}] [1000]: org.thymeleaf.standard.processor.StandardDOMEventAttributeTagProcessor
[THYMELEAF]             * [* {th:onended,data-th-onended}] [1000]: org.thymeleaf.standard.processor.StandardDOMEventAttributeTagProcessor
[THYMELEAF]             * [* {th:oncanplaythrough,data-th-oncanplaythrough}] [1000]: org.thymeleaf.standard.processor.StandardDOMEventAttributeTagProcessor
[THYMELEAF]             * [* {th:onemptied,data-th-onemptied}] [1000]: org.thymeleaf.standard.processor.StandardDOMEventAttributeTagProcessor
[THYMELEAF]             * [* {th:onreadystatechange,data-th-onreadystatechange}] [1000]: org.thymeleaf.standard.processor.StandardDOMEventAttributeTagProcessor
[THYMELEAF]             * [* {th:oninput,data-th-oninput}] [1000]: org.thymeleaf.standard.processor.StandardDOMEventAttributeTagProcessor
[THYMELEAF]             * [* {th:onhashchange,data-th-onhashchange}] [1000]: org.thymeleaf.standard.processor.StandardDOMEventAttributeTagProcessor
[THYMELEAF]             * [* {th:onforminput,data-th-onforminput}] [1000]: org.thymeleaf.standard.processor.StandardDOMEventAttributeTagProcessor
[THYMELEAF]             * [* {th:onchange,data-th-onchange}] [1000]: org.thymeleaf.standard.processor.StandardDOMEventAttributeTagProcessor
[THYMELEAF]             * [* {th:onplay,data-th-onplay}] [1000]: org.thymeleaf.standard.processor.StandardDOMEventAttributeTagProcessor
[THYMELEAF]             * [* {th:onreset,data-th-onreset}] [1000]: org.thymeleaf.standard.processor.StandardDOMEventAttributeTagProcessor
[THYMELEAF]             * [* {th:onmouseover,data-th-onmouseover}] [1000]: org.thymeleaf.standard.processor.StandardDOMEventAttributeTagProcessor
[THYMELEAF]             * [* {th:href,data-th-href}] [1000]: org.thymeleaf.standard.processor.StandardHrefTagProcessor
[THYMELEAF]             * [* {th:inline,data-th-inline}] [1000]: org.thymeleaf.standard.processor.StandardInlineHTMLTagProcessor
[THYMELEAF]             * [* {th:method,data-th-method}] [1000]: org.thymeleaf.standard.processor.StandardMethodTagProcessor
[THYMELEAF]             * [* {th:type,data-th-type}] [1000]: org.thymeleaf.standard.processor.StandardNonRemovableAttributeTagProcessor
[THYMELEAF]             * [* {th:name,data-th-name}] [1000]: org.thymeleaf.standard.processor.StandardNonRemovableAttributeTagProcessor
[THYMELEAF]             * [* {th:compact,data-th-compact}] [1000]: org.thymeleaf.standard.processor.StandardRemovableAttributeTagProcessor
[THYMELEAF]             * [* {th:scheme,data-th-scheme}] [1000]: org.thymeleaf.standard.processor.StandardRemovableAttributeTagProcessor
[THYMELEAF]             * [* {th:target,data-th-target}] [1000]: org.thymeleaf.standard.processor.StandardRemovableAttributeTagProcessor
[THYMELEAF]             * [* {th:scope,data-th-scope}] [1000]: org.thymeleaf.standard.processor.StandardRemovableAttributeTagProcessor
[THYMELEAF]             * [* {th:form,data-th-form}] [1000]: org.thymeleaf.standard.processor.StandardRemovableAttributeTagProcessor
[THYMELEAF]             * [* {th:cols,data-th-cols}] [1000]: org.thymeleaf.standard.processor.StandardRemovableAttributeTagProcessor
[THYMELEAF]             * [* {th:high,data-th-high}] [1000]: org.thymeleaf.standard.processor.StandardRemovableAttributeTagProcessor
[THYMELEAF]             * [* {th:poster,data-th-poster}] [1000]: org.thymeleaf.standard.processor.StandardRemovableAttributeTagProcessor
[THYMELEAF]             * [* {th:rows,data-th-rows}] [1000]: org.thymeleaf.standard.processor.StandardRemovableAttributeTagProcessor
[THYMELEAF]             * [* {th:placeholder,data-th-placeholder}] [1000]: org.thymeleaf.standard.processor.StandardRemovableAttributeTagProcessor
[THYMELEAF]             * [* {th:height,data-th-height}] [1000]: org.thymeleaf.standard.processor.StandardRemovableAttributeTagProcessor
[THYMELEAF]             * [* {th:size,data-th-size}] [1000]: org.thymeleaf.standard.processor.StandardRemovableAttributeTagProcessor
[THYMELEAF]             * [* {th:span,data-th-span}] [1000]: org.thymeleaf.standard.processor.StandardRemovableAttributeTagProcessor
[THYMELEAF]             * [* {th:formenctype,data-th-formenctype}] [1000]: org.thymeleaf.standard.processor.StandardRemovableAttributeTagProcessor
[THYMELEAF]             * [* {th:width,data-th-width}] [1000]: org.thymeleaf.standard.processor.StandardRemovableAttributeTagProcessor
[THYMELEAF]             * [* {th:standby,data-th-standby}] [1000]: org.thymeleaf.standard.processor.StandardRemovableAttributeTagProcessor
[THYMELEAF]             * [* {th:frameborder,data-th-frameborder}] [1000]: org.thymeleaf.standard.processor.StandardRemovableAttributeTagProcessor
[THYMELEAF]             * [* {th:low,data-th-low}] [1000]: org.thymeleaf.standard.processor.StandardRemovableAttributeTagProcessor
[THYMELEAF]             * [* {th:icon,data-th-icon}] [1000]: org.thymeleaf.standard.processor.StandardRemovableAttributeTagProcessor
[THYMELEAF]             * [* {th:colspan,data-th-colspan}] [1000]: org.thymeleaf.standard.processor.StandardRemovableAttributeTagProcessor
[THYMELEAF]             * [* {th:background,data-th-background}] [1000]: org.thymeleaf.standard.processor.StandardRemovableAttributeTagProcessor
[THYMELEAF]             * [* {th:srclang,data-th-srclang}] [1000]: org.thymeleaf.standard.processor.StandardRemovableAttributeTagProcessor
[THYMELEAF]             * [* {th:sandbox,data-th-sandbox}] [1000]: org.thymeleaf.standard.processor.StandardRemovableAttributeTagProcessor
[THYMELEAF]             * [* {th:optimum,data-th-optimum}] [1000]: org.thymeleaf.standard.processor.StandardRemovableAttributeTagProcessor
[THYMELEAF]             * [* {th:contextmenu,data-th-contextmenu}] [1000]: org.thymeleaf.standard.processor.StandardRemovableAttributeTagProcessor
[THYMELEAF]             * [* {th:marginwidth,data-th-marginwidth}] [1000]: org.thymeleaf.standard.processor.StandardRemovableAttributeTagProcessor
[THYMELEAF]             * [* {th:rev,data-th-rev}] [1000]: org.thymeleaf.standard.processor.StandardRemovableAttributeTagProcessor
[THYMELEAF]             * [* {th:enctype,data-th-enctype}] [1000]: org.thymeleaf.standard.processor.StandardRemovableAttributeTagProcessor
[THYMELEAF]             * [* {th:scrolling,data-th-scrolling}] [1000]: org.thymeleaf.standard.processor.StandardRemovableAttributeTagProcessor
[THYMELEAF]             * [* {th:datetime,data-th-datetime}] [1000]: org.thymeleaf.standard.processor.StandardRemovableAttributeTagProcessor
[THYMELEAF]             * [* {th:list,data-th-list}] [1000]: org.thymeleaf.standard.processor.StandardRemovableAttributeTagProcessor
[THYMELEAF]             * [* {th:charset,data-th-charset}] [1000]: org.thymeleaf.standard.processor.StandardRemovableAttributeTagProcessor
[THYMELEAF]             * [* {th:max,data-th-max}] [1000]: org.thymeleaf.standard.processor.StandardRemovableAttributeTagProcessor
[THYMELEAF]             * [* {th:kind,data-th-kind}] [1000]: org.thymeleaf.standard.processor.StandardRemovableAttributeTagProcessor
[THYMELEAF]             * [* {th:sizes,data-th-sizes}] [1000]: org.thymeleaf.standard.processor.StandardRemovableAttributeTagProcessor
[THYMELEAF]             * [* {th:draggable,data-th-draggable}] [1000]: org.thymeleaf.standard.processor.StandardRemovableAttributeTagProcessor
[THYMELEAF]             * [* {th:min,data-th-min}] [1000]: org.thymeleaf.standard.processor.StandardRemovableAttributeTagProcessor
[THYMELEAF]             * [* {th:abbr,data-th-abbr}] [1000]: org.thymeleaf.standard.processor.StandardRemovableAttributeTagProcessor
[THYMELEAF]             * [* {th:accept-charset,data-th-accept-charset}] [1000]: org.thymeleaf.standard.processor.StandardRemovableAttributeTagProcessor
[THYMELEAF]             * [* {th:accept,data-th-accept}] [1000]: org.thymeleaf.standard.processor.StandardRemovableAttributeTagProcessor
[THYMELEAF]             * [* {th:marginheight,data-th-marginheight}] [1000]: org.thymeleaf.standard.processor.StandardRemovableAttributeTagProcessor
[THYMELEAF]             * [* {th:codebase,data-th-codebase}] [1000]: org.thymeleaf.standard.processor.StandardRemovableAttributeTagProcessor
[THYMELEAF]             * [* {th:data,data-th-data}] [1000]: org.thymeleaf.standard.processor.StandardRemovableAttributeTagProcessor
[THYMELEAF]             * [* {th:formmethod,data-th-formmethod}] [1000]: org.thymeleaf.standard.processor.StandardRemovableAttributeTagProcessor
[THYMELEAF]             * [* {th:hspace,data-th-hspace}] [1000]: org.thymeleaf.standard.processor.StandardRemovableAttributeTagProcessor
[THYMELEAF]             * [* {th:preload,data-th-preload}] [1000]: org.thymeleaf.standard.processor.StandardRemovableAttributeTagProcessor
[THYMELEAF]             * [* {th:radiogroup,data-th-radiogroup}] [1000]: org.thymeleaf.standard.processor.StandardRemovableAttributeTagProcessor
[THYMELEAF]             * [* {th:http-equiv,data-th-http-equiv}] [1000]: org.thymeleaf.standard.processor.StandardRemovableAttributeTagProcessor
[THYMELEAF]             * [* {th:usemap,data-th-usemap}] [1000]: org.thymeleaf.standard.processor.StandardRemovableAttributeTagProcessor
[THYMELEAF]             * [* {th:cite,data-th-cite}] [1000]: org.thymeleaf.standard.processor.StandardRemovableAttributeTagProcessor
[THYMELEAF]             * [* {th:axis,data-th-axis}] [1000]: org.thymeleaf.standard.processor.StandardRemovableAttributeTagProcessor
[THYMELEAF]             * [* {th:longdesc,data-th-longdesc}] [1000]: org.thymeleaf.standard.processor.StandardRemovableAttributeTagProcessor
[THYMELEAF]             * [* {th:content,data-th-content}] [1000]: org.thymeleaf.standard.processor.StandardRemovableAttributeTagProcessor
[THYMELEAF]             * [* {th:tabindex,data-th-tabindex}] [1000]: org.thymeleaf.standard.processor.StandardRemovableAttributeTagProcessor
[THYMELEAF]             * [* {th:id,data-th-id}] [1000]: org.thymeleaf.standard.processor.StandardRemovableAttributeTagProcessor
[THYMELEAF]             * [* {th:media,data-th-media}] [1000]: org.thymeleaf.standard.processor.StandardRemovableAttributeTagProcessor
[THYMELEAF]             * [* {th:hreflang,data-th-hreflang}] [1000]: org.thymeleaf.standard.processor.StandardRemovableAttributeTagProcessor
[THYMELEAF]             * [* {th:for,data-th-for}] [1000]: org.thymeleaf.standard.processor.StandardRemovableAttributeTagProcessor
[THYMELEAF]             * [* {th:dir,data-th-dir}] [1000]: org.thymeleaf.standard.processor.StandardRemovableAttributeTagProcessor
[THYMELEAF]             * [* {th:pattern,data-th-pattern}] [1000]: org.thymeleaf.standard.processor.StandardRemovableAttributeTagProcessor
[THYMELEAF]             * [* {th:formaction,data-th-formaction}] [1000]: org.thymeleaf.standard.processor.StandardRemovableAttributeTagProcessor
[THYMELEAF]             * [* {th:label,data-th-label}] [1000]: org.thymeleaf.standard.processor.StandardRemovableAttributeTagProcessor
[THYMELEAF]             * [* {th:frame,data-th-frame}] [1000]: org.thymeleaf.standard.processor.StandardRemovableAttributeTagProcessor
[THYMELEAF]             * [* {th:alt,data-th-alt}] [1000]: org.thymeleaf.standard.processor.StandardRemovableAttributeTagProcessor
[THYMELEAF]             * [* {th:headers,data-th-headers}] [1000]: org.thymeleaf.standard.processor.StandardRemovableAttributeTagProcessor
[THYMELEAF]             * [* {th:formtarget,data-th-formtarget}] [1000]: org.thymeleaf.standard.processor.StandardRemovableAttributeTagProcessor
[THYMELEAF]             * [* {th:rowspan,data-th-rowspan}] [1000]: org.thymeleaf.standard.processor.StandardRemovableAttributeTagProcessor
[THYMELEAF]             * [* {th:autocomplete,data-th-autocomplete}] [1000]: org.thymeleaf.standard.processor.StandardRemovableAttributeTagProcessor
[THYMELEAF]             * [* {th:rel,data-th-rel}] [1000]: org.thymeleaf.standard.processor.StandardRemovableAttributeTagProcessor
[THYMELEAF]             * [* {th:title,data-th-title}] [1000]: org.thymeleaf.standard.processor.StandardRemovableAttributeTagProcessor
[THYMELEAF]             * [* {th:classid,data-th-classid}] [1000]: org.thymeleaf.standard.processor.StandardRemovableAttributeTagProcessor
[THYMELEAF]             * [* {th:challenge,data-th-challenge}] [1000]: org.thymeleaf.standard.processor.StandardRemovableAttributeTagProcessor
[THYMELEAF]             * [* {th:contenteditable,data-th-contenteditable}] [1000]: org.thymeleaf.standard.processor.StandardRemovableAttributeTagProcessor
[THYMELEAF]             * [* {th:class,data-th-class}] [1000]: org.thymeleaf.standard.processor.StandardRemovableAttributeTagProcessor
[THYMELEAF]             * [* {th:accesskey,data-th-accesskey}] [1000]: org.thymeleaf.standard.processor.StandardRemovableAttributeTagProcessor
[THYMELEAF]             * [* {th:valuetype,data-th-valuetype}] [1000]: org.thymeleaf.standard.processor.StandardRemovableAttributeTagProcessor
[THYMELEAF]             * [* {th:spellcheck,data-th-spellcheck}] [1000]: org.thymeleaf.standard.processor.StandardRemovableAttributeTagProcessor
[THYMELEAF]             * [* {th:wrap,data-th-wrap}] [1000]: org.thymeleaf.standard.processor.StandardRemovableAttributeTagProcessor
[THYMELEAF]             * [* {th:summary,data-th-summary}] [1000]: org.thymeleaf.standard.processor.StandardRemovableAttributeTagProcessor
[THYMELEAF]             * [* {th:vspace,data-th-vspace}] [1000]: org.thymeleaf.standard.processor.StandardRemovableAttributeTagProcessor
[THYMELEAF]             * [* {th:start,data-th-start}] [1000]: org.thymeleaf.standard.processor.StandardRemovableAttributeTagProcessor
[THYMELEAF]             * [* {th:archive,data-th-archive}] [1000]: org.thymeleaf.standard.processor.StandardRemovableAttributeTagProcessor
[THYMELEAF]             * [* {th:audio,data-th-audio}] [1000]: org.thymeleaf.standard.processor.StandardRemovableAttributeTagProcessor
[THYMELEAF]             * [* {th:manifest,data-th-manifest}] [1000]: org.thymeleaf.standard.processor.StandardRemovableAttributeTagProcessor
[THYMELEAF]             * [* {th:maxlength,data-th-maxlength}] [1000]: org.thymeleaf.standard.processor.StandardRemovableAttributeTagProcessor
[THYMELEAF]             * [* {th:align,data-th-align}] [1000]: org.thymeleaf.standard.processor.StandardRemovableAttributeTagProcessor
[THYMELEAF]             * [* {th:keytype,data-th-keytype}] [1000]: org.thymeleaf.standard.processor.StandardRemovableAttributeTagProcessor
[THYMELEAF]             * [* {th:step,data-th-step}] [1000]: org.thymeleaf.standard.processor.StandardRemovableAttributeTagProcessor
[THYMELEAF]             * [* {th:rules,data-th-rules}] [1000]: org.thymeleaf.standard.processor.StandardRemovableAttributeTagProcessor
[THYMELEAF]             * [* {th:bgcolor,data-th-bgcolor}] [1000]: org.thymeleaf.standard.processor.StandardRemovableAttributeTagProcessor
[THYMELEAF]             * [* {th:cellpadding,data-th-cellpadding}] [1000]: org.thymeleaf.standard.processor.StandardRemovableAttributeTagProcessor
[THYMELEAF]             * [* {th:codetype,data-th-codetype}] [1000]: org.thymeleaf.standard.processor.StandardRemovableAttributeTagProcessor
[THYMELEAF]             * [* {th:lang,data-th-lang}] [1000]: org.thymeleaf.standard.processor.StandardRemovableAttributeTagProcessor
[THYMELEAF]             * [* {th:style,data-th-style}] [1000]: org.thymeleaf.standard.processor.StandardRemovableAttributeTagProcessor
[THYMELEAF]             * [* {th:dropzone,data-th-dropzone}] [1000]: org.thymeleaf.standard.processor.StandardRemovableAttributeTagProcessor
[THYMELEAF]             * [* {th:cellspacing,data-th-cellspacing}] [1000]: org.thymeleaf.standard.processor.StandardRemovableAttributeTagProcessor
[THYMELEAF]             * [* {th:border,data-th-border}] [1000]: org.thymeleaf.standard.processor.StandardRemovableAttributeTagProcessor
[THYMELEAF]             * [* {th:src,data-th-src}] [1000]: org.thymeleaf.standard.processor.StandardSrcTagProcessor
[THYMELEAF]             * [* {th:value,data-th-value}] [1000]: org.thymeleaf.standard.processor.StandardValueTagProcessor
[THYMELEAF]             * [* {th:xmlbase,data-th-xmlbase}] [1000]: org.thymeleaf.standard.processor.StandardXmlBaseTagProcessor
[THYMELEAF]             * [* {th:xmllang,data-th-xmllang}] [1000]: org.thymeleaf.standard.processor.StandardXmlLangTagProcessor
[THYMELEAF]             * [* {xmlns:th}] [1000]: org.thymeleaf.standard.processor.StandardXmlNsTagProcessor
[THYMELEAF]             * [* {th:xmlspace,data-th-xmlspace}] [1000]: org.thymeleaf.standard.processor.StandardXmlSpaceTagProcessor
[THYMELEAF]             * [* {th:classappend,data-th-classappend}] [1100]: org.thymeleaf.standard.processor.StandardClassappendTagProcessor
[THYMELEAF]             * [* {th:styleappend,data-th-styleappend}] [1100]: org.thymeleaf.standard.processor.StandardStyleappendTagProcessor
[THYMELEAF]             * [* {th:text,data-th-text}] [1300]: org.thymeleaf.standard.processor.StandardTextTagProcessor
[THYMELEAF]             * [* {th:utext,data-th-utext}] [1400]: org.thymeleaf.standard.processor.StandardUtextTagProcessor
[THYMELEAF]             * [* {th:fragment,data-th-fragment}] [1500]: org.thymeleaf.standard.processor.StandardFragmentTagProcessor
[THYMELEAF]             * [* {th:assert,data-th-assert}] [1550]: org.thymeleaf.standard.processor.StandardAssertTagProcessor
[THYMELEAF]             * [* {th:remove,data-th-remove}] [1600]: org.thymeleaf.standard.processor.StandardRemoveTagProcessor
[THYMELEAF]             * [* {th:ref,data-th-ref}] [10000]: org.thymeleaf.standard.processor.StandardRefAttributeTagProcessor
[THYMELEAF]             * [{th:block,th-block} *] [100000]: org.thymeleaf.standard.processor.StandardBlockTagProcessor
[THYMELEAF]             * [* th:*] [2147483647]: org.thymeleaf.standard.processor.StandardDefaultAttributesTagProcessor
[THYMELEAF]         * Text Processors by [precedence]:
[THYMELEAF]             * [1000]: org.thymeleaf.standard.processor.StandardInliningTextProcessor
[THYMELEAF]         * DOCTYPE Processors by [precedence]:
[THYMELEAF]             * [1000]: org.thymeleaf.standard.processor.StandardTranslationDocTypeProcessor
[THYMELEAF]         * CDATA Section Processors by [precedence]:
[THYMELEAF]             * [1000]: org.thymeleaf.standard.processor.StandardInliningCDATASectionProcessor
[THYMELEAF]         * Comment Processors by [precedence]:
[THYMELEAF]             * [1000]: org.thymeleaf.standard.processor.StandardInliningCommentProcessor
[THYMELEAF]             * [1100]: org.thymeleaf.standard.processor.StandardConditionalCommentProcessor
[THYMELEAF]     * Processors for Template Mode: XML
[THYMELEAF]         * Element Tag Processors by [matching element and attribute name] [precedence]:
[THYMELEAF]             * [* {th:include}] [100]: org.thymeleaf.standard.processor.StandardIncludeTagProcessor
[THYMELEAF]             * [* {th:insert}] [100]: org.thymeleaf.standard.processor.StandardInsertTagProcessor
[THYMELEAF]             * [* {th:replace}] [100]: org.thymeleaf.standard.processor.StandardReplaceTagProcessor
[THYMELEAF]             * [* {th:each}] [200]: com.intuit.karate.template.KarateEachTagProcessor
[THYMELEAF]             * [* {th:switch}] [250]: org.thymeleaf.standard.processor.StandardSwitchTagProcessor
[THYMELEAF]             * [* {th:case}] [275]: org.thymeleaf.standard.processor.StandardCaseTagProcessor
[THYMELEAF]             * [* {th:if}] [300]: org.thymeleaf.standard.processor.StandardIfTagProcessor
[THYMELEAF]             * [* {th:unless}] [400]: org.thymeleaf.standard.processor.StandardUnlessTagProcessor
[THYMELEAF]             * [* {th:object}] [500]: org.thymeleaf.standard.processor.StandardObjectTagProcessor
[THYMELEAF]             * [* {th:with}] [600]: com.intuit.karate.template.KarateWithTagProcessor
[THYMELEAF]             * [* {th:attr}] [700]: com.intuit.karate.template.KarateAttributeTagProcessor.KarateAttrTagProcessor
[THYMELEAF]             * [* {th:attrappend}] [900]: com.intuit.karate.template.KarateAttributeTagProcessor.KarateAttrappendTagProcessor
[THYMELEAF]             * [* {th:attrprepend}] [900]: com.intuit.karate.template.KarateAttributeTagProcessor.KarateAttrprependTagProcessor
[THYMELEAF]             * [* {th:inline}] [1000]: org.thymeleaf.standard.processor.StandardInlineXMLTagProcessor
[THYMELEAF]             * [* {xmlns:th}] [1000]: org.thymeleaf.standard.processor.StandardXmlNsTagProcessor
[THYMELEAF]             * [* {th:text}] [1300]: org.thymeleaf.standard.processor.StandardTextTagProcessor
[THYMELEAF]             * [* {th:utext}] [1400]: org.thymeleaf.standard.processor.StandardUtextTagProcessor
[THYMELEAF]             * [* {th:fragment}] [1500]: org.thymeleaf.standard.processor.StandardFragmentTagProcessor
[THYMELEAF]             * [* {th:assert}] [1550]: org.thymeleaf.standard.processor.StandardAssertTagProcessor
[THYMELEAF]             * [* {th:remove}] [1600]: org.thymeleaf.standard.processor.StandardRemoveTagProcessor
[THYMELEAF]             * [* {th:ref}] [10000]: org.thymeleaf.standard.processor.StandardRefAttributeTagProcessor
[THYMELEAF]             * [{th:block} *] [100000]: org.thymeleaf.standard.processor.StandardBlockTagProcessor
[THYMELEAF]             * [* th:*] [2147483647]: org.thymeleaf.standard.processor.StandardDefaultAttributesTagProcessor
[THYMELEAF]         * Text Processors by [precedence]:
[THYMELEAF]             * [1000]: org.thymeleaf.standard.processor.StandardInliningTextProcessor
[THYMELEAF]         * CDATA Section Processors by [precedence]:
[THYMELEAF]             * [1000]: org.thymeleaf.standard.processor.StandardInliningCDATASectionProcessor
[THYMELEAF]         * Comment Processors by [precedence]:
[THYMELEAF]             * [1000]: org.thymeleaf.standard.processor.StandardInliningCommentProcessor
[THYMELEAF]     * Processors for Template Mode: TEXT
[THYMELEAF]         * Element Tag Processors by [matching element and attribute name] [precedence]:
[THYMELEAF]             * [* {th:insert}] [100]: org.thymeleaf.standard.processor.StandardInsertTagProcessor
[THYMELEAF]             * [* {th:replace}] [100]: org.thymeleaf.standard.processor.StandardReplaceTagProcessor
[THYMELEAF]             * [* {th:each}] [200]: com.intuit.karate.template.KarateEachTagProcessor
[THYMELEAF]             * [* {th:switch}] [250]: org.thymeleaf.standard.processor.StandardSwitchTagProcessor
[THYMELEAF]             * [* {th:case}] [275]: org.thymeleaf.standard.processor.StandardCaseTagProcessor
[THYMELEAF]             * [* {th:if}] [300]: org.thymeleaf.standard.processor.StandardIfTagProcessor
[THYMELEAF]             * [* {th:unless}] [400]: org.thymeleaf.standard.processor.StandardUnlessTagProcessor
[THYMELEAF]             * [* {th:object}] [500]: org.thymeleaf.standard.processor.StandardObjectTagProcessor
[THYMELEAF]             * [* {th:with}] [600]: com.intuit.karate.template.KarateWithTagProcessor
[THYMELEAF]             * [* {th:inline}] [1000]: org.thymeleaf.standard.processor.StandardInlineTextualTagProcessor
[THYMELEAF]             * [* {th:text}] [1300]: org.thymeleaf.standard.processor.StandardTextTagProcessor
[THYMELEAF]             * [* {th:utext}] [1400]: org.thymeleaf.standard.processor.StandardUtextTagProcessor
[THYMELEAF]             * [* {th:assert}] [1550]: org.thymeleaf.standard.processor.StandardAssertTagProcessor
[THYMELEAF]             * [* {th:remove}] [1600]: org.thymeleaf.standard.processor.StandardRemoveTagProcessor
[THYMELEAF]             * [* 100000] [org.thymeleaf.standard.processor.StandardBlockTagProcessor]: {}
[THYMELEAF]             * [{th:block} *] [100000]: org.thymeleaf.standard.processor.StandardBlockTagProcessor
[THYMELEAF]         * Text Processors by [precedence]:
[THYMELEAF]             * [1000]: org.thymeleaf.standard.processor.StandardInliningTextProcessor
[THYMELEAF]     * Processors for Template Mode: JAVASCRIPT
[THYMELEAF]         * Element Tag Processors by [matching element and attribute name] [precedence]:
[THYMELEAF]             * [* {th:insert}] [100]: org.thymeleaf.standard.processor.StandardInsertTagProcessor
[THYMELEAF]             * [* {th:replace}] [100]: org.thymeleaf.standard.processor.StandardReplaceTagProcessor
[THYMELEAF]             * [* {th:each}] [200]: com.intuit.karate.template.KarateEachTagProcessor
[THYMELEAF]             * [* {th:switch}] [250]: org.thymeleaf.standard.processor.StandardSwitchTagProcessor
[THYMELEAF]             * [* {th:case}] [275]: org.thymeleaf.standard.processor.StandardCaseTagProcessor
[THYMELEAF]             * [* {th:if}] [300]: org.thymeleaf.standard.processor.StandardIfTagProcessor
[THYMELEAF]             * [* {th:unless}] [400]: org.thymeleaf.standard.processor.StandardUnlessTagProcessor
[THYMELEAF]             * [* {th:object}] [500]: org.thymeleaf.standard.processor.StandardObjectTagProcessor
[THYMELEAF]             * [* {th:with}] [600]: com.intuit.karate.template.KarateWithTagProcessor
[THYMELEAF]             * [* {th:inline}] [1000]: org.thymeleaf.standard.processor.StandardInlineTextualTagProcessor
[THYMELEAF]             * [* {th:text}] [1300]: org.thymeleaf.standard.processor.StandardTextTagProcessor
[THYMELEAF]             * [* {th:utext}] [1400]: org.thymeleaf.standard.processor.StandardUtextTagProcessor
[THYMELEAF]             * [* {th:assert}] [1550]: org.thymeleaf.standard.processor.StandardAssertTagProcessor
[THYMELEAF]             * [* {th:remove}] [1600]: org.thymeleaf.standard.processor.StandardRemoveTagProcessor
[THYMELEAF]             * [* 100000] [org.thymeleaf.standard.processor.StandardBlockTagProcessor]: {}
[THYMELEAF]             * [{th:block} *] [100000]: org.thymeleaf.standard.processor.StandardBlockTagProcessor
[THYMELEAF]         * Text Processors by [precedence]:
[THYMELEAF]             * [1000]: org.thymeleaf.standard.processor.StandardInliningTextProcessor
[THYMELEAF]     * Processors for Template Mode: CSS
[THYMELEAF]         * Element Tag Processors by [matching element and attribute name] [precedence]:
[THYMELEAF]             * [* {th:insert}] [100]: org.thymeleaf.standard.processor.StandardInsertTagProcessor
[THYMELEAF]             * [* {th:replace}] [100]: org.thymeleaf.standard.processor.StandardReplaceTagProcessor
[THYMELEAF]             * [* {th:each}] [200]: com.intuit.karate.template.KarateEachTagProcessor
[THYMELEAF]             * [* {th:switch}] [250]: org.thymeleaf.standard.processor.StandardSwitchTagProcessor
[THYMELEAF]             * [* {th:case}] [275]: org.thymeleaf.standard.processor.StandardCaseTagProcessor
[THYMELEAF]             * [* {th:if}] [300]: org.thymeleaf.standard.processor.StandardIfTagProcessor
[THYMELEAF]             * [* {th:unless}] [400]: org.thymeleaf.standard.processor.StandardUnlessTagProcessor
[THYMELEAF]             * [* {th:object}] [500]: org.thymeleaf.standard.processor.StandardObjectTagProcessor
[THYMELEAF]             * [* {th:with}] [600]: com.intuit.karate.template.KarateWithTagProcessor
[THYMELEAF]             * [* {th:inline}] [1000]: org.thymeleaf.standard.processor.StandardInlineTextualTagProcessor
[THYMELEAF]             * [* {th:text}] [1300]: org.thymeleaf.standard.processor.StandardTextTagProcessor
[THYMELEAF]             * [* {th:utext}] [1400]: org.thymeleaf.standard.processor.StandardUtextTagProcessor
[THYMELEAF]             * [* {th:assert}] [1550]: org.thymeleaf.standard.processor.StandardAssertTagProcessor
[THYMELEAF]             * [* {th:remove}] [1600]: org.thymeleaf.standard.processor.StandardRemoveTagProcessor
[THYMELEAF]             * [{th:block} *] [100000]: org.thymeleaf.standard.processor.StandardBlockTagProcessor
[THYMELEAF]             * [* 100000] [org.thymeleaf.standard.processor.StandardBlockTagProcessor]: {}
[THYMELEAF]         * Text Processors by [precedence]:
[THYMELEAF]             * [1000]: org.thymeleaf.standard.processor.StandardInliningTextProcessor
[THYMELEAF]     * Expression Objects:
[THYMELEAF]         * #ctx
[THYMELEAF]         * #root
[THYMELEAF]         * #vars
[THYMELEAF]         * #object
[THYMELEAF]         * #locale
[THYMELEAF]         * #conversions
[THYMELEAF]         * #uris
[THYMELEAF]         * #temporals
[THYMELEAF]         * #calendars
[THYMELEAF]         * #dates
[THYMELEAF]         * #bools
[THYMELEAF]         * #numbers
[THYMELEAF]         * #objects
[THYMELEAF]         * #strings
[THYMELEAF]         * #arrays
[THYMELEAF]         * #lists
[THYMELEAF]         * #sets
[THYMELEAF]         * #maps
[THYMELEAF]         * #aggregates
[THYMELEAF]         * #messages
[THYMELEAF]         * #ids
[THYMELEAF]         * #execInfo
[THYMELEAF]         * #request
[THYMELEAF]         * #response
[THYMELEAF]         * #session
[THYMELEAF]         * #servletContext
[THYMELEAF]     * Execution Attributes:
[THYMELEAF]         * "StandardExpressionParser": com.intuit.karate.template.KarateStandardDialect@29c244e
[THYMELEAF]         * "StandardJavaScriptSerializer": org.thymeleaf.standard.serializer.StandardJavaScriptSerializer@3bcc8f13
[THYMELEAF]         * "StandardCSSSerializer": org.thymeleaf.standard.serializer.StandardCSSSerializer@3cb04dd
[THYMELEAF]         * "StandardVariableExpressionEvaluator": com.intuit.karate.template.KarateStandardDialect@29c244e
[THYMELEAF]         * "StandardConversionService": org.thymeleaf.standard.expression.StandardConversionService@73d91faf
[THYMELEAF] * Dialect [2 of 2]: karate (com.intuit.karate.template.KarateScriptDialect)
[THYMELEAF]     * Prefix: "ka"
[THYMELEAF]     * Processors for Template Mode: HTML
[THYMELEAF]         * Element Tag Processors by [matching element and attribute name] [precedence]:
[THYMELEAF]             * [* {src}] [1000]: com.intuit.karate.template.KaScriptAttrProcessor
[THYMELEAF]         * Element Model Processors by [matching element and attribute name] [precedence]:
[THYMELEAF]             * [{script} {ka:scope,data-ka-scope}] [1000]: com.intuit.karate.template.KaScriptElemProcessor
[THYMELEAF]             * [* {ka:set,data-ka-set}] [1000]: com.intuit.karate.template.KaSetElemProcessor
[THYMELEAF] TEMPLATE ENGINE CONFIGURED OK
18:09:13.356 [main] DEBUG org.thymeleaf.TemplateEngine -- [THYMELEAF] TEMPLATE ENGINE INITIALIZED
18:09:13.380 [main] DEBUG org.thymeleaf.TemplateEngine -- [THYMELEAF] INITIALIZING TEMPLATE ENGINE
18:09:13.404 [main] DEBUG org.thymeleaf.TemplateEngine.CONFIG -- Initializing Thymeleaf Template engine configuration...
[THYMELEAF] TEMPLATE ENGINE CONFIGURATION:
[THYMELEAF] * Thymeleaf version: 3.1.2.RELEASE (built 2023-07-30T19:25:50+0000)
[THYMELEAF] * Cache Manager implementation: org.thymeleaf.cache.StandardCacheManager
[THYMELEAF] * Template resolvers:
[THYMELEAF]     * [1] com.intuit.karate.template.ResourceHtmlTemplateResolver
[THYMELEAF] * Message resolvers:
[THYMELEAF]     * org.thymeleaf.messageresolver.StandardMessageResolver
[THYMELEAF] * Link builders:
[THYMELEAF]     * org.thymeleaf.linkbuilder.StandardLinkBuilder
[THYMELEAF] * Dialect [1 of 2]: Standard (com.intuit.karate.template.KarateStandardDialect)
[THYMELEAF]     * Prefix: "th"
[THYMELEAF]     * Processors for Template Mode: HTML
[THYMELEAF]         * Element Tag Processors by [matching element and attribute name] [precedence]:
[THYMELEAF]             * [* {th:include,data-th-include}] [100]: org.thymeleaf.standard.processor.StandardIncludeTagProcessor
[THYMELEAF]             * [* {th:insert,data-th-insert}] [100]: org.thymeleaf.standard.processor.StandardInsertTagProcessor
[THYMELEAF]             * [* {th:replace,data-th-replace}] [100]: org.thymeleaf.standard.processor.StandardReplaceTagProcessor
[THYMELEAF]             * [* {th:each,data-th-each}] [200]: com.intuit.karate.template.KarateEachTagProcessor
[THYMELEAF]             * [* {th:switch,data-th-switch}] [250]: org.thymeleaf.standard.processor.StandardSwitchTagProcessor
[THYMELEAF]             * [* {th:case,data-th-case}] [275]: org.thymeleaf.standard.processor.StandardCaseTagProcessor
[THYMELEAF]             * [* {th:if,data-th-if}] [300]: org.thymeleaf.standard.processor.StandardIfTagProcessor
[THYMELEAF]             * [* {th:unless,data-th-unless}] [400]: org.thymeleaf.standard.processor.StandardUnlessTagProcessor
[THYMELEAF]             * [* {th:object,data-th-object}] [500]: org.thymeleaf.standard.processor.StandardObjectTagProcessor
[THYMELEAF]             * [* {th:with,data-th-with}] [600]: com.intuit.karate.template.KarateWithTagProcessor
[THYMELEAF]             * [* {th:attr,data-th-attr}] [700]: com.intuit.karate.template.KarateAttributeTagProcessor.KarateAttrTagProcessor
[THYMELEAF]             * [* {th:attrappend,data-th-attrappend}] [900]: com.intuit.karate.template.KarateAttributeTagProcessor.KarateAttrappendTagProcessor
[THYMELEAF]             * [* {th:attrprepend,data-th-attrprepend}] [900]: com.intuit.karate.template.KarateAttributeTagProcessor.KarateAttrprependTagProcessor
[THYMELEAF]             * [* {th:alt-title,data-th-alt-title}] [990]: org.thymeleaf.standard.processor.StandardAltTitleTagProcessor
[THYMELEAF]             * [* {th:lang-xmllang,data-th-lang-xmllang}] [990]: org.thymeleaf.standard.processor.StandardLangXmlLangTagProcessor
[THYMELEAF]             * [* {th:action,data-th-action}] [1000]: org.thymeleaf.standard.processor.StandardActionTagProcessor
[THYMELEAF]             * [* {th:autoplay,data-th-autoplay}] [1000]: org.thymeleaf.standard.processor.StandardConditionalFixedValueTagProcessor
[THYMELEAF]             * [* {th:multiple,data-th-multiple}] [1000]: org.thymeleaf.standard.processor.StandardConditionalFixedValueTagProcessor
[THYMELEAF]             * [* {th:reversed,data-th-reversed}] [1000]: org.thymeleaf.standard.processor.StandardConditionalFixedValueTagProcessor
[THYMELEAF]             * [* {th:checked,data-th-checked}] [1000]: org.thymeleaf.standard.processor.StandardConditionalFixedValueTagProcessor
[THYMELEAF]             * [* {th:ismap,data-th-ismap}] [1000]: org.thymeleaf.standard.processor.StandardConditionalFixedValueTagProcessor
[THYMELEAF]             * [* {th:disabled,data-th-disabled}] [1000]: org.thymeleaf.standard.processor.StandardConditionalFixedValueTagProcessor
[THYMELEAF]             * [* {th:declare,data-th-declare}] [1000]: org.thymeleaf.standard.processor.StandardConditionalFixedValueTagProcessor
[THYMELEAF]             * [* {th:selected,data-th-selected}] [1000]: org.thymeleaf.standard.processor.StandardConditionalFixedValueTagProcessor
[THYMELEAF]             * [* {th:pubdate,data-th-pubdate}] [1000]: org.thymeleaf.standard.processor.StandardConditionalFixedValueTagProcessor
[THYMELEAF]             * [* {th:seamless,data-th-seamless}] [1000]: org.thymeleaf.standard.processor.StandardConditionalFixedValueTagProcessor
[THYMELEAF]             * [* {th:readonly,data-th-readonly}] [1000]: org.thymeleaf.standard.processor.StandardConditionalFixedValueTagProcessor
[THYMELEAF]             * [* {th:nowrap,data-th-nowrap}] [1000]: org.thymeleaf.standard.processor.StandardConditionalFixedValueTagProcessor
[THYMELEAF]             * [* {th:defer,data-th-defer}] [1000]: org.thymeleaf.standard.processor.StandardConditionalFixedValueTagProcessor
[THYMELEAF]             * [* {th:autofocus,data-th-autofocus}] [1000]: org.thymeleaf.standard.processor.StandardConditionalFixedValueTagProcessor
[THYMELEAF]             * [* {th:required,data-th-required}] [1000]: org.thymeleaf.standard.processor.StandardConditionalFixedValueTagProcessor
[THYMELEAF]             * [* {th:loop,data-th-loop}] [1000]: org.thymeleaf.standard.processor.StandardConditionalFixedValueTagProcessor
[THYMELEAF]             * [* {th:formnovalidate,data-th-formnovalidate}] [1000]: org.thymeleaf.standard.processor.StandardConditionalFixedValueTagProcessor
[THYMELEAF]             * [* {th:hidden,data-th-hidden}] [1000]: org.thymeleaf.standard.processor.StandardConditionalFixedValueTagProcessor
[THYMELEAF]             * [* {th:controls,data-th-controls}] [1000]: org.thymeleaf.standard.processor.StandardConditionalFixedValueTagProcessor
[THYMELEAF]             * [* {th:async,data-th-async}] [1000]: org.thymeleaf.standard.processor.StandardConditionalFixedValueTagProcessor
[THYMELEAF]             * [* {th:open,data-th-open}] [1000]: org.thymeleaf.standard.processor.StandardConditionalFixedValueTagProcessor
[THYMELEAF]             * [* {th:novalidate,data-th-novalidate}] [1000]: org.thymeleaf.standard.processor.StandardConditionalFixedValueTagProcessor
[THYMELEAF]             * [* {th:scoped,data-th-scoped}] [1000]: org.thymeleaf.standard.processor.StandardConditionalFixedValueTagProcessor
[THYMELEAF]             * [* {th:default,data-th-default}] [1000]: org.thymeleaf.standard.processor.StandardConditionalFixedValueTagProcessor
[THYMELEAF]             * [* {th:onafterprint,data-th-onafterprint}] [1000]: org.thymeleaf.standard.processor.StandardDOMEventAttributeTagProcessor
[THYMELEAF]             * [* {th:onloadstart,data-th-onloadstart}] [1000]: org.thymeleaf.standard.processor.StandardDOMEventAttributeTagProcessor
[THYMELEAF]             * [* {th:onratechange,data-th-onratechange}] [1000]: org.thymeleaf.standard.processor.StandardDOMEventAttributeTagProcessor
[THYMELEAF]             * [* {th:ononline,data-th-ononline}] [1000]: org.thymeleaf.standard.processor.StandardDOMEventAttributeTagProcessor
[THYMELEAF]             * [* {th:onmouseover,data-th-onmouseover}] [1000]: org.thymeleaf.standard.processor.StandardDOMEventAttributeTagProcessor
[THYMELEAF]             * [* {th:onredo,data-th-onredo}] [1000]: org.thymeleaf.standard.processor.StandardDOMEventAttributeTagProcessor
[THYMELEAF]             * [* {th:oninput,data-th-oninput}] [1000]: org.thymeleaf.standard.processor.StandardDOMEventAttributeTagProcessor
[THYMELEAF]             * [* {th:oncontextmenu,data-th-oncontextmenu}] [1000]: org.thymeleaf.standard.processor.StandardDOMEventAttributeTagProcessor
[THYMELEAF]             * [* {th:ondragenter,data-th-ondragenter}] [1000]: org.thymeleaf.standard.processor.StandardDOMEventAttributeTagProcessor
[THYMELEAF]             * [* {th:ondragover,data-th-ondragover}] [1000]: org.thymeleaf.standard.processor.StandardDOMEventAttributeTagProcessor
[THYMELEAF]             * [* {th:onabort,data-th-onabort}] [1000]: org.thymeleaf.standard.processor.StandardDOMEventAttributeTagProcessor
[THYMELEAF]             * [* {th:ondblclick,data-th-ondblclick}] [1000]: org.thymeleaf.standard.processor.StandardDOMEventAttributeTagProcessor
[THYMELEAF]             * [* {th:onmousedown,data-th-onmousedown}] [1000]: org.thymeleaf.standard.processor.StandardDOMEventAttributeTagProcessor
[THYMELEAF]             * [* {th:onplay,data-th-onplay}] [1000]: org.thymeleaf.standard.processor.StandardDOMEventAttributeTagProcessor
[THYMELEAF]             * [* {th:ondrag,data-th-ondrag}] [1000]: org.thymeleaf.standard.processor.StandardDOMEventAttributeTagProcessor
[THYMELEAF]             * [* {th:onkeypress,data-th-onkeypress}] [1000]: org.thymeleaf.standard.processor.StandardDOMEventAttributeTagProcessor
[THYMELEAF]             * [* {th:onemptied,data-th-onemptied}] [1000]: org.thymeleaf.standard.processor.StandardDOMEventAttributeTagProcessor
[THYMELEAF]             * [* {th:onkeyup,data-th-onkeyup}] [1000]: org.thymeleaf.standard.processor.StandardDOMEventAttributeTagProcessor
[THYMELEAF]             * [* {th:onhashchange,data-th-onhashchange}] [1000]: org.thymeleaf.standard.processor.StandardDOMEventAttributeTagProcessor
[THYMELEAF]             * [* {th:onscroll,data-th-onscroll}] [1000]: org.thymeleaf.standard.processor.StandardDOMEventAttributeTagProcessor
[THYMELEAF]             * [* {th:onshow,data-th-onshow}] [1000]: org.thymeleaf.standard.processor.StandardDOMEventAttributeTagProcessor
[THYMELEAF]             * [* {th:onformchange,data-th-onformchange}] [1000]: org.thymeleaf.standard.processor.StandardDOMEventAttributeTagProcessor
[THYMELEAF]             * [* {th:onsuspend,data-th-onsuspend}] [1000]: org.thymeleaf.standard.processor.StandardDOMEventAttributeTagProcessor
[THYMELEAF]             * [* {th:oncanplaythrough,data-th-oncanplaythrough}] [1000]: org.thymeleaf.standard.processor.StandardDOMEventAttributeTagProcessor
[THYMELEAF]             * [* {th:onplaying,data-th-onplaying}] [1000]: org.thymeleaf.standard.processor.StandardDOMEventAttributeTagProcessor
[THYMELEAF]             * [* {th:onbeforeunload,data-th-onbeforeunload}] [1000]: org.thymeleaf.standard.processor.StandardDOMEventAttributeTagProcessor
[THYMELEAF]             * [* {th:onloadeddata,data-th-onloadeddata}] [1000]: org.thymeleaf.standard.processor.StandardDOMEventAttributeTagProcessor
[THYMELEAF]             * [* {th:onundo,data-th-onundo}] [1000]: org.thymeleaf.standard.processor.StandardDOMEventAttributeTagProcessor
[THYMELEAF]             * [* {th:onblur,data-th-onblur}] [1000]: org.thymeleaf.standard.processor.StandardDOMEventAttributeTagProcessor
[THYMELEAF]             * [* {th:onseeked,data-th-onseeked}] [1000]: org.thymeleaf.standard.processor.StandardDOMEventAttributeTagProcessor
[THYMELEAF]             * [* {th:onunload,data-th-onunload}] [1000]: org.thymeleaf.standard.processor.StandardDOMEventAttributeTagProcessor
[THYMELEAF]             * [* {th:ontimeupdate,data-th-ontimeupdate}] [1000]: org.thymeleaf.standard.processor.StandardDOMEventAttributeTagProcessor
[THYMELEAF]             * [* {th:onprogress,data-th-onprogress}] [1000]: org.thymeleaf.standard.processor.StandardDOMEventAttributeTagProcessor
[THYMELEAF]             * [* {th:onforminput,data-th-onforminput}] [1000]: org.thymeleaf.standard.processor.StandardDOMEventAttributeTagProcessor
[THYMELEAF]             * [* {th:onloadedmetadata,data-th-onloadedmetadata}] [1000]: org.thymeleaf.standard.processor.StandardDOMEventAttributeTagProcessor
[THYMELEAF]             * [* {th:onpause,data-th-onpause}] [1000]: org.thymeleaf.standard.processor.StandardDOMEventAttributeTagProcessor
[THYMELEAF]             * [* {th:ondragleave,data-th-ondragleave}] [1000]: org.thymeleaf.standard.processor.StandardDOMEventAttributeTagProcessor
[THYMELEAF]             * [* {th:onchange,data-th-onchange}] [1000]: org.thymeleaf.standard.processor.StandardDOMEventAttributeTagProcessor
[THYMELEAF]             * [* {th:onwaiting,data-th-onwaiting}] [1000]: org.thymeleaf.standard.processor.StandardDOMEventAttributeTagProcessor
[THYMELEAF]             * [* {th:onpopstate,data-th-onpopstate}] [1000]: org.thymeleaf.standard.processor.StandardDOMEventAttributeTagProcessor
[THYMELEAF]             * [* {th:onvolumechange,data-th-onvolumechange}] [1000]: org.thymeleaf.standard.processor.StandardDOMEventAttributeTagProcessor
[THYMELEAF]             * [* {th:onsubmit,data-th-onsubmit}] [1000]: org.thymeleaf.standard.processor.StandardDOMEventAttributeTagProcessor
[THYMELEAF]             * [* {th:onkeydown,data-th-onkeydown}] [1000]: org.thymeleaf.standard.processor.StandardDOMEventAttributeTagProcessor
[THYMELEAF]             * [* {th:onload,data-th-onload}] [1000]: org.thymeleaf.standard.processor.StandardDOMEventAttributeTagProcessor
[THYMELEAF]             * [* {th:onstorage,data-th-onstorage}] [1000]: org.thymeleaf.standard.processor.StandardDOMEventAttributeTagProcessor
[THYMELEAF]             * [* {th:onmousemove,data-th-onmousemove}] [1000]: org.thymeleaf.standard.processor.StandardDOMEventAttributeTagProcessor
[THYMELEAF]             * [* {th:onmessage,data-th-onmessage}] [1000]: org.thymeleaf.standard.processor.StandardDOMEventAttributeTagProcessor
[THYMELEAF]             * [* {th:onerror,data-th-onerror}] [1000]: org.thymeleaf.standard.processor.StandardDOMEventAttributeTagProcessor
[THYMELEAF]             * [* {th:onended,data-th-onended}] [1000]: org.thymeleaf.standard.processor.StandardDOMEventAttributeTagProcessor
[THYMELEAF]             * [* {th:onclick,data-th-onclick}] [1000]: org.thymeleaf.standard.processor.StandardDOMEventAttributeTagProcessor
[THYMELEAF]             * [* {th:ondragstart,data-th-ondragstart}] [1000]: org.thymeleaf.standard.processor.StandardDOMEventAttributeTagProcessor
[THYMELEAF]             * [* {th:oninvalid,data-th-oninvalid}] [1000]: org.thymeleaf.standard.processor.StandardDOMEventAttributeTagProcessor
[THYMELEAF]             * [* {th:onreadystatechange,data-th-onreadystatechange}] [1000]: org.thymeleaf.standard.processor.StandardDOMEventAttributeTagProcessor
[THYMELEAF]             * [* {th:onselect,data-th-onselect}] [1000]: org.thymeleaf.standard.processor.StandardDOMEventAttributeTagProcessor
[THYMELEAF]             * [* {th:onoffline,data-th-onoffline}] [1000]: org.thymeleaf.standard.processor.StandardDOMEventAttributeTagProcessor
[THYMELEAF]             * [* {th:ondrop,data-th-ondrop}] [1000]: org.thymeleaf.standard.processor.StandardDOMEventAttributeTagProcessor
[THYMELEAF]             * [* {th:onstalled,data-th-onstalled}] [1000]: org.thymeleaf.standard.processor.StandardDOMEventAttributeTagProcessor
[THYMELEAF]             * [* {th:onmouseup,data-th-onmouseup}] [1000]: org.thymeleaf.standard.processor.StandardDOMEventAttributeTagProcessor
[THYMELEAF]             * [* {th:onreset,data-th-onreset}] [1000]: org.thymeleaf.standard.processor.StandardDOMEventAttributeTagProcessor
[THYMELEAF]             * [* {th:onmouseout,data-th-onmouseout}] [1000]: org.thymeleaf.standard.processor.StandardDOMEventAttributeTagProcessor
[THYMELEAF]             * [* {th:onseeking,data-th-onseeking}] [1000]: org.thymeleaf.standard.processor.StandardDOMEventAttributeTagProcessor
[THYMELEAF]             * [* {th:ondurationchange,data-th-ondurationchange}] [1000]: org.thymeleaf.standard.processor.StandardDOMEventAttributeTagProcessor
[THYMELEAF]             * [* {th:onresize,data-th-onresize}] [1000]: org.thymeleaf.standard.processor.StandardDOMEventAttributeTagProcessor
[THYMELEAF]             * [* {th:oncanplay,data-th-oncanplay}] [1000]: org.thymeleaf.standard.processor.StandardDOMEventAttributeTagProcessor
[THYMELEAF]             * [* {th:onmousewheel,data-th-onmousewheel}] [1000]: org.thymeleaf.standard.processor.StandardDOMEventAttributeTagProcessor
[THYMELEAF]             * [* {th:onfocus,data-th-onfocus}] [1000]: org.thymeleaf.standard.processor.StandardDOMEventAttributeTagProcessor
[THYMELEAF]             * [* {th:onbeforeprint,data-th-onbeforeprint}] [1000]: org.thymeleaf.standard.processor.StandardDOMEventAttributeTagProcessor
[THYMELEAF]             * [* {th:ondragend,data-th-ondragend}] [1000]: org.thymeleaf.standard.processor.StandardDOMEventAttributeTagProcessor
[THYMELEAF]             * [* {th:href,data-th-href}] [1000]: org.thymeleaf.standard.processor.StandardHrefTagProcessor
[THYMELEAF]             * [* {th:inline,data-th-inline}] [1000]: org.thymeleaf.standard.processor.StandardInlineHTMLTagProcessor
[THYMELEAF]             * [* {th:method,data-th-method}] [1000]: org.thymeleaf.standard.processor.StandardMethodTagProcessor
[THYMELEAF]             * [* {th:type,data-th-type}] [1000]: org.thymeleaf.standard.processor.StandardNonRemovableAttributeTagProcessor
[THYMELEAF]             * [* {th:name,data-th-name}] [1000]: org.thymeleaf.standard.processor.StandardNonRemovableAttributeTagProcessor
[THYMELEAF]             * [* {th:codetype,data-th-codetype}] [1000]: org.thymeleaf.standard.processor.StandardRemovableAttributeTagProcessor
[THYMELEAF]             * [* {th:manifest,data-th-manifest}] [1000]: org.thymeleaf.standard.processor.StandardRemovableAttributeTagProcessor
[THYMELEAF]             * [* {th:frame,data-th-frame}] [1000]: org.thymeleaf.standard.processor.StandardRemovableAttributeTagProcessor
[THYMELEAF]             * [* {th:lang,data-th-lang}] [1000]: org.thymeleaf.standard.processor.StandardRemovableAttributeTagProcessor
[THYMELEAF]             * [* {th:audio,data-th-audio}] [1000]: org.thymeleaf.standard.processor.StandardRemovableAttributeTagProcessor
[THYMELEAF]             * [* {th:compact,data-th-compact}] [1000]: org.thymeleaf.standard.processor.StandardRemovableAttributeTagProcessor
[THYMELEAF]             * [* {th:maxlength,data-th-maxlength}] [1000]: org.thymeleaf.standard.processor.StandardRemovableAttributeTagProcessor
[THYMELEAF]             * [* {th:formaction,data-th-formaction}] [1000]: org.thymeleaf.standard.processor.StandardRemovableAttributeTagProcessor
[THYMELEAF]             * [* {th:accept-charset,data-th-accept-charset}] [1000]: org.thymeleaf.standard.processor.StandardRemovableAttributeTagProcessor
[THYMELEAF]             * [* {th:border,data-th-border}] [1000]: org.thymeleaf.standard.processor.StandardRemovableAttributeTagProcessor
[THYMELEAF]             * [* {th:width,data-th-width}] [1000]: org.thymeleaf.standard.processor.StandardRemovableAttributeTagProcessor
[THYMELEAF]             * [* {th:sandbox,data-th-sandbox}] [1000]: org.thymeleaf.standard.processor.StandardRemovableAttributeTagProcessor
[THYMELEAF]             * [* {th:high,data-th-high}] [1000]: org.thymeleaf.standard.processor.StandardRemovableAttributeTagProcessor
[THYMELEAF]             * [* {th:start,data-th-start}] [1000]: org.thymeleaf.standard.processor.StandardRemovableAttributeTagProcessor
[THYMELEAF]             * [* {th:sizes,data-th-sizes}] [1000]: org.thymeleaf.standard.processor.StandardRemovableAttributeTagProcessor
[THYMELEAF]             * [* {th:formenctype,data-th-formenctype}] [1000]: org.thymeleaf.standard.processor.StandardRemovableAttributeTagProcessor
[THYMELEAF]             * [* {th:title,data-th-title}] [1000]: org.thymeleaf.standard.processor.StandardRemovableAttributeTagProcessor
[THYMELEAF]             * [* {th:classid,data-th-classid}] [1000]: org.thymeleaf.standard.processor.StandardRemovableAttributeTagProcessor
[THYMELEAF]             * [* {th:rev,data-th-rev}] [1000]: org.thymeleaf.standard.processor.StandardRemovableAttributeTagProcessor
[THYMELEAF]             * [* {th:contextmenu,data-th-contextmenu}] [1000]: org.thymeleaf.standard.processor.StandardRemovableAttributeTagProcessor
[THYMELEAF]             * [* {th:class,data-th-class}] [1000]: org.thymeleaf.standard.processor.StandardRemovableAttributeTagProcessor
[THYMELEAF]             * [* {th:tabindex,data-th-tabindex}] [1000]: org.thymeleaf.standard.processor.StandardRemovableAttributeTagProcessor
[THYMELEAF]             * [* {th:align,data-th-align}] [1000]: org.thymeleaf.standard.processor.StandardRemovableAttributeTagProcessor
[THYMELEAF]             * [* {th:form,data-th-form}] [1000]: org.thymeleaf.standard.processor.StandardRemovableAttributeTagProcessor
[THYMELEAF]             * [* {th:dropzone,data-th-dropzone}] [1000]: org.thymeleaf.standard.processor.StandardRemovableAttributeTagProcessor
[THYMELEAF]             * [* {th:cellspacing,data-th-cellspacing}] [1000]: org.thymeleaf.standard.processor.StandardRemovableAttributeTagProcessor
[THYMELEAF]             * [* {th:summary,data-th-summary}] [1000]: org.thymeleaf.standard.processor.StandardRemovableAttributeTagProcessor
[THYMELEAF]             * [* {th:autocomplete,data-th-autocomplete}] [1000]: org.thymeleaf.standard.processor.StandardRemovableAttributeTagProcessor
[THYMELEAF]             * [* {th:formmethod,data-th-formmethod}] [1000]: org.thymeleaf.standard.processor.StandardRemovableAttributeTagProcessor
[THYMELEAF]             * [* {th:axis,data-th-axis}] [1000]: org.thymeleaf.standard.processor.StandardRemovableAttributeTagProcessor
[THYMELEAF]             * [* {th:pattern,data-th-pattern}] [1000]: org.thymeleaf.standard.processor.StandardRemovableAttributeTagProcessor
[THYMELEAF]             * [* {th:marginheight,data-th-marginheight}] [1000]: org.thymeleaf.standard.processor.StandardRemovableAttributeTagProcessor
[THYMELEAF]             * [* {th:cellpadding,data-th-cellpadding}] [1000]: org.thymeleaf.standard.processor.StandardRemovableAttributeTagProcessor
[THYMELEAF]             * [* {th:alt,data-th-alt}] [1000]: org.thymeleaf.standard.processor.StandardRemovableAttributeTagProcessor
[THYMELEAF]             * [* {th:colspan,data-th-colspan}] [1000]: org.thymeleaf.standard.processor.StandardRemovableAttributeTagProcessor
[THYMELEAF]             * [* {th:hreflang,data-th-hreflang}] [1000]: org.thymeleaf.standard.processor.StandardRemovableAttributeTagProcessor
[THYMELEAF]             * [* {th:low,data-th-low}] [1000]: org.thymeleaf.standard.processor.StandardRemovableAttributeTagProcessor
[THYMELEAF]             * [* {th:hspace,data-th-hspace}] [1000]: org.thymeleaf.standard.processor.StandardRemovableAttributeTagProcessor
[THYMELEAF]             * [* {th:step,data-th-step}] [1000]: org.thymeleaf.standard.processor.StandardRemovableAttributeTagProcessor
[THYMELEAF]             * [* {th:longdesc,data-th-longdesc}] [1000]: org.thymeleaf.standard.processor.StandardRemovableAttributeTagProcessor
[THYMELEAF]             * [* {th:keytype,data-th-keytype}] [1000]: org.thymeleaf.standard.processor.StandardRemovableAttributeTagProcessor
[THYMELEAF]             * [* {th:datetime,data-th-datetime}] [1000]: org.thymeleaf.standard.processor.StandardRemovableAttributeTagProcessor
[THYMELEAF]             * [* {th:optimum,data-th-optimum}] [1000]: org.thymeleaf.standard.processor.StandardRemovableAttributeTagProcessor
[THYMELEAF]             * [* {th:kind,data-th-kind}] [1000]: org.thymeleaf.standard.processor.StandardRemovableAttributeTagProcessor
[THYMELEAF]             * [* {th:http-equiv,data-th-http-equiv}] [1000]: org.thymeleaf.standard.processor.StandardRemovableAttributeTagProcessor
[THYMELEAF]             * [* {th:cols,data-th-cols}] [1000]: org.thymeleaf.standard.processor.StandardRemovableAttributeTagProcessor
[THYMELEAF]             * [* {th:marginwidth,data-th-marginwidth}] [1000]: org.thymeleaf.standard.processor.StandardRemovableAttributeTagProcessor
[THYMELEAF]             * [* {th:charset,data-th-charset}] [1000]: org.thymeleaf.standard.processor.StandardRemovableAttributeTagProcessor
[THYMELEAF]             * [* {th:size,data-th-size}] [1000]: org.thymeleaf.standard.processor.StandardRemovableAttributeTagProcessor
[THYMELEAF]             * [* {th:span,data-th-span}] [1000]: org.thymeleaf.standard.processor.StandardRemovableAttributeTagProcessor
[THYMELEAF]             * [* {th:label,data-th-label}] [1000]: org.thymeleaf.standard.processor.StandardRemovableAttributeTagProcessor
[THYMELEAF]             * [* {th:scheme,data-th-scheme}] [1000]: org.thymeleaf.standard.processor.StandardRemovableAttributeTagProcessor
[THYMELEAF]             * [* {th:formtarget,data-th-formtarget}] [1000]: org.thymeleaf.standard.processor.StandardRemovableAttributeTagProcessor
[THYMELEAF]             * [* {th:height,data-th-height}] [1000]: org.thymeleaf.standard.processor.StandardRemovableAttributeTagProcessor
[THYMELEAF]             * [* {th:rules,data-th-rules}] [1000]: org.thymeleaf.standard.processor.StandardRemovableAttributeTagProcessor
[THYMELEAF]             * [* {th:wrap,data-th-wrap}] [1000]: org.thymeleaf.standard.processor.StandardRemovableAttributeTagProcessor
[THYMELEAF]             * [* {th:scrolling,data-th-scrolling}] [1000]: org.thymeleaf.standard.processor.StandardRemovableAttributeTagProcessor
[THYMELEAF]             * [* {th:list,data-th-list}] [1000]: org.thymeleaf.standard.processor.StandardRemovableAttributeTagProcessor
[THYMELEAF]             * [* {th:min,data-th-min}] [1000]: org.thymeleaf.standard.processor.StandardRemovableAttributeTagProcessor
[THYMELEAF]             * [* {th:accept,data-th-accept}] [1000]: org.thymeleaf.standard.processor.StandardRemovableAttributeTagProcessor
[THYMELEAF]             * [* {th:background,data-th-background}] [1000]: org.thymeleaf.standard.processor.StandardRemovableAttributeTagProcessor
[THYMELEAF]             * [* {th:data,data-th-data}] [1000]: org.thymeleaf.standard.processor.StandardRemovableAttributeTagProcessor
[THYMELEAF]             * [* {th:valuetype,data-th-valuetype}] [1000]: org.thymeleaf.standard.processor.StandardRemovableAttributeTagProcessor
[THYMELEAF]             * [* {th:srclang,data-th-srclang}] [1000]: org.thymeleaf.standard.processor.StandardRemovableAttributeTagProcessor
[THYMELEAF]             * [* {th:content,data-th-content}] [1000]: org.thymeleaf.standard.processor.StandardRemovableAttributeTagProcessor
[THYMELEAF]             * [* {th:icon,data-th-icon}] [1000]: org.thymeleaf.standard.processor.StandardRemovableAttributeTagProcessor
[THYMELEAF]             * [* {th:abbr,data-th-abbr}] [1000]: org.thymeleaf.standard.processor.StandardRemovableAttributeTagProcessor
[THYMELEAF]             * [* {th:preload,data-th-preload}] [1000]: org.thymeleaf.standard.processor.StandardRemovableAttributeTagProcessor
[THYMELEAF]             * [* {th:frameborder,data-th-frameborder}] [1000]: org.thymeleaf.standard.processor.StandardRemovableAttributeTagProcessor
[THYMELEAF]             * [* {th:challenge,data-th-challenge}] [1000]: org.thymeleaf.standard.processor.StandardRemovableAttributeTagProcessor
[THYMELEAF]             * [* {th:max,data-th-max}] [1000]: org.thymeleaf.standard.processor.StandardRemovableAttributeTagProcessor
[THYMELEAF]             * [* {th:vspace,data-th-vspace}] [1000]: org.thymeleaf.standard.processor.StandardRemovableAttributeTagProcessor
[THYMELEAF]             * [* {th:poster,data-th-poster}] [1000]: org.thymeleaf.standard.processor.StandardRemovableAttributeTagProcessor
[THYMELEAF]             * [* {th:id,data-th-id}] [1000]: org.thymeleaf.standard.processor.StandardRemovableAttributeTagProcessor
[THYMELEAF]             * [* {th:contenteditable,data-th-contenteditable}] [1000]: org.thymeleaf.standard.processor.StandardRemovableAttributeTagProcessor
[THYMELEAF]             * [* {th:style,data-th-style}] [1000]: org.thymeleaf.standard.processor.StandardRemovableAttributeTagProcessor
[THYMELEAF]             * [* {th:target,data-th-target}] [1000]: org.thymeleaf.standard.processor.StandardRemovableAttributeTagProcessor
[THYMELEAF]             * [* {th:media,data-th-media}] [1000]: org.thymeleaf.standard.processor.StandardRemovableAttributeTagProcessor
[THYMELEAF]             * [* {th:usemap,data-th-usemap}] [1000]: org.thymeleaf.standard.processor.StandardRemovableAttributeTagProcessor
[THYMELEAF]             * [* {th:cite,data-th-cite}] [1000]: org.thymeleaf.standard.processor.StandardRemovableAttributeTagProcessor
[THYMELEAF]             * [* {th:archive,data-th-archive}] [1000]: org.thymeleaf.standard.processor.StandardRemovableAttributeTagProcessor
[THYMELEAF]             * [* {th:rowspan,data-th-rowspan}] [1000]: org.thymeleaf.standard.processor.StandardRemovableAttributeTagProcessor
[THYMELEAF]             * [* {th:rel,data-th-rel}] [1000]: org.thymeleaf.standard.processor.StandardRemovableAttributeTagProcessor
[THYMELEAF]             * [* {th:accesskey,data-th-accesskey}] [1000]: org.thymeleaf.standard.processor.StandardRemovableAttributeTagProcessor
[THYMELEAF]             * [* {th:dir,data-th-dir}] [1000]: org.thymeleaf.standard.processor.StandardRemovableAttributeTagProcessor
[THYMELEAF]             * [* {th:headers,data-th-headers}] [1000]: org.thymeleaf.standard.processor.StandardRemovableAttributeTagProcessor
[THYMELEAF]             * [* {th:placeholder,data-th-placeholder}] [1000]: org.thymeleaf.standard.processor.StandardRemovableAttributeTagProcessor
[THYMELEAF]             * [* {th:codebase,data-th-codebase}] [1000]: org.thymeleaf.standard.processor.StandardRemovableAttributeTagProcessor
[THYMELEAF]             * [* {th:bgcolor,data-th-bgcolor}] [1000]: org.thymeleaf.standard.processor.StandardRemovableAttributeTagProcessor
[THYMELEAF]             * [* {th:spellcheck,data-th-spellcheck}] [1000]: org.thymeleaf.standard.processor.StandardRemovableAttributeTagProcessor
[THYMELEAF]             * [* {th:scope,data-th-scope}] [1000]: org.thymeleaf.standard.processor.StandardRemovableAttributeTagProcessor
[THYMELEAF]             * [* {th:radiogroup,data-th-radiogroup}] [1000]: org.thymeleaf.standard.processor.StandardRemovableAttributeTagProcessor
[THYMELEAF]             * [* {th:for,data-th-for}] [1000]: org.thymeleaf.standard.processor.StandardRemovableAttributeTagProcessor
[THYMELEAF]             * [* {th:standby,data-th-standby}] [1000]: org.thymeleaf.standard.processor.StandardRemovableAttributeTagProcessor
[THYMELEAF]             * [* {th:draggable,data-th-draggable}] [1000]: org.thymeleaf.standard.processor.StandardRemovableAttributeTagProcessor
[THYMELEAF]             * [* {th:rows,data-th-rows}] [1000]: org.thymeleaf.standard.processor.StandardRemovableAttributeTagProcessor
[THYMELEAF]             * [* {th:enctype,data-th-enctype}] [1000]: org.thymeleaf.standard.processor.StandardRemovableAttributeTagProcessor
[THYMELEAF]             * [* {th:src,data-th-src}] [1000]: org.thymeleaf.standard.processor.StandardSrcTagProcessor
[THYMELEAF]             * [* {th:value,data-th-value}] [1000]: org.thymeleaf.standard.processor.StandardValueTagProcessor
[THYMELEAF]             * [* {th:xmlbase,data-th-xmlbase}] [1000]: org.thymeleaf.standard.processor.StandardXmlBaseTagProcessor
[THYMELEAF]             * [* {th:xmllang,data-th-xmllang}] [1000]: org.thymeleaf.standard.processor.StandardXmlLangTagProcessor
[THYMELEAF]             * [* {xmlns:th}] [1000]: org.thymeleaf.standard.processor.StandardXmlNsTagProcessor
[THYMELEAF]             * [* {th:xmlspace,data-th-xmlspace}] [1000]: org.thymeleaf.standard.processor.StandardXmlSpaceTagProcessor
[THYMELEAF]             * [* {th:classappend,data-th-classappend}] [1100]: org.thymeleaf.standard.processor.StandardClassappendTagProcessor
[THYMELEAF]             * [* {th:styleappend,data-th-styleappend}] [1100]: org.thymeleaf.standard.processor.StandardStyleappendTagProcessor
[THYMELEAF]             * [* {th:text,data-th-text}] [1300]: org.thymeleaf.standard.processor.StandardTextTagProcessor
[THYMELEAF]             * [* {th:utext,data-th-utext}] [1400]: org.thymeleaf.standard.processor.StandardUtextTagProcessor
[THYMELEAF]             * [* {th:fragment,data-th-fragment}] [1500]: org.thymeleaf.standard.processor.StandardFragmentTagProcessor
[THYMELEAF]             * [* {th:assert,data-th-assert}] [1550]: org.thymeleaf.standard.processor.StandardAssertTagProcessor
[THYMELEAF]             * [* {th:remove,data-th-remove}] [1600]: org.thymeleaf.standard.processor.StandardRemoveTagProcessor
[THYMELEAF]             * [* {th:ref,data-th-ref}] [10000]: org.thymeleaf.standard.processor.StandardRefAttributeTagProcessor
[THYMELEAF]             * [{th:block,th-block} *] [100000]: org.thymeleaf.standard.processor.StandardBlockTagProcessor
[THYMELEAF]             * [* th:*] [2147483647]: org.thymeleaf.standard.processor.StandardDefaultAttributesTagProcessor
[THYMELEAF]         * Text Processors by [precedence]:
[THYMELEAF]             * [1000]: org.thymeleaf.standard.processor.StandardInliningTextProcessor
[THYMELEAF]         * DOCTYPE Processors by [precedence]:
[THYMELEAF]             * [1000]: org.thymeleaf.standard.processor.StandardTranslationDocTypeProcessor
[THYMELEAF]         * CDATA Section Processors by [precedence]:
[THYMELEAF]             * [1000]: org.thymeleaf.standard.processor.StandardInliningCDATASectionProcessor
[THYMELEAF]         * Comment Processors by [precedence]:
[THYMELEAF]             * [1000]: org.thymeleaf.standard.processor.StandardInliningCommentProcessor
[THYMELEAF]             * [1100]: org.thymeleaf.standard.processor.StandardConditionalCommentProcessor
[THYMELEAF]     * Processors for Template Mode: XML
[THYMELEAF]         * Element Tag Processors by [matching element and attribute name] [precedence]:
[THYMELEAF]             * [* {th:include}] [100]: org.thymeleaf.standard.processor.StandardIncludeTagProcessor
[THYMELEAF]             * [* {th:insert}] [100]: org.thymeleaf.standard.processor.StandardInsertTagProcessor
[THYMELEAF]             * [* {th:replace}] [100]: org.thymeleaf.standard.processor.StandardReplaceTagProcessor
[THYMELEAF]             * [* {th:each}] [200]: com.intuit.karate.template.KarateEachTagProcessor
[THYMELEAF]             * [* {th:switch}] [250]: org.thymeleaf.standard.processor.StandardSwitchTagProcessor
[THYMELEAF]             * [* {th:case}] [275]: org.thymeleaf.standard.processor.StandardCaseTagProcessor
[THYMELEAF]             * [* {th:if}] [300]: org.thymeleaf.standard.processor.StandardIfTagProcessor
[THYMELEAF]             * [* {th:unless}] [400]: org.thymeleaf.standard.processor.StandardUnlessTagProcessor
[THYMELEAF]             * [* {th:object}] [500]: org.thymeleaf.standard.processor.StandardObjectTagProcessor
[THYMELEAF]             * [* {th:with}] [600]: com.intuit.karate.template.KarateWithTagProcessor
[THYMELEAF]             * [* {th:attr}] [700]: com.intuit.karate.template.KarateAttributeTagProcessor.KarateAttrTagProcessor
[THYMELEAF]             * [* {th:attrappend}] [900]: com.intuit.karate.template.KarateAttributeTagProcessor.KarateAttrappendTagProcessor
[THYMELEAF]             * [* {th:attrprepend}] [900]: com.intuit.karate.template.KarateAttributeTagProcessor.KarateAttrprependTagProcessor
[THYMELEAF]             * [* {th:inline}] [1000]: org.thymeleaf.standard.processor.StandardInlineXMLTagProcessor
[THYMELEAF]             * [* {xmlns:th}] [1000]: org.thymeleaf.standard.processor.StandardXmlNsTagProcessor
[THYMELEAF]             * [* {th:text}] [1300]: org.thymeleaf.standard.processor.StandardTextTagProcessor
[THYMELEAF]             * [* {th:utext}] [1400]: org.thymeleaf.standard.processor.StandardUtextTagProcessor
[THYMELEAF]             * [* {th:fragment}] [1500]: org.thymeleaf.standard.processor.StandardFragmentTagProcessor
[THYMELEAF]             * [* {th:assert}] [1550]: org.thymeleaf.standard.processor.StandardAssertTagProcessor
[THYMELEAF]             * [* {th:remove}] [1600]: org.thymeleaf.standard.processor.StandardRemoveTagProcessor
[THYMELEAF]             * [* {th:ref}] [10000]: org.thymeleaf.standard.processor.StandardRefAttributeTagProcessor
[THYMELEAF]             * [{th:block} *] [100000]: org.thymeleaf.standard.processor.StandardBlockTagProcessor
[THYMELEAF]             * [* th:*] [2147483647]: org.thymeleaf.standard.processor.StandardDefaultAttributesTagProcessor
[THYMELEAF]         * Text Processors by [precedence]:
[THYMELEAF]             * [1000]: org.thymeleaf.standard.processor.StandardInliningTextProcessor
[THYMELEAF]         * CDATA Section Processors by [precedence]:
[THYMELEAF]             * [1000]: org.thymeleaf.standard.processor.StandardInliningCDATASectionProcessor
[THYMELEAF]         * Comment Processors by [precedence]:
[THYMELEAF]             * [1000]: org.thymeleaf.standard.processor.StandardInliningCommentProcessor
[THYMELEAF]     * Processors for Template Mode: TEXT
[THYMELEAF]         * Element Tag Processors by [matching element and attribute name] [precedence]:
[THYMELEAF]             * [* {th:insert}] [100]: org.thymeleaf.standard.processor.StandardInsertTagProcessor
[THYMELEAF]             * [* {th:replace}] [100]: org.thymeleaf.standard.processor.StandardReplaceTagProcessor
[THYMELEAF]             * [* {th:each}] [200]: com.intuit.karate.template.KarateEachTagProcessor
[THYMELEAF]             * [* {th:switch}] [250]: org.thymeleaf.standard.processor.StandardSwitchTagProcessor
[THYMELEAF]             * [* {th:case}] [275]: org.thymeleaf.standard.processor.StandardCaseTagProcessor
[THYMELEAF]             * [* {th:if}] [300]: org.thymeleaf.standard.processor.StandardIfTagProcessor
[THYMELEAF]             * [* {th:unless}] [400]: org.thymeleaf.standard.processor.StandardUnlessTagProcessor
[THYMELEAF]             * [* {th:object}] [500]: org.thymeleaf.standard.processor.StandardObjectTagProcessor
[THYMELEAF]             * [* {th:with}] [600]: com.intuit.karate.template.KarateWithTagProcessor
[THYMELEAF]             * [* {th:inline}] [1000]: org.thymeleaf.standard.processor.StandardInlineTextualTagProcessor
[THYMELEAF]             * [* {th:text}] [1300]: org.thymeleaf.standard.processor.StandardTextTagProcessor
[THYMELEAF]             * [* {th:utext}] [1400]: org.thymeleaf.standard.processor.StandardUtextTagProcessor
[THYMELEAF]             * [* {th:assert}] [1550]: org.thymeleaf.standard.processor.StandardAssertTagProcessor
[THYMELEAF]             * [* {th:remove}] [1600]: org.thymeleaf.standard.processor.StandardRemoveTagProcessor
[THYMELEAF]             * [* 100000] [org.thymeleaf.standard.processor.StandardBlockTagProcessor]: {}
[THYMELEAF]             * [{th:block} *] [100000]: org.thymeleaf.standard.processor.StandardBlockTagProcessor
[THYMELEAF]         * Text Processors by [precedence]:
[THYMELEAF]             * [1000]: org.thymeleaf.standard.processor.StandardInliningTextProcessor
[THYMELEAF]     * Processors for Template Mode: JAVASCRIPT
[THYMELEAF]         * Element Tag Processors by [matching element and attribute name] [precedence]:
[THYMELEAF]             * [* {th:insert}] [100]: org.thymeleaf.standard.processor.StandardInsertTagProcessor
[THYMELEAF]             * [* {th:replace}] [100]: org.thymeleaf.standard.processor.StandardReplaceTagProcessor
[THYMELEAF]             * [* {th:each}] [200]: com.intuit.karate.template.KarateEachTagProcessor
[THYMELEAF]             * [* {th:switch}] [250]: org.thymeleaf.standard.processor.StandardSwitchTagProcessor
[THYMELEAF]             * [* {th:case}] [275]: org.thymeleaf.standard.processor.StandardCaseTagProcessor
[THYMELEAF]             * [* {th:if}] [300]: org.thymeleaf.standard.processor.StandardIfTagProcessor
[THYMELEAF]             * [* {th:unless}] [400]: org.thymeleaf.standard.processor.StandardUnlessTagProcessor
[THYMELEAF]             * [* {th:object}] [500]: org.thymeleaf.standard.processor.StandardObjectTagProcessor
[THYMELEAF]             * [* {th:with}] [600]: com.intuit.karate.template.KarateWithTagProcessor
[THYMELEAF]             * [* {th:inline}] [1000]: org.thymeleaf.standard.processor.StandardInlineTextualTagProcessor
[THYMELEAF]             * [* {th:text}] [1300]: org.thymeleaf.standard.processor.StandardTextTagProcessor
[THYMELEAF]             * [* {th:utext}] [1400]: org.thymeleaf.standard.processor.StandardUtextTagProcessor
[THYMELEAF]             * [* {th:assert}] [1550]: org.thymeleaf.standard.processor.StandardAssertTagProcessor
[THYMELEAF]             * [* {th:remove}] [1600]: org.thymeleaf.standard.processor.StandardRemoveTagProcessor
[THYMELEAF]             * [* 100000] [org.thymeleaf.standard.processor.StandardBlockTagProcessor]: {}
[THYMELEAF]             * [{th:block} *] [100000]: org.thymeleaf.standard.processor.StandardBlockTagProcessor
[THYMELEAF]         * Text Processors by [precedence]:
[THYMELEAF]             * [1000]: org.thymeleaf.standard.processor.StandardInliningTextProcessor
[THYMELEAF]     * Processors for Template Mode: CSS
[THYMELEAF]         * Element Tag Processors by [matching element and attribute name] [precedence]:
[THYMELEAF]             * [* {th:insert}] [100]: org.thymeleaf.standard.processor.StandardInsertTagProcessor
[THYMELEAF]             * [* {th:replace}] [100]: org.thymeleaf.standard.processor.StandardReplaceTagProcessor
[THYMELEAF]             * [* {th:each}] [200]: com.intuit.karate.template.KarateEachTagProcessor
[THYMELEAF]             * [* {th:switch}] [250]: org.thymeleaf.standard.processor.StandardSwitchTagProcessor
[THYMELEAF]             * [* {th:case}] [275]: org.thymeleaf.standard.processor.StandardCaseTagProcessor
[THYMELEAF]             * [* {th:if}] [300]: org.thymeleaf.standard.processor.StandardIfTagProcessor
[THYMELEAF]             * [* {th:unless}] [400]: org.thymeleaf.standard.processor.StandardUnlessTagProcessor
[THYMELEAF]             * [* {th:object}] [500]: org.thymeleaf.standard.processor.StandardObjectTagProcessor
[THYMELEAF]             * [* {th:with}] [600]: com.intuit.karate.template.KarateWithTagProcessor
[THYMELEAF]             * [* {th:inline}] [1000]: org.thymeleaf.standard.processor.StandardInlineTextualTagProcessor
[THYMELEAF]             * [* {th:text}] [1300]: org.thymeleaf.standard.processor.StandardTextTagProcessor
[THYMELEAF]             * [* {th:utext}] [1400]: org.thymeleaf.standard.processor.StandardUtextTagProcessor
[THYMELEAF]             * [* {th:assert}] [1550]: org.thymeleaf.standard.processor.StandardAssertTagProcessor
[THYMELEAF]             * [* {th:remove}] [1600]: org.thymeleaf.standard.processor.StandardRemoveTagProcessor
[THYMELEAF]             * [{th:block} *] [100000]: org.thymeleaf.standard.processor.StandardBlockTagProcessor
[THYMELEAF]             * [* 100000] [org.thymeleaf.standard.processor.StandardBlockTagProcessor]: {}
[THYMELEAF]         * Text Processors by [precedence]:
[THYMELEAF]             * [1000]: org.thymeleaf.standard.processor.StandardInliningTextProcessor
[THYMELEAF]     * Expression Objects:
[THYMELEAF]         * #ctx
[THYMELEAF]         * #root
[THYMELEAF]         * #vars
[THYMELEAF]         * #object
[THYMELEAF]         * #locale
[THYMELEAF]         * #conversions
[THYMELEAF]         * #uris
[THYMELEAF]         * #temporals
[THYMELEAF]         * #calendars
[THYMELEAF]         * #dates
[THYMELEAF]         * #bools
[THYMELEAF]         * #numbers
[THYMELEAF]         * #objects
[THYMELEAF]         * #strings
[THYMELEAF]         * #arrays
[THYMELEAF]         * #lists
[THYMELEAF]         * #sets
[THYMELEAF]         * #maps
[THYMELEAF]         * #aggregates
[THYMELEAF]         * #messages
[THYMELEAF]         * #ids
[THYMELEAF]         * #execInfo
[THYMELEAF]         * #request
[THYMELEAF]         * #response
[THYMELEAF]         * #session
[THYMELEAF]         * #servletContext
[THYMELEAF]     * Execution Attributes:
[THYMELEAF]         * "StandardExpressionParser": com.intuit.karate.template.KarateStandardDialect@45f1413c
[THYMELEAF]         * "StandardJavaScriptSerializer": org.thymeleaf.standard.serializer.StandardJavaScriptSerializer@50f05307
[THYMELEAF]         * "StandardCSSSerializer": org.thymeleaf.standard.serializer.StandardCSSSerializer@9cc0505
[THYMELEAF]         * "StandardVariableExpressionEvaluator": com.intuit.karate.template.KarateStandardDialect@45f1413c
[THYMELEAF]         * "StandardConversionService": org.thymeleaf.standard.expression.StandardConversionService@645d4639
[THYMELEAF] * Dialect [2 of 2]: karate (com.intuit.karate.template.KarateScriptDialect)
[THYMELEAF]     * Prefix: "ka"
[THYMELEAF]     * Processors for Template Mode: HTML
[THYMELEAF]         * Element Tag Processors by [matching element and attribute name] [precedence]:
[THYMELEAF]             * [* {src}] [1000]: com.intuit.karate.template.KaScriptAttrProcessor
[THYMELEAF]         * Element Model Processors by [matching element and attribute name] [precedence]:
[THYMELEAF]             * [{script} {ka:scope,data-ka-scope}] [1000]: com.intuit.karate.template.KaScriptElemProcessor
[THYMELEAF]             * [* {ka:set,data-ka-set}] [1000]: com.intuit.karate.template.KaSetElemProcessor
[THYMELEAF] TEMPLATE ENGINE CONFIGURED OK
18:09:13.405 [main] DEBUG org.thymeleaf.TemplateEngine -- [THYMELEAF] TEMPLATE ENGINE INITIALIZED

HTML report: (paste into browser to view) | Karate version: 1.4.1
file:///Users/devo/KarateAPIProject/karate-dummyjson/target/karate-reports/karate-summary.html
===================================================================

]]></system-out>
  </testcase>
</testsuite>