<?xml version="1.0" encoding="UTF-8"?>
<testsuite xmlns:xsi="http://www.w3.org/2001/XMLSchema-instance" xsi:noNamespaceSchemaLocation="https://maven.apache.org/surefire/maven-surefire-plugin/xsd/surefire-test-report-3.0.xsd" version="3.0" name="dummyjson.UsersRunner" time="4.113" tests="14" errors="0" skipped="0" failures="0">
  <properties>
    <property name="java.specification.version" value="21"/>
    <property name="sun.jnu.encoding" value="UTF-8"/>
    <property name="java.class.path" value="/Users/devo/KarateAPIProject/karate-dummyjson/target/test-classes:/Users/devo/KarateAPIProject/karate-dummyjson/target/classes:/Users/devo/.m2/repository/junit/junit/3.8.1/junit-3.8.1.jar:/Users/devo/.m2/repository/com/intuit/karate/karate-junit5/1.4.1/karate-junit5-1.4.1.jar:/Users/devo/.m2/repository/com/intuit/karate/karate-core/1.4.1/karate-core-1.4.1.jar:/Users/devo/.m2/repository/org/graalvm/js/js-scriptengine/22.3.3/js-scriptengine-22.3.3.jar:/Users/devo/.m2/repository/org/graalvm/sdk/graal-sdk/22.3.3/graal-sdk-22.3.3.jar:/Users/devo/.m2/repository/org/graalvm/js/js/22.3.3/js-22.3.3.jar:/Users/devo/.m2/repository/org/graalvm/regex/regex/22.3.3/regex-22.3.3.jar:/Users/devo/.m2/repository/org/graalvm/truffle/truffle-api/22.3.3/truffle-api-22.3.3.jar:/Users/devo/.m2/repository/com/ibm/icu/icu4j/71.1/icu4j-71.1.jar:/Users/devo/.m2/repository/org/thymeleaf/thymeleaf/3.1.2.RELEASE/thymeleaf-3.1.2.RELEASE.jar:/Users/devo/.m2/repository/ognl/ognl/3.3.4/ognl-3.3.4.jar:/Users/devo/.m2/repository/org/javassist/javassist/3.29.0-GA/javassist-3.29.0-GA.jar:/Users/devo/.m2/repository/org/attoparser/attoparser/2.0.7.RELEASE/attoparser-2.0.7.RELEASE.jar:/Users/devo/.m2/repository/org/unbescape/unbescape/1.1.6.RELEASE/unbescape-1.1.6.RELEASE.jar:/Users/devo/.m2/repository/org/slf4j/slf4j-api/2.0.7/slf4j-api-2.0.7.jar:/Users/devo/.m2/repository/com/linecorp/armeria/armeria/1.25.2/armeria-1.25.2.jar:/Users/devo/.m2/repository/com/fasterxml/jackson/core/jackson-core/2.15.2/jackson-core-2.15.2.jar:/Users/devo/.m2/repository/com/fasterxml/jackson/core/jackson-annotations/2.15.2/jackson-annotations-2.15.2.jar:/Users/devo/.m2/repository/com/fasterxml/jackson/core/jackson-databind/2.15.2/jackson-databind-2.15.2.jar:/Users/devo/.m2/repository/com/fasterxml/jackson/datatype/jackson-datatype-jdk8/2.15.2/jackson-datatype-jdk8-2.15.2.jar:/Users/devo/.m2/repository/com/fasterxml/jackson/datatype/jackson-datatype-jsr310/2.15.2/jackson-datatype-jsr310-2.15.2.jar:/Users/devo/.m2/repository/io/micrometer/micrometer-core/1.11.3/micrometer-core-1.11.3.jar:/Users/devo/.m2/repository/io/micrometer/micrometer-commons/1.11.3/micrometer-commons-1.11.3.jar:/Users/devo/.m2/repository/io/micrometer/micrometer-observation/1.11.3/micrometer-observation-1.11.3.jar:/Users/devo/.m2/repository/org/hdrhistogram/HdrHistogram/2.1.12/HdrHistogram-2.1.12.jar:/Users/devo/.m2/repository/org/latencyutils/LatencyUtils/2.0.3/LatencyUtils-2.0.3.jar:/Users/devo/.m2/repository/io/netty/netty-transport/4.1.96.Final/netty-transport-4.1.96.Final.jar:/Users/devo/.m2/repository/io/netty/netty-common/4.1.96.Final/netty-common-4.1.96.Final.jar:/Users/devo/.m2/repository/io/netty/netty-buffer/4.1.96.Final/netty-buffer-4.1.96.Final.jar:/Users/devo/.m2/repository/io/netty/netty-resolver/4.1.96.Final/netty-resolver-4.1.96.Final.jar:/Users/devo/.m2/repository/io/netty/netty-codec-haproxy/4.1.96.Final/netty-codec-haproxy-4.1.96.Final.jar:/Users/devo/.m2/repository/io/netty/netty-codec/4.1.96.Final/netty-codec-4.1.96.Final.jar:/Users/devo/.m2/repository/io/netty/netty-codec-http2/4.1.96.Final/netty-codec-http2-4.1.96.Final.jar:/Users/devo/.m2/repository/io/netty/netty-handler/4.1.96.Final/netty-handler-4.1.96.Final.jar:/Users/devo/.m2/repository/io/netty/netty-codec-http/4.1.96.Final/netty-codec-http-4.1.96.Final.jar:/Users/devo/.m2/repository/io/netty/netty-resolver-dns/4.1.96.Final/netty-resolver-dns-4.1.96.Final.jar:/Users/devo/.m2/repository/io/netty/netty-codec-dns/4.1.96.Final/netty-codec-dns-4.1.96.Final.jar:/Users/devo/.m2/repository/org/reactivestreams/reactive-streams/1.0.4/reactive-streams-1.0.4.jar:/Users/devo/.m2/repository/com/google/code/findbugs/jsr305/3.0.2/jsr305-3.0.2.jar:/Users/devo/.m2/repository/io/netty/netty-handler-proxy/4.1.96.Final/netty-handler-proxy-4.1.96.Final.jar:/Users/devo/.m2/repository/io/netty/netty-codec-socks/4.1.96.Final/netty-codec-socks-4.1.96.Final.jar:/Users/devo/.m2/repository/io/netty/netty-transport-native-unix-common/4.1.96.Final/netty-transport-native-unix-common-4.1.96.Final-linux-x86_64.jar:/Users/devo/.m2/repository/io/netty/netty-transport-native-epoll/4.1.96.Final/netty-transport-native-epoll-4.1.96.Final-linux-x86_64.jar:/Users/devo/.m2/repository/io/netty/netty-transport-native-unix-common/4.1.96.Final/netty-transport-native-unix-common-4.1.96.Final.jar:/Users/devo/.m2/repository/io/netty/netty-transport-classes-epoll/4.1.96.Final/netty-transport-classes-epoll-4.1.96.Final.jar:/Users/devo/.m2/repository/io/netty/netty-transport-native-unix-common/4.1.96.Final/netty-transport-native-unix-common-4.1.96.Final-linux-aarch_64.jar:/Users/devo/.m2/repository/io/netty/netty-transport-native-epoll/4.1.96.Final/netty-transport-native-epoll-4.1.96.Final-linux-aarch_64.jar:/Users/devo/.m2/repository/io/netty/netty-transport-native-unix-common/4.1.96.Final/netty-transport-native-unix-common-4.1.96.Final-osx-x86_64.jar:/Users/devo/.m2/repository/io/netty/netty-transport-native-kqueue/4.1.96.Final/netty-transport-native-kqueue-4.1.96.Final-osx-x86_64.jar:/Users/devo/.m2/repository/io/netty/netty-transport-classes-kqueue/4.1.96.Final/netty-transport-classes-kqueue-4.1.96.Final.jar:/Users/devo/.m2/repository/io/netty/netty-resolver-dns-native-macos/4.1.96.Final/netty-resolver-dns-native-macos-4.1.96.Final-osx-x86_64.jar:/Users/devo/.m2/repository/io/netty/netty-resolver-dns-classes-macos/4.1.96.Final/netty-resolver-dns-classes-macos-4.1.96.Final.jar:/Users/devo/.m2/repository/io/netty/netty-transport-native-unix-common/4.1.96.Final/netty-transport-native-unix-common-4.1.96.Final-osx-aarch_64.jar:/Users/devo/.m2/repository/io/netty/netty-transport-native-kqueue/4.1.96.Final/netty-transport-native-kqueue-4.1.96.Final-osx-aarch_64.jar:/Users/devo/.m2/repository/io/netty/netty-resolver-dns-native-macos/4.1.96.Final/netty-resolver-dns-native-macos-4.1.96.Final-osx-aarch_64.jar:/Users/devo/.m2/repository/io/netty/netty-tcnative-boringssl-static/2.0.61.Final/netty-tcnative-boringssl-static-2.0.61.Final-linux-x86_64.jar:/Users/devo/.m2/repository/io/netty/netty-tcnative-classes/2.0.61.Final/netty-tcnative-classes-2.0.61.Final.jar:/Users/devo/.m2/repository/io/netty/netty-tcnative-boringssl-static/2.0.61.Final/netty-tcnative-boringssl-static-2.0.61.Final-linux-aarch_64.jar:/Users/devo/.m2/repository/io/netty/netty-tcnative-boringssl-static/2.0.61.Final/netty-tcnative-boringssl-static-2.0.61.Final-osx-x86_64.jar:/Users/devo/.m2/repository/io/netty/netty-tcnative-boringssl-static/2.0.61.Final/netty-tcnative-boringssl-static-2.0.61.Final-osx-aarch_64.jar:/Users/devo/.m2/repository/io/netty/netty-tcnative-boringssl-static/2.0.61.Final/netty-tcnative-boringssl-static-2.0.61.Final-windows-x86_64.jar:/Users/devo/.m2/repository/com/aayushatharva/brotli4j/brotli4j/1.12.0/brotli4j-1.12.0.jar:/Users/devo/.m2/repository/com/aayushatharva/brotli4j/service/1.12.0/service-1.12.0.jar:/Users/devo/.m2/repository/com/aayushatharva/brotli4j/native-osx-aarch64/1.12.0/native-osx-aarch64-1.12.0.jar:/Users/devo/.m2/repository/org/apache/httpcomponents/httpclient/4.5.14/httpclient-4.5.14.jar:/Users/devo/.m2/repository/org/apache/httpcomponents/httpcore/4.4.16/httpcore-4.4.16.jar:/Users/devo/.m2/repository/commons-codec/commons-codec/1.16.0/commons-codec-1.16.0.jar:/Users/devo/.m2/repository/ch/qos/logback/logback-classic/1.4.11/logback-classic-1.4.11.jar:/Users/devo/.m2/repository/ch/qos/logback/logback-core/1.4.11/logback-core-1.4.11.jar:/Users/devo/.m2/repository/org/slf4j/jcl-over-slf4j/2.0.9/jcl-over-slf4j-2.0.9.jar:/Users/devo/.m2/repository/org/antlr/antlr4-runtime/4.11.1/antlr4-runtime-4.11.1.jar:/Users/devo/.m2/repository/com/jayway/jsonpath/json-path/2.8.0/json-path-2.8.0.jar:/Users/devo/.m2/repository/net/minidev/json-smart/2.4.10/json-smart-2.4.10.jar:/Users/devo/.m2/repository/net/minidev/accessors-smart/2.4.9/accessors-smart-2.4.9.jar:/Users/devo/.m2/repository/org/ow2/asm/asm/9.3/asm-9.3.jar:/Users/devo/.m2/repository/org/yaml/snakeyaml/2.0/snakeyaml-2.0.jar:/Users/devo/.m2/repository/de/siegmar/fastcsv/2.2.1/fastcsv-2.2.1.jar:/Users/devo/.m2/repository/info/picocli/picocli/4.7.1/picocli-4.7.1.jar:/Users/devo/.m2/repository/io/github/classgraph/classgraph/4.8.160/classgraph-4.8.160.jar:/Users/devo/.m2/repository/io/github/t12y/resemble/1.0.2/resemble-1.0.2.jar:/Users/devo/.m2/repository/io/github/t12y/ssim/1.0.0/ssim-1.0.0.jar:/Users/devo/.m2/repository/org/junit/jupiter/junit-jupiter-api/5.9.3/junit-jupiter-api-5.9.3.jar:/Users/devo/.m2/repository/org/opentest4j/opentest4j/1.2.0/opentest4j-1.2.0.jar:/Users/devo/.m2/repository/org/junit/platform/junit-platform-commons/1.9.3/junit-platform-commons-1.9.3.jar:/Users/devo/.m2/repository/org/apiguardian/apiguardian-api/1.1.2/apiguardian-api-1.1.2.jar:/Users/devo/.m2/repository/org/junit/jupiter/junit-jupiter-engine/5.9.3/junit-jupiter-engine-5.9.3.jar:/Users/devo/.m2/repository/org/junit/platform/junit-platform-engine/1.9.3/junit-platform-engine-1.9.3.jar:"/>
    <property name="java.vm.vendor" value="Eclipse Adoptium"/>
    <property name="sun.arch.data.model" value="64"/>
    <property name="java.vendor.url" value="https://adoptium.net/"/>
    <property name="user.timezone" value="Asia/Jakarta"/>
    <property name="os.name" value="Mac OS X"/>
    <property name="java.vm.specification.version" value="21"/>
    <property name="sun.java.launcher" value="SUN_STANDARD"/>
    <property name="user.country" value="ID"/>
    <property name="sun.boot.library.path" value="/Library/Java/JavaVirtualMachines/temurin-21.jdk/Contents/Home/lib"/>
    <property name="sun.java.command" value="/Users/devo/KarateAPIProject/karate-dummyjson/target/surefire/surefirebooter-20250803175609926_3.jar /Users/devo/KarateAPIProject/karate-dummyjson/target/surefire 2025-08-03T17-56-09_871-jvmRun1 surefire-20250803175609926_1tmp surefire_0-20250803175609926_2tmp"/>
    <property name="http.nonProxyHosts" value="local|*.local|169.254/16|*.169.254/16"/>
    <property name="jdk.debug" value="release"/>
    <property name="test" value="dummyjson.UsersRunner"/>
    <property name="surefire.test.class.path" value="/Users/devo/KarateAPIProject/karate-dummyjson/target/test-classes:/Users/devo/KarateAPIProject/karate-dummyjson/target/classes:/Users/devo/.m2/repository/junit/junit/3.8.1/junit-3.8.1.jar:/Users/devo/.m2/repository/com/intuit/karate/karate-junit5/1.4.1/karate-junit5-1.4.1.jar:/Users/devo/.m2/repository/com/intuit/karate/karate-core/1.4.1/karate-core-1.4.1.jar:/Users/devo/.m2/repository/org/graalvm/js/js-scriptengine/22.3.3/js-scriptengine-22.3.3.jar:/Users/devo/.m2/repository/org/graalvm/sdk/graal-sdk/22.3.3/graal-sdk-22.3.3.jar:/Users/devo/.m2/repository/org/graalvm/js/js/22.3.3/js-22.3.3.jar:/Users/devo/.m2/repository/org/graalvm/regex/regex/22.3.3/regex-22.3.3.jar:/Users/devo/.m2/repository/org/graalvm/truffle/truffle-api/22.3.3/truffle-api-22.3.3.jar:/Users/devo/.m2/repository/com/ibm/icu/icu4j/71.1/icu4j-71.1.jar:/Users/devo/.m2/repository/org/thymeleaf/thymeleaf/3.1.2.RELEASE/thymeleaf-3.1.2.RELEASE.jar:/Users/devo/.m2/repository/ognl/ognl/3.3.4/ognl-3.3.4.jar:/Users/devo/.m2/repository/org/javassist/javassist/3.29.0-GA/javassist-3.29.0-GA.jar:/Users/devo/.m2/repository/org/attoparser/attoparser/2.0.7.RELEASE/attoparser-2.0.7.RELEASE.jar:/Users/devo/.m2/repository/org/unbescape/unbescape/1.1.6.RELEASE/unbescape-1.1.6.RELEASE.jar:/Users/devo/.m2/repository/org/slf4j/slf4j-api/2.0.7/slf4j-api-2.0.7.jar:/Users/devo/.m2/repository/com/linecorp/armeria/armeria/1.25.2/armeria-1.25.2.jar:/Users/devo/.m2/repository/com/fasterxml/jackson/core/jackson-core/2.15.2/jackson-core-2.15.2.jar:/Users/devo/.m2/repository/com/fasterxml/jackson/core/jackson-annotations/2.15.2/jackson-annotations-2.15.2.jar:/Users/devo/.m2/repository/com/fasterxml/jackson/core/jackson-databind/2.15.2/jackson-databind-2.15.2.jar:/Users/devo/.m2/repository/com/fasterxml/jackson/datatype/jackson-datatype-jdk8/2.15.2/jackson-datatype-jdk8-2.15.2.jar:/Users/devo/.m2/repository/com/fasterxml/jackson/datatype/jackson-datatype-jsr310/2.15.2/jackson-datatype-jsr310-2.15.2.jar:/Users/devo/.m2/repository/io/micrometer/micrometer-core/1.11.3/micrometer-core-1.11.3.jar:/Users/devo/.m2/repository/io/micrometer/micrometer-commons/1.11.3/micrometer-commons-1.11.3.jar:/Users/devo/.m2/repository/io/micrometer/micrometer-observation/1.11.3/micrometer-observation-1.11.3.jar:/Users/devo/.m2/repository/org/hdrhistogram/HdrHistogram/2.1.12/HdrHistogram-2.1.12.jar:/Users/devo/.m2/repository/org/latencyutils/LatencyUtils/2.0.3/LatencyUtils-2.0.3.jar:/Users/devo/.m2/repository/io/netty/netty-transport/4.1.96.Final/netty-transport-4.1.96.Final.jar:/Users/devo/.m2/repository/io/netty/netty-common/4.1.96.Final/netty-common-4.1.96.Final.jar:/Users/devo/.m2/repository/io/netty/netty-buffer/4.1.96.Final/netty-buffer-4.1.96.Final.jar:/Users/devo/.m2/repository/io/netty/netty-resolver/4.1.96.Final/netty-resolver-4.1.96.Final.jar:/Users/devo/.m2/repository/io/netty/netty-codec-haproxy/4.1.96.Final/netty-codec-haproxy-4.1.96.Final.jar:/Users/devo/.m2/repository/io/netty/netty-codec/4.1.96.Final/netty-codec-4.1.96.Final.jar:/Users/devo/.m2/repository/io/netty/netty-codec-http2/4.1.96.Final/netty-codec-http2-4.1.96.Final.jar:/Users/devo/.m2/repository/io/netty/netty-handler/4.1.96.Final/netty-handler-4.1.96.Final.jar:/Users/devo/.m2/repository/io/netty/netty-codec-http/4.1.96.Final/netty-codec-http-4.1.96.Final.jar:/Users/devo/.m2/repository/io/netty/netty-resolver-dns/4.1.96.Final/netty-resolver-dns-4.1.96.Final.jar:/Users/devo/.m2/repository/io/netty/netty-codec-dns/4.1.96.Final/netty-codec-dns-4.1.96.Final.jar:/Users/devo/.m2/repository/org/reactivestreams/reactive-streams/1.0.4/reactive-streams-1.0.4.jar:/Users/devo/.m2/repository/com/google/code/findbugs/jsr305/3.0.2/jsr305-3.0.2.jar:/Users/devo/.m2/repository/io/netty/netty-handler-proxy/4.1.96.Final/netty-handler-proxy-4.1.96.Final.jar:/Users/devo/.m2/repository/io/netty/netty-codec-socks/4.1.96.Final/netty-codec-socks-4.1.96.Final.jar:/Users/devo/.m2/repository/io/netty/netty-transport-native-unix-common/4.1.96.Final/netty-transport-native-unix-common-4.1.96.Final-linux-x86_64.jar:/Users/devo/.m2/repository/io/netty/netty-transport-native-epoll/4.1.96.Final/netty-transport-native-epoll-4.1.96.Final-linux-x86_64.jar:/Users/devo/.m2/repository/io/netty/netty-transport-native-unix-common/4.1.96.Final/netty-transport-native-unix-common-4.1.96.Final.jar:/Users/devo/.m2/repository/io/netty/netty-transport-classes-epoll/4.1.96.Final/netty-transport-classes-epoll-4.1.96.Final.jar:/Users/devo/.m2/repository/io/netty/netty-transport-native-unix-common/4.1.96.Final/netty-transport-native-unix-common-4.1.96.Final-linux-aarch_64.jar:/Users/devo/.m2/repository/io/netty/netty-transport-native-epoll/4.1.96.Final/netty-transport-native-epoll-4.1.96.Final-linux-aarch_64.jar:/Users/devo/.m2/repository/io/netty/netty-transport-native-unix-common/4.1.96.Final/netty-transport-native-unix-common-4.1.96.Final-osx-x86_64.jar:/Users/devo/.m2/repository/io/netty/netty-transport-native-kqueue/4.1.96.Final/netty-transport-native-kqueue-4.1.96.Final-osx-x86_64.jar:/Users/devo/.m2/repository/io/netty/netty-transport-classes-kqueue/4.1.96.Final/netty-transport-classes-kqueue-4.1.96.Final.jar:/Users/devo/.m2/repository/io/netty/netty-resolver-dns-native-macos/4.1.96.Final/netty-resolver-dns-native-macos-4.1.96.Final-osx-x86_64.jar:/Users/devo/.m2/repository/io/netty/netty-resolver-dns-classes-macos/4.1.96.Final/netty-resolver-dns-classes-macos-4.1.96.Final.jar:/Users/devo/.m2/repository/io/netty/netty-transport-native-unix-common/4.1.96.Final/netty-transport-native-unix-common-4.1.96.Final-osx-aarch_64.jar:/Users/devo/.m2/repository/io/netty/netty-transport-native-kqueue/4.1.96.Final/netty-transport-native-kqueue-4.1.96.Final-osx-aarch_64.jar:/Users/devo/.m2/repository/io/netty/netty-resolver-dns-native-macos/4.1.96.Final/netty-resolver-dns-native-macos-4.1.96.Final-osx-aarch_64.jar:/Users/devo/.m2/repository/io/netty/netty-tcnative-boringssl-static/2.0.61.Final/netty-tcnative-boringssl-static-2.0.61.Final-linux-x86_64.jar:/Users/devo/.m2/repository/io/netty/netty-tcnative-classes/2.0.61.Final/netty-tcnative-classes-2.0.61.Final.jar:/Users/devo/.m2/repository/io/netty/netty-tcnative-boringssl-static/2.0.61.Final/netty-tcnative-boringssl-static-2.0.61.Final-linux-aarch_64.jar:/Users/devo/.m2/repository/io/netty/netty-tcnative-boringssl-static/2.0.61.Final/netty-tcnative-boringssl-static-2.0.61.Final-osx-x86_64.jar:/Users/devo/.m2/repository/io/netty/netty-tcnative-boringssl-static/2.0.61.Final/netty-tcnative-boringssl-static-2.0.61.Final-osx-aarch_64.jar:/Users/devo/.m2/repository/io/netty/netty-tcnative-boringssl-static/2.0.61.Final/netty-tcnative-boringssl-static-2.0.61.Final-windows-x86_64.jar:/Users/devo/.m2/repository/com/aayushatharva/brotli4j/brotli4j/1.12.0/brotli4j-1.12.0.jar:/Users/devo/.m2/repository/com/aayushatharva/brotli4j/service/1.12.0/service-1.12.0.jar:/Users/devo/.m2/repository/com/aayushatharva/brotli4j/native-osx-aarch64/1.12.0/native-osx-aarch64-1.12.0.jar:/Users/devo/.m2/repository/org/apache/httpcomponents/httpclient/4.5.14/httpclient-4.5.14.jar:/Users/devo/.m2/repository/org/apache/httpcomponents/httpcore/4.4.16/httpcore-4.4.16.jar:/Users/devo/.m2/repository/commons-codec/commons-codec/1.16.0/commons-codec-1.16.0.jar:/Users/devo/.m2/repository/ch/qos/logback/logback-classic/1.4.11/logback-classic-1.4.11.jar:/Users/devo/.m2/repository/ch/qos/logback/logback-core/1.4.11/logback-core-1.4.11.jar:/Users/devo/.m2/repository/org/slf4j/jcl-over-slf4j/2.0.9/jcl-over-slf4j-2.0.9.jar:/Users/devo/.m2/repository/org/antlr/antlr4-runtime/4.11.1/antlr4-runtime-4.11.1.jar:/Users/devo/.m2/repository/com/jayway/jsonpath/json-path/2.8.0/json-path-2.8.0.jar:/Users/devo/.m2/repository/net/minidev/json-smart/2.4.10/json-smart-2.4.10.jar:/Users/devo/.m2/repository/net/minidev/accessors-smart/2.4.9/accessors-smart-2.4.9.jar:/Users/devo/.m2/repository/org/ow2/asm/asm/9.3/asm-9.3.jar:/Users/devo/.m2/repository/org/yaml/snakeyaml/2.0/snakeyaml-2.0.jar:/Users/devo/.m2/repository/de/siegmar/fastcsv/2.2.1/fastcsv-2.2.1.jar:/Users/devo/.m2/repository/info/picocli/picocli/4.7.1/picocli-4.7.1.jar:/Users/devo/.m2/repository/io/github/classgraph/classgraph/4.8.160/classgraph-4.8.160.jar:/Users/devo/.m2/repository/io/github/t12y/resemble/1.0.2/resemble-1.0.2.jar:/Users/devo/.m2/repository/io/github/t12y/ssim/1.0.0/ssim-1.0.0.jar:/Users/devo/.m2/repository/org/junit/jupiter/junit-jupiter-api/5.9.3/junit-jupiter-api-5.9.3.jar:/Users/devo/.m2/repository/org/opentest4j/opentest4j/1.2.0/opentest4j-1.2.0.jar:/Users/devo/.m2/repository/org/junit/platform/junit-platform-commons/1.9.3/junit-platform-commons-1.9.3.jar:/Users/devo/.m2/repository/org/apiguardian/apiguardian-api/1.1.2/apiguardian-api-1.1.2.jar:/Users/devo/.m2/repository/org/junit/jupiter/junit-jupiter-engine/5.9.3/junit-jupiter-engine-5.9.3.jar:/Users/devo/.m2/repository/org/junit/platform/junit-platform-engine/1.9.3/junit-platform-engine-1.9.3.jar:"/>
    <property name="sun.cpu.endian" value="little"/>
    <property name="user.home" value="/Users/devo"/>
    <property name="user.language" value="en"/>
    <property name="java.specification.vendor" value="Oracle Corporation"/>
    <property name="java.version.date" value="2025-07-15"/>
    <property name="java.home" value="/Library/Java/JavaVirtualMachines/temurin-21.jdk/Contents/Home"/>
    <property name="file.separator" value="/"/>
    <property name="basedir" value="/Users/devo/KarateAPIProject/karate-dummyjson"/>
    <property name="java.vm.compressedOopsMode" value="Zero based"/>
    <property name="line.separator" value="&#10;"/>
    <property name="java.vm.specification.vendor" value="Oracle Corporation"/>
    <property name="java.specification.name" value="Java Platform API Specification"/>
    <property name="apple.awt.application.name" value="ForkedBooter"/>
    <property name="surefire.real.class.path" value="/Users/devo/KarateAPIProject/karate-dummyjson/target/surefire/surefirebooter-20250803175609926_3.jar"/>
    <property name="sun.management.compiler" value="HotSpot 64-Bit Tiered Compilers"/>
    <property name="ftp.nonProxyHosts" value="local|*.local|169.254/16|*.169.254/16"/>
    <property name="java.runtime.version" value="21.0.8+9-LTS"/>
    <property name="user.name" value="devo"/>
    <property name="stdout.encoding" value="UTF-8"/>
    <property name="path.separator" value=":"/>
    <property name="os.version" value="15.5"/>
    <property name="java.runtime.name" value="OpenJDK Runtime Environment"/>
    <property name="file.encoding" value="UTF-8"/>
    <property name="java.vm.name" value="OpenJDK 64-Bit Server VM"/>
    <property name="java.vendor.version" value="Temurin-21.0.8+9"/>
    <property name="localRepository" value="/Users/devo/.m2/repository"/>
    <property name="java.vendor.url.bug" value="https://github.com/adoptium/adoptium-support/issues"/>
    <property name="java.io.tmpdir" value="/var/folders/9n/qdd87m_d27v106zr8rs1f1b00000gn/T/"/>
    <property name="java.version" value="21.0.8"/>
    <property name="user.dir" value="/Users/devo/KarateAPIProject/karate-dummyjson"/>
    <property name="os.arch" value="aarch64"/>
    <property name="java.vm.specification.name" value="Java Virtual Machine Specification"/>
    <property name="native.encoding" value="UTF-8"/>
    <property name="java.library.path" value="/Users/devo/Library/Java/Extensions:/Library/Java/Extensions:/Network/Library/Java/Extensions:/System/Library/Java/Extensions:/usr/lib/java:."/>
    <property name="java.vm.info" value="mixed mode, sharing"/>
    <property name="stderr.encoding" value="UTF-8"/>
    <property name="java.vendor" value="Eclipse Adoptium"/>
    <property name="java.vm.version" value="21.0.8+9-LTS"/>
    <property name="sun.io.unicode.encoding" value="UnicodeBig"/>
    <property name="socksNonProxyHosts" value="local|*.local|169.254/16|*.169.254/16"/>
    <property name="java.class.version" value="65.0"/>
  </properties>
  <testcase name="[1:6] Get All Users" classname="dummyjson/Users" time="1.513">
    <system-out><![CDATA[17:56:10.896 [main] DEBUG com.intuit.karate.Suite -- [config] classpath:karate-config.js
17:56:11.794 [main] DEBUG org.apache.http.client.protocol.RequestAddCookies -- CookieSpec selected: karate
17:56:11.797 [main] DEBUG org.apache.http.client.protocol.RequestAuthCache -- Auth cache not set in the context
17:56:11.799 [main] DEBUG com.intuit.karate -- request:
1 > GET https://dummyjson.com/users
1 > Host: dummyjson.com
1 > Connection: Keep-Alive
1 > User-Agent: Apache-HttpClient/4.5.14 (Java/21.0.8)
1 > Accept-Encoding: gzip,deflate


17:56:11.800 [main] DEBUG org.apache.http.impl.conn.PoolingHttpClientConnectionManager -- Connection request: [route: {s}->https://dummyjson.com:443][total available: 0; route allocated: 0 of 5; total allocated: 0 of 10]
17:56:11.812 [main] DEBUG org.apache.http.impl.conn.PoolingHttpClientConnectionManager -- Connection leased: [id: 0][route: {s}->https://dummyjson.com:443][total available: 0; route allocated: 1 of 5; total allocated: 1 of 10]
17:56:11.813 [main] DEBUG org.apache.http.impl.execchain.MainClientExec -- Opening connection {s}->https://dummyjson.com:443
17:56:12.125 [main] DEBUG org.apache.http.impl.conn.DefaultHttpClientConnectionOperator -- Connecting to dummyjson.com/66.33.22.3:443
17:56:12.125 [main] DEBUG org.apache.http.conn.ssl.SSLConnectionSocketFactory -- Connecting socket to dummyjson.com/66.33.22.3:443 with timeout 30000
17:56:12.186 [main] DEBUG org.apache.http.conn.ssl.SSLConnectionSocketFactory -- Enabled protocols: [TLSv1.3, TLSv1.2]
17:56:12.186 [main] DEBUG org.apache.http.conn.ssl.SSLConnectionSocketFactory -- Enabled cipher suites:[TLS_AES_256_GCM_SHA384, TLS_AES_128_GCM_SHA256, TLS_CHACHA20_POLY1305_SHA256, TLS_ECDHE_ECDSA_WITH_AES_256_GCM_SHA384, TLS_ECDHE_ECDSA_WITH_AES_128_GCM_SHA256, TLS_ECDHE_ECDSA_WITH_CHACHA20_POLY1305_SHA256, TLS_ECDHE_RSA_WITH_AES_256_GCM_SHA384, TLS_ECDHE_RSA_WITH_CHACHA20_POLY1305_SHA256, TLS_ECDHE_RSA_WITH_AES_128_GCM_SHA256, TLS_DHE_RSA_WITH_AES_256_GCM_SHA384, TLS_DHE_RSA_WITH_CHACHA20_POLY1305_SHA256, TLS_DHE_DSS_WITH_AES_256_GCM_SHA384, TLS_DHE_RSA_WITH_AES_128_GCM_SHA256, TLS_DHE_DSS_WITH_AES_128_GCM_SHA256, TLS_ECDHE_ECDSA_WITH_AES_256_CBC_SHA384, TLS_ECDHE_RSA_WITH_AES_256_CBC_SHA384, TLS_ECDHE_ECDSA_WITH_AES_128_CBC_SHA256, TLS_ECDHE_RSA_WITH_AES_128_CBC_SHA256, TLS_DHE_RSA_WITH_AES_256_CBC_SHA256, TLS_DHE_DSS_WITH_AES_256_CBC_SHA256, TLS_DHE_RSA_WITH_AES_128_CBC_SHA256, TLS_DHE_DSS_WITH_AES_128_CBC_SHA256, TLS_ECDHE_ECDSA_WITH_AES_256_CBC_SHA, TLS_ECDHE_RSA_WITH_AES_256_CBC_SHA, TLS_ECDHE_ECDSA_WITH_AES_128_CBC_SHA, TLS_ECDHE_RSA_WITH_AES_128_CBC_SHA, TLS_DHE_RSA_WITH_AES_256_CBC_SHA, TLS_DHE_DSS_WITH_AES_256_CBC_SHA, TLS_DHE_RSA_WITH_AES_128_CBC_SHA, TLS_DHE_DSS_WITH_AES_128_CBC_SHA, TLS_RSA_WITH_AES_256_GCM_SHA384, TLS_RSA_WITH_AES_128_GCM_SHA256, TLS_RSA_WITH_AES_256_CBC_SHA256, TLS_RSA_WITH_AES_128_CBC_SHA256, TLS_RSA_WITH_AES_256_CBC_SHA, TLS_RSA_WITH_AES_128_CBC_SHA, TLS_EMPTY_RENEGOTIATION_INFO_SCSV]
17:56:12.187 [main] DEBUG org.apache.http.conn.ssl.SSLConnectionSocketFactory -- Starting handshake
17:56:12.308 [main] DEBUG org.apache.http.conn.ssl.SSLConnectionSocketFactory -- Secure session established
17:56:12.308 [main] DEBUG org.apache.http.conn.ssl.SSLConnectionSocketFactory --  negotiated protocol: TLSv1.3
17:56:12.308 [main] DEBUG org.apache.http.conn.ssl.SSLConnectionSocketFactory --  negotiated cipher suite: TLS_AES_128_GCM_SHA256
17:56:12.308 [main] DEBUG org.apache.http.conn.ssl.SSLConnectionSocketFactory --  peer principal: CN=dummyjson.com
17:56:12.308 [main] DEBUG org.apache.http.conn.ssl.SSLConnectionSocketFactory --  peer alternative names: [dummyjson.com]
17:56:12.308 [main] DEBUG org.apache.http.conn.ssl.SSLConnectionSocketFactory --  issuer principal: CN=R11, O=Let's Encrypt, C=US
17:56:12.310 [main] DEBUG org.apache.http.impl.conn.DefaultHttpClientConnectionOperator -- Connection established 192.168.1.4:53085<->66.33.22.3:443
17:56:12.310 [main] DEBUG org.apache.http.impl.conn.DefaultManagedHttpClientConnection -- http-outgoing-0: set socket timeout to 30000
17:56:12.310 [main] DEBUG org.apache.http.impl.execchain.MainClientExec -- Executing request GET /users HTTP/1.1
17:56:12.310 [main] DEBUG org.apache.http.impl.execchain.MainClientExec -- Target auth state: UNCHALLENGED
17:56:12.310 [main] DEBUG org.apache.http.impl.execchain.MainClientExec -- Proxy auth state: UNCHALLENGED
17:56:12.311 [main] DEBUG org.apache.http.headers -- http-outgoing-0 >> GET /users HTTP/1.1
17:56:12.311 [main] DEBUG org.apache.http.headers -- http-outgoing-0 >> Host: dummyjson.com
17:56:12.311 [main] DEBUG org.apache.http.headers -- http-outgoing-0 >> Connection: Keep-Alive
17:56:12.311 [main] DEBUG org.apache.http.headers -- http-outgoing-0 >> User-Agent: Apache-HttpClient/4.5.14 (Java/21.0.8)
17:56:12.311 [main] DEBUG org.apache.http.headers -- http-outgoing-0 >> Accept-Encoding: gzip,deflate
17:56:12.311 [main] DEBUG org.apache.http.wire -- http-outgoing-0 >> "GET /users HTTP/1.1[\r][\n]"
17:56:12.311 [main] DEBUG org.apache.http.wire -- http-outgoing-0 >> "Host: dummyjson.com[\r][\n]"
17:56:12.311 [main] DEBUG org.apache.http.wire -- http-outgoing-0 >> "Connection: Keep-Alive[\r][\n]"
17:56:12.311 [main] DEBUG org.apache.http.wire -- http-outgoing-0 >> "User-Agent: Apache-HttpClient/4.5.14 (Java/21.0.8)[\r][\n]"
17:56:12.311 [main] DEBUG org.apache.http.wire -- http-outgoing-0 >> "Accept-Encoding: gzip,deflate[\r][\n]"
17:56:12.311 [main] DEBUG org.apache.http.wire -- http-outgoing-0 >> "[\r][\n]"
17:56:12.336 [main] DEBUG org.apache.http.wire -- http-outgoing-0 << "HTTP/1.1 200 OK[\r][\n]"
17:56:12.336 [main] DEBUG org.apache.http.wire -- http-outgoing-0 << "Access-Control-Allow-Origin: *[\r][\n]"
17:56:12.337 [main] DEBUG org.apache.http.wire -- http-outgoing-0 << "Content-Encoding: gzip[\r][\n]"
17:56:12.337 [main] DEBUG org.apache.http.wire -- http-outgoing-0 << "Content-Type: application/json; charset=utf-8[\r][\n]"
17:56:12.337 [main] DEBUG org.apache.http.wire -- http-outgoing-0 << "Date: Sun, 03 Aug 2025 10:56:12 GMT[\r][\n]"
17:56:12.337 [main] DEBUG org.apache.http.wire -- http-outgoing-0 << "Etag: W/"a36f-Hyqmc+8fsEhjdF4H4imH3z/VXKo"[\r][\n]"
17:56:12.337 [main] DEBUG org.apache.http.wire -- http-outgoing-0 << "Server: railway-edge[\r][\n]"
17:56:12.337 [main] DEBUG org.apache.http.wire -- http-outgoing-0 << "Strict-Transport-Security: max-age=15552000; includeSubDomains[\r][\n]"
17:56:12.337 [main] DEBUG org.apache.http.wire -- http-outgoing-0 << "Vary: Accept-Encoding[\r][\n]"
17:56:12.338 [main] DEBUG org.apache.http.wire -- http-outgoing-0 << "X-Content-Type-Options: nosniff[\r][\n]"
17:56:12.338 [main] DEBUG org.apache.http.wire -- http-outgoing-0 << "X-Dns-Prefetch-Control: off[\r][\n]"
17:56:12.338 [main] DEBUG org.apache.http.wire -- http-outgoing-0 << "X-Download-Options: noopen[\r][\n]"
17:56:12.338 [main] DEBUG org.apache.http.wire -- http-outgoing-0 << "X-Frame-Options: SAMEORIGIN[\r][\n]"
17:56:12.338 [main] DEBUG org.apache.http.wire -- http-outgoing-0 << "X-Powered-By: Cats on Keyboards[\r][\n]"
17:56:12.338 [main] DEBUG org.apache.http.wire -- http-outgoing-0 << "X-Railway-Edge: railway/asia-southeast1-eqsg3a[\r][\n]"
17:56:12.338 [main] DEBUG org.apache.http.wire -- http-outgoing-0 << "X-Railway-Request-Id: v9IZwNVwTLm9mZvWDcO5xA[\r][\n]"
17:56:12.338 [main] DEBUG org.apache.http.wire -- http-outgoing-0 << "X-Ratelimit-Limit: 100[\r][\n]"
17:56:12.338 [main] DEBUG org.apache.http.wire -- http-outgoing-0 << "X-Ratelimit-Remaining: 99[\r][\n]"
17:56:12.338 [main] DEBUG org.apache.http.wire -- http-outgoing-0 << "X-Ratelimit-Reset: 1754218582[\r][\n]"
17:56:12.338 [main] DEBUG org.apache.http.wire -- http-outgoing-0 << "X-Xss-Protection: 1; mode=block[\r][\n]"
17:56:12.338 [main] DEBUG org.apache.http.wire -- http-outgoing-0 << "Transfer-Encoding: chunked[\r][\n]"
17:56:12.338 [main] DEBUG org.apache.http.wire -- http-outgoing-0 << "[\r][\n]"
17:56:12.338 [main] DEBUG org.apache.http.wire -- http-outgoing-0 << "a[\r][\n]"
17:56:12.338 [main] DEBUG org.apache.http.wire -- http-outgoing-0 << "[0x1f][0x8b][0x8][0x0][0x0][0x0][0x0][0x0][0x0][0x3][\r][\n]"
17:56:12.340 [main] DEBUG org.apache.http.headers -- http-outgoing-0 << HTTP/1.1 200 OK
17:56:12.340 [main] DEBUG org.apache.http.headers -- http-outgoing-0 << Access-Control-Allow-Origin: *
17:56:12.340 [main] DEBUG org.apache.http.headers -- http-outgoing-0 << Content-Encoding: gzip
17:56:12.340 [main] DEBUG org.apache.http.headers -- http-outgoing-0 << Content-Type: application/json; charset=utf-8
17:56:12.341 [main] DEBUG org.apache.http.headers -- http-outgoing-0 << Date: Sun, 03 Aug 2025 10:56:12 GMT
17:56:12.341 [main] DEBUG org.apache.http.headers -- http-outgoing-0 << Etag: W/"a36f-Hyqmc+8fsEhjdF4H4imH3z/VXKo"
17:56:12.341 [main] DEBUG org.apache.http.headers -- http-outgoing-0 << Server: railway-edge
17:56:12.341 [main] DEBUG org.apache.http.headers -- http-outgoing-0 << Strict-Transport-Security: max-age=15552000; includeSubDomains
17:56:12.341 [main] DEBUG org.apache.http.headers -- http-outgoing-0 << Vary: Accept-Encoding
17:56:12.341 [main] DEBUG org.apache.http.headers -- http-outgoing-0 << X-Content-Type-Options: nosniff
17:56:12.341 [main] DEBUG org.apache.http.headers -- http-outgoing-0 << X-Dns-Prefetch-Control: off
17:56:12.341 [main] DEBUG org.apache.http.headers -- http-outgoing-0 << X-Download-Options: noopen
17:56:12.341 [main] DEBUG org.apache.http.headers -- http-outgoing-0 << X-Frame-Options: SAMEORIGIN
17:56:12.341 [main] DEBUG org.apache.http.headers -- http-outgoing-0 << X-Powered-By: Cats on Keyboards
17:56:12.341 [main] DEBUG org.apache.http.headers -- http-outgoing-0 << X-Railway-Edge: railway/asia-southeast1-eqsg3a
17:56:12.341 [main] DEBUG org.apache.http.headers -- http-outgoing-0 << X-Railway-Request-Id: v9IZwNVwTLm9mZvWDcO5xA
17:56:12.341 [main] DEBUG org.apache.http.headers -- http-outgoing-0 << X-Ratelimit-Limit: 100
17:56:12.341 [main] DEBUG org.apache.http.headers -- http-outgoing-0 << X-Ratelimit-Remaining: 99
17:56:12.341 [main] DEBUG org.apache.http.headers -- http-outgoing-0 << X-Ratelimit-Reset: 1754218582
17:56:12.341 [main] DEBUG org.apache.http.headers -- http-outgoing-0 << X-Xss-Protection: 1; mode=block
17:56:12.341 [main] DEBUG org.apache.http.headers -- http-outgoing-0 << Transfer-Encoding: chunked
17:56:12.343 [main] DEBUG org.apache.http.impl.execchain.MainClientExec -- Connection can be kept alive indefinitely
17:56:12.346 [main] DEBUG org.apache.http.wire -- http-outgoing-0 << "23d6[\r][\n]"
17:56:12.346 [main] DEBUG org.apache.http.wire -- http-outgoing-0 << "[0xed]}io[0xe3]H[0x96][0xed]_![0xf4][0xe1][0xa1][\n]"
17:56:12.346 [main] DEBUG org.apache.http.wire -- http-outgoing-0 << "cF[0xc6][0xbe][0xb0][0xbf]<-[0xde]-Yiy[0xcd][0xc1]`[0x10][0x96]B[0x16][0xcb][0x14][0xe9][0xa1](g[0xba][0x1a][0xf5][0xdf][0x1f][0x82][0x92]%q5[0x95][0xb5][0xbc][0xec][0xa9][0x6][0x1a][0x8d]Jf[0xea]ZV([0xe][0xf][0xcf]=[0xe7][0xc6]?[[0xcb][0x85][0x89][0x17]-[0xef]?[0xff][0xd9][0xf2]'-[0xf][0x1d][0xb4][0xa6]~[0xbc]H[0x6]znZ^[0xeb]p[0xee][0x7]o[0xad][0x83]V[0xa0]7[0x97][0xce][0xa2]Y[0xb8][0x88][0xc2][0xd6]Ak[0xae][0xfd][0x89][0x9][0xd7][0x97]Gs?[0x99][0xb5][0xe]Z[0xfa][0xc9][0xb4]<,[0xf]ZO&[0x9c][0x98][0xb8][0xe5][0xb5][0xa6]f[0xae][0x3][0xd3]:h[0x99][0xb9][0xf6][0x83][0x96][0xd7]2[0xb6]([0xf8]eU[0xe7][0xff]~[0x3][0x93][0xe5]|[0xfe][0xf6][0xcb]"[\n]"
17:56:12.346 [main] DEBUG org.apache.http.wire -- http-outgoing-0 << "[0xc1]8[0x9a][0xb7][0xe]Z/[0xb3]([0xb4]%[0xff]C"Gq[0xe6]R[0x82]\[0x2]1m[0x1d][0xa4]o6\[0xfd][0xc0][0xb4][0xca][0xc2][0xfe]s[0xbd]X|[0x8d][0xe2][0xc9][0xe6][0x9a][0xbd][0xd0]:h=[0xfa]q2[0xeb][0xe9][0xc4][0xfe]c[0xa4][0x14]w[0x99]K`[0xeb][0xa0][0xe5][0xcf][0xd3][0xf7][0xd8][0x9a]%[0xc9][0xcb][0xc2][0xfb][0xf4])[0xf3][0xe3]?[0xf9][0xe3]([0xfc][0xb4][0xaa][0xf3][0x9]ai[0xeb][0x4]Q49[0x8e][0xa3][0xe5]K[0xcb]k][0xba][0xad][0x83][0xd6][0xcc][0xf8]O[0xb3][0xa4][0xe5]!E[0x0][0xa6][0x7][0xad][0xaf][0xeb]?s[0x2][0x10]?h[0x99]7[0xd3][0x8d][0x82][0xc8][0xfe][0xee][0xc7][0xb1]1[0xf6][0xa3][0x9a]i?ny[0xff]l[0x8d][0xd7][0xd7];q[0xf4][0xd5]^O[0xde]^[0xec][[0xe9].[0xe3][0xe0][0xad][0xf5][0xdb]A[0xcb][0xb7]?[0x83]b@%@[0x10][0x2][0x82][0xed]':[0x99][0xc4]f[0xb1][0xb0]/[0xdf][0xfc]g[0x8b]c[0xee][0xf4][0xb5][0x1f]:[0xa3]$6&i[0x1d][0xb4][0xc6]~[0xf2][0xd6][0xf2]Z[0xc3]YdB[0xff][[0xeb][0xa0][0xb5]HV[0xbf]{[0xdf]_,[0xec][0xff]^^[0xfc][0xf7][0xab][0xdd]h[0x92][0xfe][0xcd][0xc8]~|[0xd1]"[0xd1][0xc1][0xfa][\n]"
17:56:12.346 [main] DEBUG org.apache.http.wire -- http-outgoing-0 << "V[0x8][0xd9][0x9f]9[0x8e][0xa2]x[0xe2][0x87]:1[0xe9][0xcf][\r]t[0xd2][0xf2]\![0x0][0xe2][0x18][0x91][0x83]V[0x10]>[0xb5]<Wa[0x0]%[0x95][0x98][0xfe]f_[0xb0][0xc][0x93][0xd8][0xbe][0x81][0x9b][0xd0]O[0xcc][0xc4][0x19]%[0xe9][0x8b][0xb3]_[0x93]q{[0xf3][0xbe][0xa9][0xf0][0xa6][0xda][0xa3][0xc8]C[0xd2]3c[0xcf]<[0xda]E[\r][0xfd]W[0x13]/V[0xef][0xff]f[0xf3][0x7]'[0x9a]:w[0xfe]b[0x1c][0x85][0xb]?t[0xdd][0xbe][0x9e][0xf8][0xab][0xef][0xdd][0xa3][0xe][0x9f][0xd3][0xf]S[0xc7][0x93][0xc3]o/~l[0xdf]9$[0x9f]0[0xb7][0xef]\[0xc7][0x93][0xc1]r[0xfe][0x98]~[0xf5][0x14][0x96]Jp[0xc8][0x19][0xa3][0x12]I[0xc4][0xd6][0xbd][0xfa][0xd4][0xf][0x83][0xc8]^X[0xc6][0xb1][0x9][0xc7][0xf6]gw[0x7][0xf][0xf6][0xfb][0xf1][0xa8][0xc3][0x96][0xd7]z[0x18][0xde][0xdc][0x9f][0x8e].;[0xa7][0xe2][0xfa][0xfa]dx[0x8e];W[0xe4][0xa4]}z[0xd1]J[0xdb][0xf9][0x8b][0xe][0xdf][0xec][0x9b][0x98][0x98][0x17][0x1d]'s[0x13]&[0xb6]b[0xf8][0xe4][0x87][0xc6][0xc4]~[0xf8][0xd4]:h[0xad][0xbf][0xa8][0xbd]([\n]"
17:56:12.347 [main] DEBUG org.apache.http.wire -- http-outgoing-0 << "[0xcc][0xdb][0x81]s[0x1e][0xfd]j[0xde][0x1c][0x1d]N[0x9c]n[0x1c][0x85]~[0xba][0xfc]~[0x12][0xa4][0x9b]G[0x7]f[0xe1][0xf4]u[0xa8][0x9f]L\[0xb5][0xe4][0x98][0x13][0xe7][0xda][0x84][0xc9][0xac][0xb0][0xe6]#[0x1d]:G[0xb1][0xe][0xc7][0xf6][0xd3][0xda]Y[0xf9][0xcd][0xa7][0x97][[0xf7][0xbb][0xd3][0xfc][0xba][0x13][0xc1][0x99][0xa8]Xw[0x81][0x80]D[0x94]a[0xf6][0xbe][0xee][0x88]#[0x80][0x18][0xc4][0x9c][0xd4]-[0xfc]o[0x7]-[0xe3][0xdb][0xf]R[0x9][0xe1]"a?[0xfb][0xc5]"[0xfd]3[0x84].S[0xd0][0xc5]R[0xad]wt[0xfb]i[0xf5][0xf1][0xf5][0xa3]_[0xfd] [0xd0][0x9f][0x18][0x80][0xce]O}=[0xf6][0xc3]$Z[0xcc][0xfe][0xe1][0x9c][0x86][0x89][0x9][0x9c][0xbe][0x1e];[0x97]#[0xe7][0xde]A[0xf0][0xbf][0x11][0xfb]o[0xf1][0xb3][0xd3]~y[0x9][0xcc][0x9d]y<[0xf7][0x93]O[0x8c][0x8]@[0xb8][0xf3][0xd3][0xf9][0xc9]u[0xff][0xe2][0xc0][0x9][0xfc]g[0xe3][0x1c][0x9b][0xf1]s[0xf4][0xb3][0xd3][0x9d][0xc5][0xd1][0xdc]|R[0x1c]@@9[0xa7]@[0x11]g[0xa4][0xa7]:[0xf6][0xd7][0xaf][0xb2][0xbf]x[0xfc][0xf6][0x92]D[0xab]-[0x9a][0xbe][0xeb][0x8e][0x9f][0xa4][0xff]u[0xd0][0xfa][0xaa][0x83][0xc0][0xd8][0xb7][0x7][0xbf]=[0xaa][0xe9][0x18]O[\r]'[0x8f]X[0xf3]1[0x84]d[0x8a][0xc6][0x4][0xd3]1y[0x9c]jF0SvH[0xa4][0xed][0xe2][0x9b][0xe4]k[0x14]?[0xdb]/E23[0xb1]Y[0xce][0x9d][0x9f][0xe][0xaf][0xba][0x18][0xfe]l[0xbf]@q[0x94][0xae][0xbb][0x9e][0xcc][0xfd][0xb0][0xf5][0xdb][0xc1][\n]"
17:56:12.347 [main] DEBUG org.apache.http.wire -- http-outgoing-0 << "{q[0x16]{[0xfb][0xfe]x[0xa6]M[0x90]E[0xdf];?[0x8]|=_[0xe4][0xe1][0xf7][0x1d]y[0x9][0xdb]A[0xde][0x1c][0xee][0xce]W[0x5][0xc1][0xd7]u[0x8d]:[0xe8][0xa5][0xca][0xc1]L[0xba][0x1c][0xb][0x97]s[0x9a][0x83][0xde]u[0xa1][0xaf]Y[0xf0]}[0xbf]Z[\n]"
17:56:12.347 [main] DEBUG org.apache.http.wire -- http-outgoing-0 << "[0xbf]R[0xb9][0xd2]E[\r][0xe1][0xf7][0xbd]R[0x19][0x0]w[0xfe]c[0x17][0x80]%[0x7][0x18]o[0x1]Xp@p[0x6][0x80][0xaf][0xcc][0xa4][0x4]~[0xdf]ay[\r][0xbf][0xa3]$[0xd6]i[0x81]w[0x4]F[0x18] [0x2][0x10][0xe2][0x0][0xd1]J[0x8]&[0x92]9G[0xfe][0xb4]d?[0x9e]D[0xcb]E[0x12][0x85];;[0xb1][0x1d][0xe8]G=[0xd7][0xb9]}[0xd8][0xbe]([0xec]C)a[0xd5]>[0xc4][0x18]H[0xc4]([0x97][0xeb]}[0x88][0x10][0x3][0x1c]J&[0xd1][0x1e][0xf8]+[0x94][0x87][0x98]'[0xa4][0xa7][0x94][0xc7][0xa1][0xa7]u[0x1e]/g~[0xb4]z[0xb1][0xb3][0x85][0xe2]J[0xd0][0xc5][0x9f][0xb0][0xc8][0x83].[0x17]DH($[0x93][0x2]#[0x8e]?[0x2][0xdd][0xd1][0xe1][0xf9][0x16]t%9[0xed]][0xb]qt[0xf7]p[0xd1]=[0xbb][0xbd][0x92][0xa7][0xa3]^[0xbb]{t[0x2][0xeb]@w[0xb4]|y[0x89][0xe2]d[0xb][0xb8][0xa3][0x17]?|[0xd6][0x8e][0xeb][0xf4][0xfc][0xf1][0xb3][0xbf]&+[0x1b][0xa8]][0xfd]kg[0xf4]b[0xc6][0xbe][0xe][0xfc]ER[0xb9][0xbe][0x8a][0x95][0xdf]b/[0xa2][0x85][0xd3][0xe][0x9f]L`[0x16];K<0_[0x9d][0x13]=Y[0xcc][0xec]g[0x93]][0xe8][0xc1]I~[0xa1][0x5][0xa1][0xb4][0xea]F+[0x14][0x80]J[0x12][0xcc]7[0x80][0x8b][0x14][0xe0][0x98]J[0xca][0x9a][0x1].[0xc2].[0x87]x[0x3][0xb8][0x8]JW1[0xe2]*[0x8e][0xeb][0x0][0xf7][0xce][0xf]'[0xd1][0xd7][0x85]3[0xb8]v[0x10][0x4][0xf0][0x1f][0xce][0x9d][0x1f]r[0xfa][0xf][0xe7][0x1b][0xa7][0x8d][0xa1][0xf6]p[0xf2]d>)[0x1] @P` [0xf8][0xf][0x9][0xb4]$[0xb][0xb4][0xa3][0xe8]e[0xe6][0xeb],[0xce][0xbe][0x13][0xb4]R[0x90][0xa5][0xb8][0x8e][0xde].[0xd2]r[0xe0][0xd1]V[0xf8][0x80][0xdd]b[0x4]][0xce][0xb0][0x8b][0x85]dY[0x88]][0x15]y[0xcc]"[0xec][0xfa]b9[0xc0]b[0x17]![0x97]7[0x3][0xd8]u[0xa1][0x8f][0x9][0xae][0x10]@[0xec][0xe0]+[0xc3] [0xcb]oO[0xf4][0xaf][0xe9][0x1d]*[0xf][0xb0]w3?1[[0x80][0xbd][0xd3][0xaf][z[0x8b][0x11][0x5][0x18]3[0xc0][0x10]@[0x8a]U[0xed]>[0xc4])v[0x6]~[0x19][0xdd][0xb9][0xd3][0x8b][0x99][0x1f]>}'[0xc2]b[0x89][0xab]6[0x1e]e[0x0]KE[0xf8][0xfb][0xc6][0xa3][0x1c][0xd8]m[0xc8][0xf7]![0xb8][0x8]{[0x9a]x[0x13][0xe2][0xf1][0xa9][0xc7][0xc6][0x1e]+[0x10][0xdc][0xa1]yy1[0xf6]G7[0x2]X[0xfa]i[0x3][0xa0][0x1b][0x80][0x15]B1[0xa9][0x18][0x15][0x10]J,[0x99][0xca][0x2][0xec]y[0x14][0x1b][0x1d]:[0x87][0xdf]^[0xd2]wT[0x8d][0xb5][\n]"
17:56:12.347 [main] DEBUG org.apache.http.wire -- http-outgoing-0 << "[0xde]?[0x9c]_Kr[0xd1][0xef][0x8b]v[0xfb][0xea][0x8b]<[0x1b](&[0xcf][0xba]uX{e[0x16]F[0xc7][0xe3]YJc{[0xe6][0xd5][0x4][0xd1]K[0xfa]W[[0xf0][0x1d][0xcf][0xfc] 0[0xb1][0xe3]:_|37;[0xd0][0xdb][0x1e][0xa7][0x1f][0xa2][0xe]+![0x17]I[0xc5][0x9d][0xed][0xf2][0x16]V[0xbe][0xa7][0x83]@gA[0xf7]UO[0xf2][0x8b]>[0xb8][0xcd]/[0xba][0x94][0xc][0xa1][0xaa][0xdb]*[0x4]PrA7[0x8f]5[0x84][0x2]&[0x4][0x82][0xa2][0x19][0xd8]r[0xe2]"D6`[0xcb][0x89]t)G[0xee][0xea][[0xf6][0xa7][0x82]m[0x81][0xd7]R[0xf6]C[0xc2]-[0xcd][0xc2][0xed][0x99][0x9e][0xa7]7[0xce][0x1d][0xb4][0xed][0xe9]W[0xbf][0x92][0xd2][0xd2][0x1a]J[0xfb][0x8b][0xad][0x5]&[0xf6][0xe5][0x1f][0xb0]Y[0x8e][0xa8][0xab][0x98]t[0x15][0xe1]96[0x9b][0xd6][0x98]d[0x91]vu[0xad][0x14]h[0x85]r[0x99]K[0x9b][0xe1][0xec][0xaa]L[0x19][0xcc][0xb6][0xb3]<V[0x11]@[0xd0][0x8e][0x90][0x80][0x1][0xca][0xe0]l;[0xdd][0xfa]%:B[0x10][0x85][0x13]S[0xc7]d![0x2][0x8]I[0x80][0x8][0x2][0x9c]W>Z[0x12][0xe9][0x9c][0x99][0xe9][0xd4][0xc4][0x8b][0x92]]72:I[0x2][0xb3][0xb3][0xed][0x86]&[0xc][0x17]o[0xc1][0xab][0xe][0xfd][0xfc][0xe6][0x1b][0xb6][0xf3][0x9b][0x8f]K[0xc2]h[0xc5][0xe6]C[0x1c][0x8][0x89][0xd9]VS@D[0x1]B[0x5][0xae]}[0xb4][0xcc]C.[0xf4][0xc4][0xc4][0x9b]L=4[0xf5][0x94][0xf0][0x98][0xac][0xd7][0x14]F[0xd1][0xd2]~sC[0xa7][0xab][0x3][0x1a][0xc5][0xab][0xdf][0xa1][0x1c]~[0xd9]'[0xac][0xf2][0xf0][0xcb] d[0xc])I9fTp[0x92][0x85][0xdf][0xbe]^$&[0xb6][0x17][0xb2][0xd0]{:[0xb8][0xda]B[0xaf][0x18][0x88]/'hx&?[0xd3][0xbb][0x1b]t[0xae]8;[0xf9][0xfc][0xf9][\n]"
17:56:12.347 [main] DEBUG org.apache.http.wire -- http-outgoing-0 << "[0x8b][0xbd]h[0xee]P?[0xe9]q[\n]"
17:56:12.347 [main] DEBUG org.apache.http.wire -- http-outgoing-0 << "[0xc4][0xa3](\[0xec][0xe0][0xec][0x6][0xa4][0xdb][0xa1][0xe][0xde][0xaa][0x9].[0xe2][0x18];[0x17]~8[0x8e][0x82][0xe2][0xa2][0x1f]Y[0x92]|[0x17][0xc5][0xa9][0xa8][0xf7]][0xeb][0x8e][0x85][0xe0][0xb2]b[0xdd][0x19][0x5][\n]"
17:56:12.347 [main] DEBUG org.apache.http.wire -- http-outgoing-0 << "![0xb5]Yv[0xa1][0x0][0xb5][0x94]W6[0xc3]\H][0x99]>L[0xae][0x9].[0xe2][0xae]b[0xc8]%[0x88][0xfe][0xb5][0x8a][0x82]H[0x91]Wa[0xa0][0xd4][0xf][0x89][0xbc],[0xaf][0xe6][0xce]s4[0xb7][0x9f][0xde][0xab][0xf3][0xc8][0xbb][0x95]xW[0x9a][0x2][0xac]Ws[0xe7][0x1a][0xcc][0xd3]:u[0x10][0xac][0x90]#[0x98]r[0x85][0xe0]V?*h[0xb9]s[0xfd]K^[0xca][0x9d][0xeb]_[0xca][0x95]\[0xea]r7[0xbd][0xe3]6Rr[0xe7][0xfa][0x97]r[0x0][0xce]*[0xb9][0x18][0xc8][0x8c][0x90][0xcb]q#!7Gt[0xb][0xf8][0x8b]1[0x5][0x8][[0x95][0x2] I*[0xd5]\([0x9c][0xa3]h[0x19][0x97][0x90][0xdd]3=~^D[0xe1][0xab][0xfd][0x80]wvb[0xfa][0xbe][0xf4]$[0xca][0xed][0xc2][0xee]ea[0x17]r[0xa6]H[0xc5].[0x84][0x80]A[0xc6][0xa4][0xda][0x80]/[0x13][0x80][0x12][0xbc][0x97][0xa0]@[0xb0][0xf7][0xa8]<a<9[0xf1][0xa6][0xcc]3[0x5][0xf0][0x1d]X[0xc]1)*[0x86]M[0x18]o[0x99][0x8e][0xcb][0x84][0xc0][0x8a]A[0x84][0x14][0x93][0x92]o$[0x87]5[0xe4][0xb6][0xe7]&[0xf6][0xc7]U[0x9c][0xb7][0xdb][0xee]m[0x81][0xf7][0xba]}{rs[0xd5][0x93][0x94][0x9d][0xdf]v[0xae];[0xf2]N[0xa2][0xf6][0xe7][0xfb][0xab][0x87]:[0xe0]=Y[0xce]u[0xe8]\[0x99]E[0xb4][0x8c][0xc7])sYk[0x8f]c=[0xd3]s[0xc7]u[0x8e][0x97][0xc1]S[0xf4]u[0xf1][0xec][0xef][0x80][0xf0][0xe7][0xa5][0xe][0xec][\r][0xa7][0xbd]X,[0xad]4k[0x9c]wq[0xb8][0x12][0x8e])[0x87][0xce][0xc8][0xff]V![0xf0][0xb6][0xc3]$[\n]"
17:56:12.347 [main] DEBUG org.apache.http.wire -- http-outgoing-0 << "[0xfd]]y[0xf7]t[0xa2]g[0xf9]/[0xc0]i[0xaf][0xf0][0x5]@[0x8a][0xb3][0xaa][0x7][0x1e][\n]"
17:56:12.347 [main] DEBUG org.apache.http.wire -- http-outgoing-0 << "[0x8][0xe5][0x8c]n[0xa4]][0xcc][0x81][0xa2]T[0xc0][0xda]o[0xc0][0x6][0x87])$.[0x83][e[0x97]a[0xee][0xda]GZ[0xb9]y[0x9a][0xdd][0x97][0xfb][0xfe][0xc3][0x89]_=[0xb][0xab]?[0xaf][0xa0][0xf6][0x13][0x86][0x8]B[0x4][0x91]s[0xe4][0xc7]f[0x1a]}K1[0xf7][0x7]AW[0x9e]E[0xd7][0xcb][0xc0][0xcd][0xcb][0x8]w"
17:56:12.348 [main] DEBUG org.apache.http.wire -- http-outgoing-0 << "~P[0xd2]+[0xdb][0xb4][0xc9]ju[0x84]([0xad]g[0xd5][0xda][0xf][0xda]d[\n]"
17:56:12.348 [main] DEBUG org.apache.http.wire -- http-outgoing-0 << "9[0x1c][\n]"
17:56:12.348 [main] DEBUG org.apache.http.wire -- http-outgoing-0 << "[0x17]+[0xe6]rJe[0x16]ZWUrR[0xed][0xfa]b[0x9][0xbc]b[0x8][0xb1]K][0xdc]P[0xa9]][0x17]j [0xd4]b[0xc0]w[0x8].[0x93][0x8d]d[0x84][0xe3]X[0xbf]Uu[0xc9]0U[0x0][0x9][0x9][0x10][0xc2][0x0][0xa7][0xa2]i[0xe9][0xae]bT[0xd8][0xef][0xce]"i[0xc6]p[0xae]M[0x18][0x9a][0xc5][0xc2][0xe4][0x15][0xbc][0xeb]A[0xe1][0x99][0x92]HZ[0x5][0xac][0x82][0x1][0x82]9[0x16];[0xdb][\n]"
17:56:12.348 [main] DEBUG org.apache.http.wire -- http-outgoing-0 << "1,k[0xe5][0xbb][0x1c][0xae][0xaa][0xb1]'[0xa6][0x9e][0xd1][0x1e][0xa1][0xb6]W[0x86]T=[0xa9]MQ[0xd6][0xe9][0xea]8[\n]"
17:56:12.348 [main] DEBUG org.apache.http.wire -- http-outgoing-0 << "[0xfc]P[0xbb]nw[0xa6]_L[0xe0][0x9c][0xf8]APGneQ[0xbc][0x15]Ha"[0x9]VTH[0x89][0xb2]H[0xdb][0xf3]C[0x13]/[0x9c]n[0xb0]|L)T[0x1c][0xea][0xc4][0x8f]B[0x1d]d![0xb7]su[0xb1][0x85][0xdc][~[0x2]/[0xd9][0xe5]![0xf9]L[0xcf]n[0xcf][0xef]z[0xd7][0xf]w_[0xda][0x9d]~[0xaf][0xe]r[0x87]q4Y[0x8e][0x93]uG,+0[0xc][0xa7]:[0xb4][0xef]"[0xf1][0x83][0xc0]9[\r][0xc7][0xdf]A|)f[0x15]@{[0x1a]N|[0x1d][0xea][0x97]([0xf0]we[0x86][0xcb][0xe7]@[0xcf][0xa2][0x82][0xba]ty^[0x90]u)[0xe6][0x95]_[\n]"
17:56:12.348 [main] DEBUG org.apache.http.wire -- http-outgoing-0 << "[\n]"
17:56:12.348 [main] DEBUG org.apache.http.wire -- http-outgoing-0 << "[0x94][0xb4][0xcd][0x94][0xed][0xb3][0xe][0x6][\n]"
17:56:12.348 [main] DEBUG org.apache.http.wire -- http-outgoing-0 << "q)[0x1b][0xb2]^[0x8c]\[0x1][0xd5][0x6]m%[0xe1][0xae][0x10][0xd8]E\[0xfe][0x81][0xac][0x97]C[0x6]l{[0xaf][0x94][0xf7][0xde][0xda]/\[0x14]~B[0xc]lZh[0xef]/[0xf8][0xff][0x6][0xca][0xf3]hbb[0x9d]D[0xf1][0x6][0x98]E[0x16][0x98][0xdb][0x81][0xf9][0xa6]S[0x94][0xcd][0x19][0x19]BS[0xdd]G[0x93][0xd5][0xa2][0x83]~[0xaf][0x7]~[0xb1]%[0xea][0xa0][0x99]#[0x7]s[0xe8]JL][0xaa]$[0xcf]B[0xf3][0xa6]N[0x8e][0xfa]n[0xaf][0x97]+[0xbd][0xdc]E[0xb0]1Bo[0x8b]5`[0xc1][0x8c][0x0][0xcb][0x6]7[0xed]4[0x1]h[0x96][0x6]w[0x82][0xa5][0xf9][0xe][0x16][0x8c]8[0x7][0x18]R i[0x9d][0xa5][0x81]S[0xa7][0xaf]_[0x2][0xd3]tW[0xf6]L[0xa0][0xbf][0xea]B[0xb3][0xa5]wX[0x80]j[0xce]e[0x95][0x2]AR[0xcd][0x97][0xf3][0xf7]])[0x0][0xe4][0x4][0xb3]}[0xa0]z[0x82]=N=&=<[0xf1][0xd0][0xd8][0xa3][0xbc][0x1e][0xaa]O[0x83][0xc0][0xf]#[0xe1][0xba]7[0xf1][0xa3][0xe][0xb5][0xc5][0xea][0xf9][0x8b][0xf6][0x9f][0xaa][0xbd][\r][0xac]L[0x5]&[0x94]*[0x86][0x4][0xe4][0x88]@Da[0x16][0xa9][0xcf][0xba][0x9d],&[0x1f][0xde][0xec][0xe8][0xf]T[0xdd][0xd2][0xe3][0xdb][0xde]m[0x8][0xfb]'[0xa7][0xbd][0x1e][0xbd][0xbd][0xef]&m[0xbc][0xbf][0xb7][0xc1][0x1f]?[0x9b]p[0xe1][0xb8]N[0xc7][0xe8][0x99][0xde]m[0xb4][0xdd][0x99][0xc7]w[0x85][0xb8][0x9a][0xf3]*[0xc5][0x9d]C[0xfb]Ui[0xa8][0xf2][0x9f][0xeb]p[0xb1][0x15][0x80][0xd7][0xcb]{^[0xb4][0xb1][0xd8][0xee]c[0xa5][0x8d][0x85][0x1][0xca][0xf1]V[0xe5]w[0x11][0x96][0x0]b[0xc6]U3[0xc5][0xd7]*[0xbc](}[0x6]Y[0xe1][0xb0][0xc0][0xd8]U[0x8a][0xb8][\n]"
17:56:12.348 [main] DEBUG org.apache.http.wire -- http-outgoing-0 << "[0xd7][0xb2][0xde]?^}`[0xa9][0xfa]@$[0xe0]?[0x8a][0xfa]P[0x84]b[0x99][0x83][0xe2][0xd7][0x1c]A[0xbe][0xd6]o[0x16]B[0xaa][0x8][0xb2][0xa8]#[0xc8][0xfa]U[0x83]$}}[0x1d][0x4]#[0x87]2[0xe9]JF\![0x85][0xc8]![0xf0][0xab]Nr[0xd8][0xfb][0xaa][0x93]r[0xd5]A[0xb8][0xd2]MW[0xb8][0x9][0xe8][0xbe][0xea][0xa4][0x1][0xdc]r[0x9][0xa8][0xd8]![0xc5][0x2][0xc0]f[0xbc]x[0xe5]jX[0xa3][0xed][0xb9][0x1f]>oi1b[0x10][0x8][0x2][0x90][0x12][0x0][0x93]J[0xc1][0x1]![0xb5][0x17]-[0xbe][0x9a]E[0x13][0xe3][0x9c].[0x2][0x1d]Nr[0xbb][0xef][0xaa]`&[0xc2]T[0x88][0xaa]n[0x8b]+m[0xd7][0x8f]J[0xb2][0x91][0xfe][0xa4][0x0][0x8a]J[0xc4]jIP[0xe]q[0xe5][0xc4][0xc3][0xc6][0x1b]co[0xc2]=#<[0xfd][0x81][0xe2][0xbb][0x87][0x8b][0xc][0x95][0x8][0xbe][0x9c]"[0x8c][0xec]MBP[0xe][0x91][0xca][0xf5][0xdb][0xfa][0xda],[0x92][0xb8][0xce]Iv=[0xe2][0xfc][0xe1][0xb3][0xbc]B[0xfc][0xf2]^[0x9c][0x9e][0x9d]_[0xdc]\[0xe]z[0x9f]O[0x86]uh[0xdb][0xd7][0xf1][0xb3]I2X;[0xf0][0x9f][0xa3]@/[0x17]9[0xd2][0xdb][0x9d][0xf9]f[0xea][0x1c]~3[0xe3]e[0xe2][0xbf][0x1a][0xe7]r:[0xf5][0xc7]5[0x88]K`[0xa5][0xe6][0xdb]^.[0x12]?[0xfc][0x1e][0x95][0x89][\n]"
17:56:12.348 [main] DEBUG org.apache.http.wire -- http-outgoing-0 << "[0xa6][0xaa][0xba][0xaa]v[0x81]m[0xab]r[0xb3][0xe2][0xd4][0x1a][0x3][0x14]a[0xcd]D[0x6][0xac][0x84]+[0xf8][0xd6][0xcd][0x80][0x99]p)R.[0x82][0xb5][0xf6][0xb1][0xff][0xdd][\r][0xb6]"[0xd0][0xaa][0x9c][0xd4][0x9b][0xac][0xee][0xc6][0xbb]Z[0xaf][0x8e][0x13]?4[0xbf]VR^RMy[0x8d]-[0x7][0xe6][0xeb][\n]"
17:56:12.348 [main] DEBUG org.apache.http.wire -- http-outgoing-0 << "[0xb5]b[0x4]v[0x14]!.[0x87][0xd2]e0}~[0xdc][0xd5]ym[0x99]yN[0xe8]M[0xaf][0x95]c.r[0xb1][0x9b][0xfa]Q[0x9b]([0xbd]i[0x9d][0x6][0xbd]6[0xa6][0x0][0xda]![0xb9]\[0x2][0x89][0x1a][0xa1][0xee]p[0x19][0xbf][0x4][0xa6]J[0x8f][0xb0][0xe6]_[0x85][0x0][0xc2][0x2][0xa4][0xe8]W[0xfe][0xe4][0xc9][0xb9]3[0xb4][0xad][0xff]f[\n]"
17:56:12.348 [main] DEBUG org.apache.http.wire -- http-outgoing-0 << "[0xdf]E[0xb4][0xf4][0x17][0x96][0xfa][0xe6]6[0xe0]E[0xa1][0xd9]"0[0xe1][0xb0][0xfa][0xc1][0x13][\n]"
17:56:12.348 [main] DEBUG org.apache.http.wire -- http-outgoing-0 << "[0xaa][0x90][0xdc][0xc8][0x11][0xc][0x10][0x84][0x5][0xdc][0xa7][0xc9][0xc6][0x94]g<e<C<[0xac][0xbc]I[0xc1]76z[0x8b][0xf5]x[0xb9]h[0xea][0x1a]+[0xd2]Y$[0x89][0xf5][0x12]KJ[0x90]`0[0x7][0xb2][0xb7][0xfe]B[0xd7][0xc8][0xba][0xdd];v[0xc3][0xce]G[0x98][0xdc][0x88][0xb3][0x87][0x1e][0xc6][0xd7][0xb7][0x9f]/[0xc4][0xe8][0xf4]d[0xaf]~[0xda]q[0x14][0x8f][0xd5][0xe1][0x9b][0x15]t[0xa3]$[0x9][0xfc][0xd4][0x9c][0xfc][0xe][0xb3][0x17][0xe6]I[0x7]N7Z[0x86][0x8b][0xf4][0xcb]Q~[eJ8[0x97][0xfa][0xb9][0xb0][0xbc][0xdd][0x99]?[0xd6]O[0xbb]K{[0x14]D[0xb1]_[0xb0].[0x1c][0x15][0xfc]*X"X[0xb5][0xb0].[0x17][0x80]2[0xc][0xb7][0xb]K[0x0][0x86]JJ[0xde][0x8]Y[0x85][0x82].%t+[0xdf]r[0xe5]r[0x6]]Bk[0x5][0x85]?[0x12]Y[0xff][0x15](,[0x82]Yh=][0xe8]G[0x13][0x4]9"[0xdb][0xb6][0xc0]Y[0xa2][0xf5][0xbe][[0x1b]V[0x10][0x8b][0xea][0xf8][0xac][0xbf].[0xc][0xf4][0xba][0xd6][0x7][0x96][0x6]![0xac]{L[0xba]T[0xe6][0xdd]c[0xef][0x95]r[0xae][0x86][0xcd][0xe5]r[0xb4]%[0xb6][0xaf][0xd6]PV[0xd8][0x94]*[0x5][0xdc][0xac][0xa8][0x0][0x1][0xe3];,[0x17][0xe6][0xbc][\r][0xef]V[0xbb][0x8f][0xbc][\r]Y[0xb8]E[0x88][0x2][0x5][0xec][0xff]cXm"S[0x9c][0x96][0xee]Gk[0xd6]|[0xb0][0xdf][0x85][0xed][0x86][0xbc]I[0xf4],[0xb7][0x1b]o[0xae][0xb]J[0x82]"[0xac][0xd2]=[0x86][0x0]![0x88][0xe0]w%[0x1]1d[0xcd][\r][0x2][0xd7]>V[0xe6]`[0xf6][0x11]y[0x8f][0xd0][0x9b]@OcObO[0xc2]<[0xce]nM[0xb][0xce]i[0xb8]H[0xfc]d[0x99][0x18][0xcb]q[0xaf][0xcd]x[0x16]FA[0xf4][0xf4][0xe6][0xfc][0xd4][0xd5]Ab[0xc6][0xb3][0x9f][0xeb][0xf4][0x84][0xa2]m[0x17]!)[0x10][0xb5][0xcd][0x16],[0x5][0xc9])[0xbf][0x83][0xe1][0xa8][0x86][0xe1][0x1e]w[0xbe]\[0x1d][0xf7][0xfa][0xe7]7[0x97][0xd7][0x97][0x84][0x9e]t[0xba][0xa7][0xa2][0xad]$?[0xdb][0x93][0xe1][0xe][0xa3] [0xf0][0xc7]3[0xc7][0xb5][0xba][0xf5][0x8b]I[0xc1]9Ks[0x8f][0xfc][0xd0][0xc6][0x1c]t[0xf0][0x11][0xcd]E[0x10]+[0xa7]=[0xd1][0xf3]E[0xe9][0xad][0xb6][0xe7][0x9b][0xc][0x1a][0xf7]u[0xfc]V[0xf2]l[0xd3]/t[0xd3]8[0x91][0xb4][0xca][0xa0]m[0xef][0xab][0x92][0x12][0xb2][0xb5]5p[0xc][0xb8][0xc2][0xbc][0xbe][0xa1][0xba][0xc1]c[0x84]m[0x13]g+,([0xdb][0x8a]![0xd2][0x15][0xf8][0x8f][0x14]x[0xff]%[0x83][0x12]%[0xa8][0x9c]K[0xaa]][0xf8]z[0x9e]E[0xe4]c[0x1d][0x8f][0xd3]~\[0xb9][0xb4][0xa0][0xaa][0xd9][0xae]MG[0x80][0xa7][0xf4][0xe5][0x1f]P])[0xa0][0x8b][0x91]p9[0x86]9[0xaa]kk<e[0xe1]7[0xbd]T[0xe][0xbd][0xcc][0xe5]M[0xbd][0xbb]i[0x95]&[0xe2][0x2]N[0xb3][0x10][0xef][0xb0][0xab][\n]"
17:56:12.349 [main] DEBUG org.apache.http.wire -- http-outgoing-0 << "[0xd9][0xb4][?[\n]"
17:56:12.349 [main] DEBUG org.apache.http.wire -- http-outgoing-0 << "[0xd2]}Q[0xab].d[0xac][0xbb][0xcc][0xca][0xb8][0x8]H[0x6]Te[0xbf]M[0xf0][0x8a]TD[0xcf][0x84][0xaf][0xe9][0x86]}[0xdf]t[0xa9][0x11][0xcb][0xe9][0xe9][0xe7]([0xc9][0xf3][0xa0]Qa[0xe3]1[0x81]+[0x91][0xd7][0xb5][0xf2]2[0x92]Hl[0x1a]n[0x88]2@(D|[0x1f][0x1d][0x97] Oi[0xf]KO>[0xa6][0xf1][0x88][0xf1][0x1f][0x9f][0x8d][0xc0][0x4]"
17:56:12.349 [main] DEBUG org.apache.http.wire -- http-outgoing-0 << "Z[0x87]1[0x84][0xd8][0x8a] y)[0xa1]gu[0x8a][0xd5]g[0xb4][0x83][0xb4][0xc7][0x9d][0xe1][0x16]i/[0xe5][0xe1]`x[0xd5]Q7[0xb7][0x9d][0xb]|x[0xf4]Ep[0x88][0xce][0xbb]P[0xd5]2][0x13][0xbf][0xfa][0x19][0xe7]B[0xd7][0xaa]![0xa9][0x5][0xd9]u[0xae][0xa3][0xf8]e_[0xd9][0x16][0xb][0xa7]k&:.I[0x1f][0xfa][0x81][0x9e][0x98]`m[0xa8][0xdf][0xea][0x8]ah[0xc6][0x89]?^&y)[0xa1]p[0x8b][0x15][0x8a][0x89]*[0xb1][0xde][0xaa]G[0x92]"&[0xdf][0x19]/A@(Z[0xef][0x16][0xdc][0xe0]+[0xc1][0xdc][0xe5]p[0xcb]w[0xed]s[0xaa][0x90][0xd4]U[0xf4]/[0xe][0xa2][0xfd]x[0xb6][0xb1][0x12]|-[0xa4][0xd1]r[0x84][0xf7]*[0x9a][0xc4][0xfe][0xd3][0xb2]ZO[0xb0]D[0xa8][0x9a][0xec][0xce]}[\r][0xe2][0xf7][0x12][0x1f][0x10]][0x9b][0x1e]K=[0xd5][0x14][0x92]|[0x12]M[0xc7][0xf9][0x14][0x9a][0x8e][0xcb]}[\r][0xd0][0x95]M}[0xbb][0xb6][0xc8][0xc7][0xe1][0x8])S[0xbd]vCl9[0x80][0xa4]I[0xb7],[0xaf]#d [0x16]! 0[0xc0][0x8c][0x0][0x5]k[0x8c][0x9b][0xa2][0xa2][0x81]]a[0x17][0xbb]3[0x8b][0xc4][0xb9][0xf5][0xe3]'[0xbf][0xe8][0xdc][0xbc]+[0xd8][0xe5])Z[0xb9]+K[0xed][0xf2][0x14]H&[0xa8][0x12];vy[0xc9][0x19][0xc5]j[0x1f]1[0x81]x[0x13][0xe1]i[0xea]q[0xf][0x99][0x12][0xc3][0xee]:[0xe5][0xe8][0xfc][0x1f][0xc7][0x12][0xb3]:[0x1a][[0xb0][0x8a]!F[0x94][0x14][0x98]@B[0x19]GLf[0x11][0xb6][0xab][0xe3][0xc4]8[0x1d][0x1d][0x8e][0xf5]*[0xa5]U[0xa5]([0x1c]v[0xfa]=[0xc5][0xae].[0xce]eG[0xe2]/[0xed]/[0x83][0xfb][0xce][0x19]T[0xb7][0xac][0xe]g[0xd7][0xf9][0x86][0xc][0xa5]][0x19],[0xf][0x9c][0xd1]x[0x16]}[0xb5][0xb4]<N[0x1d][0xbb]w[0xfe]"[0xfa][0xf5]y[0x7]v;[0xcb][0x85]o[0x8d]'[0x1f]zv!Qu[0x9][0x89][\n]"
17:56:12.349 [main] DEBUG org.apache.http.wire -- http-outgoing-0 << "[0x0][0xb6][0xcf];g&^[0x98][0xb7]|V[0xe2][0xac]x[0xa3]e[0xa8][0xaa]w&[0x19][0xa0][0x8c][0xa9][0x8d]x[0x8f]8[0x5][0x98]rT[0xaf]$m[0x5][0x7]F][0xce][0xb7][0xbe]]A[0x95][0xcb]0u[0x11][0xfe][0x8b]}[0xbb][0x1b][0xd9][0x81][0xd1][0x1f][0x17][0x80]s)[0xb5]A[0x94]>[0x9f][0xee] [0xf0][0x89][0x85][0xc1]pR[0x8d][0xc0][0x14]Vs[0xdc]0[0xd2]30{[0xaf][0xf0][0x1][0x0][0x13][0xab][\r]@[0xe6]r[0xc5]s[0xf6]2[f[0x96]E[0xe0][0xf4]R[0xb9]s[0xc1]:w[0x1b][0xb6][0xd0][0xd2]*[\r][0xd4]\)S[0xab][0xee]F[0xcd][0xb5]F[0xf2]F[0xf2]B[0x86][0xe5][0xe6][0xb4][0x5][0xae][0x0]b+[0xe3].[0xab]t[0x96]![0x8a]H[0x85]a[0xa1]D^X[0x19][0xb4]J[0xc9][0xee][0xa0]@v[0x5][0xe1][0x8a][0xd7]<eB[0xb2]Cu[0xad][0xcc][0x0])[0xdf][0x7]'[0xd4][0x9b][0x1a]O[0x1b]ON=[0xf3][0xe8]iR0[0xed][0xae][0x81][0x1d][0x9e][0xeb][0xfc]4x[0xb8][0xa9][0x95][0x14][0x8a]X[0xcc]-'[0xc7]L([0x82]9[0x91][0xac][0x9][0xdb][0xcd]D[0xd4][0x8e][0xe9][0xcd][0xe9][0x97][0xf3][0xd3][0xcf][0xb7][0xc3][0xb3][0xbe][0xea][0x11]t[0xff][0xf9][0xf6][\n]"
17:56:12.349 [main] DEBUG org.apache.http.wire -- http-outgoing-0 << "[0x1d][0xaa]/{[0xfb][0x14]:Q[0xb2][0x98]F[0xf1][0xe4][0xc0][0xde]P[0xfe]g[0xa9][0xe3]I[0x92][0xe2][0xf0]U[0xf4]h[0xe2]d7<[0xd1][0xd3][0x89]~[0xd4][0xb][0xe3][0xb4][0xad][0xd7][0xd3]_$[0xab]]Y9[0x86][0xc3][0xb9][0x9e][0xf9][0xf1][0xa4]Af[0xe6]26OQ~[0x12][0xc3][0xe5]U[0xd1]VH+[0xe9]/[0xb2]_nH[0xe9]v[0xed][0x9]@[0x82][0xe0][0x86]Q5)[0xec][0x83][0xaa][0xdc]F[0xd5][0xac]3[0x89][\n]"
17:56:12.349 [main] DEBUG org.apache.http.wire -- http-outgoing-0 << "[0x97][0xd4][0xf]b[0xf8]S[0xf4][0xde][0x1f][0x19]xsy[0xb5][0xee]L[0xc7]A[0x94][0xa4][0x6][0xa7][0x1d][0xf4][0xbd][0x88]^[0x8a][0xc8][0xbb][0xd3]c[[0x9][0xbe][0xbc][0x8e][0x3][0x8f][0xdf]+[0x3][0xfb][0xb4]U[0xf][0xc2][0xd4]![0x82][0xa4]1n[0x6]q[0xe][0x84]7ur[0xad][0xb5][0xed][0xf5]r8[0x96].we38[0xde][0x96]j =[0x8][0x9][0xd4][0xe]&K[0xc](o[0x84][0xc9]Y[0xbf]o[0xce][0xd8][0x80][0x14]@[0x90][0x0]e[0xa7][0x1e]T>[0x98]B[0xe9][0x8c][0xcc]8[\n]"
17:56:12.350 [main] DEBUG org.apache.http.wire -- http-outgoing-0 << "[0x8b];[0xb2][0x1b][0x5][0xcb][0xf9][0xe3]2c[0xeb][0x9c][0xf9][0xf9][0xd6][0xf6]e![0xa9]O1[0xa4][0x95][0xcf][0xa3][0x94][0x2]J[0x89][0xb0]w[0xa0]-[0x1a]S[0xc][0x19][0xdf]'C1[0xe5][0xde]t[0xea][0x11][0xe1]i[0xed][0xf1][0xb1]7E[0xbf]7CQ&=0.[0x18][0xe1][0x92][0xb3]4[0xbd][0xc6]xkO[0x17][0xc3][0xd1][0xf9]9[0xbf][0xe1][0x84]^[0x1c][0x9f][0x92]C1`H[0xf4].no[0xaf]k[0xe7][0xe1][0x94]1[0xe2]/[0xcb]@/[0xa7]e[0xb9][0xb5]=[0x9d][0xc][0x8c][0xab][0x9a][0xd0]b[0xf9][0x90][0x86]~d[0xf3][0xc7][0xf9][0x1b]p[0xbf] B ![0x84][0xaa]Zt$[0x1][0x11][0x8][0xb3]w[0x3][0x19][0xc6][0x80]q[0x8e][0xeb][0x1d],[[0x15][0x82]SW[0xc8]]?[0x3]s[0xa9]B.[0x15][0xff][0xf6]3[0xec][0xa2]p.[0xbb][0xb6]~$[0xcc]I[0xbc]Q[0xf8][0xab][0xe]j,[\r][0xb8][0x9a][0x0][0xaf][0xa7][0xe0][0x80][0xa7]u[0x8d][0x8f][0x6][0x91]A[0xe6]b[0x86]]A[0x90][0xca][0xa2][0xef][0xba]PN[0xec]}[0xbf]Z[0xae][0xf7]b[0x97][0xb8][0xe9][0x16]m[0x0][0xbd][0xef][0x95]JC[0x16]Y[0xdc]%[0x0][0xa3],[0xee]6s6[0xd4][0xe6],[0x18][0x4][0x18]`[0x8a][0xac][0x83][0xb7]rV[\n]"
17:56:12.350 [main] DEBUG org.apache.http.wire -- http-outgoing-0 << "[0xaa]`[0xc2][0xb6][0xd9]r[0x16]-[0xcc][0xbe][0x8d]6!qe[0xba]B[0xa6]a[\n]"
17:56:12.350 [main] DEBUG org.apache.http.wire -- http-outgoing-0 << "[0xc1]7sp[0x8][0xc0]J[0xa8]}[0x8][0xf0][0x94]y\Z[0xa9]w[0xaa][0xec][0x18]2YHW\/[0xa7][0xc9][0xa2]a\[0xad][0xd8]J[0x83][0x8c]@[0x8]-[0xed]E[0xc][0xd1][0x9c][0x6][0xd1][0xf7]s[0x94]7c[0xcd]m_A4[0x1a][0xf4][0xfa][0xe7][0xc7][0x87][0xdd]{x[0xf8]p"n[0xba]w[0x1c][0xdd][0xed][0xd9]J[0xab][0x9f][0x81][0x13]M[0x13]k[0x9c]v[0xda][0xf1][0xd8]:[0xb7][0xc7][0xd5]r[0x3]#[0xb2][0xca][0xa0][[0xb2][0xb4]v[0xd4]\[0xb4][0x8c][0xb]s[0xe6][0x8a][0xa9]D[0xc5]E[0xd5][0xf2][0xda][0xc4]$W[0xc4][0xc6][0x85][0xd6][0xae][0x6][0x5][0x88]b[0x88]7d[0xb9][0x4][0xba][0xc]mCi\A[0x97]Q[0xea][\n]"
17:56:12.350 [main] DEBUG org.apache.http.wire -- http-outgoing-0 << "[0xf6][0x17][0xdb]s[0xff]%[0xba]h<[0xef][0xcf]5qn[0xde][0xe3][0xd0][0xc4]5[0x1a]/[0xab]7[0xe8][0x9a][0xf8][\r][0xbc][0xd8][0x2][0x1f][0x84]$[0x4]A[0xab]1[0x8f][0x94][0x15],[0xba]&~{[0xc9][0x9b]t[0xed][0xb5]rdU.ilbX[0xd5]i0[0x5][0x7][0x3].3[0xad][0xb4]f[0x12]Cn[0xcc]XNd [0x8]`$[0x0][0x5][0x18]U[0xe2]*B[0x98]U[0xf8]tK[0xf8][0xec]i[0xf4]5OmN[0xb]N1[0x2]U[0xe5][0xd6]C[0x18][0x8][0xa9][0xd0]&[0xb8]&[0x19][0x10][\n]"
17:56:12.350 [main] DEBUG org.apache.http.wire -- http-outgoing-0 << "3[0xb5][0x8f]7[0xf7][0x91]X2;%[0xde][0x98]YJ[LC[0x9c][0xe8][0xf8]U[0xc7][0x93][0x86][0xd3]o[\n]"
17:56:12.350 [main] DEBUG org.apache.http.wire -- http-outgoing-0 << "[0xe0][\n]"
17:56:12.350 [main] DEBUG org.apache.http.wire -- http-outgoing-0 << "[0x15]G[0x10]Q.[0xb9]@[0x92][0x9][0xd4]\[0xe0][0xbd][0x19][0xed][0x8][0xbc]X[0x9e]=|i?[0xd0][0xf3][0x87]k*[0x1f]N[0xe5][0xe7];[\n]"
17:56:12.350 [main] DEBUG org.apache.http.wire -- http-outgoing-0 << "[0x87]w[0xf7]W[0xfb][0xd2][0xd9][0x13][0x13][0xff][0x1a]=[0xe5]<[0xb9][0xfb][0x89][0x8]H[0xee][0xa1]#[0xed][0xe5][0xc4][0xa6][0xc][0x93][0xca][0x1c][0x4][0xb3]3G$[0xda][0xc4][0xbf][0x11]d@[0x12][0x86]E3[0xb7][0x2][0xa1][0xd2][0xa5]jg[0xf0][0x8d][0x1d][0x8c][0x82][0x89][0xcb]71[0xa7][0xbf]m[0xc][0xc2][0xfe][0xf2][[0x88][0xcd][0xa5][0xd1][0xe]_M[0xf0][0x96][0xb3][0xe6][0x8e]t8[0x9e][0xd5][0xd0][0xd8][0xda][0x18][0x84]I[0xb][0x82][0xc5][0xaa]F}[0x14][0x82]c[0xe2]J[0x9]].E[0xde][0x9a][0x9b]V[0xc9][0xcf][0xd3]]],W[0xf][0x84][0x8d][0xa1]5[0x9e][0xc3][0xb0][0xaa][0xd4] (L3M5I[0x80]}[0x12]hb[Xw[0xdb]J[0xc1]V[0x8a][0xd4]*[0x86][0x8][0x3][0x88]V[0x8e][0xc1]AHT[0x9b][0xe3][0xcb]lCwo[0xd1]|[0x85][0x6][0x99][0x86][0xda]Ca[0x1f][0x12][0x8a][0xab]0[0xd7][0x95]v[0x1f]R[0xb9][0xb1][0x8d]! [0xb8][0x84][0xf5][0xbb]0Og[0xa5]g[0x98][0xf7]8[0xf1]([0xf1][0x1e][0xc7][0xde][0xa4][0xd8]P[0xdb]v[0x8c]v[0x14][0xdd]t[0xb6]!pR[0x97]q[0x1d][0x6][0x17][0x12][0x11][0x94]1[0xc1]0[0xe2]JP[0xc][0xa1][0xca]i[0x9]7[0xa1][0x1f][0x85][0xc3][0xf4][0x89][0xa2]J[0xd8]=[0x1f][0xc8][0xfb][0xf6][0xf0][\n]"
17:56:12.350 [main] DEBUG org.apache.http.wire -- http-outgoing-0 << "[0x9f][0xb1][0x9b][0x8e]l[0x9f][0xf7]N[0xd1][0xe1][0xed][0x19][0xe3][0xb5][0xe8][[0x1c][0x80][0x13][0x9b]I[0xf4][0xea][0x8f][0x1d][0xd7]I'[0x96][0xfc][0xe][0xb7][0x98][0x84]U[0xc3][0xe6]J[0xdd]b[0xbe][\r][0x89][0x17][0x85][0xfc]~1$[0xae]([0xaa][0x12][0xf2][0xb1][0x2][0xb6]I[0xa9]6[0xda][0x91][0x90][0x0]B[0xfa][0xc1][0xdd]v[0x1b]CK[0x87][0xe0]l[0xdd]b\*[0x97][0x10][0xec]n[0xa7][0xb5][0xfe][0xd5]<[0xf7][0x87]Q[0x13][0xb2][0xf8][0x9b][0x8b][0xa0]]DO[0xf9]d[0xc4]u[0x14][0xc7]5Q`T[0xe3][0x14][0xb3][0xc5]@[0x92][0xbe][0xfe][0x3][0x1][0x81]Aa[0xdd][0xd6][0xae][0x14]$gbH[0x8b][0xe4]rh[0xab]kU>][0x9b][0xff]mj[0x17]K[0xb][0x95][0x8a][0xb6][0xd9][0x9]d[0x10][0xc0][0x9d]Q[0xe6][0x2][0x3]J[0x1a]M[0xc0][0xa9]'[0xb9][0x8c][0x1]e[0x9f][0xd7][0xed][0xe4][0xf0][0xca]H[0x12][0x14][0xce][0xc8][0xbc][0x96][0x8e][0xb6].a[0xb9][0xed][0xf8][0xb9],[0x5][0xda].[0xb4]R[0x84][0x94][0xb0]j[0xf2][0x89][0xcb]m[0x1a][0x99]3[0xb4]Q[0x11][0x4][0x5]B0A[0xf7][0x9a]f[0xe][0xbd][0x89][0x9d][0xf2][0x88][0xec][0x0][0xb2][0xc7][0xe9][0x9f][0x91][0xfb]-4[0xd5][0x84][0x94][0xd4]ZJ[0x9][0xb4][0xd6]%[0x9b]`[0xef][0xe0][0xcb][0xe][0xf3]=[0xf9][0xd2][0x17][0xb7]j[0xf8]p2[0xfc][0xd2][0x19][0x8]|[0xda];[0x1a][0xde][0x1f][0xf][0xe4][0xe7]:[0xec][0xbd][0x8e][0xb5][0x1f]fx[0xef][0x99]^$[0x8e][0xeb][0xc][0xf4]*W[0xbf][0xcb]|?[0xf2]0(*[0xca][0x7][0xeb][0x16][0x1c][0x82][0xcd][0x81]V[0xd8][0xd1][0x91][0x95][0x1d]S[\n]"
17:56:12.350 [main] DEBUG org.apache.http.wire -- http-outgoing-0 << "8[0xa3][0x90]o[0xa7][0xcc]Q[0x1]0c[0x98]7[0x83]Z&[0xec]\[0x9b]m[0xe3]LB[0xee]r[0xa2]\E[0xfe][\r][0xb5][0x19][0xa8][0xcd][0x85][0xd0][0xda][0x8f][0xfe][0x93][0xc5][0xc9][0xac]o[0xcc][0xee][0x89]j[n[0xed][0xc9][0x11]zU[0x10][0xc4]i[0x8d][0xf]f[0xe2]`,][0xc2][0xad][0xc5][0xf][0xe6][0x7]/[0xac][0xca][0xe4][0x9c]c[0xef]W[0xab][0x8e][0x8f][0xb0]l[0x17]5[0x14][0x16][0xd6][0xa5][0x1a][\r]0'[0xbb][0x13][0x17]h:&g[0xba][0x9b][0xeb][0x95]);m[0xc]`[\n]"
17:56:12.350 [main] DEBUG org.apache.http.wire -- http-outgoing-0 << "[0x81][0xaa][0xd4][0x16]l[0xf6][0xbe]YV[0xc9]>[0x86][0xf6][0xcd]7[0x9c][0xef][0x96][\r][0xfa][0x85][0xc6][0x9][0xa2][0x95][0x3][0xcc][0xed][0xb4])[0x8c][0xc8]6[0xae]D[0x80][0xc0]D[0xed][0x15]CC[0x13]O[0xf3]t[0xd6][0x82][0xb6][0x94][0xd7][0xd0]?%[0x1f][0x81]K&[0xe3]PI0[0xe1]HJN[0xa1]`,[0xa7];\-[0xb][0xa0][0x9b][0x99][0x82]s[0x9][0xf1][0xc5]Io08[0xea][0xde][0x8e][0xfa][0xbc]GO$[0xea][0x9d]~>9[0xfc][0xae][0xc1]c[0xc3]8[0x9a][0xe9]E*[0xef]^[0xcf][0xfc]T[0xd1][0xdf][0xdb]GF![0xae][0xc8]G[0x14]R[0xc0][0xcd][0x8f][0x91]`[0x88][0xb2]J[0xba][0xcb][0x0][0x17]X[0x91][0xcd][0xea][0xb][0xe][0x18]U[\r]U]$[0x88][0xcb][0xc9][0xe][0xdb]e[0xcc][0x95][0xd8][0xe]][0xf8][0xd3][0xbb]f?[0xea]L[0xf3][0xc][0xf4]b[0x98][0x1f][0xb2][0x9b][0xfa]@[0xb3][0xd0]{[0xf8][0xaa][0xc3]j[0x9a]K[0xeb][0xc6][0xec][0xa6][0xd5][0x80][0xb1][0x5]>[0xb0])Pn[0x8f][0x8d][0x90].[0xe7][0xf9]y7[0xeb]*&?jwu[0xb5][0x1c]v-[0xe6]6>[0xb6][0xe7][0xbd][0xd4][0xc7][0x8a].[0xc7][0x80][0x89][0xc][0xec]Z[0x8d][0xa5][0x1][0xdb][0xcd][0xb8][0xc6]J[0xa6]=[0xae][0x2][0xc0][0x88]R[0x80]RjV[0xf1][0xb8])H9[0x3]*[0x11][0xfc][0x1a][0xd3]][0xcc]yeR[0x94]P 0[0xa6][0xec][0xbd][0xa7][0xc2][0x9][0xa0]T[0xaa][0xbd][0xa2]i[0x12]y[0x88]z[0xc8][0x8e][0xd8][0x95][0xd2][E[0xe][0xbf]?[0x1d]AK[0xa8]-FP![0x85]%[0xc5][0xc][0xb][0x9]s[0x10][0xdb][0xe9][0xda][0xf9]f[0xb9][0xb1][0xba][0x99][0xde][0xd9][0xf5]=[0xe6]G[0x97][0xaa]#[0x1e][0xae][0xf0][0xed][0xc9]Cot[0xd6]9$[0xb8]}_[0x7][0xb2]i[0xae]w[0xb][0xad][0xe7][0xcb]Y`Q[0xf7][0xe2][0xa2][0xbb]o([0xc2][0x8e][0xe2][0xa9][0xd2][0xea][0xb][0xb7][0xd4][0x13][0xfd]U[0xfb][0xf9]>[0xd9]I[0xf1]\[0x1e]*p[0xe5]#[0x8c][0x84][0x80][0xda]N[0xd9][0xc6][0xe]fo[0xf9]v[0x91][0x9b][0xc5]%%.[0xde]q[0xe3]b*[0xed][0x88][0x14]W[0xfe][0xd5][0x2][0xee][0x8f][0x17][0x87][0xc8]Bk.i[0xb6][0x1d]![0xb2][0x3][0xad]][0x1b]][0xac][0x6]W\[0xeb][0x3][0x9b][0xaf]*[0x82][0xf1][0xaa][0xc8]G[0x87]F0[0xe5]*&\&PN[0xc3]][0xd7][0x19][0xe7][0x12][0x11][0xeb][0xab][0xe5][0x0]+][0xe2]64"[0xbc][0x17][0xfa][0xd8][0x88] [0x15][0xc0][0xd9]d[0x84][0xe2][0x8d][0x8e][0xe5][0xa9][0xb6]!H[0x1b][0xe8][0x2][0xb5]&[0x4]$U[0xf5]<[0xeb][0xdf]o[0x8c][0xe7][0x18][0xaa][0xaa][0xb1]6[0xcc]~y[0x9]W[0x1b][0x11][0x97]C@%[0x97][\n]"
17:56:12.350 [main] DEBUG org.apache.http.wire -- http-outgoing-0 << "[0xef][0xc3]m[0xc9]:[0xfb][0x8b][0x89]G'[0x1e][0xfe]`[0x8e]Xn[0x18]w%[0xcc][0x16][0x98],cT![0xc1](G[0x18][0xc1]u[0xaa][0xae][0xc6][0x9e][0x90]=[0x15][\r][0xde][0x8d][0x6][0xec][0xf4][0xb0][0x87][0x19][0x93]P[0x8e]N[0x1f]:7[0x97][0xfd][0xbb][0xcb][0xbd][0x1d][0xb9]}[0xfd][0x96][0x1e][0x12][0x91][0x9e][0x1b][0x98][0xfa]z[0xb2][0xda][0xed][0xe]_[0xff]H[0xbc][0xa5]D[0x96][0xdf]M[0xcb][0xb4][0xdb][0xc6]C[0xe3]8A[0x95][0xbe]?[0x4]8V|3[0xb5][0xde][0x8e]] X[0xc9][0xda][0xc5][0xde][0xa6] [0x90][0x1d][0x81][0xcd]7[0xb8]K[0x99]p[0xed]Y[[0x8a][0xc1][0xe3][0xee].[0xee][0xe6][0x12]h[0x87][0x81][0xff]K>[0x2]1J[0xcc]W[0x9d][0xf6][0x4][0xf6][0x1f]i[0x93][0x96][0x3][0x8b]U[0x85][0x6][0xa4][0x96]0a[0xef][0x8f]8[0xd7]7K[0xcb][0xe4][0xfb]f[0xab][0x8b]UCm[0xac]|[0xdb]t[0xaa][0xcd][0xaa][0xd2][0xc7]S[0x16][0x14][0x3][0xf6][0xb7][0xdd][0xf4][0xcd][0x10][0xb0]#[\r][0xf7][0xf][0xa3][0x15]9-[0x1][0xb6]{F[0x18][0xa8]Vp[0x91][0x80][0xa8][0xca]&T[0xe6]SX+[0xa1]y[0xaf]B[0xf1][0xb0][0x1e][0xc4]d%[0xfd]a[0x14]HB[0x84][0xda][0x8e]/[0x17][0x14]0H[0xe1]^[0xac]V0[0xf][0x9]o[0xcc]=[0xc2][0xbc][0xe9][0xd8][0xe3][0x93]<[0xe8][0x1e][0x9b](~2I[0xf4][0xb5][0x91][0xf3][0xb6]l[0xb2][0x2][0x14]J"[0xc4][0xb9]@Xr[0x96][0x1e]?R7[0xa9]1[0x93][0xf7]=D[0xf7]7'[0xdd].[0x1a][0x10]uw|[0xc3][0xef][0xf]G[0xa3]s[0xd4]m[0xd7][0xe2]m[0x8e][0xd2]^[0xe8][0xf0][0xe9]k[0x9a]>Y}s[0xbe]C,`l[0x9f][0xa3][0x98][0xf6][0xca]u#[0x5]I[0x95][0xd3][0x96]#[0x80][0xad][0xff]d;1[0x17][0x3][0xe][0x85]h[0xa8][0x19]0[0xc]][0xa2][0xb6]y_,m[0xd6][0x1][0xba]r[0x93][0xd5][0xff][0xdb]:[0xc1][0xb2]@K[0xf2][0x81][0x87] [0xca][0x85][0x1d][0xfa]Q[0xac][0x83][0x9a][0x16][0x99][0xaa][0x8f]9[0x4][0x91][0x1][0xf3]U[0x89][0xf][0x6]*X[0xa0]e[0x14][0xb9][0x2][0xe5][0xbb]di[0x95]B[0xc0][0xc1]^+[0xb7]'0;[0xc6][0xbc][0xa1]^[0xbb][0xaa]S*[0x1b]d[0xd5]Z[0x6][0xa0][0xc8][0x1c][0x13][0xa1][0xc4][0xfe]a[0xb3][0xac]V[0xcb][0xed][0x11]8[0x0]C[0x80][0xab][0xa7][0x86][0xd9][0xf9][0xf7][0xe5][0xc7]C[0x94][0x9c][0x88][0xd5]<[0xe9]I[0x95][0xa8][0x1c][0xa9]@ @[\n]"
17:56:12.350 [main] DEBUG org.apache.http.wire -- http-outgoing-0 << "[\n]"
17:56:12.350 [main] DEBUG org.apache.http.wire -- http-outgoing-0 << "[0xb6]AW&[0x81][0x80]L[0x89][0xbd]l[0xb6]coj[0xc7][0x85][0x19]d[0xad]`[0x8f][0x5][[0xc2]>C[0xc3][0xca][0xa6][0x95][0x13][0xc4] U\[0x11]I[0x84] 4[0xe7]C[0xa8]?[0x17]bx[0xbe][0xa3][0x1c][0xc][0xc5][0xc3][0xc5][0xf1][0xe5]e[0xe7][0xae][0xd3]C[0xa3][0xab][0xbb][0xde][0xdd][0xe8][0xe8][0x92][0xc][0xbf][0xd4][0x9f];[0xb9][0xde][0x11][0xdb][0xd3] &o9[0xdd]`?[0x1f][0x18][0xe6][0xaa]"MV<P4;[0xef]=[0xbf][0xd4][0xdd][0x2][0xca]BRy#[0xa5][0xd0][0x1e]7[0x89][0xd0][0xf6]|_ 8V[0xa2][0x19][0x9b]U[0x88][0xb8]lwh[\r][0x91][0xae][0x94][0xc4]E[0x9c][0xfc][0xe5]q[0x86][0x1f][0x14]^i^?HL[0x94][0x85][0xd7][0xc1][0xd3][0xf2][0xcd]T[0x1e][0x13]Ajb[0xbc]s[[0xc][0x84][0xe9][0xeb][0xeb][0xad]_[0x84]"[0xbb]P.[0xe7]*[0x9c][0xaf][0xad][0x11][0xe6]E[0x3]{[0xad][0xfa][0xfc][0x9d][0x86][0xf4]uU[0xe6]c`[0x15][0x14][0xe0][0x9d]6[0x18]S@[0xc9][0x6][0x82]A[0xfd]$[0x5]eE[0xde]T[0x8b][0xad][0xce][0xf0]2![0xab][0xa0][0xb5][0x84][0xb8]6[0xf7][0xb7][0xc3]j[0xbb]K0[0x90]Xr[0xb1][0xd9]p[0x12][0x3][0xc6][0x4]a[0xfb]X[0xf][0xb4][0xf0]0[0xf7][0xec][0xd1]g[0xda]#[0xdc][0xc3][0x85][0x4][0xc3][0xea][0xed][0xfb][0xfa][0xbb][0xcf][0xdc]a[0x94]I[0x86]1[0xa6][0x92]![0x99][0xef]w[0x15]X[0xeb][0xf5][0xd5][0x8e]Jpw[0xd8]9T[0xa3][0xce]=[0x93][0xf2][0xf6][0xe8][0xa6]{[0xdb]m[0xf3][0xf3][0xa3][0x93][0xbb][0xce][0xbe][0xe6][0xda]u[0x8a]![0xb][0xaa][0x8d]Y[0xab][0xe2][0xa2]& V[0xb8]s[0xee]1lS2\yZ[0xba]5[0xbc]`[0xbe]M[0xa7][0xa4][0xdd]z%h[0xb3][0x11][0x9][0x18]+[0x17][0xd3][0xed]![0xf][0x14]q[0xd7][0xe6]v1[0xa9][0x15][0x7][0xfe]w[0xcf]d[0xcc][0xc2]i.[0x18]v[0xa2][0xe3][0x97][0xfc][0xd1][0xe][0xe7]&[0x8][0xde][0xf2]p[0xfa][0xde][0xfd]j0Y|[0x96][0xd6][0x4][0xcf][0xb6][0xcc][0x7][0x84][0x95]![0xe9]JN\,y[0x8e][0xb0][0xae][0x8a][0xe4][0xba]][0xeb][0x8b]U#[0xc6][0x89][0xdb][0xd0]O[0xbb][0xae][0xd3] [0x8c][0x9b][0x9e][0xb9][0x90][0x15][0x6]T[0xa3][0xb3]%[0xeb][0x6]$[0x8][\n]"
17:56:12.351 [main] DEBUG org.apache.http.wire -- http-outgoing-0 << "[0x10]B[0x80][0xa3]:_[0x17]b[\n]"
17:56:12.351 [main] DEBUG org.apache.http.wire -- http-outgoing-0 << "U[0xf4][0x98]k[0xd4][0xd8][0xdd][0xf6][0xd7];[0x9f])[0x18]j[0xb9]b[0xb8]r[0xc4]8N[0x8f][0xed]U[0xdb]C%[0xed][0xc4][0xca] [0xda]k[0x10]c[0x1a][0xc9]%[0x1e][0x17][0x9e][0xa2]%>[0x83]Nd[0x19][0x99]cu[0xf3]d[0xf6]js![0xac]$[0xb2][0x9]1[0x91][0x1e][0xbf][0x96];[0xcd][0xac][0xc4]Ip6[0xdc][0xc1][0xd6][0xde][0xd9])R[0x17][0xdd][0x9b][0xc1][0xcd][0xc9][0x90]?[0x8c][0x8e][0x87][0xf][0xc][0xf7][0xd8][0xed][0xf1]>[0x8a][0x80][0x99]N[0xd3][0xa9]4WQ0[0xb5][0xd8]h[0xc3][0xb8][0x1d]3~[0xce]X[0xb9]68[0xbb]s[0xce][0xef][0xfa]D[0x9e]j-[0x96]W$[0x19][\n]"
17:56:12.351 [main] DEBUG org.apache.http.wire -- http-outgoing-0 << "[0xa6][0x82]=[0x9],[0x97][0xb8]z*[0x18]b[0x80]b"[0xe8][0x6]s[0xa9][0x2]XI)[0x1b][0xea][0x4][\n]"
17:56:12.351 [main] DEBUG org.apache.http.wire -- http-outgoing-0 << "[0xbb][0x8c]m),[0x86]*M[0x8c][0xb1][0xfa]9[0xb8]?A[0x96][0x9c]d[0xf8]0[0x91][[0x1b][0x18][G[0x19][0x9a]Drmhl5c[0xdc][0xb5]7[0xab][0xb2]0C.[0x91][0xbb][0xbe]X[0xae][0x16]([0x17]7[0x9d]L[0xb3][0xae][0xf3]1[0xa9][0xe5][0x12]([0xba]{[0xe6]Yz[0xda][0xc3][0x87][0xa4][0xb6][0x13][0xe8][0xf1]s[0x5][0xa7][0xa5][0x18]0[0xc],[[0xae]>G[0x7]A[0xce]*[0xdb]`[0x5][0xd6]c[0x1b]'[0xf9]fH[0xbf]x[0x82][0xe][0x95][0xaa]*H[0xc4][0x85][\r],[0x90][0x8d]R [0x10][0xc0]\[0xf2]z[0xc2][0x93][0xf7][0x16]([0x8f][0x19][0x8f]ik[0xeb][0x12][0xd8][0xa3][0xf8][0xf][0xc]0[0x90][0x12][0xe1]@1;g[0x9c][0xd8][0x13][0xce](c[0x1c]~[0x8][0xc1][0x99][0xe3]{[0xef][0xe9][0xcd][0xf0][0xe6][0xe2][0xf3]1G[0xb7][0xa7][0xc7]m%nF[0xf][0xa2][0xdd]>[0xdc][0x9b][0xde]^[0xc7][0xd1][0xfc][0xe5][0xc0]9N[0xcf]0[0x99][0xac][0x6][0x83][0x99][0xc7][0xc][0x8][0xf][0xe3][0xe8][0x17]3[0xfe][0x10]w[0x99][0xa4][0x15][\n]"
17:56:12.351 [main] DEBUG org.apache.http.wire -- http-outgoing-0 << "m[0xd5]@[0xb8][0xc6][0x9e].[0xca]8[0xa9][0x8c][0xea]r`[0x8f][0x1e][0xc2][0xef][0xb6][0x12][\n]"
17:56:12.351 [main] DEBUG org.apache.http.wire -- http-outgoing-0 << "[0x1][0x13][0x98][0x92]f[0x6][0x4];o[0x1c][0x8b]mR[0x97]J[0xe1]r[0x9][0xd7][0x87][0xeb][0xfc]M[0xe7][0xd1]d[0x11]7[0x97][0x1d][0xeb][0xe9]pe[0xf7][0xcb]8[0xf][0xa2][0xe7][0xca][0x1]`5[0xd1][0x85]IZ[0xb][0x8c][0xa3][0xe8][0xf9][0x83][0xe6][0x17]f[0xd4][0x15][0x1c][0xb9]|u[0xe0][0xe1][0xe][0xce][0xae]j[0xe4][0xfc][0x6][0xeb][0x8b][0xe5]8K\[0x84][0x1b][0x1f][0xa3][0xb3][0xae][0xd4]d[\n]"
17:56:12.351 [main] DEBUG org.apache.http.wire -- http-outgoing-0 << "[0x18][0xcf]N>[0xb0][0xce][0xd2]?b[0xc8][0xb8]e[0xb8][0xf6]4[0x1d]Z[0x8d][0xb6][0x88][0x93][0xf2]#[0x1d][0xca]'[0x90][0xc][0xcc][0xab].[0x8c][0xfd][0x1f][0x14]F02)d%[0xc1]%[0x80]2[0xce]%[0xda][0x8e][0x81][0xb2][0xda][0x97][0xa0][0xf5][\r][0xe8][0x1c][0xe4]r[0xe3][0x9][0xe2]M[0xc6][0x1e][0xd1][0x9e]d[0x1e]*N[0x1a][0xdf]C@@%4WR[0x86][0x99][\r][0x8a]!B[0x19][0xc6][0xb9][0xa0][0xc2]y[0x14][0x9b]*i6[0x13]Wh[0xcb]^gx[0xd8][0xbd][0xa4][0xf7][0xbc][0x7][0xd5][0xdd][0xc3][0xe5][0xed][0xb5][0xbc][0xf9]r.[0xf7][0x8a][0x8a][0xf5][0xa3][0xd8]_,L[0x92][0x98][0x3][0xa7][0xa3][0x97][0xf3]G=[0x9e][0xa5]x[0xdb]^f[0xe0][0xb6][0xd1])[0xf][0x8a][0xc8][0x8a][0x11][0xc7][0xd6]ppdO[0xfb][0xb5][0xe8][0xfa][0xbd][0x1d]1[0xca]Hel[0x5]#@0[0xd9][0xce][0xbf][0xb5][0x96]/F[0x10][0xad]oyn[0x11]W2W[0xed][0x1c][0xd8][0xcb])[0xb3][0xb3][0x12]\&[0xbf]W[0xac][0xfd][0xc1][0xf][0xec][0xcd][0xa2]i>[0x9][0xe6][0x7][0xb9]Y[0x7][0x17][0xe9][0xb9][0xaf][0x19](}[0x7][0x8e][0xe2][0xd0][0xf0][0x2]{[\r][0xfc][0xe0][\r][0x4][0xc6][0xd4][0xeb][0xb0][0x12]JW0[0xe1]*[0xc9]s[0xa3][0xe][0xec][0xeb][0x1f][0xf3]#[0xc3][0x83][0xb7][0xc7][0xaa][0x91][0xe1][0x8]7U[0xb][0xd2]2M[0xb4][0x2][0x94][0x1e][0xf8][0xb8]a[0xac](?Lq[0xed][0xd0][0xda][0xdb]D[0xc0][0x5][0xb0]B[0x4][0xb6]q[0xb0][0xea][0xf8][0xad][0xa2][0xe5][0x89][0x84][0xe1],2[0xa1][0xff]-[0xc3]Z[0x17][0xb]=[0x9e]-[0xed][0x96][0xce][0xdb][0x8][0xfa][0x5][0xbd][0x8e]"F+[0xcf]PQ@[0xda][0xbe][0xd6]F+[0xc0][0x80][0x10].[0xe9]>[0x83][0xc3][0x91][0xf4][0x1e][0xb9]7[0x16][0x9e][0xf6][0x18][0xf4]H![0x7][0x96][0xa6]S[0x9d][0x93][0xe8][0xc5]Nbi[0xd8][0xeb]*dn[0xb1][0x82][0x84][0x13]!1[0xc4]X[0xca][0xfc][0xfc][0xae][0xe2][0x1]9[0x19][0xd1][0xa0]s~[0xcf][0xbf][0xdc]u[0xe4][0xcd][0xd9][0x97][0x1e]TWG[0x97]wG[0xc3]a[0x8f]t[0xbf][0xf7][0x10][0xde]nl[0xe6]~[0x98][0x9b]z[0xf0][0x1d]G[0x9e][0xb][0xc2]*'[0x89][0xe7][0xd7][0xbc]i[0xd8]Z2[0xa1]*[0xd5]Y[0xc][0xb0][0xf5]umo[0x9d]L[0x2]D[0x5][0xae]_[0xef][0x8c]<+[0xc4][0xd6][0xbb]E[0x98]t[0x91]d.[0x17][0xb5][0x96][0x82][0xbf]O[0xc]![0x97][0x0];1a~[0x9e][0xcc][0xfa]H[0xea][0xbd]O[0xdd][0x9d][0xd9]R`[0xe6][0x7]A=[0xbe]b[\n]"
17:56:12.351 [main] DEBUG org.apache.http.wire -- http-outgoing-0 << "]I[0x88]K[0xb9][0x84]9A[0xd6]V[0xc8][\r][0xab]]][0xab]:gW[0xba][0xe9][0xb0][0xaf]&zlZ[0xa7][0xc1][0xcc]p[0x8][0xac][0x80][0xbd][0x19]%cO[0xc]i[0x82][0xb0]9Q[0xa0]x[0xc2][0xae][0xa2][0x80][0x12][0xc0][0x18][0xc0][0xb0][0x9a][0xab]J"[0xfe][0xac]#v[0x91][0x90]UO[0x89][0x84][0x1][0xaa][0xe4]v^[0x9e][0x1d][0xad][0xb][0xa5][0xa4][0xa2][0xf6]11o%[0xd0][0xde][0x98]x[0xe8][0xd1][0xc3][0xc8]cS[0x8f][0x16][0x4][0xd9][0xdf][0x1d][0xb6][0xc5]ea[[0xcc]1S[0x2][0xd9]9[0x7]\[0xf0][0x1c][0xe8]6<[0xe]=3[0xf9]@[0xc][0xc8][0xd9]P[0x9e][0xf]T[0xfb]fpyw[0xf5][0xf9][0xb8]}[0x83][0xcf][0xee][0xf9]~[0x7]8[0x1c][0x9b]8[0xd0][0xe3][0xd9][0x81]s[0xb4][0xc][0x9f]"
17:56:12.351 [main] DEBUG org.apache.http.wire -- http-outgoing-0 << "W[0xb3][0x14][0xc7][0x16]0w[0x87]|Y{[0xc2][0xc7]z-C[0xb5][0x13]/[0xca][0xd8][0xec]~[0xc3][0xe4]9[0xaa]Ia[0xdb]F/[0xe1][0x84][0xb0][0x1d][0x87][0x17][0x85]vNe[0xb3]T[0x18][0xb2][0xb6][0xd9][0x1d][0xf3][0x1]fv[0xfe][0x8c][0xbb]:2[0xed][0xdf][0xe6][0x83][0x95]w [0x13][0xc9][0x9d][0x94][0x84][0x17][0xee][0xe2][0x14]K[0x9a][0xc]Q,FrW[0x5][0xc1][0xd7][0xb4]F=43D]"[0xa9]K[0x8][0xcc]A[0xf3][0xba][0xca][0xd7]\"w}[0xb5]j[0x86]"j[0xca][0xdf][0xb]}[0x9c][0xc7][0x15]*[0xd3]-[0x13][0x1c]([0xf2]]BB[0x11][0xa1][0x11][0xb0][0x1e]Z[0x5]d[0xa5][0xcf][0x8b]q[0xe9]\[0x97][0x8e]A[0xa8][0xda][0x8a]M[0xe7][0x99]2[0xca]+[0xf5][lC[0xc2][0x1c]2[0xbc][0x99][0x3][0x5][0x81][0xa5][0x98]x[0x1f]5a[0xfa][0xe8]A[0xdb]([0xc3][0xc8]C[0xdc]+[0x9c][0x9c][0xf3][0xbb][0x8d]^[0x82]q{[0xf4][0x16][0x91][0x92][0xdb][0x13][0x1e][0x9a][0xf][0xfd][0xca][0xd0][0xe0][0xcb][0xcb][0xe1][0xe7][0xeb][0xc1][0x17]A//[0x86][0xe7][0xb7][0xd7][0xe2][0xfa][0xb8]#[0xd5][0xcd][0xe7][0xda][0x19][0xb6]E[0xf0]=[0x8f][0x8d][0xff]d[0xe2][0x1c][0xfb][0xcd][0xa5]u?D^$H[0xdd]d[0xc5][0xe2][0xcc][0x99][0xf1][0xcc]_M.[0xc9],uA[0xaf][0x95]L[0x88]*[0xfa][0xcb][0x19] [0x98][0xd2]Mg[0xd4][0x1a][0xbb][0xa9]=[0x90][0xa8][0x11][0xda]R[0xc4]l[0x9b]{g[0xc][0x2]u[0xa9][0x1d]e[0xaa][0xfe][0xe2][0xe0][0xc2][0x8f][0x8a][0xb9][0xff]u[0xd0]J[0xa2]D[0x7]vO[0xc9][0x83][0xd6][0xe2][0xd9]n|x[0xd0][\n]"
17:56:12.351 [main] DEBUG org.apache.http.wire -- http-outgoing-0 << "[0xfc][0xb9]oy[0x10][0xfc][0xed][0xff][0x1][0xe8]][0x84]$o[0xa3][0x0][0x0]"
17:56:12.352 [main] DEBUG org.apache.http.impl.conn.DefaultManagedHttpClientConnection -- http-outgoing-0: Close connection
17:56:12.354 [main] DEBUG org.apache.http.impl.execchain.MainClientExec -- Connection discarded
17:56:12.354 [main] DEBUG org.apache.http.impl.conn.PoolingHttpClientConnectionManager -- Connection released: [id: 0][route: {s}->https://dummyjson.com:443][total available: 0; route allocated: 0 of 5; total allocated: 0 of 10]
17:56:12.354 [main] DEBUG org.apache.http.impl.conn.PoolingHttpClientConnectionManager -- Connection manager is shutting down
17:56:12.355 [main] DEBUG org.apache.http.impl.conn.PoolingHttpClientConnectionManager -- Connection manager shut down
17:56:12.377 [main] DEBUG com.intuit.karate -- response time in milliseconds: 552
1 < 200
1 < Access-Control-Allow-Origin: *
1 < Content-Type: application/json; charset=utf-8
1 < Date: Sun, 03 Aug 2025 10:56:12 GMT
1 < Etag: W/"a36f-Hyqmc+8fsEhjdF4H4imH3z/VXKo"
1 < Server: railway-edge
1 < Strict-Transport-Security: max-age=15552000; includeSubDomains
1 < Vary: Accept-Encoding
1 < X-Content-Type-Options: nosniff
1 < X-Dns-Prefetch-Control: off
1 < X-Download-Options: noopen
1 < X-Frame-Options: SAMEORIGIN
1 < X-Powered-By: Cats on Keyboards
1 < X-Railway-Edge: railway/asia-southeast1-eqsg3a
1 < X-Railway-Request-Id: v9IZwNVwTLm9mZvWDcO5xA
1 < X-Ratelimit-Limit: 100
1 < X-Ratelimit-Remaining: 99
1 < X-Ratelimit-Reset: 1754218582
1 < X-Xss-Protection: 1; mode=block
1 < Transfer-Encoding: chunked
{
  "users": [
    {
      "id": 1,
      "firstName": "Emily",
      "lastName": "Johnson",
      "maidenName": "Smith",
      "age": 28,
      "gender": "female",
      "email": "emily.johnson@x.dummyjson.com",
      "phone": "+81 965-431-3024",
      "username": "emilys",
      "password": "emilyspass",
      "birthDate": "1996-5-30",
      "image": "https://dummyjson.com/icon/emilys/128",
      "bloodGroup": "O-",
      "height": 193.24,
      "weight": 63.16,
      "eyeColor": "Green",
      "hair": {
        "color": "Brown",
        "type": "Curly"
      },
      "ip": "42.48.100.32",
      "address": {
        "address": "626 Main Street",
        "city": "Phoenix",
        "state": "Mississippi",
        "stateCode": "MS",
        "postalCode": "29112",
        "coordinates": {
          "lat": -77.16213,
          "lng": -92.084824
        },
        "country": "United States"
      },
      "macAddress": "47:fa:41:18:ec:eb",
      "university": "University of Wisconsin--Madison",
      "bank": {
        "cardExpire": "03/26",
        "cardNumber": "9289760655481815",
        "cardType": "Elo",
        "currency": "CNY",
        "iban": "YPUXISOBI7TTHPK2BR3HAIXL"
      },
      "company": {
        "department": "Engineering",
        "name": "Dooley, Kozey and Cronin",
        "title": "Sales Manager",
        "address": {
          "address": "263 Tenth Street",
          "city": "San Francisco",
          "state": "Wisconsin",
          "stateCode": "WI",
          "postalCode": "37657",
          "coordinates": {
            "lat": 71.814525,
            "lng": -161.150263
          },
          "country": "United States"
        }
      },
      "ein": "977-175",
      "ssn": "900-590-289",
      "userAgent": "Mozilla/5.0 (Macintosh; Intel Mac OS X 10_15_7) AppleWebKit/537.36 (KHTML, like Gecko) Chrome/96.0.4664.93 Safari/537.36",
      "crypto": {
        "coin": "Bitcoin",
        "wallet": "0xb9fc2fe63b2a6c003f1c324c3bfa53259162181a",
        "network": "Ethereum (ERC20)"
      },
      "role": "admin"
    },
    {
      "id": 2,
      "firstName": "Michael",
      "lastName": "Williams",
      "maidenName": "",
      "age": 35,
      "gender": "male",
      "email": "michael.williams@x.dummyjson.com",
      "phone": "+49 258-627-6644",
      "username": "michaelw",
      "password": "michaelwpass",
      "birthDate": "1989-8-10",
      "image": "https://dummyjson.com/icon/michaelw/128",
      "bloodGroup": "B+",
      "height": 186.22,
      "weight": 76.32,
      "eyeColor": "Red",
      "hair": {
        "color": "Green",
        "type": "Straight"
      },
      "ip": "12.13.116.142",
      "address": {
        "address": "385 Fifth Street",
        "city": "Houston",
        "state": "Alabama",
        "stateCode": "AL",
        "postalCode": "38807",
        "coordinates": {
          "lat": 22.815468,
          "lng": 115.608581
        },
        "country": "United States"
      },
      "macAddress": "79:15:78:99:60:aa",
      "university": "Ohio State University",
      "bank": {
        "cardExpire": "02/27",
        "cardNumber": "6737807858721625",
        "cardType": "Elo",
        "currency": "SEK",
        "iban": "83IDT77FWYLCJVR8ISDACFH0"
      },
      "company": {
        "department": "Support",
        "name": "Spinka - Dickinson",
        "title": "Support Specialist",
        "address": {
          "address": "395 Main Street",
          "city": "Los Angeles",
          "state": "New Hampshire",
          "stateCode": "NH",
          "postalCode": "73442",
          "coordinates": {
            "lat": 79.098326,
            "lng": -119.624845
          },
          "country": "United States"
        }
      },
      "ein": "912-602",
      "ssn": "108-953-962",
      "userAgent": "Mozilla/5.0 (Windows NT 10.0; Win64; x64) AppleWebKit/537.36 (KHTML, like Gecko) Edge/97.0.1072.76 Safari/537.36",
      "crypto": {
        "coin": "Bitcoin",
        "wallet": "0xb9fc2fe63b2a6c003f1c324c3bfa53259162181a",
        "network": "Ethereum (ERC20)"
      },
      "role": "admin"
    },
    {
      "id": 3,
      "firstName": "Sophia",
      "lastName": "Brown",
      "maidenName": "",
      "age": 42,
      "gender": "female",
      "email": "sophia.brown@x.dummyjson.com",
      "phone": "+81 210-652-2785",
      "username": "sophiab",
      "password": "sophiabpass",
      "birthDate": "1982-11-6",
      "image": "https://dummyjson.com/icon/sophiab/128",
      "bloodGroup": "O-",
      "height": 177.72,
      "weight": 52.6,
      "eyeColor": "Hazel",
      "hair": {
        "color": "White",
        "type": "Wavy"
      },
      "ip": "214.225.51.195",
      "address": {
        "address": "1642 Ninth Street",
        "city": "Washington",
        "state": "Alabama",
        "stateCode": "AL",
        "postalCode": "32822",
        "coordinates": {
          "lat": 45.289366,
          "lng": 46.832664
        },
        "country": "United States"
      },
      "macAddress": "12:a3:d3:6f:5c:5b",
      "university": "Pepperdine University",
      "bank": {
        "cardExpire": "04/25",
        "cardNumber": "7795895470082859",
        "cardType": "Korean Express",
        "currency": "SEK",
        "iban": "90XYKT83LMM7AARZ8JN958JC"
      },
      "company": {
        "department": "Research and Development",
        "name": "Schiller - Zieme",
        "title": "Accountant",
        "address": {
          "address": "1896 Washington Street",
          "city": "Dallas",
          "state": "Nevada",
          "stateCode": "NV",
          "postalCode": "88511",
          "coordinates": {
            "lat": 20.086743,
            "lng": -34.577107
          },
          "country": "United States"
        }
      },
      "ein": "963-113",
      "ssn": "638-461-822",
      "userAgent": "Mozilla/5.0 (Windows NT 10.0; Win64; x64) AppleWebKit/537.36 (KHTML, like Gecko) Chrome/96.0.4664.45 Safari/537.36",
      "crypto": {
        "coin": "Bitcoin",
        "wallet": "0xb9fc2fe63b2a6c003f1c324c3bfa53259162181a",
        "network": "Ethereum (ERC20)"
      },
      "role": "admin"
    },
    {
      "id": 4,
      "firstName": "James",
      "lastName": "Davis",
      "maidenName": "",
      "age": 45,
      "gender": "male",
      "email": "james.davis@x.dummyjson.com",
      "phone": "+49 614-958-9364",
      "username": "jamesd",
      "password": "jamesdpass",
      "birthDate": "1979-5-4",
      "image": "https://dummyjson.com/icon/jamesd/128",
      "bloodGroup": "AB+",
      "height": 193.31,
      "weight": 62.1,
      "eyeColor": "Amber",
      "hair": {
        "color": "Blonde",
        "type": "Straight"
      },
      "ip": "101.118.131.66",
      "address": {
        "address": "238 Jefferson Street",
        "city": "Seattle",
        "state": "Pennsylvania",
        "stateCode": "PA",
        "postalCode": "68354",
        "coordinates": {
          "lat": 16.782513,
          "lng": -139.34723
        },
        "country": "United States"
      },
      "macAddress": "10:7d:df:1f:97:58",
      "university": "University of Southern California",
      "bank": {
        "cardExpire": "05/29",
        "cardNumber": "5005519846254763",
        "cardType": "Mastercard",
        "currency": "INR",
        "iban": "7N7ZH1PJ8Q4WU1K965HQQR27"
      },
      "company": {
        "department": "Support",
        "name": "Pagac and Sons",
        "title": "Research Analyst",
        "address": {
          "address": "1622 Lincoln Street",
          "city": "Fort Worth",
          "state": "Pennsylvania",
          "stateCode": "PA",
          "postalCode": "27768",
          "coordinates": {
            "lat": 54.91193,
            "lng": -79.498328
          },
          "country": "United States"
        }
      },
      "ein": "904-810",
      "ssn": "116-951-314",
      "userAgent": "Mozilla/5.0 (Macintosh; Intel Mac OS X 10_15_7) AppleWebKit/537.36 (KHTML, like Gecko) Chrome/97.0.4692.99 Safari/537.36",
      "crypto": {
        "coin": "Bitcoin",
        "wallet": "0xb9fc2fe63b2a6c003f1c324c3bfa53259162181a",
        "network": "Ethereum (ERC20)"
      },
      "role": "admin"
    },
    {
      "id": 5,
      "firstName": "Emma",
      "lastName": "Miller",
      "maidenName": "Johnson",
      "age": 30,
      "gender": "female",
      "email": "emma.miller@x.dummyjson.com",
      "phone": "+91 759-776-1614",
      "username": "emmaj",
      "password": "emmajpass",
      "birthDate": "1994-6-13",
      "image": "https://dummyjson.com/icon/emmaj/128",
      "bloodGroup": "AB-",
      "height": 192.8,
      "weight": 63.62,
      "eyeColor": "Green",
      "hair": {
        "color": "White",
        "type": "Straight"
      },
      "ip": "224.126.22.183",
      "address": {
        "address": "607 Fourth Street",
        "city": "Jacksonville",
        "state": "Colorado",
        "stateCode": "CO",
        "postalCode": "26593",
        "coordinates": {
          "lat": 0.505589,
          "lng": -157.43281
        },
        "country": "United States"
      },
      "macAddress": "32:b9:7e:8d:f5:e8",
      "university": "Northeastern University",
      "bank": {
        "cardExpire": "03/26",
        "cardNumber": "5772950119588627",
        "cardType": "American Express",
        "currency": "CAD",
        "iban": "TAVHURD845KVBTB8W81AQXRY"
      },
      "company": {
        "department": "Human Resources",
        "name": "Graham - Gulgowski",
        "title": "Quality Assurance Engineer",
        "address": {
          "address": "1460 Sixth Street",
          "city": "San Antonio",
          "state": "Idaho",
          "stateCode": "ID",
          "postalCode": "21965",
          "coordinates": {
            "lat": 44.346545,
            "lng": -26.944701
          },
          "country": "United States"
        }
      },
      "ein": "403-505",
      "ssn": "526-210-885",
      "userAgent": "Mozilla/5.0 (Windows NT 10.0; Win64; x64; rv:97.0) Gecko/20100101 Firefox/97.0",
      "crypto": {
        "coin": "Bitcoin",
        "wallet": "0xb9fc2fe63b2a6c003f1c324c3bfa53259162181a",
        "network": "Ethereum (ERC20)"
      },
      "role": "admin"
    },
    {
      "id": 6,
      "firstName": "Olivia",
      "lastName": "Wilson",
      "maidenName": "",
      "age": 22,
      "gender": "female",
      "email": "olivia.wilson@x.dummyjson.com",
      "phone": "+91 607-295-6448",
      "username": "oliviaw",
      "password": "oliviawpass",
      "birthDate": "2002-4-20",
      "image": "https://dummyjson.com/icon/oliviaw/128",
      "bloodGroup": "B+",
      "height": 182.61,
      "weight": 58,
      "eyeColor": "Hazel",
      "hair": {
        "color": "Gray",
        "type": "Curly"
      },
      "ip": "249.178.112.207",
      "address": {
        "address": "547 First Street",
        "city": "Fort Worth",
        "state": "Tennessee",
        "stateCode": "TN",
        "postalCode": "83843",
        "coordinates": {
          "lat": 75.32627,
          "lng": -26.15285
        },
        "country": "United States"
      },
      "macAddress": "9c:7f:ea:34:18:19",
      "university": "University of North Carolina--Chapel Hill",
      "bank": {
        "cardExpire": "05/28",
        "cardNumber": "6771923832947881",
        "cardType": "Diners Club International",
        "currency": "BRL",
        "iban": "V6H0O5OE3Q4JVKWDTYWZABMD"
      },
      "company": {
        "department": "Product Management",
        "name": "Pfannerstill Inc",
        "title": "Research Analyst",
        "address": {
          "address": "425 Sixth Street",
          "city": "Indianapolis",
          "state": "Oklahoma",
          "stateCode": "OK",
          "postalCode": "74263",
          "coordinates": {
            "lat": 74.986644,
            "lng": -132.916888
          },
          "country": "United States"
        }
      },
      "ein": "921-709",
      "ssn": "836-772-168",
      "userAgent": "Mozilla/5.0 (Macintosh; Intel Mac OS X 10_15_7) AppleWebKit/605.1.15 (KHTML, like Gecko) Version/15.3 Safari/605.1.15",
      "crypto": {
        "coin": "Bitcoin",
        "wallet": "0xb9fc2fe63b2a6c003f1c324c3bfa53259162181a",
        "network": "Ethereum (ERC20)"
      },
      "role": "moderator"
    },
    {
      "id": 7,
      "firstName": "Alexander",
      "lastName": "Jones",
      "maidenName": "",
      "age": 38,
      "gender": "male",
      "email": "alexander.jones@x.dummyjson.com",
      "phone": "+61 260-824-4986",
      "username": "alexanderj",
      "password": "alexanderjpass",
      "birthDate": "1986-10-20",
      "image": "https://dummyjson.com/icon/alexanderj/128",
      "bloodGroup": "AB-",
      "height": 153.89,
      "weight": 77.42,
      "eyeColor": "Blue",
      "hair": {
        "color": "White",
        "type": "Straight"
      },
      "ip": "166.204.84.32",
      "address": {
        "address": "664 Maple Street",
        "city": "Indianapolis",
        "state": "Delaware",
        "stateCode": "DE",
        "postalCode": "86684",
        "coordinates": {
          "lat": 35.289664,
          "lng": 7.063255
        },
        "country": "United States"
      },
      "macAddress": "d2:64:58:2d:1c:46",
      "university": "University of Illinois--Urbana-Champaign",
      "bank": {
        "cardExpire": "05/25",
        "cardNumber": "7344951706130140",
        "cardType": "JCB",
        "currency": "EUR",
        "iban": "49V4GVDVMP0MHIDD4VXMQ3A2"
      },
      "company": {
        "department": "Engineering",
        "name": "Dickens - Beahan",
        "title": "Web Developer",
        "address": {
          "address": "996 Eighth Street",
          "city": "Washington",
          "state": "Kansas",
          "stateCode": "KS",
          "postalCode": "27858",
          "coordinates": {
            "lat": -75.462366,
            "lng": -128.025697
          },
          "country": "United States"
        }
      },
      "ein": "638-127",
      "ssn": "722-993-925",
      "userAgent": "Mozilla/5.0 (Macintosh; Intel Mac OS X 10_15_7) AppleWebKit/537.36 (KHTML, like Gecko) Chrome/95.0.4638.69 Safari/537.36",
      "crypto": {
        "coin": "Bitcoin",
        "wallet": "0xb9fc2fe63b2a6c003f1c324c3bfa53259162181a",
        "network": "Ethereum (ERC20)"
      },
      "role": "moderator"
    },
    {
      "id": 8,
      "firstName": "Ava",
      "lastName": "Taylor",
      "maidenName": "",
      "age": 27,
      "gender": "female",
      "email": "ava.taylor@x.dummyjson.com",
      "phone": "+1 458-853-7877",
      "username": "avat",
      "password": "avatpass",
      "birthDate": "1997-8-25",
      "image": "https://dummyjson.com/icon/avat/128",
      "bloodGroup": "AB-",
      "height": 168.47,
      "weight": 57.08,
      "eyeColor": "Hazel",
      "hair": {
        "color": "Red",
        "type": "Kinky"
      },
      "ip": "150.73.197.233",
      "address": {
        "address": "1197 First Street",
        "city": "Fort Worth",
        "state": "Rhode Island",
        "stateCode": "RI",
        "postalCode": "24771",
        "coordinates": {
          "lat": -81.194833,
          "lng": -87.948158
        },
        "country": "United States"
      },
      "macAddress": "8d:2e:c2:d6:e7:a8",
      "university": "University of Wisconsin--Madison",
      "bank": {
        "cardExpire": "01/29",
        "cardNumber": "6412128967460199",
        "cardType": "Maestro",
        "currency": "CNY",
        "iban": "TS66YQ8R16OX7IJKLUONDQHP"
      },
      "company": {
        "department": "Marketing",
        "name": "Nikolaus Inc",
        "title": "Chief Executive Officer",
        "address": {
          "address": "930 Lincoln Street",
          "city": "Austin",
          "state": "Colorado",
          "stateCode": "CO",
          "postalCode": "47592",
          "coordinates": {
            "lat": 87.970083,
            "lng": -42.769351
          },
          "country": "United States"
        }
      },
      "ein": "297-762",
      "ssn": "257-419-109",
      "userAgent": "Mozilla/5.0 (Windows NT 10.0; Win64; x64) AppleWebKit/537.36 (KHTML, like Gecko) Chrome/96.0.4664.45 Safari/537.36",
      "crypto": {
        "coin": "Bitcoin",
        "wallet": "0xb9fc2fe63b2a6c003f1c324c3bfa53259162181a",
        "network": "Ethereum (ERC20)"
      },
      "role": "moderator"
    },
    {
      "id": 9,
      "firstName": "Ethan",
      "lastName": "Martinez",
      "maidenName": "",
      "age": 33,
      "gender": "male",
      "email": "ethan.martinez@x.dummyjson.com",
      "phone": "+92 933-608-5081",
      "username": "ethanm",
      "password": "ethanmpass",
      "birthDate": "1991-2-12",
      "image": "https://dummyjson.com/icon/ethanm/128",
      "bloodGroup": "AB+",
      "height": 159.19,
      "weight": 68.81,
      "eyeColor": "Hazel",
      "hair": {
        "color": "Purple",
        "type": "Curly"
      },
      "ip": "63.191.127.71",
      "address": {
        "address": "466 Pine Street",
        "city": "San Antonio",
        "state": "Louisiana",
        "stateCode": "LA",
        "postalCode": "72360",
        "coordinates": {
          "lat": 74.074918,
          "lng": -25.312703
        },
        "country": "United States"
      },
      "macAddress": "59:e:9e:e3:29:da",
      "university": "Syracuse University",
      "bank": {
        "cardExpire": "02/25",
        "cardNumber": "7183482484317509",
        "cardType": "Visa",
        "currency": "CAD",
        "iban": "CW5U5KS23U7JYD22TVQL7SIH"
      },
      "company": {
        "department": "Support",
        "name": "Gorczany - Gottlieb",
        "title": "Legal Counsel",
        "address": {
          "address": "1597 Oak Street",
          "city": "Chicago",
          "state": "Florida",
          "stateCode": "FL",
          "postalCode": "28100",
          "coordinates": {
            "lat": -67.45208,
            "lng": -23.209886
          },
          "country": "United States"
        }
      },
      "ein": "790-434",
      "ssn": "569-650-348",
      "userAgent": "Mozilla/5.0 (Windows NT 10.0; Win64; x64) AppleWebKit/537.36 (KHTML, like Gecko) Chrome/95.0.4638.69 Safari/537.36",
      "crypto": {
        "coin": "Bitcoin",
        "wallet": "0xb9fc2fe63b2a6c003f1c324c3bfa53259162181a",
        "network": "Ethereum (ERC20)"
      },
      "role": "moderator"
    },
    {
      "id": 10,
      "firstName": "Isabella",
      "lastName": "Anderson",
      "maidenName": "Davis",
      "age": 31,
      "gender": "female",
      "email": "isabella.anderson@x.dummyjson.com",
      "phone": "+49 770-658-4885",
      "username": "isabellad",
      "password": "isabelladpass",
      "birthDate": "1993-6-10",
      "image": "https://dummyjson.com/icon/isabellad/128",
      "bloodGroup": "A-",
      "height": 150.56,
      "weight": 50.1,
      "eyeColor": "Brown",
      "hair": {
        "color": "Blonde",
        "type": "Curly"
      },
      "ip": "114.9.114.205",
      "address": {
        "address": "1964 Oak Street",
        "city": "New York",
        "state": "Utah",
        "stateCode": "UT",
        "postalCode": "89352",
        "coordinates": {
          "lat": 41.331324,
          "lng": 151.782727
        },
        "country": "United States"
      },
      "macAddress": "b1:b0:d0:a2:82:80",
      "university": "California Institute of Technology (Caltech)",
      "bank": {
        "cardExpire": "05/27",
        "cardNumber": "6118714010128731",
        "cardType": "NPS",
        "currency": "CNY",
        "iban": "GBZRGDMKUOTO34HBCI7A986J"
      },
      "company": {
        "department": "Marketing",
        "name": "Pollich - Hilpert",
        "title": "Chief Financial Officer",
        "address": {
          "address": "1029 Adams Street",
          "city": "San Diego",
          "state": "Maryland",
          "stateCode": "MD",
          "postalCode": "63847",
          "coordinates": {
            "lat": -25.843393,
            "lng": -62.692681
          },
          "country": "United States"
        }
      },
      "ein": "127-297",
      "ssn": "902-438-728",
      "userAgent": "Mozilla/5.0 (Macintosh; Intel Mac OS X 10_15_7) AppleWebKit/537.36 (KHTML, like Gecko) Chrome/96.0.4664.93 Safari/537.36",
      "crypto": {
        "coin": "Bitcoin",
        "wallet": "0xb9fc2fe63b2a6c003f1c324c3bfa53259162181a",
        "network": "Ethereum (ERC20)"
      },
      "role": "moderator"
    },
    {
      "id": 11,
      "firstName": "Liam",
      "lastName": "Garcia",
      "maidenName": "",
      "age": 29,
      "gender": "male",
      "email": "liam.garcia@x.dummyjson.com",
      "phone": "+92 870-217-6201",
      "username": "liamg",
      "password": "liamgpass",
      "birthDate": "1995-6-6",
      "image": "https://dummyjson.com/icon/liamg/128",
      "bloodGroup": "AB-",
      "height": 162.32,
      "weight": 93.16,
      "eyeColor": "Violet",
      "hair": {
        "color": "Red",
        "type": "Wavy"
      },
      "ip": "56.201.85.9",
      "address": {
        "address": "576 Fifth Street",
        "city": "Denver",
        "state": "South Dakota",
        "stateCode": "SD",
        "postalCode": "57252",
        "coordinates": {
          "lat": -66.218177,
          "lng": -145.340165
        },
        "country": "United States"
      },
      "macAddress": "31:9a:28:8b:99:6c",
      "university": "Ohio State University",
      "bank": {
        "cardExpire": "02/27",
        "cardNumber": "2302893002194899",
        "cardType": "Discover",
        "currency": "GBP",
        "iban": "O8ENPRB9UVBL2EFZ7601KC09"
      },
      "company": {
        "department": "Services",
        "name": "Considine - Torp",
        "title": "Web Developer",
        "address": {
          "address": "27 Cedar Street",
          "city": "Philadelphia",
          "state": "Connecticut",
          "stateCode": "CT",
          "postalCode": "79574",
          "coordinates": {
            "lat": -81.841588,
            "lng": 31.79423
          },
          "country": "United States"
        }
      },
      "ein": "326-604",
      "ssn": "933-784-949",
      "userAgent": "Mozilla/5.0 (Macintosh; Intel Mac OS X 10_15_7) AppleWebKit/537.36 (KHTML, like Gecko) Chrome/97.0.4692.99 Safari/537.36",
      "crypto": {
        "coin": "Bitcoin",
        "wallet": "0xb9fc2fe63b2a6c003f1c324c3bfa53259162181a",
        "network": "Ethereum (ERC20)"
      },
      "role": "moderator"
    },
    {
      "id": 12,
      "firstName": "Mia",
      "lastName": "Rodriguez",
      "maidenName": "",
      "age": 24,
      "gender": "female",
      "email": "mia.rodriguez@x.dummyjson.com",
      "phone": "+49 989-461-8403",
      "username": "miar",
      "password": "miarpass",
      "birthDate": "2000-8-4",
      "image": "https://dummyjson.com/icon/miar/128",
      "bloodGroup": "O-",
      "height": 188.08,
      "weight": 56.03,
      "eyeColor": "Blue",
      "hair": {
        "color": "Purple",
        "type": "Wavy"
      },
      "ip": "11.72.253.90",
      "address": {
        "address": "1627 Sixth Street",
        "city": "Jacksonville",
        "state": "West Virginia",
        "stateCode": "WV",
        "postalCode": "41810",
        "coordinates": {
          "lat": 24.857497,
          "lng": -34.865429
        },
        "country": "United States"
      },
      "macAddress": "53:d7:a4:6:1e:58",
      "university": "William & Mary",
      "bank": {
        "cardExpire": "05/26",
        "cardNumber": "1539872303456158",
        "cardType": "Carte Bancaire",
        "currency": "CAD",
        "iban": "EBMD95RLK8B82ZAZNXBJ09V5"
      },
      "company": {
        "department": "Accounting",
        "name": "Miller, Schowalter and Wisozk",
        "title": "Business Analyst",
        "address": {
          "address": "1039 Washington Street",
          "city": "Philadelphia",
          "state": "New Jersey",
          "stateCode": "NJ",
          "postalCode": "57518",
          "coordinates": {
            "lat": 85.455933,
            "lng": 164.246103
          },
          "country": "United States"
        }
      },
      "ein": "754-660",
      "ssn": "749-524-124",
      "userAgent": "Mozilla/5.0 (Macintosh; Intel Mac OS X 10_15_7) AppleWebKit/537.36 (KHTML, like Gecko) Chrome/95.0.4638.54 Safari/537.36",
      "crypto": {
        "coin": "Bitcoin",
        "wallet": "0xb9fc2fe63b2a6c003f1c324c3bfa53259162181a",
        "network": "Ethereum (ERC20)"
      },
      "role": "moderator"
    },
    {
      "id": 13,
      "firstName": "Noah",
      "lastName": "Hernandez",
      "maidenName": "",
      "age": 40,
      "gender": "male",
      "email": "noah.hernandez@x.dummyjson.com",
      "phone": "+49 393-605-6968",
      "username": "noahh",
      "password": "noahhpass",
      "birthDate": "1984-6-5",
      "image": "https://dummyjson.com/icon/noahh/128",
      "bloodGroup": "AB+",
      "height": 188.62,
      "weight": 69.49,
      "eyeColor": "Brown",
      "hair": {
        "color": "Red",
        "type": "Curly"
      },
      "ip": "169.154.126.57",
      "address": {
        "address": "1413 Maple Street",
        "city": "New York",
        "state": "North Dakota",
        "stateCode": "ND",
        "postalCode": "73696",
        "coordinates": {
          "lat": -25.0377,
          "lng": -151.70469
        },
        "country": "United States"
      },
      "macAddress": "d4:fe:ae:8f:eb:a3",
      "university": "New York University (NYU)",
      "bank": {
        "cardExpire": "05/26",
        "cardNumber": "1681772579326385",
        "cardType": "Discover",
        "currency": "SEK",
        "iban": "G4UIZKIQVPJM9D31XQVR1E9Z"
      },
      "company": {
        "department": "Engineering",
        "name": "Botsford, Marquardt and Roberts",
        "title": "Database Administrator",
        "address": {
          "address": "62 Third Street",
          "city": "Seattle",
          "state": "Oregon",
          "stateCode": "OR",
          "postalCode": "83474",
          "coordinates": {
            "lat": 19.490447,
            "lng": -13.173207
          },
          "country": "United States"
        }
      },
      "ein": "877-628",
      "ssn": "660-847-389",
      "userAgent": "Mozilla/5.0 (Windows NT 10.0; Win64; x64) AppleWebKit/537.36 (KHTML, like Gecko) Chrome/95.0.4638.54 Safari/537.36",
      "crypto": {
        "coin": "Bitcoin",
        "wallet": "0xb9fc2fe63b2a6c003f1c324c3bfa53259162181a",
        "network": "Ethereum (ERC20)"
      },
      "role": "moderator"
    },
    {
      "id": 14,
      "firstName": "Charlotte",
      "lastName": "Lopez",
      "maidenName": "Martinez",
      "age": 36,
      "gender": "female",
      "email": "charlotte.lopez@x.dummyjson.com",
      "phone": "+44 373-953-5028",
      "username": "charlottem",
      "password": "charlottempass",
      "birthDate": "1988-6-8",
      "image": "https://dummyjson.com/icon/charlottem/128",
      "bloodGroup": "AB-",
      "height": 178.92,
      "weight": 82.46,
      "eyeColor": "Brown",
      "hair": {
        "color": "Gray",
        "type": "Kinky"
      },
      "ip": "119.103.95.60",
      "address": {
        "address": "208 Second Street",
        "city": "Columbus",
        "state": "Ohio",
        "stateCode": "OH",
        "postalCode": "42044",
        "coordinates": {
          "lat": -44.443762,
          "lng": -151.420561
        },
        "country": "United States"
      },
      "macAddress": "f6:ff:37:aa:6c:f1",
      "university": "Northeastern University",
      "bank": {
        "cardExpire": "02/27",
        "cardNumber": "5675368650551956",
        "cardType": "Maestro",
        "currency": "CNY",
        "iban": "FKK6U634LGI3E7N517DLVVTL"
      },
      "company": {
        "department": "Accounting",
        "name": "Zulauf and Sons",
        "title": "Chief Executive Officer",
        "address": {
          "address": "569 Jefferson Street",
          "city": "Los Angeles",
          "state": "Montana",
          "stateCode": "MT",
          "postalCode": "17779",
          "coordinates": {
            "lat": -18.371256,
            "lng": 22.566258
          },
          "country": "United States"
        }
      },
      "ein": "364-782",
      "ssn": "255-491-479",
      "userAgent": "Mozilla/5.0 (Windows NT 10.0; Win64; x64) AppleWebKit/537.36 (KHTML, like Gecko) Chrome/96.0.4664.45 Safari/537.36",
      "crypto": {
        "coin": "Bitcoin",
        "wallet": "0xb9fc2fe63b2a6c003f1c324c3bfa53259162181a",
        "network": "Ethereum (ERC20)"
      },
      "role": "moderator"
    },
    {
      "id": 15,
      "firstName": "William",
      "lastName": "Gonzalez",
      "maidenName": "",
      "age": 32,
      "gender": "male",
      "email": "william.gonzalez@x.dummyjson.com",
      "phone": "+81 905-252-7319",
      "username": "williamg",
      "password": "williamgpass",
      "birthDate": "1992-3-27",
      "image": "https://dummyjson.com/icon/williamg/128",
      "bloodGroup": "B-",
      "height": 173.21,
      "weight": 82.41,
      "eyeColor": "Hazel",
      "hair": {
        "color": "Gray",
        "type": "Curly"
      },
      "ip": "250.2.241.204",
      "address": {
        "address": "31 Maple Street",
        "city": "San Jose",
        "state": "Utah",
        "stateCode": "UT",
        "postalCode": "78243",
        "coordinates": {
          "lat": 8.152876,
          "lng": 113.29799
        },
        "country": "United States"
      },
      "macAddress": "f5:68:28:f9:ec:89",
      "university": "Tufts University",
      "bank": {
        "cardExpire": "03/27",
        "cardNumber": "6053000793215148",
        "cardType": "Mir",
        "currency": "EUR",
        "iban": "AR01SNDMKGECX0EYH7UCW61W"
      },
      "company": {
        "department": "Marketing",
        "name": "Spinka - Dickinson",
        "title": "Software Architect",
        "address": {
          "address": "1538 Eighth Street",
          "city": "San Jose",
          "state": "Missouri",
          "stateCode": "MO",
          "postalCode": "29673",
          "coordinates": {
            "lat": 24.169361,
            "lng": -29.395167
          },
          "country": "United States"
        }
      },
      "ein": "830-515",
      "ssn": "690-544-755",
      "userAgent": "Mozilla/5.0 (Macintosh; Intel Mac OS X 10_15_7) AppleWebKit/537.36 (KHTML, like Gecko) Chrome/96.0.4664.93 Safari/537.36",
      "crypto": {
        "coin": "Bitcoin",
        "wallet": "0xb9fc2fe63b2a6c003f1c324c3bfa53259162181a",
        "network": "Ethereum (ERC20)"
      },
      "role": "moderator"
    },
    {
      "id": 16,
      "firstName": "Avery",
      "lastName": "Perez",
      "maidenName": "",
      "age": 25,
      "gender": "female",
      "email": "avery.perez@x.dummyjson.com",
      "phone": "+61 731-431-3457",
      "username": "averyp",
      "password": "averyppass",
      "birthDate": "1999-3-10",
      "image": "https://dummyjson.com/icon/averyp/128",
      "bloodGroup": "O-",
      "height": 172.68,
      "weight": 93.9,
      "eyeColor": "Brown",
      "hair": {
        "color": "Green",
        "type": "Curly"
      },
      "ip": "131.217.4.214",
      "address": {
        "address": "1125 First Street",
        "city": "Columbus",
        "state": "Iowa",
        "stateCode": "IA",
        "postalCode": "30973",
        "coordinates": {
          "lat": 12.789127,
          "lng": 85.792598
        },
        "country": "United States"
      },
      "macAddress": "b3:ff:f3:c5:37:46",
      "university": "Harvard University",
      "bank": {
        "cardExpire": "04/27",
        "cardNumber": "0961014686718571",
        "cardType": "Carte Bancaire",
        "currency": "USD",
        "iban": "28JYZAY4KYT48YI8QW40PWXR"
      },
      "company": {
        "department": "Accounting",
        "name": "Herzog Inc",
        "title": "Database Administrator",
        "address": {
          "address": "183 Maple Street",
          "city": "New York",
          "state": "Rhode Island",
          "stateCode": "RI",
          "postalCode": "45238",
          "coordinates": {
            "lat": -53.318189,
            "lng": 105.835271
          },
          "country": "United States"
        }
      },
      "ein": "348-493",
      "ssn": "679-523-686",
      "userAgent": "Mozilla/5.0 (Macintosh; Intel Mac OS X 10_15_7) AppleWebKit/537.36 (KHTML, like Gecko) Chrome/95.0.4638.69 Safari/537.36",
      "crypto": {
        "coin": "Bitcoin",
        "wallet": "0xb9fc2fe63b2a6c003f1c324c3bfa53259162181a",
        "network": "Ethereum (ERC20)"
      },
      "role": "user"
    },
    {
      "id": 17,
      "firstName": "Evelyn",
      "lastName": "Sanchez",
      "maidenName": "",
      "age": 37,
      "gender": "female",
      "email": "evelyn.sanchez@x.dummyjson.com",
      "phone": "+1 623-880-6871",
      "username": "evelyns",
      "password": "evelynspass",
      "birthDate": "1987-10-13",
      "image": "https://dummyjson.com/icon/evelyns/128",
      "bloodGroup": "B+",
      "height": 184.08,
      "weight": 83.15,
      "eyeColor": "Violet",
      "hair": {
        "color": "Blue",
        "type": "Curly"
      },
      "ip": "87.114.135.146",
      "address": {
        "address": "1170 Lincoln Street",
        "city": "San Diego",
        "state": "Wyoming",
        "stateCode": "WY",
        "postalCode": "43423",
        "coordinates": {
          "lat": -83.31484,
          "lng": 11.768071
        },
        "country": "United States"
      },
      "macAddress": "f8:e5:bd:43:bc:d8",
      "university": "Washington University in St. Louis",
      "bank": {
        "cardExpire": "04/29",
        "cardNumber": "4557521697420096",
        "cardType": "UnionPay",
        "currency": "SEK",
        "iban": "KN8XAPR2J5UB8AKDI1EVJ56R"
      },
      "company": {
        "department": "Support",
        "name": "Predovic - Johns",
        "title": "Chief Financial Officer",
        "address": {
          "address": "1802 Ninth Street",
          "city": "San Diego",
          "state": "Minnesota",
          "stateCode": "MN",
          "postalCode": "89416",
          "coordinates": {
            "lat": 29.034592,
            "lng": -78.004598
          },
          "country": "United States"
        }
      },
      "ein": "604-817",
      "ssn": "689-332-644",
      "userAgent": "Mozilla/5.0 (Macintosh; Intel Mac OS X 10_15_7) AppleWebKit/537.36 (KHTML, like Gecko) Chrome/96.0.4664.45 Safari/537.36",
      "crypto": {
        "coin": "Bitcoin",
        "wallet": "0xb9fc2fe63b2a6c003f1c324c3bfa53259162181a",
        "network": "Ethereum (ERC20)"
      },
      "role": "user"
    },
    {
      "id": 18,
      "firstName": "Logan",
      "lastName": "Torres",
      "maidenName": "",
      "age": 31,
      "gender": "male",
      "email": "logan.torres@x.dummyjson.com",
      "phone": "+81 507-434-8733",
      "username": "logant",
      "password": "logantpass",
      "birthDate": "1993-10-26",
      "image": "https://dummyjson.com/icon/logant/128",
      "bloodGroup": "A+",
      "height": 190.04,
      "weight": 72.43,
      "eyeColor": "Green",
      "hair": {
        "color": "Green",
        "type": "Curly"
      },
      "ip": "155.98.15.162",
      "address": {
        "address": "907 Seventh Street",
        "city": "Columbus",
        "state": "Arkansas",
        "stateCode": "AR",
        "postalCode": "78805",
        "coordinates": {
          "lat": -64.846516,
          "lng": 174.775744
        },
        "country": "United States"
      },
      "macAddress": "40:d:5c:1:7d:bf",
      "university": "University of Illinois--Urbana-Champaign",
      "bank": {
        "cardExpire": "05/26",
        "cardNumber": "7884268130452098",
        "cardType": "UnionPay",
        "currency": "NZD",
        "iban": "HZM7V9PYHPZBN72IDFPXGN8Q"
      },
      "company": {
        "department": "Training",
        "name": "Jast - Nader",
        "title": "Data Analyst",
        "address": {
          "address": "947 Main Street",
          "city": "Denver",
          "state": "Minnesota",
          "stateCode": "MN",
          "postalCode": "71896",
          "coordinates": {
            "lat": -24.654063,
            "lng": -147.255268
          },
          "country": "United States"
        }
      },
      "ein": "576-218",
      "ssn": "806-639-934",
      "userAgent": "Mozilla/5.0 (Macintosh; Intel Mac OS X 10_15_7) AppleWebKit/537.36 (KHTML, like Gecko) Chrome/96.0.4664.45 Safari/537.36",
      "crypto": {
        "coin": "Bitcoin",
        "wallet": "0xb9fc2fe63b2a6c003f1c324c3bfa53259162181a",
        "network": "Ethereum (ERC20)"
      },
      "role": "user"
    },
    {
      "id": 19,
      "firstName": "Abigail",
      "lastName": "Rivera",
      "maidenName": "",
      "age": 28,
      "gender": "female",
      "email": "abigail.rivera@x.dummyjson.com",
      "phone": "+91 228-363-7806",
      "username": "abigailr",
      "password": "abigailrpass",
      "birthDate": "1996-10-11",
      "image": "https://dummyjson.com/icon/abigailr/128",
      "bloodGroup": "B+",
      "height": 186.39,
      "weight": 74.61,
      "eyeColor": "Violet",
      "hair": {
        "color": "Blue",
        "type": "Kinky"
      },
      "ip": "19.183.240.94",
      "address": {
        "address": "996 Oak Street",
        "city": "Chicago",
        "state": "New Mexico",
        "stateCode": "NM",
        "postalCode": "11407",
        "coordinates": {
          "lat": 44.321308,
          "lng": -3.723903
        },
        "country": "United States"
      },
      "macAddress": "1d:a6:58:2a:e5:e4",
      "university": "California Institute of Technology (Caltech)",
      "bank": {
        "cardExpire": "02/28",
        "cardNumber": "4832361886407551",
        "cardType": "RuPay",
        "currency": "BRL",
        "iban": "O02LHDNNFCVSM6D4H81DIQHE"
      },
      "company": {
        "department": "Human Resources",
        "name": "Prohaska - Thiel",
        "title": "Business Analyst",
        "address": {
          "address": "1402 Adams Street",
          "city": "Austin",
          "state": "Wisconsin",
          "stateCode": "WI",
          "postalCode": "51456",
          "coordinates": {
            "lat": 25.672938,
            "lng": -76.54967
          },
          "country": "United States"
        }
      },
      "ein": "173-637",
      "ssn": "655-823-929",
      "userAgent": "Mozilla/5.0 (Windows NT 10.0; Win64; x64) AppleWebKit/537.36 (KHTML, like Gecko) Edge/97.0.1072.76 Safari/537.36",
      "crypto": {
        "coin": "Bitcoin",
        "wallet": "0xb9fc2fe63b2a6c003f1c324c3bfa53259162181a",
        "network": "Ethereum (ERC20)"
      },
      "role": "user"
    },
    {
      "id": 20,
      "firstName": "Jackson",
      "lastName": "Evans",
      "maidenName": "",
      "age": 34,
      "gender": "male",
      "email": "jackson.evans@x.dummyjson.com",
      "phone": "+44 468-628-6686",
      "username": "jacksone",
      "password": "jacksonepass",
      "birthDate": "1990-11-30",
      "image": "https://dummyjson.com/icon/jacksone/128",
      "bloodGroup": "O-",
      "height": 162.57,
      "weight": 74.37,
      "eyeColor": "Green",
      "hair": {
        "color": "Red",
        "type": "Straight"
      },
      "ip": "221.127.144.198",
      "address": {
        "address": "1873 Main Street",
        "city": "New York",
        "state": "Arkansas",
        "stateCode": "AR",
        "postalCode": "26600",
        "coordinates": {
          "lat": 34.722451,
          "lng": 63.448927
        },
        "country": "United States"
      },
      "macAddress": "81:14:1:97:88:85",
      "university": "Ohio State University",
      "bank": {
        "cardExpire": "04/26",
        "cardNumber": "2109192842527801",
        "cardType": "BC Card",
        "currency": "EUR",
        "iban": "TX26FO9B7YR2VHYDSJBE32AX"
      },
      "company": {
        "department": "Legal",
        "name": "Kuhlman LLC",
        "title": "Web Developer",
        "address": {
          "address": "1706 First Street",
          "city": "Chicago",
          "state": "Hawaii",
          "stateCode": "HI",
          "postalCode": "34725",
          "coordinates": {
            "lat": -80.416937,
            "lng": -83.224516
          },
          "country": "United States"
        }
      },
      "ein": "843-260",
      "ssn": "248-787-886",
      "userAgent": "Mozilla/5.0 (Macintosh; Intel Mac OS X 10_15_7) AppleWebKit/537.36 (KHTML, like Gecko) Chrome/97.0.4692.99 Safari/537.36",
      "crypto": {
        "coin": "Bitcoin",
        "wallet": "0xb9fc2fe63b2a6c003f1c324c3bfa53259162181a",
        "network": "Ethereum (ERC20)"
      },
      "role": "user"
    },
    {
      "id": 21,
      "firstName": "Madison",
      "lastName": "Collins",
      "maidenName": "",
      "age": 26,
      "gender": "female",
      "email": "madison.collins@x.dummyjson.com",
      "phone": "+81 259-957-5711",
      "username": "madisonc",
      "password": "madisoncpass",
      "birthDate": "1998-3-7",
      "image": "https://dummyjson.com/icon/madisonc/128",
      "bloodGroup": "B-",
      "height": 189.28,
      "weight": 56.96,
      "eyeColor": "Red",
      "hair": {
        "color": "Gray",
        "type": "Curly"
      },
      "ip": "85.34.1.204",
      "address": {
        "address": "1892 Lincoln Street",
        "city": "Philadelphia",
        "state": "New Jersey",
        "stateCode": "NJ",
        "postalCode": "62091",
        "coordinates": {
          "lat": 52.993694,
          "lng": 160.486892
        },
        "country": "United States"
      },
      "macAddress": "13:b0:d0:23:4d:26",
      "university": "University of Pennsylvania",
      "bank": {
        "cardExpire": "04/28",
        "cardNumber": "5549175461210252",
        "cardType": "Mir",
        "currency": "CNY",
        "iban": "Y0WSN5IED255808SIYBUOMWO"
      },
      "company": {
        "department": "Engineering",
        "name": "Mayer - Smitham",
        "title": "Chief Technology Officer",
        "address": {
          "address": "1438 Main Street",
          "city": "San Diego",
          "state": "Delaware",
          "stateCode": "DE",
          "postalCode": "63144",
          "coordinates": {
            "lat": 1.629613,
            "lng": 23.232982
          },
          "country": "United States"
        }
      },
      "ein": "716-166",
      "ssn": "457-258-950",
      "userAgent": "Mozilla/5.0 (Macintosh; Intel Mac OS X 10_15_7) AppleWebKit/537.36 (KHTML, like Gecko) Chrome/97.0.4692.99 Safari/537.36",
      "crypto": {
        "coin": "Bitcoin",
        "wallet": "0xb9fc2fe63b2a6c003f1c324c3bfa53259162181a",
        "network": "Ethereum (ERC20)"
      },
      "role": "user"
    },
    {
      "id": 22,
      "firstName": "Elijah",
      "lastName": "Stewart",
      "maidenName": "",
      "age": 33,
      "gender": "male",
      "email": "elijah.stewart@x.dummyjson.com",
      "phone": "+44 468-357-7872",
      "username": "elijahs",
      "password": "elijahspass",
      "birthDate": "1991-10-22",
      "image": "https://dummyjson.com/icon/elijahs/128",
      "bloodGroup": "A-",
      "height": 195.33,
      "weight": 81.64,
      "eyeColor": "Blue",
      "hair": {
        "color": "Purple",
        "type": "Straight"
      },
      "ip": "23.87.135.62",
      "address": {
        "address": "1701 Eighth Street",
        "city": "Columbus",
        "state": "Illinois",
        "stateCode": "IL",
        "postalCode": "31585",
        "coordinates": {
          "lat": -54.833799,
          "lng": -174.504027
        },
        "country": "United States"
      },
      "macAddress": "75:17:c6:35:fc:6d",
      "university": "Georgetown University",
      "bank": {
        "cardExpire": "05/27",
        "cardNumber": "0798116671286564",
        "cardType": "JCB",
        "currency": "GBP",
        "iban": "E1XUHCC1N39WGU6XESSK1CAO"
      },
      "company": {
        "department": "Legal",
        "name": "Langworth Group",
        "title": "Business Analyst",
        "address": {
          "address": "155 Ninth Street",
          "city": "Washington",
          "state": "South Dakota",
          "stateCode": "SD",
          "postalCode": "19039",
          "coordinates": {
            "lat": 61.279254,
            "lng": -12.607767
          },
          "country": "United States"
        }
      },
      "ein": "520-394",
      "ssn": "287-380-801",
      "userAgent": "Mozilla/5.0 (Macintosh; Intel Mac OS X 10_15_7) AppleWebKit/537.36 (KHTML, like Gecko) Chrome/96.0.4664.93 Safari/537.36",
      "crypto": {
        "coin": "Bitcoin",
        "wallet": "0xb9fc2fe63b2a6c003f1c324c3bfa53259162181a",
        "network": "Ethereum (ERC20)"
      },
      "role": "user"
    },
    {
      "id": 23,
      "firstName": "Chloe",
      "lastName": "Morales",
      "maidenName": "",
      "age": 39,
      "gender": "female",
      "email": "chloe.morales@x.dummyjson.com",
      "phone": "+92 468-541-7133",
      "username": "chloem",
      "password": "chloempass",
      "birthDate": "1985-4-21",
      "image": "https://dummyjson.com/icon/chloem/128",
      "bloodGroup": "O+",
      "height": 185.07,
      "weight": 63.97,
      "eyeColor": "Brown",
      "hair": {
        "color": "Red",
        "type": "Kinky"
      },
      "ip": "66.78.20.21",
      "address": {
        "address": "401 Fourth Street",
        "city": "Dallas",
        "state": "New Jersey",
        "stateCode": "NJ",
        "postalCode": "54972",
        "coordinates": {
          "lat": -30.190759,
          "lng": -58.705979
        },
        "country": "United States"
      },
      "macAddress": "fc:f:29:e1:37:b8",
      "university": "Syracuse University",
      "bank": {
        "cardExpire": "05/28",
        "cardNumber": "3150496938377346",
        "cardType": "American Express",
        "currency": "PKR",
        "iban": "P7YLGOOBWBD1SRWDWSFO3PZ0"
      },
      "company": {
        "department": "Sales",
        "name": "Grady LLC",
        "title": "Database Administrator",
        "address": {
          "address": "269 Third Street",
          "city": "Houston",
          "state": "North Carolina",
          "stateCode": "NC",
          "postalCode": "10385",
          "coordinates": {
            "lat": 40.098115,
            "lng": -1.762972
          },
          "country": "United States"
        }
      },
      "ein": "913-597",
      "ssn": "938-883-163",
      "userAgent": "Mozilla/5.0 (Windows NT 10.0; Win64; x64) AppleWebKit/537.36 (KHTML, like Gecko) Chrome/96.0.4664.93 Safari/537.36",
      "crypto": {
        "coin": "Bitcoin",
        "wallet": "0xb9fc2fe63b2a6c003f1c324c3bfa53259162181a",
        "network": "Ethereum (ERC20)"
      },
      "role": "user"
    },
    {
      "id": 24,
      "firstName": "Mateo",
      "lastName": "Nguyen",
      "maidenName": "",
      "age": 30,
      "gender": "male",
      "email": "mateo.nguyen@x.dummyjson.com",
      "phone": "+1 341-597-6694",
      "username": "mateon",
      "password": "mateonpass",
      "birthDate": "1994-6-2",
      "image": "https://dummyjson.com/icon/mateon/128",
      "bloodGroup": "O+",
      "height": 174.29,
      "weight": 59.98,
      "eyeColor": "Red",
      "hair": {
        "color": "Purple",
        "type": "Wavy"
      },
      "ip": "192.57.144.7",
      "address": {
        "address": "1578 Fourth Street",
        "city": "Columbus",
        "state": "Missouri",
        "stateCode": "MO",
        "postalCode": "20673",
        "coordinates": {
          "lat": -32.828675,
          "lng": -82.557354
        },
        "country": "United States"
      },
      "macAddress": "a7:26:10:7a:36:29",
      "university": "Columbia University",
      "bank": {
        "cardExpire": "03/26",
        "cardNumber": "5545852224851851",
        "cardType": "JCB",
        "currency": "TRY",
        "iban": "WEBE9SBX588VFUCVCA6KFHWB"
      },
      "company": {
        "department": "Accounting",
        "name": "Spinka LLC",
        "title": "Business Analyst",
        "address": {
          "address": "1967 Jefferson Street",
          "city": "Dallas",
          "state": "Louisiana",
          "stateCode": "LA",
          "postalCode": "78527",
          "coordinates": {
            "lat": 75.982676,
            "lng": 164.459743
          },
          "country": "United States"
        }
      },
      "ein": "229-249",
      "ssn": "416-877-230",
      "userAgent": "Mozilla/5.0 (Windows NT 10.0; Win64; x64) AppleWebKit/537.36 (KHTML, like Gecko) Chrome/95.0.4638.69 Safari/537.36",
      "crypto": {
        "coin": "Bitcoin",
        "wallet": "0xb9fc2fe63b2a6c003f1c324c3bfa53259162181a",
        "network": "Ethereum (ERC20)"
      },
      "role": "user"
    },
    {
      "id": 25,
      "firstName": "Harper",
      "lastName": "Kelly",
      "maidenName": "Evans",
      "age": 27,
      "gender": "female",
      "email": "harper.kelly@x.dummyjson.com",
      "phone": "+92 518-863-2863",
      "username": "harpere",
      "password": "harperepass",
      "birthDate": "1997-3-3",
      "image": "https://dummyjson.com/icon/harpere/128",
      "bloodGroup": "AB-",
      "height": 184.32,
      "weight": 81.69,
      "eyeColor": "Amber",
      "hair": {
        "color": "Red",
        "type": "Curly"
      },
      "ip": "174.111.61.162",
      "address": {
        "address": "1591 Adams Street",
        "city": "Philadelphia",
        "state": "New York",
        "stateCode": "NY",
        "postalCode": "69521",
        "coordinates": {
          "lat": -26.832913,
          "lng": -75.445017
        },
        "country": "United States"
      },
      "macAddress": "b:ff:33:67:94:e4",
      "university": "Boston College",
      "bank": {
        "cardExpire": "04/26",
        "cardNumber": "1298153007505587",
        "cardType": "RuPay",
        "currency": "JPY",
        "iban": "DJI19LCUNUHP6YSGPY52D5VG"
      },
      "company": {
        "department": "Legal",
        "name": "Leffler, Rolfson and Becker",
        "title": "Business Development Manager",
        "address": {
          "address": "16 Maple Street",
          "city": "Austin",
          "state": "North Carolina",
          "stateCode": "NC",
          "postalCode": "68274",
          "coordinates": {
            "lat": -15.423746,
            "lng": 149.298887
          },
          "country": "United States"
        }
      },
      "ein": "592-557",
      "ssn": "209-544-548",
      "userAgent": "Mozilla/5.0 (Macintosh; Intel Mac OS X 10_15_7) AppleWebKit/537.36 (KHTML, like Gecko) Chrome/97.0.4692.99 Safari/537.36",
      "crypto": {
        "coin": "Bitcoin",
        "wallet": "0xb9fc2fe63b2a6c003f1c324c3bfa53259162181a",
        "network": "Ethereum (ERC20)"
      },
      "role": "user"
    },
    {
      "id": 26,
      "firstName": "Evelyn",
      "lastName": "Gonzalez",
      "maidenName": "",
      "age": 35,
      "gender": "female",
      "email": "evelyn.gonzalez@x.dummyjson.com",
      "phone": "+61 708-508-4638",
      "username": "evelyng",
      "password": "evelyngpass",
      "birthDate": "1989-2-5",
      "image": "https://dummyjson.com/icon/evelyng/128",
      "bloodGroup": "O+",
      "height": 168.94,
      "weight": 58.47,
      "eyeColor": "Red",
      "hair": {
        "color": "Black",
        "type": "Wavy"
      },
      "ip": "42.52.74.232",
      "address": {
        "address": "1065 Lincoln Street",
        "city": "Dallas",
        "state": "Maine",
        "stateCode": "ME",
        "postalCode": "84898",
        "coordinates": {
          "lat": 67.768359,
          "lng": 71.268643
        },
        "country": "United States"
      },
      "macAddress": "89:5e:5a:2a:72:42",
      "university": "Washington University in St. Louis",
      "bank": {
        "cardExpire": "03/28",
        "cardNumber": "9584313788145560",
        "cardType": "RuPay",
        "currency": "INR",
        "iban": "X4UPULQG61VIGA97USY7AAEB"
      },
      "company": {
        "department": "Accounting",
        "name": "Tromp, Gaylord and Weber",
        "title": "Project Manager",
        "address": {
          "address": "584 Ninth Street",
          "city": "Jacksonville",
          "state": "Wisconsin",
          "stateCode": "WI",
          "postalCode": "45633",
          "coordinates": {
            "lat": 26.014021,
            "lng": 40.572436
          },
          "country": "United States"
        }
      },
      "ein": "569-275",
      "ssn": "487-680-127",
      "userAgent": "Mozilla/5.0 (Windows NT 10.0; Win64; x64) AppleWebKit/537.36 (KHTML, like Gecko) Chrome/95.0.4638.54 Safari/537.36",
      "crypto": {
        "coin": "Bitcoin",
        "wallet": "0xb9fc2fe63b2a6c003f1c324c3bfa53259162181a",
        "network": "Ethereum (ERC20)"
      },
      "role": "user"
    },
    {
      "id": 27,
      "firstName": "Daniel",
      "lastName": "Cook",
      "maidenName": "",
      "age": 41,
      "gender": "male",
      "email": "daniel.cook@x.dummyjson.com",
      "phone": "+44 254-761-6843",
      "username": "danielc",
      "password": "danielcpass",
      "birthDate": "1983-12-25",
      "image": "https://dummyjson.com/icon/danielc/128",
      "bloodGroup": "AB+",
      "height": 186.21,
      "weight": 83.72,
      "eyeColor": "Brown",
      "hair": {
        "color": "Blonde",
        "type": "Curly"
      },
      "ip": "1.61.73.142",
      "address": {
        "address": "1163 Pine Street",
        "city": "Los Angeles",
        "state": "Nevada",
        "stateCode": "NV",
        "postalCode": "58781",
        "coordinates": {
          "lat": -3.456681,
          "lng": -134.937482
        },
        "country": "United States"
      },
      "macAddress": "6e:73:dc:3a:85:10",
      "university": "Columbia University",
      "bank": {
        "cardExpire": "01/26",
        "cardNumber": "8452555751345228",
        "cardType": "Korean Express",
        "currency": "NZD",
        "iban": "A8DBPECO4X6D09WYOVT8UZK8"
      },
      "company": {
        "department": "Support",
        "name": "Morissette, Baumbach and Auer",
        "title": "Legal Counsel",
        "address": {
          "address": "938 Fifth Street",
          "city": "San Francisco",
          "state": "South Dakota",
          "stateCode": "SD",
          "postalCode": "45305",
          "coordinates": {
            "lat": 21.323588,
            "lng": -83.531427
          },
          "country": "United States"
        }
      },
      "ein": "585-905",
      "ssn": "645-515-583",
      "userAgent": "Mozilla/5.0 (Windows NT 10.0; Win64; x64; rv:97.0) Gecko/20100101 Firefox/97.0",
      "crypto": {
        "coin": "Bitcoin",
        "wallet": "0xb9fc2fe63b2a6c003f1c324c3bfa53259162181a",
        "network": "Ethereum (ERC20)"
      },
      "role": "user"
    },
    {
      "id": 28,
      "firstName": "Lily",
      "lastName": "Lee",
      "maidenName": "Brown",
      "age": 29,
      "gender": "female",
      "email": "lily.lee@x.dummyjson.com",
      "phone": "+1 808-757-9867",
      "username": "lilyb",
      "password": "lilybpass",
      "birthDate": "1995-12-3",
      "image": "https://dummyjson.com/icon/lilyb/128",
      "bloodGroup": "AB-",
      "height": 181.42,
      "weight": 51.49,
      "eyeColor": "Gray",
      "hair": {
        "color": "Purple",
        "type": "Straight"
      },
      "ip": "67.184.255.96",
      "address": {
        "address": "1946 Oak Street",
        "city": "Phoenix",
        "state": "Massachusetts",
        "stateCode": "MA",
        "postalCode": "41540",
        "coordinates": {
          "lat": -9.87059,
          "lng": -72.336845
        },
        "country": "United States"
      },
      "macAddress": "18:b6:c7:a:50:3f",
      "university": "Johns Hopkins University",
      "bank": {
        "cardExpire": "05/29",
        "cardNumber": "2903637820228856",
        "cardType": "Visa",
        "currency": "JPY",
        "iban": "BKX6ZWB8UJZD09RFOWFPPD3C"
      },
      "company": {
        "department": "Product Management",
        "name": "Cremin Inc",
        "title": "Quality Assurance Engineer",
        "address": {
          "address": "1735 Cedar Street",
          "city": "Phoenix",
          "state": "Wyoming",
          "stateCode": "WY",
          "postalCode": "85797",
          "coordinates": {
            "lat": 72.231441,
            "lng": -158.147245
          },
          "country": "United States"
        }
      },
      "ein": "229-776",
      "ssn": "358-185-671",
      "userAgent": "Mozilla/5.0 (Windows NT 10.0; Win64; x64) AppleWebKit/537.36 (KHTML, like Gecko) Edge/97.0.1072.76 Safari/537.36",
      "crypto": {
        "coin": "Bitcoin",
        "wallet": "0xb9fc2fe63b2a6c003f1c324c3bfa53259162181a",
        "network": "Ethereum (ERC20)"
      },
      "role": "user"
    },
    {
      "id": 29,
      "firstName": "Henry",
      "lastName": "Hill",
      "maidenName": "",
      "age": 38,
      "gender": "male",
      "email": "henry.hill@x.dummyjson.com",
      "phone": "+1 240-833-4680",
      "username": "henryh",
      "password": "henryhpass",
      "birthDate": "1986-8-19",
      "image": "https://dummyjson.com/icon/henryh/128",
      "bloodGroup": "O-",
      "height": 180.25,
      "weight": 95.84,
      "eyeColor": "Gray",
      "hair": {
        "color": "Black",
        "type": "Straight"
      },
      "ip": "194.43.55.202",
      "address": {
        "address": "1837 Maple Street",
        "city": "Indianapolis",
        "state": "Delaware",
        "stateCode": "DE",
        "postalCode": "81783",
        "coordinates": {
          "lat": 35.498256,
          "lng": 154.088476
        },
        "country": "United States"
      },
      "macAddress": "fa:c3:1b:21:5f:44",
      "university": "University of Illinois--Urbana-Champaign",
      "bank": {
        "cardExpire": "02/26",
        "cardNumber": "7262597174206766",
        "cardType": "Diners Club International",
        "currency": "SEK",
        "iban": "7N3JP8KN9AUNXOWRQGAU2JX6"
      },
      "company": {
        "department": "Services",
        "name": "Gerlach, Funk and Schoen",
        "title": "Sales Manager",
        "address": {
          "address": "1651 Lincoln Street",
          "city": "San Francisco",
          "state": "West Virginia",
          "stateCode": "WV",
          "postalCode": "61805",
          "coordinates": {
            "lat": -59.936335,
            "lng": -12.405368
          },
          "country": "United States"
        }
      },
      "ein": "118-957",
      "ssn": "925-686-100",
      "userAgent": "Mozilla/5.0 (Windows NT 10.0; Win64; x64) AppleWebKit/537.36 (KHTML, like Gecko) Chrome/96.0.4664.93 Safari/537.36",
      "crypto": {
        "coin": "Bitcoin",
        "wallet": "0xb9fc2fe63b2a6c003f1c324c3bfa53259162181a",
        "network": "Ethereum (ERC20)"
      },
      "role": "user"
    },
    {
      "id": 30,
      "firstName": "Addison",
      "lastName": "Wright",
      "maidenName": "",
      "age": 32,
      "gender": "female",
      "email": "addison.wright@x.dummyjson.com",
      "phone": "+1 514-384-3300",
      "username": "addisonw",
      "password": "addisonwpass",
      "birthDate": "1992-1-3",
      "image": "https://dummyjson.com/icon/addisonw/128",
      "bloodGroup": "B+",
      "height": 179.32,
      "weight": 76.93,
      "eyeColor": "Brown",
      "hair": {
        "color": "Blonde",
        "type": "Straight"
      },
      "ip": "11.35.69.81",
      "address": {
        "address": "568 Tenth Street",
        "city": "San Francisco",
        "state": "Montana",
        "stateCode": "MT",
        "postalCode": "54698",
        "coordinates": {
          "lat": 20.946052,
          "lng": 100.228822
        },
        "country": "United States"
      },
      "macAddress": "fb:0:94:21:16:c",
      "university": "Syracuse University",
      "bank": {
        "cardExpire": "05/28",
        "cardNumber": "3756638438861539",
        "cardType": "Carte Bancaire",
        "currency": "JPY",
        "iban": "OOPQTNZ74OLPKVT7TGB89UQL"
      },
      "company": {
        "department": "Services",
        "name": "Kreiger Inc",
        "title": "Human Resources Manager",
        "address": {
          "address": "1173 Eighth Street",
          "city": "San Diego",
          "state": "Michigan",
          "stateCode": "MI",
          "postalCode": "85777",
          "coordinates": {
            "lat": 65.324413,
            "lng": 87.142893
          },
          "country": "United States"
        }
      },
      "ein": "415-286",
      "ssn": "804-492-390",
      "userAgent": "Mozilla/5.0 (Macintosh; Intel Mac OS X 10_15_7) AppleWebKit/537.36 (KHTML, like Gecko) Chrome/96.0.4664.93 Safari/537.36",
      "crypto": {
        "coin": "Bitcoin",
        "wallet": "0xb9fc2fe63b2a6c003f1c324c3bfa53259162181a",
        "network": "Ethereum (ERC20)"
      },
      "role": "user"
    }
  ],
  "total": 208,
  "skip": 0,
  "limit": 30
}


17:56:12.412 [main] DEBUG com.jayway.jsonpath.internal.path.CompiledPath -- Evaluating path: $['users']
17:56:12.418 [main] DEBUG com.jayway.jsonpath.internal.path.CompiledPath -- Evaluating path: $['total']
17:56:12.426 [main] DEBUG com.jayway.jsonpath.internal.path.CompiledPath -- Evaluating path: $['users'][0]['id']
17:56:12.428 [main] INFO com.intuit.karate -- [print] {
  "users": [
    {
      "id": 1,
      "firstName": "Emily",
      "lastName": "Johnson",
      "maidenName": "Smith",
      "age": 28,
      "gender": "female",
      "email": "emily.johnson@x.dummyjson.com",
      "phone": "+81 965-431-3024",
      "username": "emilys",
      "password": "emilyspass",
      "birthDate": "1996-5-30",
      "image": "https://dummyjson.com/icon/emilys/128",
      "bloodGroup": "O-",
      "height": 193.24,
      "weight": 63.16,
      "eyeColor": "Green",
      "hair": {
        "color": "Brown",
        "type": "Curly"
      },
      "ip": "42.48.100.32",
      "address": {
        "address": "626 Main Street",
        "city": "Phoenix",
        "state": "Mississippi",
        "stateCode": "MS",
        "postalCode": "29112",
        "coordinates": {
          "lat": -77.16213,
          "lng": -92.084824
        },
        "country": "United States"
      },
      "macAddress": "47:fa:41:18:ec:eb",
      "university": "University of Wisconsin--Madison",
      "bank": {
        "cardExpire": "03/26",
        "cardNumber": "9289760655481815",
        "cardType": "Elo",
        "currency": "CNY",
        "iban": "YPUXISOBI7TTHPK2BR3HAIXL"
      },
      "company": {
        "department": "Engineering",
        "name": "Dooley, Kozey and Cronin",
        "title": "Sales Manager",
        "address": {
          "address": "263 Tenth Street",
          "city": "San Francisco",
          "state": "Wisconsin",
          "stateCode": "WI",
          "postalCode": "37657",
          "coordinates": {
            "lat": 71.814525,
            "lng": -161.150263
          },
          "country": "United States"
        }
      },
      "ein": "977-175",
      "ssn": "900-590-289",
      "userAgent": "Mozilla/5.0 (Macintosh; Intel Mac OS X 10_15_7) AppleWebKit/537.36 (KHTML, like Gecko) Chrome/96.0.4664.93 Safari/537.36",
      "crypto": {
        "coin": "Bitcoin",
        "wallet": "0xb9fc2fe63b2a6c003f1c324c3bfa53259162181a",
        "network": "Ethereum (ERC20)"
      },
      "role": "admin"
    },
    {
      "id": 2,
      "firstName": "Michael",
      "lastName": "Williams",
      "maidenName": "",
      "age": 35,
      "gender": "male",
      "email": "michael.williams@x.dummyjson.com",
      "phone": "+49 258-627-6644",
      "username": "michaelw",
      "password": "michaelwpass",
      "birthDate": "1989-8-10",
      "image": "https://dummyjson.com/icon/michaelw/128",
      "bloodGroup": "B+",
      "height": 186.22,
      "weight": 76.32,
      "eyeColor": "Red",
      "hair": {
        "color": "Green",
        "type": "Straight"
      },
      "ip": "12.13.116.142",
      "address": {
        "address": "385 Fifth Street",
        "city": "Houston",
        "state": "Alabama",
        "stateCode": "AL",
        "postalCode": "38807",
        "coordinates": {
          "lat": 22.815468,
          "lng": 115.608581
        },
        "country": "United States"
      },
      "macAddress": "79:15:78:99:60:aa",
      "university": "Ohio State University",
      "bank": {
        "cardExpire": "02/27",
        "cardNumber": "6737807858721625",
        "cardType": "Elo",
        "currency": "SEK",
        "iban": "83IDT77FWYLCJVR8ISDACFH0"
      },
      "company": {
        "department": "Support",
        "name": "Spinka - Dickinson",
        "title": "Support Specialist",
        "address": {
          "address": "395 Main Street",
          "city": "Los Angeles",
          "state": "New Hampshire",
          "stateCode": "NH",
          "postalCode": "73442",
          "coordinates": {
            "lat": 79.098326,
            "lng": -119.624845
          },
          "country": "United States"
        }
      },
      "ein": "912-602",
      "ssn": "108-953-962",
      "userAgent": "Mozilla/5.0 (Windows NT 10.0; Win64; x64) AppleWebKit/537.36 (KHTML, like Gecko) Edge/97.0.1072.76 Safari/537.36",
      "crypto": {
        "coin": "Bitcoin",
        "wallet": "0xb9fc2fe63b2a6c003f1c324c3bfa53259162181a",
        "network": "Ethereum (ERC20)"
      },
      "role": "admin"
    },
    {
      "id": 3,
      "firstName": "Sophia",
      "lastName": "Brown",
      "maidenName": "",
      "age": 42,
      "gender": "female",
      "email": "sophia.brown@x.dummyjson.com",
      "phone": "+81 210-652-2785",
      "username": "sophiab",
      "password": "sophiabpass",
      "birthDate": "1982-11-6",
      "image": "https://dummyjson.com/icon/sophiab/128",
      "bloodGroup": "O-",
      "height": 177.72,
      "weight": 52.6,
      "eyeColor": "Hazel",
      "hair": {
        "color": "White",
        "type": "Wavy"
      },
      "ip": "214.225.51.195",
      "address": {
        "address": "1642 Ninth Street",
        "city": "Washington",
        "state": "Alabama",
        "stateCode": "AL",
        "postalCode": "32822",
        "coordinates": {
          "lat": 45.289366,
          "lng": 46.832664
        },
        "country": "United States"
      },
      "macAddress": "12:a3:d3:6f:5c:5b",
      "university": "Pepperdine University",
      "bank": {
        "cardExpire": "04/25",
        "cardNumber": "7795895470082859",
        "cardType": "Korean Express",
        "currency": "SEK",
        "iban": "90XYKT83LMM7AARZ8JN958JC"
      },
      "company": {
        "department": "Research and Development",
        "name": "Schiller - Zieme",
        "title": "Accountant",
        "address": {
          "address": "1896 Washington Street",
          "city": "Dallas",
          "state": "Nevada",
          "stateCode": "NV",
          "postalCode": "88511",
          "coordinates": {
            "lat": 20.086743,
            "lng": -34.577107
          },
          "country": "United States"
        }
      },
      "ein": "963-113",
      "ssn": "638-461-822",
      "userAgent": "Mozilla/5.0 (Windows NT 10.0; Win64; x64) AppleWebKit/537.36 (KHTML, like Gecko) Chrome/96.0.4664.45 Safari/537.36",
      "crypto": {
        "coin": "Bitcoin",
        "wallet": "0xb9fc2fe63b2a6c003f1c324c3bfa53259162181a",
        "network": "Ethereum (ERC20)"
      },
      "role": "admin"
    },
    {
      "id": 4,
      "firstName": "James",
      "lastName": "Davis",
      "maidenName": "",
      "age": 45,
      "gender": "male",
      "email": "james.davis@x.dummyjson.com",
      "phone": "+49 614-958-9364",
      "username": "jamesd",
      "password": "jamesdpass",
      "birthDate": "1979-5-4",
      "image": "https://dummyjson.com/icon/jamesd/128",
      "bloodGroup": "AB+",
      "height": 193.31,
      "weight": 62.1,
      "eyeColor": "Amber",
      "hair": {
        "color": "Blonde",
        "type": "Straight"
      },
      "ip": "101.118.131.66",
      "address": {
        "address": "238 Jefferson Street",
        "city": "Seattle",
        "state": "Pennsylvania",
        "stateCode": "PA",
        "postalCode": "68354",
        "coordinates": {
          "lat": 16.782513,
          "lng": -139.34723
        },
        "country": "United States"
      },
      "macAddress": "10:7d:df:1f:97:58",
      "university": "University of Southern California",
      "bank": {
        "cardExpire": "05/29",
        "cardNumber": "5005519846254763",
        "cardType": "Mastercard",
        "currency": "INR",
        "iban": "7N7ZH1PJ8Q4WU1K965HQQR27"
      },
      "company": {
        "department": "Support",
        "name": "Pagac and Sons",
        "title": "Research Analyst",
        "address": {
          "address": "1622 Lincoln Street",
          "city": "Fort Worth",
          "state": "Pennsylvania",
          "stateCode": "PA",
          "postalCode": "27768",
          "coordinates": {
            "lat": 54.91193,
            "lng": -79.498328
          },
          "country": "United States"
        }
      },
      "ein": "904-810",
      "ssn": "116-951-314",
      "userAgent": "Mozilla/5.0 (Macintosh; Intel Mac OS X 10_15_7) AppleWebKit/537.36 (KHTML, like Gecko) Chrome/97.0.4692.99 Safari/537.36",
      "crypto": {
        "coin": "Bitcoin",
        "wallet": "0xb9fc2fe63b2a6c003f1c324c3bfa53259162181a",
        "network": "Ethereum (ERC20)"
      },
      "role": "admin"
    },
    {
      "id": 5,
      "firstName": "Emma",
      "lastName": "Miller",
      "maidenName": "Johnson",
      "age": 30,
      "gender": "female",
      "email": "emma.miller@x.dummyjson.com",
      "phone": "+91 759-776-1614",
      "username": "emmaj",
      "password": "emmajpass",
      "birthDate": "1994-6-13",
      "image": "https://dummyjson.com/icon/emmaj/128",
      "bloodGroup": "AB-",
      "height": 192.8,
      "weight": 63.62,
      "eyeColor": "Green",
      "hair": {
        "color": "White",
        "type": "Straight"
      },
      "ip": "224.126.22.183",
      "address": {
        "address": "607 Fourth Street",
        "city": "Jacksonville",
        "state": "Colorado",
        "stateCode": "CO",
        "postalCode": "26593",
        "coordinates": {
          "lat": 0.505589,
          "lng": -157.43281
        },
        "country": "United States"
      },
      "macAddress": "32:b9:7e:8d:f5:e8",
      "university": "Northeastern University",
      "bank": {
        "cardExpire": "03/26",
        "cardNumber": "5772950119588627",
        "cardType": "American Express",
        "currency": "CAD",
        "iban": "TAVHURD845KVBTB8W81AQXRY"
      },
      "company": {
        "department": "Human Resources",
        "name": "Graham - Gulgowski",
        "title": "Quality Assurance Engineer",
        "address": {
          "address": "1460 Sixth Street",
          "city": "San Antonio",
          "state": "Idaho",
          "stateCode": "ID",
          "postalCode": "21965",
          "coordinates": {
            "lat": 44.346545,
            "lng": -26.944701
          },
          "country": "United States"
        }
      },
      "ein": "403-505",
      "ssn": "526-210-885",
      "userAgent": "Mozilla/5.0 (Windows NT 10.0; Win64; x64; rv:97.0) Gecko/20100101 Firefox/97.0",
      "crypto": {
        "coin": "Bitcoin",
        "wallet": "0xb9fc2fe63b2a6c003f1c324c3bfa53259162181a",
        "network": "Ethereum (ERC20)"
      },
      "role": "admin"
    },
    {
      "id": 6,
      "firstName": "Olivia",
      "lastName": "Wilson",
      "maidenName": "",
      "age": 22,
      "gender": "female",
      "email": "olivia.wilson@x.dummyjson.com",
      "phone": "+91 607-295-6448",
      "username": "oliviaw",
      "password": "oliviawpass",
      "birthDate": "2002-4-20",
      "image": "https://dummyjson.com/icon/oliviaw/128",
      "bloodGroup": "B+",
      "height": 182.61,
      "weight": 58,
      "eyeColor": "Hazel",
      "hair": {
        "color": "Gray",
        "type": "Curly"
      },
      "ip": "249.178.112.207",
      "address": {
        "address": "547 First Street",
        "city": "Fort Worth",
        "state": "Tennessee",
        "stateCode": "TN",
        "postalCode": "83843",
        "coordinates": {
          "lat": 75.32627,
          "lng": -26.15285
        },
        "country": "United States"
      },
      "macAddress": "9c:7f:ea:34:18:19",
      "university": "University of North Carolina--Chapel Hill",
      "bank": {
        "cardExpire": "05/28",
        "cardNumber": "6771923832947881",
        "cardType": "Diners Club International",
        "currency": "BRL",
        "iban": "V6H0O5OE3Q4JVKWDTYWZABMD"
      },
      "company": {
        "department": "Product Management",
        "name": "Pfannerstill Inc",
        "title": "Research Analyst",
        "address": {
          "address": "425 Sixth Street",
          "city": "Indianapolis",
          "state": "Oklahoma",
          "stateCode": "OK",
          "postalCode": "74263",
          "coordinates": {
            "lat": 74.986644,
            "lng": -132.916888
          },
          "country": "United States"
        }
      },
      "ein": "921-709",
      "ssn": "836-772-168",
      "userAgent": "Mozilla/5.0 (Macintosh; Intel Mac OS X 10_15_7) AppleWebKit/605.1.15 (KHTML, like Gecko) Version/15.3 Safari/605.1.15",
      "crypto": {
        "coin": "Bitcoin",
        "wallet": "0xb9fc2fe63b2a6c003f1c324c3bfa53259162181a",
        "network": "Ethereum (ERC20)"
      },
      "role": "moderator"
    },
    {
      "id": 7,
      "firstName": "Alexander",
      "lastName": "Jones",
      "maidenName": "",
      "age": 38,
      "gender": "male",
      "email": "alexander.jones@x.dummyjson.com",
      "phone": "+61 260-824-4986",
      "username": "alexanderj",
      "password": "alexanderjpass",
      "birthDate": "1986-10-20",
      "image": "https://dummyjson.com/icon/alexanderj/128",
      "bloodGroup": "AB-",
      "height": 153.89,
      "weight": 77.42,
      "eyeColor": "Blue",
      "hair": {
        "color": "White",
        "type": "Straight"
      },
      "ip": "166.204.84.32",
      "address": {
        "address": "664 Maple Street",
        "city": "Indianapolis",
        "state": "Delaware",
        "stateCode": "DE",
        "postalCode": "86684",
        "coordinates": {
          "lat": 35.289664,
          "lng": 7.063255
        },
        "country": "United States"
      },
      "macAddress": "d2:64:58:2d:1c:46",
      "university": "University of Illinois--Urbana-Champaign",
      "bank": {
        "cardExpire": "05/25",
        "cardNumber": "7344951706130140",
        "cardType": "JCB",
        "currency": "EUR",
        "iban": "49V4GVDVMP0MHIDD4VXMQ3A2"
      },
      "company": {
        "department": "Engineering",
        "name": "Dickens - Beahan",
        "title": "Web Developer",
        "address": {
          "address": "996 Eighth Street",
          "city": "Washington",
          "state": "Kansas",
          "stateCode": "KS",
          "postalCode": "27858",
          "coordinates": {
            "lat": -75.462366,
            "lng": -128.025697
          },
          "country": "United States"
        }
      },
      "ein": "638-127",
      "ssn": "722-993-925",
      "userAgent": "Mozilla/5.0 (Macintosh; Intel Mac OS X 10_15_7) AppleWebKit/537.36 (KHTML, like Gecko) Chrome/95.0.4638.69 Safari/537.36",
      "crypto": {
        "coin": "Bitcoin",
        "wallet": "0xb9fc2fe63b2a6c003f1c324c3bfa53259162181a",
        "network": "Ethereum (ERC20)"
      },
      "role": "moderator"
    },
    {
      "id": 8,
      "firstName": "Ava",
      "lastName": "Taylor",
      "maidenName": "",
      "age": 27,
      "gender": "female",
      "email": "ava.taylor@x.dummyjson.com",
      "phone": "+1 458-853-7877",
      "username": "avat",
      "password": "avatpass",
      "birthDate": "1997-8-25",
      "image": "https://dummyjson.com/icon/avat/128",
      "bloodGroup": "AB-",
      "height": 168.47,
      "weight": 57.08,
      "eyeColor": "Hazel",
      "hair": {
        "color": "Red",
        "type": "Kinky"
      },
      "ip": "150.73.197.233",
      "address": {
        "address": "1197 First Street",
        "city": "Fort Worth",
        "state": "Rhode Island",
        "stateCode": "RI",
        "postalCode": "24771",
        "coordinates": {
          "lat": -81.194833,
          "lng": -87.948158
        },
        "country": "United States"
      },
      "macAddress": "8d:2e:c2:d6:e7:a8",
      "university": "University of Wisconsin--Madison",
      "bank": {
        "cardExpire": "01/29",
        "cardNumber": "6412128967460199",
        "cardType": "Maestro",
        "currency": "CNY",
        "iban": "TS66YQ8R16OX7IJKLUONDQHP"
      },
      "company": {
        "department": "Marketing",
        "name": "Nikolaus Inc",
        "title": "Chief Executive Officer",
        "address": {
          "address": "930 Lincoln Street",
          "city": "Austin",
          "state": "Colorado",
          "stateCode": "CO",
          "postalCode": "47592",
          "coordinates": {
            "lat": 87.970083,
            "lng": -42.769351
          },
          "country": "United States"
        }
      },
      "ein": "297-762",
      "ssn": "257-419-109",
      "userAgent": "Mozilla/5.0 (Windows NT 10.0; Win64; x64) AppleWebKit/537.36 (KHTML, like Gecko) Chrome/96.0.4664.45 Safari/537.36",
      "crypto": {
        "coin": "Bitcoin",
        "wallet": "0xb9fc2fe63b2a6c003f1c324c3bfa53259162181a",
        "network": "Ethereum (ERC20)"
      },
      "role": "moderator"
    },
    {
      "id": 9,
      "firstName": "Ethan",
      "lastName": "Martinez",
      "maidenName": "",
      "age": 33,
      "gender": "male",
      "email": "ethan.martinez@x.dummyjson.com",
      "phone": "+92 933-608-5081",
      "username": "ethanm",
      "password": "ethanmpass",
      "birthDate": "1991-2-12",
      "image": "https://dummyjson.com/icon/ethanm/128",
      "bloodGroup": "AB+",
      "height": 159.19,
      "weight": 68.81,
      "eyeColor": "Hazel",
      "hair": {
        "color": "Purple",
        "type": "Curly"
      },
      "ip": "63.191.127.71",
      "address": {
        "address": "466 Pine Street",
        "city": "San Antonio",
        "state": "Louisiana",
        "stateCode": "LA",
        "postalCode": "72360",
        "coordinates": {
          "lat": 74.074918,
          "lng": -25.312703
        },
        "country": "United States"
      },
      "macAddress": "59:e:9e:e3:29:da",
      "university": "Syracuse University",
      "bank": {
        "cardExpire": "02/25",
        "cardNumber": "7183482484317509",
        "cardType": "Visa",
        "currency": "CAD",
        "iban": "CW5U5KS23U7JYD22TVQL7SIH"
      },
      "company": {
        "department": "Support",
        "name": "Gorczany - Gottlieb",
        "title": "Legal Counsel",
        "address": {
          "address": "1597 Oak Street",
          "city": "Chicago",
          "state": "Florida",
          "stateCode": "FL",
          "postalCode": "28100",
          "coordinates": {
            "lat": -67.45208,
            "lng": -23.209886
          },
          "country": "United States"
        }
      },
      "ein": "790-434",
      "ssn": "569-650-348",
      "userAgent": "Mozilla/5.0 (Windows NT 10.0; Win64; x64) AppleWebKit/537.36 (KHTML, like Gecko) Chrome/95.0.4638.69 Safari/537.36",
      "crypto": {
        "coin": "Bitcoin",
        "wallet": "0xb9fc2fe63b2a6c003f1c324c3bfa53259162181a",
        "network": "Ethereum (ERC20)"
      },
      "role": "moderator"
    },
    {
      "id": 10,
      "firstName": "Isabella",
      "lastName": "Anderson",
      "maidenName": "Davis",
      "age": 31,
      "gender": "female",
      "email": "isabella.anderson@x.dummyjson.com",
      "phone": "+49 770-658-4885",
      "username": "isabellad",
      "password": "isabelladpass",
      "birthDate": "1993-6-10",
      "image": "https://dummyjson.com/icon/isabellad/128",
      "bloodGroup": "A-",
      "height": 150.56,
      "weight": 50.1,
      "eyeColor": "Brown",
      "hair": {
        "color": "Blonde",
        "type": "Curly"
      },
      "ip": "114.9.114.205",
      "address": {
        "address": "1964 Oak Street",
        "city": "New York",
        "state": "Utah",
        "stateCode": "UT",
        "postalCode": "89352",
        "coordinates": {
          "lat": 41.331324,
          "lng": 151.782727
        },
        "country": "United States"
      },
      "macAddress": "b1:b0:d0:a2:82:80",
      "university": "California Institute of Technology (Caltech)",
      "bank": {
        "cardExpire": "05/27",
        "cardNumber": "6118714010128731",
        "cardType": "NPS",
        "currency": "CNY",
        "iban": "GBZRGDMKUOTO34HBCI7A986J"
      },
      "company": {
        "department": "Marketing",
        "name": "Pollich - Hilpert",
        "title": "Chief Financial Officer",
        "address": {
          "address": "1029 Adams Street",
          "city": "San Diego",
          "state": "Maryland",
          "stateCode": "MD",
          "postalCode": "63847",
          "coordinates": {
            "lat": -25.843393,
            "lng": -62.692681
          },
          "country": "United States"
        }
      },
      "ein": "127-297",
      "ssn": "902-438-728",
      "userAgent": "Mozilla/5.0 (Macintosh; Intel Mac OS X 10_15_7) AppleWebKit/537.36 (KHTML, like Gecko) Chrome/96.0.4664.93 Safari/537.36",
      "crypto": {
        "coin": "Bitcoin",
        "wallet": "0xb9fc2fe63b2a6c003f1c324c3bfa53259162181a",
        "network": "Ethereum (ERC20)"
      },
      "role": "moderator"
    },
    {
      "id": 11,
      "firstName": "Liam",
      "lastName": "Garcia",
      "maidenName": "",
      "age": 29,
      "gender": "male",
      "email": "liam.garcia@x.dummyjson.com",
      "phone": "+92 870-217-6201",
      "username": "liamg",
      "password": "liamgpass",
      "birthDate": "1995-6-6",
      "image": "https://dummyjson.com/icon/liamg/128",
      "bloodGroup": "AB-",
      "height": 162.32,
      "weight": 93.16,
      "eyeColor": "Violet",
      "hair": {
        "color": "Red",
        "type": "Wavy"
      },
      "ip": "56.201.85.9",
      "address": {
        "address": "576 Fifth Street",
        "city": "Denver",
        "state": "South Dakota",
        "stateCode": "SD",
        "postalCode": "57252",
        "coordinates": {
          "lat": -66.218177,
          "lng": -145.340165
        },
        "country": "United States"
      },
      "macAddress": "31:9a:28:8b:99:6c",
      "university": "Ohio State University",
      "bank": {
        "cardExpire": "02/27",
        "cardNumber": "2302893002194899",
        "cardType": "Discover",
        "currency": "GBP",
        "iban": "O8ENPRB9UVBL2EFZ7601KC09"
      },
      "company": {
        "department": "Services",
        "name": "Considine - Torp",
        "title": "Web Developer",
        "address": {
          "address": "27 Cedar Street",
          "city": "Philadelphia",
          "state": "Connecticut",
          "stateCode": "CT",
          "postalCode": "79574",
          "coordinates": {
            "lat": -81.841588,
            "lng": 31.79423
          },
          "country": "United States"
        }
      },
      "ein": "326-604",
      "ssn": "933-784-949",
      "userAgent": "Mozilla/5.0 (Macintosh; Intel Mac OS X 10_15_7) AppleWebKit/537.36 (KHTML, like Gecko) Chrome/97.0.4692.99 Safari/537.36",
      "crypto": {
        "coin": "Bitcoin",
        "wallet": "0xb9fc2fe63b2a6c003f1c324c3bfa53259162181a",
        "network": "Ethereum (ERC20)"
      },
      "role": "moderator"
    },
    {
      "id": 12,
      "firstName": "Mia",
      "lastName": "Rodriguez",
      "maidenName": "",
      "age": 24,
      "gender": "female",
      "email": "mia.rodriguez@x.dummyjson.com",
      "phone": "+49 989-461-8403",
      "username": "miar",
      "password": "miarpass",
      "birthDate": "2000-8-4",
      "image": "https://dummyjson.com/icon/miar/128",
      "bloodGroup": "O-",
      "height": 188.08,
      "weight": 56.03,
      "eyeColor": "Blue",
      "hair": {
        "color": "Purple",
        "type": "Wavy"
      },
      "ip": "11.72.253.90",
      "address": {
        "address": "1627 Sixth Street",
        "city": "Jacksonville",
        "state": "West Virginia",
        "stateCode": "WV",
        "postalCode": "41810",
        "coordinates": {
          "lat": 24.857497,
          "lng": -34.865429
        },
        "country": "United States"
      },
      "macAddress": "53:d7:a4:6:1e:58",
      "university": "William & Mary",
      "bank": {
        "cardExpire": "05/26",
        "cardNumber": "1539872303456158",
        "cardType": "Carte Bancaire",
        "currency": "CAD",
        "iban": "EBMD95RLK8B82ZAZNXBJ09V5"
      },
      "company": {
        "department": "Accounting",
        "name": "Miller, Schowalter and Wisozk",
        "title": "Business Analyst",
        "address": {
          "address": "1039 Washington Street",
          "city": "Philadelphia",
          "state": "New Jersey",
          "stateCode": "NJ",
          "postalCode": "57518",
          "coordinates": {
            "lat": 85.455933,
            "lng": 164.246103
          },
          "country": "United States"
        }
      },
      "ein": "754-660",
      "ssn": "749-524-124",
      "userAgent": "Mozilla/5.0 (Macintosh; Intel Mac OS X 10_15_7) AppleWebKit/537.36 (KHTML, like Gecko) Chrome/95.0.4638.54 Safari/537.36",
      "crypto": {
        "coin": "Bitcoin",
        "wallet": "0xb9fc2fe63b2a6c003f1c324c3bfa53259162181a",
        "network": "Ethereum (ERC20)"
      },
      "role": "moderator"
    },
    {
      "id": 13,
      "firstName": "Noah",
      "lastName": "Hernandez",
      "maidenName": "",
      "age": 40,
      "gender": "male",
      "email": "noah.hernandez@x.dummyjson.com",
      "phone": "+49 393-605-6968",
      "username": "noahh",
      "password": "noahhpass",
      "birthDate": "1984-6-5",
      "image": "https://dummyjson.com/icon/noahh/128",
      "bloodGroup": "AB+",
      "height": 188.62,
      "weight": 69.49,
      "eyeColor": "Brown",
      "hair": {
        "color": "Red",
        "type": "Curly"
      },
      "ip": "169.154.126.57",
      "address": {
        "address": "1413 Maple Street",
        "city": "New York",
        "state": "North Dakota",
        "stateCode": "ND",
        "postalCode": "73696",
        "coordinates": {
          "lat": -25.0377,
          "lng": -151.70469
        },
        "country": "United States"
      },
      "macAddress": "d4:fe:ae:8f:eb:a3",
      "university": "New York University (NYU)",
      "bank": {
        "cardExpire": "05/26",
        "cardNumber": "1681772579326385",
        "cardType": "Discover",
        "currency": "SEK",
        "iban": "G4UIZKIQVPJM9D31XQVR1E9Z"
      },
      "company": {
        "department": "Engineering",
        "name": "Botsford, Marquardt and Roberts",
        "title": "Database Administrator",
        "address": {
          "address": "62 Third Street",
          "city": "Seattle",
          "state": "Oregon",
          "stateCode": "OR",
          "postalCode": "83474",
          "coordinates": {
            "lat": 19.490447,
            "lng": -13.173207
          },
          "country": "United States"
        }
      },
      "ein": "877-628",
      "ssn": "660-847-389",
      "userAgent": "Mozilla/5.0 (Windows NT 10.0; Win64; x64) AppleWebKit/537.36 (KHTML, like Gecko) Chrome/95.0.4638.54 Safari/537.36",
      "crypto": {
        "coin": "Bitcoin",
        "wallet": "0xb9fc2fe63b2a6c003f1c324c3bfa53259162181a",
        "network": "Ethereum (ERC20)"
      },
      "role": "moderator"
    },
    {
      "id": 14,
      "firstName": "Charlotte",
      "lastName": "Lopez",
      "maidenName": "Martinez",
      "age": 36,
      "gender": "female",
      "email": "charlotte.lopez@x.dummyjson.com",
      "phone": "+44 373-953-5028",
      "username": "charlottem",
      "password": "charlottempass",
      "birthDate": "1988-6-8",
      "image": "https://dummyjson.com/icon/charlottem/128",
      "bloodGroup": "AB-",
      "height": 178.92,
      "weight": 82.46,
      "eyeColor": "Brown",
      "hair": {
        "color": "Gray",
        "type": "Kinky"
      },
      "ip": "119.103.95.60",
      "address": {
        "address": "208 Second Street",
        "city": "Columbus",
        "state": "Ohio",
        "stateCode": "OH",
        "postalCode": "42044",
        "coordinates": {
          "lat": -44.443762,
          "lng": -151.420561
        },
        "country": "United States"
      },
      "macAddress": "f6:ff:37:aa:6c:f1",
      "university": "Northeastern University",
      "bank": {
        "cardExpire": "02/27",
        "cardNumber": "5675368650551956",
        "cardType": "Maestro",
        "currency": "CNY",
        "iban": "FKK6U634LGI3E7N517DLVVTL"
      },
      "company": {
        "department": "Accounting",
        "name": "Zulauf and Sons",
        "title": "Chief Executive Officer",
        "address": {
          "address": "569 Jefferson Street",
          "city": "Los Angeles",
          "state": "Montana",
          "stateCode": "MT",
          "postalCode": "17779",
          "coordinates": {
            "lat": -18.371256,
            "lng": 22.566258
          },
          "country": "United States"
        }
      },
      "ein": "364-782",
      "ssn": "255-491-479",
      "userAgent": "Mozilla/5.0 (Windows NT 10.0; Win64; x64) AppleWebKit/537.36 (KHTML, like Gecko) Chrome/96.0.4664.45 Safari/537.36",
      "crypto": {
        "coin": "Bitcoin",
        "wallet": "0xb9fc2fe63b2a6c003f1c324c3bfa53259162181a",
        "network": "Ethereum (ERC20)"
      },
      "role": "moderator"
    },
    {
      "id": 15,
      "firstName": "William",
      "lastName": "Gonzalez",
      "maidenName": "",
      "age": 32,
      "gender": "male",
      "email": "william.gonzalez@x.dummyjson.com",
      "phone": "+81 905-252-7319",
      "username": "williamg",
      "password": "williamgpass",
      "birthDate": "1992-3-27",
      "image": "https://dummyjson.com/icon/williamg/128",
      "bloodGroup": "B-",
      "height": 173.21,
      "weight": 82.41,
      "eyeColor": "Hazel",
      "hair": {
        "color": "Gray",
        "type": "Curly"
      },
      "ip": "250.2.241.204",
      "address": {
        "address": "31 Maple Street",
        "city": "San Jose",
        "state": "Utah",
        "stateCode": "UT",
        "postalCode": "78243",
        "coordinates": {
          "lat": 8.152876,
          "lng": 113.29799
        },
        "country": "United States"
      },
      "macAddress": "f5:68:28:f9:ec:89",
      "university": "Tufts University",
      "bank": {
        "cardExpire": "03/27",
        "cardNumber": "6053000793215148",
        "cardType": "Mir",
        "currency": "EUR",
        "iban": "AR01SNDMKGECX0EYH7UCW61W"
      },
      "company": {
        "department": "Marketing",
        "name": "Spinka - Dickinson",
        "title": "Software Architect",
        "address": {
          "address": "1538 Eighth Street",
          "city": "San Jose",
          "state": "Missouri",
          "stateCode": "MO",
          "postalCode": "29673",
          "coordinates": {
            "lat": 24.169361,
            "lng": -29.395167
          },
          "country": "United States"
        }
      },
      "ein": "830-515",
      "ssn": "690-544-755",
      "userAgent": "Mozilla/5.0 (Macintosh; Intel Mac OS X 10_15_7) AppleWebKit/537.36 (KHTML, like Gecko) Chrome/96.0.4664.93 Safari/537.36",
      "crypto": {
        "coin": "Bitcoin",
        "wallet": "0xb9fc2fe63b2a6c003f1c324c3bfa53259162181a",
        "network": "Ethereum (ERC20)"
      },
      "role": "moderator"
    },
    {
      "id": 16,
      "firstName": "Avery",
      "lastName": "Perez",
      "maidenName": "",
      "age": 25,
      "gender": "female",
      "email": "avery.perez@x.dummyjson.com",
      "phone": "+61 731-431-3457",
      "username": "averyp",
      "password": "averyppass",
      "birthDate": "1999-3-10",
      "image": "https://dummyjson.com/icon/averyp/128",
      "bloodGroup": "O-",
      "height": 172.68,
      "weight": 93.9,
      "eyeColor": "Brown",
      "hair": {
        "color": "Green",
        "type": "Curly"
      },
      "ip": "131.217.4.214",
      "address": {
        "address": "1125 First Street",
        "city": "Columbus",
        "state": "Iowa",
        "stateCode": "IA",
        "postalCode": "30973",
        "coordinates": {
          "lat": 12.789127,
          "lng": 85.792598
        },
        "country": "United States"
      },
      "macAddress": "b3:ff:f3:c5:37:46",
      "university": "Harvard University",
      "bank": {
        "cardExpire": "04/27",
        "cardNumber": "0961014686718571",
        "cardType": "Carte Bancaire",
        "currency": "USD",
        "iban": "28JYZAY4KYT48YI8QW40PWXR"
      },
      "company": {
        "department": "Accounting",
        "name": "Herzog Inc",
        "title": "Database Administrator",
        "address": {
          "address": "183 Maple Street",
          "city": "New York",
          "state": "Rhode Island",
          "stateCode": "RI",
          "postalCode": "45238",
          "coordinates": {
            "lat": -53.318189,
            "lng": 105.835271
          },
          "country": "United States"
        }
      },
      "ein": "348-493",
      "ssn": "679-523-686",
      "userAgent": "Mozilla/5.0 (Macintosh; Intel Mac OS X 10_15_7) AppleWebKit/537.36 (KHTML, like Gecko) Chrome/95.0.4638.69 Safari/537.36",
      "crypto": {
        "coin": "Bitcoin",
        "wallet": "0xb9fc2fe63b2a6c003f1c324c3bfa53259162181a",
        "network": "Ethereum (ERC20)"
      },
      "role": "user"
    },
    {
      "id": 17,
      "firstName": "Evelyn",
      "lastName": "Sanchez",
      "maidenName": "",
      "age": 37,
      "gender": "female",
      "email": "evelyn.sanchez@x.dummyjson.com",
      "phone": "+1 623-880-6871",
      "username": "evelyns",
      "password": "evelynspass",
      "birthDate": "1987-10-13",
      "image": "https://dummyjson.com/icon/evelyns/128",
      "bloodGroup": "B+",
      "height": 184.08,
      "weight": 83.15,
      "eyeColor": "Violet",
      "hair": {
        "color": "Blue",
        "type": "Curly"
      },
      "ip": "87.114.135.146",
      "address": {
        "address": "1170 Lincoln Street",
        "city": "San Diego",
        "state": "Wyoming",
        "stateCode": "WY",
        "postalCode": "43423",
        "coordinates": {
          "lat": -83.31484,
          "lng": 11.768071
        },
        "country": "United States"
      },
      "macAddress": "f8:e5:bd:43:bc:d8",
      "university": "Washington University in St. Louis",
      "bank": {
        "cardExpire": "04/29",
        "cardNumber": "4557521697420096",
        "cardType": "UnionPay",
        "currency": "SEK",
        "iban": "KN8XAPR2J5UB8AKDI1EVJ56R"
      },
      "company": {
        "department": "Support",
        "name": "Predovic - Johns",
        "title": "Chief Financial Officer",
        "address": {
          "address": "1802 Ninth Street",
          "city": "San Diego",
          "state": "Minnesota",
          "stateCode": "MN",
          "postalCode": "89416",
          "coordinates": {
            "lat": 29.034592,
            "lng": -78.004598
          },
          "country": "United States"
        }
      },
      "ein": "604-817",
      "ssn": "689-332-644",
      "userAgent": "Mozilla/5.0 (Macintosh; Intel Mac OS X 10_15_7) AppleWebKit/537.36 (KHTML, like Gecko) Chrome/96.0.4664.45 Safari/537.36",
      "crypto": {
        "coin": "Bitcoin",
        "wallet": "0xb9fc2fe63b2a6c003f1c324c3bfa53259162181a",
        "network": "Ethereum (ERC20)"
      },
      "role": "user"
    },
    {
      "id": 18,
      "firstName": "Logan",
      "lastName": "Torres",
      "maidenName": "",
      "age": 31,
      "gender": "male",
      "email": "logan.torres@x.dummyjson.com",
      "phone": "+81 507-434-8733",
      "username": "logant",
      "password": "logantpass",
      "birthDate": "1993-10-26",
      "image": "https://dummyjson.com/icon/logant/128",
      "bloodGroup": "A+",
      "height": 190.04,
      "weight": 72.43,
      "eyeColor": "Green",
      "hair": {
        "color": "Green",
        "type": "Curly"
      },
      "ip": "155.98.15.162",
      "address": {
        "address": "907 Seventh Street",
        "city": "Columbus",
        "state": "Arkansas",
        "stateCode": "AR",
        "postalCode": "78805",
        "coordinates": {
          "lat": -64.846516,
          "lng": 174.775744
        },
        "country": "United States"
      },
      "macAddress": "40:d:5c:1:7d:bf",
      "university": "University of Illinois--Urbana-Champaign",
      "bank": {
        "cardExpire": "05/26",
        "cardNumber": "7884268130452098",
        "cardType": "UnionPay",
        "currency": "NZD",
        "iban": "HZM7V9PYHPZBN72IDFPXGN8Q"
      },
      "company": {
        "department": "Training",
        "name": "Jast - Nader",
        "title": "Data Analyst",
        "address": {
          "address": "947 Main Street",
          "city": "Denver",
          "state": "Minnesota",
          "stateCode": "MN",
          "postalCode": "71896",
          "coordinates": {
            "lat": -24.654063,
            "lng": -147.255268
          },
          "country": "United States"
        }
      },
      "ein": "576-218",
      "ssn": "806-639-934",
      "userAgent": "Mozilla/5.0 (Macintosh; Intel Mac OS X 10_15_7) AppleWebKit/537.36 (KHTML, like Gecko) Chrome/96.0.4664.45 Safari/537.36",
      "crypto": {
        "coin": "Bitcoin",
        "wallet": "0xb9fc2fe63b2a6c003f1c324c3bfa53259162181a",
        "network": "Ethereum (ERC20)"
      },
      "role": "user"
    },
    {
      "id": 19,
      "firstName": "Abigail",
      "lastName": "Rivera",
      "maidenName": "",
      "age": 28,
      "gender": "female",
      "email": "abigail.rivera@x.dummyjson.com",
      "phone": "+91 228-363-7806",
      "username": "abigailr",
      "password": "abigailrpass",
      "birthDate": "1996-10-11",
      "image": "https://dummyjson.com/icon/abigailr/128",
      "bloodGroup": "B+",
      "height": 186.39,
      "weight": 74.61,
      "eyeColor": "Violet",
      "hair": {
        "color": "Blue",
        "type": "Kinky"
      },
      "ip": "19.183.240.94",
      "address": {
        "address": "996 Oak Street",
        "city": "Chicago",
        "state": "New Mexico",
        "stateCode": "NM",
        "postalCode": "11407",
        "coordinates": {
          "lat": 44.321308,
          "lng": -3.723903
        },
        "country": "United States"
      },
      "macAddress": "1d:a6:58:2a:e5:e4",
      "university": "California Institute of Technology (Caltech)",
      "bank": {
        "cardExpire": "02/28",
        "cardNumber": "4832361886407551",
        "cardType": "RuPay",
        "currency": "BRL",
        "iban": "O02LHDNNFCVSM6D4H81DIQHE"
      },
      "company": {
        "department": "Human Resources",
        "name": "Prohaska - Thiel",
        "title": "Business Analyst",
        "address": {
          "address": "1402 Adams Street",
          "city": "Austin",
          "state": "Wisconsin",
          "stateCode": "WI",
          "postalCode": "51456",
          "coordinates": {
            "lat": 25.672938,
            "lng": -76.54967
          },
          "country": "United States"
        }
      },
      "ein": "173-637",
      "ssn": "655-823-929",
      "userAgent": "Mozilla/5.0 (Windows NT 10.0; Win64; x64) AppleWebKit/537.36 (KHTML, like Gecko) Edge/97.0.1072.76 Safari/537.36",
      "crypto": {
        "coin": "Bitcoin",
        "wallet": "0xb9fc2fe63b2a6c003f1c324c3bfa53259162181a",
        "network": "Ethereum (ERC20)"
      },
      "role": "user"
    },
    {
      "id": 20,
      "firstName": "Jackson",
      "lastName": "Evans",
      "maidenName": "",
      "age": 34,
      "gender": "male",
      "email": "jackson.evans@x.dummyjson.com",
      "phone": "+44 468-628-6686",
      "username": "jacksone",
      "password": "jacksonepass",
      "birthDate": "1990-11-30",
      "image": "https://dummyjson.com/icon/jacksone/128",
      "bloodGroup": "O-",
      "height": 162.57,
      "weight": 74.37,
      "eyeColor": "Green",
      "hair": {
        "color": "Red",
        "type": "Straight"
      },
      "ip": "221.127.144.198",
      "address": {
        "address": "1873 Main Street",
        "city": "New York",
        "state": "Arkansas",
        "stateCode": "AR",
        "postalCode": "26600",
        "coordinates": {
          "lat": 34.722451,
          "lng": 63.448927
        },
        "country": "United States"
      },
      "macAddress": "81:14:1:97:88:85",
      "university": "Ohio State University",
      "bank": {
        "cardExpire": "04/26",
        "cardNumber": "2109192842527801",
        "cardType": "BC Card",
        "currency": "EUR",
        "iban": "TX26FO9B7YR2VHYDSJBE32AX"
      },
      "company": {
        "department": "Legal",
        "name": "Kuhlman LLC",
        "title": "Web Developer",
        "address": {
          "address": "1706 First Street",
          "city": "Chicago",
          "state": "Hawaii",
          "stateCode": "HI",
          "postalCode": "34725",
          "coordinates": {
            "lat": -80.416937,
            "lng": -83.224516
          },
          "country": "United States"
        }
      },
      "ein": "843-260",
      "ssn": "248-787-886",
      "userAgent": "Mozilla/5.0 (Macintosh; Intel Mac OS X 10_15_7) AppleWebKit/537.36 (KHTML, like Gecko) Chrome/97.0.4692.99 Safari/537.36",
      "crypto": {
        "coin": "Bitcoin",
        "wallet": "0xb9fc2fe63b2a6c003f1c324c3bfa53259162181a",
        "network": "Ethereum (ERC20)"
      },
      "role": "user"
    },
    {
      "id": 21,
      "firstName": "Madison",
      "lastName": "Collins",
      "maidenName": "",
      "age": 26,
      "gender": "female",
      "email": "madison.collins@x.dummyjson.com",
      "phone": "+81 259-957-5711",
      "username": "madisonc",
      "password": "madisoncpass",
      "birthDate": "1998-3-7",
      "image": "https://dummyjson.com/icon/madisonc/128",
      "bloodGroup": "B-",
      "height": 189.28,
      "weight": 56.96,
      "eyeColor": "Red",
      "hair": {
        "color": "Gray",
        "type": "Curly"
      },
      "ip": "85.34.1.204",
      "address": {
        "address": "1892 Lincoln Street",
        "city": "Philadelphia",
        "state": "New Jersey",
        "stateCode": "NJ",
        "postalCode": "62091",
        "coordinates": {
          "lat": 52.993694,
          "lng": 160.486892
        },
        "country": "United States"
      },
      "macAddress": "13:b0:d0:23:4d:26",
      "university": "University of Pennsylvania",
      "bank": {
        "cardExpire": "04/28",
        "cardNumber": "5549175461210252",
        "cardType": "Mir",
        "currency": "CNY",
        "iban": "Y0WSN5IED255808SIYBUOMWO"
      },
      "company": {
        "department": "Engineering",
        "name": "Mayer - Smitham",
        "title": "Chief Technology Officer",
        "address": {
          "address": "1438 Main Street",
          "city": "San Diego",
          "state": "Delaware",
          "stateCode": "DE",
          "postalCode": "63144",
          "coordinates": {
            "lat": 1.629613,
            "lng": 23.232982
          },
          "country": "United States"
        }
      },
      "ein": "716-166",
      "ssn": "457-258-950",
      "userAgent": "Mozilla/5.0 (Macintosh; Intel Mac OS X 10_15_7) AppleWebKit/537.36 (KHTML, like Gecko) Chrome/97.0.4692.99 Safari/537.36",
      "crypto": {
        "coin": "Bitcoin",
        "wallet": "0xb9fc2fe63b2a6c003f1c324c3bfa53259162181a",
        "network": "Ethereum (ERC20)"
      },
      "role": "user"
    },
    {
      "id": 22,
      "firstName": "Elijah",
      "lastName": "Stewart",
      "maidenName": "",
      "age": 33,
      "gender": "male",
      "email": "elijah.stewart@x.dummyjson.com",
      "phone": "+44 468-357-7872",
      "username": "elijahs",
      "password": "elijahspass",
      "birthDate": "1991-10-22",
      "image": "https://dummyjson.com/icon/elijahs/128",
      "bloodGroup": "A-",
      "height": 195.33,
      "weight": 81.64,
      "eyeColor": "Blue",
      "hair": {
        "color": "Purple",
        "type": "Straight"
      },
      "ip": "23.87.135.62",
      "address": {
        "address": "1701 Eighth Street",
        "city": "Columbus",
        "state": "Illinois",
        "stateCode": "IL",
        "postalCode": "31585",
        "coordinates": {
          "lat": -54.833799,
          "lng": -174.504027
        },
        "country": "United States"
      },
      "macAddress": "75:17:c6:35:fc:6d",
      "university": "Georgetown University",
      "bank": {
        "cardExpire": "05/27",
        "cardNumber": "0798116671286564",
        "cardType": "JCB",
        "currency": "GBP",
        "iban": "E1XUHCC1N39WGU6XESSK1CAO"
      },
      "company": {
        "department": "Legal",
        "name": "Langworth Group",
        "title": "Business Analyst",
        "address": {
          "address": "155 Ninth Street",
          "city": "Washington",
          "state": "South Dakota",
          "stateCode": "SD",
          "postalCode": "19039",
          "coordinates": {
            "lat": 61.279254,
            "lng": -12.607767
          },
          "country": "United States"
        }
      },
      "ein": "520-394",
      "ssn": "287-380-801",
      "userAgent": "Mozilla/5.0 (Macintosh; Intel Mac OS X 10_15_7) AppleWebKit/537.36 (KHTML, like Gecko) Chrome/96.0.4664.93 Safari/537.36",
      "crypto": {
        "coin": "Bitcoin",
        "wallet": "0xb9fc2fe63b2a6c003f1c324c3bfa53259162181a",
        "network": "Ethereum (ERC20)"
      },
      "role": "user"
    },
    {
      "id": 23,
      "firstName": "Chloe",
      "lastName": "Morales",
      "maidenName": "",
      "age": 39,
      "gender": "female",
      "email": "chloe.morales@x.dummyjson.com",
      "phone": "+92 468-541-7133",
      "username": "chloem",
      "password": "chloempass",
      "birthDate": "1985-4-21",
      "image": "https://dummyjson.com/icon/chloem/128",
      "bloodGroup": "O+",
      "height": 185.07,
      "weight": 63.97,
      "eyeColor": "Brown",
      "hair": {
        "color": "Red",
        "type": "Kinky"
      },
      "ip": "66.78.20.21",
      "address": {
        "address": "401 Fourth Street",
        "city": "Dallas",
        "state": "New Jersey",
        "stateCode": "NJ",
        "postalCode": "54972",
        "coordinates": {
          "lat": -30.190759,
          "lng": -58.705979
        },
        "country": "United States"
      },
      "macAddress": "fc:f:29:e1:37:b8",
      "university": "Syracuse University",
      "bank": {
        "cardExpire": "05/28",
        "cardNumber": "3150496938377346",
        "cardType": "American Express",
        "currency": "PKR",
        "iban": "P7YLGOOBWBD1SRWDWSFO3PZ0"
      },
      "company": {
        "department": "Sales",
        "name": "Grady LLC",
        "title": "Database Administrator",
        "address": {
          "address": "269 Third Street",
          "city": "Houston",
          "state": "North Carolina",
          "stateCode": "NC",
          "postalCode": "10385",
          "coordinates": {
            "lat": 40.098115,
            "lng": -1.762972
          },
          "country": "United States"
        }
      },
      "ein": "913-597",
      "ssn": "938-883-163",
      "userAgent": "Mozilla/5.0 (Windows NT 10.0; Win64; x64) AppleWebKit/537.36 (KHTML, like Gecko) Chrome/96.0.4664.93 Safari/537.36",
      "crypto": {
        "coin": "Bitcoin",
        "wallet": "0xb9fc2fe63b2a6c003f1c324c3bfa53259162181a",
        "network": "Ethereum (ERC20)"
      },
      "role": "user"
    },
    {
      "id": 24,
      "firstName": "Mateo",
      "lastName": "Nguyen",
      "maidenName": "",
      "age": 30,
      "gender": "male",
      "email": "mateo.nguyen@x.dummyjson.com",
      "phone": "+1 341-597-6694",
      "username": "mateon",
      "password": "mateonpass",
      "birthDate": "1994-6-2",
      "image": "https://dummyjson.com/icon/mateon/128",
      "bloodGroup": "O+",
      "height": 174.29,
      "weight": 59.98,
      "eyeColor": "Red",
      "hair": {
        "color": "Purple",
        "type": "Wavy"
      },
      "ip": "192.57.144.7",
      "address": {
        "address": "1578 Fourth Street",
        "city": "Columbus",
        "state": "Missouri",
        "stateCode": "MO",
        "postalCode": "20673",
        "coordinates": {
          "lat": -32.828675,
          "lng": -82.557354
        },
        "country": "United States"
      },
      "macAddress": "a7:26:10:7a:36:29",
      "university": "Columbia University",
      "bank": {
        "cardExpire": "03/26",
        "cardNumber": "5545852224851851",
        "cardType": "JCB",
        "currency": "TRY",
        "iban": "WEBE9SBX588VFUCVCA6KFHWB"
      },
      "company": {
        "department": "Accounting",
        "name": "Spinka LLC",
        "title": "Business Analyst",
        "address": {
          "address": "1967 Jefferson Street",
          "city": "Dallas",
          "state": "Louisiana",
          "stateCode": "LA",
          "postalCode": "78527",
          "coordinates": {
            "lat": 75.982676,
            "lng": 164.459743
          },
          "country": "United States"
        }
      },
      "ein": "229-249",
      "ssn": "416-877-230",
      "userAgent": "Mozilla/5.0 (Windows NT 10.0; Win64; x64) AppleWebKit/537.36 (KHTML, like Gecko) Chrome/95.0.4638.69 Safari/537.36",
      "crypto": {
        "coin": "Bitcoin",
        "wallet": "0xb9fc2fe63b2a6c003f1c324c3bfa53259162181a",
        "network": "Ethereum (ERC20)"
      },
      "role": "user"
    },
    {
      "id": 25,
      "firstName": "Harper",
      "lastName": "Kelly",
      "maidenName": "Evans",
      "age": 27,
      "gender": "female",
      "email": "harper.kelly@x.dummyjson.com",
      "phone": "+92 518-863-2863",
      "username": "harpere",
      "password": "harperepass",
      "birthDate": "1997-3-3",
      "image": "https://dummyjson.com/icon/harpere/128",
      "bloodGroup": "AB-",
      "height": 184.32,
      "weight": 81.69,
      "eyeColor": "Amber",
      "hair": {
        "color": "Red",
        "type": "Curly"
      },
      "ip": "174.111.61.162",
      "address": {
        "address": "1591 Adams Street",
        "city": "Philadelphia",
        "state": "New York",
        "stateCode": "NY",
        "postalCode": "69521",
        "coordinates": {
          "lat": -26.832913,
          "lng": -75.445017
        },
        "country": "United States"
      },
      "macAddress": "b:ff:33:67:94:e4",
      "university": "Boston College",
      "bank": {
        "cardExpire": "04/26",
        "cardNumber": "1298153007505587",
        "cardType": "RuPay",
        "currency": "JPY",
        "iban": "DJI19LCUNUHP6YSGPY52D5VG"
      },
      "company": {
        "department": "Legal",
        "name": "Leffler, Rolfson and Becker",
        "title": "Business Development Manager",
        "address": {
          "address": "16 Maple Street",
          "city": "Austin",
          "state": "North Carolina",
          "stateCode": "NC",
          "postalCode": "68274",
          "coordinates": {
            "lat": -15.423746,
            "lng": 149.298887
          },
          "country": "United States"
        }
      },
      "ein": "592-557",
      "ssn": "209-544-548",
      "userAgent": "Mozilla/5.0 (Macintosh; Intel Mac OS X 10_15_7) AppleWebKit/537.36 (KHTML, like Gecko) Chrome/97.0.4692.99 Safari/537.36",
      "crypto": {
        "coin": "Bitcoin",
        "wallet": "0xb9fc2fe63b2a6c003f1c324c3bfa53259162181a",
        "network": "Ethereum (ERC20)"
      },
      "role": "user"
    },
    {
      "id": 26,
      "firstName": "Evelyn",
      "lastName": "Gonzalez",
      "maidenName": "",
      "age": 35,
      "gender": "female",
      "email": "evelyn.gonzalez@x.dummyjson.com",
      "phone": "+61 708-508-4638",
      "username": "evelyng",
      "password": "evelyngpass",
      "birthDate": "1989-2-5",
      "image": "https://dummyjson.com/icon/evelyng/128",
      "bloodGroup": "O+",
      "height": 168.94,
      "weight": 58.47,
      "eyeColor": "Red",
      "hair": {
        "color": "Black",
        "type": "Wavy"
      },
      "ip": "42.52.74.232",
      "address": {
        "address": "1065 Lincoln Street",
        "city": "Dallas",
        "state": "Maine",
        "stateCode": "ME",
        "postalCode": "84898",
        "coordinates": {
          "lat": 67.768359,
          "lng": 71.268643
        },
        "country": "United States"
      },
      "macAddress": "89:5e:5a:2a:72:42",
      "university": "Washington University in St. Louis",
      "bank": {
        "cardExpire": "03/28",
        "cardNumber": "9584313788145560",
        "cardType": "RuPay",
        "currency": "INR",
        "iban": "X4UPULQG61VIGA97USY7AAEB"
      },
      "company": {
        "department": "Accounting",
        "name": "Tromp, Gaylord and Weber",
        "title": "Project Manager",
        "address": {
          "address": "584 Ninth Street",
          "city": "Jacksonville",
          "state": "Wisconsin",
          "stateCode": "WI",
          "postalCode": "45633",
          "coordinates": {
            "lat": 26.014021,
            "lng": 40.572436
          },
          "country": "United States"
        }
      },
      "ein": "569-275",
      "ssn": "487-680-127",
      "userAgent": "Mozilla/5.0 (Windows NT 10.0; Win64; x64) AppleWebKit/537.36 (KHTML, like Gecko) Chrome/95.0.4638.54 Safari/537.36",
      "crypto": {
        "coin": "Bitcoin",
        "wallet": "0xb9fc2fe63b2a6c003f1c324c3bfa53259162181a",
        "network": "Ethereum (ERC20)"
      },
      "role": "user"
    },
    {
      "id": 27,
      "firstName": "Daniel",
      "lastName": "Cook",
      "maidenName": "",
      "age": 41,
      "gender": "male",
      "email": "daniel.cook@x.dummyjson.com",
      "phone": "+44 254-761-6843",
      "username": "danielc",
      "password": "danielcpass",
      "birthDate": "1983-12-25",
      "image": "https://dummyjson.com/icon/danielc/128",
      "bloodGroup": "AB+",
      "height": 186.21,
      "weight": 83.72,
      "eyeColor": "Brown",
      "hair": {
        "color": "Blonde",
        "type": "Curly"
      },
      "ip": "1.61.73.142",
      "address": {
        "address": "1163 Pine Street",
        "city": "Los Angeles",
        "state": "Nevada",
        "stateCode": "NV",
        "postalCode": "58781",
        "coordinates": {
          "lat": -3.456681,
          "lng": -134.937482
        },
        "country": "United States"
      },
      "macAddress": "6e:73:dc:3a:85:10",
      "university": "Columbia University",
      "bank": {
        "cardExpire": "01/26",
        "cardNumber": "8452555751345228",
        "cardType": "Korean Express",
        "currency": "NZD",
        "iban": "A8DBPECO4X6D09WYOVT8UZK8"
      },
      "company": {
        "department": "Support",
        "name": "Morissette, Baumbach and Auer",
        "title": "Legal Counsel",
        "address": {
          "address": "938 Fifth Street",
          "city": "San Francisco",
          "state": "South Dakota",
          "stateCode": "SD",
          "postalCode": "45305",
          "coordinates": {
            "lat": 21.323588,
            "lng": -83.531427
          },
          "country": "United States"
        }
      },
      "ein": "585-905",
      "ssn": "645-515-583",
      "userAgent": "Mozilla/5.0 (Windows NT 10.0; Win64; x64; rv:97.0) Gecko/20100101 Firefox/97.0",
      "crypto": {
        "coin": "Bitcoin",
        "wallet": "0xb9fc2fe63b2a6c003f1c324c3bfa53259162181a",
        "network": "Ethereum (ERC20)"
      },
      "role": "user"
    },
    {
      "id": 28,
      "firstName": "Lily",
      "lastName": "Lee",
      "maidenName": "Brown",
      "age": 29,
      "gender": "female",
      "email": "lily.lee@x.dummyjson.com",
      "phone": "+1 808-757-9867",
      "username": "lilyb",
      "password": "lilybpass",
      "birthDate": "1995-12-3",
      "image": "https://dummyjson.com/icon/lilyb/128",
      "bloodGroup": "AB-",
      "height": 181.42,
      "weight": 51.49,
      "eyeColor": "Gray",
      "hair": {
        "color": "Purple",
        "type": "Straight"
      },
      "ip": "67.184.255.96",
      "address": {
        "address": "1946 Oak Street",
        "city": "Phoenix",
        "state": "Massachusetts",
        "stateCode": "MA",
        "postalCode": "41540",
        "coordinates": {
          "lat": -9.87059,
          "lng": -72.336845
        },
        "country": "United States"
      },
      "macAddress": "18:b6:c7:a:50:3f",
      "university": "Johns Hopkins University",
      "bank": {
        "cardExpire": "05/29",
        "cardNumber": "2903637820228856",
        "cardType": "Visa",
        "currency": "JPY",
        "iban": "BKX6ZWB8UJZD09RFOWFPPD3C"
      },
      "company": {
        "department": "Product Management",
        "name": "Cremin Inc",
        "title": "Quality Assurance Engineer",
        "address": {
          "address": "1735 Cedar Street",
          "city": "Phoenix",
          "state": "Wyoming",
          "stateCode": "WY",
          "postalCode": "85797",
          "coordinates": {
            "lat": 72.231441,
            "lng": -158.147245
          },
          "country": "United States"
        }
      },
      "ein": "229-776",
      "ssn": "358-185-671",
      "userAgent": "Mozilla/5.0 (Windows NT 10.0; Win64; x64) AppleWebKit/537.36 (KHTML, like Gecko) Edge/97.0.1072.76 Safari/537.36",
      "crypto": {
        "coin": "Bitcoin",
        "wallet": "0xb9fc2fe63b2a6c003f1c324c3bfa53259162181a",
        "network": "Ethereum (ERC20)"
      },
      "role": "user"
    },
    {
      "id": 29,
      "firstName": "Henry",
      "lastName": "Hill",
      "maidenName": "",
      "age": 38,
      "gender": "male",
      "email": "henry.hill@x.dummyjson.com",
      "phone": "+1 240-833-4680",
      "username": "henryh",
      "password": "henryhpass",
      "birthDate": "1986-8-19",
      "image": "https://dummyjson.com/icon/henryh/128",
      "bloodGroup": "O-",
      "height": 180.25,
      "weight": 95.84,
      "eyeColor": "Gray",
      "hair": {
        "color": "Black",
        "type": "Straight"
      },
      "ip": "194.43.55.202",
      "address": {
        "address": "1837 Maple Street",
        "city": "Indianapolis",
        "state": "Delaware",
        "stateCode": "DE",
        "postalCode": "81783",
        "coordinates": {
          "lat": 35.498256,
          "lng": 154.088476
        },
        "country": "United States"
      },
      "macAddress": "fa:c3:1b:21:5f:44",
      "university": "University of Illinois--Urbana-Champaign",
      "bank": {
        "cardExpire": "02/26",
        "cardNumber": "7262597174206766",
        "cardType": "Diners Club International",
        "currency": "SEK",
        "iban": "7N3JP8KN9AUNXOWRQGAU2JX6"
      },
      "company": {
        "department": "Services",
        "name": "Gerlach, Funk and Schoen",
        "title": "Sales Manager",
        "address": {
          "address": "1651 Lincoln Street",
          "city": "San Francisco",
          "state": "West Virginia",
          "stateCode": "WV",
          "postalCode": "61805",
          "coordinates": {
            "lat": -59.936335,
            "lng": -12.405368
          },
          "country": "United States"
        }
      },
      "ein": "118-957",
      "ssn": "925-686-100",
      "userAgent": "Mozilla/5.0 (Windows NT 10.0; Win64; x64) AppleWebKit/537.36 (KHTML, like Gecko) Chrome/96.0.4664.93 Safari/537.36",
      "crypto": {
        "coin": "Bitcoin",
        "wallet": "0xb9fc2fe63b2a6c003f1c324c3bfa53259162181a",
        "network": "Ethereum (ERC20)"
      },
      "role": "user"
    },
    {
      "id": 30,
      "firstName": "Addison",
      "lastName": "Wright",
      "maidenName": "",
      "age": 32,
      "gender": "female",
      "email": "addison.wright@x.dummyjson.com",
      "phone": "+1 514-384-3300",
      "username": "addisonw",
      "password": "addisonwpass",
      "birthDate": "1992-1-3",
      "image": "https://dummyjson.com/icon/addisonw/128",
      "bloodGroup": "B+",
      "height": 179.32,
      "weight": 76.93,
      "eyeColor": "Brown",
      "hair": {
        "color": "Blonde",
        "type": "Straight"
      },
      "ip": "11.35.69.81",
      "address": {
        "address": "568 Tenth Street",
        "city": "San Francisco",
        "state": "Montana",
        "stateCode": "MT",
        "postalCode": "54698",
        "coordinates": {
          "lat": 20.946052,
          "lng": 100.228822
        },
        "country": "United States"
      },
      "macAddress": "fb:0:94:21:16:c",
      "university": "Syracuse University",
      "bank": {
        "cardExpire": "05/28",
        "cardNumber": "3756638438861539",
        "cardType": "Carte Bancaire",
        "currency": "JPY",
        "iban": "OOPQTNZ74OLPKVT7TGB89UQL"
      },
      "company": {
        "department": "Services",
        "name": "Kreiger Inc",
        "title": "Human Resources Manager",
        "address": {
          "address": "1173 Eighth Street",
          "city": "San Diego",
          "state": "Michigan",
          "stateCode": "MI",
          "postalCode": "85777",
          "coordinates": {
            "lat": 65.324413,
            "lng": 87.142893
          },
          "country": "United States"
        }
      },
      "ein": "415-286",
      "ssn": "804-492-390",
      "userAgent": "Mozilla/5.0 (Macintosh; Intel Mac OS X 10_15_7) AppleWebKit/537.36 (KHTML, like Gecko) Chrome/96.0.4664.93 Safari/537.36",
      "crypto": {
        "coin": "Bitcoin",
        "wallet": "0xb9fc2fe63b2a6c003f1c324c3bfa53259162181a",
        "network": "Ethereum (ERC20)"
      },
      "role": "user"
    }
  ],
  "total": 208,
  "skip": 0,
  "limit": 30
}
 
]]></system-out>
  </testcase>
  <testcase name="[2:15] Get Single User by ID" classname="dummyjson/Users" time="0.115">
    <system-out><![CDATA[17:56:12.452 [main] DEBUG org.apache.http.client.protocol.RequestAddCookies -- CookieSpec selected: karate
17:56:12.453 [main] DEBUG org.apache.http.client.protocol.RequestAuthCache -- Auth cache not set in the context
17:56:12.453 [main] DEBUG com.intuit.karate -- request:
1 > GET https://dummyjson.com/users/1
1 > Host: dummyjson.com
1 > Connection: Keep-Alive
1 > User-Agent: Apache-HttpClient/4.5.14 (Java/21.0.8)
1 > Accept-Encoding: gzip,deflate


17:56:12.453 [main] DEBUG org.apache.http.impl.conn.PoolingHttpClientConnectionManager -- Connection request: [route: {s}->https://dummyjson.com:443][total available: 0; route allocated: 0 of 5; total allocated: 0 of 10]
17:56:12.453 [main] DEBUG org.apache.http.impl.conn.PoolingHttpClientConnectionManager -- Connection leased: [id: 1][route: {s}->https://dummyjson.com:443][total available: 0; route allocated: 1 of 5; total allocated: 1 of 10]
17:56:12.453 [main] DEBUG org.apache.http.impl.execchain.MainClientExec -- Opening connection {s}->https://dummyjson.com:443
17:56:12.453 [main] DEBUG org.apache.http.impl.conn.DefaultHttpClientConnectionOperator -- Connecting to dummyjson.com/66.33.22.3:443
17:56:12.453 [main] DEBUG org.apache.http.conn.ssl.SSLConnectionSocketFactory -- Connecting socket to dummyjson.com/66.33.22.3:443 with timeout 30000
17:56:12.475 [main] DEBUG org.apache.http.conn.ssl.SSLConnectionSocketFactory -- Enabled protocols: [TLSv1.3, TLSv1.2]
17:56:12.475 [main] DEBUG org.apache.http.conn.ssl.SSLConnectionSocketFactory -- Enabled cipher suites:[TLS_AES_256_GCM_SHA384, TLS_AES_128_GCM_SHA256, TLS_CHACHA20_POLY1305_SHA256, TLS_ECDHE_ECDSA_WITH_AES_256_GCM_SHA384, TLS_ECDHE_ECDSA_WITH_AES_128_GCM_SHA256, TLS_ECDHE_ECDSA_WITH_CHACHA20_POLY1305_SHA256, TLS_ECDHE_RSA_WITH_AES_256_GCM_SHA384, TLS_ECDHE_RSA_WITH_CHACHA20_POLY1305_SHA256, TLS_ECDHE_RSA_WITH_AES_128_GCM_SHA256, TLS_DHE_RSA_WITH_AES_256_GCM_SHA384, TLS_DHE_RSA_WITH_CHACHA20_POLY1305_SHA256, TLS_DHE_DSS_WITH_AES_256_GCM_SHA384, TLS_DHE_RSA_WITH_AES_128_GCM_SHA256, TLS_DHE_DSS_WITH_AES_128_GCM_SHA256, TLS_ECDHE_ECDSA_WITH_AES_256_CBC_SHA384, TLS_ECDHE_RSA_WITH_AES_256_CBC_SHA384, TLS_ECDHE_ECDSA_WITH_AES_128_CBC_SHA256, TLS_ECDHE_RSA_WITH_AES_128_CBC_SHA256, TLS_DHE_RSA_WITH_AES_256_CBC_SHA256, TLS_DHE_DSS_WITH_AES_256_CBC_SHA256, TLS_DHE_RSA_WITH_AES_128_CBC_SHA256, TLS_DHE_DSS_WITH_AES_128_CBC_SHA256, TLS_ECDHE_ECDSA_WITH_AES_256_CBC_SHA, TLS_ECDHE_RSA_WITH_AES_256_CBC_SHA, TLS_ECDHE_ECDSA_WITH_AES_128_CBC_SHA, TLS_ECDHE_RSA_WITH_AES_128_CBC_SHA, TLS_DHE_RSA_WITH_AES_256_CBC_SHA, TLS_DHE_DSS_WITH_AES_256_CBC_SHA, TLS_DHE_RSA_WITH_AES_128_CBC_SHA, TLS_DHE_DSS_WITH_AES_128_CBC_SHA, TLS_RSA_WITH_AES_256_GCM_SHA384, TLS_RSA_WITH_AES_128_GCM_SHA256, TLS_RSA_WITH_AES_256_CBC_SHA256, TLS_RSA_WITH_AES_128_CBC_SHA256, TLS_RSA_WITH_AES_256_CBC_SHA, TLS_RSA_WITH_AES_128_CBC_SHA, TLS_EMPTY_RENEGOTIATION_INFO_SCSV]
17:56:12.475 [main] DEBUG org.apache.http.conn.ssl.SSLConnectionSocketFactory -- Starting handshake
17:56:12.504 [main] DEBUG org.apache.http.conn.ssl.SSLConnectionSocketFactory -- Secure session established
17:56:12.504 [main] DEBUG org.apache.http.conn.ssl.SSLConnectionSocketFactory --  negotiated protocol: TLSv1.3
17:56:12.504 [main] DEBUG org.apache.http.conn.ssl.SSLConnectionSocketFactory --  negotiated cipher suite: TLS_AES_128_GCM_SHA256
17:56:12.504 [main] DEBUG org.apache.http.conn.ssl.SSLConnectionSocketFactory --  peer principal: CN=dummyjson.com
17:56:12.504 [main] DEBUG org.apache.http.conn.ssl.SSLConnectionSocketFactory --  peer alternative names: [dummyjson.com]
17:56:12.504 [main] DEBUG org.apache.http.conn.ssl.SSLConnectionSocketFactory --  issuer principal: CN=R11, O=Let's Encrypt, C=US
17:56:12.505 [main] DEBUG org.apache.http.impl.conn.DefaultHttpClientConnectionOperator -- Connection established 192.168.1.4:53087<->66.33.22.3:443
17:56:12.505 [main] DEBUG org.apache.http.impl.conn.DefaultManagedHttpClientConnection -- http-outgoing-1: set socket timeout to 30000
17:56:12.505 [main] DEBUG org.apache.http.impl.execchain.MainClientExec -- Executing request GET /users/1 HTTP/1.1
17:56:12.505 [main] DEBUG org.apache.http.impl.execchain.MainClientExec -- Target auth state: UNCHALLENGED
17:56:12.505 [main] DEBUG org.apache.http.impl.execchain.MainClientExec -- Proxy auth state: UNCHALLENGED
17:56:12.505 [main] DEBUG org.apache.http.headers -- http-outgoing-1 >> GET /users/1 HTTP/1.1
17:56:12.505 [main] DEBUG org.apache.http.headers -- http-outgoing-1 >> Host: dummyjson.com
17:56:12.505 [main] DEBUG org.apache.http.headers -- http-outgoing-1 >> Connection: Keep-Alive
17:56:12.505 [main] DEBUG org.apache.http.headers -- http-outgoing-1 >> User-Agent: Apache-HttpClient/4.5.14 (Java/21.0.8)
17:56:12.505 [main] DEBUG org.apache.http.headers -- http-outgoing-1 >> Accept-Encoding: gzip,deflate
17:56:12.505 [main] DEBUG org.apache.http.wire -- http-outgoing-1 >> "GET /users/1 HTTP/1.1[\r][\n]"
17:56:12.505 [main] DEBUG org.apache.http.wire -- http-outgoing-1 >> "Host: dummyjson.com[\r][\n]"
17:56:12.505 [main] DEBUG org.apache.http.wire -- http-outgoing-1 >> "Connection: Keep-Alive[\r][\n]"
17:56:12.505 [main] DEBUG org.apache.http.wire -- http-outgoing-1 >> "User-Agent: Apache-HttpClient/4.5.14 (Java/21.0.8)[\r][\n]"
17:56:12.505 [main] DEBUG org.apache.http.wire -- http-outgoing-1 >> "Accept-Encoding: gzip,deflate[\r][\n]"
17:56:12.505 [main] DEBUG org.apache.http.wire -- http-outgoing-1 >> "[\r][\n]"
17:56:12.539 [main] DEBUG org.apache.http.wire -- http-outgoing-1 << "HTTP/1.1 200 OK[\r][\n]"
17:56:12.539 [main] DEBUG org.apache.http.wire -- http-outgoing-1 << "Access-Control-Allow-Origin: *[\r][\n]"
17:56:12.539 [main] DEBUG org.apache.http.wire -- http-outgoing-1 << "Content-Encoding: gzip[\r][\n]"
17:56:12.539 [main] DEBUG org.apache.http.wire -- http-outgoing-1 << "Content-Type: application/json; charset=utf-8[\r][\n]"
17:56:12.539 [main] DEBUG org.apache.http.wire -- http-outgoing-1 << "Date: Sun, 03 Aug 2025 10:56:12 GMT[\r][\n]"
17:56:12.539 [main] DEBUG org.apache.http.wire -- http-outgoing-1 << "Etag: W/"57b-eBF3JfwanM/U4Wy609CPdIf9zRA"[\r][\n]"
17:56:12.539 [main] DEBUG org.apache.http.wire -- http-outgoing-1 << "Server: railway-edge[\r][\n]"
17:56:12.539 [main] DEBUG org.apache.http.wire -- http-outgoing-1 << "Strict-Transport-Security: max-age=15552000; includeSubDomains[\r][\n]"
17:56:12.539 [main] DEBUG org.apache.http.wire -- http-outgoing-1 << "Vary: Accept-Encoding[\r][\n]"
17:56:12.539 [main] DEBUG org.apache.http.wire -- http-outgoing-1 << "X-Content-Type-Options: nosniff[\r][\n]"
17:56:12.539 [main] DEBUG org.apache.http.wire -- http-outgoing-1 << "X-Dns-Prefetch-Control: off[\r][\n]"
17:56:12.539 [main] DEBUG org.apache.http.wire -- http-outgoing-1 << "X-Download-Options: noopen[\r][\n]"
17:56:12.539 [main] DEBUG org.apache.http.wire -- http-outgoing-1 << "X-Frame-Options: SAMEORIGIN[\r][\n]"
17:56:12.539 [main] DEBUG org.apache.http.wire -- http-outgoing-1 << "X-Powered-By: Cats on Keyboards[\r][\n]"
17:56:12.539 [main] DEBUG org.apache.http.wire -- http-outgoing-1 << "X-Railway-Edge: railway/asia-southeast1-eqsg3a[\r][\n]"
17:56:12.539 [main] DEBUG org.apache.http.wire -- http-outgoing-1 << "X-Railway-Request-Id: jxBw37L3ShyYQKWjacI7Nw[\r][\n]"
17:56:12.539 [main] DEBUG org.apache.http.wire -- http-outgoing-1 << "X-Ratelimit-Limit: 100[\r][\n]"
17:56:12.540 [main] DEBUG org.apache.http.wire -- http-outgoing-1 << "X-Ratelimit-Remaining: 99[\r][\n]"
17:56:12.540 [main] DEBUG org.apache.http.wire -- http-outgoing-1 << "X-Ratelimit-Reset: 1754218583[\r][\n]"
17:56:12.540 [main] DEBUG org.apache.http.wire -- http-outgoing-1 << "X-Xss-Protection: 1; mode=block[\r][\n]"
17:56:12.540 [main] DEBUG org.apache.http.wire -- http-outgoing-1 << "Transfer-Encoding: chunked[\r][\n]"
17:56:12.540 [main] DEBUG org.apache.http.wire -- http-outgoing-1 << "[\r][\n]"
17:56:12.540 [main] DEBUG org.apache.http.headers -- http-outgoing-1 << HTTP/1.1 200 OK
17:56:12.540 [main] DEBUG org.apache.http.headers -- http-outgoing-1 << Access-Control-Allow-Origin: *
17:56:12.540 [main] DEBUG org.apache.http.headers -- http-outgoing-1 << Content-Encoding: gzip
17:56:12.540 [main] DEBUG org.apache.http.headers -- http-outgoing-1 << Content-Type: application/json; charset=utf-8
17:56:12.540 [main] DEBUG org.apache.http.headers -- http-outgoing-1 << Date: Sun, 03 Aug 2025 10:56:12 GMT
17:56:12.540 [main] DEBUG org.apache.http.headers -- http-outgoing-1 << Etag: W/"57b-eBF3JfwanM/U4Wy609CPdIf9zRA"
17:56:12.540 [main] DEBUG org.apache.http.headers -- http-outgoing-1 << Server: railway-edge
17:56:12.540 [main] DEBUG org.apache.http.headers -- http-outgoing-1 << Strict-Transport-Security: max-age=15552000; includeSubDomains
17:56:12.540 [main] DEBUG org.apache.http.headers -- http-outgoing-1 << Vary: Accept-Encoding
17:56:12.540 [main] DEBUG org.apache.http.headers -- http-outgoing-1 << X-Content-Type-Options: nosniff
17:56:12.540 [main] DEBUG org.apache.http.headers -- http-outgoing-1 << X-Dns-Prefetch-Control: off
17:56:12.540 [main] DEBUG org.apache.http.headers -- http-outgoing-1 << X-Download-Options: noopen
17:56:12.540 [main] DEBUG org.apache.http.headers -- http-outgoing-1 << X-Frame-Options: SAMEORIGIN
17:56:12.540 [main] DEBUG org.apache.http.headers -- http-outgoing-1 << X-Powered-By: Cats on Keyboards
17:56:12.540 [main] DEBUG org.apache.http.headers -- http-outgoing-1 << X-Railway-Edge: railway/asia-southeast1-eqsg3a
17:56:12.540 [main] DEBUG org.apache.http.headers -- http-outgoing-1 << X-Railway-Request-Id: jxBw37L3ShyYQKWjacI7Nw
17:56:12.540 [main] DEBUG org.apache.http.headers -- http-outgoing-1 << X-Ratelimit-Limit: 100
17:56:12.540 [main] DEBUG org.apache.http.headers -- http-outgoing-1 << X-Ratelimit-Remaining: 99
17:56:12.540 [main] DEBUG org.apache.http.headers -- http-outgoing-1 << X-Ratelimit-Reset: 1754218583
17:56:12.540 [main] DEBUG org.apache.http.headers -- http-outgoing-1 << X-Xss-Protection: 1; mode=block
17:56:12.540 [main] DEBUG org.apache.http.headers -- http-outgoing-1 << Transfer-Encoding: chunked
17:56:12.540 [main] DEBUG org.apache.http.impl.execchain.MainClientExec -- Connection can be kept alive indefinitely
17:56:12.540 [main] DEBUG org.apache.http.wire -- http-outgoing-1 << "358[\r][\n]"
17:56:12.540 [main] DEBUG org.apache.http.wire -- http-outgoing-1 << "[0x1f][0x8b][0x8][0x0][0x0][0x0][0x0][0x0][0x0][0x3]}SMo[0xdb]8[0x10][0xfd]+[0xc4][0x9c][0x12],%[0x8b][0xd4][0xb7][0xf6][0xb2][0x89][0x9b]M[0xd3][0xd4]IP'Hz*hil[0xb1][0xa1]H[0x81][0xa4]7q[0x8b][0xfc][0xf7][0x5]e[0xd7][0xd8][0xed][0xa2][0xb][0xe8]@>jf[0xde][0xbc]7[0xf3][0x1d]d[0x7][\r][0xa3][0xb0][0x96][0xd6][0xf9][0x1b]1 4p1H[0xb5][0x3][\n]"
17:56:12.541 [main] DEBUG org.apache.http.wire -- http-outgoing-1 << "J[0x1c][0xa1][0xf][0xa6][0xd7][0xce]h[0xa0]0[0x8][0xd9][0xa1]>[0xc0][0xcb]A[0xfa][0x1e]([0x88][\r]B[0xc3]+[\n]"
17:56:12.541 [main] DEBUG org.apache.http.wire -- http-outgoing-1 << "[0x1b][0xd4][0x1d]Zh`[0x8d][0x83]P[0x8][0x14]p[0x10]RA[0x3][0x18][0x92][0xc6]_[0xf7]y[0xfe]x[0x8d][0xbb][0xed]0[0xec][0xbe]:[0xa3][0xe3][0xd6][0xc]@a[0xec][0x8d][0xe])[0xab][0x18][0xa9][0x8b]<[0xca]R[0x16][0xa5][0x9][0xcf][0x80][0xc2][0xd6][0xa1][0xd5][0xfb][0x82]S[0x16][0x17]~[0x17][0xce][0xbd][0x18][0xdb][0x1d][0xb1][0x0][0x0][0x85][0x95][0xb4][0xbe]'|[0xf8][0x99][0xd5]u[0x11][0xe5]Q[0x9a][0x0][0x5]9L[0x1c][0xa1][0xf7]~t[0xcd]l[0xf6][0xaf][0xf2]3[0xd9][0x1a]=[0xdb][0xe7][0x99]1^[0x85]<[0xca][0x98][0xee][0xd2][0x9a][0xed][0x8][\r][0xdc]F@[0xa1]G[0xb9][0xe9]=4[0xac]Nc[0x9e]Qx9[0xdc][0x8b]4f[0x5][0x5][0xdc][0xe1][0xdc]([0x13]z[0xbf][0xb4][0x88]A[0xaa]^H[0xb][0xcd]wh[0xf][0xf8][0xb9]5/[0x1][0xf7][0xbb]1P[0x99]o[0xad][0xda][0xc1][0x1b][0x5][0x19]jd<[0xce][0xaa][0x98]%I[0x9c][0xf2][0xa0]h[0xd7]Yt.[0x84][0x1f][0x8f]P[0xf0][0x82],[0x84][0xd4]d[0xe9]-[0xa2][0x7][\n]"
17:56:12.541 [main] DEBUG org.apache.http.wire -- http-outgoing-1 << "[0xad][0xf4];h[0xe0][0xae]7[0xa8][0xe5]+Pp~[0xdf][0xfb]B:[0x17][0xbe]q[0x94]?[0xd0][0xb9][0xe9][0xa6][0x97]e[0x90][0xcf]8/[0xd4][0x1][0xe1]5c[0xa1]fk[0x8c][0xed][0xa4][0x16][0x1e][0xa7][0xba]Jxh[0xa2][0xb2][0x8c]Y[0xc1]YJA[0xe9][\r]4Q[0xcd][0xe3][0xa4][0xca]*[0x9e][0xbd][0x85][0x80][0xad][0xf6]6[0x10]x[0xd0][0xd2]cG[0x96]~[\n]"
17:56:12.541 [main] DEBUG org.apache.http.wire -- http-outgoing-1 << "~[0xb]c[0xd2][0x9e][0x1d]yge[0xb3][0x16]M[0xc6][0x1a]V5[0xd8]6[0xb8][\n]"
17:56:12.541 [main] DEBUG org.apache.http.wire -- http-outgoing-1 << "[0xa6]j[0xf9][0x17]Z[0xb7][0xe7][0xff]p[0xbc][0x10][0xb3]&[0x8f][0xd2][0xb5]F;[0xa9][0xa3]h!:[0xb9][0x9f][0xbb][0x95][0xd0][0xcf][0x93][0x98][0xc2]v[0x17][0xaf][0xa3][0xb4][0x81]y[0x92][0xce]x[0x11][0x98][0xb][0xdb][0xdd]l[0x87][0xd5]4z5[0xaf][0xea][0xb2]H[0x8a]<[0xcf]*V[0xb1][0xfc][0xf0]~[0xbf]W[0xfd]B[0x99][0x0]l[0xad]E[0xdd][0x86][0xda][0xf3][0x9b][0xcf]a>VBC[0x3][0x9f][0xef][0x1e][0x9e][0xae][0x96][0xb7][0xe7]W[0xe5][0xfd][0xfd][0xfb][0xbb]k~[0xfe])}v[0xf5][0xf4][0x11][0xa6]n[0x87]Q[0xe8]] [0xd1][0xe1]([0xac][0x1f]P[0xfb][0x90]Qo[0xa4]F[0xb4]Ro[0x80][0xc2]aP[0xdf][0x19][0xa3]pG[0xc9][0xb5][0xf9][0x86];"tG[0xe6][0xd6]h9[0xd9]/[0xbd][0x9a][0x96]G(td![0xb4][0xd8][0xa0][0xfd][0x95][0xe5][0xbc]H[0xc9]=j[0xdf][0xff][0xc7][0xf3][0xa5][0xd0][0xe4]O+t[0x1b][0xd4][0xfa][0x87][0xf3]G[0xf5]~[0xf2][0xfd][0xf1][0xea]g[0xdf][0xd3][0xb2][0xc8][0xcb]_[0xf8]^[0xb2][0xb8]bY[0xce][0xf3][0x1f][0xbe][0xb3][0x82][0xc5],Ox[0x91][0xfe][0x9f][0xf1]o[0x14]P[0x6]![0xeb][0xb2][0x8c]X[0x19][0xb4]wn[0xba]'I[0x94][0xd7]I[0xc4][0xab][0xfa][0xb0][0xd1]g[0x9b][0xbd]|[0xb][0xf3]M*%fy[0x9c][0x90][0x93][0x85]h[0xa5][0xf6][0xc6][0xf5][0xbf][0x93]+[0xed]Q[0x91][0x85]h[0xc9][0xed][0x92]<[0x11][0x96]|a[0xf9][0x97][0xf2][0x94][0x9c][0x8d][0xa3][0xc2]G\]K?[0xcb][0xd3]2N[0xb]rr[0xfd][0xfe]~[0xf1][0x91][0x12]%[0x9f][0x91]\b[0xfb]lN[0xc9][0xbc][0xb7]f[0xc0]Y][0xc4]I[0x9c][0x15]E[0x16][0xd7])Y[0x8a][0xb5][0xb0][0xf2][0x10][0x15][0x1a][0xb7][0xbb][0xd1][0x9b][0xfd][0x8a]N[0xac][0xcf][0xa5][0x9f]N[0x14]^[0x84]R[0x18][0xe8]%[0xaf][0xab]z[0xdd][0xf2]5[0x16][0xe9][0x8a][0x8b][0xa2]M[0x92]t[0xcd][0xda][0x94]gm[0xba]Z[0x8b]<[0xe5]y[0x1d][0xf6][0xa3]b"[0x98][0x8f][0xfe][0xc5][0xd8][0xe7]0[0x14][0xbe]G[0x8b][0xdb][0x81][0x9c]\|[0x9a][0xf3][0xe4]4[0xc][0x90]5[0x93][0xef][0xa2][0x1b][0xa4][0x86][0xb7][0xbf][0x1]F[0xe1]7[0x12]{[0x5][0x0][0x0][\r][\n]"
17:56:12.541 [main] DEBUG org.apache.http.impl.conn.DefaultManagedHttpClientConnection -- http-outgoing-1: Close connection
17:56:12.541 [main] DEBUG org.apache.http.impl.execchain.MainClientExec -- Connection discarded
17:56:12.541 [main] DEBUG org.apache.http.impl.conn.PoolingHttpClientConnectionManager -- Connection released: [id: 1][route: {s}->https://dummyjson.com:443][total available: 0; route allocated: 0 of 5; total allocated: 0 of 10]
17:56:12.541 [main] DEBUG org.apache.http.impl.conn.PoolingHttpClientConnectionManager -- Connection manager is shutting down
17:56:12.541 [main] DEBUG org.apache.http.impl.conn.PoolingHttpClientConnectionManager -- Connection manager shut down
17:56:12.542 [main] DEBUG com.intuit.karate -- response time in milliseconds: 88
1 < 200
1 < Access-Control-Allow-Origin: *
1 < Content-Type: application/json; charset=utf-8
1 < Date: Sun, 03 Aug 2025 10:56:12 GMT
1 < Etag: W/"57b-eBF3JfwanM/U4Wy609CPdIf9zRA"
1 < Server: railway-edge
1 < Strict-Transport-Security: max-age=15552000; includeSubDomains
1 < Vary: Accept-Encoding
1 < X-Content-Type-Options: nosniff
1 < X-Dns-Prefetch-Control: off
1 < X-Download-Options: noopen
1 < X-Frame-Options: SAMEORIGIN
1 < X-Powered-By: Cats on Keyboards
1 < X-Railway-Edge: railway/asia-southeast1-eqsg3a
1 < X-Railway-Request-Id: jxBw37L3ShyYQKWjacI7Nw
1 < X-Ratelimit-Limit: 100
1 < X-Ratelimit-Remaining: 99
1 < X-Ratelimit-Reset: 1754218583
1 < X-Xss-Protection: 1; mode=block
1 < Transfer-Encoding: chunked
{
  "id": 1,
  "firstName": "Emily",
  "lastName": "Johnson",
  "maidenName": "Smith",
  "age": 28,
  "gender": "female",
  "email": "emily.johnson@x.dummyjson.com",
  "phone": "+81 965-431-3024",
  "username": "emilys",
  "password": "emilyspass",
  "birthDate": "1996-5-30",
  "image": "https://dummyjson.com/icon/emilys/128",
  "bloodGroup": "O-",
  "height": 193.24,
  "weight": 63.16,
  "eyeColor": "Green",
  "hair": {
    "color": "Brown",
    "type": "Curly"
  },
  "ip": "42.48.100.32",
  "address": {
    "address": "626 Main Street",
    "city": "Phoenix",
    "state": "Mississippi",
    "stateCode": "MS",
    "postalCode": "29112",
    "coordinates": {
      "lat": -77.16213,
      "lng": -92.084824
    },
    "country": "United States"
  },
  "macAddress": "47:fa:41:18:ec:eb",
  "university": "University of Wisconsin--Madison",
  "bank": {
    "cardExpire": "03/26",
    "cardNumber": "9289760655481815",
    "cardType": "Elo",
    "currency": "CNY",
    "iban": "YPUXISOBI7TTHPK2BR3HAIXL"
  },
  "company": {
    "department": "Engineering",
    "name": "Dooley, Kozey and Cronin",
    "title": "Sales Manager",
    "address": {
      "address": "263 Tenth Street",
      "city": "San Francisco",
      "state": "Wisconsin",
      "stateCode": "WI",
      "postalCode": "37657",
      "coordinates": {
        "lat": 71.814525,
        "lng": -161.150263
      },
      "country": "United States"
    }
  },
  "ein": "977-175",
  "ssn": "900-590-289",
  "userAgent": "Mozilla/5.0 (Macintosh; Intel Mac OS X 10_15_7) AppleWebKit/537.36 (KHTML, like Gecko) Chrome/96.0.4664.93 Safari/537.36",
  "crypto": {
    "coin": "Bitcoin",
    "wallet": "0xb9fc2fe63b2a6c003f1c324c3bfa53259162181a",
    "network": "Ethereum (ERC20)"
  },
  "role": "admin"
}


17:56:12.543 [main] DEBUG com.jayway.jsonpath.internal.path.CompiledPath -- Evaluating path: $['id']
17:56:12.551 [main] DEBUG com.jayway.jsonpath.internal.path.CompiledPath -- Evaluating path: $['firstName']
17:56:12.551 [main] INFO com.intuit.karate -- [print] {
  "id": 1,
  "firstName": "Emily",
  "lastName": "Johnson",
  "maidenName": "Smith",
  "age": 28,
  "gender": "female",
  "email": "emily.johnson@x.dummyjson.com",
  "phone": "+81 965-431-3024",
  "username": "emilys",
  "password": "emilyspass",
  "birthDate": "1996-5-30",
  "image": "https://dummyjson.com/icon/emilys/128",
  "bloodGroup": "O-",
  "height": 193.24,
  "weight": 63.16,
  "eyeColor": "Green",
  "hair": {
    "color": "Brown",
    "type": "Curly"
  },
  "ip": "42.48.100.32",
  "address": {
    "address": "626 Main Street",
    "city": "Phoenix",
    "state": "Mississippi",
    "stateCode": "MS",
    "postalCode": "29112",
    "coordinates": {
      "lat": -77.16213,
      "lng": -92.084824
    },
    "country": "United States"
  },
  "macAddress": "47:fa:41:18:ec:eb",
  "university": "University of Wisconsin--Madison",
  "bank": {
    "cardExpire": "03/26",
    "cardNumber": "9289760655481815",
    "cardType": "Elo",
    "currency": "CNY",
    "iban": "YPUXISOBI7TTHPK2BR3HAIXL"
  },
  "company": {
    "department": "Engineering",
    "name": "Dooley, Kozey and Cronin",
    "title": "Sales Manager",
    "address": {
      "address": "263 Tenth Street",
      "city": "San Francisco",
      "state": "Wisconsin",
      "stateCode": "WI",
      "postalCode": "37657",
      "coordinates": {
        "lat": 71.814525,
        "lng": -161.150263
      },
      "country": "United States"
    }
  },
  "ein": "977-175",
  "ssn": "900-590-289",
  "userAgent": "Mozilla/5.0 (Macintosh; Intel Mac OS X 10_15_7) AppleWebKit/537.36 (KHTML, like Gecko) Chrome/96.0.4664.93 Safari/537.36",
  "crypto": {
    "coin": "Bitcoin",
    "wallet": "0xb9fc2fe63b2a6c003f1c324c3bfa53259162181a",
    "network": "Ethereum (ERC20)"
  },
  "role": "admin"
}
 
]]></system-out>
  </testcase>
  <testcase name="[3:23] Login User and Get Tokens" classname="dummyjson/Users" time="0.128">
    <system-out><![CDATA[17:56:12.560 [main] DEBUG com.jayway.jsonpath.internal.path.CompiledPath -- Evaluating path: $
17:56:12.581 [main] DEBUG io.netty.util.internal.logging.InternalLoggerFactory -- Using SLF4J as the default logging framework
17:56:12.582 [main] DEBUG io.netty.util.internal.PlatformDependent0 -- -Dio.netty.noUnsafe: false
17:56:12.583 [main] DEBUG io.netty.util.internal.PlatformDependent0 -- Java version: 21
17:56:12.584 [main] DEBUG io.netty.util.internal.PlatformDependent0 -- sun.misc.Unsafe.theUnsafe: available
17:56:12.584 [main] DEBUG io.netty.util.internal.PlatformDependent0 -- sun.misc.Unsafe.copyMemory: available
17:56:12.584 [main] DEBUG io.netty.util.internal.PlatformDependent0 -- sun.misc.Unsafe.storeFence: available
17:56:12.585 [main] DEBUG io.netty.util.internal.PlatformDependent0 -- java.nio.Buffer.address: available
17:56:12.585 [main] DEBUG io.netty.util.internal.PlatformDependent0 -- direct buffer constructor: unavailable: Reflective setAccessible(true) disabled
17:56:12.585 [main] DEBUG io.netty.util.internal.PlatformDependent0 -- java.nio.Bits.unaligned: available, true
17:56:12.586 [main] DEBUG io.netty.util.internal.PlatformDependent0 -- jdk.internal.misc.Unsafe.allocateUninitializedArray(int): unavailable: class io.netty.util.internal.PlatformDependent0$7 cannot access class jdk.internal.misc.Unsafe (in module java.base) because module java.base does not export jdk.internal.misc to unnamed module @1a3869f4
17:56:12.587 [main] DEBUG io.netty.util.internal.PlatformDependent0 -- java.nio.DirectByteBuffer.<init>(long, {int,long}): unavailable
17:56:12.587 [main] DEBUG io.netty.util.internal.PlatformDependent -- sun.misc.Unsafe: available
17:56:12.589 [main] DEBUG io.netty.util.internal.PlatformDependent -- maxDirectMemory: 2147483648 bytes (maybe)
17:56:12.589 [main] DEBUG io.netty.util.internal.PlatformDependent -- -Dio.netty.tmpdir: /var/folders/9n/qdd87m_d27v106zr8rs1f1b00000gn/T (java.io.tmpdir)
17:56:12.589 [main] DEBUG io.netty.util.internal.PlatformDependent -- -Dio.netty.bitMode: 64 (sun.arch.data.model)
17:56:12.589 [main] DEBUG io.netty.util.internal.PlatformDependent -- Platform: MacOS
17:56:12.590 [main] DEBUG io.netty.util.internal.PlatformDependent -- -Dio.netty.maxDirectMemory: -1 bytes
17:56:12.590 [main] DEBUG io.netty.util.internal.PlatformDependent -- -Dio.netty.uninitializedArrayAllocationThreshold: -1
17:56:12.591 [main] DEBUG io.netty.util.internal.CleanerJava9 -- java.nio.ByteBuffer.cleaner(): available
17:56:12.591 [main] DEBUG io.netty.util.internal.PlatformDependent -- -Dio.netty.noPreferDirect: false
17:56:12.595 [main] DEBUG org.apache.http.client.protocol.RequestAddCookies -- CookieSpec selected: karate
17:56:12.595 [main] DEBUG org.apache.http.client.protocol.RequestAuthCache -- Auth cache not set in the context
17:56:12.595 [main] DEBUG com.intuit.karate -- request:
1 > POST https://dummyjson.com/user/login
1 > Content-Type: application/json; charset=UTF-8
1 > Content-Length: 64
1 > Host: dummyjson.com
1 > Connection: Keep-Alive
1 > User-Agent: Apache-HttpClient/4.5.14 (Java/21.0.8)
1 > Accept-Encoding: gzip,deflate
{
  "username": "emilys",
  "password": "emilyspass",
  "expiresInMins": 30
}


17:56:12.595 [main] DEBUG org.apache.http.impl.conn.PoolingHttpClientConnectionManager -- Connection request: [route: {s}->https://dummyjson.com:443][total available: 0; route allocated: 0 of 5; total allocated: 0 of 10]
17:56:12.595 [main] DEBUG org.apache.http.impl.conn.PoolingHttpClientConnectionManager -- Connection leased: [id: 2][route: {s}->https://dummyjson.com:443][total available: 0; route allocated: 1 of 5; total allocated: 1 of 10]
17:56:12.595 [main] DEBUG org.apache.http.impl.execchain.MainClientExec -- Opening connection {s}->https://dummyjson.com:443
17:56:12.596 [main] DEBUG org.apache.http.impl.conn.DefaultHttpClientConnectionOperator -- Connecting to dummyjson.com/66.33.22.3:443
17:56:12.596 [main] DEBUG org.apache.http.conn.ssl.SSLConnectionSocketFactory -- Connecting socket to dummyjson.com/66.33.22.3:443 with timeout 30000
17:56:12.615 [main] DEBUG org.apache.http.conn.ssl.SSLConnectionSocketFactory -- Enabled protocols: [TLSv1.3, TLSv1.2]
17:56:12.615 [main] DEBUG org.apache.http.conn.ssl.SSLConnectionSocketFactory -- Enabled cipher suites:[TLS_AES_256_GCM_SHA384, TLS_AES_128_GCM_SHA256, TLS_CHACHA20_POLY1305_SHA256, TLS_ECDHE_ECDSA_WITH_AES_256_GCM_SHA384, TLS_ECDHE_ECDSA_WITH_AES_128_GCM_SHA256, TLS_ECDHE_ECDSA_WITH_CHACHA20_POLY1305_SHA256, TLS_ECDHE_RSA_WITH_AES_256_GCM_SHA384, TLS_ECDHE_RSA_WITH_CHACHA20_POLY1305_SHA256, TLS_ECDHE_RSA_WITH_AES_128_GCM_SHA256, TLS_DHE_RSA_WITH_AES_256_GCM_SHA384, TLS_DHE_RSA_WITH_CHACHA20_POLY1305_SHA256, TLS_DHE_DSS_WITH_AES_256_GCM_SHA384, TLS_DHE_RSA_WITH_AES_128_GCM_SHA256, TLS_DHE_DSS_WITH_AES_128_GCM_SHA256, TLS_ECDHE_ECDSA_WITH_AES_256_CBC_SHA384, TLS_ECDHE_RSA_WITH_AES_256_CBC_SHA384, TLS_ECDHE_ECDSA_WITH_AES_128_CBC_SHA256, TLS_ECDHE_RSA_WITH_AES_128_CBC_SHA256, TLS_DHE_RSA_WITH_AES_256_CBC_SHA256, TLS_DHE_DSS_WITH_AES_256_CBC_SHA256, TLS_DHE_RSA_WITH_AES_128_CBC_SHA256, TLS_DHE_DSS_WITH_AES_128_CBC_SHA256, TLS_ECDHE_ECDSA_WITH_AES_256_CBC_SHA, TLS_ECDHE_RSA_WITH_AES_256_CBC_SHA, TLS_ECDHE_ECDSA_WITH_AES_128_CBC_SHA, TLS_ECDHE_RSA_WITH_AES_128_CBC_SHA, TLS_DHE_RSA_WITH_AES_256_CBC_SHA, TLS_DHE_DSS_WITH_AES_256_CBC_SHA, TLS_DHE_RSA_WITH_AES_128_CBC_SHA, TLS_DHE_DSS_WITH_AES_128_CBC_SHA, TLS_RSA_WITH_AES_256_GCM_SHA384, TLS_RSA_WITH_AES_128_GCM_SHA256, TLS_RSA_WITH_AES_256_CBC_SHA256, TLS_RSA_WITH_AES_128_CBC_SHA256, TLS_RSA_WITH_AES_256_CBC_SHA, TLS_RSA_WITH_AES_128_CBC_SHA, TLS_EMPTY_RENEGOTIATION_INFO_SCSV]
17:56:12.615 [main] DEBUG org.apache.http.conn.ssl.SSLConnectionSocketFactory -- Starting handshake
17:56:12.639 [main] DEBUG org.apache.http.conn.ssl.SSLConnectionSocketFactory -- Secure session established
17:56:12.639 [main] DEBUG org.apache.http.conn.ssl.SSLConnectionSocketFactory --  negotiated protocol: TLSv1.3
17:56:12.639 [main] DEBUG org.apache.http.conn.ssl.SSLConnectionSocketFactory --  negotiated cipher suite: TLS_AES_128_GCM_SHA256
17:56:12.639 [main] DEBUG org.apache.http.conn.ssl.SSLConnectionSocketFactory --  peer principal: CN=dummyjson.com
17:56:12.639 [main] DEBUG org.apache.http.conn.ssl.SSLConnectionSocketFactory --  peer alternative names: [dummyjson.com]
17:56:12.639 [main] DEBUG org.apache.http.conn.ssl.SSLConnectionSocketFactory --  issuer principal: CN=R11, O=Let's Encrypt, C=US
17:56:12.639 [main] DEBUG org.apache.http.impl.conn.DefaultHttpClientConnectionOperator -- Connection established 192.168.1.4:53088<->66.33.22.3:443
17:56:12.639 [main] DEBUG org.apache.http.impl.conn.DefaultManagedHttpClientConnection -- http-outgoing-2: set socket timeout to 30000
17:56:12.639 [main] DEBUG org.apache.http.impl.execchain.MainClientExec -- Executing request POST /user/login HTTP/1.1
17:56:12.639 [main] DEBUG org.apache.http.impl.execchain.MainClientExec -- Target auth state: UNCHALLENGED
17:56:12.639 [main] DEBUG org.apache.http.impl.execchain.MainClientExec -- Proxy auth state: UNCHALLENGED
17:56:12.640 [main] DEBUG org.apache.http.headers -- http-outgoing-2 >> POST /user/login HTTP/1.1
17:56:12.640 [main] DEBUG org.apache.http.headers -- http-outgoing-2 >> Content-Type: application/json; charset=UTF-8
17:56:12.640 [main] DEBUG org.apache.http.headers -- http-outgoing-2 >> Content-Length: 64
17:56:12.640 [main] DEBUG org.apache.http.headers -- http-outgoing-2 >> Host: dummyjson.com
17:56:12.640 [main] DEBUG org.apache.http.headers -- http-outgoing-2 >> Connection: Keep-Alive
17:56:12.640 [main] DEBUG org.apache.http.headers -- http-outgoing-2 >> User-Agent: Apache-HttpClient/4.5.14 (Java/21.0.8)
17:56:12.640 [main] DEBUG org.apache.http.headers -- http-outgoing-2 >> Accept-Encoding: gzip,deflate
17:56:12.640 [main] DEBUG org.apache.http.wire -- http-outgoing-2 >> "POST /user/login HTTP/1.1[\r][\n]"
17:56:12.640 [main] DEBUG org.apache.http.wire -- http-outgoing-2 >> "Content-Type: application/json; charset=UTF-8[\r][\n]"
17:56:12.640 [main] DEBUG org.apache.http.wire -- http-outgoing-2 >> "Content-Length: 64[\r][\n]"
17:56:12.640 [main] DEBUG org.apache.http.wire -- http-outgoing-2 >> "Host: dummyjson.com[\r][\n]"
17:56:12.640 [main] DEBUG org.apache.http.wire -- http-outgoing-2 >> "Connection: Keep-Alive[\r][\n]"
17:56:12.640 [main] DEBUG org.apache.http.wire -- http-outgoing-2 >> "User-Agent: Apache-HttpClient/4.5.14 (Java/21.0.8)[\r][\n]"
17:56:12.640 [main] DEBUG org.apache.http.wire -- http-outgoing-2 >> "Accept-Encoding: gzip,deflate[\r][\n]"
17:56:12.640 [main] DEBUG org.apache.http.wire -- http-outgoing-2 >> "[\r][\n]"
17:56:12.640 [main] DEBUG org.apache.http.wire -- http-outgoing-2 >> "{"username":"emilys","password":"emilyspass","expiresInMins":30}"
17:56:12.662 [main] DEBUG org.apache.http.wire -- http-outgoing-2 << "HTTP/1.1 200 OK[\r][\n]"
17:56:12.662 [main] DEBUG org.apache.http.wire -- http-outgoing-2 << "Access-Control-Allow-Origin: *[\r][\n]"
17:56:12.662 [main] DEBUG org.apache.http.wire -- http-outgoing-2 << "Content-Length: 930[\r][\n]"
17:56:12.662 [main] DEBUG org.apache.http.wire -- http-outgoing-2 << "Content-Type: application/json; charset=utf-8[\r][\n]"
17:56:12.662 [main] DEBUG org.apache.http.wire -- http-outgoing-2 << "Date: Sun, 03 Aug 2025 10:56:12 GMT[\r][\n]"
17:56:12.662 [main] DEBUG org.apache.http.wire -- http-outgoing-2 << "Etag: W/"3a2-DOZ88YSaoBSsUM1iG2kJk45ngDk"[\r][\n]"
17:56:12.663 [main] DEBUG org.apache.http.wire -- http-outgoing-2 << "Server: railway-edge[\r][\n]"
17:56:12.663 [main] DEBUG org.apache.http.wire -- http-outgoing-2 << "Set-Cookie: accessToken=eyJhbGciOiJIUzI1NiIsInR5cCI6IkpXVCJ9.eyJpZCI6MSwidXNlcm5hbWUiOiJlbWlseXMiLCJlbWFpbCI6ImVtaWx5LmpvaG5zb25AeC5kdW1teWpzb24uY29tIiwiZmlyc3ROYW1lIjoiRW1pbHkiLCJsYXN0TmFtZSI6IkpvaG5zb24iLCJnZW5kZXIiOiJmZW1hbGUiLCJpbWFnZSI6Imh0dHBzOi8vZHVtbXlqc29uLmNvbS9pY29uL2VtaWx5cy8xMjgiLCJpYXQiOjE3NTQyMTg1NzIsImV4cCI6MTc1NDIyMDM3Mn0.5pgNlFw8DsTn3dFS_mOFmL-feqopcqyapGWMd_-O9T8; Max-Age=1800; Path=/; Expires=Sun, 03 Aug 2025 11:26:12 GMT; HttpOnly; Secure[\r][\n]"
17:56:12.663 [main] DEBUG org.apache.http.wire -- http-outgoing-2 << "Set-Cookie: refreshToken=eyJhbGciOiJIUzI1NiIsInR5cCI6IkpXVCJ9.eyJpZCI6MSwidXNlcm5hbWUiOiJlbWlseXMiLCJlbWFpbCI6ImVtaWx5LmpvaG5zb25AeC5kdW1teWpzb24uY29tIiwiZmlyc3ROYW1lIjoiRW1pbHkiLCJsYXN0TmFtZSI6IkpvaG5zb24iLCJnZW5kZXIiOiJmZW1hbGUiLCJpbWFnZSI6Imh0dHBzOi8vZHVtbXlqc29uLmNvbS9pY29uL2VtaWx5cy8xMjgiLCJpYXQiOjE3NTQyMTg1NzIsImV4cCI6MTc1NjgxMDU3Mn0.vTnLuJ5cGMqxYdTTK8CCr7D5-KNEb5UcFdaiBZHYsao; Max-Age=1800; Path=/; Expires=Sun, 03 Aug 2025 11:26:12 GMT; HttpOnly; Secure[\r][\n]"
17:56:12.663 [main] DEBUG org.apache.http.wire -- http-outgoing-2 << "Strict-Transport-Security: max-age=1"
17:56:12.663 [main] DEBUG org.apache.http.wire -- http-outgoing-2 << "5552000; includeSubDomains[\r][\n]"
17:56:12.663 [main] DEBUG org.apache.http.wire -- http-outgoing-2 << "Vary: Accept-Encoding[\r][\n]"
17:56:12.663 [main] DEBUG org.apache.http.wire -- http-outgoing-2 << "X-Content-Type-Options: nosniff[\r][\n]"
17:56:12.663 [main] DEBUG org.apache.http.wire -- http-outgoing-2 << "X-Dns-Prefetch-Control: off[\r][\n]"
17:56:12.663 [main] DEBUG org.apache.http.wire -- http-outgoing-2 << "X-Download-Options: noopen[\r][\n]"
17:56:12.663 [main] DEBUG org.apache.http.wire -- http-outgoing-2 << "X-Frame-Options: SAMEORIGIN[\r][\n]"
17:56:12.663 [main] DEBUG org.apache.http.wire -- http-outgoing-2 << "X-Powered-By: Cats on Keyboards[\r][\n]"
17:56:12.663 [main] DEBUG org.apache.http.wire -- http-outgoing-2 << "X-Railway-Edge: railway/asia-southeast1-eqsg3a[\r][\n]"
17:56:12.663 [main] DEBUG org.apache.http.wire -- http-outgoing-2 << "X-Railway-Request-Id: HeldaxCcRDGnUap2acI7Nw[\r][\n]"
17:56:12.663 [main] DEBUG org.apache.http.wire -- http-outgoing-2 << "X-Ratelimit-Limit: 100[\r][\n]"
17:56:12.663 [main] DEBUG org.apache.http.wire -- http-outgoing-2 << "X-Ratelimit-Remaining: 98[\r][\n]"
17:56:12.663 [main] DEBUG org.apache.http.wire -- http-outgoing-2 << "X-Ratelimit-Reset: 1754218583[\r][\n]"
17:56:12.663 [main] DEBUG org.apache.http.wire -- http-outgoing-2 << "X-Xss-Protection: 1; mode=block[\r][\n]"
17:56:12.663 [main] DEBUG org.apache.http.wire -- http-outgoing-2 << "[\r][\n]"
17:56:12.663 [main] DEBUG org.apache.http.wire -- http-outgoing-2 << "{"accessToken":"eyJhbGciOiJIUzI1NiIsInR5cCI6IkpXVCJ9.eyJpZCI6MSwidXNlcm5hbWUiOiJlbWlseXMiLCJlbWFpbCI6ImVtaWx5LmpvaG5zb25AeC5kdW1teWpzb24uY29tIiwiZmlyc3ROYW1lIjoiRW1pbHkiLCJsYXN0TmFtZSI6IkpvaG5zb24iLCJnZW5kZXIiOiJmZW1hbGUiLCJpbWFnZSI6Imh0dHBzOi8vZHVtbXlqc29uLmNvbS9pY29uL2VtaWx5cy8xMjgiLCJpYXQiOjE3NTQyMTg1NzIsImV4cCI6MTc1NDIyMDM3Mn0.5pgNlFw8DsTn3dFS_mOFmL-feqopcqyapGWMd_-O9T8","refreshToken":"eyJhbGciOiJIUzI1NiIsInR5cCI6IkpXVCJ9.eyJpZCI6MSwidXNlcm5hbWUiOiJlbWlseXMiLCJlbWFpbCI6ImVtaWx5LmpvaG5zb25AeC5kdW1teWpzb24uY29tIiwiZmlyc3ROYW1lIjoiRW1pbHkiLCJsYXN0TmFtZSI6IkpvaG5zb24iLCJnZW5kZXIiOiJmZW1hbGUiLCJpbWFnZSI6Imh0dHBzOi8vZHVtbXlqc29uLmNvbS9pY29uL2VtaWx5cy8xMjgiLCJpYXQiOjE3NTQyMTg1NzIsImV4cCI6MTc1NjgxMDU3Mn0.vTnLuJ5cGMqxYdTTK8CCr7D5-KNEb5UcFdaiBZHYsao","id":1,"username":"emilys","email":"emily.johnson@x.dummyjson.com","firstName":"Emily","lastName":"Johnson","gender":"female","image":"https://dummyjson.com/icon/emilys/128"}"
17:56:12.663 [main] DEBUG org.apache.http.headers -- http-outgoing-2 << HTTP/1.1 200 OK
17:56:12.663 [main] DEBUG org.apache.http.headers -- http-outgoing-2 << Access-Control-Allow-Origin: *
17:56:12.663 [main] DEBUG org.apache.http.headers -- http-outgoing-2 << Content-Length: 930
17:56:12.663 [main] DEBUG org.apache.http.headers -- http-outgoing-2 << Content-Type: application/json; charset=utf-8
17:56:12.663 [main] DEBUG org.apache.http.headers -- http-outgoing-2 << Date: Sun, 03 Aug 2025 10:56:12 GMT
17:56:12.663 [main] DEBUG org.apache.http.headers -- http-outgoing-2 << Etag: W/"3a2-DOZ88YSaoBSsUM1iG2kJk45ngDk"
17:56:12.663 [main] DEBUG org.apache.http.headers -- http-outgoing-2 << Server: railway-edge
17:56:12.663 [main] DEBUG org.apache.http.headers -- http-outgoing-2 << Set-Cookie: accessToken=eyJhbGciOiJIUzI1NiIsInR5cCI6IkpXVCJ9.eyJpZCI6MSwidXNlcm5hbWUiOiJlbWlseXMiLCJlbWFpbCI6ImVtaWx5LmpvaG5zb25AeC5kdW1teWpzb24uY29tIiwiZmlyc3ROYW1lIjoiRW1pbHkiLCJsYXN0TmFtZSI6IkpvaG5zb24iLCJnZW5kZXIiOiJmZW1hbGUiLCJpbWFnZSI6Imh0dHBzOi8vZHVtbXlqc29uLmNvbS9pY29uL2VtaWx5cy8xMjgiLCJpYXQiOjE3NTQyMTg1NzIsImV4cCI6MTc1NDIyMDM3Mn0.5pgNlFw8DsTn3dFS_mOFmL-feqopcqyapGWMd_-O9T8; Max-Age=1800; Path=/; Expires=Sun, 03 Aug 2025 11:26:12 GMT; HttpOnly; Secure
17:56:12.663 [main] DEBUG org.apache.http.headers -- http-outgoing-2 << Set-Cookie: refreshToken=eyJhbGciOiJIUzI1NiIsInR5cCI6IkpXVCJ9.eyJpZCI6MSwidXNlcm5hbWUiOiJlbWlseXMiLCJlbWFpbCI6ImVtaWx5LmpvaG5zb25AeC5kdW1teWpzb24uY29tIiwiZmlyc3ROYW1lIjoiRW1pbHkiLCJsYXN0TmFtZSI6IkpvaG5zb24iLCJnZW5kZXIiOiJmZW1hbGUiLCJpbWFnZSI6Imh0dHBzOi8vZHVtbXlqc29uLmNvbS9pY29uL2VtaWx5cy8xMjgiLCJpYXQiOjE3NTQyMTg1NzIsImV4cCI6MTc1NjgxMDU3Mn0.vTnLuJ5cGMqxYdTTK8CCr7D5-KNEb5UcFdaiBZHYsao; Max-Age=1800; Path=/; Expires=Sun, 03 Aug 2025 11:26:12 GMT; HttpOnly; Secure
17:56:12.663 [main] DEBUG org.apache.http.headers -- http-outgoing-2 << Strict-Transport-Security: max-age=15552000; includeSubDomains
17:56:12.663 [main] DEBUG org.apache.http.headers -- http-outgoing-2 << Vary: Accept-Encoding
17:56:12.663 [main] DEBUG org.apache.http.headers -- http-outgoing-2 << X-Content-Type-Options: nosniff
17:56:12.663 [main] DEBUG org.apache.http.headers -- http-outgoing-2 << X-Dns-Prefetch-Control: off
17:56:12.663 [main] DEBUG org.apache.http.headers -- http-outgoing-2 << X-Download-Options: noopen
17:56:12.663 [main] DEBUG org.apache.http.headers -- http-outgoing-2 << X-Frame-Options: SAMEORIGIN
17:56:12.664 [main] DEBUG org.apache.http.headers -- http-outgoing-2 << X-Powered-By: Cats on Keyboards
17:56:12.664 [main] DEBUG org.apache.http.headers -- http-outgoing-2 << X-Railway-Edge: railway/asia-southeast1-eqsg3a
17:56:12.664 [main] DEBUG org.apache.http.headers -- http-outgoing-2 << X-Railway-Request-Id: HeldaxCcRDGnUap2acI7Nw
17:56:12.664 [main] DEBUG org.apache.http.headers -- http-outgoing-2 << X-Ratelimit-Limit: 100
17:56:12.664 [main] DEBUG org.apache.http.headers -- http-outgoing-2 << X-Ratelimit-Remaining: 98
17:56:12.664 [main] DEBUG org.apache.http.headers -- http-outgoing-2 << X-Ratelimit-Reset: 1754218583
17:56:12.664 [main] DEBUG org.apache.http.headers -- http-outgoing-2 << X-Xss-Protection: 1; mode=block
17:56:12.664 [main] DEBUG org.apache.http.impl.execchain.MainClientExec -- Connection can be kept alive indefinitely
17:56:12.673 [main] DEBUG org.apache.http.client.protocol.ResponseProcessCookies -- Cookie accepted [accessToken="eyJhbGciOiJIUzI1NiIsInR5cCI6IkpXVCJ9.eyJpZCI6MSwidXNlcm5hbWUiOiJlbWlseXMiLCJlbWFpbCI6ImVtaWx5LmpvaG5...", version:0, domain:dummyjson.com, path:/, expiry:Sun Aug 03 18:26:12 WIB 2025]
17:56:12.673 [main] DEBUG org.apache.http.client.protocol.ResponseProcessCookies -- Cookie accepted [refreshToken="eyJhbGciOiJIUzI1NiIsInR5cCI6IkpXVCJ9.eyJpZCI6MSwidXNlcm5hbWUiOiJlbWlseXMiLCJlbWFpbCI6ImVtaWx5LmpvaG5...", version:0, domain:dummyjson.com, path:/, expiry:Sun Aug 03 18:26:12 WIB 2025]
17:56:12.673 [main] DEBUG org.apache.http.impl.conn.PoolingHttpClientConnectionManager -- Connection [id: 2][route: {s}->https://dummyjson.com:443] can be kept alive indefinitely
17:56:12.673 [main] DEBUG org.apache.http.impl.conn.DefaultManagedHttpClientConnection -- http-outgoing-2: set socket timeout to 0
17:56:12.673 [main] DEBUG org.apache.http.impl.conn.PoolingHttpClientConnectionManager -- Connection released: [id: 2][route: {s}->https://dummyjson.com:443][total available: 1; route allocated: 1 of 5; total allocated: 1 of 10]
17:56:12.673 [main] DEBUG org.apache.http.impl.conn.PoolingHttpClientConnectionManager -- Connection manager is shutting down
17:56:12.673 [main] DEBUG org.apache.http.impl.conn.DefaultManagedHttpClientConnection -- http-outgoing-2: Close connection
17:56:12.674 [main] DEBUG org.apache.http.impl.conn.PoolingHttpClientConnectionManager -- Connection manager shut down
17:56:12.676 [main] DEBUG com.intuit.karate -- response time in milliseconds: 78
1 < 200
1 < Access-Control-Allow-Origin: *
1 < Content-Length: 930
1 < Content-Type: application/json; charset=utf-8
1 < Date: Sun, 03 Aug 2025 10:56:12 GMT
1 < Etag: W/"3a2-DOZ88YSaoBSsUM1iG2kJk45ngDk"
1 < Server: railway-edge
1 < Set-Cookie: accessToken=eyJhbGciOiJIUzI1NiIsInR5cCI6IkpXVCJ9.eyJpZCI6MSwidXNlcm5hbWUiOiJlbWlseXMiLCJlbWFpbCI6ImVtaWx5LmpvaG5zb25AeC5kdW1teWpzb24uY29tIiwiZmlyc3ROYW1lIjoiRW1pbHkiLCJsYXN0TmFtZSI6IkpvaG5zb24iLCJnZW5kZXIiOiJmZW1hbGUiLCJpbWFnZSI6Imh0dHBzOi8vZHVtbXlqc29uLmNvbS9pY29uL2VtaWx5cy8xMjgiLCJpYXQiOjE3NTQyMTg1NzIsImV4cCI6MTc1NDIyMDM3Mn0.5pgNlFw8DsTn3dFS_mOFmL-feqopcqyapGWMd_-O9T8; Max-Age=1800; Path=/; Expires=Sun, 03 Aug 2025 11:26:12 GMT; HttpOnly; Secure
1 < Set-Cookie: refreshToken=eyJhbGciOiJIUzI1NiIsInR5cCI6IkpXVCJ9.eyJpZCI6MSwidXNlcm5hbWUiOiJlbWlseXMiLCJlbWFpbCI6ImVtaWx5LmpvaG5zb25AeC5kdW1teWpzb24uY29tIiwiZmlyc3ROYW1lIjoiRW1pbHkiLCJsYXN0TmFtZSI6IkpvaG5zb24iLCJnZW5kZXIiOiJmZW1hbGUiLCJpbWFnZSI6Imh0dHBzOi8vZHVtbXlqc29uLmNvbS9pY29uL2VtaWx5cy8xMjgiLCJpYXQiOjE3NTQyMTg1NzIsImV4cCI6MTc1NjgxMDU3Mn0.vTnLuJ5cGMqxYdTTK8CCr7D5-KNEb5UcFdaiBZHYsao; Max-Age=1800; Path=/; Expires=Sun, 03 Aug 2025 11:26:12 GMT; HttpOnly; Secure
1 < Strict-Transport-Security: max-age=15552000; includeSubDomains
1 < Vary: Accept-Encoding
1 < X-Content-Type-Options: nosniff
1 < X-Dns-Prefetch-Control: off
1 < X-Download-Options: noopen
1 < X-Frame-Options: SAMEORIGIN
1 < X-Powered-By: Cats on Keyboards
1 < X-Railway-Edge: railway/asia-southeast1-eqsg3a
1 < X-Railway-Request-Id: HeldaxCcRDGnUap2acI7Nw
1 < X-Ratelimit-Limit: 100
1 < X-Ratelimit-Remaining: 98
1 < X-Ratelimit-Reset: 1754218583
1 < X-Xss-Protection: 1; mode=block
{
  "accessToken": "eyJhbGciOiJIUzI1NiIsInR5cCI6IkpXVCJ9.eyJpZCI6MSwidXNlcm5hbWUiOiJlbWlseXMiLCJlbWFpbCI6ImVtaWx5LmpvaG5zb25AeC5kdW1teWpzb24uY29tIiwiZmlyc3ROYW1lIjoiRW1pbHkiLCJsYXN0TmFtZSI6IkpvaG5zb24iLCJnZW5kZXIiOiJmZW1hbGUiLCJpbWFnZSI6Imh0dHBzOi8vZHVtbXlqc29uLmNvbS9pY29uL2VtaWx5cy8xMjgiLCJpYXQiOjE3NTQyMTg1NzIsImV4cCI6MTc1NDIyMDM3Mn0.5pgNlFw8DsTn3dFS_mOFmL-feqopcqyapGWMd_-O9T8",
  "refreshToken": "eyJhbGciOiJIUzI1NiIsInR5cCI6IkpXVCJ9.eyJpZCI6MSwidXNlcm5hbWUiOiJlbWlseXMiLCJlbWFpbCI6ImVtaWx5LmpvaG5zb25AeC5kdW1teWpzb24uY29tIiwiZmlyc3ROYW1lIjoiRW1pbHkiLCJsYXN0TmFtZSI6IkpvaG5zb24iLCJnZW5kZXIiOiJmZW1hbGUiLCJpbWFnZSI6Imh0dHBzOi8vZHVtbXlqc29uLmNvbS9pY29uL2VtaWx5cy8xMjgiLCJpYXQiOjE3NTQyMTg1NzIsImV4cCI6MTc1NjgxMDU3Mn0.vTnLuJ5cGMqxYdTTK8CCr7D5-KNEb5UcFdaiBZHYsao",
  "id": 1,
  "username": "emilys",
  "email": "emily.johnson@x.dummyjson.com",
  "firstName": "Emily",
  "lastName": "Johnson",
  "gender": "female",
  "image": "https://dummyjson.com/icon/emilys/128"
}


17:56:12.678 [main] DEBUG com.jayway.jsonpath.internal.path.CompiledPath -- Evaluating path: $['accessToken']
17:56:12.679 [main] DEBUG com.jayway.jsonpath.internal.path.CompiledPath -- Evaluating path: $['refreshToken']
17:56:12.679 [main] DEBUG com.jayway.jsonpath.internal.path.CompiledPath -- Evaluating path: $['username']
17:56:12.680 [main] INFO com.intuit.karate -- [print] {
  "accessToken": "eyJhbGciOiJIUzI1NiIsInR5cCI6IkpXVCJ9.eyJpZCI6MSwidXNlcm5hbWUiOiJlbWlseXMiLCJlbWFpbCI6ImVtaWx5LmpvaG5zb25AeC5kdW1teWpzb24uY29tIiwiZmlyc3ROYW1lIjoiRW1pbHkiLCJsYXN0TmFtZSI6IkpvaG5zb24iLCJnZW5kZXIiOiJmZW1hbGUiLCJpbWFnZSI6Imh0dHBzOi8vZHVtbXlqc29uLmNvbS9pY29uL2VtaWx5cy8xMjgiLCJpYXQiOjE3NTQyMTg1NzIsImV4cCI6MTc1NDIyMDM3Mn0.5pgNlFw8DsTn3dFS_mOFmL-feqopcqyapGWMd_-O9T8",
  "refreshToken": "eyJhbGciOiJIUzI1NiIsInR5cCI6IkpXVCJ9.eyJpZCI6MSwidXNlcm5hbWUiOiJlbWlseXMiLCJlbWFpbCI6ImVtaWx5LmpvaG5zb25AeC5kdW1teWpzb24uY29tIiwiZmlyc3ROYW1lIjoiRW1pbHkiLCJsYXN0TmFtZSI6IkpvaG5zb24iLCJnZW5kZXIiOiJmZW1hbGUiLCJpbWFnZSI6Imh0dHBzOi8vZHVtbXlqc29uLmNvbS9pY29uL2VtaWx5cy8xMjgiLCJpYXQiOjE3NTQyMTg1NzIsImV4cCI6MTc1NjgxMDU3Mn0.vTnLuJ5cGMqxYdTTK8CCr7D5-KNEb5UcFdaiBZHYsao",
  "id": 1,
  "username": "emilys",
  "email": "emily.johnson@x.dummyjson.com",
  "firstName": "Emily",
  "lastName": "Johnson",
  "gender": "female",
  "image": "https://dummyjson.com/icon/emilys/128"
}
 
]]></system-out>
  </testcase>
  <testcase name="[4:40] Get Current Authenticated User (with Bearer token)" classname="dummyjson/Users" time="0.176">
    <system-out><![CDATA[17:56:12.686 [main] DEBUG com.jayway.jsonpath.internal.path.CompiledPath -- Evaluating path: $
17:56:12.687 [main] DEBUG org.apache.http.client.protocol.RequestAddCookies -- CookieSpec selected: karate
17:56:12.687 [main] DEBUG org.apache.http.client.protocol.RequestAuthCache -- Auth cache not set in the context
17:56:12.687 [main] DEBUG com.intuit.karate -- request:
1 > POST https://dummyjson.com/user/login
1 > Content-Type: application/json; charset=UTF-8
1 > Content-Length: 45
1 > Host: dummyjson.com
1 > Connection: Keep-Alive
1 > User-Agent: Apache-HttpClient/4.5.14 (Java/21.0.8)
1 > Accept-Encoding: gzip,deflate
{
  "username": "emilys",
  "password": "emilyspass"
}


17:56:12.687 [main] DEBUG org.apache.http.impl.conn.PoolingHttpClientConnectionManager -- Connection request: [route: {s}->https://dummyjson.com:443][total available: 0; route allocated: 0 of 5; total allocated: 0 of 10]
17:56:12.687 [main] DEBUG org.apache.http.impl.conn.PoolingHttpClientConnectionManager -- Connection leased: [id: 3][route: {s}->https://dummyjson.com:443][total available: 0; route allocated: 1 of 5; total allocated: 1 of 10]
17:56:12.687 [main] DEBUG org.apache.http.impl.execchain.MainClientExec -- Opening connection {s}->https://dummyjson.com:443
17:56:12.687 [main] DEBUG org.apache.http.impl.conn.DefaultHttpClientConnectionOperator -- Connecting to dummyjson.com/66.33.22.3:443
17:56:12.687 [main] DEBUG org.apache.http.conn.ssl.SSLConnectionSocketFactory -- Connecting socket to dummyjson.com/66.33.22.3:443 with timeout 30000
17:56:12.709 [main] DEBUG org.apache.http.conn.ssl.SSLConnectionSocketFactory -- Enabled protocols: [TLSv1.3, TLSv1.2]
17:56:12.709 [main] DEBUG org.apache.http.conn.ssl.SSLConnectionSocketFactory -- Enabled cipher suites:[TLS_AES_256_GCM_SHA384, TLS_AES_128_GCM_SHA256, TLS_CHACHA20_POLY1305_SHA256, TLS_ECDHE_ECDSA_WITH_AES_256_GCM_SHA384, TLS_ECDHE_ECDSA_WITH_AES_128_GCM_SHA256, TLS_ECDHE_ECDSA_WITH_CHACHA20_POLY1305_SHA256, TLS_ECDHE_RSA_WITH_AES_256_GCM_SHA384, TLS_ECDHE_RSA_WITH_CHACHA20_POLY1305_SHA256, TLS_ECDHE_RSA_WITH_AES_128_GCM_SHA256, TLS_DHE_RSA_WITH_AES_256_GCM_SHA384, TLS_DHE_RSA_WITH_CHACHA20_POLY1305_SHA256, TLS_DHE_DSS_WITH_AES_256_GCM_SHA384, TLS_DHE_RSA_WITH_AES_128_GCM_SHA256, TLS_DHE_DSS_WITH_AES_128_GCM_SHA256, TLS_ECDHE_ECDSA_WITH_AES_256_CBC_SHA384, TLS_ECDHE_RSA_WITH_AES_256_CBC_SHA384, TLS_ECDHE_ECDSA_WITH_AES_128_CBC_SHA256, TLS_ECDHE_RSA_WITH_AES_128_CBC_SHA256, TLS_DHE_RSA_WITH_AES_256_CBC_SHA256, TLS_DHE_DSS_WITH_AES_256_CBC_SHA256, TLS_DHE_RSA_WITH_AES_128_CBC_SHA256, TLS_DHE_DSS_WITH_AES_128_CBC_SHA256, TLS_ECDHE_ECDSA_WITH_AES_256_CBC_SHA, TLS_ECDHE_RSA_WITH_AES_256_CBC_SHA, TLS_ECDHE_ECDSA_WITH_AES_128_CBC_SHA, TLS_ECDHE_RSA_WITH_AES_128_CBC_SHA, TLS_DHE_RSA_WITH_AES_256_CBC_SHA, TLS_DHE_DSS_WITH_AES_256_CBC_SHA, TLS_DHE_RSA_WITH_AES_128_CBC_SHA, TLS_DHE_DSS_WITH_AES_128_CBC_SHA, TLS_RSA_WITH_AES_256_GCM_SHA384, TLS_RSA_WITH_AES_128_GCM_SHA256, TLS_RSA_WITH_AES_256_CBC_SHA256, TLS_RSA_WITH_AES_128_CBC_SHA256, TLS_RSA_WITH_AES_256_CBC_SHA, TLS_RSA_WITH_AES_128_CBC_SHA, TLS_EMPTY_RENEGOTIATION_INFO_SCSV]
17:56:12.709 [main] DEBUG org.apache.http.conn.ssl.SSLConnectionSocketFactory -- Starting handshake
17:56:12.736 [main] DEBUG org.apache.http.conn.ssl.SSLConnectionSocketFactory -- Secure session established
17:56:12.736 [main] DEBUG org.apache.http.conn.ssl.SSLConnectionSocketFactory --  negotiated protocol: TLSv1.3
17:56:12.736 [main] DEBUG org.apache.http.conn.ssl.SSLConnectionSocketFactory --  negotiated cipher suite: TLS_AES_128_GCM_SHA256
17:56:12.736 [main] DEBUG org.apache.http.conn.ssl.SSLConnectionSocketFactory --  peer principal: CN=dummyjson.com
17:56:12.736 [main] DEBUG org.apache.http.conn.ssl.SSLConnectionSocketFactory --  peer alternative names: [dummyjson.com]
17:56:12.736 [main] DEBUG org.apache.http.conn.ssl.SSLConnectionSocketFactory --  issuer principal: CN=R11, O=Let's Encrypt, C=US
17:56:12.736 [main] DEBUG org.apache.http.impl.conn.DefaultHttpClientConnectionOperator -- Connection established 192.168.1.4:53089<->66.33.22.3:443
17:56:12.736 [main] DEBUG org.apache.http.impl.conn.DefaultManagedHttpClientConnection -- http-outgoing-3: set socket timeout to 30000
17:56:12.736 [main] DEBUG org.apache.http.impl.execchain.MainClientExec -- Executing request POST /user/login HTTP/1.1
17:56:12.736 [main] DEBUG org.apache.http.impl.execchain.MainClientExec -- Target auth state: UNCHALLENGED
17:56:12.736 [main] DEBUG org.apache.http.impl.execchain.MainClientExec -- Proxy auth state: UNCHALLENGED
17:56:12.737 [main] DEBUG org.apache.http.headers -- http-outgoing-3 >> POST /user/login HTTP/1.1
17:56:12.737 [main] DEBUG org.apache.http.headers -- http-outgoing-3 >> Content-Type: application/json; charset=UTF-8
17:56:12.737 [main] DEBUG org.apache.http.headers -- http-outgoing-3 >> Content-Length: 45
17:56:12.737 [main] DEBUG org.apache.http.headers -- http-outgoing-3 >> Host: dummyjson.com
17:56:12.737 [main] DEBUG org.apache.http.headers -- http-outgoing-3 >> Connection: Keep-Alive
17:56:12.737 [main] DEBUG org.apache.http.headers -- http-outgoing-3 >> User-Agent: Apache-HttpClient/4.5.14 (Java/21.0.8)
17:56:12.737 [main] DEBUG org.apache.http.headers -- http-outgoing-3 >> Accept-Encoding: gzip,deflate
17:56:12.737 [main] DEBUG org.apache.http.wire -- http-outgoing-3 >> "POST /user/login HTTP/1.1[\r][\n]"
17:56:12.737 [main] DEBUG org.apache.http.wire -- http-outgoing-3 >> "Content-Type: application/json; charset=UTF-8[\r][\n]"
17:56:12.737 [main] DEBUG org.apache.http.wire -- http-outgoing-3 >> "Content-Length: 45[\r][\n]"
17:56:12.737 [main] DEBUG org.apache.http.wire -- http-outgoing-3 >> "Host: dummyjson.com[\r][\n]"
17:56:12.737 [main] DEBUG org.apache.http.wire -- http-outgoing-3 >> "Connection: Keep-Alive[\r][\n]"
17:56:12.737 [main] DEBUG org.apache.http.wire -- http-outgoing-3 >> "User-Agent: Apache-HttpClient/4.5.14 (Java/21.0.8)[\r][\n]"
17:56:12.737 [main] DEBUG org.apache.http.wire -- http-outgoing-3 >> "Accept-Encoding: gzip,deflate[\r][\n]"
17:56:12.737 [main] DEBUG org.apache.http.wire -- http-outgoing-3 >> "[\r][\n]"
17:56:12.737 [main] DEBUG org.apache.http.wire -- http-outgoing-3 >> "{"username":"emilys","password":"emilyspass"}"
17:56:12.758 [main] DEBUG org.apache.http.wire -- http-outgoing-3 << "HTTP/1.1 200 OK[\r][\n]"
17:56:12.758 [main] DEBUG org.apache.http.wire -- http-outgoing-3 << "Access-Control-Allow-Origin: *[\r][\n]"
17:56:12.758 [main] DEBUG org.apache.http.wire -- http-outgoing-3 << "Content-Length: 930[\r][\n]"
17:56:12.758 [main] DEBUG org.apache.http.wire -- http-outgoing-3 << "Content-Type: application/json; charset=utf-8[\r][\n]"
17:56:12.758 [main] DEBUG org.apache.http.wire -- http-outgoing-3 << "Date: Sun, 03 Aug 2025 10:56:12 GMT[\r][\n]"
17:56:12.758 [main] DEBUG org.apache.http.wire -- http-outgoing-3 << "Etag: W/"3a2-qWVQ/l+hgN91XNOrF8AcTxQfpyk"[\r][\n]"
17:56:12.758 [main] DEBUG org.apache.http.wire -- http-outgoing-3 << "Server: railway-edge[\r][\n]"
17:56:12.758 [main] DEBUG org.apache.http.wire -- http-outgoing-3 << "Set-Cookie: accessToken=eyJhbGciOiJIUzI1NiIsInR5cCI6IkpXVCJ9.eyJpZCI6MSwidXNlcm5hbWUiOiJlbWlseXMiLCJlbWFpbCI6ImVtaWx5LmpvaG5zb25AeC5kdW1teWpzb24uY29tIiwiZmlyc3ROYW1lIjoiRW1pbHkiLCJsYXN0TmFtZSI6IkpvaG5zb24iLCJnZW5kZXIiOiJmZW1hbGUiLCJpbWFnZSI6Imh0dHBzOi8vZHVtbXlqc29uLmNvbS9pY29uL2VtaWx5cy8xMjgiLCJpYXQiOjE3NTQyMTg1NzIsImV4cCI6MTc1NDIyMjE3Mn0.U794_LRZsN_OM0ixBO4yNY8gTkiTp5FFqv4tbwQZ_rg; Max-Age=3600; Path=/; Expires=Sun, 03 Aug 2025 11:56:12 GMT; HttpOnly; Secure[\r][\n]"
17:56:12.758 [main] DEBUG org.apache.http.wire -- http-outgoing-3 << "Set-Cookie: refreshToken=eyJhbGciOiJIUzI1NiIsInR5cCI6IkpXVCJ9.eyJpZCI6MSwidXNlcm5hbWUiOiJlbWlseXMiLCJlbWFpbCI6ImVtaWx5LmpvaG5zb25AeC5kdW1teWpzb24uY29tIiwiZmlyc3ROYW1lIjoiRW1pbHkiLCJsYXN0TmFtZSI6IkpvaG5zb24iLCJnZW5kZXIiOiJmZW1hbGUiLCJpbWFnZSI6Imh0dHBzOi8vZHVtbXlqc29uLmNvbS9pY29uL2VtaWx5cy8xMjgiLCJpYXQiOjE3NTQyMTg1NzIsImV4cCI6MTc1NjgxMDU3Mn0.vTnLuJ5cGMqxYdTTK8CCr7D5-KNEb5UcFdaiBZHYsao; Max-Age=3600; Path=/; Expires=Sun, 03 Aug 2025 11:56:12 GMT; HttpOnly; Secure[\r][\n]"
17:56:12.758 [main] DEBUG org.apache.http.wire -- http-outgoing-3 << "Strict-Transport-Security: max-age=1"
17:56:12.759 [main] DEBUG org.apache.http.wire -- http-outgoing-3 << "5552000; includeSubDomains[\r][\n]"
17:56:12.759 [main] DEBUG org.apache.http.wire -- http-outgoing-3 << "Vary: Accept-Encoding[\r][\n]"
17:56:12.759 [main] DEBUG org.apache.http.wire -- http-outgoing-3 << "X-Content-Type-Options: nosniff[\r][\n]"
17:56:12.759 [main] DEBUG org.apache.http.wire -- http-outgoing-3 << "X-Dns-Prefetch-Control: off[\r][\n]"
17:56:12.759 [main] DEBUG org.apache.http.wire -- http-outgoing-3 << "X-Download-Options: noopen[\r][\n]"
17:56:12.759 [main] DEBUG org.apache.http.wire -- http-outgoing-3 << "X-Frame-Options: SAMEORIGIN[\r][\n]"
17:56:12.759 [main] DEBUG org.apache.http.wire -- http-outgoing-3 << "X-Powered-By: Cats on Keyboards[\r][\n]"
17:56:12.759 [main] DEBUG org.apache.http.wire -- http-outgoing-3 << "X-Railway-Edge: railway/asia-southeast1-eqsg3a[\r][\n]"
17:56:12.759 [main] DEBUG org.apache.http.wire -- http-outgoing-3 << "X-Railway-Request-Id: lGhyOI3KQJaTI2fxAQeqjw[\r][\n]"
17:56:12.759 [main] DEBUG org.apache.http.wire -- http-outgoing-3 << "X-Ratelimit-Limit: 100[\r][\n]"
17:56:12.759 [main] DEBUG org.apache.http.wire -- http-outgoing-3 << "X-Ratelimit-Remaining: 99[\r][\n]"
17:56:12.759 [main] DEBUG org.apache.http.wire -- http-outgoing-3 << "X-Ratelimit-Reset: 1754218581[\r][\n]"
17:56:12.759 [main] DEBUG org.apache.http.wire -- http-outgoing-3 << "X-Xss-Protection: 1; mode=block[\r][\n]"
17:56:12.759 [main] DEBUG org.apache.http.wire -- http-outgoing-3 << "[\r][\n]"
17:56:12.759 [main] DEBUG org.apache.http.wire -- http-outgoing-3 << "{"accessToken":"eyJhbGciOiJIUzI1NiIsInR5cCI6IkpXVCJ9.eyJpZCI6MSwidXNlcm5hbWUiOiJlbWlseXMiLCJlbWFpbCI6ImVtaWx5LmpvaG5zb25AeC5kdW1teWpzb24uY29tIiwiZmlyc3ROYW1lIjoiRW1pbHkiLCJsYXN0TmFtZSI6IkpvaG5zb24iLCJnZW5kZXIiOiJmZW1hbGUiLCJpbWFnZSI6Imh0dHBzOi8vZHVtbXlqc29uLmNvbS9pY29uL2VtaWx5cy8xMjgiLCJpYXQiOjE3NTQyMTg1NzIsImV4cCI6MTc1NDIyMjE3Mn0.U794_LRZsN_OM0ixBO4yNY8gTkiTp5FFqv4tbwQZ_rg","refreshToken":"eyJhbGciOiJIUzI1NiIsInR5cCI6IkpXVCJ9.eyJpZCI6MSwidXNlcm5hbWUiOiJlbWlseXMiLCJlbWFpbCI6ImVtaWx5LmpvaG5zb25AeC5kdW1teWpzb24uY29tIiwiZmlyc3ROYW1lIjoiRW1pbHkiLCJsYXN0TmFtZSI6IkpvaG5zb24iLCJnZW5kZXIiOiJmZW1hbGUiLCJpbWFnZSI6Imh0dHBzOi8vZHVtbXlqc29uLmNvbS9pY29uL2VtaWx5cy8xMjgiLCJpYXQiOjE3NTQyMTg1NzIsImV4cCI6MTc1NjgxMDU3Mn0.vTnLuJ5cGMqxYdTTK8CCr7D5-KNEb5UcFdaiBZHYsao","id":1,"username":"emilys","email":"emily.johnson@x.dummyjson.com","firstName":"Emily","lastName":"Johnson","gender":"female","image":"https://dummyjson.com/icon/emilys/128"}"
17:56:12.759 [main] DEBUG org.apache.http.headers -- http-outgoing-3 << HTTP/1.1 200 OK
17:56:12.759 [main] DEBUG org.apache.http.headers -- http-outgoing-3 << Access-Control-Allow-Origin: *
17:56:12.759 [main] DEBUG org.apache.http.headers -- http-outgoing-3 << Content-Length: 930
17:56:12.759 [main] DEBUG org.apache.http.headers -- http-outgoing-3 << Content-Type: application/json; charset=utf-8
17:56:12.759 [main] DEBUG org.apache.http.headers -- http-outgoing-3 << Date: Sun, 03 Aug 2025 10:56:12 GMT
17:56:12.759 [main] DEBUG org.apache.http.headers -- http-outgoing-3 << Etag: W/"3a2-qWVQ/l+hgN91XNOrF8AcTxQfpyk"
17:56:12.759 [main] DEBUG org.apache.http.headers -- http-outgoing-3 << Server: railway-edge
17:56:12.759 [main] DEBUG org.apache.http.headers -- http-outgoing-3 << Set-Cookie: accessToken=eyJhbGciOiJIUzI1NiIsInR5cCI6IkpXVCJ9.eyJpZCI6MSwidXNlcm5hbWUiOiJlbWlseXMiLCJlbWFpbCI6ImVtaWx5LmpvaG5zb25AeC5kdW1teWpzb24uY29tIiwiZmlyc3ROYW1lIjoiRW1pbHkiLCJsYXN0TmFtZSI6IkpvaG5zb24iLCJnZW5kZXIiOiJmZW1hbGUiLCJpbWFnZSI6Imh0dHBzOi8vZHVtbXlqc29uLmNvbS9pY29uL2VtaWx5cy8xMjgiLCJpYXQiOjE3NTQyMTg1NzIsImV4cCI6MTc1NDIyMjE3Mn0.U794_LRZsN_OM0ixBO4yNY8gTkiTp5FFqv4tbwQZ_rg; Max-Age=3600; Path=/; Expires=Sun, 03 Aug 2025 11:56:12 GMT; HttpOnly; Secure
17:56:12.759 [main] DEBUG org.apache.http.headers -- http-outgoing-3 << Set-Cookie: refreshToken=eyJhbGciOiJIUzI1NiIsInR5cCI6IkpXVCJ9.eyJpZCI6MSwidXNlcm5hbWUiOiJlbWlseXMiLCJlbWFpbCI6ImVtaWx5LmpvaG5zb25AeC5kdW1teWpzb24uY29tIiwiZmlyc3ROYW1lIjoiRW1pbHkiLCJsYXN0TmFtZSI6IkpvaG5zb24iLCJnZW5kZXIiOiJmZW1hbGUiLCJpbWFnZSI6Imh0dHBzOi8vZHVtbXlqc29uLmNvbS9pY29uL2VtaWx5cy8xMjgiLCJpYXQiOjE3NTQyMTg1NzIsImV4cCI6MTc1NjgxMDU3Mn0.vTnLuJ5cGMqxYdTTK8CCr7D5-KNEb5UcFdaiBZHYsao; Max-Age=3600; Path=/; Expires=Sun, 03 Aug 2025 11:56:12 GMT; HttpOnly; Secure
17:56:12.759 [main] DEBUG org.apache.http.headers -- http-outgoing-3 << Strict-Transport-Security: max-age=15552000; includeSubDomains
17:56:12.759 [main] DEBUG org.apache.http.headers -- http-outgoing-3 << Vary: Accept-Encoding
17:56:12.759 [main] DEBUG org.apache.http.headers -- http-outgoing-3 << X-Content-Type-Options: nosniff
17:56:12.759 [main] DEBUG org.apache.http.headers -- http-outgoing-3 << X-Dns-Prefetch-Control: off
17:56:12.759 [main] DEBUG org.apache.http.headers -- http-outgoing-3 << X-Download-Options: noopen
17:56:12.759 [main] DEBUG org.apache.http.headers -- http-outgoing-3 << X-Frame-Options: SAMEORIGIN
17:56:12.759 [main] DEBUG org.apache.http.headers -- http-outgoing-3 << X-Powered-By: Cats on Keyboards
17:56:12.759 [main] DEBUG org.apache.http.headers -- http-outgoing-3 << X-Railway-Edge: railway/asia-southeast1-eqsg3a
17:56:12.759 [main] DEBUG org.apache.http.headers -- http-outgoing-3 << X-Railway-Request-Id: lGhyOI3KQJaTI2fxAQeqjw
17:56:12.759 [main] DEBUG org.apache.http.headers -- http-outgoing-3 << X-Ratelimit-Limit: 100
17:56:12.759 [main] DEBUG org.apache.http.headers -- http-outgoing-3 << X-Ratelimit-Remaining: 99
17:56:12.759 [main] DEBUG org.apache.http.headers -- http-outgoing-3 << X-Ratelimit-Reset: 1754218581
17:56:12.759 [main] DEBUG org.apache.http.headers -- http-outgoing-3 << X-Xss-Protection: 1; mode=block
17:56:12.759 [main] DEBUG org.apache.http.impl.execchain.MainClientExec -- Connection can be kept alive indefinitely
17:56:12.760 [main] DEBUG org.apache.http.client.protocol.ResponseProcessCookies -- Cookie accepted [accessToken="eyJhbGciOiJIUzI1NiIsInR5cCI6IkpXVCJ9.eyJpZCI6MSwidXNlcm5hbWUiOiJlbWlseXMiLCJlbWFpbCI6ImVtaWx5LmpvaG5...", version:0, domain:dummyjson.com, path:/, expiry:Sun Aug 03 18:56:12 WIB 2025]
17:56:12.760 [main] DEBUG org.apache.http.client.protocol.ResponseProcessCookies -- Cookie accepted [refreshToken="eyJhbGciOiJIUzI1NiIsInR5cCI6IkpXVCJ9.eyJpZCI6MSwidXNlcm5hbWUiOiJlbWlseXMiLCJlbWFpbCI6ImVtaWx5LmpvaG5...", version:0, domain:dummyjson.com, path:/, expiry:Sun Aug 03 18:56:12 WIB 2025]
17:56:12.760 [main] DEBUG org.apache.http.impl.conn.PoolingHttpClientConnectionManager -- Connection [id: 3][route: {s}->https://dummyjson.com:443] can be kept alive indefinitely
17:56:12.760 [main] DEBUG org.apache.http.impl.conn.DefaultManagedHttpClientConnection -- http-outgoing-3: set socket timeout to 0
17:56:12.760 [main] DEBUG org.apache.http.impl.conn.PoolingHttpClientConnectionManager -- Connection released: [id: 3][route: {s}->https://dummyjson.com:443][total available: 1; route allocated: 1 of 5; total allocated: 1 of 10]
17:56:12.760 [main] DEBUG org.apache.http.impl.conn.PoolingHttpClientConnectionManager -- Connection manager is shutting down
17:56:12.760 [main] DEBUG org.apache.http.impl.conn.DefaultManagedHttpClientConnection -- http-outgoing-3: Close connection
17:56:12.761 [main] DEBUG org.apache.http.impl.conn.PoolingHttpClientConnectionManager -- Connection manager shut down
17:56:12.761 [main] DEBUG com.intuit.karate -- response time in milliseconds: 73
1 < 200
1 < Access-Control-Allow-Origin: *
1 < Content-Length: 930
1 < Content-Type: application/json; charset=utf-8
1 < Date: Sun, 03 Aug 2025 10:56:12 GMT
1 < Etag: W/"3a2-qWVQ/l+hgN91XNOrF8AcTxQfpyk"
1 < Server: railway-edge
1 < Set-Cookie: accessToken=eyJhbGciOiJIUzI1NiIsInR5cCI6IkpXVCJ9.eyJpZCI6MSwidXNlcm5hbWUiOiJlbWlseXMiLCJlbWFpbCI6ImVtaWx5LmpvaG5zb25AeC5kdW1teWpzb24uY29tIiwiZmlyc3ROYW1lIjoiRW1pbHkiLCJsYXN0TmFtZSI6IkpvaG5zb24iLCJnZW5kZXIiOiJmZW1hbGUiLCJpbWFnZSI6Imh0dHBzOi8vZHVtbXlqc29uLmNvbS9pY29uL2VtaWx5cy8xMjgiLCJpYXQiOjE3NTQyMTg1NzIsImV4cCI6MTc1NDIyMjE3Mn0.U794_LRZsN_OM0ixBO4yNY8gTkiTp5FFqv4tbwQZ_rg; Max-Age=3600; Path=/; Expires=Sun, 03 Aug 2025 11:56:12 GMT; HttpOnly; Secure
1 < Set-Cookie: refreshToken=eyJhbGciOiJIUzI1NiIsInR5cCI6IkpXVCJ9.eyJpZCI6MSwidXNlcm5hbWUiOiJlbWlseXMiLCJlbWFpbCI6ImVtaWx5LmpvaG5zb25AeC5kdW1teWpzb24uY29tIiwiZmlyc3ROYW1lIjoiRW1pbHkiLCJsYXN0TmFtZSI6IkpvaG5zb24iLCJnZW5kZXIiOiJmZW1hbGUiLCJpbWFnZSI6Imh0dHBzOi8vZHVtbXlqc29uLmNvbS9pY29uL2VtaWx5cy8xMjgiLCJpYXQiOjE3NTQyMTg1NzIsImV4cCI6MTc1NjgxMDU3Mn0.vTnLuJ5cGMqxYdTTK8CCr7D5-KNEb5UcFdaiBZHYsao; Max-Age=3600; Path=/; Expires=Sun, 03 Aug 2025 11:56:12 GMT; HttpOnly; Secure
1 < Strict-Transport-Security: max-age=15552000; includeSubDomains
1 < Vary: Accept-Encoding
1 < X-Content-Type-Options: nosniff
1 < X-Dns-Prefetch-Control: off
1 < X-Download-Options: noopen
1 < X-Frame-Options: SAMEORIGIN
1 < X-Powered-By: Cats on Keyboards
1 < X-Railway-Edge: railway/asia-southeast1-eqsg3a
1 < X-Railway-Request-Id: lGhyOI3KQJaTI2fxAQeqjw
1 < X-Ratelimit-Limit: 100
1 < X-Ratelimit-Remaining: 99
1 < X-Ratelimit-Reset: 1754218581
1 < X-Xss-Protection: 1; mode=block
{
  "accessToken": "eyJhbGciOiJIUzI1NiIsInR5cCI6IkpXVCJ9.eyJpZCI6MSwidXNlcm5hbWUiOiJlbWlseXMiLCJlbWFpbCI6ImVtaWx5LmpvaG5zb25AeC5kdW1teWpzb24uY29tIiwiZmlyc3ROYW1lIjoiRW1pbHkiLCJsYXN0TmFtZSI6IkpvaG5zb24iLCJnZW5kZXIiOiJmZW1hbGUiLCJpbWFnZSI6Imh0dHBzOi8vZHVtbXlqc29uLmNvbS9pY29uL2VtaWx5cy8xMjgiLCJpYXQiOjE3NTQyMTg1NzIsImV4cCI6MTc1NDIyMjE3Mn0.U794_LRZsN_OM0ixBO4yNY8gTkiTp5FFqv4tbwQZ_rg",
  "refreshToken": "eyJhbGciOiJIUzI1NiIsInR5cCI6IkpXVCJ9.eyJpZCI6MSwidXNlcm5hbWUiOiJlbWlseXMiLCJlbWFpbCI6ImVtaWx5LmpvaG5zb25AeC5kdW1teWpzb24uY29tIiwiZmlyc3ROYW1lIjoiRW1pbHkiLCJsYXN0TmFtZSI6IkpvaG5zb24iLCJnZW5kZXIiOiJmZW1hbGUiLCJpbWFnZSI6Imh0dHBzOi8vZHVtbXlqc29uLmNvbS9pY29uL2VtaWx5cy8xMjgiLCJpYXQiOjE3NTQyMTg1NzIsImV4cCI6MTc1NjgxMDU3Mn0.vTnLuJ5cGMqxYdTTK8CCr7D5-KNEb5UcFdaiBZHYsao",
  "id": 1,
  "username": "emilys",
  "email": "emily.johnson@x.dummyjson.com",
  "firstName": "Emily",
  "lastName": "Johnson",
  "gender": "female",
  "image": "https://dummyjson.com/icon/emilys/128"
}


17:56:12.771 [main] DEBUG io.netty.util.internal.InternalThreadLocalMap -- -Dio.netty.threadLocalMap.stringBuilder.initialSize: 1024
17:56:12.771 [main] DEBUG io.netty.util.internal.InternalThreadLocalMap -- -Dio.netty.threadLocalMap.stringBuilder.maxSize: 4096
17:56:12.772 [main] DEBUG org.apache.http.client.protocol.RequestAddCookies -- CookieSpec selected: karate
17:56:12.772 [main] DEBUG org.apache.http.client.protocol.RequestAuthCache -- Auth cache not set in the context
17:56:12.773 [main] DEBUG com.intuit.karate -- request:
2 > GET https://dummyjson.com/user/me
2 > Authorization: Bearer eyJhbGciOiJIUzI1NiIsInR5cCI6IkpXVCJ9.eyJpZCI6MSwidXNlcm5hbWUiOiJlbWlseXMiLCJlbWFpbCI6ImVtaWx5LmpvaG5zb25AeC5kdW1teWpzb24uY29tIiwiZmlyc3ROYW1lIjoiRW1pbHkiLCJsYXN0TmFtZSI6IkpvaG5zb24iLCJnZW5kZXIiOiJmZW1hbGUiLCJpbWFnZSI6Imh0dHBzOi8vZHVtbXlqc29uLmNvbS9pY29uL2VtaWx5cy8xMjgiLCJpYXQiOjE3NTQyMTg1NzIsImV4cCI6MTc1NDIyMjE3Mn0.U794_LRZsN_OM0ixBO4yNY8gTkiTp5FFqv4tbwQZ_rg
2 > Cookie: accessToken=eyJhbGciOiJIUzI1NiIsInR5cCI6IkpXVCJ9.eyJpZCI6MSwidXNlcm5hbWUiOiJlbWlseXMiLCJlbWFpbCI6ImVtaWx5LmpvaG5zb25AeC5kdW1teWpzb24uY29tIiwiZmlyc3ROYW1lIjoiRW1pbHkiLCJsYXN0TmFtZSI6IkpvaG5zb24iLCJnZW5kZXIiOiJmZW1hbGUiLCJpbWFnZSI6Imh0dHBzOi8vZHVtbXlqc29uLmNvbS9pY29uL2VtaWx5cy8xMjgiLCJpYXQiOjE3NTQyMTg1NzIsImV4cCI6MTc1NDIyMjE3Mn0.U794_LRZsN_OM0ixBO4yNY8gTkiTp5FFqv4tbwQZ_rg; refreshToken=eyJhbGciOiJIUzI1NiIsInR5cCI6IkpXVCJ9.eyJpZCI6MSwidXNlcm5hbWUiOiJlbWlseXMiLCJlbWFpbCI6ImVtaWx5LmpvaG5zb25AeC5kdW1teWpzb24uY29tIiwiZmlyc3ROYW1lIjoiRW1pbHkiLCJsYXN0TmFtZSI6IkpvaG5zb24iLCJnZW5kZXIiOiJmZW1hbGUiLCJpbWFnZSI6Imh0dHBzOi8vZHVtbXlqc29uLmNvbS9pY29uL2VtaWx5cy8xMjgiLCJpYXQiOjE3NTQyMTg1NzIsImV4cCI6MTc1NjgxMDU3Mn0.vTnLuJ5cGMqxYdTTK8CCr7D5-KNEb5UcFdaiBZHYsao
2 > Host: dummyjson.com
2 > Connection: Keep-Alive
2 > User-Agent: Apache-HttpClient/4.5.14 (Java/21.0.8)
2 > Accept-Encoding: gzip,deflate


17:56:12.773 [main] DEBUG org.apache.http.impl.conn.PoolingHttpClientConnectionManager -- Connection request: [route: {s}->https://dummyjson.com:443][total available: 0; route allocated: 0 of 5; total allocated: 0 of 10]
17:56:12.773 [main] DEBUG org.apache.http.impl.conn.PoolingHttpClientConnectionManager -- Connection leased: [id: 4][route: {s}->https://dummyjson.com:443][total available: 0; route allocated: 1 of 5; total allocated: 1 of 10]
17:56:12.773 [main] DEBUG org.apache.http.impl.execchain.MainClientExec -- Opening connection {s}->https://dummyjson.com:443
17:56:12.773 [main] DEBUG org.apache.http.impl.conn.DefaultHttpClientConnectionOperator -- Connecting to dummyjson.com/66.33.22.3:443
17:56:12.773 [main] DEBUG org.apache.http.conn.ssl.SSLConnectionSocketFactory -- Connecting socket to dummyjson.com/66.33.22.3:443 with timeout 30000
17:56:12.794 [main] DEBUG org.apache.http.conn.ssl.SSLConnectionSocketFactory -- Enabled protocols: [TLSv1.3, TLSv1.2]
17:56:12.794 [main] DEBUG org.apache.http.conn.ssl.SSLConnectionSocketFactory -- Enabled cipher suites:[TLS_AES_256_GCM_SHA384, TLS_AES_128_GCM_SHA256, TLS_CHACHA20_POLY1305_SHA256, TLS_ECDHE_ECDSA_WITH_AES_256_GCM_SHA384, TLS_ECDHE_ECDSA_WITH_AES_128_GCM_SHA256, TLS_ECDHE_ECDSA_WITH_CHACHA20_POLY1305_SHA256, TLS_ECDHE_RSA_WITH_AES_256_GCM_SHA384, TLS_ECDHE_RSA_WITH_CHACHA20_POLY1305_SHA256, TLS_ECDHE_RSA_WITH_AES_128_GCM_SHA256, TLS_DHE_RSA_WITH_AES_256_GCM_SHA384, TLS_DHE_RSA_WITH_CHACHA20_POLY1305_SHA256, TLS_DHE_DSS_WITH_AES_256_GCM_SHA384, TLS_DHE_RSA_WITH_AES_128_GCM_SHA256, TLS_DHE_DSS_WITH_AES_128_GCM_SHA256, TLS_ECDHE_ECDSA_WITH_AES_256_CBC_SHA384, TLS_ECDHE_RSA_WITH_AES_256_CBC_SHA384, TLS_ECDHE_ECDSA_WITH_AES_128_CBC_SHA256, TLS_ECDHE_RSA_WITH_AES_128_CBC_SHA256, TLS_DHE_RSA_WITH_AES_256_CBC_SHA256, TLS_DHE_DSS_WITH_AES_256_CBC_SHA256, TLS_DHE_RSA_WITH_AES_128_CBC_SHA256, TLS_DHE_DSS_WITH_AES_128_CBC_SHA256, TLS_ECDHE_ECDSA_WITH_AES_256_CBC_SHA, TLS_ECDHE_RSA_WITH_AES_256_CBC_SHA, TLS_ECDHE_ECDSA_WITH_AES_128_CBC_SHA, TLS_ECDHE_RSA_WITH_AES_128_CBC_SHA, TLS_DHE_RSA_WITH_AES_256_CBC_SHA, TLS_DHE_DSS_WITH_AES_256_CBC_SHA, TLS_DHE_RSA_WITH_AES_128_CBC_SHA, TLS_DHE_DSS_WITH_AES_128_CBC_SHA, TLS_RSA_WITH_AES_256_GCM_SHA384, TLS_RSA_WITH_AES_128_GCM_SHA256, TLS_RSA_WITH_AES_256_CBC_SHA256, TLS_RSA_WITH_AES_128_CBC_SHA256, TLS_RSA_WITH_AES_256_CBC_SHA, TLS_RSA_WITH_AES_128_CBC_SHA, TLS_EMPTY_RENEGOTIATION_INFO_SCSV]
17:56:12.794 [main] DEBUG org.apache.http.conn.ssl.SSLConnectionSocketFactory -- Starting handshake
17:56:12.820 [main] DEBUG org.apache.http.conn.ssl.SSLConnectionSocketFactory -- Secure session established
17:56:12.820 [main] DEBUG org.apache.http.conn.ssl.SSLConnectionSocketFactory --  negotiated protocol: TLSv1.3
17:56:12.820 [main] DEBUG org.apache.http.conn.ssl.SSLConnectionSocketFactory --  negotiated cipher suite: TLS_AES_128_GCM_SHA256
17:56:12.820 [main] DEBUG org.apache.http.conn.ssl.SSLConnectionSocketFactory --  peer principal: CN=dummyjson.com
17:56:12.820 [main] DEBUG org.apache.http.conn.ssl.SSLConnectionSocketFactory --  peer alternative names: [dummyjson.com]
17:56:12.820 [main] DEBUG org.apache.http.conn.ssl.SSLConnectionSocketFactory --  issuer principal: CN=R11, O=Let's Encrypt, C=US
17:56:12.820 [main] DEBUG org.apache.http.impl.conn.DefaultHttpClientConnectionOperator -- Connection established 192.168.1.4:53090<->66.33.22.3:443
17:56:12.820 [main] DEBUG org.apache.http.impl.conn.DefaultManagedHttpClientConnection -- http-outgoing-4: set socket timeout to 30000
17:56:12.820 [main] DEBUG org.apache.http.impl.execchain.MainClientExec -- Executing request GET /user/me HTTP/1.1
17:56:12.820 [main] DEBUG org.apache.http.impl.execchain.MainClientExec -- Proxy auth state: UNCHALLENGED
17:56:12.820 [main] DEBUG org.apache.http.headers -- http-outgoing-4 >> GET /user/me HTTP/1.1
17:56:12.820 [main] DEBUG org.apache.http.headers -- http-outgoing-4 >> Authorization: Bearer eyJhbGciOiJIUzI1NiIsInR5cCI6IkpXVCJ9.eyJpZCI6MSwidXNlcm5hbWUiOiJlbWlseXMiLCJlbWFpbCI6ImVtaWx5LmpvaG5zb25AeC5kdW1teWpzb24uY29tIiwiZmlyc3ROYW1lIjoiRW1pbHkiLCJsYXN0TmFtZSI6IkpvaG5zb24iLCJnZW5kZXIiOiJmZW1hbGUiLCJpbWFnZSI6Imh0dHBzOi8vZHVtbXlqc29uLmNvbS9pY29uL2VtaWx5cy8xMjgiLCJpYXQiOjE3NTQyMTg1NzIsImV4cCI6MTc1NDIyMjE3Mn0.U794_LRZsN_OM0ixBO4yNY8gTkiTp5FFqv4tbwQZ_rg
17:56:12.820 [main] DEBUG org.apache.http.headers -- http-outgoing-4 >> Cookie: accessToken=eyJhbGciOiJIUzI1NiIsInR5cCI6IkpXVCJ9.eyJpZCI6MSwidXNlcm5hbWUiOiJlbWlseXMiLCJlbWFpbCI6ImVtaWx5LmpvaG5zb25AeC5kdW1teWpzb24uY29tIiwiZmlyc3ROYW1lIjoiRW1pbHkiLCJsYXN0TmFtZSI6IkpvaG5zb24iLCJnZW5kZXIiOiJmZW1hbGUiLCJpbWFnZSI6Imh0dHBzOi8vZHVtbXlqc29uLmNvbS9pY29uL2VtaWx5cy8xMjgiLCJpYXQiOjE3NTQyMTg1NzIsImV4cCI6MTc1NDIyMjE3Mn0.U794_LRZsN_OM0ixBO4yNY8gTkiTp5FFqv4tbwQZ_rg; refreshToken=eyJhbGciOiJIUzI1NiIsInR5cCI6IkpXVCJ9.eyJpZCI6MSwidXNlcm5hbWUiOiJlbWlseXMiLCJlbWFpbCI6ImVtaWx5LmpvaG5zb25AeC5kdW1teWpzb24uY29tIiwiZmlyc3ROYW1lIjoiRW1pbHkiLCJsYXN0TmFtZSI6IkpvaG5zb24iLCJnZW5kZXIiOiJmZW1hbGUiLCJpbWFnZSI6Imh0dHBzOi8vZHVtbXlqc29uLmNvbS9pY29uL2VtaWx5cy8xMjgiLCJpYXQiOjE3NTQyMTg1NzIsImV4cCI6MTc1NjgxMDU3Mn0.vTnLuJ5cGMqxYdTTK8CCr7D5-KNEb5UcFdaiBZHYsao
17:56:12.820 [main] DEBUG org.apache.http.headers -- http-outgoing-4 >> Host: dummyjson.com
17:56:12.820 [main] DEBUG org.apache.http.headers -- http-outgoing-4 >> Connection: Keep-Alive
17:56:12.821 [main] DEBUG org.apache.http.headers -- http-outgoing-4 >> User-Agent: Apache-HttpClient/4.5.14 (Java/21.0.8)
17:56:12.821 [main] DEBUG org.apache.http.headers -- http-outgoing-4 >> Accept-Encoding: gzip,deflate
17:56:12.821 [main] DEBUG org.apache.http.wire -- http-outgoing-4 >> "GET /user/me HTTP/1.1[\r][\n]"
17:56:12.821 [main] DEBUG org.apache.http.wire -- http-outgoing-4 >> "Authorization: Bearer eyJhbGciOiJIUzI1NiIsInR5cCI6IkpXVCJ9.eyJpZCI6MSwidXNlcm5hbWUiOiJlbWlseXMiLCJlbWFpbCI6ImVtaWx5LmpvaG5zb25AeC5kdW1teWpzb24uY29tIiwiZmlyc3ROYW1lIjoiRW1pbHkiLCJsYXN0TmFtZSI6IkpvaG5zb24iLCJnZW5kZXIiOiJmZW1hbGUiLCJpbWFnZSI6Imh0dHBzOi8vZHVtbXlqc29uLmNvbS9pY29uL2VtaWx5cy8xMjgiLCJpYXQiOjE3NTQyMTg1NzIsImV4cCI6MTc1NDIyMjE3Mn0.U794_LRZsN_OM0ixBO4yNY8gTkiTp5FFqv4tbwQZ_rg[\r][\n]"
17:56:12.821 [main] DEBUG org.apache.http.wire -- http-outgoing-4 >> "Cookie: accessToken=eyJhbGciOiJIUzI1NiIsInR5cCI6IkpXVCJ9.eyJpZCI6MSwidXNlcm5hbWUiOiJlbWlseXMiLCJlbWFpbCI6ImVtaWx5LmpvaG5zb25AeC5kdW1teWpzb24uY29tIiwiZmlyc3ROYW1lIjoiRW1pbHkiLCJsYXN0TmFtZSI6IkpvaG5zb24iLCJnZW5kZXIiOiJmZW1hbGUiLCJpbWFnZSI6Imh0dHBzOi8vZHVtbXlqc29uLmNvbS9pY29uL2VtaWx5cy8xMjgiLCJpYXQiOjE3NTQyMTg1NzIsImV4cCI6MTc1NDIyMjE3Mn0.U794_LRZsN_OM0ixBO4yNY8gTkiTp5FFqv4tbwQZ_rg; refreshToken=eyJhbGciOiJIUzI1NiIsInR5cCI6IkpXVCJ9.eyJpZCI6MSwidXNlcm5hbWUiOiJlbWlseXMiLCJlbWFpbCI6ImVtaWx5LmpvaG5zb25AeC5kdW1teWpzb24uY29tIiwiZmlyc3ROYW1lIjoiRW1pbHkiLCJsYXN0TmFtZSI6IkpvaG5zb24iLCJnZW5kZXIiOiJmZW1hbGUiLCJpbWFnZSI6Imh0dHBzOi8vZHVtbXlqc29uLmNvbS9pY29uL2VtaWx5cy8xMjgiLCJpYXQiOjE3NTQyMTg1NzIsImV4cCI6MTc1NjgxMDU3Mn0.vTnLuJ5cGMqxYdTTK8CCr7D5-KNEb5UcFdaiBZHYsao[\r][\n]"
17:56:12.821 [main] DEBUG org.apache.http.wire -- http-outgoing-4 >> "Host: dummyjson.com[\r][\n]"
17:56:12.821 [main] DEBUG org.apache.http.wire -- http-outgoing-4 >> "Connection: Keep-Alive[\r][\n]"
17:56:12.821 [main] DEBUG org.apache.http.wire -- http-outgoing-4 >> "User-Agent: Apache-HttpClient/4.5.14 (Java/21.0.8)[\r][\n]"
17:56:12.821 [main] DEBUG org.apache.http.wire -- http-outgoing-4 >> "Accept-Encoding: gzip,deflate[\r][\n]"
17:56:12.821 [main] DEBUG org.apache.http.wire -- http-outgoing-4 >> "[\r][\n]"
17:56:12.852 [main] DEBUG org.apache.http.wire -- http-outgoing-4 << "HTTP/1.1 200 OK[\r][\n]"
17:56:12.852 [main] DEBUG org.apache.http.wire -- http-outgoing-4 << "Access-Control-Allow-Origin: *[\r][\n]"
17:56:12.852 [main] DEBUG org.apache.http.wire -- http-outgoing-4 << "Content-Encoding: gzip[\r][\n]"
17:56:12.852 [main] DEBUG org.apache.http.wire -- http-outgoing-4 << "Content-Type: application/json; charset=utf-8[\r][\n]"
17:56:12.852 [main] DEBUG org.apache.http.wire -- http-outgoing-4 << "Date: Sun, 03 Aug 2025 10:56:12 GMT[\r][\n]"
17:56:12.852 [main] DEBUG org.apache.http.wire -- http-outgoing-4 << "Etag: W/"57b-eBF3JfwanM/U4Wy609CPdIf9zRA"[\r][\n]"
17:56:12.852 [main] DEBUG org.apache.http.wire -- http-outgoing-4 << "Server: railway-edge[\r][\n]"
17:56:12.852 [main] DEBUG org.apache.http.wire -- http-outgoing-4 << "Strict-Transport-Security: max-age=15552000; includeSubDomains[\r][\n]"
17:56:12.852 [main] DEBUG org.apache.http.wire -- http-outgoing-4 << "Vary: Accept-Encoding[\r][\n]"
17:56:12.853 [main] DEBUG org.apache.http.wire -- http-outgoing-4 << "X-Content-Type-Options: nosniff[\r][\n]"
17:56:12.853 [main] DEBUG org.apache.http.wire -- http-outgoing-4 << "X-Dns-Prefetch-Control: off[\r][\n]"
17:56:12.853 [main] DEBUG org.apache.http.wire -- http-outgoing-4 << "X-Download-Options: noopen[\r][\n]"
17:56:12.853 [main] DEBUG org.apache.http.wire -- http-outgoing-4 << "X-Frame-Options: SAMEORIGIN[\r][\n]"
17:56:12.853 [main] DEBUG org.apache.http.wire -- http-outgoing-4 << "X-Powered-By: Cats on Keyboards[\r][\n]"
17:56:12.853 [main] DEBUG org.apache.http.wire -- http-outgoing-4 << "X-Railway-Edge: railway/asia-southeast1-eqsg3a[\r][\n]"
17:56:12.853 [main] DEBUG org.apache.http.wire -- http-outgoing-4 << "X-Railway-Request-Id: uvJpEh34Rzy0v3vJDcO5xA[\r][\n]"
17:56:12.853 [main] DEBUG org.apache.http.wire -- http-outgoing-4 << "X-Ratelimit-Limit: 100[\r][\n]"
17:56:12.853 [main] DEBUG org.apache.http.wire -- http-outgoing-4 << "X-Ratelimit-Remaining: 98[\r][\n]"
17:56:12.853 [main] DEBUG org.apache.http.wire -- http-outgoing-4 << "X-Ratelimit-Reset: 1754218582[\r][\n]"
17:56:12.853 [main] DEBUG org.apache.http.wire -- http-outgoing-4 << "X-Xss-Protection: 1; mode=block[\r][\n]"
17:56:12.853 [main] DEBUG org.apache.http.wire -- http-outgoing-4 << "Transfer-Encoding: chunked[\r][\n]"
17:56:12.853 [main] DEBUG org.apache.http.wire -- http-outgoing-4 << "[\r][\n]"
17:56:12.853 [main] DEBUG org.apache.http.headers -- http-outgoing-4 << HTTP/1.1 200 OK
17:56:12.853 [main] DEBUG org.apache.http.headers -- http-outgoing-4 << Access-Control-Allow-Origin: *
17:56:12.853 [main] DEBUG org.apache.http.headers -- http-outgoing-4 << Content-Encoding: gzip
17:56:12.853 [main] DEBUG org.apache.http.headers -- http-outgoing-4 << Content-Type: application/json; charset=utf-8
17:56:12.853 [main] DEBUG org.apache.http.headers -- http-outgoing-4 << Date: Sun, 03 Aug 2025 10:56:12 GMT
17:56:12.853 [main] DEBUG org.apache.http.headers -- http-outgoing-4 << Etag: W/"57b-eBF3JfwanM/U4Wy609CPdIf9zRA"
17:56:12.853 [main] DEBUG org.apache.http.headers -- http-outgoing-4 << Server: railway-edge
17:56:12.853 [main] DEBUG org.apache.http.headers -- http-outgoing-4 << Strict-Transport-Security: max-age=15552000; includeSubDomains
17:56:12.853 [main] DEBUG org.apache.http.headers -- http-outgoing-4 << Vary: Accept-Encoding
17:56:12.853 [main] DEBUG org.apache.http.headers -- http-outgoing-4 << X-Content-Type-Options: nosniff
17:56:12.853 [main] DEBUG org.apache.http.headers -- http-outgoing-4 << X-Dns-Prefetch-Control: off
17:56:12.853 [main] DEBUG org.apache.http.headers -- http-outgoing-4 << X-Download-Options: noopen
17:56:12.853 [main] DEBUG org.apache.http.headers -- http-outgoing-4 << X-Frame-Options: SAMEORIGIN
17:56:12.853 [main] DEBUG org.apache.http.headers -- http-outgoing-4 << X-Powered-By: Cats on Keyboards
17:56:12.853 [main] DEBUG org.apache.http.headers -- http-outgoing-4 << X-Railway-Edge: railway/asia-southeast1-eqsg3a
17:56:12.853 [main] DEBUG org.apache.http.headers -- http-outgoing-4 << X-Railway-Request-Id: uvJpEh34Rzy0v3vJDcO5xA
17:56:12.853 [main] DEBUG org.apache.http.headers -- http-outgoing-4 << X-Ratelimit-Limit: 100
17:56:12.853 [main] DEBUG org.apache.http.headers -- http-outgoing-4 << X-Ratelimit-Remaining: 98
17:56:12.853 [main] DEBUG org.apache.http.headers -- http-outgoing-4 << X-Ratelimit-Reset: 1754218582
17:56:12.853 [main] DEBUG org.apache.http.headers -- http-outgoing-4 << X-Xss-Protection: 1; mode=block
17:56:12.853 [main] DEBUG org.apache.http.headers -- http-outgoing-4 << Transfer-Encoding: chunked
17:56:12.853 [main] DEBUG org.apache.http.impl.execchain.MainClientExec -- Connection can be kept alive indefinitely
17:56:12.853 [main] DEBUG org.apache.http.wire -- http-outgoing-4 << "358[\r][\n]"
17:56:12.853 [main] DEBUG org.apache.http.wire -- http-outgoing-4 << "[0x1f][0x8b][0x8][0x0][0x0][0x0][0x0][0x0][0x0][0x3]}SMo[0xdb]8[0x10][0xfd]+[0xc4][0x9c][0x12],%[0x8b][0xd4][0xb7][0xf6][0xb2][0x89][0x9b]M[0xd3][0xd4]IP'Hz*hil[0xb1][0xa1]H[0x81][0xa4]7q[0x8b][0xfc][0xf7][0x5]e[0xd7][0xd8][0xed][0xa2][0xb][0xe8]@>jf[0xde][0xbc]7[0xf3][0x1d]d[0x7][\r][0xa3][0xb0][0x96][0xd6][0xf9][0x1b]1 4p1H[0xb5][0x3][\n]"
17:56:12.853 [main] DEBUG org.apache.http.wire -- http-outgoing-4 << "J[0x1c][0xa1][0xf][0xa6][0xd7][0xce]h[0xa0]0[0x8][0xd9][0xa1]>[0xc0][0xcb]A[0xfa][0x1e]([0x88][\r]B[0xc3]+[\n]"
17:56:12.854 [main] DEBUG org.apache.http.wire -- http-outgoing-4 << "[0x1b][0xd4][0x1d]Zh`[0x8d][0x83]P[0x8][0x14]p[0x10]RA[0x3][0x18][0x92][0xc6]_[0xf7]y[0xfe]x[0x8d][0xbb][0xed]0[0xec][0xbe]:[0xa3][0xe3][0xd6][0xc]@a[0xec][0x8d][0xe])[0xab][0x18][0xa9][0x8b]<[0xca]R[0x16][0xa5][0x9][0xcf][0x80][0xc2][0xd6][0xa1][0xd5][0xfb][0x82]S[0x16][0x17]~[0x17][0xce][0xbd][0x18][0xdb][0x1d][0xb1][0x0][0x0][0x85][0x95][0xb4][0xbe]'|[0xf8][0x99][0xd5]u[0x11][0xe5]Q[0x9a][0x0][0x5]9L[0x1c][0xa1][0xf7]~t[0xcd]l[0xf6][0xaf][0xf2]3[0xd9][0x1a]=[0xdb][0xe7][0x99]1^[0x85]<[0xca][0x98][0xee][0xd2][0x9a][0xed][0x8][\r][0xdc]F@[0xa1]G[0xb9][0xe9]=4[0xac]Nc[0x9e]Qx9[0xdc][0x8b]4f[0x5][0x5][0xdc][0xe1][0xdc]([0x13]z[0xbf][0xb4][0x88]A[0xaa]^H[0xb][0xcd]wh[0xf][0xf8][0xb9]5/[0x1][0xf7][0xbb]1P[0x99]o[0xad][0xda][0xc1][0x1b][0x5][0x19]jd<[0xce][0xaa][0x98]%I[0x9c][0xf2][0xa0]h[0xd7]Yt.[0x84][0x1f][0x8f]P[0xf0][0x82],[0x84][0xd4]d[0xe9]-[0xa2][0x7][\n]"
17:56:12.854 [main] DEBUG org.apache.http.wire -- http-outgoing-4 << "[0xad][0xf4];h[0xe0][0xae]7[0xa8][0xe5]+Pp~[0xdf][0xfb]B:[0x17][0xbe]q[0x94]?[0xd0][0xb9][0xe9][0xa6][0x97]e[0x90][0xcf]8/[0xd4][0x1][0xe1]5c[0xa1]fk[0x8c][0xed][0xa4][0x16][0x1e][0xa7][0xba]Jxh[0xa2][0xb2][0x8c]Y[0xc1]YJA[0xe9][\r]4Q[0xcd][0xe3][0xa4][0xca]*[0x9e][0xbd][0x85][0x80][0xad][0xf6]6[0x10]x[0xd0][0xd2]cG[0x96]~[\n]"
17:56:12.854 [main] DEBUG org.apache.http.wire -- http-outgoing-4 << "~[0xb]c[0xd2][0x9e][0x1d]yge[0xb3][0x16]M[0xc6][0x1a]V5[0xd8]6[0xb8][\n]"
17:56:12.854 [main] DEBUG org.apache.http.wire -- http-outgoing-4 << "[0xa6]j[0xf9][0x17]Z[0xb7][0xe7][0xff]p[0xbc][0x10][0xb3]&[0x8f][0xd2][0xb5]F;[0xa9][0xa3]h!:[0xb9][0x9f][0xbb][0x95][0xd0][0xcf][0x93][0x98][0xc2]v[0x17][0xaf][0xa3][0xb4][0x81]y[0x92][0xce]x[0x11][0x98][0xb][0xdb][0xdd]l[0x87][0xd5]4z5[0xaf][0xea][0xb2]H[0x8a]<[0xcf]*V[0xb1][0xfc][0xf0]~[0xbf]W[0xfd]B[0x99][0x0]l[0xad]E[0xdd][0x86][0xda][0xf3][0x9b][0xcf]a>VBC[0x3][0x9f][0xef][0x1e][0x9e][0xae][0x96][0xb7][0xe7]W[0xe5][0xfd][0xfd][0xfb][0xbb]k~[0xfe])}v[0xf5][0xf4][0x11][0xa6]n[0x87]Q[0xe8]] [0xd1][0xe1]([0xac][0x1f]P[0xfb][0x90]Qo[0xa4]F[0xb4]Ro[0x80][0xc2]aP[0xdf][0x19][0xa3]pG[0xc9][0xb5][0xf9][0x86];"tG[0xe6][0xd6]h9[0xd9]/[0xbd][0x9a][0x96]G(td![0xb4][0xd8][0xa0][0xfd][0x95][0xe5][0xbc]H[0xc9]=j[0xdf][0xff][0xc7][0xf3][0xa5][0xd0][0xe4]O+t[0x1b][0xd4][0xfa][0x87][0xf3]G[0xf5]~[0xf2][0xfd][0xf1][0xea]g[0xdf][0xd3][0xb2][0xc8][0xcb]_[0xf8]^[0xb2][0xb8]bY[0xce][0xf3][0x1f][0xbe][0xb3][0x82][0xc5],Ox[0x91][0xfe][0x9f][0xf1]o[0x14]P[0x6]![0xeb][0xb2][0x8c]X[0x19][0xb4]wn[0xba]'I[0x94][0xd7]I[0xc4][0xab][0xfa][0xb0][0xd1]g[0x9b][0xbd]|[0xb][0xf3]M*%fy[0x9c][0x90][0x93][0x85]h[0xa5][0xf6][0xc6][0xf5][0xbf][0x93]+[0xed]Q[0x91][0x85]h[0xc9][0xed][0x92]<[0x11][0x96]|a[0xf9][0x97][0xf2][0x94][0x9c][0x8d][0xa3][0xc2]G\]K?[0xcb][0xd3]2N[0xb]rr[0xfd][0xfe]~[0xf1][0x91][0x12]%[0x9f][0x91]\b[0xfb]lN[0xc9][0xbc][0xb7]f[0xc0]Y][0xc4]I[0x9c][0x15]E[0x16][0xd7])Y[0x8a][0xb5][0xb0][0xf2][0x10][0x15][0x1a][0xb7][0xbb][0xd1][0x9b][0xfd][0x8a]N[0xac][0xcf][0xa5][0x9f]N[0x14]^[0x84]R[0x18][0xe8]%[0xaf][0xab]z[0xdd][0xf2]5[0x16][0xe9][0x8a][0x8b][0xa2]M[0x92]t[0xcd][0xda][0x94]gm[0xba]Z[0x8b]<[0xe5]y[0x1d][0xf6][0xa3]b"[0x98][0x8f][0xfe][0xc5][0xd8][0xe7]0[0x14][0xbe]G[0x8b][0xdb][0x81][0x9c]\|[0x9a][0xf3][0xe4]4[0xc][0x90]5[0x93][0xef][0xa2][0x1b][0xa4][0x86][0xb7][0xbf][0x1]F[0xe1]7[0x12]{[0x5][0x0][0x0][\r][\n]"
17:56:12.854 [main] DEBUG org.apache.http.impl.conn.DefaultManagedHttpClientConnection -- http-outgoing-4: Close connection
17:56:12.854 [main] DEBUG org.apache.http.impl.execchain.MainClientExec -- Connection discarded
17:56:12.854 [main] DEBUG org.apache.http.impl.conn.PoolingHttpClientConnectionManager -- Connection released: [id: 4][route: {s}->https://dummyjson.com:443][total available: 0; route allocated: 0 of 5; total allocated: 0 of 10]
17:56:12.854 [main] DEBUG org.apache.http.impl.conn.PoolingHttpClientConnectionManager -- Connection manager is shutting down
17:56:12.854 [main] DEBUG org.apache.http.impl.conn.PoolingHttpClientConnectionManager -- Connection manager shut down
17:56:12.854 [main] DEBUG com.intuit.karate -- response time in milliseconds: 81
2 < 200
2 < Access-Control-Allow-Origin: *
2 < Content-Type: application/json; charset=utf-8
2 < Date: Sun, 03 Aug 2025 10:56:12 GMT
2 < Etag: W/"57b-eBF3JfwanM/U4Wy609CPdIf9zRA"
2 < Server: railway-edge
2 < Strict-Transport-Security: max-age=15552000; includeSubDomains
2 < Vary: Accept-Encoding
2 < X-Content-Type-Options: nosniff
2 < X-Dns-Prefetch-Control: off
2 < X-Download-Options: noopen
2 < X-Frame-Options: SAMEORIGIN
2 < X-Powered-By: Cats on Keyboards
2 < X-Railway-Edge: railway/asia-southeast1-eqsg3a
2 < X-Railway-Request-Id: uvJpEh34Rzy0v3vJDcO5xA
2 < X-Ratelimit-Limit: 100
2 < X-Ratelimit-Remaining: 98
2 < X-Ratelimit-Reset: 1754218582
2 < X-Xss-Protection: 1; mode=block
2 < Transfer-Encoding: chunked
{
  "id": 1,
  "firstName": "Emily",
  "lastName": "Johnson",
  "maidenName": "Smith",
  "age": 28,
  "gender": "female",
  "email": "emily.johnson@x.dummyjson.com",
  "phone": "+81 965-431-3024",
  "username": "emilys",
  "password": "emilyspass",
  "birthDate": "1996-5-30",
  "image": "https://dummyjson.com/icon/emilys/128",
  "bloodGroup": "O-",
  "height": 193.24,
  "weight": 63.16,
  "eyeColor": "Green",
  "hair": {
    "color": "Brown",
    "type": "Curly"
  },
  "ip": "42.48.100.32",
  "address": {
    "address": "626 Main Street",
    "city": "Phoenix",
    "state": "Mississippi",
    "stateCode": "MS",
    "postalCode": "29112",
    "coordinates": {
      "lat": -77.16213,
      "lng": -92.084824
    },
    "country": "United States"
  },
  "macAddress": "47:fa:41:18:ec:eb",
  "university": "University of Wisconsin--Madison",
  "bank": {
    "cardExpire": "03/26",
    "cardNumber": "9289760655481815",
    "cardType": "Elo",
    "currency": "CNY",
    "iban": "YPUXISOBI7TTHPK2BR3HAIXL"
  },
  "company": {
    "department": "Engineering",
    "name": "Dooley, Kozey and Cronin",
    "title": "Sales Manager",
    "address": {
      "address": "263 Tenth Street",
      "city": "San Francisco",
      "state": "Wisconsin",
      "stateCode": "WI",
      "postalCode": "37657",
      "coordinates": {
        "lat": 71.814525,
        "lng": -161.150263
      },
      "country": "United States"
    }
  },
  "ein": "977-175",
  "ssn": "900-590-289",
  "userAgent": "Mozilla/5.0 (Macintosh; Intel Mac OS X 10_15_7) AppleWebKit/537.36 (KHTML, like Gecko) Chrome/96.0.4664.93 Safari/537.36",
  "crypto": {
    "coin": "Bitcoin",
    "wallet": "0xb9fc2fe63b2a6c003f1c324c3bfa53259162181a",
    "network": "Ethereum (ERC20)"
  },
  "role": "admin"
}


17:56:12.856 [main] DEBUG com.jayway.jsonpath.internal.path.CompiledPath -- Evaluating path: $['username']
17:56:12.856 [main] DEBUG com.jayway.jsonpath.internal.path.CompiledPath -- Evaluating path: $['firstName']
17:56:12.857 [main] INFO com.intuit.karate -- [print] {
  "id": 1,
  "firstName": "Emily",
  "lastName": "Johnson",
  "maidenName": "Smith",
  "age": 28,
  "gender": "female",
  "email": "emily.johnson@x.dummyjson.com",
  "phone": "+81 965-431-3024",
  "username": "emilys",
  "password": "emilyspass",
  "birthDate": "1996-5-30",
  "image": "https://dummyjson.com/icon/emilys/128",
  "bloodGroup": "O-",
  "height": 193.24,
  "weight": 63.16,
  "eyeColor": "Green",
  "hair": {
    "color": "Brown",
    "type": "Curly"
  },
  "ip": "42.48.100.32",
  "address": {
    "address": "626 Main Street",
    "city": "Phoenix",
    "state": "Mississippi",
    "stateCode": "MS",
    "postalCode": "29112",
    "coordinates": {
      "lat": -77.16213,
      "lng": -92.084824
    },
    "country": "United States"
  },
  "macAddress": "47:fa:41:18:ec:eb",
  "university": "University of Wisconsin--Madison",
  "bank": {
    "cardExpire": "03/26",
    "cardNumber": "9289760655481815",
    "cardType": "Elo",
    "currency": "CNY",
    "iban": "YPUXISOBI7TTHPK2BR3HAIXL"
  },
  "company": {
    "department": "Engineering",
    "name": "Dooley, Kozey and Cronin",
    "title": "Sales Manager",
    "address": {
      "address": "263 Tenth Street",
      "city": "San Francisco",
      "state": "Wisconsin",
      "stateCode": "WI",
      "postalCode": "37657",
      "coordinates": {
        "lat": 71.814525,
        "lng": -161.150263
      },
      "country": "United States"
    }
  },
  "ein": "977-175",
  "ssn": "900-590-289",
  "userAgent": "Mozilla/5.0 (Macintosh; Intel Mac OS X 10_15_7) AppleWebKit/537.36 (KHTML, like Gecko) Chrome/96.0.4664.93 Safari/537.36",
  "crypto": {
    "coin": "Bitcoin",
    "wallet": "0xb9fc2fe63b2a6c003f1c324c3bfa53259162181a",
    "network": "Ethereum (ERC20)"
  },
  "role": "admin"
}
 
]]></system-out>
  </testcase>
  <testcase name="[5:56] Search Users by Name" classname="dummyjson/Users" time="0.114">
    <system-out><![CDATA[17:56:12.868 [main] DEBUG org.apache.http.client.protocol.RequestAddCookies -- CookieSpec selected: karate
17:56:12.868 [main] DEBUG org.apache.http.client.protocol.RequestAuthCache -- Auth cache not set in the context
17:56:12.868 [main] DEBUG com.intuit.karate -- request:
1 > GET https://dummyjson.com/users/search?q=Emily
1 > Host: dummyjson.com
1 > Connection: Keep-Alive
1 > User-Agent: Apache-HttpClient/4.5.14 (Java/21.0.8)
1 > Accept-Encoding: gzip,deflate


17:56:12.868 [main] DEBUG org.apache.http.impl.conn.PoolingHttpClientConnectionManager -- Connection request: [route: {s}->https://dummyjson.com:443][total available: 0; route allocated: 0 of 5; total allocated: 0 of 10]
17:56:12.868 [main] DEBUG org.apache.http.impl.conn.PoolingHttpClientConnectionManager -- Connection leased: [id: 5][route: {s}->https://dummyjson.com:443][total available: 0; route allocated: 1 of 5; total allocated: 1 of 10]
17:56:12.868 [main] DEBUG org.apache.http.impl.execchain.MainClientExec -- Opening connection {s}->https://dummyjson.com:443
17:56:12.868 [main] DEBUG org.apache.http.impl.conn.DefaultHttpClientConnectionOperator -- Connecting to dummyjson.com/66.33.22.3:443
17:56:12.868 [main] DEBUG org.apache.http.conn.ssl.SSLConnectionSocketFactory -- Connecting socket to dummyjson.com/66.33.22.3:443 with timeout 30000
17:56:12.890 [main] DEBUG org.apache.http.conn.ssl.SSLConnectionSocketFactory -- Enabled protocols: [TLSv1.3, TLSv1.2]
17:56:12.890 [main] DEBUG org.apache.http.conn.ssl.SSLConnectionSocketFactory -- Enabled cipher suites:[TLS_AES_256_GCM_SHA384, TLS_AES_128_GCM_SHA256, TLS_CHACHA20_POLY1305_SHA256, TLS_ECDHE_ECDSA_WITH_AES_256_GCM_SHA384, TLS_ECDHE_ECDSA_WITH_AES_128_GCM_SHA256, TLS_ECDHE_ECDSA_WITH_CHACHA20_POLY1305_SHA256, TLS_ECDHE_RSA_WITH_AES_256_GCM_SHA384, TLS_ECDHE_RSA_WITH_CHACHA20_POLY1305_SHA256, TLS_ECDHE_RSA_WITH_AES_128_GCM_SHA256, TLS_DHE_RSA_WITH_AES_256_GCM_SHA384, TLS_DHE_RSA_WITH_CHACHA20_POLY1305_SHA256, TLS_DHE_DSS_WITH_AES_256_GCM_SHA384, TLS_DHE_RSA_WITH_AES_128_GCM_SHA256, TLS_DHE_DSS_WITH_AES_128_GCM_SHA256, TLS_ECDHE_ECDSA_WITH_AES_256_CBC_SHA384, TLS_ECDHE_RSA_WITH_AES_256_CBC_SHA384, TLS_ECDHE_ECDSA_WITH_AES_128_CBC_SHA256, TLS_ECDHE_RSA_WITH_AES_128_CBC_SHA256, TLS_DHE_RSA_WITH_AES_256_CBC_SHA256, TLS_DHE_DSS_WITH_AES_256_CBC_SHA256, TLS_DHE_RSA_WITH_AES_128_CBC_SHA256, TLS_DHE_DSS_WITH_AES_128_CBC_SHA256, TLS_ECDHE_ECDSA_WITH_AES_256_CBC_SHA, TLS_ECDHE_RSA_WITH_AES_256_CBC_SHA, TLS_ECDHE_ECDSA_WITH_AES_128_CBC_SHA, TLS_ECDHE_RSA_WITH_AES_128_CBC_SHA, TLS_DHE_RSA_WITH_AES_256_CBC_SHA, TLS_DHE_DSS_WITH_AES_256_CBC_SHA, TLS_DHE_RSA_WITH_AES_128_CBC_SHA, TLS_DHE_DSS_WITH_AES_128_CBC_SHA, TLS_RSA_WITH_AES_256_GCM_SHA384, TLS_RSA_WITH_AES_128_GCM_SHA256, TLS_RSA_WITH_AES_256_CBC_SHA256, TLS_RSA_WITH_AES_128_CBC_SHA256, TLS_RSA_WITH_AES_256_CBC_SHA, TLS_RSA_WITH_AES_128_CBC_SHA, TLS_EMPTY_RENEGOTIATION_INFO_SCSV]
17:56:12.890 [main] DEBUG org.apache.http.conn.ssl.SSLConnectionSocketFactory -- Starting handshake
17:56:12.932 [main] DEBUG org.apache.http.conn.ssl.SSLConnectionSocketFactory -- Secure session established
17:56:12.933 [main] DEBUG org.apache.http.conn.ssl.SSLConnectionSocketFactory --  negotiated protocol: TLSv1.3
17:56:12.933 [main] DEBUG org.apache.http.conn.ssl.SSLConnectionSocketFactory --  negotiated cipher suite: TLS_AES_128_GCM_SHA256
17:56:12.933 [main] DEBUG org.apache.http.conn.ssl.SSLConnectionSocketFactory --  peer principal: CN=dummyjson.com
17:56:12.933 [main] DEBUG org.apache.http.conn.ssl.SSLConnectionSocketFactory --  peer alternative names: [dummyjson.com]
17:56:12.933 [main] DEBUG org.apache.http.conn.ssl.SSLConnectionSocketFactory --  issuer principal: CN=R11, O=Let's Encrypt, C=US
17:56:12.933 [main] DEBUG org.apache.http.impl.conn.DefaultHttpClientConnectionOperator -- Connection established 192.168.1.4:53091<->66.33.22.3:443
17:56:12.933 [main] DEBUG org.apache.http.impl.conn.DefaultManagedHttpClientConnection -- http-outgoing-5: set socket timeout to 30000
17:56:12.933 [main] DEBUG org.apache.http.impl.execchain.MainClientExec -- Executing request GET /users/search?q=Emily HTTP/1.1
17:56:12.933 [main] DEBUG org.apache.http.impl.execchain.MainClientExec -- Target auth state: UNCHALLENGED
17:56:12.933 [main] DEBUG org.apache.http.impl.execchain.MainClientExec -- Proxy auth state: UNCHALLENGED
17:56:12.933 [main] DEBUG org.apache.http.headers -- http-outgoing-5 >> GET /users/search?q=Emily HTTP/1.1
17:56:12.933 [main] DEBUG org.apache.http.headers -- http-outgoing-5 >> Host: dummyjson.com
17:56:12.933 [main] DEBUG org.apache.http.headers -- http-outgoing-5 >> Connection: Keep-Alive
17:56:12.933 [main] DEBUG org.apache.http.headers -- http-outgoing-5 >> User-Agent: Apache-HttpClient/4.5.14 (Java/21.0.8)
17:56:12.933 [main] DEBUG org.apache.http.headers -- http-outgoing-5 >> Accept-Encoding: gzip,deflate
17:56:12.933 [main] DEBUG org.apache.http.wire -- http-outgoing-5 >> "GET /users/search?q=Emily HTTP/1.1[\r][\n]"
17:56:12.933 [main] DEBUG org.apache.http.wire -- http-outgoing-5 >> "Host: dummyjson.com[\r][\n]"
17:56:12.933 [main] DEBUG org.apache.http.wire -- http-outgoing-5 >> "Connection: Keep-Alive[\r][\n]"
17:56:12.933 [main] DEBUG org.apache.http.wire -- http-outgoing-5 >> "User-Agent: Apache-HttpClient/4.5.14 (Java/21.0.8)[\r][\n]"
17:56:12.933 [main] DEBUG org.apache.http.wire -- http-outgoing-5 >> "Accept-Encoding: gzip,deflate[\r][\n]"
17:56:12.933 [main] DEBUG org.apache.http.wire -- http-outgoing-5 >> "[\r][\n]"
17:56:12.956 [main] DEBUG org.apache.http.wire -- http-outgoing-5 << "HTTP/1.1 200 OK[\r][\n]"
17:56:12.956 [main] DEBUG org.apache.http.wire -- http-outgoing-5 << "Access-Control-Allow-Origin: *[\r][\n]"
17:56:12.956 [main] DEBUG org.apache.http.wire -- http-outgoing-5 << "Content-Encoding: gzip[\r][\n]"
17:56:12.956 [main] DEBUG org.apache.http.wire -- http-outgoing-5 << "Content-Type: application/json; charset=utf-8[\r][\n]"
17:56:12.956 [main] DEBUG org.apache.http.wire -- http-outgoing-5 << "Date: Sun, 03 Aug 2025 10:56:13 GMT[\r][\n]"
17:56:12.956 [main] DEBUG org.apache.http.wire -- http-outgoing-5 << "Etag: W/"b22-NAuQB8eFowi/nE0gus6G7+AJJPc"[\r][\n]"
17:56:12.956 [main] DEBUG org.apache.http.wire -- http-outgoing-5 << "Server: railway-edge[\r][\n]"
17:56:12.956 [main] DEBUG org.apache.http.wire -- http-outgoing-5 << "Strict-Transport-Security: max-age=15552000; includeSubDomains[\r][\n]"
17:56:12.956 [main] DEBUG org.apache.http.wire -- http-outgoing-5 << "Vary: Accept-Encoding[\r][\n]"
17:56:12.956 [main] DEBUG org.apache.http.wire -- http-outgoing-5 << "X-Content-Type-Options: nosniff[\r][\n]"
17:56:12.956 [main] DEBUG org.apache.http.wire -- http-outgoing-5 << "X-Dns-Prefetch-Control: off[\r][\n]"
17:56:12.956 [main] DEBUG org.apache.http.wire -- http-outgoing-5 << "X-Download-Options: noopen[\r][\n]"
17:56:12.956 [main] DEBUG org.apache.http.wire -- http-outgoing-5 << "X-Frame-Options: SAMEORIGIN[\r][\n]"
17:56:12.956 [main] DEBUG org.apache.http.wire -- http-outgoing-5 << "X-Powered-By: Cats on Keyboards[\r][\n]"
17:56:12.956 [main] DEBUG org.apache.http.wire -- http-outgoing-5 << "X-Railway-Edge: railway/asia-southeast1-eqsg3a[\r][\n]"
17:56:12.956 [main] DEBUG org.apache.http.wire -- http-outgoing-5 << "X-Railway-Request-Id: ZryNCP8pRO2opvHRacI7Nw[\r][\n]"
17:56:12.956 [main] DEBUG org.apache.http.wire -- http-outgoing-5 << "X-Ratelimit-Limit: 100[\r][\n]"
17:56:12.956 [main] DEBUG org.apache.http.wire -- http-outgoing-5 << "X-Ratelimit-Remaining: 97[\r][\n]"
17:56:12.956 [main] DEBUG org.apache.http.wire -- http-outgoing-5 << "X-Ratelimit-Reset: 1754218583[\r][\n]"
17:56:12.956 [main] DEBUG org.apache.http.wire -- http-outgoing-5 << "X-Xss-Protection: 1; mode=block[\r][\n]"
17:56:12.956 [main] DEBUG org.apache.http.wire -- http-outgoing-5 << "Transfer-Encoding: chunked[\r][\n]"
17:56:12.956 [main] DEBUG org.apache.http.wire -- http-outgoing-5 << "[\r][\n]"
17:56:12.956 [main] DEBUG org.apache.http.wire -- http-outgoing-5 << "a[\r][\n]"
17:56:12.956 [main] DEBUG org.apache.http.wire -- http-outgoing-5 << "[0x1f][0x8b][0x8][0x0][0x0][0x0][0x0][0x0][0x0][0x3][\r][\n]"
17:56:12.956 [main] DEBUG org.apache.http.headers -- http-outgoing-5 << HTTP/1.1 200 OK
17:56:12.956 [main] DEBUG org.apache.http.headers -- http-outgoing-5 << Access-Control-Allow-Origin: *
17:56:12.956 [main] DEBUG org.apache.http.headers -- http-outgoing-5 << Content-Encoding: gzip
17:56:12.956 [main] DEBUG org.apache.http.headers -- http-outgoing-5 << Content-Type: application/json; charset=utf-8
17:56:12.956 [main] DEBUG org.apache.http.headers -- http-outgoing-5 << Date: Sun, 03 Aug 2025 10:56:13 GMT
17:56:12.956 [main] DEBUG org.apache.http.headers -- http-outgoing-5 << Etag: W/"b22-NAuQB8eFowi/nE0gus6G7+AJJPc"
17:56:12.956 [main] DEBUG org.apache.http.headers -- http-outgoing-5 << Server: railway-edge
17:56:12.956 [main] DEBUG org.apache.http.headers -- http-outgoing-5 << Strict-Transport-Security: max-age=15552000; includeSubDomains
17:56:12.956 [main] DEBUG org.apache.http.headers -- http-outgoing-5 << Vary: Accept-Encoding
17:56:12.956 [main] DEBUG org.apache.http.headers -- http-outgoing-5 << X-Content-Type-Options: nosniff
17:56:12.956 [main] DEBUG org.apache.http.headers -- http-outgoing-5 << X-Dns-Prefetch-Control: off
17:56:12.956 [main] DEBUG org.apache.http.headers -- http-outgoing-5 << X-Download-Options: noopen
17:56:12.956 [main] DEBUG org.apache.http.headers -- http-outgoing-5 << X-Frame-Options: SAMEORIGIN
17:56:12.956 [main] DEBUG org.apache.http.headers -- http-outgoing-5 << X-Powered-By: Cats on Keyboards
17:56:12.956 [main] DEBUG org.apache.http.headers -- http-outgoing-5 << X-Railway-Edge: railway/asia-southeast1-eqsg3a
17:56:12.956 [main] DEBUG org.apache.http.headers -- http-outgoing-5 << X-Railway-Request-Id: ZryNCP8pRO2opvHRacI7Nw
17:56:12.956 [main] DEBUG org.apache.http.headers -- http-outgoing-5 << X-Ratelimit-Limit: 100
17:56:12.956 [main] DEBUG org.apache.http.headers -- http-outgoing-5 << X-Ratelimit-Remaining: 97
17:56:12.956 [main] DEBUG org.apache.http.headers -- http-outgoing-5 << X-Ratelimit-Reset: 1754218583
17:56:12.956 [main] DEBUG org.apache.http.headers -- http-outgoing-5 << X-Xss-Protection: 1; mode=block
17:56:12.956 [main] DEBUG org.apache.http.headers -- http-outgoing-5 << Transfer-Encoding: chunked
17:56:12.956 [main] DEBUG org.apache.http.impl.execchain.MainClientExec -- Connection can be kept alive indefinitely
17:56:12.957 [main] DEBUG org.apache.http.wire -- http-outgoing-5 << "4e7[\r][\n]"
17:56:12.957 [main] DEBUG org.apache.http.wire -- http-outgoing-5 << "[0xcd][0x96][0xdb]n[0xdb]8[0x10][0x86]_[0x85][0x98][0xab][0x16]+[0xc9]")Q[0xa2][0xf6]f[0x9d]C[0x13]o[0xea]$[0xad][0x13][0xa4][0xed]bQ[0xd0][0x12]m[0xb3][0x91]H[0x81][0xa2][0xeb][0xb8]E[0xde]}A[0xd9]u[0xe]M[0xda][0xed][0xcd]b[0x1]_[0x88]Cqf8[0xff][0xcc]'[0x85]e'm[0x7][0xc5]__AUP[0xe0][0x0]f[0xca]v[0xee]T4[0x12][\n]"
17:56:12.957 [main] DEBUG org.apache.http.wire -- http-outgoing-5 << "8lT[0xbd][0x86][0x0]j[0xb1]3[0xfd]i[0x16][0xba]3[0x1a][0x2]h[0x84][0xaa][0xa4][0xde][0x9a]'[0x8d]r[0xb][0x8]@[0xcc]%[0x14]$[0xf]`.u%-[0x14]0[0x93][0x8d][0xa8]%[0x4] [0x1b][0xa1]j(@z[0xa7][0xd1][0xa7][0x8d][0x9f]?n[0xa2]j[0xd9]4[0xeb]O[0x9d][0xd1]Qi[0x1a][0x8][0xa0]][0x18][0xed]][0xfe][0x96]c[0xc4]Y[0x1a]&[0x14][0x87]4&[0x9][0x4]}[0xb2]z[0x13][0xb0][0xf7][0xd2][0xf9][0xd7]E[0xd7][0xad][0x8c][0xad]v6o[0x80][0x0][0xa6][0xca][0xba][0xc5][0x81]p[0xfe]e[0xcc]9[0xb][0xd3][0x90][0xc6][0x10][0x80]j[0xfa][0x1c]a[0xe1]\[0xdb][0x15][0x83][0xc1][0x83][0xf0][0x3]U[0x1a]=[0xd8][0xf8][0x19]`[0x92]{?[0xb5]1[0xd5][0x91]5[0xcb][0x16][\n]"
17:56:12.957 [main] DEBUG org.apache.http.wire -- http-outgoing-5 << "8[0xb]![0x80][0x85]T[0xf3][0x85][0x83][0x2]s[0x1a][0x91]$[0x80][0xd5]v[0xcd]h[0x84]Y[0x0]r-[0xf7]Mm[0xfc][0xdd][0x8f][0xac][0x94][0xbe]T[0xb][0xa1],[0x14]_[0xa1][0xdc][0xda][0xf7][0xac]Yy[0xbb][[0xb7]>[0x95][0xfd][0xa5][0xad][0xd7]p[0x1b][0x80][0xf2]1[0x12][0x12]%y[0x84][0xe3]8[0xa2][0xc4]W[0xb4][0xaa][0xac][0xec]:|[0xf7][0x8][0x8c]04[0x16]J[0xa3][0x89][0xb3]R:[0x8][0xa0]Tn[\r][0x5][0x9c]/[0x8c][0xd4][0xea][0x6][0x2][0xe8][0xdc][0xe6][0xee]c[0xd5]u[0xfe][0xd7][0xb6][0xea][0x9b]u[0xdf]T[0xfd][0xce][0xc4][0x97][0xcf]tN[0xd4][[0xb][0xe1][0x18][0xfb][0x98][0xa5]1[0xb6]RZ8[0xd9][0xc7][0xad][0x85][0x83]"[0xcc][0xb2][0x8]3[0x82]i[0x0][0xb5][0x9e]C[0x11]r[0x12][0xc5]y[0x92][0x93][0xe4][0xd6][0x1f]Xjg}[0x2][0x97]Z9Y[0xa1][0x89][0xeb][0xf][0xdf][0xfa]6)[0x87][0xbb][0xbc][0x93][0xac][0x98][0x89]"[0xc1][0x5][0xce][0xb]Y[0x16]r[0xea]E[0xd5][0xea][0xb3][0xb4][0xdd]&[0xff][0xcb][0xdd][0x2][0x99][0x19][0xba]R]it[0xa7]t[0x18][0x8e]E[0xa5]6}7[0x15][0xfa][0xba]/[0xa6][0xb0][0xd5][0xe1]M[0xab][0xac][0xcf]<[0xa6][0x3][0xc2]|[0xe6][0xc2]V[0xa7][0xcb]f[0xda][0xb7][0x1e]'9[0xcf]X[0xcc][0xd2]4[0xc9]q[0x8e][0xd3][0xed][0xfe][0xc5][0xa6][0xea][0x87][0xb5][0xf1][0x86][0xa5][0xb5]R[0x97]>[0xf6][0xfe][0xe9]{[0xdf][0x1f]S[0xa1][0xa1][0x80][0xf7][0xe7][0x97][0xef]F[0x93][0xb3][0xbd]Qvqq|~B[0xf6][0xde][0xd2][0xe3][0xe1][0xe8][0xdd]k[0xe8]o[0xdb][0xb4]B[0xaf]}[0x12][0x95]l[0x85]u[0x8d][0xd4][0xce]{[0xd4]s[0xa5][0xa5][0xb4]J[0xcf]![0x80]m[0xa3][0x1e][0x18]S[0xcb]u[0x80]N[0xcc][0x17][0xb9]FBWh[0xdf][0x1a][0xad]z[0xf9][0x95][0xab][0xfb][0xe1][0x11][0xb5][0xec][0xd0]Xh1[0x97][0xf6]9[0xc9][0x9][0xa3][0xe8]Bj[0xb7][0xf8]N[0xf3][0x89][0xd0][0xe8][0x95][0x15][0xba][0xf4][0xd5][0xba][0xa7][0xfc][0xae]z[0x8f]t[0xbf][0x1a]=[0xd6][0x9d]f,[0xcd][0x9e][0xd1]=[0xc3]Q[0x8e][0x93][0x94][0xa4][0xdf]t[0xc7][0xc]G8[0x8d][0x9][0xa3]?[0x12][0xfe]6[0x0][0xa9]|!y[0x96][0x85]8[0xf3][0xb5][0xef][0xba]~[0x1d][0xc7]a[0xca][0xe3][0x90][0xe4]|;[0xd1][0xc3][0xf9][0xa6]|c[0xf3]E[0xd5][0xb5][0x18][0xa4]Q[0x8c]^[0x8c]E[0xa9][0xb4]3[0xdd][0xe2]w4[0xd2]N[0xd6]h,Jt6A[0xef][0x10][0x8e]?[0xe2][0xf4]c[0xf6][0x12][\r][0xdb][0xb6][0x96]Wrz[0xa2][0xdc] [0xa5]YD[0x19]zqr|1~[0x1d][0xa0]Z]Kt$[0xcb]k[0xf3][0x12][0xed]/[0xac]i[0xe4][0x80][0xb3]([0x8e][0x12][0xc6][0x92][0x88]S4[0x11]3a[0xd5][0xf6][0x94][0xbf][0xb8]][0xb7][0xce]lF[0xb4][0xcf]zO[0xb9][0xfe])[0x80][0x95][0xa8]k[0xe9][0xd3][0x8b]o[0xa6]|V[0x92][0x99]dtJ[0x4]+[0xe3][0x98][0xce]pIIR[0xd2][0xe9]L[0xa4][0x94][0xa4][0xdc][0xcf]G[0x8e][0x85][0x17]_[0xba][0x95][0xb1][0xd7][0xbe])[0xdc]BZ[0xb9]l[0xd0][0x8b][0xc3][0xb7][0xfb]$~[0xe9][0x1b][0xc8][0x9a]^wQ5J[0xc3]m[0xb0]eoLJ[0xdf]o[0xe0]x[0xc0][0xde][0xb][0xb1][0xf6]X[0xd9][0xc2]7!?[0x87][0xef][0xd4][0xbb][0xf9][0x11]z[0x19]Fy[0x96][0x86][0x9c][0xf3]0[0xcf]3[0xfc][0x4]z[0xdd][0x13][0xe8]uO[0xa2]7'!&a[0xfa][0xb][0xe8]uO[0xa1]w[0xb8][0xf7][0x80][0xbd]9[0x8e]8[0xbb]co[0xce]#[0x96]>`[0xef]^[0xbd][0x94]?G[0xef][0x89][0xd2][0xd7][0xf7][0xd0][0xeb];[0x9b]E[0x98]g[0x11][0x8e][0xf9]s[0x93][0x88]9#[0xe8][0x95]Y[0xda]'f[0xf1][0xd8],;g[0xf4][0xbd])<[0x16]+[0xa1][0x1e][0xa3][0xf7][0xf8][0xbb][0x11]d[0x19][0x8e][0x93][0xe7][0xd0][0xcb][0x92][0x88]R[0x16][0xa7]x;[0x83][0x98][0xa6]Q[0x9e][0xb1][0x8c]f[0xbf][0xc0]^:-[0xf8][0xb4][0x90][0xb2](g[0x5][0x9e][0x15][0x95]|[0xcc][0xde]#i[0xec]\:[0xb3][0xd2][0xe8][0xe][0xc3][0xcf][0x2]7[0x1d][0xf4][0x1a]=[0x0]n[0x9c][0xc7][0x9][0xa3]i[0x9c]P[0x96][0x12]N[0xf3][0x87][0xc0][0x1d]6[0xd2][0xaa]Rhtx[0xd3][0xf6]9=[0xa0][0xef][0xe5][0xe4][0xe0][0x8e][0xbe]GW[0xa3][0xf4][0xf4][0xcd][0xf9][0x9b][0xfc]4=[0x1f][0x9d][0x8c][0x8e][0x86][0xc7]{[0xc9][0xe1][0xe8][0xec][0xc3][0x8f][0xe8][0xfb]VvR[0xd8]r[0xd1]3[0xf6]@~[0x96][0xb5]i[0xfb][0xad][0x1d][0x8a][0xcf]gBki;[0xa7][0xea][0x1a][0x8d]ty[0xf][0xc1][0x7][0xc2][0x9]4[0xd4][0xa2]^w[0xee]y[0xdd]y[0xfe][0xf4]Ww[0xa4]+%[0xb4]hM[0xad][0xba]{[0xd2][0xf][0xad][0xfa]b[0xb4]x[0xa4][0xfd][0xf0][0xc3]c[0xed][0xd3][0xc][0xf3][0xf8]9[0xed]s[0x1a]q[0x9e]f[0xd9]N{[0x92]E[0x8c]q[0x82][0xff][0x1d]~[0xf3]$[0x9][0x13]r[0x87]_[0x8c]y[0xc8]c[0x16][0xe6][0xfd][0x9f][0xa1][0xff][0x10][0xbf]Y[0x8f]_N"[0xce][0xff]'[0xf8][0xf5][0x97][0x87][0xdb][0xbf][0x3]p[0xc6][0x89][0x1a][\n]"
17:56:12.957 [main] DEBUG org.apache.http.wire -- http-outgoing-5 << "[0x12]@w[0xed]9[0x10][0x7]P[0xab]F9([0xc8][0xed]?[0xe5]M[0x5]V"[0xb][0x0][0x0][\r][\n]"
17:56:12.957 [main] DEBUG org.apache.http.impl.conn.DefaultManagedHttpClientConnection -- http-outgoing-5: Close connection
17:56:12.957 [main] DEBUG org.apache.http.impl.execchain.MainClientExec -- Connection discarded
17:56:12.957 [main] DEBUG org.apache.http.impl.conn.PoolingHttpClientConnectionManager -- Connection released: [id: 5][route: {s}->https://dummyjson.com:443][total available: 0; route allocated: 0 of 5; total allocated: 0 of 10]
17:56:12.957 [main] DEBUG org.apache.http.impl.conn.PoolingHttpClientConnectionManager -- Connection manager is shutting down
17:56:12.957 [main] DEBUG org.apache.http.impl.conn.PoolingHttpClientConnectionManager -- Connection manager shut down
17:56:12.958 [main] DEBUG com.intuit.karate -- response time in milliseconds: 89
1 < 200
1 < Access-Control-Allow-Origin: *
1 < Content-Type: application/json; charset=utf-8
1 < Date: Sun, 03 Aug 2025 10:56:13 GMT
1 < Etag: W/"b22-NAuQB8eFowi/nE0gus6G7+AJJPc"
1 < Server: railway-edge
1 < Strict-Transport-Security: max-age=15552000; includeSubDomains
1 < Vary: Accept-Encoding
1 < X-Content-Type-Options: nosniff
1 < X-Dns-Prefetch-Control: off
1 < X-Download-Options: noopen
1 < X-Frame-Options: SAMEORIGIN
1 < X-Powered-By: Cats on Keyboards
1 < X-Railway-Edge: railway/asia-southeast1-eqsg3a
1 < X-Railway-Request-Id: ZryNCP8pRO2opvHRacI7Nw
1 < X-Ratelimit-Limit: 100
1 < X-Ratelimit-Remaining: 97
1 < X-Ratelimit-Reset: 1754218583
1 < X-Xss-Protection: 1; mode=block
1 < Transfer-Encoding: chunked
{
  "users": [
    {
      "id": 1,
      "firstName": "Emily",
      "lastName": "Johnson",
      "maidenName": "Smith",
      "age": 28,
      "gender": "female",
      "email": "emily.johnson@x.dummyjson.com",
      "phone": "+81 965-431-3024",
      "username": "emilys",
      "password": "emilyspass",
      "birthDate": "1996-5-30",
      "image": "https://dummyjson.com/icon/emilys/128",
      "bloodGroup": "O-",
      "height": 193.24,
      "weight": 63.16,
      "eyeColor": "Green",
      "hair": {
        "color": "Brown",
        "type": "Curly"
      },
      "ip": "42.48.100.32",
      "address": {
        "address": "626 Main Street",
        "city": "Phoenix",
        "state": "Mississippi",
        "stateCode": "MS",
        "postalCode": "29112",
        "coordinates": {
          "lat": -77.16213,
          "lng": -92.084824
        },
        "country": "United States"
      },
      "macAddress": "47:fa:41:18:ec:eb",
      "university": "University of Wisconsin--Madison",
      "bank": {
        "cardExpire": "03/26",
        "cardNumber": "9289760655481815",
        "cardType": "Elo",
        "currency": "CNY",
        "iban": "YPUXISOBI7TTHPK2BR3HAIXL"
      },
      "company": {
        "department": "Engineering",
        "name": "Dooley, Kozey and Cronin",
        "title": "Sales Manager",
        "address": {
          "address": "263 Tenth Street",
          "city": "San Francisco",
          "state": "Wisconsin",
          "stateCode": "WI",
          "postalCode": "37657",
          "coordinates": {
            "lat": 71.814525,
            "lng": -161.150263
          },
          "country": "United States"
        }
      },
      "ein": "977-175",
      "ssn": "900-590-289",
      "userAgent": "Mozilla/5.0 (Macintosh; Intel Mac OS X 10_15_7) AppleWebKit/537.36 (KHTML, like Gecko) Chrome/96.0.4664.93 Safari/537.36",
      "crypto": {
        "coin": "Bitcoin",
        "wallet": "0xb9fc2fe63b2a6c003f1c324c3bfa53259162181a",
        "network": "Ethereum (ERC20)"
      },
      "role": "admin"
    },
    {
      "id": 103,
      "firstName": "Emily",
      "lastName": "Brown",
      "maidenName": "Taylor",
      "age": 42,
      "gender": "female",
      "email": "emily.brown@x.dummyjson.com",
      "phone": "+61 875-999-8871",
      "username": "emilyt",
      "password": "emilytpass",
      "birthDate": "1982-12-5",
      "image": "https://dummyjson.com/icon/emilyt/128",
      "bloodGroup": "AB-",
      "height": 181.96,
      "weight": 89.65,
      "eyeColor": "Blue",
      "hair": {
        "color": "Brown",
        "type": "Kinky"
      },
      "ip": "41.156.197.109",
      "address": {
        "address": "1962 Fourth Street",
        "city": "Houston",
        "state": "Hawaii",
        "stateCode": "HI",
        "postalCode": "67104",
        "coordinates": {
          "lat": -64.336051,
          "lng": 135.876737
        },
        "country": "United States"
      },
      "macAddress": "3b:9b:ee:cf:1f:de",
      "university": "Georgetown University",
      "bank": {
        "cardExpire": "05/28",
        "cardNumber": "0804635043652938",
        "cardType": "American Express",
        "currency": "USD",
        "iban": "GWI5NQPQ8N5PIKIGAHB4EIOZ"
      },
      "company": {
        "department": "Research and Development",
        "name": "Pfannerstill Inc",
        "title": "Data Analyst",
        "address": {
          "address": "1998 Main Street",
          "city": "Indianapolis",
          "state": "Arizona",
          "stateCode": "AZ",
          "postalCode": "57190",
          "coordinates": {
            "lat": -83.995771,
            "lng": 127.669213
          },
          "country": "United States"
        }
      },
      "ein": "844-425",
      "ssn": "119-906-830",
      "userAgent": "Mozilla/5.0 (Macintosh; Intel Mac OS X 10_15_7) AppleWebKit/537.36 (KHTML, like Gecko) Chrome/97.0.4692.99 Safari/537.36",
      "crypto": {
        "coin": "Bitcoin",
        "wallet": "0xb9fc2fe63b2a6c003f1c324c3bfa53259162181a",
        "network": "Ethereum (ERC20)"
      },
      "role": "user"
    }
  ],
  "total": 2,
  "skip": 0,
  "limit": 2
}


17:56:12.971 [main] INFO com.intuit.karate -- [print] {
  "users": [
    {
      "id": 1,
      "firstName": "Emily",
      "lastName": "Johnson",
      "maidenName": "Smith",
      "age": 28,
      "gender": "female",
      "email": "emily.johnson@x.dummyjson.com",
      "phone": "+81 965-431-3024",
      "username": "emilys",
      "password": "emilyspass",
      "birthDate": "1996-5-30",
      "image": "https://dummyjson.com/icon/emilys/128",
      "bloodGroup": "O-",
      "height": 193.24,
      "weight": 63.16,
      "eyeColor": "Green",
      "hair": {
        "color": "Brown",
        "type": "Curly"
      },
      "ip": "42.48.100.32",
      "address": {
        "address": "626 Main Street",
        "city": "Phoenix",
        "state": "Mississippi",
        "stateCode": "MS",
        "postalCode": "29112",
        "coordinates": {
          "lat": -77.16213,
          "lng": -92.084824
        },
        "country": "United States"
      },
      "macAddress": "47:fa:41:18:ec:eb",
      "university": "University of Wisconsin--Madison",
      "bank": {
        "cardExpire": "03/26",
        "cardNumber": "9289760655481815",
        "cardType": "Elo",
        "currency": "CNY",
        "iban": "YPUXISOBI7TTHPK2BR3HAIXL"
      },
      "company": {
        "department": "Engineering",
        "name": "Dooley, Kozey and Cronin",
        "title": "Sales Manager",
        "address": {
          "address": "263 Tenth Street",
          "city": "San Francisco",
          "state": "Wisconsin",
          "stateCode": "WI",
          "postalCode": "37657",
          "coordinates": {
            "lat": 71.814525,
            "lng": -161.150263
          },
          "country": "United States"
        }
      },
      "ein": "977-175",
      "ssn": "900-590-289",
      "userAgent": "Mozilla/5.0 (Macintosh; Intel Mac OS X 10_15_7) AppleWebKit/537.36 (KHTML, like Gecko) Chrome/96.0.4664.93 Safari/537.36",
      "crypto": {
        "coin": "Bitcoin",
        "wallet": "0xb9fc2fe63b2a6c003f1c324c3bfa53259162181a",
        "network": "Ethereum (ERC20)"
      },
      "role": "admin"
    },
    {
      "id": 103,
      "firstName": "Emily",
      "lastName": "Brown",
      "maidenName": "Taylor",
      "age": 42,
      "gender": "female",
      "email": "emily.brown@x.dummyjson.com",
      "phone": "+61 875-999-8871",
      "username": "emilyt",
      "password": "emilytpass",
      "birthDate": "1982-12-5",
      "image": "https://dummyjson.com/icon/emilyt/128",
      "bloodGroup": "AB-",
      "height": 181.96,
      "weight": 89.65,
      "eyeColor": "Blue",
      "hair": {
        "color": "Brown",
        "type": "Kinky"
      },
      "ip": "41.156.197.109",
      "address": {
        "address": "1962 Fourth Street",
        "city": "Houston",
        "state": "Hawaii",
        "stateCode": "HI",
        "postalCode": "67104",
        "coordinates": {
          "lat": -64.336051,
          "lng": 135.876737
        },
        "country": "United States"
      },
      "macAddress": "3b:9b:ee:cf:1f:de",
      "university": "Georgetown University",
      "bank": {
        "cardExpire": "05/28",
        "cardNumber": "0804635043652938",
        "cardType": "American Express",
        "currency": "USD",
        "iban": "GWI5NQPQ8N5PIKIGAHB4EIOZ"
      },
      "company": {
        "department": "Research and Development",
        "name": "Pfannerstill Inc",
        "title": "Data Analyst",
        "address": {
          "address": "1998 Main Street",
          "city": "Indianapolis",
          "state": "Arizona",
          "stateCode": "AZ",
          "postalCode": "57190",
          "coordinates": {
            "lat": -83.995771,
            "lng": 127.669213
          },
          "country": "United States"
        }
      },
      "ein": "844-425",
      "ssn": "119-906-830",
      "userAgent": "Mozilla/5.0 (Macintosh; Intel Mac OS X 10_15_7) AppleWebKit/537.36 (KHTML, like Gecko) Chrome/97.0.4692.99 Safari/537.36",
      "crypto": {
        "coin": "Bitcoin",
        "wallet": "0xb9fc2fe63b2a6c003f1c324c3bfa53259162181a",
        "network": "Ethereum (ERC20)"
      },
      "role": "user"
    }
  ],
  "total": 2,
  "skip": 0,
  "limit": 2
}
 
]]></system-out>
  </testcase>
  <testcase name="[6:66] Filter Users by Hair Color (Brown)" classname="dummyjson/Users" time="0.082">
    <system-out><![CDATA[17:56:12.978 [main] DEBUG org.apache.http.client.protocol.RequestAddCookies -- CookieSpec selected: karate
17:56:12.978 [main] DEBUG org.apache.http.client.protocol.RequestAuthCache -- Auth cache not set in the context
17:56:12.978 [main] DEBUG com.intuit.karate -- request:
1 > GET https://dummyjson.com/users/filter?value=Brown&key=hair.color
1 > Host: dummyjson.com
1 > Connection: Keep-Alive
1 > User-Agent: Apache-HttpClient/4.5.14 (Java/21.0.8)
1 > Accept-Encoding: gzip,deflate


17:56:12.978 [main] DEBUG org.apache.http.impl.conn.PoolingHttpClientConnectionManager -- Connection request: [route: {s}->https://dummyjson.com:443][total available: 0; route allocated: 0 of 5; total allocated: 0 of 10]
17:56:12.978 [main] DEBUG org.apache.http.impl.conn.PoolingHttpClientConnectionManager -- Connection leased: [id: 6][route: {s}->https://dummyjson.com:443][total available: 0; route allocated: 1 of 5; total allocated: 1 of 10]
17:56:12.978 [main] DEBUG org.apache.http.impl.execchain.MainClientExec -- Opening connection {s}->https://dummyjson.com:443
17:56:12.978 [main] DEBUG org.apache.http.impl.conn.DefaultHttpClientConnectionOperator -- Connecting to dummyjson.com/66.33.22.3:443
17:56:12.978 [main] DEBUG org.apache.http.conn.ssl.SSLConnectionSocketFactory -- Connecting socket to dummyjson.com/66.33.22.3:443 with timeout 30000
17:56:12.997 [main] DEBUG org.apache.http.conn.ssl.SSLConnectionSocketFactory -- Enabled protocols: [TLSv1.3, TLSv1.2]
17:56:12.997 [main] DEBUG org.apache.http.conn.ssl.SSLConnectionSocketFactory -- Enabled cipher suites:[TLS_AES_256_GCM_SHA384, TLS_AES_128_GCM_SHA256, TLS_CHACHA20_POLY1305_SHA256, TLS_ECDHE_ECDSA_WITH_AES_256_GCM_SHA384, TLS_ECDHE_ECDSA_WITH_AES_128_GCM_SHA256, TLS_ECDHE_ECDSA_WITH_CHACHA20_POLY1305_SHA256, TLS_ECDHE_RSA_WITH_AES_256_GCM_SHA384, TLS_ECDHE_RSA_WITH_CHACHA20_POLY1305_SHA256, TLS_ECDHE_RSA_WITH_AES_128_GCM_SHA256, TLS_DHE_RSA_WITH_AES_256_GCM_SHA384, TLS_DHE_RSA_WITH_CHACHA20_POLY1305_SHA256, TLS_DHE_DSS_WITH_AES_256_GCM_SHA384, TLS_DHE_RSA_WITH_AES_128_GCM_SHA256, TLS_DHE_DSS_WITH_AES_128_GCM_SHA256, TLS_ECDHE_ECDSA_WITH_AES_256_CBC_SHA384, TLS_ECDHE_RSA_WITH_AES_256_CBC_SHA384, TLS_ECDHE_ECDSA_WITH_AES_128_CBC_SHA256, TLS_ECDHE_RSA_WITH_AES_128_CBC_SHA256, TLS_DHE_RSA_WITH_AES_256_CBC_SHA256, TLS_DHE_DSS_WITH_AES_256_CBC_SHA256, TLS_DHE_RSA_WITH_AES_128_CBC_SHA256, TLS_DHE_DSS_WITH_AES_128_CBC_SHA256, TLS_ECDHE_ECDSA_WITH_AES_256_CBC_SHA, TLS_ECDHE_RSA_WITH_AES_256_CBC_SHA, TLS_ECDHE_ECDSA_WITH_AES_128_CBC_SHA, TLS_ECDHE_RSA_WITH_AES_128_CBC_SHA, TLS_DHE_RSA_WITH_AES_256_CBC_SHA, TLS_DHE_DSS_WITH_AES_256_CBC_SHA, TLS_DHE_RSA_WITH_AES_128_CBC_SHA, TLS_DHE_DSS_WITH_AES_128_CBC_SHA, TLS_RSA_WITH_AES_256_GCM_SHA384, TLS_RSA_WITH_AES_128_GCM_SHA256, TLS_RSA_WITH_AES_256_CBC_SHA256, TLS_RSA_WITH_AES_128_CBC_SHA256, TLS_RSA_WITH_AES_256_CBC_SHA, TLS_RSA_WITH_AES_128_CBC_SHA, TLS_EMPTY_RENEGOTIATION_INFO_SCSV]
17:56:12.997 [main] DEBUG org.apache.http.conn.ssl.SSLConnectionSocketFactory -- Starting handshake
17:56:13.019 [main] DEBUG org.apache.http.conn.ssl.SSLConnectionSocketFactory -- Secure session established
17:56:13.019 [main] DEBUG org.apache.http.conn.ssl.SSLConnectionSocketFactory --  negotiated protocol: TLSv1.3
17:56:13.019 [main] DEBUG org.apache.http.conn.ssl.SSLConnectionSocketFactory --  negotiated cipher suite: TLS_AES_128_GCM_SHA256
17:56:13.019 [main] DEBUG org.apache.http.conn.ssl.SSLConnectionSocketFactory --  peer principal: CN=dummyjson.com
17:56:13.019 [main] DEBUG org.apache.http.conn.ssl.SSLConnectionSocketFactory --  peer alternative names: [dummyjson.com]
17:56:13.019 [main] DEBUG org.apache.http.conn.ssl.SSLConnectionSocketFactory --  issuer principal: CN=R11, O=Let's Encrypt, C=US
17:56:13.019 [main] DEBUG org.apache.http.impl.conn.DefaultHttpClientConnectionOperator -- Connection established 192.168.1.4:53092<->66.33.22.3:443
17:56:13.019 [main] DEBUG org.apache.http.impl.conn.DefaultManagedHttpClientConnection -- http-outgoing-6: set socket timeout to 30000
17:56:13.019 [main] DEBUG org.apache.http.impl.execchain.MainClientExec -- Executing request GET /users/filter?value=Brown&key=hair.color HTTP/1.1
17:56:13.019 [main] DEBUG org.apache.http.impl.execchain.MainClientExec -- Target auth state: UNCHALLENGED
17:56:13.019 [main] DEBUG org.apache.http.impl.execchain.MainClientExec -- Proxy auth state: UNCHALLENGED
17:56:13.019 [main] DEBUG org.apache.http.headers -- http-outgoing-6 >> GET /users/filter?value=Brown&key=hair.color HTTP/1.1
17:56:13.019 [main] DEBUG org.apache.http.headers -- http-outgoing-6 >> Host: dummyjson.com
17:56:13.019 [main] DEBUG org.apache.http.headers -- http-outgoing-6 >> Connection: Keep-Alive
17:56:13.019 [main] DEBUG org.apache.http.headers -- http-outgoing-6 >> User-Agent: Apache-HttpClient/4.5.14 (Java/21.0.8)
17:56:13.019 [main] DEBUG org.apache.http.headers -- http-outgoing-6 >> Accept-Encoding: gzip,deflate
17:56:13.019 [main] DEBUG org.apache.http.wire -- http-outgoing-6 >> "GET /users/filter?value=Brown&key=hair.color HTTP/1.1[\r][\n]"
17:56:13.019 [main] DEBUG org.apache.http.wire -- http-outgoing-6 >> "Host: dummyjson.com[\r][\n]"
17:56:13.019 [main] DEBUG org.apache.http.wire -- http-outgoing-6 >> "Connection: Keep-Alive[\r][\n]"
17:56:13.019 [main] DEBUG org.apache.http.wire -- http-outgoing-6 >> "User-Agent: Apache-HttpClient/4.5.14 (Java/21.0.8)[\r][\n]"
17:56:13.019 [main] DEBUG org.apache.http.wire -- http-outgoing-6 >> "Accept-Encoding: gzip,deflate[\r][\n]"
17:56:13.019 [main] DEBUG org.apache.http.wire -- http-outgoing-6 >> "[\r][\n]"
17:56:13.044 [main] DEBUG org.apache.http.wire -- http-outgoing-6 << "HTTP/1.1 200 OK[\r][\n]"
17:56:13.044 [main] DEBUG org.apache.http.wire -- http-outgoing-6 << "Access-Control-Allow-Origin: *[\r][\n]"
17:56:13.044 [main] DEBUG org.apache.http.wire -- http-outgoing-6 << "Content-Encoding: gzip[\r][\n]"
17:56:13.044 [main] DEBUG org.apache.http.wire -- http-outgoing-6 << "Content-Type: application/json; charset=utf-8[\r][\n]"
17:56:13.044 [main] DEBUG org.apache.http.wire -- http-outgoing-6 << "Date: Sun, 03 Aug 2025 10:56:13 GMT[\r][\n]"
17:56:13.044 [main] DEBUG org.apache.http.wire -- http-outgoing-6 << "Etag: W/"7c81-5XDFQ2ugg1ZtFQL4kYTaUrTpbtM"[\r][\n]"
17:56:13.044 [main] DEBUG org.apache.http.wire -- http-outgoing-6 << "Server: railway-edge[\r][\n]"
17:56:13.044 [main] DEBUG org.apache.http.wire -- http-outgoing-6 << "Strict-Transport-Security: max-age=15552000; includeSubDomains[\r][\n]"
17:56:13.044 [main] DEBUG org.apache.http.wire -- http-outgoing-6 << "Vary: Accept-Encoding[\r][\n]"
17:56:13.044 [main] DEBUG org.apache.http.wire -- http-outgoing-6 << "X-Content-Type-Options: nosniff[\r][\n]"
17:56:13.044 [main] DEBUG org.apache.http.wire -- http-outgoing-6 << "X-Dns-Prefetch-Control: off[\r][\n]"
17:56:13.044 [main] DEBUG org.apache.http.wire -- http-outgoing-6 << "X-Download-Options: noopen[\r][\n]"
17:56:13.044 [main] DEBUG org.apache.http.wire -- http-outgoing-6 << "X-Frame-Options: SAMEORIGIN[\r][\n]"
17:56:13.044 [main] DEBUG org.apache.http.wire -- http-outgoing-6 << "X-Powered-By: Cats on Keyboards[\r][\n]"
17:56:13.044 [main] DEBUG org.apache.http.wire -- http-outgoing-6 << "X-Railway-Edge: railway/asia-southeast1-eqsg3a[\r][\n]"
17:56:13.044 [main] DEBUG org.apache.http.wire -- http-outgoing-6 << "X-Railway-Request-Id: wgdp3MpASPK_wHAaacI7Nw[\r][\n]"
17:56:13.044 [main] DEBUG org.apache.http.wire -- http-outgoing-6 << "X-Ratelimit-Limit: 100[\r][\n]"
17:56:13.044 [main] DEBUG org.apache.http.wire -- http-outgoing-6 << "X-Ratelimit-Remaining: 96[\r][\n]"
17:56:13.044 [main] DEBUG org.apache.http.wire -- http-outgoing-6 << "X-Ratelimit-Reset: 1754218583[\r][\n]"
17:56:13.044 [main] DEBUG org.apache.http.wire -- http-outgoing-6 << "X-Xss-Protection: 1; mode=block[\r][\n]"
17:56:13.044 [main] DEBUG org.apache.http.wire -- http-outgoing-6 << "Transfer-Encoding: chunked[\r][\n]"
17:56:13.044 [main] DEBUG org.apache.http.wire -- http-outgoing-6 << "[\r][\n]"
17:56:13.044 [main] DEBUG org.apache.http.wire -- http-outgoing-6 << "a[\r][\n]"
17:56:13.044 [main] DEBUG org.apache.http.wire -- http-outgoing-6 << "[0x1f][0x8b][0x8][0x0][0x0][0x0][0x0][0x0][0x0][0x3][\r][\n]"
17:56:13.044 [main] DEBUG org.apache.http.headers -- http-outgoing-6 << HTTP/1.1 200 OK
17:56:13.044 [main] DEBUG org.apache.http.headers -- http-outgoing-6 << Access-Control-Allow-Origin: *
17:56:13.044 [main] DEBUG org.apache.http.headers -- http-outgoing-6 << Content-Encoding: gzip
17:56:13.044 [main] DEBUG org.apache.http.headers -- http-outgoing-6 << Content-Type: application/json; charset=utf-8
17:56:13.044 [main] DEBUG org.apache.http.headers -- http-outgoing-6 << Date: Sun, 03 Aug 2025 10:56:13 GMT
17:56:13.044 [main] DEBUG org.apache.http.headers -- http-outgoing-6 << Etag: W/"7c81-5XDFQ2ugg1ZtFQL4kYTaUrTpbtM"
17:56:13.044 [main] DEBUG org.apache.http.headers -- http-outgoing-6 << Server: railway-edge
17:56:13.044 [main] DEBUG org.apache.http.headers -- http-outgoing-6 << Strict-Transport-Security: max-age=15552000; includeSubDomains
17:56:13.044 [main] DEBUG org.apache.http.headers -- http-outgoing-6 << Vary: Accept-Encoding
17:56:13.044 [main] DEBUG org.apache.http.headers -- http-outgoing-6 << X-Content-Type-Options: nosniff
17:56:13.044 [main] DEBUG org.apache.http.headers -- http-outgoing-6 << X-Dns-Prefetch-Control: off
17:56:13.044 [main] DEBUG org.apache.http.headers -- http-outgoing-6 << X-Download-Options: noopen
17:56:13.044 [main] DEBUG org.apache.http.headers -- http-outgoing-6 << X-Frame-Options: SAMEORIGIN
17:56:13.044 [main] DEBUG org.apache.http.headers -- http-outgoing-6 << X-Powered-By: Cats on Keyboards
17:56:13.044 [main] DEBUG org.apache.http.headers -- http-outgoing-6 << X-Railway-Edge: railway/asia-southeast1-eqsg3a
17:56:13.044 [main] DEBUG org.apache.http.headers -- http-outgoing-6 << X-Railway-Request-Id: wgdp3MpASPK_wHAaacI7Nw
17:56:13.044 [main] DEBUG org.apache.http.headers -- http-outgoing-6 << X-Ratelimit-Limit: 100
17:56:13.044 [main] DEBUG org.apache.http.headers -- http-outgoing-6 << X-Ratelimit-Remaining: 96
17:56:13.044 [main] DEBUG org.apache.http.headers -- http-outgoing-6 << X-Ratelimit-Reset: 1754218583
17:56:13.044 [main] DEBUG org.apache.http.headers -- http-outgoing-6 << X-Xss-Protection: 1; mode=block
17:56:13.044 [main] DEBUG org.apache.http.headers -- http-outgoing-6 << Transfer-Encoding: chunked
17:56:13.044 [main] DEBUG org.apache.http.impl.execchain.MainClientExec -- Connection can be kept alive indefinitely
17:56:13.044 [main] DEBUG org.apache.http.wire -- http-outgoing-6 << "1c11[\r][\n]"
17:56:13.044 [main] DEBUG org.apache.http.wire -- http-outgoing-6 << "[0xed][0x9d]io[0xe3]H[0x96][0xae][0xff][\n]"
17:56:13.044 [main] DEBUG org.apache.http.wire -- http-outgoing-6 << "[0xa1][0xf][0x17][0xdd][0x18]Gd[0xec][0xb][0xfb][0xcb][0xc8]rz[0x97][0xbc][0xc8]k^\[0xc]BR[0xc8]b[0x99]"[\r][0x8a][0xb6][0xd3][0xd5][0xa8][0xff]>[0x8][0xca]Z[0xb8]IT[0xe6][0xdc][0x9c][0x4][0xba][0x81][0x2][0xb2][0x1c][0x99][\n]"
17:56:13.044 [main] DEBUG org.apache.http.wire -- http-outgoing-6 << "[0xc9][\n]"
17:56:13.044 [main] DEBUG org.apache.http.wire -- http-outgoing-6 << "[0xc6][0xc3][0x13][0xef]y[0xcf][0xe1]?[[0xaf]3[0x9b][0xcc]Z[0xfe][0xff][0xfd]g+[0x18][0xb5]|[0xbc][0xd7][0x1a][0x7][0xc9],[0xed][0x99][0xa9]m[0xf9][0xad][0xaf][0xd3] [0xfc]h[0xed][0xb5]B[0xb3][0x1c]:[0x8d]'[0xd1],[0x8e]Z{[0xad][0xa9][0x9]F6[0xfa][0x1c][0xee]O[0x83]t[0xd2][0xda]k[0x99]'[0xdb][0xf2][0x89][0xda]k=[0xd9]hd[0x93][0x96][0xdf][0x1a][0xdb][0xa9][0x9]mk[0xaf]e[0xa7]&[0x8][~[0xcb][0xba]I[0xe1][0x1f][0xf3]y[0xfe][0xf3];[0x1c][0xbd]N[0xa7][0x1f][0xcc][0xe2][0x8][0xe][0xe3]ik[0xaf][0xf5]2[0x89]#7[0xe5]([0xec]i[0xc1][0x1][0xa3][0x18]PDXk/[0xfb][0xb0][0xd1][0xfc][\r][0xb3]Yf[0xee][0x9f][0x9b][0xd9][0xec]=NF[0xcb]17[0xd0][0xda]k[\r][0x82]$[0x9d][0x1c][0x98][0xd4][0xfd]c[0xac][0xb5][0x0][0x1c]P[0xd4][0xda]k[0x5][0xd3][0xec]3[0xb6]&i[0xfa]2[0xf3][0xbf]|[0xc9][0xbd][0xfd][0x97]`[0x18]G_[0xe6][0xf3]|[0xc1]D[0xb9]y[0xc2]8[0x1e][0x1d]%[0xf1][0xeb]K[0xcb]o][0x80][0xd6]^kb[0x83][0xa7]I[0xda][0xf2][0xb1][0xa6][0x90][0xb0][0xbd][0xd6][0xfb][0xe7][0xcf][0x82]B,[0xf6]Z[0xf6][0xc3]v[0xe2]0v[0xbf][0xfb]Qb[0xad][0xfb][0xaa]&&HZ[0xfe]?[[0xc3][0xcf][0xf1][0xfd]$~w[0xe3][0xe9][0xc7][0x8b][0xfb]([0x9d][0xd7]$[0xfc]h[0xfd][0xb5][0xd7][\n]"
17:56:13.045 [main] DEBUG org.apache.http.wire -- http-outgoing-6 << "[0xdc]{0[0x2][0x99][0x82][0x18]!H[0x89][0xfb]FG[0xa3][0xc4][0xce]f[0xee][0xe5][0xcb][0xff]m[0x9]"[0xbc][0xae][0x9]"[0xaf][0x9f]&[0xd6][0xa6][0xad][0xbd][0xd6]0H?Z~[0xeb]r[0x12][0xdb]([0xf8][0xde][0xda]k[0xcd][0xd2][0xf9][0xef][0xde][\r]f3[0xf7][0xdf][0xcb]K[0xb0][0x18][0xed][0xc4][0xa3][0xec]o[0xfa][0xee][0xeb][0x8b]g[0xa9][0x9]?G[0x88][0xc6][0xd8][0xbd][0xe7]0[0x8e][0x93]Q[0x10][0x99][0xd4]f[0xef][0x1b][0x9a][0xb4][0xe5][0x3])![0x16][0x4][0xd3][0xbd]V[0x18]=[0xb5]|[0xa0][0x9]D[0x8a])[0xc2][0xfe]r/x[0x8d][0xd2][0xc4]}[0x80][0xdb](H[0xed][0xc8][0xeb][0xa7][0xd9][0x8b][0xff]r[0x97][0xc9][0xb0][0xbd][0xfc][0xdc]L[0xfa]c[0xe3]3[0xec]c[0xe5][0xdb][0xa1]o[0x7]nQ[0xa3][0xe0][0xcd]&[0xb3][0xf9][0xe7][0xbf]][0xfe][0xe0][0xc5]c[0xef]>[0x98][\r][0xe3]h[0x16]D[0x0]t[0xcd]([0x98]_w[0x3][0x13]=g_[0xa6]IF_[0xbf][0xbf][0x4][0x89][0xfb][0xe4][0x88]~![0xc2]}r[0x93][0x8c]z[0xaf][0xd3]Av[0xe9]i[0xa2][0xb4][0x14]Hp[0xce][0x14]V[0x98][0xfe][0xfd][0xcd][0xfc][[0xff][0x1a][0xc6]n[0xe0]5Il4t[0xef][0xdd][0xe9]=[0xba][0xeb]c`[0xa2][0x96][0xdf]z[0xbc][0xbc]}8[0xe9]_[0xec][0x9f][0xc8][0x9b][0x9b][0xe3][0xcb]3[0xb2]M[0x8f][0xdb]'[0xf][0xe7][0xad][0xec][0xb7][0x9d][0xbe][0x98][0xe8][0xc3]}[0x88][0x91]}1I:[0xb5]Q[0xea]f[0x8c][0x9e][0x82][0xc8][0xda]$[0x88][0x9e]Z{[0xad][0xcf][0xb][0xf5] [0x8e]C[0xfb][0xb1][0xe7][0x9d][0xc5][0xda][0xf][0xcf]D#[0xaf][0x93][0xc4]Q[0x90]-[0x90][0x86][0xd9][0xe6]1[0xa1][0x9d]y][0x13][0x99]'[0x9b][0xd4]-9[0x11][0xd4][0xbb][0xb1]Q:)[0xad]y[0xdf]D[0xde]ab[0xa2][0xa1][0xfb][0xb6][0xd6]V~[0xf9][0xed][0x15][0xd6][0xfd][0xfe][0xa4][0xb8][0xee]T[\n]"
17:56:13.045 [main] DEBUG org.apache.http.wire -- http-outgoing-6 << ".k[0xd6]]b[0xa8]0[0xe3][0x84]/[0xd6][0x1d][0xb][0xc]1GD[0xd0]M[0xb][0xff][0xd7]^[0xcb][0x6][0xee][0x8b][0xd4]R[0x2],[0xdd]w?[0x9b]e?#[0x4][0xb8]F[0x80]([0xfd][0xb9][0xa3][0xdb]O[0xf3][0xaf][0xaf][0x1b][0xff][0x19][0x84][0xa1][0xf9][0xc2]![0xf2][0xfe][0xd6]5[0xc3] J[0xe3][0xd9][0xe4][0x1f][0xde]I[0x94][0xda][0xd0][0xeb][0x9a][0xa1]w[0xd1][0xf7][0x1e]<[0x8c][0xfe][0xb][0xf3][0xff][0x92][0xf7][0xda]//[0xa1][0xbd][0xb7][0x83][0xb3] [0xfd][0xc2][0xa9][0x84]Tx;;[0xbe][0xe9][0x9e][0xef]ya[0xf0]l[0xbd]#;|[0x8e][0xff][0xee]u&I<[0xb5]_[0xb4][0x80][0x8]2![0x18][0xd4][0xd4][0xeb][0x9b][0xb1]I[0x82][0xcf]W[0xb9]_<[0xf9]xI[0xe3][0xf9][0x16][0xcd]>[0xf5]~[0x90]f[0xff][0xb7][0xd7]z7ah[0xdd][0xc7]C[0xdf][0x7]z<$c+[0xe8][0x80][0x18]1D[0x88][0x8e][0xf1][0x90][0x12]6[0xa4][0x83][0xb1][0xe1][0x94]p[0xed][0xf6][0x87][0xc2][0xc6]-[0xbe]M[0xdf][0xe3][0xe4][0xd9]][0x14][0xe9][0xc4]&[0xf6]u[0xea][0xfd][0xed][0xeb]u[0x87][0xa0][0xbf][0xbb][0xb]([0x89][0xb3]u7[0xa3]i[0x10][0xb5][0xfe][0xda][0x9b][0xb3][0x97][0xd2]<|;&I[0xb3][0xcb]a[0x8d][0xbe][0xfb][0xe6]9[0x1b][0xca][0xb1]w[0x81]][0x8a][0xd7][0xb0][[0x80][0xee]0[0x9b][0xc][0xe][0xdc][0xeb]71[0x97]iO*[0x9]8&@c,[0xf3][0xcc][0x9d]O2[0xc8]C[0xf7]s[0xb0][0x9a][0xba][0x14]0[0x80]u3[0xea]~NT[0x85][0xdd][0xf6][0xe4][0xb0][0x8b][0xa0][0x16]+[0xec]J[0x4][0xa5][0xfa][0x11][0xec][0xf6][0xd3][0xc4]dS,[0xc8][0x8b][0x85][0x84][0x18]c[0x88][0x99][0x84][0x8c][0xd7][0xb3][0x97]{7[0x93] [0x19][0x95]6[0xe2][0x81][0x8d][0xde][0xb2][0xe5]Y[0xec][0xc0][0x8b][0xc4]>[0xc5][0xc5][0xed]wq][0xdc]~[0x92][0x9]R[0x8b]]A!B\[0xb1][0xcf][0xed]'[0x5][0xc4]Jc[0x89]w[0xa0].[0xe5]>[0xf2][0xcd][0xc8][0xd7][0xd8][0xe7]cL[0x8b][0xd0][0xbd]7[0xb3]I[0x10]=[0xa5]q[0xe4][0xad][0xf1]7[0xbb][0xbb]@[0xef]<~[\r]f[0xb5][0xd8][0xc5]U[0xd8]eBsN$[0xa6][0x84]K[0x9c]m[0xf3]5[0xec][0xf6].[0xfb]y[0xec][0xf6][0xbe][0x1d][0xac][0xb0]{[0xdf]~[0xa4][0x7][0x7][0x8c]^[0x89]+[0x85]:[0x1a][0x9f][0x9e][0x8b][0xab]n[0xf7][0xf2]h[0x13]v/[0x93]x[0xf4]:L?[0x1][0x9a][\r].[0xe9]{[0xfe]j[0xd3][0xf4][0xc9]F[0x19]x[0xfb]q4[[0xc7]n<N[0xdf]Mb[0xbd][0x5][0xb7][0xeb]V[0x1c][0x13][0xe9]u[0xec][0xc8]$[0xa5][0x15]_}sk[0xab][0xde][0x8f]_[0xd3][0x89][0xd7]1I[0x1c][0x6][0x91])[0xac]~[0xbf]S\},[0xd9][0xfc];[0xac][0x86]/&[0x12]3[0xf2][0xb9][0xfa]X2[0xc8]$[0xc2]L4b/[0xd6][0x14][0x10]DW[0xec]%[0x12]([0xac][0x0]'[0xff][0xf2][0xec]u[0xbf][0xfc][0x12][0xbd][0xbc][0x18][0xf7][0x86]A[0x81][0xbb]6[0x8a]l[0x9a][0xd6][0x91][0x97][0xe8]z[0xf2][0xda]0[0x80][0x83][0xf9][0xcb]7[0x81][0x17]{Lp@[0xa5][0x6][0x92]d[0x97][0xc3]z[0xac][0x1b][0x6][0x5][0xe8][0xba][0x91]j[0xe2]r[0xa0]A[0xc6][0xed]&qn[0x18]T[0xe2]v?[0x87][[0x89][0xa0][0xc0]+[0xdc]j[0xc][0x9])[0xe0][0xd6]|l[0xa7][0xed]Y[0x10]=[0xaf][0x82]\[0xcc][0x18][0x94][0x14]b[0xea]h[0xab]j7[0x1e]#[0xb4]:[0xce]=5[0xc3][0xe7]Y[0x1c][0xbd][0x5]a[0xf6]e/[0xb6][0xde][0xc9][0xc8]L[0xe2][0xc2][0x8e];9([0x85];[0x8c]H\[0xc7][[0xcc]!"Dr[0xfd][0xb9][0xe5][0xb8][0x82]T[0x13].[0xc9][0xe][0xc0][0x1d][0xb][0x9f]k_[\n]"
17:56:13.045 [main] DEBUG org.apache.http.wire -- http-outgoing-6 << "_[0x8][0x88]|[0xc5][0x8b][0xc4][0xdd][0x8f]gy[0xda]n[0x8a]kU[0x11][0xb0][0x8]i[0xa1][0xdc]M@[0x10]MX[0xb6][0xda]k[0x80]mOm[0x12][0xc]M[0xe4]}[0xfd][0xfe][0x92]}[0x9e][0x1c]m[0xdb][0xb7]k[0xb4][0xe5][0xfa][0xf1][0x94][0xf4][0xf4][0xe5][0xed][0xd5][0xf1]i[0xb7]}D[0xf][0xe]/[0xf9][0xd5][0xdd]![0xdd]D[0xdb][0xf6]0[0xfb][0x16]r1[0xee][0xbd]Im2[0xdb][0xf3][0xda][0xd1][0xf3]k4[\n]"
17:56:13.045 [main] DEBUG org.apache.http.wire -- http-outgoing-6 << "[0xa2][0xa7][0xc][0xb7][0x8b][0xdb][0xf0][0x82][0xb7][0x9d]I`[0xc7][0xde][0xc5][0x8b]M[0x8c]{[0xb9]w1[0x1e][0x7][0xc3][\r][0xd4][0xe5]Tx[0x87][0xf1]kR[0x11][0xf2][0x9e]D[0xa3][0xc0]D[0xe6]%[0xe][0xb3]{[0xd3][0xea][0xac]3[0x9c][0x4]O[0xa6]x[0xc7][0xed][0x96][0x2]^)1[0xab][0xb]x[0x1][0xd3]Pq[0xa5][0xe5][0xe2][\n]"
17:56:13.045 [main] DEBUG org.apache.http.wire -- http-outgoing-6 << "[0x0][0x4]C[0xcd][0x10]c[0xcd][0x2]^B[0x8]`H-[0xa1]K[0xb0][0x0][0x98][0x8] [0x98][0xdc][0x4][0xdd][0xfb] [0x1a][0xc5][0xef]3[0xaf]w[0xe3]a[0x4][0xd1]?[0xbc][0xfb] [0x12][0xec][0x1f][0xde]w[0xc1]~[0x1c][0xb7][0x18][0xa3][0xdf][0x92][0xb7],[0xcf][0xdb][0xf6][0x9b][0xc9][0xf3][0xf6][0xd8]$IP!34S[0x18][0xcc][0x9b][0x81][0x93][0xcf][0x19]6[0x6][0xbb][0xcc][0xd3]D[0x0])[0x15]`[0x82][0xd3]<t[0xcd][0x9b][0x99][0xe4][0xa1][0xeb]F[0xea][0xc4][0x5][0x6][0xb2][0x8][0xae][0x1]t[0xdd],[0xdb][0xa5][0x5][0xce][0xa1]$k[0xd0][0xa5][0x90][0xc9][0x1c]t[0x8f][0xcd][0x9f]6[0xdc]UZ [0x84]C[0x86] [0xa6][\n]"
17:56:13.045 [main] DEBUG org.apache.http.wire -- http-outgoing-6 << "b)k7[0x1e][0xd2][0xcc]k[0x8f][0xcc]tVy[0xd4]lGi[0x1c][0x5][0xeb][0x7][0xcd];[0x9b]L[0xe3],[0xea]Z[0xdf]uw7[0xa5]H[0x87]QZ[0x17][0xe9][0x0][0xc5] [0xa2]D[0xe9]E[0xa8][0x3][0x98][0x80][0x84]s[0x8d]v[0x1]/[0xb3]>[0x19][0xf8][0x96][0xf9][0x94][0xfa][0xd2][0xf8]cU[0x4][0xef][0xb1]I[0xde]L2jB^R[0x11][0xda]"[0xc6][0x91][0x12][\n]"
17:56:13.045 [main] DEBUG org.apache.http.wire -- http-outgoing-6 << "a[0xa6][0x5][0x93][0xba][0x10][0xda][0xde]FA[0x1c]]f7[0xc3]uY[0xa1][0xbd]F[0xdc]n[0xfb][0xf4]Z}[0xe5]7[0xd7][0xc7]G[0xb7][0xf8]H[0xec][0xdf]\[0xec][0xcb][0xbb][0xe][0xea][0xee],+[0xec][0x87]&[0x1a][0x19][0xf]x[0xa7]f[0x18][0xf][0xe6][e[0x1][0xda]s[0xfb]dB[0xaf][0x13][0xbf]F[0xb3][0xec][0x1a][0xa9]^e*YMT{9[0x9]B3[0xb2][0xe1][0xcb]$0k[0xcb]|`C[0xe3][0xe2][0xe5][0xc2]:[0x1f]|-[0xc9]HX[0xb0][0xda][0xfb]+[0x17][0x90][0xb][0x86][0xc4][0x92][0xae][0x98]2[0xc8][0x88][0x92][0xba]YH[0xcb]8[0x90][\n]"
17:56:13.045 [main] DEBUG org.apache.http.wire -- http-outgoing-6 << "-[0xe9]*[0x8][0x6][0x9c][\n]"
17:56:13.045 [main] DEBUG org.apache.http.wire -- http-outgoing-6 << "[0xc0][0xb2][0xfd][0xf7]K[0xe8]*3[0xba]j[0x2][0xb5][0xfe]-[0xe1][0xaa][0xb][0xc1]l:[0xc9][0xee][0x88]kx=[0xc]m:[0x9c]lP[0x12][0xe8][0x86]x[0xd6]M[0x7][0xc7][0x9f]3l[0xe]i[0x9][0xc7][0x80][0xb][0x6][0x88]`[0x5][0xba]f[0xb3][0x8c][0xb]Am6VMX[0xc]8[0xc0][\r][0xa3][0xda]l[0x9a]J[0x19]a?[0xc7]XE[0xa1][0xd6]+[0xc6][0xba][0x1f][0xf3]:[0xc2]][0x10][0x87][0xd9][0xbe][0xd8][\r][0xb2].Z[0x80][0x2][0xd6][0xf2]U*][0x1d][0xd4][0x1e][0x98]04[0xeb][0xf1]L;y6[0xd1]l5[0xf4][0xb9][0xbf][0xda]%[0x5]AI[0x9d][0x9][0xe4]U;[0x8e]h[0xc8]0[0xe6]x[0xb1][0xe1][0x8][0x85]\+Jv[0xe1][0xea][0x80][0xf8][0xe3][0x91]?4>[0x1e][0xf8]t[0xe0][0x9b]R@[0xdb][0x89][0x93][0xc8][0x86]a[0x13][0xae][0xf2]/[0x84][0x17][0xb9][0xca][0xb8][0xc6][0x9c]b[0x81][0x84]PH[0x89][0x82]R[0xeb][0xe][0xa1][0x89][0x19][0xe6][0xb1]zs[0xbd][0xa6][0xd6][0xa2][0x83][0x93][0x93]+[0xfa]p[0x87]:[0xb2]'[0xf5][0xc1][0xc1][0xdd]C[0xff][0xfa][0xe6][0x9a][0xe3]MX[0xbd]IL[0x10][0xe5][0x98]zl[0xc2][0xb7]8[0x99][0xc5][0x91]w~[0xde]Y[0xe3][0xe9][0x81]I[0x8d][0xd7][0x1f][0x6]6J[0x83]YZ+[0xd0]rU#[0xd0]V[0xaa][0x4]7[0xf6]{iao[0x1e]J[0xb7]LDk[0x8f]*[0x8c]C*[0xa4][0xc0]jIR&!'[0x8c][0xe8][0x8d]K[0xbb]D[0xa9][0xc0][0x8]H%[0x96]([0xe5]R[0x2][0xb7][0xd3][0x8][0xa5][0xbf]V[0x1d][0xe0][0x19]P[0xa9][0x82][0x9c][0xfd][0x8e]@u[0xea]b^[0x1d][0xb0]&[0x8a][0xb][0xca][0xec][0xcd]G[0xb8][0x81][0xa7]hcBl>[0x1f]L[0xdd][0x14][[0x80]J[0x9]pw<[0xad][0xa9]*j[0x4][0xd9]$iQ'[0x98][0x8f]VC[0x95][0x1][0x8c]@[0x16][0xe4]4[0x12][0xb][0xe6]S5H[0x8b]q[0xa8]xN[0x9f]E[0xf4]G[0xf4][0xd9]{[0xf3][0xb6][0xa2]"
17:56:13.045 [main] DEBUG org.apache.http.wire -- http-outgoing-6 << "*gPIH[0xa8][0x86][0x4][0xd3][0xba]-[0xc8][0xa8][0xf6].[0x83][0xc8]6[0x8c][{[0xf6][0xdd];6[0xd3][0x97][0xd9]$(E5[0xbd][0xe3][0xe2]V[0x14][0x1b]TZ[0x8e]![0xd7]b[0x91]"q[0xf2][0xb1][0xd4]Z[0xed]B[0xd8][0xd1][0xd8][0xd7][0xcc][0xb7][0xd8][0xb7][0xd2][0xa7][0xc6][0x97]e[0x8d][0xf6][0xd9]z[0x87]qbgiC[0xc8][0x96][0x82]W[0x8e][0xa9]F[0x18]I&[0xb0][0x90]T[0xd1]<d[0xef][0x82][0x99][0xc9][0x13][0xf6][0xf4]r[0x8d][0xb0][0xfd][0xdb][0xfb][0x9b][y[0xa4]4[0xba][0xbb][0xbb]@[0xfb][0xa2]{x[0xc7]/0[0xbb][0xf8]Qa[0xf6]8[0x8]_l[0x92]V[0xe9][0xb2][0xf7]v[0xe0][0x1d][0xd8]7[0x1b][0xc6]/[0xf5][0xea][0x0]W[0xc8][0xeb][0xdb][0xb7]J[0xde][0xd6][0x89]Cs[0xd1][0xa0]([0xf][0xf5][0x8a][0xb][0xcd]7[0xdc]L[0x81];[0x88]q[0xce][0xd9]*zU[0x10]i[0x86][0x84]j[0xc6]\[0xa1]r[0xd9]0[0xa1][0xdc][0xcf][0x2]H[0xfd][0xcb][0xc4][0x81][0xdf]<|U[0x85]4[0xd8][0xc1]GX[0xc]_[0xef]m[0x18][0xce]jY[0xcb][0xea]c[0xd7][0x91][0x9b][0xb][0xbe][0xbb][0x97]oI[0x82][0x9][0xae][0x81][0xa0][\n]"
17:56:13.045 [main] DEBUG org.apache.http.wire -- http-outgoing-6 << "`[0x8c][\n]"
17:56:13.045 [main] DEBUG org.apache.http.wire -- http-outgoing-6 << "bl6[0xc7]{[0x1e][0xb3][0xf3][0xb1]j[0xc8]"[0x80]1h([0xc8][0xce][0xe7][0xa9]$lN[0x92][0xcd][0xce]P[0xb9][0xc8][0xd5])[0xd0]k[0x84]mg[~[0xd7][0xc0][0x95];[0xc1][0x88]@[0x9][0x9][0xaf]u[0x1e](,[0xbc]~[0xf0][0xbd]b[0xd7][0xd5][0x9c][0x1a][0xef][0x1d][0xb1][0xee][0x82][0xe4])[0x88][0x82][0xe2][0xde][0xbb][0xbf]+[0xed]=[0xc6][0xeb]Sa[0x8a]@A[0xa8]pj}[0xb6][0xf9]([0x85][0x84]k.[0xe4].[0x91][0xac][0xf4][0x87][0xd2]'[0xda][0x1f][0x8f]}[0x8b]|[0xa6]K[0xa0][\r][0xc2]00S[0xef][0xff]x][0x93][0xd4][0x3][0x96]UD[0xb1][0x82]S[0x81][0x9c]$+[0x84]D[0x84][0xb2]-~[0x83][0xdb][0xfe][0x9a]0[0x80][0x8f][0xf6][0x1f][0x8f][0x1e][0xd8][0xc1]7~[0xc4][0xbe]=<[0x9c][0xf5]n[0xbe][0x9e]_[0x89][0x9b][0x8d]~[0x83][0xbe]M[0xde][0x82][0xa1][0x9d][0xad][0xa8][0xda][0x1f]N[0xa6][0xc1]([0xf5][0x80]w[0xfc]a[0xb2]|[0xc5]2[0xd9][0xf5][0xfa][0xf2][0x12]'[0xa9][0xd7][0xb1][0xc3][0xc0][0x84][0x1b][0xe2]X*P[0xcd][\n]"
17:56:13.045 [main] DEBUG org.apache.http.wire -- http-outgoing-6 << "[0xf7][0xad]I[0xd3][0x1c]R[0xf][0xc3]8[0x9]F[0xc5]e=</[0x85][0xb1][0x2][0xd7]"U`(9[0xd7]t[0x85]T[0xe6]n[0xf2]\[0xb1][0x8d][0xce][0x92]%R[0xb9]@[0x80]`[0xb4][0x16][0xc6][0x12][0x80][0xa9][0x0][0x94]nT[0x4][0xfe][0xe5][0x92]\[0x18][0xd1][0xad][0xee][0xae][0x5][0x1f]rd[0xbd]1[0x1f]a[0x16][0xee]f[0xfc]r[0xb9][0xc8]m[0xe6][0xae][0x81][0x9b]f[0x13]a[0x5][0xf6][0x94][0xe4]@k[\r][0x94][0xca][0xe]8EkW1[0x90][0xcd][0xc6]*[0x9][0xab][0x8][0xc0][0x4][0xf0][0x1d][0xac]][0x95]1lQ[0x1c][0xc0]9[0x93][0x81][0xd2][0xd0][0x85]wk[0x88][0xdd][0xf]_[0xed][0xae]Y/[0xe6][0x9c]3[0x2]b-!F[0xba]V[0x99][0xd3][0x82][0xd4]%>[0x8e][0xe3][0xd7]Y[0xfe][0x1c]yl[0xde]MP[0xb4]v[0x1d][0x97]2[0x1e]BbT[0x1b][0xd4][0x8][0x6])[0x15]h[0x9]VL9TRH[0xba][0xb]Y[0xe9][0xc0][0xd7][0x3][0xdf]Z8[0xf6][0xf1][0xd8][0x1f][0xd9]"Y[0x8f]l[0x9c]<[0xd9]4~o[0x94][0xf8][0xe2]U[0x89]/[0x85][0x98][0xa0][0x1c]1*8[0x99][0x1f][0x81][0x1a]'[0xbe]r[0xb4]=[0xba]?[0xe1][0xbd][0xab][0xcb]+[0xd5][0xe3][0x97]'g'G[0xed][0xe3]}[0xf6][0xf5][0xe4][0xe2][0xdb]&[0xda]^[0xdb][0x99]5[0xc9]p[0x92][0x85][0xac][0x9f][0xf1]i>[0xa6][0xbd][0x1c][0x9b]([0xb2][0xc9],[\r][0xc2][0xd0];[0x89][0x86]E[0x9][0xa1][0x1d][0x99][0xf0][0xa3][0x1e][0xbc]XkU-[0xc][0xd5][0xa4][0xbb][0xda]I[0xf0]g\[\n]"
17:56:13.045 [main] DEBUG org.apache.http.wire -- http-outgoing-6 << "h[0xdb][0xdf][0xca][0x1]-[0xd6][0xa8][0xf6][0xa6][0xea]T0.[0xe5]r[0xed][0x89][0x84]Bh[0x82][0x9b]e[0xbb][0x14]c[0x80][0x91]U@[0x8b][0xb1][0x6][0x1a][0x9][0xa0]2[0xb3][0xe5]/[0xa4][0xef]o[0x1e][0xd6]b[0xc4][0x8b][0xf4][0x9d][0x16][0x92]^[0xf7]AX[0x91][0xf2][0xea][0x84]&y[0xae][0xb4]xU[0xc0]wj[0xe0]{6[0xcb][0x96][0xf0]VS[\n]"
17:56:13.045 [main] DEBUG org.apache.http.wire -- http-outgoing-6 << "[0xb4][0xe4][0x80][0x12]Z[0xf4][0x1a]L[0xa7][0x99][0xd2][0x96]c[0xef][0xd4][0xc][0xeb][0xfc]][0x2]4[0xcc]{e[0xb3]l[0xf]m[0x5][0x83]|M[0x94][0xd5][0x12]2[0xf6][0x3]n[0x83][0x92][0xb7][0x8b]8[0xaf].r[0xe]VHH[0xad][0xe1]@)[0xe5][0x9d][0x7][0xd1]0[0xe][0xcb][0x9b][0xd0][0xa9][0x5][0x8f]q[0xb6][0x16][0x8b][\r]xV[0xa5][0xce][0x9e][0x95]l[0xb5][0x8a][0xd3]L[0xb3][0xa8][0x8c]~[0x18][0xa4][0x4])[0xba][0xb4]W[0x12][0xe][0xb5]bx[0xf3][0xf6]+[0xa0]W0[0xdf][0x8]_[0x12][0x9f][0x8d]|m}Y[\n]"
17:56:13.045 [main] DEBUG org.apache.http.wire -- http-outgoing-6 << "jo^[0xc7][0xe9][0xec]G[0xc5]YN9[0xd2]LS[0xc2][0x4][0xc2][0xb8]([0xce][0x96][0xc2][0xda][0x9c]l[0xd0][0xe5][0x9c][0xe0][0xab][0x87][0xfd][0x3][0xa6][0xbb]W[0xbd][0x93][0xaf][0xfd][0xaf][0xe2][\n]"
17:56:13.045 [main] DEBUG org.apache.http.wire -- http-outgoing-6 << "[0xf7][0xf][0x1e]6[0x86][0xb5][0xce][0xe][0xbb][0xa2]j/[0xb0]Q[0xfc][0xee][0x1][0xef]0[0x9][0xd2][0xd9]p[0xf2]C[0xe].[0x8a][0xc8][0x86][0x94]f[0x95]{[0xb6][0x1d][0x9a][0xd9]s[0x89][0xad]g%/[0x89]F[0xf3][0xfb]T[0xa5]eZA[0x8e]5Vk[\n]"
17:56:13.045 [main] DEBUG org.apache.http.wire -- http-outgoing-6 << "-[0x83][0x2]3[0xaa][0x1b][0xfa][0xb7][0x90][0x2][0x1a][0xaf][0xac][0x4]B#[0xa0][0xb0][0x4]Zn[0x84][0xeb][0xbf][0x92][0x95][0x0]cR[0xf0][0x12][0x84][0xf6][0xbb][0xc9][0x8][0x99]w[0x14]8[0xc2]E#[0xfb]g[0x9d]n[0xc0]6[0xb8]g[0xcd]bN8YL[0xb3][0x5][0xb0][0xcc])[0xab][0x8c][0x3]%PA[0xa8]][0xce]Ut[0x17],[0xc7][0xab][0xa3]\[\n]"
17:56:13.045 [main] DEBUG org.apache.http.wire -- http-outgoing-6 << "$`[\r]-[0x6][0xcb][0xa9]*[0xdd]][0xb9]8W[0x12][0xb8][0xe6]3P[0x4][0xd2][0x9f][0x8e]r1[0xe3][0x10]#[0x6][0xb9][0xab][0x87][0xa8]=e[0x12][0xed][0xf5][0xed]0[0x8e]*l[0xb4][0xc5]4X3W[0x17][0xd3][0x14][0xd7]E[0xb8][0x98]A[0x8c][0xb0][0xc4]kgL[0x5]1Ets[0xd6][0xb9][0xe8].[0x18][0xfa][0x8a][0xfa][0xc4][0xf8][0x8a][0xf8]c(6[0x17]/[0xac][0xce][0xc6][0xb5][0xfe][0x2]YD-U[0x8c][0x12]F[0x8][0x92][0x8c]!QT[0x10]N;[0xfb]y[0xd4]~[0xbd][0xbd]^[0xa1]V[0x1e][0x1c]]]]><![CDATA[>[0x9e]a![0xe][0xdb][0xfa][0x81][0x8a]+[0xa6].[0x8e]n[0xc9]=[0xdf][0x1][0xb5]G[0xc1][0xa0][0x9c][0xfd][0x9a][0xdb][0xb6]n[0xec]p[0x12][0xc5]a[0xfc][0xf4][0xb1][0xd5][0xb7]%kjS[0xca][0xf2][0xc1][0xa5][0x8d][0xa2][0xd9]G[0xf8]f[0xca][0xd2][0xd0]e[0xbb]t[0x82][0xc1][0x9c][0xd7][0x91][0x96]p(5[0xe3]J.[0x82]X[0x84][0xa1][0xd0][0x94]Q[0xde][0x88][0xb3][0x94]s[0x80][0x15]^I[0x8][0x8a][0x2][0x86][0x4][0xc0][0x9c][0xff]*[0xce][0xfe][0xe6]90[0x8c]e[0x1][0xb3]S[0x1b][0x6][0x85][0x0][0xf6][0xd2]&e[0xbe][0x1e][0xc5][0xd1][0x9f]&[0xcc][0xc6][0xe7][0x9c][0xa5][0x1b][0xad][[0xd9][0xb4][0xf0][0xc5][0xcd][0xb4][0xad]N[0x81]c[0xa0][0x95][0x2][0x9a][0x93][0x82][0x80]0[0x9f][0xe4][0xa9][0xc0][0xd7][0xf9]`5\1[0xc0][0x80]4[0xac]S[0xf8][0x9c]h[0xbb]qV[0x9]([0xd6]%[0x4][0x4]i[0xde]_[0xb0][0xa0][0xe8].y0[0xe2][0xc4]1B [0xd3]P[0xd6][0x86][0xb1][0x84]{_[0xc3]i[0x93][0x8]v[0xb7][0x14][0x98]R[0xf5][0x88][0x5][0x9c]C[0xa5][0xb9][0xa4][0xab]`[0x7]K[0xa8][0x88]&t[0x97]<[0x18][0xf6][0x5]s[0x5]b[0x82]:[0xbb][0x81].[0x89][0x8]y[0xc6].[0xc][0x9f][0x0][0xb4][0xa3][0xc8]k'[0x83]L[0xa7]j.(pI5eR#[0xae][0x10][0x93]B[0xb4][0xb6][0xa4][0xc4][0xf6][0xaf][0xcf]W[0xc0][0xbd]S[0xdf][0xba][0xa7][0xb7][0x8f][0x7]G[0xaa][0xc3]$[0xa2][0x97][0xa7][0xd7][0xb4]{wrt[0xbb][0xa3]d[0xfb][0x1e][0x8c][0x9d]`[0xdb]O[0xcd]tZ[0xc2][0xee][0xd7][0xef]v[0xf8][0x9a][0x6]ov+u[0xa9]F[0xd5][0xb9][0xcf][0x1a]][0xde]![0xba][0xb8][0xe2][0xdd]*+[0x17][0xad][0xd5][0xe3][0xb1][0x86][0x2]s[0x89][0x16][0x96]=F [0xc7][0x98][0x89]f[0xf6][0x3]E[0x5]PB.[0xa1]+[0x85][0x6]L[0xbb][0xb1][0x8d][0xd0][0xfd][0xff]h?[0x10][0xbf][0xa7]r@p#[0xb7]l[0xa3][0xe2][0x84][\r]^[0xd9]-NYF[0x8] D[0x2][0xc1]0);e[0xbf][0x97][0xad][0xb2][0xdf][0xeb][\n]"
17:56:13.045 [main] DEBUG org.apache.http.wire -- http-outgoing-6 << "[0x14]Tc[0xcf]A6M[0xa5]X[0x9b]7[0x1c]hHE[0xae][0xe][0xf7]G[0x82][0xd8]<f[0xa9]+[0xbc][0x81]XrHH[0xad]R[0xcb][0xb1][0xaa][0x4]m[0xb5][0xdd][0xa0]i[0xb2][0x84]r\[0xeb][0xf9][0x91][0xc]*,[0x5][[0x4][0xb2][0xd8][0xf9][0x84][0x15][0xda][0xa5][0x1a][0x8c][0xf9]C[0xea]["
17:56:13.046 [main] DEBUG org.apache.http.wire -- http-outgoing-6 << "[0xed]S[0xee][0x13][0x17][0xcd][0xfe]\[0x14][0xcb][0xbe][0x10]][0xa4][0xaa][0xd2][0x94]2B[0xb9][0xfb][0x13])T0[0x1a]du[0x8d][0xde][0xbe][0x89][0x86]f~[0xcf]Y[0xe3]k[0xff][0xeb][0xd9][0x8a][0xaf]'[0xe7][0x97][0x87][0x9d][0xc7][0xab][0xfe][0xf1][0x9d][0xbe];[0xfa][0xaa][0xbe][0xea][0xd3]o[0xe2][0xa0]{[0xd4][0xdf][0xc4][0xd7][0xae]I[0x9e]m[0xbe]8[0xe1][0xdc][0xe]ff[0xf8]\[0x10]d[0xb7]*[0x6]Ls[0xef][0xd0][0xed][0xba][0xd2][0xea]v[0xe2][0xf0]u:x[0x9d][0xed].[0x16][0x8][0xa6][0xe7][0xe5]pUG[0x14][0x5]5[0xa3]T[0xd1][0x95][0xb3]@@[0x89]%[0xa5][0xcd][0xb4][0x2][0x89][0xb9]+[0xcd]][0xab][0xb3]u[0xce]v[0xc][0x88][0xc0][0xbf]\+[0xf8]M[0x13]`[0xa4]Pv[0xd0][0x8b]3[0x8b][0xff][0x1a]I[0xcf][0xed]{=H[0xe9][0x86]*[0xaf](6[0x13][0x18][0xba]WoI{[0xd1][0xec][0xe]'[0x9d]_Y[0xe7]1[0xea][0xa6][0x8][0xf3][0x18][0xcd][0x86][0xaa]#V[0xe][0x4]h[0x18][0xb0]f[0xb3]4Hy[0x9][0x5][0xe5]Z[0xa1][0x97][0x12][0x10][0xf3][0x9f]og@0[0x82][0x18]9/?[0xdd]Tt[0xc0][0xb0]w[0x18][0x8c]+2^[0xa5][0xa2][0xda]vh[0x6]fZ[0xda]l%[0x8c]2"[0xb2][0xe3][[0xa5][0xea]J[0xa0][0xd4]b[0xa5][0x6] [0xe8]:[0x4][0xec]d$[0xb0][0xd4][0x1f]s_[0x8c]|%|;[0xf2][0x7][0xa3]"G[0x1f]Mh[0x9b]H[0xae]U[0x4][0x95][0x1c][0xb][0xad][0x14]W[0x8a]0[0xac][0x4][0xc9][0x13][0xb4][0x1b]$[0x1b][0xbc][0xb0][0xe7][0xe7][0x92][0xab]C[0xf6]xrF[0xb8]~[0xbc]@[0xf][0xea][0xf1][0xa2][0xdf][0xc5]w?[0x97][0xdb][0xea][0x9b]4[0xb5][0xc9]8[0xb0][0xe1]h[0xcf][0xeb]O[0xdc][0x9f][0xb3][0xec]_[0x9f][0x7]i[0x9a]U[0x19],[0xc8]z[0x99][0xc4][0xd8][0xa5][0xeb][0xab][0xde][0xc0][0xa5]EM[0x19]uY'[0xe8][0x6]QdgqZ\[0xf4]n[0xc9][0xbb]E[0x91][0xe2]u[0x84][0x5][0x1a]2[0xa6][0xb5]X[0x16][0xd3][0x12][0x6])W[0x94]l[0xbc]{[0xae][0xe2]U[0xad][0x0][0xe7]+[0xbb][0xac][0xc4][0x18]0[0xa5][0x80]$[0xff][0x16][0x9]>[0x1]K[0xb][0x91][0xea][0xa7][0x11]/[0xcf][0xd8]n[0x9c]|[0xaa]N;[0xd7][0x1e][0xfc]1[0x9f][0xf]N[0xe7]Sl[0xf6][0xca][\n]"
17:56:13.046 [main] DEBUG org.apache.http.wire -- http-outgoing-6 << "[0xc5][0x1][0x17][0x18]h[0xcc][0xb][0xbd]c>[0xa7][0x99][0xe6]a[0xbb][0x18][0xad]+@[0xd0] S[0xe2][0x1b][0x0]w1S[0x3][0xe6]r[0xe6]b[0xd5]e[0xe4][0x8a][0xa0] [0xff][0x3]%[0x8][0x18]A[0xaa]3[0xea][0xb2][0xfa]*/[0xce]j[0xca][0x10][0xda][0xaf][0xb3]4[0x88]ry[0xe6][0x86]e[0x8][0x84]r][0x87]\[0xe7][0xa0] l[0xd5][0xc8][0x0]`$[0xa1]s%[0xa8]][0x1a][0xc8]X[0xe9][0x1b][0xe2][0x8a]k[0x7].x[0x9d];|[0xd6][0xa1]{i_^[0xac]{[0xef][0xa6][0xe8]-I[0xb0][0x82]c[0xc9][0x19][0x91][0x1a][0xb][0xa5][0x90][0xd8][0xa9][0xb8][0xf6]h[0xff]r[0xc5]a[0xc6][0xda][0xd7][0xed]squ[0x87][0xe]{'w=tyt[0xd2]?[0x17][0xa7][0x7][0x9b]8|[0xfc]:5[0x91]wmg[0xf1]k[0x92]S[0x9][0xce]f[0x93][0xd0]U[0x80][0xed]y[0xdd][0xc0][0x15][0xde][0x84]a[0x6][0xdf][0xfb] [0x1c][0xd9]djv[0xae][0xfe][0x12][0x9a][0xd5][0xc9][0xef][0xee][0xf0]r[0x10][0xd8][0xa7][0x9f]qJs][0x9b][0x13][0x13][0xce]^[0x88][0xf4]2'[0x86][0xb9][0x82][0x84]a[0xb1][0xf9]2XK[0x89][0x9] [0x15][R[0x98]Q[\r][0x4]V[0x80]([0xf1]o[0xbf]A[0x8e][0xc5]E[0xbf]A[0x18][0xfc]Q[0xc]w;[0xc9]km>lKO[0x83]?[0xcc][0x4][0xe][0x93][0xd7][0x8d]"-[0xf6][0x4][0xa6][0x80]S[0x2][0x8][0xe7][0xb2]X[0xaf][0xe0][0xa6](:[\r][0xe6][0x83]u[0xc2][0x81]+Mi[0xdc][0xd9][0xc0]M[0xb4][0xdd]n[0xa0]yf[0x9d]][0xd6]*[0xa8][0xac][0xd7][0xc1][0xce]v[0x83][0x9c]v[0x80][0xa5][0x82][0x8c]C[0xe2]:[0xc9][0xd0]z[0xed]@[0xd1][0xda][0x1d]X[\n]"
17:56:13.046 [main] DEBUG org.apache.http.wire -- http-outgoing-6 << "[0x80]z[0xb1]3[0x83][0x1d][0x98][0xe7]r[0xc][0xd4]+%[0xc2][0x88]`[0xaa][0xce]n[0x80]5[0xe4]D3[0xb2][0xdc]}[0xc2]eN[0x14][0x16][0xbb][0xe4][0xc1]0[0xf6][0x7][0xd6]y[\r][0xb8][0xf1]5[0xf1]e)[0xf4][0xcd]K[0x8][0x1d][0x13][0x6][0xe3]8[0x89][0x2][0x3][0xc0][0xbe]M[0x9e]mh7"[0xb9]T[0xb8]@[0xb0][0x12]L`)4RX[0xa9]B4[0xbc][0xdf]q[0xbd]VF[0x1b][0xda][0x1c]\][0xb][0xd1]~[0xfc]vxv$[0xf][0x8f][0xf7][0xcf][0x1f]O.[0xdb][0x9d]#$6[0xba][0xbd][0xaa][0xda][0x1c][0xf4][0xd3][0xf8][0xd9][0xce][0x9c][0xb9][0xd6]$s[0xf5][0x82][0xb9]K[0xd9]a[[0xd4][0xeb][0xd4]Q[0xef][0xd4][0x8e][0xc7]6[0xab]3k[0xb0][0xf2][0xf6][0xdd];[0xb5][0xc9],[0xfb][0xca]r[0xeb]~ZR[0xe7]1Eu[0xd8][0x15][0x1a][0x12][0xa4]4YU[0xdd]r[\r][0x95][0xc4]D5t"`[0xee][0x82][0xdd]|[0xad][0x98][0xe0][0x9f]([0xfe]7vW[0xd8][0x15]y[0xec][0xae][0xfa][0xd6][0xad]q[0xb7][0x9f][0xda]w[0x93][0x94][0xda][0xc9][0x9c][0xd9]03[0xe4][0xce][0xe3]`[0xb1]I[0xb6][0x9d][0xce][0xa7][0x85][0xb3][0xf9]L[D[0x7][0xc6]9PD[0x3][0x8e]X[0xc1][0x8d][0xf0]9[0xcf]s[0x9e][0xc3][0x8b][0xd1]j[0xe9]A[0xb9]Z[0xdc][0x86]~[0xdb][0xc5]L[0xdb][0x8d][0x8]ZC[0xb5][0xa6]>H[0x91]i[0xba]?kEp[0xe2][0x3]s[0x9a])T[0xb5]$V[0x84][0xd6][0x18][0xde]k}[0x97][\r][0xe3]a!([0xaa][0x8b][0x87][0x1][0x11][0x90]#-[0xc4]J[0xf0]#[0x12]J[0xc6][0x84][0xde]XJT[0xee]x[0x80][0xb9][0xaf][0xb5]o[0x90]O[0x88]OK[0xcd][0xbd][0xb2][[0xc7][0xbb][0x9d][0xa5]6i[0xda]p[0xa6][0xc]`[0xa9]1[0xe6]T)[0xa6][0x85][0x94][0x2][0xed][0x12][0x13][0xe7][0xda][0x1f][0xdc][0xde][0x9c]a[0xad][0xdb][0x9d][0xc3]v[0xef][0xf1][0xfc][0xe8][0x82][0x90][0xd3][0xc3][0xf6][0xa3][0xd0]b[0xb7]:[0xdd][0xfe]p[0x12][0xbf][0x9b]0[0xb5][0x89]7[0xbf][0x96]v-[0xd5][0xa5][0x8c]U[0x1f]}*+u[0xb3][0xb][0xd0][0x8c][0x8a][0xe][0x94][0xce]E9[0xee]e[0xb2][0xbe]p[0x8c][0xba]&2[0x94][0xc8]u/[0x98]B[0x88][0xcb]f[0x95]c[0x84][0x9][0xc0][0xd7]<[\n]"
17:56:13.046 [main] DEBUG org.apache.http.wire -- http-outgoing-6 << "[0x84]P[0xc0][0x8][0x3]X[0xa9][0x97]9[0xac][0x13][0x98][0x15][0x9c][\n]"
17:56:13.046 [main] DEBUG org.apache.http.wire -- http-outgoing-6 << "[0xc7]6J[\n]"
17:56:13.046 [main] DEBUG org.apache.http.wire -- http-outgoing-6 << "e[0xe]7[0xaf]IT_[0xad][0xcb]6T[0x90]M[0xdc]d0[0xcd]^[0xbf]9[0xf4][0xa5][0x92][0x1]&[0x11][0xe0]H[0x15][0xf2]e[0xd9][0x1c][0x85][0xfa][0x86][0xf9]X5o[0x11]p[\r][0x84][0x9a][0xf1]v>O[0x13][0xe1][0x1]Cg[0xe9]X*[0xf][0x4]j[0xf6]#%d%[0xa3][0xad]v[0xf5][\r][0x14][0xba][0xe4]?[0xce]<[0xe0][0xd5][0xe][0x5][0x84]w+#[0xbb][0x98][0x4][0xc5][\r]xQ:x2[0xac][0xeb][0xfd][0x9]D@F[0xc9][0xea][0xe0])][0x9b]'[0x84]v[0xea][0xa4]([0xb4]?[0x1a][0xb9][0xe6]2[0xae][0xab][0x17][0xdb]jO[0xd8][0x96]<[0xab]r[0xdb]j[0xae](EZJ*[0xb1][0xd4][0xc5]*[0xdd][0x92][0xf4][0x9b][0xcb][0x98]][0xdc]][0xaa][0xb3][0xc3]~[0xe7][0x90][0xdf]]?tn[0xe9][0xb7][0xf3][0xb3][0xce][0xcd]E{c?[0xaf]L.XkW[0x1b][0xc][0x9f]m[0xe4][0x82][0xdc]}k&9a![0xb3][0x80][0x5]C[0x13]z[0x8b]b[0xb2][0xed][0xb6][Mjd[0xfd][0xce]$[0x18][0x9a][0x9c][0xc6]p[0xff][0x11]O[0xe7][0x98][0xcf][0x95][0x8]>[0x96]zw[0x89][0xcf][0xd2][0xba][0x8a]EvQ.[0x93]b[0xc9]X[0x85][0xa0]D[0xac]ak[0x19][0xa5][0x18][0x10]d[0xad][0x90][0xec]3j[0x12][0xfa][0x97][0xb9]mw[0x81][0xb7][0xd8]([0xb1]g[0xca][0xcd]e[0xae][0xad][0x1d]5[0xea][0xdb]UL[0xa1]es[0xc1][0xc4][0xda][0xd1][0x96]F[0x89]L[0x1][0xc1][0x8]`\[0x16]D[0x85][0xf9][0x14]I![0x89]6[0x1f][0xac][0xeb][0xdc][0x85]Ic;[0xc2][0xe7]L[0xdb];[0xd4]*[0x1][0xe5][0x9a]![0x81][0x93]b[0xcb][0xc4][0x1f][0xab][0xcf][0xc5][0x2]:m[0xc1][0xd5][0xe8]bR[0xdb][0x9f]V[0x91][0x9a][0xb6]N[0xe7][0xf1][0xcc]kGOv.[0xbe]/[0xb6][0xdd]m[0x9a][0xa9]B[0xeb]{[0xee][0xb6][0xd4][0xb9]KRR[=&[0x4]T[0x92])[0xf7][0xb]6[0xee][0x92][0x10]Q[0x85]v*[0x1e][0xc3][0x3][0xdf]`[0xd7][0xfe]`8r[0x2]/-U0[0xe4][0xc1]Z0[0x8e]6[0x8f]d[0xb1][0x96][0x1c]1"[0x9]g[0x94]j[0x8a][0xb7][0x19][0xbe]r=[0xc1][0xf1][0xfe][0xe1][0x81][0xba][0xb9];[0xbc][0xff]v~wpy}zyE[0xcf][0xc8]~[0x87][0xed][0x18][0xbd][0xa6]&y.[0x5][0xae][0xbb]6GD[0x92][0xd7][0x14]4[0xd4][0xdc]@[0xe7][0x12]RMW[0xda]^[0xa9]+-QZ[0xd7]%[0xd2]\s:!)[[0xae][0xb8]@P+[0x8a]p3[0xce][\n]"
17:56:13.046 [main] DEBUG org.apache.http.wire -- http-outgoing-6 << "&[0x81][0x10]z[0xc9]Y[0xe7][0xbe]U\[0x2][0xbc]YK[0xf8][0x97][0xe2]lQE[0x8][0xc2][0xa2][0xe7][0xab][0xae][0x9e]a[0x91][0x1f][0xa8][0xcc][0xa7][0x95]u[0x84] 4[0x8d][0x8b][0x1a][0x94][0xa6]@q[0xee]Z[0xb7][0x17][0xaa][0xc6][0xdc]4[0x85]tZ6T[0x97]KS[0x8d]si[0xd9]4[\r][0xca][0x18][0x18][0xc4]4[0xe7][0xb5][0xd5]?[0xd4]/[0xb1] [0x1f] W[0x89][0xae]![0xa1][0x18][0xaa][0xda][0x96][0x8][0x98]q[0xe6]][0x98][0xe7][0x86]j^[0xd7]~[0xf][0x86][0xc5]X[0xb6][0xd7]-[0xc5][0xb2][0x82][0xd1]:5[0xcf][0xe5][0xd2][0x4]&ziw[0x17][0xae][0xba]M[0xd3]]D\[0xa1]}5[0xf0][0xa5]u-[0xc1][0x19][0xf3]uI8[0xc8][0x13]w[0xad][0x83]C[0xf3]F[0xb5]B[\n]"
17:56:13.046 [main] DEBUG org.apache.http.wire -- http-outgoing-6 << "[0xe7]`[0x90][0x82]2[0x86][0x5]*[0xe8][0x6][0x9b][0x8c]`[0xb9]L[0xda]1[0x11][0xb7][0xf]'[0x87][0xe4][0xdb][0xc3][0xed]UW[0x13][0x81][0xef][0xd8][0xa3]V[0x7][0xf7];[0x1a][0xc1][0xee][0x83]Y[0xfc][0xfc][0xe1][0x1][0xef]:~[0xb7]UUd[0xed]d8[0x9]R;[0xac][0xaf][0xd0]%[\n]"
17:56:13.046 [main] DEBUG org.apache.http.wire -- http-outgoing-6 << "W[0x9b]lK9[0xd3][0xeb]I<[0xb2][0xde][0xc9][0xcc][0xb5]i,[0xac][0xf5]u[0xb9]8[[0xcc]u[0xd4]J[0xd8]R([0x89][0x10][0xab][0x16][0xe0][0x88]@[0x8d][0x89][0xd0][0xcd]`+[0x91][0x2]s[0x3][0xc9]gP[0xcb][0xb4]k[0xf0][0x5]([0xfe][0xdf]j[0x1][0xce][0xf8]o[0x89]\!J][0xbe][0xa2][0x2]s[0xcf][0xe3][0xec]r[0xda][0x88][0xdb]-[0xed][0x11][0xdc][0xa4]0[0x8c][0xa3][0xa7]M[0xa8][0xd5][0xd8][0x13]Z[0x2]E5[0xa0][0x4][0x97][0x9a][0x81][0xdb][0xa8][0xc8][0xda][0xf9]X]w[0x4][0xd6][0xb4]nl>M[0xb5]x[0x90]o[0x9][0xae][0xa1]Z[0xcb][0x9a]q[0x1]5[0xfd]y[0xda][0x12][0x17]'3[0x9][0x9]c0;[0xc6]W[0xef]A[0xa5]hm[0x8d][0xae][0xcb]][0x9f][0xc6][0xb3]"r[0xd7][0x8b][0x1e][0x16][0xc0]-[0x9d]+[0x89][0xfe],[0x0][0xa8],n[0xd0][0x10][0xb]AW[0xe9][0x13][0x8c] [0xa1][0x92][0xab]][0xca]t[0xe5][0xd8]7[0xd2]g[0xdc][0x1f][\r]|c}[0xf1]Se[0xba][0x15]"-[0x91][\n]"
17:56:13.046 [main] DEBUG org.apache.http.wire -- http-outgoing-6 << "q[0xc1][0x88][0xd6]J[0x92][0xad][0xa1][0xed]Io[0xad]x[0xec][0xf8]L[0x1c]^[0xcb][0xf6][0xf1][0x5][0xee]?[0x1e]c$[0xfb][0x97][0x98]<>[0xe8][0x8d][0xa1][0xed]v[0xd3][0xd8]~[0xf2]Z[0xfd][0xe8][0x5]'[0xd3][0xe][0xcc][0xcc]zm[0xf7][0x8][0x94]`[0x96]&&[0x8d]k[0x83]][0xad][0xb8][0xd7][0xb][0xaa]:}UT[0xb4]4Vk[0xa9]`[0xb5][0xe9]2[0xae]!b[0x88]Q[0xbc][0xb7][0xd6][0xa4][0x16]3[0x86]y3[0x97][0x2]s[0xe1][0xac]Xk[0xf3][0x85]5`[0xd2]%`~qk[0xc5][0xdf]][0xac]U[0x85][0xde][0x8a][0xed][0xa4]XT[0xe6]4[0xb4][0xb2][[0xac]k[0x92][0xf9][0xfd]v.+[0xf0][0x8d]%[0xe]I`[0xe0]8[0x9b]f[[0x9e][0xc][0xf3][0xcc]3[0xad][0x8]-[0xd6]8$[0x81][0x99][0x16][0x8b][0x1c][0xb2][0xb1][0xea][0x10]W[0xbb][0xae]_[\r]C[0xdc][0xf9]<[0xdb][0xfb]*[\n]"
17:56:13.046 [main] DEBUG org.apache.http.wire -- http-outgoing-6 << "[0x4][0xd1][0x9a][0xaa][0xe0][0x9e][0xbf][0xf5]C[0xaa]B[0xce][0xac][0xe0][0x8a][0xd4][0xdc][0xf5][0x0][0xb1][0xc6][0xb5][0xde]\M[0xaa][0xa3][0x9e][0x9a][0xfc][0xd8][0x8d]{[0xdc][0xc5]lf[0x8b]N[0xa1][0x9b][0x92]][0xd3]%[0xa0]k[0x5][[0xe5][0x9e][0xbc][0xa0][0x17][0x87]LB[0xa0]F[0x8a]l[0xee][0xb3]W[0x0][0xae][0x1e][0xf9]#[0xec]c[0xed][0x9a]*2[0xee][0x93]R[0xc5][0xee][0xdc][0xca][0x1f][0x98]&[0xcc][0xc5][0x15]>][0xc4][0x90]v[0xc4]ED[0x9][0xa2]h[0xc1][0x99]Pz[0xd4]M[0xae]|[0xec][0xc][0xbb][0xbc]:>[0xbe][0xbc]x[0xd8][0xef][0x1e]1[0xd6][0xa5]J[0xf4][0xee]onz?[[0xaf][0xdb][0xe8]ibX[0x12]U#[0xc0][0x1f]:e[0xf7][0xde][0xa9][0x5][0xb9][0xbb][0xe8] [0xa9](q[0xe8][0x95][\n]"
17:56:13.046 [main] DEBUG org.apache.http.wire -- http-outgoing-6 << "[0xc6]$S[0xa8]V7[0xc0][0x90]s%V[0xf]VP[0x1c]*[0xac]IC[0xdd]@*[0x6][0xf4]Z[0x85][0x3]v[0xcd]P[0xa5][0x4][0xe2]W{[0x10]~[0xf3]P[0x96][0x14][0x1b]}[0xf5][0xe2]b[0xc5]X'[0xfe][0xec][0xad][0x99][0x83][0xea][0xfe][0xba]l[0xb0][0xb1][0xd3]L[0x14][0xbf][0x19]8[0xcc]&[0xd9][0xa2][0x19][0x10]M[0x0][0x17][0x1a][0xa8]yO[0xc1]\[0xbd][0xc3][0x9b])<[0xd6]&[0x1b][0xaa][0xef]4[0x83][0x9b][0xea][0xb4]n[0x9a][0xed][0x9a][0x1][0xe7][0x99][0xdb][0xb6][0xde]|[0xfb]C[0xcf]X[0xc0][0xec][0xb3][0xd3][0xc][0xe5][0x10][0x8b][0xda][0x4][0x18][0x16]JVC[0xb5]Z[0xa6]m[0xbc][0x1][0x99][0xc6][0xb4][0xae]zL0([0x99]$K[0xa6][0xba].[0x8][0x94]K[0xb1]S[0xe][0xcc][0xfa][0xd6][0xf8][0xd4][0xfa]c[0xea][0x93][0x91]?[0xcf][0x8d][0xac]3[0xf5][0xc0][0xe1]j[0xfe][0x8][0xac]8[0xc][0xed][0x93][0xdd][0xc9][0xeb][0x85][0x11][0xe1][0xee]9[0x11][0x92]0[0xbe]h[0xad][0xb2][0xc5][0xeb][0x95]K[0x81][0x1d]=[0xa8][0xe3][0xfb][0xeb][0xf3][0xdb][0xab][0xfb][0xe3][0xdb][0x8b][0x13]ux%[0xcf][0x18][0xa3]G[0x97];j[0x5][0xf5][0x8d][0x14][0x9b]=\AK[0xe4]u[0xcd]KX^[0xde][0x8a][0x90]5k[0x8c]V[0xea][0x80]pT[0xea][0x80]@\s[0x88][0xda][0xbb][0xa5]+f`h[0xa9][0x9][0xb9][0x7][0xc7]aM[0xc5][0xe6][0x13][0xca][0x9a][0xbd]@[0x3]*[0xd8][0x9a](+[0x81]{8[0xca][0x16]{[0xc1][0x6]Q[0xf6][0x1f]^[0xf2][0xe6][0xfa]7[0xa1][0xbf][0xcf][0xf9][0xf9][0x85] [0x8c][0x10]F[0xae][0xd0]'[0xb1][0xe3][0xf8]{f[0xe6][0xfa]][0x90][0xb9][0xfd][0xf4][0xbf][0xf9][0xd9][0x8b]l[0xfb][0xb1][0xbf][0xc9][0xc3][0x17][0xb5]T[0x80]2[0x1][0x84][0x16][0xa8][0xe2][0xdc]_z[0xc][0x98][0x1b][0xab][0xeb];K[0x1b][0x3]s>O[0x83][0xbe][0xb3](GL[0xcd]![0xe7]?[0xd2][0xd1][0xa0]d[0x1a]P[0x1c][0xba][0x96][0x83][0xb0][0xbe][0xd4][0x16]cY[0xb3][0xa1][0xea][0x1a]85[0x8f]B[0x19][0xe2][0xb4][0xce][0xa6]E][0xd0][0xad][0xe5][0xda]I[0x10]+[0x98]=na[0x97][0x93][0xbf][0xa2][0xbe][0xe4][0xfe][0x80][0xf8][0x3][0xe1][0xda][0x1a][0xa8][0xd2]so[0x1b][0x9f][0xfc]q[0x85][0xcc][0xaa][0x98]3[0xd0]KW[0x8b]O[0xb5][0x10]M[0x98][0x99][0x8b]D[0xd9]a[0xbf][0x8b][0xc8]a[0xa7][0xd7];[0xa3][0xfb][0xbd][0x8b][0x13][0xd2]?8>[0xd6]x[0xa3]?[0xb6][0xf2][0xa1]4[0xc7]6[0xc]mR[0x88]G[0x1b][0xd6][0x83]a[0xaa]7[0x19]c++[0xaa][0x9b]5[0x6][0xe2][0x88][0xb3]:a[0x7]C[0xca][0x5][0xe6][0xb][0xf][0x9e][0xab][0xf7]VZ*[0xdd][0xc][0x9a][0x1c]i[0xa0][0xd8][0xda][0xc3]h[0x18][0x2][0x4]a [0xe4][0xff][0xd6]1[0xff]7[0x8b]H[0xff][0xdf]^+[0x8d]S[0x13][0xba][0xa7][0x8e][0xec][0xb5]f[0xcf]n[0xb3][0xa3][0xbd]V[0x18]L[0x3][0xd7][0xb5][0x87][0xfe][0xf5][0xdf][0xca][0x82][0xfe][0x10][0x81]|[0x0][0x0][\r][\n]"
17:56:13.046 [main] DEBUG org.apache.http.impl.conn.DefaultManagedHttpClientConnection -- http-outgoing-6: Close connection
17:56:13.046 [main] DEBUG org.apache.http.impl.execchain.MainClientExec -- Connection discarded
17:56:13.046 [main] DEBUG org.apache.http.impl.conn.PoolingHttpClientConnectionManager -- Connection released: [id: 6][route: {s}->https://dummyjson.com:443][total available: 0; route allocated: 0 of 5; total allocated: 0 of 10]
17:56:13.046 [main] DEBUG org.apache.http.impl.conn.PoolingHttpClientConnectionManager -- Connection manager is shutting down
17:56:13.046 [main] DEBUG org.apache.http.impl.conn.PoolingHttpClientConnectionManager -- Connection manager shut down
17:56:13.048 [main] DEBUG com.intuit.karate -- response time in milliseconds: 68
1 < 200
1 < Access-Control-Allow-Origin: *
1 < Content-Type: application/json; charset=utf-8
1 < Date: Sun, 03 Aug 2025 10:56:13 GMT
1 < Etag: W/"7c81-5XDFQ2ugg1ZtFQL4kYTaUrTpbtM"
1 < Server: railway-edge
1 < Strict-Transport-Security: max-age=15552000; includeSubDomains
1 < Vary: Accept-Encoding
1 < X-Content-Type-Options: nosniff
1 < X-Dns-Prefetch-Control: off
1 < X-Download-Options: noopen
1 < X-Frame-Options: SAMEORIGIN
1 < X-Powered-By: Cats on Keyboards
1 < X-Railway-Edge: railway/asia-southeast1-eqsg3a
1 < X-Railway-Request-Id: wgdp3MpASPK_wHAaacI7Nw
1 < X-Ratelimit-Limit: 100
1 < X-Ratelimit-Remaining: 96
1 < X-Ratelimit-Reset: 1754218583
1 < X-Xss-Protection: 1; mode=block
1 < Transfer-Encoding: chunked
{
  "users": [
    {
      "id": 1,
      "firstName": "Emily",
      "lastName": "Johnson",
      "maidenName": "Smith",
      "age": 28,
      "gender": "female",
      "email": "emily.johnson@x.dummyjson.com",
      "phone": "+81 965-431-3024",
      "username": "emilys",
      "password": "emilyspass",
      "birthDate": "1996-5-30",
      "image": "https://dummyjson.com/icon/emilys/128",
      "bloodGroup": "O-",
      "height": 193.24,
      "weight": 63.16,
      "eyeColor": "Green",
      "hair": {
        "color": "Brown",
        "type": "Curly"
      },
      "ip": "42.48.100.32",
      "address": {
        "address": "626 Main Street",
        "city": "Phoenix",
        "state": "Mississippi",
        "stateCode": "MS",
        "postalCode": "29112",
        "coordinates": {
          "lat": -77.16213,
          "lng": -92.084824
        },
        "country": "United States"
      },
      "macAddress": "47:fa:41:18:ec:eb",
      "university": "University of Wisconsin--Madison",
      "bank": {
        "cardExpire": "03/26",
        "cardNumber": "9289760655481815",
        "cardType": "Elo",
        "currency": "CNY",
        "iban": "YPUXISOBI7TTHPK2BR3HAIXL"
      },
      "company": {
        "department": "Engineering",
        "name": "Dooley, Kozey and Cronin",
        "title": "Sales Manager",
        "address": {
          "address": "263 Tenth Street",
          "city": "San Francisco",
          "state": "Wisconsin",
          "stateCode": "WI",
          "postalCode": "37657",
          "coordinates": {
            "lat": 71.814525,
            "lng": -161.150263
          },
          "country": "United States"
        }
      },
      "ein": "977-175",
      "ssn": "900-590-289",
      "userAgent": "Mozilla/5.0 (Macintosh; Intel Mac OS X 10_15_7) AppleWebKit/537.36 (KHTML, like Gecko) Chrome/96.0.4664.93 Safari/537.36",
      "crypto": {
        "coin": "Bitcoin",
        "wallet": "0xb9fc2fe63b2a6c003f1c324c3bfa53259162181a",
        "network": "Ethereum (ERC20)"
      },
      "role": "admin"
    },
    {
      "id": 33,
      "firstName": "Carter",
      "lastName": "Baker",
      "maidenName": "",
      "age": 31,
      "gender": "male",
      "email": "carter.baker@x.dummyjson.com",
      "phone": "+49 787-512-9117",
      "username": "carterb",
      "password": "carterbpass",
      "birthDate": "1993-4-19",
      "image": "https://dummyjson.com/icon/carterb/128",
      "bloodGroup": "A+",
      "height": 190.96,
      "weight": 70.78,
      "eyeColor": "Green",
      "hair": {
        "color": "Brown",
        "type": "Straight"
      },
      "ip": "167.111.147.45",
      "address": {
        "address": "625 Third Street",
        "city": "Denver",
        "state": "Oregon",
        "stateCode": "OR",
        "postalCode": "74622",
        "coordinates": {
          "lat": -63.00584,
          "lng": 76.189171
        },
        "country": "United States"
      },
      "macAddress": "35:0:ad:91:5f:f3",
      "university": "Washington University in St. Louis",
      "bank": {
        "cardExpire": "01/26",
        "cardNumber": "9469552713257189",
        "cardType": "NPS",
        "currency": "NZD",
        "iban": "WAY3DD43Q6Q80C91JL6QMMPG"
      },
      "company": {
        "department": "Product Management",
        "name": "Luettgen and Sons",
        "title": "Software Engineer",
        "address": {
          "address": "127 Cedar Street",
          "city": "Washington",
          "state": "South Carolina",
          "stateCode": "SC",
          "postalCode": "17426",
          "coordinates": {
            "lat": 71.127142,
            "lng": 174.470146
          },
          "country": "United States"
        }
      },
      "ein": "193-203",
      "ssn": "927-818-529",
      "userAgent": "Mozilla/5.0 (Macintosh; Intel Mac OS X 10_15_7) AppleWebKit/537.36 (KHTML, like Gecko) Chrome/96.0.4664.93 Safari/537.36",
      "crypto": {
        "coin": "Bitcoin",
        "wallet": "0xb9fc2fe63b2a6c003f1c324c3bfa53259162181a",
        "network": "Ethereum (ERC20)"
      },
      "role": "user"
    },
    {
      "id": 51,
      "firstName": "Eli",
      "lastName": "Bennett",
      "maidenName": "",
      "age": 29,
      "gender": "male",
      "email": "eli.bennett@x.dummyjson.com",
      "phone": "+1 465-379-7226",
      "username": "elib",
      "password": "elibpass",
      "birthDate": "1995-9-17",
      "image": "https://dummyjson.com/icon/elib/128",
      "bloodGroup": "B+",
      "height": 170.61,
      "weight": 91.22,
      "eyeColor": "Gray",
      "hair": {
        "color": "Brown",
        "type": "Kinky"
      },
      "ip": "144.73.131.148",
      "address": {
        "address": "1423 Main Street",
        "city": "Jacksonville",
        "state": "Idaho",
        "stateCode": "ID",
        "postalCode": "34271",
        "coordinates": {
          "lat": -15.022759,
          "lng": 58.392572
        },
        "country": "United States"
      },
      "macAddress": "f6:59:76:66:c0:85",
      "university": "Boston University",
      "bank": {
        "cardExpire": "03/28",
        "cardNumber": "0096889176292417",
        "cardType": "American Express",
        "currency": "AUD",
        "iban": "59YJ2N9PUQHJMAG3DFP5QVF3"
      },
      "company": {
        "department": "Accounting",
        "name": "Waters, Ankunding and Green",
        "title": "Chief Operating Officer",
        "address": {
          "address": "1536 Fourth Street",
          "city": "Indianapolis",
          "state": "Michigan",
          "stateCode": "MI",
          "postalCode": "77147",
          "coordinates": {
            "lat": -49.858979,
            "lng": -21.940443
          },
          "country": "United States"
        }
      },
      "ein": "222-408",
      "ssn": "216-126-647",
      "userAgent": "Mozilla/5.0 (Windows NT 10.0; Win64; x64) AppleWebKit/537.36 (KHTML, like Gecko) Chrome/96.0.4664.110 Safari/537.36",
      "crypto": {
        "coin": "Bitcoin",
        "wallet": "0xb9fc2fe63b2a6c003f1c324c3bfa53259162181a",
        "network": "Ethereum (ERC20)"
      },
      "role": "user"
    },
    {
      "id": 54,
      "firstName": "Ava",
      "lastName": "Harrison",
      "maidenName": "",
      "age": 28,
      "gender": "female",
      "email": "ava.harrison@x.dummyjson.com",
      "phone": "+44 926-778-4653",
      "username": "avah",
      "password": "avahpass",
      "birthDate": "1996-4-22",
      "image": "https://dummyjson.com/icon/avah/128",
      "bloodGroup": "O-",
      "height": 155.72,
      "weight": 93.47,
      "eyeColor": "Hazel",
      "hair": {
        "color": "Brown",
        "type": "Curly"
      },
      "ip": "225.40.138.177",
      "address": {
        "address": "1094 Adams Street",
        "city": "San Antonio",
        "state": "Vermont",
        "stateCode": "VT",
        "postalCode": "14336",
        "coordinates": {
          "lat": -84.032892,
          "lng": -46.255902
        },
        "country": "United States"
      },
      "macAddress": "4e:2b:e4:33:7a:f8",
      "university": "Harvard University",
      "bank": {
        "cardExpire": "02/26",
        "cardNumber": "0450868014964799",
        "cardType": "UnionPay",
        "currency": "CAD",
        "iban": "MAJR8E5TRHGU1G6BTOB7VC0M"
      },
      "company": {
        "department": "Engineering",
        "name": "Blanda - Jacobson",
        "title": "Legal Counsel",
        "address": {
          "address": "1374 Cedar Street",
          "city": "Philadelphia",
          "state": "Delaware",
          "stateCode": "DE",
          "postalCode": "21641",
          "coordinates": {
            "lat": -56.564069,
            "lng": -134.42879
          },
          "country": "United States"
        }
      },
      "ein": "145-780",
      "ssn": "621-536-422",
      "userAgent": "Mozilla/5.0 (Windows NT 10.0; Win64; x64) AppleWebKit/537.36 (KHTML, like Gecko) Chrome/97.0.4692.99 Safari/537.36",
      "crypto": {
        "coin": "Bitcoin",
        "wallet": "0xb9fc2fe63b2a6c003f1c324c3bfa53259162181a",
        "network": "Ethereum (ERC20)"
      },
      "role": "user"
    },
    {
      "id": 59,
      "firstName": "Ethan",
      "lastName": "Fletcher",
      "maidenName": "",
      "age": 33,
      "gender": "male",
      "email": "ethan.fletcher@x.dummyjson.com",
      "phone": "+1 251-564-2643",
      "username": "ethanf",
      "password": "ethanfpass",
      "birthDate": "1991-5-1",
      "image": "https://dummyjson.com/icon/ethanf/128",
      "bloodGroup": "AB-",
      "height": 183.99,
      "weight": 83.98,
      "eyeColor": "Violet",
      "hair": {
        "color": "Brown",
        "type": "Curly"
      },
      "ip": "21.94.6.7",
      "address": {
        "address": "789 Main Street",
        "city": "Dallas",
        "state": "Arkansas",
        "stateCode": "AR",
        "postalCode": "87924",
        "coordinates": {
          "lat": 29.411519,
          "lng": 23.598322
        },
        "country": "United States"
      },
      "macAddress": "b2:fd:ca:1b:3b:a5",
      "university": "Cornell University",
      "bank": {
        "cardExpire": "05/25",
        "cardNumber": "4591531606680865",
        "cardType": "Interac",
        "currency": "TRY",
        "iban": "0DIIQ3XV0C7N79DDVXSRTR51"
      },
      "company": {
        "department": "Training",
        "name": "Halvorson LLC",
        "title": "Data Scientist",
        "address": {
          "address": "258 Tenth Street",
          "city": "Washington",
          "state": "Texas",
          "stateCode": "TX",
          "postalCode": "10371",
          "coordinates": {
            "lat": 45.367618,
            "lng": -147.524292
          },
          "country": "United States"
        }
      },
      "ein": "610-786",
      "ssn": "577-991-233",
      "userAgent": "Mozilla/5.0 (Macintosh; Intel Mac OS X 10_15_7) AppleWebKit/537.36 (KHTML, like Gecko) Chrome/95.0.4638.54 Safari/537.36",
      "crypto": {
        "coin": "Bitcoin",
        "wallet": "0xb9fc2fe63b2a6c003f1c324c3bfa53259162181a",
        "network": "Ethereum (ERC20)"
      },
      "role": "user"
    },
    {
      "id": 78,
      "firstName": "Eleanor",
      "lastName": "Tyler",
      "maidenName": "",
      "age": 30,
      "gender": "female",
      "email": "eleanor.tyler@x.dummyjson.com",
      "phone": "+1 232-621-9938",
      "username": "eleanort",
      "password": "eleanortpass",
      "birthDate": "1994-10-26",
      "image": "https://dummyjson.com/icon/eleanort/128",
      "bloodGroup": "O-",
      "height": 195.85,
      "weight": 70.03,
      "eyeColor": "Green",
      "hair": {
        "color": "Brown",
        "type": "Wavy"
      },
      "ip": "54.87.239.213",
      "address": {
        "address": "439 Pine Street",
        "city": "San Antonio",
        "state": "New Hampshire",
        "stateCode": "NH",
        "postalCode": "64622",
        "coordinates": {
          "lat": 51.5965,
          "lng": 47.479982
        },
        "country": "United States"
      },
      "macAddress": "df:94:e1:e7:3a:7",
      "university": "Wake Forest University",
      "bank": {
        "cardExpire": "05/26",
        "cardNumber": "5139010746167383",
        "cardType": "Visa",
        "currency": "JPY",
        "iban": "SUWTU7G890VVO0B6MFV5O14O"
      },
      "company": {
        "department": "Product Management",
        "name": "Hilpert and Sons",
        "title": "Web Developer",
        "address": {
          "address": "580 Seventh Street",
          "city": "Jacksonville",
          "state": "Indiana",
          "stateCode": "IN",
          "postalCode": "57924",
          "coordinates": {
            "lat": -3.475554,
            "lng": -138.094068
          },
          "country": "United States"
        }
      },
      "ein": "668-175",
      "ssn": "688-176-797",
      "userAgent": "Mozilla/5.0 (Windows NT 10.0; Win64; x64) AppleWebKit/537.36 (KHTML, like Gecko) Chrome/97.0.4692.99 Safari/537.36",
      "crypto": {
        "coin": "Bitcoin",
        "wallet": "0xb9fc2fe63b2a6c003f1c324c3bfa53259162181a",
        "network": "Ethereum (ERC20)"
      },
      "role": "user"
    },
    {
      "id": 83,
      "firstName": "Dylan",
      "lastName": "Wells",
      "maidenName": "",
      "age": 34,
      "gender": "male",
      "email": "dylan.wells@x.dummyjson.com",
      "phone": "+49 659-638-1106",
      "username": "dylanw",
      "password": "dylanwpass",
      "birthDate": "1990-11-7",
      "image": "https://dummyjson.com/icon/dylanw/128",
      "bloodGroup": "O+",
      "height": 156.56,
      "weight": 83.29,
      "eyeColor": "Amber",
      "hair": {
        "color": "Brown",
        "type": "Curly"
      },
      "ip": "254.112.7.252",
      "address": {
        "address": "816 Sixth Street",
        "city": "Philadelphia",
        "state": "West Virginia",
        "stateCode": "WV",
        "postalCode": "54522",
        "coordinates": {
          "lat": -82.623651,
          "lng": 33.259567
        },
        "country": "United States"
      },
      "macAddress": "b7:c7:29:ff:e0:49",
      "university": "William & Mary",
      "bank": {
        "cardExpire": "04/25",
        "cardNumber": "6536029246670234",
        "cardType": "Elo",
        "currency": "USD",
        "iban": "1GBYGX4DZ5G4ZXXKNTELQ6TL"
      },
      "company": {
        "department": "Services",
        "name": "Schmidt - Hyatt",
        "title": "Support Specialist",
        "address": {
          "address": "360 Sixth Street",
          "city": "Seattle",
          "state": "Florida",
          "stateCode": "FL",
          "postalCode": "16124",
          "coordinates": {
            "lat": 61.755934,
            "lng": -149.215844
          },
          "country": "United States"
        }
      },
      "ein": "560-210",
      "ssn": "572-136-332",
      "userAgent": "Mozilla/5.0 (Macintosh; Intel Mac OS X 10_15_7) AppleWebKit/537.36 (KHTML, like Gecko) Chrome/96.0.4664.93 Safari/537.36",
      "crypto": {
        "coin": "Bitcoin",
        "wallet": "0xb9fc2fe63b2a6c003f1c324c3bfa53259162181a",
        "network": "Ethereum (ERC20)"
      },
      "role": "user"
    },
    {
      "id": 103,
      "firstName": "Emily",
      "lastName": "Brown",
      "maidenName": "Taylor",
      "age": 42,
      "gender": "female",
      "email": "emily.brown@x.dummyjson.com",
      "phone": "+61 875-999-8871",
      "username": "emilyt",
      "password": "emilytpass",
      "birthDate": "1982-12-5",
      "image": "https://dummyjson.com/icon/emilyt/128",
      "bloodGroup": "AB-",
      "height": 181.96,
      "weight": 89.65,
      "eyeColor": "Blue",
      "hair": {
        "color": "Brown",
        "type": "Kinky"
      },
      "ip": "41.156.197.109",
      "address": {
        "address": "1962 Fourth Street",
        "city": "Houston",
        "state": "Hawaii",
        "stateCode": "HI",
        "postalCode": "67104",
        "coordinates": {
          "lat": -64.336051,
          "lng": 135.876737
        },
        "country": "United States"
      },
      "macAddress": "3b:9b:ee:cf:1f:de",
      "university": "Georgetown University",
      "bank": {
        "cardExpire": "05/28",
        "cardNumber": "0804635043652938",
        "cardType": "American Express",
        "currency": "USD",
        "iban": "GWI5NQPQ8N5PIKIGAHB4EIOZ"
      },
      "company": {
        "department": "Research and Development",
        "name": "Pfannerstill Inc",
        "title": "Data Analyst",
        "address": {
          "address": "1998 Main Street",
          "city": "Indianapolis",
          "state": "Arizona",
          "stateCode": "AZ",
          "postalCode": "57190",
          "coordinates": {
            "lat": -83.995771,
            "lng": 127.669213
          },
          "country": "United States"
        }
      },
      "ein": "844-425",
      "ssn": "119-906-830",
      "userAgent": "Mozilla/5.0 (Macintosh; Intel Mac OS X 10_15_7) AppleWebKit/537.36 (KHTML, like Gecko) Chrome/97.0.4692.99 Safari/537.36",
      "crypto": {
        "coin": "Bitcoin",
        "wallet": "0xb9fc2fe63b2a6c003f1c324c3bfa53259162181a",
        "network": "Ethereum (ERC20)"
      },
      "role": "user"
    },
    {
      "id": 105,
      "firstName": "Emma",
      "lastName": "Wilson",
      "maidenName": "Clark",
      "age": 31,
      "gender": "female",
      "email": "emma.wilson@x.dummyjson.com",
      "phone": "+49 933-975-3236",
      "username": "emmac",
      "password": "emmacpass",
      "birthDate": "1993-6-2",
      "image": "https://dummyjson.com/icon/emmac/128",
      "bloodGroup": "O+",
      "height": 164.59,
      "weight": 97.44,
      "eyeColor": "Gray",
      "hair": {
        "color": "Brown",
        "type": "Straight"
      },
      "ip": "23.240.162.228",
      "address": {
        "address": "888 Lincoln Street",
        "city": "New York",
        "state": "Kansas",
        "stateCode": "KS",
        "postalCode": "85313",
        "coordinates": {
          "lat": 64.320835,
          "lng": -25.984113
        },
        "country": "United States"
      },
      "macAddress": "64:a6:72:4d:9e:79",
      "university": "Tufts University",
      "bank": {
        "cardExpire": "05/25",
        "cardNumber": "5350949324601165",
        "cardType": "Elo",
        "currency": "JPY",
        "iban": "M5521QXBD49MQNIESE6Q1SDX"
      },
      "company": {
        "department": "Sales",
        "name": "Nienow - Fritsch",
        "title": "Software Engineer",
        "address": {
          "address": "1302 Adams Street",
          "city": "San Francisco",
          "state": "Alaska",
          "stateCode": "AK",
          "postalCode": "39028",
          "coordinates": {
            "lat": -78.519188,
            "lng": -144.614396
          },
          "country": "United States"
        }
      },
      "ein": "108-918",
      "ssn": "690-817-970",
      "userAgent": "Mozilla/5.0 (Windows NT 10.0; Win64; x64) AppleWebKit/537.36 (KHTML, like Gecko) Chrome/96.0.4664.110 Safari/537.36",
      "crypto": {
        "coin": "Bitcoin",
        "wallet": "0xb9fc2fe63b2a6c003f1c324c3bfa53259162181a",
        "network": "Ethereum (ERC20)"
      },
      "role": "user"
    },
    {
      "id": 112,
      "firstName": "Alexander",
      "lastName": "Hernandez",
      "maidenName": "",
      "age": 41,
      "gender": "male",
      "email": "alexander.hernandez@x.dummyjson.com",
      "phone": "+49 410-245-8608",
      "username": "alexanderh",
      "password": "alexanderhpass",
      "birthDate": "1983-7-4",
      "image": "https://dummyjson.com/icon/alexanderh/128",
      "bloodGroup": "B-",
      "height": 172.2,
      "weight": 82.3,
      "eyeColor": "Blue",
      "hair": {
        "color": "Brown",
        "type": "Kinky"
      },
      "ip": "145.104.53.16",
      "address": {
        "address": "329 Second Street",
        "city": "Dallas",
        "state": "Idaho",
        "stateCode": "ID",
        "postalCode": "49314",
        "coordinates": {
          "lat": 14.101714,
          "lng": -148.130379
        },
        "country": "United States"
      },
      "macAddress": "4c:83:2a:82:f:c6",
      "university": "University of Florida",
      "bank": {
        "cardExpire": "02/27",
        "cardNumber": "3843242207440634",
        "cardType": "JCB",
        "currency": "EUR",
        "iban": "7DGPYK166FA9X36Q48OGU2W5"
      },
      "company": {
        "department": "Sales",
        "name": "Gibson LLC",
        "title": "Chief Technology Officer",
        "address": {
          "address": "176 Main Street",
          "city": "Seattle",
          "state": "Pennsylvania",
          "stateCode": "PA",
          "postalCode": "61558",
          "coordinates": {
            "lat": 25.794587,
            "lng": 101.693435
          },
          "country": "United States"
        }
      },
      "ein": "355-181",
      "ssn": "583-406-155",
      "userAgent": "Mozilla/5.0 (Windows NT 10.0; Win64; x64) AppleWebKit/537.36 (KHTML, like Gecko) Chrome/95.0.4638.54 Safari/537.36",
      "crypto": {
        "coin": "Bitcoin",
        "wallet": "0xb9fc2fe63b2a6c003f1c324c3bfa53259162181a",
        "network": "Ethereum (ERC20)"
      },
      "role": "user"
    },
    {
      "id": 117,
      "firstName": "Amelia",
      "lastName": "Perez",
      "maidenName": "Gonzalez",
      "age": 43,
      "gender": "female",
      "email": "amelia.perez@x.dummyjson.com",
      "phone": "+49 751-988-9521",
      "username": "ameliag",
      "password": "ameliagpass",
      "birthDate": "1981-1-29",
      "image": "https://dummyjson.com/icon/ameliag/128",
      "bloodGroup": "B+",
      "height": 186.66,
      "weight": 80.38,
      "eyeColor": "Brown",
      "hair": {
        "color": "Brown",
        "type": "Wavy"
      },
      "ip": "249.222.49.78",
      "address": {
        "address": "25 Elm Street",
        "city": "New York",
        "state": "New Hampshire",
        "stateCode": "NH",
        "postalCode": "88314",
        "coordinates": {
          "lat": -55.895738,
          "lng": -117.829232
        },
        "country": "United States"
      },
      "macAddress": "1:64:41:63:ca:9e",
      "university": "University of Michigan--Ann Arbor",
      "bank": {
        "cardExpire": "05/28",
        "cardNumber": "5739347905804766",
        "cardType": "Visa",
        "currency": "BRL",
        "iban": "V8ZMJUYDG8C4703PJR3MVIGU"
      },
      "company": {
        "department": "Services",
        "name": "Swift - Stamm",
        "title": "Chief Executive Officer",
        "address": {
          "address": "1390 Pine Street",
          "city": "Philadelphia",
          "state": "Maine",
          "stateCode": "ME",
          "postalCode": "21632",
          "coordinates": {
            "lat": -19.615702,
            "lng": 42.511462
          },
          "country": "United States"
        }
      },
      "ein": "836-867",
      "ssn": "769-496-865",
      "userAgent": "Mozilla/5.0 (Macintosh; Intel Mac OS X 10_15_7) AppleWebKit/537.36 (KHTML, like Gecko) Chrome/95.0.4638.69 Safari/537.36",
      "crypto": {
        "coin": "Bitcoin",
        "wallet": "0xb9fc2fe63b2a6c003f1c324c3bfa53259162181a",
        "network": "Ethereum (ERC20)"
      },
      "role": "user"
    },
    {
      "id": 121,
      "firstName": "Ava",
      "lastName": "Harris",
      "maidenName": "",
      "age": 29,
      "gender": "female",
      "email": "ava.harris@x.dummyjson.com",
      "phone": "+44 422-227-6412",
      "username": "avahx",
      "password": "avahxpass",
      "birthDate": "1995-8-26",
      "image": "https://dummyjson.com/icon/avahx/128",
      "bloodGroup": "A-",
      "height": 199.36,
      "weight": 63.3,
      "eyeColor": "Blue",
      "hair": {
        "color": "Brown",
        "type": "Wavy"
      },
      "ip": "23.127.175.229",
      "address": {
        "address": "518 Elm Street",
        "city": "San Antonio",
        "state": "Florida",
        "stateCode": "FL",
        "postalCode": "35171",
        "coordinates": {
          "lat": 74.817644,
          "lng": 15.72801
        },
        "country": "United States"
      },
      "macAddress": "4:c3:e9:35:23:2a",
      "university": "University of Florida",
      "bank": {
        "cardExpire": "04/29",
        "cardNumber": "8933423589330803",
        "cardType": "Carte Bancaire",
        "currency": "SEK",
        "iban": "ILPFCYQSHV9VGE8E9JZ6DMGS"
      },
      "company": {
        "department": "Marketing",
        "name": "Lebsack Inc",
        "title": "Engineer",
        "address": {
          "address": "1495 First Street",
          "city": "Columbus",
          "state": "Alaska",
          "stateCode": "AK",
          "postalCode": "64989",
          "coordinates": {
            "lat": 18.943383,
            "lng": -136.717336
          },
          "country": "United States"
        }
      },
      "ein": "715-161",
      "ssn": "906-771-261",
      "userAgent": "Mozilla/5.0 (Windows NT 10.0; Win64; x64) AppleWebKit/537.36 (KHTML, like Gecko) Chrome/96.0.4664.93 Safari/537.36",
      "crypto": {
        "coin": "Bitcoin",
        "wallet": "0xb9fc2fe63b2a6c003f1c324c3bfa53259162181a",
        "network": "Ethereum (ERC20)"
      },
      "role": "user"
    },
    {
      "id": 124,
      "firstName": "Noah",
      "lastName": "Lewis",
      "maidenName": "",
      "age": 39,
      "gender": "male",
      "email": "noah.lewis@x.dummyjson.com",
      "phone": "+61 396-867-4229",
      "username": "noahl",
      "password": "noahlpass",
      "birthDate": "1985-6-9",
      "image": "https://dummyjson.com/icon/noahl/128",
      "bloodGroup": "AB-",
      "height": 168.71,
      "weight": 86.15,
      "eyeColor": "Green",
      "hair": {
        "color": "Brown",
        "type": "Curly"
      },
      "ip": "210.106.253.177",
      "address": {
        "address": "41 Fifth Street",
        "city": "Denver",
        "state": "Alabama",
        "stateCode": "AL",
        "postalCode": "42655",
        "coordinates": {
          "lat": 62.7964,
          "lng": -10.481867
        },
        "country": "United States"
      },
      "macAddress": "e3:f5:6d:86:ed:bd",
      "university": "Yale University",
      "bank": {
        "cardExpire": "04/29",
        "cardNumber": "7516988588241862",
        "cardType": "Mir",
        "currency": "TRY",
        "iban": "LL758F4YIK259YO0X8YOSM1V"
      },
      "company": {
        "department": "Research and Development",
        "name": "Satterfield, Shields and Littel",
        "title": "Project Manager",
        "address": {
          "address": "596 Third Street",
          "city": "Seattle",
          "state": "Minnesota",
          "stateCode": "MN",
          "postalCode": "30859",
          "coordinates": {
            "lat": -9.449962,
            "lng": 124.358321
          },
          "country": "United States"
        }
      },
      "ein": "898-556",
      "ssn": "711-488-725",
      "userAgent": "Mozilla/5.0 (Windows NT 10.0; Win64; x64) AppleWebKit/537.36 (KHTML, like Gecko) Chrome/95.0.4638.54 Safari/537.36",
      "crypto": {
        "coin": "Bitcoin",
        "wallet": "0xb9fc2fe63b2a6c003f1c324c3bfa53259162181a",
        "network": "Ethereum (ERC20)"
      },
      "role": "user"
    },
    {
      "id": 131,
      "firstName": "Jackson",
      "lastName": "Morales",
      "maidenName": "",
      "age": 33,
      "gender": "male",
      "email": "jackson.morales@x.dummyjson.com",
      "phone": "+1 685-561-9154",
      "username": "jacksonm",
      "password": "jacksonmpass",
      "birthDate": "1991-9-18",
      "image": "https://dummyjson.com/icon/jacksonm/128",
      "bloodGroup": "AB-",
      "height": 154.3,
      "weight": 60.62,
      "eyeColor": "Violet",
      "hair": {
        "color": "Brown",
        "type": "Curly"
      },
      "ip": "10.39.106.47",
      "address": {
        "address": "1549 Main Street",
        "city": "Austin",
        "state": "Arkansas",
        "stateCode": "AR",
        "postalCode": "23595",
        "coordinates": {
          "lat": 89.624584,
          "lng": -107.671084
        },
        "country": "United States"
      },
      "macAddress": "e7:a2:59:b:23:32",
      "university": "Pepperdine University",
      "bank": {
        "cardExpire": "04/27",
        "cardNumber": "6517542791688067",
        "cardType": "American Express",
        "currency": "GBP",
        "iban": "44ARAL6QV0FNIVN0PGISL6JD"
      },
      "company": {
        "department": "Human Resources",
        "name": "Kshlerin, Mitchell and Wilderman",
        "title": "Legal Counsel",
        "address": {
          "address": "694 Second Street",
          "city": "San Diego",
          "state": "New Hampshire",
          "stateCode": "NH",
          "postalCode": "64598",
          "coordinates": {
            "lat": -67.250988,
            "lng": 158.241684
          },
          "country": "United States"
        }
      },
      "ein": "106-784",
      "ssn": "439-618-286",
      "userAgent": "Mozilla/5.0 (Macintosh; Intel Mac OS X 10_15_7) AppleWebKit/537.36 (KHTML, like Gecko) Chrome/97.0.4692.99 Safari/537.36",
      "crypto": {
        "coin": "Bitcoin",
        "wallet": "0xb9fc2fe63b2a6c003f1c324c3bfa53259162181a",
        "network": "Ethereum (ERC20)"
      },
      "role": "user"
    },
    {
      "id": 135,
      "firstName": "Elijah",
      "lastName": "Cruz",
      "maidenName": "",
      "age": 29,
      "gender": "male",
      "email": "elijah.cruz@x.dummyjson.com",
      "phone": "+1 613-532-2557",
      "username": "elijahc",
      "password": "elijahcpass",
      "birthDate": "1995-1-23",
      "image": "https://dummyjson.com/icon/elijahc/128",
      "bloodGroup": "O+",
      "height": 195.29,
      "weight": 78.61,
      "eyeColor": "Gray",
      "hair": {
        "color": "Brown",
        "type": "Wavy"
      },
      "ip": "178.45.211.139",
      "address": {
        "address": "583 Second Street",
        "city": "Seattle",
        "state": "North Dakota",
        "stateCode": "ND",
        "postalCode": "26483",
        "coordinates": {
          "lat": 19.529428,
          "lng": 165.798169
        },
        "country": "United States"
      },
      "macAddress": "11:be:4d:5a:92:7d",
      "university": "University of California--Berkeley",
      "bank": {
        "cardExpire": "04/26",
        "cardNumber": "2186461769081882",
        "cardType": "BC Card",
        "currency": "AUD",
        "iban": "QR66AYZFKG7FHBLYIPACG06Z"
      },
      "company": {
        "department": "Accounting",
        "name": "Stokes - Harber",
        "title": "Marketing Manager",
        "address": {
          "address": "1462 Jefferson Street",
          "city": "Seattle",
          "state": "New Jersey",
          "stateCode": "NJ",
          "postalCode": "81308",
          "coordinates": {
            "lat": 69.208929,
            "lng": -159.871286
          },
          "country": "United States"
        }
      },
      "ein": "115-488",
      "ssn": "577-965-784",
      "userAgent": "Mozilla/5.0 (Macintosh; Intel Mac OS X 10_15_7) AppleWebKit/537.36 (KHTML, like Gecko) Chrome/97.0.4692.99 Safari/537.36",
      "crypto": {
        "coin": "Bitcoin",
        "wallet": "0xb9fc2fe63b2a6c003f1c324c3bfa53259162181a",
        "network": "Ethereum (ERC20)"
      },
      "role": "user"
    },
    {
      "id": 136,
      "firstName": "Madison",
      "lastName": "Stewart",
      "maidenName": "Kelly",
      "age": 36,
      "gender": "female",
      "email": "madison.stewart@x.dummyjson.com",
      "phone": "+61 455-829-5048",
      "username": "madisonk",
      "password": "madisonkpass",
      "birthDate": "1988-5-15",
      "image": "https://dummyjson.com/icon/madisonk/128",
      "bloodGroup": "B-",
      "height": 199.81,
      "weight": 76.36,
      "eyeColor": "Blue",
      "hair": {
        "color": "Brown",
        "type": "Kinky"
      },
      "ip": "110.144.81.89",
      "address": {
        "address": "823 Sixth Street",
        "city": "Indianapolis",
        "state": "Arkansas",
        "stateCode": "AR",
        "postalCode": "66305",
        "coordinates": {
          "lat": -26.509663,
          "lng": -127.744698
        },
        "country": "United States"
      },
      "macAddress": "4e:15:99:a0:22:33",
      "university": "Northwestern University",
      "bank": {
        "cardExpire": "03/26",
        "cardNumber": "2791153884967760",
        "cardType": "American Express",
        "currency": "CAD",
        "iban": "UTK199ACFANYLGO22JFAY696"
      },
      "company": {
        "department": "Training",
        "name": "Schowalter Group",
        "title": "Data Scientist",
        "address": {
          "address": "344 Main Street",
          "city": "Washington",
          "state": "Colorado",
          "stateCode": "CO",
          "postalCode": "64474",
          "coordinates": {
            "lat": -33.940327,
            "lng": -144.800578
          },
          "country": "United States"
        }
      },
      "ein": "246-581",
      "ssn": "223-424-188",
      "userAgent": "Mozilla/5.0 (Macintosh; Intel Mac OS X 10_15_7) AppleWebKit/537.36 (KHTML, like Gecko) Chrome/96.0.4664.93 Safari/537.36",
      "crypto": {
        "coin": "Bitcoin",
        "wallet": "0xb9fc2fe63b2a6c003f1c324c3bfa53259162181a",
        "network": "Ethereum (ERC20)"
      },
      "role": "user"
    },
    {
      "id": 147,
      "firstName": "Henry",
      "lastName": "Turner",
      "maidenName": "",
      "age": 44,
      "gender": "male",
      "email": "henry.turner@x.dummyjson.com",
      "phone": "+1 374-470-5082",
      "username": "henryt",
      "password": "henrytpass",
      "birthDate": "1980-6-12",
      "image": "https://dummyjson.com/icon/henryt/128",
      "bloodGroup": "AB-",
      "height": 151.17,
      "weight": 62.94,
      "eyeColor": "Amber",
      "hair": {
        "color": "Brown",
        "type": "Straight"
      },
      "ip": "96.193.117.130",
      "address": {
        "address": "201 Sixth Street",
        "city": "Philadelphia",
        "state": "Ohio",
        "stateCode": "OH",
        "postalCode": "41914",
        "coordinates": {
          "lat": -26.432988,
          "lng": 79.850071
        },
        "country": "United States"
      },
      "macAddress": "69:dd:33:c0:84:9e",
      "university": "University of Florida",
      "bank": {
        "cardExpire": "05/25",
        "cardNumber": "9583309773717983",
        "cardType": "Mir",
        "currency": "SEK",
        "iban": "OVP8KFSCF5VRXCU3ZLKCTOA3"
      },
      "company": {
        "department": "Legal",
        "name": "Dickens - Beahan",
        "title": "Technical Support Engineer",
        "address": {
          "address": "1392 Fifth Street",
          "city": "Chicago",
          "state": "Wyoming",
          "stateCode": "WY",
          "postalCode": "76234",
          "coordinates": {
            "lat": 9.204767,
            "lng": -80.70479
          },
          "country": "United States"
        }
      },
      "ein": "884-620",
      "ssn": "555-829-690",
      "userAgent": "Mozilla/5.0 (Windows NT 10.0; Win64; x64) AppleWebKit/537.36 (KHTML, like Gecko) Chrome/95.0.4638.54 Safari/537.36",
      "crypto": {
        "coin": "Bitcoin",
        "wallet": "0xb9fc2fe63b2a6c003f1c324c3bfa53259162181a",
        "network": "Ethereum (ERC20)"
      },
      "role": "user"
    },
    {
      "id": 151,
      "firstName": "Nathan",
      "lastName": "Reed",
      "maidenName": "",
      "age": 28,
      "gender": "male",
      "email": "nathan.reed@x.dummyjson.com",
      "phone": "+1 448-642-4577",
      "username": "nathanr",
      "password": "nathanrpass",
      "birthDate": "1996-12-26",
      "image": "https://dummyjson.com/icon/nathanr/128",
      "bloodGroup": "A+",
      "height": 186.76,
      "weight": 52.22,
      "eyeColor": "Amber",
      "hair": {
        "color": "Brown",
        "type": "Curly"
      },
      "ip": "216.178.112.125",
      "address": {
        "address": "82 Cedar Street",
        "city": "Los Angeles",
        "state": "Utah",
        "stateCode": "UT",
        "postalCode": "73204",
        "coordinates": {
          "lat": 66.874876,
          "lng": -47.038037
        },
        "country": "United States"
      },
      "macAddress": "1b:a1:e1:cd:a2:39",
      "university": "University of Pennsylvania",
      "bank": {
        "cardExpire": "03/26",
        "cardNumber": "1975042725433931",
        "cardType": "Visa",
        "currency": "CNY",
        "iban": "1BFD8TVFWZLVDPRJPQ3K2BC4"
      },
      "company": {
        "department": "Training",
        "name": "Stark Group",
        "title": "Chief Operating Officer",
        "address": {
          "address": "1075 Adams Street",
          "city": "Philadelphia",
          "state": "North Carolina",
          "stateCode": "NC",
          "postalCode": "28999",
          "coordinates": {
            "lat": 55.767346,
            "lng": -60.983019
          },
          "country": "United States"
        }
      },
      "ein": "647-669",
      "ssn": "355-857-184",
      "userAgent": "Mozilla/5.0 (Windows NT 10.0; Win64; x64) AppleWebKit/537.36 (KHTML, like Gecko) Chrome/95.0.4638.54 Safari/537.36",
      "crypto": {
        "coin": "Bitcoin",
        "wallet": "0xb9fc2fe63b2a6c003f1c324c3bfa53259162181a",
        "network": "Ethereum (ERC20)"
      },
      "role": "user"
    },
    {
      "id": 156,
      "firstName": "Mila",
      "lastName": "Hernandez",
      "maidenName": "Mitchell",
      "age": 33,
      "gender": "female",
      "email": "mila.hernandez@x.dummyjson.com",
      "phone": "+49 893-855-2896",
      "username": "milam",
      "password": "milampass",
      "birthDate": "1991-8-18",
      "image": "https://dummyjson.com/icon/milam/128",
      "bloodGroup": "B-",
      "height": 174.13,
      "weight": 80.97,
      "eyeColor": "Hazel",
      "hair": {
        "color": "Brown",
        "type": "Kinky"
      },
      "ip": "109.219.231.82",
      "address": {
        "address": "1454 Oak Street",
        "city": "Seattle",
        "state": "New Mexico",
        "stateCode": "NM",
        "postalCode": "46438",
        "coordinates": {
          "lat": 89.661297,
          "lng": 163.24939
        },
        "country": "United States"
      },
      "macAddress": "69:8b:7e:5f:44:93",
      "university": "University of Virginia",
      "bank": {
        "cardExpire": "03/28",
        "cardNumber": "6768824763441600",
        "cardType": "Carte Bancaire",
        "currency": "GBP",
        "iban": "H26UXIF2ZXUQM9261V4Y98DW"
      },
      "company": {
        "department": "Marketing",
        "name": "Wisoky - Rowe",
        "title": "Software Architect",
        "address": {
          "address": "1281 Pine Street",
          "city": "Austin",
          "state": "Rhode Island",
          "stateCode": "RI",
          "postalCode": "66784",
          "coordinates": {
            "lat": 53.726642,
            "lng": 102.912699
          },
          "country": "United States"
        }
      },
      "ein": "708-862",
      "ssn": "549-233-319",
      "userAgent": "Mozilla/5.0 (Macintosh; Intel Mac OS X 10_15_7) AppleWebKit/537.36 (KHTML, like Gecko) Chrome/96.0.4664.45 Safari/537.36",
      "crypto": {
        "coin": "Bitcoin",
        "wallet": "0xb9fc2fe63b2a6c003f1c324c3bfa53259162181a",
        "network": "Ethereum (ERC20)"
      },
      "role": "user"
    },
    {
      "id": 166,
      "firstName": "Elena",
      "lastName": "Long",
      "maidenName": "Mitchell",
      "age": 42,
      "gender": "female",
      "email": "elena.long@x.dummyjson.com",
      "phone": "+91 697-839-3216",
      "username": "elenam",
      "password": "elenampass",
      "birthDate": "1982-4-4",
      "image": "https://dummyjson.com/icon/elenam/128",
      "bloodGroup": "AB+",
      "height": 179.89,
      "weight": 56.93,
      "eyeColor": "Hazel",
      "hair": {
        "color": "Brown",
        "type": "Kinky"
      },
      "ip": "252.247.244.14",
      "address": {
        "address": "1883 Lincoln Street",
        "city": "San Jose",
        "state": "New York",
        "stateCode": "NY",
        "postalCode": "29766",
        "coordinates": {
          "lat": -59.16639,
          "lng": -110.237583
        },
        "country": "United States"
      },
      "macAddress": "7f:a7:45:db:ae:69",
      "university": "Tufts University",
      "bank": {
        "cardExpire": "05/26",
        "cardNumber": "2727805642998721",
        "cardType": "Visa",
        "currency": "INR",
        "iban": "HK6FR7AHO1SYH107SP12YX94"
      },
      "company": {
        "department": "Research and Development",
        "name": "Bruen and Sons",
        "title": "Database Administrator",
        "address": {
          "address": "985 Ninth Street",
          "city": "New York",
          "state": "Colorado",
          "stateCode": "CO",
          "postalCode": "36408",
          "coordinates": {
            "lat": 59.040431,
            "lng": -134.144154
          },
          "country": "United States"
        }
      },
      "ein": "457-165",
      "ssn": "619-479-503",
      "userAgent": "Mozilla/5.0 (Macintosh; Intel Mac OS X 10_15_7) AppleWebKit/537.36 (KHTML, like Gecko) Chrome/96.0.4664.93 Safari/537.36",
      "crypto": {
        "coin": "Bitcoin",
        "wallet": "0xb9fc2fe63b2a6c003f1c324c3bfa53259162181a",
        "network": "Ethereum (ERC20)"
      },
      "role": "user"
    },
    {
      "id": 188,
      "firstName": "Aria",
      "lastName": "Flores",
      "maidenName": "Martin",
      "age": 25,
      "gender": "female",
      "email": "aria.flores@x.dummyjson.com",
      "phone": "+61 415-771-8232",
      "username": "ariamx",
      "password": "ariamxpass",
      "birthDate": "1999-11-8",
      "image": "https://dummyjson.com/icon/ariamx/128",
      "bloodGroup": "O-",
      "height": 160.06,
      "weight": 92.02,
      "eyeColor": "Amber",
      "hair": {
        "color": "Brown",
        "type": "Wavy"
      },
      "ip": "86.67.36.191",
      "address": {
        "address": "492 Pine Street",
        "city": "Indianapolis",
        "state": "Tennessee",
        "stateCode": "TN",
        "postalCode": "71284",
        "coordinates": {
          "lat": -88.3996,
          "lng": 22.908268
        },
        "country": "United States"
      },
      "macAddress": "9d:d1:19:e7:45:26",
      "university": "Columbia University",
      "bank": {
        "cardExpire": "01/29",
        "cardNumber": "0409564202862832",
        "cardType": "NPS",
        "currency": "BRL",
        "iban": "K1ZPQHHPOXBMG44M386NWTTN"
      },
      "company": {
        "department": "Sales",
        "name": "Gibson LLC",
        "title": "Sales Manager",
        "address": {
          "address": "1728 Sixth Street",
          "city": "Fort Worth",
          "state": "Nebraska",
          "stateCode": "NE",
          "postalCode": "74809",
          "coordinates": {
            "lat": 51.558679,
            "lng": -85.819219
          },
          "country": "United States"
        }
      },
      "ein": "784-961",
      "ssn": "132-677-684",
      "userAgent": "Mozilla/5.0 (Macintosh; Intel Mac OS X 10_15_7) AppleWebKit/537.36 (KHTML, like Gecko) Chrome/96.0.4664.45 Safari/537.36",
      "crypto": {
        "coin": "Bitcoin",
        "wallet": "0xb9fc2fe63b2a6c003f1c324c3bfa53259162181a",
        "network": "Ethereum (ERC20)"
      },
      "role": "user"
    },
    {
      "id": 203,
      "firstName": "Nova",
      "lastName": "Cooper",
      "maidenName": "Bell",
      "age": 31,
      "gender": "female",
      "email": "nova.cooper@x.dummyjson.com",
      "phone": "+49 292-569-8252",
      "username": "novab",
      "password": "novabpass",
      "birthDate": "1993-6-16",
      "image": "https://dummyjson.com/icon/novab/128",
      "bloodGroup": "B-",
      "height": 155.62,
      "weight": 60.62,
      "eyeColor": "Hazel",
      "hair": {
        "color": "Brown",
        "type": "Curly"
      },
      "ip": "143.240.135.160",
      "address": {
        "address": "1687 Pine Street",
        "city": "Los Angeles",
        "state": "Nebraska",
        "stateCode": "NE",
        "postalCode": "49131",
        "coordinates": {
          "lat": 64.747296,
          "lng": 148.357671
        },
        "country": "United States"
      },
      "macAddress": "e:ea:3e:f3:2d:90",
      "university": "Dartmouth College",
      "bank": {
        "cardExpire": "04/26",
        "cardNumber": "1025143372459028",
        "cardType": "BC Card",
        "currency": "SEK",
        "iban": "GX8HWRLUQWHUOI8FQ7K443GP"
      },
      "company": {
        "department": "Marketing",
        "name": "Schmidt - Hyatt",
        "title": "Legal Counsel",
        "address": {
          "address": "1970 Maple Street",
          "city": "New York",
          "state": "Georgia",
          "stateCode": "GA",
          "postalCode": "24324",
          "coordinates": {
            "lat": -84.354097,
            "lng": -63.193683
          },
          "country": "United States"
        }
      },
      "ein": "249-364",
      "ssn": "357-926-188",
      "userAgent": "Mozilla/5.0 (Windows NT 10.0; Win64; x64; rv:97.0) Gecko/20100101 Firefox/97.0",
      "crypto": {
        "coin": "Bitcoin",
        "wallet": "0xb9fc2fe63b2a6c003f1c324c3bfa53259162181a",
        "network": "Ethereum (ERC20)"
      },
      "role": "user"
    },
    {
      "id": 206,
      "firstName": "Elena",
      "lastName": "Baker",
      "maidenName": "",
      "age": 34,
      "gender": "female",
      "email": "elena.baker@x.dummyjson.com",
      "phone": "+49 978-346-6960",
      "username": "elenab",
      "password": "elenabpass",
      "birthDate": "1990-3-16",
      "image": "https://dummyjson.com/icon/elenab/128",
      "bloodGroup": "O+",
      "height": 150.62,
      "weight": 95.55,
      "eyeColor": "Brown",
      "hair": {
        "color": "Brown",
        "type": "Straight"
      },
      "ip": "85.35.8.29",
      "address": {
        "address": "117 Maple Street",
        "city": "San Francisco",
        "state": "Tennessee",
        "stateCode": "TN",
        "postalCode": "40535",
        "coordinates": {
          "lat": 30.069731,
          "lng": -118.879243
        },
        "country": "United States"
      },
      "macAddress": "83:75:b2:b6:ca:8b",
      "university": "Tufts University",
      "bank": {
        "cardExpire": "01/28",
        "cardNumber": "8424167615739668",
        "cardType": "BC Card",
        "currency": "BRL",
        "iban": "4FSM02FCNNK3BNOI2SDHH91Z"
      },
      "company": {
        "department": "Engineering",
        "name": "Heller LLC",
        "title": "Project Manager",
        "address": {
          "address": "139 Jefferson Street",
          "city": "San Antonio",
          "state": "Idaho",
          "stateCode": "ID",
          "postalCode": "50546",
          "coordinates": {
            "lat": 1.356153,
            "lng": 175.897893
          },
          "country": "United States"
        }
      },
      "ein": "509-840",
      "ssn": "640-201-673",
      "userAgent": "Mozilla/5.0 (Macintosh; Intel Mac OS X 10_15_7) AppleWebKit/537.36 (KHTML, like Gecko) Chrome/96.0.4664.45 Safari/537.36",
      "crypto": {
        "coin": "Bitcoin",
        "wallet": "0xb9fc2fe63b2a6c003f1c324c3bfa53259162181a",
        "network": "Ethereum (ERC20)"
      },
      "role": "user"
    }
  ],
  "total": 23,
  "skip": 0,
  "limit": 23
}


17:56:13.050 [main] DEBUG com.jayway.jsonpath.internal.path.CompiledPath -- Evaluating path: $['users'][0]['hair']['color']
17:56:13.051 [main] INFO com.intuit.karate -- [print] {
  "users": [
    {
      "id": 1,
      "firstName": "Emily",
      "lastName": "Johnson",
      "maidenName": "Smith",
      "age": 28,
      "gender": "female",
      "email": "emily.johnson@x.dummyjson.com",
      "phone": "+81 965-431-3024",
      "username": "emilys",
      "password": "emilyspass",
      "birthDate": "1996-5-30",
      "image": "https://dummyjson.com/icon/emilys/128",
      "bloodGroup": "O-",
      "height": 193.24,
      "weight": 63.16,
      "eyeColor": "Green",
      "hair": {
        "color": "Brown",
        "type": "Curly"
      },
      "ip": "42.48.100.32",
      "address": {
        "address": "626 Main Street",
        "city": "Phoenix",
        "state": "Mississippi",
        "stateCode": "MS",
        "postalCode": "29112",
        "coordinates": {
          "lat": -77.16213,
          "lng": -92.084824
        },
        "country": "United States"
      },
      "macAddress": "47:fa:41:18:ec:eb",
      "university": "University of Wisconsin--Madison",
      "bank": {
        "cardExpire": "03/26",
        "cardNumber": "9289760655481815",
        "cardType": "Elo",
        "currency": "CNY",
        "iban": "YPUXISOBI7TTHPK2BR3HAIXL"
      },
      "company": {
        "department": "Engineering",
        "name": "Dooley, Kozey and Cronin",
        "title": "Sales Manager",
        "address": {
          "address": "263 Tenth Street",
          "city": "San Francisco",
          "state": "Wisconsin",
          "stateCode": "WI",
          "postalCode": "37657",
          "coordinates": {
            "lat": 71.814525,
            "lng": -161.150263
          },
          "country": "United States"
        }
      },
      "ein": "977-175",
      "ssn": "900-590-289",
      "userAgent": "Mozilla/5.0 (Macintosh; Intel Mac OS X 10_15_7) AppleWebKit/537.36 (KHTML, like Gecko) Chrome/96.0.4664.93 Safari/537.36",
      "crypto": {
        "coin": "Bitcoin",
        "wallet": "0xb9fc2fe63b2a6c003f1c324c3bfa53259162181a",
        "network": "Ethereum (ERC20)"
      },
      "role": "admin"
    },
    {
      "id": 33,
      "firstName": "Carter",
      "lastName": "Baker",
      "maidenName": "",
      "age": 31,
      "gender": "male",
      "email": "carter.baker@x.dummyjson.com",
      "phone": "+49 787-512-9117",
      "username": "carterb",
      "password": "carterbpass",
      "birthDate": "1993-4-19",
      "image": "https://dummyjson.com/icon/carterb/128",
      "bloodGroup": "A+",
      "height": 190.96,
      "weight": 70.78,
      "eyeColor": "Green",
      "hair": {
        "color": "Brown",
        "type": "Straight"
      },
      "ip": "167.111.147.45",
      "address": {
        "address": "625 Third Street",
        "city": "Denver",
        "state": "Oregon",
        "stateCode": "OR",
        "postalCode": "74622",
        "coordinates": {
          "lat": -63.00584,
          "lng": 76.189171
        },
        "country": "United States"
      },
      "macAddress": "35:0:ad:91:5f:f3",
      "university": "Washington University in St. Louis",
      "bank": {
        "cardExpire": "01/26",
        "cardNumber": "9469552713257189",
        "cardType": "NPS",
        "currency": "NZD",
        "iban": "WAY3DD43Q6Q80C91JL6QMMPG"
      },
      "company": {
        "department": "Product Management",
        "name": "Luettgen and Sons",
        "title": "Software Engineer",
        "address": {
          "address": "127 Cedar Street",
          "city": "Washington",
          "state": "South Carolina",
          "stateCode": "SC",
          "postalCode": "17426",
          "coordinates": {
            "lat": 71.127142,
            "lng": 174.470146
          },
          "country": "United States"
        }
      },
      "ein": "193-203",
      "ssn": "927-818-529",
      "userAgent": "Mozilla/5.0 (Macintosh; Intel Mac OS X 10_15_7) AppleWebKit/537.36 (KHTML, like Gecko) Chrome/96.0.4664.93 Safari/537.36",
      "crypto": {
        "coin": "Bitcoin",
        "wallet": "0xb9fc2fe63b2a6c003f1c324c3bfa53259162181a",
        "network": "Ethereum (ERC20)"
      },
      "role": "user"
    },
    {
      "id": 51,
      "firstName": "Eli",
      "lastName": "Bennett",
      "maidenName": "",
      "age": 29,
      "gender": "male",
      "email": "eli.bennett@x.dummyjson.com",
      "phone": "+1 465-379-7226",
      "username": "elib",
      "password": "elibpass",
      "birthDate": "1995-9-17",
      "image": "https://dummyjson.com/icon/elib/128",
      "bloodGroup": "B+",
      "height": 170.61,
      "weight": 91.22,
      "eyeColor": "Gray",
      "hair": {
        "color": "Brown",
        "type": "Kinky"
      },
      "ip": "144.73.131.148",
      "address": {
        "address": "1423 Main Street",
        "city": "Jacksonville",
        "state": "Idaho",
        "stateCode": "ID",
        "postalCode": "34271",
        "coordinates": {
          "lat": -15.022759,
          "lng": 58.392572
        },
        "country": "United States"
      },
      "macAddress": "f6:59:76:66:c0:85",
      "university": "Boston University",
      "bank": {
        "cardExpire": "03/28",
        "cardNumber": "0096889176292417",
        "cardType": "American Express",
        "currency": "AUD",
        "iban": "59YJ2N9PUQHJMAG3DFP5QVF3"
      },
      "company": {
        "department": "Accounting",
        "name": "Waters, Ankunding and Green",
        "title": "Chief Operating Officer",
        "address": {
          "address": "1536 Fourth Street",
          "city": "Indianapolis",
          "state": "Michigan",
          "stateCode": "MI",
          "postalCode": "77147",
          "coordinates": {
            "lat": -49.858979,
            "lng": -21.940443
          },
          "country": "United States"
        }
      },
      "ein": "222-408",
      "ssn": "216-126-647",
      "userAgent": "Mozilla/5.0 (Windows NT 10.0; Win64; x64) AppleWebKit/537.36 (KHTML, like Gecko) Chrome/96.0.4664.110 Safari/537.36",
      "crypto": {
        "coin": "Bitcoin",
        "wallet": "0xb9fc2fe63b2a6c003f1c324c3bfa53259162181a",
        "network": "Ethereum (ERC20)"
      },
      "role": "user"
    },
    {
      "id": 54,
      "firstName": "Ava",
      "lastName": "Harrison",
      "maidenName": "",
      "age": 28,
      "gender": "female",
      "email": "ava.harrison@x.dummyjson.com",
      "phone": "+44 926-778-4653",
      "username": "avah",
      "password": "avahpass",
      "birthDate": "1996-4-22",
      "image": "https://dummyjson.com/icon/avah/128",
      "bloodGroup": "O-",
      "height": 155.72,
      "weight": 93.47,
      "eyeColor": "Hazel",
      "hair": {
        "color": "Brown",
        "type": "Curly"
      },
      "ip": "225.40.138.177",
      "address": {
        "address": "1094 Adams Street",
        "city": "San Antonio",
        "state": "Vermont",
        "stateCode": "VT",
        "postalCode": "14336",
        "coordinates": {
          "lat": -84.032892,
          "lng": -46.255902
        },
        "country": "United States"
      },
      "macAddress": "4e:2b:e4:33:7a:f8",
      "university": "Harvard University",
      "bank": {
        "cardExpire": "02/26",
        "cardNumber": "0450868014964799",
        "cardType": "UnionPay",
        "currency": "CAD",
        "iban": "MAJR8E5TRHGU1G6BTOB7VC0M"
      },
      "company": {
        "department": "Engineering",
        "name": "Blanda - Jacobson",
        "title": "Legal Counsel",
        "address": {
          "address": "1374 Cedar Street",
          "city": "Philadelphia",
          "state": "Delaware",
          "stateCode": "DE",
          "postalCode": "21641",
          "coordinates": {
            "lat": -56.564069,
            "lng": -134.42879
          },
          "country": "United States"
        }
      },
      "ein": "145-780",
      "ssn": "621-536-422",
      "userAgent": "Mozilla/5.0 (Windows NT 10.0; Win64; x64) AppleWebKit/537.36 (KHTML, like Gecko) Chrome/97.0.4692.99 Safari/537.36",
      "crypto": {
        "coin": "Bitcoin",
        "wallet": "0xb9fc2fe63b2a6c003f1c324c3bfa53259162181a",
        "network": "Ethereum (ERC20)"
      },
      "role": "user"
    },
    {
      "id": 59,
      "firstName": "Ethan",
      "lastName": "Fletcher",
      "maidenName": "",
      "age": 33,
      "gender": "male",
      "email": "ethan.fletcher@x.dummyjson.com",
      "phone": "+1 251-564-2643",
      "username": "ethanf",
      "password": "ethanfpass",
      "birthDate": "1991-5-1",
      "image": "https://dummyjson.com/icon/ethanf/128",
      "bloodGroup": "AB-",
      "height": 183.99,
      "weight": 83.98,
      "eyeColor": "Violet",
      "hair": {
        "color": "Brown",
        "type": "Curly"
      },
      "ip": "21.94.6.7",
      "address": {
        "address": "789 Main Street",
        "city": "Dallas",
        "state": "Arkansas",
        "stateCode": "AR",
        "postalCode": "87924",
        "coordinates": {
          "lat": 29.411519,
          "lng": 23.598322
        },
        "country": "United States"
      },
      "macAddress": "b2:fd:ca:1b:3b:a5",
      "university": "Cornell University",
      "bank": {
        "cardExpire": "05/25",
        "cardNumber": "4591531606680865",
        "cardType": "Interac",
        "currency": "TRY",
        "iban": "0DIIQ3XV0C7N79DDVXSRTR51"
      },
      "company": {
        "department": "Training",
        "name": "Halvorson LLC",
        "title": "Data Scientist",
        "address": {
          "address": "258 Tenth Street",
          "city": "Washington",
          "state": "Texas",
          "stateCode": "TX",
          "postalCode": "10371",
          "coordinates": {
            "lat": 45.367618,
            "lng": -147.524292
          },
          "country": "United States"
        }
      },
      "ein": "610-786",
      "ssn": "577-991-233",
      "userAgent": "Mozilla/5.0 (Macintosh; Intel Mac OS X 10_15_7) AppleWebKit/537.36 (KHTML, like Gecko) Chrome/95.0.4638.54 Safari/537.36",
      "crypto": {
        "coin": "Bitcoin",
        "wallet": "0xb9fc2fe63b2a6c003f1c324c3bfa53259162181a",
        "network": "Ethereum (ERC20)"
      },
      "role": "user"
    },
    {
      "id": 78,
      "firstName": "Eleanor",
      "lastName": "Tyler",
      "maidenName": "",
      "age": 30,
      "gender": "female",
      "email": "eleanor.tyler@x.dummyjson.com",
      "phone": "+1 232-621-9938",
      "username": "eleanort",
      "password": "eleanortpass",
      "birthDate": "1994-10-26",
      "image": "https://dummyjson.com/icon/eleanort/128",
      "bloodGroup": "O-",
      "height": 195.85,
      "weight": 70.03,
      "eyeColor": "Green",
      "hair": {
        "color": "Brown",
        "type": "Wavy"
      },
      "ip": "54.87.239.213",
      "address": {
        "address": "439 Pine Street",
        "city": "San Antonio",
        "state": "New Hampshire",
        "stateCode": "NH",
        "postalCode": "64622",
        "coordinates": {
          "lat": 51.5965,
          "lng": 47.479982
        },
        "country": "United States"
      },
      "macAddress": "df:94:e1:e7:3a:7",
      "university": "Wake Forest University",
      "bank": {
        "cardExpire": "05/26",
        "cardNumber": "5139010746167383",
        "cardType": "Visa",
        "currency": "JPY",
        "iban": "SUWTU7G890VVO0B6MFV5O14O"
      },
      "company": {
        "department": "Product Management",
        "name": "Hilpert and Sons",
        "title": "Web Developer",
        "address": {
          "address": "580 Seventh Street",
          "city": "Jacksonville",
          "state": "Indiana",
          "stateCode": "IN",
          "postalCode": "57924",
          "coordinates": {
            "lat": -3.475554,
            "lng": -138.094068
          },
          "country": "United States"
        }
      },
      "ein": "668-175",
      "ssn": "688-176-797",
      "userAgent": "Mozilla/5.0 (Windows NT 10.0; Win64; x64) AppleWebKit/537.36 (KHTML, like Gecko) Chrome/97.0.4692.99 Safari/537.36",
      "crypto": {
        "coin": "Bitcoin",
        "wallet": "0xb9fc2fe63b2a6c003f1c324c3bfa53259162181a",
        "network": "Ethereum (ERC20)"
      },
      "role": "user"
    },
    {
      "id": 83,
      "firstName": "Dylan",
      "lastName": "Wells",
      "maidenName": "",
      "age": 34,
      "gender": "male",
      "email": "dylan.wells@x.dummyjson.com",
      "phone": "+49 659-638-1106",
      "username": "dylanw",
      "password": "dylanwpass",
      "birthDate": "1990-11-7",
      "image": "https://dummyjson.com/icon/dylanw/128",
      "bloodGroup": "O+",
      "height": 156.56,
      "weight": 83.29,
      "eyeColor": "Amber",
      "hair": {
        "color": "Brown",
        "type": "Curly"
      },
      "ip": "254.112.7.252",
      "address": {
        "address": "816 Sixth Street",
        "city": "Philadelphia",
        "state": "West Virginia",
        "stateCode": "WV",
        "postalCode": "54522",
        "coordinates": {
          "lat": -82.623651,
          "lng": 33.259567
        },
        "country": "United States"
      },
      "macAddress": "b7:c7:29:ff:e0:49",
      "university": "William & Mary",
      "bank": {
        "cardExpire": "04/25",
        "cardNumber": "6536029246670234",
        "cardType": "Elo",
        "currency": "USD",
        "iban": "1GBYGX4DZ5G4ZXXKNTELQ6TL"
      },
      "company": {
        "department": "Services",
        "name": "Schmidt - Hyatt",
        "title": "Support Specialist",
        "address": {
          "address": "360 Sixth Street",
          "city": "Seattle",
          "state": "Florida",
          "stateCode": "FL",
          "postalCode": "16124",
          "coordinates": {
            "lat": 61.755934,
            "lng": -149.215844
          },
          "country": "United States"
        }
      },
      "ein": "560-210",
      "ssn": "572-136-332",
      "userAgent": "Mozilla/5.0 (Macintosh; Intel Mac OS X 10_15_7) AppleWebKit/537.36 (KHTML, like Gecko) Chrome/96.0.4664.93 Safari/537.36",
      "crypto": {
        "coin": "Bitcoin",
        "wallet": "0xb9fc2fe63b2a6c003f1c324c3bfa53259162181a",
        "network": "Ethereum (ERC20)"
      },
      "role": "user"
    },
    {
      "id": 103,
      "firstName": "Emily",
      "lastName": "Brown",
      "maidenName": "Taylor",
      "age": 42,
      "gender": "female",
      "email": "emily.brown@x.dummyjson.com",
      "phone": "+61 875-999-8871",
      "username": "emilyt",
      "password": "emilytpass",
      "birthDate": "1982-12-5",
      "image": "https://dummyjson.com/icon/emilyt/128",
      "bloodGroup": "AB-",
      "height": 181.96,
      "weight": 89.65,
      "eyeColor": "Blue",
      "hair": {
        "color": "Brown",
        "type": "Kinky"
      },
      "ip": "41.156.197.109",
      "address": {
        "address": "1962 Fourth Street",
        "city": "Houston",
        "state": "Hawaii",
        "stateCode": "HI",
        "postalCode": "67104",
        "coordinates": {
          "lat": -64.336051,
          "lng": 135.876737
        },
        "country": "United States"
      },
      "macAddress": "3b:9b:ee:cf:1f:de",
      "university": "Georgetown University",
      "bank": {
        "cardExpire": "05/28",
        "cardNumber": "0804635043652938",
        "cardType": "American Express",
        "currency": "USD",
        "iban": "GWI5NQPQ8N5PIKIGAHB4EIOZ"
      },
      "company": {
        "department": "Research and Development",
        "name": "Pfannerstill Inc",
        "title": "Data Analyst",
        "address": {
          "address": "1998 Main Street",
          "city": "Indianapolis",
          "state": "Arizona",
          "stateCode": "AZ",
          "postalCode": "57190",
          "coordinates": {
            "lat": -83.995771,
            "lng": 127.669213
          },
          "country": "United States"
        }
      },
      "ein": "844-425",
      "ssn": "119-906-830",
      "userAgent": "Mozilla/5.0 (Macintosh; Intel Mac OS X 10_15_7) AppleWebKit/537.36 (KHTML, like Gecko) Chrome/97.0.4692.99 Safari/537.36",
      "crypto": {
        "coin": "Bitcoin",
        "wallet": "0xb9fc2fe63b2a6c003f1c324c3bfa53259162181a",
        "network": "Ethereum (ERC20)"
      },
      "role": "user"
    },
    {
      "id": 105,
      "firstName": "Emma",
      "lastName": "Wilson",
      "maidenName": "Clark",
      "age": 31,
      "gender": "female",
      "email": "emma.wilson@x.dummyjson.com",
      "phone": "+49 933-975-3236",
      "username": "emmac",
      "password": "emmacpass",
      "birthDate": "1993-6-2",
      "image": "https://dummyjson.com/icon/emmac/128",
      "bloodGroup": "O+",
      "height": 164.59,
      "weight": 97.44,
      "eyeColor": "Gray",
      "hair": {
        "color": "Brown",
        "type": "Straight"
      },
      "ip": "23.240.162.228",
      "address": {
        "address": "888 Lincoln Street",
        "city": "New York",
        "state": "Kansas",
        "stateCode": "KS",
        "postalCode": "85313",
        "coordinates": {
          "lat": 64.320835,
          "lng": -25.984113
        },
        "country": "United States"
      },
      "macAddress": "64:a6:72:4d:9e:79",
      "university": "Tufts University",
      "bank": {
        "cardExpire": "05/25",
        "cardNumber": "5350949324601165",
        "cardType": "Elo",
        "currency": "JPY",
        "iban": "M5521QXBD49MQNIESE6Q1SDX"
      },
      "company": {
        "department": "Sales",
        "name": "Nienow - Fritsch",
        "title": "Software Engineer",
        "address": {
          "address": "1302 Adams Street",
          "city": "San Francisco",
          "state": "Alaska",
          "stateCode": "AK",
          "postalCode": "39028",
          "coordinates": {
            "lat": -78.519188,
            "lng": -144.614396
          },
          "country": "United States"
        }
      },
      "ein": "108-918",
      "ssn": "690-817-970",
      "userAgent": "Mozilla/5.0 (Windows NT 10.0; Win64; x64) AppleWebKit/537.36 (KHTML, like Gecko) Chrome/96.0.4664.110 Safari/537.36",
      "crypto": {
        "coin": "Bitcoin",
        "wallet": "0xb9fc2fe63b2a6c003f1c324c3bfa53259162181a",
        "network": "Ethereum (ERC20)"
      },
      "role": "user"
    },
    {
      "id": 112,
      "firstName": "Alexander",
      "lastName": "Hernandez",
      "maidenName": "",
      "age": 41,
      "gender": "male",
      "email": "alexander.hernandez@x.dummyjson.com",
      "phone": "+49 410-245-8608",
      "username": "alexanderh",
      "password": "alexanderhpass",
      "birthDate": "1983-7-4",
      "image": "https://dummyjson.com/icon/alexanderh/128",
      "bloodGroup": "B-",
      "height": 172.2,
      "weight": 82.3,
      "eyeColor": "Blue",
      "hair": {
        "color": "Brown",
        "type": "Kinky"
      },
      "ip": "145.104.53.16",
      "address": {
        "address": "329 Second Street",
        "city": "Dallas",
        "state": "Idaho",
        "stateCode": "ID",
        "postalCode": "49314",
        "coordinates": {
          "lat": 14.101714,
          "lng": -148.130379
        },
        "country": "United States"
      },
      "macAddress": "4c:83:2a:82:f:c6",
      "university": "University of Florida",
      "bank": {
        "cardExpire": "02/27",
        "cardNumber": "3843242207440634",
        "cardType": "JCB",
        "currency": "EUR",
        "iban": "7DGPYK166FA9X36Q48OGU2W5"
      },
      "company": {
        "department": "Sales",
        "name": "Gibson LLC",
        "title": "Chief Technology Officer",
        "address": {
          "address": "176 Main Street",
          "city": "Seattle",
          "state": "Pennsylvania",
          "stateCode": "PA",
          "postalCode": "61558",
          "coordinates": {
            "lat": 25.794587,
            "lng": 101.693435
          },
          "country": "United States"
        }
      },
      "ein": "355-181",
      "ssn": "583-406-155",
      "userAgent": "Mozilla/5.0 (Windows NT 10.0; Win64; x64) AppleWebKit/537.36 (KHTML, like Gecko) Chrome/95.0.4638.54 Safari/537.36",
      "crypto": {
        "coin": "Bitcoin",
        "wallet": "0xb9fc2fe63b2a6c003f1c324c3bfa53259162181a",
        "network": "Ethereum (ERC20)"
      },
      "role": "user"
    },
    {
      "id": 117,
      "firstName": "Amelia",
      "lastName": "Perez",
      "maidenName": "Gonzalez",
      "age": 43,
      "gender": "female",
      "email": "amelia.perez@x.dummyjson.com",
      "phone": "+49 751-988-9521",
      "username": "ameliag",
      "password": "ameliagpass",
      "birthDate": "1981-1-29",
      "image": "https://dummyjson.com/icon/ameliag/128",
      "bloodGroup": "B+",
      "height": 186.66,
      "weight": 80.38,
      "eyeColor": "Brown",
      "hair": {
        "color": "Brown",
        "type": "Wavy"
      },
      "ip": "249.222.49.78",
      "address": {
        "address": "25 Elm Street",
        "city": "New York",
        "state": "New Hampshire",
        "stateCode": "NH",
        "postalCode": "88314",
        "coordinates": {
          "lat": -55.895738,
          "lng": -117.829232
        },
        "country": "United States"
      },
      "macAddress": "1:64:41:63:ca:9e",
      "university": "University of Michigan--Ann Arbor",
      "bank": {
        "cardExpire": "05/28",
        "cardNumber": "5739347905804766",
        "cardType": "Visa",
        "currency": "BRL",
        "iban": "V8ZMJUYDG8C4703PJR3MVIGU"
      },
      "company": {
        "department": "Services",
        "name": "Swift - Stamm",
        "title": "Chief Executive Officer",
        "address": {
          "address": "1390 Pine Street",
          "city": "Philadelphia",
          "state": "Maine",
          "stateCode": "ME",
          "postalCode": "21632",
          "coordinates": {
            "lat": -19.615702,
            "lng": 42.511462
          },
          "country": "United States"
        }
      },
      "ein": "836-867",
      "ssn": "769-496-865",
      "userAgent": "Mozilla/5.0 (Macintosh; Intel Mac OS X 10_15_7) AppleWebKit/537.36 (KHTML, like Gecko) Chrome/95.0.4638.69 Safari/537.36",
      "crypto": {
        "coin": "Bitcoin",
        "wallet": "0xb9fc2fe63b2a6c003f1c324c3bfa53259162181a",
        "network": "Ethereum (ERC20)"
      },
      "role": "user"
    },
    {
      "id": 121,
      "firstName": "Ava",
      "lastName": "Harris",
      "maidenName": "",
      "age": 29,
      "gender": "female",
      "email": "ava.harris@x.dummyjson.com",
      "phone": "+44 422-227-6412",
      "username": "avahx",
      "password": "avahxpass",
      "birthDate": "1995-8-26",
      "image": "https://dummyjson.com/icon/avahx/128",
      "bloodGroup": "A-",
      "height": 199.36,
      "weight": 63.3,
      "eyeColor": "Blue",
      "hair": {
        "color": "Brown",
        "type": "Wavy"
      },
      "ip": "23.127.175.229",
      "address": {
        "address": "518 Elm Street",
        "city": "San Antonio",
        "state": "Florida",
        "stateCode": "FL",
        "postalCode": "35171",
        "coordinates": {
          "lat": 74.817644,
          "lng": 15.72801
        },
        "country": "United States"
      },
      "macAddress": "4:c3:e9:35:23:2a",
      "university": "University of Florida",
      "bank": {
        "cardExpire": "04/29",
        "cardNumber": "8933423589330803",
        "cardType": "Carte Bancaire",
        "currency": "SEK",
        "iban": "ILPFCYQSHV9VGE8E9JZ6DMGS"
      },
      "company": {
        "department": "Marketing",
        "name": "Lebsack Inc",
        "title": "Engineer",
        "address": {
          "address": "1495 First Street",
          "city": "Columbus",
          "state": "Alaska",
          "stateCode": "AK",
          "postalCode": "64989",
          "coordinates": {
            "lat": 18.943383,
            "lng": -136.717336
          },
          "country": "United States"
        }
      },
      "ein": "715-161",
      "ssn": "906-771-261",
      "userAgent": "Mozilla/5.0 (Windows NT 10.0; Win64; x64) AppleWebKit/537.36 (KHTML, like Gecko) Chrome/96.0.4664.93 Safari/537.36",
      "crypto": {
        "coin": "Bitcoin",
        "wallet": "0xb9fc2fe63b2a6c003f1c324c3bfa53259162181a",
        "network": "Ethereum (ERC20)"
      },
      "role": "user"
    },
    {
      "id": 124,
      "firstName": "Noah",
      "lastName": "Lewis",
      "maidenName": "",
      "age": 39,
      "gender": "male",
      "email": "noah.lewis@x.dummyjson.com",
      "phone": "+61 396-867-4229",
      "username": "noahl",
      "password": "noahlpass",
      "birthDate": "1985-6-9",
      "image": "https://dummyjson.com/icon/noahl/128",
      "bloodGroup": "AB-",
      "height": 168.71,
      "weight": 86.15,
      "eyeColor": "Green",
      "hair": {
        "color": "Brown",
        "type": "Curly"
      },
      "ip": "210.106.253.177",
      "address": {
        "address": "41 Fifth Street",
        "city": "Denver",
        "state": "Alabama",
        "stateCode": "AL",
        "postalCode": "42655",
        "coordinates": {
          "lat": 62.7964,
          "lng": -10.481867
        },
        "country": "United States"
      },
      "macAddress": "e3:f5:6d:86:ed:bd",
      "university": "Yale University",
      "bank": {
        "cardExpire": "04/29",
        "cardNumber": "7516988588241862",
        "cardType": "Mir",
        "currency": "TRY",
        "iban": "LL758F4YIK259YO0X8YOSM1V"
      },
      "company": {
        "department": "Research and Development",
        "name": "Satterfield, Shields and Littel",
        "title": "Project Manager",
        "address": {
          "address": "596 Third Street",
          "city": "Seattle",
          "state": "Minnesota",
          "stateCode": "MN",
          "postalCode": "30859",
          "coordinates": {
            "lat": -9.449962,
            "lng": 124.358321
          },
          "country": "United States"
        }
      },
      "ein": "898-556",
      "ssn": "711-488-725",
      "userAgent": "Mozilla/5.0 (Windows NT 10.0; Win64; x64) AppleWebKit/537.36 (KHTML, like Gecko) Chrome/95.0.4638.54 Safari/537.36",
      "crypto": {
        "coin": "Bitcoin",
        "wallet": "0xb9fc2fe63b2a6c003f1c324c3bfa53259162181a",
        "network": "Ethereum (ERC20)"
      },
      "role": "user"
    },
    {
      "id": 131,
      "firstName": "Jackson",
      "lastName": "Morales",
      "maidenName": "",
      "age": 33,
      "gender": "male",
      "email": "jackson.morales@x.dummyjson.com",
      "phone": "+1 685-561-9154",
      "username": "jacksonm",
      "password": "jacksonmpass",
      "birthDate": "1991-9-18",
      "image": "https://dummyjson.com/icon/jacksonm/128",
      "bloodGroup": "AB-",
      "height": 154.3,
      "weight": 60.62,
      "eyeColor": "Violet",
      "hair": {
        "color": "Brown",
        "type": "Curly"
      },
      "ip": "10.39.106.47",
      "address": {
        "address": "1549 Main Street",
        "city": "Austin",
        "state": "Arkansas",
        "stateCode": "AR",
        "postalCode": "23595",
        "coordinates": {
          "lat": 89.624584,
          "lng": -107.671084
        },
        "country": "United States"
      },
      "macAddress": "e7:a2:59:b:23:32",
      "university": "Pepperdine University",
      "bank": {
        "cardExpire": "04/27",
        "cardNumber": "6517542791688067",
        "cardType": "American Express",
        "currency": "GBP",
        "iban": "44ARAL6QV0FNIVN0PGISL6JD"
      },
      "company": {
        "department": "Human Resources",
        "name": "Kshlerin, Mitchell and Wilderman",
        "title": "Legal Counsel",
        "address": {
          "address": "694 Second Street",
          "city": "San Diego",
          "state": "New Hampshire",
          "stateCode": "NH",
          "postalCode": "64598",
          "coordinates": {
            "lat": -67.250988,
            "lng": 158.241684
          },
          "country": "United States"
        }
      },
      "ein": "106-784",
      "ssn": "439-618-286",
      "userAgent": "Mozilla/5.0 (Macintosh; Intel Mac OS X 10_15_7) AppleWebKit/537.36 (KHTML, like Gecko) Chrome/97.0.4692.99 Safari/537.36",
      "crypto": {
        "coin": "Bitcoin",
        "wallet": "0xb9fc2fe63b2a6c003f1c324c3bfa53259162181a",
        "network": "Ethereum (ERC20)"
      },
      "role": "user"
    },
    {
      "id": 135,
      "firstName": "Elijah",
      "lastName": "Cruz",
      "maidenName": "",
      "age": 29,
      "gender": "male",
      "email": "elijah.cruz@x.dummyjson.com",
      "phone": "+1 613-532-2557",
      "username": "elijahc",
      "password": "elijahcpass",
      "birthDate": "1995-1-23",
      "image": "https://dummyjson.com/icon/elijahc/128",
      "bloodGroup": "O+",
      "height": 195.29,
      "weight": 78.61,
      "eyeColor": "Gray",
      "hair": {
        "color": "Brown",
        "type": "Wavy"
      },
      "ip": "178.45.211.139",
      "address": {
        "address": "583 Second Street",
        "city": "Seattle",
        "state": "North Dakota",
        "stateCode": "ND",
        "postalCode": "26483",
        "coordinates": {
          "lat": 19.529428,
          "lng": 165.798169
        },
        "country": "United States"
      },
      "macAddress": "11:be:4d:5a:92:7d",
      "university": "University of California--Berkeley",
      "bank": {
        "cardExpire": "04/26",
        "cardNumber": "2186461769081882",
        "cardType": "BC Card",
        "currency": "AUD",
        "iban": "QR66AYZFKG7FHBLYIPACG06Z"
      },
      "company": {
        "department": "Accounting",
        "name": "Stokes - Harber",
        "title": "Marketing Manager",
        "address": {
          "address": "1462 Jefferson Street",
          "city": "Seattle",
          "state": "New Jersey",
          "stateCode": "NJ",
          "postalCode": "81308",
          "coordinates": {
            "lat": 69.208929,
            "lng": -159.871286
          },
          "country": "United States"
        }
      },
      "ein": "115-488",
      "ssn": "577-965-784",
      "userAgent": "Mozilla/5.0 (Macintosh; Intel Mac OS X 10_15_7) AppleWebKit/537.36 (KHTML, like Gecko) Chrome/97.0.4692.99 Safari/537.36",
      "crypto": {
        "coin": "Bitcoin",
        "wallet": "0xb9fc2fe63b2a6c003f1c324c3bfa53259162181a",
        "network": "Ethereum (ERC20)"
      },
      "role": "user"
    },
    {
      "id": 136,
      "firstName": "Madison",
      "lastName": "Stewart",
      "maidenName": "Kelly",
      "age": 36,
      "gender": "female",
      "email": "madison.stewart@x.dummyjson.com",
      "phone": "+61 455-829-5048",
      "username": "madisonk",
      "password": "madisonkpass",
      "birthDate": "1988-5-15",
      "image": "https://dummyjson.com/icon/madisonk/128",
      "bloodGroup": "B-",
      "height": 199.81,
      "weight": 76.36,
      "eyeColor": "Blue",
      "hair": {
        "color": "Brown",
        "type": "Kinky"
      },
      "ip": "110.144.81.89",
      "address": {
        "address": "823 Sixth Street",
        "city": "Indianapolis",
        "state": "Arkansas",
        "stateCode": "AR",
        "postalCode": "66305",
        "coordinates": {
          "lat": -26.509663,
          "lng": -127.744698
        },
        "country": "United States"
      },
      "macAddress": "4e:15:99:a0:22:33",
      "university": "Northwestern University",
      "bank": {
        "cardExpire": "03/26",
        "cardNumber": "2791153884967760",
        "cardType": "American Express",
        "currency": "CAD",
        "iban": "UTK199ACFANYLGO22JFAY696"
      },
      "company": {
        "department": "Training",
        "name": "Schowalter Group",
        "title": "Data Scientist",
        "address": {
          "address": "344 Main Street",
          "city": "Washington",
          "state": "Colorado",
          "stateCode": "CO",
          "postalCode": "64474",
          "coordinates": {
            "lat": -33.940327,
            "lng": -144.800578
          },
          "country": "United States"
        }
      },
      "ein": "246-581",
      "ssn": "223-424-188",
      "userAgent": "Mozilla/5.0 (Macintosh; Intel Mac OS X 10_15_7) AppleWebKit/537.36 (KHTML, like Gecko) Chrome/96.0.4664.93 Safari/537.36",
      "crypto": {
        "coin": "Bitcoin",
        "wallet": "0xb9fc2fe63b2a6c003f1c324c3bfa53259162181a",
        "network": "Ethereum (ERC20)"
      },
      "role": "user"
    },
    {
      "id": 147,
      "firstName": "Henry",
      "lastName": "Turner",
      "maidenName": "",
      "age": 44,
      "gender": "male",
      "email": "henry.turner@x.dummyjson.com",
      "phone": "+1 374-470-5082",
      "username": "henryt",
      "password": "henrytpass",
      "birthDate": "1980-6-12",
      "image": "https://dummyjson.com/icon/henryt/128",
      "bloodGroup": "AB-",
      "height": 151.17,
      "weight": 62.94,
      "eyeColor": "Amber",
      "hair": {
        "color": "Brown",
        "type": "Straight"
      },
      "ip": "96.193.117.130",
      "address": {
        "address": "201 Sixth Street",
        "city": "Philadelphia",
        "state": "Ohio",
        "stateCode": "OH",
        "postalCode": "41914",
        "coordinates": {
          "lat": -26.432988,
          "lng": 79.850071
        },
        "country": "United States"
      },
      "macAddress": "69:dd:33:c0:84:9e",
      "university": "University of Florida",
      "bank": {
        "cardExpire": "05/25",
        "cardNumber": "9583309773717983",
        "cardType": "Mir",
        "currency": "SEK",
        "iban": "OVP8KFSCF5VRXCU3ZLKCTOA3"
      },
      "company": {
        "department": "Legal",
        "name": "Dickens - Beahan",
        "title": "Technical Support Engineer",
        "address": {
          "address": "1392 Fifth Street",
          "city": "Chicago",
          "state": "Wyoming",
          "stateCode": "WY",
          "postalCode": "76234",
          "coordinates": {
            "lat": 9.204767,
            "lng": -80.70479
          },
          "country": "United States"
        }
      },
      "ein": "884-620",
      "ssn": "555-829-690",
      "userAgent": "Mozilla/5.0 (Windows NT 10.0; Win64; x64) AppleWebKit/537.36 (KHTML, like Gecko) Chrome/95.0.4638.54 Safari/537.36",
      "crypto": {
        "coin": "Bitcoin",
        "wallet": "0xb9fc2fe63b2a6c003f1c324c3bfa53259162181a",
        "network": "Ethereum (ERC20)"
      },
      "role": "user"
    },
    {
      "id": 151,
      "firstName": "Nathan",
      "lastName": "Reed",
      "maidenName": "",
      "age": 28,
      "gender": "male",
      "email": "nathan.reed@x.dummyjson.com",
      "phone": "+1 448-642-4577",
      "username": "nathanr",
      "password": "nathanrpass",
      "birthDate": "1996-12-26",
      "image": "https://dummyjson.com/icon/nathanr/128",
      "bloodGroup": "A+",
      "height": 186.76,
      "weight": 52.22,
      "eyeColor": "Amber",
      "hair": {
        "color": "Brown",
        "type": "Curly"
      },
      "ip": "216.178.112.125",
      "address": {
        "address": "82 Cedar Street",
        "city": "Los Angeles",
        "state": "Utah",
        "stateCode": "UT",
        "postalCode": "73204",
        "coordinates": {
          "lat": 66.874876,
          "lng": -47.038037
        },
        "country": "United States"
      },
      "macAddress": "1b:a1:e1:cd:a2:39",
      "university": "University of Pennsylvania",
      "bank": {
        "cardExpire": "03/26",
        "cardNumber": "1975042725433931",
        "cardType": "Visa",
        "currency": "CNY",
        "iban": "1BFD8TVFWZLVDPRJPQ3K2BC4"
      },
      "company": {
        "department": "Training",
        "name": "Stark Group",
        "title": "Chief Operating Officer",
        "address": {
          "address": "1075 Adams Street",
          "city": "Philadelphia",
          "state": "North Carolina",
          "stateCode": "NC",
          "postalCode": "28999",
          "coordinates": {
            "lat": 55.767346,
            "lng": -60.983019
          },
          "country": "United States"
        }
      },
      "ein": "647-669",
      "ssn": "355-857-184",
      "userAgent": "Mozilla/5.0 (Windows NT 10.0; Win64; x64) AppleWebKit/537.36 (KHTML, like Gecko) Chrome/95.0.4638.54 Safari/537.36",
      "crypto": {
        "coin": "Bitcoin",
        "wallet": "0xb9fc2fe63b2a6c003f1c324c3bfa53259162181a",
        "network": "Ethereum (ERC20)"
      },
      "role": "user"
    },
    {
      "id": 156,
      "firstName": "Mila",
      "lastName": "Hernandez",
      "maidenName": "Mitchell",
      "age": 33,
      "gender": "female",
      "email": "mila.hernandez@x.dummyjson.com",
      "phone": "+49 893-855-2896",
      "username": "milam",
      "password": "milampass",
      "birthDate": "1991-8-18",
      "image": "https://dummyjson.com/icon/milam/128",
      "bloodGroup": "B-",
      "height": 174.13,
      "weight": 80.97,
      "eyeColor": "Hazel",
      "hair": {
        "color": "Brown",
        "type": "Kinky"
      },
      "ip": "109.219.231.82",
      "address": {
        "address": "1454 Oak Street",
        "city": "Seattle",
        "state": "New Mexico",
        "stateCode": "NM",
        "postalCode": "46438",
        "coordinates": {
          "lat": 89.661297,
          "lng": 163.24939
        },
        "country": "United States"
      },
      "macAddress": "69:8b:7e:5f:44:93",
      "university": "University of Virginia",
      "bank": {
        "cardExpire": "03/28",
        "cardNumber": "6768824763441600",
        "cardType": "Carte Bancaire",
        "currency": "GBP",
        "iban": "H26UXIF2ZXUQM9261V4Y98DW"
      },
      "company": {
        "department": "Marketing",
        "name": "Wisoky - Rowe",
        "title": "Software Architect",
        "address": {
          "address": "1281 Pine Street",
          "city": "Austin",
          "state": "Rhode Island",
          "stateCode": "RI",
          "postalCode": "66784",
          "coordinates": {
            "lat": 53.726642,
            "lng": 102.912699
          },
          "country": "United States"
        }
      },
      "ein": "708-862",
      "ssn": "549-233-319",
      "userAgent": "Mozilla/5.0 (Macintosh; Intel Mac OS X 10_15_7) AppleWebKit/537.36 (KHTML, like Gecko) Chrome/96.0.4664.45 Safari/537.36",
      "crypto": {
        "coin": "Bitcoin",
        "wallet": "0xb9fc2fe63b2a6c003f1c324c3bfa53259162181a",
        "network": "Ethereum (ERC20)"
      },
      "role": "user"
    },
    {
      "id": 166,
      "firstName": "Elena",
      "lastName": "Long",
      "maidenName": "Mitchell",
      "age": 42,
      "gender": "female",
      "email": "elena.long@x.dummyjson.com",
      "phone": "+91 697-839-3216",
      "username": "elenam",
      "password": "elenampass",
      "birthDate": "1982-4-4",
      "image": "https://dummyjson.com/icon/elenam/128",
      "bloodGroup": "AB+",
      "height": 179.89,
      "weight": 56.93,
      "eyeColor": "Hazel",
      "hair": {
        "color": "Brown",
        "type": "Kinky"
      },
      "ip": "252.247.244.14",
      "address": {
        "address": "1883 Lincoln Street",
        "city": "San Jose",
        "state": "New York",
        "stateCode": "NY",
        "postalCode": "29766",
        "coordinates": {
          "lat": -59.16639,
          "lng": -110.237583
        },
        "country": "United States"
      },
      "macAddress": "7f:a7:45:db:ae:69",
      "university": "Tufts University",
      "bank": {
        "cardExpire": "05/26",
        "cardNumber": "2727805642998721",
        "cardType": "Visa",
        "currency": "INR",
        "iban": "HK6FR7AHO1SYH107SP12YX94"
      },
      "company": {
        "department": "Research and Development",
        "name": "Bruen and Sons",
        "title": "Database Administrator",
        "address": {
          "address": "985 Ninth Street",
          "city": "New York",
          "state": "Colorado",
          "stateCode": "CO",
          "postalCode": "36408",
          "coordinates": {
            "lat": 59.040431,
            "lng": -134.144154
          },
          "country": "United States"
        }
      },
      "ein": "457-165",
      "ssn": "619-479-503",
      "userAgent": "Mozilla/5.0 (Macintosh; Intel Mac OS X 10_15_7) AppleWebKit/537.36 (KHTML, like Gecko) Chrome/96.0.4664.93 Safari/537.36",
      "crypto": {
        "coin": "Bitcoin",
        "wallet": "0xb9fc2fe63b2a6c003f1c324c3bfa53259162181a",
        "network": "Ethereum (ERC20)"
      },
      "role": "user"
    },
    {
      "id": 188,
      "firstName": "Aria",
      "lastName": "Flores",
      "maidenName": "Martin",
      "age": 25,
      "gender": "female",
      "email": "aria.flores@x.dummyjson.com",
      "phone": "+61 415-771-8232",
      "username": "ariamx",
      "password": "ariamxpass",
      "birthDate": "1999-11-8",
      "image": "https://dummyjson.com/icon/ariamx/128",
      "bloodGroup": "O-",
      "height": 160.06,
      "weight": 92.02,
      "eyeColor": "Amber",
      "hair": {
        "color": "Brown",
        "type": "Wavy"
      },
      "ip": "86.67.36.191",
      "address": {
        "address": "492 Pine Street",
        "city": "Indianapolis",
        "state": "Tennessee",
        "stateCode": "TN",
        "postalCode": "71284",
        "coordinates": {
          "lat": -88.3996,
          "lng": 22.908268
        },
        "country": "United States"
      },
      "macAddress": "9d:d1:19:e7:45:26",
      "university": "Columbia University",
      "bank": {
        "cardExpire": "01/29",
        "cardNumber": "0409564202862832",
        "cardType": "NPS",
        "currency": "BRL",
        "iban": "K1ZPQHHPOXBMG44M386NWTTN"
      },
      "company": {
        "department": "Sales",
        "name": "Gibson LLC",
        "title": "Sales Manager",
        "address": {
          "address": "1728 Sixth Street",
          "city": "Fort Worth",
          "state": "Nebraska",
          "stateCode": "NE",
          "postalCode": "74809",
          "coordinates": {
            "lat": 51.558679,
            "lng": -85.819219
          },
          "country": "United States"
        }
      },
      "ein": "784-961",
      "ssn": "132-677-684",
      "userAgent": "Mozilla/5.0 (Macintosh; Intel Mac OS X 10_15_7) AppleWebKit/537.36 (KHTML, like Gecko) Chrome/96.0.4664.45 Safari/537.36",
      "crypto": {
        "coin": "Bitcoin",
        "wallet": "0xb9fc2fe63b2a6c003f1c324c3bfa53259162181a",
        "network": "Ethereum (ERC20)"
      },
      "role": "user"
    },
    {
      "id": 203,
      "firstName": "Nova",
      "lastName": "Cooper",
      "maidenName": "Bell",
      "age": 31,
      "gender": "female",
      "email": "nova.cooper@x.dummyjson.com",
      "phone": "+49 292-569-8252",
      "username": "novab",
      "password": "novabpass",
      "birthDate": "1993-6-16",
      "image": "https://dummyjson.com/icon/novab/128",
      "bloodGroup": "B-",
      "height": 155.62,
      "weight": 60.62,
      "eyeColor": "Hazel",
      "hair": {
        "color": "Brown",
        "type": "Curly"
      },
      "ip": "143.240.135.160",
      "address": {
        "address": "1687 Pine Street",
        "city": "Los Angeles",
        "state": "Nebraska",
        "stateCode": "NE",
        "postalCode": "49131",
        "coordinates": {
          "lat": 64.747296,
          "lng": 148.357671
        },
        "country": "United States"
      },
      "macAddress": "e:ea:3e:f3:2d:90",
      "university": "Dartmouth College",
      "bank": {
        "cardExpire": "04/26",
        "cardNumber": "1025143372459028",
        "cardType": "BC Card",
        "currency": "SEK",
        "iban": "GX8HWRLUQWHUOI8FQ7K443GP"
      },
      "company": {
        "department": "Marketing",
        "name": "Schmidt - Hyatt",
        "title": "Legal Counsel",
        "address": {
          "address": "1970 Maple Street",
          "city": "New York",
          "state": "Georgia",
          "stateCode": "GA",
          "postalCode": "24324",
          "coordinates": {
            "lat": -84.354097,
            "lng": -63.193683
          },
          "country": "United States"
        }
      },
      "ein": "249-364",
      "ssn": "357-926-188",
      "userAgent": "Mozilla/5.0 (Windows NT 10.0; Win64; x64; rv:97.0) Gecko/20100101 Firefox/97.0",
      "crypto": {
        "coin": "Bitcoin",
        "wallet": "0xb9fc2fe63b2a6c003f1c324c3bfa53259162181a",
        "network": "Ethereum (ERC20)"
      },
      "role": "user"
    },
    {
      "id": 206,
      "firstName": "Elena",
      "lastName": "Baker",
      "maidenName": "",
      "age": 34,
      "gender": "female",
      "email": "elena.baker@x.dummyjson.com",
      "phone": "+49 978-346-6960",
      "username": "elenab",
      "password": "elenabpass",
      "birthDate": "1990-3-16",
      "image": "https://dummyjson.com/icon/elenab/128",
      "bloodGroup": "O+",
      "height": 150.62,
      "weight": 95.55,
      "eyeColor": "Brown",
      "hair": {
        "color": "Brown",
        "type": "Straight"
      },
      "ip": "85.35.8.29",
      "address": {
        "address": "117 Maple Street",
        "city": "San Francisco",
        "state": "Tennessee",
        "stateCode": "TN",
        "postalCode": "40535",
        "coordinates": {
          "lat": 30.069731,
          "lng": -118.879243
        },
        "country": "United States"
      },
      "macAddress": "83:75:b2:b6:ca:8b",
      "university": "Tufts University",
      "bank": {
        "cardExpire": "01/28",
        "cardNumber": "8424167615739668",
        "cardType": "BC Card",
        "currency": "BRL",
        "iban": "4FSM02FCNNK3BNOI2SDHH91Z"
      },
      "company": {
        "department": "Engineering",
        "name": "Heller LLC",
        "title": "Project Manager",
        "address": {
          "address": "139 Jefferson Street",
          "city": "San Antonio",
          "state": "Idaho",
          "stateCode": "ID",
          "postalCode": "50546",
          "coordinates": {
            "lat": 1.356153,
            "lng": 175.897893
          },
          "country": "United States"
        }
      },
      "ein": "509-840",
      "ssn": "640-201-673",
      "userAgent": "Mozilla/5.0 (Macintosh; Intel Mac OS X 10_15_7) AppleWebKit/537.36 (KHTML, like Gecko) Chrome/96.0.4664.45 Safari/537.36",
      "crypto": {
        "coin": "Bitcoin",
        "wallet": "0xb9fc2fe63b2a6c003f1c324c3bfa53259162181a",
        "network": "Ethereum (ERC20)"
      },
      "role": "user"
    }
  ],
  "total": 23,
  "skip": 0,
  "limit": 23
}
 
]]></system-out>
  </testcase>
  <testcase name="[7:77] Get Users with Limit, Skip, and Select" classname="dummyjson/Users" time="0.124">
    <system-out><![CDATA[17:56:13.065 [main] DEBUG org.apache.http.client.protocol.RequestAddCookies -- CookieSpec selected: karate
17:56:13.065 [main] DEBUG org.apache.http.client.protocol.RequestAuthCache -- Auth cache not set in the context
17:56:13.065 [main] DEBUG com.intuit.karate -- request:
1 > GET https://dummyjson.com/users?select=firstName%2Cage&limit=5&skip=10
1 > Host: dummyjson.com
1 > Connection: Keep-Alive
1 > User-Agent: Apache-HttpClient/4.5.14 (Java/21.0.8)
1 > Accept-Encoding: gzip,deflate


17:56:13.065 [main] DEBUG org.apache.http.impl.conn.PoolingHttpClientConnectionManager -- Connection request: [route: {s}->https://dummyjson.com:443][total available: 0; route allocated: 0 of 5; total allocated: 0 of 10]
17:56:13.065 [main] DEBUG org.apache.http.impl.conn.PoolingHttpClientConnectionManager -- Connection leased: [id: 7][route: {s}->https://dummyjson.com:443][total available: 0; route allocated: 1 of 5; total allocated: 1 of 10]
17:56:13.066 [main] DEBUG org.apache.http.impl.execchain.MainClientExec -- Opening connection {s}->https://dummyjson.com:443
17:56:13.066 [main] DEBUG org.apache.http.impl.conn.DefaultHttpClientConnectionOperator -- Connecting to dummyjson.com/66.33.22.3:443
17:56:13.066 [main] DEBUG org.apache.http.conn.ssl.SSLConnectionSocketFactory -- Connecting socket to dummyjson.com/66.33.22.3:443 with timeout 30000
17:56:13.091 [main] DEBUG org.apache.http.conn.ssl.SSLConnectionSocketFactory -- Enabled protocols: [TLSv1.3, TLSv1.2]
17:56:13.091 [main] DEBUG org.apache.http.conn.ssl.SSLConnectionSocketFactory -- Enabled cipher suites:[TLS_AES_256_GCM_SHA384, TLS_AES_128_GCM_SHA256, TLS_CHACHA20_POLY1305_SHA256, TLS_ECDHE_ECDSA_WITH_AES_256_GCM_SHA384, TLS_ECDHE_ECDSA_WITH_AES_128_GCM_SHA256, TLS_ECDHE_ECDSA_WITH_CHACHA20_POLY1305_SHA256, TLS_ECDHE_RSA_WITH_AES_256_GCM_SHA384, TLS_ECDHE_RSA_WITH_CHACHA20_POLY1305_SHA256, TLS_ECDHE_RSA_WITH_AES_128_GCM_SHA256, TLS_DHE_RSA_WITH_AES_256_GCM_SHA384, TLS_DHE_RSA_WITH_CHACHA20_POLY1305_SHA256, TLS_DHE_DSS_WITH_AES_256_GCM_SHA384, TLS_DHE_RSA_WITH_AES_128_GCM_SHA256, TLS_DHE_DSS_WITH_AES_128_GCM_SHA256, TLS_ECDHE_ECDSA_WITH_AES_256_CBC_SHA384, TLS_ECDHE_RSA_WITH_AES_256_CBC_SHA384, TLS_ECDHE_ECDSA_WITH_AES_128_CBC_SHA256, TLS_ECDHE_RSA_WITH_AES_128_CBC_SHA256, TLS_DHE_RSA_WITH_AES_256_CBC_SHA256, TLS_DHE_DSS_WITH_AES_256_CBC_SHA256, TLS_DHE_RSA_WITH_AES_128_CBC_SHA256, TLS_DHE_DSS_WITH_AES_128_CBC_SHA256, TLS_ECDHE_ECDSA_WITH_AES_256_CBC_SHA, TLS_ECDHE_RSA_WITH_AES_256_CBC_SHA, TLS_ECDHE_ECDSA_WITH_AES_128_CBC_SHA, TLS_ECDHE_RSA_WITH_AES_128_CBC_SHA, TLS_DHE_RSA_WITH_AES_256_CBC_SHA, TLS_DHE_DSS_WITH_AES_256_CBC_SHA, TLS_DHE_RSA_WITH_AES_128_CBC_SHA, TLS_DHE_DSS_WITH_AES_128_CBC_SHA, TLS_RSA_WITH_AES_256_GCM_SHA384, TLS_RSA_WITH_AES_128_GCM_SHA256, TLS_RSA_WITH_AES_256_CBC_SHA256, TLS_RSA_WITH_AES_128_CBC_SHA256, TLS_RSA_WITH_AES_256_CBC_SHA, TLS_RSA_WITH_AES_128_CBC_SHA, TLS_EMPTY_RENEGOTIATION_INFO_SCSV]
17:56:13.092 [main] DEBUG org.apache.http.conn.ssl.SSLConnectionSocketFactory -- Starting handshake
17:56:13.138 [main] DEBUG org.apache.http.conn.ssl.SSLConnectionSocketFactory -- Secure session established
17:56:13.138 [main] DEBUG org.apache.http.conn.ssl.SSLConnectionSocketFactory --  negotiated protocol: TLSv1.3
17:56:13.138 [main] DEBUG org.apache.http.conn.ssl.SSLConnectionSocketFactory --  negotiated cipher suite: TLS_AES_128_GCM_SHA256
17:56:13.138 [main] DEBUG org.apache.http.conn.ssl.SSLConnectionSocketFactory --  peer principal: CN=dummyjson.com
17:56:13.138 [main] DEBUG org.apache.http.conn.ssl.SSLConnectionSocketFactory --  peer alternative names: [dummyjson.com]
17:56:13.138 [main] DEBUG org.apache.http.conn.ssl.SSLConnectionSocketFactory --  issuer principal: CN=R11, O=Let's Encrypt, C=US
17:56:13.139 [main] DEBUG org.apache.http.impl.conn.DefaultHttpClientConnectionOperator -- Connection established 192.168.1.4:53093<->66.33.22.3:443
17:56:13.139 [main] DEBUG org.apache.http.impl.conn.DefaultManagedHttpClientConnection -- http-outgoing-7: set socket timeout to 30000
17:56:13.139 [main] DEBUG org.apache.http.impl.execchain.MainClientExec -- Executing request GET /users?select=firstName%2Cage&limit=5&skip=10 HTTP/1.1
17:56:13.139 [main] DEBUG org.apache.http.impl.execchain.MainClientExec -- Target auth state: UNCHALLENGED
17:56:13.139 [main] DEBUG org.apache.http.impl.execchain.MainClientExec -- Proxy auth state: UNCHALLENGED
17:56:13.139 [main] DEBUG org.apache.http.headers -- http-outgoing-7 >> GET /users?select=firstName%2Cage&limit=5&skip=10 HTTP/1.1
17:56:13.139 [main] DEBUG org.apache.http.headers -- http-outgoing-7 >> Host: dummyjson.com
17:56:13.139 [main] DEBUG org.apache.http.headers -- http-outgoing-7 >> Connection: Keep-Alive
17:56:13.139 [main] DEBUG org.apache.http.headers -- http-outgoing-7 >> User-Agent: Apache-HttpClient/4.5.14 (Java/21.0.8)
17:56:13.139 [main] DEBUG org.apache.http.headers -- http-outgoing-7 >> Accept-Encoding: gzip,deflate
17:56:13.139 [main] DEBUG org.apache.http.wire -- http-outgoing-7 >> "GET /users?select=firstName%2Cage&limit=5&skip=10 HTTP/1.1[\r][\n]"
17:56:13.139 [main] DEBUG org.apache.http.wire -- http-outgoing-7 >> "Host: dummyjson.com[\r][\n]"
17:56:13.139 [main] DEBUG org.apache.http.wire -- http-outgoing-7 >> "Connection: Keep-Alive[\r][\n]"
17:56:13.139 [main] DEBUG org.apache.http.wire -- http-outgoing-7 >> "User-Agent: Apache-HttpClient/4.5.14 (Java/21.0.8)[\r][\n]"
17:56:13.139 [main] DEBUG org.apache.http.wire -- http-outgoing-7 >> "Accept-Encoding: gzip,deflate[\r][\n]"
17:56:13.139 [main] DEBUG org.apache.http.wire -- http-outgoing-7 >> "[\r][\n]"
17:56:13.171 [main] DEBUG org.apache.http.wire -- http-outgoing-7 << "HTTP/1.1 200 OK[\r][\n]"
17:56:13.171 [main] DEBUG org.apache.http.wire -- http-outgoing-7 << "Access-Control-Allow-Origin: *[\r][\n]"
17:56:13.171 [main] DEBUG org.apache.http.wire -- http-outgoing-7 << "Content-Length: 240[\r][\n]"
17:56:13.171 [main] DEBUG org.apache.http.wire -- http-outgoing-7 << "Content-Type: application/json; charset=utf-8[\r][\n]"
17:56:13.171 [main] DEBUG org.apache.http.wire -- http-outgoing-7 << "Date: Sun, 03 Aug 2025 10:56:13 GMT[\r][\n]"
17:56:13.171 [main] DEBUG org.apache.http.wire -- http-outgoing-7 << "Etag: W/"f0-CgUwgpXGLdJZi8GjVyCz3BV7I/c"[\r][\n]"
17:56:13.171 [main] DEBUG org.apache.http.wire -- http-outgoing-7 << "Server: railway-edge[\r][\n]"
17:56:13.171 [main] DEBUG org.apache.http.wire -- http-outgoing-7 << "Strict-Transport-Security: max-age=15552000; includeSubDomains[\r][\n]"
17:56:13.171 [main] DEBUG org.apache.http.wire -- http-outgoing-7 << "Vary: Accept-Encoding[\r][\n]"
17:56:13.171 [main] DEBUG org.apache.http.wire -- http-outgoing-7 << "X-Content-Type-Options: nosniff[\r][\n]"
17:56:13.171 [main] DEBUG org.apache.http.wire -- http-outgoing-7 << "X-Dns-Prefetch-Control: off[\r][\n]"
17:56:13.171 [main] DEBUG org.apache.http.wire -- http-outgoing-7 << "X-Download-Options: noopen[\r][\n]"
17:56:13.171 [main] DEBUG org.apache.http.wire -- http-outgoing-7 << "X-Frame-Options: SAMEORIGIN[\r][\n]"
17:56:13.171 [main] DEBUG org.apache.http.wire -- http-outgoing-7 << "X-Powered-By: Cats on Keyboards[\r][\n]"
17:56:13.171 [main] DEBUG org.apache.http.wire -- http-outgoing-7 << "X-Railway-Edge: railway/asia-southeast1-eqsg3a[\r][\n]"
17:56:13.171 [main] DEBUG org.apache.http.wire -- http-outgoing-7 << "X-Railway-Request-Id: n7P0jBRUSuWdS_6LacI7Nw[\r][\n]"
17:56:13.172 [main] DEBUG org.apache.http.wire -- http-outgoing-7 << "X-Ratelimit-Limit: 100[\r][\n]"
17:56:13.172 [main] DEBUG org.apache.http.wire -- http-outgoing-7 << "X-Ratelimit-Remaining: 95[\r][\n]"
17:56:13.172 [main] DEBUG org.apache.http.wire -- http-outgoing-7 << "X-Ratelimit-Reset: 1754218583[\r][\n]"
17:56:13.172 [main] DEBUG org.apache.http.wire -- http-outgoing-7 << "X-Xss-Protection: 1; mode=block[\r][\n]"
17:56:13.172 [main] DEBUG org.apache.http.wire -- http-outgoing-7 << "[\r][\n]"
17:56:13.172 [main] DEBUG org.apache.http.wire -- http-outgoing-7 << "{"users":[{"id":11,"firstName":"Liam","age":29},{"id":12,"firstName":"Mia","age":24},{"id":13,"firstName":"Noah","age":40},{"id":14,"firstName":"Charlotte","age":36},{"id":15,"firstName":"William","age":32}],"total":208,"skip":10,"limit":5}"
17:56:13.172 [main] DEBUG org.apache.http.headers -- http-outgoing-7 << HTTP/1.1 200 OK
17:56:13.172 [main] DEBUG org.apache.http.headers -- http-outgoing-7 << Access-Control-Allow-Origin: *
17:56:13.172 [main] DEBUG org.apache.http.headers -- http-outgoing-7 << Content-Length: 240
17:56:13.172 [main] DEBUG org.apache.http.headers -- http-outgoing-7 << Content-Type: application/json; charset=utf-8
17:56:13.172 [main] DEBUG org.apache.http.headers -- http-outgoing-7 << Date: Sun, 03 Aug 2025 10:56:13 GMT
17:56:13.172 [main] DEBUG org.apache.http.headers -- http-outgoing-7 << Etag: W/"f0-CgUwgpXGLdJZi8GjVyCz3BV7I/c"
17:56:13.172 [main] DEBUG org.apache.http.headers -- http-outgoing-7 << Server: railway-edge
17:56:13.172 [main] DEBUG org.apache.http.headers -- http-outgoing-7 << Strict-Transport-Security: max-age=15552000; includeSubDomains
17:56:13.172 [main] DEBUG org.apache.http.headers -- http-outgoing-7 << Vary: Accept-Encoding
17:56:13.172 [main] DEBUG org.apache.http.headers -- http-outgoing-7 << X-Content-Type-Options: nosniff
17:56:13.172 [main] DEBUG org.apache.http.headers -- http-outgoing-7 << X-Dns-Prefetch-Control: off
17:56:13.172 [main] DEBUG org.apache.http.headers -- http-outgoing-7 << X-Download-Options: noopen
17:56:13.172 [main] DEBUG org.apache.http.headers -- http-outgoing-7 << X-Frame-Options: SAMEORIGIN
17:56:13.172 [main] DEBUG org.apache.http.headers -- http-outgoing-7 << X-Powered-By: Cats on Keyboards
17:56:13.172 [main] DEBUG org.apache.http.headers -- http-outgoing-7 << X-Railway-Edge: railway/asia-southeast1-eqsg3a
17:56:13.172 [main] DEBUG org.apache.http.headers -- http-outgoing-7 << X-Railway-Request-Id: n7P0jBRUSuWdS_6LacI7Nw
17:56:13.172 [main] DEBUG org.apache.http.headers -- http-outgoing-7 << X-Ratelimit-Limit: 100
17:56:13.172 [main] DEBUG org.apache.http.headers -- http-outgoing-7 << X-Ratelimit-Remaining: 95
17:56:13.172 [main] DEBUG org.apache.http.headers -- http-outgoing-7 << X-Ratelimit-Reset: 1754218583
17:56:13.172 [main] DEBUG org.apache.http.headers -- http-outgoing-7 << X-Xss-Protection: 1; mode=block
17:56:13.172 [main] DEBUG org.apache.http.impl.execchain.MainClientExec -- Connection can be kept alive indefinitely
17:56:13.173 [main] DEBUG org.apache.http.impl.conn.PoolingHttpClientConnectionManager -- Connection [id: 7][route: {s}->https://dummyjson.com:443] can be kept alive indefinitely
17:56:13.173 [main] DEBUG org.apache.http.impl.conn.DefaultManagedHttpClientConnection -- http-outgoing-7: set socket timeout to 0
17:56:13.174 [main] DEBUG org.apache.http.impl.conn.PoolingHttpClientConnectionManager -- Connection released: [id: 7][route: {s}->https://dummyjson.com:443][total available: 1; route allocated: 1 of 5; total allocated: 1 of 10]
17:56:13.175 [main] DEBUG org.apache.http.impl.conn.PoolingHttpClientConnectionManager -- Connection manager is shutting down
17:56:13.175 [main] DEBUG org.apache.http.impl.conn.DefaultManagedHttpClientConnection -- http-outgoing-7: Close connection
17:56:13.175 [main] DEBUG org.apache.http.impl.conn.PoolingHttpClientConnectionManager -- Connection manager shut down
17:56:13.175 [main] DEBUG com.intuit.karate -- response time in milliseconds: 110
1 < 200
1 < Access-Control-Allow-Origin: *
1 < Content-Length: 240
1 < Content-Type: application/json; charset=utf-8
1 < Date: Sun, 03 Aug 2025 10:56:13 GMT
1 < Etag: W/"f0-CgUwgpXGLdJZi8GjVyCz3BV7I/c"
1 < Server: railway-edge
1 < Strict-Transport-Security: max-age=15552000; includeSubDomains
1 < Vary: Accept-Encoding
1 < X-Content-Type-Options: nosniff
1 < X-Dns-Prefetch-Control: off
1 < X-Download-Options: noopen
1 < X-Frame-Options: SAMEORIGIN
1 < X-Powered-By: Cats on Keyboards
1 < X-Railway-Edge: railway/asia-southeast1-eqsg3a
1 < X-Railway-Request-Id: n7P0jBRUSuWdS_6LacI7Nw
1 < X-Ratelimit-Limit: 100
1 < X-Ratelimit-Remaining: 95
1 < X-Ratelimit-Reset: 1754218583
1 < X-Xss-Protection: 1; mode=block
{
  "users": [
    {
      "id": 11,
      "firstName": "Liam",
      "age": 29
    },
    {
      "id": 12,
      "firstName": "Mia",
      "age": 24
    },
    {
      "id": 13,
      "firstName": "Noah",
      "age": 40
    },
    {
      "id": 14,
      "firstName": "Charlotte",
      "age": 36
    },
    {
      "id": 15,
      "firstName": "William",
      "age": 32
    }
  ],
  "total": 208,
  "skip": 10,
  "limit": 5
}


17:56:13.177 [main] DEBUG com.jayway.jsonpath.internal.path.CompiledPath -- Evaluating path: $['users'][0]['firstName']
17:56:13.177 [main] DEBUG com.jayway.jsonpath.internal.path.CompiledPath -- Evaluating path: $['users'][0]['age']
17:56:13.178 [main] INFO com.intuit.karate -- [print] {
  "users": [
    {
      "id": 11,
      "firstName": "Liam",
      "age": 29
    },
    {
      "id": 12,
      "firstName": "Mia",
      "age": 24
    },
    {
      "id": 13,
      "firstName": "Noah",
      "age": 40
    },
    {
      "id": 14,
      "firstName": "Charlotte",
      "age": 36
    },
    {
      "id": 15,
      "firstName": "William",
      "age": 32
    }
  ],
  "total": 208,
  "skip": 10,
  "limit": 5
}
 
]]></system-out>
  </testcase>
  <testcase name="[8:89] Get Users Sorted by First Name ASC" classname="dummyjson/Users" time="0.094">
    <system-out><![CDATA[17:56:13.185 [main] DEBUG org.apache.http.client.protocol.RequestAddCookies -- CookieSpec selected: karate
17:56:13.185 [main] DEBUG org.apache.http.client.protocol.RequestAuthCache -- Auth cache not set in the context
17:56:13.185 [main] DEBUG com.intuit.karate -- request:
1 > GET https://dummyjson.com/users?sortBy=firstName&order=asc
1 > Host: dummyjson.com
1 > Connection: Keep-Alive
1 > User-Agent: Apache-HttpClient/4.5.14 (Java/21.0.8)
1 > Accept-Encoding: gzip,deflate


17:56:13.185 [main] DEBUG org.apache.http.impl.conn.PoolingHttpClientConnectionManager -- Connection request: [route: {s}->https://dummyjson.com:443][total available: 0; route allocated: 0 of 5; total allocated: 0 of 10]
17:56:13.185 [main] DEBUG org.apache.http.impl.conn.PoolingHttpClientConnectionManager -- Connection leased: [id: 8][route: {s}->https://dummyjson.com:443][total available: 0; route allocated: 1 of 5; total allocated: 1 of 10]
17:56:13.185 [main] DEBUG org.apache.http.impl.execchain.MainClientExec -- Opening connection {s}->https://dummyjson.com:443
17:56:13.185 [main] DEBUG org.apache.http.impl.conn.DefaultHttpClientConnectionOperator -- Connecting to dummyjson.com/66.33.22.3:443
17:56:13.185 [main] DEBUG org.apache.http.conn.ssl.SSLConnectionSocketFactory -- Connecting socket to dummyjson.com/66.33.22.3:443 with timeout 30000
17:56:13.207 [main] DEBUG org.apache.http.conn.ssl.SSLConnectionSocketFactory -- Enabled protocols: [TLSv1.3, TLSv1.2]
17:56:13.207 [main] DEBUG org.apache.http.conn.ssl.SSLConnectionSocketFactory -- Enabled cipher suites:[TLS_AES_256_GCM_SHA384, TLS_AES_128_GCM_SHA256, TLS_CHACHA20_POLY1305_SHA256, TLS_ECDHE_ECDSA_WITH_AES_256_GCM_SHA384, TLS_ECDHE_ECDSA_WITH_AES_128_GCM_SHA256, TLS_ECDHE_ECDSA_WITH_CHACHA20_POLY1305_SHA256, TLS_ECDHE_RSA_WITH_AES_256_GCM_SHA384, TLS_ECDHE_RSA_WITH_CHACHA20_POLY1305_SHA256, TLS_ECDHE_RSA_WITH_AES_128_GCM_SHA256, TLS_DHE_RSA_WITH_AES_256_GCM_SHA384, TLS_DHE_RSA_WITH_CHACHA20_POLY1305_SHA256, TLS_DHE_DSS_WITH_AES_256_GCM_SHA384, TLS_DHE_RSA_WITH_AES_128_GCM_SHA256, TLS_DHE_DSS_WITH_AES_128_GCM_SHA256, TLS_ECDHE_ECDSA_WITH_AES_256_CBC_SHA384, TLS_ECDHE_RSA_WITH_AES_256_CBC_SHA384, TLS_ECDHE_ECDSA_WITH_AES_128_CBC_SHA256, TLS_ECDHE_RSA_WITH_AES_128_CBC_SHA256, TLS_DHE_RSA_WITH_AES_256_CBC_SHA256, TLS_DHE_DSS_WITH_AES_256_CBC_SHA256, TLS_DHE_RSA_WITH_AES_128_CBC_SHA256, TLS_DHE_DSS_WITH_AES_128_CBC_SHA256, TLS_ECDHE_ECDSA_WITH_AES_256_CBC_SHA, TLS_ECDHE_RSA_WITH_AES_256_CBC_SHA, TLS_ECDHE_ECDSA_WITH_AES_128_CBC_SHA, TLS_ECDHE_RSA_WITH_AES_128_CBC_SHA, TLS_DHE_RSA_WITH_AES_256_CBC_SHA, TLS_DHE_DSS_WITH_AES_256_CBC_SHA, TLS_DHE_RSA_WITH_AES_128_CBC_SHA, TLS_DHE_DSS_WITH_AES_128_CBC_SHA, TLS_RSA_WITH_AES_256_GCM_SHA384, TLS_RSA_WITH_AES_128_GCM_SHA256, TLS_RSA_WITH_AES_256_CBC_SHA256, TLS_RSA_WITH_AES_128_CBC_SHA256, TLS_RSA_WITH_AES_256_CBC_SHA, TLS_RSA_WITH_AES_128_CBC_SHA, TLS_EMPTY_RENEGOTIATION_INFO_SCSV]
17:56:13.207 [main] DEBUG org.apache.http.conn.ssl.SSLConnectionSocketFactory -- Starting handshake
17:56:13.234 [main] DEBUG org.apache.http.conn.ssl.SSLConnectionSocketFactory -- Secure session established
17:56:13.235 [main] DEBUG org.apache.http.conn.ssl.SSLConnectionSocketFactory --  negotiated protocol: TLSv1.3
17:56:13.235 [main] DEBUG org.apache.http.conn.ssl.SSLConnectionSocketFactory --  negotiated cipher suite: TLS_AES_128_GCM_SHA256
17:56:13.235 [main] DEBUG org.apache.http.conn.ssl.SSLConnectionSocketFactory --  peer principal: CN=dummyjson.com
17:56:13.235 [main] DEBUG org.apache.http.conn.ssl.SSLConnectionSocketFactory --  peer alternative names: [dummyjson.com]
17:56:13.235 [main] DEBUG org.apache.http.conn.ssl.SSLConnectionSocketFactory --  issuer principal: CN=R11, O=Let's Encrypt, C=US
17:56:13.235 [main] DEBUG org.apache.http.impl.conn.DefaultHttpClientConnectionOperator -- Connection established 192.168.1.4:53094<->66.33.22.3:443
17:56:13.235 [main] DEBUG org.apache.http.impl.conn.DefaultManagedHttpClientConnection -- http-outgoing-8: set socket timeout to 30000
17:56:13.235 [main] DEBUG org.apache.http.impl.execchain.MainClientExec -- Executing request GET /users?sortBy=firstName&order=asc HTTP/1.1
17:56:13.235 [main] DEBUG org.apache.http.impl.execchain.MainClientExec -- Target auth state: UNCHALLENGED
17:56:13.235 [main] DEBUG org.apache.http.impl.execchain.MainClientExec -- Proxy auth state: UNCHALLENGED
17:56:13.235 [main] DEBUG org.apache.http.headers -- http-outgoing-8 >> GET /users?sortBy=firstName&order=asc HTTP/1.1
17:56:13.235 [main] DEBUG org.apache.http.headers -- http-outgoing-8 >> Host: dummyjson.com
17:56:13.235 [main] DEBUG org.apache.http.headers -- http-outgoing-8 >> Connection: Keep-Alive
17:56:13.235 [main] DEBUG org.apache.http.headers -- http-outgoing-8 >> User-Agent: Apache-HttpClient/4.5.14 (Java/21.0.8)
17:56:13.235 [main] DEBUG org.apache.http.headers -- http-outgoing-8 >> Accept-Encoding: gzip,deflate
17:56:13.235 [main] DEBUG org.apache.http.wire -- http-outgoing-8 >> "GET /users?sortBy=firstName&order=asc HTTP/1.1[\r][\n]"
17:56:13.235 [main] DEBUG org.apache.http.wire -- http-outgoing-8 >> "Host: dummyjson.com[\r][\n]"
17:56:13.235 [main] DEBUG org.apache.http.wire -- http-outgoing-8 >> "Connection: Keep-Alive[\r][\n]"
17:56:13.235 [main] DEBUG org.apache.http.wire -- http-outgoing-8 >> "User-Agent: Apache-HttpClient/4.5.14 (Java/21.0.8)[\r][\n]"
17:56:13.235 [main] DEBUG org.apache.http.wire -- http-outgoing-8 >> "Accept-Encoding: gzip,deflate[\r][\n]"
17:56:13.235 [main] DEBUG org.apache.http.wire -- http-outgoing-8 >> "[\r][\n]"
17:56:13.258 [main] DEBUG org.apache.http.wire -- http-outgoing-8 << "HTTP/1.1 200 OK[\r][\n]"
17:56:13.258 [main] DEBUG org.apache.http.wire -- http-outgoing-8 << "Access-Control-Allow-Origin: *[\r][\n]"
17:56:13.258 [main] DEBUG org.apache.http.wire -- http-outgoing-8 << "Content-Encoding: gzip[\r][\n]"
17:56:13.258 [main] DEBUG org.apache.http.wire -- http-outgoing-8 << "Content-Type: application/json; charset=utf-8[\r][\n]"
17:56:13.258 [main] DEBUG org.apache.http.wire -- http-outgoing-8 << "Date: Sun, 03 Aug 2025 10:56:13 GMT[\r][\n]"
17:56:13.258 [main] DEBUG org.apache.http.wire -- http-outgoing-8 << "Etag: W/"a2b1-o3qRRLJtbyQw96dM2T5LO94s5iw"[\r][\n]"
17:56:13.258 [main] DEBUG org.apache.http.wire -- http-outgoing-8 << "Server: railway-edge[\r][\n]"
17:56:13.258 [main] DEBUG org.apache.http.wire -- http-outgoing-8 << "Strict-Transport-Security: max-age=15552000; includeSubDomains[\r][\n]"
17:56:13.258 [main] DEBUG org.apache.http.wire -- http-outgoing-8 << "Vary: Accept-Encoding[\r][\n]"
17:56:13.258 [main] DEBUG org.apache.http.wire -- http-outgoing-8 << "X-Content-Type-Options: nosniff[\r][\n]"
17:56:13.258 [main] DEBUG org.apache.http.wire -- http-outgoing-8 << "X-Dns-Prefetch-Control: off[\r][\n]"
17:56:13.258 [main] DEBUG org.apache.http.wire -- http-outgoing-8 << "X-Download-Options: noopen[\r][\n]"
17:56:13.258 [main] DEBUG org.apache.http.wire -- http-outgoing-8 << "X-Frame-Options: SAMEORIGIN[\r][\n]"
17:56:13.258 [main] DEBUG org.apache.http.wire -- http-outgoing-8 << "X-Powered-By: Cats on Keyboards[\r][\n]"
17:56:13.258 [main] DEBUG org.apache.http.wire -- http-outgoing-8 << "X-Railway-Edge: railway/asia-southeast1-eqsg3a[\r][\n]"
17:56:13.258 [main] DEBUG org.apache.http.wire -- http-outgoing-8 << "X-Railway-Request-Id: ywhFfSmbQTS5hR4TAQeqjw[\r][\n]"
17:56:13.258 [main] DEBUG org.apache.http.wire -- http-outgoing-8 << "X-Ratelimit-Limit: 100[\r][\n]"
17:56:13.258 [main] DEBUG org.apache.http.wire -- http-outgoing-8 << "X-Ratelimit-Remaining: 98[\r][\n]"
17:56:13.258 [main] DEBUG org.apache.http.wire -- http-outgoing-8 << "X-Ratelimit-Reset: 1754218581[\r][\n]"
17:56:13.258 [main] DEBUG org.apache.http.wire -- http-outgoing-8 << "X-Xss-Protection: 1; mode=block[\r][\n]"
17:56:13.258 [main] DEBUG org.apache.http.wire -- http-outgoing-8 << "Transfer-Encoding: chunked[\r][\n]"
17:56:13.258 [main] DEBUG org.apache.http.wire -- http-outgoing-8 << "[\r][\n]"
17:56:13.258 [main] DEBUG org.apache.http.wire -- http-outgoing-8 << "22cd[\r][\n]"
17:56:13.258 [main] DEBUG org.apache.http.wire -- http-outgoing-8 << "[0x1f][0x8b][0x8][0x0][0x0][0x0][0x0][0x0][0x0][0x3][0xed][0x9d]ks[0xe2]H[0xb6][0xae][0xff][0x8a][0x82]O3[0xb1][0x9d]Yy[0xbf]h[0xbe][0x1c]|[0xbf][0x0][0xc6][0xc6][0x97]r[0x9d]8[0xb1]#[0x1]a4[0x16][0x92][0xb7][0x10][0xae]rO[0xf4]?[0x91][0xc2][0xe6]")[0x85][0xa8][0xd9][0xdd][0xa7][0xf6][0x99][0xe9][0xe8][0x88][0xae]V7i[0xb0][0xd0][0xa3][0xa5]w[0xbd][0xeb][0xcd][0xb4][0x16][0xf3] [0x9d][0xb7][0xfc][0xff][0xfd][0x8f]V8n[0xf9][0x8a][0x1d][0xb4]&a:[0xcf]zf[0x16][0xb4][0xfc]V[0xdb]D[0xe1][0xbb][0x99][0xb6][0xe]Z[0x91]Y[0x1d]<7[0xf1]<[0x89][[0x7][0xad][0x99][0x9][0xc7]A[0xfc]q[0xb4]u[0xd0]2[0xcf]A[0xcb]'[0xea][0xa0][0xf5][0x1c][0xc4][0xe3] m[0xf9][0xad]I03Q[0xd0]:h[0x5]3[0x13]F-[0xbf]e[0x96][0xb][0xc2]i[0xbe][0xc6][0xff][0xfa][0x1][0xc7][0x8b][0xd9][0xec][0xfd][0xef][0xf3]$[0x86][0xa3]d[0xd6]:h[0xbd]N[0x93][0xd8].[0xf7][0x1f][0xd8]#[0x92][0x3][0x8e]0[0xc0][0x18][0xeb][0xd6]A[0xfe]N[0xe3][0xe5][0xcf][0xfa]X[0xc5][0xbe][0xaf]W3[0x9f]O[0xd2][0xf1][0xc6]Q{[0xa8]u[0xd0][0x1a][0x86]i6=6[0x99]}[0x1][0xd6]Z[0x0][\n]"
17:56:13.258 [main] DEBUG org.apache.http.wire -- http-outgoing-8 << "[0x8]j[0x1d][0xb4][0xc2]Y[0xfe]>[[0xd3],{[0x9d][0xfb]_[0xbe]l[0xbd][0x83]/[0xe1]([0x89][0xbf]|[0xae][0xf4][0x5][0x13]eW[0x8a][0x92]d|[0x96]&[0x8b][0xd7][0x96][0xdf]:[0xfc][0x8f][0xd6]Ak[0x1a][0x84][0xcf][0xd3][0xac][0xe5]c[0xc1] ?h}[0xff][0xf8]WM [0xa2][0x7][0xad][0xe0]=8J[0xa2][0xc4][0xfe][0x2][0xe][0xa3][0x85][0xfd][0xf8]S[0x13][0xa6]-[0xff][0x1f][0xad][0xd1][0xc7][0xe1][0xb3][0xd4][0xbc][0xb7][0xe]Z[0xd9][0xfb][0xab]}'[0x8f][0xe6][0xed][0xbd][0xf5][0xfb]A+[0xb4][0xeb]s[0xc][0xb1]B[0x90] [0xc][0x99][0xfd][0xd8]f<N[0x83][0xf9][0xdc][0xbe]z[0xf5][0xc7][0x96][0xd4][0xc8];[0xb1]?s[0xea][\r][0xb2]4[0x8][0xb2][0xd6]Ak[0x14]f[0xef]-[0xbf][0xd5][0x9f][0x86][0x91][0x19][0x7][0xd1][0xeb]44[0xad][0x83][0xd6]<[[0xfe][0x6]zI[0x9a]M[0xbd]c[0xf3][0x92]d[0xab][0xc3]G[0xc9]8[0xff]O[0xc7][0xf6][0xf7][0x98][0xcc]3[0x13]}[0x1c][0xe1][0x98]Q[0xfb][0xc1]GI[0x92][0x8e][0xc3][0xd8]dA[0xfe][0xf3]#c?2[0x87][0x8a][0x12]I[0xc8]A+[0x8a][0x9f][>[0xc0]LAB[0xa5][0xd4][0xfc]w[0xfb][0x8a]E"
17:56:13.258 [main] DEBUG org.apache.http.headers -- http-outgoing-8 << HTTP/1.1 200 OK
17:56:13.258 [main] DEBUG org.apache.http.headers -- http-outgoing-8 << Access-Control-Allow-Origin: *
17:56:13.258 [main] DEBUG org.apache.http.headers -- http-outgoing-8 << Content-Encoding: gzip
17:56:13.258 [main] DEBUG org.apache.http.headers -- http-outgoing-8 << Content-Type: application/json; charset=utf-8
17:56:13.258 [main] DEBUG org.apache.http.headers -- http-outgoing-8 << Date: Sun, 03 Aug 2025 10:56:13 GMT
17:56:13.258 [main] DEBUG org.apache.http.headers -- http-outgoing-8 << Etag: W/"a2b1-o3qRRLJtbyQw96dM2T5LO94s5iw"
17:56:13.258 [main] DEBUG org.apache.http.headers -- http-outgoing-8 << Server: railway-edge
17:56:13.258 [main] DEBUG org.apache.http.headers -- http-outgoing-8 << Strict-Transport-Security: max-age=15552000; includeSubDomains
17:56:13.259 [main] DEBUG org.apache.http.headers -- http-outgoing-8 << Vary: Accept-Encoding
17:56:13.259 [main] DEBUG org.apache.http.headers -- http-outgoing-8 << X-Content-Type-Options: nosniff
17:56:13.259 [main] DEBUG org.apache.http.headers -- http-outgoing-8 << X-Dns-Prefetch-Control: off
17:56:13.259 [main] DEBUG org.apache.http.headers -- http-outgoing-8 << X-Download-Options: noopen
17:56:13.259 [main] DEBUG org.apache.http.headers -- http-outgoing-8 << X-Frame-Options: SAMEORIGIN
17:56:13.259 [main] DEBUG org.apache.http.headers -- http-outgoing-8 << X-Powered-By: Cats on Keyboards
17:56:13.259 [main] DEBUG org.apache.http.headers -- http-outgoing-8 << X-Railway-Edge: railway/asia-southeast1-eqsg3a
17:56:13.259 [main] DEBUG org.apache.http.headers -- http-outgoing-8 << X-Railway-Request-Id: ywhFfSmbQTS5hR4TAQeqjw
17:56:13.259 [main] DEBUG org.apache.http.headers -- http-outgoing-8 << X-Ratelimit-Limit: 100
17:56:13.259 [main] DEBUG org.apache.http.headers -- http-outgoing-8 << X-Ratelimit-Remaining: 98
17:56:13.259 [main] DEBUG org.apache.http.headers -- http-outgoing-8 << X-Ratelimit-Reset: 1754218581
17:56:13.259 [main] DEBUG org.apache.http.headers -- http-outgoing-8 << X-Xss-Protection: 1; mode=block
17:56:13.259 [main] DEBUG org.apache.http.headers -- http-outgoing-8 << Transfer-Encoding: chunked
17:56:13.259 [main] DEBUG org.apache.http.impl.execchain.MainClientExec -- Connection can be kept alive indefinitely
17:56:13.259 [main] DEBUG org.apache.http.wire -- http-outgoing-8 << "[0x9c][0xa5][0xf6]}[0xdc][0xc7]a[0x16][0x8c][0xbd]A[0x96][0xbf][0xfa]w[0xfb]m[0x19][0xb5]W[0x1f]@i[0x9f]#[0xdf][0x8c]|[0x19][0xf8]c[0xe4][0xf][0x85]=[0xc1]q[0xf8][0x16][0xa4][0xf3][0xe5][0xc7]8J[0xd2]8[0x88]"[0xef]~}[0xf0][0xa0]54[0xf1]K[0xfe]k4[0xe9][0xf8][0xe4][0xc7]k[0x98][0xda]7[0x8b][0xf0][0x97][0xfc],[0xd9][0x83][0xbd][0xc5]l[0x98][0xf1][0x14][0xd2][0x18]1$[0xa5][0xd2][0x94]k[0x8d]?[0xfe][0xfb][0xdd][0xf2][0x17]~[0x11]gAjF[0xf6][0xe0]"M[0x83]xdb[0xfb][0xde][0xfe][0x1e][0xc2][0xa1][0x89][~[0xab][0xdb][0xa1][0xbd][0x8b][0x87][0xb3]o[0xdf]0[0xed][0xaa][0xcb][0xc3][0xab][0xc3][0x1e]=[0xa6][0x83][0xb3][0xeb]V[0xfe][0x19]g[0xaf]&~[0xb7]od[0x1c][0xbc][0x9a]4[0x9b][0x5]qf[0x17][0x18][0xe5][0x9f]>[0x8c][0x9f][[0x7][0xad][0x8f]oj[0xd7][0xa4]oa[0xec]][0xc4][0xf6][0x87]ea[0x16][0xd9][0x83]7[0xb][0x13][0x85][0xd9][0xbb][0xd7][0x9e][0xcf][0x17][0xa9][0x89]G[0x81]w[0x12]?[0x87]q[0x10][0xa4][0xce][0xf3][0xcd][0xa4][0xd7][0xb][0xe3][0x8a][0xd3]=0[0xb1]wj[0x17][0x9][0xe7][0xa3][0xa4]t[0xbe][0x8f]L[0x9a]Da\:[0xe3]G[0xc5]3.[0x14]q[0x9e]q[0xc0])[0xd4][0x9a]`[0x8c]?O9%P`I[0xb9][0xac];[0xe3][0xbf][0x1f][0xb4][0x82][0xd0][0xfe].%[0xd2][0x80]Ii[0xdf][0xc3][0xdc][0xfe];[0xe3][0x14]0[0xa9][0x0][0x91][0xe4][0xe3][0xb2]n?/[0x83][0xdd][0xe4][0xb7]0[0x8a][0xcc][0x17][0xe][0x91][0xf7][0x97][0xc7]0[0x1e]'[0xdf][0xe7]^[0xef][0xce][0xc3][0x8][0xa2][0xbf]y[0x8f]a,[0xd8][0xdf][0xbc][0x1f][0x82][0xfd][0xd5]k[0xbf][0xbe]F[0xc1]c0[0xbc][\n]"
17:56:13.259 [main] DEBUG org.apache.http.wire -- http-outgoing-8 << "[0xb3]/[0x9c]JH[0x85][0xf7][0x97][0xab][0xf3][0xbb]n[0xe7][0xc0][0x8b][0xc2][0x97][0xc0];[0xb]F/[0xc9]_[0xbd][0xa3]i[0x9a][0xcc][0x82]/ZB[0x4][0x99][0xd0][0x4]j[0xed][\r][0xcc][0xc4][0xa4][0xe1][0xc7][0xab][0xec]GN[0xdf]_[0xb3]dyu[0xe6][0xef][0xf7]0[0xcc][0xf2]?[0x1d][0xb4][0xbe][0x9b]([\n]"
17:56:13.259 [main] DEBUG org.apache.http.wire -- http-outgoing-8 << "[0xec][0x1b]C?[0x86]z2"[0x93]@[0xd0]!1b[0x84][0x10][0x9d][0xe0][0x11]%lD[0x87][0x13][0xc3])[0xe1][0x1a][0xb][0x82][0x15][0xb6][0xbf][0xe9]8[0xc8][0xbe]'[0xe9]K[0xcb]o[0x9d]d[0xd3] [\r][0x16]3[0xef]/'[0xb7]G[0x4][0xfd][0xd5]~{[0xd2]$[0xff][0xe][0xd8][0x8f][0xdd][0xfa][0xfd]`[0x89]],E[0x3][0xee]vM[0x9a][0x85]q[0xf0][[0x91][0xbc][0xed][0xb1][0x99][0xcd][0xf7][0xc3][0xef][0xec]c[0xa9]:[0x0]k[0xec])A[0x80]&[0xc]p[0x9a][0xff][0xa6][0xca][0x4]6[0x95][0x4]6.[0x2][0x13]@[0xf6][0x2][0xb0][0xd9][\r]`)![0xda] [0xb0]PP[0x90]-[0x2][0x9f][0xa5]A[0x10]W [0xf8]0J[0xe2]q[0xb0][0x86][0xf0][0xd1]"[0x8d][0xd6][0x14][0xb6]`[0x97][0x8]J[0x5][0xb1]f[0xae][0xab]RS[0xee][0x9d][0x86][0x93][0x8a][0xab][0xb2][0x17]|[0xf7][0x9e][0xec]w`}A>[0x6][0xf3][0xcc]{[0x8][0xd3][0xe7]0[0xe][0x8b][0xd7][0xe3][0xe3]C[0xe9]zDXp[0xc7][0xf5]H [0xe3][0x82][0xb0][0xd5][0xd5][0x88][0x9][0x81]TR[0x84][0xc5][0x1e][0x0][0x1e][0xf9][0x86][0xfa]L[0xf8][0xc6][0xf8]Z[0xf9]rT[0xe4][0xef]Y[0x90][0xa4][0xcf]A[0x96]|[0x8f][0x9b] [0x98]}![0xb2][0x88]`"[0xa5]bDs[0x84]8C[0x98][0xb3]m[0x4]wM0[0xcf][0xd2]d[0x1b][0xc1][0x83][0x93][0xab]5[0x82][0xfb]W[0x17]O[0xbd][0x9b][0xbb][0x7][0xcd][0xfb][0xc7]O[0x8f][0xb2]wv[0x8b][0xe9][0x9d]:du[0x8][0x1e],^_[0x93]4[[0xf3][0xb7][0x1d][0xbf],[0xe2]q[0x18]?[0x1f]x[0x9d]0[0xcb][0xa2][0xc0]3[0xf1][0xd8];[0x8d]L[0x16][0x5][0xef][0x1b]H~[0xc][0x86][0xde]q[0xf0][0x16]D[0xc9][0xab][0x9b][0xc2][0x82]0/[0xbf][0xd8]J[0xe7][0xfb][0xd2][0x8c]^[0xe6]I[0xfc][0x16]F[0xf9][0xe5][0xb6][0x82]p0L[0xcd][0xfc][0xa5][0x84][0xdf][0x93][0xe2][0xe9][0x96]Dr[0xea]8[0xdd]\@[0x8e][0xb4][0xd4][0xfa][0xf3]|3($[0xa3][0xa2][0xf6]v[0xbb][0x82]/Q[0x2][0x90][0xfc][0xea]][0xc2][0x17]k[0xe]0[0xd6][0x0]+[0xfe]g[0xc1]W[0xe4][0xf0][0x15][0xc]j[0xfa]K[0xc2][0x97][0xcb]"|[0xd3][0xbc][0xbc][0xdd]@[0xef]Q[0x92][0xbc]8[0xb]^[0xb9]A[0xdc][0x12]o[0xd3][0x1c]k[0xc9]K[0x1d]i[0x15][0xf6][0xa8] [0x80]S[\r][0x84][0x96][0xb4]H[0xda]4[0xc9][0xab][0x87]-[0xce][0xda]c[0xd5][0x94][0x95][0x0][0x3]"[0x9a]b[0xd6][0xae]S[0x5][0xd9]v[0xa1][0xcc][0xe5]Pl@[0x16]C,[0x1b]Bv[0xe1]D[0xac][0xc4][0x90]0[0x5][0x5][0x87][0x4]Q[0xd7]%[0x87][0x85][0xf6]N[0xed][0xb9][0xa9][0xa8]s[0x93] [0xe]l[0x12][0xf6]=[0x99]-[0x8b][0xaf]-[0xb6]>[0x95][0xaa][B)v[0xd5]:[0x2]r[0xaa][0x94][0x92][0x9f][0x17][0x1b]W[0x90]I.[0xd0]>[0xc5][0xad][0xe]|:[0xf1][0xd5][0xd0][0x1f][0xfa][0x8a][0xfa]fRd[0xeb][0x1a][0xa8]^2[0xf1][0xfa]A[0x1c][0xcf][0xdf][0xa3]7[0xb3][0xbc]/8[0x1][[0xaa]q[0xb1][0xa2][0x98]H[0xc6][0x9]WRJ.[0xb7][0x1]{[0xbb][0xe8][0x9b]w/[0xaf]tc[0x93][0x85]Il[0xa2]m[0xd8]^[0xf4]n[0xd7][0xb0]%[0xea][0xb4][0x8f][0xbf]v[0x8e][0xda][0xe2][0xf1][0xfa][0xab]l_[0xd0][t[0xf9]4[0xb8][0xed][0xef][0x5][0xdb]N0[0x99]DAz[0xe0][0xdd]&[0xd1]d[0x9e][0xc4]9k[0xf][0x83][0xd1]K[0x8e][0xd4]O[0xd4]~[0xbc][0xcc][0x1b][0xbc][0x6][0xa3][0xd0]D[0xe1]<s[0x9d]|[0xaa][0x90][0xd7]5[0xaf]QPY[0xf5][0xb6][0xe3],[0x89][0xc3][0xcd][0x9a][0xb7][0x1b][0x8e][0xa6][0xe1][0xb3][0x89][0xb][0xdf][0x80][0xee]E[0xf1][0x1b][0xc0]XM[0xb5]K1T[0x1c]3[0xb5][0xba][0xbf][\n]"
17:56:13.259 [main] DEBUG org.apache.http.wire -- http-outgoing-8 << "[\n]"
17:56:13.259 [main] DEBUG org.apache.http.wire -- http-outgoing-8 << "[0x89][0xa5][0xc]n[0x4]\[3[0x91][0x8d]j[0x97]H[0x4]([0xc7][0x80]+[0xf6]g[0x1][0x97][0xe7][0xc0][0xa5][\n]"
17:56:13.259 [main] DEBUG org.apache.http.wire -- http-outgoing-8 << "r[0xf6]K[0x2]W[0x17]x;[0xc][0x9f]-.[0xb7][0x88]{k/[0x11][0xf3][0x93]"[0xc3]rA[0x98][0xe6]k[0xec][0xa8]q[0x9]Q[0x80][\n]"
17:56:13.259 [main] DEBUG org.apache.http.wire -- http-outgoing-8 << "[\n]"
17:56:13.259 [main] DEBUG org.apache.http.wire -- http-outgoing-8 << "[0xa4]B[0xc5][0x1a]w[0xb9]LZ`[0xef][0xc7]QW[0x8d][0x8b][0x11][0xc0][0xb8]!~?[0x96][0xda]][0xe5]*[0x1][0xa9]^[0x3]X2([0xf0][0x16][0x80][0x1f][0xc2]$[0xca]/[0x90]z[0x2]_[0x85][0xf1][0xcb]F[0x91][0xab]!V[0x14][0x12][0x86]`M[0x91][0xab][0x85]wm^J[0x97][0xe0][0xd1]4[0x1c][0x99][0xe7][0xad]G[0xce][0xe0][0xbb][0xd7][\r]~[0x84][0xeb][0xe7][0xd0][0xcf]z[0xa7][[0xbc][0x0]1fH:.@[0xc6] %[0x98]"[0xb5]z[0xda][0x84][0x92]P[0x8d][0xe8][0x1e][0x4][0xc6]c[0xdf][0x8][0x9f]+[0x9f][0x18]?[0xe0]~[0xc0]J[0xf2][0x82][0x89][0xc2]I[0x92][0xc6][0xa1][0xf1].[0xe2]y[0x16]f[0x8b],[0xb0]0[0xbe][0xb]F[0xd3]8[0x89][0x92][0xe7]w[0xef]/G&[0xca][0x82][0xd1][0xf4][0xaf]N([0x93][\n]"
17:56:13.259 [main] DEBUG org.apache.http.wire -- http-outgoing-8 << "(3E[0x9][0x15]X)[0xc1][0x90][0xe4][0x1c]W@y[0x1b][0xc3][0x87][0xb7][0x9d]5[0x86][0xaf][0x11][0xe9][0x9c][0x1f][0xf7]z[0xa7]G[0xf][0x83][0xae]8f[0xe7][\n]"
17:56:13.259 [main] DEBUG org.apache.http.wire -- http-outgoing-8 << "[0x1f]_[0xdc][0x9c][0x9f][0xd4]a[0xf8]|13[0xb1]w[0x1b][0xcc][0x93]E:[\n]"
17:56:13.259 [main] DEBUG org.apache.http.wire -- http-outgoing-8 << "[0xe6]k[0x1c][0xf7][0xd3]dj[0xab]O[0xf]xw[0xd3]0[0x88]6[0x18]|[0xb8][0x98][0x87]q0[0x9f]{[0xed][0xd8]D[0xef]n[0x2]c[0x86][0x88][0xa3][0xe4]m/[0xe6]Y[0x18]o[0xde]~[0xad][0x2][0x11][0xcf][0xc3]"~[0x1f]K[0xf8][0xe5][0x98]q[0xe1]z[0xb8][0xe1]PH[0xa2][0xe9][0xea][0xec]K[0x1]9[0xd3][0xa2][0x99][0xd4][0x80]%[0x5][0x82][0xae][0xe1]+8[0x7][0x8a]P[0xa0][0x89][0xfe][0xa3][0xe1]{2~[0xfe][0x10][0x1a]0[0x92][0x4]J[0xf1]+[0xa2][0x97][0xa2][0x2]z[0xc7][0xe3]p^,v[0x1f][0xd3][0x9c]2[0xe][0xf4]RR[0x8b][0xde][0xe5][0x82][0xf0]{[0xbe]F[0xbd][0xbe][0xcb]1[0x3]T1@)B[0x5][0xf2].W[0xf9]^ [0xef][0xc7][0xd1]j[0xf2][0x12][0x80][0x1]m[0xc8][0xdd][0x8f][0x85][0x1a][0xa8][0xb][0x1a][0xda][0xcf][0xbb][0xe2][0xae][0x80][0xba][0xa0][0xef][0xa6][0xc9][0xf7]&[0xea][0xc2] KM[0xbe][0xc6][0x8a][0xbd][0x18]R[0xe][0x85][0x86][\n]"
17:56:13.259 [main] DEBUG org.apache.http.wire -- http-outgoing-8 << "[0xbb].>.[0x94]w[0x17][0xec]#[0xfa]u[0x93]83%[0xb5][0xaf]{W[0xba][0x0][0x99][0xd0][0xae][0xfa][0x87][0xd8][0x9b][0x81]@[0xfc]S[0xdf][0xc5][0x8]AB[0x94]"d[0xf][0xfe]N[0x86]>[0xf2]5[0xf3][0x9][0xf6][0xb1][0xf0]K[0xe2][0xc2][0xe0]=5[0xa3][0xc5]<h"-[0xf0][\n]"
17:56:13.259 [main] DEBUG org.apache.http.wire -- http-outgoing-8 << "[0xc8]R[0xc9][0x85][0xa0][0x8a]Q[0xa5][0x4][0xe6]ToC[0xf6][0xc8][0xa4]Y[0xe0][0x1d][0x9a]xd[0xec][0x1a][[0xb4][0xbd][0xec]?m[0xd0][0xf6][0xba]s[0xd7][0xfb]&[0xd9]u[0xa7][0xf5]p'[0xef][0xce][0xe][0x95][0xbe][0xbf][0xe9][0xd4][0x16][0xbd]A[0xfa][0x16]na[0xf6]*[\r][0xc2][0xe7] -h[0xbc][0x5]*{][0x13][0x9b]g[0xb7][0xb4][0x80][0xb1][0xa4].E[0xdf][0x9e][0xed][0xe3]0x[0xfe][0xa9]RWq)]wZ[0xc1]!%[0x8c]a[0xfa]q[0xaa][0x95][0x84][0x98][0x11][0xa5]k[0xef][0xb4]+[0xd6]2[0xcc][0x1]QkeA![0x6][0x98]&[0x80]jT[0xc7][0xda][0xae][0x19][0x85]q[0x96][0xcc][0xa7][0xcb][0x1f]N"[0xaf]kF[0xde][0xf5][0xc0][0xfb][0xea]a[0xf4][0x9f][0x98][0xff][0xa7][0xfc][0xff]N_[0x10][0xc5][0xa6]Z%tM:."[0xf7]4[0x99]g[0xcb][0xaf]L^[0xf3][0xea]F[0xe0]5[0xe9]xG[[0x8d])[0xa0]$[0x7]X!R[0x89][0xdd]I%v'[0xd5][0xd8][0xe5]@[0x1][0xb2][0x1f]w'[0x95][0xdc][0x5][z[0x83]e[0xce][0x6]w9[0x94][0xdb][0xaa]n;'AUcm)DTu[0xd6]$[0x83]RC[0xcb]3[0xe9]l[0xac]aJ[0x90]C[0xd3]uAw[0x90],[0xdc][0x9d][0x96]A[0xa9][0xd3]B[0x10][0xce][0xfb]z[0xd5][0xcf][0x9e][0x1a][0x12][0xa5]1[0xfe][0x84]/[0x13][0x10]#[0xa5][0xc9]>[0xb5]o@|[0xc3]}[0xe6][0x8f][0x2],}[0x81][0xea][0xd5][0x87][0x8b]([\n]"
17:56:13.259 [main] DEBUG org.apache.http.wire -- http-outgoing-8 << "[0xe3]$[0x9c][0x3]p[0x9f][0xe]Ml[0xc0][0xd1][0xd4][0xcc]^M[0xf8][0x1c];[0x89]L+[0x88]L$GD![0xad]0[0xe2][0x8c]*[0xd9]@[0xec][0xdd][0xea][0xb7][0xdd][\r]z[0xdd][0xfe][0xdd]%;:[0xa5]J[0xf6][0xd0]1a7[0xba]w[0xd4]y[0xfc][0xa9][0xc2][0xf7]j>[0x8d][0x82]4[0x8c][0xf][0xbc]n[0x98][0x8d][0xa6][0xb6][0x8d]h[0x95][0x88][0xc7]0[0x1a][0x7][0xe9],[0x87][0xe6]'[0xa6][0xfb]i2^[0x8c][0xb2][0x9d]x[0xa6][0xca]u/>[0x9a][0x9a]4J[0xb2],(<[0x9]m[0xca][0xff][0x9f][0xcf]A%)JP[0x89][0x9c]_[0x6][0xe]5BD[0xd3][0x95][0xce][0x8f][0xa0]VR)[0xd5][0xac][0x14]F[0xc][0x88][0xfc][0x8b][0xfe][0x89]g[0xc][0x88][0xc4][0x80]b[0xfa][0xe7][0xe2]y[0xa5]F[0x88]_[0xb2][0xf7]FP[0xa9]&NCS[0xa0][0xf3]i[0x94][0xa4][0xf9]7[0xac][0xb2]$f[0xb4]F[0x1][0xce]W[0x83][0x93]|[0x81]:0[0xb][0xec]q[0xc2][0x80][0xe2][\n]"
17:56:13.259 [main] DEBUG org.apache.http.wire -- http-outgoing-8 << "H[0x9a]?7n[0x91][0xd9][0xae]R[0x2]s~[0xb0][0x92][0xcb][\n]"
17:56:13.259 [main] DEBUG org.apache.http.wire -- http-outgoing-8 << "[0x3][0xe][0x9a][0xca][0x10][0xcb]u[0xaa][0xa8]|[0xbd][0xad]B[0xd0][0xad]^[0x9b][0x96]P[0xb2]F2p[0x91][0xbe]F[0x81][0x3][0xcb]J@[0xc2][0x18][0xc4][0xc]C[0xcc][0x95][0xfb][\n]"
17:56:13.259 [main] DEBUG org.apache.http.wire -- http-outgoing-8 << "[0xd4][0xdc][0xeb][0x9a][0xfc][0x6][0xd2][0xa4][0xdd]v[0x1c]D[0xe6][0xbb]I[0x83][0xc2]%x\j[0xbd][0xd8]N[0x9b][0xab][0xf5][0xc2][0x14][0x94]R+[0xeb][0x8a]Y^[0x82][0x8a]A[0x82][0x10][0xc3][0xfb][0xa8][0xc1][0x1][0xf6][0x9][0xf1][0xa5][0xb2][0x9a][0xb0][0x1e][0xfa][0xaa]\[\r]g&[0x9e]$[0xe9][0xb8]I5L[0xbe][0x10]^[0x92][0x1c][0x4]c\ [0xc4][0xb5]@R-?[0xcc][0x9a][0xbd][0x97]G[0x87][0xdb][0xdc][0xed]}[0xdb][0xe0][0xee][0xc3]c[0xff][0xa6][0xad][0x9f]n[0xfb][0xdd]+[0xd4];[0xc2][0xf2][0xa1]}[0xde]Q7[0x9d][0xf3]:[0xee]v[0x82][0xe7]\K[0x8e]?[0x95][0xba][0xd7][0xd7][0x92][0xc5]![0xd7]Q[0xc2][0x91][0x89][0xbc]"
17:56:13.260 [main] DEBUG org.apache.http.wire -- http-outgoing-8 << "O[0xb9]w[0x97][0xc5][0x81]H[0xed]<[0xbf][0xd5]ro'Y[0x84][0xf3][0xb0][0xfc][0xbc][0xd3]i[0x97][0xee][0xb9]\![0xd7][0xf3][0xe]%[0x90]c[0xca][0xd7][0xe7][0x18]3[0xe][0xb9][0x92][0xb8]a[0x19][0xac][0x5][0x7]L[0xe8][\r][0xbd][0x97][0x0][0xa1][0x5][0x90][0xf5][\r][0xb6][0xb9]2[0xb8][0xd8]d[0x8b][0x82][0x1f]&G[0xe6][0x16]h/[0x93][0xd8][0xcd]Y[0xaa]j8[0xfb][0xb9][0x1e][0xfc][0xbb]]b[0x7]i[0x89]@@[0x11][0xfb][0xbc][0xa2][0x8a][0xa2][0xef][0xe7]:/[0xc0]vu[0xbc][0x9a][0xb7][0xb9][0xf0][0xdb][0xd8]_[0xb6]Z[0xac][0xba][0xf7][0xb6]U[0xb]s[\n]"
17:56:13.260 [main] DEBUG org.apache.http.wire -- http-outgoing-8 << "[0xd5][0xa6][0xf6]+!#M<f[0x8f][0xd3]0[0xab]U [0x84][0x80][0x4]1[0xa8][0xac][0xde][0xea]ly[0xb][0xe6]h[0xc1]\[0xc4]c{[0xed][0xbd]&Q8[0xff][0x19][0xee]*![0xf2][0x8e]H[0xe5]5[0xc9]m[0x19],[0xc4][0xe7]5)![0x12][0x94][0xf0]}[0xa8];&[0xbe]`[0xb9][0x2]<[0xf6][0xf1][0xc8]g%[0x83][0xd9]?][0x6][0xf3][\n]"
17:56:13.260 [main] DEBUG org.apache.http.wire -- http-outgoing-8 << "[0x14]K[0xca][0x98][0xe6]X"[0x81])[0xc2][0xc][0xed]@[0xf1][0xc9][0xfd]F[0xb][0x8e][0xe9][0x7]v[0xf6]p[0xfc][0xd0][0xed][0xa3][0xee][0xf9][0xc5][0xf1]1{[0xf8][0xda][0xbd][0xa1]mR[0x87][0xe2]O[0xa8]ny[0xce][0x8e][0xc3][0xd1]K[0x10][0xcf]=[0xe0][0x1d][0x6]f[0xba]U[0xee]6[0xb2]9X[0xc5][0xdf]!E<[0x9a][0xf9]4[0x8c][0x9f][0xb3]dS[0xf8][0xbd]2[0xf1][0xdc][0xcc][0xb]'[0xfc]jP[0x82][0xb0]T[0xdc][0xd9]t[0x93][0x1c]2A[0xa8][0x10]kS[0x8b][0x82][0x88]p[0xa1][0x9b][0x9][0xbf][0x82]*[0x80][0xc9]Z[0xf8][0x95][0x84][0x0][0xad][0xad][0xf0][0xfb]'S[0xf8][0xd7][0xab]vg[0xc9]8HM[0x96]l([0x12][0xf6][0xf9][0xb2][0x1][0x8c][0xcf]-[0x15][0xe3]q[0xd9]q[0xb6]*|q[0x13] O?[0x97][0xa9][0x83]2[0xd3][0x1e][0xb3][0x4]e[0x1c]([0x91][0xdf][0xac][0xab][0xa0]\t[0xfc][0xae][0x8e]WC[0x99][0x2][0x9][0xd8][0x9e]H[0xae]6[0xfd]n[0x11]Y[0x12][0xb8]!N([0x2][0x1b]y~?[0xa5][0xe2][0xea]V[0x1c][0xe3][0x10]#[0x6]9[0x85]X8[0xfb][0xe1]D{[0x83]`[0x94][0xc4][0xe3][0xd2][0x85]yl[0xa2][0xc8]lr[0xf8]bl[0xa6][0xc5]>[0xdc]E[0xc9][0xe8][0xcb]4[0xc5].[0x8]c[0x6]1[0xc2][0x12][0xb3]M[0xa3]/[0xa6][0x88]J[0xbd][0x7][0x87][0xd9][0xc8]z [0x88][0xf1][0x15][0xf1]'[0xfe]h[0x7][0x86][0xed]sV8v[0xdb] H[0x85][0xcf][0xcc][0xea][0xc0][0x84][0x11][0x82]$cHP[0xb6][0xf]s[0xe5][0xf1]Y[0xff][0xe9][\n]"
17:56:13.260 [main] DEBUG org.apache.http.wire -- http-outgoing-8 << "[0xb]q[0xda][0xd6]_[0xa9][0xb8]a[0xea][0xfa][0xec][0x9e]<[0xf2]Z[0x5][0xd8]D[0x9b]b[0xc3]Y8[0xb4]%k"
17:56:13.260 [main] DEBUG org.apache.http.wire -- http-outgoing-8 << "[0xa7]s[0xb4][0xc1][0xd9][0xa3]i[0x18]l5[0x13][0xaf]'[0x93]pT[0xa3]/H[0xe1]uMXQ[0xf9][0x6][0xc6][0xba][0xd6]6Nl[0xc1].[0xb2]y~[0xfb][0xa5][0xc2]W`[0xee]d.[0xe1]Pj[0xc6]WV[0x17][0x8c]0[0x14][0x9a]2[0xda][0xcc]XF[0xb9][0x95][0x10][0xf1][0x8a][0xb8]\Q[0xc0][0x90][0x0][0x98][0xff]i[0xc6][0xb2]_[0xdd][0xe7][0x80]p[0x11][0xb3][0xe1]([0xd8]F[0xec]`[0x16]f[0xd3]"^/[0x93][0xe9][0xc7][0x84]E[0x13][0xb3][0x83]][0x14][0xce][0xed]:;[0x8a]^[0x81]1[0xe0]\[0x0][0xa5]Uq[0x9e][0xc2][0xae]Q*x[0xed]1[0x97][0xcb]A[0x3][0xd5][0x94][0xab]v[0x99][0x6]e[0xae][0xc4]P[0xc8]5U[0xb9][0x80][0x84]oa[0xf5]6[0x18]W6[0xda][0xcc][0xe8][0xa5][0xa6][0xca]%[0x84]B[0xcc]mc[0x3]bg[0xa7][\r][0xb][0x8a][0xbd][0xd3]d[0x91]V[0x94]<[0xe7][0xc9]b[0xbe]][0xef][0xb4][0xd3][0x97][0xaa][0x8a][0xa7]}[*q[0xb1][0xd2][0xae]>7[0xc0][0x2]*I5[0xff][0xc4]+[0xc6][\n]"
17:56:13.260 [main] DEBUG org.apache.http.wire -- http-outgoing-8 << "J![0x8][0xdf][0xc7][0xc5];[0xa1][0xfe][0x88][0xfa]r[0xe8][0xb][0xed][0x93][0xc0]7[0xc3]"^[0x1f][0xcd]K[0xe0][0x9d]Z[0xed])k[0xd8]l[0x13]ei[0x97][0x10][0xc5]5eBk,[0xa9][0xdc][0xc1][0xd7][0xa3][0xf6][0x86][0xbc][0xd0]~[0x14]w[0x82]\1y[0xdb][0x19][0x1c][0xd3]O[0xfd][0x93][0x87]sA:gu|[0xed][0x9a][0xf4]%[0xd8][0x9e][0xa2][0xb8]4[0xf3][0xcc][0x3]^[0xcf][0x8c][0xb7][0x9c]dM[0xc5][[0xc6]\[0xf5]l[0xc9][0xc4][0xd0][0xf8][0xf1][0x85]s)\}5[0xc2]![0x92]H[0xf1]O[0xc7].[0xce]-[0x8e]Z[0xb3]F`[0xe5][0x2][0x1][0x9e][0xf7][0xd0]>[0xc6]%[0xa4][0x6][0x1a]Y[0x13][0xd9][0x9f]6.[0xf1][0x8b]K[0x9][0x18][0x17][0xc5][0x84]Y[0x10][0xe5]w[0xc3][\r][0xb2][0xf6][0x83][0xb4]\[0xb8][0x9e]%[0xf1]o&[0xca][0x8f][0x97][0x95][0xdb]2Z[0xf3]e[0xe1][0xab]]iG[0xed]*9[0x6]Z)[0xa0]9)J[0xb7][0xf9]"[0xcf][0x5][0xb8].[0xf][0xba][0xa4][[0xc]r[0xbf]J[0x13][0xbc].[0x17]j[0xe4] [0x13][0x1b][0x16]^[0x85][0xa0]US[0x9a]8[0x19][0xb6][0xcb][0xd6]-[0xe9][0x96]0[\r][0x9]![0x90]i([0x9d][0xca]-[0xe1][0xde]I4k[0xa2][0xd9][0xda]C[0xe7]f[0xf6]:[0x9f][0x86][0xa5]+[0xb0]w^[0xa2][0xab]r[0xd7][0xae][0x80]s[0xa8]4[0x97]k[0x1b][0x11][0xc6][0x12]*[0xa2][0x9][0xdd][0xc7][0xc6][0x80][0xad][0x86][0xc0][0xb0]/[0xa8]?2[0xbe][0xe][0xea][0x8b][0xd7][0xcf][0x9e]<[0x0][0xed]8[0xf6][0xda][0xe9]0I[0xf7]r5pI5eR#[0xae][0x10][0x93]Bl[0x83][0xf6]![0x9c][0x9b][0x1a][0xe7][0xd8][0x83][0xfa][0xd6][0xbd][0xbc]:>SGL"[0xda][0xbf][0xbc][0xa5][0xdd][0x87][0x8b][0xb3][0xfb][0xfd][0xbc][0xc][0x83][0xef][0xe1][0xc4][0x92]v[0x90][0x99][0xd9][0xac]T[0xcf][0x9e][0xfc][0x8]F[0x8b],|[0xb]v[0x96][0xb3]T#[0xaf][0x1f][0xc6]e[0xd5][0xc8]1[0x9d]hk[0xdf][0xe2][0x19][0xef][0x96][0x98]K[0xb0][0xc8][0x95][0xaa][0xea][0xfb][0xa9][0x86][0x2]s[0x89]V[0xad]S[0xab][0xeb]b&j[0xcf][0xf7][0xda][0xb5]K[0x5]PbC?[0x10][0x1a]0m[0x8f][0xfd][0xcb][0xeb][0x7][0xdb][0x6]2U oZ[0xe4][0xee]m2[0xc][0xd2][0xcc][0xa9][0xe1][0x12]QK[0xdc]440][0xae][0xb0][0xa3][0x9a]e[0xb6][0x9a][0xc5]v6[0x8d][0x14][0xdd]cih[0x8a][0xa6]]{[0xa8][0xba][0x96]Uv.[0x98]7[0xa4][0xad]][0xa6][0xb2][0x96][0xdd]*e[0xb5][0xce][0x87][0xd0]V[0xac]UP[0x8b]B[0x9f],w[0x81][0xee]3-A[0x90][0x82][0xca][0xba][0x1]`^[0x81]9[0xc]cN[0xef]B[0xe9]1[0xf2]v[0x9a][0x8c][0x3][0xef]b[0x1e][0x99]x\[0xb8][0xf0]nK&"[0x89][0x84]pj[0xb5][0xc2][0xd6][0xd7][0x84][0xad]d[0x2][0xa2]![0xc1][0x9a][0xd7]W;[0x5][0xd0][0xca][0xb1][0xf5][0x89]a[0xe6]O[0x94]?[0xe6]~[0xc9][0xae][0xdb]O[0xc3]x[0x14]dI[0xa3]a4\![0x12][0x8][0x89][0x10][0x93][0x8c][0x12]D[0x4][0xa2]\[0xb5]v[0xd9]r[0xef]n7[0x8c]b[0xf2]B[0x9f][0x9d][0x9c]u[0xbf]v[0xf4][0xc3][0xd9][0x89]8S[0xb7][0xaa]sq[0xcf][0xc5][0xed][0x1e]][0xb2][0xc1]G[0x8f][0xcf][0x1a][0x11][0x6]I<[0xdf][0x80][0xeb][0xb1][0xc9][0xcc][0xd0][0xcc][0x3][0xaf]=[0x9e][0x85]q8[0xcf][0x96]j[0x9d]K[0x91][0xd7][0x8e]I[0xe0][0xb2]![0xfb]z[0x1a][0x16]%[0xa0][0xeb][0xd2]mTJ[0xc2][0xdd]P[0x85][0x1a][0x11]-[0xc8][0xba][0x90][0xc5]D[0xcb][0x86]f\J4[0x10]x[0xdd][0x19][0x13][0x14][0x3][0xc1][0x5][0xe0][0x18][0xff]?b[0xea][0xaf][0xa9][0x13][0x88][0xe2][0xf0]o[0x89][0xa9][0xa7]A[0xfa][0xbc][0xa8][0xcb]\[0x90];[0xa1]:[0xf9]X[0xa2][0xb6][0x8e]e[0x1e][0xa3],Wq[0x14]/Y[0x10][0xd2][0xd0][0x14][\r][0x8][0xf6][0x90]k[\n]"
17:56:13.260 [main] DEBUG org.apache.http.wire -- http-outgoing-8 << "M4[0xb6][0x1f][0xd8]U[0x1a]$-`hGr6[0xcc][0x7][0xb8]Q[0x1b]l[0x1b][0xaa][[0xe5]k[0x9e][0xb3]`u[0x1][0xc][0xb1]pR[0x15]sN[0xbd]A[0xf8][0xa3][0xa1]3[0xb3][0xf1][0x14][0x9a][0xe6][0xc8]=[0x85]& [0xd2]D[0x92]O[0xef][0xf][0x16][0x1a]j[0xcd][0xf7][0xa9]][0x3][0xe2]K[0xec][0x8b][0xb1][0xaf][0xb0]/[0xfc]qI[0x19][0xd8]#`[0x81]V[0x99][0xe][0xb8]PH"[0xac][0x89][0xe2][0x88][0xe0]B[0xb1]Z[0x19][0xb0][0xb0]5[0xdd]K[0xd0][0xe1]i[0xb7][0xdd][0xbd][0xc5]7[0x9d]+[0x85][0x94][0xb8][0xfc]F[0x1e][0x9f]n/[0xf1][0x1e]H}[0xc][0xe7][0xc9]o/[0x7][0xde]`45[0xf6]]Y[0x13][0xae][0xc5][0xeb][0xf9]"[0x88][0xe6][0xdb]2[0xc1][0xdf][0x83][0xdd]2[0x81]B[0xd2][0x9d][0xa9]Q[0x9c]5[0xb4][0x8f]*[0x97]A:[0xcf][0x87][0x88][0xb7][0x9e]S.K[0x80][0xe5][0xd2]9[0xca][0xcd][0x4]TV[0xbb]^[0x8f][0x1b]bH5[0xc1][0xaa][0x99][0x6][0xab]9[0x1]B[0xae]5X[0x89]8[0xe0][0x9a][0x80][0xe5]0[0xf1][0xbf][0xa5][0x2][0xdb][0xc4]([0xb6][0xba]Jp[0xed][[0xbd])-[0xa2][0xb5]kG[0xb9][0xd3]=[0x0][0xfb][0x9a]/[0xb3]c[0xd8]L[\n]"
17:56:13.260 [main] DEBUG org.apache.http.wire -- http-outgoing-8 << "[0x2][0x14][0x93]@[0xa8][0xd5]4[0xe0][0x6]^ge[0xbc][0xce]\x[0x95][0xa0][0xe9][0x8c][0xaf]][0xa5][0x81][0xfe]j[0x3][0xf][0xf4]V[0x94][\r][0xe6][0xcd][0xa2]l[0xb6][0x1c][0xb7][0x85][0x18][0x5]L[0xa0]][0x99]([0x88]Y[\r]a[0x11]s[0xb8]+[0xcb]W^;2C3+[0xb6]>[0xda][0x9d][0xd2][0x88][0x99][0xe0][0xb2]f[0xa4]^3*[0xc5][0xa7]:[0xc0]0$[0x98]H[0xba]W[0x80][0x2][0xf6][0xb1]/[0x8c]?[0xf6][0x95][0xf0]G[0xa5][0x8a]u[0x1f]S[0x17][0xad]P]1#\r$[0x14]VB!]4[0xd4][0x86][0xe9]6[[0xef][0x7][0x9b]f[0xda][0xd3][0xc7]A[0xb7][0xdd];[0x93][0x9d][0xee]c[0xef][0x1b]?[0xbe][0xff][0xca][0xdb]}ty[0xf4]Sf[0xda][0xeb]a[0x90][0xe][0xd3]E[0x1c][0xdb][0xc1][0xde]n2[0x1f][0x85][0xf3][0x97][0xf0][0xc3]O[0x9b]}[0xc8][0xb4][0xab][0xd1][0xde]d[0x92]Y[0xf5][0xd4]k[0xa7]#[0xeb]>[0x19][0xb9][0x7][0xcb]0[0xa2][0xe]cI'[0xb1]ci[0xcf][0xc1][0xb2][0xcb][0xb6]2[0x19][0x4]q[0xb6][0x18][0xbd][0x14]q{U[0xba][0xaf][0xda][0xd9][0x10][0xe4][0xb6][0xd4]r[0xfb][0xd7]J[0x15][0x12][0x10][0xb]"d[0xb3][0xc9]^[0xaa]8P[0x1b][0xf5][0xac]R[0x1a]P[0xc9][0x80][0xe6][0xf8]pY[0x89][0xb6][0x8c][0xff][0x92][0xb4]U;[0xe5][0x81]j'[0xed]2[0xda]fE[[0xbe][0xbb][0x9c]m[0xe2][0xa7][0xb5][0x13]*Rb;[0x1]X[0x9c]t[0xb0]P[0xfc]Q[0x81][0xdb][0x1f][0xd5][0xbc][0xd5][0x0][0xe3][0xc6][0x1d][0xaf]|[0x9d]J7mq[0xc6][0x1][0x89][0xed][0xec][0xb0]f3[0xe]u[0x8a][0xac][0x95]y[0xed][0xf7][0x1]b[0xed][0xec]v1M[0xaa][0xc5]9[0x87][0xa5][0xeb].[0x88][0xed][0xac]hP[0x14][0xe8][0xee]z[0xa5]R[0x7][0x13][0xa7][0xa7][0xb]([0x5][0xa9][0xd6][0x9f][0x6][0x1f]B[0xa0]F[0x8a][0x88]Z3{1Wa[0xec][0x8f][0xb1][0x8f][0xb5][0x1f]H[0x9f]q[0x9f]T[0x84][0x86]E[0x8b][0xd9]04[\r]U[0x2]][0x84].bHs[0xc1][0x8]"J[0x10][0xb5][0xd4][0x1a][0xd7][0xd0][0xed][0xf5][0x7]5[0x2][0xec][0x15][0xfe][0xd6][0xbf]9?[0xef]_=[0xec][0x9e]1[0xd6][0xa5]J[0xf4][0x1e][0xef][0xee]z[0xff][0xac][0x95] [0xff]v[0xb6][0xb8]$Q[0x8e]g[0x94]Sk[0xbe]}[0xb4]i`?[0x15]L[0xc3][0x94]s@[0x81]c[0xc8][0xb9][0x12]r[0x15]L[0xa3]8TX[0x13]\[0xeb][0xf]Y[0xc7][0x82])[0x6][0xb4]X[0x17][0xaf][0x98][0xda]b[0xd6][0xd6]F[0xb5]A[0x9][0xa0]q[0xf6][0x17][0x85][0xaa][0xac](a[0xe3][0x92][0xea]:/A[0xf5]c[0xa4]li[0x9d][0xdd])[0xbb][0xc6]Vx[0x9d][0xef]B*[0xd5][0x14]pN[0x81]\[0xdb]<6[0x90][0x1a][0x9b][0xe2][0xc8][0xee][0xf2]`u[0x9f]K[0x1][0xdd]<[0xa9]f[0xb9]P[0x3][0xaa][0xb2]-[0x99][0x80][0xa3][0x82]9[0xab][0xda]EP[0xf0][0xca]n{[0xb3][0x98][0x84]X#hCp[0xb0]{rLc[0xec]H[0xaa])[0xb]s[0xfb]e[0x81]qM[0x88][0xb3][0xa2][0xa1][0x1a]JI[0x8]ZM[0x9]i[0x4][0x11]E[0x8][0xed][0xa5][0x15]p[0x9f][0x12]b|6[0xf1][0xc7][0xc6][0x9f][0xd0][0xfa]F[0xd7][0xc6];w[0xa6][0xd5][0x94][\n]"
17:56:13.260 [main] DEBUG org.apache.http.wire -- http-outgoing-8 << "Z[0x8e]%[0x93]RSN[0xb4]P[0x18][0x15]fv[0xcb][0xdd][0xad][0xa3][0xde][0xa6][0x0];x[0xf8][0xda]?m[0xf7][0xae][0x7][0xc7][0x9d][0x9b]{[0xd6]e[0xf4][0xf6][0xe1][0xf6][0x86][0xd5][0xfa][0xb4][0xaa][0xe2][0x18][0x7]Y[0x18][0x8c][0x83][0x99][0x89][0x8b][0x94][0xdd]5[0x9d][0xc0][0x88]{:[0xe1]8[0x88][0xdf][0xf2]W[0xfe]D[0x10][0x86][0x12]Z[0xbb][0xf8]J)D[0x88]#[0xb4]r[0x88]X_[0x1][0x11][0x82]4[0xf3][0x11](I[0x81]Vt[0xcb]G[0xc0]%[0xb6][0x97][0xee][0xbf][0xc5][0x81][0xf][0xb2][0xd2][0x2]Y[0xe7][0xd3][0xa2][0x7]v0J2w[0x16][0x2][0xaa][0xf1][0xbf][0xda][0xb5][0xe0][0xdc][0xbe]|G[0xf6][0x17][0xb3][0xbd]F[0x82][0x81][0x14][0xb4][0xe8][0xcb][0xb2]k[0xcc][0xb]H[0xcd][0x8f]U[0x97][0xa9][0xc]([0x80][0x9b][0x96][0xa9][0xf9]:[0xbb][0x87][0xbe][0x84][0x86]|[0xa3]L[0xe5][0xc]"[0xb5][0xbf][0xee]Z[0x90][0x5]8[0x82][0xd8][0x16][0xa9]d[0xf9]]p[0x8c][0x1e]8<[0x91]%[0xaf][0xeb]C[0x90][0xce][0x92]8+\l[0xf][0xa5][0xd8][0x3]E[0x98][0xfb][0xd1]P![0xdb][0xdb]@t3[0xf6][0x89]c[0x8e]Qm[0xb3][0xa3][0xd8][0xc7][0x9a][0xf8]xl[0xdd][0xae][0x86][0xf8]#[0xe4]/SG~[0xb6]B[0xad][0x1a]0[0xa0][0x82][0x9]I[0x18][0x97][0x9a][0x8][0x82]D[0xa1]B[0xdd]=g[0xdb]>[0xd1][0x9a]^K[0xc9][0xae]/[0xce][0xf1][0xe1][0xdd]QW_[0x1f][0x9e][0x1e][0xf2][0x87][0x9f][0x92][0x6][0xee][0xa3]([\r]G[0xd3][0x9f]*X[0x5]C[0x95][0xb1]B[0x95][0x13][0x6][0xd7]/[0x91][0x99]&%[0xd1][0xe7][0xfa][0xaa][0xe4][0x10][0xd0][0x88]8[0x1d]wDC[0xa9][0x91]T[0xeb] E[\n]"
17:56:13.260 [main] DEBUG org.apache.http.wire -- http-outgoing-8 << "[0xb9]$R4[0x1b][0xf4][0xc2][0x92][0xd8][0xa0][0xa8][0xb5][0xd8][0xca][0x18]`[0x92][0x0]-[0xff];[0xdb]Y[0x2]qh[0x7]!+[0xb9][0xfa]`[0xbf]1I[0xfc][0x5]s[0xb8][0x2][0xea][0xe7][0xb]~[\r][0xa4][0x96][0x4][0x80][0xc5]0[0xcd]5[0xf2][0xad][0xa8][0x83][0xe7][0xb8],[0xb8]V2[0xb5]\[0xa9][0xe6][0xeb][0xc1][0xef][0xf9][0x12];[0xb8]J[0x14][0x7]\([0xc0][0x15]-[0x8a][0xad][0xf9]*[0xc5]Zuy[0xd0]EV[0xd6][0xb8][0x9f][0xb5]\[0xa7]AGKA{[0x3]Z[\r]vi[0xa8]D#[0xc7][0xeb]v[0xb4][0xcc][0xb6]#[0xb][0xd1]|[0xa8][0x8b]S[0x98][0xa3][0xce]![0xbe]1[0xe9]Hu[0xaa][0xe8]t[0xec][0x17]$-[0x89][0xc4][0xce][0xb6][0x16][0xb7][0x96]s[0xc1][0xe8]z[0xa4]]Ph[0xbf]mr[0x1f][0xe5][0x95][0x1b][0x1f]+[0x9f]s[0x1b]o[0xa0][0x98]?,A[0xf6]![0x1f][0xe4][0x18][0x86]Q#[0xcf]k[0x95]]@c[0xca]0[0xc5]ZR[0xc5][0xa9]*b[0xb6]\[0xac]n[0xcd][0xd4][0xf6][0x85][0xba]a[0x9d][0xa7][0x7]tqO.[0xe9][0xf5][0xe0][0xf0][0xf0]f[0xf0]tss[0xb3][0x87][0x12]pd[0xe6][0xf3]0[0xf6][0x96][0xdf][0x9b][0xe6]U*[0xe6][\n]"
17:56:13.260 [main] DEBUG org.apache.http.wire -- http-outgoing-8 << "[0xd5]D[0x6]]&[0xf3]bJA[0xc3][0x1e][0x16][0xa5][0xd4][0x19][0x18]D9[0xe4][0xd6][0xec][0xba][0x9a]# [0x10]q[0x1b][0xa1][0xd9][0xac][0x85][0xa5][0x11]Pb[0x9d]"#[0xa4][0x2][0x8a]3[0xa0][0xeb]M[0x2]H[0x95][0x8a]1[0xfa]%[0xcb]T[0xde][0x0][0xaa]g[0x8b],[0xc][0xd2][\n]"
17:56:13.260 [main] DEBUG org.apache.http.wire -- http-outgoing-8 << "[0xcb][0xeb][0xa1]yY[0xf7][0xb1]v[0xc8][0x0]K[0xb8]>.U[0xdb][0xcc]"[0x9e]R6iV[0x1][0xad]XQ[0xb][0xc8][0x17][0x1a]V[0xf1]u[0xe8][0xd2][0x2][0x8][0xc0]M=[0xaf][0xcb][0x85][0x1a][0xf4][0xb4][0x94][0x80]l3[0x1c]\C[0xd5]4[0xbe]kk[0xaa]`[0xdb]5[0xf0][0x99][0x9a][0xc8] qO[0x14][0x10]$+[0xeb][0x1b][0x87][0x1][0xf2]([0x89][0xe3]`[0x94][0x85][0xa3]E[0xb1][0x8c]=*[0x95][0xb1]R)[0xed]t[0xec]P[0x88]([0x15][0xeb]9J[0xca]!B[0x2][0xe1]}[0xdc]X[0xc][0xfb][0xd2][0xe][0x15][0x10][0xea][0x13][0xed][0x7]%[0xbe][0xfe][0xd3][0xa3][0xb3]U;6P[0xa4][0x84][0xb0]]8[0x85][0xb8]V[0x98]7[0xa8]l[0xfb]W[0x1b][0xa3]\_[0xbf][0xa9][0x81]x[0xe8]\_[0xf5]o[0xe][0x8f]:H[0xc8][0xa7][0xab][0xa7][0xdb]AO[0xfe]\[0x82][0xcc]G[0xa6]W[0x95][k[0xd7][0xf8],[0xe6][0xcc]9[0xa6][0xb7],[0xff][0x17][0x9b][0xf]/[0x8d][0xa7]I[0x4]a[0xca]ugU6J[0xe]1[0xbc]jl[0xd9]Q=.[0x1a]g[0xd6][0x12][0xc][0x4]^[0x97][0xb6][0x82][0x11][0x80][0xed][0xe][\r][0xec]Ovj[0xfd][0xe2][0xfb]4[0x10][0x1b][0xb2][0x93][0xc4]&[0x1d][0x85][0xa5][0xe4][0xda][0xf][0xcb]g[0x93][0x81][0xae][0xf][\n]"
17:56:13.260 [main] DEBUG org.apache.http.wire -- http-outgoing-8 << "[0xe7][0xcb][0xd4]Gy1[0x89][0x0][0x97][0x2]hL[0x8b][0x1e][0xd8]|[0x91][0xe2][0xd4][0xc1][0xf2][0xa0]3[0xb9][0x16][0x83][0xa6]>[0xd8][0xe5]B[\r][0x82][0xc3]5[0x81][0xf6][0xd3][0xae][0xac][0xb0]<[0xcf]2h@[0xe0]e[0xed][[0xa9][0x1e]X)[0x96][0xda]\[0xac]ZO[0x1]![0xd8][?L6[0xec]2[0xef][0x99][0xe5]%[0x15]s[0x96]E[\n]"
17:56:13.260 [main] DEBUG org.apache.http.wire -- http-outgoing-8 << "A[0x9b][0x5]@[0xf5]z|[0x96]@B1'[0xfb][0x8][\n]"
17:56:13.260 [main] DEBUG org.apache.http.wire -- http-outgoing-8 << "[0x93][0xa1]o[0x2][0xa2]}[0xcc]}[0xc2]|]J[0xf3][0xea][0x7][0xaf][0xaf][0x81][0xfd][0xe1][0x8d][0xc2][0x14][0xab][0x9a]^[0xc4][0xe6][0xc7]([0xc1][0xed][0x18][0xad][0xc6]d[0xb7]5v[0xab][0xed]u{[0xff][0xed][0xfa][0xe4][0xa6][0xd7]?y[0xba][0xc1][0x18]=[0xde][0x9d]}[0xbd];[0xec][0xde][0xb7][0xc5][0x1e]>[0xae]n[0x92][0xa4]A!?[0xa6]QP[0x1]a[0xc8]&[0xdb][0xa6]e[0xce]:[0x3]2C[0xdb][0xca],o[0x81][0xd4]-[0xb5]2[0xb9][0x12][0xce][0x98]6[0xfb]l[0xb5][0x11][0xd2]f[0xef][0xb1][0xd4][0xba]b[0x9b][0x8d][0x1a]0[0xa2][0x80][0xc8][0xef]oK[0xd8]R[0xc6][0x0][0xe6][0xc][0xa8][0xd5][0xd4][0xfb][0xbf]aka[0xab][0x8b][0xb6][0xd8]E[0x9a][0xa4][0x85][0xb6]W[0xc7]|[0xaf][0xb3][0xc5][0xee][0xa8]v[0xed]z0[0xca][0x97][0xd8]U[0xea]"[0x2][0x18]'[0x80]a]t[0x12][0xe4][0xab]DE[0xd0][0xe6][0x7]][0x3][0x7][0x2][0xe0][0xa6]m[0xaf][0xe5]B[0xbb]UZ[0xc9][0xb6]9[0xab] V[0xcd][0x2][0xc2][0xeb][0x12][0x13][0xad][0xe9][0xd6][0xd6][0xb9]\AB[0xdc][0xa8][0xc5][0xc]9[0xe4][0x84][0x92]T[0xdb][0xfc][0x2]$[0x1a]![0x97][0x97]@Q[0xc8][0xb0][0x94][0xeb][0x99][0x3][0x9]5[0xa5][0x88][0xed]S[0xe4]R[0xe6]k[0xee][0xf][0xc7]>[0xd7][0xfe][0x84][0xf9][0xb4]T[0xe5][0x1e]&[0xf3][0xe6][0x3][0x7]%[0xaa]j[0xa1][0x19][0xe7][0x82]I*[0x90]&[0xa8][0x90][0x3]~xdo2[0xe3]m[0xae][0x9e][0x1d][0xf6][0xd7]\[0xbd][0xef][0x9e][0xa1][0xf6][0xd9][0xe9]Y[0xef][0xe4][[0xfb]I[0x1c][0x1f]1~5[0xd0]'[0xbd][0xc3]:[0xae]n[0xcf][0xc3][0xe6][0x7]W[0x90]=_[0x8c]m[0xef][\n]"
17:56:13.260 [main] DEBUG org.apache.http.wire -- http-outgoing-8 << "x][0x93][0xfe][0xd7][0xc2][0xa4][0xe3][0xac]4[0xde]ua[\r]k[0xb3]|[0xaf][0x88][0x9d][0x3]^[0x82]9&M[0x1c][0x1e][0x92][0xc6][0x89][0x88]Djgb[0x81][0xd2][0x90]H$[0xd6][0xf2][0x91][0xb4][0xfb][0x90])[0xc9][0x9a]I[\r]LJ@7[0xc2][0xc1][0xb1][0xc6]vz[0x8][0x10][0xfd][0xb3][0x83][0xb5][0xf3][0xd2]7[0xeb]DG][0xb2][0xf5][0xb]A[0x18]![0x8c][0xf2]Np0I~[0xe4][0x90][0xfd]5p[0x8a]YIE([0xf3][0xf4][0xd0][0xa4][0x15][0xf9][g[0xc9]l=2[0xbb]#[0x86]v[0x9][0xd5]a[0xbe][0xce][0xe]3,C[0x14](F[0x80][0x16][0xaa][0xb8][0xe7]M[0xbe]J[0xa9]z[0xcd][0xf][0xba]bh1[0x1][0xb8]q[0xf9][0x9a][0xaf][0xd4]`h[0x96]oyb[0xad][0xa8]Z[0x1c][0xe4][0xaa][0xe]<[0xac][0xa9]^[0xad]:[0x8b][0xad][0xa3]@AR[0xa3][0xd0]*[0xd7]VS[0x15]s[0xb3][0xcd][0xb2]^[0xf0]'[0x86]*{#[0xc8]n*[0x85][0xd6]Y [0x12][0x12][0x9b][0xe5][0xba][0x8f][0x8b]@[0x8d]|[0xa6]m[0xd0][0xa1][0x1d]=@[0xfe][0x90][0xfc]s{[0x8a][0xf1][\n]"
17:56:13.260 [main] DEBUG org.apache.http.wire -- http-outgoing-8 << "[0xaa]r[0x89][0xed][0x8c]'[0xe6]TJ[0x85]E[0x81][0xaa][0xf5]Y/[0xf7][0x97][0xf2][0x86][0xdf]_[0xb5][0xef]o[0xd5][0xe9][0xc3][0xf1][0xfd][0xed]W[0xcd][0xd8][0xc5][0xf9][0xd7]}[0xc]Z[0xe]Yv[0x89][0xcf][0xd3]0[0xb6][0x5][0xa7][0x89]v[0xc1][0x93]I[0xe5][0x18][0xe1]*[0xab][0xef][0xfb][0xe8]BT3[0xea]r<[0xdb][0xf1]X[0xc4][0x4]'[0x9f][0x8f]#v[0xe7]%EH[0xc3]-[0x1c][0xf3][0x7]M[0xb6]F'[0xc5][0x8]H[0xa4][0x80][0x12][0xb8]J[0xfb]?b_[0x5][0xac][0x8a]![0xb2][0x15]p[0xbd]M[0xc6]i[0xf8][0xbc](K[0xb4][0xbd] [0xda][0x88]{[0xa1][0xb8][0x1]`[0xd3][0xcf][0xb5][0x1a][0xf8][0xb5][0x8][0xe1][0x80][0xc8][0x92]_+_([0xae]bl\[0xcd]Xj[0x15][0x82][0xc6]Y[0xdf][0xcb][0x95][0x9a][0xec]-[0xc6][0xa0][0xde][0x98][0x96][0x15][0x1c][0xb2][0x86][0xc9][0x4][0xdb]"m!P[0x8b]Hh[0xc7][0x15][0xd1][0xf2][0x6][0xec]Nuv[0xb9]z[0xca][0xae][0xad]n8[0xb7]BaX,][0xaf][0xcb][0x91][0xb2][0xee][0x89][0x1f][0x8c][0xa1][0xc6][\n]"
17:56:13.260 [main] DEBUG org.apache.http.wire -- http-outgoing-8 << "[0xa9][0xf5][0xfe]&[0xb6][0xb6]&z[0xaf][0xd9][0x3][0x83][0xf2][0xa9].[0xe4]kb[0xb7][0xd1][0xdd][0xa5][0xd0]6[0xf1]k[0x95]w[0x17]CXjJ[0x8]G[0xc2][0xc6][0xbf][0x90][0x1d][0xa8][0xdd]*^[0xdb][0xdf][0xbe][0xca][0xb3][0xa3]A[0xb7]s}[0xdf][0xf9]v[0x82][0x1e][0xbe][0xdd][\r]([0xbf][0xba][0xbc][0xab]C[0xed]m0[0xf]L:[0x9a][0xe6][0x9a][0xeb][0xc7][0xa3][0xff]v[0x9]{[0xbb][0x88][0xed][0xbe]b[0xf3]$>[0xf0][0xae][0x12][0x1b][0xf1][0xbd][0x1c]C[0x8][0xa2][0xd1][0xb4]j[0x8]ag[0xb7][0x8c]H[0xe9][0xd0][0xf]*67[0xda]g[0xff]d*[0x5]q[0xdd]j)[0x87]X [0xc2]7[0xf6]O[0xc6][0x90]+[0x84]Y[0xed]7`[0xbd][0xa1]#[0xe1]@[0xe5]i[0x1b][0x1f]S[0x8]6[0x1e][0x6]K[0xa0][0xd9][0x9f]l[0x9b][0xfd][0xc5][0x93][\n]"
17:56:13.261 [main] DEBUG org.apache.http.wire -- http-outgoing-8 << "T1|[0xeb]3[0xea]g3[0xe0]0(r[0xca][0x7][0xba][0xc6][0xdd][0x95][0xaf][0x6][0xa7][0xf9][0x2][0xbb][0xfc]][0x88][0x3][0x86][0x9]`[0x84][0x97]TZ[0xbb]J1[0xd4]py[0xd0]U[0xe7]6[0x8f][0xf5]^[0xae][0xb3];[0xae]@Y[0xb][0xe9][0x6][0x80]E[0xa9]K[0xd6][0xc4][0xe1]U[0xce][0x97][0xb5][0xbe]Y[0x8a][0xec][0xde]y[0x10][0xbb]C[\r]1[0x13][0xca]5wY-[0xd2]vM[0xfa]^[0x11][[0xd0]-][0x86][0x82]Q[0xe4][0xe2]0 v[0x1c][0x81]0[0xb9][0xf2]{[0xe5][0x19][0xe4][0x8c][0x92]}&[0x12][0x2][0xeb][0xf2][0xa2][0xbe] [0xb6][0xe6][0x1d][0xef][0xd8]ja[0x9f]|[0x18]\[0xe5][0xa0][0xb5]v4f[0xb]`[0xce]5c[0x85][0x9c][0xef]]B[0xed][0xc9]U[0xef][0xae][0xcb][0xce]l[0xd4][0xb5][0xe8][0xf][0xda]g[0xa4][0xad];[0xf8][0xb2]S+([0x14][0xca][0xdf][0xeb][0x97]E[0x1c][0xbc][0x99]R[0xfd][0x9b][0xeb][0xb9][0xde]Q[0xb2][0x88][0xe7][0xf9].c[0xae][0x9d]5[0xe8]~[0xbb][0xe7][0xda][0xfb][0xad][0xfd][0xfb][0xf5][0xb5]t[0xcb]-[0x85][0xcb]b%[0x98][0xb3][0xf6]e[0xd2]6E)[0xe5]+k[0x9f]}[0xf6][0xe2]H5[0xeb][0x8e]q*[0x80]&[0x1b]S[0xb6][0x14][0x3][0x82]l[0xbe][0xac][0xfc][0xf7][0xfe][0xe5]K[0xa9][0xb6]8[0xa1][0xb0][0xc8][0x16][0xb3][0x2]k?E[0x84][0x9f]Rj[0xed]r[0xf0][0xd9][0xae]P[0xdf][0x10][0xa3][0xc][0x1][0xc6]9 junV[0xa8][0xb5]k[0x94]$[0x85][0xfc][0xa0]K[0xa7]%[0xcd]Q[0x9b][0xaf][0xd3][0x0][0xb5]$[0xdf][0xb8]qc[0xe6]K[0xca]F3_[0xb5];([0xd8][0xe0]XB)[0xb4][0x99][0x89][0xb9]e[0xd4]e[0xe][0xe2]u[0x1d][0xb1]r[0x84][0xec]Gc[0xbf][0xa8],[0x94]Fmm[0x4][0x8f][0xeb][0xe2]#[0x12][0xb2][0xcd]Q[[0x80][0xa5][0x80]J`[0xbd]W[0x8a][0xac][0xb4]{8[0xfa]*[0xf0][0x3]c[0xf7][0xb5][0xd1][0xe3]z[0xd2][0xae][0xcb]7[0xe7][0xc0]m[0xc9][0xf2]%[0x15]%[0x82]KL[0xb5][0xa4][0x92][0xf3]B[0xa0]A{[0x16][0xa4][0xe1][0xc8][0xc4][0xde][0xc9][0x8f][0xd7][0xfc]=[0xb9]A{[0x8e][0xd5][0xe5][0xcd][0xf5][0xd9][0x13][0xbf]:[0xfc][0xca][0xe9][0xcd][0xd5][0xc3]E[0xe7][0xf2][0xa2][0xaf][0xaf]V[0xb9][0xbd]ZL#kS[0xd8]v[0xd9]6[0xde][0xc1]Qa[0xe5]][0x6][0x93]I[0x90]V=[0xe5]8[0xec]([0xcd]7[0xb0][0xd1]T9C[0xbd][0x99][\r][0x98]'[\n]"
17:56:13.261 [main] DEBUG org.apache.http.wire -- http-outgoing-8 << "[0xf3]U[0x8a][0x5][0x85][0x8a]![0xc5][0x9a][0xed]`c[0x13][0x9e][0x4]#k[0xbd]Vp [0x84]u*[0xd4][0xea][0xb5][0xff]r[0x3]bE][0xf7][0xad][0xa0];[0xdc][0x99][0xf7](q[0xfa]mwD[0x1b][0xbc][0x19][0x98][0xe5][0xaf][0xdf][0xe1]D[0xe0][0xd6][0xb6]gw[0xd1][0x95]E[0xf0][0xbe][0x99][0xac]@[0xdd]7[0x93][0xb9]b[\r]T[0xf3],[0xae]7[0x93]5[0x89]5[0xb0][0xfb]woH[0xb8][0xb2]8[0xbe]pn~[0xcb][0x8b][0x96]Z[0x9][0xb7][0xa0]-p[0x4]%[0x85]XK[0x8b]][0xb7][0x86][0xab][0xa5]c"[0xac]r&s[0xaf]D.[0xc2][0xa4]t[0x8a][0xb9][\n]"
17:56:13.261 [main] DEBUG org.apache.http.wire -- http-outgoing-8 << "C[0xac][0x99]Z[0xf7]I[0x94][0x84][0x9a])[0xcc][0xf7])m[0xd5][0xd8]&[0xca][0x8e][0x88]?[0x16]v[0xde][0xd6][0xa8]z[0xe4][0xae]v[0x5][0xe0]CQ[0xd9][0xab]]&[0x18]&[0xd8][0xee][0xf9] [0x99]@X[0x17][0xa6][0xc3]*[0xdd]_[[0x3]bw[0x3]![0x9e]n[0xd4]-[0x16][0xd7]_[0xe5][0xc5][0xe5]U[0xe7][0xfe][0xba]w|s^[0xbb]yE[0xd0]l/|I"[0xb3][0x98][0x17][0xdc][0x8]{[0xc6][0x1f]j[0x8a][0xbc]N[0x18][0x8f][0x92][0xa8][0xc][0xdc]R[0xe2]l[0xfe]=4[0xe3][0xa2]~TR[0x95][0x98][0xe4]N[0xdb][0x9f]=[0xc1][0x12]![0xb5]:[0xe3][0xcc]*[0xa5][0x9a]6[0xf4][0x11][0x1b]("[0xd6][0xa4]%\[0xda]V7X[0x8e][0xe9][0xfd][0x8b]&[0x1b][0x94][0xf7]M[0xe0][0xc5][0x8d][0x1c][0x8b][0xa4]=7i[0x1a][0xd6])[\n]"
17:56:13.261 [main] DEBUG org.apache.http.wire -- http-outgoing-8 << "[0xf5][0xc6][0xaf]7[0x3][0xa7][0x1f]+[0xec][0x88][0xe9][0xd2]D[0x0])[0x15]`[0x82][0x17][go[0xa6][0xa8]'[0xbc][0x19][0x87][0x98] [0x0][0x3][0x84]4[0xc6]m[0xa5][0x94][0xb0]=}[0xcb][0x97][0x1b]5[0xae][0xea][[0x9a][0xc3][0xb7][0x1]m[0xb][0x99][0x6][0x85][0x96][0x19][0xe1][0x90][0xd9][0x89]1[0x5][0xb1]t[0xdb][0x10][0x90]v[0xf5][0xcc][0xaa][0xf7][0x8f]j:6[0x86][0x19][0xa5][0xce][0xa1]"[0xc5] [0xa2]D[0xe9][0x95][0x9c]g[0x8b][0x1e][0xce][0xf5]^[0xf3][0xb7],[0xf0][0xc9][0xd0]V[0xb8][0x94][0xfa][0xd2][0xf8][0x93][0x12]k[0xcf]M[0xfa]f[0x1a][0xef][0x10]VR[0xe][0x10][0xe3][0xc8][0xc6][0xc8]`[0xa6][0x5][0x93]E[0xba][0xde][0xc7]a[0x12][0x97][0xc4][0x83][0xad][0x1c][0xef]n[0xfb][0xf2]V[0x9d][0xf0][0xbb][0xdb][0xf3][0xb3]{|&[0xe][0xef][0xae][0xf][0xe5][0xc3][0x11][0xea][0xee][0xbd]7[0xcd][0xa1][0xbd][0xbb][0xd9][0x1d][0xc9]/[0xcd]([0x19]./[0x95]=e[0x4]"
17:56:13.261 [main] DEBUG org.apache.http.wire -- http-outgoing-8 << "[0xc9][0xbc][0xa3]`l[0xd2][0xa6][0xb5]l[0xe3]Ho[0x82][0x5]s[0x8f][0xae][0x8][0xc8][0x5]Cbm[0xe7][0xa3][0xc]2[0xa2][0xea][0x1f]c[0xd6][0xc3]c[0x8c][0x3][0xa9][0xd6][0xa1][0xde][0x82]X[0xef][0x81][0x0][0x8c][0xfc]i[0xa1][0xde][0xbf][0xb8][0x86][0x80]IQ[0xb0][0xad][0xa6]k#[0xb5][0xb6][0x86][0xad][0xbb][0x2][0x10][0x9][0x1][0x84]H`[0xb][0x92]2Y[0x8b][0x91]1[0xf6]P[0xcd][0xbe][0xb8]M]^v[0x99]F[0xb1][0xb2]tc[0x12]W[0xd0][0x9f][0xda]wf{\[0x8c][0xc2][0xbc]Q&9$[0xc4][0x19]m[0xc0][0xb1][0xaa][0x8c][0xf0][0xae][0xc6][0xea]z[0xf][0x97][0xcd][0xcb][0xed][0xb4][0xa4][0x1a]P[0x8e][0x9d]%[0xac][0xb4])[0xe]R[0xac][0xc]^[0xd8][0xde]W[0x14][0xaa][0xad]f[0x8a]L[0xb5];#[0x4][0xda][0xa7]<[0x9f]c0[0xff][0xdc][0xc6]3[0xac][0xa2]fU[0x9a]RF([0xb7][0xff]D[\n]"
17:56:13.261 [main] DEBUG org.apache.http.wire -- http-outgoing-8 << "[0x15][0xf4][0xd8][0xba]][0xc8][0xb7][0x92][0x10]/:[0xfd][0xd3][0xa3][0xa7][0x9b][0xc1][0xf9][0x83]M[0x97]U'[0xfa][0xf2][0x9b]8[0xee][0x9e][\r][0xf6],];[0xc1]pnF/[0x85][0xca]ug[0xf][0x8c]i[0xee][0x8a][0xad][0xa8][0x98]U[0x88]*Bc[0xda][0xa5])\[0xc1][0x96];[0x8c]T[0xf6]?[0x95][0x8d]^[0xa3][0xeb]J[0xd5][0xce][0x81]K,i}[0x3]t[0x9d][0x1a][0x83]9[0xc0][0x1b][0xa9]1[0x1a][0x89]<[0xe3][0x89][0xfc][0xf1]N[0x84][0xff])[0xa9][0x6]E[0xdf][0xec][[0x90][0xbe]7[0xd8][0x1b][0xa1]a[0xfa][0x96]]m[0xf7][0x96][0x8][0x2]{V&g[0x14][0x3][0xca]xI[0x12][0x8][0xd2][0xf7][0xd7]"J[0xed]1W[0xfa][0x16][0x5][0xb8][0xe9][0xd6][0x8a][0xf9]:[0xbb]+Uk[0x1d]T[[0x95]j[0xb3][0xb9][0x84][0xfa][0xb8]Cj[0x83][0x4]%[0xb4][0x93]a[0xcc][0xad][0xb][0x90]=.[0xb9][0x8b][0xe4]{[0xf1][0x82][0xbb](m[0xf3]D[0x91]vf[0x1d]b[0x2][0xa5][0xd2]x[0x15]1[0x9a]{[0xda][0x8][0xd7][0xfb]h[0x1]C[0xea]O&[0xbe][0xdd]l[0x86][0xfb]TVl[0xa6][0xb8]G}[0xca]*[0xb4]W[0xa4][0x5][0xb6][\r]p%$V\[0xe2][0xe6]$[0xdd][0xca]=$[0xea][0xf2][0xe9][[0xfb][0x89]]=[0xdd]1[0xf5]t[0xa1]n[0x1e][0x19][0xea]?~[0xad][0x8d][0xe9][0xae]J[0x89]9[0xf][0xd2][0xdf][0x92][0xe7][0x2]I[0xf7]K[0xe9][0xc6][0xca][0x15]oX[0xe1][0xdf][0xdb]K[0xf9]a[0x9c]P[0xa7][0xe2][0xca])[0xa4]V[0xf1]][0xed]<[0x83]8T[0x94][0x93][0xa6][0x9][0x87]L[0x1][0xa6]7[0xe6][0xc0]ld[0xc][0xa1]@[0xac]vI[0xfd][0xb7][0xb7][0xc0]"[0xb6][0x14]*[Fl[0xfe][0xa5]u[0x8b][0xae];[0x84][0x0][0xcb][0xd8]Q[0xbe][0xc2][0x8e]r[0x95]p[0x6][0x4][0xe7]@[0xe0]r[0xb9][0x1a][0xa4][0xef][0xa3][\n]"
17:56:13.261 [main] DEBUG org.apache.http.wire -- http-outgoing-8 << "[0xc8][0x8e]\b[0x80][0x2][0xa4]i[0xbf]+_[0xa7][0xc1]F[0x89]z[0xcb][0xda][0xc5]5[0xa4][0xf2][0xbf][0xc3]Y[0xa0]$[0x14][0x1a][0x12]N [0xe1][0xee][0x11]\m[0x1f]t[0x82]7[0xe7]8|)[0xb9]{[0xaf]T.L5v[0xaa][0x2][0xf6][0x93]"J[0xd6][0xaa][0x80][0x92][0xf6][0xc2][0xe4]t[0x1f][0xea]N[0x90][0xaf][0x8d]?4[0xfe]X[0xfb][0xcc][0xee][0x8b]P[0xa4][0xee][0x93][0x89]~z[0xea][0x8b]3[0xc1][0x99][0x14]D2[0xa6](V[0xa8][0x81][0xe0][0xba][0xe5][0xa6][0xed]w[0x8f][0xd5][0xd3]=B[0xd7][0xbd][0x9b]o[0xa2][0x87]y[0xef][0xfe][0xe2][0xbe]mw[0x89][0xa8][0xb3][0x13],[0xb7][0x2][0xdf][0x88][0xe3][0x1a]Mg[0xe1][0xd8]n8s[0xfe]n[0xb2]l[0xdf][0x10][0x19]-[0xf5]~i[0x7][0x8d]ZZ\+[0xe2][0xde]W[0x8]J[0xa5][0xd0]j[0x93][0x19][0xa5][0xa0]bB[0x88]fq[0xdd]6[0xd7][0x80][0x11][0xb5]Q[0xbb][0x12][0xc0]1[0xb2][0x81][0xfb][0xff][0xde][0x10][0xc1][0xe2][0xf5][0xff][0x1c][0xb4][0xb2]$3[0x91][0x9d][0xb4]U[0x7][0xad][0xf9][0x8b][0xbd][0xdc][0xd1]A+[\n]"
17:56:13.261 [main] DEBUG org.apache.http.wire -- http-outgoing-8 << "g[0xa1][0xb5][0xce][0xa1][0xdf][0xff]/y"[0xf6][0xc6][0xb1][0xa2][0x0][0x0]"
17:56:13.261 [main] DEBUG org.apache.http.impl.conn.DefaultManagedHttpClientConnection -- http-outgoing-8: Close connection
17:56:13.261 [main] DEBUG org.apache.http.impl.execchain.MainClientExec -- Connection discarded
17:56:13.261 [main] DEBUG org.apache.http.impl.conn.PoolingHttpClientConnectionManager -- Connection released: [id: 8][route: {s}->https://dummyjson.com:443][total available: 0; route allocated: 0 of 5; total allocated: 0 of 10]
17:56:13.261 [main] DEBUG org.apache.http.impl.conn.PoolingHttpClientConnectionManager -- Connection manager is shutting down
17:56:13.261 [main] DEBUG org.apache.http.impl.conn.PoolingHttpClientConnectionManager -- Connection manager shut down
17:56:13.266 [main] DEBUG com.intuit.karate -- response time in milliseconds: 76
1 < 200
1 < Access-Control-Allow-Origin: *
1 < Content-Type: application/json; charset=utf-8
1 < Date: Sun, 03 Aug 2025 10:56:13 GMT
1 < Etag: W/"a2b1-o3qRRLJtbyQw96dM2T5LO94s5iw"
1 < Server: railway-edge
1 < Strict-Transport-Security: max-age=15552000; includeSubDomains
1 < Vary: Accept-Encoding
1 < X-Content-Type-Options: nosniff
1 < X-Dns-Prefetch-Control: off
1 < X-Download-Options: noopen
1 < X-Frame-Options: SAMEORIGIN
1 < X-Powered-By: Cats on Keyboards
1 < X-Railway-Edge: railway/asia-southeast1-eqsg3a
1 < X-Railway-Request-Id: ywhFfSmbQTS5hR4TAQeqjw
1 < X-Ratelimit-Limit: 100
1 < X-Ratelimit-Remaining: 98
1 < X-Ratelimit-Reset: 1754218581
1 < X-Xss-Protection: 1; mode=block
1 < Transfer-Encoding: chunked
{
  "users": [
    {
      "id": 84,
      "firstName": "Aaliyah",
      "lastName": "Hanson",
      "maidenName": "",
      "age": 28,
      "gender": "female",
      "email": "aaliyah.hanson@x.dummyjson.com",
      "phone": "+1 275-501-1119",
      "username": "aaliyahh",
      "password": "aaliyahhpass",
      "birthDate": "1996-3-20",
      "image": "https://dummyjson.com/icon/aaliyahh/128",
      "bloodGroup": "B+",
      "height": 164.5,
      "weight": 92.03,
      "eyeColor": "Blue",
      "hair": {
        "color": "Gray",
        "type": "Wavy"
      },
      "ip": "51.180.201.49",
      "address": {
        "address": "790 Eighth Street",
        "city": "Philadelphia",
        "state": "North Dakota",
        "stateCode": "ND",
        "postalCode": "51438",
        "coordinates": {
          "lat": 15.832722,
          "lng": -148.237795
        },
        "country": "United States"
      },
      "macAddress": "89:50:ac:7e:d0:b6",
      "university": "Cornell University",
      "bank": {
        "cardExpire": "01/28",
        "cardNumber": "8091040778935991",
        "cardType": "Interac",
        "currency": "AUD",
        "iban": "ML3NIVGZZ13M8JBKBN3D3SGO"
      },
      "company": {
        "department": "Accounting",
        "name": "Marvin Inc",
        "title": "Quality Assurance Engineer",
        "address": {
          "address": "747 Ninth Street",
          "city": "San Francisco",
          "state": "North Carolina",
          "stateCode": "NC",
          "postalCode": "68238",
          "coordinates": {
            "lat": -53.992111,
            "lng": -32.617357
          },
          "country": "United States"
        }
      },
      "ein": "709-477",
      "ssn": "453-478-272",
      "userAgent": "Mozilla/5.0 (Windows NT 10.0; Win64; x64) AppleWebKit/537.36 (KHTML, like Gecko) Chrome/97.0.4692.99 Safari/537.36",
      "crypto": {
        "coin": "Bitcoin",
        "wallet": "0xb9fc2fe63b2a6c003f1c324c3bfa53259162181a",
        "network": "Ethereum (ERC20)"
      },
      "role": "user"
    },
    {
      "id": 176,
      "firstName": "Aaliyah",
      "lastName": "Martinez",
      "maidenName": "Adams",
      "age": 28,
      "gender": "female",
      "email": "aaliyah.martinez@x.dummyjson.com",
      "phone": "+91 862-924-5336",
      "username": "aaliyaha",
      "password": "aaliyahapass",
      "birthDate": "1996-2-2",
      "image": "https://dummyjson.com/icon/aaliyaha/128",
      "bloodGroup": "B+",
      "height": 177.05,
      "weight": 68.62,
      "eyeColor": "Green",
      "hair": {
        "color": "Blonde",
        "type": "Curly"
      },
      "ip": "164.70.78.194",
      "address": {
        "address": "935 Fifth Street",
        "city": "New York",
        "state": "West Virginia",
        "stateCode": "WV",
        "postalCode": "60165",
        "coordinates": {
          "lat": 2.456241,
          "lng": -122.373016
        },
        "country": "United States"
      },
      "macAddress": "c:a3:46:aa:98:7c",
      "university": "Georgetown University",
      "bank": {
        "cardExpire": "04/27",
        "cardNumber": "2778429500540154",
        "cardType": "Maestro",
        "currency": "SEK",
        "iban": "PKIYNQTV95PDYW7NGR13T8B4"
      },
      "company": {
        "department": "Support",
        "name": "Ankunding, Little and Flatley",
        "title": "Web Developer",
        "address": {
          "address": "624 Adams Street",
          "city": "Jacksonville",
          "state": "Nebraska",
          "stateCode": "NE",
          "postalCode": "72753",
          "coordinates": {
            "lat": 56.509799,
            "lng": -4.674365
          },
          "country": "United States"
        }
      },
      "ein": "286-236",
      "ssn": "195-119-185",
      "userAgent": "Mozilla/5.0 (Windows NT 10.0; Win64; x64) AppleWebKit/537.36 (KHTML, like Gecko) Chrome/96.0.4664.93 Safari/537.36",
      "crypto": {
        "coin": "Bitcoin",
        "wallet": "0xb9fc2fe63b2a6c003f1c324c3bfa53259162181a",
        "network": "Ethereum (ERC20)"
      },
      "role": "user"
    },
    {
      "id": 157,
      "firstName": "Aaron",
      "lastName": "Cook",
      "maidenName": "",
      "age": 27,
      "gender": "male",
      "email": "aaron.cook@x.dummyjson.com",
      "phone": "+81 362-539-6973",
      "username": "aaronc",
      "password": "aaroncpass",
      "birthDate": "1997-1-26",
      "image": "https://dummyjson.com/icon/aaronc/128",
      "bloodGroup": "AB+",
      "height": 165.6,
      "weight": 61.17,
      "eyeColor": "Green",
      "hair": {
        "color": "Blue",
        "type": "Curly"
      },
      "ip": "71.248.65.203",
      "address": {
        "address": "169 First Street",
        "city": "Phoenix",
        "state": "Wyoming",
        "stateCode": "WY",
        "postalCode": "52331",
        "coordinates": {
          "lat": -6.538887,
          "lng": -58.475605
        },
        "country": "United States"
      },
      "macAddress": "9e:3f:8b:b:83:af",
      "university": "University of Pennsylvania",
      "bank": {
        "cardExpire": "04/28",
        "cardNumber": "1831274525877757",
        "cardType": "RuPay International",
        "currency": "INR",
        "iban": "28FP1XLCA6WOX7AI3R0JYSRP"
      },
      "company": {
        "department": "Support",
        "name": "Leffler, Rolfson and Becker",
        "title": "Support Specialist",
        "address": {
          "address": "380 Maple Street",
          "city": "San Antonio",
          "state": "Michigan",
          "stateCode": "MI",
          "postalCode": "44238",
          "coordinates": {
            "lat": -31.851481,
            "lng": -63.253251
          },
          "country": "United States"
        }
      },
      "ein": "862-277",
      "ssn": "270-351-584",
      "userAgent": "Mozilla/5.0 (Windows NT 10.0; Win64; x64) AppleWebKit/537.36 (KHTML, like Gecko) Chrome/95.0.4638.54 Safari/537.36",
      "crypto": {
        "coin": "Bitcoin",
        "wallet": "0xb9fc2fe63b2a6c003f1c324c3bfa53259162181a",
        "network": "Ethereum (ERC20)"
      },
      "role": "user"
    },
    {
      "id": 19,
      "firstName": "Abigail",
      "lastName": "Rivera",
      "maidenName": "",
      "age": 28,
      "gender": "female",
      "email": "abigail.rivera@x.dummyjson.com",
      "phone": "+91 228-363-7806",
      "username": "abigailr",
      "password": "abigailrpass",
      "birthDate": "1996-10-11",
      "image": "https://dummyjson.com/icon/abigailr/128",
      "bloodGroup": "B+",
      "height": 186.39,
      "weight": 74.61,
      "eyeColor": "Violet",
      "hair": {
        "color": "Blue",
        "type": "Kinky"
      },
      "ip": "19.183.240.94",
      "address": {
        "address": "996 Oak Street",
        "city": "Chicago",
        "state": "New Mexico",
        "stateCode": "NM",
        "postalCode": "11407",
        "coordinates": {
          "lat": 44.321308,
          "lng": -3.723903
        },
        "country": "United States"
      },
      "macAddress": "1d:a6:58:2a:e5:e4",
      "university": "California Institute of Technology (Caltech)",
      "bank": {
        "cardExpire": "02/28",
        "cardNumber": "4832361886407551",
        "cardType": "RuPay",
        "currency": "BRL",
        "iban": "O02LHDNNFCVSM6D4H81DIQHE"
      },
      "company": {
        "department": "Human Resources",
        "name": "Prohaska - Thiel",
        "title": "Business Analyst",
        "address": {
          "address": "1402 Adams Street",
          "city": "Austin",
          "state": "Wisconsin",
          "stateCode": "WI",
          "postalCode": "51456",
          "coordinates": {
            "lat": 25.672938,
            "lng": -76.54967
          },
          "country": "United States"
        }
      },
      "ein": "173-637",
      "ssn": "655-823-929",
      "userAgent": "Mozilla/5.0 (Windows NT 10.0; Win64; x64) AppleWebKit/537.36 (KHTML, like Gecko) Edge/97.0.1072.76 Safari/537.36",
      "crypto": {
        "coin": "Bitcoin",
        "wallet": "0xb9fc2fe63b2a6c003f1c324c3bfa53259162181a",
        "network": "Ethereum (ERC20)"
      },
      "role": "user"
    },
    {
      "id": 30,
      "firstName": "Addison",
      "lastName": "Wright",
      "maidenName": "",
      "age": 32,
      "gender": "female",
      "email": "addison.wright@x.dummyjson.com",
      "phone": "+1 514-384-3300",
      "username": "addisonw",
      "password": "addisonwpass",
      "birthDate": "1992-1-3",
      "image": "https://dummyjson.com/icon/addisonw/128",
      "bloodGroup": "B+",
      "height": 179.32,
      "weight": 76.93,
      "eyeColor": "Brown",
      "hair": {
        "color": "Blonde",
        "type": "Straight"
      },
      "ip": "11.35.69.81",
      "address": {
        "address": "568 Tenth Street",
        "city": "San Francisco",
        "state": "Montana",
        "stateCode": "MT",
        "postalCode": "54698",
        "coordinates": {
          "lat": 20.946052,
          "lng": 100.228822
        },
        "country": "United States"
      },
      "macAddress": "fb:0:94:21:16:c",
      "university": "Syracuse University",
      "bank": {
        "cardExpire": "05/28",
        "cardNumber": "3756638438861539",
        "cardType": "Carte Bancaire",
        "currency": "JPY",
        "iban": "OOPQTNZ74OLPKVT7TGB89UQL"
      },
      "company": {
        "department": "Services",
        "name": "Kreiger Inc",
        "title": "Human Resources Manager",
        "address": {
          "address": "1173 Eighth Street",
          "city": "San Diego",
          "state": "Michigan",
          "stateCode": "MI",
          "postalCode": "85777",
          "coordinates": {
            "lat": 65.324413,
            "lng": 87.142893
          },
          "country": "United States"
        }
      },
      "ein": "415-286",
      "ssn": "804-492-390",
      "userAgent": "Mozilla/5.0 (Macintosh; Intel Mac OS X 10_15_7) AppleWebKit/537.36 (KHTML, like Gecko) Chrome/96.0.4664.93 Safari/537.36",
      "crypto": {
        "coin": "Bitcoin",
        "wallet": "0xb9fc2fe63b2a6c003f1c324c3bfa53259162181a",
        "network": "Ethereum (ERC20)"
      },
      "role": "user"
    },
    {
      "id": 164,
      "firstName": "Addison",
      "lastName": "Ward",
      "maidenName": "Foster",
      "age": 29,
      "gender": "female",
      "email": "addison.ward@x.dummyjson.com",
      "phone": "+1 248-875-1802",
      "username": "addisonf",
      "password": "addisonfpass",
      "birthDate": "1995-8-23",
      "image": "https://dummyjson.com/icon/addisonf/128",
      "bloodGroup": "B-",
      "height": 160.22,
      "weight": 75.72,
      "eyeColor": "Amber",
      "hair": {
        "color": "Green",
        "type": "Wavy"
      },
      "ip": "74.79.100.79",
      "address": {
        "address": "1320 Fifth Street",
        "city": "San Francisco",
        "state": "South Carolina",
        "stateCode": "SC",
        "postalCode": "20149",
        "coordinates": {
          "lat": -39.289112,
          "lng": 46.108923
        },
        "country": "United States"
      },
      "macAddress": "e2:a5:4:ce:d7:60",
      "university": "University of Illinois--Urbana-Champaign",
      "bank": {
        "cardExpire": "03/28",
        "cardNumber": "2750280981054387",
        "cardType": "Maestro",
        "currency": "AUD",
        "iban": "TSNMPTJ4CF387N0D24Q9NCLW"
      },
      "company": {
        "department": "Human Resources",
        "name": "Kshlerin, Mitchell and Wilderman",
        "title": "Product Manager",
        "address": {
          "address": "1388 Tenth Street",
          "city": "Charlotte",
          "state": "New York",
          "stateCode": "NY",
          "postalCode": "63709",
          "coordinates": {
            "lat": -5.900293,
            "lng": -10.987888
          },
          "country": "United States"
        }
      },
      "ein": "104-679",
      "ssn": "801-271-313",
      "userAgent": "Mozilla/5.0 (Macintosh; Intel Mac OS X 10_15_7) AppleWebKit/537.36 (KHTML, like Gecko) Chrome/95.0.4638.69 Safari/537.36",
      "crypto": {
        "coin": "Bitcoin",
        "wallet": "0xb9fc2fe63b2a6c003f1c324c3bfa53259162181a",
        "network": "Ethereum (ERC20)"
      },
      "role": "user"
    },
    {
      "id": 200,
      "firstName": "Adrian",
      "lastName": "Flores",
      "maidenName": "",
      "age": 43,
      "gender": "male",
      "email": "adrian.flores@x.dummyjson.com",
      "phone": "+61 524-858-7351",
      "username": "adrianf",
      "password": "adrianfpass",
      "birthDate": "1981-5-1",
      "image": "https://dummyjson.com/icon/adrianf/128",
      "bloodGroup": "O+",
      "height": 183.05,
      "weight": 97.74,
      "eyeColor": "Green",
      "hair": {
        "color": "Purple",
        "type": "Wavy"
      },
      "ip": "86.244.141.158",
      "address": {
        "address": "1395 Madison Street",
        "city": "New York",
        "state": "Delaware",
        "stateCode": "DE",
        "postalCode": "60163",
        "coordinates": {
          "lat": 48.779884,
          "lng": -84.200415
        },
        "country": "United States"
      },
      "macAddress": "e1:22:78:3f:9b:8c",
      "university": "Stanford University",
      "bank": {
        "cardExpire": "02/25",
        "cardNumber": "4644560059607863",
        "cardType": "JCB",
        "currency": "NZD",
        "iban": "VWPQA9YRPMK0NC17VAHL8QLH"
      },
      "company": {
        "department": "Legal",
        "name": "Rippin Inc",
        "title": "Technical Support Engineer",
        "address": {
          "address": "279 Madison Street",
          "city": "San Antonio",
          "state": "Louisiana",
          "stateCode": "LA",
          "postalCode": "25808",
          "coordinates": {
            "lat": 32.513584,
            "lng": -145.587193
          },
          "country": "United States"
        }
      },
      "ein": "965-469",
      "ssn": "272-696-785",
      "userAgent": "Mozilla/5.0 (Macintosh; Intel Mac OS X 10_15_7) AppleWebKit/537.36 (KHTML, like Gecko) Chrome/96.0.4664.93 Safari/537.36",
      "crypto": {
        "coin": "Bitcoin",
        "wallet": "0xb9fc2fe63b2a6c003f1c324c3bfa53259162181a",
        "network": "Ethereum (ERC20)"
      },
      "role": "user"
    },
    {
      "id": 7,
      "firstName": "Alexander",
      "lastName": "Jones",
      "maidenName": "",
      "age": 38,
      "gender": "male",
      "email": "alexander.jones@x.dummyjson.com",
      "phone": "+61 260-824-4986",
      "username": "alexanderj",
      "password": "alexanderjpass",
      "birthDate": "1986-10-20",
      "image": "https://dummyjson.com/icon/alexanderj/128",
      "bloodGroup": "AB-",
      "height": 153.89,
      "weight": 77.42,
      "eyeColor": "Blue",
      "hair": {
        "color": "White",
        "type": "Straight"
      },
      "ip": "166.204.84.32",
      "address": {
        "address": "664 Maple Street",
        "city": "Indianapolis",
        "state": "Delaware",
        "stateCode": "DE",
        "postalCode": "86684",
        "coordinates": {
          "lat": 35.289664,
          "lng": 7.063255
        },
        "country": "United States"
      },
      "macAddress": "d2:64:58:2d:1c:46",
      "university": "University of Illinois--Urbana-Champaign",
      "bank": {
        "cardExpire": "05/25",
        "cardNumber": "7344951706130140",
        "cardType": "JCB",
        "currency": "EUR",
        "iban": "49V4GVDVMP0MHIDD4VXMQ3A2"
      },
      "company": {
        "department": "Engineering",
        "name": "Dickens - Beahan",
        "title": "Web Developer",
        "address": {
          "address": "996 Eighth Street",
          "city": "Washington",
          "state": "Kansas",
          "stateCode": "KS",
          "postalCode": "27858",
          "coordinates": {
            "lat": -75.462366,
            "lng": -128.025697
          },
          "country": "United States"
        }
      },
      "ein": "638-127",
      "ssn": "722-993-925",
      "userAgent": "Mozilla/5.0 (Macintosh; Intel Mac OS X 10_15_7) AppleWebKit/537.36 (KHTML, like Gecko) Chrome/95.0.4638.69 Safari/537.36",
      "crypto": {
        "coin": "Bitcoin",
        "wallet": "0xb9fc2fe63b2a6c003f1c324c3bfa53259162181a",
        "network": "Ethereum (ERC20)"
      },
      "role": "moderator"
    },
    {
      "id": 112,
      "firstName": "Alexander",
      "lastName": "Hernandez",
      "maidenName": "",
      "age": 41,
      "gender": "male",
      "email": "alexander.hernandez@x.dummyjson.com",
      "phone": "+49 410-245-8608",
      "username": "alexanderh",
      "password": "alexanderhpass",
      "birthDate": "1983-7-4",
      "image": "https://dummyjson.com/icon/alexanderh/128",
      "bloodGroup": "B-",
      "height": 172.2,
      "weight": 82.3,
      "eyeColor": "Blue",
      "hair": {
        "color": "Brown",
        "type": "Kinky"
      },
      "ip": "145.104.53.16",
      "address": {
        "address": "329 Second Street",
        "city": "Dallas",
        "state": "Idaho",
        "stateCode": "ID",
        "postalCode": "49314",
        "coordinates": {
          "lat": 14.101714,
          "lng": -148.130379
        },
        "country": "United States"
      },
      "macAddress": "4c:83:2a:82:f:c6",
      "university": "University of Florida",
      "bank": {
        "cardExpire": "02/27",
        "cardNumber": "3843242207440634",
        "cardType": "JCB",
        "currency": "EUR",
        "iban": "7DGPYK166FA9X36Q48OGU2W5"
      },
      "company": {
        "department": "Sales",
        "name": "Gibson LLC",
        "title": "Chief Technology Officer",
        "address": {
          "address": "176 Main Street",
          "city": "Seattle",
          "state": "Pennsylvania",
          "stateCode": "PA",
          "postalCode": "61558",
          "coordinates": {
            "lat": 25.794587,
            "lng": 101.693435
          },
          "country": "United States"
        }
      },
      "ein": "355-181",
      "ssn": "583-406-155",
      "userAgent": "Mozilla/5.0 (Windows NT 10.0; Win64; x64) AppleWebKit/537.36 (KHTML, like Gecko) Chrome/95.0.4638.54 Safari/537.36",
      "crypto": {
        "coin": "Bitcoin",
        "wallet": "0xb9fc2fe63b2a6c003f1c324c3bfa53259162181a",
        "network": "Ethereum (ERC20)"
      },
      "role": "user"
    },
    {
      "id": 101,
      "firstName": "Alice",
      "lastName": "Smith",
      "maidenName": "Johnson",
      "age": 28,
      "gender": "female",
      "email": "alice.smith@x.dummyjson.com",
      "phone": "+61 611-556-8989",
      "username": "alicej",
      "password": "alicejpass",
      "birthDate": "1996-9-8",
      "image": "https://dummyjson.com/icon/alicej/128",
      "bloodGroup": "AB-",
      "height": 171.67,
      "weight": 56.25,
      "eyeColor": "Red",
      "hair": {
        "color": "Black",
        "type": "Straight"
      },
      "ip": "223.157.14.11",
      "address": {
        "address": "1631 Fourth Street",
        "city": "Houston",
        "state": "Arkansas",
        "stateCode": "AR",
        "postalCode": "81896",
        "coordinates": {
          "lat": -16.873954,
          "lng": 118.766256
        },
        "country": "United States"
      },
      "macAddress": "f3:c3:7b:69:2e:ab",
      "university": "Wake Forest University",
      "bank": {
        "cardExpire": "05/26",
        "cardNumber": "2722859346991737",
        "cardType": "JCB",
        "currency": "CAD",
        "iban": "AW6T62K47RLSDZ9YPEVH62LG"
      },
      "company": {
        "department": "Marketing",
        "name": "Jast - Nader",
        "title": "Product Manager",
        "address": {
          "address": "144 Eighth Street",
          "city": "Austin",
          "state": "Delaware",
          "stateCode": "DE",
          "postalCode": "55767",
          "coordinates": {
            "lat": 25.070859,
            "lng": 15.203994
          },
          "country": "United States"
        }
      },
      "ein": "560-590",
      "ssn": "479-900-352",
      "userAgent": "Mozilla/5.0 (Windows NT 10.0; Win64; x64) AppleWebKit/537.36 (KHTML, like Gecko) Chrome/96.0.4664.93 Safari/537.36",
      "crypto": {
        "coin": "Bitcoin",
        "wallet": "0xb9fc2fe63b2a6c003f1c324c3bfa53259162181a",
        "network": "Ethereum (ERC20)"
      },
      "role": "user"
    },
    {
      "id": 117,
      "firstName": "Amelia",
      "lastName": "Perez",
      "maidenName": "Gonzalez",
      "age": 43,
      "gender": "female",
      "email": "amelia.perez@x.dummyjson.com",
      "phone": "+49 751-988-9521",
      "username": "ameliag",
      "password": "ameliagpass",
      "birthDate": "1981-1-29",
      "image": "https://dummyjson.com/icon/ameliag/128",
      "bloodGroup": "B+",
      "height": 186.66,
      "weight": 80.38,
      "eyeColor": "Brown",
      "hair": {
        "color": "Brown",
        "type": "Wavy"
      },
      "ip": "249.222.49.78",
      "address": {
        "address": "25 Elm Street",
        "city": "New York",
        "state": "New Hampshire",
        "stateCode": "NH",
        "postalCode": "88314",
        "coordinates": {
          "lat": -55.895738,
          "lng": -117.829232
        },
        "country": "United States"
      },
      "macAddress": "1:64:41:63:ca:9e",
      "university": "University of Michigan--Ann Arbor",
      "bank": {
        "cardExpire": "05/28",
        "cardNumber": "5739347905804766",
        "cardType": "Visa",
        "currency": "BRL",
        "iban": "V8ZMJUYDG8C4703PJR3MVIGU"
      },
      "company": {
        "department": "Services",
        "name": "Swift - Stamm",
        "title": "Chief Executive Officer",
        "address": {
          "address": "1390 Pine Street",
          "city": "Philadelphia",
          "state": "Maine",
          "stateCode": "ME",
          "postalCode": "21632",
          "coordinates": {
            "lat": -19.615702,
            "lng": 42.511462
          },
          "country": "United States"
        }
      },
      "ein": "836-867",
      "ssn": "769-496-865",
      "userAgent": "Mozilla/5.0 (Macintosh; Intel Mac OS X 10_15_7) AppleWebKit/537.36 (KHTML, like Gecko) Chrome/95.0.4638.69 Safari/537.36",
      "crypto": {
        "coin": "Bitcoin",
        "wallet": "0xb9fc2fe63b2a6c003f1c324c3bfa53259162181a",
        "network": "Ethereum (ERC20)"
      },
      "role": "user"
    },
    {
      "id": 38,
      "firstName": "Aria",
      "lastName": "Roberts",
      "maidenName": "",
      "age": 26,
      "gender": "female",
      "email": "aria.roberts@x.dummyjson.com",
      "phone": "+61 411-514-5320",
      "username": "ariar",
      "password": "ariarpass",
      "birthDate": "1998-3-25",
      "image": "https://dummyjson.com/icon/ariar/128",
      "bloodGroup": "A-",
      "height": 199.62,
      "weight": 88.96,
      "eyeColor": "Gray",
      "hair": {
        "color": "Blue",
        "type": "Curly"
      },
      "ip": "208.86.10.37",
      "address": {
        "address": "560 Fifth Street",
        "city": "Seattle",
        "state": "Rhode Island",
        "stateCode": "RI",
        "postalCode": "70664",
        "coordinates": {
          "lat": 36.157244,
          "lng": -29.219594
        },
        "country": "United States"
      },
      "macAddress": "7d:16:14:f8:d5:4",
      "university": "Princeton University",
      "bank": {
        "cardExpire": "01/27",
        "cardNumber": "6700474320260358",
        "cardType": "RuPay",
        "currency": "TRY",
        "iban": "7I9GEGMXL9VGE6G8R8LIU56R"
      },
      "company": {
        "department": "Legal",
        "name": "Sanford and Sons",
        "title": "Database Administrator",
        "address": {
          "address": "69 Ninth Street",
          "city": "Chicago",
          "state": "Ohio",
          "stateCode": "OH",
          "postalCode": "77252",
          "coordinates": {
            "lat": -1.902962,
            "lng": 15.129767
          },
          "country": "United States"
        }
      },
      "ein": "329-619",
      "ssn": "631-656-511",
      "userAgent": "Mozilla/5.0 (Macintosh; Intel Mac OS X 10_15_7) AppleWebKit/537.36 (KHTML, like Gecko) Chrome/95.0.4638.54 Safari/537.36",
      "crypto": {
        "coin": "Bitcoin",
        "wallet": "0xb9fc2fe63b2a6c003f1c324c3bfa53259162181a",
        "network": "Ethereum (ERC20)"
      },
      "role": "user"
    },
    {
      "id": 66,
      "firstName": "Aria",
      "lastName": "Ferguson",
      "maidenName": "",
      "age": 27,
      "gender": "female",
      "email": "aria.ferguson@x.dummyjson.com",
      "phone": "+44 434-406-8551",
      "username": "ariaf",
      "password": "ariafpass",
      "birthDate": "1997-6-1",
      "image": "https://dummyjson.com/icon/ariaf/128",
      "bloodGroup": "B+",
      "height": 161.81,
      "weight": 97.12,
      "eyeColor": "Blue",
      "hair": {
        "color": "Blue",
        "type": "Wavy"
      },
      "ip": "180.24.111.167",
      "address": {
        "address": "1553 Sixth Street",
        "city": "San Diego",
        "state": "Wyoming",
        "stateCode": "WY",
        "postalCode": "59501",
        "coordinates": {
          "lat": -66.092723,
          "lng": 169.9952
        },
        "country": "United States"
      },
      "macAddress": "e2:71:6d:81:6:db",
      "university": "Cornell University",
      "bank": {
        "cardExpire": "03/25",
        "cardNumber": "4568070192850216",
        "cardType": "Interac",
        "currency": "SEK",
        "iban": "20BFMAMR1QLK8086JZ2WYRJ1"
      },
      "company": {
        "department": "Legal",
        "name": "Wisozk, Schamberger and Huels",
        "title": "Project Manager",
        "address": {
          "address": "807 Eighth Street",
          "city": "Phoenix",
          "state": "New Jersey",
          "stateCode": "NJ",
          "postalCode": "75765",
          "coordinates": {
            "lat": 46.824227,
            "lng": -51.392185
          },
          "country": "United States"
        }
      },
      "ein": "952-671",
      "ssn": "705-592-753",
      "userAgent": "Mozilla/5.0 (Windows NT 10.0; Win64; x64) AppleWebKit/537.36 (KHTML, like Gecko) Chrome/96.0.4664.93 Safari/537.36",
      "crypto": {
        "coin": "Bitcoin",
        "wallet": "0xb9fc2fe63b2a6c003f1c324c3bfa53259162181a",
        "network": "Ethereum (ERC20)"
      },
      "role": "user"
    },
    {
      "id": 142,
      "firstName": "Aria",
      "lastName": "Parker",
      "maidenName": "Miller",
      "age": 27,
      "gender": "female",
      "email": "aria.parker@x.dummyjson.com",
      "phone": "+91 762-847-6884",
      "username": "ariam",
      "password": "ariampass",
      "birthDate": "1997-7-6",
      "image": "https://dummyjson.com/icon/ariam/128",
      "bloodGroup": "AB-",
      "height": 164.79,
      "weight": 92.15,
      "eyeColor": "Blue",
      "hair": {
        "color": "Green",
        "type": "Curly"
      },
      "ip": "112.164.28.147",
      "address": {
        "address": "1504 Tenth Street",
        "city": "Phoenix",
        "state": "Alabama",
        "stateCode": "AL",
        "postalCode": "16573",
        "coordinates": {
          "lat": 56.943768,
          "lng": 41.212736
        },
        "country": "United States"
      },
      "macAddress": "c1:1:6a:d:86:c4",
      "university": "Stanford University",
      "bank": {
        "cardExpire": "03/26",
        "cardNumber": "1425750681868097",
        "cardType": "Mir",
        "currency": "USD",
        "iban": "TFWSMANG7LMWNZ5DUX5AP0JC"
      },
      "company": {
        "department": "Human Resources",
        "name": "Oberbrunner, Mosciski and Witting",
        "title": "Software Architect",
        "address": {
          "address": "1103 Maple Street",
          "city": "Los Angeles",
          "state": "Kentucky",
          "stateCode": "KY",
          "postalCode": "37560",
          "coordinates": {
            "lat": -5.555558,
            "lng": -6.162671
          },
          "country": "United States"
        }
      },
      "ein": "385-819",
      "ssn": "889-374-959",
      "userAgent": "Mozilla/5.0 (Windows NT 10.0; Win64; x64) AppleWebKit/537.36 (KHTML, like Gecko) Chrome/96.0.4664.45 Safari/537.36",
      "crypto": {
        "coin": "Bitcoin",
        "wallet": "0xb9fc2fe63b2a6c003f1c324c3bfa53259162181a",
        "network": "Ethereum (ERC20)"
      },
      "role": "user"
    },
    {
      "id": 188,
      "firstName": "Aria",
      "lastName": "Flores",
      "maidenName": "Martin",
      "age": 25,
      "gender": "female",
      "email": "aria.flores@x.dummyjson.com",
      "phone": "+61 415-771-8232",
      "username": "ariamx",
      "password": "ariamxpass",
      "birthDate": "1999-11-8",
      "image": "https://dummyjson.com/icon/ariamx/128",
      "bloodGroup": "O-",
      "height": 160.06,
      "weight": 92.02,
      "eyeColor": "Amber",
      "hair": {
        "color": "Brown",
        "type": "Wavy"
      },
      "ip": "86.67.36.191",
      "address": {
        "address": "492 Pine Street",
        "city": "Indianapolis",
        "state": "Tennessee",
        "stateCode": "TN",
        "postalCode": "71284",
        "coordinates": {
          "lat": -88.3996,
          "lng": 22.908268
        },
        "country": "United States"
      },
      "macAddress": "9d:d1:19:e7:45:26",
      "university": "Columbia University",
      "bank": {
        "cardExpire": "01/29",
        "cardNumber": "0409564202862832",
        "cardType": "NPS",
        "currency": "BRL",
        "iban": "K1ZPQHHPOXBMG44M386NWTTN"
      },
      "company": {
        "department": "Sales",
        "name": "Gibson LLC",
        "title": "Sales Manager",
        "address": {
          "address": "1728 Sixth Street",
          "city": "Fort Worth",
          "state": "Nebraska",
          "stateCode": "NE",
          "postalCode": "74809",
          "coordinates": {
            "lat": 51.558679,
            "lng": -85.819219
          },
          "country": "United States"
        }
      },
      "ein": "784-961",
      "ssn": "132-677-684",
      "userAgent": "Mozilla/5.0 (Macintosh; Intel Mac OS X 10_15_7) AppleWebKit/537.36 (KHTML, like Gecko) Chrome/96.0.4664.45 Safari/537.36",
      "crypto": {
        "coin": "Bitcoin",
        "wallet": "0xb9fc2fe63b2a6c003f1c324c3bfa53259162181a",
        "network": "Ethereum (ERC20)"
      },
      "role": "user"
    },
    {
      "id": 172,
      "firstName": "Ariana",
      "lastName": "Ross",
      "maidenName": "Ward",
      "age": 36,
      "gender": "female",
      "email": "ariana.ross@x.dummyjson.com",
      "phone": "+61 393-553-7155",
      "username": "arianaw",
      "password": "arianawpass",
      "birthDate": "1988-9-26",
      "image": "https://dummyjson.com/icon/arianaw/128",
      "bloodGroup": "O-",
      "height": 164.81,
      "weight": 50.3,
      "eyeColor": "Red",
      "hair": {
        "color": "White",
        "type": "Kinky"
      },
      "ip": "47.190.165.179",
      "address": {
        "address": "911 First Street",
        "city": "Chicago",
        "state": "West Virginia",
        "stateCode": "WV",
        "postalCode": "59220",
        "coordinates": {
          "lat": -39.772203,
          "lng": -90.030002
        },
        "country": "United States"
      },
      "macAddress": "e5:32:fa:4f:da:f3",
      "university": "University of Virginia",
      "bank": {
        "cardExpire": "04/26",
        "cardNumber": "5174779352968109",
        "cardType": "Visa",
        "currency": "CNY",
        "iban": "7SVXPFANOSDLQU4M43RVRQ45"
      },
      "company": {
        "department": "Accounting",
        "name": "Stiedemann LLC",
        "title": "Engineer",
        "address": {
          "address": "429 Madison Street",
          "city": "Denver",
          "state": "New Mexico",
          "stateCode": "NM",
          "postalCode": "86999",
          "coordinates": {
            "lat": 33.005004,
            "lng": 125.026624
          },
          "country": "United States"
        }
      },
      "ein": "873-983",
      "ssn": "479-571-715",
      "userAgent": "Mozilla/5.0 (Windows NT 10.0; Win64; x64) AppleWebKit/537.36 (KHTML, like Gecko) Chrome/96.0.4664.93 Safari/537.36",
      "crypto": {
        "coin": "Bitcoin",
        "wallet": "0xb9fc2fe63b2a6c003f1c324c3bfa53259162181a",
        "network": "Ethereum (ERC20)"
      },
      "role": "user"
    },
    {
      "id": 173,
      "firstName": "Asher",
      "lastName": "Scott",
      "maidenName": "",
      "age": 30,
      "gender": "male",
      "email": "asher.scott@x.dummyjson.com",
      "phone": "+81 469-421-7639",
      "username": "ashers",
      "password": "asherspass",
      "birthDate": "1994-8-18",
      "image": "https://dummyjson.com/icon/ashers/128",
      "bloodGroup": "O+",
      "height": 169.56,
      "weight": 54.08,
      "eyeColor": "Blue",
      "hair": {
        "color": "Blue",
        "type": "Curly"
      },
      "ip": "150.136.12.36",
      "address": {
        "address": "666 Main Street",
        "city": "Dallas",
        "state": "Vermont",
        "stateCode": "VT",
        "postalCode": "82460",
        "coordinates": {
          "lat": -80.129031,
          "lng": -63.515107
        },
        "country": "United States"
      },
      "macAddress": "7f:1d:2a:a2:c0:29",
      "university": "Columbia University",
      "bank": {
        "cardExpire": "05/25",
        "cardNumber": "3646724579262062",
        "cardType": "Maestro",
        "currency": "AUD",
        "iban": "AE993O774OIH1BTCM9OBFB5V"
      },
      "company": {
        "department": "Human Resources",
        "name": "Ullrich LLC",
        "title": "Sales Manager",
        "address": {
          "address": "1640 Oak Street",
          "city": "Washington",
          "state": "Oklahoma",
          "stateCode": "OK",
          "postalCode": "29026",
          "coordinates": {
            "lat": -29.790789,
            "lng": -43.572763
          },
          "country": "United States"
        }
      },
      "ein": "172-363",
      "ssn": "744-472-971",
      "userAgent": "Mozilla/5.0 (Macintosh; Intel Mac OS X 10_15_7) AppleWebKit/605.1.15 (KHTML, like Gecko) Version/15.3 Safari/605.1.15",
      "crypto": {
        "coin": "Bitcoin",
        "wallet": "0xb9fc2fe63b2a6c003f1c324c3bfa53259162181a",
        "network": "Ethereum (ERC20)"
      },
      "role": "user"
    },
    {
      "id": 88,
      "firstName": "Aubrey",
      "lastName": "Wagner",
      "maidenName": "",
      "age": 30,
      "gender": "female",
      "email": "aubrey.wagner@x.dummyjson.com",
      "phone": "+81 285-568-5834",
      "username": "aubreyw",
      "password": "aubreywpass",
      "birthDate": "1994-4-1",
      "image": "https://dummyjson.com/icon/aubreyw/128",
      "bloodGroup": "B+",
      "height": 168.73,
      "weight": 79.86,
      "eyeColor": "Red",
      "hair": {
        "color": "Blonde",
        "type": "Wavy"
      },
      "ip": "203.204.53.60",
      "address": {
        "address": "1147 Adams Street",
        "city": "Phoenix",
        "state": "North Carolina",
        "stateCode": "NC",
        "postalCode": "72711",
        "coordinates": {
          "lat": -55.796433,
          "lng": -163.621876
        },
        "country": "United States"
      },
      "macAddress": "5a:18:55:d7:84:b9",
      "university": "Vanderbilt University",
      "bank": {
        "cardExpire": "01/27",
        "cardNumber": "9134131973853862",
        "cardType": "Visa",
        "currency": "NZD",
        "iban": "P68Q4LYV0IU2J3OSBBQSYQQQ"
      },
      "company": {
        "department": "Sales",
        "name": "Cassin Group",
        "title": "Engineer",
        "address": {
          "address": "1580 Tenth Street",
          "city": "San Jose",
          "state": "New Jersey",
          "stateCode": "NJ",
          "postalCode": "33398",
          "coordinates": {
            "lat": 35.508597,
            "lng": 12.058887
          },
          "country": "United States"
        }
      },
      "ein": "990-866",
      "ssn": "678-854-911",
      "userAgent": "Mozilla/5.0 (Windows NT 10.0; Win64; x64) AppleWebKit/537.36 (KHTML, like Gecko) Chrome/96.0.4664.110 Safari/537.36",
      "crypto": {
        "coin": "Bitcoin",
        "wallet": "0xb9fc2fe63b2a6c003f1c324c3bfa53259162181a",
        "network": "Ethereum (ERC20)"
      },
      "role": "user"
    },
    {
      "id": 158,
      "firstName": "Aubrey",
      "lastName": "Gutierrez",
      "maidenName": "Baker",
      "age": 36,
      "gender": "female",
      "email": "aubrey.gutierrez@x.dummyjson.com",
      "phone": "+92 881-268-9845",
      "username": "aubreyb",
      "password": "aubreybpass",
      "birthDate": "1988-2-19",
      "image": "https://dummyjson.com/icon/aubreyb/128",
      "bloodGroup": "AB-",
      "height": 186.45,
      "weight": 69.83,
      "eyeColor": "Brown",
      "hair": {
        "color": "Black",
        "type": "Wavy"
      },
      "ip": "19.183.244.21",
      "address": {
        "address": "1207 Oak Street",
        "city": "Philadelphia",
        "state": "Connecticut",
        "stateCode": "CT",
        "postalCode": "78892",
        "coordinates": {
          "lat": -3.033666,
          "lng": -35.006014
        },
        "country": "United States"
      },
      "macAddress": "41:7:7b:23:29:e9",
      "university": "University of Illinois--Urbana-Champaign",
      "bank": {
        "cardExpire": "01/28",
        "cardNumber": "3086621278059815",
        "cardType": "Maestro",
        "currency": "PKR",
        "iban": "XZ8S6VLOKPQBCL067YKYRSN7"
      },
      "company": {
        "department": "Human Resources",
        "name": "Kreiger and Sons",
        "title": "Developer",
        "address": {
          "address": "1549 Second Street",
          "city": "Columbus",
          "state": "Arkansas",
          "stateCode": "AR",
          "postalCode": "62481",
          "coordinates": {
            "lat": 85.690418,
            "lng": -48.156251
          },
          "country": "United States"
        }
      },
      "ein": "821-613",
      "ssn": "642-178-241",
      "userAgent": "Mozilla/5.0 (Macintosh; Intel Mac OS X 10_15_7) AppleWebKit/537.36 (KHTML, like Gecko) Chrome/97.0.4692.99 Safari/537.36",
      "crypto": {
        "coin": "Bitcoin",
        "wallet": "0xb9fc2fe63b2a6c003f1c324c3bfa53259162181a",
        "network": "Ethereum (ERC20)"
      },
      "role": "user"
    },
    {
      "id": 205,
      "firstName": "Aubrey",
      "lastName": "Garcia",
      "maidenName": "Gray",
      "age": 28,
      "gender": "female",
      "email": "aubrey.garcia@x.dummyjson.com",
      "phone": "+1 470-576-9130",
      "username": "aubreyg",
      "password": "aubreygpass",
      "birthDate": "1996-11-5",
      "image": "https://dummyjson.com/icon/aubreyg/128",
      "bloodGroup": "AB+",
      "height": 192.28,
      "weight": 85.89,
      "eyeColor": "Brown",
      "hair": {
        "color": "Red",
        "type": "Curly"
      },
      "ip": "0.163.108.147",
      "address": {
        "address": "1221 Washington Street",
        "city": "Los Angeles",
        "state": "South Carolina",
        "stateCode": "SC",
        "postalCode": "78498",
        "coordinates": {
          "lat": 80.449539,
          "lng": -142.231527
        },
        "country": "United States"
      },
      "macAddress": "fb:ae:f9:15:24:90",
      "university": "Pepperdine University",
      "bank": {
        "cardExpire": "01/29",
        "cardNumber": "2464486584329128",
        "cardType": "RuPay",
        "currency": "BRL",
        "iban": "RUZOEQNPEYQ110WTGXTBMUA6"
      },
      "company": {
        "department": "Legal",
        "name": "Moore Inc",
        "title": "Web Developer",
        "address": {
          "address": "240 Third Street",
          "city": "San Francisco",
          "state": "Minnesota",
          "stateCode": "MN",
          "postalCode": "58649",
          "coordinates": {
            "lat": 3.609112,
            "lng": -35.397672
          },
          "country": "United States"
        }
      },
      "ein": "428-615",
      "ssn": "344-154-808",
      "userAgent": "Mozilla/5.0 (Macintosh; Intel Mac OS X 10_15_7) AppleWebKit/537.36 (KHTML, like Gecko) Chrome/97.0.4692.99 Safari/537.36",
      "crypto": {
        "coin": "Bitcoin",
        "wallet": "0xb9fc2fe63b2a6c003f1c324c3bfa53259162181a",
        "network": "Ethereum (ERC20)"
      },
      "role": "user"
    },
    {
      "id": 96,
      "firstName": "Aurora",
      "lastName": "Lawson",
      "maidenName": "",
      "age": 26,
      "gender": "female",
      "email": "aurora.lawson@x.dummyjson.com",
      "phone": "+92 802-452-4192",
      "username": "auroral",
      "password": "auroralpass",
      "birthDate": "1998-6-16",
      "image": "https://dummyjson.com/icon/auroral/128",
      "bloodGroup": "O+",
      "height": 174.28,
      "weight": 88.18,
      "eyeColor": "Violet",
      "hair": {
        "color": "Green",
        "type": "Wavy"
      },
      "ip": "161.244.58.227",
      "address": {
        "address": "1140 Adams Street",
        "city": "Dallas",
        "state": "Minnesota",
        "stateCode": "MN",
        "postalCode": "29004",
        "coordinates": {
          "lat": 83.417744,
          "lng": -7.933044
        },
        "country": "United States"
      },
      "macAddress": "34:95:bd:59:f4:39",
      "university": "Boston University",
      "bank": {
        "cardExpire": "01/29",
        "cardNumber": "9694556473609201",
        "cardType": "BC Card",
        "currency": "GBP",
        "iban": "UMG0AGFGNEZAY6DC45KS9ENB"
      },
      "company": {
        "department": "Product Management",
        "name": "Hudson - Marquardt",
        "title": "Chief Information Officer",
        "address": {
          "address": "164 Fifth Street",
          "city": "Indianapolis",
          "state": "New York",
          "stateCode": "NY",
          "postalCode": "27958",
          "coordinates": {
            "lat": 89.270633,
            "lng": -72.618747
          },
          "country": "United States"
        }
      },
      "ein": "477-337",
      "ssn": "191-532-292",
      "userAgent": "Mozilla/5.0 (Windows NT 10.0; Win64; x64; rv:97.0) Gecko/20100101 Firefox/97.0",
      "crypto": {
        "coin": "Bitcoin",
        "wallet": "0xb9fc2fe63b2a6c003f1c324c3bfa53259162181a",
        "network": "Ethereum (ERC20)"
      },
      "role": "user"
    },
    {
      "id": 148,
      "firstName": "Aurora",
      "lastName": "Barnes",
      "maidenName": "Gomez",
      "age": 29,
      "gender": "female",
      "email": "aurora.barnes@x.dummyjson.com",
      "phone": "+91 403-842-9683",
      "username": "aurorag",
      "password": "auroragpass",
      "birthDate": "1995-12-15",
      "image": "https://dummyjson.com/icon/aurorag/128",
      "bloodGroup": "B+",
      "height": 185.79,
      "weight": 53.66,
      "eyeColor": "Green",
      "hair": {
        "color": "Red",
        "type": "Curly"
      },
      "ip": "204.17.198.20",
      "address": {
        "address": "1184 Adams Street",
        "city": "New York",
        "state": "Idaho",
        "stateCode": "ID",
        "postalCode": "19201",
        "coordinates": {
          "lat": -20.67407,
          "lng": 107.281052
        },
        "country": "United States"
      },
      "macAddress": "8c:49:78:e2:70:b2",
      "university": "Georgetown University",
      "bank": {
        "cardExpire": "05/29",
        "cardNumber": "5711570153778161",
        "cardType": "JCB",
        "currency": "EUR",
        "iban": "UJ7Q5UKAUR8FVDURX944IHXN"
      },
      "company": {
        "department": "Sales",
        "name": "Cassin Group",
        "title": "Chief Financial Officer",
        "address": {
          "address": "478 Ninth Street",
          "city": "Phoenix",
          "state": "Connecticut",
          "stateCode": "CT",
          "postalCode": "39433",
          "coordinates": {
            "lat": -19.046529,
            "lng": 48.682257
          },
          "country": "United States"
        }
      },
      "ein": "470-547",
      "ssn": "310-708-861",
      "userAgent": "Mozilla/5.0 (Windows NT 10.0; Win64; x64) AppleWebKit/537.36 (KHTML, like Gecko) Edge/97.0.1072.76 Safari/537.36",
      "crypto": {
        "coin": "Bitcoin",
        "wallet": "0xb9fc2fe63b2a6c003f1c324c3bfa53259162181a",
        "network": "Ethereum (ERC20)"
      },
      "role": "user"
    },
    {
      "id": 180,
      "firstName": "Aurora",
      "lastName": "Rodriguez",
      "maidenName": "Nelson",
      "age": 31,
      "gender": "female",
      "email": "aurora.rodriguez@x.dummyjson.com",
      "phone": "+61 393-225-2755",
      "username": "auroran",
      "password": "auroranpass",
      "birthDate": "1993-11-23",
      "image": "https://dummyjson.com/icon/auroran/128",
      "bloodGroup": "AB+",
      "height": 164.92,
      "weight": 65.48,
      "eyeColor": "Brown",
      "hair": {
        "color": "Black",
        "type": "Kinky"
      },
      "ip": "127.15.107.0",
      "address": {
        "address": "1388 Madison Street",
        "city": "Chicago",
        "state": "Missouri",
        "stateCode": "MO",
        "postalCode": "60765",
        "coordinates": {
          "lat": 11.918088,
          "lng": -78.222936
        },
        "country": "United States"
      },
      "macAddress": "a0:81:60:92:50:e9",
      "university": "University of Virginia",
      "bank": {
        "cardExpire": "04/28",
        "cardNumber": "1017932250628592",
        "cardType": "JCB",
        "currency": "GBP",
        "iban": "AZX7GCSMLOULZE0VZTS35KJT"
      },
      "company": {
        "department": "Research and Development",
        "name": "Runolfsson, Kohler and Welch",
        "title": "Software Engineer",
        "address": {
          "address": "1277 Third Street",
          "city": "Chicago",
          "state": "North Dakota",
          "stateCode": "ND",
          "postalCode": "37621",
          "coordinates": {
            "lat": 35.160252,
            "lng": -141.580146
          },
          "country": "United States"
        }
      },
      "ein": "225-878",
      "ssn": "879-917-944",
      "userAgent": "Mozilla/5.0 (Macintosh; Intel Mac OS X 10_15_7) AppleWebKit/537.36 (KHTML, like Gecko) Chrome/95.0.4638.69 Safari/537.36",
      "crypto": {
        "coin": "Bitcoin",
        "wallet": "0xb9fc2fe63b2a6c003f1c324c3bfa53259162181a",
        "network": "Ethereum (ERC20)"
      },
      "role": "user"
    },
    {
      "id": 81,
      "firstName": "Austin",
      "lastName": "Hudson",
      "maidenName": "",
      "age": 29,
      "gender": "male",
      "email": "austin.hudson@x.dummyjson.com",
      "phone": "+81 405-412-4250",
      "username": "austinh",
      "password": "austinhpass",
      "birthDate": "1995-5-1",
      "image": "https://dummyjson.com/icon/austinh/128",
      "bloodGroup": "A-",
      "height": 189.77,
      "weight": 66.83,
      "eyeColor": "Blue",
      "hair": {
        "color": "Blue",
        "type": "Straight"
      },
      "ip": "147.130.253.116",
      "address": {
        "address": "1468 Eighth Street",
        "city": "Los Angeles",
        "state": "Maryland",
        "stateCode": "MD",
        "postalCode": "64305",
        "coordinates": {
          "lat": -28.392471,
          "lng": -44.144328
        },
        "country": "United States"
      },
      "macAddress": "e:c0:3:62:e2:d0",
      "university": "University of Michigan--Ann Arbor",
      "bank": {
        "cardExpire": "01/26",
        "cardNumber": "5515141157559443",
        "cardType": "RuPay",
        "currency": "BRL",
        "iban": "EKNTM4G13586PSAG2A9L1JLB"
      },
      "company": {
        "department": "Sales",
        "name": "Okuneva Group",
        "title": "Legal Counsel",
        "address": {
          "address": "1323 Adams Street",
          "city": "Jacksonville",
          "state": "Mississippi",
          "stateCode": "MS",
          "postalCode": "18643",
          "coordinates": {
            "lat": -47.033335,
            "lng": -68.205081
          },
          "country": "United States"
        }
      },
      "ein": "536-921",
      "ssn": "731-202-997",
      "userAgent": "Mozilla/5.0 (Windows NT 10.0; Win64; x64) AppleWebKit/537.36 (KHTML, like Gecko) Chrome/97.0.4692.99 Safari/537.36",
      "crypto": {
        "coin": "Bitcoin",
        "wallet": "0xb9fc2fe63b2a6c003f1c324c3bfa53259162181a",
        "network": "Ethereum (ERC20)"
      },
      "role": "user"
    },
    {
      "id": 92,
      "firstName": "Autumn",
      "lastName": "Gomez",
      "maidenName": "",
      "age": 26,
      "gender": "female",
      "email": "autumn.gomez@x.dummyjson.com",
      "phone": "+1 340-455-2897",
      "username": "autumng",
      "password": "autumngpass",
      "birthDate": "1998-2-1",
      "image": "https://dummyjson.com/icon/autumng/128",
      "bloodGroup": "A-",
      "height": 182.61,
      "weight": 92.77,
      "eyeColor": "Amber",
      "hair": {
        "color": "Purple",
        "type": "Wavy"
      },
      "ip": "104.233.56.225",
      "address": {
        "address": "1585 Washington Street",
        "city": "Dallas",
        "state": "Illinois",
        "stateCode": "IL",
        "postalCode": "53203",
        "coordinates": {
          "lat": 27.443768,
          "lng": -176.861979
        },
        "country": "United States"
      },
      "macAddress": "75:e4:8e:ea:ce:9d",
      "university": "University of Chicago",
      "bank": {
        "cardExpire": "03/27",
        "cardNumber": "7832657139737556",
        "cardType": "American Express",
        "currency": "BRL",
        "iban": "H18JQOGY5KBX53QKVILJIP9O"
      },
      "company": {
        "department": "Product Management",
        "name": "Kuhlman LLC",
        "title": "Business Analyst",
        "address": {
          "address": "1818 Jefferson Street",
          "city": "Philadelphia",
          "state": "New York",
          "stateCode": "NY",
          "postalCode": "69388",
          "coordinates": {
            "lat": -46.202815,
            "lng": 163.840848
          },
          "country": "United States"
        }
      },
      "ein": "411-642",
      "ssn": "165-661-612",
      "userAgent": "Mozilla/5.0 (Macintosh; Intel Mac OS X 10_15_7) AppleWebKit/537.36 (KHTML, like Gecko) Chrome/96.0.4664.45 Safari/537.36",
      "crypto": {
        "coin": "Bitcoin",
        "wallet": "0xb9fc2fe63b2a6c003f1c324c3bfa53259162181a",
        "network": "Ethereum (ERC20)"
      },
      "role": "user"
    },
    {
      "id": 8,
      "firstName": "Ava",
      "lastName": "Taylor",
      "maidenName": "",
      "age": 27,
      "gender": "female",
      "email": "ava.taylor@x.dummyjson.com",
      "phone": "+1 458-853-7877",
      "username": "avat",
      "password": "avatpass",
      "birthDate": "1997-8-25",
      "image": "https://dummyjson.com/icon/avat/128",
      "bloodGroup": "AB-",
      "height": 168.47,
      "weight": 57.08,
      "eyeColor": "Hazel",
      "hair": {
        "color": "Red",
        "type": "Kinky"
      },
      "ip": "150.73.197.233",
      "address": {
        "address": "1197 First Street",
        "city": "Fort Worth",
        "state": "Rhode Island",
        "stateCode": "RI",
        "postalCode": "24771",
        "coordinates": {
          "lat": -81.194833,
          "lng": -87.948158
        },
        "country": "United States"
      },
      "macAddress": "8d:2e:c2:d6:e7:a8",
      "university": "University of Wisconsin--Madison",
      "bank": {
        "cardExpire": "01/29",
        "cardNumber": "6412128967460199",
        "cardType": "Maestro",
        "currency": "CNY",
        "iban": "TS66YQ8R16OX7IJKLUONDQHP"
      },
      "company": {
        "department": "Marketing",
        "name": "Nikolaus Inc",
        "title": "Chief Executive Officer",
        "address": {
          "address": "930 Lincoln Street",
          "city": "Austin",
          "state": "Colorado",
          "stateCode": "CO",
          "postalCode": "47592",
          "coordinates": {
            "lat": 87.970083,
            "lng": -42.769351
          },
          "country": "United States"
        }
      },
      "ein": "297-762",
      "ssn": "257-419-109",
      "userAgent": "Mozilla/5.0 (Windows NT 10.0; Win64; x64) AppleWebKit/537.36 (KHTML, like Gecko) Chrome/96.0.4664.45 Safari/537.36",
      "crypto": {
        "coin": "Bitcoin",
        "wallet": "0xb9fc2fe63b2a6c003f1c324c3bfa53259162181a",
        "network": "Ethereum (ERC20)"
      },
      "role": "moderator"
    },
    {
      "id": 54,
      "firstName": "Ava",
      "lastName": "Harrison",
      "maidenName": "",
      "age": 28,
      "gender": "female",
      "email": "ava.harrison@x.dummyjson.com",
      "phone": "+44 926-778-4653",
      "username": "avah",
      "password": "avahpass",
      "birthDate": "1996-4-22",
      "image": "https://dummyjson.com/icon/avah/128",
      "bloodGroup": "O-",
      "height": 155.72,
      "weight": 93.47,
      "eyeColor": "Hazel",
      "hair": {
        "color": "Brown",
        "type": "Curly"
      },
      "ip": "225.40.138.177",
      "address": {
        "address": "1094 Adams Street",
        "city": "San Antonio",
        "state": "Vermont",
        "stateCode": "VT",
        "postalCode": "14336",
        "coordinates": {
          "lat": -84.032892,
          "lng": -46.255902
        },
        "country": "United States"
      },
      "macAddress": "4e:2b:e4:33:7a:f8",
      "university": "Harvard University",
      "bank": {
        "cardExpire": "02/26",
        "cardNumber": "0450868014964799",
        "cardType": "UnionPay",
        "currency": "CAD",
        "iban": "MAJR8E5TRHGU1G6BTOB7VC0M"
      },
      "company": {
        "department": "Engineering",
        "name": "Blanda - Jacobson",
        "title": "Legal Counsel",
        "address": {
          "address": "1374 Cedar Street",
          "city": "Philadelphia",
          "state": "Delaware",
          "stateCode": "DE",
          "postalCode": "21641",
          "coordinates": {
            "lat": -56.564069,
            "lng": -134.42879
          },
          "country": "United States"
        }
      },
      "ein": "145-780",
      "ssn": "621-536-422",
      "userAgent": "Mozilla/5.0 (Windows NT 10.0; Win64; x64) AppleWebKit/537.36 (KHTML, like Gecko) Chrome/97.0.4692.99 Safari/537.36",
      "crypto": {
        "coin": "Bitcoin",
        "wallet": "0xb9fc2fe63b2a6c003f1c324c3bfa53259162181a",
        "network": "Ethereum (ERC20)"
      },
      "role": "user"
    },
    {
      "id": 121,
      "firstName": "Ava",
      "lastName": "Harris",
      "maidenName": "",
      "age": 29,
      "gender": "female",
      "email": "ava.harris@x.dummyjson.com",
      "phone": "+44 422-227-6412",
      "username": "avahx",
      "password": "avahxpass",
      "birthDate": "1995-8-26",
      "image": "https://dummyjson.com/icon/avahx/128",
      "bloodGroup": "A-",
      "height": 199.36,
      "weight": 63.3,
      "eyeColor": "Blue",
      "hair": {
        "color": "Brown",
        "type": "Wavy"
      },
      "ip": "23.127.175.229",
      "address": {
        "address": "518 Elm Street",
        "city": "San Antonio",
        "state": "Florida",
        "stateCode": "FL",
        "postalCode": "35171",
        "coordinates": {
          "lat": 74.817644,
          "lng": 15.72801
        },
        "country": "United States"
      },
      "macAddress": "4:c3:e9:35:23:2a",
      "university": "University of Florida",
      "bank": {
        "cardExpire": "04/29",
        "cardNumber": "8933423589330803",
        "cardType": "Carte Bancaire",
        "currency": "SEK",
        "iban": "ILPFCYQSHV9VGE8E9JZ6DMGS"
      },
      "company": {
        "department": "Marketing",
        "name": "Lebsack Inc",
        "title": "Engineer",
        "address": {
          "address": "1495 First Street",
          "city": "Columbus",
          "state": "Alaska",
          "stateCode": "AK",
          "postalCode": "64989",
          "coordinates": {
            "lat": 18.943383,
            "lng": -136.717336
          },
          "country": "United States"
        }
      },
      "ein": "715-161",
      "ssn": "906-771-261",
      "userAgent": "Mozilla/5.0 (Windows NT 10.0; Win64; x64) AppleWebKit/537.36 (KHTML, like Gecko) Chrome/96.0.4664.93 Safari/537.36",
      "crypto": {
        "coin": "Bitcoin",
        "wallet": "0xb9fc2fe63b2a6c003f1c324c3bfa53259162181a",
        "network": "Ethereum (ERC20)"
      },
      "role": "user"
    },
    {
      "id": 16,
      "firstName": "Avery",
      "lastName": "Perez",
      "maidenName": "",
      "age": 25,
      "gender": "female",
      "email": "avery.perez@x.dummyjson.com",
      "phone": "+61 731-431-3457",
      "username": "averyp",
      "password": "averyppass",
      "birthDate": "1999-3-10",
      "image": "https://dummyjson.com/icon/averyp/128",
      "bloodGroup": "O-",
      "height": 172.68,
      "weight": 93.9,
      "eyeColor": "Brown",
      "hair": {
        "color": "Green",
        "type": "Curly"
      },
      "ip": "131.217.4.214",
      "address": {
        "address": "1125 First Street",
        "city": "Columbus",
        "state": "Iowa",
        "stateCode": "IA",
        "postalCode": "30973",
        "coordinates": {
          "lat": 12.789127,
          "lng": 85.792598
        },
        "country": "United States"
      },
      "macAddress": "b3:ff:f3:c5:37:46",
      "university": "Harvard University",
      "bank": {
        "cardExpire": "04/27",
        "cardNumber": "0961014686718571",
        "cardType": "Carte Bancaire",
        "currency": "USD",
        "iban": "28JYZAY4KYT48YI8QW40PWXR"
      },
      "company": {
        "department": "Accounting",
        "name": "Herzog Inc",
        "title": "Database Administrator",
        "address": {
          "address": "183 Maple Street",
          "city": "New York",
          "state": "Rhode Island",
          "stateCode": "RI",
          "postalCode": "45238",
          "coordinates": {
            "lat": -53.318189,
            "lng": 105.835271
          },
          "country": "United States"
        }
      },
      "ein": "348-493",
      "ssn": "679-523-686",
      "userAgent": "Mozilla/5.0 (Macintosh; Intel Mac OS X 10_15_7) AppleWebKit/537.36 (KHTML, like Gecko) Chrome/95.0.4638.69 Safari/537.36",
      "crypto": {
        "coin": "Bitcoin",
        "wallet": "0xb9fc2fe63b2a6c003f1c324c3bfa53259162181a",
        "network": "Ethereum (ERC20)"
      },
      "role": "user"
    },
    {
      "id": 42,
      "firstName": "Avery",
      "lastName": "Carter",
      "maidenName": "",
      "age": 28,
      "gender": "female",
      "email": "avery.carter@x.dummyjson.com",
      "phone": "+44 254-655-6112",
      "username": "averyc",
      "password": "averycpass",
      "birthDate": "1996-8-21",
      "image": "https://dummyjson.com/icon/averyc/128",
      "bloodGroup": "B-",
      "height": 179.92,
      "weight": 59.37,
      "eyeColor": "Blue",
      "hair": {
        "color": "Blue",
        "type": "Straight"
      },
      "ip": "187.69.252.251",
      "address": {
        "address": "1999 Seventh Street",
        "city": "San Diego",
        "state": "West Virginia",
        "stateCode": "WV",
        "postalCode": "13916",
        "coordinates": {
          "lat": -59.303292,
          "lng": -87.318538
        },
        "country": "United States"
      },
      "macAddress": "f0:9a:ba:d9:48:d5",
      "university": "Yale University",
      "bank": {
        "cardExpire": "01/29",
        "cardNumber": "5465476274483180",
        "cardType": "Maestro",
        "currency": "EUR",
        "iban": "PMD8YU00ONQZ6N15NUIUA664"
      },
      "company": {
        "department": "Support",
        "name": "Schmidt - Hyatt",
        "title": "Sales Manager",
        "address": {
          "address": "979 Tenth Street",
          "city": "San Jose",
          "state": "New York",
          "stateCode": "NY",
          "postalCode": "59824",
          "coordinates": {
            "lat": -5.788002,
            "lng": 88.846665
          },
          "country": "United States"
        }
      },
      "ein": "854-428",
      "ssn": "902-510-406",
      "userAgent": "Mozilla/5.0 (Macintosh; Intel Mac OS X 10_15_7) AppleWebKit/537.36 (KHTML, like Gecko) Chrome/95.0.4638.54 Safari/537.36",
      "crypto": {
        "coin": "Bitcoin",
        "wallet": "0xb9fc2fe63b2a6c003f1c324c3bfa53259162181a",
        "network": "Ethereum (ERC20)"
      },
      "role": "user"
    }
  ],
  "total": 208,
  "skip": 0,
  "limit": 30
}


17:56:13.269 [main] DEBUG com.jayway.jsonpath.internal.path.CompiledPath -- Evaluating path: $['users'][0]['firstName']
17:56:13.270 [main] INFO com.intuit.karate -- [print] {
  "users": [
    {
      "id": 84,
      "firstName": "Aaliyah",
      "lastName": "Hanson",
      "maidenName": "",
      "age": 28,
      "gender": "female",
      "email": "aaliyah.hanson@x.dummyjson.com",
      "phone": "+1 275-501-1119",
      "username": "aaliyahh",
      "password": "aaliyahhpass",
      "birthDate": "1996-3-20",
      "image": "https://dummyjson.com/icon/aaliyahh/128",
      "bloodGroup": "B+",
      "height": 164.5,
      "weight": 92.03,
      "eyeColor": "Blue",
      "hair": {
        "color": "Gray",
        "type": "Wavy"
      },
      "ip": "51.180.201.49",
      "address": {
        "address": "790 Eighth Street",
        "city": "Philadelphia",
        "state": "North Dakota",
        "stateCode": "ND",
        "postalCode": "51438",
        "coordinates": {
          "lat": 15.832722,
          "lng": -148.237795
        },
        "country": "United States"
      },
      "macAddress": "89:50:ac:7e:d0:b6",
      "university": "Cornell University",
      "bank": {
        "cardExpire": "01/28",
        "cardNumber": "8091040778935991",
        "cardType": "Interac",
        "currency": "AUD",
        "iban": "ML3NIVGZZ13M8JBKBN3D3SGO"
      },
      "company": {
        "department": "Accounting",
        "name": "Marvin Inc",
        "title": "Quality Assurance Engineer",
        "address": {
          "address": "747 Ninth Street",
          "city": "San Francisco",
          "state": "North Carolina",
          "stateCode": "NC",
          "postalCode": "68238",
          "coordinates": {
            "lat": -53.992111,
            "lng": -32.617357
          },
          "country": "United States"
        }
      },
      "ein": "709-477",
      "ssn": "453-478-272",
      "userAgent": "Mozilla/5.0 (Windows NT 10.0; Win64; x64) AppleWebKit/537.36 (KHTML, like Gecko) Chrome/97.0.4692.99 Safari/537.36",
      "crypto": {
        "coin": "Bitcoin",
        "wallet": "0xb9fc2fe63b2a6c003f1c324c3bfa53259162181a",
        "network": "Ethereum (ERC20)"
      },
      "role": "user"
    },
    {
      "id": 176,
      "firstName": "Aaliyah",
      "lastName": "Martinez",
      "maidenName": "Adams",
      "age": 28,
      "gender": "female",
      "email": "aaliyah.martinez@x.dummyjson.com",
      "phone": "+91 862-924-5336",
      "username": "aaliyaha",
      "password": "aaliyahapass",
      "birthDate": "1996-2-2",
      "image": "https://dummyjson.com/icon/aaliyaha/128",
      "bloodGroup": "B+",
      "height": 177.05,
      "weight": 68.62,
      "eyeColor": "Green",
      "hair": {
        "color": "Blonde",
        "type": "Curly"
      },
      "ip": "164.70.78.194",
      "address": {
        "address": "935 Fifth Street",
        "city": "New York",
        "state": "West Virginia",
        "stateCode": "WV",
        "postalCode": "60165",
        "coordinates": {
          "lat": 2.456241,
          "lng": -122.373016
        },
        "country": "United States"
      },
      "macAddress": "c:a3:46:aa:98:7c",
      "university": "Georgetown University",
      "bank": {
        "cardExpire": "04/27",
        "cardNumber": "2778429500540154",
        "cardType": "Maestro",
        "currency": "SEK",
        "iban": "PKIYNQTV95PDYW7NGR13T8B4"
      },
      "company": {
        "department": "Support",
        "name": "Ankunding, Little and Flatley",
        "title": "Web Developer",
        "address": {
          "address": "624 Adams Street",
          "city": "Jacksonville",
          "state": "Nebraska",
          "stateCode": "NE",
          "postalCode": "72753",
          "coordinates": {
            "lat": 56.509799,
            "lng": -4.674365
          },
          "country": "United States"
        }
      },
      "ein": "286-236",
      "ssn": "195-119-185",
      "userAgent": "Mozilla/5.0 (Windows NT 10.0; Win64; x64) AppleWebKit/537.36 (KHTML, like Gecko) Chrome/96.0.4664.93 Safari/537.36",
      "crypto": {
        "coin": "Bitcoin",
        "wallet": "0xb9fc2fe63b2a6c003f1c324c3bfa53259162181a",
        "network": "Ethereum (ERC20)"
      },
      "role": "user"
    },
    {
      "id": 157,
      "firstName": "Aaron",
      "lastName": "Cook",
      "maidenName": "",
      "age": 27,
      "gender": "male",
      "email": "aaron.cook@x.dummyjson.com",
      "phone": "+81 362-539-6973",
      "username": "aaronc",
      "password": "aaroncpass",
      "birthDate": "1997-1-26",
      "image": "https://dummyjson.com/icon/aaronc/128",
      "bloodGroup": "AB+",
      "height": 165.6,
      "weight": 61.17,
      "eyeColor": "Green",
      "hair": {
        "color": "Blue",
        "type": "Curly"
      },
      "ip": "71.248.65.203",
      "address": {
        "address": "169 First Street",
        "city": "Phoenix",
        "state": "Wyoming",
        "stateCode": "WY",
        "postalCode": "52331",
        "coordinates": {
          "lat": -6.538887,
          "lng": -58.475605
        },
        "country": "United States"
      },
      "macAddress": "9e:3f:8b:b:83:af",
      "university": "University of Pennsylvania",
      "bank": {
        "cardExpire": "04/28",
        "cardNumber": "1831274525877757",
        "cardType": "RuPay International",
        "currency": "INR",
        "iban": "28FP1XLCA6WOX7AI3R0JYSRP"
      },
      "company": {
        "department": "Support",
        "name": "Leffler, Rolfson and Becker",
        "title": "Support Specialist",
        "address": {
          "address": "380 Maple Street",
          "city": "San Antonio",
          "state": "Michigan",
          "stateCode": "MI",
          "postalCode": "44238",
          "coordinates": {
            "lat": -31.851481,
            "lng": -63.253251
          },
          "country": "United States"
        }
      },
      "ein": "862-277",
      "ssn": "270-351-584",
      "userAgent": "Mozilla/5.0 (Windows NT 10.0; Win64; x64) AppleWebKit/537.36 (KHTML, like Gecko) Chrome/95.0.4638.54 Safari/537.36",
      "crypto": {
        "coin": "Bitcoin",
        "wallet": "0xb9fc2fe63b2a6c003f1c324c3bfa53259162181a",
        "network": "Ethereum (ERC20)"
      },
      "role": "user"
    },
    {
      "id": 19,
      "firstName": "Abigail",
      "lastName": "Rivera",
      "maidenName": "",
      "age": 28,
      "gender": "female",
      "email": "abigail.rivera@x.dummyjson.com",
      "phone": "+91 228-363-7806",
      "username": "abigailr",
      "password": "abigailrpass",
      "birthDate": "1996-10-11",
      "image": "https://dummyjson.com/icon/abigailr/128",
      "bloodGroup": "B+",
      "height": 186.39,
      "weight": 74.61,
      "eyeColor": "Violet",
      "hair": {
        "color": "Blue",
        "type": "Kinky"
      },
      "ip": "19.183.240.94",
      "address": {
        "address": "996 Oak Street",
        "city": "Chicago",
        "state": "New Mexico",
        "stateCode": "NM",
        "postalCode": "11407",
        "coordinates": {
          "lat": 44.321308,
          "lng": -3.723903
        },
        "country": "United States"
      },
      "macAddress": "1d:a6:58:2a:e5:e4",
      "university": "California Institute of Technology (Caltech)",
      "bank": {
        "cardExpire": "02/28",
        "cardNumber": "4832361886407551",
        "cardType": "RuPay",
        "currency": "BRL",
        "iban": "O02LHDNNFCVSM6D4H81DIQHE"
      },
      "company": {
        "department": "Human Resources",
        "name": "Prohaska - Thiel",
        "title": "Business Analyst",
        "address": {
          "address": "1402 Adams Street",
          "city": "Austin",
          "state": "Wisconsin",
          "stateCode": "WI",
          "postalCode": "51456",
          "coordinates": {
            "lat": 25.672938,
            "lng": -76.54967
          },
          "country": "United States"
        }
      },
      "ein": "173-637",
      "ssn": "655-823-929",
      "userAgent": "Mozilla/5.0 (Windows NT 10.0; Win64; x64) AppleWebKit/537.36 (KHTML, like Gecko) Edge/97.0.1072.76 Safari/537.36",
      "crypto": {
        "coin": "Bitcoin",
        "wallet": "0xb9fc2fe63b2a6c003f1c324c3bfa53259162181a",
        "network": "Ethereum (ERC20)"
      },
      "role": "user"
    },
    {
      "id": 30,
      "firstName": "Addison",
      "lastName": "Wright",
      "maidenName": "",
      "age": 32,
      "gender": "female",
      "email": "addison.wright@x.dummyjson.com",
      "phone": "+1 514-384-3300",
      "username": "addisonw",
      "password": "addisonwpass",
      "birthDate": "1992-1-3",
      "image": "https://dummyjson.com/icon/addisonw/128",
      "bloodGroup": "B+",
      "height": 179.32,
      "weight": 76.93,
      "eyeColor": "Brown",
      "hair": {
        "color": "Blonde",
        "type": "Straight"
      },
      "ip": "11.35.69.81",
      "address": {
        "address": "568 Tenth Street",
        "city": "San Francisco",
        "state": "Montana",
        "stateCode": "MT",
        "postalCode": "54698",
        "coordinates": {
          "lat": 20.946052,
          "lng": 100.228822
        },
        "country": "United States"
      },
      "macAddress": "fb:0:94:21:16:c",
      "university": "Syracuse University",
      "bank": {
        "cardExpire": "05/28",
        "cardNumber": "3756638438861539",
        "cardType": "Carte Bancaire",
        "currency": "JPY",
        "iban": "OOPQTNZ74OLPKVT7TGB89UQL"
      },
      "company": {
        "department": "Services",
        "name": "Kreiger Inc",
        "title": "Human Resources Manager",
        "address": {
          "address": "1173 Eighth Street",
          "city": "San Diego",
          "state": "Michigan",
          "stateCode": "MI",
          "postalCode": "85777",
          "coordinates": {
            "lat": 65.324413,
            "lng": 87.142893
          },
          "country": "United States"
        }
      },
      "ein": "415-286",
      "ssn": "804-492-390",
      "userAgent": "Mozilla/5.0 (Macintosh; Intel Mac OS X 10_15_7) AppleWebKit/537.36 (KHTML, like Gecko) Chrome/96.0.4664.93 Safari/537.36",
      "crypto": {
        "coin": "Bitcoin",
        "wallet": "0xb9fc2fe63b2a6c003f1c324c3bfa53259162181a",
        "network": "Ethereum (ERC20)"
      },
      "role": "user"
    },
    {
      "id": 164,
      "firstName": "Addison",
      "lastName": "Ward",
      "maidenName": "Foster",
      "age": 29,
      "gender": "female",
      "email": "addison.ward@x.dummyjson.com",
      "phone": "+1 248-875-1802",
      "username": "addisonf",
      "password": "addisonfpass",
      "birthDate": "1995-8-23",
      "image": "https://dummyjson.com/icon/addisonf/128",
      "bloodGroup": "B-",
      "height": 160.22,
      "weight": 75.72,
      "eyeColor": "Amber",
      "hair": {
        "color": "Green",
        "type": "Wavy"
      },
      "ip": "74.79.100.79",
      "address": {
        "address": "1320 Fifth Street",
        "city": "San Francisco",
        "state": "South Carolina",
        "stateCode": "SC",
        "postalCode": "20149",
        "coordinates": {
          "lat": -39.289112,
          "lng": 46.108923
        },
        "country": "United States"
      },
      "macAddress": "e2:a5:4:ce:d7:60",
      "university": "University of Illinois--Urbana-Champaign",
      "bank": {
        "cardExpire": "03/28",
        "cardNumber": "2750280981054387",
        "cardType": "Maestro",
        "currency": "AUD",
        "iban": "TSNMPTJ4CF387N0D24Q9NCLW"
      },
      "company": {
        "department": "Human Resources",
        "name": "Kshlerin, Mitchell and Wilderman",
        "title": "Product Manager",
        "address": {
          "address": "1388 Tenth Street",
          "city": "Charlotte",
          "state": "New York",
          "stateCode": "NY",
          "postalCode": "63709",
          "coordinates": {
            "lat": -5.900293,
            "lng": -10.987888
          },
          "country": "United States"
        }
      },
      "ein": "104-679",
      "ssn": "801-271-313",
      "userAgent": "Mozilla/5.0 (Macintosh; Intel Mac OS X 10_15_7) AppleWebKit/537.36 (KHTML, like Gecko) Chrome/95.0.4638.69 Safari/537.36",
      "crypto": {
        "coin": "Bitcoin",
        "wallet": "0xb9fc2fe63b2a6c003f1c324c3bfa53259162181a",
        "network": "Ethereum (ERC20)"
      },
      "role": "user"
    },
    {
      "id": 200,
      "firstName": "Adrian",
      "lastName": "Flores",
      "maidenName": "",
      "age": 43,
      "gender": "male",
      "email": "adrian.flores@x.dummyjson.com",
      "phone": "+61 524-858-7351",
      "username": "adrianf",
      "password": "adrianfpass",
      "birthDate": "1981-5-1",
      "image": "https://dummyjson.com/icon/adrianf/128",
      "bloodGroup": "O+",
      "height": 183.05,
      "weight": 97.74,
      "eyeColor": "Green",
      "hair": {
        "color": "Purple",
        "type": "Wavy"
      },
      "ip": "86.244.141.158",
      "address": {
        "address": "1395 Madison Street",
        "city": "New York",
        "state": "Delaware",
        "stateCode": "DE",
        "postalCode": "60163",
        "coordinates": {
          "lat": 48.779884,
          "lng": -84.200415
        },
        "country": "United States"
      },
      "macAddress": "e1:22:78:3f:9b:8c",
      "university": "Stanford University",
      "bank": {
        "cardExpire": "02/25",
        "cardNumber": "4644560059607863",
        "cardType": "JCB",
        "currency": "NZD",
        "iban": "VWPQA9YRPMK0NC17VAHL8QLH"
      },
      "company": {
        "department": "Legal",
        "name": "Rippin Inc",
        "title": "Technical Support Engineer",
        "address": {
          "address": "279 Madison Street",
          "city": "San Antonio",
          "state": "Louisiana",
          "stateCode": "LA",
          "postalCode": "25808",
          "coordinates": {
            "lat": 32.513584,
            "lng": -145.587193
          },
          "country": "United States"
        }
      },
      "ein": "965-469",
      "ssn": "272-696-785",
      "userAgent": "Mozilla/5.0 (Macintosh; Intel Mac OS X 10_15_7) AppleWebKit/537.36 (KHTML, like Gecko) Chrome/96.0.4664.93 Safari/537.36",
      "crypto": {
        "coin": "Bitcoin",
        "wallet": "0xb9fc2fe63b2a6c003f1c324c3bfa53259162181a",
        "network": "Ethereum (ERC20)"
      },
      "role": "user"
    },
    {
      "id": 7,
      "firstName": "Alexander",
      "lastName": "Jones",
      "maidenName": "",
      "age": 38,
      "gender": "male",
      "email": "alexander.jones@x.dummyjson.com",
      "phone": "+61 260-824-4986",
      "username": "alexanderj",
      "password": "alexanderjpass",
      "birthDate": "1986-10-20",
      "image": "https://dummyjson.com/icon/alexanderj/128",
      "bloodGroup": "AB-",
      "height": 153.89,
      "weight": 77.42,
      "eyeColor": "Blue",
      "hair": {
        "color": "White",
        "type": "Straight"
      },
      "ip": "166.204.84.32",
      "address": {
        "address": "664 Maple Street",
        "city": "Indianapolis",
        "state": "Delaware",
        "stateCode": "DE",
        "postalCode": "86684",
        "coordinates": {
          "lat": 35.289664,
          "lng": 7.063255
        },
        "country": "United States"
      },
      "macAddress": "d2:64:58:2d:1c:46",
      "university": "University of Illinois--Urbana-Champaign",
      "bank": {
        "cardExpire": "05/25",
        "cardNumber": "7344951706130140",
        "cardType": "JCB",
        "currency": "EUR",
        "iban": "49V4GVDVMP0MHIDD4VXMQ3A2"
      },
      "company": {
        "department": "Engineering",
        "name": "Dickens - Beahan",
        "title": "Web Developer",
        "address": {
          "address": "996 Eighth Street",
          "city": "Washington",
          "state": "Kansas",
          "stateCode": "KS",
          "postalCode": "27858",
          "coordinates": {
            "lat": -75.462366,
            "lng": -128.025697
          },
          "country": "United States"
        }
      },
      "ein": "638-127",
      "ssn": "722-993-925",
      "userAgent": "Mozilla/5.0 (Macintosh; Intel Mac OS X 10_15_7) AppleWebKit/537.36 (KHTML, like Gecko) Chrome/95.0.4638.69 Safari/537.36",
      "crypto": {
        "coin": "Bitcoin",
        "wallet": "0xb9fc2fe63b2a6c003f1c324c3bfa53259162181a",
        "network": "Ethereum (ERC20)"
      },
      "role": "moderator"
    },
    {
      "id": 112,
      "firstName": "Alexander",
      "lastName": "Hernandez",
      "maidenName": "",
      "age": 41,
      "gender": "male",
      "email": "alexander.hernandez@x.dummyjson.com",
      "phone": "+49 410-245-8608",
      "username": "alexanderh",
      "password": "alexanderhpass",
      "birthDate": "1983-7-4",
      "image": "https://dummyjson.com/icon/alexanderh/128",
      "bloodGroup": "B-",
      "height": 172.2,
      "weight": 82.3,
      "eyeColor": "Blue",
      "hair": {
        "color": "Brown",
        "type": "Kinky"
      },
      "ip": "145.104.53.16",
      "address": {
        "address": "329 Second Street",
        "city": "Dallas",
        "state": "Idaho",
        "stateCode": "ID",
        "postalCode": "49314",
        "coordinates": {
          "lat": 14.101714,
          "lng": -148.130379
        },
        "country": "United States"
      },
      "macAddress": "4c:83:2a:82:f:c6",
      "university": "University of Florida",
      "bank": {
        "cardExpire": "02/27",
        "cardNumber": "3843242207440634",
        "cardType": "JCB",
        "currency": "EUR",
        "iban": "7DGPYK166FA9X36Q48OGU2W5"
      },
      "company": {
        "department": "Sales",
        "name": "Gibson LLC",
        "title": "Chief Technology Officer",
        "address": {
          "address": "176 Main Street",
          "city": "Seattle",
          "state": "Pennsylvania",
          "stateCode": "PA",
          "postalCode": "61558",
          "coordinates": {
            "lat": 25.794587,
            "lng": 101.693435
          },
          "country": "United States"
        }
      },
      "ein": "355-181",
      "ssn": "583-406-155",
      "userAgent": "Mozilla/5.0 (Windows NT 10.0; Win64; x64) AppleWebKit/537.36 (KHTML, like Gecko) Chrome/95.0.4638.54 Safari/537.36",
      "crypto": {
        "coin": "Bitcoin",
        "wallet": "0xb9fc2fe63b2a6c003f1c324c3bfa53259162181a",
        "network": "Ethereum (ERC20)"
      },
      "role": "user"
    },
    {
      "id": 101,
      "firstName": "Alice",
      "lastName": "Smith",
      "maidenName": "Johnson",
      "age": 28,
      "gender": "female",
      "email": "alice.smith@x.dummyjson.com",
      "phone": "+61 611-556-8989",
      "username": "alicej",
      "password": "alicejpass",
      "birthDate": "1996-9-8",
      "image": "https://dummyjson.com/icon/alicej/128",
      "bloodGroup": "AB-",
      "height": 171.67,
      "weight": 56.25,
      "eyeColor": "Red",
      "hair": {
        "color": "Black",
        "type": "Straight"
      },
      "ip": "223.157.14.11",
      "address": {
        "address": "1631 Fourth Street",
        "city": "Houston",
        "state": "Arkansas",
        "stateCode": "AR",
        "postalCode": "81896",
        "coordinates": {
          "lat": -16.873954,
          "lng": 118.766256
        },
        "country": "United States"
      },
      "macAddress": "f3:c3:7b:69:2e:ab",
      "university": "Wake Forest University",
      "bank": {
        "cardExpire": "05/26",
        "cardNumber": "2722859346991737",
        "cardType": "JCB",
        "currency": "CAD",
        "iban": "AW6T62K47RLSDZ9YPEVH62LG"
      },
      "company": {
        "department": "Marketing",
        "name": "Jast - Nader",
        "title": "Product Manager",
        "address": {
          "address": "144 Eighth Street",
          "city": "Austin",
          "state": "Delaware",
          "stateCode": "DE",
          "postalCode": "55767",
          "coordinates": {
            "lat": 25.070859,
            "lng": 15.203994
          },
          "country": "United States"
        }
      },
      "ein": "560-590",
      "ssn": "479-900-352",
      "userAgent": "Mozilla/5.0 (Windows NT 10.0; Win64; x64) AppleWebKit/537.36 (KHTML, like Gecko) Chrome/96.0.4664.93 Safari/537.36",
      "crypto": {
        "coin": "Bitcoin",
        "wallet": "0xb9fc2fe63b2a6c003f1c324c3bfa53259162181a",
        "network": "Ethereum (ERC20)"
      },
      "role": "user"
    },
    {
      "id": 117,
      "firstName": "Amelia",
      "lastName": "Perez",
      "maidenName": "Gonzalez",
      "age": 43,
      "gender": "female",
      "email": "amelia.perez@x.dummyjson.com",
      "phone": "+49 751-988-9521",
      "username": "ameliag",
      "password": "ameliagpass",
      "birthDate": "1981-1-29",
      "image": "https://dummyjson.com/icon/ameliag/128",
      "bloodGroup": "B+",
      "height": 186.66,
      "weight": 80.38,
      "eyeColor": "Brown",
      "hair": {
        "color": "Brown",
        "type": "Wavy"
      },
      "ip": "249.222.49.78",
      "address": {
        "address": "25 Elm Street",
        "city": "New York",
        "state": "New Hampshire",
        "stateCode": "NH",
        "postalCode": "88314",
        "coordinates": {
          "lat": -55.895738,
          "lng": -117.829232
        },
        "country": "United States"
      },
      "macAddress": "1:64:41:63:ca:9e",
      "university": "University of Michigan--Ann Arbor",
      "bank": {
        "cardExpire": "05/28",
        "cardNumber": "5739347905804766",
        "cardType": "Visa",
        "currency": "BRL",
        "iban": "V8ZMJUYDG8C4703PJR3MVIGU"
      },
      "company": {
        "department": "Services",
        "name": "Swift - Stamm",
        "title": "Chief Executive Officer",
        "address": {
          "address": "1390 Pine Street",
          "city": "Philadelphia",
          "state": "Maine",
          "stateCode": "ME",
          "postalCode": "21632",
          "coordinates": {
            "lat": -19.615702,
            "lng": 42.511462
          },
          "country": "United States"
        }
      },
      "ein": "836-867",
      "ssn": "769-496-865",
      "userAgent": "Mozilla/5.0 (Macintosh; Intel Mac OS X 10_15_7) AppleWebKit/537.36 (KHTML, like Gecko) Chrome/95.0.4638.69 Safari/537.36",
      "crypto": {
        "coin": "Bitcoin",
        "wallet": "0xb9fc2fe63b2a6c003f1c324c3bfa53259162181a",
        "network": "Ethereum (ERC20)"
      },
      "role": "user"
    },
    {
      "id": 38,
      "firstName": "Aria",
      "lastName": "Roberts",
      "maidenName": "",
      "age": 26,
      "gender": "female",
      "email": "aria.roberts@x.dummyjson.com",
      "phone": "+61 411-514-5320",
      "username": "ariar",
      "password": "ariarpass",
      "birthDate": "1998-3-25",
      "image": "https://dummyjson.com/icon/ariar/128",
      "bloodGroup": "A-",
      "height": 199.62,
      "weight": 88.96,
      "eyeColor": "Gray",
      "hair": {
        "color": "Blue",
        "type": "Curly"
      },
      "ip": "208.86.10.37",
      "address": {
        "address": "560 Fifth Street",
        "city": "Seattle",
        "state": "Rhode Island",
        "stateCode": "RI",
        "postalCode": "70664",
        "coordinates": {
          "lat": 36.157244,
          "lng": -29.219594
        },
        "country": "United States"
      },
      "macAddress": "7d:16:14:f8:d5:4",
      "university": "Princeton University",
      "bank": {
        "cardExpire": "01/27",
        "cardNumber": "6700474320260358",
        "cardType": "RuPay",
        "currency": "TRY",
        "iban": "7I9GEGMXL9VGE6G8R8LIU56R"
      },
      "company": {
        "department": "Legal",
        "name": "Sanford and Sons",
        "title": "Database Administrator",
        "address": {
          "address": "69 Ninth Street",
          "city": "Chicago",
          "state": "Ohio",
          "stateCode": "OH",
          "postalCode": "77252",
          "coordinates": {
            "lat": -1.902962,
            "lng": 15.129767
          },
          "country": "United States"
        }
      },
      "ein": "329-619",
      "ssn": "631-656-511",
      "userAgent": "Mozilla/5.0 (Macintosh; Intel Mac OS X 10_15_7) AppleWebKit/537.36 (KHTML, like Gecko) Chrome/95.0.4638.54 Safari/537.36",
      "crypto": {
        "coin": "Bitcoin",
        "wallet": "0xb9fc2fe63b2a6c003f1c324c3bfa53259162181a",
        "network": "Ethereum (ERC20)"
      },
      "role": "user"
    },
    {
      "id": 66,
      "firstName": "Aria",
      "lastName": "Ferguson",
      "maidenName": "",
      "age": 27,
      "gender": "female",
      "email": "aria.ferguson@x.dummyjson.com",
      "phone": "+44 434-406-8551",
      "username": "ariaf",
      "password": "ariafpass",
      "birthDate": "1997-6-1",
      "image": "https://dummyjson.com/icon/ariaf/128",
      "bloodGroup": "B+",
      "height": 161.81,
      "weight": 97.12,
      "eyeColor": "Blue",
      "hair": {
        "color": "Blue",
        "type": "Wavy"
      },
      "ip": "180.24.111.167",
      "address": {
        "address": "1553 Sixth Street",
        "city": "San Diego",
        "state": "Wyoming",
        "stateCode": "WY",
        "postalCode": "59501",
        "coordinates": {
          "lat": -66.092723,
          "lng": 169.9952
        },
        "country": "United States"
      },
      "macAddress": "e2:71:6d:81:6:db",
      "university": "Cornell University",
      "bank": {
        "cardExpire": "03/25",
        "cardNumber": "4568070192850216",
        "cardType": "Interac",
        "currency": "SEK",
        "iban": "20BFMAMR1QLK8086JZ2WYRJ1"
      },
      "company": {
        "department": "Legal",
        "name": "Wisozk, Schamberger and Huels",
        "title": "Project Manager",
        "address": {
          "address": "807 Eighth Street",
          "city": "Phoenix",
          "state": "New Jersey",
          "stateCode": "NJ",
          "postalCode": "75765",
          "coordinates": {
            "lat": 46.824227,
            "lng": -51.392185
          },
          "country": "United States"
        }
      },
      "ein": "952-671",
      "ssn": "705-592-753",
      "userAgent": "Mozilla/5.0 (Windows NT 10.0; Win64; x64) AppleWebKit/537.36 (KHTML, like Gecko) Chrome/96.0.4664.93 Safari/537.36",
      "crypto": {
        "coin": "Bitcoin",
        "wallet": "0xb9fc2fe63b2a6c003f1c324c3bfa53259162181a",
        "network": "Ethereum (ERC20)"
      },
      "role": "user"
    },
    {
      "id": 142,
      "firstName": "Aria",
      "lastName": "Parker",
      "maidenName": "Miller",
      "age": 27,
      "gender": "female",
      "email": "aria.parker@x.dummyjson.com",
      "phone": "+91 762-847-6884",
      "username": "ariam",
      "password": "ariampass",
      "birthDate": "1997-7-6",
      "image": "https://dummyjson.com/icon/ariam/128",
      "bloodGroup": "AB-",
      "height": 164.79,
      "weight": 92.15,
      "eyeColor": "Blue",
      "hair": {
        "color": "Green",
        "type": "Curly"
      },
      "ip": "112.164.28.147",
      "address": {
        "address": "1504 Tenth Street",
        "city": "Phoenix",
        "state": "Alabama",
        "stateCode": "AL",
        "postalCode": "16573",
        "coordinates": {
          "lat": 56.943768,
          "lng": 41.212736
        },
        "country": "United States"
      },
      "macAddress": "c1:1:6a:d:86:c4",
      "university": "Stanford University",
      "bank": {
        "cardExpire": "03/26",
        "cardNumber": "1425750681868097",
        "cardType": "Mir",
        "currency": "USD",
        "iban": "TFWSMANG7LMWNZ5DUX5AP0JC"
      },
      "company": {
        "department": "Human Resources",
        "name": "Oberbrunner, Mosciski and Witting",
        "title": "Software Architect",
        "address": {
          "address": "1103 Maple Street",
          "city": "Los Angeles",
          "state": "Kentucky",
          "stateCode": "KY",
          "postalCode": "37560",
          "coordinates": {
            "lat": -5.555558,
            "lng": -6.162671
          },
          "country": "United States"
        }
      },
      "ein": "385-819",
      "ssn": "889-374-959",
      "userAgent": "Mozilla/5.0 (Windows NT 10.0; Win64; x64) AppleWebKit/537.36 (KHTML, like Gecko) Chrome/96.0.4664.45 Safari/537.36",
      "crypto": {
        "coin": "Bitcoin",
        "wallet": "0xb9fc2fe63b2a6c003f1c324c3bfa53259162181a",
        "network": "Ethereum (ERC20)"
      },
      "role": "user"
    },
    {
      "id": 188,
      "firstName": "Aria",
      "lastName": "Flores",
      "maidenName": "Martin",
      "age": 25,
      "gender": "female",
      "email": "aria.flores@x.dummyjson.com",
      "phone": "+61 415-771-8232",
      "username": "ariamx",
      "password": "ariamxpass",
      "birthDate": "1999-11-8",
      "image": "https://dummyjson.com/icon/ariamx/128",
      "bloodGroup": "O-",
      "height": 160.06,
      "weight": 92.02,
      "eyeColor": "Amber",
      "hair": {
        "color": "Brown",
        "type": "Wavy"
      },
      "ip": "86.67.36.191",
      "address": {
        "address": "492 Pine Street",
        "city": "Indianapolis",
        "state": "Tennessee",
        "stateCode": "TN",
        "postalCode": "71284",
        "coordinates": {
          "lat": -88.3996,
          "lng": 22.908268
        },
        "country": "United States"
      },
      "macAddress": "9d:d1:19:e7:45:26",
      "university": "Columbia University",
      "bank": {
        "cardExpire": "01/29",
        "cardNumber": "0409564202862832",
        "cardType": "NPS",
        "currency": "BRL",
        "iban": "K1ZPQHHPOXBMG44M386NWTTN"
      },
      "company": {
        "department": "Sales",
        "name": "Gibson LLC",
        "title": "Sales Manager",
        "address": {
          "address": "1728 Sixth Street",
          "city": "Fort Worth",
          "state": "Nebraska",
          "stateCode": "NE",
          "postalCode": "74809",
          "coordinates": {
            "lat": 51.558679,
            "lng": -85.819219
          },
          "country": "United States"
        }
      },
      "ein": "784-961",
      "ssn": "132-677-684",
      "userAgent": "Mozilla/5.0 (Macintosh; Intel Mac OS X 10_15_7) AppleWebKit/537.36 (KHTML, like Gecko) Chrome/96.0.4664.45 Safari/537.36",
      "crypto": {
        "coin": "Bitcoin",
        "wallet": "0xb9fc2fe63b2a6c003f1c324c3bfa53259162181a",
        "network": "Ethereum (ERC20)"
      },
      "role": "user"
    },
    {
      "id": 172,
      "firstName": "Ariana",
      "lastName": "Ross",
      "maidenName": "Ward",
      "age": 36,
      "gender": "female",
      "email": "ariana.ross@x.dummyjson.com",
      "phone": "+61 393-553-7155",
      "username": "arianaw",
      "password": "arianawpass",
      "birthDate": "1988-9-26",
      "image": "https://dummyjson.com/icon/arianaw/128",
      "bloodGroup": "O-",
      "height": 164.81,
      "weight": 50.3,
      "eyeColor": "Red",
      "hair": {
        "color": "White",
        "type": "Kinky"
      },
      "ip": "47.190.165.179",
      "address": {
        "address": "911 First Street",
        "city": "Chicago",
        "state": "West Virginia",
        "stateCode": "WV",
        "postalCode": "59220",
        "coordinates": {
          "lat": -39.772203,
          "lng": -90.030002
        },
        "country": "United States"
      },
      "macAddress": "e5:32:fa:4f:da:f3",
      "university": "University of Virginia",
      "bank": {
        "cardExpire": "04/26",
        "cardNumber": "5174779352968109",
        "cardType": "Visa",
        "currency": "CNY",
        "iban": "7SVXPFANOSDLQU4M43RVRQ45"
      },
      "company": {
        "department": "Accounting",
        "name": "Stiedemann LLC",
        "title": "Engineer",
        "address": {
          "address": "429 Madison Street",
          "city": "Denver",
          "state": "New Mexico",
          "stateCode": "NM",
          "postalCode": "86999",
          "coordinates": {
            "lat": 33.005004,
            "lng": 125.026624
          },
          "country": "United States"
        }
      },
      "ein": "873-983",
      "ssn": "479-571-715",
      "userAgent": "Mozilla/5.0 (Windows NT 10.0; Win64; x64) AppleWebKit/537.36 (KHTML, like Gecko) Chrome/96.0.4664.93 Safari/537.36",
      "crypto": {
        "coin": "Bitcoin",
        "wallet": "0xb9fc2fe63b2a6c003f1c324c3bfa53259162181a",
        "network": "Ethereum (ERC20)"
      },
      "role": "user"
    },
    {
      "id": 173,
      "firstName": "Asher",
      "lastName": "Scott",
      "maidenName": "",
      "age": 30,
      "gender": "male",
      "email": "asher.scott@x.dummyjson.com",
      "phone": "+81 469-421-7639",
      "username": "ashers",
      "password": "asherspass",
      "birthDate": "1994-8-18",
      "image": "https://dummyjson.com/icon/ashers/128",
      "bloodGroup": "O+",
      "height": 169.56,
      "weight": 54.08,
      "eyeColor": "Blue",
      "hair": {
        "color": "Blue",
        "type": "Curly"
      },
      "ip": "150.136.12.36",
      "address": {
        "address": "666 Main Street",
        "city": "Dallas",
        "state": "Vermont",
        "stateCode": "VT",
        "postalCode": "82460",
        "coordinates": {
          "lat": -80.129031,
          "lng": -63.515107
        },
        "country": "United States"
      },
      "macAddress": "7f:1d:2a:a2:c0:29",
      "university": "Columbia University",
      "bank": {
        "cardExpire": "05/25",
        "cardNumber": "3646724579262062",
        "cardType": "Maestro",
        "currency": "AUD",
        "iban": "AE993O774OIH1BTCM9OBFB5V"
      },
      "company": {
        "department": "Human Resources",
        "name": "Ullrich LLC",
        "title": "Sales Manager",
        "address": {
          "address": "1640 Oak Street",
          "city": "Washington",
          "state": "Oklahoma",
          "stateCode": "OK",
          "postalCode": "29026",
          "coordinates": {
            "lat": -29.790789,
            "lng": -43.572763
          },
          "country": "United States"
        }
      },
      "ein": "172-363",
      "ssn": "744-472-971",
      "userAgent": "Mozilla/5.0 (Macintosh; Intel Mac OS X 10_15_7) AppleWebKit/605.1.15 (KHTML, like Gecko) Version/15.3 Safari/605.1.15",
      "crypto": {
        "coin": "Bitcoin",
        "wallet": "0xb9fc2fe63b2a6c003f1c324c3bfa53259162181a",
        "network": "Ethereum (ERC20)"
      },
      "role": "user"
    },
    {
      "id": 88,
      "firstName": "Aubrey",
      "lastName": "Wagner",
      "maidenName": "",
      "age": 30,
      "gender": "female",
      "email": "aubrey.wagner@x.dummyjson.com",
      "phone": "+81 285-568-5834",
      "username": "aubreyw",
      "password": "aubreywpass",
      "birthDate": "1994-4-1",
      "image": "https://dummyjson.com/icon/aubreyw/128",
      "bloodGroup": "B+",
      "height": 168.73,
      "weight": 79.86,
      "eyeColor": "Red",
      "hair": {
        "color": "Blonde",
        "type": "Wavy"
      },
      "ip": "203.204.53.60",
      "address": {
        "address": "1147 Adams Street",
        "city": "Phoenix",
        "state": "North Carolina",
        "stateCode": "NC",
        "postalCode": "72711",
        "coordinates": {
          "lat": -55.796433,
          "lng": -163.621876
        },
        "country": "United States"
      },
      "macAddress": "5a:18:55:d7:84:b9",
      "university": "Vanderbilt University",
      "bank": {
        "cardExpire": "01/27",
        "cardNumber": "9134131973853862",
        "cardType": "Visa",
        "currency": "NZD",
        "iban": "P68Q4LYV0IU2J3OSBBQSYQQQ"
      },
      "company": {
        "department": "Sales",
        "name": "Cassin Group",
        "title": "Engineer",
        "address": {
          "address": "1580 Tenth Street",
          "city": "San Jose",
          "state": "New Jersey",
          "stateCode": "NJ",
          "postalCode": "33398",
          "coordinates": {
            "lat": 35.508597,
            "lng": 12.058887
          },
          "country": "United States"
        }
      },
      "ein": "990-866",
      "ssn": "678-854-911",
      "userAgent": "Mozilla/5.0 (Windows NT 10.0; Win64; x64) AppleWebKit/537.36 (KHTML, like Gecko) Chrome/96.0.4664.110 Safari/537.36",
      "crypto": {
        "coin": "Bitcoin",
        "wallet": "0xb9fc2fe63b2a6c003f1c324c3bfa53259162181a",
        "network": "Ethereum (ERC20)"
      },
      "role": "user"
    },
    {
      "id": 158,
      "firstName": "Aubrey",
      "lastName": "Gutierrez",
      "maidenName": "Baker",
      "age": 36,
      "gender": "female",
      "email": "aubrey.gutierrez@x.dummyjson.com",
      "phone": "+92 881-268-9845",
      "username": "aubreyb",
      "password": "aubreybpass",
      "birthDate": "1988-2-19",
      "image": "https://dummyjson.com/icon/aubreyb/128",
      "bloodGroup": "AB-",
      "height": 186.45,
      "weight": 69.83,
      "eyeColor": "Brown",
      "hair": {
        "color": "Black",
        "type": "Wavy"
      },
      "ip": "19.183.244.21",
      "address": {
        "address": "1207 Oak Street",
        "city": "Philadelphia",
        "state": "Connecticut",
        "stateCode": "CT",
        "postalCode": "78892",
        "coordinates": {
          "lat": -3.033666,
          "lng": -35.006014
        },
        "country": "United States"
      },
      "macAddress": "41:7:7b:23:29:e9",
      "university": "University of Illinois--Urbana-Champaign",
      "bank": {
        "cardExpire": "01/28",
        "cardNumber": "3086621278059815",
        "cardType": "Maestro",
        "currency": "PKR",
        "iban": "XZ8S6VLOKPQBCL067YKYRSN7"
      },
      "company": {
        "department": "Human Resources",
        "name": "Kreiger and Sons",
        "title": "Developer",
        "address": {
          "address": "1549 Second Street",
          "city": "Columbus",
          "state": "Arkansas",
          "stateCode": "AR",
          "postalCode": "62481",
          "coordinates": {
            "lat": 85.690418,
            "lng": -48.156251
          },
          "country": "United States"
        }
      },
      "ein": "821-613",
      "ssn": "642-178-241",
      "userAgent": "Mozilla/5.0 (Macintosh; Intel Mac OS X 10_15_7) AppleWebKit/537.36 (KHTML, like Gecko) Chrome/97.0.4692.99 Safari/537.36",
      "crypto": {
        "coin": "Bitcoin",
        "wallet": "0xb9fc2fe63b2a6c003f1c324c3bfa53259162181a",
        "network": "Ethereum (ERC20)"
      },
      "role": "user"
    },
    {
      "id": 205,
      "firstName": "Aubrey",
      "lastName": "Garcia",
      "maidenName": "Gray",
      "age": 28,
      "gender": "female",
      "email": "aubrey.garcia@x.dummyjson.com",
      "phone": "+1 470-576-9130",
      "username": "aubreyg",
      "password": "aubreygpass",
      "birthDate": "1996-11-5",
      "image": "https://dummyjson.com/icon/aubreyg/128",
      "bloodGroup": "AB+",
      "height": 192.28,
      "weight": 85.89,
      "eyeColor": "Brown",
      "hair": {
        "color": "Red",
        "type": "Curly"
      },
      "ip": "0.163.108.147",
      "address": {
        "address": "1221 Washington Street",
        "city": "Los Angeles",
        "state": "South Carolina",
        "stateCode": "SC",
        "postalCode": "78498",
        "coordinates": {
          "lat": 80.449539,
          "lng": -142.231527
        },
        "country": "United States"
      },
      "macAddress": "fb:ae:f9:15:24:90",
      "university": "Pepperdine University",
      "bank": {
        "cardExpire": "01/29",
        "cardNumber": "2464486584329128",
        "cardType": "RuPay",
        "currency": "BRL",
        "iban": "RUZOEQNPEYQ110WTGXTBMUA6"
      },
      "company": {
        "department": "Legal",
        "name": "Moore Inc",
        "title": "Web Developer",
        "address": {
          "address": "240 Third Street",
          "city": "San Francisco",
          "state": "Minnesota",
          "stateCode": "MN",
          "postalCode": "58649",
          "coordinates": {
            "lat": 3.609112,
            "lng": -35.397672
          },
          "country": "United States"
        }
      },
      "ein": "428-615",
      "ssn": "344-154-808",
      "userAgent": "Mozilla/5.0 (Macintosh; Intel Mac OS X 10_15_7) AppleWebKit/537.36 (KHTML, like Gecko) Chrome/97.0.4692.99 Safari/537.36",
      "crypto": {
        "coin": "Bitcoin",
        "wallet": "0xb9fc2fe63b2a6c003f1c324c3bfa53259162181a",
        "network": "Ethereum (ERC20)"
      },
      "role": "user"
    },
    {
      "id": 96,
      "firstName": "Aurora",
      "lastName": "Lawson",
      "maidenName": "",
      "age": 26,
      "gender": "female",
      "email": "aurora.lawson@x.dummyjson.com",
      "phone": "+92 802-452-4192",
      "username": "auroral",
      "password": "auroralpass",
      "birthDate": "1998-6-16",
      "image": "https://dummyjson.com/icon/auroral/128",
      "bloodGroup": "O+",
      "height": 174.28,
      "weight": 88.18,
      "eyeColor": "Violet",
      "hair": {
        "color": "Green",
        "type": "Wavy"
      },
      "ip": "161.244.58.227",
      "address": {
        "address": "1140 Adams Street",
        "city": "Dallas",
        "state": "Minnesota",
        "stateCode": "MN",
        "postalCode": "29004",
        "coordinates": {
          "lat": 83.417744,
          "lng": -7.933044
        },
        "country": "United States"
      },
      "macAddress": "34:95:bd:59:f4:39",
      "university": "Boston University",
      "bank": {
        "cardExpire": "01/29",
        "cardNumber": "9694556473609201",
        "cardType": "BC Card",
        "currency": "GBP",
        "iban": "UMG0AGFGNEZAY6DC45KS9ENB"
      },
      "company": {
        "department": "Product Management",
        "name": "Hudson - Marquardt",
        "title": "Chief Information Officer",
        "address": {
          "address": "164 Fifth Street",
          "city": "Indianapolis",
          "state": "New York",
          "stateCode": "NY",
          "postalCode": "27958",
          "coordinates": {
            "lat": 89.270633,
            "lng": -72.618747
          },
          "country": "United States"
        }
      },
      "ein": "477-337",
      "ssn": "191-532-292",
      "userAgent": "Mozilla/5.0 (Windows NT 10.0; Win64; x64; rv:97.0) Gecko/20100101 Firefox/97.0",
      "crypto": {
        "coin": "Bitcoin",
        "wallet": "0xb9fc2fe63b2a6c003f1c324c3bfa53259162181a",
        "network": "Ethereum (ERC20)"
      },
      "role": "user"
    },
    {
      "id": 148,
      "firstName": "Aurora",
      "lastName": "Barnes",
      "maidenName": "Gomez",
      "age": 29,
      "gender": "female",
      "email": "aurora.barnes@x.dummyjson.com",
      "phone": "+91 403-842-9683",
      "username": "aurorag",
      "password": "auroragpass",
      "birthDate": "1995-12-15",
      "image": "https://dummyjson.com/icon/aurorag/128",
      "bloodGroup": "B+",
      "height": 185.79,
      "weight": 53.66,
      "eyeColor": "Green",
      "hair": {
        "color": "Red",
        "type": "Curly"
      },
      "ip": "204.17.198.20",
      "address": {
        "address": "1184 Adams Street",
        "city": "New York",
        "state": "Idaho",
        "stateCode": "ID",
        "postalCode": "19201",
        "coordinates": {
          "lat": -20.67407,
          "lng": 107.281052
        },
        "country": "United States"
      },
      "macAddress": "8c:49:78:e2:70:b2",
      "university": "Georgetown University",
      "bank": {
        "cardExpire": "05/29",
        "cardNumber": "5711570153778161",
        "cardType": "JCB",
        "currency": "EUR",
        "iban": "UJ7Q5UKAUR8FVDURX944IHXN"
      },
      "company": {
        "department": "Sales",
        "name": "Cassin Group",
        "title": "Chief Financial Officer",
        "address": {
          "address": "478 Ninth Street",
          "city": "Phoenix",
          "state": "Connecticut",
          "stateCode": "CT",
          "postalCode": "39433",
          "coordinates": {
            "lat": -19.046529,
            "lng": 48.682257
          },
          "country": "United States"
        }
      },
      "ein": "470-547",
      "ssn": "310-708-861",
      "userAgent": "Mozilla/5.0 (Windows NT 10.0; Win64; x64) AppleWebKit/537.36 (KHTML, like Gecko) Edge/97.0.1072.76 Safari/537.36",
      "crypto": {
        "coin": "Bitcoin",
        "wallet": "0xb9fc2fe63b2a6c003f1c324c3bfa53259162181a",
        "network": "Ethereum (ERC20)"
      },
      "role": "user"
    },
    {
      "id": 180,
      "firstName": "Aurora",
      "lastName": "Rodriguez",
      "maidenName": "Nelson",
      "age": 31,
      "gender": "female",
      "email": "aurora.rodriguez@x.dummyjson.com",
      "phone": "+61 393-225-2755",
      "username": "auroran",
      "password": "auroranpass",
      "birthDate": "1993-11-23",
      "image": "https://dummyjson.com/icon/auroran/128",
      "bloodGroup": "AB+",
      "height": 164.92,
      "weight": 65.48,
      "eyeColor": "Brown",
      "hair": {
        "color": "Black",
        "type": "Kinky"
      },
      "ip": "127.15.107.0",
      "address": {
        "address": "1388 Madison Street",
        "city": "Chicago",
        "state": "Missouri",
        "stateCode": "MO",
        "postalCode": "60765",
        "coordinates": {
          "lat": 11.918088,
          "lng": -78.222936
        },
        "country": "United States"
      },
      "macAddress": "a0:81:60:92:50:e9",
      "university": "University of Virginia",
      "bank": {
        "cardExpire": "04/28",
        "cardNumber": "1017932250628592",
        "cardType": "JCB",
        "currency": "GBP",
        "iban": "AZX7GCSMLOULZE0VZTS35KJT"
      },
      "company": {
        "department": "Research and Development",
        "name": "Runolfsson, Kohler and Welch",
        "title": "Software Engineer",
        "address": {
          "address": "1277 Third Street",
          "city": "Chicago",
          "state": "North Dakota",
          "stateCode": "ND",
          "postalCode": "37621",
          "coordinates": {
            "lat": 35.160252,
            "lng": -141.580146
          },
          "country": "United States"
        }
      },
      "ein": "225-878",
      "ssn": "879-917-944",
      "userAgent": "Mozilla/5.0 (Macintosh; Intel Mac OS X 10_15_7) AppleWebKit/537.36 (KHTML, like Gecko) Chrome/95.0.4638.69 Safari/537.36",
      "crypto": {
        "coin": "Bitcoin",
        "wallet": "0xb9fc2fe63b2a6c003f1c324c3bfa53259162181a",
        "network": "Ethereum (ERC20)"
      },
      "role": "user"
    },
    {
      "id": 81,
      "firstName": "Austin",
      "lastName": "Hudson",
      "maidenName": "",
      "age": 29,
      "gender": "male",
      "email": "austin.hudson@x.dummyjson.com",
      "phone": "+81 405-412-4250",
      "username": "austinh",
      "password": "austinhpass",
      "birthDate": "1995-5-1",
      "image": "https://dummyjson.com/icon/austinh/128",
      "bloodGroup": "A-",
      "height": 189.77,
      "weight": 66.83,
      "eyeColor": "Blue",
      "hair": {
        "color": "Blue",
        "type": "Straight"
      },
      "ip": "147.130.253.116",
      "address": {
        "address": "1468 Eighth Street",
        "city": "Los Angeles",
        "state": "Maryland",
        "stateCode": "MD",
        "postalCode": "64305",
        "coordinates": {
          "lat": -28.392471,
          "lng": -44.144328
        },
        "country": "United States"
      },
      "macAddress": "e:c0:3:62:e2:d0",
      "university": "University of Michigan--Ann Arbor",
      "bank": {
        "cardExpire": "01/26",
        "cardNumber": "5515141157559443",
        "cardType": "RuPay",
        "currency": "BRL",
        "iban": "EKNTM4G13586PSAG2A9L1JLB"
      },
      "company": {
        "department": "Sales",
        "name": "Okuneva Group",
        "title": "Legal Counsel",
        "address": {
          "address": "1323 Adams Street",
          "city": "Jacksonville",
          "state": "Mississippi",
          "stateCode": "MS",
          "postalCode": "18643",
          "coordinates": {
            "lat": -47.033335,
            "lng": -68.205081
          },
          "country": "United States"
        }
      },
      "ein": "536-921",
      "ssn": "731-202-997",
      "userAgent": "Mozilla/5.0 (Windows NT 10.0; Win64; x64) AppleWebKit/537.36 (KHTML, like Gecko) Chrome/97.0.4692.99 Safari/537.36",
      "crypto": {
        "coin": "Bitcoin",
        "wallet": "0xb9fc2fe63b2a6c003f1c324c3bfa53259162181a",
        "network": "Ethereum (ERC20)"
      },
      "role": "user"
    },
    {
      "id": 92,
      "firstName": "Autumn",
      "lastName": "Gomez",
      "maidenName": "",
      "age": 26,
      "gender": "female",
      "email": "autumn.gomez@x.dummyjson.com",
      "phone": "+1 340-455-2897",
      "username": "autumng",
      "password": "autumngpass",
      "birthDate": "1998-2-1",
      "image": "https://dummyjson.com/icon/autumng/128",
      "bloodGroup": "A-",
      "height": 182.61,
      "weight": 92.77,
      "eyeColor": "Amber",
      "hair": {
        "color": "Purple",
        "type": "Wavy"
      },
      "ip": "104.233.56.225",
      "address": {
        "address": "1585 Washington Street",
        "city": "Dallas",
        "state": "Illinois",
        "stateCode": "IL",
        "postalCode": "53203",
        "coordinates": {
          "lat": 27.443768,
          "lng": -176.861979
        },
        "country": "United States"
      },
      "macAddress": "75:e4:8e:ea:ce:9d",
      "university": "University of Chicago",
      "bank": {
        "cardExpire": "03/27",
        "cardNumber": "7832657139737556",
        "cardType": "American Express",
        "currency": "BRL",
        "iban": "H18JQOGY5KBX53QKVILJIP9O"
      },
      "company": {
        "department": "Product Management",
        "name": "Kuhlman LLC",
        "title": "Business Analyst",
        "address": {
          "address": "1818 Jefferson Street",
          "city": "Philadelphia",
          "state": "New York",
          "stateCode": "NY",
          "postalCode": "69388",
          "coordinates": {
            "lat": -46.202815,
            "lng": 163.840848
          },
          "country": "United States"
        }
      },
      "ein": "411-642",
      "ssn": "165-661-612",
      "userAgent": "Mozilla/5.0 (Macintosh; Intel Mac OS X 10_15_7) AppleWebKit/537.36 (KHTML, like Gecko) Chrome/96.0.4664.45 Safari/537.36",
      "crypto": {
        "coin": "Bitcoin",
        "wallet": "0xb9fc2fe63b2a6c003f1c324c3bfa53259162181a",
        "network": "Ethereum (ERC20)"
      },
      "role": "user"
    },
    {
      "id": 8,
      "firstName": "Ava",
      "lastName": "Taylor",
      "maidenName": "",
      "age": 27,
      "gender": "female",
      "email": "ava.taylor@x.dummyjson.com",
      "phone": "+1 458-853-7877",
      "username": "avat",
      "password": "avatpass",
      "birthDate": "1997-8-25",
      "image": "https://dummyjson.com/icon/avat/128",
      "bloodGroup": "AB-",
      "height": 168.47,
      "weight": 57.08,
      "eyeColor": "Hazel",
      "hair": {
        "color": "Red",
        "type": "Kinky"
      },
      "ip": "150.73.197.233",
      "address": {
        "address": "1197 First Street",
        "city": "Fort Worth",
        "state": "Rhode Island",
        "stateCode": "RI",
        "postalCode": "24771",
        "coordinates": {
          "lat": -81.194833,
          "lng": -87.948158
        },
        "country": "United States"
      },
      "macAddress": "8d:2e:c2:d6:e7:a8",
      "university": "University of Wisconsin--Madison",
      "bank": {
        "cardExpire": "01/29",
        "cardNumber": "6412128967460199",
        "cardType": "Maestro",
        "currency": "CNY",
        "iban": "TS66YQ8R16OX7IJKLUONDQHP"
      },
      "company": {
        "department": "Marketing",
        "name": "Nikolaus Inc",
        "title": "Chief Executive Officer",
        "address": {
          "address": "930 Lincoln Street",
          "city": "Austin",
          "state": "Colorado",
          "stateCode": "CO",
          "postalCode": "47592",
          "coordinates": {
            "lat": 87.970083,
            "lng": -42.769351
          },
          "country": "United States"
        }
      },
      "ein": "297-762",
      "ssn": "257-419-109",
      "userAgent": "Mozilla/5.0 (Windows NT 10.0; Win64; x64) AppleWebKit/537.36 (KHTML, like Gecko) Chrome/96.0.4664.45 Safari/537.36",
      "crypto": {
        "coin": "Bitcoin",
        "wallet": "0xb9fc2fe63b2a6c003f1c324c3bfa53259162181a",
        "network": "Ethereum (ERC20)"
      },
      "role": "moderator"
    },
    {
      "id": 54,
      "firstName": "Ava",
      "lastName": "Harrison",
      "maidenName": "",
      "age": 28,
      "gender": "female",
      "email": "ava.harrison@x.dummyjson.com",
      "phone": "+44 926-778-4653",
      "username": "avah",
      "password": "avahpass",
      "birthDate": "1996-4-22",
      "image": "https://dummyjson.com/icon/avah/128",
      "bloodGroup": "O-",
      "height": 155.72,
      "weight": 93.47,
      "eyeColor": "Hazel",
      "hair": {
        "color": "Brown",
        "type": "Curly"
      },
      "ip": "225.40.138.177",
      "address": {
        "address": "1094 Adams Street",
        "city": "San Antonio",
        "state": "Vermont",
        "stateCode": "VT",
        "postalCode": "14336",
        "coordinates": {
          "lat": -84.032892,
          "lng": -46.255902
        },
        "country": "United States"
      },
      "macAddress": "4e:2b:e4:33:7a:f8",
      "university": "Harvard University",
      "bank": {
        "cardExpire": "02/26",
        "cardNumber": "0450868014964799",
        "cardType": "UnionPay",
        "currency": "CAD",
        "iban": "MAJR8E5TRHGU1G6BTOB7VC0M"
      },
      "company": {
        "department": "Engineering",
        "name": "Blanda - Jacobson",
        "title": "Legal Counsel",
        "address": {
          "address": "1374 Cedar Street",
          "city": "Philadelphia",
          "state": "Delaware",
          "stateCode": "DE",
          "postalCode": "21641",
          "coordinates": {
            "lat": -56.564069,
            "lng": -134.42879
          },
          "country": "United States"
        }
      },
      "ein": "145-780",
      "ssn": "621-536-422",
      "userAgent": "Mozilla/5.0 (Windows NT 10.0; Win64; x64) AppleWebKit/537.36 (KHTML, like Gecko) Chrome/97.0.4692.99 Safari/537.36",
      "crypto": {
        "coin": "Bitcoin",
        "wallet": "0xb9fc2fe63b2a6c003f1c324c3bfa53259162181a",
        "network": "Ethereum (ERC20)"
      },
      "role": "user"
    },
    {
      "id": 121,
      "firstName": "Ava",
      "lastName": "Harris",
      "maidenName": "",
      "age": 29,
      "gender": "female",
      "email": "ava.harris@x.dummyjson.com",
      "phone": "+44 422-227-6412",
      "username": "avahx",
      "password": "avahxpass",
      "birthDate": "1995-8-26",
      "image": "https://dummyjson.com/icon/avahx/128",
      "bloodGroup": "A-",
      "height": 199.36,
      "weight": 63.3,
      "eyeColor": "Blue",
      "hair": {
        "color": "Brown",
        "type": "Wavy"
      },
      "ip": "23.127.175.229",
      "address": {
        "address": "518 Elm Street",
        "city": "San Antonio",
        "state": "Florida",
        "stateCode": "FL",
        "postalCode": "35171",
        "coordinates": {
          "lat": 74.817644,
          "lng": 15.72801
        },
        "country": "United States"
      },
      "macAddress": "4:c3:e9:35:23:2a",
      "university": "University of Florida",
      "bank": {
        "cardExpire": "04/29",
        "cardNumber": "8933423589330803",
        "cardType": "Carte Bancaire",
        "currency": "SEK",
        "iban": "ILPFCYQSHV9VGE8E9JZ6DMGS"
      },
      "company": {
        "department": "Marketing",
        "name": "Lebsack Inc",
        "title": "Engineer",
        "address": {
          "address": "1495 First Street",
          "city": "Columbus",
          "state": "Alaska",
          "stateCode": "AK",
          "postalCode": "64989",
          "coordinates": {
            "lat": 18.943383,
            "lng": -136.717336
          },
          "country": "United States"
        }
      },
      "ein": "715-161",
      "ssn": "906-771-261",
      "userAgent": "Mozilla/5.0 (Windows NT 10.0; Win64; x64) AppleWebKit/537.36 (KHTML, like Gecko) Chrome/96.0.4664.93 Safari/537.36",
      "crypto": {
        "coin": "Bitcoin",
        "wallet": "0xb9fc2fe63b2a6c003f1c324c3bfa53259162181a",
        "network": "Ethereum (ERC20)"
      },
      "role": "user"
    },
    {
      "id": 16,
      "firstName": "Avery",
      "lastName": "Perez",
      "maidenName": "",
      "age": 25,
      "gender": "female",
      "email": "avery.perez@x.dummyjson.com",
      "phone": "+61 731-431-3457",
      "username": "averyp",
      "password": "averyppass",
      "birthDate": "1999-3-10",
      "image": "https://dummyjson.com/icon/averyp/128",
      "bloodGroup": "O-",
      "height": 172.68,
      "weight": 93.9,
      "eyeColor": "Brown",
      "hair": {
        "color": "Green",
        "type": "Curly"
      },
      "ip": "131.217.4.214",
      "address": {
        "address": "1125 First Street",
        "city": "Columbus",
        "state": "Iowa",
        "stateCode": "IA",
        "postalCode": "30973",
        "coordinates": {
          "lat": 12.789127,
          "lng": 85.792598
        },
        "country": "United States"
      },
      "macAddress": "b3:ff:f3:c5:37:46",
      "university": "Harvard University",
      "bank": {
        "cardExpire": "04/27",
        "cardNumber": "0961014686718571",
        "cardType": "Carte Bancaire",
        "currency": "USD",
        "iban": "28JYZAY4KYT48YI8QW40PWXR"
      },
      "company": {
        "department": "Accounting",
        "name": "Herzog Inc",
        "title": "Database Administrator",
        "address": {
          "address": "183 Maple Street",
          "city": "New York",
          "state": "Rhode Island",
          "stateCode": "RI",
          "postalCode": "45238",
          "coordinates": {
            "lat": -53.318189,
            "lng": 105.835271
          },
          "country": "United States"
        }
      },
      "ein": "348-493",
      "ssn": "679-523-686",
      "userAgent": "Mozilla/5.0 (Macintosh; Intel Mac OS X 10_15_7) AppleWebKit/537.36 (KHTML, like Gecko) Chrome/95.0.4638.69 Safari/537.36",
      "crypto": {
        "coin": "Bitcoin",
        "wallet": "0xb9fc2fe63b2a6c003f1c324c3bfa53259162181a",
        "network": "Ethereum (ERC20)"
      },
      "role": "user"
    },
    {
      "id": 42,
      "firstName": "Avery",
      "lastName": "Carter",
      "maidenName": "",
      "age": 28,
      "gender": "female",
      "email": "avery.carter@x.dummyjson.com",
      "phone": "+44 254-655-6112",
      "username": "averyc",
      "password": "averycpass",
      "birthDate": "1996-8-21",
      "image": "https://dummyjson.com/icon/averyc/128",
      "bloodGroup": "B-",
      "height": 179.92,
      "weight": 59.37,
      "eyeColor": "Blue",
      "hair": {
        "color": "Blue",
        "type": "Straight"
      },
      "ip": "187.69.252.251",
      "address": {
        "address": "1999 Seventh Street",
        "city": "San Diego",
        "state": "West Virginia",
        "stateCode": "WV",
        "postalCode": "13916",
        "coordinates": {
          "lat": -59.303292,
          "lng": -87.318538
        },
        "country": "United States"
      },
      "macAddress": "f0:9a:ba:d9:48:d5",
      "university": "Yale University",
      "bank": {
        "cardExpire": "01/29",
        "cardNumber": "5465476274483180",
        "cardType": "Maestro",
        "currency": "EUR",
        "iban": "PMD8YU00ONQZ6N15NUIUA664"
      },
      "company": {
        "department": "Support",
        "name": "Schmidt - Hyatt",
        "title": "Sales Manager",
        "address": {
          "address": "979 Tenth Street",
          "city": "San Jose",
          "state": "New York",
          "stateCode": "NY",
          "postalCode": "59824",
          "coordinates": {
            "lat": -5.788002,
            "lng": 88.846665
          },
          "country": "United States"
        }
      },
      "ein": "854-428",
      "ssn": "902-510-406",
      "userAgent": "Mozilla/5.0 (Macintosh; Intel Mac OS X 10_15_7) AppleWebKit/537.36 (KHTML, like Gecko) Chrome/95.0.4638.54 Safari/537.36",
      "crypto": {
        "coin": "Bitcoin",
        "wallet": "0xb9fc2fe63b2a6c003f1c324c3bfa53259162181a",
        "network": "Ethereum (ERC20)"
      },
      "role": "user"
    }
  ],
  "total": 208,
  "skip": 0,
  "limit": 30
}
 
]]></system-out>
  </testcase>
  <testcase name="[9:101] Get User&apos;s Carts by User ID" classname="dummyjson/Users" time="0.099">
    <system-out><![CDATA[17:56:13.285 [main] DEBUG org.apache.http.client.protocol.RequestAddCookies -- CookieSpec selected: karate
17:56:13.285 [main] DEBUG org.apache.http.client.protocol.RequestAuthCache -- Auth cache not set in the context
17:56:13.285 [main] DEBUG com.intuit.karate -- request:
1 > GET https://dummyjson.com/users/6/carts
1 > Host: dummyjson.com
1 > Connection: Keep-Alive
1 > User-Agent: Apache-HttpClient/4.5.14 (Java/21.0.8)
1 > Accept-Encoding: gzip,deflate


17:56:13.285 [main] DEBUG org.apache.http.impl.conn.PoolingHttpClientConnectionManager -- Connection request: [route: {s}->https://dummyjson.com:443][total available: 0; route allocated: 0 of 5; total allocated: 0 of 10]
17:56:13.285 [main] DEBUG org.apache.http.impl.conn.PoolingHttpClientConnectionManager -- Connection leased: [id: 9][route: {s}->https://dummyjson.com:443][total available: 0; route allocated: 1 of 5; total allocated: 1 of 10]
17:56:13.285 [main] DEBUG org.apache.http.impl.execchain.MainClientExec -- Opening connection {s}->https://dummyjson.com:443
17:56:13.285 [main] DEBUG org.apache.http.impl.conn.DefaultHttpClientConnectionOperator -- Connecting to dummyjson.com/66.33.22.3:443
17:56:13.286 [main] DEBUG org.apache.http.conn.ssl.SSLConnectionSocketFactory -- Connecting socket to dummyjson.com/66.33.22.3:443 with timeout 30000
17:56:13.307 [main] DEBUG org.apache.http.conn.ssl.SSLConnectionSocketFactory -- Enabled protocols: [TLSv1.3, TLSv1.2]
17:56:13.307 [main] DEBUG org.apache.http.conn.ssl.SSLConnectionSocketFactory -- Enabled cipher suites:[TLS_AES_256_GCM_SHA384, TLS_AES_128_GCM_SHA256, TLS_CHACHA20_POLY1305_SHA256, TLS_ECDHE_ECDSA_WITH_AES_256_GCM_SHA384, TLS_ECDHE_ECDSA_WITH_AES_128_GCM_SHA256, TLS_ECDHE_ECDSA_WITH_CHACHA20_POLY1305_SHA256, TLS_ECDHE_RSA_WITH_AES_256_GCM_SHA384, TLS_ECDHE_RSA_WITH_CHACHA20_POLY1305_SHA256, TLS_ECDHE_RSA_WITH_AES_128_GCM_SHA256, TLS_DHE_RSA_WITH_AES_256_GCM_SHA384, TLS_DHE_RSA_WITH_CHACHA20_POLY1305_SHA256, TLS_DHE_DSS_WITH_AES_256_GCM_SHA384, TLS_DHE_RSA_WITH_AES_128_GCM_SHA256, TLS_DHE_DSS_WITH_AES_128_GCM_SHA256, TLS_ECDHE_ECDSA_WITH_AES_256_CBC_SHA384, TLS_ECDHE_RSA_WITH_AES_256_CBC_SHA384, TLS_ECDHE_ECDSA_WITH_AES_128_CBC_SHA256, TLS_ECDHE_RSA_WITH_AES_128_CBC_SHA256, TLS_DHE_RSA_WITH_AES_256_CBC_SHA256, TLS_DHE_DSS_WITH_AES_256_CBC_SHA256, TLS_DHE_RSA_WITH_AES_128_CBC_SHA256, TLS_DHE_DSS_WITH_AES_128_CBC_SHA256, TLS_ECDHE_ECDSA_WITH_AES_256_CBC_SHA, TLS_ECDHE_RSA_WITH_AES_256_CBC_SHA, TLS_ECDHE_ECDSA_WITH_AES_128_CBC_SHA, TLS_ECDHE_RSA_WITH_AES_128_CBC_SHA, TLS_DHE_RSA_WITH_AES_256_CBC_SHA, TLS_DHE_DSS_WITH_AES_256_CBC_SHA, TLS_DHE_RSA_WITH_AES_128_CBC_SHA, TLS_DHE_DSS_WITH_AES_128_CBC_SHA, TLS_RSA_WITH_AES_256_GCM_SHA384, TLS_RSA_WITH_AES_128_GCM_SHA256, TLS_RSA_WITH_AES_256_CBC_SHA256, TLS_RSA_WITH_AES_128_CBC_SHA256, TLS_RSA_WITH_AES_256_CBC_SHA, TLS_RSA_WITH_AES_128_CBC_SHA, TLS_EMPTY_RENEGOTIATION_INFO_SCSV]
17:56:13.307 [main] DEBUG org.apache.http.conn.ssl.SSLConnectionSocketFactory -- Starting handshake
17:56:13.334 [main] DEBUG org.apache.http.conn.ssl.SSLConnectionSocketFactory -- Secure session established
17:56:13.334 [main] DEBUG org.apache.http.conn.ssl.SSLConnectionSocketFactory --  negotiated protocol: TLSv1.3
17:56:13.334 [main] DEBUG org.apache.http.conn.ssl.SSLConnectionSocketFactory --  negotiated cipher suite: TLS_AES_128_GCM_SHA256
17:56:13.334 [main] DEBUG org.apache.http.conn.ssl.SSLConnectionSocketFactory --  peer principal: CN=dummyjson.com
17:56:13.334 [main] DEBUG org.apache.http.conn.ssl.SSLConnectionSocketFactory --  peer alternative names: [dummyjson.com]
17:56:13.334 [main] DEBUG org.apache.http.conn.ssl.SSLConnectionSocketFactory --  issuer principal: CN=R11, O=Let's Encrypt, C=US
17:56:13.334 [main] DEBUG org.apache.http.impl.conn.DefaultHttpClientConnectionOperator -- Connection established 192.168.1.4:53095<->66.33.22.3:443
17:56:13.334 [main] DEBUG org.apache.http.impl.conn.DefaultManagedHttpClientConnection -- http-outgoing-9: set socket timeout to 30000
17:56:13.334 [main] DEBUG org.apache.http.impl.execchain.MainClientExec -- Executing request GET /users/6/carts HTTP/1.1
17:56:13.334 [main] DEBUG org.apache.http.impl.execchain.MainClientExec -- Target auth state: UNCHALLENGED
17:56:13.334 [main] DEBUG org.apache.http.impl.execchain.MainClientExec -- Proxy auth state: UNCHALLENGED
17:56:13.334 [main] DEBUG org.apache.http.headers -- http-outgoing-9 >> GET /users/6/carts HTTP/1.1
17:56:13.334 [main] DEBUG org.apache.http.headers -- http-outgoing-9 >> Host: dummyjson.com
17:56:13.334 [main] DEBUG org.apache.http.headers -- http-outgoing-9 >> Connection: Keep-Alive
17:56:13.334 [main] DEBUG org.apache.http.headers -- http-outgoing-9 >> User-Agent: Apache-HttpClient/4.5.14 (Java/21.0.8)
17:56:13.334 [main] DEBUG org.apache.http.headers -- http-outgoing-9 >> Accept-Encoding: gzip,deflate
17:56:13.334 [main] DEBUG org.apache.http.wire -- http-outgoing-9 >> "GET /users/6/carts HTTP/1.1[\r][\n]"
17:56:13.334 [main] DEBUG org.apache.http.wire -- http-outgoing-9 >> "Host: dummyjson.com[\r][\n]"
17:56:13.334 [main] DEBUG org.apache.http.wire -- http-outgoing-9 >> "Connection: Keep-Alive[\r][\n]"
17:56:13.334 [main] DEBUG org.apache.http.wire -- http-outgoing-9 >> "User-Agent: Apache-HttpClient/4.5.14 (Java/21.0.8)[\r][\n]"
17:56:13.334 [main] DEBUG org.apache.http.wire -- http-outgoing-9 >> "Accept-Encoding: gzip,deflate[\r][\n]"
17:56:13.334 [main] DEBUG org.apache.http.wire -- http-outgoing-9 >> "[\r][\n]"
17:56:13.355 [main] DEBUG org.apache.http.wire -- http-outgoing-9 << "HTTP/1.1 200 OK[\r][\n]"
17:56:13.355 [main] DEBUG org.apache.http.wire -- http-outgoing-9 << "Access-Control-Allow-Origin: *[\r][\n]"
17:56:13.355 [main] DEBUG org.apache.http.wire -- http-outgoing-9 << "Content-Length: 901[\r][\n]"
17:56:13.355 [main] DEBUG org.apache.http.wire -- http-outgoing-9 << "Content-Type: application/json; charset=utf-8[\r][\n]"
17:56:13.355 [main] DEBUG org.apache.http.wire -- http-outgoing-9 << "Date: Sun, 03 Aug 2025 10:56:13 GMT[\r][\n]"
17:56:13.355 [main] DEBUG org.apache.http.wire -- http-outgoing-9 << "Etag: W/"385-ITR3LUmAAhlOUYo0SP5jQkppvNY"[\r][\n]"
17:56:13.355 [main] DEBUG org.apache.http.wire -- http-outgoing-9 << "Server: railway-edge[\r][\n]"
17:56:13.355 [main] DEBUG org.apache.http.wire -- http-outgoing-9 << "Strict-Transport-Security: max-age=15552000; includeSubDomains[\r][\n]"
17:56:13.355 [main] DEBUG org.apache.http.wire -- http-outgoing-9 << "Vary: Accept-Encoding[\r][\n]"
17:56:13.355 [main] DEBUG org.apache.http.wire -- http-outgoing-9 << "X-Content-Type-Options: nosniff[\r][\n]"
17:56:13.355 [main] DEBUG org.apache.http.wire -- http-outgoing-9 << "X-Dns-Prefetch-Control: off[\r][\n]"
17:56:13.355 [main] DEBUG org.apache.http.wire -- http-outgoing-9 << "X-Download-Options: noopen[\r][\n]"
17:56:13.355 [main] DEBUG org.apache.http.wire -- http-outgoing-9 << "X-Frame-Options: SAMEORIGIN[\r][\n]"
17:56:13.355 [main] DEBUG org.apache.http.wire -- http-outgoing-9 << "X-Powered-By: Cats on Keyboards[\r][\n]"
17:56:13.355 [main] DEBUG org.apache.http.wire -- http-outgoing-9 << "X-Railway-Edge: railway/asia-southeast1-eqsg3a[\r][\n]"
17:56:13.355 [main] DEBUG org.apache.http.wire -- http-outgoing-9 << "X-Railway-Request-Id: tKcOwfyDREeqzeliacI7Nw[\r][\n]"
17:56:13.355 [main] DEBUG org.apache.http.wire -- http-outgoing-9 << "X-Ratelimit-Limit: 100[\r][\n]"
17:56:13.355 [main] DEBUG org.apache.http.wire -- http-outgoing-9 << "X-Ratelimit-Remaining: 94[\r][\n]"
17:56:13.355 [main] DEBUG org.apache.http.wire -- http-outgoing-9 << "X-Ratelimit-Reset: 1754218583[\r][\n]"
17:56:13.355 [main] DEBUG org.apache.http.wire -- http-outgoing-9 << "X-Xss-Protection: 1; mode=block[\r][\n]"
17:56:13.355 [main] DEBUG org.apache.http.wire -- http-outgoing-9 << "[\r][\n]"
17:56:13.355 [main] DEBUG org.apache.http.wire -- http-outgoing-9 << "{"carts":[{"id":24,"products":[{"id":108,"title":"iPhone 12 Silicone Case with MagSafe Plum","price":29.99,"quantity":5,"total":149.95,"discountPercentage":14.68,"discountedTotal":127.94,"thumbnail":"https://cdn.dummyjson.com/products/images/mobile-accessories/iPhone%2012%20Silicone%20Case%20with%20MagSafe%20Plum/thumbnail.png"},{"id":134,"title":"Vivo S1","price":249.99,"quantity":4,"total":999.96,"discountPercentage":5.64,"discountedTotal":943.56,"thumbnail":"https://cdn.dummyjson.com/products/images/smartphon"
17:56:13.355 [main] DEBUG org.apache.http.headers -- http-outgoing-9 << HTTP/1.1 200 OK
17:56:13.355 [main] DEBUG org.apache.http.headers -- http-outgoing-9 << Access-Control-Allow-Origin: *
17:56:13.355 [main] DEBUG org.apache.http.headers -- http-outgoing-9 << Content-Length: 901
17:56:13.355 [main] DEBUG org.apache.http.headers -- http-outgoing-9 << Content-Type: application/json; charset=utf-8
17:56:13.355 [main] DEBUG org.apache.http.headers -- http-outgoing-9 << Date: Sun, 03 Aug 2025 10:56:13 GMT
17:56:13.355 [main] DEBUG org.apache.http.headers -- http-outgoing-9 << Etag: W/"385-ITR3LUmAAhlOUYo0SP5jQkppvNY"
17:56:13.355 [main] DEBUG org.apache.http.headers -- http-outgoing-9 << Server: railway-edge
17:56:13.355 [main] DEBUG org.apache.http.headers -- http-outgoing-9 << Strict-Transport-Security: max-age=15552000; includeSubDomains
17:56:13.355 [main] DEBUG org.apache.http.headers -- http-outgoing-9 << Vary: Accept-Encoding
17:56:13.355 [main] DEBUG org.apache.http.headers -- http-outgoing-9 << X-Content-Type-Options: nosniff
17:56:13.355 [main] DEBUG org.apache.http.headers -- http-outgoing-9 << X-Dns-Prefetch-Control: off
17:56:13.355 [main] DEBUG org.apache.http.headers -- http-outgoing-9 << X-Download-Options: noopen
17:56:13.355 [main] DEBUG org.apache.http.headers -- http-outgoing-9 << X-Frame-Options: SAMEORIGIN
17:56:13.355 [main] DEBUG org.apache.http.headers -- http-outgoing-9 << X-Powered-By: Cats on Keyboards
17:56:13.355 [main] DEBUG org.apache.http.headers -- http-outgoing-9 << X-Railway-Edge: railway/asia-southeast1-eqsg3a
17:56:13.355 [main] DEBUG org.apache.http.headers -- http-outgoing-9 << X-Railway-Request-Id: tKcOwfyDREeqzeliacI7Nw
17:56:13.355 [main] DEBUG org.apache.http.headers -- http-outgoing-9 << X-Ratelimit-Limit: 100
17:56:13.355 [main] DEBUG org.apache.http.headers -- http-outgoing-9 << X-Ratelimit-Remaining: 94
17:56:13.355 [main] DEBUG org.apache.http.headers -- http-outgoing-9 << X-Ratelimit-Reset: 1754218583
17:56:13.355 [main] DEBUG org.apache.http.headers -- http-outgoing-9 << X-Xss-Protection: 1; mode=block
17:56:13.355 [main] DEBUG org.apache.http.impl.execchain.MainClientExec -- Connection can be kept alive indefinitely
17:56:13.355 [main] DEBUG org.apache.http.wire -- http-outgoing-9 << "es/Vivo%20S1/thumbnail.png"},{"id":174,"title":"Prada Women Bag","price":599.99,"quantity":1,"total":599.99,"discountPercentage":12.86,"discountedTotal":522.83,"thumbnail":"https://cdn.dummyjson.com/products/images/womens-bags/Prada%20Women%20Bag/thumbnail.png"}],"total":1749.9,"discountedTotal":1594.33,"userId":6,"totalProducts":3,"totalQuantity":10}],"total":1,"skip":0,"limit":1}"
17:56:13.355 [main] DEBUG org.apache.http.impl.conn.PoolingHttpClientConnectionManager -- Connection [id: 9][route: {s}->https://dummyjson.com:443] can be kept alive indefinitely
17:56:13.355 [main] DEBUG org.apache.http.impl.conn.DefaultManagedHttpClientConnection -- http-outgoing-9: set socket timeout to 0
17:56:13.355 [main] DEBUG org.apache.http.impl.conn.PoolingHttpClientConnectionManager -- Connection released: [id: 9][route: {s}->https://dummyjson.com:443][total available: 1; route allocated: 1 of 5; total allocated: 1 of 10]
17:56:13.355 [main] DEBUG org.apache.http.impl.conn.PoolingHttpClientConnectionManager -- Connection manager is shutting down
17:56:13.355 [main] DEBUG org.apache.http.impl.conn.DefaultManagedHttpClientConnection -- http-outgoing-9: Close connection
17:56:13.356 [main] DEBUG org.apache.http.impl.conn.PoolingHttpClientConnectionManager -- Connection manager shut down
17:56:13.356 [main] DEBUG com.intuit.karate -- response time in milliseconds: 70
1 < 200
1 < Access-Control-Allow-Origin: *
1 < Content-Length: 901
1 < Content-Type: application/json; charset=utf-8
1 < Date: Sun, 03 Aug 2025 10:56:13 GMT
1 < Etag: W/"385-ITR3LUmAAhlOUYo0SP5jQkppvNY"
1 < Server: railway-edge
1 < Strict-Transport-Security: max-age=15552000; includeSubDomains
1 < Vary: Accept-Encoding
1 < X-Content-Type-Options: nosniff
1 < X-Dns-Prefetch-Control: off
1 < X-Download-Options: noopen
1 < X-Frame-Options: SAMEORIGIN
1 < X-Powered-By: Cats on Keyboards
1 < X-Railway-Edge: railway/asia-southeast1-eqsg3a
1 < X-Railway-Request-Id: tKcOwfyDREeqzeliacI7Nw
1 < X-Ratelimit-Limit: 100
1 < X-Ratelimit-Remaining: 94
1 < X-Ratelimit-Reset: 1754218583
1 < X-Xss-Protection: 1; mode=block
{
  "carts": [
    {
      "id": 24,
      "products": [
        {
          "id": 108,
          "title": "iPhone 12 Silicone Case with MagSafe Plum",
          "price": 29.99,
          "quantity": 5,
          "total": 149.95,
          "discountPercentage": 14.68,
          "discountedTotal": 127.94,
          "thumbnail": "https://cdn.dummyjson.com/products/images/mobile-accessories/iPhone%2012%20Silicone%20Case%20with%20MagSafe%20Plum/thumbnail.png"
        },
        {
          "id": 134,
          "title": "Vivo S1",
          "price": 249.99,
          "quantity": 4,
          "total": 999.96,
          "discountPercentage": 5.64,
          "discountedTotal": 943.56,
          "thumbnail": "https://cdn.dummyjson.com/products/images/smartphones/Vivo%20S1/thumbnail.png"
        },
        {
          "id": 174,
          "title": "Prada Women Bag",
          "price": 599.99,
          "quantity": 1,
          "total": 599.99,
          "discountPercentage": 12.86,
          "discountedTotal": 522.83,
          "thumbnail": "https://cdn.dummyjson.com/products/images/womens-bags/Prada%20Women%20Bag/thumbnail.png"
        }
      ],
      "total": 1749.9,
      "discountedTotal": 1594.33,
      "userId": 6,
      "totalProducts": 3,
      "totalQuantity": 10
    }
  ],
  "total": 1,
  "skip": 0,
  "limit": 1
}


17:56:13.358 [main] DEBUG com.jayway.jsonpath.internal.path.CompiledPath -- Evaluating path: $
17:56:13.372 [main] INFO com.intuit.karate -- [print] {
  "carts": [
    {
      "id": 24,
      "products": [
        {
          "id": 108,
          "title": "iPhone 12 Silicone Case with MagSafe Plum",
          "price": 29.99,
          "quantity": 5,
          "total": 149.95,
          "discountPercentage": 14.68,
          "discountedTotal": 127.94,
          "thumbnail": "https://cdn.dummyjson.com/products/images/mobile-accessories/iPhone%2012%20Silicone%20Case%20with%20MagSafe%20Plum/thumbnail.png"
        },
        {
          "id": 134,
          "title": "Vivo S1",
          "price": 249.99,
          "quantity": 4,
          "total": 999.96,
          "discountPercentage": 5.64,
          "discountedTotal": 943.56,
          "thumbnail": "https://cdn.dummyjson.com/products/images/smartphones/Vivo%20S1/thumbnail.png"
        },
        {
          "id": 174,
          "title": "Prada Women Bag",
          "price": 599.99,
          "quantity": 1,
          "total": 599.99,
          "discountPercentage": 12.86,
          "discountedTotal": 522.83,
          "thumbnail": "https://cdn.dummyjson.com/products/images/womens-bags/Prada%20Women%20Bag/thumbnail.png"
        }
      ],
      "total": 1749.9,
      "discountedTotal": 1594.33,
      "userId": 6,
      "totalProducts": 3,
      "totalQuantity": 10
    }
  ],
  "total": 1,
  "skip": 0,
  "limit": 1
}
 
]]></system-out>
  </testcase>
  <testcase name="[10:119] Get User&apos;s Posts by User ID" classname="dummyjson/Users" time="0.079">
    <system-out><![CDATA[17:56:13.378 [main] DEBUG org.apache.http.client.protocol.RequestAddCookies -- CookieSpec selected: karate
17:56:13.378 [main] DEBUG org.apache.http.client.protocol.RequestAuthCache -- Auth cache not set in the context
17:56:13.378 [main] DEBUG com.intuit.karate -- request:
1 > GET https://dummyjson.com/users/5/posts
1 > Host: dummyjson.com
1 > Connection: Keep-Alive
1 > User-Agent: Apache-HttpClient/4.5.14 (Java/21.0.8)
1 > Accept-Encoding: gzip,deflate


17:56:13.378 [main] DEBUG org.apache.http.impl.conn.PoolingHttpClientConnectionManager -- Connection request: [route: {s}->https://dummyjson.com:443][total available: 0; route allocated: 0 of 5; total allocated: 0 of 10]
17:56:13.378 [main] DEBUG org.apache.http.impl.conn.PoolingHttpClientConnectionManager -- Connection leased: [id: 10][route: {s}->https://dummyjson.com:443][total available: 0; route allocated: 1 of 5; total allocated: 1 of 10]
17:56:13.378 [main] DEBUG org.apache.http.impl.execchain.MainClientExec -- Opening connection {s}->https://dummyjson.com:443
17:56:13.378 [main] DEBUG org.apache.http.impl.conn.DefaultHttpClientConnectionOperator -- Connecting to dummyjson.com/66.33.22.3:443
17:56:13.378 [main] DEBUG org.apache.http.conn.ssl.SSLConnectionSocketFactory -- Connecting socket to dummyjson.com/66.33.22.3:443 with timeout 30000
17:56:13.397 [main] DEBUG org.apache.http.conn.ssl.SSLConnectionSocketFactory -- Enabled protocols: [TLSv1.3, TLSv1.2]
17:56:13.397 [main] DEBUG org.apache.http.conn.ssl.SSLConnectionSocketFactory -- Enabled cipher suites:[TLS_AES_256_GCM_SHA384, TLS_AES_128_GCM_SHA256, TLS_CHACHA20_POLY1305_SHA256, TLS_ECDHE_ECDSA_WITH_AES_256_GCM_SHA384, TLS_ECDHE_ECDSA_WITH_AES_128_GCM_SHA256, TLS_ECDHE_ECDSA_WITH_CHACHA20_POLY1305_SHA256, TLS_ECDHE_RSA_WITH_AES_256_GCM_SHA384, TLS_ECDHE_RSA_WITH_CHACHA20_POLY1305_SHA256, TLS_ECDHE_RSA_WITH_AES_128_GCM_SHA256, TLS_DHE_RSA_WITH_AES_256_GCM_SHA384, TLS_DHE_RSA_WITH_CHACHA20_POLY1305_SHA256, TLS_DHE_DSS_WITH_AES_256_GCM_SHA384, TLS_DHE_RSA_WITH_AES_128_GCM_SHA256, TLS_DHE_DSS_WITH_AES_128_GCM_SHA256, TLS_ECDHE_ECDSA_WITH_AES_256_CBC_SHA384, TLS_ECDHE_RSA_WITH_AES_256_CBC_SHA384, TLS_ECDHE_ECDSA_WITH_AES_128_CBC_SHA256, TLS_ECDHE_RSA_WITH_AES_128_CBC_SHA256, TLS_DHE_RSA_WITH_AES_256_CBC_SHA256, TLS_DHE_DSS_WITH_AES_256_CBC_SHA256, TLS_DHE_RSA_WITH_AES_128_CBC_SHA256, TLS_DHE_DSS_WITH_AES_128_CBC_SHA256, TLS_ECDHE_ECDSA_WITH_AES_256_CBC_SHA, TLS_ECDHE_RSA_WITH_AES_256_CBC_SHA, TLS_ECDHE_ECDSA_WITH_AES_128_CBC_SHA, TLS_ECDHE_RSA_WITH_AES_128_CBC_SHA, TLS_DHE_RSA_WITH_AES_256_CBC_SHA, TLS_DHE_DSS_WITH_AES_256_CBC_SHA, TLS_DHE_RSA_WITH_AES_128_CBC_SHA, TLS_DHE_DSS_WITH_AES_128_CBC_SHA, TLS_RSA_WITH_AES_256_GCM_SHA384, TLS_RSA_WITH_AES_128_GCM_SHA256, TLS_RSA_WITH_AES_256_CBC_SHA256, TLS_RSA_WITH_AES_128_CBC_SHA256, TLS_RSA_WITH_AES_256_CBC_SHA, TLS_RSA_WITH_AES_128_CBC_SHA, TLS_EMPTY_RENEGOTIATION_INFO_SCSV]
17:56:13.397 [main] DEBUG org.apache.http.conn.ssl.SSLConnectionSocketFactory -- Starting handshake
17:56:13.425 [main] DEBUG org.apache.http.conn.ssl.SSLConnectionSocketFactory -- Secure session established
17:56:13.425 [main] DEBUG org.apache.http.conn.ssl.SSLConnectionSocketFactory --  negotiated protocol: TLSv1.3
17:56:13.425 [main] DEBUG org.apache.http.conn.ssl.SSLConnectionSocketFactory --  negotiated cipher suite: TLS_AES_128_GCM_SHA256
17:56:13.425 [main] DEBUG org.apache.http.conn.ssl.SSLConnectionSocketFactory --  peer principal: CN=dummyjson.com
17:56:13.425 [main] DEBUG org.apache.http.conn.ssl.SSLConnectionSocketFactory --  peer alternative names: [dummyjson.com]
17:56:13.425 [main] DEBUG org.apache.http.conn.ssl.SSLConnectionSocketFactory --  issuer principal: CN=R11, O=Let's Encrypt, C=US
17:56:13.425 [main] DEBUG org.apache.http.impl.conn.DefaultHttpClientConnectionOperator -- Connection established 192.168.1.4:53096<->66.33.22.3:443
17:56:13.425 [main] DEBUG org.apache.http.impl.conn.DefaultManagedHttpClientConnection -- http-outgoing-10: set socket timeout to 30000
17:56:13.425 [main] DEBUG org.apache.http.impl.execchain.MainClientExec -- Executing request GET /users/5/posts HTTP/1.1
17:56:13.425 [main] DEBUG org.apache.http.impl.execchain.MainClientExec -- Target auth state: UNCHALLENGED
17:56:13.425 [main] DEBUG org.apache.http.impl.execchain.MainClientExec -- Proxy auth state: UNCHALLENGED
17:56:13.425 [main] DEBUG org.apache.http.headers -- http-outgoing-10 >> GET /users/5/posts HTTP/1.1
17:56:13.425 [main] DEBUG org.apache.http.headers -- http-outgoing-10 >> Host: dummyjson.com
17:56:13.425 [main] DEBUG org.apache.http.headers -- http-outgoing-10 >> Connection: Keep-Alive
17:56:13.425 [main] DEBUG org.apache.http.headers -- http-outgoing-10 >> User-Agent: Apache-HttpClient/4.5.14 (Java/21.0.8)
17:56:13.425 [main] DEBUG org.apache.http.headers -- http-outgoing-10 >> Accept-Encoding: gzip,deflate
17:56:13.425 [main] DEBUG org.apache.http.wire -- http-outgoing-10 >> "GET /users/5/posts HTTP/1.1[\r][\n]"
17:56:13.425 [main] DEBUG org.apache.http.wire -- http-outgoing-10 >> "Host: dummyjson.com[\r][\n]"
17:56:13.425 [main] DEBUG org.apache.http.wire -- http-outgoing-10 >> "Connection: Keep-Alive[\r][\n]"
17:56:13.425 [main] DEBUG org.apache.http.wire -- http-outgoing-10 >> "User-Agent: Apache-HttpClient/4.5.14 (Java/21.0.8)[\r][\n]"
17:56:13.425 [main] DEBUG org.apache.http.wire -- http-outgoing-10 >> "Accept-Encoding: gzip,deflate[\r][\n]"
17:56:13.425 [main] DEBUG org.apache.http.wire -- http-outgoing-10 >> "[\r][\n]"
17:56:13.447 [main] DEBUG org.apache.http.wire -- http-outgoing-10 << "HTTP/1.1 200 OK[\r][\n]"
17:56:13.447 [main] DEBUG org.apache.http.wire -- http-outgoing-10 << "Access-Control-Allow-Origin: *[\r][\n]"
17:56:13.447 [main] DEBUG org.apache.http.wire -- http-outgoing-10 << "Content-Length: 714[\r][\n]"
17:56:13.447 [main] DEBUG org.apache.http.wire -- http-outgoing-10 << "Content-Type: application/json; charset=utf-8[\r][\n]"
17:56:13.447 [main] DEBUG org.apache.http.wire -- http-outgoing-10 << "Date: Sun, 03 Aug 2025 10:56:13 GMT[\r][\n]"
17:56:13.447 [main] DEBUG org.apache.http.wire -- http-outgoing-10 << "Etag: W/"2ca-1R07BqBfmZAQg8/5xQBa2Y5ftS8"[\r][\n]"
17:56:13.447 [main] DEBUG org.apache.http.wire -- http-outgoing-10 << "Server: railway-edge[\r][\n]"
17:56:13.447 [main] DEBUG org.apache.http.wire -- http-outgoing-10 << "Strict-Transport-Security: max-age=15552000; includeSubDomains[\r][\n]"
17:56:13.447 [main] DEBUG org.apache.http.wire -- http-outgoing-10 << "Vary: Accept-Encoding[\r][\n]"
17:56:13.447 [main] DEBUG org.apache.http.wire -- http-outgoing-10 << "X-Content-Type-Options: nosniff[\r][\n]"
17:56:13.447 [main] DEBUG org.apache.http.wire -- http-outgoing-10 << "X-Dns-Prefetch-Control: off[\r][\n]"
17:56:13.447 [main] DEBUG org.apache.http.wire -- http-outgoing-10 << "X-Download-Options: noopen[\r][\n]"
17:56:13.447 [main] DEBUG org.apache.http.wire -- http-outgoing-10 << "X-Frame-Options: SAMEORIGIN[\r][\n]"
17:56:13.447 [main] DEBUG org.apache.http.wire -- http-outgoing-10 << "X-Powered-By: Cats on Keyboards[\r][\n]"
17:56:13.447 [main] DEBUG org.apache.http.wire -- http-outgoing-10 << "X-Railway-Edge: railway/asia-southeast1-eqsg3a[\r][\n]"
17:56:13.447 [main] DEBUG org.apache.http.wire -- http-outgoing-10 << "X-Railway-Request-Id: ghm4k1zRTHmLKMRfDcO5xA[\r][\n]"
17:56:13.447 [main] DEBUG org.apache.http.wire -- http-outgoing-10 << "X-Ratelimit-Limit: 100[\r][\n]"
17:56:13.447 [main] DEBUG org.apache.http.wire -- http-outgoing-10 << "X-Ratelimit-Remaining: 97[\r][\n]"
17:56:13.447 [main] DEBUG org.apache.http.wire -- http-outgoing-10 << "X-Ratelimit-Reset: 1754218582[\r][\n]"
17:56:13.447 [main] DEBUG org.apache.http.wire -- http-outgoing-10 << "X-Xss-Protection: 1; mode=block[\r][\n]"
17:56:13.447 [main] DEBUG org.apache.http.wire -- http-outgoing-10 << "[\r][\n]"
17:56:13.447 [main] DEBUG org.apache.http.wire -- http-outgoing-10 << "{"posts":[{"id":61,"title":"I'm going to hire professional help tomorrow.","body":"I'm going to hire professional help tomorrow. I can't handle this anymore. She fell over the coffee table and now there is blood in her catheter. This is much more than I ever signed up to do.","tags":["fiction","classic","american"],"reactions":{"likes":1127,"dislikes":40},"views":4419,"userId":5},{"id":123,"title":"The old scholar was watching the noisy","body":"young people around him and it suddenly occurred to him that he was"
17:56:13.448 [main] DEBUG org.apache.http.headers -- http-outgoing-10 << HTTP/1.1 200 OK
17:56:13.448 [main] DEBUG org.apache.http.headers -- http-outgoing-10 << Access-Control-Allow-Origin: *
17:56:13.448 [main] DEBUG org.apache.http.headers -- http-outgoing-10 << Content-Length: 714
17:56:13.448 [main] DEBUG org.apache.http.headers -- http-outgoing-10 << Content-Type: application/json; charset=utf-8
17:56:13.448 [main] DEBUG org.apache.http.headers -- http-outgoing-10 << Date: Sun, 03 Aug 2025 10:56:13 GMT
17:56:13.448 [main] DEBUG org.apache.http.headers -- http-outgoing-10 << Etag: W/"2ca-1R07BqBfmZAQg8/5xQBa2Y5ftS8"
17:56:13.448 [main] DEBUG org.apache.http.headers -- http-outgoing-10 << Server: railway-edge
17:56:13.448 [main] DEBUG org.apache.http.headers -- http-outgoing-10 << Strict-Transport-Security: max-age=15552000; includeSubDomains
17:56:13.448 [main] DEBUG org.apache.http.headers -- http-outgoing-10 << Vary: Accept-Encoding
17:56:13.448 [main] DEBUG org.apache.http.headers -- http-outgoing-10 << X-Content-Type-Options: nosniff
17:56:13.448 [main] DEBUG org.apache.http.headers -- http-outgoing-10 << X-Dns-Prefetch-Control: off
17:56:13.448 [main] DEBUG org.apache.http.headers -- http-outgoing-10 << X-Download-Options: noopen
17:56:13.448 [main] DEBUG org.apache.http.headers -- http-outgoing-10 << X-Frame-Options: SAMEORIGIN
17:56:13.448 [main] DEBUG org.apache.http.headers -- http-outgoing-10 << X-Powered-By: Cats on Keyboards
17:56:13.448 [main] DEBUG org.apache.http.headers -- http-outgoing-10 << X-Railway-Edge: railway/asia-southeast1-eqsg3a
17:56:13.448 [main] DEBUG org.apache.http.headers -- http-outgoing-10 << X-Railway-Request-Id: ghm4k1zRTHmLKMRfDcO5xA
17:56:13.448 [main] DEBUG org.apache.http.headers -- http-outgoing-10 << X-Ratelimit-Limit: 100
17:56:13.448 [main] DEBUG org.apache.http.headers -- http-outgoing-10 << X-Ratelimit-Remaining: 97
17:56:13.448 [main] DEBUG org.apache.http.headers -- http-outgoing-10 << X-Ratelimit-Reset: 1754218582
17:56:13.448 [main] DEBUG org.apache.http.headers -- http-outgoing-10 << X-Xss-Protection: 1; mode=block
17:56:13.448 [main] DEBUG org.apache.http.impl.execchain.MainClientExec -- Connection can be kept alive indefinitely
17:56:13.448 [main] DEBUG org.apache.http.wire -- http-outgoing-10 << " the only one in the whole audience who had the privilege of freedom, ","tags":["mystery","classic"],"reactions":{"likes":1350,"dislikes":12},"views":1583,"userId":5}],"total":2,"skip":0,"limit":2}"
17:56:13.448 [main] DEBUG org.apache.http.impl.conn.PoolingHttpClientConnectionManager -- Connection [id: 10][route: {s}->https://dummyjson.com:443] can be kept alive indefinitely
17:56:13.448 [main] DEBUG org.apache.http.impl.conn.DefaultManagedHttpClientConnection -- http-outgoing-10: set socket timeout to 0
17:56:13.448 [main] DEBUG org.apache.http.impl.conn.PoolingHttpClientConnectionManager -- Connection released: [id: 10][route: {s}->https://dummyjson.com:443][total available: 1; route allocated: 1 of 5; total allocated: 1 of 10]
17:56:13.448 [main] DEBUG org.apache.http.impl.conn.PoolingHttpClientConnectionManager -- Connection manager is shutting down
17:56:13.448 [main] DEBUG org.apache.http.impl.conn.DefaultManagedHttpClientConnection -- http-outgoing-10: Close connection
17:56:13.448 [main] DEBUG org.apache.http.impl.conn.PoolingHttpClientConnectionManager -- Connection manager shut down
17:56:13.449 [main] DEBUG com.intuit.karate -- response time in milliseconds: 70
1 < 200
1 < Access-Control-Allow-Origin: *
1 < Content-Length: 714
1 < Content-Type: application/json; charset=utf-8
1 < Date: Sun, 03 Aug 2025 10:56:13 GMT
1 < Etag: W/"2ca-1R07BqBfmZAQg8/5xQBa2Y5ftS8"
1 < Server: railway-edge
1 < Strict-Transport-Security: max-age=15552000; includeSubDomains
1 < Vary: Accept-Encoding
1 < X-Content-Type-Options: nosniff
1 < X-Dns-Prefetch-Control: off
1 < X-Download-Options: noopen
1 < X-Frame-Options: SAMEORIGIN
1 < X-Powered-By: Cats on Keyboards
1 < X-Railway-Edge: railway/asia-southeast1-eqsg3a
1 < X-Railway-Request-Id: ghm4k1zRTHmLKMRfDcO5xA
1 < X-Ratelimit-Limit: 100
1 < X-Ratelimit-Remaining: 97
1 < X-Ratelimit-Reset: 1754218582
1 < X-Xss-Protection: 1; mode=block
{
  "posts": [
    {
      "id": 61,
      "title": "I'm going to hire professional help tomorrow.",
      "body": "I'm going to hire professional help tomorrow. I can't handle this anymore. She fell over the coffee table and now there is blood in her catheter. This is much more than I ever signed up to do.",
      "tags": [
        "fiction",
        "classic",
        "american"
      ],
      "reactions": {
        "likes": 1127,
        "dislikes": 40
      },
      "views": 4419,
      "userId": 5
    },
    {
      "id": 123,
      "title": "The old scholar was watching the noisy",
      "body": "young people around him and it suddenly occurred to him that he was the only one in the whole audience who had the privilege of freedom, ",
      "tags": [
        "mystery",
        "classic"
      ],
      "reactions": {
        "likes": 1350,
        "dislikes": 12
      },
      "views": 1583,
      "userId": 5
    }
  ],
  "total": 2,
  "skip": 0,
  "limit": 2
}


17:56:13.450 [main] DEBUG com.jayway.jsonpath.internal.path.CompiledPath -- Evaluating path: $
17:56:13.452 [main] INFO com.intuit.karate -- [print] {
  "posts": [
    {
      "id": 61,
      "title": "I'm going to hire professional help tomorrow.",
      "body": "I'm going to hire professional help tomorrow. I can't handle this anymore. She fell over the coffee table and now there is blood in her catheter. This is much more than I ever signed up to do.",
      "tags": [
        "fiction",
        "classic",
        "american"
      ],
      "reactions": {
        "likes": 1127,
        "dislikes": 40
      },
      "views": 4419,
      "userId": 5
    },
    {
      "id": 123,
      "title": "The old scholar was watching the noisy",
      "body": "young people around him and it suddenly occurred to him that he was the only one in the whole audience who had the privilege of freedom, ",
      "tags": [
        "mystery",
        "classic"
      ],
      "reactions": {
        "likes": 1350,
        "dislikes": 12
      },
      "views": 1583,
      "userId": 5
    }
  ],
  "total": 2,
  "skip": 0,
  "limit": 2
}
 
]]></system-out>
  </testcase>
  <testcase name="[11:134] Get User&apos;s Todos by User ID" classname="dummyjson/Users" time="0.08">
    <system-out><![CDATA[17:56:13.457 [main] DEBUG org.apache.http.client.protocol.RequestAddCookies -- CookieSpec selected: karate
17:56:13.457 [main] DEBUG org.apache.http.client.protocol.RequestAuthCache -- Auth cache not set in the context
17:56:13.457 [main] DEBUG com.intuit.karate -- request:
1 > GET https://dummyjson.com/users/7/todos
1 > Host: dummyjson.com
1 > Connection: Keep-Alive
1 > User-Agent: Apache-HttpClient/4.5.14 (Java/21.0.8)
1 > Accept-Encoding: gzip,deflate


17:56:13.457 [main] DEBUG org.apache.http.impl.conn.PoolingHttpClientConnectionManager -- Connection request: [route: {s}->https://dummyjson.com:443][total available: 0; route allocated: 0 of 5; total allocated: 0 of 10]
17:56:13.457 [main] DEBUG org.apache.http.impl.conn.PoolingHttpClientConnectionManager -- Connection leased: [id: 11][route: {s}->https://dummyjson.com:443][total available: 0; route allocated: 1 of 5; total allocated: 1 of 10]
17:56:13.457 [main] DEBUG org.apache.http.impl.execchain.MainClientExec -- Opening connection {s}->https://dummyjson.com:443
17:56:13.457 [main] DEBUG org.apache.http.impl.conn.DefaultHttpClientConnectionOperator -- Connecting to dummyjson.com/66.33.22.3:443
17:56:13.457 [main] DEBUG org.apache.http.conn.ssl.SSLConnectionSocketFactory -- Connecting socket to dummyjson.com/66.33.22.3:443 with timeout 30000
17:56:13.476 [main] DEBUG org.apache.http.conn.ssl.SSLConnectionSocketFactory -- Enabled protocols: [TLSv1.3, TLSv1.2]
17:56:13.476 [main] DEBUG org.apache.http.conn.ssl.SSLConnectionSocketFactory -- Enabled cipher suites:[TLS_AES_256_GCM_SHA384, TLS_AES_128_GCM_SHA256, TLS_CHACHA20_POLY1305_SHA256, TLS_ECDHE_ECDSA_WITH_AES_256_GCM_SHA384, TLS_ECDHE_ECDSA_WITH_AES_128_GCM_SHA256, TLS_ECDHE_ECDSA_WITH_CHACHA20_POLY1305_SHA256, TLS_ECDHE_RSA_WITH_AES_256_GCM_SHA384, TLS_ECDHE_RSA_WITH_CHACHA20_POLY1305_SHA256, TLS_ECDHE_RSA_WITH_AES_128_GCM_SHA256, TLS_DHE_RSA_WITH_AES_256_GCM_SHA384, TLS_DHE_RSA_WITH_CHACHA20_POLY1305_SHA256, TLS_DHE_DSS_WITH_AES_256_GCM_SHA384, TLS_DHE_RSA_WITH_AES_128_GCM_SHA256, TLS_DHE_DSS_WITH_AES_128_GCM_SHA256, TLS_ECDHE_ECDSA_WITH_AES_256_CBC_SHA384, TLS_ECDHE_RSA_WITH_AES_256_CBC_SHA384, TLS_ECDHE_ECDSA_WITH_AES_128_CBC_SHA256, TLS_ECDHE_RSA_WITH_AES_128_CBC_SHA256, TLS_DHE_RSA_WITH_AES_256_CBC_SHA256, TLS_DHE_DSS_WITH_AES_256_CBC_SHA256, TLS_DHE_RSA_WITH_AES_128_CBC_SHA256, TLS_DHE_DSS_WITH_AES_128_CBC_SHA256, TLS_ECDHE_ECDSA_WITH_AES_256_CBC_SHA, TLS_ECDHE_RSA_WITH_AES_256_CBC_SHA, TLS_ECDHE_ECDSA_WITH_AES_128_CBC_SHA, TLS_ECDHE_RSA_WITH_AES_128_CBC_SHA, TLS_DHE_RSA_WITH_AES_256_CBC_SHA, TLS_DHE_DSS_WITH_AES_256_CBC_SHA, TLS_DHE_RSA_WITH_AES_128_CBC_SHA, TLS_DHE_DSS_WITH_AES_128_CBC_SHA, TLS_RSA_WITH_AES_256_GCM_SHA384, TLS_RSA_WITH_AES_128_GCM_SHA256, TLS_RSA_WITH_AES_256_CBC_SHA256, TLS_RSA_WITH_AES_128_CBC_SHA256, TLS_RSA_WITH_AES_256_CBC_SHA, TLS_RSA_WITH_AES_128_CBC_SHA, TLS_EMPTY_RENEGOTIATION_INFO_SCSV]
17:56:13.476 [main] DEBUG org.apache.http.conn.ssl.SSLConnectionSocketFactory -- Starting handshake
17:56:13.502 [main] DEBUG org.apache.http.conn.ssl.SSLConnectionSocketFactory -- Secure session established
17:56:13.502 [main] DEBUG org.apache.http.conn.ssl.SSLConnectionSocketFactory --  negotiated protocol: TLSv1.3
17:56:13.502 [main] DEBUG org.apache.http.conn.ssl.SSLConnectionSocketFactory --  negotiated cipher suite: TLS_AES_128_GCM_SHA256
17:56:13.502 [main] DEBUG org.apache.http.conn.ssl.SSLConnectionSocketFactory --  peer principal: CN=dummyjson.com
17:56:13.502 [main] DEBUG org.apache.http.conn.ssl.SSLConnectionSocketFactory --  peer alternative names: [dummyjson.com]
17:56:13.502 [main] DEBUG org.apache.http.conn.ssl.SSLConnectionSocketFactory --  issuer principal: CN=R11, O=Let's Encrypt, C=US
17:56:13.503 [main] DEBUG org.apache.http.impl.conn.DefaultHttpClientConnectionOperator -- Connection established 192.168.1.4:53097<->66.33.22.3:443
17:56:13.503 [main] DEBUG org.apache.http.impl.conn.DefaultManagedHttpClientConnection -- http-outgoing-11: set socket timeout to 30000
17:56:13.503 [main] DEBUG org.apache.http.impl.execchain.MainClientExec -- Executing request GET /users/7/todos HTTP/1.1
17:56:13.503 [main] DEBUG org.apache.http.impl.execchain.MainClientExec -- Target auth state: UNCHALLENGED
17:56:13.503 [main] DEBUG org.apache.http.impl.execchain.MainClientExec -- Proxy auth state: UNCHALLENGED
17:56:13.503 [main] DEBUG org.apache.http.headers -- http-outgoing-11 >> GET /users/7/todos HTTP/1.1
17:56:13.503 [main] DEBUG org.apache.http.headers -- http-outgoing-11 >> Host: dummyjson.com
17:56:13.503 [main] DEBUG org.apache.http.headers -- http-outgoing-11 >> Connection: Keep-Alive
17:56:13.503 [main] DEBUG org.apache.http.headers -- http-outgoing-11 >> User-Agent: Apache-HttpClient/4.5.14 (Java/21.0.8)
17:56:13.503 [main] DEBUG org.apache.http.headers -- http-outgoing-11 >> Accept-Encoding: gzip,deflate
17:56:13.503 [main] DEBUG org.apache.http.wire -- http-outgoing-11 >> "GET /users/7/todos HTTP/1.1[\r][\n]"
17:56:13.503 [main] DEBUG org.apache.http.wire -- http-outgoing-11 >> "Host: dummyjson.com[\r][\n]"
17:56:13.503 [main] DEBUG org.apache.http.wire -- http-outgoing-11 >> "Connection: Keep-Alive[\r][\n]"
17:56:13.503 [main] DEBUG org.apache.http.wire -- http-outgoing-11 >> "User-Agent: Apache-HttpClient/4.5.14 (Java/21.0.8)[\r][\n]"
17:56:13.503 [main] DEBUG org.apache.http.wire -- http-outgoing-11 >> "Accept-Encoding: gzip,deflate[\r][\n]"
17:56:13.503 [main] DEBUG org.apache.http.wire -- http-outgoing-11 >> "[\r][\n]"
17:56:13.528 [main] DEBUG org.apache.http.wire -- http-outgoing-11 << "HTTP/1.1 200 OK[\r][\n]"
17:56:13.528 [main] DEBUG org.apache.http.wire -- http-outgoing-11 << "Access-Control-Allow-Origin: *[\r][\n]"
17:56:13.528 [main] DEBUG org.apache.http.wire -- http-outgoing-11 << "Content-Length: 116[\r][\n]"
17:56:13.528 [main] DEBUG org.apache.http.wire -- http-outgoing-11 << "Content-Type: application/json; charset=utf-8[\r][\n]"
17:56:13.528 [main] DEBUG org.apache.http.wire -- http-outgoing-11 << "Date: Sun, 03 Aug 2025 10:56:13 GMT[\r][\n]"
17:56:13.528 [main] DEBUG org.apache.http.wire -- http-outgoing-11 << "Etag: W/"74-rDWsslmJxUBn7jwXY8+cpj9usDM"[\r][\n]"
17:56:13.528 [main] DEBUG org.apache.http.wire -- http-outgoing-11 << "Server: railway-edge[\r][\n]"
17:56:13.528 [main] DEBUG org.apache.http.wire -- http-outgoing-11 << "Strict-Transport-Security: max-age=15552000; includeSubDomains[\r][\n]"
17:56:13.528 [main] DEBUG org.apache.http.wire -- http-outgoing-11 << "Vary: Accept-Encoding[\r][\n]"
17:56:13.528 [main] DEBUG org.apache.http.wire -- http-outgoing-11 << "X-Content-Type-Options: nosniff[\r][\n]"
17:56:13.528 [main] DEBUG org.apache.http.wire -- http-outgoing-11 << "X-Dns-Prefetch-Control: off[\r][\n]"
17:56:13.528 [main] DEBUG org.apache.http.wire -- http-outgoing-11 << "X-Download-Options: noopen[\r][\n]"
17:56:13.528 [main] DEBUG org.apache.http.wire -- http-outgoing-11 << "X-Frame-Options: SAMEORIGIN[\r][\n]"
17:56:13.528 [main] DEBUG org.apache.http.wire -- http-outgoing-11 << "X-Powered-By: Cats on Keyboards[\r][\n]"
17:56:13.528 [main] DEBUG org.apache.http.wire -- http-outgoing-11 << "X-Railway-Edge: railway/asia-southeast1-eqsg3a[\r][\n]"
17:56:13.528 [main] DEBUG org.apache.http.wire -- http-outgoing-11 << "X-Railway-Request-Id: DhTS54zxSqaL7ipWAQeqjw[\r][\n]"
17:56:13.528 [main] DEBUG org.apache.http.wire -- http-outgoing-11 << "X-Ratelimit-Limit: 100[\r][\n]"
17:56:13.528 [main] DEBUG org.apache.http.wire -- http-outgoing-11 << "X-Ratelimit-Remaining: 97[\r][\n]"
17:56:13.528 [main] DEBUG org.apache.http.wire -- http-outgoing-11 << "X-Ratelimit-Reset: 1754218581[\r][\n]"
17:56:13.528 [main] DEBUG org.apache.http.wire -- http-outgoing-11 << "X-Xss-Protection: 1; mode=block[\r][\n]"
17:56:13.528 [main] DEBUG org.apache.http.wire -- http-outgoing-11 << "[\r][\n]"
17:56:13.528 [main] DEBUG org.apache.http.wire -- http-outgoing-11 << "{"todos":[{"id":9,"todo":"Go see a Broadway production","completed":false,"userId":7}],"total":1,"skip":0,"limit":1}"
17:56:13.528 [main] DEBUG org.apache.http.headers -- http-outgoing-11 << HTTP/1.1 200 OK
17:56:13.528 [main] DEBUG org.apache.http.headers -- http-outgoing-11 << Access-Control-Allow-Origin: *
17:56:13.528 [main] DEBUG org.apache.http.headers -- http-outgoing-11 << Content-Length: 116
17:56:13.528 [main] DEBUG org.apache.http.headers -- http-outgoing-11 << Content-Type: application/json; charset=utf-8
17:56:13.528 [main] DEBUG org.apache.http.headers -- http-outgoing-11 << Date: Sun, 03 Aug 2025 10:56:13 GMT
17:56:13.528 [main] DEBUG org.apache.http.headers -- http-outgoing-11 << Etag: W/"74-rDWsslmJxUBn7jwXY8+cpj9usDM"
17:56:13.528 [main] DEBUG org.apache.http.headers -- http-outgoing-11 << Server: railway-edge
17:56:13.528 [main] DEBUG org.apache.http.headers -- http-outgoing-11 << Strict-Transport-Security: max-age=15552000; includeSubDomains
17:56:13.528 [main] DEBUG org.apache.http.headers -- http-outgoing-11 << Vary: Accept-Encoding
17:56:13.528 [main] DEBUG org.apache.http.headers -- http-outgoing-11 << X-Content-Type-Options: nosniff
17:56:13.528 [main] DEBUG org.apache.http.headers -- http-outgoing-11 << X-Dns-Prefetch-Control: off
17:56:13.528 [main] DEBUG org.apache.http.headers -- http-outgoing-11 << X-Download-Options: noopen
17:56:13.528 [main] DEBUG org.apache.http.headers -- http-outgoing-11 << X-Frame-Options: SAMEORIGIN
17:56:13.528 [main] DEBUG org.apache.http.headers -- http-outgoing-11 << X-Powered-By: Cats on Keyboards
17:56:13.528 [main] DEBUG org.apache.http.headers -- http-outgoing-11 << X-Railway-Edge: railway/asia-southeast1-eqsg3a
17:56:13.528 [main] DEBUG org.apache.http.headers -- http-outgoing-11 << X-Railway-Request-Id: DhTS54zxSqaL7ipWAQeqjw
17:56:13.528 [main] DEBUG org.apache.http.headers -- http-outgoing-11 << X-Ratelimit-Limit: 100
17:56:13.528 [main] DEBUG org.apache.http.headers -- http-outgoing-11 << X-Ratelimit-Remaining: 97
17:56:13.528 [main] DEBUG org.apache.http.headers -- http-outgoing-11 << X-Ratelimit-Reset: 1754218581
17:56:13.528 [main] DEBUG org.apache.http.headers -- http-outgoing-11 << X-Xss-Protection: 1; mode=block
17:56:13.528 [main] DEBUG org.apache.http.impl.execchain.MainClientExec -- Connection can be kept alive indefinitely
17:56:13.529 [main] DEBUG org.apache.http.impl.conn.PoolingHttpClientConnectionManager -- Connection [id: 11][route: {s}->https://dummyjson.com:443] can be kept alive indefinitely
17:56:13.529 [main] DEBUG org.apache.http.impl.conn.DefaultManagedHttpClientConnection -- http-outgoing-11: set socket timeout to 0
17:56:13.529 [main] DEBUG org.apache.http.impl.conn.PoolingHttpClientConnectionManager -- Connection released: [id: 11][route: {s}->https://dummyjson.com:443][total available: 1; route allocated: 1 of 5; total allocated: 1 of 10]
17:56:13.529 [main] DEBUG org.apache.http.impl.conn.PoolingHttpClientConnectionManager -- Connection manager is shutting down
17:56:13.529 [main] DEBUG org.apache.http.impl.conn.DefaultManagedHttpClientConnection -- http-outgoing-11: Close connection
17:56:13.529 [main] DEBUG org.apache.http.impl.conn.PoolingHttpClientConnectionManager -- Connection manager shut down
17:56:13.529 [main] DEBUG com.intuit.karate -- response time in milliseconds: 72
1 < 200
1 < Access-Control-Allow-Origin: *
1 < Content-Length: 116
1 < Content-Type: application/json; charset=utf-8
1 < Date: Sun, 03 Aug 2025 10:56:13 GMT
1 < Etag: W/"74-rDWsslmJxUBn7jwXY8+cpj9usDM"
1 < Server: railway-edge
1 < Strict-Transport-Security: max-age=15552000; includeSubDomains
1 < Vary: Accept-Encoding
1 < X-Content-Type-Options: nosniff
1 < X-Dns-Prefetch-Control: off
1 < X-Download-Options: noopen
1 < X-Frame-Options: SAMEORIGIN
1 < X-Powered-By: Cats on Keyboards
1 < X-Railway-Edge: railway/asia-southeast1-eqsg3a
1 < X-Railway-Request-Id: DhTS54zxSqaL7ipWAQeqjw
1 < X-Ratelimit-Limit: 100
1 < X-Ratelimit-Remaining: 97
1 < X-Ratelimit-Reset: 1754218581
1 < X-Xss-Protection: 1; mode=block
{
  "todos": [
    {
      "id": 9,
      "todo": "Go see a Broadway production",
      "completed": false,
      "userId": 7
    }
  ],
  "total": 1,
  "skip": 0,
  "limit": 1
}


17:56:13.530 [main] DEBUG com.jayway.jsonpath.internal.path.CompiledPath -- Evaluating path: $
17:56:13.533 [main] INFO com.intuit.karate -- [print] {
  "todos": [
    {
      "id": 9,
      "todo": "Go see a Broadway production",
      "completed": false,
      "userId": 7
    }
  ],
  "total": 1,
  "skip": 0,
  "limit": 1
}
 
]]></system-out>
  </testcase>
  <testcase name="[12:153] Add New User" classname="dummyjson/Users" time="0.075">
    <system-out><![CDATA[17:56:13.537 [main] DEBUG com.jayway.jsonpath.internal.path.CompiledPath -- Evaluating path: $
17:56:13.538 [main] DEBUG org.apache.http.client.protocol.RequestAddCookies -- CookieSpec selected: karate
17:56:13.538 [main] DEBUG org.apache.http.client.protocol.RequestAuthCache -- Auth cache not set in the context
17:56:13.538 [main] DEBUG com.intuit.karate -- request:
1 > POST https://dummyjson.com/users/add
1 > Content-Type: application/json; charset=UTF-8
1 > Content-Length: 51
1 > Host: dummyjson.com
1 > Connection: Keep-Alive
1 > User-Agent: Apache-HttpClient/4.5.14 (Java/21.0.8)
1 > Accept-Encoding: gzip,deflate
{
  "firstName": "Muhammad",
  "lastName": "Ovi",
  "age": 250
}


17:56:13.538 [main] DEBUG org.apache.http.impl.conn.PoolingHttpClientConnectionManager -- Connection request: [route: {s}->https://dummyjson.com:443][total available: 0; route allocated: 0 of 5; total allocated: 0 of 10]
17:56:13.538 [main] DEBUG org.apache.http.impl.conn.PoolingHttpClientConnectionManager -- Connection leased: [id: 12][route: {s}->https://dummyjson.com:443][total available: 0; route allocated: 1 of 5; total allocated: 1 of 10]
17:56:13.538 [main] DEBUG org.apache.http.impl.execchain.MainClientExec -- Opening connection {s}->https://dummyjson.com:443
17:56:13.538 [main] DEBUG org.apache.http.impl.conn.DefaultHttpClientConnectionOperator -- Connecting to dummyjson.com/66.33.22.3:443
17:56:13.538 [main] DEBUG org.apache.http.conn.ssl.SSLConnectionSocketFactory -- Connecting socket to dummyjson.com/66.33.22.3:443 with timeout 30000
17:56:13.558 [main] DEBUG org.apache.http.conn.ssl.SSLConnectionSocketFactory -- Enabled protocols: [TLSv1.3, TLSv1.2]
17:56:13.558 [main] DEBUG org.apache.http.conn.ssl.SSLConnectionSocketFactory -- Enabled cipher suites:[TLS_AES_256_GCM_SHA384, TLS_AES_128_GCM_SHA256, TLS_CHACHA20_POLY1305_SHA256, TLS_ECDHE_ECDSA_WITH_AES_256_GCM_SHA384, TLS_ECDHE_ECDSA_WITH_AES_128_GCM_SHA256, TLS_ECDHE_ECDSA_WITH_CHACHA20_POLY1305_SHA256, TLS_ECDHE_RSA_WITH_AES_256_GCM_SHA384, TLS_ECDHE_RSA_WITH_CHACHA20_POLY1305_SHA256, TLS_ECDHE_RSA_WITH_AES_128_GCM_SHA256, TLS_DHE_RSA_WITH_AES_256_GCM_SHA384, TLS_DHE_RSA_WITH_CHACHA20_POLY1305_SHA256, TLS_DHE_DSS_WITH_AES_256_GCM_SHA384, TLS_DHE_RSA_WITH_AES_128_GCM_SHA256, TLS_DHE_DSS_WITH_AES_128_GCM_SHA256, TLS_ECDHE_ECDSA_WITH_AES_256_CBC_SHA384, TLS_ECDHE_RSA_WITH_AES_256_CBC_SHA384, TLS_ECDHE_ECDSA_WITH_AES_128_CBC_SHA256, TLS_ECDHE_RSA_WITH_AES_128_CBC_SHA256, TLS_DHE_RSA_WITH_AES_256_CBC_SHA256, TLS_DHE_DSS_WITH_AES_256_CBC_SHA256, TLS_DHE_RSA_WITH_AES_128_CBC_SHA256, TLS_DHE_DSS_WITH_AES_128_CBC_SHA256, TLS_ECDHE_ECDSA_WITH_AES_256_CBC_SHA, TLS_ECDHE_RSA_WITH_AES_256_CBC_SHA, TLS_ECDHE_ECDSA_WITH_AES_128_CBC_SHA, TLS_ECDHE_RSA_WITH_AES_128_CBC_SHA, TLS_DHE_RSA_WITH_AES_256_CBC_SHA, TLS_DHE_DSS_WITH_AES_256_CBC_SHA, TLS_DHE_RSA_WITH_AES_128_CBC_SHA, TLS_DHE_DSS_WITH_AES_128_CBC_SHA, TLS_RSA_WITH_AES_256_GCM_SHA384, TLS_RSA_WITH_AES_128_GCM_SHA256, TLS_RSA_WITH_AES_256_CBC_SHA256, TLS_RSA_WITH_AES_128_CBC_SHA256, TLS_RSA_WITH_AES_256_CBC_SHA, TLS_RSA_WITH_AES_128_CBC_SHA, TLS_EMPTY_RENEGOTIATION_INFO_SCSV]
17:56:13.558 [main] DEBUG org.apache.http.conn.ssl.SSLConnectionSocketFactory -- Starting handshake
17:56:13.583 [main] DEBUG org.apache.http.conn.ssl.SSLConnectionSocketFactory -- Secure session established
17:56:13.583 [main] DEBUG org.apache.http.conn.ssl.SSLConnectionSocketFactory --  negotiated protocol: TLSv1.3
17:56:13.583 [main] DEBUG org.apache.http.conn.ssl.SSLConnectionSocketFactory --  negotiated cipher suite: TLS_AES_128_GCM_SHA256
17:56:13.583 [main] DEBUG org.apache.http.conn.ssl.SSLConnectionSocketFactory --  peer principal: CN=dummyjson.com
17:56:13.583 [main] DEBUG org.apache.http.conn.ssl.SSLConnectionSocketFactory --  peer alternative names: [dummyjson.com]
17:56:13.583 [main] DEBUG org.apache.http.conn.ssl.SSLConnectionSocketFactory --  issuer principal: CN=R11, O=Let's Encrypt, C=US
17:56:13.584 [main] DEBUG org.apache.http.impl.conn.DefaultHttpClientConnectionOperator -- Connection established 192.168.1.4:53098<->66.33.22.3:443
17:56:13.584 [main] DEBUG org.apache.http.impl.conn.DefaultManagedHttpClientConnection -- http-outgoing-12: set socket timeout to 30000
17:56:13.584 [main] DEBUG org.apache.http.impl.execchain.MainClientExec -- Executing request POST /users/add HTTP/1.1
17:56:13.584 [main] DEBUG org.apache.http.impl.execchain.MainClientExec -- Target auth state: UNCHALLENGED
17:56:13.584 [main] DEBUG org.apache.http.impl.execchain.MainClientExec -- Proxy auth state: UNCHALLENGED
17:56:13.584 [main] DEBUG org.apache.http.headers -- http-outgoing-12 >> POST /users/add HTTP/1.1
17:56:13.584 [main] DEBUG org.apache.http.headers -- http-outgoing-12 >> Content-Type: application/json; charset=UTF-8
17:56:13.584 [main] DEBUG org.apache.http.headers -- http-outgoing-12 >> Content-Length: 51
17:56:13.584 [main] DEBUG org.apache.http.headers -- http-outgoing-12 >> Host: dummyjson.com
17:56:13.584 [main] DEBUG org.apache.http.headers -- http-outgoing-12 >> Connection: Keep-Alive
17:56:13.584 [main] DEBUG org.apache.http.headers -- http-outgoing-12 >> User-Agent: Apache-HttpClient/4.5.14 (Java/21.0.8)
17:56:13.584 [main] DEBUG org.apache.http.headers -- http-outgoing-12 >> Accept-Encoding: gzip,deflate
17:56:13.584 [main] DEBUG org.apache.http.wire -- http-outgoing-12 >> "POST /users/add HTTP/1.1[\r][\n]"
17:56:13.584 [main] DEBUG org.apache.http.wire -- http-outgoing-12 >> "Content-Type: application/json; charset=UTF-8[\r][\n]"
17:56:13.584 [main] DEBUG org.apache.http.wire -- http-outgoing-12 >> "Content-Length: 51[\r][\n]"
17:56:13.584 [main] DEBUG org.apache.http.wire -- http-outgoing-12 >> "Host: dummyjson.com[\r][\n]"
17:56:13.584 [main] DEBUG org.apache.http.wire -- http-outgoing-12 >> "Connection: Keep-Alive[\r][\n]"
17:56:13.584 [main] DEBUG org.apache.http.wire -- http-outgoing-12 >> "User-Agent: Apache-HttpClient/4.5.14 (Java/21.0.8)[\r][\n]"
17:56:13.584 [main] DEBUG org.apache.http.wire -- http-outgoing-12 >> "Accept-Encoding: gzip,deflate[\r][\n]"
17:56:13.584 [main] DEBUG org.apache.http.wire -- http-outgoing-12 >> "[\r][\n]"
17:56:13.584 [main] DEBUG org.apache.http.wire -- http-outgoing-12 >> "{"firstName":"Muhammad","lastName":"Ovi","age":250}"
17:56:13.605 [main] DEBUG org.apache.http.wire -- http-outgoing-12 << "HTTP/1.1 201 Created[\r][\n]"
17:56:13.605 [main] DEBUG org.apache.http.wire -- http-outgoing-12 << "Access-Control-Allow-Origin: *[\r][\n]"
17:56:13.605 [main] DEBUG org.apache.http.wire -- http-outgoing-12 << "Content-Length: 665[\r][\n]"
17:56:13.605 [main] DEBUG org.apache.http.wire -- http-outgoing-12 << "Content-Type: application/json; charset=utf-8[\r][\n]"
17:56:13.605 [main] DEBUG org.apache.http.wire -- http-outgoing-12 << "Date: Sun, 03 Aug 2025 10:56:13 GMT[\r][\n]"
17:56:13.605 [main] DEBUG org.apache.http.wire -- http-outgoing-12 << "Etag: W/"299-YSjGFPda745hqzrTKI9IzhaA+5Q"[\r][\n]"
17:56:13.605 [main] DEBUG org.apache.http.wire -- http-outgoing-12 << "Server: railway-edge[\r][\n]"
17:56:13.605 [main] DEBUG org.apache.http.wire -- http-outgoing-12 << "Strict-Transport-Security: max-age=15552000; includeSubDomains[\r][\n]"
17:56:13.605 [main] DEBUG org.apache.http.wire -- http-outgoing-12 << "Vary: Accept-Encoding[\r][\n]"
17:56:13.605 [main] DEBUG org.apache.http.wire -- http-outgoing-12 << "X-Content-Type-Options: nosniff[\r][\n]"
17:56:13.605 [main] DEBUG org.apache.http.wire -- http-outgoing-12 << "X-Dns-Prefetch-Control: off[\r][\n]"
17:56:13.605 [main] DEBUG org.apache.http.wire -- http-outgoing-12 << "X-Download-Options: noopen[\r][\n]"
17:56:13.605 [main] DEBUG org.apache.http.wire -- http-outgoing-12 << "X-Frame-Options: SAMEORIGIN[\r][\n]"
17:56:13.605 [main] DEBUG org.apache.http.wire -- http-outgoing-12 << "X-Powered-By: Cats on Keyboards[\r][\n]"
17:56:13.605 [main] DEBUG org.apache.http.wire -- http-outgoing-12 << "X-Railway-Edge: railway/asia-southeast1-eqsg3a[\r][\n]"
17:56:13.605 [main] DEBUG org.apache.http.wire -- http-outgoing-12 << "X-Railway-Request-Id: BTssapz9SbuxtTG2acI7Nw[\r][\n]"
17:56:13.605 [main] DEBUG org.apache.http.wire -- http-outgoing-12 << "X-Ratelimit-Limit: 100[\r][\n]"
17:56:13.605 [main] DEBUG org.apache.http.wire -- http-outgoing-12 << "X-Ratelimit-Remaining: 93[\r][\n]"
17:56:13.605 [main] DEBUG org.apache.http.wire -- http-outgoing-12 << "X-Ratelimit-Reset: 1754218583[\r][\n]"
17:56:13.605 [main] DEBUG org.apache.http.wire -- http-outgoing-12 << "X-Xss-Protection: 1; mode=block[\r][\n]"
17:56:13.605 [main] DEBUG org.apache.http.wire -- http-outgoing-12 << "[\r][\n]"
17:56:13.605 [main] DEBUG org.apache.http.wire -- http-outgoing-12 << "{"id":209,"firstName":"Muhammad","lastName":"Ovi","maidenName":"","age":250,"gender":"","email":"","phone":"","username":"","password":"","birthDate":"","image":"","bloodGroup":"","height":null,"weight":null,"eyeColor":"","hair":{"color":"","type":""},"domain":"","ip":"","address":{"address":"","city":"","coordinates":{"lat":null,"lng":null},"postalCode":"","state":""},"macAddress":"","university":"","bank":{"cardExpire":"","cardNumber":"","cardType":"","currency":"","iban":""},"company":{"address":{"addres"
17:56:13.605 [main] DEBUG org.apache.http.headers -- http-outgoing-12 << HTTP/1.1 201 Created
17:56:13.605 [main] DEBUG org.apache.http.headers -- http-outgoing-12 << Access-Control-Allow-Origin: *
17:56:13.605 [main] DEBUG org.apache.http.headers -- http-outgoing-12 << Content-Length: 665
17:56:13.605 [main] DEBUG org.apache.http.headers -- http-outgoing-12 << Content-Type: application/json; charset=utf-8
17:56:13.605 [main] DEBUG org.apache.http.headers -- http-outgoing-12 << Date: Sun, 03 Aug 2025 10:56:13 GMT
17:56:13.605 [main] DEBUG org.apache.http.headers -- http-outgoing-12 << Etag: W/"299-YSjGFPda745hqzrTKI9IzhaA+5Q"
17:56:13.605 [main] DEBUG org.apache.http.headers -- http-outgoing-12 << Server: railway-edge
17:56:13.605 [main] DEBUG org.apache.http.headers -- http-outgoing-12 << Strict-Transport-Security: max-age=15552000; includeSubDomains
17:56:13.605 [main] DEBUG org.apache.http.headers -- http-outgoing-12 << Vary: Accept-Encoding
17:56:13.605 [main] DEBUG org.apache.http.headers -- http-outgoing-12 << X-Content-Type-Options: nosniff
17:56:13.605 [main] DEBUG org.apache.http.headers -- http-outgoing-12 << X-Dns-Prefetch-Control: off
17:56:13.605 [main] DEBUG org.apache.http.headers -- http-outgoing-12 << X-Download-Options: noopen
17:56:13.605 [main] DEBUG org.apache.http.headers -- http-outgoing-12 << X-Frame-Options: SAMEORIGIN
17:56:13.605 [main] DEBUG org.apache.http.headers -- http-outgoing-12 << X-Powered-By: Cats on Keyboards
17:56:13.605 [main] DEBUG org.apache.http.headers -- http-outgoing-12 << X-Railway-Edge: railway/asia-southeast1-eqsg3a
17:56:13.605 [main] DEBUG org.apache.http.headers -- http-outgoing-12 << X-Railway-Request-Id: BTssapz9SbuxtTG2acI7Nw
17:56:13.605 [main] DEBUG org.apache.http.headers -- http-outgoing-12 << X-Ratelimit-Limit: 100
17:56:13.605 [main] DEBUG org.apache.http.headers -- http-outgoing-12 << X-Ratelimit-Remaining: 93
17:56:13.605 [main] DEBUG org.apache.http.headers -- http-outgoing-12 << X-Ratelimit-Reset: 1754218583
17:56:13.605 [main] DEBUG org.apache.http.headers -- http-outgoing-12 << X-Xss-Protection: 1; mode=block
17:56:13.605 [main] DEBUG org.apache.http.impl.execchain.MainClientExec -- Connection can be kept alive indefinitely
17:56:13.606 [main] DEBUG org.apache.http.wire -- http-outgoing-12 << "s":"","city":"","coordinates":{"lat":null,"lng":null},"postalCode":"","state":""},"department":"","name":"","title":""},"ein":"","ssn":"","userAgent":""}"
17:56:13.606 [main] DEBUG org.apache.http.impl.conn.PoolingHttpClientConnectionManager -- Connection [id: 12][route: {s}->https://dummyjson.com:443] can be kept alive indefinitely
17:56:13.606 [main] DEBUG org.apache.http.impl.conn.DefaultManagedHttpClientConnection -- http-outgoing-12: set socket timeout to 0
17:56:13.606 [main] DEBUG org.apache.http.impl.conn.PoolingHttpClientConnectionManager -- Connection released: [id: 12][route: {s}->https://dummyjson.com:443][total available: 1; route allocated: 1 of 5; total allocated: 1 of 10]
17:56:13.606 [main] DEBUG org.apache.http.impl.conn.PoolingHttpClientConnectionManager -- Connection manager is shutting down
17:56:13.606 [main] DEBUG org.apache.http.impl.conn.DefaultManagedHttpClientConnection -- http-outgoing-12: Close connection
17:56:13.606 [main] DEBUG org.apache.http.impl.conn.PoolingHttpClientConnectionManager -- Connection manager shut down
17:56:13.606 [main] DEBUG com.intuit.karate -- response time in milliseconds: 68
1 < 201
1 < Access-Control-Allow-Origin: *
1 < Content-Length: 665
1 < Content-Type: application/json; charset=utf-8
1 < Date: Sun, 03 Aug 2025 10:56:13 GMT
1 < Etag: W/"299-YSjGFPda745hqzrTKI9IzhaA+5Q"
1 < Server: railway-edge
1 < Strict-Transport-Security: max-age=15552000; includeSubDomains
1 < Vary: Accept-Encoding
1 < X-Content-Type-Options: nosniff
1 < X-Dns-Prefetch-Control: off
1 < X-Download-Options: noopen
1 < X-Frame-Options: SAMEORIGIN
1 < X-Powered-By: Cats on Keyboards
1 < X-Railway-Edge: railway/asia-southeast1-eqsg3a
1 < X-Railway-Request-Id: BTssapz9SbuxtTG2acI7Nw
1 < X-Ratelimit-Limit: 100
1 < X-Ratelimit-Remaining: 93
1 < X-Ratelimit-Reset: 1754218583
1 < X-Xss-Protection: 1; mode=block
{
  "id": 209,
  "firstName": "Muhammad",
  "lastName": "Ovi",
  "maidenName": "",
  "age": 250,
  "gender": "",
  "email": "",
  "phone": "",
  "username": "",
  "password": "",
  "birthDate": "",
  "image": "",
  "bloodGroup": "",
  "height": null,
  "weight": null,
  "eyeColor": "",
  "hair": {
    "color": "",
    "type": ""
  },
  "domain": "",
  "ip": "",
  "address": {
    "address": "",
    "city": "",
    "coordinates": {
      "lat": null,
      "lng": null
    },
    "postalCode": "",
    "state": ""
  },
  "macAddress": "",
  "university": "",
  "bank": {
    "cardExpire": "",
    "cardNumber": "",
    "cardType": "",
    "currency": "",
    "iban": ""
  },
  "company": {
    "address": {
      "address": "",
      "city": "",
      "coordinates": {
        "lat": null,
        "lng": null
      },
      "postalCode": "",
      "state": ""
    },
    "department": "",
    "name": "",
    "title": ""
  },
  "ein": "",
  "ssn": "",
  "userAgent": ""
}


17:56:13.607 [main] DEBUG com.jayway.jsonpath.internal.path.CompiledPath -- Evaluating path: $['id']
17:56:13.608 [main] DEBUG com.jayway.jsonpath.internal.path.CompiledPath -- Evaluating path: $['firstName']
17:56:13.608 [main] DEBUG com.jayway.jsonpath.internal.path.CompiledPath -- Evaluating path: $['lastName']
17:56:13.608 [main] INFO com.intuit.karate -- [print] {
  "id": 209,
  "firstName": "Muhammad",
  "lastName": "Ovi",
  "maidenName": "",
  "age": 250,
  "gender": "",
  "email": "",
  "phone": "",
  "username": "",
  "password": "",
  "birthDate": "",
  "image": "",
  "bloodGroup": "",
  "height": null,
  "weight": null,
  "eyeColor": "",
  "hair": {
    "color": "",
    "type": ""
  },
  "domain": "",
  "ip": "",
  "address": {
    "address": "",
    "city": "",
    "coordinates": {
      "lat": null,
      "lng": null
    },
    "postalCode": "",
    "state": ""
  },
  "macAddress": "",
  "university": "",
  "bank": {
    "cardExpire": "",
    "cardNumber": "",
    "cardType": "",
    "currency": "",
    "iban": ""
  },
  "company": {
    "address": {
      "address": "",
      "city": "",
      "coordinates": {
        "lat": null,
        "lng": null
      },
      "postalCode": "",
      "state": ""
    },
    "department": "",
    "name": "",
    "title": ""
  },
  "ein": "",
  "ssn": "",
  "userAgent": ""
}
 
]]></system-out>
  </testcase>
  <testcase name="[13:170] Update User Last Name" classname="dummyjson/Users" time="0.076">
    <system-out><![CDATA[17:56:13.612 [main] DEBUG com.jayway.jsonpath.internal.path.CompiledPath -- Evaluating path: $
17:56:13.613 [main] DEBUG org.apache.http.client.protocol.RequestAddCookies -- CookieSpec selected: karate
17:56:13.613 [main] DEBUG org.apache.http.client.protocol.RequestAuthCache -- Auth cache not set in the context
17:56:13.613 [main] DEBUG com.intuit.karate -- request:
1 > PUT https://dummyjson.com/users/2
1 > Content-Type: application/json; charset=UTF-8
1 > Content-Length: 20
1 > Host: dummyjson.com
1 > Connection: Keep-Alive
1 > User-Agent: Apache-HttpClient/4.5.14 (Java/21.0.8)
1 > Accept-Encoding: gzip,deflate
{
  "lastName": "Owais"
}


17:56:13.613 [main] DEBUG org.apache.http.impl.conn.PoolingHttpClientConnectionManager -- Connection request: [route: {s}->https://dummyjson.com:443][total available: 0; route allocated: 0 of 5; total allocated: 0 of 10]
17:56:13.613 [main] DEBUG org.apache.http.impl.conn.PoolingHttpClientConnectionManager -- Connection leased: [id: 13][route: {s}->https://dummyjson.com:443][total available: 0; route allocated: 1 of 5; total allocated: 1 of 10]
17:56:13.613 [main] DEBUG org.apache.http.impl.execchain.MainClientExec -- Opening connection {s}->https://dummyjson.com:443
17:56:13.614 [main] DEBUG org.apache.http.impl.conn.DefaultHttpClientConnectionOperator -- Connecting to dummyjson.com/66.33.22.3:443
17:56:13.614 [main] DEBUG org.apache.http.conn.ssl.SSLConnectionSocketFactory -- Connecting socket to dummyjson.com/66.33.22.3:443 with timeout 30000
17:56:13.633 [main] DEBUG org.apache.http.conn.ssl.SSLConnectionSocketFactory -- Enabled protocols: [TLSv1.3, TLSv1.2]
17:56:13.633 [main] DEBUG org.apache.http.conn.ssl.SSLConnectionSocketFactory -- Enabled cipher suites:[TLS_AES_256_GCM_SHA384, TLS_AES_128_GCM_SHA256, TLS_CHACHA20_POLY1305_SHA256, TLS_ECDHE_ECDSA_WITH_AES_256_GCM_SHA384, TLS_ECDHE_ECDSA_WITH_AES_128_GCM_SHA256, TLS_ECDHE_ECDSA_WITH_CHACHA20_POLY1305_SHA256, TLS_ECDHE_RSA_WITH_AES_256_GCM_SHA384, TLS_ECDHE_RSA_WITH_CHACHA20_POLY1305_SHA256, TLS_ECDHE_RSA_WITH_AES_128_GCM_SHA256, TLS_DHE_RSA_WITH_AES_256_GCM_SHA384, TLS_DHE_RSA_WITH_CHACHA20_POLY1305_SHA256, TLS_DHE_DSS_WITH_AES_256_GCM_SHA384, TLS_DHE_RSA_WITH_AES_128_GCM_SHA256, TLS_DHE_DSS_WITH_AES_128_GCM_SHA256, TLS_ECDHE_ECDSA_WITH_AES_256_CBC_SHA384, TLS_ECDHE_RSA_WITH_AES_256_CBC_SHA384, TLS_ECDHE_ECDSA_WITH_AES_128_CBC_SHA256, TLS_ECDHE_RSA_WITH_AES_128_CBC_SHA256, TLS_DHE_RSA_WITH_AES_256_CBC_SHA256, TLS_DHE_DSS_WITH_AES_256_CBC_SHA256, TLS_DHE_RSA_WITH_AES_128_CBC_SHA256, TLS_DHE_DSS_WITH_AES_128_CBC_SHA256, TLS_ECDHE_ECDSA_WITH_AES_256_CBC_SHA, TLS_ECDHE_RSA_WITH_AES_256_CBC_SHA, TLS_ECDHE_ECDSA_WITH_AES_128_CBC_SHA, TLS_ECDHE_RSA_WITH_AES_128_CBC_SHA, TLS_DHE_RSA_WITH_AES_256_CBC_SHA, TLS_DHE_DSS_WITH_AES_256_CBC_SHA, TLS_DHE_RSA_WITH_AES_128_CBC_SHA, TLS_DHE_DSS_WITH_AES_128_CBC_SHA, TLS_RSA_WITH_AES_256_GCM_SHA384, TLS_RSA_WITH_AES_128_GCM_SHA256, TLS_RSA_WITH_AES_256_CBC_SHA256, TLS_RSA_WITH_AES_128_CBC_SHA256, TLS_RSA_WITH_AES_256_CBC_SHA, TLS_RSA_WITH_AES_128_CBC_SHA, TLS_EMPTY_RENEGOTIATION_INFO_SCSV]
17:56:13.633 [main] DEBUG org.apache.http.conn.ssl.SSLConnectionSocketFactory -- Starting handshake
17:56:13.659 [main] DEBUG org.apache.http.conn.ssl.SSLConnectionSocketFactory -- Secure session established
17:56:13.659 [main] DEBUG org.apache.http.conn.ssl.SSLConnectionSocketFactory --  negotiated protocol: TLSv1.3
17:56:13.659 [main] DEBUG org.apache.http.conn.ssl.SSLConnectionSocketFactory --  negotiated cipher suite: TLS_AES_128_GCM_SHA256
17:56:13.659 [main] DEBUG org.apache.http.conn.ssl.SSLConnectionSocketFactory --  peer principal: CN=dummyjson.com
17:56:13.659 [main] DEBUG org.apache.http.conn.ssl.SSLConnectionSocketFactory --  peer alternative names: [dummyjson.com]
17:56:13.659 [main] DEBUG org.apache.http.conn.ssl.SSLConnectionSocketFactory --  issuer principal: CN=R11, O=Let's Encrypt, C=US
17:56:13.659 [main] DEBUG org.apache.http.impl.conn.DefaultHttpClientConnectionOperator -- Connection established 192.168.1.4:53099<->66.33.22.3:443
17:56:13.659 [main] DEBUG org.apache.http.impl.conn.DefaultManagedHttpClientConnection -- http-outgoing-13: set socket timeout to 30000
17:56:13.659 [main] DEBUG org.apache.http.impl.execchain.MainClientExec -- Executing request PUT /users/2 HTTP/1.1
17:56:13.659 [main] DEBUG org.apache.http.impl.execchain.MainClientExec -- Target auth state: UNCHALLENGED
17:56:13.659 [main] DEBUG org.apache.http.impl.execchain.MainClientExec -- Proxy auth state: UNCHALLENGED
17:56:13.659 [main] DEBUG org.apache.http.headers -- http-outgoing-13 >> PUT /users/2 HTTP/1.1
17:56:13.659 [main] DEBUG org.apache.http.headers -- http-outgoing-13 >> Content-Type: application/json; charset=UTF-8
17:56:13.659 [main] DEBUG org.apache.http.headers -- http-outgoing-13 >> Content-Length: 20
17:56:13.659 [main] DEBUG org.apache.http.headers -- http-outgoing-13 >> Host: dummyjson.com
17:56:13.659 [main] DEBUG org.apache.http.headers -- http-outgoing-13 >> Connection: Keep-Alive
17:56:13.659 [main] DEBUG org.apache.http.headers -- http-outgoing-13 >> User-Agent: Apache-HttpClient/4.5.14 (Java/21.0.8)
17:56:13.659 [main] DEBUG org.apache.http.headers -- http-outgoing-13 >> Accept-Encoding: gzip,deflate
17:56:13.659 [main] DEBUG org.apache.http.wire -- http-outgoing-13 >> "PUT /users/2 HTTP/1.1[\r][\n]"
17:56:13.659 [main] DEBUG org.apache.http.wire -- http-outgoing-13 >> "Content-Type: application/json; charset=UTF-8[\r][\n]"
17:56:13.659 [main] DEBUG org.apache.http.wire -- http-outgoing-13 >> "Content-Length: 20[\r][\n]"
17:56:13.659 [main] DEBUG org.apache.http.wire -- http-outgoing-13 >> "Host: dummyjson.com[\r][\n]"
17:56:13.659 [main] DEBUG org.apache.http.wire -- http-outgoing-13 >> "Connection: Keep-Alive[\r][\n]"
17:56:13.659 [main] DEBUG org.apache.http.wire -- http-outgoing-13 >> "User-Agent: Apache-HttpClient/4.5.14 (Java/21.0.8)[\r][\n]"
17:56:13.659 [main] DEBUG org.apache.http.wire -- http-outgoing-13 >> "Accept-Encoding: gzip,deflate[\r][\n]"
17:56:13.659 [main] DEBUG org.apache.http.wire -- http-outgoing-13 >> "[\r][\n]"
17:56:13.659 [main] DEBUG org.apache.http.wire -- http-outgoing-13 >> "{"lastName":"Owais"}"
17:56:13.682 [main] DEBUG org.apache.http.wire -- http-outgoing-13 << "HTTP/1.1 200 OK[\r][\n]"
17:56:13.682 [main] DEBUG org.apache.http.wire -- http-outgoing-13 << "Access-Control-Allow-Origin: *[\r][\n]"
17:56:13.682 [main] DEBUG org.apache.http.wire -- http-outgoing-13 << "Content-Length: 960[\r][\n]"
17:56:13.682 [main] DEBUG org.apache.http.wire -- http-outgoing-13 << "Content-Type: application/json; charset=utf-8[\r][\n]"
17:56:13.682 [main] DEBUG org.apache.http.wire -- http-outgoing-13 << "Date: Sun, 03 Aug 2025 10:56:13 GMT[\r][\n]"
17:56:13.682 [main] DEBUG org.apache.http.wire -- http-outgoing-13 << "Etag: W/"3c0-960x0oU3oyDZxC3x22xBizIWRa4"[\r][\n]"
17:56:13.682 [main] DEBUG org.apache.http.wire -- http-outgoing-13 << "Server: railway-edge[\r][\n]"
17:56:13.682 [main] DEBUG org.apache.http.wire -- http-outgoing-13 << "Strict-Transport-Security: max-age=15552000; includeSubDomains[\r][\n]"
17:56:13.682 [main] DEBUG org.apache.http.wire -- http-outgoing-13 << "Vary: Accept-Encoding[\r][\n]"
17:56:13.682 [main] DEBUG org.apache.http.wire -- http-outgoing-13 << "X-Content-Type-Options: nosniff[\r][\n]"
17:56:13.682 [main] DEBUG org.apache.http.wire -- http-outgoing-13 << "X-Dns-Prefetch-Control: off[\r][\n]"
17:56:13.682 [main] DEBUG org.apache.http.wire -- http-outgoing-13 << "X-Download-Options: noopen[\r][\n]"
17:56:13.682 [main] DEBUG org.apache.http.wire -- http-outgoing-13 << "X-Frame-Options: SAMEORIGIN[\r][\n]"
17:56:13.682 [main] DEBUG org.apache.http.wire -- http-outgoing-13 << "X-Powered-By: Cats on Keyboards[\r][\n]"
17:56:13.682 [main] DEBUG org.apache.http.wire -- http-outgoing-13 << "X-Railway-Edge: railway/asia-southeast1-eqsg3a[\r][\n]"
17:56:13.682 [main] DEBUG org.apache.http.wire -- http-outgoing-13 << "X-Railway-Request-Id: UO7MUvL-QHKu-6_5AQeqjw[\r][\n]"
17:56:13.682 [main] DEBUG org.apache.http.wire -- http-outgoing-13 << "X-Ratelimit-Limit: 100[\r][\n]"
17:56:13.682 [main] DEBUG org.apache.http.wire -- http-outgoing-13 << "X-Ratelimit-Remaining: 96[\r][\n]"
17:56:13.682 [main] DEBUG org.apache.http.wire -- http-outgoing-13 << "X-Ratelimit-Reset: 1754218581[\r][\n]"
17:56:13.682 [main] DEBUG org.apache.http.wire -- http-outgoing-13 << "X-Xss-Protection: 1; mode=block[\r][\n]"
17:56:13.682 [main] DEBUG org.apache.http.wire -- http-outgoing-13 << "[\r][\n]"
17:56:13.682 [main] DEBUG org.apache.http.wire -- http-outgoing-13 << "{"id":2,"firstName":"Michael","lastName":"Owais","maidenName":"","age":35,"gender":"male","email":"michael.williams@x.dummyjson.com","phone":"+49 258-627-6644","username":"michaelw","password":"michaelwpass","birthDate":"1989-8-10","image":"https://dummyjson.com/icon/michaelw/128","bloodGroup":"B+","height":186.22,"weight":76.32,"eyeColor":"Red","hair":{"color":"","type":""},"ip":"12.13.116.142","address":{"address":"","city":"","coordinates":{"lat":null,"lng":null},"postalCode":"","state":""},"macAddress":"79:1"
17:56:13.682 [main] DEBUG org.apache.http.headers -- http-outgoing-13 << HTTP/1.1 200 OK
17:56:13.682 [main] DEBUG org.apache.http.headers -- http-outgoing-13 << Access-Control-Allow-Origin: *
17:56:13.682 [main] DEBUG org.apache.http.headers -- http-outgoing-13 << Content-Length: 960
17:56:13.682 [main] DEBUG org.apache.http.headers -- http-outgoing-13 << Content-Type: application/json; charset=utf-8
17:56:13.682 [main] DEBUG org.apache.http.headers -- http-outgoing-13 << Date: Sun, 03 Aug 2025 10:56:13 GMT
17:56:13.682 [main] DEBUG org.apache.http.headers -- http-outgoing-13 << Etag: W/"3c0-960x0oU3oyDZxC3x22xBizIWRa4"
17:56:13.682 [main] DEBUG org.apache.http.headers -- http-outgoing-13 << Server: railway-edge
17:56:13.682 [main] DEBUG org.apache.http.headers -- http-outgoing-13 << Strict-Transport-Security: max-age=15552000; includeSubDomains
17:56:13.682 [main] DEBUG org.apache.http.headers -- http-outgoing-13 << Vary: Accept-Encoding
17:56:13.682 [main] DEBUG org.apache.http.headers -- http-outgoing-13 << X-Content-Type-Options: nosniff
17:56:13.682 [main] DEBUG org.apache.http.headers -- http-outgoing-13 << X-Dns-Prefetch-Control: off
17:56:13.682 [main] DEBUG org.apache.http.headers -- http-outgoing-13 << X-Download-Options: noopen
17:56:13.682 [main] DEBUG org.apache.http.headers -- http-outgoing-13 << X-Frame-Options: SAMEORIGIN
17:56:13.682 [main] DEBUG org.apache.http.headers -- http-outgoing-13 << X-Powered-By: Cats on Keyboards
17:56:13.682 [main] DEBUG org.apache.http.headers -- http-outgoing-13 << X-Railway-Edge: railway/asia-southeast1-eqsg3a
17:56:13.682 [main] DEBUG org.apache.http.headers -- http-outgoing-13 << X-Railway-Request-Id: UO7MUvL-QHKu-6_5AQeqjw
17:56:13.682 [main] DEBUG org.apache.http.headers -- http-outgoing-13 << X-Ratelimit-Limit: 100
17:56:13.682 [main] DEBUG org.apache.http.headers -- http-outgoing-13 << X-Ratelimit-Remaining: 96
17:56:13.682 [main] DEBUG org.apache.http.headers -- http-outgoing-13 << X-Ratelimit-Reset: 1754218581
17:56:13.682 [main] DEBUG org.apache.http.headers -- http-outgoing-13 << X-Xss-Protection: 1; mode=block
17:56:13.682 [main] DEBUG org.apache.http.impl.execchain.MainClientExec -- Connection can be kept alive indefinitely
17:56:13.682 [main] DEBUG org.apache.http.wire -- http-outgoing-13 << "5:78:99:60:aa","university":"Ohio State University","bank":{"cardExpire":"","cardNumber":"","cardType":"","currency":"","iban":""},"company":{"address":{"address":"","city":"","coordinates":{"lat":null,"lng":null},"postalCode":"","state":""},"department":"","name":"","title":""},"ein":"912-602","ssn":"108-953-962","userAgent":"Mozilla/5.0 (Windows NT 10.0; Win64; x64) AppleWebKit/537.36 (KHTML, like Gecko) Edge/97.0.1072.76 Safari/537.36"}"
17:56:13.682 [main] DEBUG org.apache.http.impl.conn.PoolingHttpClientConnectionManager -- Connection [id: 13][route: {s}->https://dummyjson.com:443] can be kept alive indefinitely
17:56:13.682 [main] DEBUG org.apache.http.impl.conn.DefaultManagedHttpClientConnection -- http-outgoing-13: set socket timeout to 0
17:56:13.682 [main] DEBUG org.apache.http.impl.conn.PoolingHttpClientConnectionManager -- Connection released: [id: 13][route: {s}->https://dummyjson.com:443][total available: 1; route allocated: 1 of 5; total allocated: 1 of 10]
17:56:13.682 [main] DEBUG org.apache.http.impl.conn.PoolingHttpClientConnectionManager -- Connection manager is shutting down
17:56:13.682 [main] DEBUG org.apache.http.impl.conn.DefaultManagedHttpClientConnection -- http-outgoing-13: Close connection
17:56:13.682 [main] DEBUG org.apache.http.impl.conn.PoolingHttpClientConnectionManager -- Connection manager shut down
17:56:13.683 [main] DEBUG com.intuit.karate -- response time in milliseconds: 69
1 < 200
1 < Access-Control-Allow-Origin: *
1 < Content-Length: 960
1 < Content-Type: application/json; charset=utf-8
1 < Date: Sun, 03 Aug 2025 10:56:13 GMT
1 < Etag: W/"3c0-960x0oU3oyDZxC3x22xBizIWRa4"
1 < Server: railway-edge
1 < Strict-Transport-Security: max-age=15552000; includeSubDomains
1 < Vary: Accept-Encoding
1 < X-Content-Type-Options: nosniff
1 < X-Dns-Prefetch-Control: off
1 < X-Download-Options: noopen
1 < X-Frame-Options: SAMEORIGIN
1 < X-Powered-By: Cats on Keyboards
1 < X-Railway-Edge: railway/asia-southeast1-eqsg3a
1 < X-Railway-Request-Id: UO7MUvL-QHKu-6_5AQeqjw
1 < X-Ratelimit-Limit: 100
1 < X-Ratelimit-Remaining: 96
1 < X-Ratelimit-Reset: 1754218581
1 < X-Xss-Protection: 1; mode=block
{
  "id": 2,
  "firstName": "Michael",
  "lastName": "Owais",
  "maidenName": "",
  "age": 35,
  "gender": "male",
  "email": "michael.williams@x.dummyjson.com",
  "phone": "+49 258-627-6644",
  "username": "michaelw",
  "password": "michaelwpass",
  "birthDate": "1989-8-10",
  "image": "https://dummyjson.com/icon/michaelw/128",
  "bloodGroup": "B+",
  "height": 186.22,
  "weight": 76.32,
  "eyeColor": "Red",
  "hair": {
    "color": "",
    "type": ""
  },
  "ip": "12.13.116.142",
  "address": {
    "address": "",
    "city": "",
    "coordinates": {
      "lat": null,
      "lng": null
    },
    "postalCode": "",
    "state": ""
  },
  "macAddress": "79:15:78:99:60:aa",
  "university": "Ohio State University",
  "bank": {
    "cardExpire": "",
    "cardNumber": "",
    "cardType": "",
    "currency": "",
    "iban": ""
  },
  "company": {
    "address": {
      "address": "",
      "city": "",
      "coordinates": {
        "lat": null,
        "lng": null
      },
      "postalCode": "",
      "state": ""
    },
    "department": "",
    "name": "",
    "title": ""
  },
  "ein": "912-602",
  "ssn": "108-953-962",
  "userAgent": "Mozilla/5.0 (Windows NT 10.0; Win64; x64) AppleWebKit/537.36 (KHTML, like Gecko) Edge/97.0.1072.76 Safari/537.36"
}


17:56:13.683 [main] DEBUG com.jayway.jsonpath.internal.path.CompiledPath -- Evaluating path: $['id']
17:56:13.685 [main] DEBUG com.jayway.jsonpath.internal.path.CompiledPath -- Evaluating path: $['lastName']
17:56:13.685 [main] INFO com.intuit.karate -- [print] {
  "id": 2,
  "firstName": "Michael",
  "lastName": "Owais",
  "maidenName": "",
  "age": 35,
  "gender": "male",
  "email": "michael.williams@x.dummyjson.com",
  "phone": "+49 258-627-6644",
  "username": "michaelw",
  "password": "michaelwpass",
  "birthDate": "1989-8-10",
  "image": "https://dummyjson.com/icon/michaelw/128",
  "bloodGroup": "B+",
  "height": 186.22,
  "weight": 76.32,
  "eyeColor": "Red",
  "hair": {
    "color": "",
    "type": ""
  },
  "ip": "12.13.116.142",
  "address": {
    "address": "",
    "city": "",
    "coordinates": {
      "lat": null,
      "lng": null
    },
    "postalCode": "",
    "state": ""
  },
  "macAddress": "79:15:78:99:60:aa",
  "university": "Ohio State University",
  "bank": {
    "cardExpire": "",
    "cardNumber": "",
    "cardType": "",
    "currency": "",
    "iban": ""
  },
  "company": {
    "address": {
      "address": "",
      "city": "",
      "coordinates": {
        "lat": null,
        "lng": null
      },
      "postalCode": "",
      "state": ""
    },
    "department": "",
    "name": "",
    "title": ""
  },
  "ein": "912-602",
  "ssn": "108-953-962",
  "userAgent": "Mozilla/5.0 (Windows NT 10.0; Win64; x64) AppleWebKit/537.36 (KHTML, like Gecko) Edge/97.0.1072.76 Safari/537.36"
}
 
]]></system-out>
  </testcase>
  <testcase name="[14:180] Delete User by ID" classname="dummyjson/Users" time="0.762">
    <system-out><![CDATA[17:56:13.690 [main] DEBUG org.apache.http.client.protocol.RequestAddCookies -- CookieSpec selected: karate
17:56:13.690 [main] DEBUG org.apache.http.client.protocol.RequestAuthCache -- Auth cache not set in the context
17:56:13.690 [main] DEBUG com.intuit.karate -- request:
1 > DELETE https://dummyjson.com/users/1
1 > Host: dummyjson.com
1 > Connection: Keep-Alive
1 > User-Agent: Apache-HttpClient/4.5.14 (Java/21.0.8)
1 > Accept-Encoding: gzip,deflate


17:56:13.690 [main] DEBUG org.apache.http.impl.conn.PoolingHttpClientConnectionManager -- Connection request: [route: {s}->https://dummyjson.com:443][total available: 0; route allocated: 0 of 5; total allocated: 0 of 10]
17:56:13.690 [main] DEBUG org.apache.http.impl.conn.PoolingHttpClientConnectionManager -- Connection leased: [id: 14][route: {s}->https://dummyjson.com:443][total available: 0; route allocated: 1 of 5; total allocated: 1 of 10]
17:56:13.690 [main] DEBUG org.apache.http.impl.execchain.MainClientExec -- Opening connection {s}->https://dummyjson.com:443
17:56:13.690 [main] DEBUG org.apache.http.impl.conn.DefaultHttpClientConnectionOperator -- Connecting to dummyjson.com/66.33.22.3:443
17:56:13.690 [main] DEBUG org.apache.http.conn.ssl.SSLConnectionSocketFactory -- Connecting socket to dummyjson.com/66.33.22.3:443 with timeout 30000
17:56:13.708 [main] DEBUG org.apache.http.conn.ssl.SSLConnectionSocketFactory -- Enabled protocols: [TLSv1.3, TLSv1.2]
17:56:13.708 [main] DEBUG org.apache.http.conn.ssl.SSLConnectionSocketFactory -- Enabled cipher suites:[TLS_AES_256_GCM_SHA384, TLS_AES_128_GCM_SHA256, TLS_CHACHA20_POLY1305_SHA256, TLS_ECDHE_ECDSA_WITH_AES_256_GCM_SHA384, TLS_ECDHE_ECDSA_WITH_AES_128_GCM_SHA256, TLS_ECDHE_ECDSA_WITH_CHACHA20_POLY1305_SHA256, TLS_ECDHE_RSA_WITH_AES_256_GCM_SHA384, TLS_ECDHE_RSA_WITH_CHACHA20_POLY1305_SHA256, TLS_ECDHE_RSA_WITH_AES_128_GCM_SHA256, TLS_DHE_RSA_WITH_AES_256_GCM_SHA384, TLS_DHE_RSA_WITH_CHACHA20_POLY1305_SHA256, TLS_DHE_DSS_WITH_AES_256_GCM_SHA384, TLS_DHE_RSA_WITH_AES_128_GCM_SHA256, TLS_DHE_DSS_WITH_AES_128_GCM_SHA256, TLS_ECDHE_ECDSA_WITH_AES_256_CBC_SHA384, TLS_ECDHE_RSA_WITH_AES_256_CBC_SHA384, TLS_ECDHE_ECDSA_WITH_AES_128_CBC_SHA256, TLS_ECDHE_RSA_WITH_AES_128_CBC_SHA256, TLS_DHE_RSA_WITH_AES_256_CBC_SHA256, TLS_DHE_DSS_WITH_AES_256_CBC_SHA256, TLS_DHE_RSA_WITH_AES_128_CBC_SHA256, TLS_DHE_DSS_WITH_AES_128_CBC_SHA256, TLS_ECDHE_ECDSA_WITH_AES_256_CBC_SHA, TLS_ECDHE_RSA_WITH_AES_256_CBC_SHA, TLS_ECDHE_ECDSA_WITH_AES_128_CBC_SHA, TLS_ECDHE_RSA_WITH_AES_128_CBC_SHA, TLS_DHE_RSA_WITH_AES_256_CBC_SHA, TLS_DHE_DSS_WITH_AES_256_CBC_SHA, TLS_DHE_RSA_WITH_AES_128_CBC_SHA, TLS_DHE_DSS_WITH_AES_128_CBC_SHA, TLS_RSA_WITH_AES_256_GCM_SHA384, TLS_RSA_WITH_AES_128_GCM_SHA256, TLS_RSA_WITH_AES_256_CBC_SHA256, TLS_RSA_WITH_AES_128_CBC_SHA256, TLS_RSA_WITH_AES_256_CBC_SHA, TLS_RSA_WITH_AES_128_CBC_SHA, TLS_EMPTY_RENEGOTIATION_INFO_SCSV]
17:56:13.708 [main] DEBUG org.apache.http.conn.ssl.SSLConnectionSocketFactory -- Starting handshake
17:56:13.738 [main] DEBUG org.apache.http.conn.ssl.SSLConnectionSocketFactory -- Secure session established
17:56:13.738 [main] DEBUG org.apache.http.conn.ssl.SSLConnectionSocketFactory --  negotiated protocol: TLSv1.3
17:56:13.738 [main] DEBUG org.apache.http.conn.ssl.SSLConnectionSocketFactory --  negotiated cipher suite: TLS_AES_128_GCM_SHA256
17:56:13.738 [main] DEBUG org.apache.http.conn.ssl.SSLConnectionSocketFactory --  peer principal: CN=dummyjson.com
17:56:13.738 [main] DEBUG org.apache.http.conn.ssl.SSLConnectionSocketFactory --  peer alternative names: [dummyjson.com]
17:56:13.738 [main] DEBUG org.apache.http.conn.ssl.SSLConnectionSocketFactory --  issuer principal: CN=R11, O=Let's Encrypt, C=US
17:56:13.739 [main] DEBUG org.apache.http.impl.conn.DefaultHttpClientConnectionOperator -- Connection established 192.168.1.4:53100<->66.33.22.3:443
17:56:13.739 [main] DEBUG org.apache.http.impl.conn.DefaultManagedHttpClientConnection -- http-outgoing-14: set socket timeout to 30000
17:56:13.739 [main] DEBUG org.apache.http.impl.execchain.MainClientExec -- Executing request DELETE /users/1 HTTP/1.1
17:56:13.739 [main] DEBUG org.apache.http.impl.execchain.MainClientExec -- Target auth state: UNCHALLENGED
17:56:13.739 [main] DEBUG org.apache.http.impl.execchain.MainClientExec -- Proxy auth state: UNCHALLENGED
17:56:13.739 [main] DEBUG org.apache.http.headers -- http-outgoing-14 >> DELETE /users/1 HTTP/1.1
17:56:13.739 [main] DEBUG org.apache.http.headers -- http-outgoing-14 >> Host: dummyjson.com
17:56:13.739 [main] DEBUG org.apache.http.headers -- http-outgoing-14 >> Connection: Keep-Alive
17:56:13.739 [main] DEBUG org.apache.http.headers -- http-outgoing-14 >> User-Agent: Apache-HttpClient/4.5.14 (Java/21.0.8)
17:56:13.739 [main] DEBUG org.apache.http.headers -- http-outgoing-14 >> Accept-Encoding: gzip,deflate
17:56:13.739 [main] DEBUG org.apache.http.wire -- http-outgoing-14 >> "DELETE /users/1 HTTP/1.1[\r][\n]"
17:56:13.739 [main] DEBUG org.apache.http.wire -- http-outgoing-14 >> "Host: dummyjson.com[\r][\n]"
17:56:13.739 [main] DEBUG org.apache.http.wire -- http-outgoing-14 >> "Connection: Keep-Alive[\r][\n]"
17:56:13.739 [main] DEBUG org.apache.http.wire -- http-outgoing-14 >> "User-Agent: Apache-HttpClient/4.5.14 (Java/21.0.8)[\r][\n]"
17:56:13.739 [main] DEBUG org.apache.http.wire -- http-outgoing-14 >> "Accept-Encoding: gzip,deflate[\r][\n]"
17:56:13.739 [main] DEBUG org.apache.http.wire -- http-outgoing-14 >> "[\r][\n]"
17:56:13.764 [main] DEBUG org.apache.http.wire -- http-outgoing-14 << "HTTP/1.1 200 OK[\r][\n]"
17:56:13.764 [main] DEBUG org.apache.http.wire -- http-outgoing-14 << "Access-Control-Allow-Origin: *[\r][\n]"
17:56:13.764 [main] DEBUG org.apache.http.wire -- http-outgoing-14 << "Content-Encoding: gzip[\r][\n]"
17:56:13.764 [main] DEBUG org.apache.http.wire -- http-outgoing-14 << "Content-Type: application/json; charset=utf-8[\r][\n]"
17:56:13.764 [main] DEBUG org.apache.http.wire -- http-outgoing-14 << "Date: Sun, 03 Aug 2025 10:56:13 GMT[\r][\n]"
17:56:13.764 [main] DEBUG org.apache.http.wire -- http-outgoing-14 << "Etag: W/"5b3-Gluteh5lDvXM72tZ9680qVTlSrc"[\r][\n]"
17:56:13.764 [main] DEBUG org.apache.http.wire -- http-outgoing-14 << "Server: railway-edge[\r][\n]"
17:56:13.764 [main] DEBUG org.apache.http.wire -- http-outgoing-14 << "Strict-Transport-Security: max-age=15552000; includeSubDomains[\r][\n]"
17:56:13.764 [main] DEBUG org.apache.http.wire -- http-outgoing-14 << "Vary: Accept-Encoding[\r][\n]"
17:56:13.764 [main] DEBUG org.apache.http.wire -- http-outgoing-14 << "X-Content-Type-Options: nosniff[\r][\n]"
17:56:13.764 [main] DEBUG org.apache.http.wire -- http-outgoing-14 << "X-Dns-Prefetch-Control: off[\r][\n]"
17:56:13.764 [main] DEBUG org.apache.http.wire -- http-outgoing-14 << "X-Download-Options: noopen[\r][\n]"
17:56:13.764 [main] DEBUG org.apache.http.wire -- http-outgoing-14 << "X-Frame-Options: SAMEORIGIN[\r][\n]"
17:56:13.764 [main] DEBUG org.apache.http.wire -- http-outgoing-14 << "X-Powered-By: Cats on Keyboards[\r][\n]"
17:56:13.764 [main] DEBUG org.apache.http.wire -- http-outgoing-14 << "X-Railway-Edge: railway/asia-southeast1-eqsg3a[\r][\n]"
17:56:13.764 [main] DEBUG org.apache.http.wire -- http-outgoing-14 << "X-Railway-Request-Id: e0hXpaClSN-1snS0acI7Nw[\r][\n]"
17:56:13.764 [main] DEBUG org.apache.http.wire -- http-outgoing-14 << "X-Ratelimit-Limit: 100[\r][\n]"
17:56:13.764 [main] DEBUG org.apache.http.wire -- http-outgoing-14 << "X-Ratelimit-Remaining: 92[\r][\n]"
17:56:13.764 [main] DEBUG org.apache.http.wire -- http-outgoing-14 << "X-Ratelimit-Reset: 1754218583[\r][\n]"
17:56:13.764 [main] DEBUG org.apache.http.wire -- http-outgoing-14 << "X-Xss-Protection: 1; mode=block[\r][\n]"
17:56:13.764 [main] DEBUG org.apache.http.wire -- http-outgoing-14 << "Transfer-Encoding: chunked[\r][\n]"
17:56:13.764 [main] DEBUG org.apache.http.wire -- http-outgoing-14 << "[\r][\n]"
17:56:13.764 [main] DEBUG org.apache.http.wire -- http-outgoing-14 << "a[\r][\n]"
17:56:13.764 [main] DEBUG org.apache.http.wire -- http-outgoing-14 << "[0x1f][0x8b][0x8][0x0][0x0][0x0][0x0][0x0][0x0][0x3][\r][\n]"
17:56:13.764 [main] DEBUG org.apache.http.headers -- http-outgoing-14 << HTTP/1.1 200 OK
17:56:13.764 [main] DEBUG org.apache.http.headers -- http-outgoing-14 << Access-Control-Allow-Origin: *
17:56:13.764 [main] DEBUG org.apache.http.headers -- http-outgoing-14 << Content-Encoding: gzip
17:56:13.764 [main] DEBUG org.apache.http.headers -- http-outgoing-14 << Content-Type: application/json; charset=utf-8
17:56:13.764 [main] DEBUG org.apache.http.headers -- http-outgoing-14 << Date: Sun, 03 Aug 2025 10:56:13 GMT
17:56:13.764 [main] DEBUG org.apache.http.headers -- http-outgoing-14 << Etag: W/"5b3-Gluteh5lDvXM72tZ9680qVTlSrc"
17:56:13.764 [main] DEBUG org.apache.http.headers -- http-outgoing-14 << Server: railway-edge
17:56:13.764 [main] DEBUG org.apache.http.headers -- http-outgoing-14 << Strict-Transport-Security: max-age=15552000; includeSubDomains
17:56:13.764 [main] DEBUG org.apache.http.headers -- http-outgoing-14 << Vary: Accept-Encoding
17:56:13.764 [main] DEBUG org.apache.http.headers -- http-outgoing-14 << X-Content-Type-Options: nosniff
17:56:13.764 [main] DEBUG org.apache.http.headers -- http-outgoing-14 << X-Dns-Prefetch-Control: off
17:56:13.764 [main] DEBUG org.apache.http.headers -- http-outgoing-14 << X-Download-Options: noopen
17:56:13.764 [main] DEBUG org.apache.http.headers -- http-outgoing-14 << X-Frame-Options: SAMEORIGIN
17:56:13.764 [main] DEBUG org.apache.http.headers -- http-outgoing-14 << X-Powered-By: Cats on Keyboards
17:56:13.764 [main] DEBUG org.apache.http.headers -- http-outgoing-14 << X-Railway-Edge: railway/asia-southeast1-eqsg3a
17:56:13.764 [main] DEBUG org.apache.http.headers -- http-outgoing-14 << X-Railway-Request-Id: e0hXpaClSN-1snS0acI7Nw
17:56:13.764 [main] DEBUG org.apache.http.headers -- http-outgoing-14 << X-Ratelimit-Limit: 100
17:56:13.764 [main] DEBUG org.apache.http.headers -- http-outgoing-14 << X-Ratelimit-Remaining: 92
17:56:13.764 [main] DEBUG org.apache.http.headers -- http-outgoing-14 << X-Ratelimit-Reset: 1754218583
17:56:13.764 [main] DEBUG org.apache.http.headers -- http-outgoing-14 << X-Xss-Protection: 1; mode=block
17:56:13.764 [main] DEBUG org.apache.http.headers -- http-outgoing-14 << Transfer-Encoding: chunked
17:56:13.764 [main] DEBUG org.apache.http.impl.execchain.MainClientExec -- Connection can be kept alive indefinitely
17:56:13.764 [main] DEBUG org.apache.http.wire -- http-outgoing-14 << "371[\r][\n]"
17:56:13.764 [main] DEBUG org.apache.http.wire -- http-outgoing-14 << "}SMo[0xe3]6[0x10][0xfd]+[0xc4][0x9c][0x12][0x94][0x92]ER[0xdf][0xbd]4q[0xd2]$[0xcd]:[0x9][0xd6][0xe][0x92][0xed]eAKc[0x8b][0x1b][0x89][0x14]([0xba][0x8e]w[0xe1][0xff]^P[0xf6][0x1a][0xed][0x16][@[0x7][0xce][0xa3]f[0xe6][0xcd]{[0xc3]o[0xa0]j([0x19][0x85][0x95][0xb2][0x83]{[0x90][0x1d]B[0x9][0xd7][0x9d]jw@[0xa1][0x95]'[0xe8][0xf][0xd3][0xe8][0xc1]h[0xa0][0xd0]IU[0xa3]>[0xc2][0xf3]N[0xb9][0x6]([0xc8]5B[0xc9]s[\n]"
17:56:13.764 [main] DEBUG org.apache.http.wire -- http-outgoing-14 << "k[0xd4]5Z(a[0x85][0x9d]l[0x11](`'U[0xb]%[0xa0]/[0x1a]~9[0xd4][0xf9][0xed]=[0xac]7][0xb7][0xfb]2[0x18][0x1d]V[0xa6][0x3][\n]"
17:56:13.764 [main] DEBUG org.apache.http.wire -- http-outgoing-14 << "}c[0xb4]/[0xf9]K[0xce]H[0x91]&A,X "[0x1e][0x3][0x85][0xcd][0x80]V[0x1f][0x1a][0x8e]U[0x6][0xff][0xbb][0x1c][0x86][0xad][0xb1][0xf5][0x9][0xf3][0x0]PX*[0xeb][0x9a]+[0xe9][0xfc][0xcf][0xac]([0xd2] [0x9]D[0x4][0x14]T7r[0x84][0xc6][0xb9]~('[0x93][0xb5][0x9f][0xa8][0xca][0xe8][0xc9][0xa1][0xce][0x84][0xf1][0xdc][0xd7]i[0x8d][0xa9]o[0xac][0xd9][0xf4]P[0xc2]c[0x0][0x14][0x1a]T[0xeb][0xc6]A[0xc9][\n]"
17:56:13.764 [main] DEBUG org.apache.http.wire -- http-outgoing-14 << "[0x11][0xf2][0x98][0xc2][0xf6][0x18][0xa7]"d)[0x5][0xdc][0xe1][0xd4][0xb4][0xc6][0xcf]~c[0x11][0xbd]T[0x8d]T[0x16][0xca]oP[0x1d][0xf1]Kk[0xb6][0x1e]w[0xbb][0xde]S[0x99]nl[0xbb][0x83]=[0x5][0xe5]{[0xc4]<[0x8c][0xf3][0x90]EQ([0xb8]W[0xb4][0xae]-[0xe][0x83]O?[0x1d]![0xe5])[0x99]I[0xa5][0xc9][0xdc]YD[0x7][0x14]*[0xe5]vP[0xc2]ScP[0xab]w[0xa0]0[0xb8][0xc3][0xec]35[0xc][0xfe][0xeb]{[0xf5][0x1d][0x9d][0x9a]z[0xbc][0x99]{[0xf9][0xcc][0xe0]d{Dx[0xc1][0x98][0xef]Y[0x19]ck[0xa5][0xa5][0xc3][0xb1]o+[0x1d][0x94]A[0x96][0x85],[0xe5]LPh[0xf5][0x1a][0xca][0xa0][0xe0]a[0x94][0xc7]9[0x8f][0xf7]>a[0xa3][0x9d][0xf5][0x4][0x9e][0xb5]rX[0x93][0xb9][0x1b][0x93][0xf7]~M[0xaa][0x8b][0x13][0xef]8+W[0xb2][0x8c]Y[0xc9][0xf2][0x12][0xab][0x12][0x97][0xde]T[0xad][0xfe]B;[0x1c][0xf8]?[0x9f][0x2]bV[0xe4]E[\r][0x95][0xd1][0x83][0xd2]A0[0x93][0xb5]:[0xec][0xdd]R[0xea][0xb7]QLi[0xeb][0xeb][0xf7]^Y[0xcf]<[0x12][0x13][0x9e]z[0xe6][0xd2][0xd6][0xf][0x9b]n9[0xae]^[0xc1][0xf3]"K[0xa3]4I[0xe2][0x9c][0xe5],9[0xde]/[0xe][0xaa]_[0xb7][0xc6][0x3][0x1b]kQW[0xbe][0xf7][0xf4][0xe1][0x93][0xdf][0x8f][0xa5][0xd4]P[0xc2][0xa7][0xa7][0xe7][0xd7][0xbb][0xf9][0xe3][0xe5]][0xb6]X[0xdc]>[0xdd][0xf3][0xcb][0x8f][0xe2][0xf6][0xe2][0xee][0xf5][0x3][0x8c][0xd3]v[0xbd][0xd4];O[0xa2][0xc6]^Z[0xd7][0xa1]v[0xbe][0xa2]^+[0x8d]h[0x95]^[0x3][0x85][0xe3][0xa2]^[0x19][0xd3][0xe2][0x8e][0x92]{[0xf3][0x15]wD[0xea][0x9a]L[0xad][0xd1]j[0xb4]_[0xb9]v|<[0xb2][0xc5][0x81][0xcc][0xa4][0x96]k[0xb4]?[0xb3][0x9c][0xa7][0x82],P[0xbb][0xe6]?[0x9e][0xcf][0xa5]&[0xbf][[0xa9]+[0xaf][0xd6]?[0x9c]?[0xa9][0xf7][0x83][0xef]/w?[0xfa].[0xb2]4[0xc9]~[0xe2]{[0xc6][0xc2][0x9c][0xc5][0x9]O[0xbe][0xfb][0xce]R[0x16][0xb2]$[0xe2][0xa9][0xf8]?[0xe3][0xf7][0x14]Py![0x8b],[0xb]X[0xe6][0xb5][0x1f][0x86]1[0x8e][0xa2] )[0xa2][0x80][0xe7][0xc5][0xf1]E_[0xac][0xf][0xf2][0xcd][0xcc]W[0xd5][0xb6]r[0x92][0x84][0x11]9[0x9b][0xc9]Jig[0x86][0xe6]Wr[0xa7][0x1d][0xb6]d&+[0xf2]8'[0xaf][0x84]E[0x9f]Y[0xf2]9;'[0x17]}[0xdf][0xe2][0xb].[0xef][0x95][0x9b]$"[0xb]EJ[0xce][0xee]o[0x17][0xb3][0xf][0x94][0xb4][0xea][\r][0xc9][\r]Vo[0xe6][0x9c]L[0x1b]k:[0x9c][0x14]i[0x18][0x85]q[0x9a][0xc6]a![0xc8]\[0xae][0xa4]U[0xc7],?[0xb8][0xdd][0xf5][0xce][0x1c][0x9e][0xe8][0xc8][0xfa]R[0xb9][0xf1]Da+[0xdb][0x16]=[0xbd][0xe8]}Y[0xac]*[0xbe][0xc2]T,[0xb9]L[0xab]([0x12]+V[0x9][0x1e]Wb[0xb9][0x92][0x89][0xe0]I[0xe1][0xdf]G[0xce][0xa4]7[0x1f][0xdd][0xd6][0xd8]7[0xbf][0x14][0xae]A[0x8b][0x9b][0x8e][0x9c]][0x9c][0xf2][0xe8][0xdc]/[0x90]5[0xa3][0xef][0xb2][0xee][0xc6][0x16]j[0xb8][0xc2][0x16][0x1d][0xd6]P:[0xbb]A[\n]"
17:56:13.764 [main] DEBUG org.apache.http.wire -- http-outgoing-14 << "[0xf5]!|[0xf4]Lx[0xc4][0x93] [0xca][0x83]H,XT&i[0xc9]D[0x98][0xf3][0xfc]O[0xd8][0xff][\r]i$h1[0xb3][0x5][0x0][0x0][\r][\n]"
17:56:13.764 [main] DEBUG org.apache.http.impl.conn.DefaultManagedHttpClientConnection -- http-outgoing-14: Close connection
17:56:13.764 [main] DEBUG org.apache.http.impl.execchain.MainClientExec -- Connection discarded
17:56:13.765 [main] DEBUG org.apache.http.impl.conn.PoolingHttpClientConnectionManager -- Connection released: [id: 14][route: {s}->https://dummyjson.com:443][total available: 0; route allocated: 0 of 5; total allocated: 0 of 10]
17:56:13.765 [main] DEBUG org.apache.http.impl.conn.PoolingHttpClientConnectionManager -- Connection manager is shutting down
17:56:13.765 [main] DEBUG org.apache.http.impl.conn.PoolingHttpClientConnectionManager -- Connection manager shut down
17:56:13.765 [main] DEBUG com.intuit.karate -- response time in milliseconds: 74
1 < 200
1 < Access-Control-Allow-Origin: *
1 < Content-Type: application/json; charset=utf-8
1 < Date: Sun, 03 Aug 2025 10:56:13 GMT
1 < Etag: W/"5b3-Gluteh5lDvXM72tZ9680qVTlSrc"
1 < Server: railway-edge
1 < Strict-Transport-Security: max-age=15552000; includeSubDomains
1 < Vary: Accept-Encoding
1 < X-Content-Type-Options: nosniff
1 < X-Dns-Prefetch-Control: off
1 < X-Download-Options: noopen
1 < X-Frame-Options: SAMEORIGIN
1 < X-Powered-By: Cats on Keyboards
1 < X-Railway-Edge: railway/asia-southeast1-eqsg3a
1 < X-Railway-Request-Id: e0hXpaClSN-1snS0acI7Nw
1 < X-Ratelimit-Limit: 100
1 < X-Ratelimit-Remaining: 92
1 < X-Ratelimit-Reset: 1754218583
1 < X-Xss-Protection: 1; mode=block
1 < Transfer-Encoding: chunked
{
  "id": 1,
  "firstName": "Emily",
  "lastName": "Johnson",
  "maidenName": "Smith",
  "age": 28,
  "gender": "female",
  "email": "emily.johnson@x.dummyjson.com",
  "phone": "+81 965-431-3024",
  "username": "emilys",
  "password": "emilyspass",
  "birthDate": "1996-5-30",
  "image": "https://dummyjson.com/icon/emilys/128",
  "bloodGroup": "O-",
  "height": 193.24,
  "weight": 63.16,
  "eyeColor": "Green",
  "hair": {
    "color": "Brown",
    "type": "Curly"
  },
  "ip": "42.48.100.32",
  "address": {
    "address": "626 Main Street",
    "city": "Phoenix",
    "state": "Mississippi",
    "stateCode": "MS",
    "postalCode": "29112",
    "coordinates": {
      "lat": -77.16213,
      "lng": -92.084824
    },
    "country": "United States"
  },
  "macAddress": "47:fa:41:18:ec:eb",
  "university": "University of Wisconsin--Madison",
  "bank": {
    "cardExpire": "03/26",
    "cardNumber": "9289760655481815",
    "cardType": "Elo",
    "currency": "CNY",
    "iban": "YPUXISOBI7TTHPK2BR3HAIXL"
  },
  "company": {
    "department": "Engineering",
    "name": "Dooley, Kozey and Cronin",
    "title": "Sales Manager",
    "address": {
      "address": "263 Tenth Street",
      "city": "San Francisco",
      "state": "Wisconsin",
      "stateCode": "WI",
      "postalCode": "37657",
      "coordinates": {
        "lat": 71.814525,
        "lng": -161.150263
      },
      "country": "United States"
    }
  },
  "ein": "977-175",
  "ssn": "900-590-289",
  "userAgent": "Mozilla/5.0 (Macintosh; Intel Mac OS X 10_15_7) AppleWebKit/537.36 (KHTML, like Gecko) Chrome/96.0.4664.93 Safari/537.36",
  "crypto": {
    "coin": "Bitcoin",
    "wallet": "0xb9fc2fe63b2a6c003f1c324c3bfa53259162181a",
    "network": "Ethereum (ERC20)"
  },
  "role": "admin",
  "isDeleted": true,
  "deletedOn": "2025-08-03T10:56:13.828Z"
}


17:56:13.766 [main] INFO com.intuit.karate -- [print] {
  "id": 1,
  "firstName": "Emily",
  "lastName": "Johnson",
  "maidenName": "Smith",
  "age": 28,
  "gender": "female",
  "email": "emily.johnson@x.dummyjson.com",
  "phone": "+81 965-431-3024",
  "username": "emilys",
  "password": "emilyspass",
  "birthDate": "1996-5-30",
  "image": "https://dummyjson.com/icon/emilys/128",
  "bloodGroup": "O-",
  "height": 193.24,
  "weight": 63.16,
  "eyeColor": "Green",
  "hair": {
    "color": "Brown",
    "type": "Curly"
  },
  "ip": "42.48.100.32",
  "address": {
    "address": "626 Main Street",
    "city": "Phoenix",
    "state": "Mississippi",
    "stateCode": "MS",
    "postalCode": "29112",
    "coordinates": {
      "lat": -77.16213,
      "lng": -92.084824
    },
    "country": "United States"
  },
  "macAddress": "47:fa:41:18:ec:eb",
  "university": "University of Wisconsin--Madison",
  "bank": {
    "cardExpire": "03/26",
    "cardNumber": "9289760655481815",
    "cardType": "Elo",
    "currency": "CNY",
    "iban": "YPUXISOBI7TTHPK2BR3HAIXL"
  },
  "company": {
    "department": "Engineering",
    "name": "Dooley, Kozey and Cronin",
    "title": "Sales Manager",
    "address": {
      "address": "263 Tenth Street",
      "city": "San Francisco",
      "state": "Wisconsin",
      "stateCode": "WI",
      "postalCode": "37657",
      "coordinates": {
        "lat": 71.814525,
        "lng": -161.150263
      },
      "country": "United States"
    }
  },
  "ein": "977-175",
  "ssn": "900-590-289",
  "userAgent": "Mozilla/5.0 (Macintosh; Intel Mac OS X 10_15_7) AppleWebKit/537.36 (KHTML, like Gecko) Chrome/96.0.4664.93 Safari/537.36",
  "crypto": {
    "coin": "Bitcoin",
    "wallet": "0xb9fc2fe63b2a6c003f1c324c3bfa53259162181a",
    "network": "Ethereum (ERC20)"
  },
  "role": "admin",
  "isDeleted": true,
  "deletedOn": "2025-08-03T10:56:13.828Z"
}
 
17:56:13.807 [main] DEBUG org.thymeleaf.TemplateEngine -- [THYMELEAF] INITIALIZING TEMPLATE ENGINE
17:56:13.893 [main] DEBUG org.thymeleaf.TemplateEngine.CONFIG -- Initializing Thymeleaf Template engine configuration...
[THYMELEAF] TEMPLATE ENGINE CONFIGURATION:
[THYMELEAF] * Thymeleaf version: 3.1.2.RELEASE (built 2023-07-30T19:25:50+0000)
[THYMELEAF] * Cache Manager implementation: org.thymeleaf.cache.StandardCacheManager
[THYMELEAF] * Template resolvers:
[THYMELEAF]     * [1] com.intuit.karate.template.ResourceHtmlTemplateResolver
[THYMELEAF] * Message resolvers:
[THYMELEAF]     * org.thymeleaf.messageresolver.StandardMessageResolver
[THYMELEAF] * Link builders:
[THYMELEAF]     * org.thymeleaf.linkbuilder.StandardLinkBuilder
[THYMELEAF] * Dialect [1 of 2]: Standard (com.intuit.karate.template.KarateStandardDialect)
[THYMELEAF]     * Prefix: "th"
[THYMELEAF]     * Processors for Template Mode: HTML
[THYMELEAF]         * Element Tag Processors by [matching element and attribute name] [precedence]:
[THYMELEAF]             * [* {th:include,data-th-include}] [100]: org.thymeleaf.standard.processor.StandardIncludeTagProcessor
[THYMELEAF]             * [* {th:insert,data-th-insert}] [100]: org.thymeleaf.standard.processor.StandardInsertTagProcessor
[THYMELEAF]             * [* {th:replace,data-th-replace}] [100]: org.thymeleaf.standard.processor.StandardReplaceTagProcessor
[THYMELEAF]             * [* {th:each,data-th-each}] [200]: com.intuit.karate.template.KarateEachTagProcessor
[THYMELEAF]             * [* {th:switch,data-th-switch}] [250]: org.thymeleaf.standard.processor.StandardSwitchTagProcessor
[THYMELEAF]             * [* {th:case,data-th-case}] [275]: org.thymeleaf.standard.processor.StandardCaseTagProcessor
[THYMELEAF]             * [* {th:if,data-th-if}] [300]: org.thymeleaf.standard.processor.StandardIfTagProcessor
[THYMELEAF]             * [* {th:unless,data-th-unless}] [400]: org.thymeleaf.standard.processor.StandardUnlessTagProcessor
[THYMELEAF]             * [* {th:object,data-th-object}] [500]: org.thymeleaf.standard.processor.StandardObjectTagProcessor
[THYMELEAF]             * [* {th:with,data-th-with}] [600]: com.intuit.karate.template.KarateWithTagProcessor
[THYMELEAF]             * [* {th:attr,data-th-attr}] [700]: com.intuit.karate.template.KarateAttributeTagProcessor.KarateAttrTagProcessor
[THYMELEAF]             * [* {th:attrappend,data-th-attrappend}] [900]: com.intuit.karate.template.KarateAttributeTagProcessor.KarateAttrappendTagProcessor
[THYMELEAF]             * [* {th:attrprepend,data-th-attrprepend}] [900]: com.intuit.karate.template.KarateAttributeTagProcessor.KarateAttrprependTagProcessor
[THYMELEAF]             * [* {th:alt-title,data-th-alt-title}] [990]: org.thymeleaf.standard.processor.StandardAltTitleTagProcessor
[THYMELEAF]             * [* {th:lang-xmllang,data-th-lang-xmllang}] [990]: org.thymeleaf.standard.processor.StandardLangXmlLangTagProcessor
[THYMELEAF]             * [* {th:action,data-th-action}] [1000]: org.thymeleaf.standard.processor.StandardActionTagProcessor
[THYMELEAF]             * [* {th:nowrap,data-th-nowrap}] [1000]: org.thymeleaf.standard.processor.StandardConditionalFixedValueTagProcessor
[THYMELEAF]             * [* {th:defer,data-th-defer}] [1000]: org.thymeleaf.standard.processor.StandardConditionalFixedValueTagProcessor
[THYMELEAF]             * [* {th:ismap,data-th-ismap}] [1000]: org.thymeleaf.standard.processor.StandardConditionalFixedValueTagProcessor
[THYMELEAF]             * [* {th:required,data-th-required}] [1000]: org.thymeleaf.standard.processor.StandardConditionalFixedValueTagProcessor
[THYMELEAF]             * [* {th:open,data-th-open}] [1000]: org.thymeleaf.standard.processor.StandardConditionalFixedValueTagProcessor
[THYMELEAF]             * [* {th:autofocus,data-th-autofocus}] [1000]: org.thymeleaf.standard.processor.StandardConditionalFixedValueTagProcessor
[THYMELEAF]             * [* {th:declare,data-th-declare}] [1000]: org.thymeleaf.standard.processor.StandardConditionalFixedValueTagProcessor
[THYMELEAF]             * [* {th:async,data-th-async}] [1000]: org.thymeleaf.standard.processor.StandardConditionalFixedValueTagProcessor
[THYMELEAF]             * [* {th:formnovalidate,data-th-formnovalidate}] [1000]: org.thymeleaf.standard.processor.StandardConditionalFixedValueTagProcessor
[THYMELEAF]             * [* {th:loop,data-th-loop}] [1000]: org.thymeleaf.standard.processor.StandardConditionalFixedValueTagProcessor
[THYMELEAF]             * [* {th:autoplay,data-th-autoplay}] [1000]: org.thymeleaf.standard.processor.StandardConditionalFixedValueTagProcessor
[THYMELEAF]             * [* {th:checked,data-th-checked}] [1000]: org.thymeleaf.standard.processor.StandardConditionalFixedValueTagProcessor
[THYMELEAF]             * [* {th:reversed,data-th-reversed}] [1000]: org.thymeleaf.standard.processor.StandardConditionalFixedValueTagProcessor
[THYMELEAF]             * [* {th:controls,data-th-controls}] [1000]: org.thymeleaf.standard.processor.StandardConditionalFixedValueTagProcessor
[THYMELEAF]             * [* {th:scoped,data-th-scoped}] [1000]: org.thymeleaf.standard.processor.StandardConditionalFixedValueTagProcessor
[THYMELEAF]             * [* {th:pubdate,data-th-pubdate}] [1000]: org.thymeleaf.standard.processor.StandardConditionalFixedValueTagProcessor
[THYMELEAF]             * [* {th:disabled,data-th-disabled}] [1000]: org.thymeleaf.standard.processor.StandardConditionalFixedValueTagProcessor
[THYMELEAF]             * [* {th:multiple,data-th-multiple}] [1000]: org.thymeleaf.standard.processor.StandardConditionalFixedValueTagProcessor
[THYMELEAF]             * [* {th:readonly,data-th-readonly}] [1000]: org.thymeleaf.standard.processor.StandardConditionalFixedValueTagProcessor
[THYMELEAF]             * [* {th:seamless,data-th-seamless}] [1000]: org.thymeleaf.standard.processor.StandardConditionalFixedValueTagProcessor
[THYMELEAF]             * [* {th:novalidate,data-th-novalidate}] [1000]: org.thymeleaf.standard.processor.StandardConditionalFixedValueTagProcessor
[THYMELEAF]             * [* {th:default,data-th-default}] [1000]: org.thymeleaf.standard.processor.StandardConditionalFixedValueTagProcessor
[THYMELEAF]             * [* {th:hidden,data-th-hidden}] [1000]: org.thymeleaf.standard.processor.StandardConditionalFixedValueTagProcessor
[THYMELEAF]             * [* {th:selected,data-th-selected}] [1000]: org.thymeleaf.standard.processor.StandardConditionalFixedValueTagProcessor
[THYMELEAF]             * [* {th:onseeking,data-th-onseeking}] [1000]: org.thymeleaf.standard.processor.StandardDOMEventAttributeTagProcessor
[THYMELEAF]             * [* {th:oninput,data-th-oninput}] [1000]: org.thymeleaf.standard.processor.StandardDOMEventAttributeTagProcessor
[THYMELEAF]             * [* {th:onformchange,data-th-onformchange}] [1000]: org.thymeleaf.standard.processor.StandardDOMEventAttributeTagProcessor
[THYMELEAF]             * [* {th:ondragleave,data-th-ondragleave}] [1000]: org.thymeleaf.standard.processor.StandardDOMEventAttributeTagProcessor
[THYMELEAF]             * [* {th:onratechange,data-th-onratechange}] [1000]: org.thymeleaf.standard.processor.StandardDOMEventAttributeTagProcessor
[THYMELEAF]             * [* {th:onscroll,data-th-onscroll}] [1000]: org.thymeleaf.standard.processor.StandardDOMEventAttributeTagProcessor
[THYMELEAF]             * [* {th:onreadystatechange,data-th-onreadystatechange}] [1000]: org.thymeleaf.standard.processor.StandardDOMEventAttributeTagProcessor
[THYMELEAF]             * [* {th:onhashchange,data-th-onhashchange}] [1000]: org.thymeleaf.standard.processor.StandardDOMEventAttributeTagProcessor
[THYMELEAF]             * [* {th:onstalled,data-th-onstalled}] [1000]: org.thymeleaf.standard.processor.StandardDOMEventAttributeTagProcessor
[THYMELEAF]             * [* {th:onforminput,data-th-onforminput}] [1000]: org.thymeleaf.standard.processor.StandardDOMEventAttributeTagProcessor
[THYMELEAF]             * [* {th:onloadeddata,data-th-onloadeddata}] [1000]: org.thymeleaf.standard.processor.StandardDOMEventAttributeTagProcessor
[THYMELEAF]             * [* {th:onkeypress,data-th-onkeypress}] [1000]: org.thymeleaf.standard.processor.StandardDOMEventAttributeTagProcessor
[THYMELEAF]             * [* {th:ondrag,data-th-ondrag}] [1000]: org.thymeleaf.standard.processor.StandardDOMEventAttributeTagProcessor
[THYMELEAF]             * [* {th:onloadstart,data-th-onloadstart}] [1000]: org.thymeleaf.standard.processor.StandardDOMEventAttributeTagProcessor
[THYMELEAF]             * [* {th:ondrop,data-th-ondrop}] [1000]: org.thymeleaf.standard.processor.StandardDOMEventAttributeTagProcessor
[THYMELEAF]             * [* {th:onmousemove,data-th-onmousemove}] [1000]: org.thymeleaf.standard.processor.StandardDOMEventAttributeTagProcessor
[THYMELEAF]             * [* {th:onfocus,data-th-onfocus}] [1000]: org.thymeleaf.standard.processor.StandardDOMEventAttributeTagProcessor
[THYMELEAF]             * [* {th:onsubmit,data-th-onsubmit}] [1000]: org.thymeleaf.standard.processor.StandardDOMEventAttributeTagProcessor
[THYMELEAF]             * [* {th:onshow,data-th-onshow}] [1000]: org.thymeleaf.standard.processor.StandardDOMEventAttributeTagProcessor
[THYMELEAF]             * [* {th:onmouseout,data-th-onmouseout}] [1000]: org.thymeleaf.standard.processor.StandardDOMEventAttributeTagProcessor
[THYMELEAF]             * [* {th:onsuspend,data-th-onsuspend}] [1000]: org.thymeleaf.standard.processor.StandardDOMEventAttributeTagProcessor
[THYMELEAF]             * [* {th:onmessage,data-th-onmessage}] [1000]: org.thymeleaf.standard.processor.StandardDOMEventAttributeTagProcessor
[THYMELEAF]             * [* {th:onabort,data-th-onabort}] [1000]: org.thymeleaf.standard.processor.StandardDOMEventAttributeTagProcessor
[THYMELEAF]             * [* {th:onwaiting,data-th-onwaiting}] [1000]: org.thymeleaf.standard.processor.StandardDOMEventAttributeTagProcessor
[THYMELEAF]             * [* {th:onblur,data-th-onblur}] [1000]: org.thymeleaf.standard.processor.StandardDOMEventAttributeTagProcessor
[THYMELEAF]             * [* {th:onoffline,data-th-onoffline}] [1000]: org.thymeleaf.standard.processor.StandardDOMEventAttributeTagProcessor
[THYMELEAF]             * [* {th:onloadedmetadata,data-th-onloadedmetadata}] [1000]: org.thymeleaf.standard.processor.StandardDOMEventAttributeTagProcessor
[THYMELEAF]             * [* {th:onerror,data-th-onerror}] [1000]: org.thymeleaf.standard.processor.StandardDOMEventAttributeTagProcessor
[THYMELEAF]             * [* {th:oncontextmenu,data-th-oncontextmenu}] [1000]: org.thymeleaf.standard.processor.StandardDOMEventAttributeTagProcessor
[THYMELEAF]             * [* {th:onpause,data-th-onpause}] [1000]: org.thymeleaf.standard.processor.StandardDOMEventAttributeTagProcessor
[THYMELEAF]             * [* {th:ondragover,data-th-ondragover}] [1000]: org.thymeleaf.standard.processor.StandardDOMEventAttributeTagProcessor
[THYMELEAF]             * [* {th:onvolumechange,data-th-onvolumechange}] [1000]: org.thymeleaf.standard.processor.StandardDOMEventAttributeTagProcessor
[THYMELEAF]             * [* {th:onmousewheel,data-th-onmousewheel}] [1000]: org.thymeleaf.standard.processor.StandardDOMEventAttributeTagProcessor
[THYMELEAF]             * [* {th:onplaying,data-th-onplaying}] [1000]: org.thymeleaf.standard.processor.StandardDOMEventAttributeTagProcessor
[THYMELEAF]             * [* {th:onprogress,data-th-onprogress}] [1000]: org.thymeleaf.standard.processor.StandardDOMEventAttributeTagProcessor
[THYMELEAF]             * [* {th:onload,data-th-onload}] [1000]: org.thymeleaf.standard.processor.StandardDOMEventAttributeTagProcessor
[THYMELEAF]             * [* {th:ondurationchange,data-th-ondurationchange}] [1000]: org.thymeleaf.standard.processor.StandardDOMEventAttributeTagProcessor
[THYMELEAF]             * [* {th:ontimeupdate,data-th-ontimeupdate}] [1000]: org.thymeleaf.standard.processor.StandardDOMEventAttributeTagProcessor
[THYMELEAF]             * [* {th:onafterprint,data-th-onafterprint}] [1000]: org.thymeleaf.standard.processor.StandardDOMEventAttributeTagProcessor
[THYMELEAF]             * [* {th:onresize,data-th-onresize}] [1000]: org.thymeleaf.standard.processor.StandardDOMEventAttributeTagProcessor
[THYMELEAF]             * [* {th:onunload,data-th-onunload}] [1000]: org.thymeleaf.standard.processor.StandardDOMEventAttributeTagProcessor
[THYMELEAF]             * [* {th:onundo,data-th-onundo}] [1000]: org.thymeleaf.standard.processor.StandardDOMEventAttributeTagProcessor
[THYMELEAF]             * [* {th:onended,data-th-onended}] [1000]: org.thymeleaf.standard.processor.StandardDOMEventAttributeTagProcessor
[THYMELEAF]             * [* {th:onkeyup,data-th-onkeyup}] [1000]: org.thymeleaf.standard.processor.StandardDOMEventAttributeTagProcessor
[THYMELEAF]             * [* {th:oncanplay,data-th-oncanplay}] [1000]: org.thymeleaf.standard.processor.StandardDOMEventAttributeTagProcessor
[THYMELEAF]             * [* {th:onpopstate,data-th-onpopstate}] [1000]: org.thymeleaf.standard.processor.StandardDOMEventAttributeTagProcessor
[THYMELEAF]             * [* {th:oncanplaythrough,data-th-oncanplaythrough}] [1000]: org.thymeleaf.standard.processor.StandardDOMEventAttributeTagProcessor
[THYMELEAF]             * [* {th:onmouseover,data-th-onmouseover}] [1000]: org.thymeleaf.standard.processor.StandardDOMEventAttributeTagProcessor
[THYMELEAF]             * [* {th:onmousedown,data-th-onmousedown}] [1000]: org.thymeleaf.standard.processor.StandardDOMEventAttributeTagProcessor
[THYMELEAF]             * [* {th:onemptied,data-th-onemptied}] [1000]: org.thymeleaf.standard.processor.StandardDOMEventAttributeTagProcessor
[THYMELEAF]             * [* {th:onreset,data-th-onreset}] [1000]: org.thymeleaf.standard.processor.StandardDOMEventAttributeTagProcessor
[THYMELEAF]             * [* {th:onplay,data-th-onplay}] [1000]: org.thymeleaf.standard.processor.StandardDOMEventAttributeTagProcessor
[THYMELEAF]             * [* {th:onseeked,data-th-onseeked}] [1000]: org.thymeleaf.standard.processor.StandardDOMEventAttributeTagProcessor
[THYMELEAF]             * [* {th:ondblclick,data-th-ondblclick}] [1000]: org.thymeleaf.standard.processor.StandardDOMEventAttributeTagProcessor
[THYMELEAF]             * [* {th:onchange,data-th-onchange}] [1000]: org.thymeleaf.standard.processor.StandardDOMEventAttributeTagProcessor
[THYMELEAF]             * [* {th:ononline,data-th-ononline}] [1000]: org.thymeleaf.standard.processor.StandardDOMEventAttributeTagProcessor
[THYMELEAF]             * [* {th:onbeforeunload,data-th-onbeforeunload}] [1000]: org.thymeleaf.standard.processor.StandardDOMEventAttributeTagProcessor
[THYMELEAF]             * [* {th:onkeydown,data-th-onkeydown}] [1000]: org.thymeleaf.standard.processor.StandardDOMEventAttributeTagProcessor
[THYMELEAF]             * [* {th:onbeforeprint,data-th-onbeforeprint}] [1000]: org.thymeleaf.standard.processor.StandardDOMEventAttributeTagProcessor
[THYMELEAF]             * [* {th:ondragend,data-th-ondragend}] [1000]: org.thymeleaf.standard.processor.StandardDOMEventAttributeTagProcessor
[THYMELEAF]             * [* {th:ondragenter,data-th-ondragenter}] [1000]: org.thymeleaf.standard.processor.StandardDOMEventAttributeTagProcessor
[THYMELEAF]             * [* {th:onmouseup,data-th-onmouseup}] [1000]: org.thymeleaf.standard.processor.StandardDOMEventAttributeTagProcessor
[THYMELEAF]             * [* {th:oninvalid,data-th-oninvalid}] [1000]: org.thymeleaf.standard.processor.StandardDOMEventAttributeTagProcessor
[THYMELEAF]             * [* {th:onstorage,data-th-onstorage}] [1000]: org.thymeleaf.standard.processor.StandardDOMEventAttributeTagProcessor
[THYMELEAF]             * [* {th:onselect,data-th-onselect}] [1000]: org.thymeleaf.standard.processor.StandardDOMEventAttributeTagProcessor
[THYMELEAF]             * [* {th:ondragstart,data-th-ondragstart}] [1000]: org.thymeleaf.standard.processor.StandardDOMEventAttributeTagProcessor
[THYMELEAF]             * [* {th:onredo,data-th-onredo}] [1000]: org.thymeleaf.standard.processor.StandardDOMEventAttributeTagProcessor
[THYMELEAF]             * [* {th:onclick,data-th-onclick}] [1000]: org.thymeleaf.standard.processor.StandardDOMEventAttributeTagProcessor
[THYMELEAF]             * [* {th:href,data-th-href}] [1000]: org.thymeleaf.standard.processor.StandardHrefTagProcessor
[THYMELEAF]             * [* {th:inline,data-th-inline}] [1000]: org.thymeleaf.standard.processor.StandardInlineHTMLTagProcessor
[THYMELEAF]             * [* {th:method,data-th-method}] [1000]: org.thymeleaf.standard.processor.StandardMethodTagProcessor
[THYMELEAF]             * [* {th:type,data-th-type}] [1000]: org.thymeleaf.standard.processor.StandardNonRemovableAttributeTagProcessor
[THYMELEAF]             * [* {th:name,data-th-name}] [1000]: org.thymeleaf.standard.processor.StandardNonRemovableAttributeTagProcessor
[THYMELEAF]             * [* {th:lang,data-th-lang}] [1000]: org.thymeleaf.standard.processor.StandardRemovableAttributeTagProcessor
[THYMELEAF]             * [* {th:marginwidth,data-th-marginwidth}] [1000]: org.thymeleaf.standard.processor.StandardRemovableAttributeTagProcessor
[THYMELEAF]             * [* {th:challenge,data-th-challenge}] [1000]: org.thymeleaf.standard.processor.StandardRemovableAttributeTagProcessor
[THYMELEAF]             * [* {th:frame,data-th-frame}] [1000]: org.thymeleaf.standard.processor.StandardRemovableAttributeTagProcessor
[THYMELEAF]             * [* {th:for,data-th-for}] [1000]: org.thymeleaf.standard.processor.StandardRemovableAttributeTagProcessor
[THYMELEAF]             * [* {th:content,data-th-content}] [1000]: org.thymeleaf.standard.processor.StandardRemovableAttributeTagProcessor
[THYMELEAF]             * [* {th:usemap,data-th-usemap}] [1000]: org.thymeleaf.standard.processor.StandardRemovableAttributeTagProcessor
[THYMELEAF]             * [* {th:manifest,data-th-manifest}] [1000]: org.thymeleaf.standard.processor.StandardRemovableAttributeTagProcessor
[THYMELEAF]             * [* {th:low,data-th-low}] [1000]: org.thymeleaf.standard.processor.StandardRemovableAttributeTagProcessor
[THYMELEAF]             * [* {th:preload,data-th-preload}] [1000]: org.thymeleaf.standard.processor.StandardRemovableAttributeTagProcessor
[THYMELEAF]             * [* {th:colspan,data-th-colspan}] [1000]: org.thymeleaf.standard.processor.StandardRemovableAttributeTagProcessor
[THYMELEAF]             * [* {th:data,data-th-data}] [1000]: org.thymeleaf.standard.processor.StandardRemovableAttributeTagProcessor
[THYMELEAF]             * [* {th:background,data-th-background}] [1000]: org.thymeleaf.standard.processor.StandardRemovableAttributeTagProcessor
[THYMELEAF]             * [* {th:longdesc,data-th-longdesc}] [1000]: org.thymeleaf.standard.processor.StandardRemovableAttributeTagProcessor
[THYMELEAF]             * [* {th:min,data-th-min}] [1000]: org.thymeleaf.standard.processor.StandardRemovableAttributeTagProcessor
[THYMELEAF]             * [* {th:accept,data-th-accept}] [1000]: org.thymeleaf.standard.processor.StandardRemovableAttributeTagProcessor
[THYMELEAF]             * [* {th:marginheight,data-th-marginheight}] [1000]: org.thymeleaf.standard.processor.StandardRemovableAttributeTagProcessor
[THYMELEAF]             * [* {th:kind,data-th-kind}] [1000]: org.thymeleaf.standard.processor.StandardRemovableAttributeTagProcessor
[THYMELEAF]             * [* {th:wrap,data-th-wrap}] [1000]: org.thymeleaf.standard.processor.StandardRemovableAttributeTagProcessor
[THYMELEAF]             * [* {th:dir,data-th-dir}] [1000]: org.thymeleaf.standard.processor.StandardRemovableAttributeTagProcessor
[THYMELEAF]             * [* {th:draggable,data-th-draggable}] [1000]: org.thymeleaf.standard.processor.StandardRemovableAttributeTagProcessor
[THYMELEAF]             * [* {th:placeholder,data-th-placeholder}] [1000]: org.thymeleaf.standard.processor.StandardRemovableAttributeTagProcessor
[THYMELEAF]             * [* {th:summary,data-th-summary}] [1000]: org.thymeleaf.standard.processor.StandardRemovableAttributeTagProcessor
[THYMELEAF]             * [* {th:spellcheck,data-th-spellcheck}] [1000]: org.thymeleaf.standard.processor.StandardRemovableAttributeTagProcessor
[THYMELEAF]             * [* {th:radiogroup,data-th-radiogroup}] [1000]: org.thymeleaf.standard.processor.StandardRemovableAttributeTagProcessor
[THYMELEAF]             * [* {th:audio,data-th-audio}] [1000]: org.thymeleaf.standard.processor.StandardRemovableAttributeTagProcessor
[THYMELEAF]             * [* {th:cellspacing,data-th-cellspacing}] [1000]: org.thymeleaf.standard.processor.StandardRemovableAttributeTagProcessor
[THYMELEAF]             * [* {th:class,data-th-class}] [1000]: org.thymeleaf.standard.processor.StandardRemovableAttributeTagProcessor
[THYMELEAF]             * [* {th:cellpadding,data-th-cellpadding}] [1000]: org.thymeleaf.standard.processor.StandardRemovableAttributeTagProcessor
[THYMELEAF]             * [* {th:axis,data-th-axis}] [1000]: org.thymeleaf.standard.processor.StandardRemovableAttributeTagProcessor
[THYMELEAF]             * [* {th:border,data-th-border}] [1000]: org.thymeleaf.standard.processor.StandardRemovableAttributeTagProcessor
[THYMELEAF]             * [* {th:formenctype,data-th-formenctype}] [1000]: org.thymeleaf.standard.processor.StandardRemovableAttributeTagProcessor
[THYMELEAF]             * [* {th:enctype,data-th-enctype}] [1000]: org.thymeleaf.standard.processor.StandardRemovableAttributeTagProcessor
[THYMELEAF]             * [* {th:title,data-th-title}] [1000]: org.thymeleaf.standard.processor.StandardRemovableAttributeTagProcessor
[THYMELEAF]             * [* {th:contextmenu,data-th-contextmenu}] [1000]: org.thymeleaf.standard.processor.StandardRemovableAttributeTagProcessor
[THYMELEAF]             * [* {th:media,data-th-media}] [1000]: org.thymeleaf.standard.processor.StandardRemovableAttributeTagProcessor
[THYMELEAF]             * [* {th:keytype,data-th-keytype}] [1000]: org.thymeleaf.standard.processor.StandardRemovableAttributeTagProcessor
[THYMELEAF]             * [* {th:form,data-th-form}] [1000]: org.thymeleaf.standard.processor.StandardRemovableAttributeTagProcessor
[THYMELEAF]             * [* {th:alt,data-th-alt}] [1000]: org.thymeleaf.standard.processor.StandardRemovableAttributeTagProcessor
[THYMELEAF]             * [* {th:tabindex,data-th-tabindex}] [1000]: org.thymeleaf.standard.processor.StandardRemovableAttributeTagProcessor
[THYMELEAF]             * [* {th:poster,data-th-poster}] [1000]: org.thymeleaf.standard.processor.StandardRemovableAttributeTagProcessor
[THYMELEAF]             * [* {th:id,data-th-id}] [1000]: org.thymeleaf.standard.processor.StandardRemovableAttributeTagProcessor
[THYMELEAF]             * [* {th:scrolling,data-th-scrolling}] [1000]: org.thymeleaf.standard.processor.StandardRemovableAttributeTagProcessor
[THYMELEAF]             * [* {th:classid,data-th-classid}] [1000]: org.thymeleaf.standard.processor.StandardRemovableAttributeTagProcessor
[THYMELEAF]             * [* {th:scope,data-th-scope}] [1000]: org.thymeleaf.standard.processor.StandardRemovableAttributeTagProcessor
[THYMELEAF]             * [* {th:accept-charset,data-th-accept-charset}] [1000]: org.thymeleaf.standard.processor.StandardRemovableAttributeTagProcessor
[THYMELEAF]             * [* {th:codetype,data-th-codetype}] [1000]: org.thymeleaf.standard.processor.StandardRemovableAttributeTagProcessor
[THYMELEAF]             * [* {th:formaction,data-th-formaction}] [1000]: org.thymeleaf.standard.processor.StandardRemovableAttributeTagProcessor
[THYMELEAF]             * [* {th:icon,data-th-icon}] [1000]: org.thymeleaf.standard.processor.StandardRemovableAttributeTagProcessor
[THYMELEAF]             * [* {th:hreflang,data-th-hreflang}] [1000]: org.thymeleaf.standard.processor.StandardRemovableAttributeTagProcessor
[THYMELEAF]             * [* {th:height,data-th-height}] [1000]: org.thymeleaf.standard.processor.StandardRemovableAttributeTagProcessor
[THYMELEAF]             * [* {th:span,data-th-span}] [1000]: org.thymeleaf.standard.processor.StandardRemovableAttributeTagProcessor
[THYMELEAF]             * [* {th:standby,data-th-standby}] [1000]: org.thymeleaf.standard.processor.StandardRemovableAttributeTagProcessor
[THYMELEAF]             * [* {th:size,data-th-size}] [1000]: org.thymeleaf.standard.processor.StandardRemovableAttributeTagProcessor
[THYMELEAF]             * [* {th:sandbox,data-th-sandbox}] [1000]: org.thymeleaf.standard.processor.StandardRemovableAttributeTagProcessor
[THYMELEAF]             * [* {th:codebase,data-th-codebase}] [1000]: org.thymeleaf.standard.processor.StandardRemovableAttributeTagProcessor
[THYMELEAF]             * [* {th:rel,data-th-rel}] [1000]: org.thymeleaf.standard.processor.StandardRemovableAttributeTagProcessor
[THYMELEAF]             * [* {th:rowspan,data-th-rowspan}] [1000]: org.thymeleaf.standard.processor.StandardRemovableAttributeTagProcessor
[THYMELEAF]             * [* {th:dropzone,data-th-dropzone}] [1000]: org.thymeleaf.standard.processor.StandardRemovableAttributeTagProcessor
[THYMELEAF]             * [* {th:bgcolor,data-th-bgcolor}] [1000]: org.thymeleaf.standard.processor.StandardRemovableAttributeTagProcessor
[THYMELEAF]             * [* {th:abbr,data-th-abbr}] [1000]: org.thymeleaf.standard.processor.StandardRemovableAttributeTagProcessor
[THYMELEAF]             * [* {th:label,data-th-label}] [1000]: org.thymeleaf.standard.processor.StandardRemovableAttributeTagProcessor
[THYMELEAF]             * [* {th:valuetype,data-th-valuetype}] [1000]: org.thymeleaf.standard.processor.StandardRemovableAttributeTagProcessor
[THYMELEAF]             * [* {th:rules,data-th-rules}] [1000]: org.thymeleaf.standard.processor.StandardRemovableAttributeTagProcessor
[THYMELEAF]             * [* {th:autocomplete,data-th-autocomplete}] [1000]: org.thymeleaf.standard.processor.StandardRemovableAttributeTagProcessor
[THYMELEAF]             * [* {th:cols,data-th-cols}] [1000]: org.thymeleaf.standard.processor.StandardRemovableAttributeTagProcessor
[THYMELEAF]             * [* {th:formtarget,data-th-formtarget}] [1000]: org.thymeleaf.standard.processor.StandardRemovableAttributeTagProcessor
[THYMELEAF]             * [* {th:optimum,data-th-optimum}] [1000]: org.thymeleaf.standard.processor.StandardRemovableAttributeTagProcessor
[THYMELEAF]             * [* {th:rev,data-th-rev}] [1000]: org.thymeleaf.standard.processor.StandardRemovableAttributeTagProcessor
[THYMELEAF]             * [* {th:high,data-th-high}] [1000]: org.thymeleaf.standard.processor.StandardRemovableAttributeTagProcessor
[THYMELEAF]             * [* {th:srclang,data-th-srclang}] [1000]: org.thymeleaf.standard.processor.StandardRemovableAttributeTagProcessor
[THYMELEAF]             * [* {th:formmethod,data-th-formmethod}] [1000]: org.thymeleaf.standard.processor.StandardRemovableAttributeTagProcessor
[THYMELEAF]             * [* {th:style,data-th-style}] [1000]: org.thymeleaf.standard.processor.StandardRemovableAttributeTagProcessor
[THYMELEAF]             * [* {th:frameborder,data-th-frameborder}] [1000]: org.thymeleaf.standard.processor.StandardRemovableAttributeTagProcessor
[THYMELEAF]             * [* {th:step,data-th-step}] [1000]: org.thymeleaf.standard.processor.StandardRemovableAttributeTagProcessor
[THYMELEAF]             * [* {th:contenteditable,data-th-contenteditable}] [1000]: org.thymeleaf.standard.processor.StandardRemovableAttributeTagProcessor
[THYMELEAF]             * [* {th:datetime,data-th-datetime}] [1000]: org.thymeleaf.standard.processor.StandardRemovableAttributeTagProcessor
[THYMELEAF]             * [* {th:sizes,data-th-sizes}] [1000]: org.thymeleaf.standard.processor.StandardRemovableAttributeTagProcessor
[THYMELEAF]             * [* {th:list,data-th-list}] [1000]: org.thymeleaf.standard.processor.StandardRemovableAttributeTagProcessor
[THYMELEAF]             * [* {th:rows,data-th-rows}] [1000]: org.thymeleaf.standard.processor.StandardRemovableAttributeTagProcessor
[THYMELEAF]             * [* {th:scheme,data-th-scheme}] [1000]: org.thymeleaf.standard.processor.StandardRemovableAttributeTagProcessor
[THYMELEAF]             * [* {th:accesskey,data-th-accesskey}] [1000]: org.thymeleaf.standard.processor.StandardRemovableAttributeTagProcessor
[THYMELEAF]             * [* {th:target,data-th-target}] [1000]: org.thymeleaf.standard.processor.StandardRemovableAttributeTagProcessor
[THYMELEAF]             * [* {th:archive,data-th-archive}] [1000]: org.thymeleaf.standard.processor.StandardRemovableAttributeTagProcessor
[THYMELEAF]             * [* {th:vspace,data-th-vspace}] [1000]: org.thymeleaf.standard.processor.StandardRemovableAttributeTagProcessor
[THYMELEAF]             * [* {th:compact,data-th-compact}] [1000]: org.thymeleaf.standard.processor.StandardRemovableAttributeTagProcessor
[THYMELEAF]             * [* {th:maxlength,data-th-maxlength}] [1000]: org.thymeleaf.standard.processor.StandardRemovableAttributeTagProcessor
[THYMELEAF]             * [* {th:align,data-th-align}] [1000]: org.thymeleaf.standard.processor.StandardRemovableAttributeTagProcessor
[THYMELEAF]             * [* {th:cite,data-th-cite}] [1000]: org.thymeleaf.standard.processor.StandardRemovableAttributeTagProcessor
[THYMELEAF]             * [* {th:hspace,data-th-hspace}] [1000]: org.thymeleaf.standard.processor.StandardRemovableAttributeTagProcessor
[THYMELEAF]             * [* {th:charset,data-th-charset}] [1000]: org.thymeleaf.standard.processor.StandardRemovableAttributeTagProcessor
[THYMELEAF]             * [* {th:http-equiv,data-th-http-equiv}] [1000]: org.thymeleaf.standard.processor.StandardRemovableAttributeTagProcessor
[THYMELEAF]             * [* {th:start,data-th-start}] [1000]: org.thymeleaf.standard.processor.StandardRemovableAttributeTagProcessor
[THYMELEAF]             * [* {th:headers,data-th-headers}] [1000]: org.thymeleaf.standard.processor.StandardRemovableAttributeTagProcessor
[THYMELEAF]             * [* {th:width,data-th-width}] [1000]: org.thymeleaf.standard.processor.StandardRemovableAttributeTagProcessor
[THYMELEAF]             * [* {th:max,data-th-max}] [1000]: org.thymeleaf.standard.processor.StandardRemovableAttributeTagProcessor
[THYMELEAF]             * [* {th:pattern,data-th-pattern}] [1000]: org.thymeleaf.standard.processor.StandardRemovableAttributeTagProcessor
[THYMELEAF]             * [* {th:src,data-th-src}] [1000]: org.thymeleaf.standard.processor.StandardSrcTagProcessor
[THYMELEAF]             * [* {th:value,data-th-value}] [1000]: org.thymeleaf.standard.processor.StandardValueTagProcessor
[THYMELEAF]             * [* {th:xmlbase,data-th-xmlbase}] [1000]: org.thymeleaf.standard.processor.StandardXmlBaseTagProcessor
[THYMELEAF]             * [* {th:xmllang,data-th-xmllang}] [1000]: org.thymeleaf.standard.processor.StandardXmlLangTagProcessor
[THYMELEAF]             * [* {xmlns:th}] [1000]: org.thymeleaf.standard.processor.StandardXmlNsTagProcessor
[THYMELEAF]             * [* {th:xmlspace,data-th-xmlspace}] [1000]: org.thymeleaf.standard.processor.StandardXmlSpaceTagProcessor
[THYMELEAF]             * [* {th:classappend,data-th-classappend}] [1100]: org.thymeleaf.standard.processor.StandardClassappendTagProcessor
[THYMELEAF]             * [* {th:styleappend,data-th-styleappend}] [1100]: org.thymeleaf.standard.processor.StandardStyleappendTagProcessor
[THYMELEAF]             * [* {th:text,data-th-text}] [1300]: org.thymeleaf.standard.processor.StandardTextTagProcessor
[THYMELEAF]             * [* {th:utext,data-th-utext}] [1400]: org.thymeleaf.standard.processor.StandardUtextTagProcessor
[THYMELEAF]             * [* {th:fragment,data-th-fragment}] [1500]: org.thymeleaf.standard.processor.StandardFragmentTagProcessor
[THYMELEAF]             * [* {th:assert,data-th-assert}] [1550]: org.thymeleaf.standard.processor.StandardAssertTagProcessor
[THYMELEAF]             * [* {th:remove,data-th-remove}] [1600]: org.thymeleaf.standard.processor.StandardRemoveTagProcessor
[THYMELEAF]             * [* {th:ref,data-th-ref}] [10000]: org.thymeleaf.standard.processor.StandardRefAttributeTagProcessor
[THYMELEAF]             * [{th:block,th-block} *] [100000]: org.thymeleaf.standard.processor.StandardBlockTagProcessor
[THYMELEAF]             * [* th:*] [2147483647]: org.thymeleaf.standard.processor.StandardDefaultAttributesTagProcessor
[THYMELEAF]         * Text Processors by [precedence]:
[THYMELEAF]             * [1000]: org.thymeleaf.standard.processor.StandardInliningTextProcessor
[THYMELEAF]         * DOCTYPE Processors by [precedence]:
[THYMELEAF]             * [1000]: org.thymeleaf.standard.processor.StandardTranslationDocTypeProcessor
[THYMELEAF]         * CDATA Section Processors by [precedence]:
[THYMELEAF]             * [1000]: org.thymeleaf.standard.processor.StandardInliningCDATASectionProcessor
[THYMELEAF]         * Comment Processors by [precedence]:
[THYMELEAF]             * [1000]: org.thymeleaf.standard.processor.StandardInliningCommentProcessor
[THYMELEAF]             * [1100]: org.thymeleaf.standard.processor.StandardConditionalCommentProcessor
[THYMELEAF]     * Processors for Template Mode: XML
[THYMELEAF]         * Element Tag Processors by [matching element and attribute name] [precedence]:
[THYMELEAF]             * [* {th:include}] [100]: org.thymeleaf.standard.processor.StandardIncludeTagProcessor
[THYMELEAF]             * [* {th:insert}] [100]: org.thymeleaf.standard.processor.StandardInsertTagProcessor
[THYMELEAF]             * [* {th:replace}] [100]: org.thymeleaf.standard.processor.StandardReplaceTagProcessor
[THYMELEAF]             * [* {th:each}] [200]: com.intuit.karate.template.KarateEachTagProcessor
[THYMELEAF]             * [* {th:switch}] [250]: org.thymeleaf.standard.processor.StandardSwitchTagProcessor
[THYMELEAF]             * [* {th:case}] [275]: org.thymeleaf.standard.processor.StandardCaseTagProcessor
[THYMELEAF]             * [* {th:if}] [300]: org.thymeleaf.standard.processor.StandardIfTagProcessor
[THYMELEAF]             * [* {th:unless}] [400]: org.thymeleaf.standard.processor.StandardUnlessTagProcessor
[THYMELEAF]             * [* {th:object}] [500]: org.thymeleaf.standard.processor.StandardObjectTagProcessor
[THYMELEAF]             * [* {th:with}] [600]: com.intuit.karate.template.KarateWithTagProcessor
[THYMELEAF]             * [* {th:attr}] [700]: com.intuit.karate.template.KarateAttributeTagProcessor.KarateAttrTagProcessor
[THYMELEAF]             * [* {th:attrappend}] [900]: com.intuit.karate.template.KarateAttributeTagProcessor.KarateAttrappendTagProcessor
[THYMELEAF]             * [* {th:attrprepend}] [900]: com.intuit.karate.template.KarateAttributeTagProcessor.KarateAttrprependTagProcessor
[THYMELEAF]             * [* {th:inline}] [1000]: org.thymeleaf.standard.processor.StandardInlineXMLTagProcessor
[THYMELEAF]             * [* {xmlns:th}] [1000]: org.thymeleaf.standard.processor.StandardXmlNsTagProcessor
[THYMELEAF]             * [* {th:text}] [1300]: org.thymeleaf.standard.processor.StandardTextTagProcessor
[THYMELEAF]             * [* {th:utext}] [1400]: org.thymeleaf.standard.processor.StandardUtextTagProcessor
[THYMELEAF]             * [* {th:fragment}] [1500]: org.thymeleaf.standard.processor.StandardFragmentTagProcessor
[THYMELEAF]             * [* {th:assert}] [1550]: org.thymeleaf.standard.processor.StandardAssertTagProcessor
[THYMELEAF]             * [* {th:remove}] [1600]: org.thymeleaf.standard.processor.StandardRemoveTagProcessor
[THYMELEAF]             * [* {th:ref}] [10000]: org.thymeleaf.standard.processor.StandardRefAttributeTagProcessor
[THYMELEAF]             * [{th:block} *] [100000]: org.thymeleaf.standard.processor.StandardBlockTagProcessor
[THYMELEAF]             * [* th:*] [2147483647]: org.thymeleaf.standard.processor.StandardDefaultAttributesTagProcessor
[THYMELEAF]         * Text Processors by [precedence]:
[THYMELEAF]             * [1000]: org.thymeleaf.standard.processor.StandardInliningTextProcessor
[THYMELEAF]         * CDATA Section Processors by [precedence]:
[THYMELEAF]             * [1000]: org.thymeleaf.standard.processor.StandardInliningCDATASectionProcessor
[THYMELEAF]         * Comment Processors by [precedence]:
[THYMELEAF]             * [1000]: org.thymeleaf.standard.processor.StandardInliningCommentProcessor
[THYMELEAF]     * Processors for Template Mode: TEXT
[THYMELEAF]         * Element Tag Processors by [matching element and attribute name] [precedence]:
[THYMELEAF]             * [* {th:insert}] [100]: org.thymeleaf.standard.processor.StandardInsertTagProcessor
[THYMELEAF]             * [* {th:replace}] [100]: org.thymeleaf.standard.processor.StandardReplaceTagProcessor
[THYMELEAF]             * [* {th:each}] [200]: com.intuit.karate.template.KarateEachTagProcessor
[THYMELEAF]             * [* {th:switch}] [250]: org.thymeleaf.standard.processor.StandardSwitchTagProcessor
[THYMELEAF]             * [* {th:case}] [275]: org.thymeleaf.standard.processor.StandardCaseTagProcessor
[THYMELEAF]             * [* {th:if}] [300]: org.thymeleaf.standard.processor.StandardIfTagProcessor
[THYMELEAF]             * [* {th:unless}] [400]: org.thymeleaf.standard.processor.StandardUnlessTagProcessor
[THYMELEAF]             * [* {th:object}] [500]: org.thymeleaf.standard.processor.StandardObjectTagProcessor
[THYMELEAF]             * [* {th:with}] [600]: com.intuit.karate.template.KarateWithTagProcessor
[THYMELEAF]             * [* {th:inline}] [1000]: org.thymeleaf.standard.processor.StandardInlineTextualTagProcessor
[THYMELEAF]             * [* {th:text}] [1300]: org.thymeleaf.standard.processor.StandardTextTagProcessor
[THYMELEAF]             * [* {th:utext}] [1400]: org.thymeleaf.standard.processor.StandardUtextTagProcessor
[THYMELEAF]             * [* {th:assert}] [1550]: org.thymeleaf.standard.processor.StandardAssertTagProcessor
[THYMELEAF]             * [* {th:remove}] [1600]: org.thymeleaf.standard.processor.StandardRemoveTagProcessor
[THYMELEAF]             * [* 100000] [org.thymeleaf.standard.processor.StandardBlockTagProcessor]: {}
[THYMELEAF]             * [{th:block} *] [100000]: org.thymeleaf.standard.processor.StandardBlockTagProcessor
[THYMELEAF]         * Text Processors by [precedence]:
[THYMELEAF]             * [1000]: org.thymeleaf.standard.processor.StandardInliningTextProcessor
[THYMELEAF]     * Processors for Template Mode: JAVASCRIPT
[THYMELEAF]         * Element Tag Processors by [matching element and attribute name] [precedence]:
[THYMELEAF]             * [* {th:insert}] [100]: org.thymeleaf.standard.processor.StandardInsertTagProcessor
[THYMELEAF]             * [* {th:replace}] [100]: org.thymeleaf.standard.processor.StandardReplaceTagProcessor
[THYMELEAF]             * [* {th:each}] [200]: com.intuit.karate.template.KarateEachTagProcessor
[THYMELEAF]             * [* {th:switch}] [250]: org.thymeleaf.standard.processor.StandardSwitchTagProcessor
[THYMELEAF]             * [* {th:case}] [275]: org.thymeleaf.standard.processor.StandardCaseTagProcessor
[THYMELEAF]             * [* {th:if}] [300]: org.thymeleaf.standard.processor.StandardIfTagProcessor
[THYMELEAF]             * [* {th:unless}] [400]: org.thymeleaf.standard.processor.StandardUnlessTagProcessor
[THYMELEAF]             * [* {th:object}] [500]: org.thymeleaf.standard.processor.StandardObjectTagProcessor
[THYMELEAF]             * [* {th:with}] [600]: com.intuit.karate.template.KarateWithTagProcessor
[THYMELEAF]             * [* {th:inline}] [1000]: org.thymeleaf.standard.processor.StandardInlineTextualTagProcessor
[THYMELEAF]             * [* {th:text}] [1300]: org.thymeleaf.standard.processor.StandardTextTagProcessor
[THYMELEAF]             * [* {th:utext}] [1400]: org.thymeleaf.standard.processor.StandardUtextTagProcessor
[THYMELEAF]             * [* {th:assert}] [1550]: org.thymeleaf.standard.processor.StandardAssertTagProcessor
[THYMELEAF]             * [* {th:remove}] [1600]: org.thymeleaf.standard.processor.StandardRemoveTagProcessor
[THYMELEAF]             * [* 100000] [org.thymeleaf.standard.processor.StandardBlockTagProcessor]: {}
[THYMELEAF]             * [{th:block} *] [100000]: org.thymeleaf.standard.processor.StandardBlockTagProcessor
[THYMELEAF]         * Text Processors by [precedence]:
[THYMELEAF]             * [1000]: org.thymeleaf.standard.processor.StandardInliningTextProcessor
[THYMELEAF]     * Processors for Template Mode: CSS
[THYMELEAF]         * Element Tag Processors by [matching element and attribute name] [precedence]:
[THYMELEAF]             * [* {th:insert}] [100]: org.thymeleaf.standard.processor.StandardInsertTagProcessor
[THYMELEAF]             * [* {th:replace}] [100]: org.thymeleaf.standard.processor.StandardReplaceTagProcessor
[THYMELEAF]             * [* {th:each}] [200]: com.intuit.karate.template.KarateEachTagProcessor
[THYMELEAF]             * [* {th:switch}] [250]: org.thymeleaf.standard.processor.StandardSwitchTagProcessor
[THYMELEAF]             * [* {th:case}] [275]: org.thymeleaf.standard.processor.StandardCaseTagProcessor
[THYMELEAF]             * [* {th:if}] [300]: org.thymeleaf.standard.processor.StandardIfTagProcessor
[THYMELEAF]             * [* {th:unless}] [400]: org.thymeleaf.standard.processor.StandardUnlessTagProcessor
[THYMELEAF]             * [* {th:object}] [500]: org.thymeleaf.standard.processor.StandardObjectTagProcessor
[THYMELEAF]             * [* {th:with}] [600]: com.intuit.karate.template.KarateWithTagProcessor
[THYMELEAF]             * [* {th:inline}] [1000]: org.thymeleaf.standard.processor.StandardInlineTextualTagProcessor
[THYMELEAF]             * [* {th:text}] [1300]: org.thymeleaf.standard.processor.StandardTextTagProcessor
[THYMELEAF]             * [* {th:utext}] [1400]: org.thymeleaf.standard.processor.StandardUtextTagProcessor
[THYMELEAF]             * [* {th:assert}] [1550]: org.thymeleaf.standard.processor.StandardAssertTagProcessor
[THYMELEAF]             * [* {th:remove}] [1600]: org.thymeleaf.standard.processor.StandardRemoveTagProcessor
[THYMELEAF]             * [{th:block} *] [100000]: org.thymeleaf.standard.processor.StandardBlockTagProcessor
[THYMELEAF]             * [* 100000] [org.thymeleaf.standard.processor.StandardBlockTagProcessor]: {}
[THYMELEAF]         * Text Processors by [precedence]:
[THYMELEAF]             * [1000]: org.thymeleaf.standard.processor.StandardInliningTextProcessor
[THYMELEAF]     * Expression Objects:
[THYMELEAF]         * #ctx
[THYMELEAF]         * #root
[THYMELEAF]         * #vars
[THYMELEAF]         * #object
[THYMELEAF]         * #locale
[THYMELEAF]         * #conversions
[THYMELEAF]         * #uris
[THYMELEAF]         * #temporals
[THYMELEAF]         * #calendars
[THYMELEAF]         * #dates
[THYMELEAF]         * #bools
[THYMELEAF]         * #numbers
[THYMELEAF]         * #objects
[THYMELEAF]         * #strings
[THYMELEAF]         * #arrays
[THYMELEAF]         * #lists
[THYMELEAF]         * #sets
[THYMELEAF]         * #maps
[THYMELEAF]         * #aggregates
[THYMELEAF]         * #messages
[THYMELEAF]         * #ids
[THYMELEAF]         * #execInfo
[THYMELEAF]         * #request
[THYMELEAF]         * #response
[THYMELEAF]         * #session
[THYMELEAF]         * #servletContext
[THYMELEAF]     * Execution Attributes:
[THYMELEAF]         * "StandardExpressionParser": com.intuit.karate.template.KarateStandardDialect@63dda940
[THYMELEAF]         * "StandardJavaScriptSerializer": org.thymeleaf.standard.serializer.StandardJavaScriptSerializer@308e87a1
[THYMELEAF]         * "StandardCSSSerializer": org.thymeleaf.standard.serializer.StandardCSSSerializer@66298fe9
[THYMELEAF]         * "StandardVariableExpressionEvaluator": com.intuit.karate.template.KarateStandardDialect@63dda940
[THYMELEAF]         * "StandardConversionService": org.thymeleaf.standard.expression.StandardConversionService@c262f2f
[THYMELEAF] * Dialect [2 of 2]: karate (com.intuit.karate.template.KarateScriptDialect)
[THYMELEAF]     * Prefix: "ka"
[THYMELEAF]     * Processors for Template Mode: HTML
[THYMELEAF]         * Element Tag Processors by [matching element and attribute name] [precedence]:
[THYMELEAF]             * [* {src}] [1000]: com.intuit.karate.template.KaScriptAttrProcessor
[THYMELEAF]         * Element Model Processors by [matching element and attribute name] [precedence]:
[THYMELEAF]             * [{script} {ka:scope,data-ka-scope}] [1000]: com.intuit.karate.template.KaScriptElemProcessor
[THYMELEAF]             * [* {ka:set,data-ka-set}] [1000]: com.intuit.karate.template.KaSetElemProcessor
[THYMELEAF] TEMPLATE ENGINE CONFIGURED OK
17:56:13.893 [main] DEBUG org.thymeleaf.TemplateEngine -- [THYMELEAF] TEMPLATE ENGINE INITIALIZED
---------------------------------------------------------
feature: classpath:dummyjson/Users.feature
scenarios: 14 | passed: 14 | failed:  0 | time: 2.0761
---------------------------------------------------------

Karate version: 1.4.1
======================================================
elapsed:   3.52 | threads:    1 | thread time: 2.08 
features:     1 | skipped:    0 | efficiency: 0.59
scenarios:   14 | passed:    14 | failed: 0
======================================================
17:56:14.371 [main] DEBUG org.thymeleaf.TemplateEngine -- [THYMELEAF] INITIALIZING TEMPLATE ENGINE
17:56:14.388 [main] DEBUG org.thymeleaf.TemplateEngine.CONFIG -- Initializing Thymeleaf Template engine configuration...
[THYMELEAF] TEMPLATE ENGINE CONFIGURATION:
[THYMELEAF] * Thymeleaf version: 3.1.2.RELEASE (built 2023-07-30T19:25:50+0000)
[THYMELEAF] * Cache Manager implementation: org.thymeleaf.cache.StandardCacheManager
[THYMELEAF] * Template resolvers:
[THYMELEAF]     * [1] com.intuit.karate.template.ResourceHtmlTemplateResolver
[THYMELEAF] * Message resolvers:
[THYMELEAF]     * org.thymeleaf.messageresolver.StandardMessageResolver
[THYMELEAF] * Link builders:
[THYMELEAF]     * org.thymeleaf.linkbuilder.StandardLinkBuilder
[THYMELEAF] * Dialect [1 of 2]: Standard (com.intuit.karate.template.KarateStandardDialect)
[THYMELEAF]     * Prefix: "th"
[THYMELEAF]     * Processors for Template Mode: HTML
[THYMELEAF]         * Element Tag Processors by [matching element and attribute name] [precedence]:
[THYMELEAF]             * [* {th:include,data-th-include}] [100]: org.thymeleaf.standard.processor.StandardIncludeTagProcessor
[THYMELEAF]             * [* {th:insert,data-th-insert}] [100]: org.thymeleaf.standard.processor.StandardInsertTagProcessor
[THYMELEAF]             * [* {th:replace,data-th-replace}] [100]: org.thymeleaf.standard.processor.StandardReplaceTagProcessor
[THYMELEAF]             * [* {th:each,data-th-each}] [200]: com.intuit.karate.template.KarateEachTagProcessor
[THYMELEAF]             * [* {th:switch,data-th-switch}] [250]: org.thymeleaf.standard.processor.StandardSwitchTagProcessor
[THYMELEAF]             * [* {th:case,data-th-case}] [275]: org.thymeleaf.standard.processor.StandardCaseTagProcessor
[THYMELEAF]             * [* {th:if,data-th-if}] [300]: org.thymeleaf.standard.processor.StandardIfTagProcessor
[THYMELEAF]             * [* {th:unless,data-th-unless}] [400]: org.thymeleaf.standard.processor.StandardUnlessTagProcessor
[THYMELEAF]             * [* {th:object,data-th-object}] [500]: org.thymeleaf.standard.processor.StandardObjectTagProcessor
[THYMELEAF]             * [* {th:with,data-th-with}] [600]: com.intuit.karate.template.KarateWithTagProcessor
[THYMELEAF]             * [* {th:attr,data-th-attr}] [700]: com.intuit.karate.template.KarateAttributeTagProcessor.KarateAttrTagProcessor
[THYMELEAF]             * [* {th:attrappend,data-th-attrappend}] [900]: com.intuit.karate.template.KarateAttributeTagProcessor.KarateAttrappendTagProcessor
[THYMELEAF]             * [* {th:attrprepend,data-th-attrprepend}] [900]: com.intuit.karate.template.KarateAttributeTagProcessor.KarateAttrprependTagProcessor
[THYMELEAF]             * [* {th:alt-title,data-th-alt-title}] [990]: org.thymeleaf.standard.processor.StandardAltTitleTagProcessor
[THYMELEAF]             * [* {th:lang-xmllang,data-th-lang-xmllang}] [990]: org.thymeleaf.standard.processor.StandardLangXmlLangTagProcessor
[THYMELEAF]             * [* {th:action,data-th-action}] [1000]: org.thymeleaf.standard.processor.StandardActionTagProcessor
[THYMELEAF]             * [* {th:loop,data-th-loop}] [1000]: org.thymeleaf.standard.processor.StandardConditionalFixedValueTagProcessor
[THYMELEAF]             * [* {th:checked,data-th-checked}] [1000]: org.thymeleaf.standard.processor.StandardConditionalFixedValueTagProcessor
[THYMELEAF]             * [* {th:controls,data-th-controls}] [1000]: org.thymeleaf.standard.processor.StandardConditionalFixedValueTagProcessor
[THYMELEAF]             * [* {th:seamless,data-th-seamless}] [1000]: org.thymeleaf.standard.processor.StandardConditionalFixedValueTagProcessor
[THYMELEAF]             * [* {th:defer,data-th-defer}] [1000]: org.thymeleaf.standard.processor.StandardConditionalFixedValueTagProcessor
[THYMELEAF]             * [* {th:ismap,data-th-ismap}] [1000]: org.thymeleaf.standard.processor.StandardConditionalFixedValueTagProcessor
[THYMELEAF]             * [* {th:open,data-th-open}] [1000]: org.thymeleaf.standard.processor.StandardConditionalFixedValueTagProcessor
[THYMELEAF]             * [* {th:autofocus,data-th-autofocus}] [1000]: org.thymeleaf.standard.processor.StandardConditionalFixedValueTagProcessor
[THYMELEAF]             * [* {th:autoplay,data-th-autoplay}] [1000]: org.thymeleaf.standard.processor.StandardConditionalFixedValueTagProcessor
[THYMELEAF]             * [* {th:formnovalidate,data-th-formnovalidate}] [1000]: org.thymeleaf.standard.processor.StandardConditionalFixedValueTagProcessor
[THYMELEAF]             * [* {th:pubdate,data-th-pubdate}] [1000]: org.thymeleaf.standard.processor.StandardConditionalFixedValueTagProcessor
[THYMELEAF]             * [* {th:default,data-th-default}] [1000]: org.thymeleaf.standard.processor.StandardConditionalFixedValueTagProcessor
[THYMELEAF]             * [* {th:reversed,data-th-reversed}] [1000]: org.thymeleaf.standard.processor.StandardConditionalFixedValueTagProcessor
[THYMELEAF]             * [* {th:declare,data-th-declare}] [1000]: org.thymeleaf.standard.processor.StandardConditionalFixedValueTagProcessor
[THYMELEAF]             * [* {th:scoped,data-th-scoped}] [1000]: org.thymeleaf.standard.processor.StandardConditionalFixedValueTagProcessor
[THYMELEAF]             * [* {th:required,data-th-required}] [1000]: org.thymeleaf.standard.processor.StandardConditionalFixedValueTagProcessor
[THYMELEAF]             * [* {th:readonly,data-th-readonly}] [1000]: org.thymeleaf.standard.processor.StandardConditionalFixedValueTagProcessor
[THYMELEAF]             * [* {th:hidden,data-th-hidden}] [1000]: org.thymeleaf.standard.processor.StandardConditionalFixedValueTagProcessor
[THYMELEAF]             * [* {th:nowrap,data-th-nowrap}] [1000]: org.thymeleaf.standard.processor.StandardConditionalFixedValueTagProcessor
[THYMELEAF]             * [* {th:disabled,data-th-disabled}] [1000]: org.thymeleaf.standard.processor.StandardConditionalFixedValueTagProcessor
[THYMELEAF]             * [* {th:selected,data-th-selected}] [1000]: org.thymeleaf.standard.processor.StandardConditionalFixedValueTagProcessor
[THYMELEAF]             * [* {th:async,data-th-async}] [1000]: org.thymeleaf.standard.processor.StandardConditionalFixedValueTagProcessor
[THYMELEAF]             * [* {th:novalidate,data-th-novalidate}] [1000]: org.thymeleaf.standard.processor.StandardConditionalFixedValueTagProcessor
[THYMELEAF]             * [* {th:multiple,data-th-multiple}] [1000]: org.thymeleaf.standard.processor.StandardConditionalFixedValueTagProcessor
[THYMELEAF]             * [* {th:onafterprint,data-th-onafterprint}] [1000]: org.thymeleaf.standard.processor.StandardDOMEventAttributeTagProcessor
[THYMELEAF]             * [* {th:ontimeupdate,data-th-ontimeupdate}] [1000]: org.thymeleaf.standard.processor.StandardDOMEventAttributeTagProcessor
[THYMELEAF]             * [* {th:onbeforeprint,data-th-onbeforeprint}] [1000]: org.thymeleaf.standard.processor.StandardDOMEventAttributeTagProcessor
[THYMELEAF]             * [* {th:ondrop,data-th-ondrop}] [1000]: org.thymeleaf.standard.processor.StandardDOMEventAttributeTagProcessor
[THYMELEAF]             * [* {th:onmousedown,data-th-onmousedown}] [1000]: org.thymeleaf.standard.processor.StandardDOMEventAttributeTagProcessor
[THYMELEAF]             * [* {th:onseeked,data-th-onseeked}] [1000]: org.thymeleaf.standard.processor.StandardDOMEventAttributeTagProcessor
[THYMELEAF]             * [* {th:onsubmit,data-th-onsubmit}] [1000]: org.thymeleaf.standard.processor.StandardDOMEventAttributeTagProcessor
[THYMELEAF]             * [* {th:onselect,data-th-onselect}] [1000]: org.thymeleaf.standard.processor.StandardDOMEventAttributeTagProcessor
[THYMELEAF]             * [* {th:onkeydown,data-th-onkeydown}] [1000]: org.thymeleaf.standard.processor.StandardDOMEventAttributeTagProcessor
[THYMELEAF]             * [* {th:onwaiting,data-th-onwaiting}] [1000]: org.thymeleaf.standard.processor.StandardDOMEventAttributeTagProcessor
[THYMELEAF]             * [* {th:onmousemove,data-th-onmousemove}] [1000]: org.thymeleaf.standard.processor.StandardDOMEventAttributeTagProcessor
[THYMELEAF]             * [* {th:ondblclick,data-th-ondblclick}] [1000]: org.thymeleaf.standard.processor.StandardDOMEventAttributeTagProcessor
[THYMELEAF]             * [* {th:onundo,data-th-onundo}] [1000]: org.thymeleaf.standard.processor.StandardDOMEventAttributeTagProcessor
[THYMELEAF]             * [* {th:onload,data-th-onload}] [1000]: org.thymeleaf.standard.processor.StandardDOMEventAttributeTagProcessor
[THYMELEAF]             * [* {th:onforminput,data-th-onforminput}] [1000]: org.thymeleaf.standard.processor.StandardDOMEventAttributeTagProcessor
[THYMELEAF]             * [* {th:onkeyup,data-th-onkeyup}] [1000]: org.thymeleaf.standard.processor.StandardDOMEventAttributeTagProcessor
[THYMELEAF]             * [* {th:onreadystatechange,data-th-onreadystatechange}] [1000]: org.thymeleaf.standard.processor.StandardDOMEventAttributeTagProcessor
[THYMELEAF]             * [* {th:onbeforeunload,data-th-onbeforeunload}] [1000]: org.thymeleaf.standard.processor.StandardDOMEventAttributeTagProcessor
[THYMELEAF]             * [* {th:ondurationchange,data-th-ondurationchange}] [1000]: org.thymeleaf.standard.processor.StandardDOMEventAttributeTagProcessor
[THYMELEAF]             * [* {th:oninput,data-th-oninput}] [1000]: org.thymeleaf.standard.processor.StandardDOMEventAttributeTagProcessor
[THYMELEAF]             * [* {th:onshow,data-th-onshow}] [1000]: org.thymeleaf.standard.processor.StandardDOMEventAttributeTagProcessor
[THYMELEAF]             * [* {th:onmouseout,data-th-onmouseout}] [1000]: org.thymeleaf.standard.processor.StandardDOMEventAttributeTagProcessor
[THYMELEAF]             * [* {th:onerror,data-th-onerror}] [1000]: org.thymeleaf.standard.processor.StandardDOMEventAttributeTagProcessor
[THYMELEAF]             * [* {th:onblur,data-th-onblur}] [1000]: org.thymeleaf.standard.processor.StandardDOMEventAttributeTagProcessor
[THYMELEAF]             * [* {th:ondragleave,data-th-ondragleave}] [1000]: org.thymeleaf.standard.processor.StandardDOMEventAttributeTagProcessor
[THYMELEAF]             * [* {th:onplay,data-th-onplay}] [1000]: org.thymeleaf.standard.processor.StandardDOMEventAttributeTagProcessor
[THYMELEAF]             * [* {th:onseeking,data-th-onseeking}] [1000]: org.thymeleaf.standard.processor.StandardDOMEventAttributeTagProcessor
[THYMELEAF]             * [* {th:onemptied,data-th-onemptied}] [1000]: org.thymeleaf.standard.processor.StandardDOMEventAttributeTagProcessor
[THYMELEAF]             * [* {th:onmessage,data-th-onmessage}] [1000]: org.thymeleaf.standard.processor.StandardDOMEventAttributeTagProcessor
[THYMELEAF]             * [* {th:onstorage,data-th-onstorage}] [1000]: org.thymeleaf.standard.processor.StandardDOMEventAttributeTagProcessor
[THYMELEAF]             * [* {th:onformchange,data-th-onformchange}] [1000]: org.thymeleaf.standard.processor.StandardDOMEventAttributeTagProcessor
[THYMELEAF]             * [* {th:oncanplaythrough,data-th-oncanplaythrough}] [1000]: org.thymeleaf.standard.processor.StandardDOMEventAttributeTagProcessor
[THYMELEAF]             * [* {th:onclick,data-th-onclick}] [1000]: org.thymeleaf.standard.processor.StandardDOMEventAttributeTagProcessor
[THYMELEAF]             * [* {th:onoffline,data-th-onoffline}] [1000]: org.thymeleaf.standard.processor.StandardDOMEventAttributeTagProcessor
[THYMELEAF]             * [* {th:onunload,data-th-onunload}] [1000]: org.thymeleaf.standard.processor.StandardDOMEventAttributeTagProcessor
[THYMELEAF]             * [* {th:ondragenter,data-th-ondragenter}] [1000]: org.thymeleaf.standard.processor.StandardDOMEventAttributeTagProcessor
[THYMELEAF]             * [* {th:onprogress,data-th-onprogress}] [1000]: org.thymeleaf.standard.processor.StandardDOMEventAttributeTagProcessor
[THYMELEAF]             * [* {th:onsuspend,data-th-onsuspend}] [1000]: org.thymeleaf.standard.processor.StandardDOMEventAttributeTagProcessor
[THYMELEAF]             * [* {th:ondragstart,data-th-ondragstart}] [1000]: org.thymeleaf.standard.processor.StandardDOMEventAttributeTagProcessor
[THYMELEAF]             * [* {th:ononline,data-th-ononline}] [1000]: org.thymeleaf.standard.processor.StandardDOMEventAttributeTagProcessor
[THYMELEAF]             * [* {th:onmousewheel,data-th-onmousewheel}] [1000]: org.thymeleaf.standard.processor.StandardDOMEventAttributeTagProcessor
[THYMELEAF]             * [* {th:onratechange,data-th-onratechange}] [1000]: org.thymeleaf.standard.processor.StandardDOMEventAttributeTagProcessor
[THYMELEAF]             * [* {th:ondragover,data-th-ondragover}] [1000]: org.thymeleaf.standard.processor.StandardDOMEventAttributeTagProcessor
[THYMELEAF]             * [* {th:oninvalid,data-th-oninvalid}] [1000]: org.thymeleaf.standard.processor.StandardDOMEventAttributeTagProcessor
[THYMELEAF]             * [* {th:onstalled,data-th-onstalled}] [1000]: org.thymeleaf.standard.processor.StandardDOMEventAttributeTagProcessor
[THYMELEAF]             * [* {th:onmouseup,data-th-onmouseup}] [1000]: org.thymeleaf.standard.processor.StandardDOMEventAttributeTagProcessor
[THYMELEAF]             * [* {th:onloadeddata,data-th-onloadeddata}] [1000]: org.thymeleaf.standard.processor.StandardDOMEventAttributeTagProcessor
[THYMELEAF]             * [* {th:onpause,data-th-onpause}] [1000]: org.thymeleaf.standard.processor.StandardDOMEventAttributeTagProcessor
[THYMELEAF]             * [* {th:onabort,data-th-onabort}] [1000]: org.thymeleaf.standard.processor.StandardDOMEventAttributeTagProcessor
[THYMELEAF]             * [* {th:onscroll,data-th-onscroll}] [1000]: org.thymeleaf.standard.processor.StandardDOMEventAttributeTagProcessor
[THYMELEAF]             * [* {th:onmouseover,data-th-onmouseover}] [1000]: org.thymeleaf.standard.processor.StandardDOMEventAttributeTagProcessor
[THYMELEAF]             * [* {th:onkeypress,data-th-onkeypress}] [1000]: org.thymeleaf.standard.processor.StandardDOMEventAttributeTagProcessor
[THYMELEAF]             * [* {th:onpopstate,data-th-onpopstate}] [1000]: org.thymeleaf.standard.processor.StandardDOMEventAttributeTagProcessor
[THYMELEAF]             * [* {th:onloadedmetadata,data-th-onloadedmetadata}] [1000]: org.thymeleaf.standard.processor.StandardDOMEventAttributeTagProcessor
[THYMELEAF]             * [* {th:onfocus,data-th-onfocus}] [1000]: org.thymeleaf.standard.processor.StandardDOMEventAttributeTagProcessor
[THYMELEAF]             * [* {th:onplaying,data-th-onplaying}] [1000]: org.thymeleaf.standard.processor.StandardDOMEventAttributeTagProcessor
[THYMELEAF]             * [* {th:onresize,data-th-onresize}] [1000]: org.thymeleaf.standard.processor.StandardDOMEventAttributeTagProcessor
[THYMELEAF]             * [* {th:onreset,data-th-onreset}] [1000]: org.thymeleaf.standard.processor.StandardDOMEventAttributeTagProcessor
[THYMELEAF]             * [* {th:onredo,data-th-onredo}] [1000]: org.thymeleaf.standard.processor.StandardDOMEventAttributeTagProcessor
[THYMELEAF]             * [* {th:onended,data-th-onended}] [1000]: org.thymeleaf.standard.processor.StandardDOMEventAttributeTagProcessor
[THYMELEAF]             * [* {th:onchange,data-th-onchange}] [1000]: org.thymeleaf.standard.processor.StandardDOMEventAttributeTagProcessor
[THYMELEAF]             * [* {th:ondragend,data-th-ondragend}] [1000]: org.thymeleaf.standard.processor.StandardDOMEventAttributeTagProcessor
[THYMELEAF]             * [* {th:onloadstart,data-th-onloadstart}] [1000]: org.thymeleaf.standard.processor.StandardDOMEventAttributeTagProcessor
[THYMELEAF]             * [* {th:onhashchange,data-th-onhashchange}] [1000]: org.thymeleaf.standard.processor.StandardDOMEventAttributeTagProcessor
[THYMELEAF]             * [* {th:ondrag,data-th-ondrag}] [1000]: org.thymeleaf.standard.processor.StandardDOMEventAttributeTagProcessor
[THYMELEAF]             * [* {th:onvolumechange,data-th-onvolumechange}] [1000]: org.thymeleaf.standard.processor.StandardDOMEventAttributeTagProcessor
[THYMELEAF]             * [* {th:oncanplay,data-th-oncanplay}] [1000]: org.thymeleaf.standard.processor.StandardDOMEventAttributeTagProcessor
[THYMELEAF]             * [* {th:oncontextmenu,data-th-oncontextmenu}] [1000]: org.thymeleaf.standard.processor.StandardDOMEventAttributeTagProcessor
[THYMELEAF]             * [* {th:href,data-th-href}] [1000]: org.thymeleaf.standard.processor.StandardHrefTagProcessor
[THYMELEAF]             * [* {th:inline,data-th-inline}] [1000]: org.thymeleaf.standard.processor.StandardInlineHTMLTagProcessor
[THYMELEAF]             * [* {th:method,data-th-method}] [1000]: org.thymeleaf.standard.processor.StandardMethodTagProcessor
[THYMELEAF]             * [* {th:type,data-th-type}] [1000]: org.thymeleaf.standard.processor.StandardNonRemovableAttributeTagProcessor
[THYMELEAF]             * [* {th:name,data-th-name}] [1000]: org.thymeleaf.standard.processor.StandardNonRemovableAttributeTagProcessor
[THYMELEAF]             * [* {th:cellpadding,data-th-cellpadding}] [1000]: org.thymeleaf.standard.processor.StandardRemovableAttributeTagProcessor
[THYMELEAF]             * [* {th:accesskey,data-th-accesskey}] [1000]: org.thymeleaf.standard.processor.StandardRemovableAttributeTagProcessor
[THYMELEAF]             * [* {th:kind,data-th-kind}] [1000]: org.thymeleaf.standard.processor.StandardRemovableAttributeTagProcessor
[THYMELEAF]             * [* {th:media,data-th-media}] [1000]: org.thymeleaf.standard.processor.StandardRemovableAttributeTagProcessor
[THYMELEAF]             * [* {th:id,data-th-id}] [1000]: org.thymeleaf.standard.processor.StandardRemovableAttributeTagProcessor
[THYMELEAF]             * [* {th:rev,data-th-rev}] [1000]: org.thymeleaf.standard.processor.StandardRemovableAttributeTagProcessor
[THYMELEAF]             * [* {th:vspace,data-th-vspace}] [1000]: org.thymeleaf.standard.processor.StandardRemovableAttributeTagProcessor
[THYMELEAF]             * [* {th:valuetype,data-th-valuetype}] [1000]: org.thymeleaf.standard.processor.StandardRemovableAttributeTagProcessor
[THYMELEAF]             * [* {th:rel,data-th-rel}] [1000]: org.thymeleaf.standard.processor.StandardRemovableAttributeTagProcessor
[THYMELEAF]             * [* {th:optimum,data-th-optimum}] [1000]: org.thymeleaf.standard.processor.StandardRemovableAttributeTagProcessor
[THYMELEAF]             * [* {th:preload,data-th-preload}] [1000]: org.thymeleaf.standard.processor.StandardRemovableAttributeTagProcessor
[THYMELEAF]             * [* {th:standby,data-th-standby}] [1000]: org.thymeleaf.standard.processor.StandardRemovableAttributeTagProcessor
[THYMELEAF]             * [* {th:sandbox,data-th-sandbox}] [1000]: org.thymeleaf.standard.processor.StandardRemovableAttributeTagProcessor
[THYMELEAF]             * [* {th:keytype,data-th-keytype}] [1000]: org.thymeleaf.standard.processor.StandardRemovableAttributeTagProcessor
[THYMELEAF]             * [* {th:formenctype,data-th-formenctype}] [1000]: org.thymeleaf.standard.processor.StandardRemovableAttributeTagProcessor
[THYMELEAF]             * [* {th:cols,data-th-cols}] [1000]: org.thymeleaf.standard.processor.StandardRemovableAttributeTagProcessor
[THYMELEAF]             * [* {th:title,data-th-title}] [1000]: org.thymeleaf.standard.processor.StandardRemovableAttributeTagProcessor
[THYMELEAF]             * [* {th:list,data-th-list}] [1000]: org.thymeleaf.standard.processor.StandardRemovableAttributeTagProcessor
[THYMELEAF]             * [* {th:cellspacing,data-th-cellspacing}] [1000]: org.thymeleaf.standard.processor.StandardRemovableAttributeTagProcessor
[THYMELEAF]             * [* {th:start,data-th-start}] [1000]: org.thymeleaf.standard.processor.StandardRemovableAttributeTagProcessor
[THYMELEAF]             * [* {th:autocomplete,data-th-autocomplete}] [1000]: org.thymeleaf.standard.processor.StandardRemovableAttributeTagProcessor
[THYMELEAF]             * [* {th:accept-charset,data-th-accept-charset}] [1000]: org.thymeleaf.standard.processor.StandardRemovableAttributeTagProcessor
[THYMELEAF]             * [* {th:max,data-th-max}] [1000]: org.thymeleaf.standard.processor.StandardRemovableAttributeTagProcessor
[THYMELEAF]             * [* {th:low,data-th-low}] [1000]: org.thymeleaf.standard.processor.StandardRemovableAttributeTagProcessor
[THYMELEAF]             * [* {th:span,data-th-span}] [1000]: org.thymeleaf.standard.processor.StandardRemovableAttributeTagProcessor
[THYMELEAF]             * [* {th:height,data-th-height}] [1000]: org.thymeleaf.standard.processor.StandardRemovableAttributeTagProcessor
[THYMELEAF]             * [* {th:audio,data-th-audio}] [1000]: org.thymeleaf.standard.processor.StandardRemovableAttributeTagProcessor
[THYMELEAF]             * [* {th:challenge,data-th-challenge}] [1000]: org.thymeleaf.standard.processor.StandardRemovableAttributeTagProcessor
[THYMELEAF]             * [* {th:step,data-th-step}] [1000]: org.thymeleaf.standard.processor.StandardRemovableAttributeTagProcessor
[THYMELEAF]             * [* {th:scrolling,data-th-scrolling}] [1000]: org.thymeleaf.standard.processor.StandardRemovableAttributeTagProcessor
[THYMELEAF]             * [* {th:align,data-th-align}] [1000]: org.thymeleaf.standard.processor.StandardRemovableAttributeTagProcessor
[THYMELEAF]             * [* {th:marginheight,data-th-marginheight}] [1000]: org.thymeleaf.standard.processor.StandardRemovableAttributeTagProcessor
[THYMELEAF]             * [* {th:archive,data-th-archive}] [1000]: org.thymeleaf.standard.processor.StandardRemovableAttributeTagProcessor
[THYMELEAF]             * [* {th:target,data-th-target}] [1000]: org.thymeleaf.standard.processor.StandardRemovableAttributeTagProcessor
[THYMELEAF]             * [* {th:contextmenu,data-th-contextmenu}] [1000]: org.thymeleaf.standard.processor.StandardRemovableAttributeTagProcessor
[THYMELEAF]             * [* {th:axis,data-th-axis}] [1000]: org.thymeleaf.standard.processor.StandardRemovableAttributeTagProcessor
[THYMELEAF]             * [* {th:alt,data-th-alt}] [1000]: org.thymeleaf.standard.processor.StandardRemovableAttributeTagProcessor
[THYMELEAF]             * [* {th:datetime,data-th-datetime}] [1000]: org.thymeleaf.standard.processor.StandardRemovableAttributeTagProcessor
[THYMELEAF]             * [* {th:data,data-th-data}] [1000]: org.thymeleaf.standard.processor.StandardRemovableAttributeTagProcessor
[THYMELEAF]             * [* {th:srclang,data-th-srclang}] [1000]: org.thymeleaf.standard.processor.StandardRemovableAttributeTagProcessor
[THYMELEAF]             * [* {th:http-equiv,data-th-http-equiv}] [1000]: org.thymeleaf.standard.processor.StandardRemovableAttributeTagProcessor
[THYMELEAF]             * [* {th:class,data-th-class}] [1000]: org.thymeleaf.standard.processor.StandardRemovableAttributeTagProcessor
[THYMELEAF]             * [* {th:longdesc,data-th-longdesc}] [1000]: org.thymeleaf.standard.processor.StandardRemovableAttributeTagProcessor
[THYMELEAF]             * [* {th:pattern,data-th-pattern}] [1000]: org.thymeleaf.standard.processor.StandardRemovableAttributeTagProcessor
[THYMELEAF]             * [* {th:rowspan,data-th-rowspan}] [1000]: org.thymeleaf.standard.processor.StandardRemovableAttributeTagProcessor
[THYMELEAF]             * [* {th:width,data-th-width}] [1000]: org.thymeleaf.standard.processor.StandardRemovableAttributeTagProcessor
[THYMELEAF]             * [* {th:bgcolor,data-th-bgcolor}] [1000]: org.thymeleaf.standard.processor.StandardRemovableAttributeTagProcessor
[THYMELEAF]             * [* {th:wrap,data-th-wrap}] [1000]: org.thymeleaf.standard.processor.StandardRemovableAttributeTagProcessor
[THYMELEAF]             * [* {th:contenteditable,data-th-contenteditable}] [1000]: org.thymeleaf.standard.processor.StandardRemovableAttributeTagProcessor
[THYMELEAF]             * [* {th:rules,data-th-rules}] [1000]: org.thymeleaf.standard.processor.StandardRemovableAttributeTagProcessor
[THYMELEAF]             * [* {th:charset,data-th-charset}] [1000]: org.thymeleaf.standard.processor.StandardRemovableAttributeTagProcessor
[THYMELEAF]             * [* {th:high,data-th-high}] [1000]: org.thymeleaf.standard.processor.StandardRemovableAttributeTagProcessor
[THYMELEAF]             * [* {th:formaction,data-th-formaction}] [1000]: org.thymeleaf.standard.processor.StandardRemovableAttributeTagProcessor
[THYMELEAF]             * [* {th:spellcheck,data-th-spellcheck}] [1000]: org.thymeleaf.standard.processor.StandardRemovableAttributeTagProcessor
[THYMELEAF]             * [* {th:label,data-th-label}] [1000]: org.thymeleaf.standard.processor.StandardRemovableAttributeTagProcessor
[THYMELEAF]             * [* {th:scheme,data-th-scheme}] [1000]: org.thymeleaf.standard.processor.StandardRemovableAttributeTagProcessor
[THYMELEAF]             * [* {th:tabindex,data-th-tabindex}] [1000]: org.thymeleaf.standard.processor.StandardRemovableAttributeTagProcessor
[THYMELEAF]             * [* {th:rows,data-th-rows}] [1000]: org.thymeleaf.standard.processor.StandardRemovableAttributeTagProcessor
[THYMELEAF]             * [* {th:maxlength,data-th-maxlength}] [1000]: org.thymeleaf.standard.processor.StandardRemovableAttributeTagProcessor
[THYMELEAF]             * [* {th:manifest,data-th-manifest}] [1000]: org.thymeleaf.standard.processor.StandardRemovableAttributeTagProcessor
[THYMELEAF]             * [* {th:background,data-th-background}] [1000]: org.thymeleaf.standard.processor.StandardRemovableAttributeTagProcessor
[THYMELEAF]             * [* {th:usemap,data-th-usemap}] [1000]: org.thymeleaf.standard.processor.StandardRemovableAttributeTagProcessor
[THYMELEAF]             * [* {th:min,data-th-min}] [1000]: org.thymeleaf.standard.processor.StandardRemovableAttributeTagProcessor
[THYMELEAF]             * [* {th:size,data-th-size}] [1000]: org.thymeleaf.standard.processor.StandardRemovableAttributeTagProcessor
[THYMELEAF]             * [* {th:poster,data-th-poster}] [1000]: org.thymeleaf.standard.processor.StandardRemovableAttributeTagProcessor
[THYMELEAF]             * [* {th:dropzone,data-th-dropzone}] [1000]: org.thymeleaf.standard.processor.StandardRemovableAttributeTagProcessor
[THYMELEAF]             * [* {th:radiogroup,data-th-radiogroup}] [1000]: org.thymeleaf.standard.processor.StandardRemovableAttributeTagProcessor
[THYMELEAF]             * [* {th:placeholder,data-th-placeholder}] [1000]: org.thymeleaf.standard.processor.StandardRemovableAttributeTagProcessor
[THYMELEAF]             * [* {th:border,data-th-border}] [1000]: org.thymeleaf.standard.processor.StandardRemovableAttributeTagProcessor
[THYMELEAF]             * [* {th:abbr,data-th-abbr}] [1000]: org.thymeleaf.standard.processor.StandardRemovableAttributeTagProcessor
[THYMELEAF]             * [* {th:cite,data-th-cite}] [1000]: org.thymeleaf.standard.processor.StandardRemovableAttributeTagProcessor
[THYMELEAF]             * [* {th:colspan,data-th-colspan}] [1000]: org.thymeleaf.standard.processor.StandardRemovableAttributeTagProcessor
[THYMELEAF]             * [* {th:form,data-th-form}] [1000]: org.thymeleaf.standard.processor.StandardRemovableAttributeTagProcessor
[THYMELEAF]             * [* {th:hspace,data-th-hspace}] [1000]: org.thymeleaf.standard.processor.StandardRemovableAttributeTagProcessor
[THYMELEAF]             * [* {th:headers,data-th-headers}] [1000]: org.thymeleaf.standard.processor.StandardRemovableAttributeTagProcessor
[THYMELEAF]             * [* {th:lang,data-th-lang}] [1000]: org.thymeleaf.standard.processor.StandardRemovableAttributeTagProcessor
[THYMELEAF]             * [* {th:content,data-th-content}] [1000]: org.thymeleaf.standard.processor.StandardRemovableAttributeTagProcessor
[THYMELEAF]             * [* {th:hreflang,data-th-hreflang}] [1000]: org.thymeleaf.standard.processor.StandardRemovableAttributeTagProcessor
[THYMELEAF]             * [* {th:dir,data-th-dir}] [1000]: org.thymeleaf.standard.processor.StandardRemovableAttributeTagProcessor
[THYMELEAF]             * [* {th:classid,data-th-classid}] [1000]: org.thymeleaf.standard.processor.StandardRemovableAttributeTagProcessor
[THYMELEAF]             * [* {th:codebase,data-th-codebase}] [1000]: org.thymeleaf.standard.processor.StandardRemovableAttributeTagProcessor
[THYMELEAF]             * [* {th:enctype,data-th-enctype}] [1000]: org.thymeleaf.standard.processor.StandardRemovableAttributeTagProcessor
[THYMELEAF]             * [* {th:for,data-th-for}] [1000]: org.thymeleaf.standard.processor.StandardRemovableAttributeTagProcessor
[THYMELEAF]             * [* {th:style,data-th-style}] [1000]: org.thymeleaf.standard.processor.StandardRemovableAttributeTagProcessor
[THYMELEAF]             * [* {th:summary,data-th-summary}] [1000]: org.thymeleaf.standard.processor.StandardRemovableAttributeTagProcessor
[THYMELEAF]             * [* {th:draggable,data-th-draggable}] [1000]: org.thymeleaf.standard.processor.StandardRemovableAttributeTagProcessor
[THYMELEAF]             * [* {th:scope,data-th-scope}] [1000]: org.thymeleaf.standard.processor.StandardRemovableAttributeTagProcessor
[THYMELEAF]             * [* {th:accept,data-th-accept}] [1000]: org.thymeleaf.standard.processor.StandardRemovableAttributeTagProcessor
[THYMELEAF]             * [* {th:formmethod,data-th-formmethod}] [1000]: org.thymeleaf.standard.processor.StandardRemovableAttributeTagProcessor
[THYMELEAF]             * [* {th:frame,data-th-frame}] [1000]: org.thymeleaf.standard.processor.StandardRemovableAttributeTagProcessor
[THYMELEAF]             * [* {th:icon,data-th-icon}] [1000]: org.thymeleaf.standard.processor.StandardRemovableAttributeTagProcessor
[THYMELEAF]             * [* {th:codetype,data-th-codetype}] [1000]: org.thymeleaf.standard.processor.StandardRemovableAttributeTagProcessor
[THYMELEAF]             * [* {th:sizes,data-th-sizes}] [1000]: org.thymeleaf.standard.processor.StandardRemovableAttributeTagProcessor
[THYMELEAF]             * [* {th:marginwidth,data-th-marginwidth}] [1000]: org.thymeleaf.standard.processor.StandardRemovableAttributeTagProcessor
[THYMELEAF]             * [* {th:frameborder,data-th-frameborder}] [1000]: org.thymeleaf.standard.processor.StandardRemovableAttributeTagProcessor
[THYMELEAF]             * [* {th:formtarget,data-th-formtarget}] [1000]: org.thymeleaf.standard.processor.StandardRemovableAttributeTagProcessor
[THYMELEAF]             * [* {th:compact,data-th-compact}] [1000]: org.thymeleaf.standard.processor.StandardRemovableAttributeTagProcessor
[THYMELEAF]             * [* {th:src,data-th-src}] [1000]: org.thymeleaf.standard.processor.StandardSrcTagProcessor
[THYMELEAF]             * [* {th:value,data-th-value}] [1000]: org.thymeleaf.standard.processor.StandardValueTagProcessor
[THYMELEAF]             * [* {th:xmlbase,data-th-xmlbase}] [1000]: org.thymeleaf.standard.processor.StandardXmlBaseTagProcessor
[THYMELEAF]             * [* {th:xmllang,data-th-xmllang}] [1000]: org.thymeleaf.standard.processor.StandardXmlLangTagProcessor
[THYMELEAF]             * [* {xmlns:th}] [1000]: org.thymeleaf.standard.processor.StandardXmlNsTagProcessor
[THYMELEAF]             * [* {th:xmlspace,data-th-xmlspace}] [1000]: org.thymeleaf.standard.processor.StandardXmlSpaceTagProcessor
[THYMELEAF]             * [* {th:classappend,data-th-classappend}] [1100]: org.thymeleaf.standard.processor.StandardClassappendTagProcessor
[THYMELEAF]             * [* {th:styleappend,data-th-styleappend}] [1100]: org.thymeleaf.standard.processor.StandardStyleappendTagProcessor
[THYMELEAF]             * [* {th:text,data-th-text}] [1300]: org.thymeleaf.standard.processor.StandardTextTagProcessor
[THYMELEAF]             * [* {th:utext,data-th-utext}] [1400]: org.thymeleaf.standard.processor.StandardUtextTagProcessor
[THYMELEAF]             * [* {th:fragment,data-th-fragment}] [1500]: org.thymeleaf.standard.processor.StandardFragmentTagProcessor
[THYMELEAF]             * [* {th:assert,data-th-assert}] [1550]: org.thymeleaf.standard.processor.StandardAssertTagProcessor
[THYMELEAF]             * [* {th:remove,data-th-remove}] [1600]: org.thymeleaf.standard.processor.StandardRemoveTagProcessor
[THYMELEAF]             * [* {th:ref,data-th-ref}] [10000]: org.thymeleaf.standard.processor.StandardRefAttributeTagProcessor
[THYMELEAF]             * [{th:block,th-block} *] [100000]: org.thymeleaf.standard.processor.StandardBlockTagProcessor
[THYMELEAF]             * [* th:*] [2147483647]: org.thymeleaf.standard.processor.StandardDefaultAttributesTagProcessor
[THYMELEAF]         * Text Processors by [precedence]:
[THYMELEAF]             * [1000]: org.thymeleaf.standard.processor.StandardInliningTextProcessor
[THYMELEAF]         * DOCTYPE Processors by [precedence]:
[THYMELEAF]             * [1000]: org.thymeleaf.standard.processor.StandardTranslationDocTypeProcessor
[THYMELEAF]         * CDATA Section Processors by [precedence]:
[THYMELEAF]             * [1000]: org.thymeleaf.standard.processor.StandardInliningCDATASectionProcessor
[THYMELEAF]         * Comment Processors by [precedence]:
[THYMELEAF]             * [1000]: org.thymeleaf.standard.processor.StandardInliningCommentProcessor
[THYMELEAF]             * [1100]: org.thymeleaf.standard.processor.StandardConditionalCommentProcessor
[THYMELEAF]     * Processors for Template Mode: XML
[THYMELEAF]         * Element Tag Processors by [matching element and attribute name] [precedence]:
[THYMELEAF]             * [* {th:include}] [100]: org.thymeleaf.standard.processor.StandardIncludeTagProcessor
[THYMELEAF]             * [* {th:insert}] [100]: org.thymeleaf.standard.processor.StandardInsertTagProcessor
[THYMELEAF]             * [* {th:replace}] [100]: org.thymeleaf.standard.processor.StandardReplaceTagProcessor
[THYMELEAF]             * [* {th:each}] [200]: com.intuit.karate.template.KarateEachTagProcessor
[THYMELEAF]             * [* {th:switch}] [250]: org.thymeleaf.standard.processor.StandardSwitchTagProcessor
[THYMELEAF]             * [* {th:case}] [275]: org.thymeleaf.standard.processor.StandardCaseTagProcessor
[THYMELEAF]             * [* {th:if}] [300]: org.thymeleaf.standard.processor.StandardIfTagProcessor
[THYMELEAF]             * [* {th:unless}] [400]: org.thymeleaf.standard.processor.StandardUnlessTagProcessor
[THYMELEAF]             * [* {th:object}] [500]: org.thymeleaf.standard.processor.StandardObjectTagProcessor
[THYMELEAF]             * [* {th:with}] [600]: com.intuit.karate.template.KarateWithTagProcessor
[THYMELEAF]             * [* {th:attr}] [700]: com.intuit.karate.template.KarateAttributeTagProcessor.KarateAttrTagProcessor
[THYMELEAF]             * [* {th:attrappend}] [900]: com.intuit.karate.template.KarateAttributeTagProcessor.KarateAttrappendTagProcessor
[THYMELEAF]             * [* {th:attrprepend}] [900]: com.intuit.karate.template.KarateAttributeTagProcessor.KarateAttrprependTagProcessor
[THYMELEAF]             * [* {th:inline}] [1000]: org.thymeleaf.standard.processor.StandardInlineXMLTagProcessor
[THYMELEAF]             * [* {xmlns:th}] [1000]: org.thymeleaf.standard.processor.StandardXmlNsTagProcessor
[THYMELEAF]             * [* {th:text}] [1300]: org.thymeleaf.standard.processor.StandardTextTagProcessor
[THYMELEAF]             * [* {th:utext}] [1400]: org.thymeleaf.standard.processor.StandardUtextTagProcessor
[THYMELEAF]             * [* {th:fragment}] [1500]: org.thymeleaf.standard.processor.StandardFragmentTagProcessor
[THYMELEAF]             * [* {th:assert}] [1550]: org.thymeleaf.standard.processor.StandardAssertTagProcessor
[THYMELEAF]             * [* {th:remove}] [1600]: org.thymeleaf.standard.processor.StandardRemoveTagProcessor
[THYMELEAF]             * [* {th:ref}] [10000]: org.thymeleaf.standard.processor.StandardRefAttributeTagProcessor
[THYMELEAF]             * [{th:block} *] [100000]: org.thymeleaf.standard.processor.StandardBlockTagProcessor
[THYMELEAF]             * [* th:*] [2147483647]: org.thymeleaf.standard.processor.StandardDefaultAttributesTagProcessor
[THYMELEAF]         * Text Processors by [precedence]:
[THYMELEAF]             * [1000]: org.thymeleaf.standard.processor.StandardInliningTextProcessor
[THYMELEAF]         * CDATA Section Processors by [precedence]:
[THYMELEAF]             * [1000]: org.thymeleaf.standard.processor.StandardInliningCDATASectionProcessor
[THYMELEAF]         * Comment Processors by [precedence]:
[THYMELEAF]             * [1000]: org.thymeleaf.standard.processor.StandardInliningCommentProcessor
[THYMELEAF]     * Processors for Template Mode: TEXT
[THYMELEAF]         * Element Tag Processors by [matching element and attribute name] [precedence]:
[THYMELEAF]             * [* {th:insert}] [100]: org.thymeleaf.standard.processor.StandardInsertTagProcessor
[THYMELEAF]             * [* {th:replace}] [100]: org.thymeleaf.standard.processor.StandardReplaceTagProcessor
[THYMELEAF]             * [* {th:each}] [200]: com.intuit.karate.template.KarateEachTagProcessor
[THYMELEAF]             * [* {th:switch}] [250]: org.thymeleaf.standard.processor.StandardSwitchTagProcessor
[THYMELEAF]             * [* {th:case}] [275]: org.thymeleaf.standard.processor.StandardCaseTagProcessor
[THYMELEAF]             * [* {th:if}] [300]: org.thymeleaf.standard.processor.StandardIfTagProcessor
[THYMELEAF]             * [* {th:unless}] [400]: org.thymeleaf.standard.processor.StandardUnlessTagProcessor
[THYMELEAF]             * [* {th:object}] [500]: org.thymeleaf.standard.processor.StandardObjectTagProcessor
[THYMELEAF]             * [* {th:with}] [600]: com.intuit.karate.template.KarateWithTagProcessor
[THYMELEAF]             * [* {th:inline}] [1000]: org.thymeleaf.standard.processor.StandardInlineTextualTagProcessor
[THYMELEAF]             * [* {th:text}] [1300]: org.thymeleaf.standard.processor.StandardTextTagProcessor
[THYMELEAF]             * [* {th:utext}] [1400]: org.thymeleaf.standard.processor.StandardUtextTagProcessor
[THYMELEAF]             * [* {th:assert}] [1550]: org.thymeleaf.standard.processor.StandardAssertTagProcessor
[THYMELEAF]             * [* {th:remove}] [1600]: org.thymeleaf.standard.processor.StandardRemoveTagProcessor
[THYMELEAF]             * [* 100000] [org.thymeleaf.standard.processor.StandardBlockTagProcessor]: {}
[THYMELEAF]             * [{th:block} *] [100000]: org.thymeleaf.standard.processor.StandardBlockTagProcessor
[THYMELEAF]         * Text Processors by [precedence]:
[THYMELEAF]             * [1000]: org.thymeleaf.standard.processor.StandardInliningTextProcessor
[THYMELEAF]     * Processors for Template Mode: JAVASCRIPT
[THYMELEAF]         * Element Tag Processors by [matching element and attribute name] [precedence]:
[THYMELEAF]             * [* {th:insert}] [100]: org.thymeleaf.standard.processor.StandardInsertTagProcessor
[THYMELEAF]             * [* {th:replace}] [100]: org.thymeleaf.standard.processor.StandardReplaceTagProcessor
[THYMELEAF]             * [* {th:each}] [200]: com.intuit.karate.template.KarateEachTagProcessor
[THYMELEAF]             * [* {th:switch}] [250]: org.thymeleaf.standard.processor.StandardSwitchTagProcessor
[THYMELEAF]             * [* {th:case}] [275]: org.thymeleaf.standard.processor.StandardCaseTagProcessor
[THYMELEAF]             * [* {th:if}] [300]: org.thymeleaf.standard.processor.StandardIfTagProcessor
[THYMELEAF]             * [* {th:unless}] [400]: org.thymeleaf.standard.processor.StandardUnlessTagProcessor
[THYMELEAF]             * [* {th:object}] [500]: org.thymeleaf.standard.processor.StandardObjectTagProcessor
[THYMELEAF]             * [* {th:with}] [600]: com.intuit.karate.template.KarateWithTagProcessor
[THYMELEAF]             * [* {th:inline}] [1000]: org.thymeleaf.standard.processor.StandardInlineTextualTagProcessor
[THYMELEAF]             * [* {th:text}] [1300]: org.thymeleaf.standard.processor.StandardTextTagProcessor
[THYMELEAF]             * [* {th:utext}] [1400]: org.thymeleaf.standard.processor.StandardUtextTagProcessor
[THYMELEAF]             * [* {th:assert}] [1550]: org.thymeleaf.standard.processor.StandardAssertTagProcessor
[THYMELEAF]             * [* {th:remove}] [1600]: org.thymeleaf.standard.processor.StandardRemoveTagProcessor
[THYMELEAF]             * [{th:block} *] [100000]: org.thymeleaf.standard.processor.StandardBlockTagProcessor
[THYMELEAF]             * [* 100000] [org.thymeleaf.standard.processor.StandardBlockTagProcessor]: {}
[THYMELEAF]         * Text Processors by [precedence]:
[THYMELEAF]             * [1000]: org.thymeleaf.standard.processor.StandardInliningTextProcessor
[THYMELEAF]     * Processors for Template Mode: CSS
[THYMELEAF]         * Element Tag Processors by [matching element and attribute name] [precedence]:
[THYMELEAF]             * [* {th:insert}] [100]: org.thymeleaf.standard.processor.StandardInsertTagProcessor
[THYMELEAF]             * [* {th:replace}] [100]: org.thymeleaf.standard.processor.StandardReplaceTagProcessor
[THYMELEAF]             * [* {th:each}] [200]: com.intuit.karate.template.KarateEachTagProcessor
[THYMELEAF]             * [* {th:switch}] [250]: org.thymeleaf.standard.processor.StandardSwitchTagProcessor
[THYMELEAF]             * [* {th:case}] [275]: org.thymeleaf.standard.processor.StandardCaseTagProcessor
[THYMELEAF]             * [* {th:if}] [300]: org.thymeleaf.standard.processor.StandardIfTagProcessor
[THYMELEAF]             * [* {th:unless}] [400]: org.thymeleaf.standard.processor.StandardUnlessTagProcessor
[THYMELEAF]             * [* {th:object}] [500]: org.thymeleaf.standard.processor.StandardObjectTagProcessor
[THYMELEAF]             * [* {th:with}] [600]: com.intuit.karate.template.KarateWithTagProcessor
[THYMELEAF]             * [* {th:inline}] [1000]: org.thymeleaf.standard.processor.StandardInlineTextualTagProcessor
[THYMELEAF]             * [* {th:text}] [1300]: org.thymeleaf.standard.processor.StandardTextTagProcessor
[THYMELEAF]             * [* {th:utext}] [1400]: org.thymeleaf.standard.processor.StandardUtextTagProcessor
[THYMELEAF]             * [* {th:assert}] [1550]: org.thymeleaf.standard.processor.StandardAssertTagProcessor
[THYMELEAF]             * [* {th:remove}] [1600]: org.thymeleaf.standard.processor.StandardRemoveTagProcessor
[THYMELEAF]             * [{th:block} *] [100000]: org.thymeleaf.standard.processor.StandardBlockTagProcessor
[THYMELEAF]             * [* 100000] [org.thymeleaf.standard.processor.StandardBlockTagProcessor]: {}
[THYMELEAF]         * Text Processors by [precedence]:
[THYMELEAF]             * [1000]: org.thymeleaf.standard.processor.StandardInliningTextProcessor
[THYMELEAF]     * Expression Objects:
[THYMELEAF]         * #ctx
[THYMELEAF]         * #root
[THYMELEAF]         * #vars
[THYMELEAF]         * #object
[THYMELEAF]         * #locale
[THYMELEAF]         * #conversions
[THYMELEAF]         * #uris
[THYMELEAF]         * #temporals
[THYMELEAF]         * #calendars
[THYMELEAF]         * #dates
[THYMELEAF]         * #bools
[THYMELEAF]         * #numbers
[THYMELEAF]         * #objects
[THYMELEAF]         * #strings
[THYMELEAF]         * #arrays
[THYMELEAF]         * #lists
[THYMELEAF]         * #sets
[THYMELEAF]         * #maps
[THYMELEAF]         * #aggregates
[THYMELEAF]         * #messages
[THYMELEAF]         * #ids
[THYMELEAF]         * #execInfo
[THYMELEAF]         * #request
[THYMELEAF]         * #response
[THYMELEAF]         * #session
[THYMELEAF]         * #servletContext
[THYMELEAF]     * Execution Attributes:
[THYMELEAF]         * "StandardExpressionParser": com.intuit.karate.template.KarateStandardDialect@175ac243
[THYMELEAF]         * "StandardJavaScriptSerializer": org.thymeleaf.standard.serializer.StandardJavaScriptSerializer@79b8ecb
[THYMELEAF]         * "StandardCSSSerializer": org.thymeleaf.standard.serializer.StandardCSSSerializer@3722f39d
[THYMELEAF]         * "StandardVariableExpressionEvaluator": com.intuit.karate.template.KarateStandardDialect@175ac243
[THYMELEAF]         * "StandardConversionService": org.thymeleaf.standard.expression.StandardConversionService@4ec8d9b2
[THYMELEAF] * Dialect [2 of 2]: karate (com.intuit.karate.template.KarateScriptDialect)
[THYMELEAF]     * Prefix: "ka"
[THYMELEAF]     * Processors for Template Mode: HTML
[THYMELEAF]         * Element Tag Processors by [matching element and attribute name] [precedence]:
[THYMELEAF]             * [* {src}] [1000]: com.intuit.karate.template.KaScriptAttrProcessor
[THYMELEAF]         * Element Model Processors by [matching element and attribute name] [precedence]:
[THYMELEAF]             * [{script} {ka:scope,data-ka-scope}] [1000]: com.intuit.karate.template.KaScriptElemProcessor
[THYMELEAF]             * [* {ka:set,data-ka-set}] [1000]: com.intuit.karate.template.KaSetElemProcessor
[THYMELEAF] TEMPLATE ENGINE CONFIGURED OK
17:56:14.388 [main] DEBUG org.thymeleaf.TemplateEngine -- [THYMELEAF] TEMPLATE ENGINE INITIALIZED
17:56:14.393 [main] DEBUG org.thymeleaf.TemplateEngine -- [THYMELEAF] INITIALIZING TEMPLATE ENGINE
17:56:14.409 [main] DEBUG org.thymeleaf.TemplateEngine.CONFIG -- Initializing Thymeleaf Template engine configuration...
[THYMELEAF] TEMPLATE ENGINE CONFIGURATION:
[THYMELEAF] * Thymeleaf version: 3.1.2.RELEASE (built 2023-07-30T19:25:50+0000)
[THYMELEAF] * Cache Manager implementation: org.thymeleaf.cache.StandardCacheManager
[THYMELEAF] * Template resolvers:
[THYMELEAF]     * [1] com.intuit.karate.template.ResourceHtmlTemplateResolver
[THYMELEAF] * Message resolvers:
[THYMELEAF]     * org.thymeleaf.messageresolver.StandardMessageResolver
[THYMELEAF] * Link builders:
[THYMELEAF]     * org.thymeleaf.linkbuilder.StandardLinkBuilder
[THYMELEAF] * Dialect [1 of 2]: Standard (com.intuit.karate.template.KarateStandardDialect)
[THYMELEAF]     * Prefix: "th"
[THYMELEAF]     * Processors for Template Mode: HTML
[THYMELEAF]         * Element Tag Processors by [matching element and attribute name] [precedence]:
[THYMELEAF]             * [* {th:include,data-th-include}] [100]: org.thymeleaf.standard.processor.StandardIncludeTagProcessor
[THYMELEAF]             * [* {th:insert,data-th-insert}] [100]: org.thymeleaf.standard.processor.StandardInsertTagProcessor
[THYMELEAF]             * [* {th:replace,data-th-replace}] [100]: org.thymeleaf.standard.processor.StandardReplaceTagProcessor
[THYMELEAF]             * [* {th:each,data-th-each}] [200]: com.intuit.karate.template.KarateEachTagProcessor
[THYMELEAF]             * [* {th:switch,data-th-switch}] [250]: org.thymeleaf.standard.processor.StandardSwitchTagProcessor
[THYMELEAF]             * [* {th:case,data-th-case}] [275]: org.thymeleaf.standard.processor.StandardCaseTagProcessor
[THYMELEAF]             * [* {th:if,data-th-if}] [300]: org.thymeleaf.standard.processor.StandardIfTagProcessor
[THYMELEAF]             * [* {th:unless,data-th-unless}] [400]: org.thymeleaf.standard.processor.StandardUnlessTagProcessor
[THYMELEAF]             * [* {th:object,data-th-object}] [500]: org.thymeleaf.standard.processor.StandardObjectTagProcessor
[THYMELEAF]             * [* {th:with,data-th-with}] [600]: com.intuit.karate.template.KarateWithTagProcessor
[THYMELEAF]             * [* {th:attr,data-th-attr}] [700]: com.intuit.karate.template.KarateAttributeTagProcessor.KarateAttrTagProcessor
[THYMELEAF]             * [* {th:attrappend,data-th-attrappend}] [900]: com.intuit.karate.template.KarateAttributeTagProcessor.KarateAttrappendTagProcessor
[THYMELEAF]             * [* {th:attrprepend,data-th-attrprepend}] [900]: com.intuit.karate.template.KarateAttributeTagProcessor.KarateAttrprependTagProcessor
[THYMELEAF]             * [* {th:alt-title,data-th-alt-title}] [990]: org.thymeleaf.standard.processor.StandardAltTitleTagProcessor
[THYMELEAF]             * [* {th:lang-xmllang,data-th-lang-xmllang}] [990]: org.thymeleaf.standard.processor.StandardLangXmlLangTagProcessor
[THYMELEAF]             * [* {th:action,data-th-action}] [1000]: org.thymeleaf.standard.processor.StandardActionTagProcessor
[THYMELEAF]             * [* {th:autoplay,data-th-autoplay}] [1000]: org.thymeleaf.standard.processor.StandardConditionalFixedValueTagProcessor
[THYMELEAF]             * [* {th:disabled,data-th-disabled}] [1000]: org.thymeleaf.standard.processor.StandardConditionalFixedValueTagProcessor
[THYMELEAF]             * [* {th:seamless,data-th-seamless}] [1000]: org.thymeleaf.standard.processor.StandardConditionalFixedValueTagProcessor
[THYMELEAF]             * [* {th:ismap,data-th-ismap}] [1000]: org.thymeleaf.standard.processor.StandardConditionalFixedValueTagProcessor
[THYMELEAF]             * [* {th:required,data-th-required}] [1000]: org.thymeleaf.standard.processor.StandardConditionalFixedValueTagProcessor
[THYMELEAF]             * [* {th:selected,data-th-selected}] [1000]: org.thymeleaf.standard.processor.StandardConditionalFixedValueTagProcessor
[THYMELEAF]             * [* {th:defer,data-th-defer}] [1000]: org.thymeleaf.standard.processor.StandardConditionalFixedValueTagProcessor
[THYMELEAF]             * [* {th:readonly,data-th-readonly}] [1000]: org.thymeleaf.standard.processor.StandardConditionalFixedValueTagProcessor
[THYMELEAF]             * [* {th:reversed,data-th-reversed}] [1000]: org.thymeleaf.standard.processor.StandardConditionalFixedValueTagProcessor
[THYMELEAF]             * [* {th:default,data-th-default}] [1000]: org.thymeleaf.standard.processor.StandardConditionalFixedValueTagProcessor
[THYMELEAF]             * [* {th:pubdate,data-th-pubdate}] [1000]: org.thymeleaf.standard.processor.StandardConditionalFixedValueTagProcessor
[THYMELEAF]             * [* {th:loop,data-th-loop}] [1000]: org.thymeleaf.standard.processor.StandardConditionalFixedValueTagProcessor
[THYMELEAF]             * [* {th:hidden,data-th-hidden}] [1000]: org.thymeleaf.standard.processor.StandardConditionalFixedValueTagProcessor
[THYMELEAF]             * [* {th:formnovalidate,data-th-formnovalidate}] [1000]: org.thymeleaf.standard.processor.StandardConditionalFixedValueTagProcessor
[THYMELEAF]             * [* {th:controls,data-th-controls}] [1000]: org.thymeleaf.standard.processor.StandardConditionalFixedValueTagProcessor
[THYMELEAF]             * [* {th:async,data-th-async}] [1000]: org.thymeleaf.standard.processor.StandardConditionalFixedValueTagProcessor
[THYMELEAF]             * [* {th:nowrap,data-th-nowrap}] [1000]: org.thymeleaf.standard.processor.StandardConditionalFixedValueTagProcessor
[THYMELEAF]             * [* {th:scoped,data-th-scoped}] [1000]: org.thymeleaf.standard.processor.StandardConditionalFixedValueTagProcessor
[THYMELEAF]             * [* {th:declare,data-th-declare}] [1000]: org.thymeleaf.standard.processor.StandardConditionalFixedValueTagProcessor
[THYMELEAF]             * [* {th:multiple,data-th-multiple}] [1000]: org.thymeleaf.standard.processor.StandardConditionalFixedValueTagProcessor
[THYMELEAF]             * [* {th:checked,data-th-checked}] [1000]: org.thymeleaf.standard.processor.StandardConditionalFixedValueTagProcessor
[THYMELEAF]             * [* {th:novalidate,data-th-novalidate}] [1000]: org.thymeleaf.standard.processor.StandardConditionalFixedValueTagProcessor
[THYMELEAF]             * [* {th:open,data-th-open}] [1000]: org.thymeleaf.standard.processor.StandardConditionalFixedValueTagProcessor
[THYMELEAF]             * [* {th:autofocus,data-th-autofocus}] [1000]: org.thymeleaf.standard.processor.StandardConditionalFixedValueTagProcessor
[THYMELEAF]             * [* {th:oncanplaythrough,data-th-oncanplaythrough}] [1000]: org.thymeleaf.standard.processor.StandardDOMEventAttributeTagProcessor
[THYMELEAF]             * [* {th:ondrop,data-th-ondrop}] [1000]: org.thymeleaf.standard.processor.StandardDOMEventAttributeTagProcessor
[THYMELEAF]             * [* {th:onkeypress,data-th-onkeypress}] [1000]: org.thymeleaf.standard.processor.StandardDOMEventAttributeTagProcessor
[THYMELEAF]             * [* {th:onsuspend,data-th-onsuspend}] [1000]: org.thymeleaf.standard.processor.StandardDOMEventAttributeTagProcessor
[THYMELEAF]             * [* {th:onbeforeprint,data-th-onbeforeprint}] [1000]: org.thymeleaf.standard.processor.StandardDOMEventAttributeTagProcessor
[THYMELEAF]             * [* {th:onwaiting,data-th-onwaiting}] [1000]: org.thymeleaf.standard.processor.StandardDOMEventAttributeTagProcessor
[THYMELEAF]             * [* {th:onscroll,data-th-onscroll}] [1000]: org.thymeleaf.standard.processor.StandardDOMEventAttributeTagProcessor
[THYMELEAF]             * [* {th:onforminput,data-th-onforminput}] [1000]: org.thymeleaf.standard.processor.StandardDOMEventAttributeTagProcessor
[THYMELEAF]             * [* {th:onmousemove,data-th-onmousemove}] [1000]: org.thymeleaf.standard.processor.StandardDOMEventAttributeTagProcessor
[THYMELEAF]             * [* {th:onmousewheel,data-th-onmousewheel}] [1000]: org.thymeleaf.standard.processor.StandardDOMEventAttributeTagProcessor
[THYMELEAF]             * [* {th:ononline,data-th-ononline}] [1000]: org.thymeleaf.standard.processor.StandardDOMEventAttributeTagProcessor
[THYMELEAF]             * [* {th:onkeydown,data-th-onkeydown}] [1000]: org.thymeleaf.standard.processor.StandardDOMEventAttributeTagProcessor
[THYMELEAF]             * [* {th:onmouseout,data-th-onmouseout}] [1000]: org.thymeleaf.standard.processor.StandardDOMEventAttributeTagProcessor
[THYMELEAF]             * [* {th:onchange,data-th-onchange}] [1000]: org.thymeleaf.standard.processor.StandardDOMEventAttributeTagProcessor
[THYMELEAF]             * [* {th:onundo,data-th-onundo}] [1000]: org.thymeleaf.standard.processor.StandardDOMEventAttributeTagProcessor
[THYMELEAF]             * [* {th:onafterprint,data-th-onafterprint}] [1000]: org.thymeleaf.standard.processor.StandardDOMEventAttributeTagProcessor
[THYMELEAF]             * [* {th:onmouseover,data-th-onmouseover}] [1000]: org.thymeleaf.standard.processor.StandardDOMEventAttributeTagProcessor
[THYMELEAF]             * [* {th:ondragover,data-th-ondragover}] [1000]: org.thymeleaf.standard.processor.StandardDOMEventAttributeTagProcessor
[THYMELEAF]             * [* {th:onselect,data-th-onselect}] [1000]: org.thymeleaf.standard.processor.StandardDOMEventAttributeTagProcessor
[THYMELEAF]             * [* {th:onpopstate,data-th-onpopstate}] [1000]: org.thymeleaf.standard.processor.StandardDOMEventAttributeTagProcessor
[THYMELEAF]             * [* {th:onshow,data-th-onshow}] [1000]: org.thymeleaf.standard.processor.StandardDOMEventAttributeTagProcessor
[THYMELEAF]             * [* {th:onresize,data-th-onresize}] [1000]: org.thymeleaf.standard.processor.StandardDOMEventAttributeTagProcessor
[THYMELEAF]             * [* {th:onredo,data-th-onredo}] [1000]: org.thymeleaf.standard.processor.StandardDOMEventAttributeTagProcessor
[THYMELEAF]             * [* {th:onloadstart,data-th-onloadstart}] [1000]: org.thymeleaf.standard.processor.StandardDOMEventAttributeTagProcessor
[THYMELEAF]             * [* {th:onload,data-th-onload}] [1000]: org.thymeleaf.standard.processor.StandardDOMEventAttributeTagProcessor
[THYMELEAF]             * [* {th:onstorage,data-th-onstorage}] [1000]: org.thymeleaf.standard.processor.StandardDOMEventAttributeTagProcessor
[THYMELEAF]             * [* {th:onabort,data-th-onabort}] [1000]: org.thymeleaf.standard.processor.StandardDOMEventAttributeTagProcessor
[THYMELEAF]             * [* {th:onbeforeunload,data-th-onbeforeunload}] [1000]: org.thymeleaf.standard.processor.StandardDOMEventAttributeTagProcessor
[THYMELEAF]             * [* {th:onloadeddata,data-th-onloadeddata}] [1000]: org.thymeleaf.standard.processor.StandardDOMEventAttributeTagProcessor
[THYMELEAF]             * [* {th:onreset,data-th-onreset}] [1000]: org.thymeleaf.standard.processor.StandardDOMEventAttributeTagProcessor
[THYMELEAF]             * [* {th:onsubmit,data-th-onsubmit}] [1000]: org.thymeleaf.standard.processor.StandardDOMEventAttributeTagProcessor
[THYMELEAF]             * [* {th:ondragend,data-th-ondragend}] [1000]: org.thymeleaf.standard.processor.StandardDOMEventAttributeTagProcessor
[THYMELEAF]             * [* {th:oncontextmenu,data-th-oncontextmenu}] [1000]: org.thymeleaf.standard.processor.StandardDOMEventAttributeTagProcessor
[THYMELEAF]             * [* {th:onoffline,data-th-onoffline}] [1000]: org.thymeleaf.standard.processor.StandardDOMEventAttributeTagProcessor
[THYMELEAF]             * [* {th:onmessage,data-th-onmessage}] [1000]: org.thymeleaf.standard.processor.StandardDOMEventAttributeTagProcessor
[THYMELEAF]             * [* {th:onhashchange,data-th-onhashchange}] [1000]: org.thymeleaf.standard.processor.StandardDOMEventAttributeTagProcessor
[THYMELEAF]             * [* {th:onerror,data-th-onerror}] [1000]: org.thymeleaf.standard.processor.StandardDOMEventAttributeTagProcessor
[THYMELEAF]             * [* {th:oninvalid,data-th-oninvalid}] [1000]: org.thymeleaf.standard.processor.StandardDOMEventAttributeTagProcessor
[THYMELEAF]             * [* {th:onseeking,data-th-onseeking}] [1000]: org.thymeleaf.standard.processor.StandardDOMEventAttributeTagProcessor
[THYMELEAF]             * [* {th:onstalled,data-th-onstalled}] [1000]: org.thymeleaf.standard.processor.StandardDOMEventAttributeTagProcessor
[THYMELEAF]             * [* {th:onfocus,data-th-onfocus}] [1000]: org.thymeleaf.standard.processor.StandardDOMEventAttributeTagProcessor
[THYMELEAF]             * [* {th:onemptied,data-th-onemptied}] [1000]: org.thymeleaf.standard.processor.StandardDOMEventAttributeTagProcessor
[THYMELEAF]             * [* {th:onunload,data-th-onunload}] [1000]: org.thymeleaf.standard.processor.StandardDOMEventAttributeTagProcessor
[THYMELEAF]             * [* {th:ondrag,data-th-ondrag}] [1000]: org.thymeleaf.standard.processor.StandardDOMEventAttributeTagProcessor
[THYMELEAF]             * [* {th:ontimeupdate,data-th-ontimeupdate}] [1000]: org.thymeleaf.standard.processor.StandardDOMEventAttributeTagProcessor
[THYMELEAF]             * [* {th:onratechange,data-th-onratechange}] [1000]: org.thymeleaf.standard.processor.StandardDOMEventAttributeTagProcessor
[THYMELEAF]             * [* {th:onprogress,data-th-onprogress}] [1000]: org.thymeleaf.standard.processor.StandardDOMEventAttributeTagProcessor
[THYMELEAF]             * [* {th:oncanplay,data-th-oncanplay}] [1000]: org.thymeleaf.standard.processor.StandardDOMEventAttributeTagProcessor
[THYMELEAF]             * [* {th:onformchange,data-th-onformchange}] [1000]: org.thymeleaf.standard.processor.StandardDOMEventAttributeTagProcessor
[THYMELEAF]             * [* {th:ondragstart,data-th-ondragstart}] [1000]: org.thymeleaf.standard.processor.StandardDOMEventAttributeTagProcessor
[THYMELEAF]             * [* {th:onmousedown,data-th-onmousedown}] [1000]: org.thymeleaf.standard.processor.StandardDOMEventAttributeTagProcessor
[THYMELEAF]             * [* {th:onpause,data-th-onpause}] [1000]: org.thymeleaf.standard.processor.StandardDOMEventAttributeTagProcessor
[THYMELEAF]             * [* {th:onseeked,data-th-onseeked}] [1000]: org.thymeleaf.standard.processor.StandardDOMEventAttributeTagProcessor
[THYMELEAF]             * [* {th:ondragenter,data-th-ondragenter}] [1000]: org.thymeleaf.standard.processor.StandardDOMEventAttributeTagProcessor
[THYMELEAF]             * [* {th:ondragleave,data-th-ondragleave}] [1000]: org.thymeleaf.standard.processor.StandardDOMEventAttributeTagProcessor
[THYMELEAF]             * [* {th:onplay,data-th-onplay}] [1000]: org.thymeleaf.standard.processor.StandardDOMEventAttributeTagProcessor
[THYMELEAF]             * [* {th:onvolumechange,data-th-onvolumechange}] [1000]: org.thymeleaf.standard.processor.StandardDOMEventAttributeTagProcessor
[THYMELEAF]             * [* {th:onclick,data-th-onclick}] [1000]: org.thymeleaf.standard.processor.StandardDOMEventAttributeTagProcessor
[THYMELEAF]             * [* {th:onblur,data-th-onblur}] [1000]: org.thymeleaf.standard.processor.StandardDOMEventAttributeTagProcessor
[THYMELEAF]             * [* {th:onended,data-th-onended}] [1000]: org.thymeleaf.standard.processor.StandardDOMEventAttributeTagProcessor
[THYMELEAF]             * [* {th:onplaying,data-th-onplaying}] [1000]: org.thymeleaf.standard.processor.StandardDOMEventAttributeTagProcessor
[THYMELEAF]             * [* {th:onloadedmetadata,data-th-onloadedmetadata}] [1000]: org.thymeleaf.standard.processor.StandardDOMEventAttributeTagProcessor
[THYMELEAF]             * [* {th:ondurationchange,data-th-ondurationchange}] [1000]: org.thymeleaf.standard.processor.StandardDOMEventAttributeTagProcessor
[THYMELEAF]             * [* {th:oninput,data-th-oninput}] [1000]: org.thymeleaf.standard.processor.StandardDOMEventAttributeTagProcessor
[THYMELEAF]             * [* {th:onreadystatechange,data-th-onreadystatechange}] [1000]: org.thymeleaf.standard.processor.StandardDOMEventAttributeTagProcessor
[THYMELEAF]             * [* {th:ondblclick,data-th-ondblclick}] [1000]: org.thymeleaf.standard.processor.StandardDOMEventAttributeTagProcessor
[THYMELEAF]             * [* {th:onkeyup,data-th-onkeyup}] [1000]: org.thymeleaf.standard.processor.StandardDOMEventAttributeTagProcessor
[THYMELEAF]             * [* {th:onmouseup,data-th-onmouseup}] [1000]: org.thymeleaf.standard.processor.StandardDOMEventAttributeTagProcessor
[THYMELEAF]             * [* {th:href,data-th-href}] [1000]: org.thymeleaf.standard.processor.StandardHrefTagProcessor
[THYMELEAF]             * [* {th:inline,data-th-inline}] [1000]: org.thymeleaf.standard.processor.StandardInlineHTMLTagProcessor
[THYMELEAF]             * [* {th:method,data-th-method}] [1000]: org.thymeleaf.standard.processor.StandardMethodTagProcessor
[THYMELEAF]             * [* {th:name,data-th-name}] [1000]: org.thymeleaf.standard.processor.StandardNonRemovableAttributeTagProcessor
[THYMELEAF]             * [* {th:type,data-th-type}] [1000]: org.thymeleaf.standard.processor.StandardNonRemovableAttributeTagProcessor
[THYMELEAF]             * [* {th:id,data-th-id}] [1000]: org.thymeleaf.standard.processor.StandardRemovableAttributeTagProcessor
[THYMELEAF]             * [* {th:srclang,data-th-srclang}] [1000]: org.thymeleaf.standard.processor.StandardRemovableAttributeTagProcessor
[THYMELEAF]             * [* {th:preload,data-th-preload}] [1000]: org.thymeleaf.standard.processor.StandardRemovableAttributeTagProcessor
[THYMELEAF]             * [* {th:span,data-th-span}] [1000]: org.thymeleaf.standard.processor.StandardRemovableAttributeTagProcessor
[THYMELEAF]             * [* {th:contextmenu,data-th-contextmenu}] [1000]: org.thymeleaf.standard.processor.StandardRemovableAttributeTagProcessor
[THYMELEAF]             * [* {th:form,data-th-form}] [1000]: org.thymeleaf.standard.processor.StandardRemovableAttributeTagProcessor
[THYMELEAF]             * [* {th:colspan,data-th-colspan}] [1000]: org.thymeleaf.standard.processor.StandardRemovableAttributeTagProcessor
[THYMELEAF]             * [* {th:label,data-th-label}] [1000]: org.thymeleaf.standard.processor.StandardRemovableAttributeTagProcessor
[THYMELEAF]             * [* {th:tabindex,data-th-tabindex}] [1000]: org.thymeleaf.standard.processor.StandardRemovableAttributeTagProcessor
[THYMELEAF]             * [* {th:optimum,data-th-optimum}] [1000]: org.thymeleaf.standard.processor.StandardRemovableAttributeTagProcessor
[THYMELEAF]             * [* {th:compact,data-th-compact}] [1000]: org.thymeleaf.standard.processor.StandardRemovableAttributeTagProcessor
[THYMELEAF]             * [* {th:dir,data-th-dir}] [1000]: org.thymeleaf.standard.processor.StandardRemovableAttributeTagProcessor
[THYMELEAF]             * [* {th:frame,data-th-frame}] [1000]: org.thymeleaf.standard.processor.StandardRemovableAttributeTagProcessor
[THYMELEAF]             * [* {th:rows,data-th-rows}] [1000]: org.thymeleaf.standard.processor.StandardRemovableAttributeTagProcessor
[THYMELEAF]             * [* {th:pattern,data-th-pattern}] [1000]: org.thymeleaf.standard.processor.StandardRemovableAttributeTagProcessor
[THYMELEAF]             * [* {th:contenteditable,data-th-contenteditable}] [1000]: org.thymeleaf.standard.processor.StandardRemovableAttributeTagProcessor
[THYMELEAF]             * [* {th:class,data-th-class}] [1000]: org.thymeleaf.standard.processor.StandardRemovableAttributeTagProcessor
[THYMELEAF]             * [* {th:http-equiv,data-th-http-equiv}] [1000]: org.thymeleaf.standard.processor.StandardRemovableAttributeTagProcessor
[THYMELEAF]             * [* {th:longdesc,data-th-longdesc}] [1000]: org.thymeleaf.standard.processor.StandardRemovableAttributeTagProcessor
[THYMELEAF]             * [* {th:hspace,data-th-hspace}] [1000]: org.thymeleaf.standard.processor.StandardRemovableAttributeTagProcessor
[THYMELEAF]             * [* {th:dropzone,data-th-dropzone}] [1000]: org.thymeleaf.standard.processor.StandardRemovableAttributeTagProcessor
[THYMELEAF]             * [* {th:min,data-th-min}] [1000]: org.thymeleaf.standard.processor.StandardRemovableAttributeTagProcessor
[THYMELEAF]             * [* {th:max,data-th-max}] [1000]: org.thymeleaf.standard.processor.StandardRemovableAttributeTagProcessor
[THYMELEAF]             * [* {th:headers,data-th-headers}] [1000]: org.thymeleaf.standard.processor.StandardRemovableAttributeTagProcessor
[THYMELEAF]             * [* {th:formaction,data-th-formaction}] [1000]: org.thymeleaf.standard.processor.StandardRemovableAttributeTagProcessor
[THYMELEAF]             * [* {th:placeholder,data-th-placeholder}] [1000]: org.thymeleaf.standard.processor.StandardRemovableAttributeTagProcessor
[THYMELEAF]             * [* {th:accept-charset,data-th-accept-charset}] [1000]: org.thymeleaf.standard.processor.StandardRemovableAttributeTagProcessor
[THYMELEAF]             * [* {th:archive,data-th-archive}] [1000]: org.thymeleaf.standard.processor.StandardRemovableAttributeTagProcessor
[THYMELEAF]             * [* {th:formenctype,data-th-formenctype}] [1000]: org.thymeleaf.standard.processor.StandardRemovableAttributeTagProcessor
[THYMELEAF]             * [* {th:background,data-th-background}] [1000]: org.thymeleaf.standard.processor.StandardRemovableAttributeTagProcessor
[THYMELEAF]             * [* {th:valuetype,data-th-valuetype}] [1000]: org.thymeleaf.standard.processor.StandardRemovableAttributeTagProcessor
[THYMELEAF]             * [* {th:cite,data-th-cite}] [1000]: org.thymeleaf.standard.processor.StandardRemovableAttributeTagProcessor
[THYMELEAF]             * [* {th:start,data-th-start}] [1000]: org.thymeleaf.standard.processor.StandardRemovableAttributeTagProcessor
[THYMELEAF]             * [* {th:frameborder,data-th-frameborder}] [1000]: org.thymeleaf.standard.processor.StandardRemovableAttributeTagProcessor
[THYMELEAF]             * [* {th:border,data-th-border}] [1000]: org.thymeleaf.standard.processor.StandardRemovableAttributeTagProcessor
[THYMELEAF]             * [* {th:enctype,data-th-enctype}] [1000]: org.thymeleaf.standard.processor.StandardRemovableAttributeTagProcessor
[THYMELEAF]             * [* {th:kind,data-th-kind}] [1000]: org.thymeleaf.standard.processor.StandardRemovableAttributeTagProcessor
[THYMELEAF]             * [* {th:rowspan,data-th-rowspan}] [1000]: org.thymeleaf.standard.processor.StandardRemovableAttributeTagProcessor
[THYMELEAF]             * [* {th:style,data-th-style}] [1000]: org.thymeleaf.standard.processor.StandardRemovableAttributeTagProcessor
[THYMELEAF]             * [* {th:rules,data-th-rules}] [1000]: org.thymeleaf.standard.processor.StandardRemovableAttributeTagProcessor
[THYMELEAF]             * [* {th:codetype,data-th-codetype}] [1000]: org.thymeleaf.standard.processor.StandardRemovableAttributeTagProcessor
[THYMELEAF]             * [* {th:standby,data-th-standby}] [1000]: org.thymeleaf.standard.processor.StandardRemovableAttributeTagProcessor
[THYMELEAF]             * [* {th:accesskey,data-th-accesskey}] [1000]: org.thymeleaf.standard.processor.StandardRemovableAttributeTagProcessor
[THYMELEAF]             * [* {th:cellpadding,data-th-cellpadding}] [1000]: org.thymeleaf.standard.processor.StandardRemovableAttributeTagProcessor
[THYMELEAF]             * [* {th:bgcolor,data-th-bgcolor}] [1000]: org.thymeleaf.standard.processor.StandardRemovableAttributeTagProcessor
[THYMELEAF]             * [* {th:scrolling,data-th-scrolling}] [1000]: org.thymeleaf.standard.processor.StandardRemovableAttributeTagProcessor
[THYMELEAF]             * [* {th:manifest,data-th-manifest}] [1000]: org.thymeleaf.standard.processor.StandardRemovableAttributeTagProcessor
[THYMELEAF]             * [* {th:usemap,data-th-usemap}] [1000]: org.thymeleaf.standard.processor.StandardRemovableAttributeTagProcessor
[THYMELEAF]             * [* {th:size,data-th-size}] [1000]: org.thymeleaf.standard.processor.StandardRemovableAttributeTagProcessor
[THYMELEAF]             * [* {th:sandbox,data-th-sandbox}] [1000]: org.thymeleaf.standard.processor.StandardRemovableAttributeTagProcessor
[THYMELEAF]             * [* {th:keytype,data-th-keytype}] [1000]: org.thymeleaf.standard.processor.StandardRemovableAttributeTagProcessor
[THYMELEAF]             * [* {th:step,data-th-step}] [1000]: org.thymeleaf.standard.processor.StandardRemovableAttributeTagProcessor
[THYMELEAF]             * [* {th:high,data-th-high}] [1000]: org.thymeleaf.standard.processor.StandardRemovableAttributeTagProcessor
[THYMELEAF]             * [* {th:challenge,data-th-challenge}] [1000]: org.thymeleaf.standard.processor.StandardRemovableAttributeTagProcessor
[THYMELEAF]             * [* {th:sizes,data-th-sizes}] [1000]: org.thymeleaf.standard.processor.StandardRemovableAttributeTagProcessor
[THYMELEAF]             * [* {th:poster,data-th-poster}] [1000]: org.thymeleaf.standard.processor.StandardRemovableAttributeTagProcessor
[THYMELEAF]             * [* {th:rev,data-th-rev}] [1000]: org.thymeleaf.standard.processor.StandardRemovableAttributeTagProcessor
[THYMELEAF]             * [* {th:spellcheck,data-th-spellcheck}] [1000]: org.thymeleaf.standard.processor.StandardRemovableAttributeTagProcessor
[THYMELEAF]             * [* {th:title,data-th-title}] [1000]: org.thymeleaf.standard.processor.StandardRemovableAttributeTagProcessor
[THYMELEAF]             * [* {th:cols,data-th-cols}] [1000]: org.thymeleaf.standard.processor.StandardRemovableAttributeTagProcessor
[THYMELEAF]             * [* {th:datetime,data-th-datetime}] [1000]: org.thymeleaf.standard.processor.StandardRemovableAttributeTagProcessor
[THYMELEAF]             * [* {th:cellspacing,data-th-cellspacing}] [1000]: org.thymeleaf.standard.processor.StandardRemovableAttributeTagProcessor
[THYMELEAF]             * [* {th:formmethod,data-th-formmethod}] [1000]: org.thymeleaf.standard.processor.StandardRemovableAttributeTagProcessor
[THYMELEAF]             * [* {th:classid,data-th-classid}] [1000]: org.thymeleaf.standard.processor.StandardRemovableAttributeTagProcessor
[THYMELEAF]             * [* {th:axis,data-th-axis}] [1000]: org.thymeleaf.standard.processor.StandardRemovableAttributeTagProcessor
[THYMELEAF]             * [* {th:low,data-th-low}] [1000]: org.thymeleaf.standard.processor.StandardRemovableAttributeTagProcessor
[THYMELEAF]             * [* {th:lang,data-th-lang}] [1000]: org.thymeleaf.standard.processor.StandardRemovableAttributeTagProcessor
[THYMELEAF]             * [* {th:autocomplete,data-th-autocomplete}] [1000]: org.thymeleaf.standard.processor.StandardRemovableAttributeTagProcessor
[THYMELEAF]             * [* {th:scheme,data-th-scheme}] [1000]: org.thymeleaf.standard.processor.StandardRemovableAttributeTagProcessor
[THYMELEAF]             * [* {th:data,data-th-data}] [1000]: org.thymeleaf.standard.processor.StandardRemovableAttributeTagProcessor
[THYMELEAF]             * [* {th:wrap,data-th-wrap}] [1000]: org.thymeleaf.standard.processor.StandardRemovableAttributeTagProcessor
[THYMELEAF]             * [* {th:radiogroup,data-th-radiogroup}] [1000]: org.thymeleaf.standard.processor.StandardRemovableAttributeTagProcessor
[THYMELEAF]             * [* {th:height,data-th-height}] [1000]: org.thymeleaf.standard.processor.StandardRemovableAttributeTagProcessor
[THYMELEAF]             * [* {th:summary,data-th-summary}] [1000]: org.thymeleaf.standard.processor.StandardRemovableAttributeTagProcessor
[THYMELEAF]             * [* {th:content,data-th-content}] [1000]: org.thymeleaf.standard.processor.StandardRemovableAttributeTagProcessor
[THYMELEAF]             * [* {th:width,data-th-width}] [1000]: org.thymeleaf.standard.processor.StandardRemovableAttributeTagProcessor
[THYMELEAF]             * [* {th:scope,data-th-scope}] [1000]: org.thymeleaf.standard.processor.StandardRemovableAttributeTagProcessor
[THYMELEAF]             * [* {th:list,data-th-list}] [1000]: org.thymeleaf.standard.processor.StandardRemovableAttributeTagProcessor
[THYMELEAF]             * [* {th:target,data-th-target}] [1000]: org.thymeleaf.standard.processor.StandardRemovableAttributeTagProcessor
[THYMELEAF]             * [* {th:hreflang,data-th-hreflang}] [1000]: org.thymeleaf.standard.processor.StandardRemovableAttributeTagProcessor
[THYMELEAF]             * [* {th:for,data-th-for}] [1000]: org.thymeleaf.standard.processor.StandardRemovableAttributeTagProcessor
[THYMELEAF]             * [* {th:alt,data-th-alt}] [1000]: org.thymeleaf.standard.processor.StandardRemovableAttributeTagProcessor
[THYMELEAF]             * [* {th:charset,data-th-charset}] [1000]: org.thymeleaf.standard.processor.StandardRemovableAttributeTagProcessor
[THYMELEAF]             * [* {th:draggable,data-th-draggable}] [1000]: org.thymeleaf.standard.processor.StandardRemovableAttributeTagProcessor
[THYMELEAF]             * [* {th:marginheight,data-th-marginheight}] [1000]: org.thymeleaf.standard.processor.StandardRemovableAttributeTagProcessor
[THYMELEAF]             * [* {th:rel,data-th-rel}] [1000]: org.thymeleaf.standard.processor.StandardRemovableAttributeTagProcessor
[THYMELEAF]             * [* {th:vspace,data-th-vspace}] [1000]: org.thymeleaf.standard.processor.StandardRemovableAttributeTagProcessor
[THYMELEAF]             * [* {th:icon,data-th-icon}] [1000]: org.thymeleaf.standard.processor.StandardRemovableAttributeTagProcessor
[THYMELEAF]             * [* {th:formtarget,data-th-formtarget}] [1000]: org.thymeleaf.standard.processor.StandardRemovableAttributeTagProcessor
[THYMELEAF]             * [* {th:audio,data-th-audio}] [1000]: org.thymeleaf.standard.processor.StandardRemovableAttributeTagProcessor
[THYMELEAF]             * [* {th:abbr,data-th-abbr}] [1000]: org.thymeleaf.standard.processor.StandardRemovableAttributeTagProcessor
[THYMELEAF]             * [* {th:align,data-th-align}] [1000]: org.thymeleaf.standard.processor.StandardRemovableAttributeTagProcessor
[THYMELEAF]             * [* {th:accept,data-th-accept}] [1000]: org.thymeleaf.standard.processor.StandardRemovableAttributeTagProcessor
[THYMELEAF]             * [* {th:media,data-th-media}] [1000]: org.thymeleaf.standard.processor.StandardRemovableAttributeTagProcessor
[THYMELEAF]             * [* {th:codebase,data-th-codebase}] [1000]: org.thymeleaf.standard.processor.StandardRemovableAttributeTagProcessor
[THYMELEAF]             * [* {th:marginwidth,data-th-marginwidth}] [1000]: org.thymeleaf.standard.processor.StandardRemovableAttributeTagProcessor
[THYMELEAF]             * [* {th:maxlength,data-th-maxlength}] [1000]: org.thymeleaf.standard.processor.StandardRemovableAttributeTagProcessor
[THYMELEAF]             * [* {th:src,data-th-src}] [1000]: org.thymeleaf.standard.processor.StandardSrcTagProcessor
[THYMELEAF]             * [* {th:value,data-th-value}] [1000]: org.thymeleaf.standard.processor.StandardValueTagProcessor
[THYMELEAF]             * [* {th:xmlbase,data-th-xmlbase}] [1000]: org.thymeleaf.standard.processor.StandardXmlBaseTagProcessor
[THYMELEAF]             * [* {th:xmllang,data-th-xmllang}] [1000]: org.thymeleaf.standard.processor.StandardXmlLangTagProcessor
[THYMELEAF]             * [* {xmlns:th}] [1000]: org.thymeleaf.standard.processor.StandardXmlNsTagProcessor
[THYMELEAF]             * [* {th:xmlspace,data-th-xmlspace}] [1000]: org.thymeleaf.standard.processor.StandardXmlSpaceTagProcessor
[THYMELEAF]             * [* {th:classappend,data-th-classappend}] [1100]: org.thymeleaf.standard.processor.StandardClassappendTagProcessor
[THYMELEAF]             * [* {th:styleappend,data-th-styleappend}] [1100]: org.thymeleaf.standard.processor.StandardStyleappendTagProcessor
[THYMELEAF]             * [* {th:text,data-th-text}] [1300]: org.thymeleaf.standard.processor.StandardTextTagProcessor
[THYMELEAF]             * [* {th:utext,data-th-utext}] [1400]: org.thymeleaf.standard.processor.StandardUtextTagProcessor
[THYMELEAF]             * [* {th:fragment,data-th-fragment}] [1500]: org.thymeleaf.standard.processor.StandardFragmentTagProcessor
[THYMELEAF]             * [* {th:assert,data-th-assert}] [1550]: org.thymeleaf.standard.processor.StandardAssertTagProcessor
[THYMELEAF]             * [* {th:remove,data-th-remove}] [1600]: org.thymeleaf.standard.processor.StandardRemoveTagProcessor
[THYMELEAF]             * [* {th:ref,data-th-ref}] [10000]: org.thymeleaf.standard.processor.StandardRefAttributeTagProcessor
[THYMELEAF]             * [{th:block,th-block} *] [100000]: org.thymeleaf.standard.processor.StandardBlockTagProcessor
[THYMELEAF]             * [* th:*] [2147483647]: org.thymeleaf.standard.processor.StandardDefaultAttributesTagProcessor
[THYMELEAF]         * Text Processors by [precedence]:
[THYMELEAF]             * [1000]: org.thymeleaf.standard.processor.StandardInliningTextProcessor
[THYMELEAF]         * DOCTYPE Processors by [precedence]:
[THYMELEAF]             * [1000]: org.thymeleaf.standard.processor.StandardTranslationDocTypeProcessor
[THYMELEAF]         * CDATA Section Processors by [precedence]:
[THYMELEAF]             * [1000]: org.thymeleaf.standard.processor.StandardInliningCDATASectionProcessor
[THYMELEAF]         * Comment Processors by [precedence]:
[THYMELEAF]             * [1000]: org.thymeleaf.standard.processor.StandardInliningCommentProcessor
[THYMELEAF]             * [1100]: org.thymeleaf.standard.processor.StandardConditionalCommentProcessor
[THYMELEAF]     * Processors for Template Mode: XML
[THYMELEAF]         * Element Tag Processors by [matching element and attribute name] [precedence]:
[THYMELEAF]             * [* {th:include}] [100]: org.thymeleaf.standard.processor.StandardIncludeTagProcessor
[THYMELEAF]             * [* {th:insert}] [100]: org.thymeleaf.standard.processor.StandardInsertTagProcessor
[THYMELEAF]             * [* {th:replace}] [100]: org.thymeleaf.standard.processor.StandardReplaceTagProcessor
[THYMELEAF]             * [* {th:each}] [200]: com.intuit.karate.template.KarateEachTagProcessor
[THYMELEAF]             * [* {th:switch}] [250]: org.thymeleaf.standard.processor.StandardSwitchTagProcessor
[THYMELEAF]             * [* {th:case}] [275]: org.thymeleaf.standard.processor.StandardCaseTagProcessor
[THYMELEAF]             * [* {th:if}] [300]: org.thymeleaf.standard.processor.StandardIfTagProcessor
[THYMELEAF]             * [* {th:unless}] [400]: org.thymeleaf.standard.processor.StandardUnlessTagProcessor
[THYMELEAF]             * [* {th:object}] [500]: org.thymeleaf.standard.processor.StandardObjectTagProcessor
[THYMELEAF]             * [* {th:with}] [600]: com.intuit.karate.template.KarateWithTagProcessor
[THYMELEAF]             * [* {th:attr}] [700]: com.intuit.karate.template.KarateAttributeTagProcessor.KarateAttrTagProcessor
[THYMELEAF]             * [* {th:attrappend}] [900]: com.intuit.karate.template.KarateAttributeTagProcessor.KarateAttrappendTagProcessor
[THYMELEAF]             * [* {th:attrprepend}] [900]: com.intuit.karate.template.KarateAttributeTagProcessor.KarateAttrprependTagProcessor
[THYMELEAF]             * [* {th:inline}] [1000]: org.thymeleaf.standard.processor.StandardInlineXMLTagProcessor
[THYMELEAF]             * [* {xmlns:th}] [1000]: org.thymeleaf.standard.processor.StandardXmlNsTagProcessor
[THYMELEAF]             * [* {th:text}] [1300]: org.thymeleaf.standard.processor.StandardTextTagProcessor
[THYMELEAF]             * [* {th:utext}] [1400]: org.thymeleaf.standard.processor.StandardUtextTagProcessor
[THYMELEAF]             * [* {th:fragment}] [1500]: org.thymeleaf.standard.processor.StandardFragmentTagProcessor
[THYMELEAF]             * [* {th:assert}] [1550]: org.thymeleaf.standard.processor.StandardAssertTagProcessor
[THYMELEAF]             * [* {th:remove}] [1600]: org.thymeleaf.standard.processor.StandardRemoveTagProcessor
[THYMELEAF]             * [* {th:ref}] [10000]: org.thymeleaf.standard.processor.StandardRefAttributeTagProcessor
[THYMELEAF]             * [{th:block} *] [100000]: org.thymeleaf.standard.processor.StandardBlockTagProcessor
[THYMELEAF]             * [* th:*] [2147483647]: org.thymeleaf.standard.processor.StandardDefaultAttributesTagProcessor
[THYMELEAF]         * Text Processors by [precedence]:
[THYMELEAF]             * [1000]: org.thymeleaf.standard.processor.StandardInliningTextProcessor
[THYMELEAF]         * CDATA Section Processors by [precedence]:
[THYMELEAF]             * [1000]: org.thymeleaf.standard.processor.StandardInliningCDATASectionProcessor
[THYMELEAF]         * Comment Processors by [precedence]:
[THYMELEAF]             * [1000]: org.thymeleaf.standard.processor.StandardInliningCommentProcessor
[THYMELEAF]     * Processors for Template Mode: TEXT
[THYMELEAF]         * Element Tag Processors by [matching element and attribute name] [precedence]:
[THYMELEAF]             * [* {th:insert}] [100]: org.thymeleaf.standard.processor.StandardInsertTagProcessor
[THYMELEAF]             * [* {th:replace}] [100]: org.thymeleaf.standard.processor.StandardReplaceTagProcessor
[THYMELEAF]             * [* {th:each}] [200]: com.intuit.karate.template.KarateEachTagProcessor
[THYMELEAF]             * [* {th:switch}] [250]: org.thymeleaf.standard.processor.StandardSwitchTagProcessor
[THYMELEAF]             * [* {th:case}] [275]: org.thymeleaf.standard.processor.StandardCaseTagProcessor
[THYMELEAF]             * [* {th:if}] [300]: org.thymeleaf.standard.processor.StandardIfTagProcessor
[THYMELEAF]             * [* {th:unless}] [400]: org.thymeleaf.standard.processor.StandardUnlessTagProcessor
[THYMELEAF]             * [* {th:object}] [500]: org.thymeleaf.standard.processor.StandardObjectTagProcessor
[THYMELEAF]             * [* {th:with}] [600]: com.intuit.karate.template.KarateWithTagProcessor
[THYMELEAF]             * [* {th:inline}] [1000]: org.thymeleaf.standard.processor.StandardInlineTextualTagProcessor
[THYMELEAF]             * [* {th:text}] [1300]: org.thymeleaf.standard.processor.StandardTextTagProcessor
[THYMELEAF]             * [* {th:utext}] [1400]: org.thymeleaf.standard.processor.StandardUtextTagProcessor
[THYMELEAF]             * [* {th:assert}] [1550]: org.thymeleaf.standard.processor.StandardAssertTagProcessor
[THYMELEAF]             * [* {th:remove}] [1600]: org.thymeleaf.standard.processor.StandardRemoveTagProcessor
[THYMELEAF]             * [* 100000] [org.thymeleaf.standard.processor.StandardBlockTagProcessor]: {}
[THYMELEAF]             * [{th:block} *] [100000]: org.thymeleaf.standard.processor.StandardBlockTagProcessor
[THYMELEAF]         * Text Processors by [precedence]:
[THYMELEAF]             * [1000]: org.thymeleaf.standard.processor.StandardInliningTextProcessor
[THYMELEAF]     * Processors for Template Mode: JAVASCRIPT
[THYMELEAF]         * Element Tag Processors by [matching element and attribute name] [precedence]:
[THYMELEAF]             * [* {th:insert}] [100]: org.thymeleaf.standard.processor.StandardInsertTagProcessor
[THYMELEAF]             * [* {th:replace}] [100]: org.thymeleaf.standard.processor.StandardReplaceTagProcessor
[THYMELEAF]             * [* {th:each}] [200]: com.intuit.karate.template.KarateEachTagProcessor
[THYMELEAF]             * [* {th:switch}] [250]: org.thymeleaf.standard.processor.StandardSwitchTagProcessor
[THYMELEAF]             * [* {th:case}] [275]: org.thymeleaf.standard.processor.StandardCaseTagProcessor
[THYMELEAF]             * [* {th:if}] [300]: org.thymeleaf.standard.processor.StandardIfTagProcessor
[THYMELEAF]             * [* {th:unless}] [400]: org.thymeleaf.standard.processor.StandardUnlessTagProcessor
[THYMELEAF]             * [* {th:object}] [500]: org.thymeleaf.standard.processor.StandardObjectTagProcessor
[THYMELEAF]             * [* {th:with}] [600]: com.intuit.karate.template.KarateWithTagProcessor
[THYMELEAF]             * [* {th:inline}] [1000]: org.thymeleaf.standard.processor.StandardInlineTextualTagProcessor
[THYMELEAF]             * [* {th:text}] [1300]: org.thymeleaf.standard.processor.StandardTextTagProcessor
[THYMELEAF]             * [* {th:utext}] [1400]: org.thymeleaf.standard.processor.StandardUtextTagProcessor
[THYMELEAF]             * [* {th:assert}] [1550]: org.thymeleaf.standard.processor.StandardAssertTagProcessor
[THYMELEAF]             * [* {th:remove}] [1600]: org.thymeleaf.standard.processor.StandardRemoveTagProcessor
[THYMELEAF]             * [* 100000] [org.thymeleaf.standard.processor.StandardBlockTagProcessor]: {}
[THYMELEAF]             * [{th:block} *] [100000]: org.thymeleaf.standard.processor.StandardBlockTagProcessor
[THYMELEAF]         * Text Processors by [precedence]:
[THYMELEAF]             * [1000]: org.thymeleaf.standard.processor.StandardInliningTextProcessor
[THYMELEAF]     * Processors for Template Mode: CSS
[THYMELEAF]         * Element Tag Processors by [matching element and attribute name] [precedence]:
[THYMELEAF]             * [* {th:insert}] [100]: org.thymeleaf.standard.processor.StandardInsertTagProcessor
[THYMELEAF]             * [* {th:replace}] [100]: org.thymeleaf.standard.processor.StandardReplaceTagProcessor
[THYMELEAF]             * [* {th:each}] [200]: com.intuit.karate.template.KarateEachTagProcessor
[THYMELEAF]             * [* {th:switch}] [250]: org.thymeleaf.standard.processor.StandardSwitchTagProcessor
[THYMELEAF]             * [* {th:case}] [275]: org.thymeleaf.standard.processor.StandardCaseTagProcessor
[THYMELEAF]             * [* {th:if}] [300]: org.thymeleaf.standard.processor.StandardIfTagProcessor
[THYMELEAF]             * [* {th:unless}] [400]: org.thymeleaf.standard.processor.StandardUnlessTagProcessor
[THYMELEAF]             * [* {th:object}] [500]: org.thymeleaf.standard.processor.StandardObjectTagProcessor
[THYMELEAF]             * [* {th:with}] [600]: com.intuit.karate.template.KarateWithTagProcessor
[THYMELEAF]             * [* {th:inline}] [1000]: org.thymeleaf.standard.processor.StandardInlineTextualTagProcessor
[THYMELEAF]             * [* {th:text}] [1300]: org.thymeleaf.standard.processor.StandardTextTagProcessor
[THYMELEAF]             * [* {th:utext}] [1400]: org.thymeleaf.standard.processor.StandardUtextTagProcessor
[THYMELEAF]             * [* {th:assert}] [1550]: org.thymeleaf.standard.processor.StandardAssertTagProcessor
[THYMELEAF]             * [* {th:remove}] [1600]: org.thymeleaf.standard.processor.StandardRemoveTagProcessor
[THYMELEAF]             * [{th:block} *] [100000]: org.thymeleaf.standard.processor.StandardBlockTagProcessor
[THYMELEAF]             * [* 100000] [org.thymeleaf.standard.processor.StandardBlockTagProcessor]: {}
[THYMELEAF]         * Text Processors by [precedence]:
[THYMELEAF]             * [1000]: org.thymeleaf.standard.processor.StandardInliningTextProcessor
[THYMELEAF]     * Expression Objects:
[THYMELEAF]         * #ctx
[THYMELEAF]         * #root
[THYMELEAF]         * #vars
[THYMELEAF]         * #object
[THYMELEAF]         * #locale
[THYMELEAF]         * #conversions
[THYMELEAF]         * #uris
[THYMELEAF]         * #temporals
[THYMELEAF]         * #calendars
[THYMELEAF]         * #dates
[THYMELEAF]         * #bools
[THYMELEAF]         * #numbers
[THYMELEAF]         * #objects
[THYMELEAF]         * #strings
[THYMELEAF]         * #arrays
[THYMELEAF]         * #lists
[THYMELEAF]         * #sets
[THYMELEAF]         * #maps
[THYMELEAF]         * #aggregates
[THYMELEAF]         * #messages
[THYMELEAF]         * #ids
[THYMELEAF]         * #execInfo
[THYMELEAF]         * #request
[THYMELEAF]         * #response
[THYMELEAF]         * #session
[THYMELEAF]         * #servletContext
[THYMELEAF]     * Execution Attributes:
[THYMELEAF]         * "StandardExpressionParser": com.intuit.karate.template.KarateStandardDialect@1e5b33e5
[THYMELEAF]         * "StandardJavaScriptSerializer": org.thymeleaf.standard.serializer.StandardJavaScriptSerializer@6acb45c1
[THYMELEAF]         * "StandardCSSSerializer": org.thymeleaf.standard.serializer.StandardCSSSerializer@294c44b7
[THYMELEAF]         * "StandardVariableExpressionEvaluator": com.intuit.karate.template.KarateStandardDialect@1e5b33e5
[THYMELEAF]         * "StandardConversionService": org.thymeleaf.standard.expression.StandardConversionService@30bbe83
[THYMELEAF] * Dialect [2 of 2]: karate (com.intuit.karate.template.KarateScriptDialect)
[THYMELEAF]     * Prefix: "ka"
[THYMELEAF]     * Processors for Template Mode: HTML
[THYMELEAF]         * Element Tag Processors by [matching element and attribute name] [precedence]:
[THYMELEAF]             * [* {src}] [1000]: com.intuit.karate.template.KaScriptAttrProcessor
[THYMELEAF]         * Element Model Processors by [matching element and attribute name] [precedence]:
[THYMELEAF]             * [{script} {ka:scope,data-ka-scope}] [1000]: com.intuit.karate.template.KaScriptElemProcessor
[THYMELEAF]             * [* {ka:set,data-ka-set}] [1000]: com.intuit.karate.template.KaSetElemProcessor
[THYMELEAF] TEMPLATE ENGINE CONFIGURED OK
17:56:14.410 [main] DEBUG org.thymeleaf.TemplateEngine -- [THYMELEAF] TEMPLATE ENGINE INITIALIZED
17:56:14.422 [main] DEBUG org.thymeleaf.TemplateEngine -- [THYMELEAF] INITIALIZING TEMPLATE ENGINE
17:56:14.436 [main] DEBUG org.thymeleaf.TemplateEngine.CONFIG -- Initializing Thymeleaf Template engine configuration...
[THYMELEAF] TEMPLATE ENGINE CONFIGURATION:
[THYMELEAF] * Thymeleaf version: 3.1.2.RELEASE (built 2023-07-30T19:25:50+0000)
[THYMELEAF] * Cache Manager implementation: org.thymeleaf.cache.StandardCacheManager
[THYMELEAF] * Template resolvers:
[THYMELEAF]     * [1] com.intuit.karate.template.ResourceHtmlTemplateResolver
[THYMELEAF] * Message resolvers:
[THYMELEAF]     * org.thymeleaf.messageresolver.StandardMessageResolver
[THYMELEAF] * Link builders:
[THYMELEAF]     * org.thymeleaf.linkbuilder.StandardLinkBuilder
[THYMELEAF] * Dialect [1 of 2]: Standard (com.intuit.karate.template.KarateStandardDialect)
[THYMELEAF]     * Prefix: "th"
[THYMELEAF]     * Processors for Template Mode: HTML
[THYMELEAF]         * Element Tag Processors by [matching element and attribute name] [precedence]:
[THYMELEAF]             * [* {th:include,data-th-include}] [100]: org.thymeleaf.standard.processor.StandardIncludeTagProcessor
[THYMELEAF]             * [* {th:insert,data-th-insert}] [100]: org.thymeleaf.standard.processor.StandardInsertTagProcessor
[THYMELEAF]             * [* {th:replace,data-th-replace}] [100]: org.thymeleaf.standard.processor.StandardReplaceTagProcessor
[THYMELEAF]             * [* {th:each,data-th-each}] [200]: com.intuit.karate.template.KarateEachTagProcessor
[THYMELEAF]             * [* {th:switch,data-th-switch}] [250]: org.thymeleaf.standard.processor.StandardSwitchTagProcessor
[THYMELEAF]             * [* {th:case,data-th-case}] [275]: org.thymeleaf.standard.processor.StandardCaseTagProcessor
[THYMELEAF]             * [* {th:if,data-th-if}] [300]: org.thymeleaf.standard.processor.StandardIfTagProcessor
[THYMELEAF]             * [* {th:unless,data-th-unless}] [400]: org.thymeleaf.standard.processor.StandardUnlessTagProcessor
[THYMELEAF]             * [* {th:object,data-th-object}] [500]: org.thymeleaf.standard.processor.StandardObjectTagProcessor
[THYMELEAF]             * [* {th:with,data-th-with}] [600]: com.intuit.karate.template.KarateWithTagProcessor
[THYMELEAF]             * [* {th:attr,data-th-attr}] [700]: com.intuit.karate.template.KarateAttributeTagProcessor.KarateAttrTagProcessor
[THYMELEAF]             * [* {th:attrappend,data-th-attrappend}] [900]: com.intuit.karate.template.KarateAttributeTagProcessor.KarateAttrappendTagProcessor
[THYMELEAF]             * [* {th:attrprepend,data-th-attrprepend}] [900]: com.intuit.karate.template.KarateAttributeTagProcessor.KarateAttrprependTagProcessor
[THYMELEAF]             * [* {th:alt-title,data-th-alt-title}] [990]: org.thymeleaf.standard.processor.StandardAltTitleTagProcessor
[THYMELEAF]             * [* {th:lang-xmllang,data-th-lang-xmllang}] [990]: org.thymeleaf.standard.processor.StandardLangXmlLangTagProcessor
[THYMELEAF]             * [* {th:action,data-th-action}] [1000]: org.thymeleaf.standard.processor.StandardActionTagProcessor
[THYMELEAF]             * [* {th:default,data-th-default}] [1000]: org.thymeleaf.standard.processor.StandardConditionalFixedValueTagProcessor
[THYMELEAF]             * [* {th:open,data-th-open}] [1000]: org.thymeleaf.standard.processor.StandardConditionalFixedValueTagProcessor
[THYMELEAF]             * [* {th:disabled,data-th-disabled}] [1000]: org.thymeleaf.standard.processor.StandardConditionalFixedValueTagProcessor
[THYMELEAF]             * [* {th:novalidate,data-th-novalidate}] [1000]: org.thymeleaf.standard.processor.StandardConditionalFixedValueTagProcessor
[THYMELEAF]             * [* {th:ismap,data-th-ismap}] [1000]: org.thymeleaf.standard.processor.StandardConditionalFixedValueTagProcessor
[THYMELEAF]             * [* {th:defer,data-th-defer}] [1000]: org.thymeleaf.standard.processor.StandardConditionalFixedValueTagProcessor
[THYMELEAF]             * [* {th:readonly,data-th-readonly}] [1000]: org.thymeleaf.standard.processor.StandardConditionalFixedValueTagProcessor
[THYMELEAF]             * [* {th:autofocus,data-th-autofocus}] [1000]: org.thymeleaf.standard.processor.StandardConditionalFixedValueTagProcessor
[THYMELEAF]             * [* {th:scoped,data-th-scoped}] [1000]: org.thymeleaf.standard.processor.StandardConditionalFixedValueTagProcessor
[THYMELEAF]             * [* {th:selected,data-th-selected}] [1000]: org.thymeleaf.standard.processor.StandardConditionalFixedValueTagProcessor
[THYMELEAF]             * [* {th:autoplay,data-th-autoplay}] [1000]: org.thymeleaf.standard.processor.StandardConditionalFixedValueTagProcessor
[THYMELEAF]             * [* {th:async,data-th-async}] [1000]: org.thymeleaf.standard.processor.StandardConditionalFixedValueTagProcessor
[THYMELEAF]             * [* {th:declare,data-th-declare}] [1000]: org.thymeleaf.standard.processor.StandardConditionalFixedValueTagProcessor
[THYMELEAF]             * [* {th:nowrap,data-th-nowrap}] [1000]: org.thymeleaf.standard.processor.StandardConditionalFixedValueTagProcessor
[THYMELEAF]             * [* {th:checked,data-th-checked}] [1000]: org.thymeleaf.standard.processor.StandardConditionalFixedValueTagProcessor
[THYMELEAF]             * [* {th:required,data-th-required}] [1000]: org.thymeleaf.standard.processor.StandardConditionalFixedValueTagProcessor
[THYMELEAF]             * [* {th:controls,data-th-controls}] [1000]: org.thymeleaf.standard.processor.StandardConditionalFixedValueTagProcessor
[THYMELEAF]             * [* {th:formnovalidate,data-th-formnovalidate}] [1000]: org.thymeleaf.standard.processor.StandardConditionalFixedValueTagProcessor
[THYMELEAF]             * [* {th:hidden,data-th-hidden}] [1000]: org.thymeleaf.standard.processor.StandardConditionalFixedValueTagProcessor
[THYMELEAF]             * [* {th:multiple,data-th-multiple}] [1000]: org.thymeleaf.standard.processor.StandardConditionalFixedValueTagProcessor
[THYMELEAF]             * [* {th:pubdate,data-th-pubdate}] [1000]: org.thymeleaf.standard.processor.StandardConditionalFixedValueTagProcessor
[THYMELEAF]             * [* {th:loop,data-th-loop}] [1000]: org.thymeleaf.standard.processor.StandardConditionalFixedValueTagProcessor
[THYMELEAF]             * [* {th:seamless,data-th-seamless}] [1000]: org.thymeleaf.standard.processor.StandardConditionalFixedValueTagProcessor
[THYMELEAF]             * [* {th:reversed,data-th-reversed}] [1000]: org.thymeleaf.standard.processor.StandardConditionalFixedValueTagProcessor
[THYMELEAF]             * [* {th:onemptied,data-th-onemptied}] [1000]: org.thymeleaf.standard.processor.StandardDOMEventAttributeTagProcessor
[THYMELEAF]             * [* {th:onloadeddata,data-th-onloadeddata}] [1000]: org.thymeleaf.standard.processor.StandardDOMEventAttributeTagProcessor
[THYMELEAF]             * [* {th:onsubmit,data-th-onsubmit}] [1000]: org.thymeleaf.standard.processor.StandardDOMEventAttributeTagProcessor
[THYMELEAF]             * [* {th:onmousedown,data-th-onmousedown}] [1000]: org.thymeleaf.standard.processor.StandardDOMEventAttributeTagProcessor
[THYMELEAF]             * [* {th:ondragstart,data-th-ondragstart}] [1000]: org.thymeleaf.standard.processor.StandardDOMEventAttributeTagProcessor
[THYMELEAF]             * [* {th:onforminput,data-th-onforminput}] [1000]: org.thymeleaf.standard.processor.StandardDOMEventAttributeTagProcessor
[THYMELEAF]             * [* {th:onsuspend,data-th-onsuspend}] [1000]: org.thymeleaf.standard.processor.StandardDOMEventAttributeTagProcessor
[THYMELEAF]             * [* {th:onshow,data-th-onshow}] [1000]: org.thymeleaf.standard.processor.StandardDOMEventAttributeTagProcessor
[THYMELEAF]             * [* {th:onplay,data-th-onplay}] [1000]: org.thymeleaf.standard.processor.StandardDOMEventAttributeTagProcessor
[THYMELEAF]             * [* {th:onformchange,data-th-onformchange}] [1000]: org.thymeleaf.standard.processor.StandardDOMEventAttributeTagProcessor
[THYMELEAF]             * [* {th:onstorage,data-th-onstorage}] [1000]: org.thymeleaf.standard.processor.StandardDOMEventAttributeTagProcessor
[THYMELEAF]             * [* {th:onfocus,data-th-onfocus}] [1000]: org.thymeleaf.standard.processor.StandardDOMEventAttributeTagProcessor
[THYMELEAF]             * [* {th:onundo,data-th-onundo}] [1000]: org.thymeleaf.standard.processor.StandardDOMEventAttributeTagProcessor
[THYMELEAF]             * [* {th:onseeked,data-th-onseeked}] [1000]: org.thymeleaf.standard.processor.StandardDOMEventAttributeTagProcessor
[THYMELEAF]             * [* {th:onmousemove,data-th-onmousemove}] [1000]: org.thymeleaf.standard.processor.StandardDOMEventAttributeTagProcessor
[THYMELEAF]             * [* {th:ondragenter,data-th-ondragenter}] [1000]: org.thymeleaf.standard.processor.StandardDOMEventAttributeTagProcessor
[THYMELEAF]             * [* {th:ondragend,data-th-ondragend}] [1000]: org.thymeleaf.standard.processor.StandardDOMEventAttributeTagProcessor
[THYMELEAF]             * [* {th:onchange,data-th-onchange}] [1000]: org.thymeleaf.standard.processor.StandardDOMEventAttributeTagProcessor
[THYMELEAF]             * [* {th:onclick,data-th-onclick}] [1000]: org.thymeleaf.standard.processor.StandardDOMEventAttributeTagProcessor
[THYMELEAF]             * [* {th:ondrop,data-th-ondrop}] [1000]: org.thymeleaf.standard.processor.StandardDOMEventAttributeTagProcessor
[THYMELEAF]             * [* {th:onloadedmetadata,data-th-onloadedmetadata}] [1000]: org.thymeleaf.standard.processor.StandardDOMEventAttributeTagProcessor
[THYMELEAF]             * [* {th:onbeforeunload,data-th-onbeforeunload}] [1000]: org.thymeleaf.standard.processor.StandardDOMEventAttributeTagProcessor
[THYMELEAF]             * [* {th:oncanplay,data-th-oncanplay}] [1000]: org.thymeleaf.standard.processor.StandardDOMEventAttributeTagProcessor
[THYMELEAF]             * [* {th:onwaiting,data-th-onwaiting}] [1000]: org.thymeleaf.standard.processor.StandardDOMEventAttributeTagProcessor
[THYMELEAF]             * [* {th:oninvalid,data-th-oninvalid}] [1000]: org.thymeleaf.standard.processor.StandardDOMEventAttributeTagProcessor
[THYMELEAF]             * [* {th:oninput,data-th-oninput}] [1000]: org.thymeleaf.standard.processor.StandardDOMEventAttributeTagProcessor
[THYMELEAF]             * [* {th:onended,data-th-onended}] [1000]: org.thymeleaf.standard.processor.StandardDOMEventAttributeTagProcessor
[THYMELEAF]             * [* {th:onblur,data-th-onblur}] [1000]: org.thymeleaf.standard.processor.StandardDOMEventAttributeTagProcessor
[THYMELEAF]             * [* {th:onprogress,data-th-onprogress}] [1000]: org.thymeleaf.standard.processor.StandardDOMEventAttributeTagProcessor
[THYMELEAF]             * [* {th:ondrag,data-th-ondrag}] [1000]: org.thymeleaf.standard.processor.StandardDOMEventAttributeTagProcessor
[THYMELEAF]             * [* {th:onmessage,data-th-onmessage}] [1000]: org.thymeleaf.standard.processor.StandardDOMEventAttributeTagProcessor
[THYMELEAF]             * [* {th:onstalled,data-th-onstalled}] [1000]: org.thymeleaf.standard.processor.StandardDOMEventAttributeTagProcessor
[THYMELEAF]             * [* {th:onpause,data-th-onpause}] [1000]: org.thymeleaf.standard.processor.StandardDOMEventAttributeTagProcessor
[THYMELEAF]             * [* {th:onpopstate,data-th-onpopstate}] [1000]: org.thymeleaf.standard.processor.StandardDOMEventAttributeTagProcessor
[THYMELEAF]             * [* {th:ondblclick,data-th-ondblclick}] [1000]: org.thymeleaf.standard.processor.StandardDOMEventAttributeTagProcessor
[THYMELEAF]             * [* {th:onunload,data-th-onunload}] [1000]: org.thymeleaf.standard.processor.StandardDOMEventAttributeTagProcessor
[THYMELEAF]             * [* {th:onmouseover,data-th-onmouseover}] [1000]: org.thymeleaf.standard.processor.StandardDOMEventAttributeTagProcessor
[THYMELEAF]             * [* {th:onkeydown,data-th-onkeydown}] [1000]: org.thymeleaf.standard.processor.StandardDOMEventAttributeTagProcessor
[THYMELEAF]             * [* {th:onkeypress,data-th-onkeypress}] [1000]: org.thymeleaf.standard.processor.StandardDOMEventAttributeTagProcessor
[THYMELEAF]             * [* {th:onerror,data-th-onerror}] [1000]: org.thymeleaf.standard.processor.StandardDOMEventAttributeTagProcessor
[THYMELEAF]             * [* {th:onredo,data-th-onredo}] [1000]: org.thymeleaf.standard.processor.StandardDOMEventAttributeTagProcessor
[THYMELEAF]             * [* {th:onplaying,data-th-onplaying}] [1000]: org.thymeleaf.standard.processor.StandardDOMEventAttributeTagProcessor
[THYMELEAF]             * [* {th:onload,data-th-onload}] [1000]: org.thymeleaf.standard.processor.StandardDOMEventAttributeTagProcessor
[THYMELEAF]             * [* {th:onreadystatechange,data-th-onreadystatechange}] [1000]: org.thymeleaf.standard.processor.StandardDOMEventAttributeTagProcessor
[THYMELEAF]             * [* {th:onseeking,data-th-onseeking}] [1000]: org.thymeleaf.standard.processor.StandardDOMEventAttributeTagProcessor
[THYMELEAF]             * [* {th:oncontextmenu,data-th-oncontextmenu}] [1000]: org.thymeleaf.standard.processor.StandardDOMEventAttributeTagProcessor
[THYMELEAF]             * [* {th:onmouseout,data-th-onmouseout}] [1000]: org.thymeleaf.standard.processor.StandardDOMEventAttributeTagProcessor
[THYMELEAF]             * [* {th:ontimeupdate,data-th-ontimeupdate}] [1000]: org.thymeleaf.standard.processor.StandardDOMEventAttributeTagProcessor
[THYMELEAF]             * [* {th:onvolumechange,data-th-onvolumechange}] [1000]: org.thymeleaf.standard.processor.StandardDOMEventAttributeTagProcessor
[THYMELEAF]             * [* {th:onhashchange,data-th-onhashchange}] [1000]: org.thymeleaf.standard.processor.StandardDOMEventAttributeTagProcessor
[THYMELEAF]             * [* {th:ondurationchange,data-th-ondurationchange}] [1000]: org.thymeleaf.standard.processor.StandardDOMEventAttributeTagProcessor
[THYMELEAF]             * [* {th:onratechange,data-th-onratechange}] [1000]: org.thymeleaf.standard.processor.StandardDOMEventAttributeTagProcessor
[THYMELEAF]             * [* {th:ononline,data-th-ononline}] [1000]: org.thymeleaf.standard.processor.StandardDOMEventAttributeTagProcessor
[THYMELEAF]             * [* {th:onselect,data-th-onselect}] [1000]: org.thymeleaf.standard.processor.StandardDOMEventAttributeTagProcessor
[THYMELEAF]             * [* {th:onbeforeprint,data-th-onbeforeprint}] [1000]: org.thymeleaf.standard.processor.StandardDOMEventAttributeTagProcessor
[THYMELEAF]             * [* {th:onmouseup,data-th-onmouseup}] [1000]: org.thymeleaf.standard.processor.StandardDOMEventAttributeTagProcessor
[THYMELEAF]             * [* {th:ondragover,data-th-ondragover}] [1000]: org.thymeleaf.standard.processor.StandardDOMEventAttributeTagProcessor
[THYMELEAF]             * [* {th:onreset,data-th-onreset}] [1000]: org.thymeleaf.standard.processor.StandardDOMEventAttributeTagProcessor
[THYMELEAF]             * [* {th:onafterprint,data-th-onafterprint}] [1000]: org.thymeleaf.standard.processor.StandardDOMEventAttributeTagProcessor
[THYMELEAF]             * [* {th:onscroll,data-th-onscroll}] [1000]: org.thymeleaf.standard.processor.StandardDOMEventAttributeTagProcessor
[THYMELEAF]             * [* {th:onabort,data-th-onabort}] [1000]: org.thymeleaf.standard.processor.StandardDOMEventAttributeTagProcessor
[THYMELEAF]             * [* {th:oncanplaythrough,data-th-oncanplaythrough}] [1000]: org.thymeleaf.standard.processor.StandardDOMEventAttributeTagProcessor
[THYMELEAF]             * [* {th:onresize,data-th-onresize}] [1000]: org.thymeleaf.standard.processor.StandardDOMEventAttributeTagProcessor
[THYMELEAF]             * [* {th:onkeyup,data-th-onkeyup}] [1000]: org.thymeleaf.standard.processor.StandardDOMEventAttributeTagProcessor
[THYMELEAF]             * [* {th:onoffline,data-th-onoffline}] [1000]: org.thymeleaf.standard.processor.StandardDOMEventAttributeTagProcessor
[THYMELEAF]             * [* {th:onmousewheel,data-th-onmousewheel}] [1000]: org.thymeleaf.standard.processor.StandardDOMEventAttributeTagProcessor
[THYMELEAF]             * [* {th:onloadstart,data-th-onloadstart}] [1000]: org.thymeleaf.standard.processor.StandardDOMEventAttributeTagProcessor
[THYMELEAF]             * [* {th:ondragleave,data-th-ondragleave}] [1000]: org.thymeleaf.standard.processor.StandardDOMEventAttributeTagProcessor
[THYMELEAF]             * [* {th:href,data-th-href}] [1000]: org.thymeleaf.standard.processor.StandardHrefTagProcessor
[THYMELEAF]             * [* {th:inline,data-th-inline}] [1000]: org.thymeleaf.standard.processor.StandardInlineHTMLTagProcessor
[THYMELEAF]             * [* {th:method,data-th-method}] [1000]: org.thymeleaf.standard.processor.StandardMethodTagProcessor
[THYMELEAF]             * [* {th:type,data-th-type}] [1000]: org.thymeleaf.standard.processor.StandardNonRemovableAttributeTagProcessor
[THYMELEAF]             * [* {th:name,data-th-name}] [1000]: org.thymeleaf.standard.processor.StandardNonRemovableAttributeTagProcessor
[THYMELEAF]             * [* {th:headers,data-th-headers}] [1000]: org.thymeleaf.standard.processor.StandardRemovableAttributeTagProcessor
[THYMELEAF]             * [* {th:scrolling,data-th-scrolling}] [1000]: org.thymeleaf.standard.processor.StandardRemovableAttributeTagProcessor
[THYMELEAF]             * [* {th:frame,data-th-frame}] [1000]: org.thymeleaf.standard.processor.StandardRemovableAttributeTagProcessor
[THYMELEAF]             * [* {th:radiogroup,data-th-radiogroup}] [1000]: org.thymeleaf.standard.processor.StandardRemovableAttributeTagProcessor
[THYMELEAF]             * [* {th:formtarget,data-th-formtarget}] [1000]: org.thymeleaf.standard.processor.StandardRemovableAttributeTagProcessor
[THYMELEAF]             * [* {th:challenge,data-th-challenge}] [1000]: org.thymeleaf.standard.processor.StandardRemovableAttributeTagProcessor
[THYMELEAF]             * [* {th:accept-charset,data-th-accept-charset}] [1000]: org.thymeleaf.standard.processor.StandardRemovableAttributeTagProcessor
[THYMELEAF]             * [* {th:alt,data-th-alt}] [1000]: org.thymeleaf.standard.processor.StandardRemovableAttributeTagProcessor
[THYMELEAF]             * [* {th:form,data-th-form}] [1000]: org.thymeleaf.standard.processor.StandardRemovableAttributeTagProcessor
[THYMELEAF]             * [* {th:usemap,data-th-usemap}] [1000]: org.thymeleaf.standard.processor.StandardRemovableAttributeTagProcessor
[THYMELEAF]             * [* {th:span,data-th-span}] [1000]: org.thymeleaf.standard.processor.StandardRemovableAttributeTagProcessor
[THYMELEAF]             * [* {th:autocomplete,data-th-autocomplete}] [1000]: org.thymeleaf.standard.processor.StandardRemovableAttributeTagProcessor
[THYMELEAF]             * [* {th:formenctype,data-th-formenctype}] [1000]: org.thymeleaf.standard.processor.StandardRemovableAttributeTagProcessor
[THYMELEAF]             * [* {th:charset,data-th-charset}] [1000]: org.thymeleaf.standard.processor.StandardRemovableAttributeTagProcessor
[THYMELEAF]             * [* {th:valuetype,data-th-valuetype}] [1000]: org.thymeleaf.standard.processor.StandardRemovableAttributeTagProcessor
[THYMELEAF]             * [* {th:preload,data-th-preload}] [1000]: org.thymeleaf.standard.processor.StandardRemovableAttributeTagProcessor
[THYMELEAF]             * [* {th:start,data-th-start}] [1000]: org.thymeleaf.standard.processor.StandardRemovableAttributeTagProcessor
[THYMELEAF]             * [* {th:low,data-th-low}] [1000]: org.thymeleaf.standard.processor.StandardRemovableAttributeTagProcessor
[THYMELEAF]             * [* {th:dir,data-th-dir}] [1000]: org.thymeleaf.standard.processor.StandardRemovableAttributeTagProcessor
[THYMELEAF]             * [* {th:accept,data-th-accept}] [1000]: org.thymeleaf.standard.processor.StandardRemovableAttributeTagProcessor
[THYMELEAF]             * [* {th:cite,data-th-cite}] [1000]: org.thymeleaf.standard.processor.StandardRemovableAttributeTagProcessor
[THYMELEAF]             * [* {th:contextmenu,data-th-contextmenu}] [1000]: org.thymeleaf.standard.processor.StandardRemovableAttributeTagProcessor
[THYMELEAF]             * [* {th:classid,data-th-classid}] [1000]: org.thymeleaf.standard.processor.StandardRemovableAttributeTagProcessor
[THYMELEAF]             * [* {th:marginwidth,data-th-marginwidth}] [1000]: org.thymeleaf.standard.processor.StandardRemovableAttributeTagProcessor
[THYMELEAF]             * [* {th:high,data-th-high}] [1000]: org.thymeleaf.standard.processor.StandardRemovableAttributeTagProcessor
[THYMELEAF]             * [* {th:icon,data-th-icon}] [1000]: org.thymeleaf.standard.processor.StandardRemovableAttributeTagProcessor
[THYMELEAF]             * [* {th:abbr,data-th-abbr}] [1000]: org.thymeleaf.standard.processor.StandardRemovableAttributeTagProcessor
[THYMELEAF]             * [* {th:rev,data-th-rev}] [1000]: org.thymeleaf.standard.processor.StandardRemovableAttributeTagProcessor
[THYMELEAF]             * [* {th:rows,data-th-rows}] [1000]: org.thymeleaf.standard.processor.StandardRemovableAttributeTagProcessor
[THYMELEAF]             * [* {th:summary,data-th-summary}] [1000]: org.thymeleaf.standard.processor.StandardRemovableAttributeTagProcessor
[THYMELEAF]             * [* {th:formaction,data-th-formaction}] [1000]: org.thymeleaf.standard.processor.StandardRemovableAttributeTagProcessor
[THYMELEAF]             * [* {th:scope,data-th-scope}] [1000]: org.thymeleaf.standard.processor.StandardRemovableAttributeTagProcessor
[THYMELEAF]             * [* {th:tabindex,data-th-tabindex}] [1000]: org.thymeleaf.standard.processor.StandardRemovableAttributeTagProcessor
[THYMELEAF]             * [* {th:poster,data-th-poster}] [1000]: org.thymeleaf.standard.processor.StandardRemovableAttributeTagProcessor
[THYMELEAF]             * [* {th:list,data-th-list}] [1000]: org.thymeleaf.standard.processor.StandardRemovableAttributeTagProcessor
[THYMELEAF]             * [* {th:lang,data-th-lang}] [1000]: org.thymeleaf.standard.processor.StandardRemovableAttributeTagProcessor
[THYMELEAF]             * [* {th:longdesc,data-th-longdesc}] [1000]: org.thymeleaf.standard.processor.StandardRemovableAttributeTagProcessor
[THYMELEAF]             * [* {th:contenteditable,data-th-contenteditable}] [1000]: org.thymeleaf.standard.processor.StandardRemovableAttributeTagProcessor
[THYMELEAF]             * [* {th:enctype,data-th-enctype}] [1000]: org.thymeleaf.standard.processor.StandardRemovableAttributeTagProcessor
[THYMELEAF]             * [* {th:content,data-th-content}] [1000]: org.thymeleaf.standard.processor.StandardRemovableAttributeTagProcessor
[THYMELEAF]             * [* {th:frameborder,data-th-frameborder}] [1000]: org.thymeleaf.standard.processor.StandardRemovableAttributeTagProcessor
[THYMELEAF]             * [* {th:placeholder,data-th-placeholder}] [1000]: org.thymeleaf.standard.processor.StandardRemovableAttributeTagProcessor
[THYMELEAF]             * [* {th:cols,data-th-cols}] [1000]: org.thymeleaf.standard.processor.StandardRemovableAttributeTagProcessor
[THYMELEAF]             * [* {th:align,data-th-align}] [1000]: org.thymeleaf.standard.processor.StandardRemovableAttributeTagProcessor
[THYMELEAF]             * [* {th:sandbox,data-th-sandbox}] [1000]: org.thymeleaf.standard.processor.StandardRemovableAttributeTagProcessor
[THYMELEAF]             * [* {th:formmethod,data-th-formmethod}] [1000]: org.thymeleaf.standard.processor.StandardRemovableAttributeTagProcessor
[THYMELEAF]             * [* {th:target,data-th-target}] [1000]: org.thymeleaf.standard.processor.StandardRemovableAttributeTagProcessor
[THYMELEAF]             * [* {th:cellpadding,data-th-cellpadding}] [1000]: org.thymeleaf.standard.processor.StandardRemovableAttributeTagProcessor
[THYMELEAF]             * [* {th:max,data-th-max}] [1000]: org.thymeleaf.standard.processor.StandardRemovableAttributeTagProcessor
[THYMELEAF]             * [* {th:rowspan,data-th-rowspan}] [1000]: org.thymeleaf.standard.processor.StandardRemovableAttributeTagProcessor
[THYMELEAF]             * [* {th:archive,data-th-archive}] [1000]: org.thymeleaf.standard.processor.StandardRemovableAttributeTagProcessor
[THYMELEAF]             * [* {th:label,data-th-label}] [1000]: org.thymeleaf.standard.processor.StandardRemovableAttributeTagProcessor
[THYMELEAF]             * [* {th:rel,data-th-rel}] [1000]: org.thymeleaf.standard.processor.StandardRemovableAttributeTagProcessor
[THYMELEAF]             * [* {th:manifest,data-th-manifest}] [1000]: org.thymeleaf.standard.processor.StandardRemovableAttributeTagProcessor
[THYMELEAF]             * [* {th:draggable,data-th-draggable}] [1000]: org.thymeleaf.standard.processor.StandardRemovableAttributeTagProcessor
[THYMELEAF]             * [* {th:maxlength,data-th-maxlength}] [1000]: org.thymeleaf.standard.processor.StandardRemovableAttributeTagProcessor
[THYMELEAF]             * [* {th:marginheight,data-th-marginheight}] [1000]: org.thymeleaf.standard.processor.StandardRemovableAttributeTagProcessor
[THYMELEAF]             * [* {th:kind,data-th-kind}] [1000]: org.thymeleaf.standard.processor.StandardRemovableAttributeTagProcessor
[THYMELEAF]             * [* {th:style,data-th-style}] [1000]: org.thymeleaf.standard.processor.StandardRemovableAttributeTagProcessor
[THYMELEAF]             * [* {th:axis,data-th-axis}] [1000]: org.thymeleaf.standard.processor.StandardRemovableAttributeTagProcessor
[THYMELEAF]             * [* {th:bgcolor,data-th-bgcolor}] [1000]: org.thymeleaf.standard.processor.StandardRemovableAttributeTagProcessor
[THYMELEAF]             * [* {th:width,data-th-width}] [1000]: org.thymeleaf.standard.processor.StandardRemovableAttributeTagProcessor
[THYMELEAF]             * [* {th:data,data-th-data}] [1000]: org.thymeleaf.standard.processor.StandardRemovableAttributeTagProcessor
[THYMELEAF]             * [* {th:border,data-th-border}] [1000]: org.thymeleaf.standard.processor.StandardRemovableAttributeTagProcessor
[THYMELEAF]             * [* {th:id,data-th-id}] [1000]: org.thymeleaf.standard.processor.StandardRemovableAttributeTagProcessor
[THYMELEAF]             * [* {th:step,data-th-step}] [1000]: org.thymeleaf.standard.processor.StandardRemovableAttributeTagProcessor
[THYMELEAF]             * [* {th:media,data-th-media}] [1000]: org.thymeleaf.standard.processor.StandardRemovableAttributeTagProcessor
[THYMELEAF]             * [* {th:datetime,data-th-datetime}] [1000]: org.thymeleaf.standard.processor.StandardRemovableAttributeTagProcessor
[THYMELEAF]             * [* {th:srclang,data-th-srclang}] [1000]: org.thymeleaf.standard.processor.StandardRemovableAttributeTagProcessor
[THYMELEAF]             * [* {th:rules,data-th-rules}] [1000]: org.thymeleaf.standard.processor.StandardRemovableAttributeTagProcessor
[THYMELEAF]             * [* {th:sizes,data-th-sizes}] [1000]: org.thymeleaf.standard.processor.StandardRemovableAttributeTagProcessor
[THYMELEAF]             * [* {th:hspace,data-th-hspace}] [1000]: org.thymeleaf.standard.processor.StandardRemovableAttributeTagProcessor
[THYMELEAF]             * [* {th:pattern,data-th-pattern}] [1000]: org.thymeleaf.standard.processor.StandardRemovableAttributeTagProcessor
[THYMELEAF]             * [* {th:scheme,data-th-scheme}] [1000]: org.thymeleaf.standard.processor.StandardRemovableAttributeTagProcessor
[THYMELEAF]             * [* {th:height,data-th-height}] [1000]: org.thymeleaf.standard.processor.StandardRemovableAttributeTagProcessor
[THYMELEAF]             * [* {th:audio,data-th-audio}] [1000]: org.thymeleaf.standard.processor.StandardRemovableAttributeTagProcessor
[THYMELEAF]             * [* {th:class,data-th-class}] [1000]: org.thymeleaf.standard.processor.StandardRemovableAttributeTagProcessor
[THYMELEAF]             * [* {th:spellcheck,data-th-spellcheck}] [1000]: org.thymeleaf.standard.processor.StandardRemovableAttributeTagProcessor
[THYMELEAF]             * [* {th:http-equiv,data-th-http-equiv}] [1000]: org.thymeleaf.standard.processor.StandardRemovableAttributeTagProcessor
[THYMELEAF]             * [* {th:codetype,data-th-codetype}] [1000]: org.thymeleaf.standard.processor.StandardRemovableAttributeTagProcessor
[THYMELEAF]             * [* {th:dropzone,data-th-dropzone}] [1000]: org.thymeleaf.standard.processor.StandardRemovableAttributeTagProcessor
[THYMELEAF]             * [* {th:min,data-th-min}] [1000]: org.thymeleaf.standard.processor.StandardRemovableAttributeTagProcessor
[THYMELEAF]             * [* {th:keytype,data-th-keytype}] [1000]: org.thymeleaf.standard.processor.StandardRemovableAttributeTagProcessor
[THYMELEAF]             * [* {th:colspan,data-th-colspan}] [1000]: org.thymeleaf.standard.processor.StandardRemovableAttributeTagProcessor
[THYMELEAF]             * [* {th:standby,data-th-standby}] [1000]: org.thymeleaf.standard.processor.StandardRemovableAttributeTagProcessor
[THYMELEAF]             * [* {th:accesskey,data-th-accesskey}] [1000]: org.thymeleaf.standard.processor.StandardRemovableAttributeTagProcessor
[THYMELEAF]             * [* {th:codebase,data-th-codebase}] [1000]: org.thymeleaf.standard.processor.StandardRemovableAttributeTagProcessor
[THYMELEAF]             * [* {th:for,data-th-for}] [1000]: org.thymeleaf.standard.processor.StandardRemovableAttributeTagProcessor
[THYMELEAF]             * [* {th:compact,data-th-compact}] [1000]: org.thymeleaf.standard.processor.StandardRemovableAttributeTagProcessor
[THYMELEAF]             * [* {th:size,data-th-size}] [1000]: org.thymeleaf.standard.processor.StandardRemovableAttributeTagProcessor
[THYMELEAF]             * [* {th:background,data-th-background}] [1000]: org.thymeleaf.standard.processor.StandardRemovableAttributeTagProcessor
[THYMELEAF]             * [* {th:cellspacing,data-th-cellspacing}] [1000]: org.thymeleaf.standard.processor.StandardRemovableAttributeTagProcessor
[THYMELEAF]             * [* {th:wrap,data-th-wrap}] [1000]: org.thymeleaf.standard.processor.StandardRemovableAttributeTagProcessor
[THYMELEAF]             * [* {th:title,data-th-title}] [1000]: org.thymeleaf.standard.processor.StandardRemovableAttributeTagProcessor
[THYMELEAF]             * [* {th:hreflang,data-th-hreflang}] [1000]: org.thymeleaf.standard.processor.StandardRemovableAttributeTagProcessor
[THYMELEAF]             * [* {th:optimum,data-th-optimum}] [1000]: org.thymeleaf.standard.processor.StandardRemovableAttributeTagProcessor
[THYMELEAF]             * [* {th:vspace,data-th-vspace}] [1000]: org.thymeleaf.standard.processor.StandardRemovableAttributeTagProcessor
[THYMELEAF]             * [* {th:src,data-th-src}] [1000]: org.thymeleaf.standard.processor.StandardSrcTagProcessor
[THYMELEAF]             * [* {th:value,data-th-value}] [1000]: org.thymeleaf.standard.processor.StandardValueTagProcessor
[THYMELEAF]             * [* {th:xmlbase,data-th-xmlbase}] [1000]: org.thymeleaf.standard.processor.StandardXmlBaseTagProcessor
[THYMELEAF]             * [* {th:xmllang,data-th-xmllang}] [1000]: org.thymeleaf.standard.processor.StandardXmlLangTagProcessor
[THYMELEAF]             * [* {xmlns:th}] [1000]: org.thymeleaf.standard.processor.StandardXmlNsTagProcessor
[THYMELEAF]             * [* {th:xmlspace,data-th-xmlspace}] [1000]: org.thymeleaf.standard.processor.StandardXmlSpaceTagProcessor
[THYMELEAF]             * [* {th:classappend,data-th-classappend}] [1100]: org.thymeleaf.standard.processor.StandardClassappendTagProcessor
[THYMELEAF]             * [* {th:styleappend,data-th-styleappend}] [1100]: org.thymeleaf.standard.processor.StandardStyleappendTagProcessor
[THYMELEAF]             * [* {th:text,data-th-text}] [1300]: org.thymeleaf.standard.processor.StandardTextTagProcessor
[THYMELEAF]             * [* {th:utext,data-th-utext}] [1400]: org.thymeleaf.standard.processor.StandardUtextTagProcessor
[THYMELEAF]             * [* {th:fragment,data-th-fragment}] [1500]: org.thymeleaf.standard.processor.StandardFragmentTagProcessor
[THYMELEAF]             * [* {th:assert,data-th-assert}] [1550]: org.thymeleaf.standard.processor.StandardAssertTagProcessor
[THYMELEAF]             * [* {th:remove,data-th-remove}] [1600]: org.thymeleaf.standard.processor.StandardRemoveTagProcessor
[THYMELEAF]             * [* {th:ref,data-th-ref}] [10000]: org.thymeleaf.standard.processor.StandardRefAttributeTagProcessor
[THYMELEAF]             * [{th:block,th-block} *] [100000]: org.thymeleaf.standard.processor.StandardBlockTagProcessor
[THYMELEAF]             * [* th:*] [2147483647]: org.thymeleaf.standard.processor.StandardDefaultAttributesTagProcessor
[THYMELEAF]         * Text Processors by [precedence]:
[THYMELEAF]             * [1000]: org.thymeleaf.standard.processor.StandardInliningTextProcessor
[THYMELEAF]         * DOCTYPE Processors by [precedence]:
[THYMELEAF]             * [1000]: org.thymeleaf.standard.processor.StandardTranslationDocTypeProcessor
[THYMELEAF]         * CDATA Section Processors by [precedence]:
[THYMELEAF]             * [1000]: org.thymeleaf.standard.processor.StandardInliningCDATASectionProcessor
[THYMELEAF]         * Comment Processors by [precedence]:
[THYMELEAF]             * [1000]: org.thymeleaf.standard.processor.StandardInliningCommentProcessor
[THYMELEAF]             * [1100]: org.thymeleaf.standard.processor.StandardConditionalCommentProcessor
[THYMELEAF]     * Processors for Template Mode: XML
[THYMELEAF]         * Element Tag Processors by [matching element and attribute name] [precedence]:
[THYMELEAF]             * [* {th:include}] [100]: org.thymeleaf.standard.processor.StandardIncludeTagProcessor
[THYMELEAF]             * [* {th:insert}] [100]: org.thymeleaf.standard.processor.StandardInsertTagProcessor
[THYMELEAF]             * [* {th:replace}] [100]: org.thymeleaf.standard.processor.StandardReplaceTagProcessor
[THYMELEAF]             * [* {th:each}] [200]: com.intuit.karate.template.KarateEachTagProcessor
[THYMELEAF]             * [* {th:switch}] [250]: org.thymeleaf.standard.processor.StandardSwitchTagProcessor
[THYMELEAF]             * [* {th:case}] [275]: org.thymeleaf.standard.processor.StandardCaseTagProcessor
[THYMELEAF]             * [* {th:if}] [300]: org.thymeleaf.standard.processor.StandardIfTagProcessor
[THYMELEAF]             * [* {th:unless}] [400]: org.thymeleaf.standard.processor.StandardUnlessTagProcessor
[THYMELEAF]             * [* {th:object}] [500]: org.thymeleaf.standard.processor.StandardObjectTagProcessor
[THYMELEAF]             * [* {th:with}] [600]: com.intuit.karate.template.KarateWithTagProcessor
[THYMELEAF]             * [* {th:attr}] [700]: com.intuit.karate.template.KarateAttributeTagProcessor.KarateAttrTagProcessor
[THYMELEAF]             * [* {th:attrappend}] [900]: com.intuit.karate.template.KarateAttributeTagProcessor.KarateAttrappendTagProcessor
[THYMELEAF]             * [* {th:attrprepend}] [900]: com.intuit.karate.template.KarateAttributeTagProcessor.KarateAttrprependTagProcessor
[THYMELEAF]             * [* {th:inline}] [1000]: org.thymeleaf.standard.processor.StandardInlineXMLTagProcessor
[THYMELEAF]             * [* {xmlns:th}] [1000]: org.thymeleaf.standard.processor.StandardXmlNsTagProcessor
[THYMELEAF]             * [* {th:text}] [1300]: org.thymeleaf.standard.processor.StandardTextTagProcessor
[THYMELEAF]             * [* {th:utext}] [1400]: org.thymeleaf.standard.processor.StandardUtextTagProcessor
[THYMELEAF]             * [* {th:fragment}] [1500]: org.thymeleaf.standard.processor.StandardFragmentTagProcessor
[THYMELEAF]             * [* {th:assert}] [1550]: org.thymeleaf.standard.processor.StandardAssertTagProcessor
[THYMELEAF]             * [* {th:remove}] [1600]: org.thymeleaf.standard.processor.StandardRemoveTagProcessor
[THYMELEAF]             * [* {th:ref}] [10000]: org.thymeleaf.standard.processor.StandardRefAttributeTagProcessor
[THYMELEAF]             * [{th:block} *] [100000]: org.thymeleaf.standard.processor.StandardBlockTagProcessor
[THYMELEAF]             * [* th:*] [2147483647]: org.thymeleaf.standard.processor.StandardDefaultAttributesTagProcessor
[THYMELEAF]         * Text Processors by [precedence]:
[THYMELEAF]             * [1000]: org.thymeleaf.standard.processor.StandardInliningTextProcessor
[THYMELEAF]         * CDATA Section Processors by [precedence]:
[THYMELEAF]             * [1000]: org.thymeleaf.standard.processor.StandardInliningCDATASectionProcessor
[THYMELEAF]         * Comment Processors by [precedence]:
[THYMELEAF]             * [1000]: org.thymeleaf.standard.processor.StandardInliningCommentProcessor
[THYMELEAF]     * Processors for Template Mode: TEXT
[THYMELEAF]         * Element Tag Processors by [matching element and attribute name] [precedence]:
[THYMELEAF]             * [* {th:insert}] [100]: org.thymeleaf.standard.processor.StandardInsertTagProcessor
[THYMELEAF]             * [* {th:replace}] [100]: org.thymeleaf.standard.processor.StandardReplaceTagProcessor
[THYMELEAF]             * [* {th:each}] [200]: com.intuit.karate.template.KarateEachTagProcessor
[THYMELEAF]             * [* {th:switch}] [250]: org.thymeleaf.standard.processor.StandardSwitchTagProcessor
[THYMELEAF]             * [* {th:case}] [275]: org.thymeleaf.standard.processor.StandardCaseTagProcessor
[THYMELEAF]             * [* {th:if}] [300]: org.thymeleaf.standard.processor.StandardIfTagProcessor
[THYMELEAF]             * [* {th:unless}] [400]: org.thymeleaf.standard.processor.StandardUnlessTagProcessor
[THYMELEAF]             * [* {th:object}] [500]: org.thymeleaf.standard.processor.StandardObjectTagProcessor
[THYMELEAF]             * [* {th:with}] [600]: com.intuit.karate.template.KarateWithTagProcessor
[THYMELEAF]             * [* {th:inline}] [1000]: org.thymeleaf.standard.processor.StandardInlineTextualTagProcessor
[THYMELEAF]             * [* {th:text}] [1300]: org.thymeleaf.standard.processor.StandardTextTagProcessor
[THYMELEAF]             * [* {th:utext}] [1400]: org.thymeleaf.standard.processor.StandardUtextTagProcessor
[THYMELEAF]             * [* {th:assert}] [1550]: org.thymeleaf.standard.processor.StandardAssertTagProcessor
[THYMELEAF]             * [* {th:remove}] [1600]: org.thymeleaf.standard.processor.StandardRemoveTagProcessor
[THYMELEAF]             * [{th:block} *] [100000]: org.thymeleaf.standard.processor.StandardBlockTagProcessor
[THYMELEAF]             * [* 100000] [org.thymeleaf.standard.processor.StandardBlockTagProcessor]: {}
[THYMELEAF]         * Text Processors by [precedence]:
[THYMELEAF]             * [1000]: org.thymeleaf.standard.processor.StandardInliningTextProcessor
[THYMELEAF]     * Processors for Template Mode: JAVASCRIPT
[THYMELEAF]         * Element Tag Processors by [matching element and attribute name] [precedence]:
[THYMELEAF]             * [* {th:insert}] [100]: org.thymeleaf.standard.processor.StandardInsertTagProcessor
[THYMELEAF]             * [* {th:replace}] [100]: org.thymeleaf.standard.processor.StandardReplaceTagProcessor
[THYMELEAF]             * [* {th:each}] [200]: com.intuit.karate.template.KarateEachTagProcessor
[THYMELEAF]             * [* {th:switch}] [250]: org.thymeleaf.standard.processor.StandardSwitchTagProcessor
[THYMELEAF]             * [* {th:case}] [275]: org.thymeleaf.standard.processor.StandardCaseTagProcessor
[THYMELEAF]             * [* {th:if}] [300]: org.thymeleaf.standard.processor.StandardIfTagProcessor
[THYMELEAF]             * [* {th:unless}] [400]: org.thymeleaf.standard.processor.StandardUnlessTagProcessor
[THYMELEAF]             * [* {th:object}] [500]: org.thymeleaf.standard.processor.StandardObjectTagProcessor
[THYMELEAF]             * [* {th:with}] [600]: com.intuit.karate.template.KarateWithTagProcessor
[THYMELEAF]             * [* {th:inline}] [1000]: org.thymeleaf.standard.processor.StandardInlineTextualTagProcessor
[THYMELEAF]             * [* {th:text}] [1300]: org.thymeleaf.standard.processor.StandardTextTagProcessor
[THYMELEAF]             * [* {th:utext}] [1400]: org.thymeleaf.standard.processor.StandardUtextTagProcessor
[THYMELEAF]             * [* {th:assert}] [1550]: org.thymeleaf.standard.processor.StandardAssertTagProcessor
[THYMELEAF]             * [* {th:remove}] [1600]: org.thymeleaf.standard.processor.StandardRemoveTagProcessor
[THYMELEAF]             * [* 100000] [org.thymeleaf.standard.processor.StandardBlockTagProcessor]: {}
[THYMELEAF]             * [{th:block} *] [100000]: org.thymeleaf.standard.processor.StandardBlockTagProcessor
[THYMELEAF]         * Text Processors by [precedence]:
[THYMELEAF]             * [1000]: org.thymeleaf.standard.processor.StandardInliningTextProcessor
[THYMELEAF]     * Processors for Template Mode: CSS
[THYMELEAF]         * Element Tag Processors by [matching element and attribute name] [precedence]:
[THYMELEAF]             * [* {th:insert}] [100]: org.thymeleaf.standard.processor.StandardInsertTagProcessor
[THYMELEAF]             * [* {th:replace}] [100]: org.thymeleaf.standard.processor.StandardReplaceTagProcessor
[THYMELEAF]             * [* {th:each}] [200]: com.intuit.karate.template.KarateEachTagProcessor
[THYMELEAF]             * [* {th:switch}] [250]: org.thymeleaf.standard.processor.StandardSwitchTagProcessor
[THYMELEAF]             * [* {th:case}] [275]: org.thymeleaf.standard.processor.StandardCaseTagProcessor
[THYMELEAF]             * [* {th:if}] [300]: org.thymeleaf.standard.processor.StandardIfTagProcessor
[THYMELEAF]             * [* {th:unless}] [400]: org.thymeleaf.standard.processor.StandardUnlessTagProcessor
[THYMELEAF]             * [* {th:object}] [500]: org.thymeleaf.standard.processor.StandardObjectTagProcessor
[THYMELEAF]             * [* {th:with}] [600]: com.intuit.karate.template.KarateWithTagProcessor
[THYMELEAF]             * [* {th:inline}] [1000]: org.thymeleaf.standard.processor.StandardInlineTextualTagProcessor
[THYMELEAF]             * [* {th:text}] [1300]: org.thymeleaf.standard.processor.StandardTextTagProcessor
[THYMELEAF]             * [* {th:utext}] [1400]: org.thymeleaf.standard.processor.StandardUtextTagProcessor
[THYMELEAF]             * [* {th:assert}] [1550]: org.thymeleaf.standard.processor.StandardAssertTagProcessor
[THYMELEAF]             * [* {th:remove}] [1600]: org.thymeleaf.standard.processor.StandardRemoveTagProcessor
[THYMELEAF]             * [* 100000] [org.thymeleaf.standard.processor.StandardBlockTagProcessor]: {}
[THYMELEAF]             * [{th:block} *] [100000]: org.thymeleaf.standard.processor.StandardBlockTagProcessor
[THYMELEAF]         * Text Processors by [precedence]:
[THYMELEAF]             * [1000]: org.thymeleaf.standard.processor.StandardInliningTextProcessor
[THYMELEAF]     * Expression Objects:
[THYMELEAF]         * #ctx
[THYMELEAF]         * #root
[THYMELEAF]         * #vars
[THYMELEAF]         * #object
[THYMELEAF]         * #locale
[THYMELEAF]         * #conversions
[THYMELEAF]         * #uris
[THYMELEAF]         * #temporals
[THYMELEAF]         * #calendars
[THYMELEAF]         * #dates
[THYMELEAF]         * #bools
[THYMELEAF]         * #numbers
[THYMELEAF]         * #objects
[THYMELEAF]         * #strings
[THYMELEAF]         * #arrays
[THYMELEAF]         * #lists
[THYMELEAF]         * #sets
[THYMELEAF]         * #maps
[THYMELEAF]         * #aggregates
[THYMELEAF]         * #messages
[THYMELEAF]         * #ids
[THYMELEAF]         * #execInfo
[THYMELEAF]         * #request
[THYMELEAF]         * #response
[THYMELEAF]         * #session
[THYMELEAF]         * #servletContext
[THYMELEAF]     * Execution Attributes:
[THYMELEAF]         * "StandardExpressionParser": com.intuit.karate.template.KarateStandardDialect@71ee2fff
[THYMELEAF]         * "StandardJavaScriptSerializer": org.thymeleaf.standard.serializer.StandardJavaScriptSerializer@24d7657b
[THYMELEAF]         * "StandardCSSSerializer": org.thymeleaf.standard.serializer.StandardCSSSerializer@6f428e6e
[THYMELEAF]         * "StandardVariableExpressionEvaluator": com.intuit.karate.template.KarateStandardDialect@71ee2fff
[THYMELEAF]         * "StandardConversionService": org.thymeleaf.standard.expression.StandardConversionService@72e49f6a
[THYMELEAF] * Dialect [2 of 2]: karate (com.intuit.karate.template.KarateScriptDialect)
[THYMELEAF]     * Prefix: "ka"
[THYMELEAF]     * Processors for Template Mode: HTML
[THYMELEAF]         * Element Tag Processors by [matching element and attribute name] [precedence]:
[THYMELEAF]             * [* {src}] [1000]: com.intuit.karate.template.KaScriptAttrProcessor
[THYMELEAF]         * Element Model Processors by [matching element and attribute name] [precedence]:
[THYMELEAF]             * [{script} {ka:scope,data-ka-scope}] [1000]: com.intuit.karate.template.KaScriptElemProcessor
[THYMELEAF]             * [* {ka:set,data-ka-set}] [1000]: com.intuit.karate.template.KaSetElemProcessor
[THYMELEAF] TEMPLATE ENGINE CONFIGURED OK
17:56:14.436 [main] DEBUG org.thymeleaf.TemplateEngine -- [THYMELEAF] TEMPLATE ENGINE INITIALIZED

HTML report: (paste into browser to view) | Karate version: 1.4.1
file:///Users/devo/KarateAPIProject/karate-dummyjson/target/karate-reports/karate-summary.html
===================================================================

]]></system-out>
  </testcase>
</testsuite>