<?xml version="1.0" encoding="UTF-8"?>
<testsuite xmlns:xsi="http://www.w3.org/2001/XMLSchema-instance" xsi:noNamespaceSchemaLocation="https://maven.apache.org/surefire/maven-surefire-plugin/xsd/surefire-test-report-3.0.xsd" version="3.0" name="dummyjson.CartsRunner" time="3.27" tests="6" errors="0" skipped="0" failures="0">
  <properties>
    <property name="java.specification.version" value="21"/>
    <property name="sun.jnu.encoding" value="UTF-8"/>
    <property name="java.class.path" value="/Users/devo/KarateAPIProject/karate-dummyjson/target/test-classes:/Users/devo/KarateAPIProject/karate-dummyjson/target/classes:/Users/devo/.m2/repository/junit/junit/3.8.1/junit-3.8.1.jar:/Users/devo/.m2/repository/com/intuit/karate/karate-junit5/1.4.1/karate-junit5-1.4.1.jar:/Users/devo/.m2/repository/com/intuit/karate/karate-core/1.4.1/karate-core-1.4.1.jar:/Users/devo/.m2/repository/org/graalvm/js/js-scriptengine/22.3.3/js-scriptengine-22.3.3.jar:/Users/devo/.m2/repository/org/graalvm/sdk/graal-sdk/22.3.3/graal-sdk-22.3.3.jar:/Users/devo/.m2/repository/org/graalvm/js/js/22.3.3/js-22.3.3.jar:/Users/devo/.m2/repository/org/graalvm/regex/regex/22.3.3/regex-22.3.3.jar:/Users/devo/.m2/repository/org/graalvm/truffle/truffle-api/22.3.3/truffle-api-22.3.3.jar:/Users/devo/.m2/repository/com/ibm/icu/icu4j/71.1/icu4j-71.1.jar:/Users/devo/.m2/repository/org/thymeleaf/thymeleaf/3.1.2.RELEASE/thymeleaf-3.1.2.RELEASE.jar:/Users/devo/.m2/repository/ognl/ognl/3.3.4/ognl-3.3.4.jar:/Users/devo/.m2/repository/org/javassist/javassist/3.29.0-GA/javassist-3.29.0-GA.jar:/Users/devo/.m2/repository/org/attoparser/attoparser/2.0.7.RELEASE/attoparser-2.0.7.RELEASE.jar:/Users/devo/.m2/repository/org/unbescape/unbescape/1.1.6.RELEASE/unbescape-1.1.6.RELEASE.jar:/Users/devo/.m2/repository/org/slf4j/slf4j-api/2.0.7/slf4j-api-2.0.7.jar:/Users/devo/.m2/repository/com/linecorp/armeria/armeria/1.25.2/armeria-1.25.2.jar:/Users/devo/.m2/repository/com/fasterxml/jackson/core/jackson-core/2.15.2/jackson-core-2.15.2.jar:/Users/devo/.m2/repository/com/fasterxml/jackson/core/jackson-annotations/2.15.2/jackson-annotations-2.15.2.jar:/Users/devo/.m2/repository/com/fasterxml/jackson/core/jackson-databind/2.15.2/jackson-databind-2.15.2.jar:/Users/devo/.m2/repository/com/fasterxml/jackson/datatype/jackson-datatype-jdk8/2.15.2/jackson-datatype-jdk8-2.15.2.jar:/Users/devo/.m2/repository/com/fasterxml/jackson/datatype/jackson-datatype-jsr310/2.15.2/jackson-datatype-jsr310-2.15.2.jar:/Users/devo/.m2/repository/io/micrometer/micrometer-core/1.11.3/micrometer-core-1.11.3.jar:/Users/devo/.m2/repository/io/micrometer/micrometer-commons/1.11.3/micrometer-commons-1.11.3.jar:/Users/devo/.m2/repository/io/micrometer/micrometer-observation/1.11.3/micrometer-observation-1.11.3.jar:/Users/devo/.m2/repository/org/hdrhistogram/HdrHistogram/2.1.12/HdrHistogram-2.1.12.jar:/Users/devo/.m2/repository/org/latencyutils/LatencyUtils/2.0.3/LatencyUtils-2.0.3.jar:/Users/devo/.m2/repository/io/netty/netty-transport/4.1.96.Final/netty-transport-4.1.96.Final.jar:/Users/devo/.m2/repository/io/netty/netty-common/4.1.96.Final/netty-common-4.1.96.Final.jar:/Users/devo/.m2/repository/io/netty/netty-buffer/4.1.96.Final/netty-buffer-4.1.96.Final.jar:/Users/devo/.m2/repository/io/netty/netty-resolver/4.1.96.Final/netty-resolver-4.1.96.Final.jar:/Users/devo/.m2/repository/io/netty/netty-codec-haproxy/4.1.96.Final/netty-codec-haproxy-4.1.96.Final.jar:/Users/devo/.m2/repository/io/netty/netty-codec/4.1.96.Final/netty-codec-4.1.96.Final.jar:/Users/devo/.m2/repository/io/netty/netty-codec-http2/4.1.96.Final/netty-codec-http2-4.1.96.Final.jar:/Users/devo/.m2/repository/io/netty/netty-handler/4.1.96.Final/netty-handler-4.1.96.Final.jar:/Users/devo/.m2/repository/io/netty/netty-codec-http/4.1.96.Final/netty-codec-http-4.1.96.Final.jar:/Users/devo/.m2/repository/io/netty/netty-resolver-dns/4.1.96.Final/netty-resolver-dns-4.1.96.Final.jar:/Users/devo/.m2/repository/io/netty/netty-codec-dns/4.1.96.Final/netty-codec-dns-4.1.96.Final.jar:/Users/devo/.m2/repository/org/reactivestreams/reactive-streams/1.0.4/reactive-streams-1.0.4.jar:/Users/devo/.m2/repository/com/google/code/findbugs/jsr305/3.0.2/jsr305-3.0.2.jar:/Users/devo/.m2/repository/io/netty/netty-handler-proxy/4.1.96.Final/netty-handler-proxy-4.1.96.Final.jar:/Users/devo/.m2/repository/io/netty/netty-codec-socks/4.1.96.Final/netty-codec-socks-4.1.96.Final.jar:/Users/devo/.m2/repository/io/netty/netty-transport-native-unix-common/4.1.96.Final/netty-transport-native-unix-common-4.1.96.Final-linux-x86_64.jar:/Users/devo/.m2/repository/io/netty/netty-transport-native-epoll/4.1.96.Final/netty-transport-native-epoll-4.1.96.Final-linux-x86_64.jar:/Users/devo/.m2/repository/io/netty/netty-transport-native-unix-common/4.1.96.Final/netty-transport-native-unix-common-4.1.96.Final.jar:/Users/devo/.m2/repository/io/netty/netty-transport-classes-epoll/4.1.96.Final/netty-transport-classes-epoll-4.1.96.Final.jar:/Users/devo/.m2/repository/io/netty/netty-transport-native-unix-common/4.1.96.Final/netty-transport-native-unix-common-4.1.96.Final-linux-aarch_64.jar:/Users/devo/.m2/repository/io/netty/netty-transport-native-epoll/4.1.96.Final/netty-transport-native-epoll-4.1.96.Final-linux-aarch_64.jar:/Users/devo/.m2/repository/io/netty/netty-transport-native-unix-common/4.1.96.Final/netty-transport-native-unix-common-4.1.96.Final-osx-x86_64.jar:/Users/devo/.m2/repository/io/netty/netty-transport-native-kqueue/4.1.96.Final/netty-transport-native-kqueue-4.1.96.Final-osx-x86_64.jar:/Users/devo/.m2/repository/io/netty/netty-transport-classes-kqueue/4.1.96.Final/netty-transport-classes-kqueue-4.1.96.Final.jar:/Users/devo/.m2/repository/io/netty/netty-resolver-dns-native-macos/4.1.96.Final/netty-resolver-dns-native-macos-4.1.96.Final-osx-x86_64.jar:/Users/devo/.m2/repository/io/netty/netty-resolver-dns-classes-macos/4.1.96.Final/netty-resolver-dns-classes-macos-4.1.96.Final.jar:/Users/devo/.m2/repository/io/netty/netty-transport-native-unix-common/4.1.96.Final/netty-transport-native-unix-common-4.1.96.Final-osx-aarch_64.jar:/Users/devo/.m2/repository/io/netty/netty-transport-native-kqueue/4.1.96.Final/netty-transport-native-kqueue-4.1.96.Final-osx-aarch_64.jar:/Users/devo/.m2/repository/io/netty/netty-resolver-dns-native-macos/4.1.96.Final/netty-resolver-dns-native-macos-4.1.96.Final-osx-aarch_64.jar:/Users/devo/.m2/repository/io/netty/netty-tcnative-boringssl-static/2.0.61.Final/netty-tcnative-boringssl-static-2.0.61.Final-linux-x86_64.jar:/Users/devo/.m2/repository/io/netty/netty-tcnative-classes/2.0.61.Final/netty-tcnative-classes-2.0.61.Final.jar:/Users/devo/.m2/repository/io/netty/netty-tcnative-boringssl-static/2.0.61.Final/netty-tcnative-boringssl-static-2.0.61.Final-linux-aarch_64.jar:/Users/devo/.m2/repository/io/netty/netty-tcnative-boringssl-static/2.0.61.Final/netty-tcnative-boringssl-static-2.0.61.Final-osx-x86_64.jar:/Users/devo/.m2/repository/io/netty/netty-tcnative-boringssl-static/2.0.61.Final/netty-tcnative-boringssl-static-2.0.61.Final-osx-aarch_64.jar:/Users/devo/.m2/repository/io/netty/netty-tcnative-boringssl-static/2.0.61.Final/netty-tcnative-boringssl-static-2.0.61.Final-windows-x86_64.jar:/Users/devo/.m2/repository/com/aayushatharva/brotli4j/brotli4j/1.12.0/brotli4j-1.12.0.jar:/Users/devo/.m2/repository/com/aayushatharva/brotli4j/service/1.12.0/service-1.12.0.jar:/Users/devo/.m2/repository/com/aayushatharva/brotli4j/native-osx-aarch64/1.12.0/native-osx-aarch64-1.12.0.jar:/Users/devo/.m2/repository/org/apache/httpcomponents/httpclient/4.5.14/httpclient-4.5.14.jar:/Users/devo/.m2/repository/org/apache/httpcomponents/httpcore/4.4.16/httpcore-4.4.16.jar:/Users/devo/.m2/repository/commons-codec/commons-codec/1.16.0/commons-codec-1.16.0.jar:/Users/devo/.m2/repository/ch/qos/logback/logback-classic/1.4.11/logback-classic-1.4.11.jar:/Users/devo/.m2/repository/ch/qos/logback/logback-core/1.4.11/logback-core-1.4.11.jar:/Users/devo/.m2/repository/org/slf4j/jcl-over-slf4j/2.0.9/jcl-over-slf4j-2.0.9.jar:/Users/devo/.m2/repository/org/antlr/antlr4-runtime/4.11.1/antlr4-runtime-4.11.1.jar:/Users/devo/.m2/repository/com/jayway/jsonpath/json-path/2.8.0/json-path-2.8.0.jar:/Users/devo/.m2/repository/net/minidev/json-smart/2.4.10/json-smart-2.4.10.jar:/Users/devo/.m2/repository/net/minidev/accessors-smart/2.4.9/accessors-smart-2.4.9.jar:/Users/devo/.m2/repository/org/ow2/asm/asm/9.3/asm-9.3.jar:/Users/devo/.m2/repository/org/yaml/snakeyaml/2.0/snakeyaml-2.0.jar:/Users/devo/.m2/repository/de/siegmar/fastcsv/2.2.1/fastcsv-2.2.1.jar:/Users/devo/.m2/repository/info/picocli/picocli/4.7.1/picocli-4.7.1.jar:/Users/devo/.m2/repository/io/github/classgraph/classgraph/4.8.160/classgraph-4.8.160.jar:/Users/devo/.m2/repository/io/github/t12y/resemble/1.0.2/resemble-1.0.2.jar:/Users/devo/.m2/repository/io/github/t12y/ssim/1.0.0/ssim-1.0.0.jar:/Users/devo/.m2/repository/org/junit/jupiter/junit-jupiter-api/5.9.3/junit-jupiter-api-5.9.3.jar:/Users/devo/.m2/repository/org/opentest4j/opentest4j/1.2.0/opentest4j-1.2.0.jar:/Users/devo/.m2/repository/org/junit/platform/junit-platform-commons/1.9.3/junit-platform-commons-1.9.3.jar:/Users/devo/.m2/repository/org/apiguardian/apiguardian-api/1.1.2/apiguardian-api-1.1.2.jar:/Users/devo/.m2/repository/org/junit/jupiter/junit-jupiter-engine/5.9.3/junit-jupiter-engine-5.9.3.jar:/Users/devo/.m2/repository/org/junit/platform/junit-platform-engine/1.9.3/junit-platform-engine-1.9.3.jar:"/>
    <property name="java.vm.vendor" value="Eclipse Adoptium"/>
    <property name="sun.arch.data.model" value="64"/>
    <property name="java.vendor.url" value="https://adoptium.net/"/>
    <property name="user.timezone" value="Asia/Jakarta"/>
    <property name="os.name" value="Mac OS X"/>
    <property name="java.vm.specification.version" value="21"/>
    <property name="sun.java.launcher" value="SUN_STANDARD"/>
    <property name="user.country" value="ID"/>
    <property name="sun.boot.library.path" value="/Library/Java/JavaVirtualMachines/temurin-21.jdk/Contents/Home/lib"/>
    <property name="sun.java.command" value="/Users/devo/KarateAPIProject/karate-dummyjson/target/surefire/surefirebooter-20250802185843040_3.jar /Users/devo/KarateAPIProject/karate-dummyjson/target/surefire 2025-08-02T18-58-42_984-jvmRun1 surefire-20250802185843040_1tmp surefire_0-20250802185843040_2tmp"/>
    <property name="http.nonProxyHosts" value="local|*.local|169.254/16|*.169.254/16"/>
    <property name="jdk.debug" value="release"/>
    <property name="test" value="dummyjson.CartsRunner"/>
    <property name="surefire.test.class.path" value="/Users/devo/KarateAPIProject/karate-dummyjson/target/test-classes:/Users/devo/KarateAPIProject/karate-dummyjson/target/classes:/Users/devo/.m2/repository/junit/junit/3.8.1/junit-3.8.1.jar:/Users/devo/.m2/repository/com/intuit/karate/karate-junit5/1.4.1/karate-junit5-1.4.1.jar:/Users/devo/.m2/repository/com/intuit/karate/karate-core/1.4.1/karate-core-1.4.1.jar:/Users/devo/.m2/repository/org/graalvm/js/js-scriptengine/22.3.3/js-scriptengine-22.3.3.jar:/Users/devo/.m2/repository/org/graalvm/sdk/graal-sdk/22.3.3/graal-sdk-22.3.3.jar:/Users/devo/.m2/repository/org/graalvm/js/js/22.3.3/js-22.3.3.jar:/Users/devo/.m2/repository/org/graalvm/regex/regex/22.3.3/regex-22.3.3.jar:/Users/devo/.m2/repository/org/graalvm/truffle/truffle-api/22.3.3/truffle-api-22.3.3.jar:/Users/devo/.m2/repository/com/ibm/icu/icu4j/71.1/icu4j-71.1.jar:/Users/devo/.m2/repository/org/thymeleaf/thymeleaf/3.1.2.RELEASE/thymeleaf-3.1.2.RELEASE.jar:/Users/devo/.m2/repository/ognl/ognl/3.3.4/ognl-3.3.4.jar:/Users/devo/.m2/repository/org/javassist/javassist/3.29.0-GA/javassist-3.29.0-GA.jar:/Users/devo/.m2/repository/org/attoparser/attoparser/2.0.7.RELEASE/attoparser-2.0.7.RELEASE.jar:/Users/devo/.m2/repository/org/unbescape/unbescape/1.1.6.RELEASE/unbescape-1.1.6.RELEASE.jar:/Users/devo/.m2/repository/org/slf4j/slf4j-api/2.0.7/slf4j-api-2.0.7.jar:/Users/devo/.m2/repository/com/linecorp/armeria/armeria/1.25.2/armeria-1.25.2.jar:/Users/devo/.m2/repository/com/fasterxml/jackson/core/jackson-core/2.15.2/jackson-core-2.15.2.jar:/Users/devo/.m2/repository/com/fasterxml/jackson/core/jackson-annotations/2.15.2/jackson-annotations-2.15.2.jar:/Users/devo/.m2/repository/com/fasterxml/jackson/core/jackson-databind/2.15.2/jackson-databind-2.15.2.jar:/Users/devo/.m2/repository/com/fasterxml/jackson/datatype/jackson-datatype-jdk8/2.15.2/jackson-datatype-jdk8-2.15.2.jar:/Users/devo/.m2/repository/com/fasterxml/jackson/datatype/jackson-datatype-jsr310/2.15.2/jackson-datatype-jsr310-2.15.2.jar:/Users/devo/.m2/repository/io/micrometer/micrometer-core/1.11.3/micrometer-core-1.11.3.jar:/Users/devo/.m2/repository/io/micrometer/micrometer-commons/1.11.3/micrometer-commons-1.11.3.jar:/Users/devo/.m2/repository/io/micrometer/micrometer-observation/1.11.3/micrometer-observation-1.11.3.jar:/Users/devo/.m2/repository/org/hdrhistogram/HdrHistogram/2.1.12/HdrHistogram-2.1.12.jar:/Users/devo/.m2/repository/org/latencyutils/LatencyUtils/2.0.3/LatencyUtils-2.0.3.jar:/Users/devo/.m2/repository/io/netty/netty-transport/4.1.96.Final/netty-transport-4.1.96.Final.jar:/Users/devo/.m2/repository/io/netty/netty-common/4.1.96.Final/netty-common-4.1.96.Final.jar:/Users/devo/.m2/repository/io/netty/netty-buffer/4.1.96.Final/netty-buffer-4.1.96.Final.jar:/Users/devo/.m2/repository/io/netty/netty-resolver/4.1.96.Final/netty-resolver-4.1.96.Final.jar:/Users/devo/.m2/repository/io/netty/netty-codec-haproxy/4.1.96.Final/netty-codec-haproxy-4.1.96.Final.jar:/Users/devo/.m2/repository/io/netty/netty-codec/4.1.96.Final/netty-codec-4.1.96.Final.jar:/Users/devo/.m2/repository/io/netty/netty-codec-http2/4.1.96.Final/netty-codec-http2-4.1.96.Final.jar:/Users/devo/.m2/repository/io/netty/netty-handler/4.1.96.Final/netty-handler-4.1.96.Final.jar:/Users/devo/.m2/repository/io/netty/netty-codec-http/4.1.96.Final/netty-codec-http-4.1.96.Final.jar:/Users/devo/.m2/repository/io/netty/netty-resolver-dns/4.1.96.Final/netty-resolver-dns-4.1.96.Final.jar:/Users/devo/.m2/repository/io/netty/netty-codec-dns/4.1.96.Final/netty-codec-dns-4.1.96.Final.jar:/Users/devo/.m2/repository/org/reactivestreams/reactive-streams/1.0.4/reactive-streams-1.0.4.jar:/Users/devo/.m2/repository/com/google/code/findbugs/jsr305/3.0.2/jsr305-3.0.2.jar:/Users/devo/.m2/repository/io/netty/netty-handler-proxy/4.1.96.Final/netty-handler-proxy-4.1.96.Final.jar:/Users/devo/.m2/repository/io/netty/netty-codec-socks/4.1.96.Final/netty-codec-socks-4.1.96.Final.jar:/Users/devo/.m2/repository/io/netty/netty-transport-native-unix-common/4.1.96.Final/netty-transport-native-unix-common-4.1.96.Final-linux-x86_64.jar:/Users/devo/.m2/repository/io/netty/netty-transport-native-epoll/4.1.96.Final/netty-transport-native-epoll-4.1.96.Final-linux-x86_64.jar:/Users/devo/.m2/repository/io/netty/netty-transport-native-unix-common/4.1.96.Final/netty-transport-native-unix-common-4.1.96.Final.jar:/Users/devo/.m2/repository/io/netty/netty-transport-classes-epoll/4.1.96.Final/netty-transport-classes-epoll-4.1.96.Final.jar:/Users/devo/.m2/repository/io/netty/netty-transport-native-unix-common/4.1.96.Final/netty-transport-native-unix-common-4.1.96.Final-linux-aarch_64.jar:/Users/devo/.m2/repository/io/netty/netty-transport-native-epoll/4.1.96.Final/netty-transport-native-epoll-4.1.96.Final-linux-aarch_64.jar:/Users/devo/.m2/repository/io/netty/netty-transport-native-unix-common/4.1.96.Final/netty-transport-native-unix-common-4.1.96.Final-osx-x86_64.jar:/Users/devo/.m2/repository/io/netty/netty-transport-native-kqueue/4.1.96.Final/netty-transport-native-kqueue-4.1.96.Final-osx-x86_64.jar:/Users/devo/.m2/repository/io/netty/netty-transport-classes-kqueue/4.1.96.Final/netty-transport-classes-kqueue-4.1.96.Final.jar:/Users/devo/.m2/repository/io/netty/netty-resolver-dns-native-macos/4.1.96.Final/netty-resolver-dns-native-macos-4.1.96.Final-osx-x86_64.jar:/Users/devo/.m2/repository/io/netty/netty-resolver-dns-classes-macos/4.1.96.Final/netty-resolver-dns-classes-macos-4.1.96.Final.jar:/Users/devo/.m2/repository/io/netty/netty-transport-native-unix-common/4.1.96.Final/netty-transport-native-unix-common-4.1.96.Final-osx-aarch_64.jar:/Users/devo/.m2/repository/io/netty/netty-transport-native-kqueue/4.1.96.Final/netty-transport-native-kqueue-4.1.96.Final-osx-aarch_64.jar:/Users/devo/.m2/repository/io/netty/netty-resolver-dns-native-macos/4.1.96.Final/netty-resolver-dns-native-macos-4.1.96.Final-osx-aarch_64.jar:/Users/devo/.m2/repository/io/netty/netty-tcnative-boringssl-static/2.0.61.Final/netty-tcnative-boringssl-static-2.0.61.Final-linux-x86_64.jar:/Users/devo/.m2/repository/io/netty/netty-tcnative-classes/2.0.61.Final/netty-tcnative-classes-2.0.61.Final.jar:/Users/devo/.m2/repository/io/netty/netty-tcnative-boringssl-static/2.0.61.Final/netty-tcnative-boringssl-static-2.0.61.Final-linux-aarch_64.jar:/Users/devo/.m2/repository/io/netty/netty-tcnative-boringssl-static/2.0.61.Final/netty-tcnative-boringssl-static-2.0.61.Final-osx-x86_64.jar:/Users/devo/.m2/repository/io/netty/netty-tcnative-boringssl-static/2.0.61.Final/netty-tcnative-boringssl-static-2.0.61.Final-osx-aarch_64.jar:/Users/devo/.m2/repository/io/netty/netty-tcnative-boringssl-static/2.0.61.Final/netty-tcnative-boringssl-static-2.0.61.Final-windows-x86_64.jar:/Users/devo/.m2/repository/com/aayushatharva/brotli4j/brotli4j/1.12.0/brotli4j-1.12.0.jar:/Users/devo/.m2/repository/com/aayushatharva/brotli4j/service/1.12.0/service-1.12.0.jar:/Users/devo/.m2/repository/com/aayushatharva/brotli4j/native-osx-aarch64/1.12.0/native-osx-aarch64-1.12.0.jar:/Users/devo/.m2/repository/org/apache/httpcomponents/httpclient/4.5.14/httpclient-4.5.14.jar:/Users/devo/.m2/repository/org/apache/httpcomponents/httpcore/4.4.16/httpcore-4.4.16.jar:/Users/devo/.m2/repository/commons-codec/commons-codec/1.16.0/commons-codec-1.16.0.jar:/Users/devo/.m2/repository/ch/qos/logback/logback-classic/1.4.11/logback-classic-1.4.11.jar:/Users/devo/.m2/repository/ch/qos/logback/logback-core/1.4.11/logback-core-1.4.11.jar:/Users/devo/.m2/repository/org/slf4j/jcl-over-slf4j/2.0.9/jcl-over-slf4j-2.0.9.jar:/Users/devo/.m2/repository/org/antlr/antlr4-runtime/4.11.1/antlr4-runtime-4.11.1.jar:/Users/devo/.m2/repository/com/jayway/jsonpath/json-path/2.8.0/json-path-2.8.0.jar:/Users/devo/.m2/repository/net/minidev/json-smart/2.4.10/json-smart-2.4.10.jar:/Users/devo/.m2/repository/net/minidev/accessors-smart/2.4.9/accessors-smart-2.4.9.jar:/Users/devo/.m2/repository/org/ow2/asm/asm/9.3/asm-9.3.jar:/Users/devo/.m2/repository/org/yaml/snakeyaml/2.0/snakeyaml-2.0.jar:/Users/devo/.m2/repository/de/siegmar/fastcsv/2.2.1/fastcsv-2.2.1.jar:/Users/devo/.m2/repository/info/picocli/picocli/4.7.1/picocli-4.7.1.jar:/Users/devo/.m2/repository/io/github/classgraph/classgraph/4.8.160/classgraph-4.8.160.jar:/Users/devo/.m2/repository/io/github/t12y/resemble/1.0.2/resemble-1.0.2.jar:/Users/devo/.m2/repository/io/github/t12y/ssim/1.0.0/ssim-1.0.0.jar:/Users/devo/.m2/repository/org/junit/jupiter/junit-jupiter-api/5.9.3/junit-jupiter-api-5.9.3.jar:/Users/devo/.m2/repository/org/opentest4j/opentest4j/1.2.0/opentest4j-1.2.0.jar:/Users/devo/.m2/repository/org/junit/platform/junit-platform-commons/1.9.3/junit-platform-commons-1.9.3.jar:/Users/devo/.m2/repository/org/apiguardian/apiguardian-api/1.1.2/apiguardian-api-1.1.2.jar:/Users/devo/.m2/repository/org/junit/jupiter/junit-jupiter-engine/5.9.3/junit-jupiter-engine-5.9.3.jar:/Users/devo/.m2/repository/org/junit/platform/junit-platform-engine/1.9.3/junit-platform-engine-1.9.3.jar:"/>
    <property name="sun.cpu.endian" value="little"/>
    <property name="user.home" value="/Users/devo"/>
    <property name="user.language" value="en"/>
    <property name="java.specification.vendor" value="Oracle Corporation"/>
    <property name="java.version.date" value="2025-07-15"/>
    <property name="java.home" value="/Library/Java/JavaVirtualMachines/temurin-21.jdk/Contents/Home"/>
    <property name="file.separator" value="/"/>
    <property name="basedir" value="/Users/devo/KarateAPIProject/karate-dummyjson"/>
    <property name="java.vm.compressedOopsMode" value="Zero based"/>
    <property name="line.separator" value="&#10;"/>
    <property name="java.vm.specification.vendor" value="Oracle Corporation"/>
    <property name="java.specification.name" value="Java Platform API Specification"/>
    <property name="apple.awt.application.name" value="ForkedBooter"/>
    <property name="surefire.real.class.path" value="/Users/devo/KarateAPIProject/karate-dummyjson/target/surefire/surefirebooter-20250802185843040_3.jar"/>
    <property name="sun.management.compiler" value="HotSpot 64-Bit Tiered Compilers"/>
    <property name="ftp.nonProxyHosts" value="local|*.local|169.254/16|*.169.254/16"/>
    <property name="java.runtime.version" value="21.0.8+9-LTS"/>
    <property name="user.name" value="devo"/>
    <property name="stdout.encoding" value="UTF-8"/>
    <property name="path.separator" value=":"/>
    <property name="os.version" value="15.5"/>
    <property name="java.runtime.name" value="OpenJDK Runtime Environment"/>
    <property name="file.encoding" value="UTF-8"/>
    <property name="java.vm.name" value="OpenJDK 64-Bit Server VM"/>
    <property name="java.vendor.version" value="Temurin-21.0.8+9"/>
    <property name="localRepository" value="/Users/devo/.m2/repository"/>
    <property name="java.vendor.url.bug" value="https://github.com/adoptium/adoptium-support/issues"/>
    <property name="java.io.tmpdir" value="/var/folders/9n/qdd87m_d27v106zr8rs1f1b00000gn/T/"/>
    <property name="java.version" value="21.0.8"/>
    <property name="user.dir" value="/Users/devo/KarateAPIProject/karate-dummyjson"/>
    <property name="os.arch" value="aarch64"/>
    <property name="java.vm.specification.name" value="Java Virtual Machine Specification"/>
    <property name="native.encoding" value="UTF-8"/>
    <property name="java.library.path" value="/Users/devo/Library/Java/Extensions:/Library/Java/Extensions:/Network/Library/Java/Extensions:/System/Library/Java/Extensions:/usr/lib/java:."/>
    <property name="java.vm.info" value="mixed mode, sharing"/>
    <property name="stderr.encoding" value="UTF-8"/>
    <property name="java.vendor" value="Eclipse Adoptium"/>
    <property name="java.vm.version" value="21.0.8+9-LTS"/>
    <property name="sun.io.unicode.encoding" value="UnicodeBig"/>
    <property name="socksNonProxyHosts" value="local|*.local|169.254/16|*.169.254/16"/>
    <property name="java.class.version" value="65.0"/>
  </properties>
  <testcase name="[1:6] Get All Carts" classname="dummyjson/Carts" time="1.537">
    <system-out><![CDATA[18:58:44.834 [main] DEBUG org.apache.http.client.protocol.RequestAddCookies -- CookieSpec selected: karate
18:58:44.839 [main] DEBUG org.apache.http.client.protocol.RequestAuthCache -- Auth cache not set in the context
18:58:44.840 [main] DEBUG com.intuit.karate -- request:
1 > GET https://dummyjson.com/carts
1 > Host: dummyjson.com
1 > Connection: Keep-Alive
1 > User-Agent: Apache-HttpClient/4.5.14 (Java/21.0.8)
1 > Accept-Encoding: gzip,deflate


18:58:44.842 [main] DEBUG org.apache.http.impl.conn.PoolingHttpClientConnectionManager -- Connection request: [route: {s}->https://dummyjson.com:443][total available: 0; route allocated: 0 of 5; total allocated: 0 of 10]
18:58:44.866 [main] DEBUG org.apache.http.impl.conn.PoolingHttpClientConnectionManager -- Connection leased: [id: 0][route: {s}->https://dummyjson.com:443][total available: 0; route allocated: 1 of 5; total allocated: 1 of 10]
18:58:44.866 [main] DEBUG org.apache.http.impl.execchain.MainClientExec -- Opening connection {s}->https://dummyjson.com:443
18:58:45.134 [main] DEBUG org.apache.http.impl.conn.DefaultHttpClientConnectionOperator -- Connecting to dummyjson.com/66.33.22.2:443
18:58:45.134 [main] DEBUG org.apache.http.conn.ssl.SSLConnectionSocketFactory -- Connecting socket to dummyjson.com/66.33.22.2:443 with timeout 30000
18:58:45.205 [main] DEBUG org.apache.http.conn.ssl.SSLConnectionSocketFactory -- Enabled protocols: [TLSv1.3, TLSv1.2]
18:58:45.205 [main] DEBUG org.apache.http.conn.ssl.SSLConnectionSocketFactory -- Enabled cipher suites:[TLS_AES_256_GCM_SHA384, TLS_AES_128_GCM_SHA256, TLS_CHACHA20_POLY1305_SHA256, TLS_ECDHE_ECDSA_WITH_AES_256_GCM_SHA384, TLS_ECDHE_ECDSA_WITH_AES_128_GCM_SHA256, TLS_ECDHE_ECDSA_WITH_CHACHA20_POLY1305_SHA256, TLS_ECDHE_RSA_WITH_AES_256_GCM_SHA384, TLS_ECDHE_RSA_WITH_CHACHA20_POLY1305_SHA256, TLS_ECDHE_RSA_WITH_AES_128_GCM_SHA256, TLS_DHE_RSA_WITH_AES_256_GCM_SHA384, TLS_DHE_RSA_WITH_CHACHA20_POLY1305_SHA256, TLS_DHE_DSS_WITH_AES_256_GCM_SHA384, TLS_DHE_RSA_WITH_AES_128_GCM_SHA256, TLS_DHE_DSS_WITH_AES_128_GCM_SHA256, TLS_ECDHE_ECDSA_WITH_AES_256_CBC_SHA384, TLS_ECDHE_RSA_WITH_AES_256_CBC_SHA384, TLS_ECDHE_ECDSA_WITH_AES_128_CBC_SHA256, TLS_ECDHE_RSA_WITH_AES_128_CBC_SHA256, TLS_DHE_RSA_WITH_AES_256_CBC_SHA256, TLS_DHE_DSS_WITH_AES_256_CBC_SHA256, TLS_DHE_RSA_WITH_AES_128_CBC_SHA256, TLS_DHE_DSS_WITH_AES_128_CBC_SHA256, TLS_ECDHE_ECDSA_WITH_AES_256_CBC_SHA, TLS_ECDHE_RSA_WITH_AES_256_CBC_SHA, TLS_ECDHE_ECDSA_WITH_AES_128_CBC_SHA, TLS_ECDHE_RSA_WITH_AES_128_CBC_SHA, TLS_DHE_RSA_WITH_AES_256_CBC_SHA, TLS_DHE_DSS_WITH_AES_256_CBC_SHA, TLS_DHE_RSA_WITH_AES_128_CBC_SHA, TLS_DHE_DSS_WITH_AES_128_CBC_SHA, TLS_RSA_WITH_AES_256_GCM_SHA384, TLS_RSA_WITH_AES_128_GCM_SHA256, TLS_RSA_WITH_AES_256_CBC_SHA256, TLS_RSA_WITH_AES_128_CBC_SHA256, TLS_RSA_WITH_AES_256_CBC_SHA, TLS_RSA_WITH_AES_128_CBC_SHA, TLS_EMPTY_RENEGOTIATION_INFO_SCSV]
18:58:45.205 [main] DEBUG org.apache.http.conn.ssl.SSLConnectionSocketFactory -- Starting handshake
18:58:45.360 [main] DEBUG org.apache.http.conn.ssl.SSLConnectionSocketFactory -- Secure session established
18:58:45.360 [main] DEBUG org.apache.http.conn.ssl.SSLConnectionSocketFactory --  negotiated protocol: TLSv1.3
18:58:45.360 [main] DEBUG org.apache.http.conn.ssl.SSLConnectionSocketFactory --  negotiated cipher suite: TLS_AES_128_GCM_SHA256
18:58:45.360 [main] DEBUG org.apache.http.conn.ssl.SSLConnectionSocketFactory --  peer principal: CN=dummyjson.com
18:58:45.360 [main] DEBUG org.apache.http.conn.ssl.SSLConnectionSocketFactory --  peer alternative names: [dummyjson.com]
18:58:45.360 [main] DEBUG org.apache.http.conn.ssl.SSLConnectionSocketFactory --  issuer principal: CN=R11, O=Let's Encrypt, C=US
18:58:45.362 [main] DEBUG org.apache.http.impl.conn.DefaultHttpClientConnectionOperator -- Connection established 192.168.1.4:54540<->66.33.22.2:443
18:58:45.362 [main] DEBUG org.apache.http.impl.conn.DefaultManagedHttpClientConnection -- http-outgoing-0: set socket timeout to 30000
18:58:45.362 [main] DEBUG org.apache.http.impl.execchain.MainClientExec -- Executing request GET /carts HTTP/1.1
18:58:45.362 [main] DEBUG org.apache.http.impl.execchain.MainClientExec -- Target auth state: UNCHALLENGED
18:58:45.363 [main] DEBUG org.apache.http.impl.execchain.MainClientExec -- Proxy auth state: UNCHALLENGED
18:58:45.363 [main] DEBUG org.apache.http.headers -- http-outgoing-0 >> GET /carts HTTP/1.1
18:58:45.363 [main] DEBUG org.apache.http.headers -- http-outgoing-0 >> Host: dummyjson.com
18:58:45.363 [main] DEBUG org.apache.http.headers -- http-outgoing-0 >> Connection: Keep-Alive
18:58:45.363 [main] DEBUG org.apache.http.headers -- http-outgoing-0 >> User-Agent: Apache-HttpClient/4.5.14 (Java/21.0.8)
18:58:45.363 [main] DEBUG org.apache.http.headers -- http-outgoing-0 >> Accept-Encoding: gzip,deflate
18:58:45.363 [main] DEBUG org.apache.http.wire -- http-outgoing-0 >> "GET /carts HTTP/1.1[\r][\n]"
18:58:45.363 [main] DEBUG org.apache.http.wire -- http-outgoing-0 >> "Host: dummyjson.com[\r][\n]"
18:58:45.364 [main] DEBUG org.apache.http.wire -- http-outgoing-0 >> "Connection: Keep-Alive[\r][\n]"
18:58:45.364 [main] DEBUG org.apache.http.wire -- http-outgoing-0 >> "User-Agent: Apache-HttpClient/4.5.14 (Java/21.0.8)[\r][\n]"
18:58:45.364 [main] DEBUG org.apache.http.wire -- http-outgoing-0 >> "Accept-Encoding: gzip,deflate[\r][\n]"
18:58:45.364 [main] DEBUG org.apache.http.wire -- http-outgoing-0 >> "[\r][\n]"
18:58:45.405 [main] DEBUG org.apache.http.wire -- http-outgoing-0 << "HTTP/1.1 200 OK[\r][\n]"
18:58:45.405 [main] DEBUG org.apache.http.wire -- http-outgoing-0 << "Access-Control-Allow-Origin: *[\r][\n]"
18:58:45.405 [main] DEBUG org.apache.http.wire -- http-outgoing-0 << "Content-Encoding: gzip[\r][\n]"
18:58:45.405 [main] DEBUG org.apache.http.wire -- http-outgoing-0 << "Content-Type: application/json; charset=utf-8[\r][\n]"
18:58:45.405 [main] DEBUG org.apache.http.wire -- http-outgoing-0 << "Date: Sat, 02 Aug 2025 11:58:45 GMT[\r][\n]"
18:58:45.405 [main] DEBUG org.apache.http.wire -- http-outgoing-0 << "Etag: W/"7d39-+rQ7kyHBCLIn9tjTeKVf4oegWkQ"[\r][\n]"
18:58:45.405 [main] DEBUG org.apache.http.wire -- http-outgoing-0 << "Server: railway-edge[\r][\n]"
18:58:45.405 [main] DEBUG org.apache.http.wire -- http-outgoing-0 << "Strict-Transport-Security: max-age=15552000; includeSubDomains[\r][\n]"
18:58:45.406 [main] DEBUG org.apache.http.wire -- http-outgoing-0 << "Vary: Accept-Encoding[\r][\n]"
18:58:45.406 [main] DEBUG org.apache.http.wire -- http-outgoing-0 << "X-Content-Type-Options: nosniff[\r][\n]"
18:58:45.406 [main] DEBUG org.apache.http.wire -- http-outgoing-0 << "X-Dns-Prefetch-Control: off[\r][\n]"
18:58:45.406 [main] DEBUG org.apache.http.wire -- http-outgoing-0 << "X-Download-Options: noopen[\r][\n]"
18:58:45.406 [main] DEBUG org.apache.http.wire -- http-outgoing-0 << "X-Frame-Options: SAMEORIGIN[\r][\n]"
18:58:45.406 [main] DEBUG org.apache.http.wire -- http-outgoing-0 << "X-Powered-By: Cats on Keyboards[\r][\n]"
18:58:45.406 [main] DEBUG org.apache.http.wire -- http-outgoing-0 << "X-Railway-Edge: railway/asia-southeast1-eqsg3a[\r][\n]"
18:58:45.406 [main] DEBUG org.apache.http.wire -- http-outgoing-0 << "X-Railway-Request-Id: SSKNavkFRhmckvV-DcO5xA[\r][\n]"
18:58:45.406 [main] DEBUG org.apache.http.wire -- http-outgoing-0 << "X-Ratelimit-Limit: 100[\r][\n]"
18:58:45.406 [main] DEBUG org.apache.http.wire -- http-outgoing-0 << "X-Ratelimit-Remaining: 99[\r][\n]"
18:58:45.406 [main] DEBUG org.apache.http.wire -- http-outgoing-0 << "X-Ratelimit-Reset: 1754135935[\r][\n]"
18:58:45.406 [main] DEBUG org.apache.http.wire -- http-outgoing-0 << "X-Xss-Protection: 1; mode=block[\r][\n]"
18:58:45.406 [main] DEBUG org.apache.http.wire -- http-outgoing-0 << "Transfer-Encoding: chunked[\r][\n]"
18:58:45.406 [main] DEBUG org.apache.http.wire -- http-outgoing-0 << "[\r][\n]"
18:58:45.407 [main] DEBUG org.apache.http.headers -- http-outgoing-0 << HTTP/1.1 200 OK
18:58:45.407 [main] DEBUG org.apache.http.headers -- http-outgoing-0 << Access-Control-Allow-Origin: *
18:58:45.407 [main] DEBUG org.apache.http.headers -- http-outgoing-0 << Content-Encoding: gzip
18:58:45.407 [main] DEBUG org.apache.http.headers -- http-outgoing-0 << Content-Type: application/json; charset=utf-8
18:58:45.407 [main] DEBUG org.apache.http.headers -- http-outgoing-0 << Date: Sat, 02 Aug 2025 11:58:45 GMT
18:58:45.407 [main] DEBUG org.apache.http.headers -- http-outgoing-0 << Etag: W/"7d39-+rQ7kyHBCLIn9tjTeKVf4oegWkQ"
18:58:45.408 [main] DEBUG org.apache.http.headers -- http-outgoing-0 << Server: railway-edge
18:58:45.408 [main] DEBUG org.apache.http.headers -- http-outgoing-0 << Strict-Transport-Security: max-age=15552000; includeSubDomains
18:58:45.408 [main] DEBUG org.apache.http.headers -- http-outgoing-0 << Vary: Accept-Encoding
18:58:45.408 [main] DEBUG org.apache.http.headers -- http-outgoing-0 << X-Content-Type-Options: nosniff
18:58:45.408 [main] DEBUG org.apache.http.headers -- http-outgoing-0 << X-Dns-Prefetch-Control: off
18:58:45.408 [main] DEBUG org.apache.http.headers -- http-outgoing-0 << X-Download-Options: noopen
18:58:45.408 [main] DEBUG org.apache.http.headers -- http-outgoing-0 << X-Frame-Options: SAMEORIGIN
18:58:45.408 [main] DEBUG org.apache.http.headers -- http-outgoing-0 << X-Powered-By: Cats on Keyboards
18:58:45.408 [main] DEBUG org.apache.http.headers -- http-outgoing-0 << X-Railway-Edge: railway/asia-southeast1-eqsg3a
18:58:45.408 [main] DEBUG org.apache.http.headers -- http-outgoing-0 << X-Railway-Request-Id: SSKNavkFRhmckvV-DcO5xA
18:58:45.408 [main] DEBUG org.apache.http.headers -- http-outgoing-0 << X-Ratelimit-Limit: 100
18:58:45.408 [main] DEBUG org.apache.http.headers -- http-outgoing-0 << X-Ratelimit-Remaining: 99
18:58:45.408 [main] DEBUG org.apache.http.headers -- http-outgoing-0 << X-Ratelimit-Reset: 1754135935
18:58:45.408 [main] DEBUG org.apache.http.headers -- http-outgoing-0 << X-Xss-Protection: 1; mode=block
18:58:45.408 [main] DEBUG org.apache.http.headers -- http-outgoing-0 << Transfer-Encoding: chunked
18:58:45.410 [main] DEBUG org.apache.http.impl.execchain.MainClientExec -- Connection can be kept alive indefinitely
18:58:45.412 [main] DEBUG org.apache.http.wire -- http-outgoing-0 << "15e8[\r][\n]"
18:58:45.412 [main] DEBUG org.apache.http.wire -- http-outgoing-0 << "[0x1f][0x8b][0x8][0x0][0x0][0x0][0x0][0x0][0x0][0x3][0xe5]]ms[0xdb]8[0x92][0xfe]+(Uy[0xf6][0xc3]f`[0x2][0x4][0xf8][0xe2]o[0xb1]3[0xc9]d[0x13]'[0xba][0xc8]5[0xc9][0xd5][0xd5]}[0x80]%[0xd8][0xe2][0x98]"[0xb5]$[0x95][0x8c]ok[0xff][0xfb]U[0x83][0x92][0xd8][0x12][0x1][0xd8]![0x95][0x9b][0xab][0xdd]|[0x99][0x19]k[0x9c][0xea][0x6][0xd0]oO?[0xdd][0xfa][0xc7]d[0xae][0xaa][0xa6][0x9e]\[0xfc][0xd7]?&[0xd9]br[0xc1]^L[0xd6]U[0xb9][0xd8][0xcc][0xf1][0xcf][0xa2][0xe4][0xc5][0xa4][0xc9][0x9a]\O.&WKU[0xdd][0xeb][0x8a][0xcc][0xbe][0xdc][0x90]O[0x9f]_M[0xe0][0xff][0xcf][0xe6]zr[0x11][0xf2]4Mi[0x9a][0xbe][0x98][0xfc]}[0xa3][0x8a]&k[0x1e]'[0x17][0xe1][0x8b]IS6*[0x9f]\[0xa4][0x89][0xf9]4~1Yd[0xf5][0xbc][0xdc][0x14][0xcd]TWs]4[0xea]^O.XH[0xc3][0xb4][0xfb]H/n[0xda][0xdf]Jd,B[0x9a][0xc4]/&[0xcd]r[0xb3][0xba]-T[0x96]O.&[0xcb][0xa6]Y[0xd7][0x17][0xe7][0xe7][0xf3]EA[0x17][0x9b][0xd5][0xea][0xf1][0xf7][0xba],[0xe8][0xbc]\[0x9d][0xef]D?[0xcf]V[0xea]^[0xd7][0xe7]_[0xf5]2[0x9b][0xe7][0xfa]|+[0xf4][0x19][0xf]f_n[0xce]x[0xf0][0xe9][0xf3][0xab][0xf3][0xfd][0xdf]H[0xd7][0xc5][0xfd][0xe4][0x9f]/Z]c[0xa4][0xea][0xcb][0xf5]:[0xd7][0xe4]Z[0xcd]/[0xcb][0xf2][0x81]L[0xab][0x92]0A[0xde][0x16][0xf3]%[0x99][0xad][0xd5]\[0x93]7[0x95]~[0xec][0xf4]g}[0xf5][0xf9]^[0xfd][0xd0]|[0x98]8[0xb4]O[0xa8][0xe4][0x16][0xed]C.S[0xca][0x92][0xa1][0xca][0xe7]j[0xdd][0x94][0xeb][0xfa][0xdc][0xa8]q[0xc6][0x83][0xad]"g<[0x98]V[0xe5][0x19][0xf][0x98]8[0xe3][0x1][0xa8][0x3][0xc7][0x2][\n]"
18:58:45.413 [main] DEBUG org.apache.http.wire -- http-outgoing-0 << "[0x9d][0xf1][0x0]Tr[0x9c][0xc]K[0xc2][0xee]h[0xde]TZ[0x17][0xe4][0xe3]W[0x95][0x93]_TUe[0xc5]}w[0x10]\[0x1c][0x1d][0x83][0xdc][0x1f][0x3][0x83][0xcf]D[0x8a][0xfe][0xd8]O$[0xa2]<[0xb1][0x1c][0x8]c1eC[0x8f][0xe3][[0xb9][0xd2]E[0xfd][0xf3][0xef][0xfa][0x9b][0xce]s]=[0x9e][0x1b][0x1d][0xce]x[0x0]Z[0x9c][0xf1]`[0xab][0x87]K[0xfb] 8~[0x18]/[0xb3]j].j[0xf4][0x2][0xf8][0xf1][0x3][0xe8]4[0x8f]DJS[0xe9][0xb8]N[0x13]aQWF[0x11][0x95]C[0xd5]][0x95][0xb7]Y[0xae]V[0xf3][0xb9][0xae][0xeb][0xb2][0xca]t[0xf7][0x10][0xb6][0x82][0x1f]k[0xfa][0xdf][0xdd]5[0x5]a[0x1c][0xb][0x9a]H[0x9b]I[0xa6]Q[0x12][0xd1]H[0xbe][0x98]lj][0xbd]]L.[0xc2][0x9d][0x95]O[0xf7][0x8e]Cl[0xf2][0x1f][0xfb][0x93]`rw[0x92][0xdc][0xe6]a[0x84]@[0x1e][0xa6][0xca][0xe6][0xf][0xba]![0xbf][0xea]|[0xa5][0x9b][0xee]x[0xc5][0xf1][0xbb][0x12][0x9d][0xc0]qJ[0xd3][0xc8]q[0xba][0x8c][0x8a][0xd8][0xf6][0x98]dJC>[0xf4]x[0xeb]uY5[0xf5][0xc1][0xf1]n[0xe5]>[0xe3]A+[0xb9][0xeb]%q[0xa4]k6][0x96][0x85]&_:-[0x93][0x9e][0x17][0xe9][0xd4][0xc]e[0xea][0xd6]3[0xa1]Ahs"![0xb]h2[0xd8][0x89][0xd4]+U5k[0x10][0xb2]>o[0x85]=[0xe3][0xc1][0x17][0x97]j[0x2]y[0xcf]7e~G.U[0x9e]w[0xba]y4[0xf3][0xde][0x1f][0xb7]YG([0xcd][0xbd][0x9e][0xec][0xfa]@[0xde]3[0x1e][0x80][0xc4][0xce][0x9b][0xe3][0xbd][0x9b][0x8b][0x90][0xdf][0xf3][0x84][0xbf][0xc4][0x17][0xfc]R[0x1a][0xd9][0x14][0x8c]yH[0xf9][0xf0][0x7]j[0xbb][0xb8][0xc8][0xa5][0x19]C[0xde]m[0xa6][0xf3][0xbb]L[0x93][0xf7]j[0xb5]&[0xdf][0xb2]fI[0xda]_G~[0xce][0xed][0xe0]c[0xe1][0xf6]r[0xa9][0x9][0xe4]=5[0xa3][0x80][0x6][0xd1][0x9][0xbd]\+[0xfe][0x19][0xf]@[0x81]3[0x1e][0x80][\n]"
18:58:45.413 [main] DEBUG org.apache.http.wire -- http-outgoing-0 << "g<h[0x95]p[0xfb]<[0x11][0xa7][0x82][0xda][0x82][0x8e][0xe0]Ib[0x94][0xda][0xf9];&x[0xcf][0xe1][0xc9][0x9e][0xc3][0xe3][0xc1][0xee]pC[0x8b][0xc3]K[0x91][0xa1]|*s[0xfd][0x7][0x99]mnW[0xaa][0xca][\n]"
18:58:45.413 [main] DEBUG org.apache.http.wire -- http-outgoing-0 << "][0x91][0xcf][0xaa][0x99]/[0xd1]q[0x87][0xfd][0xcc][0x82]u[0xae]o[0xff][0xa9][0xf5][0xd0]#[0x1a][0xda][0xbc]8c1[0xb][0xcc]o[\r]<w[0x8][0xa5][0xdf]@N][0x9f][0x1b][0x5] [0x89][0xd8][0xab]p[0xc6][0x3][0xa3][0x84][0xd3][0x90]d[0xa7][0xfe][0xc7][0xf5][0xba]$/e[0x8c][0x13][0x8]w[0x1c]e[0xdc][0x17]H#*m[0x96][0xc4][0x2][0x11]R>8s[0xc0][0xa6][0x4][0xd2]B[0x8][0x95][0xb1]C7[0x89]T[0xfb][0xe5][0xfe][0x9e][0xcc][0xf2]l[0xae][0xab]N[0xb9][0xc8][0x99]#[0xb2][0xd0][0x9d]!F4[0xb0]*[0xc6]h,[0x86][0xaa][0xf5][0x90][0xc1][0xf5][0x15][0x7][0xc6][0xf3][0xcb][0xfd]=\[0xa4][0x91][0xd9][0xa1]`[0x84][0x9c][0xe0][0xdb][0xb9]&W[0x9b][Mn*[0x85]Ra[0xe9][0xd6][0x91]9uL([0xb7][0xbe][0xd4]1[0xcf][0xd4][0xa6][0xe2][[0x93][0xe8][0x82][0xd4]g<[0x0][0xb9]][0x8f]4D[0x8a][0xce][0xd4][0xaa][0xde][0x14][0xf7][0xe4][0x8d][0xca][0xd5][0x1f][0x8f]d[0x96][0xa0][0xb4][0xc4][0xe3][0xf6][0x99][0xf0][0xf8][0xfd][0xc4][0x9e][0xf5][0xb1]0[0x8a]i8<[0xb2][0xa1][0xc7][0xba][0x95][0x1a][0xf2]z#7\m[0xe2]I[0xfb][0xa2]8[0x96]v'[0xcd][0x4][0x13][0x82][0x86][0xc8][0x9][0x6][0xc9]3[0x9c] [0xb]w[0xa7])lY[0x9f])[0xec][0xba]ta[0xa1][0xb]2[[0x96][0xba]&[0x9f][0xcb][0x95]*[0xf0][0x11];[0xfd]A[0xeb][0xe][0x82][0xee][0xf]wX[0x90]=[0xc6]r!M[0x9a];[0xaa][0xa4][0xa8]A[0xe6][0xf3]V[0x1]8b[0xf8]O[0xf0][0x80][0xa0][0x84][0xe3]q[0x9][0x1c]o[0x9b]J}[0xbb][0xd5]U[0x85],(t;[0xc0]#}q[0xd2][0x87][0x15][0x16]4[0xb2][0xdd]cj[0xb2][0xc4]a[0xea][0xde]W[0xe5]\[0xb7]1v/[0xb2][0xcb]xdt\,[0xaa]bA.s5 orU[0xd7][0x1a][0x15]N[0xa1][0xa7]b4[0x19][0xc5][0xd3][0xf7]+hh5&[0xb0][0xa5][0xc1][0xd9][0x5][0x18]O+[0xeb][0xbe]XT[0xc5][0x2][0x92]D[0xd0][0x3][0xcc]j[0xfb][0xe9][0xbf][0xa9][0xa7]D[0xd9][0x93][0x8c]hb+?[0x4]D^[0xe4]7[0x8c][0xc9]?Y,[0xc6][0xfb]hjs[0x1b]A[0xd2]K[0xc3][0x19]'[0xb3],[0xcf][0xe6][0xf0][0xef]W[0xaa][0xd6]m[0xe2]z[0xad][0xee]g[0xea]N[0x93]i[0xbe]Y[0xe1]<[0xdd]y[0xe8][0xd2][0x3][0xd2][0x8][0x1a][0xd9][0xd2]C[0xc9]([0x1b][0xec][0xac]-[0xe9][0xeb]>Wg[0x1c]|[0xc9]V)[0xb8][0x7]U[0xeb].[0x9d][0xdd][0xaa][0x6]`N[0xbe]Y9C[0x18]:[0xa9]KU[0xeb][[0x95][0xe7]G5Y[0xe2]4=[0xe1][0xc9][0xe5][0x13]*lx][0x18][0x19]7{[0xb2][0x9a]l'[0xf3][0x13]u[0x99]Dqd[0xaa][0xaa][0xe6][0xb1][0xef]b[0x98][0xf][0x9b]s_zj.[0xd7][0x82][0xcc][0x8d][0x81][0xe]:[0xaf]b[0x84]}[0xd2][0x8f][0xa0]K|[0x95][0x95][0x15][0xf9][0xdb]_[0xd4][0xa2][0xac]4[0xc6][0xc][0x9c][0x19][0x8][0x8f][0xa0][0xb2]F[0x80][0x9b][0xab][0x8][\r]hl[0xbb]Q.[0x2][0x93][0xa6][0xc]S[0xf5][0xae]R[0xf7][0x95]*[0xe6][0xba]>[0x7][0xc9][0xcf]x[0xb0][0x95][0xdd][0xa5])[\n]"
18:58:45.413 [main] DEBUG org.apache.http.wire -- http-outgoing-0 << "[0x8b][0xbf]n[0xd4]7[0x9d][0x91]k[0xd5][0xe8][[0xc0]_[0xbf][0x0][0x2]{X[0x15][0xb9][0xd1]6S[0x13]9[0x1e][0xef]a[0xb5][0xd4][0xd5][0xa1]a[0x10][0x18]\k[0x1c][0xda][0xda][0x8a]m,[0xb4][0x15][0x1c][0xf0][0x92][0x16]su([0xcd][0x93][0xa3]0Qi[0xb5][0xc2]!B[0xb8][0xb2][0xcb][0xe8][0x0][0xd9]:[0xbc]Nk[0x12]G[0x93][0xc1][0xaf][0xb6][0xb][0xfe][0xdb][0xb0][0x0]R[0xba][0x3]B,BFm[0x1]![0x8a][0xe2][0x88][0x2][0xdc][0xb7][0xcf]$C[0xd1][0xb][0x9][0x91][0xa7][0x9c][0x8e]l!!F[0xa1][0xf6]2[0xdf]h[0xc8] u[0xf1][0x97][0x9a][0xfc][0xaa][0x8a][0xc5][0xad][0xba]?i.[0x99][0xd0][0xc0][0x16][0x9]8Oi<6[0x97][0xbc]U[0xf7][0xf5]9h[0xd0]&[0x90][0xa0][0x3][0x0][0x8a][0xad][0x16]N[0xf4][0x6]i[0xf3][0x1b][0x99]5[0x9b]EV[0x92]+[0xb5][0xd2][0x95]"S[0xbd][0xd0]5[0x8]8[0xbe]ba[0x92]F6[0xd3]a<[0x12]4[0x1a][0xfc][0xb4],Q[0xf0][0xe6]7[0x8]~F[0xf][0x13][0xfa]@[0x13]0[0xa2][0xad].[0x8e][0x83]H[0xe3]cT[0xe5][0x95]j[0xf4][0xef][0x9b][0x1a][0xa1][0xc8],[0xf0][0xb5][0xa9][0xb6]M,[0xb7][0x93][0x94][0xd6][0x9b]Oe[0x90]P9<[\r][0xb0][0xa1]);[0xd1][0x9d][0x18][\n]"
18:58:45.413 [main] DEBUG org.apache.http.wire -- http-outgoing-0 << "[0x86][0x90][0xb4][0xca]W[0x9a]\[0x85][0x12][0xa3]tn5[0x85]p+[0x19][0x1e]|[0xd2]%r![0xa7][0xec]$[0x10]J+,\k([0xdd][0xe]$[0x94],Mib+bB&BI[0x3][0xc][0xc9][0xc9][0xe0]9i[0xa5][0xd8]w[0xf9][0xac]]N[0xf4]z[0xc2]  7[0xe5][0xe6][0xa8][0xb1][0x95][0xf4][0x9f][0xe][0xaa]T[0x84][0xf0]E[0x1d][0x80]j[0xac]=-[0x1e][0xa7],1[0xe8][0xf7][0xb8][0x1e]g[0x18][0x4][0x90][0xa6][0xb7]B;=[0x5][0xeb][0xe1][0xbc][0xb3]&[0x9b]?[0x90][0xeb][0xb2]([0xd7][0xe5][0x2]7[0xb3][0x9c]`[0xbd]dn[0xb0]>8[0xc8][0xa5][0xba][0xd7][0x13][0x99][0x9a][0xe5][0xf4] [0xaf][0x91][0x1e][0xa2]m+[0xbf][0xd3]X[0xd2][0x9e][0xb1]|[0xf1]![0xf7][0xb8]$[0xf0][0xa4][0x87][0x1]e[0xb6][0x18]'[0xc3][0x94][0x9e][0x4][0xb8][0xdf][0x9b]J[0xaf][0xe3][0x82]P[0x1b]!#[0xc9]hbw[0xcc][0x89][0xc][0x4][0x15][0xc][0x15]`Q[0xcf]R[0xc2][0xbe][0xa5]0[0x94]{[0xf6]-[0x85]!K[0x99]A[0xd6]~[0x9b]=hr]6e5[0x9c][0xe7](3[0x8d][0xfb][0xb1][0x86][0x1f][0xc4][0x1a]o[0xee]m[0xad]([0x19][0xf][0xb8][0xa4]bpGk[0xb5][0x17][0xf3]|/[0xbb]y@[0xfb][0x1f][0xbb][0xfa][0xdf][0xa8]E[0xa9][0x1a][0xf2][0xba][0xc4][0xe6]r\F[0xe1][0xa6][0x9d][0xdb]Z([0xb3][0x15][0xf2][0xa1][0xa4]r[0xb0][0xb1]ty[0xda][0x95][0x82]^$[0x88][0xe9][0xec]i[0xcb]>[0xd9][0xa1][0xad][0x98]/U[0xd3][0xe8][0xea][0x91]L[0xd5][0xfc][0x1][0xf5][0xef][0xdc][0xde]Ox\_L[0x99][\r][0x9b][0x11][0x91]8[0xad]S[0xe8][0x88][0xe][0xbb][0xda]x[0xab][0x6]d[0xe]j[0xfe][0xe0][0x82]i[0xf0][0xbd][0xe6]_[0xb3][0x82][0xbc][0xcb]uV[0x90][0xab]w[0xe4]#n{y[0xe2])[0xf3][0xc4]SI#[0x7][0xa2]:[0xa2][0x89][\n]"
18:58:45.414 [main] DEBUG org.apache.http.wire -- http-outgoing-0 << "[0xab]V[0xe6]3[0x1e][0x18][0xa9]![0xac][0xbe][0x3]R[0x83][0xaf][0xd7][0xc5]d[0x94]H{le<[0x8a]"[0x93][0xc6][0xee][0x1c][0x6]V{[0x1f]ZSkz[0x8e]m[0xa7][0xac]j[0xdd][0x90][0xf7]Z5Khv[0x1]P3{[0xc8][0xaa][0xc6]S[0xcf]"[0x9f][0x11]{<[0x6][0xa7][0xd2][0xea][0x5]e<[0xa2]\[0xdf]&[0xe6][0x8b]J[0x9b][0x12][0xbd][0x15][0x1f][0xda][0x8b][0xad][0x2][0x90][0xa7][0xb7][0x90][0x8c]Q[0xc2]ej);NM[0xaf]t[0x9e]gEF[0xae][0xcb][0xb2]X/U[0x8d][0x1b][0xac][0xb2][0x9f]ht[0xe]%j;~[0xe][0x9f][0x12]Rn[0xbb][0xd7][0x88][0xa5],[0xa4]rp[0x96][0xb1]=[0x85][0xe3]$u[0xab][0x84][0xf1][0x9f][5\[0x88]7[0x8a][0x19]7[0xea]6o[0x1b][0xcc][0x1e][0xeb][0xea][0xee][0xdc][0x17]$B[0xd3][0x0][0xeb][0xb3]T"C[0x1a][0x18][0xa6][0xeb][0xb2]\[0xe9][0x9f][0x17]z^V[0xaa][0xc9][0xca][0xe2][0xdc][0x88][0xbb]m(;[0x91]6D[0xea][0xf8]-[0xfb]Z[0x92][0x19];ACS[0xda][0xbb][0x16][0xc][0xac]@[0xc]v[0x9d]8[0xc3][0x0]Y[0xe1][0xed]2[0xb7][0xb7][0x88][0xa4][0xe4][0xae][0xde]}[0x18][0x86][0x91])|[0xf6][0x99]x[0xda][0xaf][0xe6]-[0xee]"[0xec]b[0x90][0xcd]_[0xa4][0x8][0x7]z[0xfb][0xf9][0x8a][0xbc]-[0xee]u[0x91][0xe9]ME^n[0x9a]r[0xa5][0x9a]lNf[0x8d][0xd6][0x87]E[0xad][0xb7][0xb2][0x87]O[0xc5][0x93]([0x18][0xb7][0xb7][0x11]8K[0x81][0xf4]p*[0xeb]y[0xfb][0xf9][0xca]P[0xef][0xb6]JA?"
18:58:45.414 [main] DEBUG org.apache.http.wire -- http-outgoing-0 << "y[0xa7][0x96]Ii[0xb5]vV[0xb8][0xe8][0x99][0xbd]/[0x8b][0xfb][0xac][0xd0]5[0xb9]Vu[0xa3]+rU[0xe6][0xb9][0x9e][0xc3][0x8b]=([0x2][0xbd]U[0xa0][0xa7][0xd6]mQ[0x9a]~r[0x12]G[0xc1][0x18][0xc4][0x1b][0x9f][0xc3]N[0x3][0x13][0xb3]A[0x7][0xf0]({-[0xdc]/[0x92][0xa7]Fr[0x1b]g[0x92][0xcb]([0x96]&+[0xdf][0xbf][0xc8][0xa8]_[0x1b][0xf2][0xde][0x8b]L[0xba][0x12][0xc9][0xf2] [0x13][0x14][0xbf]>@[0xae][0xfb]2[0xab][0xc8][0xdf][0xca]j[0xa1][\n]"
18:58:45.414 [main] DEBUG org.apache.http.wire -- http-outgoing-0 << "[0xc2][0xc8]'[0xbd] /w[0xdd]-_[0x1][0xce][0xe][0x13][0x6][0x17]g#6[0xa4]OKh[0x16]#[0xf8]@[0xa8]S[0xf9][0xa1][0xcd]x_f[0x6][0x90]5Z@[0xbf][0x1]x[0xb1][0x1a][0xba][/[0xbb][0x1e][0x97][0xe3][0x19][0xe2][0xd6][0xf8]u[0x96]?[0xe0][0xc6][0xa5][0x13][0xad][0xc][0x9c]hejzt=[0x85]S[0xf3]w[0x8d]M[0x83]A>[0x17][0xd9]W[0x1c][0xd4]1[0xd8]p[0x8e];[0x92]8[0xd7]s[0xda][0xc]w[0x94][0xf8]bD>ok[0xcc][0x19]Y[0x9d][0x1c]<[0x94][0xd4][0xef][0xa8][0x94][0x9f][0xcd]?<-0[0xcc]Ts[0xbb][0x84][0xd8][0x1e][0x5][0xe2][0xd0]T[0x9f]?[0x80]H[0xd9][0xca][0xed][0xc2][0xcd]{-[0xe6][0xab]e[0x96]gd[0xaa][0xd7]k[0xcc][0xb8][0x9][0xdc][0xcd][0x91][0xc3][0xd6]H[0xea]!h[qOn*[0xeb][0xb1][0xf]t[0xd7]Z6[0xd2][0x1b][0x90][0x13][0xe4]w"[0x19]([0x8f]2[0xd4][0xa9]w[0xcc][0x7]d0[0xe4]4=.G[0xd2][0xd4]Vks[0xc9]O[0x3]dliS[0xef]<i[0x86][0x8c][0x12][0xbb][0x1b][0x10]qD[0xe3][0x8]9[0xf4][0xb8][0xcf][0xbf][0xeb]7[0xc][0xba][0x8a][0x84][0xd9][0x18][0xc7][0x11]"[0xb3][0xbf]kM[0x8c][0xcc]2[0xfd][0x15]c[0x17][0xee][0x92][0xde][0x3][0x80]%V[0x12]![0x97]&[0xc7];[0x9d][0xb][0xd8][0xca]lZ[0xc4][0xfa][0xab][0x1b][0xb3]@e[0xc7][0xb5][0xaa][0x8a][0xcc][0x4][0xab][0x9f][0xb6]D[0x8c][0xd9]&[0xc3][0xc8]x[0xec]N[0xa0][0x12][0x1f][0xb2])[0xc][0xb7][0xae][0xef][0x16]bN[0x83][0xc1][0x89][0xc2]Q[0xd9]e[0x84][0xdf]G[0xa8][0x9f][0x10][0x7][0x3][0x94]p[0xbf][0xaa][0x14][0xee][0xca]*][0x9a]Ph[0xf0][0xec][0xcb][0xdc][0xa0][0xff][0xaa][0xfa]iB[0xda]%[0xfc][0xb6]4A[0xe2][0xd3].[0xc8]4W[0xd9][0x82][0xcc][0x96][0x7][0xc5]m[0x8f][0xec][0xd2][0x15]:[0x91][0xbb][0xd0][0x9][0xa9]5[0xff][0x8e][0xcd][0xdc][0xcc][0xa8][0x8c] [0xab][0x1a]8[0xde][0xc2]P[0x9]T[0xb6]0[0xc]&O%[0x1b] ([0xb5][0x8f][0x1a][0xbb][0x3][0x8b][0xf4][0x4][0x16]~[0xf0][0xb8]:[0x1c]u[0x84][0xf7][0xb1][0xe0]CO`[0xc4][0x11][0xe6]d[0x1d][0xf2][0xfd]n[0xd4]-[0x99]%[0xc0]#[0xa9][0x8f][0xa6]~[0xa4][0xc7][0xe3]J[0x8f][0xc7][0x15]4[0xb4][0xbd]J[0x19][0xb][0x93][0xbc][0xe][0xd3][0xb9][0x81]B[0xb5][0xb1][0xf2][0xfe]n[0xd4][0xad]a[0xff][0xb5][0x84][0x91][0xfa][0x89]Q[0x1f][0xec][0x1d][0xdf]dUNf[0x9b][0xd5]JW[0xe4][0x15]X[0xe3][0xd8][0xdb]N[0xed][0x85][0x85]l[0x8f]d[0xa0][0xe6][0xd0]z[0x7]I[0x8d]C[0x0]Y[0xa1][0x83][0x6][0xd2][0xba]2X[0xe4][0x18][0xdf][0xeb][0x15]N[0xfd]Z&[0x84][0xd5][0xef]S[0xe6]r[0xfb]-![0xc4][0x92]![0xc4][0x83]=`[0x97]![0x18][0x1]=[0xbd][0xf6]44[0x8e][0xb6][0xef][0xe3]d[0x0][0xd1]h[0xe7][0xe2][0x4][0xeb]y8[0x1f]e[0x93][0xd9]8[0x9b])?[0x82][0xfe]k2+[0xb4]z[0xd0]UM>[0xde][0xdd][0x91][0xcf][0xcb][0xac][0xd1][0x10]d[0xe]:[0xae][0xbe]~[0xeb][0xf3][0xe8])1[0x8d][0xad][0x9]J<[0x6]EE5Q[0xab][0xb][0xbc][0x9e][0xad]6[0x80][0xa1][0xde][0xc1]@[0x88][0xd1][0xa8][0x8d]<.[0xca]7[0x1e]^[0xca][0x9a]jS[0x93][0xd9][0xdf]7Z[0xff][0x8f][0xae][0xc8][0xea]</[0xbf][0x8d][0xa4][EV&[0x85][0xe0][0x94][\r]v[0x8f][0xb6][0x9c][0xa2][0x95][0x1d][0xce]`+[0xfd][0x19][0xf]Z[0xf9]][0xf5][0x13][0xca][0xc0]?[0x97]%[0xf0]w?[0x95][0x0][0x8][0xde][0x93]i[0x86]Q[0x8][0xe6].[0x84][0x99][0xd3]E&[0x6][0xe2][0xb2][0xd2][0x1c][0x7]7lj[0xb7][0x92][0xc3][\r][0xb7][0xb2][0x83][0x8b][0xcc][0x9c][0xc4]]t[0xd7][0xaf][0xd5]*[0xcb][0x1f][0xc9]M[0xa5]5[0x99].[0xcb][0xa6]$[0xaf]+[0xb5][0xd2][0x9e]2K[0x1e][0x2][0x0][0xae][0x84]*[0xb0]S[\r]Y[0x18][0xd2][0xf4]d[0xa8]f+[0xbd]avj[0xc3]#[0x4][\r][0xa0]a[0x4]:[0xb8]Z%[0xa8][0xf8][0xb8][0xde][0xdc][0xb7][0xaa][0xcf][0x1a]U`s?[0xe6][0xb4]"[0xc0])[0xf6][0xc1]M[0x91][0xb5][0x17][0x96][0x9e][0xf8][0xb6][0xaf]7[0xf7][0x9d][0xce]Ftg[0x10]<j[0x8e]![0x15][0xdd][0xcf][0xd9]]b1;R[0xcd]Lm36B[0x18][0x1]=[0xb5]U[0x12][0x19][0xea]W?[0xe8][0x6][0x81][0xe9][0xc1][0xed]B[0x84][0x5][0xbd][0xb5][0x94]V[0x1d]Xf[0xe5][0xe7][0xa2][0xd0][0xfa][0xb2]([0xb2][[0x95]k[0x0]'[0xcb][0xd5]mI.[0xf]"C[0xd8][0xb1][0xb3][0x90][0xd4][0xd7]RLh`[0x9d][0x17][0x8f]CF[0x87][0xb3][0x15]7U[0x91]5[0x9b]J[0x9f][0xef][0xc4]n[0xf1]H[0x10][0x1c][\n]"
18:58:45.415 [main] DEBUG org.apache.http.wire -- http-outgoing-0 << "[0xe]g[0x0]`a[0xe8]L[0x1d]g,@[0xc3]?[0x1e]4[0x96][0x7][0x6][0x8d]}[0x92][0xd8][0xcf][0x8c][0xd7][0xef]G[0xc2][0x0]xu'[0xe9][0x9][0xd8][0xc6]FX[0xf0][0x3](%([0xf]H|[0xa4]++[0xa5]$[0x14][0x6][0x94][0xf9][0xd3](%[0xd1]1[0xe5][0xf0]uUb[0xf8]w[0x18][0xc6][0x16][0xda][0xdb][0xb2][0xc9][0x88]Ip[0x93][0x1b]o)[0x85]FFWJ[0x1c]`H[0xe4][[0x86]T9[0x2]uq[0xf7][0x8a][0x8a][0x83]i[0x14][0xe6],w[0x1c][0xf3]k[0xe9][0x9][0x10]4[0x90][0xd6][0xd3][0xed]f[0xb1]`[0xf6]r[0x8b][0x5][0xa9][0x8][0xe][0x87];[0x9f][0x95]#[0xa7]8HX[0xda]Wx][0x6]@[0x98][0x5][0xb9][0xd6][\n]"
18:58:45.415 [main] DEBUG org.apache.http.wire -- http-outgoing-0 << "a[0x0][0x9e][0xfe][0xb6][0xb7][0xd7][0x19]Z[0x99][0x4][0xf1][0x88][0xc2][0x9][0xd1]EZI[0xe1][0xe1]k[0xe5][0xac][0xfe]%[0xa6][0x9a][0xea][0xa2][0xc8]j[0xf2]I[0x1d][0x82][0xcb][0x3]y[0x12][0xa9][0x9d]K[0xc5][0xc2]v[0x19][0xc4][0xc9][0xd0][0xe5]VjH[0xf7][0x94][0x7]\[0xe][0x11][0x94]3-[0x1b][0xd5][0x94]x[0x9a][0x80]S[0xee]BY[0xcd]'[0x8e][0x9]4;[0x86]<[0x9c][0x3][0xd3]][0xde]ND[0x8f][0x15][0xc4][0xdc]>G[0xcf][0xa4]4[0xc][0xff][0xe][0x8][0xeb][0xf7][0xcb][0xfa][0xc][0xb1]h[0xff]"[0xac]\J4[0x3][[0xd7][0xba][0x98][0x3][0xb3][0xa8][0x9e][0xab]J[0x91][0xf7][0xaa]^[0x92]i[0x95][0x1]w[0xa5][0x1e]i[0x11][0x1][0x8d][0xac]O&[0x1d]1[0xd3]w[0xab][0xd5][0xa6]y<[0xdf][0x8a][0xdd]v&Ap[0xd3][0xff][0xaf][0x97][0x86][0xc9][0xdf][\n]"
18:58:45.415 [main] DEBUG org.apache.http.wire -- http-outgoing-0 << "[0xef][0xca][0x91][0x3][0xdc][0x96]P[0xd0][0x99]=n[0xc][0xba];[0x12]![0xf7]f[0xc8][0xd6][0xc0][0x1f][0x8f]h[0x93][0xd9]2[0xe4]V[0xe8]':[0x80][0xdf][0xd1]:[0x13][0x7]W[0xe9][0x0]P\[0xad][0xb3]tD[0x8b][0xe5]{[g[0xe3]j;[0xa4][0xa6]GOgm[0x17][0xc4][0x86][0xc][0xf8]'[0xd4]v[0xc8]G[0xa4][0xdc]1[0xfe][0x1b][0x87]4[0xc5][0x1b][0x10][0xfa]Q[0xd2]K[0xf2][0xb0][0xb2]H[0xbf][0xb3][0x93]up[0xbe][0x9e][0x3]v[0xb4][0xb2]X[0x10]$49[0xe5][0xe][0x80]~3k[0xd7][0x98][0xc4][0xef]([0xab][0x97]@UQ[0x7][0xc4][0x0][0xf]%[0xc3]i[0xff]1[0x8d][0xac][0xdd]1F[0xe5][0x9]&zA[0xce][0x96]{[0xa2]\&[0xcf][0x91]c[0xbb]*[0xcb][0x7][0x80]y>f[0xb9][0xdb][0xf0]1[0xff][0xe6]yC[0xcb][0x8c];|[0x1c][0xa3][0x83]S[0x0][0x94][0xe1][0xb4]B[0x3][0xb2][0x97][0xb9]g[0x9][0x5]N[0xeb][0xdb].Y[0xd1][0x9f]'[0x1c][0xd8]A7#[0x14][0xfd][0xec][0xbe][0xad]~F[0x8f][0x13]v-[0xb1][0xe2][0xc9][0xa1][0xc2]q[0xce][0xee]y#[0xb3][0xe]_'[0xc3][0x11][0xb3]2[0xa7][0x80][0xb1]Pn[0x7][0xed][0xd0][0xf]*[0xcb][0xc9][0xb4][0xcc][0xb3]z9[0x12][0xa8][\r][\r][0x98]c[0x99][0x9d]1[0xa4][0xcc]Q[0x9]I[0xdb][0xf8][0x4]QAI#[0xac]o& [0x12][0xae]q[0x13][0x19][0x1b][0x10]q[0xef][0xcb][\r]u[0xe3])[0xc8][0x87][0xf3][0x8e][0xc9]z[0xd2]M[0xe][0xcf][0xab][\r][0x1c][0xdb][0x1b][0x98][0x88][0xa9][0x1c][0xbb][0x10]n[0xc0][0xf6][0x6]&[0x11][0xde][0xf3][0x1b][0x10][0xd6][0x1e]o[0xf][0x86][0xaa]{[0x80][0xb7]<[0xb0][0x17][0xf7][0xfa][0x9a][0xc0][0xda][0x6][\r]h8[0xd8][0xc5][*[0xa0]NbW[0xf1][0x83]|[0xc3][0x7]][0xcf]a"[0xe0][0xaa][0xbc][0xbb][0xd3][0x1e]v[0x4][0x2][0xb2]B[0xcf][0xca][0x13]k[0x19][0xce][0xd9][0x8][0x90][0xb7][0xf3][0xef][Q[\r]h[0x7][0xc2]:[0xd1][0xba][0x0][0xdb]"
18:58:45.415 [main] DEBUG org.apache.http.wire -- http-outgoing-0 << ";[0xc]t[0x83][0x1b][0xf4]no[0x17][0xf9][0xb8][0xc8][0xb1][0x1d][0xbb][0x81][0x9e][0xee]p[0xea][0xa8]}[0x1c][0xe8][0xc6][0xc7]x[0x8][0x1d]4[0xad][0xb4][0xf5][0x9];[0xcb][0x97]}[0xc3][0xf7]%q[0xdc][0xca][0xd4][\r][0x90][0xe1]_j[0xd5][0xd4][0xe4]5[0x90][0xdb]?g[0x95][0xce]u][0xc3]v[0xc8]Vx[0x8f][0xf][0xe8][0xaa]g[0xf]+2[0xb1][0xcf][0xa7][0xb]IO[0xb9]<[0xcc][0xa8][0x0][0xd1][0xa3][0xa5][0xb7][0xef][0xd4]h[0xd7]Cno[0xc1][0xc5][0xf0]G>[0xc1],[0xbf]"[0xe0]S[0xc8]]Y[0xb5][0xc3][0xc8][0xc8]t|(p[0xf8]L[0x14]85i[0x9f][0xa5]`[\n]"
18:58:45.415 [main] DEBUG org.apache.http.wire -- http-outgoing-0 << "[0xd9][0x88]`sDT6z@*Q[0xe6][0x10]}[0xee][0xcc][0x8][0xbf][0xd1][0xe6][0xa4]k21[0xe][0xec]e[0x89]X[0x17]&[0x85][0xd0]#[0xfa][0xbf][[0x93][0xb9]cb#E[0xa7][0x9b][0x95]"[0xaf]7[0xd0]: [0x9f][0xb2][0x85][0xae]`[0xcb][0xb][0xec]ACZ[0xf7]fZpB[0xe1]%WY[0x17]P$[0xe1][0x88]b[0x6][0xc5]=[0x10][0x1d][0xde][0xbb][0x11][0x1e]@1[0x10][0xbf]][0xf7]b[0x14]p[0xa2][0xfe]xOn[0xd3]d[0xcd]f[0xa1][0xc9]l[0xb3][0xd6][0x15]L[0xf6]|[0xd5][0xed][0xe4]=[0x99][0x95]j=2[0xa7][0x8a][0xcd][0xfe][0x18][[0xdd]3<e~[0xc8][0x8a][0x9f][0xe7][\n]"
18:58:45.415 [main] DEBUG org.apache.http.wire -- http-outgoing-0 << "[0x1a]=[[0xd1]M[0xd2][0xbc]6[0x9a][0xb7][0xe2]o[0x87][0xee][0xe1][0xe7][0xa5]rN}D[0xa8]Gx[0xa3][0xaa]F[0x15][0xc7][0x14][0x99][0xd0][0xd3][0x2]N[0x9f][0xb7]n[0x80][0xdb][w,[0x1d]M[0x98]iEv1e[0xf0],v[0xe8]H'y[\n]"
18:58:45.415 [main] DEBUG org.apache.http.wire -- http-outgoing-0 << "[0xf3][0x1f]([0xa8][0xa4]}[0xf0][0xd0][0x97]Mr[0x1b][0xdb]>F1[0xa5][0xe5][0x1f][0x90][0xa9][0xd6]9[0xe6][0xf4][0xe][0xda][0x9b][0xc4][0xe][0xf9];[0x98]Qp[0xd2]%z[0xad][0xcc][0x86][0xc9][0xb]R[0xbb][0x1c][0x8];@[0xd0][0x1c]L[0x9a][0x9f][0x8e][0xb8]4[0x9e]=6[0xdc][0xb7][0xc8][0xe6][0x0]/[0xe9][0xae]/[0x94]#[0xc0][0xf5][0xef][0xa2][0xcf][0xfc]d[0xa7][0xd0][0xa0][0xa1][0xe][0xe9][0x12][0x12]b<[0xa6]1=[0x87][0xa8][0xb9]g[0xff]r[0x1b][0xfb]7[0xc6][0xfd][0xda]u6[0xd7][0xa6][0x89][0xe1]![0xb6][0xa1][0xb6]t[0xfa][0xac][\r][0xd6][0x89][0xbd][0xdb][0x9f][0xb2][0x11]{([0xed]xffP[0xea]On[0xa8][0x16]ul~y[0xd4][0xf5]R-[0xc0][0xa0]T[0xae][0x9b]f[0xb7]'+[0xab][0xaa][0xb2][0xf2][0xa8][0xff][0xac]eI[0x81]=R[0xa5][0xc3][0xfd][0xf4][0xe][0x8b][0xdf]Im[0xe6]x[0x8d][0xdc]h[0x11][0x96][0x91][0xdd][0x85][0xc5][0xa3]N[0xdc]4W[\r][0xaa]_[0x8e]7[0xec]u*[0xc6][0x9e]5[0x9c]6[0xe][0xee]p[0xfd]l[0x17]j[0xc4]t[0xd6][0x9d]x[0xb6][0x3][0xe0][0x1d][0x98][0x83][0xb3][0xc2]Sn[0x88]1vC[0x8c])[0xe5]V[0x96]q[0xcb][0x94][0x1e][\r]Om%~[\n]"
18:58:45.416 [main] DEBUG org.apache.http.wire -- http-outgoing-0 << "[0xa0]B.[0x81]s[0xb3][0xba][0xda]Bv[0x90][0xa6][0xf5][0xd3][0x1][0xd2][0xcf][0xda][0xff][0xd1][0x85][0x1d]+{[0x9b][0xe3][0xaa][0xf7][0x1b]y[0xf5][0xcb][0xfb][0xf7][0xe4][0xcb]tFXHRX[0x8][0xf2][0xde][0xac]x[0xf2][0xe][0xd7][0xe1]M[0xc8][0x1e][0xfa][0x8a]A[0xd3][0xfb][0x5][0x1a][0xf][0xe2][0x11][0x14][0x8e][0xdd][0x6][0xaa][0xf][0x1a][0xc][0x5][0xa4][0x87]Jq:[0x83][0xd9][0xae][0xf0][0x8c][0x7]i[0xbb]![0xa4][0xd5][0xc2][0xf5][0xc2]F,R[0x12][0x87][0x99][0x8d]{M[0xb9][0x15][0x97][0x82][0x84][0xf6]O[0xd8][0x9d]$P[0x14][0xbe][0xc9][0xea]z[0xa3][0xc9]TA[0x16]{Y[0xfe][0xe1]&@t[0xce]B8[0x9d][0x5][0xb7]G[0x0]1b[0x9d]Z[0x7]u[0xb4][0xa2][0x1a][0xd8]f[0xad][0x97][0xe5][0x1f].0'>D;?[0x16]YY[0xe0]r[0xcc]y[0x8d][0xb1][0xe7][0x12][0xad]|[0xfd][0xf8]$[0xbd][0xec][0x16][0xe9]l[0xc5][0xfc]7]l[0x88][0xb8][0xdd][0xb1][0x8c][0xad][0x13]E[0xb1][0xd8][0x86][0xe2][0xce][0x7][0xf6]Wk[0xfa][0xd6][0x92]s[0xeb]J[0xde]S[0xef][0xd6]|&[0xe3][0xd5][0xb1]\[0x93][0xf1]x[0x4][0xe3][0xf5][0x87]o[0xd7][0xfc][0xbe][0x99][0x81]rH[0xb7]t[0x8c][0xfc][0xa7]b[0xcc][0xf6][0x86]gM[0xfc][0xef]C[0x0]RkZ[0xa9][0x85]jc[0x0][0xb9][0xc4][0xde][0xe8][0xdc][0xb][0x80]8V[0x90][0x14]B[0xfd]`[0x90][0x1b][0x7][0x0]#[0xf2].[0x2][0x18][0xfb][0xea][0xf9]~[0xcc][0x8a][0x11][0xa9]5[0x16]3[0x9][0xe5]5J1[0x9e][0xb5]6[0xa9]3.[0x1b]1V[0x1c]:[0xe2][0xf7][0xd9][0xba][0x6][0xaa][0xa1][0x87] [0x89][0x88][0xc5][0xdc]}[0xa4][0xc2][0xb1][0x95][0x8f][0x99]P{[0x82][0xae][0xd3]NR[0xe7]Ljt[0xd4][0xc9][0xcd]R[0xd8][0xd6][0xf9]W[0x8c][0x83][0xb8][0xdf]K[0xe8]{/[0x82][0x86]v[0xf6]'[0x1f][0xf3][0xf5][0x1f][0xfd]n[0xfe]k[0x96][0xb6][:[0xff][0xea][0xd9]r[0xc][0xb7]`[0x95][0x6]Z[0x9a][0x7],[0xc2][0xfe]v[0xf4]~[0x8d][0xda][0xa5][0xa3]6[0x16][0xe1][0xf7][0xc6]mT[0xa2]zh[0xd3][0xd6][0xb8][0x9d][0x8e][0xf8][0x6][0x8e][0xef][0x8b][0xdb][0xff][0xe2]K[0xb][0x85]t[0xac][0xa5][0x10][0xa2]][0x13][0xbd][0xf7]&}w[0xe2][0xd9]I[0xc1]m[0x1c];[0xcc]9[0xbf][0xde][0xe4]G[0xb][0xe4][0x8f][0xeb]?[0x86]3V[0x87][0xad]q[0xb3][0xf7][0xc9][0x96][0xb1][0x9e] [0xab][0xdb][0x89][0xf8]c[0xbe][0x81][0x6][0xa1]`[0xfe][0x8d]r[0xb6]W[0xc2][0xc5][0x88][0xfa]v[0xec]7[0xd0]|[0xff][0xb4][0x9][0x1a][0xb2]t[0xf7]J[0x1c][0xd3]&[0xd2]T[0xf8]?d[0xda]d[0xb7]00<* w[0xc3][0xe6]WK[\r]d[0x9a][0xc3]a[0xe8][0x81][0xf9]bb[0xe7]Y[0x0]WxtW[0xc4][0xcc]Co[0xab]H<gn[0xe4]w[\r]Gc[0xe]][0xe0][0xd8][0xc5][0x18][0x1f]2[0xcd]c[0xf9][0x1c][0xc8]b[0xbf][0x88][0x91][9t[0xa3]y[0xb6]x[0x83][0x9f][0xf3][0xb8][0x1d]<[[0x91][0x8e]([0x8a]F[0xf3]l[0x19].[0xdd]/U[0xfd][0xa0][0x1b]S[0x5]~[0xca]V[0x9e][0xf6][0xb][0x2])[0xa4][0x87]Dh[0xef][0xba][0xc1][0xfb][0x1a]1bc-[0x3][0xb7]b[0x9b][0xd6][0x9b]g[0x9f]6[0x87]!Z[0xeb][0x8]C[0x12][0x99]Y(_[0x19][0xe8][0xd9]c[0xc0]mt[0x9e]qk[0xd8][0x91]/[0x8e]=t[0x9][0xc7][0x1a]v.y0[0xa2][0x81]=|[\r][0xfb]I[0xa8][0xc][0xcf][0xc5][0xc0][0xac]\[0x6][0x96]p[0x93][0xec][0xfe]?`3[0xe0]/[0xe8]jw[0xeb]\[0xea]<[0xef][0xad][0xd6]aGs[0x10][0xe8][0xea][0xf]6e[0x1f][0xb6][0xa2][0xec][0x83][0xf2][0xa7]Xy[0xba][[0xa5][0x3][0xc2]>[0xbd]I[0x87][0xf5][0xa0][0xe]y[0xb0][0xdc][0xc0]}[0xb9][0xb1][0xf7]r[0xad][0x5]K[0xc][0xd4][0xfe][0xd3]~[0x9b][0x9f]t[0xba][0xc6]U~[0x1a]jI'[0x11][0xa7][0xc2][0xfa][0x85][0x97]"I[0xe][0xbf]` [0xee]7[0x7],3][0xfb][0xef][0x9c][0x9][0xad]D[0xa7]q[0x9b]tP![0x1f]{[0x8b]][0xeb]&[0x1d]&[0xc5][0x88]1[0x88]Q[0x9b]t[0xf6][0xa0][0x10]R[0xaa][0xe6][0xd9]]6W[0xfd][\r][0xe9][0xa1][0xe5]K[0x90][0x91]K[0x84]x[0xe0]6[0x9c][0x98][0xda]G[0x4][0x13][0xc9][0xe3][0x13][0xec]G[0xdf]I[0xfd][0xe4][0x92][0xf4][0xef][0x1b][0xfd]B[0xa8][0x9e]{;[0x88][0x1d][0xa0]Iip[0x82][0xb9]=[0xd7][0xe8][0xd7][0xae][0xc1][0x11][0x1d][0xb4]@[0x8b][0x86]L[0xcb][0xc6]SI[0x89][0x3]O[0xe0]R([0xb6]O[0xeb][0x8b]tD[0x0];fv[0x1b]i[\r][0xd9][0xd9][0x97]n[0xf3][0x4][0x90]V[0xeb][0xfa][0x13][0xc6][0x92]X[0x4]G[0xbb][0xc3][0x9e][0xf5][0xfd]S![0x9e][0x9d][0xf]^L[0xea][0x87]l=[0xb9][0x8]^L[0xf2]l[0x95]5[0xe0]"[0xfe][0xf9][0xbf][0xab][0xb6][0xa5]<9}[0x0][0x0][\r][\n]"
18:58:45.416 [main] DEBUG org.apache.http.impl.conn.DefaultManagedHttpClientConnection -- http-outgoing-0: Close connection
18:58:45.418 [main] DEBUG org.apache.http.impl.execchain.MainClientExec -- Connection discarded
18:58:45.418 [main] DEBUG org.apache.http.impl.conn.PoolingHttpClientConnectionManager -- Connection released: [id: 0][route: {s}->https://dummyjson.com:443][total available: 0; route allocated: 0 of 5; total allocated: 0 of 10]
18:58:45.418 [main] DEBUG org.apache.http.impl.conn.PoolingHttpClientConnectionManager -- Connection manager is shutting down
18:58:45.418 [main] DEBUG org.apache.http.impl.conn.PoolingHttpClientConnectionManager -- Connection manager shut down
18:58:45.420 [main] DEBUG com.intuit.karate -- response time in milliseconds: 574
1 < 200
1 < Access-Control-Allow-Origin: *
1 < Content-Type: application/json; charset=utf-8
1 < Date: Sat, 02 Aug 2025 11:58:45 GMT
1 < Etag: W/"7d39-+rQ7kyHBCLIn9tjTeKVf4oegWkQ"
1 < Server: railway-edge
1 < Strict-Transport-Security: max-age=15552000; includeSubDomains
1 < Vary: Accept-Encoding
1 < X-Content-Type-Options: nosniff
1 < X-Dns-Prefetch-Control: off
1 < X-Download-Options: noopen
1 < X-Frame-Options: SAMEORIGIN
1 < X-Powered-By: Cats on Keyboards
1 < X-Railway-Edge: railway/asia-southeast1-eqsg3a
1 < X-Railway-Request-Id: SSKNavkFRhmckvV-DcO5xA
1 < X-Ratelimit-Limit: 100
1 < X-Ratelimit-Remaining: 99
1 < X-Ratelimit-Reset: 1754135935
1 < X-Xss-Protection: 1; mode=block
1 < Transfer-Encoding: chunked
{"carts":[{"id":1,"products":[{"id":168,"title":"Charger SXT RWD","price":32999.99,"quantity":3,"total":98999.97,"discountPercentage":13.39,"discountedTotal":85743.87,"thumbnail":"https://cdn.dummyjson.com/products/images/vehicle/Charger%20SXT%20RWD/thumbnail.png"},{"id":78,"title":"Apple MacBook Pro 14 Inch Space Grey","price":1999.99,"quantity":2,"total":3999.98,"discountPercentage":18.52,"discountedTotal":3259.18,"thumbnail":"https://cdn.dummyjson.com/products/images/laptops/Apple%20MacBook%20Pro%2014%20Inch%20Space%20Grey/thumbnail.png"},{"id":183,"title":"Green Oval Earring","price":24.99,"quantity":5,"total":124.94999999999999,"discountPercentage":6.28,"discountedTotal":117.1,"thumbnail":"https://cdn.dummyjson.com/products/images/womens-jewellery/Green%20Oval%20Earring/thumbnail.png"},{"id":100,"title":"Apple Airpods","price":129.99,"quantity":5,"total":649.95,"discountPercentage":12.84,"discountedTotal":566.5,"thumbnail":"https://cdn.dummyjson.com/products/images/mobile-accessories/Apple%20Airpods/thumbnail.png"}],"total":103774.85,"discountedTotal":89686.65,"userId":33,"totalProducts":4,"totalQuantity":15},{"id":2,"products":[{"id":144,"title":"Cricket Helmet","price":44.99,"quantity":4,"total":179.96,"discountPercentage":11.47,"discountedTotal":159.32,"thumbnail":"https://cdn.dummyjson.com/products/images/sports-accessories/Cricket%20Helmet/thumbnail.png"},{"id":124,"title":"iPhone X","price":899.99,"quantity":4,"total":3599.96,"discountPercentage":8.03,"discountedTotal":3310.88,"thumbnail":"https://cdn.dummyjson.com/products/images/smartphones/iPhone%20X/thumbnail.png"},{"id":148,"title":"Golf Ball","price":9.99,"quantity":4,"total":39.96,"discountPercentage":11.24,"discountedTotal":35.47,"thumbnail":"https://cdn.dummyjson.com/products/images/sports-accessories/Golf%20Ball/thumbnail.png"},{"id":122,"title":"iPhone 6","price":299.99,"quantity":3,"total":899.97,"discountPercentage":19.64,"discountedTotal":723.22,"thumbnail":"https://cdn.dummyjson.com/products/images/smartphones/iPhone%206/thumbnail.png"},{"id":110,"title":"Selfie Lamp with iPhone","price":14.99,"quantity":5,"total":74.95,"discountPercentage":19.87,"discountedTotal":60.06,"thumbnail":"https://cdn.dummyjson.com/products/images/mobile-accessories/Selfie%20Lamp%20with%20iPhone/thumbnail.png"}],"total":4794.8,"discountedTotal":4288.95,"userId":142,"totalProducts":5,"totalQuantity":20},{"id":3,"products":[{"id":98,"title":"Rolex Submariner Watch","price":13999.99,"quantity":1,"total":13999.99,"discountPercentage":16.35,"discountedTotal":11710.99,"thumbnail":"https://cdn.dummyjson.com/products/images/mens-watches/Rolex%20Submariner%20Watch/thumbnail.png"},{"id":125,"title":"Oppo A57","price":249.99,"quantity":5,"total":1249.95,"discountPercentage":16.54,"discountedTotal":1043.21,"thumbnail":"https://cdn.dummyjson.com/products/images/smartphones/Oppo%20A57/thumbnail.png"},{"id":55,"title":"Egg Slicer","price":6.99,"quantity":2,"total":13.98,"discountPercentage":16.04,"discountedTotal":11.74,"thumbnail":"https://cdn.dummyjson.com/products/images/kitchen-accessories/Egg%20Slicer/thumbnail.png"},{"id":62,"title":"Ice Cube Tray","price":5.99,"quantity":2,"total":11.98,"discountPercentage":8.25,"discountedTotal":10.99,"thumbnail":"https://cdn.dummyjson.com/products/images/kitchen-accessories/Ice%20Cube%20Tray/thumbnail.png"},{"id":132,"title":"Samsung Galaxy S8","price":499.99,"quantity":3,"total":1499.97,"discountPercentage":8.84,"discountedTotal":1367.37,"thumbnail":"https://cdn.dummyjson.com/products/images/smartphones/Samsung%20Galaxy%20S8/thumbnail.png"}],"total":16775.87,"discountedTotal":14144.3,"userId":108,"totalProducts":5,"totalQuantity":13},{"id":4,"products":[{"id":187,"title":"Golden Shoes Woman","price":49.99,"quantity":5,"total":249.95000000000002,"discountPercentage":1.64,"discountedTotal":245.85,"thumbnail":"https://cdn.dummyjson.com/products/images/womens-shoes/Golden%20Shoes%20Woman/thumbnail.png"},{"id":40,"title":"Strawberry","price":3.99,"quantity":5,"total":19.950000000000003,"discountPercentage":4.6,"discountedTotal":19.03,"thumbnail":"https://cdn.dummyjson.com/products/images/groceries/Strawberry/thumbnail.png"},{"id":156,"title":"Green and Black Glasses","price":34.99,"quantity":5,"total":174.95000000000002,"discountPercentage":4.34,"discountedTotal":167.36,"thumbnail":"https://cdn.dummyjson.com/products/images/sunglasses/Green%20and%20Black%20Glasses/thumbnail.png"},{"id":62,"title":"Ice Cube Tray","price":5.99,"quantity":2,"total":11.98,"discountPercentage":8.25,"discountedTotal":10.99,"thumbnail":"https://cdn.dummyjson.com/products/images/kitchen-accessories/Ice%20Cube%20Tray/thumbnail.png"}],"total":456.83,"discountedTotal":443.23,"userId":87,"totalProducts":4,"totalQuantity":17},{"id":5,"products":[{"id":108,"title":"iPhone 12 Silicone Case with MagSafe Plum","price":29.99,"quantity":2,"total":59.98,"discountPercentage":14.68,"discountedTotal":51.17,"thumbnail":"https://cdn.dummyjson.com/products/images/mobile-accessories/iPhone%2012%20Silicone%20Case%20with%20MagSafe%20Plum/thumbnail.png"},{"id":138,"title":"Baseball Ball","price":8.99,"quantity":5,"total":44.95,"discountPercentage":18.49,"discountedTotal":36.64,"thumbnail":"https://cdn.dummyjson.com/products/images/sports-accessories/Baseball%20Ball/thumbnail.png"},{"id":157,"title":"Party Glasses","price":19.99,"quantity":2,"total":39.98,"discountPercentage":19.17,"discountedTotal":32.32,"thumbnail":"https://cdn.dummyjson.com/products/images/sunglasses/Party%20Glasses/thumbnail.png"},{"id":8,"title":"Dior J'adore","price":89.99,"quantity":3,"total":269.96999999999997,"discountPercentage":10.79,"discountedTotal":240.84,"thumbnail":"https://cdn.dummyjson.com/products/images/fragrances/Dior%20J'adore/thumbnail.png"},{"id":80,"title":"Huawei Matebook X Pro","price":1399.99,"quantity":5,"total":6999.95,"discountPercentage":9.99,"discountedTotal":6300.65,"thumbnail":"https://cdn.dummyjson.com/products/images/laptops/Huawei%20Matebook%20X%20Pro/thumbnail.png"},{"id":28,"title":"Ice Cream","price":5.49,"quantity":3,"total":16.47,"discountPercentage":10,"discountedTotal":14.82,"thumbnail":"https://cdn.dummyjson.com/products/images/groceries/Ice%20Cream/thumbnail.png"}],"total":7431.3,"discountedTotal":6676.44,"userId":134,"totalProducts":6,"totalQuantity":20},{"id":6,"products":[{"id":172,"title":"Blue Women's Handbag","price":49.99,"quantity":5,"total":249.95000000000002,"discountPercentage":8.08,"discountedTotal":229.75,"thumbnail":"https://cdn.dummyjson.com/products/images/womens-bags/Blue%20Women's%20Handbag/thumbnail.png"},{"id":112,"title":"TV Studio Camera Pedestal","price":499.99,"quantity":3,"total":1499.97,"discountPercentage":15.69,"discountedTotal":1264.62,"thumbnail":"https://cdn.dummyjson.com/products/images/mobile-accessories/TV%20Studio%20Camera%20Pedestal/thumbnail.png"},{"id":97,"title":"Rolex Datejust","price":10999.99,"quantity":3,"total":32999.97,"discountPercentage":10.58,"discountedTotal":29508.57,"thumbnail":"https://cdn.dummyjson.com/products/images/mens-watches/Rolex%20Datejust/thumbnail.png"},{"id":128,"title":"Realme C35","price":149.99,"quantity":3,"total":449.97,"discountPercentage":3.97,"discountedTotal":432.11,"thumbnail":"https://cdn.dummyjson.com/products/images/smartphones/Realme%20C35/thumbnail.png"}],"total":35199.86,"discountedTotal":31435.05,"userId":150,"totalProducts":4,"totalQuantity":14},{"id":7,"products":[{"id":167,"title":"300 Touring","price":28999.99,"quantity":5,"total":144999.95,"discountPercentage":11.78,"discountedTotal":127918.96,"thumbnail":"https://cdn.dummyjson.com/products/images/vehicle/300%20Touring/thumbnail.png"},{"id":111,"title":"Selfie Stick Monopod","price":12.99,"quantity":4,"total":51.96,"discountPercentage":10.98,"discountedTotal":46.25,"thumbnail":"https://cdn.dummyjson.com/products/images/mobile-accessories/Selfie%20Stick%20Monopod/thumbnail.png"},{"id":129,"title":"Realme X","price":299.99,"quantity":2,"total":599.98,"discountPercentage":10.13,"discountedTotal":539.2,"thumbnail":"https://cdn.dummyjson.com/products/images/smartphones/Realme%20X/thumbnail.png"}],"total":145651.89,"discountedTotal":128504.41,"userId":86,"totalProducts":3,"totalQuantity":11},{"id":8,"products":[{"id":117,"title":"Sportbike Motorcycle","price":7499.99,"quantity":2,"total":14999.98,"discountPercentage":19.83,"discountedTotal":12025.48,"thumbnail":"https://cdn.dummyjson.com/products/images/motorcycle/Sportbike%20Motorcycle/thumbnail.png"},{"id":18,"title":"Cat Food","price":8.99,"quantity":4,"total":35.96,"discountPercentage":1.15,"discountedTotal":35.55,"thumbnail":"https://cdn.dummyjson.com/products/images/groceries/Cat%20Food/thumbnail.png"},{"id":105,"title":"Apple MagSafe Battery Pack","price":99.99,"quantity":5,"total":499.95,"discountPercentage":7.14,"discountedTotal":464.25,"thumbnail":"https://cdn.dummyjson.com/products/images/mobile-accessories/Apple%20MagSafe%20Battery%20Pack/thumbnail.png"},{"id":6,"title":"Calvin Klein CK One","price":49.99,"quantity":3,"total":149.97,"discountPercentage":5.67,"discountedTotal":141.47,"thumbnail":"https://cdn.dummyjson.com/products/images/fragrances/Calvin%20Klein%20CK%20One/thumbnail.png"}],"total":15685.86,"discountedTotal":12666.75,"userId":23,"totalProducts":4,"totalQuantity":14},{"id":9,"products":[{"id":178,"title":"Corset Leather With Skirt","price":89.99,"quantity":2,"total":179.98,"discountPercentage":12.59,"discountedTotal":157.32,"thumbnail":"https://cdn.dummyjson.com/products/images/womens-dresses/Corset%20Leather%20With%20Skirt/thumbnail.png"},{"id":191,"title":"Rolex Cellini Moonphase","price":15999.99,"quantity":4,"total":63999.96,"discountPercentage":3.26,"discountedTotal":61913.56,"thumbnail":"https://cdn.dummyjson.com/products/images/womens-watches/Rolex%20Cellini%20Moonphase/thumbnail.png"},{"id":47,"title":"Table Lamp","price":49.99,"quantity":2,"total":99.98,"discountPercentage":13.74,"discountedTotal":86.24,"thumbnail":"https://cdn.dummyjson.com/products/images/home-decoration/Table%20Lamp/thumbnail.png"},{"id":134,"title":"Vivo S1","price":249.99,"quantity":5,"total":1249.95,"discountPercentage":5.64,"discountedTotal":1179.45,"thumbnail":"https://cdn.dummyjson.com/products/images/smartphones/Vivo%20S1/thumbnail.png"}],"total":65529.87,"discountedTotal":63336.57,"userId":194,"totalProducts":4,"totalQuantity":13},{"id":10,"products":[{"id":190,"title":"IWC Ingenieur Automatic Steel","price":4999.99,"quantity":5,"total":24999.949999999997,"discountPercentage":12.34,"discountedTotal":21914.96,"thumbnail":"https://cdn.dummyjson.com/products/images/womens-watches/IWC%20Ingenieur%20Automatic%20Steel/thumbnail.png"},{"id":94,"title":"Longines Master Collection","price":1499.99,"quantity":3,"total":4499.97,"discountPercentage":16.44,"discountedTotal":3760.17,"thumbnail":"https://cdn.dummyjson.com/products/images/mens-watches/Longines%20Master%20Collection/thumbnail.png"}],"total":29499.92,"discountedTotal":25675.13,"userId":160,"totalProducts":2,"totalQuantity":8},{"id":11,"products":[{"id":88,"title":"Nike Air Jordan 1 Red And Black","price":149.99,"quantity":1,"total":149.99,"discountPercentage":17.18,"discountedTotal":124.22,"thumbnail":"https://cdn.dummyjson.com/products/images/mens-shoes/Nike%20Air%20Jordan%201%20Red%20And%20Black/thumbnail.png"},{"id":32,"title":"Milk","price":3.49,"quantity":3,"total":10.47,"discountPercentage":9.36,"discountedTotal":9.49,"thumbnail":"https://cdn.dummyjson.com/products/images/groceries/Milk/thumbnail.png"},{"id":74,"title":"Spoon","price":4.99,"quantity":3,"total":14.97,"discountPercentage":2.78,"discountedTotal":14.55,"thumbnail":"https://cdn.dummyjson.com/products/images/kitchen-accessories/Spoon/thumbnail.png"},{"id":145,"title":"Cricket Wicket","price":29.99,"quantity":3,"total":89.97,"discountPercentage":17.87,"discountedTotal":73.89,"thumbnail":"https://cdn.dummyjson.com/products/images/sports-accessories/Cricket%20Wicket/thumbnail.png"},{"id":26,"title":"Green Chili Pepper","price":0.99,"quantity":3,"total":2.9699999999999998,"discountPercentage":18.69,"discountedTotal":2.41,"thumbnail":"https://cdn.dummyjson.com/products/images/groceries/Green%20Chili%20Pepper/thumbnail.png"},{"id":127,"title":"Oppo K1","price":299.99,"quantity":1,"total":299.99,"discountPercentage":15.93,"discountedTotal":252.2,"thumbnail":"https://cdn.dummyjson.com/products/images/smartphones/Oppo%20K1/thumbnail.png"}],"total":568.36,"discountedTotal":476.76,"userId":172,"totalProducts":6,"totalQuantity":14},{"id":12,"products":[{"id":63,"title":"Kitchen Sieve","price":7.99,"quantity":4,"total":31.96,"discountPercentage":18.8,"discountedTotal":25.95,"thumbnail":"https://cdn.dummyjson.com/products/images/kitchen-accessories/Kitchen%20Sieve/thumbnail.png"},{"id":181,"title":"Marni Red & Black Suit","price":179.99,"quantity":5,"total":899.95,"discountPercentage":14.21,"discountedTotal":772.07,"thumbnail":"https://cdn.dummyjson.com/products/images/womens-dresses/Marni%20Red%20&%20Black%20Suit/thumbnail.png"}],"total":931.91,"discountedTotal":798.02,"userId":202,"totalProducts":2,"totalQuantity":9},{"id":13,"products":[{"id":85,"title":"Man Plaid Shirt","price":34.99,"quantity":2,"total":69.98,"discountPercentage":3.7,"discountedTotal":67.39,"thumbnail":"https://cdn.dummyjson.com/products/images/mens-shirts/Man%20Plaid%20Shirt/thumbnail.png"},{"id":109,"title":"Monopod","price":19.99,"quantity":3,"total":59.97,"discountPercentage":12.95,"discountedTotal":52.2,"thumbnail":"https://cdn.dummyjson.com/products/images/mobile-accessories/Monopod/thumbnail.png"},{"id":160,"title":"Samsung Galaxy Tab S8 Plus Grey","price":599.99,"quantity":1,"total":599.99,"discountPercentage":4.31,"discountedTotal":574.13,"thumbnail":"https://cdn.dummyjson.com/products/images/tablets/Samsung%20Galaxy%20Tab%20S8%20Plus%20Grey/thumbnail.png"},{"id":163,"title":"Girl Summer Dress","price":19.99,"quantity":3,"total":59.97,"discountPercentage":9.44,"discountedTotal":54.31,"thumbnail":"https://cdn.dummyjson.com/products/images/tops/Girl%20Summer%20Dress/thumbnail.png"},{"id":31,"title":"Lemon","price":0.79,"quantity":4,"total":3.16,"discountPercentage":12.32,"discountedTotal":2.77,"thumbnail":"https://cdn.dummyjson.com/products/images/groceries/Lemon/thumbnail.png"}],"total":793.07,"discountedTotal":750.8,"userId":41,"totalProducts":5,"totalQuantity":13},{"id":14,"products":[{"id":92,"title":"Sports Sneakers Off White Red","price":109.99,"quantity":3,"total":329.96999999999997,"discountPercentage":17.73,"discountedTotal":271.47,"thumbnail":"https://cdn.dummyjson.com/products/images/mens-shoes/Sports%20Sneakers%20Off%20White%20Red/thumbnail.png"},{"id":54,"title":"Citrus Squeezer Yellow","price":8.99,"quantity":5,"total":44.95,"discountPercentage":6.3,"discountedTotal":42.12,"thumbnail":"https://cdn.dummyjson.com/products/images/kitchen-accessories/Citrus%20Squeezer%20Yellow/thumbnail.png"},{"id":76,"title":"Wooden Rolling Pin","price":11.99,"quantity":1,"total":11.99,"discountPercentage":8.45,"discountedTotal":10.98,"thumbnail":"https://cdn.dummyjson.com/products/images/kitchen-accessories/Wooden%20Rolling%20Pin/thumbnail.png"},{"id":44,"title":"Family Tree Photo Frame","price":29.99,"quantity":5,"total":149.95,"discountPercentage":10.68,"discountedTotal":133.94,"thumbnail":"https://cdn.dummyjson.com/products/images/home-decoration/Family%20Tree%20Photo%20Frame/thumbnail.png"},{"id":67,"title":"Mug Tree Stand","price":15.99,"quantity":3,"total":47.97,"discountPercentage":16.65,"discountedTotal":39.98,"thumbnail":"https://cdn.dummyjson.com/products/images/kitchen-accessories/Mug%20Tree%20Stand/thumbnail.png"},{"id":16,"title":"Apple","price":1.99,"quantity":1,"total":1.99,"discountPercentage":11.74,"discountedTotal":1.76,"thumbnail":"https://cdn.dummyjson.com/products/images/groceries/Apple/thumbnail.png"}],"total":586.82,"discountedTotal":500.25,"userId":94,"totalProducts":6,"totalQuantity":18},{"id":15,"products":[{"id":11,"title":"Annibale Colombo Bed","price":1899.99,"quantity":5,"total":9499.95,"discountPercentage":8.09,"discountedTotal":8731.4,"thumbnail":"https://cdn.dummyjson.com/products/images/furniture/Annibale%20Colombo%20Bed/thumbnail.png"},{"id":133,"title":"Samsung Galaxy S10","price":699.99,"quantity":3,"total":2099.9700000000003,"discountPercentage":1.12,"discountedTotal":2076.45,"thumbnail":"https://cdn.dummyjson.com/products/images/smartphones/Samsung%20Galaxy%20S10/thumbnail.png"},{"id":111,"title":"Selfie Stick Monopod","price":12.99,"quantity":3,"total":38.97,"discountPercentage":10.98,"discountedTotal":34.69,"thumbnail":"https://cdn.dummyjson.com/products/images/mobile-accessories/Selfie%20Stick%20Monopod/thumbnail.png"},{"id":162,"title":"Blue Frock","price":29.99,"quantity":3,"total":89.97,"discountPercentage":3.86,"discountedTotal":86.5,"thumbnail":"https://cdn.dummyjson.com/products/images/tops/Blue%20Frock/thumbnail.png"},{"id":30,"title":"Kiwi","price":2.49,"quantity":5,"total":12.450000000000001,"discountPercentage":4.34,"discountedTotal":11.91,"thumbnail":"https://cdn.dummyjson.com/products/images/groceries/Kiwi/thumbnail.png"}],"total":11741.31,"discountedTotal":10940.95,"userId":11,"totalProducts":5,"totalQuantity":19},{"id":16,"products":[{"id":19,"title":"Chicken Meat","price":9.99,"quantity":2,"total":19.98,"discountPercentage":13.37,"discountedTotal":17.31,"thumbnail":"https://cdn.dummyjson.com/products/images/groceries/Chicken%20Meat/thumbnail.png"},{"id":152,"title":"Tennis Racket","price":49.99,"quantity":3,"total":149.97,"discountPercentage":9.13,"discountedTotal":136.28,"thumbnail":"https://cdn.dummyjson.com/products/images/sports-accessories/Tennis%20Racket/thumbnail.png"},{"id":35,"title":"Potatoes","price":2.29,"quantity":1,"total":2.29,"discountPercentage":1.69,"discountedTotal":2.25,"thumbnail":"https://cdn.dummyjson.com/products/images/groceries/Potatoes/thumbnail.png"}],"total":172.24,"discountedTotal":155.84,"userId":200,"totalProducts":3,"totalQuantity":6},{"id":17,"products":[{"id":1,"title":"Essence Mascara Lash Princess","price":9.99,"quantity":2,"total":19.98,"discountPercentage":0.63,"discountedTotal":19.85,"thumbnail":"https://cdn.dummyjson.com/products/images/beauty/Essence%20Mascara%20Lash%20Princess/thumbnail.png"},{"id":60,"title":"Grater Black","price":10.99,"quantity":3,"total":32.97,"discountPercentage":16.62,"discountedTotal":27.49,"thumbnail":"https://cdn.dummyjson.com/products/images/kitchen-accessories/Grater%20Black/thumbnail.png"},{"id":74,"title":"Spoon","price":4.99,"quantity":4,"total":19.96,"discountPercentage":2.78,"discountedTotal":19.41,"thumbnail":"https://cdn.dummyjson.com/products/images/kitchen-accessories/Spoon/thumbnail.png"},{"id":44,"title":"Family Tree Photo Frame","price":29.99,"quantity":4,"total":119.96,"discountPercentage":10.68,"discountedTotal":107.15,"thumbnail":"https://cdn.dummyjson.com/products/images/home-decoration/Family%20Tree%20Photo%20Frame/thumbnail.png"}],"total":192.87,"discountedTotal":173.9,"userId":141,"totalProducts":4,"totalQuantity":13},{"id":18,"products":[{"id":127,"title":"Oppo K1","price":299.99,"quantity":4,"total":1199.96,"discountPercentage":15.93,"discountedTotal":1008.81,"thumbnail":"https://cdn.dummyjson.com/products/images/smartphones/Oppo%20K1/thumbnail.png"},{"id":24,"title":"Fish Steak","price":14.99,"quantity":3,"total":44.97,"discountPercentage":7.66,"discountedTotal":41.53,"thumbnail":"https://cdn.dummyjson.com/products/images/groceries/Fish%20Steak/thumbnail.png"},{"id":20,"title":"Cooking Oil","price":4.99,"quantity":5,"total":24.950000000000003,"discountPercentage":12.62,"discountedTotal":21.8,"thumbnail":"https://cdn.dummyjson.com/products/images/groceries/Cooking%20Oil/thumbnail.png"},{"id":154,"title":"Black Sun Glasses","price":29.99,"quantity":3,"total":89.97,"discountPercentage":1.11,"discountedTotal":88.97,"thumbnail":"https://cdn.dummyjson.com/products/images/sunglasses/Black%20Sun%20Glasses/thumbnail.png"},{"id":44,"title":"Family Tree Photo Frame","price":29.99,"quantity":2,"total":59.98,"discountPercentage":10.68,"discountedTotal":53.57,"thumbnail":"https://cdn.dummyjson.com/products/images/home-decoration/Family%20Tree%20Photo%20Frame/thumbnail.png"},{"id":5,"title":"Red Nail Polish","price":8.99,"quantity":5,"total":44.95,"discountPercentage":3.76,"discountedTotal":43.26,"thumbnail":"https://cdn.dummyjson.com/products/images/beauty/Red%20Nail%20Polish/thumbnail.png"}],"total":1464.78,"discountedTotal":1257.94,"userId":189,"totalProducts":6,"totalQuantity":22},{"id":19,"products":[{"id":187,"title":"Golden Shoes Woman","price":49.99,"quantity":3,"total":149.97,"discountPercentage":1.64,"discountedTotal":147.51,"thumbnail":"https://cdn.dummyjson.com/products/images/womens-shoes/Golden%20Shoes%20Woman/thumbnail.png"},{"id":153,"title":"Volleyball","price":11.99,"quantity":5,"total":59.95,"discountPercentage":16.05,"discountedTotal":50.33,"thumbnail":"https://cdn.dummyjson.com/products/images/sports-accessories/Volleyball/thumbnail.png"},{"id":34,"title":"Nescafe Coffee","price":7.99,"quantity":3,"total":23.97,"discountPercentage":8.31,"discountedTotal":21.98,"thumbnail":"https://cdn.dummyjson.com/products/images/groceries/Nescafe%20Coffee/thumbnail.png"},{"id":130,"title":"Realme XT","price":349.99,"quantity":2,"total":699.98,"discountPercentage":17.86,"discountedTotal":574.96,"thumbnail":"https://cdn.dummyjson.com/products/images/smartphones/Realme%20XT/thumbnail.png"}],"total":933.87,"discountedTotal":794.78,"userId":59,"totalProducts":4,"totalQuantity":13},{"id":20,"products":[{"id":107,"title":"Beats Flex Wireless Earphones","price":49.99,"quantity":1,"total":49.99,"discountPercentage":8.79,"discountedTotal":45.6,"thumbnail":"https://cdn.dummyjson.com/products/images/mobile-accessories/Beats%20Flex%20Wireless%20Earphones/thumbnail.png"},{"id":193,"title":"Watch Gold for Women","price":799.99,"quantity":3,"total":2399.9700000000003,"discountPercentage":19.53,"discountedTotal":1931.26,"thumbnail":"https://cdn.dummyjson.com/products/images/womens-watches/Watch%20Gold%20for%20Women/thumbnail.png"},{"id":100,"title":"Apple Airpods","price":129.99,"quantity":3,"total":389.97,"discountPercentage":12.84,"discountedTotal":339.9,"thumbnail":"https://cdn.dummyjson.com/products/images/mobile-accessories/Apple%20Airpods/thumbnail.png"},{"id":90,"title":"Puma Future Rider Trainers","price":89.99,"quantity":5,"total":449.95,"discountPercentage":14.7,"discountedTotal":383.81,"thumbnail":"https://cdn.dummyjson.com/products/images/mens-shoes/Puma%20Future%20Rider%20Trainers/thumbnail.png"},{"id":118,"title":"Attitude Super Leaves Hand Soap","price":8.99,"quantity":5,"total":44.95,"discountPercentage":7.23,"discountedTotal":41.7,"thumbnail":"https://cdn.dummyjson.com/products/images/skin-care/Attitude%20Super%20Leaves%20Hand%20Soap/thumbnail.png"},{"id":166,"title":"Tartan Dress","price":39.99,"quantity":5,"total":199.95000000000002,"discountPercentage":2.82,"discountedTotal":194.31,"thumbnail":"https://cdn.dummyjson.com/products/images/tops/Tartan%20Dress/thumbnail.png"}],"total":3534.78,"discountedTotal":2936.58,"userId":90,"totalProducts":6,"totalQuantity":22},{"id":21,"products":[{"id":77,"title":"Yellow Peeler","price":5.99,"quantity":2,"total":11.98,"discountPercentage":13.16,"discountedTotal":10.4,"thumbnail":"https://cdn.dummyjson.com/products/images/kitchen-accessories/Yellow%20Peeler/thumbnail.png"},{"id":91,"title":"Sports Sneakers Off White & Red","price":119.99,"quantity":2,"total":239.98,"discountPercentage":1.96,"discountedTotal":235.28,"thumbnail":"https://cdn.dummyjson.com/products/images/mens-shoes/Sports%20Sneakers%20Off%20White%20&%20Red/thumbnail.png"}],"total":251.96,"discountedTotal":245.68,"userId":42,"totalProducts":2,"totalQuantity":4},{"id":22,"products":[{"id":73,"title":"Spice Rack","price":19.99,"quantity":5,"total":99.94999999999999,"discountPercentage":8.74,"discountedTotal":91.21,"thumbnail":"https://cdn.dummyjson.com/products/images/kitchen-accessories/Spice%20Rack/thumbnail.png"},{"id":2,"title":"Eyeshadow Palette with Mirror","price":19.99,"quantity":2,"total":39.98,"discountPercentage":0.7,"discountedTotal":39.7,"thumbnail":"https://cdn.dummyjson.com/products/images/beauty/Eyeshadow%20Palette%20with%20Mirror/thumbnail.png"},{"id":69,"title":"Plate","price":3.99,"quantity":2,"total":7.98,"discountPercentage":16,"discountedTotal":6.7,"thumbnail":"https://cdn.dummyjson.com/products/images/kitchen-accessories/Plate/thumbnail.png"},{"id":155,"title":"Classic Sun Glasses","price":24.99,"quantity":3,"total":74.97,"discountPercentage":9.27,"discountedTotal":68.02,"thumbnail":"https://cdn.dummyjson.com/products/images/sunglasses/Classic%20Sun%20Glasses/thumbnail.png"}],"total":222.88,"discountedTotal":205.63,"userId":140,"totalProducts":4,"totalQuantity":12},{"id":23,"products":[{"id":82,"title":"New DELL XPS 13 9300 Laptop","price":1499.99,"quantity":5,"total":7499.95,"discountPercentage":3.9,"discountedTotal":7207.45,"thumbnail":"https://cdn.dummyjson.com/products/images/laptops/New%20DELL%20XPS%2013%209300%20Laptop/thumbnail.png"},{"id":172,"title":"Blue Women's Handbag","price":49.99,"quantity":4,"total":199.96,"discountPercentage":8.08,"discountedTotal":183.8,"thumbnail":"https://cdn.dummyjson.com/products/images/womens-bags/Blue%20Women's%20Handbag/thumbnail.png"},{"id":41,"title":"Tissue Paper Box","price":2.49,"quantity":2,"total":4.98,"discountPercentage":2.74,"discountedTotal":4.84,"thumbnail":"https://cdn.dummyjson.com/products/images/groceries/Tissue%20Paper%20Box/thumbnail.png"},{"id":37,"title":"Red Onions","price":1.99,"quantity":4,"total":7.96,"discountPercentage":8.95,"discountedTotal":7.25,"thumbnail":"https://cdn.dummyjson.com/products/images/groceries/Red%20Onions/thumbnail.png"},{"id":138,"title":"Baseball Ball","price":8.99,"quantity":5,"total":44.95,"discountPercentage":18.49,"discountedTotal":36.64,"thumbnail":"https://cdn.dummyjson.com/products/images/sports-accessories/Baseball%20Ball/thumbnail.png"}],"total":7757.8,"discountedTotal":7439.98,"userId":147,"totalProducts":5,"totalQuantity":20},{"id":24,"products":[{"id":108,"title":"iPhone 12 Silicone Case with MagSafe Plum","price":29.99,"quantity":5,"total":149.95,"discountPercentage":14.68,"discountedTotal":127.94,"thumbnail":"https://cdn.dummyjson.com/products/images/mobile-accessories/iPhone%2012%20Silicone%20Case%20with%20MagSafe%20Plum/thumbnail.png"},{"id":134,"title":"Vivo S1","price":249.99,"quantity":4,"total":999.96,"discountPercentage":5.64,"discountedTotal":943.56,"thumbnail":"https://cdn.dummyjson.com/products/images/smartphones/Vivo%20S1/thumbnail.png"},{"id":174,"title":"Prada Women Bag","price":599.99,"quantity":1,"total":599.99,"discountPercentage":12.86,"discountedTotal":522.83,"thumbnail":"https://cdn.dummyjson.com/products/images/womens-bags/Prada%20Women%20Bag/thumbnail.png"}],"total":1749.9,"discountedTotal":1594.33,"userId":6,"totalProducts":3,"totalQuantity":10},{"id":25,"products":[{"id":4,"title":"Red Lipstick","price":12.99,"quantity":1,"total":12.99,"discountPercentage":14.69,"discountedTotal":11.08,"thumbnail":"https://cdn.dummyjson.com/products/images/beauty/Red%20Lipstick/thumbnail.png"},{"id":126,"title":"Oppo F19 Pro+","price":399.99,"quantity":1,"total":399.99,"discountPercentage":14.38,"discountedTotal":342.47,"thumbnail":"https://cdn.dummyjson.com/products/images/smartphones/Oppo%20F19%20Pro+/thumbnail.png"}],"total":412.98,"discountedTotal":353.55,"userId":118,"totalProducts":2,"totalQuantity":2},{"id":26,"products":[{"id":37,"title":"Red Onions","price":1.99,"quantity":5,"total":9.95,"discountPercentage":8.95,"discountedTotal":9.06,"thumbnail":"https://cdn.dummyjson.com/products/images/groceries/Red%20Onions/thumbnail.png"},{"id":128,"title":"Realme C35","price":149.99,"quantity":3,"total":449.97,"discountPercentage":3.97,"discountedTotal":432.11,"thumbnail":"https://cdn.dummyjson.com/products/images/smartphones/Realme%20C35/thumbnail.png"}],"total":459.92,"discountedTotal":441.17,"userId":66,"totalProducts":2,"totalQuantity":8},{"id":27,"products":[{"id":33,"title":"Mulberry","price":4.99,"quantity":1,"total":4.99,"discountPercentage":2.75,"discountedTotal":4.85,"thumbnail":"https://cdn.dummyjson.com/products/images/groceries/Mulberry/thumbnail.png"},{"id":110,"title":"Selfie Lamp with iPhone","price":14.99,"quantity":2,"total":29.98,"discountPercentage":19.87,"discountedTotal":24.02,"thumbnail":"https://cdn.dummyjson.com/products/images/mobile-accessories/Selfie%20Lamp%20with%20iPhone/thumbnail.png"},{"id":16,"title":"Apple","price":1.99,"quantity":3,"total":5.97,"discountPercentage":11.74,"discountedTotal":5.27,"thumbnail":"https://cdn.dummyjson.com/products/images/groceries/Apple/thumbnail.png"},{"id":83,"title":"Blue & Black Check Shirt","price":29.99,"quantity":5,"total":149.95,"discountPercentage":8.76,"discountedTotal":136.81,"thumbnail":"https://cdn.dummyjson.com/products/images/mens-shirts/Blue%20&%20Black%20Check%20Shirt/thumbnail.png"}],"total":190.89,"discountedTotal":170.95,"userId":75,"totalProducts":4,"totalQuantity":11},{"id":28,"products":[{"id":1,"title":"Essence Mascara Lash Princess","price":9.99,"quantity":5,"total":49.95,"discountPercentage":0.63,"discountedTotal":49.64,"thumbnail":"https://cdn.dummyjson.com/products/images/beauty/Essence%20Mascara%20Lash%20Princess/thumbnail.png"},{"id":141,"title":"Basketball Rim","price":39.99,"quantity":4,"total":159.96,"discountPercentage":14.7,"discountedTotal":136.45,"thumbnail":"https://cdn.dummyjson.com/products/images/sports-accessories/Basketball%20Rim/thumbnail.png"}],"total":209.91,"discountedTotal":186.09,"userId":147,"totalProducts":2,"totalQuantity":9},{"id":29,"products":[{"id":80,"title":"Huawei Matebook X Pro","price":1399.99,"quantity":2,"total":2799.98,"discountPercentage":9.99,"discountedTotal":2520.26,"thumbnail":"https://cdn.dummyjson.com/products/images/laptops/Huawei%20Matebook%20X%20Pro/thumbnail.png"},{"id":107,"title":"Beats Flex Wireless Earphones","price":49.99,"quantity":4,"total":199.96,"discountPercentage":8.79,"discountedTotal":182.38,"thumbnail":"https://cdn.dummyjson.com/products/images/mobile-accessories/Beats%20Flex%20Wireless%20Earphones/thumbnail.png"},{"id":25,"title":"Green Bell Pepper","price":1.29,"quantity":2,"total":2.58,"discountPercentage":1.2,"discountedTotal":2.55,"thumbnail":"https://cdn.dummyjson.com/products/images/groceries/Green%20Bell%20Pepper/thumbnail.png"},{"id":121,"title":"iPhone 5s","price":199.99,"quantity":4,"total":799.96,"discountPercentage":8.38,"discountedTotal":732.92,"thumbnail":"https://cdn.dummyjson.com/products/images/smartphones/iPhone%205s/thumbnail.png"},{"id":153,"title":"Volleyball","price":11.99,"quantity":5,"total":59.95,"discountPercentage":16.05,"discountedTotal":50.33,"thumbnail":"https://cdn.dummyjson.com/products/images/sports-accessories/Volleyball/thumbnail.png"}],"total":3862.43,"discountedTotal":3488.44,"userId":170,"totalProducts":5,"totalQuantity":17},{"id":30,"products":[{"id":181,"title":"Marni Red & Black Suit","price":179.99,"quantity":1,"total":179.99,"discountPercentage":14.21,"discountedTotal":154.41,"thumbnail":"https://cdn.dummyjson.com/products/images/womens-dresses/Marni%20Red%20&%20Black%20Suit/thumbnail.png"},{"id":171,"title":"Pacifica Touring","price":31999.99,"quantity":4,"total":127999.96,"discountPercentage":7.4,"discountedTotal":118527.96,"thumbnail":"https://cdn.dummyjson.com/products/images/vehicle/Pacifica%20Touring/thumbnail.png"},{"id":35,"title":"Potatoes","price":2.29,"quantity":4,"total":9.16,"discountPercentage":1.69,"discountedTotal":9.01,"thumbnail":"https://cdn.dummyjson.com/products/images/groceries/Potatoes/thumbnail.png"},{"id":46,"title":"Plant Pot","price":14.99,"quantity":4,"total":59.96,"discountPercentage":17.65,"discountedTotal":49.38,"thumbnail":"https://cdn.dummyjson.com/products/images/home-decoration/Plant%20Pot/thumbnail.png"}],"total":128249.07,"discountedTotal":118740.76,"userId":177,"totalProducts":4,"totalQuantity":13}],"total":50,"skip":0,"limit":30}

18:58:45.487 [main] DEBUG com.jayway.jsonpath.internal.path.CompiledPath -- Evaluating path: $['carts']
18:58:45.493 [main] DEBUG com.jayway.jsonpath.internal.path.CompiledPath -- Evaluating path: $['total']
18:58:45.504 [main] DEBUG com.jayway.jsonpath.internal.path.CompiledPath -- Evaluating path: $['carts'][0]['id']
18:58:45.541 [main] INFO com.intuit.karate -- [print] {
  "carts": [
    {
      "id": 1,
      "products": [
        {
          "id": 168,
          "title": "Charger SXT RWD",
          "price": 32999.99,
          "quantity": 3,
          "total": 98999.97,
          "discountPercentage": 13.39,
          "discountedTotal": 85743.87,
          "thumbnail": "https://cdn.dummyjson.com/products/images/vehicle/Charger%20SXT%20RWD/thumbnail.png"
        },
        {
          "id": 78,
          "title": "Apple MacBook Pro 14 Inch Space Grey",
          "price": 1999.99,
          "quantity": 2,
          "total": 3999.98,
          "discountPercentage": 18.52,
          "discountedTotal": 3259.18,
          "thumbnail": "https://cdn.dummyjson.com/products/images/laptops/Apple%20MacBook%20Pro%2014%20Inch%20Space%20Grey/thumbnail.png"
        },
        {
          "id": 183,
          "title": "Green Oval Earring",
          "price": 24.99,
          "quantity": 5,
          "total": 124.94999999999999,
          "discountPercentage": 6.28,
          "discountedTotal": 117.1,
          "thumbnail": "https://cdn.dummyjson.com/products/images/womens-jewellery/Green%20Oval%20Earring/thumbnail.png"
        },
        {
          "id": 100,
          "title": "Apple Airpods",
          "price": 129.99,
          "quantity": 5,
          "total": 649.95,
          "discountPercentage": 12.84,
          "discountedTotal": 566.5,
          "thumbnail": "https://cdn.dummyjson.com/products/images/mobile-accessories/Apple%20Airpods/thumbnail.png"
        }
      ],
      "total": 103774.85,
      "discountedTotal": 89686.65,
      "userId": 33,
      "totalProducts": 4,
      "totalQuantity": 15
    },
    {
      "id": 2,
      "products": [
        {
          "id": 144,
          "title": "Cricket Helmet",
          "price": 44.99,
          "quantity": 4,
          "total": 179.96,
          "discountPercentage": 11.47,
          "discountedTotal": 159.32,
          "thumbnail": "https://cdn.dummyjson.com/products/images/sports-accessories/Cricket%20Helmet/thumbnail.png"
        },
        {
          "id": 124,
          "title": "iPhone X",
          "price": 899.99,
          "quantity": 4,
          "total": 3599.96,
          "discountPercentage": 8.03,
          "discountedTotal": 3310.88,
          "thumbnail": "https://cdn.dummyjson.com/products/images/smartphones/iPhone%20X/thumbnail.png"
        },
        {
          "id": 148,
          "title": "Golf Ball",
          "price": 9.99,
          "quantity": 4,
          "total": 39.96,
          "discountPercentage": 11.24,
          "discountedTotal": 35.47,
          "thumbnail": "https://cdn.dummyjson.com/products/images/sports-accessories/Golf%20Ball/thumbnail.png"
        },
        {
          "id": 122,
          "title": "iPhone 6",
          "price": 299.99,
          "quantity": 3,
          "total": 899.97,
          "discountPercentage": 19.64,
          "discountedTotal": 723.22,
          "thumbnail": "https://cdn.dummyjson.com/products/images/smartphones/iPhone%206/thumbnail.png"
        },
        {
          "id": 110,
          "title": "Selfie Lamp with iPhone",
          "price": 14.99,
          "quantity": 5,
          "total": 74.95,
          "discountPercentage": 19.87,
          "discountedTotal": 60.06,
          "thumbnail": "https://cdn.dummyjson.com/products/images/mobile-accessories/Selfie%20Lamp%20with%20iPhone/thumbnail.png"
        }
      ],
      "total": 4794.8,
      "discountedTotal": 4288.95,
      "userId": 142,
      "totalProducts": 5,
      "totalQuantity": 20
    },
    {
      "id": 3,
      "products": [
        {
          "id": 98,
          "title": "Rolex Submariner Watch",
          "price": 13999.99,
          "quantity": 1,
          "total": 13999.99,
          "discountPercentage": 16.35,
          "discountedTotal": 11710.99,
          "thumbnail": "https://cdn.dummyjson.com/products/images/mens-watches/Rolex%20Submariner%20Watch/thumbnail.png"
        },
        {
          "id": 125,
          "title": "Oppo A57",
          "price": 249.99,
          "quantity": 5,
          "total": 1249.95,
          "discountPercentage": 16.54,
          "discountedTotal": 1043.21,
          "thumbnail": "https://cdn.dummyjson.com/products/images/smartphones/Oppo%20A57/thumbnail.png"
        },
        {
          "id": 55,
          "title": "Egg Slicer",
          "price": 6.99,
          "quantity": 2,
          "total": 13.98,
          "discountPercentage": 16.04,
          "discountedTotal": 11.74,
          "thumbnail": "https://cdn.dummyjson.com/products/images/kitchen-accessories/Egg%20Slicer/thumbnail.png"
        },
        {
          "id": 62,
          "title": "Ice Cube Tray",
          "price": 5.99,
          "quantity": 2,
          "total": 11.98,
          "discountPercentage": 8.25,
          "discountedTotal": 10.99,
          "thumbnail": "https://cdn.dummyjson.com/products/images/kitchen-accessories/Ice%20Cube%20Tray/thumbnail.png"
        },
        {
          "id": 132,
          "title": "Samsung Galaxy S8",
          "price": 499.99,
          "quantity": 3,
          "total": 1499.97,
          "discountPercentage": 8.84,
          "discountedTotal": 1367.37,
          "thumbnail": "https://cdn.dummyjson.com/products/images/smartphones/Samsung%20Galaxy%20S8/thumbnail.png"
        }
      ],
      "total": 16775.87,
      "discountedTotal": 14144.3,
      "userId": 108,
      "totalProducts": 5,
      "totalQuantity": 13
    },
    {
      "id": 4,
      "products": [
        {
          "id": 187,
          "title": "Golden Shoes Woman",
          "price": 49.99,
          "quantity": 5,
          "total": 249.95000000000002,
          "discountPercentage": 1.64,
          "discountedTotal": 245.85,
          "thumbnail": "https://cdn.dummyjson.com/products/images/womens-shoes/Golden%20Shoes%20Woman/thumbnail.png"
        },
        {
          "id": 40,
          "title": "Strawberry",
          "price": 3.99,
          "quantity": 5,
          "total": 19.950000000000003,
          "discountPercentage": 4.6,
          "discountedTotal": 19.03,
          "thumbnail": "https://cdn.dummyjson.com/products/images/groceries/Strawberry/thumbnail.png"
        },
        {
          "id": 156,
          "title": "Green and Black Glasses",
          "price": 34.99,
          "quantity": 5,
          "total": 174.95000000000002,
          "discountPercentage": 4.34,
          "discountedTotal": 167.36,
          "thumbnail": "https://cdn.dummyjson.com/products/images/sunglasses/Green%20and%20Black%20Glasses/thumbnail.png"
        },
        {
          "id": 62,
          "title": "Ice Cube Tray",
          "price": 5.99,
          "quantity": 2,
          "total": 11.98,
          "discountPercentage": 8.25,
          "discountedTotal": 10.99,
          "thumbnail": "https://cdn.dummyjson.com/products/images/kitchen-accessories/Ice%20Cube%20Tray/thumbnail.png"
        }
      ],
      "total": 456.83,
      "discountedTotal": 443.23,
      "userId": 87,
      "totalProducts": 4,
      "totalQuantity": 17
    },
    {
      "id": 5,
      "products": [
        {
          "id": 108,
          "title": "iPhone 12 Silicone Case with MagSafe Plum",
          "price": 29.99,
          "quantity": 2,
          "total": 59.98,
          "discountPercentage": 14.68,
          "discountedTotal": 51.17,
          "thumbnail": "https://cdn.dummyjson.com/products/images/mobile-accessories/iPhone%2012%20Silicone%20Case%20with%20MagSafe%20Plum/thumbnail.png"
        },
        {
          "id": 138,
          "title": "Baseball Ball",
          "price": 8.99,
          "quantity": 5,
          "total": 44.95,
          "discountPercentage": 18.49,
          "discountedTotal": 36.64,
          "thumbnail": "https://cdn.dummyjson.com/products/images/sports-accessories/Baseball%20Ball/thumbnail.png"
        },
        {
          "id": 157,
          "title": "Party Glasses",
          "price": 19.99,
          "quantity": 2,
          "total": 39.98,
          "discountPercentage": 19.17,
          "discountedTotal": 32.32,
          "thumbnail": "https://cdn.dummyjson.com/products/images/sunglasses/Party%20Glasses/thumbnail.png"
        },
        {
          "id": 8,
          "title": "Dior J'adore",
          "price": 89.99,
          "quantity": 3,
          "total": 269.96999999999997,
          "discountPercentage": 10.79,
          "discountedTotal": 240.84,
          "thumbnail": "https://cdn.dummyjson.com/products/images/fragrances/Dior%20J'adore/thumbnail.png"
        },
        {
          "id": 80,
          "title": "Huawei Matebook X Pro",
          "price": 1399.99,
          "quantity": 5,
          "total": 6999.95,
          "discountPercentage": 9.99,
          "discountedTotal": 6300.65,
          "thumbnail": "https://cdn.dummyjson.com/products/images/laptops/Huawei%20Matebook%20X%20Pro/thumbnail.png"
        },
        {
          "id": 28,
          "title": "Ice Cream",
          "price": 5.49,
          "quantity": 3,
          "total": 16.47,
          "discountPercentage": 10,
          "discountedTotal": 14.82,
          "thumbnail": "https://cdn.dummyjson.com/products/images/groceries/Ice%20Cream/thumbnail.png"
        }
      ],
      "total": 7431.3,
      "discountedTotal": 6676.44,
      "userId": 134,
      "totalProducts": 6,
      "totalQuantity": 20
    },
    {
      "id": 6,
      "products": [
        {
          "id": 172,
          "title": "Blue Women's Handbag",
          "price": 49.99,
          "quantity": 5,
          "total": 249.95000000000002,
          "discountPercentage": 8.08,
          "discountedTotal": 229.75,
          "thumbnail": "https://cdn.dummyjson.com/products/images/womens-bags/Blue%20Women's%20Handbag/thumbnail.png"
        },
        {
          "id": 112,
          "title": "TV Studio Camera Pedestal",
          "price": 499.99,
          "quantity": 3,
          "total": 1499.97,
          "discountPercentage": 15.69,
          "discountedTotal": 1264.62,
          "thumbnail": "https://cdn.dummyjson.com/products/images/mobile-accessories/TV%20Studio%20Camera%20Pedestal/thumbnail.png"
        },
        {
          "id": 97,
          "title": "Rolex Datejust",
          "price": 10999.99,
          "quantity": 3,
          "total": 32999.97,
          "discountPercentage": 10.58,
          "discountedTotal": 29508.57,
          "thumbnail": "https://cdn.dummyjson.com/products/images/mens-watches/Rolex%20Datejust/thumbnail.png"
        },
        {
          "id": 128,
          "title": "Realme C35",
          "price": 149.99,
          "quantity": 3,
          "total": 449.97,
          "discountPercentage": 3.97,
          "discountedTotal": 432.11,
          "thumbnail": "https://cdn.dummyjson.com/products/images/smartphones/Realme%20C35/thumbnail.png"
        }
      ],
      "total": 35199.86,
      "discountedTotal": 31435.05,
      "userId": 150,
      "totalProducts": 4,
      "totalQuantity": 14
    },
    {
      "id": 7,
      "products": [
        {
          "id": 167,
          "title": "300 Touring",
          "price": 28999.99,
          "quantity": 5,
          "total": 144999.95,
          "discountPercentage": 11.78,
          "discountedTotal": 127918.96,
          "thumbnail": "https://cdn.dummyjson.com/products/images/vehicle/300%20Touring/thumbnail.png"
        },
        {
          "id": 111,
          "title": "Selfie Stick Monopod",
          "price": 12.99,
          "quantity": 4,
          "total": 51.96,
          "discountPercentage": 10.98,
          "discountedTotal": 46.25,
          "thumbnail": "https://cdn.dummyjson.com/products/images/mobile-accessories/Selfie%20Stick%20Monopod/thumbnail.png"
        },
        {
          "id": 129,
          "title": "Realme X",
          "price": 299.99,
          "quantity": 2,
          "total": 599.98,
          "discountPercentage": 10.13,
          "discountedTotal": 539.2,
          "thumbnail": "https://cdn.dummyjson.com/products/images/smartphones/Realme%20X/thumbnail.png"
        }
      ],
      "total": 145651.89,
      "discountedTotal": 128504.41,
      "userId": 86,
      "totalProducts": 3,
      "totalQuantity": 11
    },
    {
      "id": 8,
      "products": [
        {
          "id": 117,
          "title": "Sportbike Motorcycle",
          "price": 7499.99,
          "quantity": 2,
          "total": 14999.98,
          "discountPercentage": 19.83,
          "discountedTotal": 12025.48,
          "thumbnail": "https://cdn.dummyjson.com/products/images/motorcycle/Sportbike%20Motorcycle/thumbnail.png"
        },
        {
          "id": 18,
          "title": "Cat Food",
          "price": 8.99,
          "quantity": 4,
          "total": 35.96,
          "discountPercentage": 1.15,
          "discountedTotal": 35.55,
          "thumbnail": "https://cdn.dummyjson.com/products/images/groceries/Cat%20Food/thumbnail.png"
        },
        {
          "id": 105,
          "title": "Apple MagSafe Battery Pack",
          "price": 99.99,
          "quantity": 5,
          "total": 499.95,
          "discountPercentage": 7.14,
          "discountedTotal": 464.25,
          "thumbnail": "https://cdn.dummyjson.com/products/images/mobile-accessories/Apple%20MagSafe%20Battery%20Pack/thumbnail.png"
        },
        {
          "id": 6,
          "title": "Calvin Klein CK One",
          "price": 49.99,
          "quantity": 3,
          "total": 149.97,
          "discountPercentage": 5.67,
          "discountedTotal": 141.47,
          "thumbnail": "https://cdn.dummyjson.com/products/images/fragrances/Calvin%20Klein%20CK%20One/thumbnail.png"
        }
      ],
      "total": 15685.86,
      "discountedTotal": 12666.75,
      "userId": 23,
      "totalProducts": 4,
      "totalQuantity": 14
    },
    {
      "id": 9,
      "products": [
        {
          "id": 178,
          "title": "Corset Leather With Skirt",
          "price": 89.99,
          "quantity": 2,
          "total": 179.98,
          "discountPercentage": 12.59,
          "discountedTotal": 157.32,
          "thumbnail": "https://cdn.dummyjson.com/products/images/womens-dresses/Corset%20Leather%20With%20Skirt/thumbnail.png"
        },
        {
          "id": 191,
          "title": "Rolex Cellini Moonphase",
          "price": 15999.99,
          "quantity": 4,
          "total": 63999.96,
          "discountPercentage": 3.26,
          "discountedTotal": 61913.56,
          "thumbnail": "https://cdn.dummyjson.com/products/images/womens-watches/Rolex%20Cellini%20Moonphase/thumbnail.png"
        },
        {
          "id": 47,
          "title": "Table Lamp",
          "price": 49.99,
          "quantity": 2,
          "total": 99.98,
          "discountPercentage": 13.74,
          "discountedTotal": 86.24,
          "thumbnail": "https://cdn.dummyjson.com/products/images/home-decoration/Table%20Lamp/thumbnail.png"
        },
        {
          "id": 134,
          "title": "Vivo S1",
          "price": 249.99,
          "quantity": 5,
          "total": 1249.95,
          "discountPercentage": 5.64,
          "discountedTotal": 1179.45,
          "thumbnail": "https://cdn.dummyjson.com/products/images/smartphones/Vivo%20S1/thumbnail.png"
        }
      ],
      "total": 65529.87,
      "discountedTotal": 63336.57,
      "userId": 194,
      "totalProducts": 4,
      "totalQuantity": 13
    },
    {
      "id": 10,
      "products": [
        {
          "id": 190,
          "title": "IWC Ingenieur Automatic Steel",
          "price": 4999.99,
          "quantity": 5,
          "total": 24999.949999999997,
          "discountPercentage": 12.34,
          "discountedTotal": 21914.96,
          "thumbnail": "https://cdn.dummyjson.com/products/images/womens-watches/IWC%20Ingenieur%20Automatic%20Steel/thumbnail.png"
        },
        {
          "id": 94,
          "title": "Longines Master Collection",
          "price": 1499.99,
          "quantity": 3,
          "total": 4499.97,
          "discountPercentage": 16.44,
          "discountedTotal": 3760.17,
          "thumbnail": "https://cdn.dummyjson.com/products/images/mens-watches/Longines%20Master%20Collection/thumbnail.png"
        }
      ],
      "total": 29499.92,
      "discountedTotal": 25675.13,
      "userId": 160,
      "totalProducts": 2,
      "totalQuantity": 8
    },
    {
      "id": 11,
      "products": [
        {
          "id": 88,
          "title": "Nike Air Jordan 1 Red And Black",
          "price": 149.99,
          "quantity": 1,
          "total": 149.99,
          "discountPercentage": 17.18,
          "discountedTotal": 124.22,
          "thumbnail": "https://cdn.dummyjson.com/products/images/mens-shoes/Nike%20Air%20Jordan%201%20Red%20And%20Black/thumbnail.png"
        },
        {
          "id": 32,
          "title": "Milk",
          "price": 3.49,
          "quantity": 3,
          "total": 10.47,
          "discountPercentage": 9.36,
          "discountedTotal": 9.49,
          "thumbnail": "https://cdn.dummyjson.com/products/images/groceries/Milk/thumbnail.png"
        },
        {
          "id": 74,
          "title": "Spoon",
          "price": 4.99,
          "quantity": 3,
          "total": 14.97,
          "discountPercentage": 2.78,
          "discountedTotal": 14.55,
          "thumbnail": "https://cdn.dummyjson.com/products/images/kitchen-accessories/Spoon/thumbnail.png"
        },
        {
          "id": 145,
          "title": "Cricket Wicket",
          "price": 29.99,
          "quantity": 3,
          "total": 89.97,
          "discountPercentage": 17.87,
          "discountedTotal": 73.89,
          "thumbnail": "https://cdn.dummyjson.com/products/images/sports-accessories/Cricket%20Wicket/thumbnail.png"
        },
        {
          "id": 26,
          "title": "Green Chili Pepper",
          "price": 0.99,
          "quantity": 3,
          "total": 2.9699999999999998,
          "discountPercentage": 18.69,
          "discountedTotal": 2.41,
          "thumbnail": "https://cdn.dummyjson.com/products/images/groceries/Green%20Chili%20Pepper/thumbnail.png"
        },
        {
          "id": 127,
          "title": "Oppo K1",
          "price": 299.99,
          "quantity": 1,
          "total": 299.99,
          "discountPercentage": 15.93,
          "discountedTotal": 252.2,
          "thumbnail": "https://cdn.dummyjson.com/products/images/smartphones/Oppo%20K1/thumbnail.png"
        }
      ],
      "total": 568.36,
      "discountedTotal": 476.76,
      "userId": 172,
      "totalProducts": 6,
      "totalQuantity": 14
    },
    {
      "id": 12,
      "products": [
        {
          "id": 63,
          "title": "Kitchen Sieve",
          "price": 7.99,
          "quantity": 4,
          "total": 31.96,
          "discountPercentage": 18.8,
          "discountedTotal": 25.95,
          "thumbnail": "https://cdn.dummyjson.com/products/images/kitchen-accessories/Kitchen%20Sieve/thumbnail.png"
        },
        {
          "id": 181,
          "title": "Marni Red & Black Suit",
          "price": 179.99,
          "quantity": 5,
          "total": 899.95,
          "discountPercentage": 14.21,
          "discountedTotal": 772.07,
          "thumbnail": "https://cdn.dummyjson.com/products/images/womens-dresses/Marni%20Red%20&%20Black%20Suit/thumbnail.png"
        }
      ],
      "total": 931.91,
      "discountedTotal": 798.02,
      "userId": 202,
      "totalProducts": 2,
      "totalQuantity": 9
    },
    {
      "id": 13,
      "products": [
        {
          "id": 85,
          "title": "Man Plaid Shirt",
          "price": 34.99,
          "quantity": 2,
          "total": 69.98,
          "discountPercentage": 3.7,
          "discountedTotal": 67.39,
          "thumbnail": "https://cdn.dummyjson.com/products/images/mens-shirts/Man%20Plaid%20Shirt/thumbnail.png"
        },
        {
          "id": 109,
          "title": "Monopod",
          "price": 19.99,
          "quantity": 3,
          "total": 59.97,
          "discountPercentage": 12.95,
          "discountedTotal": 52.2,
          "thumbnail": "https://cdn.dummyjson.com/products/images/mobile-accessories/Monopod/thumbnail.png"
        },
        {
          "id": 160,
          "title": "Samsung Galaxy Tab S8 Plus Grey",
          "price": 599.99,
          "quantity": 1,
          "total": 599.99,
          "discountPercentage": 4.31,
          "discountedTotal": 574.13,
          "thumbnail": "https://cdn.dummyjson.com/products/images/tablets/Samsung%20Galaxy%20Tab%20S8%20Plus%20Grey/thumbnail.png"
        },
        {
          "id": 163,
          "title": "Girl Summer Dress",
          "price": 19.99,
          "quantity": 3,
          "total": 59.97,
          "discountPercentage": 9.44,
          "discountedTotal": 54.31,
          "thumbnail": "https://cdn.dummyjson.com/products/images/tops/Girl%20Summer%20Dress/thumbnail.png"
        },
        {
          "id": 31,
          "title": "Lemon",
          "price": 0.79,
          "quantity": 4,
          "total": 3.16,
          "discountPercentage": 12.32,
          "discountedTotal": 2.77,
          "thumbnail": "https://cdn.dummyjson.com/products/images/groceries/Lemon/thumbnail.png"
        }
      ],
      "total": 793.07,
      "discountedTotal": 750.8,
      "userId": 41,
      "totalProducts": 5,
      "totalQuantity": 13
    },
    {
      "id": 14,
      "products": [
        {
          "id": 92,
          "title": "Sports Sneakers Off White Red",
          "price": 109.99,
          "quantity": 3,
          "total": 329.96999999999997,
          "discountPercentage": 17.73,
          "discountedTotal": 271.47,
          "thumbnail": "https://cdn.dummyjson.com/products/images/mens-shoes/Sports%20Sneakers%20Off%20White%20Red/thumbnail.png"
        },
        {
          "id": 54,
          "title": "Citrus Squeezer Yellow",
          "price": 8.99,
          "quantity": 5,
          "total": 44.95,
          "discountPercentage": 6.3,
          "discountedTotal": 42.12,
          "thumbnail": "https://cdn.dummyjson.com/products/images/kitchen-accessories/Citrus%20Squeezer%20Yellow/thumbnail.png"
        },
        {
          "id": 76,
          "title": "Wooden Rolling Pin",
          "price": 11.99,
          "quantity": 1,
          "total": 11.99,
          "discountPercentage": 8.45,
          "discountedTotal": 10.98,
          "thumbnail": "https://cdn.dummyjson.com/products/images/kitchen-accessories/Wooden%20Rolling%20Pin/thumbnail.png"
        },
        {
          "id": 44,
          "title": "Family Tree Photo Frame",
          "price": 29.99,
          "quantity": 5,
          "total": 149.95,
          "discountPercentage": 10.68,
          "discountedTotal": 133.94,
          "thumbnail": "https://cdn.dummyjson.com/products/images/home-decoration/Family%20Tree%20Photo%20Frame/thumbnail.png"
        },
        {
          "id": 67,
          "title": "Mug Tree Stand",
          "price": 15.99,
          "quantity": 3,
          "total": 47.97,
          "discountPercentage": 16.65,
          "discountedTotal": 39.98,
          "thumbnail": "https://cdn.dummyjson.com/products/images/kitchen-accessories/Mug%20Tree%20Stand/thumbnail.png"
        },
        {
          "id": 16,
          "title": "Apple",
          "price": 1.99,
          "quantity": 1,
          "total": 1.99,
          "discountPercentage": 11.74,
          "discountedTotal": 1.76,
          "thumbnail": "https://cdn.dummyjson.com/products/images/groceries/Apple/thumbnail.png"
        }
      ],
      "total": 586.82,
      "discountedTotal": 500.25,
      "userId": 94,
      "totalProducts": 6,
      "totalQuantity": 18
    },
    {
      "id": 15,
      "products": [
        {
          "id": 11,
          "title": "Annibale Colombo Bed",
          "price": 1899.99,
          "quantity": 5,
          "total": 9499.95,
          "discountPercentage": 8.09,
          "discountedTotal": 8731.4,
          "thumbnail": "https://cdn.dummyjson.com/products/images/furniture/Annibale%20Colombo%20Bed/thumbnail.png"
        },
        {
          "id": 133,
          "title": "Samsung Galaxy S10",
          "price": 699.99,
          "quantity": 3,
          "total": 2099.9700000000003,
          "discountPercentage": 1.12,
          "discountedTotal": 2076.45,
          "thumbnail": "https://cdn.dummyjson.com/products/images/smartphones/Samsung%20Galaxy%20S10/thumbnail.png"
        },
        {
          "id": 111,
          "title": "Selfie Stick Monopod",
          "price": 12.99,
          "quantity": 3,
          "total": 38.97,
          "discountPercentage": 10.98,
          "discountedTotal": 34.69,
          "thumbnail": "https://cdn.dummyjson.com/products/images/mobile-accessories/Selfie%20Stick%20Monopod/thumbnail.png"
        },
        {
          "id": 162,
          "title": "Blue Frock",
          "price": 29.99,
          "quantity": 3,
          "total": 89.97,
          "discountPercentage": 3.86,
          "discountedTotal": 86.5,
          "thumbnail": "https://cdn.dummyjson.com/products/images/tops/Blue%20Frock/thumbnail.png"
        },
        {
          "id": 30,
          "title": "Kiwi",
          "price": 2.49,
          "quantity": 5,
          "total": 12.450000000000001,
          "discountPercentage": 4.34,
          "discountedTotal": 11.91,
          "thumbnail": "https://cdn.dummyjson.com/products/images/groceries/Kiwi/thumbnail.png"
        }
      ],
      "total": 11741.31,
      "discountedTotal": 10940.95,
      "userId": 11,
      "totalProducts": 5,
      "totalQuantity": 19
    },
    {
      "id": 16,
      "products": [
        {
          "id": 19,
          "title": "Chicken Meat",
          "price": 9.99,
          "quantity": 2,
          "total": 19.98,
          "discountPercentage": 13.37,
          "discountedTotal": 17.31,
          "thumbnail": "https://cdn.dummyjson.com/products/images/groceries/Chicken%20Meat/thumbnail.png"
        },
        {
          "id": 152,
          "title": "Tennis Racket",
          "price": 49.99,
          "quantity": 3,
          "total": 149.97,
          "discountPercentage": 9.13,
          "discountedTotal": 136.28,
          "thumbnail": "https://cdn.dummyjson.com/products/images/sports-accessories/Tennis%20Racket/thumbnail.png"
        },
        {
          "id": 35,
          "title": "Potatoes",
          "price": 2.29,
          "quantity": 1,
          "total": 2.29,
          "discountPercentage": 1.69,
          "discountedTotal": 2.25,
          "thumbnail": "https://cdn.dummyjson.com/products/images/groceries/Potatoes/thumbnail.png"
        }
      ],
      "total": 172.24,
      "discountedTotal": 155.84,
      "userId": 200,
      "totalProducts": 3,
      "totalQuantity": 6
    },
    {
      "id": 17,
      "products": [
        {
          "id": 1,
          "title": "Essence Mascara Lash Princess",
          "price": 9.99,
          "quantity": 2,
          "total": 19.98,
          "discountPercentage": 0.63,
          "discountedTotal": 19.85,
          "thumbnail": "https://cdn.dummyjson.com/products/images/beauty/Essence%20Mascara%20Lash%20Princess/thumbnail.png"
        },
        {
          "id": 60,
          "title": "Grater Black",
          "price": 10.99,
          "quantity": 3,
          "total": 32.97,
          "discountPercentage": 16.62,
          "discountedTotal": 27.49,
          "thumbnail": "https://cdn.dummyjson.com/products/images/kitchen-accessories/Grater%20Black/thumbnail.png"
        },
        {
          "id": 74,
          "title": "Spoon",
          "price": 4.99,
          "quantity": 4,
          "total": 19.96,
          "discountPercentage": 2.78,
          "discountedTotal": 19.41,
          "thumbnail": "https://cdn.dummyjson.com/products/images/kitchen-accessories/Spoon/thumbnail.png"
        },
        {
          "id": 44,
          "title": "Family Tree Photo Frame",
          "price": 29.99,
          "quantity": 4,
          "total": 119.96,
          "discountPercentage": 10.68,
          "discountedTotal": 107.15,
          "thumbnail": "https://cdn.dummyjson.com/products/images/home-decoration/Family%20Tree%20Photo%20Frame/thumbnail.png"
        }
      ],
      "total": 192.87,
      "discountedTotal": 173.9,
      "userId": 141,
      "totalProducts": 4,
      "totalQuantity": 13
    },
    {
      "id": 18,
      "products": [
        {
          "id": 127,
          "title": "Oppo K1",
          "price": 299.99,
          "quantity": 4,
          "total": 1199.96,
          "discountPercentage": 15.93,
          "discountedTotal": 1008.81,
          "thumbnail": "https://cdn.dummyjson.com/products/images/smartphones/Oppo%20K1/thumbnail.png"
        },
        {
          "id": 24,
          "title": "Fish Steak",
          "price": 14.99,
          "quantity": 3,
          "total": 44.97,
          "discountPercentage": 7.66,
          "discountedTotal": 41.53,
          "thumbnail": "https://cdn.dummyjson.com/products/images/groceries/Fish%20Steak/thumbnail.png"
        },
        {
          "id": 20,
          "title": "Cooking Oil",
          "price": 4.99,
          "quantity": 5,
          "total": 24.950000000000003,
          "discountPercentage": 12.62,
          "discountedTotal": 21.8,
          "thumbnail": "https://cdn.dummyjson.com/products/images/groceries/Cooking%20Oil/thumbnail.png"
        },
        {
          "id": 154,
          "title": "Black Sun Glasses",
          "price": 29.99,
          "quantity": 3,
          "total": 89.97,
          "discountPercentage": 1.11,
          "discountedTotal": 88.97,
          "thumbnail": "https://cdn.dummyjson.com/products/images/sunglasses/Black%20Sun%20Glasses/thumbnail.png"
        },
        {
          "id": 44,
          "title": "Family Tree Photo Frame",
          "price": 29.99,
          "quantity": 2,
          "total": 59.98,
          "discountPercentage": 10.68,
          "discountedTotal": 53.57,
          "thumbnail": "https://cdn.dummyjson.com/products/images/home-decoration/Family%20Tree%20Photo%20Frame/thumbnail.png"
        },
        {
          "id": 5,
          "title": "Red Nail Polish",
          "price": 8.99,
          "quantity": 5,
          "total": 44.95,
          "discountPercentage": 3.76,
          "discountedTotal": 43.26,
          "thumbnail": "https://cdn.dummyjson.com/products/images/beauty/Red%20Nail%20Polish/thumbnail.png"
        }
      ],
      "total": 1464.78,
      "discountedTotal": 1257.94,
      "userId": 189,
      "totalProducts": 6,
      "totalQuantity": 22
    },
    {
      "id": 19,
      "products": [
        {
          "id": 187,
          "title": "Golden Shoes Woman",
          "price": 49.99,
          "quantity": 3,
          "total": 149.97,
          "discountPercentage": 1.64,
          "discountedTotal": 147.51,
          "thumbnail": "https://cdn.dummyjson.com/products/images/womens-shoes/Golden%20Shoes%20Woman/thumbnail.png"
        },
        {
          "id": 153,
          "title": "Volleyball",
          "price": 11.99,
          "quantity": 5,
          "total": 59.95,
          "discountPercentage": 16.05,
          "discountedTotal": 50.33,
          "thumbnail": "https://cdn.dummyjson.com/products/images/sports-accessories/Volleyball/thumbnail.png"
        },
        {
          "id": 34,
          "title": "Nescafe Coffee",
          "price": 7.99,
          "quantity": 3,
          "total": 23.97,
          "discountPercentage": 8.31,
          "discountedTotal": 21.98,
          "thumbnail": "https://cdn.dummyjson.com/products/images/groceries/Nescafe%20Coffee/thumbnail.png"
        },
        {
          "id": 130,
          "title": "Realme XT",
          "price": 349.99,
          "quantity": 2,
          "total": 699.98,
          "discountPercentage": 17.86,
          "discountedTotal": 574.96,
          "thumbnail": "https://cdn.dummyjson.com/products/images/smartphones/Realme%20XT/thumbnail.png"
        }
      ],
      "total": 933.87,
      "discountedTotal": 794.78,
      "userId": 59,
      "totalProducts": 4,
      "totalQuantity": 13
    },
    {
      "id": 20,
      "products": [
        {
          "id": 107,
          "title": "Beats Flex Wireless Earphones",
          "price": 49.99,
          "quantity": 1,
          "total": 49.99,
          "discountPercentage": 8.79,
          "discountedTotal": 45.6,
          "thumbnail": "https://cdn.dummyjson.com/products/images/mobile-accessories/Beats%20Flex%20Wireless%20Earphones/thumbnail.png"
        },
        {
          "id": 193,
          "title": "Watch Gold for Women",
          "price": 799.99,
          "quantity": 3,
          "total": 2399.9700000000003,
          "discountPercentage": 19.53,
          "discountedTotal": 1931.26,
          "thumbnail": "https://cdn.dummyjson.com/products/images/womens-watches/Watch%20Gold%20for%20Women/thumbnail.png"
        },
        {
          "id": 100,
          "title": "Apple Airpods",
          "price": 129.99,
          "quantity": 3,
          "total": 389.97,
          "discountPercentage": 12.84,
          "discountedTotal": 339.9,
          "thumbnail": "https://cdn.dummyjson.com/products/images/mobile-accessories/Apple%20Airpods/thumbnail.png"
        },
        {
          "id": 90,
          "title": "Puma Future Rider Trainers",
          "price": 89.99,
          "quantity": 5,
          "total": 449.95,
          "discountPercentage": 14.7,
          "discountedTotal": 383.81,
          "thumbnail": "https://cdn.dummyjson.com/products/images/mens-shoes/Puma%20Future%20Rider%20Trainers/thumbnail.png"
        },
        {
          "id": 118,
          "title": "Attitude Super Leaves Hand Soap",
          "price": 8.99,
          "quantity": 5,
          "total": 44.95,
          "discountPercentage": 7.23,
          "discountedTotal": 41.7,
          "thumbnail": "https://cdn.dummyjson.com/products/images/skin-care/Attitude%20Super%20Leaves%20Hand%20Soap/thumbnail.png"
        },
        {
          "id": 166,
          "title": "Tartan Dress",
          "price": 39.99,
          "quantity": 5,
          "total": 199.95000000000002,
          "discountPercentage": 2.82,
          "discountedTotal": 194.31,
          "thumbnail": "https://cdn.dummyjson.com/products/images/tops/Tartan%20Dress/thumbnail.png"
        }
      ],
      "total": 3534.78,
      "discountedTotal": 2936.58,
      "userId": 90,
      "totalProducts": 6,
      "totalQuantity": 22
    },
    {
      "id": 21,
      "products": [
        {
          "id": 77,
          "title": "Yellow Peeler",
          "price": 5.99,
          "quantity": 2,
          "total": 11.98,
          "discountPercentage": 13.16,
          "discountedTotal": 10.4,
          "thumbnail": "https://cdn.dummyjson.com/products/images/kitchen-accessories/Yellow%20Peeler/thumbnail.png"
        },
        {
          "id": 91,
          "title": "Sports Sneakers Off White & Red",
          "price": 119.99,
          "quantity": 2,
          "total": 239.98,
          "discountPercentage": 1.96,
          "discountedTotal": 235.28,
          "thumbnail": "https://cdn.dummyjson.com/products/images/mens-shoes/Sports%20Sneakers%20Off%20White%20&%20Red/thumbnail.png"
        }
      ],
      "total": 251.96,
      "discountedTotal": 245.68,
      "userId": 42,
      "totalProducts": 2,
      "totalQuantity": 4
    },
    {
      "id": 22,
      "products": [
        {
          "id": 73,
          "title": "Spice Rack",
          "price": 19.99,
          "quantity": 5,
          "total": 99.94999999999999,
          "discountPercentage": 8.74,
          "discountedTotal": 91.21,
          "thumbnail": "https://cdn.dummyjson.com/products/images/kitchen-accessories/Spice%20Rack/thumbnail.png"
        },
        {
          "id": 2,
          "title": "Eyeshadow Palette with Mirror",
          "price": 19.99,
          "quantity": 2,
          "total": 39.98,
          "discountPercentage": 0.7,
          "discountedTotal": 39.7,
          "thumbnail": "https://cdn.dummyjson.com/products/images/beauty/Eyeshadow%20Palette%20with%20Mirror/thumbnail.png"
        },
        {
          "id": 69,
          "title": "Plate",
          "price": 3.99,
          "quantity": 2,
          "total": 7.98,
          "discountPercentage": 16,
          "discountedTotal": 6.7,
          "thumbnail": "https://cdn.dummyjson.com/products/images/kitchen-accessories/Plate/thumbnail.png"
        },
        {
          "id": 155,
          "title": "Classic Sun Glasses",
          "price": 24.99,
          "quantity": 3,
          "total": 74.97,
          "discountPercentage": 9.27,
          "discountedTotal": 68.02,
          "thumbnail": "https://cdn.dummyjson.com/products/images/sunglasses/Classic%20Sun%20Glasses/thumbnail.png"
        }
      ],
      "total": 222.88,
      "discountedTotal": 205.63,
      "userId": 140,
      "totalProducts": 4,
      "totalQuantity": 12
    },
    {
      "id": 23,
      "products": [
        {
          "id": 82,
          "title": "New DELL XPS 13 9300 Laptop",
          "price": 1499.99,
          "quantity": 5,
          "total": 7499.95,
          "discountPercentage": 3.9,
          "discountedTotal": 7207.45,
          "thumbnail": "https://cdn.dummyjson.com/products/images/laptops/New%20DELL%20XPS%2013%209300%20Laptop/thumbnail.png"
        },
        {
          "id": 172,
          "title": "Blue Women's Handbag",
          "price": 49.99,
          "quantity": 4,
          "total": 199.96,
          "discountPercentage": 8.08,
          "discountedTotal": 183.8,
          "thumbnail": "https://cdn.dummyjson.com/products/images/womens-bags/Blue%20Women's%20Handbag/thumbnail.png"
        },
        {
          "id": 41,
          "title": "Tissue Paper Box",
          "price": 2.49,
          "quantity": 2,
          "total": 4.98,
          "discountPercentage": 2.74,
          "discountedTotal": 4.84,
          "thumbnail": "https://cdn.dummyjson.com/products/images/groceries/Tissue%20Paper%20Box/thumbnail.png"
        },
        {
          "id": 37,
          "title": "Red Onions",
          "price": 1.99,
          "quantity": 4,
          "total": 7.96,
          "discountPercentage": 8.95,
          "discountedTotal": 7.25,
          "thumbnail": "https://cdn.dummyjson.com/products/images/groceries/Red%20Onions/thumbnail.png"
        },
        {
          "id": 138,
          "title": "Baseball Ball",
          "price": 8.99,
          "quantity": 5,
          "total": 44.95,
          "discountPercentage": 18.49,
          "discountedTotal": 36.64,
          "thumbnail": "https://cdn.dummyjson.com/products/images/sports-accessories/Baseball%20Ball/thumbnail.png"
        }
      ],
      "total": 7757.8,
      "discountedTotal": 7439.98,
      "userId": 147,
      "totalProducts": 5,
      "totalQuantity": 20
    },
    {
      "id": 24,
      "products": [
        {
          "id": 108,
          "title": "iPhone 12 Silicone Case with MagSafe Plum",
          "price": 29.99,
          "quantity": 5,
          "total": 149.95,
          "discountPercentage": 14.68,
          "discountedTotal": 127.94,
          "thumbnail": "https://cdn.dummyjson.com/products/images/mobile-accessories/iPhone%2012%20Silicone%20Case%20with%20MagSafe%20Plum/thumbnail.png"
        },
        {
          "id": 134,
          "title": "Vivo S1",
          "price": 249.99,
          "quantity": 4,
          "total": 999.96,
          "discountPercentage": 5.64,
          "discountedTotal": 943.56,
          "thumbnail": "https://cdn.dummyjson.com/products/images/smartphones/Vivo%20S1/thumbnail.png"
        },
        {
          "id": 174,
          "title": "Prada Women Bag",
          "price": 599.99,
          "quantity": 1,
          "total": 599.99,
          "discountPercentage": 12.86,
          "discountedTotal": 522.83,
          "thumbnail": "https://cdn.dummyjson.com/products/images/womens-bags/Prada%20Women%20Bag/thumbnail.png"
        }
      ],
      "total": 1749.9,
      "discountedTotal": 1594.33,
      "userId": 6,
      "totalProducts": 3,
      "totalQuantity": 10
    },
    {
      "id": 25,
      "products": [
        {
          "id": 4,
          "title": "Red Lipstick",
          "price": 12.99,
          "quantity": 1,
          "total": 12.99,
          "discountPercentage": 14.69,
          "discountedTotal": 11.08,
          "thumbnail": "https://cdn.dummyjson.com/products/images/beauty/Red%20Lipstick/thumbnail.png"
        },
        {
          "id": 126,
          "title": "Oppo F19 Pro+",
          "price": 399.99,
          "quantity": 1,
          "total": 399.99,
          "discountPercentage": 14.38,
          "discountedTotal": 342.47,
          "thumbnail": "https://cdn.dummyjson.com/products/images/smartphones/Oppo%20F19%20Pro+/thumbnail.png"
        }
      ],
      "total": 412.98,
      "discountedTotal": 353.55,
      "userId": 118,
      "totalProducts": 2,
      "totalQuantity": 2
    },
    {
      "id": 26,
      "products": [
        {
          "id": 37,
          "title": "Red Onions",
          "price": 1.99,
          "quantity": 5,
          "total": 9.95,
          "discountPercentage": 8.95,
          "discountedTotal": 9.06,
          "thumbnail": "https://cdn.dummyjson.com/products/images/groceries/Red%20Onions/thumbnail.png"
        },
        {
          "id": 128,
          "title": "Realme C35",
          "price": 149.99,
          "quantity": 3,
          "total": 449.97,
          "discountPercentage": 3.97,
          "discountedTotal": 432.11,
          "thumbnail": "https://cdn.dummyjson.com/products/images/smartphones/Realme%20C35/thumbnail.png"
        }
      ],
      "total": 459.92,
      "discountedTotal": 441.17,
      "userId": 66,
      "totalProducts": 2,
      "totalQuantity": 8
    },
    {
      "id": 27,
      "products": [
        {
          "id": 33,
          "title": "Mulberry",
          "price": 4.99,
          "quantity": 1,
          "total": 4.99,
          "discountPercentage": 2.75,
          "discountedTotal": 4.85,
          "thumbnail": "https://cdn.dummyjson.com/products/images/groceries/Mulberry/thumbnail.png"
        },
        {
          "id": 110,
          "title": "Selfie Lamp with iPhone",
          "price": 14.99,
          "quantity": 2,
          "total": 29.98,
          "discountPercentage": 19.87,
          "discountedTotal": 24.02,
          "thumbnail": "https://cdn.dummyjson.com/products/images/mobile-accessories/Selfie%20Lamp%20with%20iPhone/thumbnail.png"
        },
        {
          "id": 16,
          "title": "Apple",
          "price": 1.99,
          "quantity": 3,
          "total": 5.97,
          "discountPercentage": 11.74,
          "discountedTotal": 5.27,
          "thumbnail": "https://cdn.dummyjson.com/products/images/groceries/Apple/thumbnail.png"
        },
        {
          "id": 83,
          "title": "Blue & Black Check Shirt",
          "price": 29.99,
          "quantity": 5,
          "total": 149.95,
          "discountPercentage": 8.76,
          "discountedTotal": 136.81,
          "thumbnail": "https://cdn.dummyjson.com/products/images/mens-shirts/Blue%20&%20Black%20Check%20Shirt/thumbnail.png"
        }
      ],
      "total": 190.89,
      "discountedTotal": 170.95,
      "userId": 75,
      "totalProducts": 4,
      "totalQuantity": 11
    },
    {
      "id": 28,
      "products": [
        {
          "id": 1,
          "title": "Essence Mascara Lash Princess",
          "price": 9.99,
          "quantity": 5,
          "total": 49.95,
          "discountPercentage": 0.63,
          "discountedTotal": 49.64,
          "thumbnail": "https://cdn.dummyjson.com/products/images/beauty/Essence%20Mascara%20Lash%20Princess/thumbnail.png"
        },
        {
          "id": 141,
          "title": "Basketball Rim",
          "price": 39.99,
          "quantity": 4,
          "total": 159.96,
          "discountPercentage": 14.7,
          "discountedTotal": 136.45,
          "thumbnail": "https://cdn.dummyjson.com/products/images/sports-accessories/Basketball%20Rim/thumbnail.png"
        }
      ],
      "total": 209.91,
      "discountedTotal": 186.09,
      "userId": 147,
      "totalProducts": 2,
      "totalQuantity": 9
    },
    {
      "id": 29,
      "products": [
        {
          "id": 80,
          "title": "Huawei Matebook X Pro",
          "price": 1399.99,
          "quantity": 2,
          "total": 2799.98,
          "discountPercentage": 9.99,
          "discountedTotal": 2520.26,
          "thumbnail": "https://cdn.dummyjson.com/products/images/laptops/Huawei%20Matebook%20X%20Pro/thumbnail.png"
        },
        {
          "id": 107,
          "title": "Beats Flex Wireless Earphones",
          "price": 49.99,
          "quantity": 4,
          "total": 199.96,
          "discountPercentage": 8.79,
          "discountedTotal": 182.38,
          "thumbnail": "https://cdn.dummyjson.com/products/images/mobile-accessories/Beats%20Flex%20Wireless%20Earphones/thumbnail.png"
        },
        {
          "id": 25,
          "title": "Green Bell Pepper",
          "price": 1.29,
          "quantity": 2,
          "total": 2.58,
          "discountPercentage": 1.2,
          "discountedTotal": 2.55,
          "thumbnail": "https://cdn.dummyjson.com/products/images/groceries/Green%20Bell%20Pepper/thumbnail.png"
        },
        {
          "id": 121,
          "title": "iPhone 5s",
          "price": 199.99,
          "quantity": 4,
          "total": 799.96,
          "discountPercentage": 8.38,
          "discountedTotal": 732.92,
          "thumbnail": "https://cdn.dummyjson.com/products/images/smartphones/iPhone%205s/thumbnail.png"
        },
        {
          "id": 153,
          "title": "Volleyball",
          "price": 11.99,
          "quantity": 5,
          "total": 59.95,
          "discountPercentage": 16.05,
          "discountedTotal": 50.33,
          "thumbnail": "https://cdn.dummyjson.com/products/images/sports-accessories/Volleyball/thumbnail.png"
        }
      ],
      "total": 3862.43,
      "discountedTotal": 3488.44,
      "userId": 170,
      "totalProducts": 5,
      "totalQuantity": 17
    },
    {
      "id": 30,
      "products": [
        {
          "id": 181,
          "title": "Marni Red & Black Suit",
          "price": 179.99,
          "quantity": 1,
          "total": 179.99,
          "discountPercentage": 14.21,
          "discountedTotal": 154.41,
          "thumbnail": "https://cdn.dummyjson.com/products/images/womens-dresses/Marni%20Red%20&%20Black%20Suit/thumbnail.png"
        },
        {
          "id": 171,
          "title": "Pacifica Touring",
          "price": 31999.99,
          "quantity": 4,
          "total": 127999.96,
          "discountPercentage": 7.4,
          "discountedTotal": 118527.96,
          "thumbnail": "https://cdn.dummyjson.com/products/images/vehicle/Pacifica%20Touring/thumbnail.png"
        },
        {
          "id": 35,
          "title": "Potatoes",
          "price": 2.29,
          "quantity": 4,
          "total": 9.16,
          "discountPercentage": 1.69,
          "discountedTotal": 9.01,
          "thumbnail": "https://cdn.dummyjson.com/products/images/groceries/Potatoes/thumbnail.png"
        },
        {
          "id": 46,
          "title": "Plant Pot",
          "price": 14.99,
          "quantity": 4,
          "total": 59.96,
          "discountPercentage": 17.65,
          "discountedTotal": 49.38,
          "thumbnail": "https://cdn.dummyjson.com/products/images/home-decoration/Plant%20Pot/thumbnail.png"
        }
      ],
      "total": 128249.07,
      "discountedTotal": 118740.76,
      "userId": 177,
      "totalProducts": 4,
      "totalQuantity": 13
    }
  ],
  "total": 50,
  "skip": 0,
  "limit": 30
}
 
]]></system-out>
  </testcase>
  <testcase name="[2:15] Get Single Cart by ID" classname="dummyjson/Carts" time="0.099">
    <system-out><![CDATA[18:58:45.572 [main] DEBUG org.apache.http.client.protocol.RequestAddCookies -- CookieSpec selected: karate
18:58:45.572 [main] DEBUG org.apache.http.client.protocol.RequestAuthCache -- Auth cache not set in the context
18:58:45.572 [main] DEBUG com.intuit.karate -- request:
1 > GET https://dummyjson.com/carts/1
1 > Host: dummyjson.com
1 > Connection: Keep-Alive
1 > User-Agent: Apache-HttpClient/4.5.14 (Java/21.0.8)
1 > Accept-Encoding: gzip,deflate


18:58:45.573 [main] DEBUG org.apache.http.impl.conn.PoolingHttpClientConnectionManager -- Connection request: [route: {s}->https://dummyjson.com:443][total available: 0; route allocated: 0 of 5; total allocated: 0 of 10]
18:58:45.573 [main] DEBUG org.apache.http.impl.conn.PoolingHttpClientConnectionManager -- Connection leased: [id: 1][route: {s}->https://dummyjson.com:443][total available: 0; route allocated: 1 of 5; total allocated: 1 of 10]
18:58:45.573 [main] DEBUG org.apache.http.impl.execchain.MainClientExec -- Opening connection {s}->https://dummyjson.com:443
18:58:45.573 [main] DEBUG org.apache.http.impl.conn.DefaultHttpClientConnectionOperator -- Connecting to dummyjson.com/66.33.22.2:443
18:58:45.574 [main] DEBUG org.apache.http.conn.ssl.SSLConnectionSocketFactory -- Connecting socket to dummyjson.com/66.33.22.2:443 with timeout 30000
18:58:45.598 [main] DEBUG org.apache.http.conn.ssl.SSLConnectionSocketFactory -- Enabled protocols: [TLSv1.3, TLSv1.2]
18:58:45.598 [main] DEBUG org.apache.http.conn.ssl.SSLConnectionSocketFactory -- Enabled cipher suites:[TLS_AES_256_GCM_SHA384, TLS_AES_128_GCM_SHA256, TLS_CHACHA20_POLY1305_SHA256, TLS_ECDHE_ECDSA_WITH_AES_256_GCM_SHA384, TLS_ECDHE_ECDSA_WITH_AES_128_GCM_SHA256, TLS_ECDHE_ECDSA_WITH_CHACHA20_POLY1305_SHA256, TLS_ECDHE_RSA_WITH_AES_256_GCM_SHA384, TLS_ECDHE_RSA_WITH_CHACHA20_POLY1305_SHA256, TLS_ECDHE_RSA_WITH_AES_128_GCM_SHA256, TLS_DHE_RSA_WITH_AES_256_GCM_SHA384, TLS_DHE_RSA_WITH_CHACHA20_POLY1305_SHA256, TLS_DHE_DSS_WITH_AES_256_GCM_SHA384, TLS_DHE_RSA_WITH_AES_128_GCM_SHA256, TLS_DHE_DSS_WITH_AES_128_GCM_SHA256, TLS_ECDHE_ECDSA_WITH_AES_256_CBC_SHA384, TLS_ECDHE_RSA_WITH_AES_256_CBC_SHA384, TLS_ECDHE_ECDSA_WITH_AES_128_CBC_SHA256, TLS_ECDHE_RSA_WITH_AES_128_CBC_SHA256, TLS_DHE_RSA_WITH_AES_256_CBC_SHA256, TLS_DHE_DSS_WITH_AES_256_CBC_SHA256, TLS_DHE_RSA_WITH_AES_128_CBC_SHA256, TLS_DHE_DSS_WITH_AES_128_CBC_SHA256, TLS_ECDHE_ECDSA_WITH_AES_256_CBC_SHA, TLS_ECDHE_RSA_WITH_AES_256_CBC_SHA, TLS_ECDHE_ECDSA_WITH_AES_128_CBC_SHA, TLS_ECDHE_RSA_WITH_AES_128_CBC_SHA, TLS_DHE_RSA_WITH_AES_256_CBC_SHA, TLS_DHE_DSS_WITH_AES_256_CBC_SHA, TLS_DHE_RSA_WITH_AES_128_CBC_SHA, TLS_DHE_DSS_WITH_AES_128_CBC_SHA, TLS_RSA_WITH_AES_256_GCM_SHA384, TLS_RSA_WITH_AES_128_GCM_SHA256, TLS_RSA_WITH_AES_256_CBC_SHA256, TLS_RSA_WITH_AES_128_CBC_SHA256, TLS_RSA_WITH_AES_256_CBC_SHA, TLS_RSA_WITH_AES_128_CBC_SHA, TLS_EMPTY_RENEGOTIATION_INFO_SCSV]
18:58:45.598 [main] DEBUG org.apache.http.conn.ssl.SSLConnectionSocketFactory -- Starting handshake
18:58:45.623 [main] DEBUG org.apache.http.conn.ssl.SSLConnectionSocketFactory -- Secure session established
18:58:45.623 [main] DEBUG org.apache.http.conn.ssl.SSLConnectionSocketFactory --  negotiated protocol: TLSv1.3
18:58:45.623 [main] DEBUG org.apache.http.conn.ssl.SSLConnectionSocketFactory --  negotiated cipher suite: TLS_AES_128_GCM_SHA256
18:58:45.624 [main] DEBUG org.apache.http.conn.ssl.SSLConnectionSocketFactory --  peer principal: CN=dummyjson.com
18:58:45.624 [main] DEBUG org.apache.http.conn.ssl.SSLConnectionSocketFactory --  peer alternative names: [dummyjson.com]
18:58:45.624 [main] DEBUG org.apache.http.conn.ssl.SSLConnectionSocketFactory --  issuer principal: CN=R11, O=Let's Encrypt, C=US
18:58:45.624 [main] DEBUG org.apache.http.impl.conn.DefaultHttpClientConnectionOperator -- Connection established 192.168.1.4:54542<->66.33.22.2:443
18:58:45.624 [main] DEBUG org.apache.http.impl.conn.DefaultManagedHttpClientConnection -- http-outgoing-1: set socket timeout to 30000
18:58:45.624 [main] DEBUG org.apache.http.impl.execchain.MainClientExec -- Executing request GET /carts/1 HTTP/1.1
18:58:45.624 [main] DEBUG org.apache.http.impl.execchain.MainClientExec -- Target auth state: UNCHALLENGED
18:58:45.624 [main] DEBUG org.apache.http.impl.execchain.MainClientExec -- Proxy auth state: UNCHALLENGED
18:58:45.624 [main] DEBUG org.apache.http.headers -- http-outgoing-1 >> GET /carts/1 HTTP/1.1
18:58:45.624 [main] DEBUG org.apache.http.headers -- http-outgoing-1 >> Host: dummyjson.com
18:58:45.624 [main] DEBUG org.apache.http.headers -- http-outgoing-1 >> Connection: Keep-Alive
18:58:45.624 [main] DEBUG org.apache.http.headers -- http-outgoing-1 >> User-Agent: Apache-HttpClient/4.5.14 (Java/21.0.8)
18:58:45.624 [main] DEBUG org.apache.http.headers -- http-outgoing-1 >> Accept-Encoding: gzip,deflate
18:58:45.624 [main] DEBUG org.apache.http.wire -- http-outgoing-1 >> "GET /carts/1 HTTP/1.1[\r][\n]"
18:58:45.624 [main] DEBUG org.apache.http.wire -- http-outgoing-1 >> "Host: dummyjson.com[\r][\n]"
18:58:45.624 [main] DEBUG org.apache.http.wire -- http-outgoing-1 >> "Connection: Keep-Alive[\r][\n]"
18:58:45.624 [main] DEBUG org.apache.http.wire -- http-outgoing-1 >> "User-Agent: Apache-HttpClient/4.5.14 (Java/21.0.8)[\r][\n]"
18:58:45.624 [main] DEBUG org.apache.http.wire -- http-outgoing-1 >> "Accept-Encoding: gzip,deflate[\r][\n]"
18:58:45.624 [main] DEBUG org.apache.http.wire -- http-outgoing-1 >> "[\r][\n]"
18:58:45.647 [main] DEBUG org.apache.http.wire -- http-outgoing-1 << "HTTP/1.1 200 OK[\r][\n]"
18:58:45.647 [main] DEBUG org.apache.http.wire -- http-outgoing-1 << "Access-Control-Allow-Origin: *[\r][\n]"
18:58:45.647 [main] DEBUG org.apache.http.wire -- http-outgoing-1 << "Content-Encoding: gzip[\r][\n]"
18:58:45.647 [main] DEBUG org.apache.http.wire -- http-outgoing-1 << "Content-Type: application/json; charset=utf-8[\r][\n]"
18:58:45.647 [main] DEBUG org.apache.http.wire -- http-outgoing-1 << "Date: Sat, 02 Aug 2025 11:58:45 GMT[\r][\n]"
18:58:45.647 [main] DEBUG org.apache.http.wire -- http-outgoing-1 << "Etag: W/"461-cWRWYNLFxfrc4fzJ3x6dAiWgKps"[\r][\n]"
18:58:45.647 [main] DEBUG org.apache.http.wire -- http-outgoing-1 << "Server: railway-edge[\r][\n]"
18:58:45.647 [main] DEBUG org.apache.http.wire -- http-outgoing-1 << "Strict-Transport-Security: max-age=15552000; includeSubDomains[\r][\n]"
18:58:45.647 [main] DEBUG org.apache.http.wire -- http-outgoing-1 << "Vary: Accept-Encoding[\r][\n]"
18:58:45.647 [main] DEBUG org.apache.http.wire -- http-outgoing-1 << "X-Content-Type-Options: nosniff[\r][\n]"
18:58:45.647 [main] DEBUG org.apache.http.wire -- http-outgoing-1 << "X-Dns-Prefetch-Control: off[\r][\n]"
18:58:45.648 [main] DEBUG org.apache.http.wire -- http-outgoing-1 << "X-Download-Options: noopen[\r][\n]"
18:58:45.648 [main] DEBUG org.apache.http.wire -- http-outgoing-1 << "X-Frame-Options: SAMEORIGIN[\r][\n]"
18:58:45.648 [main] DEBUG org.apache.http.wire -- http-outgoing-1 << "X-Powered-By: Cats on Keyboards[\r][\n]"
18:58:45.648 [main] DEBUG org.apache.http.wire -- http-outgoing-1 << "X-Railway-Edge: railway/asia-southeast1-eqsg3a[\r][\n]"
18:58:45.648 [main] DEBUG org.apache.http.wire -- http-outgoing-1 << "X-Railway-Request-Id: uswGNLoFTRqnsID6DcO5xA[\r][\n]"
18:58:45.648 [main] DEBUG org.apache.http.wire -- http-outgoing-1 << "X-Ratelimit-Limit: 100[\r][\n]"
18:58:45.648 [main] DEBUG org.apache.http.wire -- http-outgoing-1 << "X-Ratelimit-Remaining: 98[\r][\n]"
18:58:45.648 [main] DEBUG org.apache.http.wire -- http-outgoing-1 << "X-Ratelimit-Reset: 1754135935[\r][\n]"
18:58:45.648 [main] DEBUG org.apache.http.wire -- http-outgoing-1 << "X-Xss-Protection: 1; mode=block[\r][\n]"
18:58:45.648 [main] DEBUG org.apache.http.wire -- http-outgoing-1 << "Transfer-Encoding: chunked[\r][\n]"
18:58:45.648 [main] DEBUG org.apache.http.wire -- http-outgoing-1 << "[\r][\n]"
18:58:45.648 [main] DEBUG org.apache.http.headers -- http-outgoing-1 << HTTP/1.1 200 OK
18:58:45.648 [main] DEBUG org.apache.http.headers -- http-outgoing-1 << Access-Control-Allow-Origin: *
18:58:45.648 [main] DEBUG org.apache.http.headers -- http-outgoing-1 << Content-Encoding: gzip
18:58:45.648 [main] DEBUG org.apache.http.headers -- http-outgoing-1 << Content-Type: application/json; charset=utf-8
18:58:45.648 [main] DEBUG org.apache.http.headers -- http-outgoing-1 << Date: Sat, 02 Aug 2025 11:58:45 GMT
18:58:45.648 [main] DEBUG org.apache.http.headers -- http-outgoing-1 << Etag: W/"461-cWRWYNLFxfrc4fzJ3x6dAiWgKps"
18:58:45.648 [main] DEBUG org.apache.http.headers -- http-outgoing-1 << Server: railway-edge
18:58:45.648 [main] DEBUG org.apache.http.headers -- http-outgoing-1 << Strict-Transport-Security: max-age=15552000; includeSubDomains
18:58:45.648 [main] DEBUG org.apache.http.headers -- http-outgoing-1 << Vary: Accept-Encoding
18:58:45.648 [main] DEBUG org.apache.http.headers -- http-outgoing-1 << X-Content-Type-Options: nosniff
18:58:45.648 [main] DEBUG org.apache.http.headers -- http-outgoing-1 << X-Dns-Prefetch-Control: off
18:58:45.648 [main] DEBUG org.apache.http.headers -- http-outgoing-1 << X-Download-Options: noopen
18:58:45.648 [main] DEBUG org.apache.http.headers -- http-outgoing-1 << X-Frame-Options: SAMEORIGIN
18:58:45.648 [main] DEBUG org.apache.http.headers -- http-outgoing-1 << X-Powered-By: Cats on Keyboards
18:58:45.648 [main] DEBUG org.apache.http.headers -- http-outgoing-1 << X-Railway-Edge: railway/asia-southeast1-eqsg3a
18:58:45.648 [main] DEBUG org.apache.http.headers -- http-outgoing-1 << X-Railway-Request-Id: uswGNLoFTRqnsID6DcO5xA
18:58:45.648 [main] DEBUG org.apache.http.headers -- http-outgoing-1 << X-Ratelimit-Limit: 100
18:58:45.648 [main] DEBUG org.apache.http.headers -- http-outgoing-1 << X-Ratelimit-Remaining: 98
18:58:45.648 [main] DEBUG org.apache.http.headers -- http-outgoing-1 << X-Ratelimit-Reset: 1754135935
18:58:45.648 [main] DEBUG org.apache.http.headers -- http-outgoing-1 << X-Xss-Protection: 1; mode=block
18:58:45.648 [main] DEBUG org.apache.http.headers -- http-outgoing-1 << Transfer-Encoding: chunked
18:58:45.648 [main] DEBUG org.apache.http.impl.execchain.MainClientExec -- Connection can be kept alive indefinitely
18:58:45.649 [main] DEBUG org.apache.http.wire -- http-outgoing-1 << "1de[\r][\n]"
18:58:45.649 [main] DEBUG org.apache.http.wire -- http-outgoing-1 << "[0x1f][0x8b][0x8][0x0][0x0][0x0][0x0][0x0][0x0][0x3][0x9d][0xd4][0xcf]o[0xdb] [0x14][0x7][0xf0][0xc5]B[0xf2][0xcd][0xc5][0x80][0x81]o];U=L[0xcb][0x9a]H[0xad]4[0xed]@[0xf1]SBk[0x83][0x7][0xb8]UT[0xf5][0x9f][0x9c][0xa4]q[0x94]%[0x97][0xf8][0xc8][0xc3][0xd6][0xfb]|y[0xf8][0x3][0xe9][0x6][0xd5]4A[0xbd][0xb3][0xcd][0xa0][0x82]G[0xf5][0xef][0x8f][0xed]Z[0xc9][0x13][0x14]th[0x1][0xd5][0xe8]f%[0xdd][0x12]\4ZD[0xf][0x8f][0xb7]h[0xdc][0xaf][0x15][0xa0]:cB[0x8],D[0x82][0xfe][0xe][0xd2][0x4][0x1d][0xd6][0xa8][0xce][0x12][0x14]l[0x90]-[0xaa][0x5][0xdf]T[0xab][0x4]5[0xda]+;[0x98]0[0x3][0xa7][0xc0][0x4][0xb9][0x4]T[0xd3][0xc]gb*A[0xb3][0xd8][0xbe][0xc5][0x8b]*[0xcf]0[0xaf][0x12][0x14]VC[0xf7]l[0xa4]nQ[0x8d]V![0xf4][0xbe]NS[0xd5][0x18][0xdc][0xc]][0xb7]~[0xf1][0xd6]`e[0xbb][0xf4][0xab][0xf5]Twr[0x9]>}[0x83][0x95]V-[0xa4][0xbb][0xa6]cF[0xe6]O[0x8b][0x98][0x91][0x87][0xc7][0xdb]t[0xff]E[0xdc][0x9b]%[0xfa]L[0xb6][0xd6][0xea][0x80]z[0xdd][0xf7]-D?[0xa4][0xfa]f[0xed]k4s6[0xa2]yto[0xd4]*[0x9a][0xf7]RAt[0xe7]`=[0xf9][0xe9][0xff]|[0xb6][0xe7]g[0x9b]"?[0xa3][0xe7][0xb8]`'[0xf4][0x19]+[0x4][0xa6][0xfc]R|+[0xfb]`{[0x9f]n[0x18]1#;H[0xcc][0xc8][0xcc][0xd9][0x98][0x11][0x9a][0xc7][0x8c][0x8c][0x9c]1[0x96][0x11][0x14]32[0x92][0xce]$Cy6Es[0xe7][0x0]L[0xf4][0xf3]M[0xb6][0xd1]w[0xe9][0x9c]6[0xcb])[0x8][0x96][0x1f][0xc5]P[0xec]c[0xa0]c-[0x17][0x7][0xcf][0xe9]DJ[0xcc][0xf8][0x89]@([0xad]0[0xbd]4[0x8e]w[0xdb][0x81][0xf1]W/[0xf0][0xe]m[0xb]n[0x9d]n[0xc]1#[0xa3]"fd[0xe7]8[0xa7]'[0xe4]x0[0xae][0xb5][0xeb]m[0xe3][0xf]&[0x80][0x1d][0xf][0xc0]$/s[0x81]Eq[0xe6][0xfc][0x19][0xe6][0xf9][0x9]nQ[0x96][0xb8][0xb8][0x94][0xdb][0xd9]g[0xdd][0xc2][0x95]T[\n]"
18:58:45.649 [main] DEBUG org.apache.http.wire -- http-outgoing-1 << "[0xbc][0xb7]N[0xc3]4[0x8][0xbb][0xc6][0x8f][0xa5][0xa6]c"YU[0xe5][0x98][0x17][0xa7][0xae][0xa4](y[0x89][0xcb]"A[0x83][0x7]w[0xdf][0xa0]:[0xfb][0xba][0xe5][0xb3][0xfd][0x8f]#[0xdf][0xad][0xfc][0xda]'A[0x8b][0xcf]?[0xb7]8,a[0x4][0x0][0x0][\r][\n]"
18:58:45.649 [main] DEBUG org.apache.http.impl.conn.DefaultManagedHttpClientConnection -- http-outgoing-1: Close connection
18:58:45.649 [main] DEBUG org.apache.http.impl.execchain.MainClientExec -- Connection discarded
18:58:45.649 [main] DEBUG org.apache.http.impl.conn.PoolingHttpClientConnectionManager -- Connection released: [id: 1][route: {s}->https://dummyjson.com:443][total available: 0; route allocated: 0 of 5; total allocated: 0 of 10]
18:58:45.649 [main] DEBUG org.apache.http.impl.conn.PoolingHttpClientConnectionManager -- Connection manager is shutting down
18:58:45.649 [main] DEBUG org.apache.http.impl.conn.PoolingHttpClientConnectionManager -- Connection manager shut down
18:58:45.650 [main] DEBUG com.intuit.karate -- response time in milliseconds: 76
1 < 200
1 < Access-Control-Allow-Origin: *
1 < Content-Type: application/json; charset=utf-8
1 < Date: Sat, 02 Aug 2025 11:58:45 GMT
1 < Etag: W/"461-cWRWYNLFxfrc4fzJ3x6dAiWgKps"
1 < Server: railway-edge
1 < Strict-Transport-Security: max-age=15552000; includeSubDomains
1 < Vary: Accept-Encoding
1 < X-Content-Type-Options: nosniff
1 < X-Dns-Prefetch-Control: off
1 < X-Download-Options: noopen
1 < X-Frame-Options: SAMEORIGIN
1 < X-Powered-By: Cats on Keyboards
1 < X-Railway-Edge: railway/asia-southeast1-eqsg3a
1 < X-Railway-Request-Id: uswGNLoFTRqnsID6DcO5xA
1 < X-Ratelimit-Limit: 100
1 < X-Ratelimit-Remaining: 98
1 < X-Ratelimit-Reset: 1754135935
1 < X-Xss-Protection: 1; mode=block
1 < Transfer-Encoding: chunked
{"id":1,"products":[{"id":168,"title":"Charger SXT RWD","price":32999.99,"quantity":3,"total":98999.97,"discountPercentage":13.39,"discountedTotal":85743.87,"thumbnail":"https://cdn.dummyjson.com/products/images/vehicle/Charger%20SXT%20RWD/thumbnail.png"},{"id":78,"title":"Apple MacBook Pro 14 Inch Space Grey","price":1999.99,"quantity":2,"total":3999.98,"discountPercentage":18.52,"discountedTotal":3259.18,"thumbnail":"https://cdn.dummyjson.com/products/images/laptops/Apple%20MacBook%20Pro%2014%20Inch%20Space%20Grey/thumbnail.png"},{"id":183,"title":"Green Oval Earring","price":24.99,"quantity":5,"total":124.94999999999999,"discountPercentage":6.28,"discountedTotal":117.1,"thumbnail":"https://cdn.dummyjson.com/products/images/womens-jewellery/Green%20Oval%20Earring/thumbnail.png"},{"id":100,"title":"Apple Airpods","price":129.99,"quantity":5,"total":649.95,"discountPercentage":12.84,"discountedTotal":566.5,"thumbnail":"https://cdn.dummyjson.com/products/images/mobile-accessories/Apple%20Airpods/thumbnail.png"}],"total":103774.85,"discountedTotal":89686.65,"userId":33,"totalProducts":4,"totalQuantity":15}

18:58:45.652 [main] DEBUG com.jayway.jsonpath.internal.path.CompiledPath -- Evaluating path: $['id']
18:58:45.653 [main] DEBUG com.jayway.jsonpath.internal.path.CompiledPath -- Evaluating path: $['products']
18:58:45.653 [main] INFO com.intuit.karate -- [print] {
  "id": 1,
  "products": [
    {
      "id": 168,
      "title": "Charger SXT RWD",
      "price": 32999.99,
      "quantity": 3,
      "total": 98999.97,
      "discountPercentage": 13.39,
      "discountedTotal": 85743.87,
      "thumbnail": "https://cdn.dummyjson.com/products/images/vehicle/Charger%20SXT%20RWD/thumbnail.png"
    },
    {
      "id": 78,
      "title": "Apple MacBook Pro 14 Inch Space Grey",
      "price": 1999.99,
      "quantity": 2,
      "total": 3999.98,
      "discountPercentage": 18.52,
      "discountedTotal": 3259.18,
      "thumbnail": "https://cdn.dummyjson.com/products/images/laptops/Apple%20MacBook%20Pro%2014%20Inch%20Space%20Grey/thumbnail.png"
    },
    {
      "id": 183,
      "title": "Green Oval Earring",
      "price": 24.99,
      "quantity": 5,
      "total": 124.94999999999999,
      "discountPercentage": 6.28,
      "discountedTotal": 117.1,
      "thumbnail": "https://cdn.dummyjson.com/products/images/womens-jewellery/Green%20Oval%20Earring/thumbnail.png"
    },
    {
      "id": 100,
      "title": "Apple Airpods",
      "price": 129.99,
      "quantity": 5,
      "total": 649.95,
      "discountPercentage": 12.84,
      "discountedTotal": 566.5,
      "thumbnail": "https://cdn.dummyjson.com/products/images/mobile-accessories/Apple%20Airpods/thumbnail.png"
    }
  ],
  "total": 103774.85,
  "discountedTotal": 89686.65,
  "userId": 33,
  "totalProducts": 4,
  "totalQuantity": 15
}
 
]]></system-out>
  </testcase>
  <testcase name="[3:23] Get Carts by User ID" classname="dummyjson/Carts" time="0.093">
    <system-out><![CDATA[18:58:45.663 [main] DEBUG org.apache.http.client.protocol.RequestAddCookies -- CookieSpec selected: karate
18:58:45.664 [main] DEBUG org.apache.http.client.protocol.RequestAuthCache -- Auth cache not set in the context
18:58:45.664 [main] DEBUG com.intuit.karate -- request:
1 > GET https://dummyjson.com/carts/user/142
1 > Host: dummyjson.com
1 > Connection: Keep-Alive
1 > User-Agent: Apache-HttpClient/4.5.14 (Java/21.0.8)
1 > Accept-Encoding: gzip,deflate


18:58:45.664 [main] DEBUG org.apache.http.impl.conn.PoolingHttpClientConnectionManager -- Connection request: [route: {s}->https://dummyjson.com:443][total available: 0; route allocated: 0 of 5; total allocated: 0 of 10]
18:58:45.664 [main] DEBUG org.apache.http.impl.conn.PoolingHttpClientConnectionManager -- Connection leased: [id: 2][route: {s}->https://dummyjson.com:443][total available: 0; route allocated: 1 of 5; total allocated: 1 of 10]
18:58:45.664 [main] DEBUG org.apache.http.impl.execchain.MainClientExec -- Opening connection {s}->https://dummyjson.com:443
18:58:45.665 [main] DEBUG org.apache.http.impl.conn.DefaultHttpClientConnectionOperator -- Connecting to dummyjson.com/66.33.22.2:443
18:58:45.665 [main] DEBUG org.apache.http.conn.ssl.SSLConnectionSocketFactory -- Connecting socket to dummyjson.com/66.33.22.2:443 with timeout 30000
18:58:45.687 [main] DEBUG org.apache.http.conn.ssl.SSLConnectionSocketFactory -- Enabled protocols: [TLSv1.3, TLSv1.2]
18:58:45.687 [main] DEBUG org.apache.http.conn.ssl.SSLConnectionSocketFactory -- Enabled cipher suites:[TLS_AES_256_GCM_SHA384, TLS_AES_128_GCM_SHA256, TLS_CHACHA20_POLY1305_SHA256, TLS_ECDHE_ECDSA_WITH_AES_256_GCM_SHA384, TLS_ECDHE_ECDSA_WITH_AES_128_GCM_SHA256, TLS_ECDHE_ECDSA_WITH_CHACHA20_POLY1305_SHA256, TLS_ECDHE_RSA_WITH_AES_256_GCM_SHA384, TLS_ECDHE_RSA_WITH_CHACHA20_POLY1305_SHA256, TLS_ECDHE_RSA_WITH_AES_128_GCM_SHA256, TLS_DHE_RSA_WITH_AES_256_GCM_SHA384, TLS_DHE_RSA_WITH_CHACHA20_POLY1305_SHA256, TLS_DHE_DSS_WITH_AES_256_GCM_SHA384, TLS_DHE_RSA_WITH_AES_128_GCM_SHA256, TLS_DHE_DSS_WITH_AES_128_GCM_SHA256, TLS_ECDHE_ECDSA_WITH_AES_256_CBC_SHA384, TLS_ECDHE_RSA_WITH_AES_256_CBC_SHA384, TLS_ECDHE_ECDSA_WITH_AES_128_CBC_SHA256, TLS_ECDHE_RSA_WITH_AES_128_CBC_SHA256, TLS_DHE_RSA_WITH_AES_256_CBC_SHA256, TLS_DHE_DSS_WITH_AES_256_CBC_SHA256, TLS_DHE_RSA_WITH_AES_128_CBC_SHA256, TLS_DHE_DSS_WITH_AES_128_CBC_SHA256, TLS_ECDHE_ECDSA_WITH_AES_256_CBC_SHA, TLS_ECDHE_RSA_WITH_AES_256_CBC_SHA, TLS_ECDHE_ECDSA_WITH_AES_128_CBC_SHA, TLS_ECDHE_RSA_WITH_AES_128_CBC_SHA, TLS_DHE_RSA_WITH_AES_256_CBC_SHA, TLS_DHE_DSS_WITH_AES_256_CBC_SHA, TLS_DHE_RSA_WITH_AES_128_CBC_SHA, TLS_DHE_DSS_WITH_AES_128_CBC_SHA, TLS_RSA_WITH_AES_256_GCM_SHA384, TLS_RSA_WITH_AES_128_GCM_SHA256, TLS_RSA_WITH_AES_256_CBC_SHA256, TLS_RSA_WITH_AES_128_CBC_SHA256, TLS_RSA_WITH_AES_256_CBC_SHA, TLS_RSA_WITH_AES_128_CBC_SHA, TLS_EMPTY_RENEGOTIATION_INFO_SCSV]
18:58:45.687 [main] DEBUG org.apache.http.conn.ssl.SSLConnectionSocketFactory -- Starting handshake
18:58:45.715 [main] DEBUG org.apache.http.conn.ssl.SSLConnectionSocketFactory -- Secure session established
18:58:45.716 [main] DEBUG org.apache.http.conn.ssl.SSLConnectionSocketFactory --  negotiated protocol: TLSv1.3
18:58:45.716 [main] DEBUG org.apache.http.conn.ssl.SSLConnectionSocketFactory --  negotiated cipher suite: TLS_AES_128_GCM_SHA256
18:58:45.716 [main] DEBUG org.apache.http.conn.ssl.SSLConnectionSocketFactory --  peer principal: CN=dummyjson.com
18:58:45.716 [main] DEBUG org.apache.http.conn.ssl.SSLConnectionSocketFactory --  peer alternative names: [dummyjson.com]
18:58:45.716 [main] DEBUG org.apache.http.conn.ssl.SSLConnectionSocketFactory --  issuer principal: CN=R11, O=Let's Encrypt, C=US
18:58:45.716 [main] DEBUG org.apache.http.impl.conn.DefaultHttpClientConnectionOperator -- Connection established 192.168.1.4:54543<->66.33.22.2:443
18:58:45.716 [main] DEBUG org.apache.http.impl.conn.DefaultManagedHttpClientConnection -- http-outgoing-2: set socket timeout to 30000
18:58:45.716 [main] DEBUG org.apache.http.impl.execchain.MainClientExec -- Executing request GET /carts/user/142 HTTP/1.1
18:58:45.716 [main] DEBUG org.apache.http.impl.execchain.MainClientExec -- Target auth state: UNCHALLENGED
18:58:45.716 [main] DEBUG org.apache.http.impl.execchain.MainClientExec -- Proxy auth state: UNCHALLENGED
18:58:45.716 [main] DEBUG org.apache.http.headers -- http-outgoing-2 >> GET /carts/user/142 HTTP/1.1
18:58:45.716 [main] DEBUG org.apache.http.headers -- http-outgoing-2 >> Host: dummyjson.com
18:58:45.716 [main] DEBUG org.apache.http.headers -- http-outgoing-2 >> Connection: Keep-Alive
18:58:45.716 [main] DEBUG org.apache.http.headers -- http-outgoing-2 >> User-Agent: Apache-HttpClient/4.5.14 (Java/21.0.8)
18:58:45.716 [main] DEBUG org.apache.http.headers -- http-outgoing-2 >> Accept-Encoding: gzip,deflate
18:58:45.716 [main] DEBUG org.apache.http.wire -- http-outgoing-2 >> "GET /carts/user/142 HTTP/1.1[\r][\n]"
18:58:45.716 [main] DEBUG org.apache.http.wire -- http-outgoing-2 >> "Host: dummyjson.com[\r][\n]"
18:58:45.716 [main] DEBUG org.apache.http.wire -- http-outgoing-2 >> "Connection: Keep-Alive[\r][\n]"
18:58:45.716 [main] DEBUG org.apache.http.wire -- http-outgoing-2 >> "User-Agent: Apache-HttpClient/4.5.14 (Java/21.0.8)[\r][\n]"
18:58:45.716 [main] DEBUG org.apache.http.wire -- http-outgoing-2 >> "Accept-Encoding: gzip,deflate[\r][\n]"
18:58:45.716 [main] DEBUG org.apache.http.wire -- http-outgoing-2 >> "[\r][\n]"
18:58:45.738 [main] DEBUG org.apache.http.wire -- http-outgoing-2 << "HTTP/1.1 200 OK[\r][\n]"
18:58:45.738 [main] DEBUG org.apache.http.wire -- http-outgoing-2 << "Access-Control-Allow-Origin: *[\r][\n]"
18:58:45.738 [main] DEBUG org.apache.http.wire -- http-outgoing-2 << "Content-Encoding: gzip[\r][\n]"
18:58:45.738 [main] DEBUG org.apache.http.wire -- http-outgoing-2 << "Content-Type: application/json; charset=utf-8[\r][\n]"
18:58:45.738 [main] DEBUG org.apache.http.wire -- http-outgoing-2 << "Date: Sat, 02 Aug 2025 11:58:45 GMT[\r][\n]"
18:58:45.738 [main] DEBUG org.apache.http.wire -- http-outgoing-2 << "Etag: W/"519-HaEOlbW4q6ttAxhoud/nSSU3xFE"[\r][\n]"
18:58:45.738 [main] DEBUG org.apache.http.wire -- http-outgoing-2 << "Server: railway-edge[\r][\n]"
18:58:45.738 [main] DEBUG org.apache.http.wire -- http-outgoing-2 << "Strict-Transport-Security: max-age=15552000; includeSubDomains[\r][\n]"
18:58:45.738 [main] DEBUG org.apache.http.wire -- http-outgoing-2 << "Vary: Accept-Encoding[\r][\n]"
18:58:45.739 [main] DEBUG org.apache.http.wire -- http-outgoing-2 << "X-Content-Type-Options: nosniff[\r][\n]"
18:58:45.739 [main] DEBUG org.apache.http.wire -- http-outgoing-2 << "X-Dns-Prefetch-Control: off[\r][\n]"
18:58:45.739 [main] DEBUG org.apache.http.wire -- http-outgoing-2 << "X-Download-Options: noopen[\r][\n]"
18:58:45.739 [main] DEBUG org.apache.http.wire -- http-outgoing-2 << "X-Frame-Options: SAMEORIGIN[\r][\n]"
18:58:45.739 [main] DEBUG org.apache.http.wire -- http-outgoing-2 << "X-Powered-By: Cats on Keyboards[\r][\n]"
18:58:45.739 [main] DEBUG org.apache.http.wire -- http-outgoing-2 << "X-Railway-Edge: railway/asia-southeast1-eqsg3a[\r][\n]"
18:58:45.739 [main] DEBUG org.apache.http.wire -- http-outgoing-2 << "X-Railway-Request-Id: D6-9BTJFR-eCgdLSDcO5xA[\r][\n]"
18:58:45.739 [main] DEBUG org.apache.http.wire -- http-outgoing-2 << "X-Ratelimit-Limit: 100[\r][\n]"
18:58:45.739 [main] DEBUG org.apache.http.wire -- http-outgoing-2 << "X-Ratelimit-Remaining: 97[\r][\n]"
18:58:45.739 [main] DEBUG org.apache.http.wire -- http-outgoing-2 << "X-Ratelimit-Reset: 1754135935[\r][\n]"
18:58:45.739 [main] DEBUG org.apache.http.wire -- http-outgoing-2 << "X-Xss-Protection: 1; mode=block[\r][\n]"
18:58:45.739 [main] DEBUG org.apache.http.wire -- http-outgoing-2 << "Transfer-Encoding: chunked[\r][\n]"
18:58:45.739 [main] DEBUG org.apache.http.wire -- http-outgoing-2 << "[\r][\n]"
18:58:45.739 [main] DEBUG org.apache.http.wire -- http-outgoing-2 << "a[\r][\n]"
18:58:45.739 [main] DEBUG org.apache.http.wire -- http-outgoing-2 << "[0x1f][0x8b][0x8][0x0][0x0][0x0][0x0][0x0][0x0][0x3][\r][\n]"
18:58:45.739 [main] DEBUG org.apache.http.headers -- http-outgoing-2 << HTTP/1.1 200 OK
18:58:45.739 [main] DEBUG org.apache.http.headers -- http-outgoing-2 << Access-Control-Allow-Origin: *
18:58:45.739 [main] DEBUG org.apache.http.headers -- http-outgoing-2 << Content-Encoding: gzip
18:58:45.739 [main] DEBUG org.apache.http.headers -- http-outgoing-2 << Content-Type: application/json; charset=utf-8
18:58:45.739 [main] DEBUG org.apache.http.headers -- http-outgoing-2 << Date: Sat, 02 Aug 2025 11:58:45 GMT
18:58:45.739 [main] DEBUG org.apache.http.headers -- http-outgoing-2 << Etag: W/"519-HaEOlbW4q6ttAxhoud/nSSU3xFE"
18:58:45.739 [main] DEBUG org.apache.http.headers -- http-outgoing-2 << Server: railway-edge
18:58:45.739 [main] DEBUG org.apache.http.headers -- http-outgoing-2 << Strict-Transport-Security: max-age=15552000; includeSubDomains
18:58:45.739 [main] DEBUG org.apache.http.headers -- http-outgoing-2 << Vary: Accept-Encoding
18:58:45.739 [main] DEBUG org.apache.http.headers -- http-outgoing-2 << X-Content-Type-Options: nosniff
18:58:45.739 [main] DEBUG org.apache.http.headers -- http-outgoing-2 << X-Dns-Prefetch-Control: off
18:58:45.739 [main] DEBUG org.apache.http.headers -- http-outgoing-2 << X-Download-Options: noopen
18:58:45.739 [main] DEBUG org.apache.http.headers -- http-outgoing-2 << X-Frame-Options: SAMEORIGIN
18:58:45.739 [main] DEBUG org.apache.http.headers -- http-outgoing-2 << X-Powered-By: Cats on Keyboards
18:58:45.739 [main] DEBUG org.apache.http.headers -- http-outgoing-2 << X-Railway-Edge: railway/asia-southeast1-eqsg3a
18:58:45.739 [main] DEBUG org.apache.http.headers -- http-outgoing-2 << X-Railway-Request-Id: D6-9BTJFR-eCgdLSDcO5xA
18:58:45.739 [main] DEBUG org.apache.http.headers -- http-outgoing-2 << X-Ratelimit-Limit: 100
18:58:45.739 [main] DEBUG org.apache.http.headers -- http-outgoing-2 << X-Ratelimit-Remaining: 97
18:58:45.739 [main] DEBUG org.apache.http.headers -- http-outgoing-2 << X-Ratelimit-Reset: 1754135935
18:58:45.739 [main] DEBUG org.apache.http.headers -- http-outgoing-2 << X-Xss-Protection: 1; mode=block
18:58:45.739 [main] DEBUG org.apache.http.headers -- http-outgoing-2 << Transfer-Encoding: chunked
18:58:45.739 [main] DEBUG org.apache.http.impl.execchain.MainClientExec -- Connection can be kept alive indefinitely
18:58:45.740 [main] DEBUG org.apache.http.wire -- http-outgoing-2 << "1b8[\r][\n]"
18:58:45.740 [main] DEBUG org.apache.http.wire -- http-outgoing-2 << "[0xad][0xd4][0xcd]n[0x9c]0[0x14][0x5][0xe0]WAWbG[0x8d]1[0xe6][0xc7]^6[0x8b][0xb4]R[0x17]S[0xb5][0x8b]HU[0x17][0x8e]qf[0xdc][0xd8][0x98]b[0xa3]*[0x8a][0xf2][0xee][0x15][0xc3][0x4][0xa6][0x19][0xc8]b[0xd4]-p[0xad][0xf3][0xf9][0xd8]<[0x83][0x14]}[0xf0][0xc0]<[0x83]n[0x80][0x93][0x4][0xba][0xde]5[0x83]<{[0x96]Q[0x9a]@[0xd0][0xc1]([0xe0]p[0xd3]k[0xf9][0xa8]B[0xf4]I[0x19][0xab][0x2][0x8c][0x9f]k[0xa9][0x80]S[0x8a][0x18]K[0xe0][0xf7] [0xda][0xa0][0xc3][0x13][0xf0]q[0xc6][0x5]a[0x80]g[0x15]C[0xac]L[0xa0][0xd1]^[0xba][0xa1][\r];[0xd5]K[0xd5][0x6][0xb1]W[0xc0][0xb3][0xc][0xd1]jy[0xa5][0x9a][0xef][0xa7][0x99][0x82][0xa1][0x9c]$[0x10][0xe][0x83][0xbd]o[0x85]6[0xc0][0xe1][0x10]B[0xe7]y[0x9a][0xca][0xa6]E[0xcd]`[0xed][0xd3]/[0xef]Z$[0x9d]M_#[0xa7][0xda][0x8a][0xbd][0xf2][0xa9][0xef]\[0x1f][0xfc][0x7]![0xa5][0xf2][0xde][0xf5]Z[0xf9][0xf4][0x94];&xJ[0x9e][0xce]+[0xa3][0xae][0xdd][0xc3]Kr[0xb2][0x92]3[0xab][0xde][0x1d]\[0xab][0xa2][0xbb]EY3[0xb6][0xc9][0xcc][0xb][0xb6][0xed][0xac][0x11][0xce]W[0x98]y[0x9e]aT[0xd7]W;[0xad][0xe8]C7[0x86][0xf4][0xe9][0x14]6&[0xf8]n[0x8b]F[0xeb][0x85]v[0xeb][0xcc]C[0xf4]Q[0x18][0xb3][0xd8][0xde][0x91][0xbd][0xdb][0xdf][0xb8]c[0x97][0xb0][0xe2][0xd8][0xeb][0xab]o[0xcc][0x1b][0x13]<&[0xde]l[0x8e]\4W.:r[0xd1]\>[0xfb][0x8e][0xad]V[0x1b]@[0x86][0xca]5`ErD[0xae]?[0xa0]k[0xc5][0x95][[0xb2][0xc]/[0xb2]o[0xca]<h[0x15]}[0x11][0xb6][0x8b][0xfe][0xe8]p[0x88][0xa6][0xf1][0x5][0x9a][0xbd][0xbd][0x88][0xc5][0xec][0xac](b[0xc5]&[0xb3]^[0xbb][0x87]%F[0xb8][0xbc]Vi[0xdd][0xbd]6[0xea][0x9f][0x1e][0xa7][0xf8]1[0xc1]# &x$[0xc4][0x4]O[0x88][0xb7][0xfe][0x9f]srZ1[0x8a][0xea][0x95]|[0x94][0xd4][0xf5][0x11]5x[0xd5]>[0x9e]rr[0x9a][0xda][0xcd][0xff][0xb1][0xd7][0x1d][0xf8]:[0xef][0x9][0xc1]g[0x8b]g[0x9][0xf8]G[0xdd][0x1][0xc7][0x9][0x18]mu[0x0][0x9e][0xbd][0xfc][0x5]:^[0xc9][0x17][0x19][0x5][0x0][0x0][\r][\n]"
18:58:45.740 [main] DEBUG org.apache.http.impl.conn.DefaultManagedHttpClientConnection -- http-outgoing-2: Close connection
18:58:45.740 [main] DEBUG org.apache.http.impl.execchain.MainClientExec -- Connection discarded
18:58:45.740 [main] DEBUG org.apache.http.impl.conn.PoolingHttpClientConnectionManager -- Connection released: [id: 2][route: {s}->https://dummyjson.com:443][total available: 0; route allocated: 0 of 5; total allocated: 0 of 10]
18:58:45.740 [main] DEBUG org.apache.http.impl.conn.PoolingHttpClientConnectionManager -- Connection manager is shutting down
18:58:45.740 [main] DEBUG org.apache.http.impl.conn.PoolingHttpClientConnectionManager -- Connection manager shut down
18:58:45.740 [main] DEBUG com.intuit.karate -- response time in milliseconds: 76
1 < 200
1 < Access-Control-Allow-Origin: *
1 < Content-Type: application/json; charset=utf-8
1 < Date: Sat, 02 Aug 2025 11:58:45 GMT
1 < Etag: W/"519-HaEOlbW4q6ttAxhoud/nSSU3xFE"
1 < Server: railway-edge
1 < Strict-Transport-Security: max-age=15552000; includeSubDomains
1 < Vary: Accept-Encoding
1 < X-Content-Type-Options: nosniff
1 < X-Dns-Prefetch-Control: off
1 < X-Download-Options: noopen
1 < X-Frame-Options: SAMEORIGIN
1 < X-Powered-By: Cats on Keyboards
1 < X-Railway-Edge: railway/asia-southeast1-eqsg3a
1 < X-Railway-Request-Id: D6-9BTJFR-eCgdLSDcO5xA
1 < X-Ratelimit-Limit: 100
1 < X-Ratelimit-Remaining: 97
1 < X-Ratelimit-Reset: 1754135935
1 < X-Xss-Protection: 1; mode=block
1 < Transfer-Encoding: chunked
{"carts":[{"id":2,"products":[{"id":144,"title":"Cricket Helmet","price":44.99,"quantity":4,"total":179.96,"discountPercentage":11.47,"discountedTotal":159.32,"thumbnail":"https://cdn.dummyjson.com/products/images/sports-accessories/Cricket%20Helmet/thumbnail.png"},{"id":124,"title":"iPhone X","price":899.99,"quantity":4,"total":3599.96,"discountPercentage":8.03,"discountedTotal":3310.88,"thumbnail":"https://cdn.dummyjson.com/products/images/smartphones/iPhone%20X/thumbnail.png"},{"id":148,"title":"Golf Ball","price":9.99,"quantity":4,"total":39.96,"discountPercentage":11.24,"discountedTotal":35.47,"thumbnail":"https://cdn.dummyjson.com/products/images/sports-accessories/Golf%20Ball/thumbnail.png"},{"id":122,"title":"iPhone 6","price":299.99,"quantity":3,"total":899.97,"discountPercentage":19.64,"discountedTotal":723.22,"thumbnail":"https://cdn.dummyjson.com/products/images/smartphones/iPhone%206/thumbnail.png"},{"id":110,"title":"Selfie Lamp with iPhone","price":14.99,"quantity":5,"total":74.95,"discountPercentage":19.87,"discountedTotal":60.06,"thumbnail":"https://cdn.dummyjson.com/products/images/mobile-accessories/Selfie%20Lamp%20with%20iPhone/thumbnail.png"}],"total":4794.8,"discountedTotal":4288.95,"userId":142,"totalProducts":5,"totalQuantity":20}],"total":1,"skip":0,"limit":1}

18:58:45.745 [main] DEBUG com.jayway.jsonpath.internal.path.CompiledPath -- Evaluating path: $['carts'][*]['userId']
18:58:45.746 [main] INFO com.intuit.karate -- [print] {
  "carts": [
    {
      "id": 2,
      "products": [
        {
          "id": 144,
          "title": "Cricket Helmet",
          "price": 44.99,
          "quantity": 4,
          "total": 179.96,
          "discountPercentage": 11.47,
          "discountedTotal": 159.32,
          "thumbnail": "https://cdn.dummyjson.com/products/images/sports-accessories/Cricket%20Helmet/thumbnail.png"
        },
        {
          "id": 124,
          "title": "iPhone X",
          "price": 899.99,
          "quantity": 4,
          "total": 3599.96,
          "discountPercentage": 8.03,
          "discountedTotal": 3310.88,
          "thumbnail": "https://cdn.dummyjson.com/products/images/smartphones/iPhone%20X/thumbnail.png"
        },
        {
          "id": 148,
          "title": "Golf Ball",
          "price": 9.99,
          "quantity": 4,
          "total": 39.96,
          "discountPercentage": 11.24,
          "discountedTotal": 35.47,
          "thumbnail": "https://cdn.dummyjson.com/products/images/sports-accessories/Golf%20Ball/thumbnail.png"
        },
        {
          "id": 122,
          "title": "iPhone 6",
          "price": 299.99,
          "quantity": 3,
          "total": 899.97,
          "discountPercentage": 19.64,
          "discountedTotal": 723.22,
          "thumbnail": "https://cdn.dummyjson.com/products/images/smartphones/iPhone%206/thumbnail.png"
        },
        {
          "id": 110,
          "title": "Selfie Lamp with iPhone",
          "price": 14.99,
          "quantity": 5,
          "total": 74.95,
          "discountPercentage": 19.87,
          "discountedTotal": 60.06,
          "thumbnail": "https://cdn.dummyjson.com/products/images/mobile-accessories/Selfie%20Lamp%20with%20iPhone/thumbnail.png"
        }
      ],
      "total": 4794.8,
      "discountedTotal": 4288.95,
      "userId": 142,
      "totalProducts": 5,
      "totalQuantity": 20
    }
  ],
  "total": 1,
  "skip": 0,
  "limit": 1
}
 
]]></system-out>
  </testcase>
  <testcase name="[4:32] Add New Cart" classname="dummyjson/Carts" time="0.123">
    <system-out><![CDATA[18:58:45.754 [main] DEBUG com.jayway.jsonpath.internal.path.CompiledPath -- Evaluating path: $
18:58:45.773 [main] DEBUG io.netty.util.internal.logging.InternalLoggerFactory -- Using SLF4J as the default logging framework
18:58:45.775 [main] DEBUG io.netty.util.internal.PlatformDependent0 -- -Dio.netty.noUnsafe: false
18:58:45.775 [main] DEBUG io.netty.util.internal.PlatformDependent0 -- Java version: 21
18:58:45.776 [main] DEBUG io.netty.util.internal.PlatformDependent0 -- sun.misc.Unsafe.theUnsafe: available
18:58:45.776 [main] DEBUG io.netty.util.internal.PlatformDependent0 -- sun.misc.Unsafe.copyMemory: available
18:58:45.776 [main] DEBUG io.netty.util.internal.PlatformDependent0 -- sun.misc.Unsafe.storeFence: available
18:58:45.777 [main] DEBUG io.netty.util.internal.PlatformDependent0 -- java.nio.Buffer.address: available
18:58:45.777 [main] DEBUG io.netty.util.internal.PlatformDependent0 -- direct buffer constructor: unavailable: Reflective setAccessible(true) disabled
18:58:45.777 [main] DEBUG io.netty.util.internal.PlatformDependent0 -- java.nio.Bits.unaligned: available, true
18:58:45.778 [main] DEBUG io.netty.util.internal.PlatformDependent0 -- jdk.internal.misc.Unsafe.allocateUninitializedArray(int): unavailable: class io.netty.util.internal.PlatformDependent0$7 cannot access class jdk.internal.misc.Unsafe (in module java.base) because module java.base does not export jdk.internal.misc to unnamed module @1a3869f4
18:58:45.779 [main] DEBUG io.netty.util.internal.PlatformDependent0 -- java.nio.DirectByteBuffer.<init>(long, {int,long}): unavailable
18:58:45.779 [main] DEBUG io.netty.util.internal.PlatformDependent -- sun.misc.Unsafe: available
18:58:45.781 [main] DEBUG io.netty.util.internal.PlatformDependent -- maxDirectMemory: 2147483648 bytes (maybe)
18:58:45.781 [main] DEBUG io.netty.util.internal.PlatformDependent -- -Dio.netty.tmpdir: /var/folders/9n/qdd87m_d27v106zr8rs1f1b00000gn/T (java.io.tmpdir)
18:58:45.781 [main] DEBUG io.netty.util.internal.PlatformDependent -- -Dio.netty.bitMode: 64 (sun.arch.data.model)
18:58:45.781 [main] DEBUG io.netty.util.internal.PlatformDependent -- Platform: MacOS
18:58:45.782 [main] DEBUG io.netty.util.internal.PlatformDependent -- -Dio.netty.maxDirectMemory: -1 bytes
18:58:45.782 [main] DEBUG io.netty.util.internal.PlatformDependent -- -Dio.netty.uninitializedArrayAllocationThreshold: -1
18:58:45.782 [main] DEBUG io.netty.util.internal.CleanerJava9 -- java.nio.ByteBuffer.cleaner(): available
18:58:45.782 [main] DEBUG io.netty.util.internal.PlatformDependent -- -Dio.netty.noPreferDirect: false
18:58:45.786 [main] DEBUG org.apache.http.client.protocol.RequestAddCookies -- CookieSpec selected: karate
18:58:45.786 [main] DEBUG org.apache.http.client.protocol.RequestAuthCache -- Auth cache not set in the context
18:58:45.786 [main] DEBUG com.intuit.karate -- request:
1 > POST https://dummyjson.com/carts/add
1 > Content-Type: application/json; charset=UTF-8
1 > Content-Length: 72
1 > Host: dummyjson.com
1 > Connection: Keep-Alive
1 > User-Agent: Apache-HttpClient/4.5.14 (Java/21.0.8)
1 > Accept-Encoding: gzip,deflate
{"userId":1,"products":[{"id":144,"quantity":4},{"id":98,"quantity":1}]}

18:58:45.787 [main] DEBUG org.apache.http.impl.conn.PoolingHttpClientConnectionManager -- Connection request: [route: {s}->https://dummyjson.com:443][total available: 0; route allocated: 0 of 5; total allocated: 0 of 10]
18:58:45.787 [main] DEBUG org.apache.http.impl.conn.PoolingHttpClientConnectionManager -- Connection leased: [id: 3][route: {s}->https://dummyjson.com:443][total available: 0; route allocated: 1 of 5; total allocated: 1 of 10]
18:58:45.787 [main] DEBUG org.apache.http.impl.execchain.MainClientExec -- Opening connection {s}->https://dummyjson.com:443
18:58:45.787 [main] DEBUG org.apache.http.impl.conn.DefaultHttpClientConnectionOperator -- Connecting to dummyjson.com/66.33.22.2:443
18:58:45.787 [main] DEBUG org.apache.http.conn.ssl.SSLConnectionSocketFactory -- Connecting socket to dummyjson.com/66.33.22.2:443 with timeout 30000
18:58:45.809 [main] DEBUG org.apache.http.conn.ssl.SSLConnectionSocketFactory -- Enabled protocols: [TLSv1.3, TLSv1.2]
18:58:45.809 [main] DEBUG org.apache.http.conn.ssl.SSLConnectionSocketFactory -- Enabled cipher suites:[TLS_AES_256_GCM_SHA384, TLS_AES_128_GCM_SHA256, TLS_CHACHA20_POLY1305_SHA256, TLS_ECDHE_ECDSA_WITH_AES_256_GCM_SHA384, TLS_ECDHE_ECDSA_WITH_AES_128_GCM_SHA256, TLS_ECDHE_ECDSA_WITH_CHACHA20_POLY1305_SHA256, TLS_ECDHE_RSA_WITH_AES_256_GCM_SHA384, TLS_ECDHE_RSA_WITH_CHACHA20_POLY1305_SHA256, TLS_ECDHE_RSA_WITH_AES_128_GCM_SHA256, TLS_DHE_RSA_WITH_AES_256_GCM_SHA384, TLS_DHE_RSA_WITH_CHACHA20_POLY1305_SHA256, TLS_DHE_DSS_WITH_AES_256_GCM_SHA384, TLS_DHE_RSA_WITH_AES_128_GCM_SHA256, TLS_DHE_DSS_WITH_AES_128_GCM_SHA256, TLS_ECDHE_ECDSA_WITH_AES_256_CBC_SHA384, TLS_ECDHE_RSA_WITH_AES_256_CBC_SHA384, TLS_ECDHE_ECDSA_WITH_AES_128_CBC_SHA256, TLS_ECDHE_RSA_WITH_AES_128_CBC_SHA256, TLS_DHE_RSA_WITH_AES_256_CBC_SHA256, TLS_DHE_DSS_WITH_AES_256_CBC_SHA256, TLS_DHE_RSA_WITH_AES_128_CBC_SHA256, TLS_DHE_DSS_WITH_AES_128_CBC_SHA256, TLS_ECDHE_ECDSA_WITH_AES_256_CBC_SHA, TLS_ECDHE_RSA_WITH_AES_256_CBC_SHA, TLS_ECDHE_ECDSA_WITH_AES_128_CBC_SHA, TLS_ECDHE_RSA_WITH_AES_128_CBC_SHA, TLS_DHE_RSA_WITH_AES_256_CBC_SHA, TLS_DHE_DSS_WITH_AES_256_CBC_SHA, TLS_DHE_RSA_WITH_AES_128_CBC_SHA, TLS_DHE_DSS_WITH_AES_128_CBC_SHA, TLS_RSA_WITH_AES_256_GCM_SHA384, TLS_RSA_WITH_AES_128_GCM_SHA256, TLS_RSA_WITH_AES_256_CBC_SHA256, TLS_RSA_WITH_AES_128_CBC_SHA256, TLS_RSA_WITH_AES_256_CBC_SHA, TLS_RSA_WITH_AES_128_CBC_SHA, TLS_EMPTY_RENEGOTIATION_INFO_SCSV]
18:58:45.809 [main] DEBUG org.apache.http.conn.ssl.SSLConnectionSocketFactory -- Starting handshake
18:58:45.837 [main] DEBUG org.apache.http.conn.ssl.SSLConnectionSocketFactory -- Secure session established
18:58:45.837 [main] DEBUG org.apache.http.conn.ssl.SSLConnectionSocketFactory --  negotiated protocol: TLSv1.3
18:58:45.837 [main] DEBUG org.apache.http.conn.ssl.SSLConnectionSocketFactory --  negotiated cipher suite: TLS_AES_128_GCM_SHA256
18:58:45.838 [main] DEBUG org.apache.http.conn.ssl.SSLConnectionSocketFactory --  peer principal: CN=dummyjson.com
18:58:45.838 [main] DEBUG org.apache.http.conn.ssl.SSLConnectionSocketFactory --  peer alternative names: [dummyjson.com]
18:58:45.838 [main] DEBUG org.apache.http.conn.ssl.SSLConnectionSocketFactory --  issuer principal: CN=R11, O=Let's Encrypt, C=US
18:58:45.838 [main] DEBUG org.apache.http.impl.conn.DefaultHttpClientConnectionOperator -- Connection established 192.168.1.4:54544<->66.33.22.2:443
18:58:45.838 [main] DEBUG org.apache.http.impl.conn.DefaultManagedHttpClientConnection -- http-outgoing-3: set socket timeout to 30000
18:58:45.838 [main] DEBUG org.apache.http.impl.execchain.MainClientExec -- Executing request POST /carts/add HTTP/1.1
18:58:45.838 [main] DEBUG org.apache.http.impl.execchain.MainClientExec -- Target auth state: UNCHALLENGED
18:58:45.838 [main] DEBUG org.apache.http.impl.execchain.MainClientExec -- Proxy auth state: UNCHALLENGED
18:58:45.838 [main] DEBUG org.apache.http.headers -- http-outgoing-3 >> POST /carts/add HTTP/1.1
18:58:45.838 [main] DEBUG org.apache.http.headers -- http-outgoing-3 >> Content-Type: application/json; charset=UTF-8
18:58:45.838 [main] DEBUG org.apache.http.headers -- http-outgoing-3 >> Content-Length: 72
18:58:45.838 [main] DEBUG org.apache.http.headers -- http-outgoing-3 >> Host: dummyjson.com
18:58:45.838 [main] DEBUG org.apache.http.headers -- http-outgoing-3 >> Connection: Keep-Alive
18:58:45.838 [main] DEBUG org.apache.http.headers -- http-outgoing-3 >> User-Agent: Apache-HttpClient/4.5.14 (Java/21.0.8)
18:58:45.838 [main] DEBUG org.apache.http.headers -- http-outgoing-3 >> Accept-Encoding: gzip,deflate
18:58:45.838 [main] DEBUG org.apache.http.wire -- http-outgoing-3 >> "POST /carts/add HTTP/1.1[\r][\n]"
18:58:45.838 [main] DEBUG org.apache.http.wire -- http-outgoing-3 >> "Content-Type: application/json; charset=UTF-8[\r][\n]"
18:58:45.838 [main] DEBUG org.apache.http.wire -- http-outgoing-3 >> "Content-Length: 72[\r][\n]"
18:58:45.838 [main] DEBUG org.apache.http.wire -- http-outgoing-3 >> "Host: dummyjson.com[\r][\n]"
18:58:45.838 [main] DEBUG org.apache.http.wire -- http-outgoing-3 >> "Connection: Keep-Alive[\r][\n]"
18:58:45.838 [main] DEBUG org.apache.http.wire -- http-outgoing-3 >> "User-Agent: Apache-HttpClient/4.5.14 (Java/21.0.8)[\r][\n]"
18:58:45.838 [main] DEBUG org.apache.http.wire -- http-outgoing-3 >> "Accept-Encoding: gzip,deflate[\r][\n]"
18:58:45.838 [main] DEBUG org.apache.http.wire -- http-outgoing-3 >> "[\r][\n]"
18:58:45.838 [main] DEBUG org.apache.http.wire -- http-outgoing-3 >> "{"userId":1,"products":[{"id":144,"quantity":4},{"id":98,"quantity":1}]}"
18:58:45.861 [main] DEBUG org.apache.http.wire -- http-outgoing-3 << "HTTP/1.1 201 Created[\r][\n]"
18:58:45.862 [main] DEBUG org.apache.http.wire -- http-outgoing-3 << "Access-Control-Allow-Origin: *[\r][\n]"
18:58:45.862 [main] DEBUG org.apache.http.wire -- http-outgoing-3 << "Content-Length: 584[\r][\n]"
18:58:45.862 [main] DEBUG org.apache.http.wire -- http-outgoing-3 << "Content-Type: application/json; charset=utf-8[\r][\n]"
18:58:45.862 [main] DEBUG org.apache.http.wire -- http-outgoing-3 << "Date: Sat, 02 Aug 2025 11:58:45 GMT[\r][\n]"
18:58:45.862 [main] DEBUG org.apache.http.wire -- http-outgoing-3 << "Etag: W/"248-5dWqMXWeXCBfsFmAf4sbnGOuqRg"[\r][\n]"
18:58:45.862 [main] DEBUG org.apache.http.wire -- http-outgoing-3 << "Server: railway-edge[\r][\n]"
18:58:45.862 [main] DEBUG org.apache.http.wire -- http-outgoing-3 << "Strict-Transport-Security: max-age=15552000; includeSubDomains[\r][\n]"
18:58:45.862 [main] DEBUG org.apache.http.wire -- http-outgoing-3 << "Vary: Accept-Encoding[\r][\n]"
18:58:45.862 [main] DEBUG org.apache.http.wire -- http-outgoing-3 << "X-Content-Type-Options: nosniff[\r][\n]"
18:58:45.862 [main] DEBUG org.apache.http.wire -- http-outgoing-3 << "X-Dns-Prefetch-Control: off[\r][\n]"
18:58:45.862 [main] DEBUG org.apache.http.wire -- http-outgoing-3 << "X-Download-Options: noopen[\r][\n]"
18:58:45.862 [main] DEBUG org.apache.http.wire -- http-outgoing-3 << "X-Frame-Options: SAMEORIGIN[\r][\n]"
18:58:45.862 [main] DEBUG org.apache.http.wire -- http-outgoing-3 << "X-Powered-By: Cats on Keyboards[\r][\n]"
18:58:45.862 [main] DEBUG org.apache.http.wire -- http-outgoing-3 << "X-Railway-Edge: railway/asia-southeast1-eqsg3a[\r][\n]"
18:58:45.862 [main] DEBUG org.apache.http.wire -- http-outgoing-3 << "X-Railway-Request-Id: u7fJYn0kR6mhzjDmacI7Nw[\r][\n]"
18:58:45.862 [main] DEBUG org.apache.http.wire -- http-outgoing-3 << "X-Ratelimit-Limit: 100[\r][\n]"
18:58:45.862 [main] DEBUG org.apache.http.wire -- http-outgoing-3 << "X-Ratelimit-Remaining: 99[\r][\n]"
18:58:45.862 [main] DEBUG org.apache.http.wire -- http-outgoing-3 << "X-Ratelimit-Reset: 1754135936[\r][\n]"
18:58:45.862 [main] DEBUG org.apache.http.wire -- http-outgoing-3 << "X-Xss-Protection: 1; mode=block[\r][\n]"
18:58:45.862 [main] DEBUG org.apache.http.wire -- http-outgoing-3 << "[\r][\n]"
18:58:45.862 [main] DEBUG org.apache.http.wire -- http-outgoing-3 << "{"id":51,"products":[{"id":98,"title":"Rolex Submariner Watch","price":13999.99,"quantity":4,"total":55999.96,"discountPercentage":5.05,"discountedPrice":53172,"thumbnail":"https://cdn.dummyjson.com/product-images/mens-watches/rolex-submariner-watch/thumbnail.webp"},{"id":144,"title":"Cricket Helmet","price":44.99,"quantity":1,"total":44.99,"discountPercentage":9.64,"discountedPrice":41,"thumbnail":"https://cdn.dummyjson.com/product-images/sports-accessories/cricket-helmet/thumbnail.webp"}],"total":56044.95"
18:58:45.862 [main] DEBUG org.apache.http.headers -- http-outgoing-3 << HTTP/1.1 201 Created
18:58:45.862 [main] DEBUG org.apache.http.headers -- http-outgoing-3 << Access-Control-Allow-Origin: *
18:58:45.862 [main] DEBUG org.apache.http.headers -- http-outgoing-3 << Content-Length: 584
18:58:45.862 [main] DEBUG org.apache.http.headers -- http-outgoing-3 << Content-Type: application/json; charset=utf-8
18:58:45.862 [main] DEBUG org.apache.http.headers -- http-outgoing-3 << Date: Sat, 02 Aug 2025 11:58:45 GMT
18:58:45.862 [main] DEBUG org.apache.http.headers -- http-outgoing-3 << Etag: W/"248-5dWqMXWeXCBfsFmAf4sbnGOuqRg"
18:58:45.862 [main] DEBUG org.apache.http.headers -- http-outgoing-3 << Server: railway-edge
18:58:45.863 [main] DEBUG org.apache.http.headers -- http-outgoing-3 << Strict-Transport-Security: max-age=15552000; includeSubDomains
18:58:45.863 [main] DEBUG org.apache.http.headers -- http-outgoing-3 << Vary: Accept-Encoding
18:58:45.863 [main] DEBUG org.apache.http.headers -- http-outgoing-3 << X-Content-Type-Options: nosniff
18:58:45.863 [main] DEBUG org.apache.http.headers -- http-outgoing-3 << X-Dns-Prefetch-Control: off
18:58:45.863 [main] DEBUG org.apache.http.headers -- http-outgoing-3 << X-Download-Options: noopen
18:58:45.863 [main] DEBUG org.apache.http.headers -- http-outgoing-3 << X-Frame-Options: SAMEORIGIN
18:58:45.863 [main] DEBUG org.apache.http.headers -- http-outgoing-3 << X-Powered-By: Cats on Keyboards
18:58:45.863 [main] DEBUG org.apache.http.headers -- http-outgoing-3 << X-Railway-Edge: railway/asia-southeast1-eqsg3a
18:58:45.863 [main] DEBUG org.apache.http.headers -- http-outgoing-3 << X-Railway-Request-Id: u7fJYn0kR6mhzjDmacI7Nw
18:58:45.863 [main] DEBUG org.apache.http.headers -- http-outgoing-3 << X-Ratelimit-Limit: 100
18:58:45.863 [main] DEBUG org.apache.http.headers -- http-outgoing-3 << X-Ratelimit-Remaining: 99
18:58:45.863 [main] DEBUG org.apache.http.headers -- http-outgoing-3 << X-Ratelimit-Reset: 1754135936
18:58:45.863 [main] DEBUG org.apache.http.headers -- http-outgoing-3 << X-Xss-Protection: 1; mode=block
18:58:45.863 [main] DEBUG org.apache.http.impl.execchain.MainClientExec -- Connection can be kept alive indefinitely
18:58:45.863 [main] DEBUG org.apache.http.wire -- http-outgoing-3 << ","discountedTotal":53213,"userId":1,"totalProducts":2,"totalQuantity":5}"
18:58:45.863 [main] DEBUG org.apache.http.impl.conn.PoolingHttpClientConnectionManager -- Connection [id: 3][route: {s}->https://dummyjson.com:443] can be kept alive indefinitely
18:58:45.863 [main] DEBUG org.apache.http.impl.conn.DefaultManagedHttpClientConnection -- http-outgoing-3: set socket timeout to 0
18:58:45.863 [main] DEBUG org.apache.http.impl.conn.PoolingHttpClientConnectionManager -- Connection released: [id: 3][route: {s}->https://dummyjson.com:443][total available: 1; route allocated: 1 of 5; total allocated: 1 of 10]
18:58:45.863 [main] DEBUG org.apache.http.impl.conn.PoolingHttpClientConnectionManager -- Connection manager is shutting down
18:58:45.863 [main] DEBUG org.apache.http.impl.conn.DefaultManagedHttpClientConnection -- http-outgoing-3: Close connection
18:58:45.864 [main] DEBUG org.apache.http.impl.conn.PoolingHttpClientConnectionManager -- Connection manager shut down
18:58:45.864 [main] DEBUG com.intuit.karate -- response time in milliseconds: 76
1 < 201
1 < Access-Control-Allow-Origin: *
1 < Content-Length: 584
1 < Content-Type: application/json; charset=utf-8
1 < Date: Sat, 02 Aug 2025 11:58:45 GMT
1 < Etag: W/"248-5dWqMXWeXCBfsFmAf4sbnGOuqRg"
1 < Server: railway-edge
1 < Strict-Transport-Security: max-age=15552000; includeSubDomains
1 < Vary: Accept-Encoding
1 < X-Content-Type-Options: nosniff
1 < X-Dns-Prefetch-Control: off
1 < X-Download-Options: noopen
1 < X-Frame-Options: SAMEORIGIN
1 < X-Powered-By: Cats on Keyboards
1 < X-Railway-Edge: railway/asia-southeast1-eqsg3a
1 < X-Railway-Request-Id: u7fJYn0kR6mhzjDmacI7Nw
1 < X-Ratelimit-Limit: 100
1 < X-Ratelimit-Remaining: 99
1 < X-Ratelimit-Reset: 1754135936
1 < X-Xss-Protection: 1; mode=block
{"id":51,"products":[{"id":98,"title":"Rolex Submariner Watch","price":13999.99,"quantity":4,"total":55999.96,"discountPercentage":5.05,"discountedPrice":53172,"thumbnail":"https://cdn.dummyjson.com/product-images/mens-watches/rolex-submariner-watch/thumbnail.webp"},{"id":144,"title":"Cricket Helmet","price":44.99,"quantity":1,"total":44.99,"discountPercentage":9.64,"discountedPrice":41,"thumbnail":"https://cdn.dummyjson.com/product-images/sports-accessories/cricket-helmet/thumbnail.webp"}],"total":56044.95,"discountedTotal":53213,"userId":1,"totalProducts":2,"totalQuantity":5}

18:58:45.865 [main] DEBUG com.jayway.jsonpath.internal.path.CompiledPath -- Evaluating path: $['id']
18:58:45.866 [main] DEBUG com.jayway.jsonpath.internal.path.CompiledPath -- Evaluating path: $['userId']
18:58:45.866 [main] DEBUG com.jayway.jsonpath.internal.path.CompiledPath -- Evaluating path: $['totalProducts']
18:58:45.868 [main] DEBUG com.jayway.jsonpath.internal.path.CompiledPath -- Evaluating path: $['products'][0]['id']
18:58:45.869 [main] DEBUG com.jayway.jsonpath.internal.path.CompiledPath -- Evaluating path: $['products'][1]['id']
18:58:45.869 [main] INFO com.intuit.karate -- [print] {
  "id": 51,
  "products": [
    {
      "id": 98,
      "title": "Rolex Submariner Watch",
      "price": 13999.99,
      "quantity": 4,
      "total": 55999.96,
      "discountPercentage": 5.05,
      "discountedPrice": 53172,
      "thumbnail": "https://cdn.dummyjson.com/product-images/mens-watches/rolex-submariner-watch/thumbnail.webp"
    },
    {
      "id": 144,
      "title": "Cricket Helmet",
      "price": 44.99,
      "quantity": 1,
      "total": 44.99,
      "discountPercentage": 9.64,
      "discountedPrice": 41,
      "thumbnail": "https://cdn.dummyjson.com/product-images/sports-accessories/cricket-helmet/thumbnail.webp"
    }
  ],
  "total": 56044.95,
  "discountedTotal": 53213,
  "userId": 1,
  "totalProducts": 2,
  "totalQuantity": 5
}
 
]]></system-out>
  </testcase>
  <testcase name="[5:53] Update Cart (add product)" classname="dummyjson/Carts" time="0.102">
    <system-out><![CDATA[18:58:45.878 [main] DEBUG com.jayway.jsonpath.internal.path.CompiledPath -- Evaluating path: $
18:58:45.879 [main] DEBUG org.apache.http.client.protocol.RequestAddCookies -- CookieSpec selected: karate
18:58:45.879 [main] DEBUG org.apache.http.client.protocol.RequestAuthCache -- Auth cache not set in the context
18:58:45.879 [main] DEBUG com.intuit.karate -- request:
1 > PUT https://dummyjson.com/carts/1
1 > Content-Type: application/json; charset=UTF-8
1 > Content-Length: 49
1 > Host: dummyjson.com
1 > Connection: Keep-Alive
1 > User-Agent: Apache-HttpClient/4.5.14 (Java/21.0.8)
1 > Accept-Encoding: gzip,deflate
{"merge":true,"products":[{"id":1,"quantity":1}]}

18:58:45.879 [main] DEBUG org.apache.http.impl.conn.PoolingHttpClientConnectionManager -- Connection request: [route: {s}->https://dummyjson.com:443][total available: 0; route allocated: 0 of 5; total allocated: 0 of 10]
18:58:45.879 [main] DEBUG org.apache.http.impl.conn.PoolingHttpClientConnectionManager -- Connection leased: [id: 4][route: {s}->https://dummyjson.com:443][total available: 0; route allocated: 1 of 5; total allocated: 1 of 10]
18:58:45.879 [main] DEBUG org.apache.http.impl.execchain.MainClientExec -- Opening connection {s}->https://dummyjson.com:443
18:58:45.880 [main] DEBUG org.apache.http.impl.conn.DefaultHttpClientConnectionOperator -- Connecting to dummyjson.com/66.33.22.2:443
18:58:45.880 [main] DEBUG org.apache.http.conn.ssl.SSLConnectionSocketFactory -- Connecting socket to dummyjson.com/66.33.22.2:443 with timeout 30000
18:58:45.902 [main] DEBUG org.apache.http.conn.ssl.SSLConnectionSocketFactory -- Enabled protocols: [TLSv1.3, TLSv1.2]
18:58:45.902 [main] DEBUG org.apache.http.conn.ssl.SSLConnectionSocketFactory -- Enabled cipher suites:[TLS_AES_256_GCM_SHA384, TLS_AES_128_GCM_SHA256, TLS_CHACHA20_POLY1305_SHA256, TLS_ECDHE_ECDSA_WITH_AES_256_GCM_SHA384, TLS_ECDHE_ECDSA_WITH_AES_128_GCM_SHA256, TLS_ECDHE_ECDSA_WITH_CHACHA20_POLY1305_SHA256, TLS_ECDHE_RSA_WITH_AES_256_GCM_SHA384, TLS_ECDHE_RSA_WITH_CHACHA20_POLY1305_SHA256, TLS_ECDHE_RSA_WITH_AES_128_GCM_SHA256, TLS_DHE_RSA_WITH_AES_256_GCM_SHA384, TLS_DHE_RSA_WITH_CHACHA20_POLY1305_SHA256, TLS_DHE_DSS_WITH_AES_256_GCM_SHA384, TLS_DHE_RSA_WITH_AES_128_GCM_SHA256, TLS_DHE_DSS_WITH_AES_128_GCM_SHA256, TLS_ECDHE_ECDSA_WITH_AES_256_CBC_SHA384, TLS_ECDHE_RSA_WITH_AES_256_CBC_SHA384, TLS_ECDHE_ECDSA_WITH_AES_128_CBC_SHA256, TLS_ECDHE_RSA_WITH_AES_128_CBC_SHA256, TLS_DHE_RSA_WITH_AES_256_CBC_SHA256, TLS_DHE_DSS_WITH_AES_256_CBC_SHA256, TLS_DHE_RSA_WITH_AES_128_CBC_SHA256, TLS_DHE_DSS_WITH_AES_128_CBC_SHA256, TLS_ECDHE_ECDSA_WITH_AES_256_CBC_SHA, TLS_ECDHE_RSA_WITH_AES_256_CBC_SHA, TLS_ECDHE_ECDSA_WITH_AES_128_CBC_SHA, TLS_ECDHE_RSA_WITH_AES_128_CBC_SHA, TLS_DHE_RSA_WITH_AES_256_CBC_SHA, TLS_DHE_DSS_WITH_AES_256_CBC_SHA, TLS_DHE_RSA_WITH_AES_128_CBC_SHA, TLS_DHE_DSS_WITH_AES_128_CBC_SHA, TLS_RSA_WITH_AES_256_GCM_SHA384, TLS_RSA_WITH_AES_128_GCM_SHA256, TLS_RSA_WITH_AES_256_CBC_SHA256, TLS_RSA_WITH_AES_128_CBC_SHA256, TLS_RSA_WITH_AES_256_CBC_SHA, TLS_RSA_WITH_AES_128_CBC_SHA, TLS_EMPTY_RENEGOTIATION_INFO_SCSV]
18:58:45.902 [main] DEBUG org.apache.http.conn.ssl.SSLConnectionSocketFactory -- Starting handshake
18:58:45.930 [main] DEBUG org.apache.http.conn.ssl.SSLConnectionSocketFactory -- Secure session established
18:58:45.931 [main] DEBUG org.apache.http.conn.ssl.SSLConnectionSocketFactory --  negotiated protocol: TLSv1.3
18:58:45.931 [main] DEBUG org.apache.http.conn.ssl.SSLConnectionSocketFactory --  negotiated cipher suite: TLS_AES_128_GCM_SHA256
18:58:45.931 [main] DEBUG org.apache.http.conn.ssl.SSLConnectionSocketFactory --  peer principal: CN=dummyjson.com
18:58:45.931 [main] DEBUG org.apache.http.conn.ssl.SSLConnectionSocketFactory --  peer alternative names: [dummyjson.com]
18:58:45.931 [main] DEBUG org.apache.http.conn.ssl.SSLConnectionSocketFactory --  issuer principal: CN=R11, O=Let's Encrypt, C=US
18:58:45.931 [main] DEBUG org.apache.http.impl.conn.DefaultHttpClientConnectionOperator -- Connection established 192.168.1.4:54545<->66.33.22.2:443
18:58:45.931 [main] DEBUG org.apache.http.impl.conn.DefaultManagedHttpClientConnection -- http-outgoing-4: set socket timeout to 30000
18:58:45.931 [main] DEBUG org.apache.http.impl.execchain.MainClientExec -- Executing request PUT /carts/1 HTTP/1.1
18:58:45.931 [main] DEBUG org.apache.http.impl.execchain.MainClientExec -- Target auth state: UNCHALLENGED
18:58:45.931 [main] DEBUG org.apache.http.impl.execchain.MainClientExec -- Proxy auth state: UNCHALLENGED
18:58:45.931 [main] DEBUG org.apache.http.headers -- http-outgoing-4 >> PUT /carts/1 HTTP/1.1
18:58:45.931 [main] DEBUG org.apache.http.headers -- http-outgoing-4 >> Content-Type: application/json; charset=UTF-8
18:58:45.931 [main] DEBUG org.apache.http.headers -- http-outgoing-4 >> Content-Length: 49
18:58:45.931 [main] DEBUG org.apache.http.headers -- http-outgoing-4 >> Host: dummyjson.com
18:58:45.931 [main] DEBUG org.apache.http.headers -- http-outgoing-4 >> Connection: Keep-Alive
18:58:45.931 [main] DEBUG org.apache.http.headers -- http-outgoing-4 >> User-Agent: Apache-HttpClient/4.5.14 (Java/21.0.8)
18:58:45.931 [main] DEBUG org.apache.http.headers -- http-outgoing-4 >> Accept-Encoding: gzip,deflate
18:58:45.931 [main] DEBUG org.apache.http.wire -- http-outgoing-4 >> "PUT /carts/1 HTTP/1.1[\r][\n]"
18:58:45.931 [main] DEBUG org.apache.http.wire -- http-outgoing-4 >> "Content-Type: application/json; charset=UTF-8[\r][\n]"
18:58:45.931 [main] DEBUG org.apache.http.wire -- http-outgoing-4 >> "Content-Length: 49[\r][\n]"
18:58:45.931 [main] DEBUG org.apache.http.wire -- http-outgoing-4 >> "Host: dummyjson.com[\r][\n]"
18:58:45.931 [main] DEBUG org.apache.http.wire -- http-outgoing-4 >> "Connection: Keep-Alive[\r][\n]"
18:58:45.931 [main] DEBUG org.apache.http.wire -- http-outgoing-4 >> "User-Agent: Apache-HttpClient/4.5.14 (Java/21.0.8)[\r][\n]"
18:58:45.931 [main] DEBUG org.apache.http.wire -- http-outgoing-4 >> "Accept-Encoding: gzip,deflate[\r][\n]"
18:58:45.931 [main] DEBUG org.apache.http.wire -- http-outgoing-4 >> "[\r][\n]"
18:58:45.931 [main] DEBUG org.apache.http.wire -- http-outgoing-4 >> "{"merge":true,"products":[{"id":1,"quantity":1}]}"
18:58:45.955 [main] DEBUG org.apache.http.wire -- http-outgoing-4 << "HTTP/1.1 200 OK[\r][\n]"
18:58:45.955 [main] DEBUG org.apache.http.wire -- http-outgoing-4 << "Access-Control-Allow-Origin: *[\r][\n]"
18:58:45.955 [main] DEBUG org.apache.http.wire -- http-outgoing-4 << "Content-Encoding: gzip[\r][\n]"
18:58:45.955 [main] DEBUG org.apache.http.wire -- http-outgoing-4 << "Content-Type: application/json; charset=utf-8[\r][\n]"
18:58:45.955 [main] DEBUG org.apache.http.wire -- http-outgoing-4 << "Date: Sat, 02 Aug 2025 11:58:45 GMT[\r][\n]"
18:58:45.955 [main] DEBUG org.apache.http.wire -- http-outgoing-4 << "Etag: W/"546-NAao4hU8vjE+VqChHxL6EIMy8ZQ"[\r][\n]"
18:58:45.955 [main] DEBUG org.apache.http.wire -- http-outgoing-4 << "Server: railway-edge[\r][\n]"
18:58:45.955 [main] DEBUG org.apache.http.wire -- http-outgoing-4 << "Strict-Transport-Security: max-age=15552000; includeSubDomains[\r][\n]"
18:58:45.955 [main] DEBUG org.apache.http.wire -- http-outgoing-4 << "Vary: Accept-Encoding[\r][\n]"
18:58:45.955 [main] DEBUG org.apache.http.wire -- http-outgoing-4 << "X-Content-Type-Options: nosniff[\r][\n]"
18:58:45.955 [main] DEBUG org.apache.http.wire -- http-outgoing-4 << "X-Dns-Prefetch-Control: off[\r][\n]"
18:58:45.955 [main] DEBUG org.apache.http.wire -- http-outgoing-4 << "X-Download-Options: noopen[\r][\n]"
18:58:45.955 [main] DEBUG org.apache.http.wire -- http-outgoing-4 << "X-Frame-Options: SAMEORIGIN[\r][\n]"
18:58:45.956 [main] DEBUG org.apache.http.wire -- http-outgoing-4 << "X-Powered-By: Cats on Keyboards[\r][\n]"
18:58:45.956 [main] DEBUG org.apache.http.wire -- http-outgoing-4 << "X-Railway-Edge: railway/asia-southeast1-eqsg3a[\r][\n]"
18:58:45.956 [main] DEBUG org.apache.http.wire -- http-outgoing-4 << "X-Railway-Request-Id: FoSaPhfsRZqH0R8mAQeqjw[\r][\n]"
18:58:45.956 [main] DEBUG org.apache.http.wire -- http-outgoing-4 << "X-Ratelimit-Limit: 100[\r][\n]"
18:58:45.956 [main] DEBUG org.apache.http.wire -- http-outgoing-4 << "X-Ratelimit-Remaining: 98[\r][\n]"
18:58:45.956 [main] DEBUG org.apache.http.wire -- http-outgoing-4 << "X-Ratelimit-Reset: 1754135936[\r][\n]"
18:58:45.956 [main] DEBUG org.apache.http.wire -- http-outgoing-4 << "X-Xss-Protection: 1; mode=block[\r][\n]"
18:58:45.956 [main] DEBUG org.apache.http.wire -- http-outgoing-4 << "Transfer-Encoding: chunked[\r][\n]"
18:58:45.956 [main] DEBUG org.apache.http.wire -- http-outgoing-4 << "[\r][\n]"
18:58:45.956 [main] DEBUG org.apache.http.wire -- http-outgoing-4 << "a[\r][\n]"
18:58:45.956 [main] DEBUG org.apache.http.wire -- http-outgoing-4 << "[0x1f][0x8b][0x8][0x0][0x0][0x0][0x0][0x0][0x0][0x3][\r][\n]"
18:58:45.956 [main] DEBUG org.apache.http.headers -- http-outgoing-4 << HTTP/1.1 200 OK
18:58:45.956 [main] DEBUG org.apache.http.headers -- http-outgoing-4 << Access-Control-Allow-Origin: *
18:58:45.956 [main] DEBUG org.apache.http.headers -- http-outgoing-4 << Content-Encoding: gzip
18:58:45.956 [main] DEBUG org.apache.http.headers -- http-outgoing-4 << Content-Type: application/json; charset=utf-8
18:58:45.956 [main] DEBUG org.apache.http.headers -- http-outgoing-4 << Date: Sat, 02 Aug 2025 11:58:45 GMT
18:58:45.956 [main] DEBUG org.apache.http.headers -- http-outgoing-4 << Etag: W/"546-NAao4hU8vjE+VqChHxL6EIMy8ZQ"
18:58:45.956 [main] DEBUG org.apache.http.headers -- http-outgoing-4 << Server: railway-edge
18:58:45.956 [main] DEBUG org.apache.http.headers -- http-outgoing-4 << Strict-Transport-Security: max-age=15552000; includeSubDomains
18:58:45.956 [main] DEBUG org.apache.http.headers -- http-outgoing-4 << Vary: Accept-Encoding
18:58:45.956 [main] DEBUG org.apache.http.headers -- http-outgoing-4 << X-Content-Type-Options: nosniff
18:58:45.956 [main] DEBUG org.apache.http.headers -- http-outgoing-4 << X-Dns-Prefetch-Control: off
18:58:45.956 [main] DEBUG org.apache.http.headers -- http-outgoing-4 << X-Download-Options: noopen
18:58:45.956 [main] DEBUG org.apache.http.headers -- http-outgoing-4 << X-Frame-Options: SAMEORIGIN
18:58:45.956 [main] DEBUG org.apache.http.headers -- http-outgoing-4 << X-Powered-By: Cats on Keyboards
18:58:45.956 [main] DEBUG org.apache.http.headers -- http-outgoing-4 << X-Railway-Edge: railway/asia-southeast1-eqsg3a
18:58:45.956 [main] DEBUG org.apache.http.headers -- http-outgoing-4 << X-Railway-Request-Id: FoSaPhfsRZqH0R8mAQeqjw
18:58:45.956 [main] DEBUG org.apache.http.headers -- http-outgoing-4 << X-Ratelimit-Limit: 100
18:58:45.956 [main] DEBUG org.apache.http.headers -- http-outgoing-4 << X-Ratelimit-Remaining: 98
18:58:45.956 [main] DEBUG org.apache.http.headers -- http-outgoing-4 << X-Ratelimit-Reset: 1754135936
18:58:45.956 [main] DEBUG org.apache.http.headers -- http-outgoing-4 << X-Xss-Protection: 1; mode=block
18:58:45.956 [main] DEBUG org.apache.http.headers -- http-outgoing-4 << Transfer-Encoding: chunked
18:58:45.956 [main] DEBUG org.apache.http.impl.execchain.MainClientExec -- Connection can be kept alive indefinitely
18:58:45.956 [main] DEBUG org.apache.http.wire -- http-outgoing-4 << "20e[\r][\n]"
18:58:45.957 [main] DEBUG org.apache.http.wire -- http-outgoing-4 << "[0x9d][0xd4]]o[0x9b]0[0x14][0x6][0xe0][0xbf][0x82],q[0xc7][0x87]1[0x1f][0x1][0xee][0xba][0xb5][0xaa]*m[0x1a]k"[0xb5][0xd2][0xb4][0xb][0xc7][0x1c][0x5]w`3[0xdb]4[0x8a][0xaa][0xfc][0xf7][0x89]@B[0x94][0x86][0x8b][0x85]K[0xe][0xb2][0xce][0xf3][0x9e][0x83]?[0x10]/Q[0x1e]8[0xa8]U[0xb2][0xec][0x98][0xd1]([0xff][0xf5]1[0xbc]KR[0x7][0x19]nj@9[0xfa]ZQ[0xb5][0x1]e-_W[0xd6][0xf3][0xcb]=[0xea][0xbf][0xe7][0xc]P[0x1e][0x92],[0xcb][0xbc],s[0xd0][0xdf][0x8e][\n]"
18:58:45.957 [main] DEBUG org.apache.http.wire -- http-outgoing-4 << "[0xc3][0xcd][0xe][0xe5][0xa1][0x83][0x8c]4[0xb4]Fy[0x96][0x1e][0xaa][0xb][0x7][0x95]\3[0xd9][0x9]S[0x80]b [0xc][0xdd][0x0][0xca][0x83][0xd0][0xb][0xb3][0xa9][0x4]e1[0x9c][0x99][0xc6][0x8b](r[0x90][0xa9][0xba]f-([0xaf]Q[0x8e]*cZ[0x9d][0xfb]>+[0x85]WvM[0xb3]{[0xd3]RxL6[0xfe][0xb1]o[0x9f]7t[0x3][0xda][0x87][0x8a][0xb3][0x1a][0xfc][0xb1]c[0x9b][0xe0][0xe5][0xeb][0xca]&[0xf8][0xf9][0xe5][0xde]?[0x9d][0xe8][0xb5]b[0x83][0xf6][0xce][0x0]][0x9c]9[0xef][0xda][0xb6][0x6][0xeb];e_[0xa4][0xfc]c[0x15]JZAd=[0x9]VY[0xcb][0x96]2[0xb0][0x1e][0x15][0xec]&|[0xf0][0xd9]NN[0xf6][0xf0]PLg[0xe8][0xa9][0x17][0x93]+[0xf4][0x90][0xc4][0xd9][0xad][0xf2][0x9a][0xb6]F[0xb6][0xda]?[0x18]l[0x82]G[0x85]Mp[0xa1][0xa4]Mp[0x10][0xd9][0x4][0xf7][0x96]>[0x93]^c[0x13][0xdc]{fb[0x9][0xd2]p[0xca][0xe5]Q[0x1][0x8][0xeb][0xc7];[0xad][0xad][0x7][0xaa][0x14][0x17][0x9b])[0x5][0x12]]d[0x10][0x9f]2[0x8][0xfa]Z[0x94][0x9d]=[0xd7][0xe3]H<[0x92]^I#[0x8][0x16][0xb7][0x86][0xb1][0x95][\r][0x8][0xed][0xbe][0xc1][0x16][0xea][0x1a][0xd4][0xce]?[0x8]l[0x82]{[0x83]M[0xf0][0xa8][0x98][0xb3]c|[0xb9][0x13]w\[0xb5][0xb2][0xd4]g[0xc3]'[0x97][0xb3][0x9f][0xdc]I[0x94]yY<3z[0xe2][0xa5][0xd1][0x15]l[0x9c]$[0xb7]b[0x1b][0xb9][0xe6]5[0xb8][0x94]1[0xd0]Z*[0xe][0xd3][0x12][0x8c]m[0xcf]9'[0xe5][0x83][0xd6] X[0xbf][0xfb][0x9a]QE[0xad]oTWV[0xa1][0xb8][0xe8][0xcf][0x9c][0xd4][0x97][0xe6]`[0xfa][0xd7][0xbd][0xb9][0xe9][0x6][0xd8][0x8b][0xae][0x8d][0xf7]7[0xdd][0x1d][0xb9]k[0xa0][0x9d][0xd9][0xf9]0t[0xec]6C[0xc7]nMu[0xe5][0xb6]c[0xc7]g[0xe0]-[0xac][[0xb4][0xff]=-%[0xe][0x17]it1[0x84][0xd5]PK[0xb3][0xa4][0x9f][[0xa7]A=[0x95]([0xf][0x8f]WYq[0xba][0x1d][0x8f]C[0xfe]9E[0x90][0xec][0xff][0x1]Y[0xf4][0x10]#F[0x5][0x0][0x0][\r][\n]"
18:58:45.957 [main] DEBUG org.apache.http.impl.conn.DefaultManagedHttpClientConnection -- http-outgoing-4: Close connection
18:58:45.957 [main] DEBUG org.apache.http.impl.execchain.MainClientExec -- Connection discarded
18:58:45.957 [main] DEBUG org.apache.http.impl.conn.PoolingHttpClientConnectionManager -- Connection released: [id: 4][route: {s}->https://dummyjson.com:443][total available: 0; route allocated: 0 of 5; total allocated: 0 of 10]
18:58:45.957 [main] DEBUG org.apache.http.impl.conn.PoolingHttpClientConnectionManager -- Connection manager is shutting down
18:58:45.957 [main] DEBUG org.apache.http.impl.conn.PoolingHttpClientConnectionManager -- Connection manager shut down
18:58:45.957 [main] DEBUG com.intuit.karate -- response time in milliseconds: 78
1 < 200
1 < Access-Control-Allow-Origin: *
1 < Content-Type: application/json; charset=utf-8
1 < Date: Sat, 02 Aug 2025 11:58:45 GMT
1 < Etag: W/"546-NAao4hU8vjE+VqChHxL6EIMy8ZQ"
1 < Server: railway-edge
1 < Strict-Transport-Security: max-age=15552000; includeSubDomains
1 < Vary: Accept-Encoding
1 < X-Content-Type-Options: nosniff
1 < X-Dns-Prefetch-Control: off
1 < X-Download-Options: noopen
1 < X-Frame-Options: SAMEORIGIN
1 < X-Powered-By: Cats on Keyboards
1 < X-Railway-Edge: railway/asia-southeast1-eqsg3a
1 < X-Railway-Request-Id: FoSaPhfsRZqH0R8mAQeqjw
1 < X-Ratelimit-Limit: 100
1 < X-Ratelimit-Remaining: 98
1 < X-Ratelimit-Reset: 1754135936
1 < X-Xss-Protection: 1; mode=block
1 < Transfer-Encoding: chunked
{"id":1,"products":[{"id":168,"title":"Charger SXT RWD","price":32999.99,"quantity":3,"total":98999.97,"discountPercentage":13.39,"discountedPrice":85744,"thumbnail":"https://cdn.dummyjson.com/products/images/vehicle/Charger%20SXT%20RWD/thumbnail.png"},{"id":78,"title":"Apple MacBook Pro 14 Inch Space Grey","price":1999.99,"quantity":2,"total":3999.98,"discountPercentage":18.52,"discountedPrice":3259,"thumbnail":"https://cdn.dummyjson.com/products/images/laptops/Apple%20MacBook%20Pro%2014%20Inch%20Space%20Grey/thumbnail.png"},{"id":183,"title":"Green Oval Earring","price":24.99,"quantity":5,"total":124.94999999999999,"discountPercentage":6.28,"discountedPrice":117,"thumbnail":"https://cdn.dummyjson.com/products/images/womens-jewellery/Green%20Oval%20Earring/thumbnail.png"},{"id":100,"title":"Apple Airpods","price":129.99,"quantity":5,"total":649.95,"discountPercentage":12.84,"discountedPrice":566,"thumbnail":"https://cdn.dummyjson.com/products/images/mobile-accessories/Apple%20Airpods/thumbnail.png"},{"id":1,"title":"Essence Mascara Lash Princess","price":9.99,"quantity":1,"total":9.99,"discountPercentage":10.48,"discountedPrice":9,"thumbnail":"https://cdn.dummyjson.com/product-images/beauty/essence-mascara-lash-princess/thumbnail.webp"}],"total":103784.84,"discountedTotal":89695,"userId":33,"totalProducts":5,"totalQuantity":16}

18:58:45.959 [main] DEBUG com.jayway.jsonpath.internal.path.CompiledPath -- Evaluating path: $['id']
18:58:45.968 [main] DEBUG com.jayway.jsonpath.internal.path.CompiledPath -- Evaluating path: $['products'][?]['quantity']
18:58:45.968 [main] DEBUG com.jayway.jsonpath.internal.path.CompiledPath -- Evaluating path: @['id']
18:58:45.971 [main] DEBUG com.jayway.jsonpath.internal.path.CompiledPath -- Evaluating path: @['id']
18:58:45.971 [main] DEBUG com.jayway.jsonpath.internal.path.CompiledPath -- Evaluating path: @['id']
18:58:45.971 [main] DEBUG com.jayway.jsonpath.internal.path.CompiledPath -- Evaluating path: @['id']
18:58:45.971 [main] DEBUG com.jayway.jsonpath.internal.path.CompiledPath -- Evaluating path: @['id']
18:58:45.972 [main] DEBUG com.jayway.jsonpath.internal.path.CompiledPath -- Evaluating path: $
18:58:45.972 [main] INFO com.intuit.karate -- [print] {
  "id": 1,
  "products": [
    {
      "id": 168,
      "title": "Charger SXT RWD",
      "price": 32999.99,
      "quantity": 3,
      "total": 98999.97,
      "discountPercentage": 13.39,
      "discountedPrice": 85744,
      "thumbnail": "https://cdn.dummyjson.com/products/images/vehicle/Charger%20SXT%20RWD/thumbnail.png"
    },
    {
      "id": 78,
      "title": "Apple MacBook Pro 14 Inch Space Grey",
      "price": 1999.99,
      "quantity": 2,
      "total": 3999.98,
      "discountPercentage": 18.52,
      "discountedPrice": 3259,
      "thumbnail": "https://cdn.dummyjson.com/products/images/laptops/Apple%20MacBook%20Pro%2014%20Inch%20Space%20Grey/thumbnail.png"
    },
    {
      "id": 183,
      "title": "Green Oval Earring",
      "price": 24.99,
      "quantity": 5,
      "total": 124.94999999999999,
      "discountPercentage": 6.28,
      "discountedPrice": 117,
      "thumbnail": "https://cdn.dummyjson.com/products/images/womens-jewellery/Green%20Oval%20Earring/thumbnail.png"
    },
    {
      "id": 100,
      "title": "Apple Airpods",
      "price": 129.99,
      "quantity": 5,
      "total": 649.95,
      "discountPercentage": 12.84,
      "discountedPrice": 566,
      "thumbnail": "https://cdn.dummyjson.com/products/images/mobile-accessories/Apple%20Airpods/thumbnail.png"
    },
    {
      "id": 1,
      "title": "Essence Mascara Lash Princess",
      "price": 9.99,
      "quantity": 1,
      "total": 9.99,
      "discountPercentage": 10.48,
      "discountedPrice": 9,
      "thumbnail": "https://cdn.dummyjson.com/product-images/beauty/essence-mascara-lash-princess/thumbnail.webp"
    }
  ],
  "total": 103784.84,
  "discountedTotal": 89695,
  "userId": 33,
  "totalProducts": 5,
  "totalQuantity": 16
}
 
]]></system-out>
  </testcase>
  <testcase name="[6:70] Delete Cart" classname="dummyjson/Carts" time="0.768">
    <system-out><![CDATA[18:58:45.981 [main] DEBUG org.apache.http.client.protocol.RequestAddCookies -- CookieSpec selected: karate
18:58:45.981 [main] DEBUG org.apache.http.client.protocol.RequestAuthCache -- Auth cache not set in the context
18:58:45.981 [main] DEBUG com.intuit.karate -- request:
1 > DELETE https://dummyjson.com/carts/1
1 > Host: dummyjson.com
1 > Connection: Keep-Alive
1 > User-Agent: Apache-HttpClient/4.5.14 (Java/21.0.8)
1 > Accept-Encoding: gzip,deflate


18:58:45.982 [main] DEBUG org.apache.http.impl.conn.PoolingHttpClientConnectionManager -- Connection request: [route: {s}->https://dummyjson.com:443][total available: 0; route allocated: 0 of 5; total allocated: 0 of 10]
18:58:45.982 [main] DEBUG org.apache.http.impl.conn.PoolingHttpClientConnectionManager -- Connection leased: [id: 5][route: {s}->https://dummyjson.com:443][total available: 0; route allocated: 1 of 5; total allocated: 1 of 10]
18:58:45.982 [main] DEBUG org.apache.http.impl.execchain.MainClientExec -- Opening connection {s}->https://dummyjson.com:443
18:58:45.982 [main] DEBUG org.apache.http.impl.conn.DefaultHttpClientConnectionOperator -- Connecting to dummyjson.com/66.33.22.2:443
18:58:45.982 [main] DEBUG org.apache.http.conn.ssl.SSLConnectionSocketFactory -- Connecting socket to dummyjson.com/66.33.22.2:443 with timeout 30000
18:58:46.001 [main] DEBUG org.apache.http.conn.ssl.SSLConnectionSocketFactory -- Enabled protocols: [TLSv1.3, TLSv1.2]
18:58:46.002 [main] DEBUG org.apache.http.conn.ssl.SSLConnectionSocketFactory -- Enabled cipher suites:[TLS_AES_256_GCM_SHA384, TLS_AES_128_GCM_SHA256, TLS_CHACHA20_POLY1305_SHA256, TLS_ECDHE_ECDSA_WITH_AES_256_GCM_SHA384, TLS_ECDHE_ECDSA_WITH_AES_128_GCM_SHA256, TLS_ECDHE_ECDSA_WITH_CHACHA20_POLY1305_SHA256, TLS_ECDHE_RSA_WITH_AES_256_GCM_SHA384, TLS_ECDHE_RSA_WITH_CHACHA20_POLY1305_SHA256, TLS_ECDHE_RSA_WITH_AES_128_GCM_SHA256, TLS_DHE_RSA_WITH_AES_256_GCM_SHA384, TLS_DHE_RSA_WITH_CHACHA20_POLY1305_SHA256, TLS_DHE_DSS_WITH_AES_256_GCM_SHA384, TLS_DHE_RSA_WITH_AES_128_GCM_SHA256, TLS_DHE_DSS_WITH_AES_128_GCM_SHA256, TLS_ECDHE_ECDSA_WITH_AES_256_CBC_SHA384, TLS_ECDHE_RSA_WITH_AES_256_CBC_SHA384, TLS_ECDHE_ECDSA_WITH_AES_128_CBC_SHA256, TLS_ECDHE_RSA_WITH_AES_128_CBC_SHA256, TLS_DHE_RSA_WITH_AES_256_CBC_SHA256, TLS_DHE_DSS_WITH_AES_256_CBC_SHA256, TLS_DHE_RSA_WITH_AES_128_CBC_SHA256, TLS_DHE_DSS_WITH_AES_128_CBC_SHA256, TLS_ECDHE_ECDSA_WITH_AES_256_CBC_SHA, TLS_ECDHE_RSA_WITH_AES_256_CBC_SHA, TLS_ECDHE_ECDSA_WITH_AES_128_CBC_SHA, TLS_ECDHE_RSA_WITH_AES_128_CBC_SHA, TLS_DHE_RSA_WITH_AES_256_CBC_SHA, TLS_DHE_DSS_WITH_AES_256_CBC_SHA, TLS_DHE_RSA_WITH_AES_128_CBC_SHA, TLS_DHE_DSS_WITH_AES_128_CBC_SHA, TLS_RSA_WITH_AES_256_GCM_SHA384, TLS_RSA_WITH_AES_128_GCM_SHA256, TLS_RSA_WITH_AES_256_CBC_SHA256, TLS_RSA_WITH_AES_128_CBC_SHA256, TLS_RSA_WITH_AES_256_CBC_SHA, TLS_RSA_WITH_AES_128_CBC_SHA, TLS_EMPTY_RENEGOTIATION_INFO_SCSV]
18:58:46.002 [main] DEBUG org.apache.http.conn.ssl.SSLConnectionSocketFactory -- Starting handshake
18:58:46.032 [main] DEBUG org.apache.http.conn.ssl.SSLConnectionSocketFactory -- Secure session established
18:58:46.032 [main] DEBUG org.apache.http.conn.ssl.SSLConnectionSocketFactory --  negotiated protocol: TLSv1.3
18:58:46.032 [main] DEBUG org.apache.http.conn.ssl.SSLConnectionSocketFactory --  negotiated cipher suite: TLS_AES_128_GCM_SHA256
18:58:46.032 [main] DEBUG org.apache.http.conn.ssl.SSLConnectionSocketFactory --  peer principal: CN=dummyjson.com
18:58:46.032 [main] DEBUG org.apache.http.conn.ssl.SSLConnectionSocketFactory --  peer alternative names: [dummyjson.com]
18:58:46.032 [main] DEBUG org.apache.http.conn.ssl.SSLConnectionSocketFactory --  issuer principal: CN=R11, O=Let's Encrypt, C=US
18:58:46.032 [main] DEBUG org.apache.http.impl.conn.DefaultHttpClientConnectionOperator -- Connection established 192.168.1.4:54546<->66.33.22.2:443
18:58:46.032 [main] DEBUG org.apache.http.impl.conn.DefaultManagedHttpClientConnection -- http-outgoing-5: set socket timeout to 30000
18:58:46.032 [main] DEBUG org.apache.http.impl.execchain.MainClientExec -- Executing request DELETE /carts/1 HTTP/1.1
18:58:46.032 [main] DEBUG org.apache.http.impl.execchain.MainClientExec -- Target auth state: UNCHALLENGED
18:58:46.032 [main] DEBUG org.apache.http.impl.execchain.MainClientExec -- Proxy auth state: UNCHALLENGED
18:58:46.032 [main] DEBUG org.apache.http.headers -- http-outgoing-5 >> DELETE /carts/1 HTTP/1.1
18:58:46.032 [main] DEBUG org.apache.http.headers -- http-outgoing-5 >> Host: dummyjson.com
18:58:46.032 [main] DEBUG org.apache.http.headers -- http-outgoing-5 >> Connection: Keep-Alive
18:58:46.032 [main] DEBUG org.apache.http.headers -- http-outgoing-5 >> User-Agent: Apache-HttpClient/4.5.14 (Java/21.0.8)
18:58:46.032 [main] DEBUG org.apache.http.headers -- http-outgoing-5 >> Accept-Encoding: gzip,deflate
18:58:46.032 [main] DEBUG org.apache.http.wire -- http-outgoing-5 >> "DELETE /carts/1 HTTP/1.1[\r][\n]"
18:58:46.032 [main] DEBUG org.apache.http.wire -- http-outgoing-5 >> "Host: dummyjson.com[\r][\n]"
18:58:46.032 [main] DEBUG org.apache.http.wire -- http-outgoing-5 >> "Connection: Keep-Alive[\r][\n]"
18:58:46.032 [main] DEBUG org.apache.http.wire -- http-outgoing-5 >> "User-Agent: Apache-HttpClient/4.5.14 (Java/21.0.8)[\r][\n]"
18:58:46.032 [main] DEBUG org.apache.http.wire -- http-outgoing-5 >> "Accept-Encoding: gzip,deflate[\r][\n]"
18:58:46.032 [main] DEBUG org.apache.http.wire -- http-outgoing-5 >> "[\r][\n]"
18:58:46.054 [main] DEBUG org.apache.http.wire -- http-outgoing-5 << "HTTP/1.1 200 OK[\r][\n]"
18:58:46.054 [main] DEBUG org.apache.http.wire -- http-outgoing-5 << "Access-Control-Allow-Origin: *[\r][\n]"
18:58:46.054 [main] DEBUG org.apache.http.wire -- http-outgoing-5 << "Content-Encoding: gzip[\r][\n]"
18:58:46.054 [main] DEBUG org.apache.http.wire -- http-outgoing-5 << "Content-Type: application/json; charset=utf-8[\r][\n]"
18:58:46.054 [main] DEBUG org.apache.http.wire -- http-outgoing-5 << "Date: Sat, 02 Aug 2025 11:58:46 GMT[\r][\n]"
18:58:46.054 [main] DEBUG org.apache.http.wire -- http-outgoing-5 << "Etag: W/"499-d0+/B6dbFRNqeQFp6sB8jhUNNJc"[\r][\n]"
18:58:46.054 [main] DEBUG org.apache.http.wire -- http-outgoing-5 << "Server: railway-edge[\r][\n]"
18:58:46.054 [main] DEBUG org.apache.http.wire -- http-outgoing-5 << "Strict-Transport-Security: max-age=15552000; includeSubDomains[\r][\n]"
18:58:46.054 [main] DEBUG org.apache.http.wire -- http-outgoing-5 << "Vary: Accept-Encoding[\r][\n]"
18:58:46.054 [main] DEBUG org.apache.http.wire -- http-outgoing-5 << "X-Content-Type-Options: nosniff[\r][\n]"
18:58:46.054 [main] DEBUG org.apache.http.wire -- http-outgoing-5 << "X-Dns-Prefetch-Control: off[\r][\n]"
18:58:46.054 [main] DEBUG org.apache.http.wire -- http-outgoing-5 << "X-Download-Options: noopen[\r][\n]"
18:58:46.054 [main] DEBUG org.apache.http.wire -- http-outgoing-5 << "X-Frame-Options: SAMEORIGIN[\r][\n]"
18:58:46.054 [main] DEBUG org.apache.http.wire -- http-outgoing-5 << "X-Powered-By: Cats on Keyboards[\r][\n]"
18:58:46.054 [main] DEBUG org.apache.http.wire -- http-outgoing-5 << "X-Railway-Edge: railway/asia-southeast1-eqsg3a[\r][\n]"
18:58:46.054 [main] DEBUG org.apache.http.wire -- http-outgoing-5 << "X-Railway-Request-Id: OcZCDILAQvKUa1MqacI7Nw[\r][\n]"
18:58:46.054 [main] DEBUG org.apache.http.wire -- http-outgoing-5 << "X-Ratelimit-Limit: 100[\r][\n]"
18:58:46.054 [main] DEBUG org.apache.http.wire -- http-outgoing-5 << "X-Ratelimit-Remaining: 97[\r][\n]"
18:58:46.054 [main] DEBUG org.apache.http.wire -- http-outgoing-5 << "X-Ratelimit-Reset: 1754135936[\r][\n]"
18:58:46.054 [main] DEBUG org.apache.http.wire -- http-outgoing-5 << "X-Xss-Protection: 1; mode=block[\r][\n]"
18:58:46.054 [main] DEBUG org.apache.http.wire -- http-outgoing-5 << "Transfer-Encoding: chunked[\r][\n]"
18:58:46.054 [main] DEBUG org.apache.http.wire -- http-outgoing-5 << "[\r][\n]"
18:58:46.054 [main] DEBUG org.apache.http.headers -- http-outgoing-5 << HTTP/1.1 200 OK
18:58:46.054 [main] DEBUG org.apache.http.headers -- http-outgoing-5 << Access-Control-Allow-Origin: *
18:58:46.054 [main] DEBUG org.apache.http.headers -- http-outgoing-5 << Content-Encoding: gzip
18:58:46.054 [main] DEBUG org.apache.http.headers -- http-outgoing-5 << Content-Type: application/json; charset=utf-8
18:58:46.054 [main] DEBUG org.apache.http.headers -- http-outgoing-5 << Date: Sat, 02 Aug 2025 11:58:46 GMT
18:58:46.054 [main] DEBUG org.apache.http.headers -- http-outgoing-5 << Etag: W/"499-d0+/B6dbFRNqeQFp6sB8jhUNNJc"
18:58:46.054 [main] DEBUG org.apache.http.headers -- http-outgoing-5 << Server: railway-edge
18:58:46.054 [main] DEBUG org.apache.http.headers -- http-outgoing-5 << Strict-Transport-Security: max-age=15552000; includeSubDomains
18:58:46.055 [main] DEBUG org.apache.http.headers -- http-outgoing-5 << Vary: Accept-Encoding
18:58:46.055 [main] DEBUG org.apache.http.headers -- http-outgoing-5 << X-Content-Type-Options: nosniff
18:58:46.055 [main] DEBUG org.apache.http.headers -- http-outgoing-5 << X-Dns-Prefetch-Control: off
18:58:46.055 [main] DEBUG org.apache.http.headers -- http-outgoing-5 << X-Download-Options: noopen
18:58:46.055 [main] DEBUG org.apache.http.headers -- http-outgoing-5 << X-Frame-Options: SAMEORIGIN
18:58:46.055 [main] DEBUG org.apache.http.headers -- http-outgoing-5 << X-Powered-By: Cats on Keyboards
18:58:46.055 [main] DEBUG org.apache.http.headers -- http-outgoing-5 << X-Railway-Edge: railway/asia-southeast1-eqsg3a
18:58:46.055 [main] DEBUG org.apache.http.headers -- http-outgoing-5 << X-Railway-Request-Id: OcZCDILAQvKUa1MqacI7Nw
18:58:46.055 [main] DEBUG org.apache.http.headers -- http-outgoing-5 << X-Ratelimit-Limit: 100
18:58:46.055 [main] DEBUG org.apache.http.headers -- http-outgoing-5 << X-Ratelimit-Remaining: 97
18:58:46.055 [main] DEBUG org.apache.http.headers -- http-outgoing-5 << X-Ratelimit-Reset: 1754135936
18:58:46.055 [main] DEBUG org.apache.http.headers -- http-outgoing-5 << X-Xss-Protection: 1; mode=block
18:58:46.055 [main] DEBUG org.apache.http.headers -- http-outgoing-5 << Transfer-Encoding: chunked
18:58:46.055 [main] DEBUG org.apache.http.impl.execchain.MainClientExec -- Connection can be kept alive indefinitely
18:58:46.055 [main] DEBUG org.apache.http.wire -- http-outgoing-5 << "203[\r][\n]"
18:58:46.055 [main] DEBUG org.apache.http.wire -- http-outgoing-5 << "[0x1f][0x8b][0x8][0x0][0x0][0x0][0x0][0x0][0x0][0x3][0x9d][0xd4][0xcf]o[0x9b]0[0x14][0x7][0xf0][0x5]=[0x89][0x1b]1[0xb6][0xf9]e[0xfb][0xd6]-S[0xd5][0xc3][0xd4][0xac][0x89][0xd4]j[0xd3][0xe].<%[0xee][0x0]3cZEU[0xff][0xf7][0x89]$[\r]U[0x96]\[0xca][\r]?@[0xef][0xf3][0xf5]3[0xaf]`*P,[0x82][0xce][0xd9]j(}[0xf][0xea][0xd7][0xeb]~-[0x17][0x11]x[0xe3]k[0x4][0x5]_7[0xda][0xad][0xd1][0x5][0xcb][0x87]Upw?[0x87][0xf1]yS"[0xa8][0x84]K)[0x89][0x94][0x11][0xfc][0x1d]t[0xeb][0x8d][0xdf][0x82]J"[0xf0][0xd6][0xeb][0x1a][0x94][0x14][0xbb]j[0x11]Ae[0xfa][0xd2][0xe][0xad]_[0xa0]+[0xb1][0xf5]z[0x8d][0xa0]XB[0x12]9[0x95][0xb0]Z[0xed][0xdf][0x12]Y[0x91]&D[0x14][0x11][0xf8][0xcd][0xd0]<[0xb6][0xda][0xd4][0xa0]`[0xe3]}[0xd7][0xab]8.[0xab][0x96]TC[0xd3]l[0x9f]z[0xdb][0x92][0xd2]6[0xf1]{[0xeb][0xb1]i[0xf4][0x1a][0xfb][0xf8][0x19]7[0xa6][0xac]1>4[0x1d]r[0xba]|X[0x85][0x9c][0xde][0xdd][0xcf][0xe3][0xe3][0x17]I[0xd7][0xae][0xe1]-[0xda][[0x8b][0xf][0xd4][0xab][0xae][0xab]1[0xf8][0xae][0xcb]/[0xd6][0xfe][0x9][0x16][0xce][0x6],[\r]n[0xda]r[0x13],;]bp[0xed]p;[0xf9][0xd9][0xff]|~[0xe4]'[0xbb][0xa2][0xb8][0xa0][0x17]$[0xe3]g[0xf4][0x9][0xcf]$a[0xe2][0xb3][0xf8]Zw[0xde]v}[0xbc]c[0x84][0x9c][0x1e] ![0xa7][0xb]gCNY[0x1a]r:r[0xc6]XFP[0xc8][0xe9]H[0xba][0x90][0xc][0x13][0xc9][0x14][0xcd][0xb5]Cl[0x83][0xdb]g][0x7][0xdf][0xb4]s[0xa6]]OA[0xf0][0xf4]$[0x86][0xec][0x18][0x3][0x1b]k[0xa9][0xfc]p[0x9d]O$'\[0x9c][0x9][0x84][0xb1][0x82][0xb0][0xcf][0xc6][0xf1]b[0x1b]l[0xfb][0xd9][0x13][0xbe]`][0xa3][0xdb][0xc6];C[0xc8][0xe9][0xa8][0x8]9=8.[0xe9])=[0x1d][0x8c]+[0xe3]:[[0xf5][0x1f]&[0x80][0x9f][0xe][0xc0]$[0xcf]SIdva[0xff]9[0x11][0xe9][0x19]n[0x96][0xe7]$[0xfb],[0xb7][0xb1][0x8f][0xa6][0xc6][0x99].K[0xec]{[0xeb][0xc]N[0x83]ph[0xfc]T[0xfa]{[0xda]&[0x9a][0x14]EJDv[0xee]H[0xca]\[0xe4]$[0xcf]"[0x18]zt7[0x15][0xa8][0xe4][0xfd][0x94]/[0x8e]?[0x8e][0xf4][0xb0][0xf2][0xe3][0x98][0x4][0xcb]"0[0xfd][0x1c]k[0xf4]X[0x81][0xf2]n[0xc0][0x8][0xaa][0xfd][0xed]m[0xb][\n]"
18:58:46.055 [main] DEBUG org.apache.http.wire -- http-outgoing-5 << "8[0xe5][0xd9][0x8c][0x8a][0x19][0xe5]+[0xc6]T&T[0x9a][0x13]Z[0xf0][0x9f][0xf0][0xf6][0xf][0x9c][0xce][0x13]l[0x99][0x4][0x0][0x0][\r][\n]"
18:58:46.055 [main] DEBUG org.apache.http.impl.conn.DefaultManagedHttpClientConnection -- http-outgoing-5: Close connection
18:58:46.055 [main] DEBUG org.apache.http.impl.execchain.MainClientExec -- Connection discarded
18:58:46.055 [main] DEBUG org.apache.http.impl.conn.PoolingHttpClientConnectionManager -- Connection released: [id: 5][route: {s}->https://dummyjson.com:443][total available: 0; route allocated: 0 of 5; total allocated: 0 of 10]
18:58:46.055 [main] DEBUG org.apache.http.impl.conn.PoolingHttpClientConnectionManager -- Connection manager is shutting down
18:58:46.055 [main] DEBUG org.apache.http.impl.conn.PoolingHttpClientConnectionManager -- Connection manager shut down
18:58:46.056 [main] DEBUG com.intuit.karate -- response time in milliseconds: 73
1 < 200
1 < Access-Control-Allow-Origin: *
1 < Content-Type: application/json; charset=utf-8
1 < Date: Sat, 02 Aug 2025 11:58:46 GMT
1 < Etag: W/"499-d0+/B6dbFRNqeQFp6sB8jhUNNJc"
1 < Server: railway-edge
1 < Strict-Transport-Security: max-age=15552000; includeSubDomains
1 < Vary: Accept-Encoding
1 < X-Content-Type-Options: nosniff
1 < X-Dns-Prefetch-Control: off
1 < X-Download-Options: noopen
1 < X-Frame-Options: SAMEORIGIN
1 < X-Powered-By: Cats on Keyboards
1 < X-Railway-Edge: railway/asia-southeast1-eqsg3a
1 < X-Railway-Request-Id: OcZCDILAQvKUa1MqacI7Nw
1 < X-Ratelimit-Limit: 100
1 < X-Ratelimit-Remaining: 97
1 < X-Ratelimit-Reset: 1754135936
1 < X-Xss-Protection: 1; mode=block
1 < Transfer-Encoding: chunked
{"id":1,"products":[{"id":168,"title":"Charger SXT RWD","price":32999.99,"quantity":3,"total":98999.97,"discountPercentage":13.39,"discountedTotal":85743.87,"thumbnail":"https://cdn.dummyjson.com/products/images/vehicle/Charger%20SXT%20RWD/thumbnail.png"},{"id":78,"title":"Apple MacBook Pro 14 Inch Space Grey","price":1999.99,"quantity":2,"total":3999.98,"discountPercentage":18.52,"discountedTotal":3259.18,"thumbnail":"https://cdn.dummyjson.com/products/images/laptops/Apple%20MacBook%20Pro%2014%20Inch%20Space%20Grey/thumbnail.png"},{"id":183,"title":"Green Oval Earring","price":24.99,"quantity":5,"total":124.94999999999999,"discountPercentage":6.28,"discountedTotal":117.1,"thumbnail":"https://cdn.dummyjson.com/products/images/womens-jewellery/Green%20Oval%20Earring/thumbnail.png"},{"id":100,"title":"Apple Airpods","price":129.99,"quantity":5,"total":649.95,"discountPercentage":12.84,"discountedTotal":566.5,"thumbnail":"https://cdn.dummyjson.com/products/images/mobile-accessories/Apple%20Airpods/thumbnail.png"}],"total":103774.85,"discountedTotal":89686.65,"userId":33,"totalProducts":4,"totalQuantity":15,"isDeleted":true,"deletedOn":"2025-08-02T11:58:46.072Z"}

18:58:46.057 [main] DEBUG com.jayway.jsonpath.internal.path.CompiledPath -- Evaluating path: $['isDeleted']
18:58:46.058 [main] DEBUG com.jayway.jsonpath.internal.path.CompiledPath -- Evaluating path: $['deletedOn']
18:58:46.058 [main] INFO com.intuit.karate -- [print] {
  "id": 1,
  "products": [
    {
      "id": 168,
      "title": "Charger SXT RWD",
      "price": 32999.99,
      "quantity": 3,
      "total": 98999.97,
      "discountPercentage": 13.39,
      "discountedTotal": 85743.87,
      "thumbnail": "https://cdn.dummyjson.com/products/images/vehicle/Charger%20SXT%20RWD/thumbnail.png"
    },
    {
      "id": 78,
      "title": "Apple MacBook Pro 14 Inch Space Grey",
      "price": 1999.99,
      "quantity": 2,
      "total": 3999.98,
      "discountPercentage": 18.52,
      "discountedTotal": 3259.18,
      "thumbnail": "https://cdn.dummyjson.com/products/images/laptops/Apple%20MacBook%20Pro%2014%20Inch%20Space%20Grey/thumbnail.png"
    },
    {
      "id": 183,
      "title": "Green Oval Earring",
      "price": 24.99,
      "quantity": 5,
      "total": 124.94999999999999,
      "discountPercentage": 6.28,
      "discountedTotal": 117.1,
      "thumbnail": "https://cdn.dummyjson.com/products/images/womens-jewellery/Green%20Oval%20Earring/thumbnail.png"
    },
    {
      "id": 100,
      "title": "Apple Airpods",
      "price": 129.99,
      "quantity": 5,
      "total": 649.95,
      "discountPercentage": 12.84,
      "discountedTotal": 566.5,
      "thumbnail": "https://cdn.dummyjson.com/products/images/mobile-accessories/Apple%20Airpods/thumbnail.png"
    }
  ],
  "total": 103774.85,
  "discountedTotal": 89686.65,
  "userId": 33,
  "totalProducts": 4,
  "totalQuantity": 15,
  "isDeleted": true,
  "deletedOn": "2025-08-02T11:58:46.072Z"
}
 
18:58:46.088 [main] DEBUG org.thymeleaf.TemplateEngine -- [THYMELEAF] INITIALIZING TEMPLATE ENGINE
18:58:46.180 [main] DEBUG org.thymeleaf.TemplateEngine.CONFIG -- Initializing Thymeleaf Template engine configuration...
[THYMELEAF] TEMPLATE ENGINE CONFIGURATION:
[THYMELEAF] * Thymeleaf version: 3.1.2.RELEASE (built 2023-07-30T19:25:50+0000)
[THYMELEAF] * Cache Manager implementation: org.thymeleaf.cache.StandardCacheManager
[THYMELEAF] * Template resolvers:
[THYMELEAF]     * [1] com.intuit.karate.template.ResourceHtmlTemplateResolver
[THYMELEAF] * Message resolvers:
[THYMELEAF]     * org.thymeleaf.messageresolver.StandardMessageResolver
[THYMELEAF] * Link builders:
[THYMELEAF]     * org.thymeleaf.linkbuilder.StandardLinkBuilder
[THYMELEAF] * Dialect [1 of 2]: Standard (com.intuit.karate.template.KarateStandardDialect)
[THYMELEAF]     * Prefix: "th"
[THYMELEAF]     * Processors for Template Mode: HTML
[THYMELEAF]         * Element Tag Processors by [matching element and attribute name] [precedence]:
[THYMELEAF]             * [* {th:include,data-th-include}] [100]: org.thymeleaf.standard.processor.StandardIncludeTagProcessor
[THYMELEAF]             * [* {th:insert,data-th-insert}] [100]: org.thymeleaf.standard.processor.StandardInsertTagProcessor
[THYMELEAF]             * [* {th:replace,data-th-replace}] [100]: org.thymeleaf.standard.processor.StandardReplaceTagProcessor
[THYMELEAF]             * [* {th:each,data-th-each}] [200]: com.intuit.karate.template.KarateEachTagProcessor
[THYMELEAF]             * [* {th:switch,data-th-switch}] [250]: org.thymeleaf.standard.processor.StandardSwitchTagProcessor
[THYMELEAF]             * [* {th:case,data-th-case}] [275]: org.thymeleaf.standard.processor.StandardCaseTagProcessor
[THYMELEAF]             * [* {th:if,data-th-if}] [300]: org.thymeleaf.standard.processor.StandardIfTagProcessor
[THYMELEAF]             * [* {th:unless,data-th-unless}] [400]: org.thymeleaf.standard.processor.StandardUnlessTagProcessor
[THYMELEAF]             * [* {th:object,data-th-object}] [500]: org.thymeleaf.standard.processor.StandardObjectTagProcessor
[THYMELEAF]             * [* {th:with,data-th-with}] [600]: com.intuit.karate.template.KarateWithTagProcessor
[THYMELEAF]             * [* {th:attr,data-th-attr}] [700]: com.intuit.karate.template.KarateAttributeTagProcessor.KarateAttrTagProcessor
[THYMELEAF]             * [* {th:attrappend,data-th-attrappend}] [900]: com.intuit.karate.template.KarateAttributeTagProcessor.KarateAttrappendTagProcessor
[THYMELEAF]             * [* {th:attrprepend,data-th-attrprepend}] [900]: com.intuit.karate.template.KarateAttributeTagProcessor.KarateAttrprependTagProcessor
[THYMELEAF]             * [* {th:alt-title,data-th-alt-title}] [990]: org.thymeleaf.standard.processor.StandardAltTitleTagProcessor
[THYMELEAF]             * [* {th:lang-xmllang,data-th-lang-xmllang}] [990]: org.thymeleaf.standard.processor.StandardLangXmlLangTagProcessor
[THYMELEAF]             * [* {th:action,data-th-action}] [1000]: org.thymeleaf.standard.processor.StandardActionTagProcessor
[THYMELEAF]             * [* {th:selected,data-th-selected}] [1000]: org.thymeleaf.standard.processor.StandardConditionalFixedValueTagProcessor
[THYMELEAF]             * [* {th:formnovalidate,data-th-formnovalidate}] [1000]: org.thymeleaf.standard.processor.StandardConditionalFixedValueTagProcessor
[THYMELEAF]             * [* {th:open,data-th-open}] [1000]: org.thymeleaf.standard.processor.StandardConditionalFixedValueTagProcessor
[THYMELEAF]             * [* {th:loop,data-th-loop}] [1000]: org.thymeleaf.standard.processor.StandardConditionalFixedValueTagProcessor
[THYMELEAF]             * [* {th:autoplay,data-th-autoplay}] [1000]: org.thymeleaf.standard.processor.StandardConditionalFixedValueTagProcessor
[THYMELEAF]             * [* {th:required,data-th-required}] [1000]: org.thymeleaf.standard.processor.StandardConditionalFixedValueTagProcessor
[THYMELEAF]             * [* {th:nowrap,data-th-nowrap}] [1000]: org.thymeleaf.standard.processor.StandardConditionalFixedValueTagProcessor
[THYMELEAF]             * [* {th:scoped,data-th-scoped}] [1000]: org.thymeleaf.standard.processor.StandardConditionalFixedValueTagProcessor
[THYMELEAF]             * [* {th:reversed,data-th-reversed}] [1000]: org.thymeleaf.standard.processor.StandardConditionalFixedValueTagProcessor
[THYMELEAF]             * [* {th:autofocus,data-th-autofocus}] [1000]: org.thymeleaf.standard.processor.StandardConditionalFixedValueTagProcessor
[THYMELEAF]             * [* {th:controls,data-th-controls}] [1000]: org.thymeleaf.standard.processor.StandardConditionalFixedValueTagProcessor
[THYMELEAF]             * [* {th:declare,data-th-declare}] [1000]: org.thymeleaf.standard.processor.StandardConditionalFixedValueTagProcessor
[THYMELEAF]             * [* {th:novalidate,data-th-novalidate}] [1000]: org.thymeleaf.standard.processor.StandardConditionalFixedValueTagProcessor
[THYMELEAF]             * [* {th:async,data-th-async}] [1000]: org.thymeleaf.standard.processor.StandardConditionalFixedValueTagProcessor
[THYMELEAF]             * [* {th:default,data-th-default}] [1000]: org.thymeleaf.standard.processor.StandardConditionalFixedValueTagProcessor
[THYMELEAF]             * [* {th:hidden,data-th-hidden}] [1000]: org.thymeleaf.standard.processor.StandardConditionalFixedValueTagProcessor
[THYMELEAF]             * [* {th:pubdate,data-th-pubdate}] [1000]: org.thymeleaf.standard.processor.StandardConditionalFixedValueTagProcessor
[THYMELEAF]             * [* {th:defer,data-th-defer}] [1000]: org.thymeleaf.standard.processor.StandardConditionalFixedValueTagProcessor
[THYMELEAF]             * [* {th:seamless,data-th-seamless}] [1000]: org.thymeleaf.standard.processor.StandardConditionalFixedValueTagProcessor
[THYMELEAF]             * [* {th:multiple,data-th-multiple}] [1000]: org.thymeleaf.standard.processor.StandardConditionalFixedValueTagProcessor
[THYMELEAF]             * [* {th:readonly,data-th-readonly}] [1000]: org.thymeleaf.standard.processor.StandardConditionalFixedValueTagProcessor
[THYMELEAF]             * [* {th:disabled,data-th-disabled}] [1000]: org.thymeleaf.standard.processor.StandardConditionalFixedValueTagProcessor
[THYMELEAF]             * [* {th:ismap,data-th-ismap}] [1000]: org.thymeleaf.standard.processor.StandardConditionalFixedValueTagProcessor
[THYMELEAF]             * [* {th:checked,data-th-checked}] [1000]: org.thymeleaf.standard.processor.StandardConditionalFixedValueTagProcessor
[THYMELEAF]             * [* {th:onmousemove,data-th-onmousemove}] [1000]: org.thymeleaf.standard.processor.StandardDOMEventAttributeTagProcessor
[THYMELEAF]             * [* {th:onpause,data-th-onpause}] [1000]: org.thymeleaf.standard.processor.StandardDOMEventAttributeTagProcessor
[THYMELEAF]             * [* {th:onundo,data-th-onundo}] [1000]: org.thymeleaf.standard.processor.StandardDOMEventAttributeTagProcessor
[THYMELEAF]             * [* {th:ondragover,data-th-ondragover}] [1000]: org.thymeleaf.standard.processor.StandardDOMEventAttributeTagProcessor
[THYMELEAF]             * [* {th:onplay,data-th-onplay}] [1000]: org.thymeleaf.standard.processor.StandardDOMEventAttributeTagProcessor
[THYMELEAF]             * [* {th:oncanplay,data-th-oncanplay}] [1000]: org.thymeleaf.standard.processor.StandardDOMEventAttributeTagProcessor
[THYMELEAF]             * [* {th:onkeydown,data-th-onkeydown}] [1000]: org.thymeleaf.standard.processor.StandardDOMEventAttributeTagProcessor
[THYMELEAF]             * [* {th:onstorage,data-th-onstorage}] [1000]: org.thymeleaf.standard.processor.StandardDOMEventAttributeTagProcessor
[THYMELEAF]             * [* {th:onmouseout,data-th-onmouseout}] [1000]: org.thymeleaf.standard.processor.StandardDOMEventAttributeTagProcessor
[THYMELEAF]             * [* {th:onpopstate,data-th-onpopstate}] [1000]: org.thymeleaf.standard.processor.StandardDOMEventAttributeTagProcessor
[THYMELEAF]             * [* {th:onsubmit,data-th-onsubmit}] [1000]: org.thymeleaf.standard.processor.StandardDOMEventAttributeTagProcessor
[THYMELEAF]             * [* {th:oninvalid,data-th-oninvalid}] [1000]: org.thymeleaf.standard.processor.StandardDOMEventAttributeTagProcessor
[THYMELEAF]             * [* {th:ontimeupdate,data-th-ontimeupdate}] [1000]: org.thymeleaf.standard.processor.StandardDOMEventAttributeTagProcessor
[THYMELEAF]             * [* {th:onbeforeprint,data-th-onbeforeprint}] [1000]: org.thymeleaf.standard.processor.StandardDOMEventAttributeTagProcessor
[THYMELEAF]             * [* {th:onreadystatechange,data-th-onreadystatechange}] [1000]: org.thymeleaf.standard.processor.StandardDOMEventAttributeTagProcessor
[THYMELEAF]             * [* {th:onshow,data-th-onshow}] [1000]: org.thymeleaf.standard.processor.StandardDOMEventAttributeTagProcessor
[THYMELEAF]             * [* {th:onabort,data-th-onabort}] [1000]: org.thymeleaf.standard.processor.StandardDOMEventAttributeTagProcessor
[THYMELEAF]             * [* {th:onended,data-th-onended}] [1000]: org.thymeleaf.standard.processor.StandardDOMEventAttributeTagProcessor
[THYMELEAF]             * [* {th:ondurationchange,data-th-ondurationchange}] [1000]: org.thymeleaf.standard.processor.StandardDOMEventAttributeTagProcessor
[THYMELEAF]             * [* {th:onemptied,data-th-onemptied}] [1000]: org.thymeleaf.standard.processor.StandardDOMEventAttributeTagProcessor
[THYMELEAF]             * [* {th:onmessage,data-th-onmessage}] [1000]: org.thymeleaf.standard.processor.StandardDOMEventAttributeTagProcessor
[THYMELEAF]             * [* {th:onbeforeunload,data-th-onbeforeunload}] [1000]: org.thymeleaf.standard.processor.StandardDOMEventAttributeTagProcessor
[THYMELEAF]             * [* {th:onmousewheel,data-th-onmousewheel}] [1000]: org.thymeleaf.standard.processor.StandardDOMEventAttributeTagProcessor
[THYMELEAF]             * [* {th:onerror,data-th-onerror}] [1000]: org.thymeleaf.standard.processor.StandardDOMEventAttributeTagProcessor
[THYMELEAF]             * [* {th:ondrag,data-th-ondrag}] [1000]: org.thymeleaf.standard.processor.StandardDOMEventAttributeTagProcessor
[THYMELEAF]             * [* {th:ondragend,data-th-ondragend}] [1000]: org.thymeleaf.standard.processor.StandardDOMEventAttributeTagProcessor
[THYMELEAF]             * [* {th:onformchange,data-th-onformchange}] [1000]: org.thymeleaf.standard.processor.StandardDOMEventAttributeTagProcessor
[THYMELEAF]             * [* {th:onafterprint,data-th-onafterprint}] [1000]: org.thymeleaf.standard.processor.StandardDOMEventAttributeTagProcessor
[THYMELEAF]             * [* {th:onstalled,data-th-onstalled}] [1000]: org.thymeleaf.standard.processor.StandardDOMEventAttributeTagProcessor
[THYMELEAF]             * [* {th:ondragstart,data-th-ondragstart}] [1000]: org.thymeleaf.standard.processor.StandardDOMEventAttributeTagProcessor
[THYMELEAF]             * [* {th:onplaying,data-th-onplaying}] [1000]: org.thymeleaf.standard.processor.StandardDOMEventAttributeTagProcessor
[THYMELEAF]             * [* {th:onhashchange,data-th-onhashchange}] [1000]: org.thymeleaf.standard.processor.StandardDOMEventAttributeTagProcessor
[THYMELEAF]             * [* {th:oncontextmenu,data-th-oncontextmenu}] [1000]: org.thymeleaf.standard.processor.StandardDOMEventAttributeTagProcessor
[THYMELEAF]             * [* {th:onkeyup,data-th-onkeyup}] [1000]: org.thymeleaf.standard.processor.StandardDOMEventAttributeTagProcessor
[THYMELEAF]             * [* {th:onunload,data-th-onunload}] [1000]: org.thymeleaf.standard.processor.StandardDOMEventAttributeTagProcessor
[THYMELEAF]             * [* {th:onforminput,data-th-onforminput}] [1000]: org.thymeleaf.standard.processor.StandardDOMEventAttributeTagProcessor
[THYMELEAF]             * [* {th:onload,data-th-onload}] [1000]: org.thymeleaf.standard.processor.StandardDOMEventAttributeTagProcessor
[THYMELEAF]             * [* {th:onloadedmetadata,data-th-onloadedmetadata}] [1000]: org.thymeleaf.standard.processor.StandardDOMEventAttributeTagProcessor
[THYMELEAF]             * [* {th:onloadstart,data-th-onloadstart}] [1000]: org.thymeleaf.standard.processor.StandardDOMEventAttributeTagProcessor
[THYMELEAF]             * [* {th:onfocus,data-th-onfocus}] [1000]: org.thymeleaf.standard.processor.StandardDOMEventAttributeTagProcessor
[THYMELEAF]             * [* {th:onseeking,data-th-onseeking}] [1000]: org.thymeleaf.standard.processor.StandardDOMEventAttributeTagProcessor
[THYMELEAF]             * [* {th:onclick,data-th-onclick}] [1000]: org.thymeleaf.standard.processor.StandardDOMEventAttributeTagProcessor
[THYMELEAF]             * [* {th:onseeked,data-th-onseeked}] [1000]: org.thymeleaf.standard.processor.StandardDOMEventAttributeTagProcessor
[THYMELEAF]             * [* {th:onratechange,data-th-onratechange}] [1000]: org.thymeleaf.standard.processor.StandardDOMEventAttributeTagProcessor
[THYMELEAF]             * [* {th:onselect,data-th-onselect}] [1000]: org.thymeleaf.standard.processor.StandardDOMEventAttributeTagProcessor
[THYMELEAF]             * [* {th:onblur,data-th-onblur}] [1000]: org.thymeleaf.standard.processor.StandardDOMEventAttributeTagProcessor
[THYMELEAF]             * [* {th:onmouseover,data-th-onmouseover}] [1000]: org.thymeleaf.standard.processor.StandardDOMEventAttributeTagProcessor
[THYMELEAF]             * [* {th:ondragleave,data-th-ondragleave}] [1000]: org.thymeleaf.standard.processor.StandardDOMEventAttributeTagProcessor
[THYMELEAF]             * [* {th:ondrop,data-th-ondrop}] [1000]: org.thymeleaf.standard.processor.StandardDOMEventAttributeTagProcessor
[THYMELEAF]             * [* {th:onsuspend,data-th-onsuspend}] [1000]: org.thymeleaf.standard.processor.StandardDOMEventAttributeTagProcessor
[THYMELEAF]             * [* {th:onvolumechange,data-th-onvolumechange}] [1000]: org.thymeleaf.standard.processor.StandardDOMEventAttributeTagProcessor
[THYMELEAF]             * [* {th:onscroll,data-th-onscroll}] [1000]: org.thymeleaf.standard.processor.StandardDOMEventAttributeTagProcessor
[THYMELEAF]             * [* {th:ondragenter,data-th-ondragenter}] [1000]: org.thymeleaf.standard.processor.StandardDOMEventAttributeTagProcessor
[THYMELEAF]             * [* {th:oninput,data-th-oninput}] [1000]: org.thymeleaf.standard.processor.StandardDOMEventAttributeTagProcessor
[THYMELEAF]             * [* {th:onmouseup,data-th-onmouseup}] [1000]: org.thymeleaf.standard.processor.StandardDOMEventAttributeTagProcessor
[THYMELEAF]             * [* {th:onprogress,data-th-onprogress}] [1000]: org.thymeleaf.standard.processor.StandardDOMEventAttributeTagProcessor
[THYMELEAF]             * [* {th:onreset,data-th-onreset}] [1000]: org.thymeleaf.standard.processor.StandardDOMEventAttributeTagProcessor
[THYMELEAF]             * [* {th:onkeypress,data-th-onkeypress}] [1000]: org.thymeleaf.standard.processor.StandardDOMEventAttributeTagProcessor
[THYMELEAF]             * [* {th:onwaiting,data-th-onwaiting}] [1000]: org.thymeleaf.standard.processor.StandardDOMEventAttributeTagProcessor
[THYMELEAF]             * [* {th:oncanplaythrough,data-th-oncanplaythrough}] [1000]: org.thymeleaf.standard.processor.StandardDOMEventAttributeTagProcessor
[THYMELEAF]             * [* {th:onredo,data-th-onredo}] [1000]: org.thymeleaf.standard.processor.StandardDOMEventAttributeTagProcessor
[THYMELEAF]             * [* {th:onresize,data-th-onresize}] [1000]: org.thymeleaf.standard.processor.StandardDOMEventAttributeTagProcessor
[THYMELEAF]             * [* {th:onmousedown,data-th-onmousedown}] [1000]: org.thymeleaf.standard.processor.StandardDOMEventAttributeTagProcessor
[THYMELEAF]             * [* {th:onloadeddata,data-th-onloadeddata}] [1000]: org.thymeleaf.standard.processor.StandardDOMEventAttributeTagProcessor
[THYMELEAF]             * [* {th:ondblclick,data-th-ondblclick}] [1000]: org.thymeleaf.standard.processor.StandardDOMEventAttributeTagProcessor
[THYMELEAF]             * [* {th:ononline,data-th-ononline}] [1000]: org.thymeleaf.standard.processor.StandardDOMEventAttributeTagProcessor
[THYMELEAF]             * [* {th:onoffline,data-th-onoffline}] [1000]: org.thymeleaf.standard.processor.StandardDOMEventAttributeTagProcessor
[THYMELEAF]             * [* {th:onchange,data-th-onchange}] [1000]: org.thymeleaf.standard.processor.StandardDOMEventAttributeTagProcessor
[THYMELEAF]             * [* {th:href,data-th-href}] [1000]: org.thymeleaf.standard.processor.StandardHrefTagProcessor
[THYMELEAF]             * [* {th:inline,data-th-inline}] [1000]: org.thymeleaf.standard.processor.StandardInlineHTMLTagProcessor
[THYMELEAF]             * [* {th:method,data-th-method}] [1000]: org.thymeleaf.standard.processor.StandardMethodTagProcessor
[THYMELEAF]             * [* {th:type,data-th-type}] [1000]: org.thymeleaf.standard.processor.StandardNonRemovableAttributeTagProcessor
[THYMELEAF]             * [* {th:name,data-th-name}] [1000]: org.thymeleaf.standard.processor.StandardNonRemovableAttributeTagProcessor
[THYMELEAF]             * [* {th:autocomplete,data-th-autocomplete}] [1000]: org.thymeleaf.standard.processor.StandardRemovableAttributeTagProcessor
[THYMELEAF]             * [* {th:id,data-th-id}] [1000]: org.thymeleaf.standard.processor.StandardRemovableAttributeTagProcessor
[THYMELEAF]             * [* {th:bgcolor,data-th-bgcolor}] [1000]: org.thymeleaf.standard.processor.StandardRemovableAttributeTagProcessor
[THYMELEAF]             * [* {th:headers,data-th-headers}] [1000]: org.thymeleaf.standard.processor.StandardRemovableAttributeTagProcessor
[THYMELEAF]             * [* {th:draggable,data-th-draggable}] [1000]: org.thymeleaf.standard.processor.StandardRemovableAttributeTagProcessor
[THYMELEAF]             * [* {th:span,data-th-span}] [1000]: org.thymeleaf.standard.processor.StandardRemovableAttributeTagProcessor
[THYMELEAF]             * [* {th:sizes,data-th-sizes}] [1000]: org.thymeleaf.standard.processor.StandardRemovableAttributeTagProcessor
[THYMELEAF]             * [* {th:lang,data-th-lang}] [1000]: org.thymeleaf.standard.processor.StandardRemovableAttributeTagProcessor
[THYMELEAF]             * [* {th:radiogroup,data-th-radiogroup}] [1000]: org.thymeleaf.standard.processor.StandardRemovableAttributeTagProcessor
[THYMELEAF]             * [* {th:contextmenu,data-th-contextmenu}] [1000]: org.thymeleaf.standard.processor.StandardRemovableAttributeTagProcessor
[THYMELEAF]             * [* {th:step,data-th-step}] [1000]: org.thymeleaf.standard.processor.StandardRemovableAttributeTagProcessor
[THYMELEAF]             * [* {th:kind,data-th-kind}] [1000]: org.thymeleaf.standard.processor.StandardRemovableAttributeTagProcessor
[THYMELEAF]             * [* {th:marginwidth,data-th-marginwidth}] [1000]: org.thymeleaf.standard.processor.StandardRemovableAttributeTagProcessor
[THYMELEAF]             * [* {th:vspace,data-th-vspace}] [1000]: org.thymeleaf.standard.processor.StandardRemovableAttributeTagProcessor
[THYMELEAF]             * [* {th:max,data-th-max}] [1000]: org.thymeleaf.standard.processor.StandardRemovableAttributeTagProcessor
[THYMELEAF]             * [* {th:rules,data-th-rules}] [1000]: org.thymeleaf.standard.processor.StandardRemovableAttributeTagProcessor
[THYMELEAF]             * [* {th:cols,data-th-cols}] [1000]: org.thymeleaf.standard.processor.StandardRemovableAttributeTagProcessor
[THYMELEAF]             * [* {th:rev,data-th-rev}] [1000]: org.thymeleaf.standard.processor.StandardRemovableAttributeTagProcessor
[THYMELEAF]             * [* {th:hreflang,data-th-hreflang}] [1000]: org.thymeleaf.standard.processor.StandardRemovableAttributeTagProcessor
[THYMELEAF]             * [* {th:class,data-th-class}] [1000]: org.thymeleaf.standard.processor.StandardRemovableAttributeTagProcessor
[THYMELEAF]             * [* {th:start,data-th-start}] [1000]: org.thymeleaf.standard.processor.StandardRemovableAttributeTagProcessor
[THYMELEAF]             * [* {th:frame,data-th-frame}] [1000]: org.thymeleaf.standard.processor.StandardRemovableAttributeTagProcessor
[THYMELEAF]             * [* {th:title,data-th-title}] [1000]: org.thymeleaf.standard.processor.StandardRemovableAttributeTagProcessor
[THYMELEAF]             * [* {th:charset,data-th-charset}] [1000]: org.thymeleaf.standard.processor.StandardRemovableAttributeTagProcessor
[THYMELEAF]             * [* {th:challenge,data-th-challenge}] [1000]: org.thymeleaf.standard.processor.StandardRemovableAttributeTagProcessor
[THYMELEAF]             * [* {th:formtarget,data-th-formtarget}] [1000]: org.thymeleaf.standard.processor.StandardRemovableAttributeTagProcessor
[THYMELEAF]             * [* {th:scope,data-th-scope}] [1000]: org.thymeleaf.standard.processor.StandardRemovableAttributeTagProcessor
[THYMELEAF]             * [* {th:codetype,data-th-codetype}] [1000]: org.thymeleaf.standard.processor.StandardRemovableAttributeTagProcessor
[THYMELEAF]             * [* {th:for,data-th-for}] [1000]: org.thymeleaf.standard.processor.StandardRemovableAttributeTagProcessor
[THYMELEAF]             * [* {th:hspace,data-th-hspace}] [1000]: org.thymeleaf.standard.processor.StandardRemovableAttributeTagProcessor
[THYMELEAF]             * [* {th:frameborder,data-th-frameborder}] [1000]: org.thymeleaf.standard.processor.StandardRemovableAttributeTagProcessor
[THYMELEAF]             * [* {th:rows,data-th-rows}] [1000]: org.thymeleaf.standard.processor.StandardRemovableAttributeTagProcessor
[THYMELEAF]             * [* {th:size,data-th-size}] [1000]: org.thymeleaf.standard.processor.StandardRemovableAttributeTagProcessor
[THYMELEAF]             * [* {th:rowspan,data-th-rowspan}] [1000]: org.thymeleaf.standard.processor.StandardRemovableAttributeTagProcessor
[THYMELEAF]             * [* {th:scrolling,data-th-scrolling}] [1000]: org.thymeleaf.standard.processor.StandardRemovableAttributeTagProcessor
[THYMELEAF]             * [* {th:label,data-th-label}] [1000]: org.thymeleaf.standard.processor.StandardRemovableAttributeTagProcessor
[THYMELEAF]             * [* {th:abbr,data-th-abbr}] [1000]: org.thymeleaf.standard.processor.StandardRemovableAttributeTagProcessor
[THYMELEAF]             * [* {th:classid,data-th-classid}] [1000]: org.thymeleaf.standard.processor.StandardRemovableAttributeTagProcessor
[THYMELEAF]             * [* {th:contenteditable,data-th-contenteditable}] [1000]: org.thymeleaf.standard.processor.StandardRemovableAttributeTagProcessor
[THYMELEAF]             * [* {th:http-equiv,data-th-http-equiv}] [1000]: org.thymeleaf.standard.processor.StandardRemovableAttributeTagProcessor
[THYMELEAF]             * [* {th:dropzone,data-th-dropzone}] [1000]: org.thymeleaf.standard.processor.StandardRemovableAttributeTagProcessor
[THYMELEAF]             * [* {th:manifest,data-th-manifest}] [1000]: org.thymeleaf.standard.processor.StandardRemovableAttributeTagProcessor
[THYMELEAF]             * [* {th:optimum,data-th-optimum}] [1000]: org.thymeleaf.standard.processor.StandardRemovableAttributeTagProcessor
[THYMELEAF]             * [* {th:longdesc,data-th-longdesc}] [1000]: org.thymeleaf.standard.processor.StandardRemovableAttributeTagProcessor
[THYMELEAF]             * [* {th:marginheight,data-th-marginheight}] [1000]: org.thymeleaf.standard.processor.StandardRemovableAttributeTagProcessor
[THYMELEAF]             * [* {th:colspan,data-th-colspan}] [1000]: org.thymeleaf.standard.processor.StandardRemovableAttributeTagProcessor
[THYMELEAF]             * [* {th:media,data-th-media}] [1000]: org.thymeleaf.standard.processor.StandardRemovableAttributeTagProcessor
[THYMELEAF]             * [* {th:audio,data-th-audio}] [1000]: org.thymeleaf.standard.processor.StandardRemovableAttributeTagProcessor
[THYMELEAF]             * [* {th:datetime,data-th-datetime}] [1000]: org.thymeleaf.standard.processor.StandardRemovableAttributeTagProcessor
[THYMELEAF]             * [* {th:icon,data-th-icon}] [1000]: org.thymeleaf.standard.processor.StandardRemovableAttributeTagProcessor
[THYMELEAF]             * [* {th:summary,data-th-summary}] [1000]: org.thymeleaf.standard.processor.StandardRemovableAttributeTagProcessor
[THYMELEAF]             * [* {th:min,data-th-min}] [1000]: org.thymeleaf.standard.processor.StandardRemovableAttributeTagProcessor
[THYMELEAF]             * [* {th:wrap,data-th-wrap}] [1000]: org.thymeleaf.standard.processor.StandardRemovableAttributeTagProcessor
[THYMELEAF]             * [* {th:dir,data-th-dir}] [1000]: org.thymeleaf.standard.processor.StandardRemovableAttributeTagProcessor
[THYMELEAF]             * [* {th:srclang,data-th-srclang}] [1000]: org.thymeleaf.standard.processor.StandardRemovableAttributeTagProcessor
[THYMELEAF]             * [* {th:usemap,data-th-usemap}] [1000]: org.thymeleaf.standard.processor.StandardRemovableAttributeTagProcessor
[THYMELEAF]             * [* {th:placeholder,data-th-placeholder}] [1000]: org.thymeleaf.standard.processor.StandardRemovableAttributeTagProcessor
[THYMELEAF]             * [* {th:align,data-th-align}] [1000]: org.thymeleaf.standard.processor.StandardRemovableAttributeTagProcessor
[THYMELEAF]             * [* {th:archive,data-th-archive}] [1000]: org.thymeleaf.standard.processor.StandardRemovableAttributeTagProcessor
[THYMELEAF]             * [* {th:tabindex,data-th-tabindex}] [1000]: org.thymeleaf.standard.processor.StandardRemovableAttributeTagProcessor
[THYMELEAF]             * [* {th:border,data-th-border}] [1000]: org.thymeleaf.standard.processor.StandardRemovableAttributeTagProcessor
[THYMELEAF]             * [* {th:accept,data-th-accept}] [1000]: org.thymeleaf.standard.processor.StandardRemovableAttributeTagProcessor
[THYMELEAF]             * [* {th:accesskey,data-th-accesskey}] [1000]: org.thymeleaf.standard.processor.StandardRemovableAttributeTagProcessor
[THYMELEAF]             * [* {th:target,data-th-target}] [1000]: org.thymeleaf.standard.processor.StandardRemovableAttributeTagProcessor
[THYMELEAF]             * [* {th:axis,data-th-axis}] [1000]: org.thymeleaf.standard.processor.StandardRemovableAttributeTagProcessor
[THYMELEAF]             * [* {th:sandbox,data-th-sandbox}] [1000]: org.thymeleaf.standard.processor.StandardRemovableAttributeTagProcessor
[THYMELEAF]             * [* {th:low,data-th-low}] [1000]: org.thymeleaf.standard.processor.StandardRemovableAttributeTagProcessor
[THYMELEAF]             * [* {th:valuetype,data-th-valuetype}] [1000]: org.thymeleaf.standard.processor.StandardRemovableAttributeTagProcessor
[THYMELEAF]             * [* {th:compact,data-th-compact}] [1000]: org.thymeleaf.standard.processor.StandardRemovableAttributeTagProcessor
[THYMELEAF]             * [* {th:style,data-th-style}] [1000]: org.thymeleaf.standard.processor.StandardRemovableAttributeTagProcessor
[THYMELEAF]             * [* {th:scheme,data-th-scheme}] [1000]: org.thymeleaf.standard.processor.StandardRemovableAttributeTagProcessor
[THYMELEAF]             * [* {th:cellpadding,data-th-cellpadding}] [1000]: org.thymeleaf.standard.processor.StandardRemovableAttributeTagProcessor
[THYMELEAF]             * [* {th:alt,data-th-alt}] [1000]: org.thymeleaf.standard.processor.StandardRemovableAttributeTagProcessor
[THYMELEAF]             * [* {th:codebase,data-th-codebase}] [1000]: org.thymeleaf.standard.processor.StandardRemovableAttributeTagProcessor
[THYMELEAF]             * [* {th:high,data-th-high}] [1000]: org.thymeleaf.standard.processor.StandardRemovableAttributeTagProcessor
[THYMELEAF]             * [* {th:keytype,data-th-keytype}] [1000]: org.thymeleaf.standard.processor.StandardRemovableAttributeTagProcessor
[THYMELEAF]             * [* {th:enctype,data-th-enctype}] [1000]: org.thymeleaf.standard.processor.StandardRemovableAttributeTagProcessor
[THYMELEAF]             * [* {th:maxlength,data-th-maxlength}] [1000]: org.thymeleaf.standard.processor.StandardRemovableAttributeTagProcessor
[THYMELEAF]             * [* {th:formenctype,data-th-formenctype}] [1000]: org.thymeleaf.standard.processor.StandardRemovableAttributeTagProcessor
[THYMELEAF]             * [* {th:background,data-th-background}] [1000]: org.thymeleaf.standard.processor.StandardRemovableAttributeTagProcessor
[THYMELEAF]             * [* {th:poster,data-th-poster}] [1000]: org.thymeleaf.standard.processor.StandardRemovableAttributeTagProcessor
[THYMELEAF]             * [* {th:cellspacing,data-th-cellspacing}] [1000]: org.thymeleaf.standard.processor.StandardRemovableAttributeTagProcessor
[THYMELEAF]             * [* {th:content,data-th-content}] [1000]: org.thymeleaf.standard.processor.StandardRemovableAttributeTagProcessor
[THYMELEAF]             * [* {th:height,data-th-height}] [1000]: org.thymeleaf.standard.processor.StandardRemovableAttributeTagProcessor
[THYMELEAF]             * [* {th:standby,data-th-standby}] [1000]: org.thymeleaf.standard.processor.StandardRemovableAttributeTagProcessor
[THYMELEAF]             * [* {th:formmethod,data-th-formmethod}] [1000]: org.thymeleaf.standard.processor.StandardRemovableAttributeTagProcessor
[THYMELEAF]             * [* {th:accept-charset,data-th-accept-charset}] [1000]: org.thymeleaf.standard.processor.StandardRemovableAttributeTagProcessor
[THYMELEAF]             * [* {th:data,data-th-data}] [1000]: org.thymeleaf.standard.processor.StandardRemovableAttributeTagProcessor
[THYMELEAF]             * [* {th:rel,data-th-rel}] [1000]: org.thymeleaf.standard.processor.StandardRemovableAttributeTagProcessor
[THYMELEAF]             * [* {th:formaction,data-th-formaction}] [1000]: org.thymeleaf.standard.processor.StandardRemovableAttributeTagProcessor
[THYMELEAF]             * [* {th:list,data-th-list}] [1000]: org.thymeleaf.standard.processor.StandardRemovableAttributeTagProcessor
[THYMELEAF]             * [* {th:cite,data-th-cite}] [1000]: org.thymeleaf.standard.processor.StandardRemovableAttributeTagProcessor
[THYMELEAF]             * [* {th:spellcheck,data-th-spellcheck}] [1000]: org.thymeleaf.standard.processor.StandardRemovableAttributeTagProcessor
[THYMELEAF]             * [* {th:form,data-th-form}] [1000]: org.thymeleaf.standard.processor.StandardRemovableAttributeTagProcessor
[THYMELEAF]             * [* {th:pattern,data-th-pattern}] [1000]: org.thymeleaf.standard.processor.StandardRemovableAttributeTagProcessor
[THYMELEAF]             * [* {th:preload,data-th-preload}] [1000]: org.thymeleaf.standard.processor.StandardRemovableAttributeTagProcessor
[THYMELEAF]             * [* {th:width,data-th-width}] [1000]: org.thymeleaf.standard.processor.StandardRemovableAttributeTagProcessor
[THYMELEAF]             * [* {th:src,data-th-src}] [1000]: org.thymeleaf.standard.processor.StandardSrcTagProcessor
[THYMELEAF]             * [* {th:value,data-th-value}] [1000]: org.thymeleaf.standard.processor.StandardValueTagProcessor
[THYMELEAF]             * [* {th:xmlbase,data-th-xmlbase}] [1000]: org.thymeleaf.standard.processor.StandardXmlBaseTagProcessor
[THYMELEAF]             * [* {th:xmllang,data-th-xmllang}] [1000]: org.thymeleaf.standard.processor.StandardXmlLangTagProcessor
[THYMELEAF]             * [* {xmlns:th}] [1000]: org.thymeleaf.standard.processor.StandardXmlNsTagProcessor
[THYMELEAF]             * [* {th:xmlspace,data-th-xmlspace}] [1000]: org.thymeleaf.standard.processor.StandardXmlSpaceTagProcessor
[THYMELEAF]             * [* {th:classappend,data-th-classappend}] [1100]: org.thymeleaf.standard.processor.StandardClassappendTagProcessor
[THYMELEAF]             * [* {th:styleappend,data-th-styleappend}] [1100]: org.thymeleaf.standard.processor.StandardStyleappendTagProcessor
[THYMELEAF]             * [* {th:text,data-th-text}] [1300]: org.thymeleaf.standard.processor.StandardTextTagProcessor
[THYMELEAF]             * [* {th:utext,data-th-utext}] [1400]: org.thymeleaf.standard.processor.StandardUtextTagProcessor
[THYMELEAF]             * [* {th:fragment,data-th-fragment}] [1500]: org.thymeleaf.standard.processor.StandardFragmentTagProcessor
[THYMELEAF]             * [* {th:assert,data-th-assert}] [1550]: org.thymeleaf.standard.processor.StandardAssertTagProcessor
[THYMELEAF]             * [* {th:remove,data-th-remove}] [1600]: org.thymeleaf.standard.processor.StandardRemoveTagProcessor
[THYMELEAF]             * [* {th:ref,data-th-ref}] [10000]: org.thymeleaf.standard.processor.StandardRefAttributeTagProcessor
[THYMELEAF]             * [{th:block,th-block} *] [100000]: org.thymeleaf.standard.processor.StandardBlockTagProcessor
[THYMELEAF]             * [* th:*] [2147483647]: org.thymeleaf.standard.processor.StandardDefaultAttributesTagProcessor
[THYMELEAF]         * Text Processors by [precedence]:
[THYMELEAF]             * [1000]: org.thymeleaf.standard.processor.StandardInliningTextProcessor
[THYMELEAF]         * DOCTYPE Processors by [precedence]:
[THYMELEAF]             * [1000]: org.thymeleaf.standard.processor.StandardTranslationDocTypeProcessor
[THYMELEAF]         * CDATA Section Processors by [precedence]:
[THYMELEAF]             * [1000]: org.thymeleaf.standard.processor.StandardInliningCDATASectionProcessor
[THYMELEAF]         * Comment Processors by [precedence]:
[THYMELEAF]             * [1000]: org.thymeleaf.standard.processor.StandardInliningCommentProcessor
[THYMELEAF]             * [1100]: org.thymeleaf.standard.processor.StandardConditionalCommentProcessor
[THYMELEAF]     * Processors for Template Mode: XML
[THYMELEAF]         * Element Tag Processors by [matching element and attribute name] [precedence]:
[THYMELEAF]             * [* {th:include}] [100]: org.thymeleaf.standard.processor.StandardIncludeTagProcessor
[THYMELEAF]             * [* {th:insert}] [100]: org.thymeleaf.standard.processor.StandardInsertTagProcessor
[THYMELEAF]             * [* {th:replace}] [100]: org.thymeleaf.standard.processor.StandardReplaceTagProcessor
[THYMELEAF]             * [* {th:each}] [200]: com.intuit.karate.template.KarateEachTagProcessor
[THYMELEAF]             * [* {th:switch}] [250]: org.thymeleaf.standard.processor.StandardSwitchTagProcessor
[THYMELEAF]             * [* {th:case}] [275]: org.thymeleaf.standard.processor.StandardCaseTagProcessor
[THYMELEAF]             * [* {th:if}] [300]: org.thymeleaf.standard.processor.StandardIfTagProcessor
[THYMELEAF]             * [* {th:unless}] [400]: org.thymeleaf.standard.processor.StandardUnlessTagProcessor
[THYMELEAF]             * [* {th:object}] [500]: org.thymeleaf.standard.processor.StandardObjectTagProcessor
[THYMELEAF]             * [* {th:with}] [600]: com.intuit.karate.template.KarateWithTagProcessor
[THYMELEAF]             * [* {th:attr}] [700]: com.intuit.karate.template.KarateAttributeTagProcessor.KarateAttrTagProcessor
[THYMELEAF]             * [* {th:attrappend}] [900]: com.intuit.karate.template.KarateAttributeTagProcessor.KarateAttrappendTagProcessor
[THYMELEAF]             * [* {th:attrprepend}] [900]: com.intuit.karate.template.KarateAttributeTagProcessor.KarateAttrprependTagProcessor
[THYMELEAF]             * [* {th:inline}] [1000]: org.thymeleaf.standard.processor.StandardInlineXMLTagProcessor
[THYMELEAF]             * [* {xmlns:th}] [1000]: org.thymeleaf.standard.processor.StandardXmlNsTagProcessor
[THYMELEAF]             * [* {th:text}] [1300]: org.thymeleaf.standard.processor.StandardTextTagProcessor
[THYMELEAF]             * [* {th:utext}] [1400]: org.thymeleaf.standard.processor.StandardUtextTagProcessor
[THYMELEAF]             * [* {th:fragment}] [1500]: org.thymeleaf.standard.processor.StandardFragmentTagProcessor
[THYMELEAF]             * [* {th:assert}] [1550]: org.thymeleaf.standard.processor.StandardAssertTagProcessor
[THYMELEAF]             * [* {th:remove}] [1600]: org.thymeleaf.standard.processor.StandardRemoveTagProcessor
[THYMELEAF]             * [* {th:ref}] [10000]: org.thymeleaf.standard.processor.StandardRefAttributeTagProcessor
[THYMELEAF]             * [{th:block} *] [100000]: org.thymeleaf.standard.processor.StandardBlockTagProcessor
[THYMELEAF]             * [* th:*] [2147483647]: org.thymeleaf.standard.processor.StandardDefaultAttributesTagProcessor
[THYMELEAF]         * Text Processors by [precedence]:
[THYMELEAF]             * [1000]: org.thymeleaf.standard.processor.StandardInliningTextProcessor
[THYMELEAF]         * CDATA Section Processors by [precedence]:
[THYMELEAF]             * [1000]: org.thymeleaf.standard.processor.StandardInliningCDATASectionProcessor
[THYMELEAF]         * Comment Processors by [precedence]:
[THYMELEAF]             * [1000]: org.thymeleaf.standard.processor.StandardInliningCommentProcessor
[THYMELEAF]     * Processors for Template Mode: TEXT
[THYMELEAF]         * Element Tag Processors by [matching element and attribute name] [precedence]:
[THYMELEAF]             * [* {th:insert}] [100]: org.thymeleaf.standard.processor.StandardInsertTagProcessor
[THYMELEAF]             * [* {th:replace}] [100]: org.thymeleaf.standard.processor.StandardReplaceTagProcessor
[THYMELEAF]             * [* {th:each}] [200]: com.intuit.karate.template.KarateEachTagProcessor
[THYMELEAF]             * [* {th:switch}] [250]: org.thymeleaf.standard.processor.StandardSwitchTagProcessor
[THYMELEAF]             * [* {th:case}] [275]: org.thymeleaf.standard.processor.StandardCaseTagProcessor
[THYMELEAF]             * [* {th:if}] [300]: org.thymeleaf.standard.processor.StandardIfTagProcessor
[THYMELEAF]             * [* {th:unless}] [400]: org.thymeleaf.standard.processor.StandardUnlessTagProcessor
[THYMELEAF]             * [* {th:object}] [500]: org.thymeleaf.standard.processor.StandardObjectTagProcessor
[THYMELEAF]             * [* {th:with}] [600]: com.intuit.karate.template.KarateWithTagProcessor
[THYMELEAF]             * [* {th:inline}] [1000]: org.thymeleaf.standard.processor.StandardInlineTextualTagProcessor
[THYMELEAF]             * [* {th:text}] [1300]: org.thymeleaf.standard.processor.StandardTextTagProcessor
[THYMELEAF]             * [* {th:utext}] [1400]: org.thymeleaf.standard.processor.StandardUtextTagProcessor
[THYMELEAF]             * [* {th:assert}] [1550]: org.thymeleaf.standard.processor.StandardAssertTagProcessor
[THYMELEAF]             * [* {th:remove}] [1600]: org.thymeleaf.standard.processor.StandardRemoveTagProcessor
[THYMELEAF]             * [* 100000] [org.thymeleaf.standard.processor.StandardBlockTagProcessor]: {}
[THYMELEAF]             * [{th:block} *] [100000]: org.thymeleaf.standard.processor.StandardBlockTagProcessor
[THYMELEAF]         * Text Processors by [precedence]:
[THYMELEAF]             * [1000]: org.thymeleaf.standard.processor.StandardInliningTextProcessor
[THYMELEAF]     * Processors for Template Mode: JAVASCRIPT
[THYMELEAF]         * Element Tag Processors by [matching element and attribute name] [precedence]:
[THYMELEAF]             * [* {th:insert}] [100]: org.thymeleaf.standard.processor.StandardInsertTagProcessor
[THYMELEAF]             * [* {th:replace}] [100]: org.thymeleaf.standard.processor.StandardReplaceTagProcessor
[THYMELEAF]             * [* {th:each}] [200]: com.intuit.karate.template.KarateEachTagProcessor
[THYMELEAF]             * [* {th:switch}] [250]: org.thymeleaf.standard.processor.StandardSwitchTagProcessor
[THYMELEAF]             * [* {th:case}] [275]: org.thymeleaf.standard.processor.StandardCaseTagProcessor
[THYMELEAF]             * [* {th:if}] [300]: org.thymeleaf.standard.processor.StandardIfTagProcessor
[THYMELEAF]             * [* {th:unless}] [400]: org.thymeleaf.standard.processor.StandardUnlessTagProcessor
[THYMELEAF]             * [* {th:object}] [500]: org.thymeleaf.standard.processor.StandardObjectTagProcessor
[THYMELEAF]             * [* {th:with}] [600]: com.intuit.karate.template.KarateWithTagProcessor
[THYMELEAF]             * [* {th:inline}] [1000]: org.thymeleaf.standard.processor.StandardInlineTextualTagProcessor
[THYMELEAF]             * [* {th:text}] [1300]: org.thymeleaf.standard.processor.StandardTextTagProcessor
[THYMELEAF]             * [* {th:utext}] [1400]: org.thymeleaf.standard.processor.StandardUtextTagProcessor
[THYMELEAF]             * [* {th:assert}] [1550]: org.thymeleaf.standard.processor.StandardAssertTagProcessor
[THYMELEAF]             * [* {th:remove}] [1600]: org.thymeleaf.standard.processor.StandardRemoveTagProcessor
[THYMELEAF]             * [{th:block} *] [100000]: org.thymeleaf.standard.processor.StandardBlockTagProcessor
[THYMELEAF]             * [* 100000] [org.thymeleaf.standard.processor.StandardBlockTagProcessor]: {}
[THYMELEAF]         * Text Processors by [precedence]:
[THYMELEAF]             * [1000]: org.thymeleaf.standard.processor.StandardInliningTextProcessor
[THYMELEAF]     * Processors for Template Mode: CSS
[THYMELEAF]         * Element Tag Processors by [matching element and attribute name] [precedence]:
[THYMELEAF]             * [* {th:insert}] [100]: org.thymeleaf.standard.processor.StandardInsertTagProcessor
[THYMELEAF]             * [* {th:replace}] [100]: org.thymeleaf.standard.processor.StandardReplaceTagProcessor
[THYMELEAF]             * [* {th:each}] [200]: com.intuit.karate.template.KarateEachTagProcessor
[THYMELEAF]             * [* {th:switch}] [250]: org.thymeleaf.standard.processor.StandardSwitchTagProcessor
[THYMELEAF]             * [* {th:case}] [275]: org.thymeleaf.standard.processor.StandardCaseTagProcessor
[THYMELEAF]             * [* {th:if}] [300]: org.thymeleaf.standard.processor.StandardIfTagProcessor
[THYMELEAF]             * [* {th:unless}] [400]: org.thymeleaf.standard.processor.StandardUnlessTagProcessor
[THYMELEAF]             * [* {th:object}] [500]: org.thymeleaf.standard.processor.StandardObjectTagProcessor
[THYMELEAF]             * [* {th:with}] [600]: com.intuit.karate.template.KarateWithTagProcessor
[THYMELEAF]             * [* {th:inline}] [1000]: org.thymeleaf.standard.processor.StandardInlineTextualTagProcessor
[THYMELEAF]             * [* {th:text}] [1300]: org.thymeleaf.standard.processor.StandardTextTagProcessor
[THYMELEAF]             * [* {th:utext}] [1400]: org.thymeleaf.standard.processor.StandardUtextTagProcessor
[THYMELEAF]             * [* {th:assert}] [1550]: org.thymeleaf.standard.processor.StandardAssertTagProcessor
[THYMELEAF]             * [* {th:remove}] [1600]: org.thymeleaf.standard.processor.StandardRemoveTagProcessor
[THYMELEAF]             * [* 100000] [org.thymeleaf.standard.processor.StandardBlockTagProcessor]: {}
[THYMELEAF]             * [{th:block} *] [100000]: org.thymeleaf.standard.processor.StandardBlockTagProcessor
[THYMELEAF]         * Text Processors by [precedence]:
[THYMELEAF]             * [1000]: org.thymeleaf.standard.processor.StandardInliningTextProcessor
[THYMELEAF]     * Expression Objects:
[THYMELEAF]         * #ctx
[THYMELEAF]         * #root
[THYMELEAF]         * #vars
[THYMELEAF]         * #object
[THYMELEAF]         * #locale
[THYMELEAF]         * #conversions
[THYMELEAF]         * #uris
[THYMELEAF]         * #temporals
[THYMELEAF]         * #calendars
[THYMELEAF]         * #dates
[THYMELEAF]         * #bools
[THYMELEAF]         * #numbers
[THYMELEAF]         * #objects
[THYMELEAF]         * #strings
[THYMELEAF]         * #arrays
[THYMELEAF]         * #lists
[THYMELEAF]         * #sets
[THYMELEAF]         * #maps
[THYMELEAF]         * #aggregates
[THYMELEAF]         * #messages
[THYMELEAF]         * #ids
[THYMELEAF]         * #execInfo
[THYMELEAF]         * #request
[THYMELEAF]         * #response
[THYMELEAF]         * #session
[THYMELEAF]         * #servletContext
[THYMELEAF]     * Execution Attributes:
[THYMELEAF]         * "StandardExpressionParser": com.intuit.karate.template.KarateStandardDialect@6f85ee02
[THYMELEAF]         * "StandardJavaScriptSerializer": org.thymeleaf.standard.serializer.StandardJavaScriptSerializer@3e43f049
[THYMELEAF]         * "StandardCSSSerializer": org.thymeleaf.standard.serializer.StandardCSSSerializer@147cc940
[THYMELEAF]         * "StandardVariableExpressionEvaluator": com.intuit.karate.template.KarateStandardDialect@6f85ee02
[THYMELEAF]         * "StandardConversionService": org.thymeleaf.standard.expression.StandardConversionService@755a7218
[THYMELEAF] * Dialect [2 of 2]: karate (com.intuit.karate.template.KarateScriptDialect)
[THYMELEAF]     * Prefix: "ka"
[THYMELEAF]     * Processors for Template Mode: HTML
[THYMELEAF]         * Element Tag Processors by [matching element and attribute name] [precedence]:
[THYMELEAF]             * [* {src}] [1000]: com.intuit.karate.template.KaScriptAttrProcessor
[THYMELEAF]         * Element Model Processors by [matching element and attribute name] [precedence]:
[THYMELEAF]             * [{script} {ka:scope,data-ka-scope}] [1000]: com.intuit.karate.template.KaScriptElemProcessor
[THYMELEAF]             * [* {ka:set,data-ka-set}] [1000]: com.intuit.karate.template.KaSetElemProcessor
[THYMELEAF] TEMPLATE ENGINE CONFIGURED OK
18:58:46.181 [main] DEBUG org.thymeleaf.TemplateEngine -- [THYMELEAF] TEMPLATE ENGINE INITIALIZED
---------------------------------------------------------
feature: classpath:dummyjson/Carts.feature
scenarios:  6 | passed:  6 | failed:  0 | time: 1.3994
---------------------------------------------------------

Karate version: 1.4.1
======================================================
elapsed:   2.63 | threads:    1 | thread time: 1.40 
features:     1 | skipped:    0 | efficiency: 0.53
scenarios:    6 | passed:     6 | failed: 0
======================================================
18:58:46.580 [main] DEBUG org.thymeleaf.TemplateEngine -- [THYMELEAF] INITIALIZING TEMPLATE ENGINE
18:58:46.597 [main] DEBUG org.thymeleaf.TemplateEngine.CONFIG -- Initializing Thymeleaf Template engine configuration...
[THYMELEAF] TEMPLATE ENGINE CONFIGURATION:
[THYMELEAF] * Thymeleaf version: 3.1.2.RELEASE (built 2023-07-30T19:25:50+0000)
[THYMELEAF] * Cache Manager implementation: org.thymeleaf.cache.StandardCacheManager
[THYMELEAF] * Template resolvers:
[THYMELEAF]     * [1] com.intuit.karate.template.ResourceHtmlTemplateResolver
[THYMELEAF] * Message resolvers:
[THYMELEAF]     * org.thymeleaf.messageresolver.StandardMessageResolver
[THYMELEAF] * Link builders:
[THYMELEAF]     * org.thymeleaf.linkbuilder.StandardLinkBuilder
[THYMELEAF] * Dialect [1 of 2]: Standard (com.intuit.karate.template.KarateStandardDialect)
[THYMELEAF]     * Prefix: "th"
[THYMELEAF]     * Processors for Template Mode: HTML
[THYMELEAF]         * Element Tag Processors by [matching element and attribute name] [precedence]:
[THYMELEAF]             * [* {th:include,data-th-include}] [100]: org.thymeleaf.standard.processor.StandardIncludeTagProcessor
[THYMELEAF]             * [* {th:insert,data-th-insert}] [100]: org.thymeleaf.standard.processor.StandardInsertTagProcessor
[THYMELEAF]             * [* {th:replace,data-th-replace}] [100]: org.thymeleaf.standard.processor.StandardReplaceTagProcessor
[THYMELEAF]             * [* {th:each,data-th-each}] [200]: com.intuit.karate.template.KarateEachTagProcessor
[THYMELEAF]             * [* {th:switch,data-th-switch}] [250]: org.thymeleaf.standard.processor.StandardSwitchTagProcessor
[THYMELEAF]             * [* {th:case,data-th-case}] [275]: org.thymeleaf.standard.processor.StandardCaseTagProcessor
[THYMELEAF]             * [* {th:if,data-th-if}] [300]: org.thymeleaf.standard.processor.StandardIfTagProcessor
[THYMELEAF]             * [* {th:unless,data-th-unless}] [400]: org.thymeleaf.standard.processor.StandardUnlessTagProcessor
[THYMELEAF]             * [* {th:object,data-th-object}] [500]: org.thymeleaf.standard.processor.StandardObjectTagProcessor
[THYMELEAF]             * [* {th:with,data-th-with}] [600]: com.intuit.karate.template.KarateWithTagProcessor
[THYMELEAF]             * [* {th:attr,data-th-attr}] [700]: com.intuit.karate.template.KarateAttributeTagProcessor.KarateAttrTagProcessor
[THYMELEAF]             * [* {th:attrappend,data-th-attrappend}] [900]: com.intuit.karate.template.KarateAttributeTagProcessor.KarateAttrappendTagProcessor
[THYMELEAF]             * [* {th:attrprepend,data-th-attrprepend}] [900]: com.intuit.karate.template.KarateAttributeTagProcessor.KarateAttrprependTagProcessor
[THYMELEAF]             * [* {th:alt-title,data-th-alt-title}] [990]: org.thymeleaf.standard.processor.StandardAltTitleTagProcessor
[THYMELEAF]             * [* {th:lang-xmllang,data-th-lang-xmllang}] [990]: org.thymeleaf.standard.processor.StandardLangXmlLangTagProcessor
[THYMELEAF]             * [* {th:action,data-th-action}] [1000]: org.thymeleaf.standard.processor.StandardActionTagProcessor
[THYMELEAF]             * [* {th:readonly,data-th-readonly}] [1000]: org.thymeleaf.standard.processor.StandardConditionalFixedValueTagProcessor
[THYMELEAF]             * [* {th:ismap,data-th-ismap}] [1000]: org.thymeleaf.standard.processor.StandardConditionalFixedValueTagProcessor
[THYMELEAF]             * [* {th:defer,data-th-defer}] [1000]: org.thymeleaf.standard.processor.StandardConditionalFixedValueTagProcessor
[THYMELEAF]             * [* {th:required,data-th-required}] [1000]: org.thymeleaf.standard.processor.StandardConditionalFixedValueTagProcessor
[THYMELEAF]             * [* {th:reversed,data-th-reversed}] [1000]: org.thymeleaf.standard.processor.StandardConditionalFixedValueTagProcessor
[THYMELEAF]             * [* {th:controls,data-th-controls}] [1000]: org.thymeleaf.standard.processor.StandardConditionalFixedValueTagProcessor
[THYMELEAF]             * [* {th:checked,data-th-checked}] [1000]: org.thymeleaf.standard.processor.StandardConditionalFixedValueTagProcessor
[THYMELEAF]             * [* {th:declare,data-th-declare}] [1000]: org.thymeleaf.standard.processor.StandardConditionalFixedValueTagProcessor
[THYMELEAF]             * [* {th:seamless,data-th-seamless}] [1000]: org.thymeleaf.standard.processor.StandardConditionalFixedValueTagProcessor
[THYMELEAF]             * [* {th:selected,data-th-selected}] [1000]: org.thymeleaf.standard.processor.StandardConditionalFixedValueTagProcessor
[THYMELEAF]             * [* {th:pubdate,data-th-pubdate}] [1000]: org.thymeleaf.standard.processor.StandardConditionalFixedValueTagProcessor
[THYMELEAF]             * [* {th:novalidate,data-th-novalidate}] [1000]: org.thymeleaf.standard.processor.StandardConditionalFixedValueTagProcessor
[THYMELEAF]             * [* {th:async,data-th-async}] [1000]: org.thymeleaf.standard.processor.StandardConditionalFixedValueTagProcessor
[THYMELEAF]             * [* {th:nowrap,data-th-nowrap}] [1000]: org.thymeleaf.standard.processor.StandardConditionalFixedValueTagProcessor
[THYMELEAF]             * [* {th:scoped,data-th-scoped}] [1000]: org.thymeleaf.standard.processor.StandardConditionalFixedValueTagProcessor
[THYMELEAF]             * [* {th:formnovalidate,data-th-formnovalidate}] [1000]: org.thymeleaf.standard.processor.StandardConditionalFixedValueTagProcessor
[THYMELEAF]             * [* {th:default,data-th-default}] [1000]: org.thymeleaf.standard.processor.StandardConditionalFixedValueTagProcessor
[THYMELEAF]             * [* {th:multiple,data-th-multiple}] [1000]: org.thymeleaf.standard.processor.StandardConditionalFixedValueTagProcessor
[THYMELEAF]             * [* {th:autofocus,data-th-autofocus}] [1000]: org.thymeleaf.standard.processor.StandardConditionalFixedValueTagProcessor
[THYMELEAF]             * [* {th:open,data-th-open}] [1000]: org.thymeleaf.standard.processor.StandardConditionalFixedValueTagProcessor
[THYMELEAF]             * [* {th:loop,data-th-loop}] [1000]: org.thymeleaf.standard.processor.StandardConditionalFixedValueTagProcessor
[THYMELEAF]             * [* {th:hidden,data-th-hidden}] [1000]: org.thymeleaf.standard.processor.StandardConditionalFixedValueTagProcessor
[THYMELEAF]             * [* {th:autoplay,data-th-autoplay}] [1000]: org.thymeleaf.standard.processor.StandardConditionalFixedValueTagProcessor
[THYMELEAF]             * [* {th:disabled,data-th-disabled}] [1000]: org.thymeleaf.standard.processor.StandardConditionalFixedValueTagProcessor
[THYMELEAF]             * [* {th:onkeydown,data-th-onkeydown}] [1000]: org.thymeleaf.standard.processor.StandardDOMEventAttributeTagProcessor
[THYMELEAF]             * [* {th:oncanplay,data-th-oncanplay}] [1000]: org.thymeleaf.standard.processor.StandardDOMEventAttributeTagProcessor
[THYMELEAF]             * [* {th:ondrag,data-th-ondrag}] [1000]: org.thymeleaf.standard.processor.StandardDOMEventAttributeTagProcessor
[THYMELEAF]             * [* {th:onloadeddata,data-th-onloadeddata}] [1000]: org.thymeleaf.standard.processor.StandardDOMEventAttributeTagProcessor
[THYMELEAF]             * [* {th:ondragover,data-th-ondragover}] [1000]: org.thymeleaf.standard.processor.StandardDOMEventAttributeTagProcessor
[THYMELEAF]             * [* {th:onmouseup,data-th-onmouseup}] [1000]: org.thymeleaf.standard.processor.StandardDOMEventAttributeTagProcessor
[THYMELEAF]             * [* {th:onmousedown,data-th-onmousedown}] [1000]: org.thymeleaf.standard.processor.StandardDOMEventAttributeTagProcessor
[THYMELEAF]             * [* {th:onemptied,data-th-onemptied}] [1000]: org.thymeleaf.standard.processor.StandardDOMEventAttributeTagProcessor
[THYMELEAF]             * [* {th:onstorage,data-th-onstorage}] [1000]: org.thymeleaf.standard.processor.StandardDOMEventAttributeTagProcessor
[THYMELEAF]             * [* {th:onchange,data-th-onchange}] [1000]: org.thymeleaf.standard.processor.StandardDOMEventAttributeTagProcessor
[THYMELEAF]             * [* {th:ondblclick,data-th-ondblclick}] [1000]: org.thymeleaf.standard.processor.StandardDOMEventAttributeTagProcessor
[THYMELEAF]             * [* {th:onloadstart,data-th-onloadstart}] [1000]: org.thymeleaf.standard.processor.StandardDOMEventAttributeTagProcessor
[THYMELEAF]             * [* {th:onresize,data-th-onresize}] [1000]: org.thymeleaf.standard.processor.StandardDOMEventAttributeTagProcessor
[THYMELEAF]             * [* {th:onmessage,data-th-onmessage}] [1000]: org.thymeleaf.standard.processor.StandardDOMEventAttributeTagProcessor
[THYMELEAF]             * [* {th:onprogress,data-th-onprogress}] [1000]: org.thymeleaf.standard.processor.StandardDOMEventAttributeTagProcessor
[THYMELEAF]             * [* {th:onredo,data-th-onredo}] [1000]: org.thymeleaf.standard.processor.StandardDOMEventAttributeTagProcessor
[THYMELEAF]             * [* {th:onabort,data-th-onabort}] [1000]: org.thymeleaf.standard.processor.StandardDOMEventAttributeTagProcessor
[THYMELEAF]             * [* {th:ondragstart,data-th-ondragstart}] [1000]: org.thymeleaf.standard.processor.StandardDOMEventAttributeTagProcessor
[THYMELEAF]             * [* {th:onloadedmetadata,data-th-onloadedmetadata}] [1000]: org.thymeleaf.standard.processor.StandardDOMEventAttributeTagProcessor
[THYMELEAF]             * [* {th:onscroll,data-th-onscroll}] [1000]: org.thymeleaf.standard.processor.StandardDOMEventAttributeTagProcessor
[THYMELEAF]             * [* {th:oncanplaythrough,data-th-oncanplaythrough}] [1000]: org.thymeleaf.standard.processor.StandardDOMEventAttributeTagProcessor
[THYMELEAF]             * [* {th:onerror,data-th-onerror}] [1000]: org.thymeleaf.standard.processor.StandardDOMEventAttributeTagProcessor
[THYMELEAF]             * [* {th:onmousemove,data-th-onmousemove}] [1000]: org.thymeleaf.standard.processor.StandardDOMEventAttributeTagProcessor
[THYMELEAF]             * [* {th:onratechange,data-th-onratechange}] [1000]: org.thymeleaf.standard.processor.StandardDOMEventAttributeTagProcessor
[THYMELEAF]             * [* {th:onformchange,data-th-onformchange}] [1000]: org.thymeleaf.standard.processor.StandardDOMEventAttributeTagProcessor
[THYMELEAF]             * [* {th:onselect,data-th-onselect}] [1000]: org.thymeleaf.standard.processor.StandardDOMEventAttributeTagProcessor
[THYMELEAF]             * [* {th:ondragenter,data-th-ondragenter}] [1000]: org.thymeleaf.standard.processor.StandardDOMEventAttributeTagProcessor
[THYMELEAF]             * [* {th:onpopstate,data-th-onpopstate}] [1000]: org.thymeleaf.standard.processor.StandardDOMEventAttributeTagProcessor
[THYMELEAF]             * [* {th:oninvalid,data-th-oninvalid}] [1000]: org.thymeleaf.standard.processor.StandardDOMEventAttributeTagProcessor
[THYMELEAF]             * [* {th:onstalled,data-th-onstalled}] [1000]: org.thymeleaf.standard.processor.StandardDOMEventAttributeTagProcessor
[THYMELEAF]             * [* {th:onsubmit,data-th-onsubmit}] [1000]: org.thymeleaf.standard.processor.StandardDOMEventAttributeTagProcessor
[THYMELEAF]             * [* {th:onsuspend,data-th-onsuspend}] [1000]: org.thymeleaf.standard.processor.StandardDOMEventAttributeTagProcessor
[THYMELEAF]             * [* {th:onforminput,data-th-onforminput}] [1000]: org.thymeleaf.standard.processor.StandardDOMEventAttributeTagProcessor
[THYMELEAF]             * [* {th:onmousewheel,data-th-onmousewheel}] [1000]: org.thymeleaf.standard.processor.StandardDOMEventAttributeTagProcessor
[THYMELEAF]             * [* {th:oncontextmenu,data-th-oncontextmenu}] [1000]: org.thymeleaf.standard.processor.StandardDOMEventAttributeTagProcessor
[THYMELEAF]             * [* {th:onfocus,data-th-onfocus}] [1000]: org.thymeleaf.standard.processor.StandardDOMEventAttributeTagProcessor
[THYMELEAF]             * [* {th:onplaying,data-th-onplaying}] [1000]: org.thymeleaf.standard.processor.StandardDOMEventAttributeTagProcessor
[THYMELEAF]             * [* {th:onbeforeprint,data-th-onbeforeprint}] [1000]: org.thymeleaf.standard.processor.StandardDOMEventAttributeTagProcessor
[THYMELEAF]             * [* {th:onunload,data-th-onunload}] [1000]: org.thymeleaf.standard.processor.StandardDOMEventAttributeTagProcessor
[THYMELEAF]             * [* {th:onmouseover,data-th-onmouseover}] [1000]: org.thymeleaf.standard.processor.StandardDOMEventAttributeTagProcessor
[THYMELEAF]             * [* {th:onafterprint,data-th-onafterprint}] [1000]: org.thymeleaf.standard.processor.StandardDOMEventAttributeTagProcessor
[THYMELEAF]             * [* {th:oninput,data-th-oninput}] [1000]: org.thymeleaf.standard.processor.StandardDOMEventAttributeTagProcessor
[THYMELEAF]             * [* {th:onplay,data-th-onplay}] [1000]: org.thymeleaf.standard.processor.StandardDOMEventAttributeTagProcessor
[THYMELEAF]             * [* {th:onundo,data-th-onundo}] [1000]: org.thymeleaf.standard.processor.StandardDOMEventAttributeTagProcessor
[THYMELEAF]             * [* {th:ondragend,data-th-ondragend}] [1000]: org.thymeleaf.standard.processor.StandardDOMEventAttributeTagProcessor
[THYMELEAF]             * [* {th:ontimeupdate,data-th-ontimeupdate}] [1000]: org.thymeleaf.standard.processor.StandardDOMEventAttributeTagProcessor
[THYMELEAF]             * [* {th:ononline,data-th-ononline}] [1000]: org.thymeleaf.standard.processor.StandardDOMEventAttributeTagProcessor
[THYMELEAF]             * [* {th:onseeked,data-th-onseeked}] [1000]: org.thymeleaf.standard.processor.StandardDOMEventAttributeTagProcessor
[THYMELEAF]             * [* {th:ondragleave,data-th-ondragleave}] [1000]: org.thymeleaf.standard.processor.StandardDOMEventAttributeTagProcessor
[THYMELEAF]             * [* {th:onoffline,data-th-onoffline}] [1000]: org.thymeleaf.standard.processor.StandardDOMEventAttributeTagProcessor
[THYMELEAF]             * [* {th:onhashchange,data-th-onhashchange}] [1000]: org.thymeleaf.standard.processor.StandardDOMEventAttributeTagProcessor
[THYMELEAF]             * [* {th:onmouseout,data-th-onmouseout}] [1000]: org.thymeleaf.standard.processor.StandardDOMEventAttributeTagProcessor
[THYMELEAF]             * [* {th:onended,data-th-onended}] [1000]: org.thymeleaf.standard.processor.StandardDOMEventAttributeTagProcessor
[THYMELEAF]             * [* {th:onwaiting,data-th-onwaiting}] [1000]: org.thymeleaf.standard.processor.StandardDOMEventAttributeTagProcessor
[THYMELEAF]             * [* {th:onshow,data-th-onshow}] [1000]: org.thymeleaf.standard.processor.StandardDOMEventAttributeTagProcessor
[THYMELEAF]             * [* {th:onbeforeunload,data-th-onbeforeunload}] [1000]: org.thymeleaf.standard.processor.StandardDOMEventAttributeTagProcessor
[THYMELEAF]             * [* {th:onkeyup,data-th-onkeyup}] [1000]: org.thymeleaf.standard.processor.StandardDOMEventAttributeTagProcessor
[THYMELEAF]             * [* {th:onclick,data-th-onclick}] [1000]: org.thymeleaf.standard.processor.StandardDOMEventAttributeTagProcessor
[THYMELEAF]             * [* {th:onvolumechange,data-th-onvolumechange}] [1000]: org.thymeleaf.standard.processor.StandardDOMEventAttributeTagProcessor
[THYMELEAF]             * [* {th:ondrop,data-th-ondrop}] [1000]: org.thymeleaf.standard.processor.StandardDOMEventAttributeTagProcessor
[THYMELEAF]             * [* {th:onreadystatechange,data-th-onreadystatechange}] [1000]: org.thymeleaf.standard.processor.StandardDOMEventAttributeTagProcessor
[THYMELEAF]             * [* {th:onreset,data-th-onreset}] [1000]: org.thymeleaf.standard.processor.StandardDOMEventAttributeTagProcessor
[THYMELEAF]             * [* {th:onpause,data-th-onpause}] [1000]: org.thymeleaf.standard.processor.StandardDOMEventAttributeTagProcessor
[THYMELEAF]             * [* {th:ondurationchange,data-th-ondurationchange}] [1000]: org.thymeleaf.standard.processor.StandardDOMEventAttributeTagProcessor
[THYMELEAF]             * [* {th:onload,data-th-onload}] [1000]: org.thymeleaf.standard.processor.StandardDOMEventAttributeTagProcessor
[THYMELEAF]             * [* {th:onkeypress,data-th-onkeypress}] [1000]: org.thymeleaf.standard.processor.StandardDOMEventAttributeTagProcessor
[THYMELEAF]             * [* {th:onseeking,data-th-onseeking}] [1000]: org.thymeleaf.standard.processor.StandardDOMEventAttributeTagProcessor
[THYMELEAF]             * [* {th:onblur,data-th-onblur}] [1000]: org.thymeleaf.standard.processor.StandardDOMEventAttributeTagProcessor
[THYMELEAF]             * [* {th:href,data-th-href}] [1000]: org.thymeleaf.standard.processor.StandardHrefTagProcessor
[THYMELEAF]             * [* {th:inline,data-th-inline}] [1000]: org.thymeleaf.standard.processor.StandardInlineHTMLTagProcessor
[THYMELEAF]             * [* {th:method,data-th-method}] [1000]: org.thymeleaf.standard.processor.StandardMethodTagProcessor
[THYMELEAF]             * [* {th:name,data-th-name}] [1000]: org.thymeleaf.standard.processor.StandardNonRemovableAttributeTagProcessor
[THYMELEAF]             * [* {th:type,data-th-type}] [1000]: org.thymeleaf.standard.processor.StandardNonRemovableAttributeTagProcessor
[THYMELEAF]             * [* {th:autocomplete,data-th-autocomplete}] [1000]: org.thymeleaf.standard.processor.StandardRemovableAttributeTagProcessor
[THYMELEAF]             * [* {th:height,data-th-height}] [1000]: org.thymeleaf.standard.processor.StandardRemovableAttributeTagProcessor
[THYMELEAF]             * [* {th:align,data-th-align}] [1000]: org.thymeleaf.standard.processor.StandardRemovableAttributeTagProcessor
[THYMELEAF]             * [* {th:wrap,data-th-wrap}] [1000]: org.thymeleaf.standard.processor.StandardRemovableAttributeTagProcessor
[THYMELEAF]             * [* {th:codebase,data-th-codebase}] [1000]: org.thymeleaf.standard.processor.StandardRemovableAttributeTagProcessor
[THYMELEAF]             * [* {th:draggable,data-th-draggable}] [1000]: org.thymeleaf.standard.processor.StandardRemovableAttributeTagProcessor
[THYMELEAF]             * [* {th:style,data-th-style}] [1000]: org.thymeleaf.standard.processor.StandardRemovableAttributeTagProcessor
[THYMELEAF]             * [* {th:datetime,data-th-datetime}] [1000]: org.thymeleaf.standard.processor.StandardRemovableAttributeTagProcessor
[THYMELEAF]             * [* {th:rev,data-th-rev}] [1000]: org.thymeleaf.standard.processor.StandardRemovableAttributeTagProcessor
[THYMELEAF]             * [* {th:rows,data-th-rows}] [1000]: org.thymeleaf.standard.processor.StandardRemovableAttributeTagProcessor
[THYMELEAF]             * [* {th:hreflang,data-th-hreflang}] [1000]: org.thymeleaf.standard.processor.StandardRemovableAttributeTagProcessor
[THYMELEAF]             * [* {th:frame,data-th-frame}] [1000]: org.thymeleaf.standard.processor.StandardRemovableAttributeTagProcessor
[THYMELEAF]             * [* {th:optimum,data-th-optimum}] [1000]: org.thymeleaf.standard.processor.StandardRemovableAttributeTagProcessor
[THYMELEAF]             * [* {th:placeholder,data-th-placeholder}] [1000]: org.thymeleaf.standard.processor.StandardRemovableAttributeTagProcessor
[THYMELEAF]             * [* {th:charset,data-th-charset}] [1000]: org.thymeleaf.standard.processor.StandardRemovableAttributeTagProcessor
[THYMELEAF]             * [* {th:abbr,data-th-abbr}] [1000]: org.thymeleaf.standard.processor.StandardRemovableAttributeTagProcessor
[THYMELEAF]             * [* {th:icon,data-th-icon}] [1000]: org.thymeleaf.standard.processor.StandardRemovableAttributeTagProcessor
[THYMELEAF]             * [* {th:formenctype,data-th-formenctype}] [1000]: org.thymeleaf.standard.processor.StandardRemovableAttributeTagProcessor
[THYMELEAF]             * [* {th:http-equiv,data-th-http-equiv}] [1000]: org.thymeleaf.standard.processor.StandardRemovableAttributeTagProcessor
[THYMELEAF]             * [* {th:rel,data-th-rel}] [1000]: org.thymeleaf.standard.processor.StandardRemovableAttributeTagProcessor
[THYMELEAF]             * [* {th:data,data-th-data}] [1000]: org.thymeleaf.standard.processor.StandardRemovableAttributeTagProcessor
[THYMELEAF]             * [* {th:marginwidth,data-th-marginwidth}] [1000]: org.thymeleaf.standard.processor.StandardRemovableAttributeTagProcessor
[THYMELEAF]             * [* {th:longdesc,data-th-longdesc}] [1000]: org.thymeleaf.standard.processor.StandardRemovableAttributeTagProcessor
[THYMELEAF]             * [* {th:manifest,data-th-manifest}] [1000]: org.thymeleaf.standard.processor.StandardRemovableAttributeTagProcessor
[THYMELEAF]             * [* {th:alt,data-th-alt}] [1000]: org.thymeleaf.standard.processor.StandardRemovableAttributeTagProcessor
[THYMELEAF]             * [* {th:accesskey,data-th-accesskey}] [1000]: org.thymeleaf.standard.processor.StandardRemovableAttributeTagProcessor
[THYMELEAF]             * [* {th:cols,data-th-cols}] [1000]: org.thymeleaf.standard.processor.StandardRemovableAttributeTagProcessor
[THYMELEAF]             * [* {th:media,data-th-media}] [1000]: org.thymeleaf.standard.processor.StandardRemovableAttributeTagProcessor
[THYMELEAF]             * [* {th:start,data-th-start}] [1000]: org.thymeleaf.standard.processor.StandardRemovableAttributeTagProcessor
[THYMELEAF]             * [* {th:size,data-th-size}] [1000]: org.thymeleaf.standard.processor.StandardRemovableAttributeTagProcessor
[THYMELEAF]             * [* {th:title,data-th-title}] [1000]: org.thymeleaf.standard.processor.StandardRemovableAttributeTagProcessor
[THYMELEAF]             * [* {th:axis,data-th-axis}] [1000]: org.thymeleaf.standard.processor.StandardRemovableAttributeTagProcessor
[THYMELEAF]             * [* {th:lang,data-th-lang}] [1000]: org.thymeleaf.standard.processor.StandardRemovableAttributeTagProcessor
[THYMELEAF]             * [* {th:max,data-th-max}] [1000]: org.thymeleaf.standard.processor.StandardRemovableAttributeTagProcessor
[THYMELEAF]             * [* {th:colspan,data-th-colspan}] [1000]: org.thymeleaf.standard.processor.StandardRemovableAttributeTagProcessor
[THYMELEAF]             * [* {th:scheme,data-th-scheme}] [1000]: org.thymeleaf.standard.processor.StandardRemovableAttributeTagProcessor
[THYMELEAF]             * [* {th:rowspan,data-th-rowspan}] [1000]: org.thymeleaf.standard.processor.StandardRemovableAttributeTagProcessor
[THYMELEAF]             * [* {th:contextmenu,data-th-contextmenu}] [1000]: org.thymeleaf.standard.processor.StandardRemovableAttributeTagProcessor
[THYMELEAF]             * [* {th:content,data-th-content}] [1000]: org.thymeleaf.standard.processor.StandardRemovableAttributeTagProcessor
[THYMELEAF]             * [* {th:valuetype,data-th-valuetype}] [1000]: org.thymeleaf.standard.processor.StandardRemovableAttributeTagProcessor
[THYMELEAF]             * [* {th:tabindex,data-th-tabindex}] [1000]: org.thymeleaf.standard.processor.StandardRemovableAttributeTagProcessor
[THYMELEAF]             * [* {th:id,data-th-id}] [1000]: org.thymeleaf.standard.processor.StandardRemovableAttributeTagProcessor
[THYMELEAF]             * [* {th:headers,data-th-headers}] [1000]: org.thymeleaf.standard.processor.StandardRemovableAttributeTagProcessor
[THYMELEAF]             * [* {th:for,data-th-for}] [1000]: org.thymeleaf.standard.processor.StandardRemovableAttributeTagProcessor
[THYMELEAF]             * [* {th:target,data-th-target}] [1000]: org.thymeleaf.standard.processor.StandardRemovableAttributeTagProcessor
[THYMELEAF]             * [* {th:challenge,data-th-challenge}] [1000]: org.thymeleaf.standard.processor.StandardRemovableAttributeTagProcessor
[THYMELEAF]             * [* {th:enctype,data-th-enctype}] [1000]: org.thymeleaf.standard.processor.StandardRemovableAttributeTagProcessor
[THYMELEAF]             * [* {th:radiogroup,data-th-radiogroup}] [1000]: org.thymeleaf.standard.processor.StandardRemovableAttributeTagProcessor
[THYMELEAF]             * [* {th:spellcheck,data-th-spellcheck}] [1000]: org.thymeleaf.standard.processor.StandardRemovableAttributeTagProcessor
[THYMELEAF]             * [* {th:marginheight,data-th-marginheight}] [1000]: org.thymeleaf.standard.processor.StandardRemovableAttributeTagProcessor
[THYMELEAF]             * [* {th:accept,data-th-accept}] [1000]: org.thymeleaf.standard.processor.StandardRemovableAttributeTagProcessor
[THYMELEAF]             * [* {th:archive,data-th-archive}] [1000]: org.thymeleaf.standard.processor.StandardRemovableAttributeTagProcessor
[THYMELEAF]             * [* {th:class,data-th-class}] [1000]: org.thymeleaf.standard.processor.StandardRemovableAttributeTagProcessor
[THYMELEAF]             * [* {th:dir,data-th-dir}] [1000]: org.thymeleaf.standard.processor.StandardRemovableAttributeTagProcessor
[THYMELEAF]             * [* {th:pattern,data-th-pattern}] [1000]: org.thymeleaf.standard.processor.StandardRemovableAttributeTagProcessor
[THYMELEAF]             * [* {th:dropzone,data-th-dropzone}] [1000]: org.thymeleaf.standard.processor.StandardRemovableAttributeTagProcessor
[THYMELEAF]             * [* {th:border,data-th-border}] [1000]: org.thymeleaf.standard.processor.StandardRemovableAttributeTagProcessor
[THYMELEAF]             * [* {th:keytype,data-th-keytype}] [1000]: org.thymeleaf.standard.processor.StandardRemovableAttributeTagProcessor
[THYMELEAF]             * [* {th:contenteditable,data-th-contenteditable}] [1000]: org.thymeleaf.standard.processor.StandardRemovableAttributeTagProcessor
[THYMELEAF]             * [* {th:high,data-th-high}] [1000]: org.thymeleaf.standard.processor.StandardRemovableAttributeTagProcessor
[THYMELEAF]             * [* {th:formtarget,data-th-formtarget}] [1000]: org.thymeleaf.standard.processor.StandardRemovableAttributeTagProcessor
[THYMELEAF]             * [* {th:accept-charset,data-th-accept-charset}] [1000]: org.thymeleaf.standard.processor.StandardRemovableAttributeTagProcessor
[THYMELEAF]             * [* {th:classid,data-th-classid}] [1000]: org.thymeleaf.standard.processor.StandardRemovableAttributeTagProcessor
[THYMELEAF]             * [* {th:sandbox,data-th-sandbox}] [1000]: org.thymeleaf.standard.processor.StandardRemovableAttributeTagProcessor
[THYMELEAF]             * [* {th:label,data-th-label}] [1000]: org.thymeleaf.standard.processor.StandardRemovableAttributeTagProcessor
[THYMELEAF]             * [* {th:summary,data-th-summary}] [1000]: org.thymeleaf.standard.processor.StandardRemovableAttributeTagProcessor
[THYMELEAF]             * [* {th:sizes,data-th-sizes}] [1000]: org.thymeleaf.standard.processor.StandardRemovableAttributeTagProcessor
[THYMELEAF]             * [* {th:poster,data-th-poster}] [1000]: org.thymeleaf.standard.processor.StandardRemovableAttributeTagProcessor
[THYMELEAF]             * [* {th:srclang,data-th-srclang}] [1000]: org.thymeleaf.standard.processor.StandardRemovableAttributeTagProcessor
[THYMELEAF]             * [* {th:rules,data-th-rules}] [1000]: org.thymeleaf.standard.processor.StandardRemovableAttributeTagProcessor
[THYMELEAF]             * [* {th:formmethod,data-th-formmethod}] [1000]: org.thymeleaf.standard.processor.StandardRemovableAttributeTagProcessor
[THYMELEAF]             * [* {th:maxlength,data-th-maxlength}] [1000]: org.thymeleaf.standard.processor.StandardRemovableAttributeTagProcessor
[THYMELEAF]             * [* {th:usemap,data-th-usemap}] [1000]: org.thymeleaf.standard.processor.StandardRemovableAttributeTagProcessor
[THYMELEAF]             * [* {th:span,data-th-span}] [1000]: org.thymeleaf.standard.processor.StandardRemovableAttributeTagProcessor
[THYMELEAF]             * [* {th:hspace,data-th-hspace}] [1000]: org.thymeleaf.standard.processor.StandardRemovableAttributeTagProcessor
[THYMELEAF]             * [* {th:min,data-th-min}] [1000]: org.thymeleaf.standard.processor.StandardRemovableAttributeTagProcessor
[THYMELEAF]             * [* {th:kind,data-th-kind}] [1000]: org.thymeleaf.standard.processor.StandardRemovableAttributeTagProcessor
[THYMELEAF]             * [* {th:cellspacing,data-th-cellspacing}] [1000]: org.thymeleaf.standard.processor.StandardRemovableAttributeTagProcessor
[THYMELEAF]             * [* {th:background,data-th-background}] [1000]: org.thymeleaf.standard.processor.StandardRemovableAttributeTagProcessor
[THYMELEAF]             * [* {th:width,data-th-width}] [1000]: org.thymeleaf.standard.processor.StandardRemovableAttributeTagProcessor
[THYMELEAF]             * [* {th:bgcolor,data-th-bgcolor}] [1000]: org.thymeleaf.standard.processor.StandardRemovableAttributeTagProcessor
[THYMELEAF]             * [* {th:cellpadding,data-th-cellpadding}] [1000]: org.thymeleaf.standard.processor.StandardRemovableAttributeTagProcessor
[THYMELEAF]             * [* {th:list,data-th-list}] [1000]: org.thymeleaf.standard.processor.StandardRemovableAttributeTagProcessor
[THYMELEAF]             * [* {th:audio,data-th-audio}] [1000]: org.thymeleaf.standard.processor.StandardRemovableAttributeTagProcessor
[THYMELEAF]             * [* {th:codetype,data-th-codetype}] [1000]: org.thymeleaf.standard.processor.StandardRemovableAttributeTagProcessor
[THYMELEAF]             * [* {th:scrolling,data-th-scrolling}] [1000]: org.thymeleaf.standard.processor.StandardRemovableAttributeTagProcessor
[THYMELEAF]             * [* {th:preload,data-th-preload}] [1000]: org.thymeleaf.standard.processor.StandardRemovableAttributeTagProcessor
[THYMELEAF]             * [* {th:cite,data-th-cite}] [1000]: org.thymeleaf.standard.processor.StandardRemovableAttributeTagProcessor
[THYMELEAF]             * [* {th:step,data-th-step}] [1000]: org.thymeleaf.standard.processor.StandardRemovableAttributeTagProcessor
[THYMELEAF]             * [* {th:vspace,data-th-vspace}] [1000]: org.thymeleaf.standard.processor.StandardRemovableAttributeTagProcessor
[THYMELEAF]             * [* {th:standby,data-th-standby}] [1000]: org.thymeleaf.standard.processor.StandardRemovableAttributeTagProcessor
[THYMELEAF]             * [* {th:compact,data-th-compact}] [1000]: org.thymeleaf.standard.processor.StandardRemovableAttributeTagProcessor
[THYMELEAF]             * [* {th:scope,data-th-scope}] [1000]: org.thymeleaf.standard.processor.StandardRemovableAttributeTagProcessor
[THYMELEAF]             * [* {th:formaction,data-th-formaction}] [1000]: org.thymeleaf.standard.processor.StandardRemovableAttributeTagProcessor
[THYMELEAF]             * [* {th:frameborder,data-th-frameborder}] [1000]: org.thymeleaf.standard.processor.StandardRemovableAttributeTagProcessor
[THYMELEAF]             * [* {th:low,data-th-low}] [1000]: org.thymeleaf.standard.processor.StandardRemovableAttributeTagProcessor
[THYMELEAF]             * [* {th:form,data-th-form}] [1000]: org.thymeleaf.standard.processor.StandardRemovableAttributeTagProcessor
[THYMELEAF]             * [* {th:src,data-th-src}] [1000]: org.thymeleaf.standard.processor.StandardSrcTagProcessor
[THYMELEAF]             * [* {th:value,data-th-value}] [1000]: org.thymeleaf.standard.processor.StandardValueTagProcessor
[THYMELEAF]             * [* {th:xmlbase,data-th-xmlbase}] [1000]: org.thymeleaf.standard.processor.StandardXmlBaseTagProcessor
[THYMELEAF]             * [* {th:xmllang,data-th-xmllang}] [1000]: org.thymeleaf.standard.processor.StandardXmlLangTagProcessor
[THYMELEAF]             * [* {xmlns:th}] [1000]: org.thymeleaf.standard.processor.StandardXmlNsTagProcessor
[THYMELEAF]             * [* {th:xmlspace,data-th-xmlspace}] [1000]: org.thymeleaf.standard.processor.StandardXmlSpaceTagProcessor
[THYMELEAF]             * [* {th:classappend,data-th-classappend}] [1100]: org.thymeleaf.standard.processor.StandardClassappendTagProcessor
[THYMELEAF]             * [* {th:styleappend,data-th-styleappend}] [1100]: org.thymeleaf.standard.processor.StandardStyleappendTagProcessor
[THYMELEAF]             * [* {th:text,data-th-text}] [1300]: org.thymeleaf.standard.processor.StandardTextTagProcessor
[THYMELEAF]             * [* {th:utext,data-th-utext}] [1400]: org.thymeleaf.standard.processor.StandardUtextTagProcessor
[THYMELEAF]             * [* {th:fragment,data-th-fragment}] [1500]: org.thymeleaf.standard.processor.StandardFragmentTagProcessor
[THYMELEAF]             * [* {th:assert,data-th-assert}] [1550]: org.thymeleaf.standard.processor.StandardAssertTagProcessor
[THYMELEAF]             * [* {th:remove,data-th-remove}] [1600]: org.thymeleaf.standard.processor.StandardRemoveTagProcessor
[THYMELEAF]             * [* {th:ref,data-th-ref}] [10000]: org.thymeleaf.standard.processor.StandardRefAttributeTagProcessor
[THYMELEAF]             * [{th:block,th-block} *] [100000]: org.thymeleaf.standard.processor.StandardBlockTagProcessor
[THYMELEAF]             * [* th:*] [2147483647]: org.thymeleaf.standard.processor.StandardDefaultAttributesTagProcessor
[THYMELEAF]         * Text Processors by [precedence]:
[THYMELEAF]             * [1000]: org.thymeleaf.standard.processor.StandardInliningTextProcessor
[THYMELEAF]         * DOCTYPE Processors by [precedence]:
[THYMELEAF]             * [1000]: org.thymeleaf.standard.processor.StandardTranslationDocTypeProcessor
[THYMELEAF]         * CDATA Section Processors by [precedence]:
[THYMELEAF]             * [1000]: org.thymeleaf.standard.processor.StandardInliningCDATASectionProcessor
[THYMELEAF]         * Comment Processors by [precedence]:
[THYMELEAF]             * [1000]: org.thymeleaf.standard.processor.StandardInliningCommentProcessor
[THYMELEAF]             * [1100]: org.thymeleaf.standard.processor.StandardConditionalCommentProcessor
[THYMELEAF]     * Processors for Template Mode: XML
[THYMELEAF]         * Element Tag Processors by [matching element and attribute name] [precedence]:
[THYMELEAF]             * [* {th:include}] [100]: org.thymeleaf.standard.processor.StandardIncludeTagProcessor
[THYMELEAF]             * [* {th:insert}] [100]: org.thymeleaf.standard.processor.StandardInsertTagProcessor
[THYMELEAF]             * [* {th:replace}] [100]: org.thymeleaf.standard.processor.StandardReplaceTagProcessor
[THYMELEAF]             * [* {th:each}] [200]: com.intuit.karate.template.KarateEachTagProcessor
[THYMELEAF]             * [* {th:switch}] [250]: org.thymeleaf.standard.processor.StandardSwitchTagProcessor
[THYMELEAF]             * [* {th:case}] [275]: org.thymeleaf.standard.processor.StandardCaseTagProcessor
[THYMELEAF]             * [* {th:if}] [300]: org.thymeleaf.standard.processor.StandardIfTagProcessor
[THYMELEAF]             * [* {th:unless}] [400]: org.thymeleaf.standard.processor.StandardUnlessTagProcessor
[THYMELEAF]             * [* {th:object}] [500]: org.thymeleaf.standard.processor.StandardObjectTagProcessor
[THYMELEAF]             * [* {th:with}] [600]: com.intuit.karate.template.KarateWithTagProcessor
[THYMELEAF]             * [* {th:attr}] [700]: com.intuit.karate.template.KarateAttributeTagProcessor.KarateAttrTagProcessor
[THYMELEAF]             * [* {th:attrappend}] [900]: com.intuit.karate.template.KarateAttributeTagProcessor.KarateAttrappendTagProcessor
[THYMELEAF]             * [* {th:attrprepend}] [900]: com.intuit.karate.template.KarateAttributeTagProcessor.KarateAttrprependTagProcessor
[THYMELEAF]             * [* {th:inline}] [1000]: org.thymeleaf.standard.processor.StandardInlineXMLTagProcessor
[THYMELEAF]             * [* {xmlns:th}] [1000]: org.thymeleaf.standard.processor.StandardXmlNsTagProcessor
[THYMELEAF]             * [* {th:text}] [1300]: org.thymeleaf.standard.processor.StandardTextTagProcessor
[THYMELEAF]             * [* {th:utext}] [1400]: org.thymeleaf.standard.processor.StandardUtextTagProcessor
[THYMELEAF]             * [* {th:fragment}] [1500]: org.thymeleaf.standard.processor.StandardFragmentTagProcessor
[THYMELEAF]             * [* {th:assert}] [1550]: org.thymeleaf.standard.processor.StandardAssertTagProcessor
[THYMELEAF]             * [* {th:remove}] [1600]: org.thymeleaf.standard.processor.StandardRemoveTagProcessor
[THYMELEAF]             * [* {th:ref}] [10000]: org.thymeleaf.standard.processor.StandardRefAttributeTagProcessor
[THYMELEAF]             * [{th:block} *] [100000]: org.thymeleaf.standard.processor.StandardBlockTagProcessor
[THYMELEAF]             * [* th:*] [2147483647]: org.thymeleaf.standard.processor.StandardDefaultAttributesTagProcessor
[THYMELEAF]         * Text Processors by [precedence]:
[THYMELEAF]             * [1000]: org.thymeleaf.standard.processor.StandardInliningTextProcessor
[THYMELEAF]         * CDATA Section Processors by [precedence]:
[THYMELEAF]             * [1000]: org.thymeleaf.standard.processor.StandardInliningCDATASectionProcessor
[THYMELEAF]         * Comment Processors by [precedence]:
[THYMELEAF]             * [1000]: org.thymeleaf.standard.processor.StandardInliningCommentProcessor
[THYMELEAF]     * Processors for Template Mode: TEXT
[THYMELEAF]         * Element Tag Processors by [matching element and attribute name] [precedence]:
[THYMELEAF]             * [* {th:insert}] [100]: org.thymeleaf.standard.processor.StandardInsertTagProcessor
[THYMELEAF]             * [* {th:replace}] [100]: org.thymeleaf.standard.processor.StandardReplaceTagProcessor
[THYMELEAF]             * [* {th:each}] [200]: com.intuit.karate.template.KarateEachTagProcessor
[THYMELEAF]             * [* {th:switch}] [250]: org.thymeleaf.standard.processor.StandardSwitchTagProcessor
[THYMELEAF]             * [* {th:case}] [275]: org.thymeleaf.standard.processor.StandardCaseTagProcessor
[THYMELEAF]             * [* {th:if}] [300]: org.thymeleaf.standard.processor.StandardIfTagProcessor
[THYMELEAF]             * [* {th:unless}] [400]: org.thymeleaf.standard.processor.StandardUnlessTagProcessor
[THYMELEAF]             * [* {th:object}] [500]: org.thymeleaf.standard.processor.StandardObjectTagProcessor
[THYMELEAF]             * [* {th:with}] [600]: com.intuit.karate.template.KarateWithTagProcessor
[THYMELEAF]             * [* {th:inline}] [1000]: org.thymeleaf.standard.processor.StandardInlineTextualTagProcessor
[THYMELEAF]             * [* {th:text}] [1300]: org.thymeleaf.standard.processor.StandardTextTagProcessor
[THYMELEAF]             * [* {th:utext}] [1400]: org.thymeleaf.standard.processor.StandardUtextTagProcessor
[THYMELEAF]             * [* {th:assert}] [1550]: org.thymeleaf.standard.processor.StandardAssertTagProcessor
[THYMELEAF]             * [* {th:remove}] [1600]: org.thymeleaf.standard.processor.StandardRemoveTagProcessor
[THYMELEAF]             * [* 100000] [org.thymeleaf.standard.processor.StandardBlockTagProcessor]: {}
[THYMELEAF]             * [{th:block} *] [100000]: org.thymeleaf.standard.processor.StandardBlockTagProcessor
[THYMELEAF]         * Text Processors by [precedence]:
[THYMELEAF]             * [1000]: org.thymeleaf.standard.processor.StandardInliningTextProcessor
[THYMELEAF]     * Processors for Template Mode: JAVASCRIPT
[THYMELEAF]         * Element Tag Processors by [matching element and attribute name] [precedence]:
[THYMELEAF]             * [* {th:insert}] [100]: org.thymeleaf.standard.processor.StandardInsertTagProcessor
[THYMELEAF]             * [* {th:replace}] [100]: org.thymeleaf.standard.processor.StandardReplaceTagProcessor
[THYMELEAF]             * [* {th:each}] [200]: com.intuit.karate.template.KarateEachTagProcessor
[THYMELEAF]             * [* {th:switch}] [250]: org.thymeleaf.standard.processor.StandardSwitchTagProcessor
[THYMELEAF]             * [* {th:case}] [275]: org.thymeleaf.standard.processor.StandardCaseTagProcessor
[THYMELEAF]             * [* {th:if}] [300]: org.thymeleaf.standard.processor.StandardIfTagProcessor
[THYMELEAF]             * [* {th:unless}] [400]: org.thymeleaf.standard.processor.StandardUnlessTagProcessor
[THYMELEAF]             * [* {th:object}] [500]: org.thymeleaf.standard.processor.StandardObjectTagProcessor
[THYMELEAF]             * [* {th:with}] [600]: com.intuit.karate.template.KarateWithTagProcessor
[THYMELEAF]             * [* {th:inline}] [1000]: org.thymeleaf.standard.processor.StandardInlineTextualTagProcessor
[THYMELEAF]             * [* {th:text}] [1300]: org.thymeleaf.standard.processor.StandardTextTagProcessor
[THYMELEAF]             * [* {th:utext}] [1400]: org.thymeleaf.standard.processor.StandardUtextTagProcessor
[THYMELEAF]             * [* {th:assert}] [1550]: org.thymeleaf.standard.processor.StandardAssertTagProcessor
[THYMELEAF]             * [* {th:remove}] [1600]: org.thymeleaf.standard.processor.StandardRemoveTagProcessor
[THYMELEAF]             * [* 100000] [org.thymeleaf.standard.processor.StandardBlockTagProcessor]: {}
[THYMELEAF]             * [{th:block} *] [100000]: org.thymeleaf.standard.processor.StandardBlockTagProcessor
[THYMELEAF]         * Text Processors by [precedence]:
[THYMELEAF]             * [1000]: org.thymeleaf.standard.processor.StandardInliningTextProcessor
[THYMELEAF]     * Processors for Template Mode: CSS
[THYMELEAF]         * Element Tag Processors by [matching element and attribute name] [precedence]:
[THYMELEAF]             * [* {th:insert}] [100]: org.thymeleaf.standard.processor.StandardInsertTagProcessor
[THYMELEAF]             * [* {th:replace}] [100]: org.thymeleaf.standard.processor.StandardReplaceTagProcessor
[THYMELEAF]             * [* {th:each}] [200]: com.intuit.karate.template.KarateEachTagProcessor
[THYMELEAF]             * [* {th:switch}] [250]: org.thymeleaf.standard.processor.StandardSwitchTagProcessor
[THYMELEAF]             * [* {th:case}] [275]: org.thymeleaf.standard.processor.StandardCaseTagProcessor
[THYMELEAF]             * [* {th:if}] [300]: org.thymeleaf.standard.processor.StandardIfTagProcessor
[THYMELEAF]             * [* {th:unless}] [400]: org.thymeleaf.standard.processor.StandardUnlessTagProcessor
[THYMELEAF]             * [* {th:object}] [500]: org.thymeleaf.standard.processor.StandardObjectTagProcessor
[THYMELEAF]             * [* {th:with}] [600]: com.intuit.karate.template.KarateWithTagProcessor
[THYMELEAF]             * [* {th:inline}] [1000]: org.thymeleaf.standard.processor.StandardInlineTextualTagProcessor
[THYMELEAF]             * [* {th:text}] [1300]: org.thymeleaf.standard.processor.StandardTextTagProcessor
[THYMELEAF]             * [* {th:utext}] [1400]: org.thymeleaf.standard.processor.StandardUtextTagProcessor
[THYMELEAF]             * [* {th:assert}] [1550]: org.thymeleaf.standard.processor.StandardAssertTagProcessor
[THYMELEAF]             * [* {th:remove}] [1600]: org.thymeleaf.standard.processor.StandardRemoveTagProcessor
[THYMELEAF]             * [* 100000] [org.thymeleaf.standard.processor.StandardBlockTagProcessor]: {}
[THYMELEAF]             * [{th:block} *] [100000]: org.thymeleaf.standard.processor.StandardBlockTagProcessor
[THYMELEAF]         * Text Processors by [precedence]:
[THYMELEAF]             * [1000]: org.thymeleaf.standard.processor.StandardInliningTextProcessor
[THYMELEAF]     * Expression Objects:
[THYMELEAF]         * #ctx
[THYMELEAF]         * #root
[THYMELEAF]         * #vars
[THYMELEAF]         * #object
[THYMELEAF]         * #locale
[THYMELEAF]         * #conversions
[THYMELEAF]         * #uris
[THYMELEAF]         * #temporals
[THYMELEAF]         * #calendars
[THYMELEAF]         * #dates
[THYMELEAF]         * #bools
[THYMELEAF]         * #numbers
[THYMELEAF]         * #objects
[THYMELEAF]         * #strings
[THYMELEAF]         * #arrays
[THYMELEAF]         * #lists
[THYMELEAF]         * #sets
[THYMELEAF]         * #maps
[THYMELEAF]         * #aggregates
[THYMELEAF]         * #messages
[THYMELEAF]         * #ids
[THYMELEAF]         * #execInfo
[THYMELEAF]         * #request
[THYMELEAF]         * #response
[THYMELEAF]         * #session
[THYMELEAF]         * #servletContext
[THYMELEAF]     * Execution Attributes:
[THYMELEAF]         * "StandardExpressionParser": com.intuit.karate.template.KarateStandardDialect@29b5533
[THYMELEAF]         * "StandardJavaScriptSerializer": org.thymeleaf.standard.serializer.StandardJavaScriptSerializer@2ab8589a
[THYMELEAF]         * "StandardCSSSerializer": org.thymeleaf.standard.serializer.StandardCSSSerializer@21b744ec
[THYMELEAF]         * "StandardVariableExpressionEvaluator": com.intuit.karate.template.KarateStandardDialect@29b5533
[THYMELEAF]         * "StandardConversionService": org.thymeleaf.standard.expression.StandardConversionService@697a92af
[THYMELEAF] * Dialect [2 of 2]: karate (com.intuit.karate.template.KarateScriptDialect)
[THYMELEAF]     * Prefix: "ka"
[THYMELEAF]     * Processors for Template Mode: HTML
[THYMELEAF]         * Element Tag Processors by [matching element and attribute name] [precedence]:
[THYMELEAF]             * [* {src}] [1000]: com.intuit.karate.template.KaScriptAttrProcessor
[THYMELEAF]         * Element Model Processors by [matching element and attribute name] [precedence]:
[THYMELEAF]             * [{script} {ka:scope,data-ka-scope}] [1000]: com.intuit.karate.template.KaScriptElemProcessor
[THYMELEAF]             * [* {ka:set,data-ka-set}] [1000]: com.intuit.karate.template.KaSetElemProcessor
[THYMELEAF] TEMPLATE ENGINE CONFIGURED OK
18:58:46.597 [main] DEBUG org.thymeleaf.TemplateEngine -- [THYMELEAF] TEMPLATE ENGINE INITIALIZED
18:58:46.605 [main] DEBUG org.thymeleaf.TemplateEngine -- [THYMELEAF] INITIALIZING TEMPLATE ENGINE
18:58:46.619 [main] DEBUG org.thymeleaf.TemplateEngine.CONFIG -- Initializing Thymeleaf Template engine configuration...
[THYMELEAF] TEMPLATE ENGINE CONFIGURATION:
[THYMELEAF] * Thymeleaf version: 3.1.2.RELEASE (built 2023-07-30T19:25:50+0000)
[THYMELEAF] * Cache Manager implementation: org.thymeleaf.cache.StandardCacheManager
[THYMELEAF] * Template resolvers:
[THYMELEAF]     * [1] com.intuit.karate.template.ResourceHtmlTemplateResolver
[THYMELEAF] * Message resolvers:
[THYMELEAF]     * org.thymeleaf.messageresolver.StandardMessageResolver
[THYMELEAF] * Link builders:
[THYMELEAF]     * org.thymeleaf.linkbuilder.StandardLinkBuilder
[THYMELEAF] * Dialect [1 of 2]: Standard (com.intuit.karate.template.KarateStandardDialect)
[THYMELEAF]     * Prefix: "th"
[THYMELEAF]     * Processors for Template Mode: HTML
[THYMELEAF]         * Element Tag Processors by [matching element and attribute name] [precedence]:
[THYMELEAF]             * [* {th:include,data-th-include}] [100]: org.thymeleaf.standard.processor.StandardIncludeTagProcessor
[THYMELEAF]             * [* {th:insert,data-th-insert}] [100]: org.thymeleaf.standard.processor.StandardInsertTagProcessor
[THYMELEAF]             * [* {th:replace,data-th-replace}] [100]: org.thymeleaf.standard.processor.StandardReplaceTagProcessor
[THYMELEAF]             * [* {th:each,data-th-each}] [200]: com.intuit.karate.template.KarateEachTagProcessor
[THYMELEAF]             * [* {th:switch,data-th-switch}] [250]: org.thymeleaf.standard.processor.StandardSwitchTagProcessor
[THYMELEAF]             * [* {th:case,data-th-case}] [275]: org.thymeleaf.standard.processor.StandardCaseTagProcessor
[THYMELEAF]             * [* {th:if,data-th-if}] [300]: org.thymeleaf.standard.processor.StandardIfTagProcessor
[THYMELEAF]             * [* {th:unless,data-th-unless}] [400]: org.thymeleaf.standard.processor.StandardUnlessTagProcessor
[THYMELEAF]             * [* {th:object,data-th-object}] [500]: org.thymeleaf.standard.processor.StandardObjectTagProcessor
[THYMELEAF]             * [* {th:with,data-th-with}] [600]: com.intuit.karate.template.KarateWithTagProcessor
[THYMELEAF]             * [* {th:attr,data-th-attr}] [700]: com.intuit.karate.template.KarateAttributeTagProcessor.KarateAttrTagProcessor
[THYMELEAF]             * [* {th:attrappend,data-th-attrappend}] [900]: com.intuit.karate.template.KarateAttributeTagProcessor.KarateAttrappendTagProcessor
[THYMELEAF]             * [* {th:attrprepend,data-th-attrprepend}] [900]: com.intuit.karate.template.KarateAttributeTagProcessor.KarateAttrprependTagProcessor
[THYMELEAF]             * [* {th:alt-title,data-th-alt-title}] [990]: org.thymeleaf.standard.processor.StandardAltTitleTagProcessor
[THYMELEAF]             * [* {th:lang-xmllang,data-th-lang-xmllang}] [990]: org.thymeleaf.standard.processor.StandardLangXmlLangTagProcessor
[THYMELEAF]             * [* {th:action,data-th-action}] [1000]: org.thymeleaf.standard.processor.StandardActionTagProcessor
[THYMELEAF]             * [* {th:seamless,data-th-seamless}] [1000]: org.thymeleaf.standard.processor.StandardConditionalFixedValueTagProcessor
[THYMELEAF]             * [* {th:required,data-th-required}] [1000]: org.thymeleaf.standard.processor.StandardConditionalFixedValueTagProcessor
[THYMELEAF]             * [* {th:formnovalidate,data-th-formnovalidate}] [1000]: org.thymeleaf.standard.processor.StandardConditionalFixedValueTagProcessor
[THYMELEAF]             * [* {th:disabled,data-th-disabled}] [1000]: org.thymeleaf.standard.processor.StandardConditionalFixedValueTagProcessor
[THYMELEAF]             * [* {th:hidden,data-th-hidden}] [1000]: org.thymeleaf.standard.processor.StandardConditionalFixedValueTagProcessor
[THYMELEAF]             * [* {th:ismap,data-th-ismap}] [1000]: org.thymeleaf.standard.processor.StandardConditionalFixedValueTagProcessor
[THYMELEAF]             * [* {th:open,data-th-open}] [1000]: org.thymeleaf.standard.processor.StandardConditionalFixedValueTagProcessor
[THYMELEAF]             * [* {th:async,data-th-async}] [1000]: org.thymeleaf.standard.processor.StandardConditionalFixedValueTagProcessor
[THYMELEAF]             * [* {th:selected,data-th-selected}] [1000]: org.thymeleaf.standard.processor.StandardConditionalFixedValueTagProcessor
[THYMELEAF]             * [* {th:defer,data-th-defer}] [1000]: org.thymeleaf.standard.processor.StandardConditionalFixedValueTagProcessor
[THYMELEAF]             * [* {th:reversed,data-th-reversed}] [1000]: org.thymeleaf.standard.processor.StandardConditionalFixedValueTagProcessor
[THYMELEAF]             * [* {th:nowrap,data-th-nowrap}] [1000]: org.thymeleaf.standard.processor.StandardConditionalFixedValueTagProcessor
[THYMELEAF]             * [* {th:default,data-th-default}] [1000]: org.thymeleaf.standard.processor.StandardConditionalFixedValueTagProcessor
[THYMELEAF]             * [* {th:readonly,data-th-readonly}] [1000]: org.thymeleaf.standard.processor.StandardConditionalFixedValueTagProcessor
[THYMELEAF]             * [* {th:autoplay,data-th-autoplay}] [1000]: org.thymeleaf.standard.processor.StandardConditionalFixedValueTagProcessor
[THYMELEAF]             * [* {th:pubdate,data-th-pubdate}] [1000]: org.thymeleaf.standard.processor.StandardConditionalFixedValueTagProcessor
[THYMELEAF]             * [* {th:multiple,data-th-multiple}] [1000]: org.thymeleaf.standard.processor.StandardConditionalFixedValueTagProcessor
[THYMELEAF]             * [* {th:autofocus,data-th-autofocus}] [1000]: org.thymeleaf.standard.processor.StandardConditionalFixedValueTagProcessor
[THYMELEAF]             * [* {th:loop,data-th-loop}] [1000]: org.thymeleaf.standard.processor.StandardConditionalFixedValueTagProcessor
[THYMELEAF]             * [* {th:checked,data-th-checked}] [1000]: org.thymeleaf.standard.processor.StandardConditionalFixedValueTagProcessor
[THYMELEAF]             * [* {th:novalidate,data-th-novalidate}] [1000]: org.thymeleaf.standard.processor.StandardConditionalFixedValueTagProcessor
[THYMELEAF]             * [* {th:scoped,data-th-scoped}] [1000]: org.thymeleaf.standard.processor.StandardConditionalFixedValueTagProcessor
[THYMELEAF]             * [* {th:declare,data-th-declare}] [1000]: org.thymeleaf.standard.processor.StandardConditionalFixedValueTagProcessor
[THYMELEAF]             * [* {th:controls,data-th-controls}] [1000]: org.thymeleaf.standard.processor.StandardConditionalFixedValueTagProcessor
[THYMELEAF]             * [* {th:onplay,data-th-onplay}] [1000]: org.thymeleaf.standard.processor.StandardDOMEventAttributeTagProcessor
[THYMELEAF]             * [* {th:onsuspend,data-th-onsuspend}] [1000]: org.thymeleaf.standard.processor.StandardDOMEventAttributeTagProcessor
[THYMELEAF]             * [* {th:onredo,data-th-onredo}] [1000]: org.thymeleaf.standard.processor.StandardDOMEventAttributeTagProcessor
[THYMELEAF]             * [* {th:ondurationchange,data-th-ondurationchange}] [1000]: org.thymeleaf.standard.processor.StandardDOMEventAttributeTagProcessor
[THYMELEAF]             * [* {th:onbeforeunload,data-th-onbeforeunload}] [1000]: org.thymeleaf.standard.processor.StandardDOMEventAttributeTagProcessor
[THYMELEAF]             * [* {th:onshow,data-th-onshow}] [1000]: org.thymeleaf.standard.processor.StandardDOMEventAttributeTagProcessor
[THYMELEAF]             * [* {th:oninput,data-th-oninput}] [1000]: org.thymeleaf.standard.processor.StandardDOMEventAttributeTagProcessor
[THYMELEAF]             * [* {th:onratechange,data-th-onratechange}] [1000]: org.thymeleaf.standard.processor.StandardDOMEventAttributeTagProcessor
[THYMELEAF]             * [* {th:onselect,data-th-onselect}] [1000]: org.thymeleaf.standard.processor.StandardDOMEventAttributeTagProcessor
[THYMELEAF]             * [* {th:ondrag,data-th-ondrag}] [1000]: org.thymeleaf.standard.processor.StandardDOMEventAttributeTagProcessor
[THYMELEAF]             * [* {th:onsubmit,data-th-onsubmit}] [1000]: org.thymeleaf.standard.processor.StandardDOMEventAttributeTagProcessor
[THYMELEAF]             * [* {th:ontimeupdate,data-th-ontimeupdate}] [1000]: org.thymeleaf.standard.processor.StandardDOMEventAttributeTagProcessor
[THYMELEAF]             * [* {th:onblur,data-th-onblur}] [1000]: org.thymeleaf.standard.processor.StandardDOMEventAttributeTagProcessor
[THYMELEAF]             * [* {th:onloadedmetadata,data-th-onloadedmetadata}] [1000]: org.thymeleaf.standard.processor.StandardDOMEventAttributeTagProcessor
[THYMELEAF]             * [* {th:onstalled,data-th-onstalled}] [1000]: org.thymeleaf.standard.processor.StandardDOMEventAttributeTagProcessor
[THYMELEAF]             * [* {th:onload,data-th-onload}] [1000]: org.thymeleaf.standard.processor.StandardDOMEventAttributeTagProcessor
[THYMELEAF]             * [* {th:oncontextmenu,data-th-oncontextmenu}] [1000]: org.thymeleaf.standard.processor.StandardDOMEventAttributeTagProcessor
[THYMELEAF]             * [* {th:onpopstate,data-th-onpopstate}] [1000]: org.thymeleaf.standard.processor.StandardDOMEventAttributeTagProcessor
[THYMELEAF]             * [* {th:onreset,data-th-onreset}] [1000]: org.thymeleaf.standard.processor.StandardDOMEventAttributeTagProcessor
[THYMELEAF]             * [* {th:onforminput,data-th-onforminput}] [1000]: org.thymeleaf.standard.processor.StandardDOMEventAttributeTagProcessor
[THYMELEAF]             * [* {th:onwaiting,data-th-onwaiting}] [1000]: org.thymeleaf.standard.processor.StandardDOMEventAttributeTagProcessor
[THYMELEAF]             * [* {th:ondragleave,data-th-ondragleave}] [1000]: org.thymeleaf.standard.processor.StandardDOMEventAttributeTagProcessor
[THYMELEAF]             * [* {th:ondragend,data-th-ondragend}] [1000]: org.thymeleaf.standard.processor.StandardDOMEventAttributeTagProcessor
[THYMELEAF]             * [* {th:onchange,data-th-onchange}] [1000]: org.thymeleaf.standard.processor.StandardDOMEventAttributeTagProcessor
[THYMELEAF]             * [* {th:ondblclick,data-th-ondblclick}] [1000]: org.thymeleaf.standard.processor.StandardDOMEventAttributeTagProcessor
[THYMELEAF]             * [* {th:onmousewheel,data-th-onmousewheel}] [1000]: org.thymeleaf.standard.processor.StandardDOMEventAttributeTagProcessor
[THYMELEAF]             * [* {th:onkeypress,data-th-onkeypress}] [1000]: org.thymeleaf.standard.processor.StandardDOMEventAttributeTagProcessor
[THYMELEAF]             * [* {th:onfocus,data-th-onfocus}] [1000]: org.thymeleaf.standard.processor.StandardDOMEventAttributeTagProcessor
[THYMELEAF]             * [* {th:onmousemove,data-th-onmousemove}] [1000]: org.thymeleaf.standard.processor.StandardDOMEventAttributeTagProcessor
[THYMELEAF]             * [* {th:onerror,data-th-onerror}] [1000]: org.thymeleaf.standard.processor.StandardDOMEventAttributeTagProcessor
[THYMELEAF]             * [* {th:onmouseout,data-th-onmouseout}] [1000]: org.thymeleaf.standard.processor.StandardDOMEventAttributeTagProcessor
[THYMELEAF]             * [* {th:onformchange,data-th-onformchange}] [1000]: org.thymeleaf.standard.processor.StandardDOMEventAttributeTagProcessor
[THYMELEAF]             * [* {th:onseeking,data-th-onseeking}] [1000]: org.thymeleaf.standard.processor.StandardDOMEventAttributeTagProcessor
[THYMELEAF]             * [* {th:onkeydown,data-th-onkeydown}] [1000]: org.thymeleaf.standard.processor.StandardDOMEventAttributeTagProcessor
[THYMELEAF]             * [* {th:onhashchange,data-th-onhashchange}] [1000]: org.thymeleaf.standard.processor.StandardDOMEventAttributeTagProcessor
[THYMELEAF]             * [* {th:oncanplaythrough,data-th-oncanplaythrough}] [1000]: org.thymeleaf.standard.processor.StandardDOMEventAttributeTagProcessor
[THYMELEAF]             * [* {th:onclick,data-th-onclick}] [1000]: org.thymeleaf.standard.processor.StandardDOMEventAttributeTagProcessor
[THYMELEAF]             * [* {th:onscroll,data-th-onscroll}] [1000]: org.thymeleaf.standard.processor.StandardDOMEventAttributeTagProcessor
[THYMELEAF]             * [* {th:onmessage,data-th-onmessage}] [1000]: org.thymeleaf.standard.processor.StandardDOMEventAttributeTagProcessor
[THYMELEAF]             * [* {th:onstorage,data-th-onstorage}] [1000]: org.thymeleaf.standard.processor.StandardDOMEventAttributeTagProcessor
[THYMELEAF]             * [* {th:onvolumechange,data-th-onvolumechange}] [1000]: org.thymeleaf.standard.processor.StandardDOMEventAttributeTagProcessor
[THYMELEAF]             * [* {th:onemptied,data-th-onemptied}] [1000]: org.thymeleaf.standard.processor.StandardDOMEventAttributeTagProcessor
[THYMELEAF]             * [* {th:onbeforeprint,data-th-onbeforeprint}] [1000]: org.thymeleaf.standard.processor.StandardDOMEventAttributeTagProcessor
[THYMELEAF]             * [* {th:onunload,data-th-onunload}] [1000]: org.thymeleaf.standard.processor.StandardDOMEventAttributeTagProcessor
[THYMELEAF]             * [* {th:onloadeddata,data-th-onloadeddata}] [1000]: org.thymeleaf.standard.processor.StandardDOMEventAttributeTagProcessor
[THYMELEAF]             * [* {th:onpause,data-th-onpause}] [1000]: org.thymeleaf.standard.processor.StandardDOMEventAttributeTagProcessor
[THYMELEAF]             * [* {th:ondragstart,data-th-ondragstart}] [1000]: org.thymeleaf.standard.processor.StandardDOMEventAttributeTagProcessor
[THYMELEAF]             * [* {th:onkeyup,data-th-onkeyup}] [1000]: org.thymeleaf.standard.processor.StandardDOMEventAttributeTagProcessor
[THYMELEAF]             * [* {th:onmouseover,data-th-onmouseover}] [1000]: org.thymeleaf.standard.processor.StandardDOMEventAttributeTagProcessor
[THYMELEAF]             * [* {th:ondragover,data-th-ondragover}] [1000]: org.thymeleaf.standard.processor.StandardDOMEventAttributeTagProcessor
[THYMELEAF]             * [* {th:onabort,data-th-onabort}] [1000]: org.thymeleaf.standard.processor.StandardDOMEventAttributeTagProcessor
[THYMELEAF]             * [* {th:ondragenter,data-th-ondragenter}] [1000]: org.thymeleaf.standard.processor.StandardDOMEventAttributeTagProcessor
[THYMELEAF]             * [* {th:onreadystatechange,data-th-onreadystatechange}] [1000]: org.thymeleaf.standard.processor.StandardDOMEventAttributeTagProcessor
[THYMELEAF]             * [* {th:onloadstart,data-th-onloadstart}] [1000]: org.thymeleaf.standard.processor.StandardDOMEventAttributeTagProcessor
[THYMELEAF]             * [* {th:onundo,data-th-onundo}] [1000]: org.thymeleaf.standard.processor.StandardDOMEventAttributeTagProcessor
[THYMELEAF]             * [* {th:onmouseup,data-th-onmouseup}] [1000]: org.thymeleaf.standard.processor.StandardDOMEventAttributeTagProcessor
[THYMELEAF]             * [* {th:onmousedown,data-th-onmousedown}] [1000]: org.thymeleaf.standard.processor.StandardDOMEventAttributeTagProcessor
[THYMELEAF]             * [* {th:onoffline,data-th-onoffline}] [1000]: org.thymeleaf.standard.processor.StandardDOMEventAttributeTagProcessor
[THYMELEAF]             * [* {th:oncanplay,data-th-oncanplay}] [1000]: org.thymeleaf.standard.processor.StandardDOMEventAttributeTagProcessor
[THYMELEAF]             * [* {th:onresize,data-th-onresize}] [1000]: org.thymeleaf.standard.processor.StandardDOMEventAttributeTagProcessor
[THYMELEAF]             * [* {th:onplaying,data-th-onplaying}] [1000]: org.thymeleaf.standard.processor.StandardDOMEventAttributeTagProcessor
[THYMELEAF]             * [* {th:onseeked,data-th-onseeked}] [1000]: org.thymeleaf.standard.processor.StandardDOMEventAttributeTagProcessor
[THYMELEAF]             * [* {th:oninvalid,data-th-oninvalid}] [1000]: org.thymeleaf.standard.processor.StandardDOMEventAttributeTagProcessor
[THYMELEAF]             * [* {th:ononline,data-th-ononline}] [1000]: org.thymeleaf.standard.processor.StandardDOMEventAttributeTagProcessor
[THYMELEAF]             * [* {th:ondrop,data-th-ondrop}] [1000]: org.thymeleaf.standard.processor.StandardDOMEventAttributeTagProcessor
[THYMELEAF]             * [* {th:onended,data-th-onended}] [1000]: org.thymeleaf.standard.processor.StandardDOMEventAttributeTagProcessor
[THYMELEAF]             * [* {th:onprogress,data-th-onprogress}] [1000]: org.thymeleaf.standard.processor.StandardDOMEventAttributeTagProcessor
[THYMELEAF]             * [* {th:onafterprint,data-th-onafterprint}] [1000]: org.thymeleaf.standard.processor.StandardDOMEventAttributeTagProcessor
[THYMELEAF]             * [* {th:href,data-th-href}] [1000]: org.thymeleaf.standard.processor.StandardHrefTagProcessor
[THYMELEAF]             * [* {th:inline,data-th-inline}] [1000]: org.thymeleaf.standard.processor.StandardInlineHTMLTagProcessor
[THYMELEAF]             * [* {th:method,data-th-method}] [1000]: org.thymeleaf.standard.processor.StandardMethodTagProcessor
[THYMELEAF]             * [* {th:name,data-th-name}] [1000]: org.thymeleaf.standard.processor.StandardNonRemovableAttributeTagProcessor
[THYMELEAF]             * [* {th:type,data-th-type}] [1000]: org.thymeleaf.standard.processor.StandardNonRemovableAttributeTagProcessor
[THYMELEAF]             * [* {th:list,data-th-list}] [1000]: org.thymeleaf.standard.processor.StandardRemovableAttributeTagProcessor
[THYMELEAF]             * [* {th:audio,data-th-audio}] [1000]: org.thymeleaf.standard.processor.StandardRemovableAttributeTagProcessor
[THYMELEAF]             * [* {th:dir,data-th-dir}] [1000]: org.thymeleaf.standard.processor.StandardRemovableAttributeTagProcessor
[THYMELEAF]             * [* {th:alt,data-th-alt}] [1000]: org.thymeleaf.standard.processor.StandardRemovableAttributeTagProcessor
[THYMELEAF]             * [* {th:data,data-th-data}] [1000]: org.thymeleaf.standard.processor.StandardRemovableAttributeTagProcessor
[THYMELEAF]             * [* {th:id,data-th-id}] [1000]: org.thymeleaf.standard.processor.StandardRemovableAttributeTagProcessor
[THYMELEAF]             * [* {th:media,data-th-media}] [1000]: org.thymeleaf.standard.processor.StandardRemovableAttributeTagProcessor
[THYMELEAF]             * [* {th:icon,data-th-icon}] [1000]: org.thymeleaf.standard.processor.StandardRemovableAttributeTagProcessor
[THYMELEAF]             * [* {th:style,data-th-style}] [1000]: org.thymeleaf.standard.processor.StandardRemovableAttributeTagProcessor
[THYMELEAF]             * [* {th:poster,data-th-poster}] [1000]: org.thymeleaf.standard.processor.StandardRemovableAttributeTagProcessor
[THYMELEAF]             * [* {th:step,data-th-step}] [1000]: org.thymeleaf.standard.processor.StandardRemovableAttributeTagProcessor
[THYMELEAF]             * [* {th:max,data-th-max}] [1000]: org.thymeleaf.standard.processor.StandardRemovableAttributeTagProcessor
[THYMELEAF]             * [* {th:archive,data-th-archive}] [1000]: org.thymeleaf.standard.processor.StandardRemovableAttributeTagProcessor
[THYMELEAF]             * [* {th:keytype,data-th-keytype}] [1000]: org.thymeleaf.standard.processor.StandardRemovableAttributeTagProcessor
[THYMELEAF]             * [* {th:accesskey,data-th-accesskey}] [1000]: org.thymeleaf.standard.processor.StandardRemovableAttributeTagProcessor
[THYMELEAF]             * [* {th:sandbox,data-th-sandbox}] [1000]: org.thymeleaf.standard.processor.StandardRemovableAttributeTagProcessor
[THYMELEAF]             * [* {th:marginheight,data-th-marginheight}] [1000]: org.thymeleaf.standard.processor.StandardRemovableAttributeTagProcessor
[THYMELEAF]             * [* {th:headers,data-th-headers}] [1000]: org.thymeleaf.standard.processor.StandardRemovableAttributeTagProcessor
[THYMELEAF]             * [* {th:span,data-th-span}] [1000]: org.thymeleaf.standard.processor.StandardRemovableAttributeTagProcessor
[THYMELEAF]             * [* {th:formtarget,data-th-formtarget}] [1000]: org.thymeleaf.standard.processor.StandardRemovableAttributeTagProcessor
[THYMELEAF]             * [* {th:sizes,data-th-sizes}] [1000]: org.thymeleaf.standard.processor.StandardRemovableAttributeTagProcessor
[THYMELEAF]             * [* {th:hspace,data-th-hspace}] [1000]: org.thymeleaf.standard.processor.StandardRemovableAttributeTagProcessor
[THYMELEAF]             * [* {th:preload,data-th-preload}] [1000]: org.thymeleaf.standard.processor.StandardRemovableAttributeTagProcessor
[THYMELEAF]             * [* {th:tabindex,data-th-tabindex}] [1000]: org.thymeleaf.standard.processor.StandardRemovableAttributeTagProcessor
[THYMELEAF]             * [* {th:for,data-th-for}] [1000]: org.thymeleaf.standard.processor.StandardRemovableAttributeTagProcessor
[THYMELEAF]             * [* {th:content,data-th-content}] [1000]: org.thymeleaf.standard.processor.StandardRemovableAttributeTagProcessor
[THYMELEAF]             * [* {th:marginwidth,data-th-marginwidth}] [1000]: org.thymeleaf.standard.processor.StandardRemovableAttributeTagProcessor
[THYMELEAF]             * [* {th:formenctype,data-th-formenctype}] [1000]: org.thymeleaf.standard.processor.StandardRemovableAttributeTagProcessor
[THYMELEAF]             * [* {th:rules,data-th-rules}] [1000]: org.thymeleaf.standard.processor.StandardRemovableAttributeTagProcessor
[THYMELEAF]             * [* {th:contenteditable,data-th-contenteditable}] [1000]: org.thymeleaf.standard.processor.StandardRemovableAttributeTagProcessor
[THYMELEAF]             * [* {th:pattern,data-th-pattern}] [1000]: org.thymeleaf.standard.processor.StandardRemovableAttributeTagProcessor
[THYMELEAF]             * [* {th:autocomplete,data-th-autocomplete}] [1000]: org.thymeleaf.standard.processor.StandardRemovableAttributeTagProcessor
[THYMELEAF]             * [* {th:longdesc,data-th-longdesc}] [1000]: org.thymeleaf.standard.processor.StandardRemovableAttributeTagProcessor
[THYMELEAF]             * [* {th:colspan,data-th-colspan}] [1000]: org.thymeleaf.standard.processor.StandardRemovableAttributeTagProcessor
[THYMELEAF]             * [* {th:height,data-th-height}] [1000]: org.thymeleaf.standard.processor.StandardRemovableAttributeTagProcessor
[THYMELEAF]             * [* {th:accept,data-th-accept}] [1000]: org.thymeleaf.standard.processor.StandardRemovableAttributeTagProcessor
[THYMELEAF]             * [* {th:vspace,data-th-vspace}] [1000]: org.thymeleaf.standard.processor.StandardRemovableAttributeTagProcessor
[THYMELEAF]             * [* {th:scope,data-th-scope}] [1000]: org.thymeleaf.standard.processor.StandardRemovableAttributeTagProcessor
[THYMELEAF]             * [* {th:manifest,data-th-manifest}] [1000]: org.thymeleaf.standard.processor.StandardRemovableAttributeTagProcessor
[THYMELEAF]             * [* {th:optimum,data-th-optimum}] [1000]: org.thymeleaf.standard.processor.StandardRemovableAttributeTagProcessor
[THYMELEAF]             * [* {th:lang,data-th-lang}] [1000]: org.thymeleaf.standard.processor.StandardRemovableAttributeTagProcessor
[THYMELEAF]             * [* {th:background,data-th-background}] [1000]: org.thymeleaf.standard.processor.StandardRemovableAttributeTagProcessor
[THYMELEAF]             * [* {th:bgcolor,data-th-bgcolor}] [1000]: org.thymeleaf.standard.processor.StandardRemovableAttributeTagProcessor
[THYMELEAF]             * [* {th:cellspacing,data-th-cellspacing}] [1000]: org.thymeleaf.standard.processor.StandardRemovableAttributeTagProcessor
[THYMELEAF]             * [* {th:wrap,data-th-wrap}] [1000]: org.thymeleaf.standard.processor.StandardRemovableAttributeTagProcessor
[THYMELEAF]             * [* {th:rel,data-th-rel}] [1000]: org.thymeleaf.standard.processor.StandardRemovableAttributeTagProcessor
[THYMELEAF]             * [* {th:radiogroup,data-th-radiogroup}] [1000]: org.thymeleaf.standard.processor.StandardRemovableAttributeTagProcessor
[THYMELEAF]             * [* {th:label,data-th-label}] [1000]: org.thymeleaf.standard.processor.StandardRemovableAttributeTagProcessor
[THYMELEAF]             * [* {th:cols,data-th-cols}] [1000]: org.thymeleaf.standard.processor.StandardRemovableAttributeTagProcessor
[THYMELEAF]             * [* {th:formaction,data-th-formaction}] [1000]: org.thymeleaf.standard.processor.StandardRemovableAttributeTagProcessor
[THYMELEAF]             * [* {th:compact,data-th-compact}] [1000]: org.thymeleaf.standard.processor.StandardRemovableAttributeTagProcessor
[THYMELEAF]             * [* {th:codetype,data-th-codetype}] [1000]: org.thymeleaf.standard.processor.StandardRemovableAttributeTagProcessor
[THYMELEAF]             * [* {th:frame,data-th-frame}] [1000]: org.thymeleaf.standard.processor.StandardRemovableAttributeTagProcessor
[THYMELEAF]             * [* {th:dropzone,data-th-dropzone}] [1000]: org.thymeleaf.standard.processor.StandardRemovableAttributeTagProcessor
[THYMELEAF]             * [* {th:codebase,data-th-codebase}] [1000]: org.thymeleaf.standard.processor.StandardRemovableAttributeTagProcessor
[THYMELEAF]             * [* {th:usemap,data-th-usemap}] [1000]: org.thymeleaf.standard.processor.StandardRemovableAttributeTagProcessor
[THYMELEAF]             * [* {th:width,data-th-width}] [1000]: org.thymeleaf.standard.processor.StandardRemovableAttributeTagProcessor
[THYMELEAF]             * [* {th:form,data-th-form}] [1000]: org.thymeleaf.standard.processor.StandardRemovableAttributeTagProcessor
[THYMELEAF]             * [* {th:summary,data-th-summary}] [1000]: org.thymeleaf.standard.processor.StandardRemovableAttributeTagProcessor
[THYMELEAF]             * [* {th:charset,data-th-charset}] [1000]: org.thymeleaf.standard.processor.StandardRemovableAttributeTagProcessor
[THYMELEAF]             * [* {th:rows,data-th-rows}] [1000]: org.thymeleaf.standard.processor.StandardRemovableAttributeTagProcessor
[THYMELEAF]             * [* {th:align,data-th-align}] [1000]: org.thymeleaf.standard.processor.StandardRemovableAttributeTagProcessor
[THYMELEAF]             * [* {th:rev,data-th-rev}] [1000]: org.thymeleaf.standard.processor.StandardRemovableAttributeTagProcessor
[THYMELEAF]             * [* {th:srclang,data-th-srclang}] [1000]: org.thymeleaf.standard.processor.StandardRemovableAttributeTagProcessor
[THYMELEAF]             * [* {th:contextmenu,data-th-contextmenu}] [1000]: org.thymeleaf.standard.processor.StandardRemovableAttributeTagProcessor
[THYMELEAF]             * [* {th:title,data-th-title}] [1000]: org.thymeleaf.standard.processor.StandardRemovableAttributeTagProcessor
[THYMELEAF]             * [* {th:cite,data-th-cite}] [1000]: org.thymeleaf.standard.processor.StandardRemovableAttributeTagProcessor
[THYMELEAF]             * [* {th:draggable,data-th-draggable}] [1000]: org.thymeleaf.standard.processor.StandardRemovableAttributeTagProcessor
[THYMELEAF]             * [* {th:datetime,data-th-datetime}] [1000]: org.thymeleaf.standard.processor.StandardRemovableAttributeTagProcessor
[THYMELEAF]             * [* {th:rowspan,data-th-rowspan}] [1000]: org.thymeleaf.standard.processor.StandardRemovableAttributeTagProcessor
[THYMELEAF]             * [* {th:min,data-th-min}] [1000]: org.thymeleaf.standard.processor.StandardRemovableAttributeTagProcessor
[THYMELEAF]             * [* {th:cellpadding,data-th-cellpadding}] [1000]: org.thymeleaf.standard.processor.StandardRemovableAttributeTagProcessor
[THYMELEAF]             * [* {th:hreflang,data-th-hreflang}] [1000]: org.thymeleaf.standard.processor.StandardRemovableAttributeTagProcessor
[THYMELEAF]             * [* {th:http-equiv,data-th-http-equiv}] [1000]: org.thymeleaf.standard.processor.StandardRemovableAttributeTagProcessor
[THYMELEAF]             * [* {th:scheme,data-th-scheme}] [1000]: org.thymeleaf.standard.processor.StandardRemovableAttributeTagProcessor
[THYMELEAF]             * [* {th:enctype,data-th-enctype}] [1000]: org.thymeleaf.standard.processor.StandardRemovableAttributeTagProcessor
[THYMELEAF]             * [* {th:scrolling,data-th-scrolling}] [1000]: org.thymeleaf.standard.processor.StandardRemovableAttributeTagProcessor
[THYMELEAF]             * [* {th:kind,data-th-kind}] [1000]: org.thymeleaf.standard.processor.StandardRemovableAttributeTagProcessor
[THYMELEAF]             * [* {th:accept-charset,data-th-accept-charset}] [1000]: org.thymeleaf.standard.processor.StandardRemovableAttributeTagProcessor
[THYMELEAF]             * [* {th:border,data-th-border}] [1000]: org.thymeleaf.standard.processor.StandardRemovableAttributeTagProcessor
[THYMELEAF]             * [* {th:frameborder,data-th-frameborder}] [1000]: org.thymeleaf.standard.processor.StandardRemovableAttributeTagProcessor
[THYMELEAF]             * [* {th:start,data-th-start}] [1000]: org.thymeleaf.standard.processor.StandardRemovableAttributeTagProcessor
[THYMELEAF]             * [* {th:valuetype,data-th-valuetype}] [1000]: org.thymeleaf.standard.processor.StandardRemovableAttributeTagProcessor
[THYMELEAF]             * [* {th:maxlength,data-th-maxlength}] [1000]: org.thymeleaf.standard.processor.StandardRemovableAttributeTagProcessor
[THYMELEAF]             * [* {th:challenge,data-th-challenge}] [1000]: org.thymeleaf.standard.processor.StandardRemovableAttributeTagProcessor
[THYMELEAF]             * [* {th:axis,data-th-axis}] [1000]: org.thymeleaf.standard.processor.StandardRemovableAttributeTagProcessor
[THYMELEAF]             * [* {th:formmethod,data-th-formmethod}] [1000]: org.thymeleaf.standard.processor.StandardRemovableAttributeTagProcessor
[THYMELEAF]             * [* {th:spellcheck,data-th-spellcheck}] [1000]: org.thymeleaf.standard.processor.StandardRemovableAttributeTagProcessor
[THYMELEAF]             * [* {th:abbr,data-th-abbr}] [1000]: org.thymeleaf.standard.processor.StandardRemovableAttributeTagProcessor
[THYMELEAF]             * [* {th:class,data-th-class}] [1000]: org.thymeleaf.standard.processor.StandardRemovableAttributeTagProcessor
[THYMELEAF]             * [* {th:classid,data-th-classid}] [1000]: org.thymeleaf.standard.processor.StandardRemovableAttributeTagProcessor
[THYMELEAF]             * [* {th:low,data-th-low}] [1000]: org.thymeleaf.standard.processor.StandardRemovableAttributeTagProcessor
[THYMELEAF]             * [* {th:standby,data-th-standby}] [1000]: org.thymeleaf.standard.processor.StandardRemovableAttributeTagProcessor
[THYMELEAF]             * [* {th:placeholder,data-th-placeholder}] [1000]: org.thymeleaf.standard.processor.StandardRemovableAttributeTagProcessor
[THYMELEAF]             * [* {th:target,data-th-target}] [1000]: org.thymeleaf.standard.processor.StandardRemovableAttributeTagProcessor
[THYMELEAF]             * [* {th:size,data-th-size}] [1000]: org.thymeleaf.standard.processor.StandardRemovableAttributeTagProcessor
[THYMELEAF]             * [* {th:high,data-th-high}] [1000]: org.thymeleaf.standard.processor.StandardRemovableAttributeTagProcessor
[THYMELEAF]             * [* {th:src,data-th-src}] [1000]: org.thymeleaf.standard.processor.StandardSrcTagProcessor
[THYMELEAF]             * [* {th:value,data-th-value}] [1000]: org.thymeleaf.standard.processor.StandardValueTagProcessor
[THYMELEAF]             * [* {th:xmlbase,data-th-xmlbase}] [1000]: org.thymeleaf.standard.processor.StandardXmlBaseTagProcessor
[THYMELEAF]             * [* {th:xmllang,data-th-xmllang}] [1000]: org.thymeleaf.standard.processor.StandardXmlLangTagProcessor
[THYMELEAF]             * [* {xmlns:th}] [1000]: org.thymeleaf.standard.processor.StandardXmlNsTagProcessor
[THYMELEAF]             * [* {th:xmlspace,data-th-xmlspace}] [1000]: org.thymeleaf.standard.processor.StandardXmlSpaceTagProcessor
[THYMELEAF]             * [* {th:classappend,data-th-classappend}] [1100]: org.thymeleaf.standard.processor.StandardClassappendTagProcessor
[THYMELEAF]             * [* {th:styleappend,data-th-styleappend}] [1100]: org.thymeleaf.standard.processor.StandardStyleappendTagProcessor
[THYMELEAF]             * [* {th:text,data-th-text}] [1300]: org.thymeleaf.standard.processor.StandardTextTagProcessor
[THYMELEAF]             * [* {th:utext,data-th-utext}] [1400]: org.thymeleaf.standard.processor.StandardUtextTagProcessor
[THYMELEAF]             * [* {th:fragment,data-th-fragment}] [1500]: org.thymeleaf.standard.processor.StandardFragmentTagProcessor
[THYMELEAF]             * [* {th:assert,data-th-assert}] [1550]: org.thymeleaf.standard.processor.StandardAssertTagProcessor
[THYMELEAF]             * [* {th:remove,data-th-remove}] [1600]: org.thymeleaf.standard.processor.StandardRemoveTagProcessor
[THYMELEAF]             * [* {th:ref,data-th-ref}] [10000]: org.thymeleaf.standard.processor.StandardRefAttributeTagProcessor
[THYMELEAF]             * [{th:block,th-block} *] [100000]: org.thymeleaf.standard.processor.StandardBlockTagProcessor
[THYMELEAF]             * [* th:*] [2147483647]: org.thymeleaf.standard.processor.StandardDefaultAttributesTagProcessor
[THYMELEAF]         * Text Processors by [precedence]:
[THYMELEAF]             * [1000]: org.thymeleaf.standard.processor.StandardInliningTextProcessor
[THYMELEAF]         * DOCTYPE Processors by [precedence]:
[THYMELEAF]             * [1000]: org.thymeleaf.standard.processor.StandardTranslationDocTypeProcessor
[THYMELEAF]         * CDATA Section Processors by [precedence]:
[THYMELEAF]             * [1000]: org.thymeleaf.standard.processor.StandardInliningCDATASectionProcessor
[THYMELEAF]         * Comment Processors by [precedence]:
[THYMELEAF]             * [1000]: org.thymeleaf.standard.processor.StandardInliningCommentProcessor
[THYMELEAF]             * [1100]: org.thymeleaf.standard.processor.StandardConditionalCommentProcessor
[THYMELEAF]     * Processors for Template Mode: XML
[THYMELEAF]         * Element Tag Processors by [matching element and attribute name] [precedence]:
[THYMELEAF]             * [* {th:include}] [100]: org.thymeleaf.standard.processor.StandardIncludeTagProcessor
[THYMELEAF]             * [* {th:insert}] [100]: org.thymeleaf.standard.processor.StandardInsertTagProcessor
[THYMELEAF]             * [* {th:replace}] [100]: org.thymeleaf.standard.processor.StandardReplaceTagProcessor
[THYMELEAF]             * [* {th:each}] [200]: com.intuit.karate.template.KarateEachTagProcessor
[THYMELEAF]             * [* {th:switch}] [250]: org.thymeleaf.standard.processor.StandardSwitchTagProcessor
[THYMELEAF]             * [* {th:case}] [275]: org.thymeleaf.standard.processor.StandardCaseTagProcessor
[THYMELEAF]             * [* {th:if}] [300]: org.thymeleaf.standard.processor.StandardIfTagProcessor
[THYMELEAF]             * [* {th:unless}] [400]: org.thymeleaf.standard.processor.StandardUnlessTagProcessor
[THYMELEAF]             * [* {th:object}] [500]: org.thymeleaf.standard.processor.StandardObjectTagProcessor
[THYMELEAF]             * [* {th:with}] [600]: com.intuit.karate.template.KarateWithTagProcessor
[THYMELEAF]             * [* {th:attr}] [700]: com.intuit.karate.template.KarateAttributeTagProcessor.KarateAttrTagProcessor
[THYMELEAF]             * [* {th:attrappend}] [900]: com.intuit.karate.template.KarateAttributeTagProcessor.KarateAttrappendTagProcessor
[THYMELEAF]             * [* {th:attrprepend}] [900]: com.intuit.karate.template.KarateAttributeTagProcessor.KarateAttrprependTagProcessor
[THYMELEAF]             * [* {th:inline}] [1000]: org.thymeleaf.standard.processor.StandardInlineXMLTagProcessor
[THYMELEAF]             * [* {xmlns:th}] [1000]: org.thymeleaf.standard.processor.StandardXmlNsTagProcessor
[THYMELEAF]             * [* {th:text}] [1300]: org.thymeleaf.standard.processor.StandardTextTagProcessor
[THYMELEAF]             * [* {th:utext}] [1400]: org.thymeleaf.standard.processor.StandardUtextTagProcessor
[THYMELEAF]             * [* {th:fragment}] [1500]: org.thymeleaf.standard.processor.StandardFragmentTagProcessor
[THYMELEAF]             * [* {th:assert}] [1550]: org.thymeleaf.standard.processor.StandardAssertTagProcessor
[THYMELEAF]             * [* {th:remove}] [1600]: org.thymeleaf.standard.processor.StandardRemoveTagProcessor
[THYMELEAF]             * [* {th:ref}] [10000]: org.thymeleaf.standard.processor.StandardRefAttributeTagProcessor
[THYMELEAF]             * [{th:block} *] [100000]: org.thymeleaf.standard.processor.StandardBlockTagProcessor
[THYMELEAF]             * [* th:*] [2147483647]: org.thymeleaf.standard.processor.StandardDefaultAttributesTagProcessor
[THYMELEAF]         * Text Processors by [precedence]:
[THYMELEAF]             * [1000]: org.thymeleaf.standard.processor.StandardInliningTextProcessor
[THYMELEAF]         * CDATA Section Processors by [precedence]:
[THYMELEAF]             * [1000]: org.thymeleaf.standard.processor.StandardInliningCDATASectionProcessor
[THYMELEAF]         * Comment Processors by [precedence]:
[THYMELEAF]             * [1000]: org.thymeleaf.standard.processor.StandardInliningCommentProcessor
[THYMELEAF]     * Processors for Template Mode: TEXT
[THYMELEAF]         * Element Tag Processors by [matching element and attribute name] [precedence]:
[THYMELEAF]             * [* {th:insert}] [100]: org.thymeleaf.standard.processor.StandardInsertTagProcessor
[THYMELEAF]             * [* {th:replace}] [100]: org.thymeleaf.standard.processor.StandardReplaceTagProcessor
[THYMELEAF]             * [* {th:each}] [200]: com.intuit.karate.template.KarateEachTagProcessor
[THYMELEAF]             * [* {th:switch}] [250]: org.thymeleaf.standard.processor.StandardSwitchTagProcessor
[THYMELEAF]             * [* {th:case}] [275]: org.thymeleaf.standard.processor.StandardCaseTagProcessor
[THYMELEAF]             * [* {th:if}] [300]: org.thymeleaf.standard.processor.StandardIfTagProcessor
[THYMELEAF]             * [* {th:unless}] [400]: org.thymeleaf.standard.processor.StandardUnlessTagProcessor
[THYMELEAF]             * [* {th:object}] [500]: org.thymeleaf.standard.processor.StandardObjectTagProcessor
[THYMELEAF]             * [* {th:with}] [600]: com.intuit.karate.template.KarateWithTagProcessor
[THYMELEAF]             * [* {th:inline}] [1000]: org.thymeleaf.standard.processor.StandardInlineTextualTagProcessor
[THYMELEAF]             * [* {th:text}] [1300]: org.thymeleaf.standard.processor.StandardTextTagProcessor
[THYMELEAF]             * [* {th:utext}] [1400]: org.thymeleaf.standard.processor.StandardUtextTagProcessor
[THYMELEAF]             * [* {th:assert}] [1550]: org.thymeleaf.standard.processor.StandardAssertTagProcessor
[THYMELEAF]             * [* {th:remove}] [1600]: org.thymeleaf.standard.processor.StandardRemoveTagProcessor
[THYMELEAF]             * [* 100000] [org.thymeleaf.standard.processor.StandardBlockTagProcessor]: {}
[THYMELEAF]             * [{th:block} *] [100000]: org.thymeleaf.standard.processor.StandardBlockTagProcessor
[THYMELEAF]         * Text Processors by [precedence]:
[THYMELEAF]             * [1000]: org.thymeleaf.standard.processor.StandardInliningTextProcessor
[THYMELEAF]     * Processors for Template Mode: JAVASCRIPT
[THYMELEAF]         * Element Tag Processors by [matching element and attribute name] [precedence]:
[THYMELEAF]             * [* {th:insert}] [100]: org.thymeleaf.standard.processor.StandardInsertTagProcessor
[THYMELEAF]             * [* {th:replace}] [100]: org.thymeleaf.standard.processor.StandardReplaceTagProcessor
[THYMELEAF]             * [* {th:each}] [200]: com.intuit.karate.template.KarateEachTagProcessor
[THYMELEAF]             * [* {th:switch}] [250]: org.thymeleaf.standard.processor.StandardSwitchTagProcessor
[THYMELEAF]             * [* {th:case}] [275]: org.thymeleaf.standard.processor.StandardCaseTagProcessor
[THYMELEAF]             * [* {th:if}] [300]: org.thymeleaf.standard.processor.StandardIfTagProcessor
[THYMELEAF]             * [* {th:unless}] [400]: org.thymeleaf.standard.processor.StandardUnlessTagProcessor
[THYMELEAF]             * [* {th:object}] [500]: org.thymeleaf.standard.processor.StandardObjectTagProcessor
[THYMELEAF]             * [* {th:with}] [600]: com.intuit.karate.template.KarateWithTagProcessor
[THYMELEAF]             * [* {th:inline}] [1000]: org.thymeleaf.standard.processor.StandardInlineTextualTagProcessor
[THYMELEAF]             * [* {th:text}] [1300]: org.thymeleaf.standard.processor.StandardTextTagProcessor
[THYMELEAF]             * [* {th:utext}] [1400]: org.thymeleaf.standard.processor.StandardUtextTagProcessor
[THYMELEAF]             * [* {th:assert}] [1550]: org.thymeleaf.standard.processor.StandardAssertTagProcessor
[THYMELEAF]             * [* {th:remove}] [1600]: org.thymeleaf.standard.processor.StandardRemoveTagProcessor
[THYMELEAF]             * [* 100000] [org.thymeleaf.standard.processor.StandardBlockTagProcessor]: {}
[THYMELEAF]             * [{th:block} *] [100000]: org.thymeleaf.standard.processor.StandardBlockTagProcessor
[THYMELEAF]         * Text Processors by [precedence]:
[THYMELEAF]             * [1000]: org.thymeleaf.standard.processor.StandardInliningTextProcessor
[THYMELEAF]     * Processors for Template Mode: CSS
[THYMELEAF]         * Element Tag Processors by [matching element and attribute name] [precedence]:
[THYMELEAF]             * [* {th:insert}] [100]: org.thymeleaf.standard.processor.StandardInsertTagProcessor
[THYMELEAF]             * [* {th:replace}] [100]: org.thymeleaf.standard.processor.StandardReplaceTagProcessor
[THYMELEAF]             * [* {th:each}] [200]: com.intuit.karate.template.KarateEachTagProcessor
[THYMELEAF]             * [* {th:switch}] [250]: org.thymeleaf.standard.processor.StandardSwitchTagProcessor
[THYMELEAF]             * [* {th:case}] [275]: org.thymeleaf.standard.processor.StandardCaseTagProcessor
[THYMELEAF]             * [* {th:if}] [300]: org.thymeleaf.standard.processor.StandardIfTagProcessor
[THYMELEAF]             * [* {th:unless}] [400]: org.thymeleaf.standard.processor.StandardUnlessTagProcessor
[THYMELEAF]             * [* {th:object}] [500]: org.thymeleaf.standard.processor.StandardObjectTagProcessor
[THYMELEAF]             * [* {th:with}] [600]: com.intuit.karate.template.KarateWithTagProcessor
[THYMELEAF]             * [* {th:inline}] [1000]: org.thymeleaf.standard.processor.StandardInlineTextualTagProcessor
[THYMELEAF]             * [* {th:text}] [1300]: org.thymeleaf.standard.processor.StandardTextTagProcessor
[THYMELEAF]             * [* {th:utext}] [1400]: org.thymeleaf.standard.processor.StandardUtextTagProcessor
[THYMELEAF]             * [* {th:assert}] [1550]: org.thymeleaf.standard.processor.StandardAssertTagProcessor
[THYMELEAF]             * [* {th:remove}] [1600]: org.thymeleaf.standard.processor.StandardRemoveTagProcessor
[THYMELEAF]             * [* 100000] [org.thymeleaf.standard.processor.StandardBlockTagProcessor]: {}
[THYMELEAF]             * [{th:block} *] [100000]: org.thymeleaf.standard.processor.StandardBlockTagProcessor
[THYMELEAF]         * Text Processors by [precedence]:
[THYMELEAF]             * [1000]: org.thymeleaf.standard.processor.StandardInliningTextProcessor
[THYMELEAF]     * Expression Objects:
[THYMELEAF]         * #ctx
[THYMELEAF]         * #root
[THYMELEAF]         * #vars
[THYMELEAF]         * #object
[THYMELEAF]         * #locale
[THYMELEAF]         * #conversions
[THYMELEAF]         * #uris
[THYMELEAF]         * #temporals
[THYMELEAF]         * #calendars
[THYMELEAF]         * #dates
[THYMELEAF]         * #bools
[THYMELEAF]         * #numbers
[THYMELEAF]         * #objects
[THYMELEAF]         * #strings
[THYMELEAF]         * #arrays
[THYMELEAF]         * #lists
[THYMELEAF]         * #sets
[THYMELEAF]         * #maps
[THYMELEAF]         * #aggregates
[THYMELEAF]         * #messages
[THYMELEAF]         * #ids
[THYMELEAF]         * #execInfo
[THYMELEAF]         * #request
[THYMELEAF]         * #response
[THYMELEAF]         * #session
[THYMELEAF]         * #servletContext
[THYMELEAF]     * Execution Attributes:
[THYMELEAF]         * "StandardExpressionParser": com.intuit.karate.template.KarateStandardDialect@17d2b646
[THYMELEAF]         * "StandardJavaScriptSerializer": org.thymeleaf.standard.serializer.StandardJavaScriptSerializer@7717b4a0
[THYMELEAF]         * "StandardCSSSerializer": org.thymeleaf.standard.serializer.StandardCSSSerializer@69b37f5c
[THYMELEAF]         * "StandardVariableExpressionEvaluator": com.intuit.karate.template.KarateStandardDialect@17d2b646
[THYMELEAF]         * "StandardConversionService": org.thymeleaf.standard.expression.StandardConversionService@28b5662d
[THYMELEAF] * Dialect [2 of 2]: karate (com.intuit.karate.template.KarateScriptDialect)
[THYMELEAF]     * Prefix: "ka"
[THYMELEAF]     * Processors for Template Mode: HTML
[THYMELEAF]         * Element Tag Processors by [matching element and attribute name] [precedence]:
[THYMELEAF]             * [* {src}] [1000]: com.intuit.karate.template.KaScriptAttrProcessor
[THYMELEAF]         * Element Model Processors by [matching element and attribute name] [precedence]:
[THYMELEAF]             * [{script} {ka:scope,data-ka-scope}] [1000]: com.intuit.karate.template.KaScriptElemProcessor
[THYMELEAF]             * [* {ka:set,data-ka-set}] [1000]: com.intuit.karate.template.KaSetElemProcessor
[THYMELEAF] TEMPLATE ENGINE CONFIGURED OK
18:58:46.620 [main] DEBUG org.thymeleaf.TemplateEngine -- [THYMELEAF] TEMPLATE ENGINE INITIALIZED
18:58:46.686 [main] DEBUG org.thymeleaf.TemplateEngine -- [THYMELEAF] INITIALIZING TEMPLATE ENGINE
18:58:46.712 [main] DEBUG org.thymeleaf.TemplateEngine.CONFIG -- Initializing Thymeleaf Template engine configuration...
[THYMELEAF] TEMPLATE ENGINE CONFIGURATION:
[THYMELEAF] * Thymeleaf version: 3.1.2.RELEASE (built 2023-07-30T19:25:50+0000)
[THYMELEAF] * Cache Manager implementation: org.thymeleaf.cache.StandardCacheManager
[THYMELEAF] * Template resolvers:
[THYMELEAF]     * [1] com.intuit.karate.template.ResourceHtmlTemplateResolver
[THYMELEAF] * Message resolvers:
[THYMELEAF]     * org.thymeleaf.messageresolver.StandardMessageResolver
[THYMELEAF] * Link builders:
[THYMELEAF]     * org.thymeleaf.linkbuilder.StandardLinkBuilder
[THYMELEAF] * Dialect [1 of 2]: Standard (com.intuit.karate.template.KarateStandardDialect)
[THYMELEAF]     * Prefix: "th"
[THYMELEAF]     * Processors for Template Mode: HTML
[THYMELEAF]         * Element Tag Processors by [matching element and attribute name] [precedence]:
[THYMELEAF]             * [* {th:include,data-th-include}] [100]: org.thymeleaf.standard.processor.StandardIncludeTagProcessor
[THYMELEAF]             * [* {th:insert,data-th-insert}] [100]: org.thymeleaf.standard.processor.StandardInsertTagProcessor
[THYMELEAF]             * [* {th:replace,data-th-replace}] [100]: org.thymeleaf.standard.processor.StandardReplaceTagProcessor
[THYMELEAF]             * [* {th:each,data-th-each}] [200]: com.intuit.karate.template.KarateEachTagProcessor
[THYMELEAF]             * [* {th:switch,data-th-switch}] [250]: org.thymeleaf.standard.processor.StandardSwitchTagProcessor
[THYMELEAF]             * [* {th:case,data-th-case}] [275]: org.thymeleaf.standard.processor.StandardCaseTagProcessor
[THYMELEAF]             * [* {th:if,data-th-if}] [300]: org.thymeleaf.standard.processor.StandardIfTagProcessor
[THYMELEAF]             * [* {th:unless,data-th-unless}] [400]: org.thymeleaf.standard.processor.StandardUnlessTagProcessor
[THYMELEAF]             * [* {th:object,data-th-object}] [500]: org.thymeleaf.standard.processor.StandardObjectTagProcessor
[THYMELEAF]             * [* {th:with,data-th-with}] [600]: com.intuit.karate.template.KarateWithTagProcessor
[THYMELEAF]             * [* {th:attr,data-th-attr}] [700]: com.intuit.karate.template.KarateAttributeTagProcessor.KarateAttrTagProcessor
[THYMELEAF]             * [* {th:attrappend,data-th-attrappend}] [900]: com.intuit.karate.template.KarateAttributeTagProcessor.KarateAttrappendTagProcessor
[THYMELEAF]             * [* {th:attrprepend,data-th-attrprepend}] [900]: com.intuit.karate.template.KarateAttributeTagProcessor.KarateAttrprependTagProcessor
[THYMELEAF]             * [* {th:alt-title,data-th-alt-title}] [990]: org.thymeleaf.standard.processor.StandardAltTitleTagProcessor
[THYMELEAF]             * [* {th:lang-xmllang,data-th-lang-xmllang}] [990]: org.thymeleaf.standard.processor.StandardLangXmlLangTagProcessor
[THYMELEAF]             * [* {th:action,data-th-action}] [1000]: org.thymeleaf.standard.processor.StandardActionTagProcessor
[THYMELEAF]             * [* {th:readonly,data-th-readonly}] [1000]: org.thymeleaf.standard.processor.StandardConditionalFixedValueTagProcessor
[THYMELEAF]             * [* {th:novalidate,data-th-novalidate}] [1000]: org.thymeleaf.standard.processor.StandardConditionalFixedValueTagProcessor
[THYMELEAF]             * [* {th:scoped,data-th-scoped}] [1000]: org.thymeleaf.standard.processor.StandardConditionalFixedValueTagProcessor
[THYMELEAF]             * [* {th:disabled,data-th-disabled}] [1000]: org.thymeleaf.standard.processor.StandardConditionalFixedValueTagProcessor
[THYMELEAF]             * [* {th:loop,data-th-loop}] [1000]: org.thymeleaf.standard.processor.StandardConditionalFixedValueTagProcessor
[THYMELEAF]             * [* {th:seamless,data-th-seamless}] [1000]: org.thymeleaf.standard.processor.StandardConditionalFixedValueTagProcessor
[THYMELEAF]             * [* {th:required,data-th-required}] [1000]: org.thymeleaf.standard.processor.StandardConditionalFixedValueTagProcessor
[THYMELEAF]             * [* {th:open,data-th-open}] [1000]: org.thymeleaf.standard.processor.StandardConditionalFixedValueTagProcessor
[THYMELEAF]             * [* {th:checked,data-th-checked}] [1000]: org.thymeleaf.standard.processor.StandardConditionalFixedValueTagProcessor
[THYMELEAF]             * [* {th:autofocus,data-th-autofocus}] [1000]: org.thymeleaf.standard.processor.StandardConditionalFixedValueTagProcessor
[THYMELEAF]             * [* {th:ismap,data-th-ismap}] [1000]: org.thymeleaf.standard.processor.StandardConditionalFixedValueTagProcessor
[THYMELEAF]             * [* {th:declare,data-th-declare}] [1000]: org.thymeleaf.standard.processor.StandardConditionalFixedValueTagProcessor
[THYMELEAF]             * [* {th:pubdate,data-th-pubdate}] [1000]: org.thymeleaf.standard.processor.StandardConditionalFixedValueTagProcessor
[THYMELEAF]             * [* {th:reversed,data-th-reversed}] [1000]: org.thymeleaf.standard.processor.StandardConditionalFixedValueTagProcessor
[THYMELEAF]             * [* {th:selected,data-th-selected}] [1000]: org.thymeleaf.standard.processor.StandardConditionalFixedValueTagProcessor
[THYMELEAF]             * [* {th:autoplay,data-th-autoplay}] [1000]: org.thymeleaf.standard.processor.StandardConditionalFixedValueTagProcessor
[THYMELEAF]             * [* {th:formnovalidate,data-th-formnovalidate}] [1000]: org.thymeleaf.standard.processor.StandardConditionalFixedValueTagProcessor
[THYMELEAF]             * [* {th:async,data-th-async}] [1000]: org.thymeleaf.standard.processor.StandardConditionalFixedValueTagProcessor
[THYMELEAF]             * [* {th:defer,data-th-defer}] [1000]: org.thymeleaf.standard.processor.StandardConditionalFixedValueTagProcessor
[THYMELEAF]             * [* {th:nowrap,data-th-nowrap}] [1000]: org.thymeleaf.standard.processor.StandardConditionalFixedValueTagProcessor
[THYMELEAF]             * [* {th:controls,data-th-controls}] [1000]: org.thymeleaf.standard.processor.StandardConditionalFixedValueTagProcessor
[THYMELEAF]             * [* {th:hidden,data-th-hidden}] [1000]: org.thymeleaf.standard.processor.StandardConditionalFixedValueTagProcessor
[THYMELEAF]             * [* {th:multiple,data-th-multiple}] [1000]: org.thymeleaf.standard.processor.StandardConditionalFixedValueTagProcessor
[THYMELEAF]             * [* {th:default,data-th-default}] [1000]: org.thymeleaf.standard.processor.StandardConditionalFixedValueTagProcessor
[THYMELEAF]             * [* {th:onkeyup,data-th-onkeyup}] [1000]: org.thymeleaf.standard.processor.StandardDOMEventAttributeTagProcessor
[THYMELEAF]             * [* {th:onmouseover,data-th-onmouseover}] [1000]: org.thymeleaf.standard.processor.StandardDOMEventAttributeTagProcessor
[THYMELEAF]             * [* {th:onresize,data-th-onresize}] [1000]: org.thymeleaf.standard.processor.StandardDOMEventAttributeTagProcessor
[THYMELEAF]             * [* {th:onfocus,data-th-onfocus}] [1000]: org.thymeleaf.standard.processor.StandardDOMEventAttributeTagProcessor
[THYMELEAF]             * [* {th:onstalled,data-th-onstalled}] [1000]: org.thymeleaf.standard.processor.StandardDOMEventAttributeTagProcessor
[THYMELEAF]             * [* {th:onmousemove,data-th-onmousemove}] [1000]: org.thymeleaf.standard.processor.StandardDOMEventAttributeTagProcessor
[THYMELEAF]             * [* {th:onmousewheel,data-th-onmousewheel}] [1000]: org.thymeleaf.standard.processor.StandardDOMEventAttributeTagProcessor
[THYMELEAF]             * [* {th:onunload,data-th-onunload}] [1000]: org.thymeleaf.standard.processor.StandardDOMEventAttributeTagProcessor
[THYMELEAF]             * [* {th:onkeypress,data-th-onkeypress}] [1000]: org.thymeleaf.standard.processor.StandardDOMEventAttributeTagProcessor
[THYMELEAF]             * [* {th:oninvalid,data-th-oninvalid}] [1000]: org.thymeleaf.standard.processor.StandardDOMEventAttributeTagProcessor
[THYMELEAF]             * [* {th:onloadeddata,data-th-onloadeddata}] [1000]: org.thymeleaf.standard.processor.StandardDOMEventAttributeTagProcessor
[THYMELEAF]             * [* {th:onstorage,data-th-onstorage}] [1000]: org.thymeleaf.standard.processor.StandardDOMEventAttributeTagProcessor
[THYMELEAF]             * [* {th:onbeforeunload,data-th-onbeforeunload}] [1000]: org.thymeleaf.standard.processor.StandardDOMEventAttributeTagProcessor
[THYMELEAF]             * [* {th:ontimeupdate,data-th-ontimeupdate}] [1000]: org.thymeleaf.standard.processor.StandardDOMEventAttributeTagProcessor
[THYMELEAF]             * [* {th:onoffline,data-th-onoffline}] [1000]: org.thymeleaf.standard.processor.StandardDOMEventAttributeTagProcessor
[THYMELEAF]             * [* {th:onmessage,data-th-onmessage}] [1000]: org.thymeleaf.standard.processor.StandardDOMEventAttributeTagProcessor
[THYMELEAF]             * [* {th:ondrag,data-th-ondrag}] [1000]: org.thymeleaf.standard.processor.StandardDOMEventAttributeTagProcessor
[THYMELEAF]             * [* {th:ondurationchange,data-th-ondurationchange}] [1000]: org.thymeleaf.standard.processor.StandardDOMEventAttributeTagProcessor
[THYMELEAF]             * [* {th:onvolumechange,data-th-onvolumechange}] [1000]: org.thymeleaf.standard.processor.StandardDOMEventAttributeTagProcessor
[THYMELEAF]             * [* {th:onplaying,data-th-onplaying}] [1000]: org.thymeleaf.standard.processor.StandardDOMEventAttributeTagProcessor
[THYMELEAF]             * [* {th:onabort,data-th-onabort}] [1000]: org.thymeleaf.standard.processor.StandardDOMEventAttributeTagProcessor
[THYMELEAF]             * [* {th:onshow,data-th-onshow}] [1000]: org.thymeleaf.standard.processor.StandardDOMEventAttributeTagProcessor
[THYMELEAF]             * [* {th:onseeked,data-th-onseeked}] [1000]: org.thymeleaf.standard.processor.StandardDOMEventAttributeTagProcessor
[THYMELEAF]             * [* {th:onmouseup,data-th-onmouseup}] [1000]: org.thymeleaf.standard.processor.StandardDOMEventAttributeTagProcessor
[THYMELEAF]             * [* {th:onreadystatechange,data-th-onreadystatechange}] [1000]: org.thymeleaf.standard.processor.StandardDOMEventAttributeTagProcessor
[THYMELEAF]             * [* {th:oncanplaythrough,data-th-oncanplaythrough}] [1000]: org.thymeleaf.standard.processor.StandardDOMEventAttributeTagProcessor
[THYMELEAF]             * [* {th:onpopstate,data-th-onpopstate}] [1000]: org.thymeleaf.standard.processor.StandardDOMEventAttributeTagProcessor
[THYMELEAF]             * [* {th:ondragleave,data-th-ondragleave}] [1000]: org.thymeleaf.standard.processor.StandardDOMEventAttributeTagProcessor
[THYMELEAF]             * [* {th:onprogress,data-th-onprogress}] [1000]: org.thymeleaf.standard.processor.StandardDOMEventAttributeTagProcessor
[THYMELEAF]             * [* {th:onblur,data-th-onblur}] [1000]: org.thymeleaf.standard.processor.StandardDOMEventAttributeTagProcessor
[THYMELEAF]             * [* {th:ononline,data-th-ononline}] [1000]: org.thymeleaf.standard.processor.StandardDOMEventAttributeTagProcessor
[THYMELEAF]             * [* {th:onwaiting,data-th-onwaiting}] [1000]: org.thymeleaf.standard.processor.StandardDOMEventAttributeTagProcessor
[THYMELEAF]             * [* {th:onforminput,data-th-onforminput}] [1000]: org.thymeleaf.standard.processor.StandardDOMEventAttributeTagProcessor
[THYMELEAF]             * [* {th:onpause,data-th-onpause}] [1000]: org.thymeleaf.standard.processor.StandardDOMEventAttributeTagProcessor
[THYMELEAF]             * [* {th:oninput,data-th-oninput}] [1000]: org.thymeleaf.standard.processor.StandardDOMEventAttributeTagProcessor
[THYMELEAF]             * [* {th:ondragend,data-th-ondragend}] [1000]: org.thymeleaf.standard.processor.StandardDOMEventAttributeTagProcessor
[THYMELEAF]             * [* {th:onended,data-th-onended}] [1000]: org.thymeleaf.standard.processor.StandardDOMEventAttributeTagProcessor
[THYMELEAF]             * [* {th:onloadstart,data-th-onloadstart}] [1000]: org.thymeleaf.standard.processor.StandardDOMEventAttributeTagProcessor
[THYMELEAF]             * [* {th:onemptied,data-th-onemptied}] [1000]: org.thymeleaf.standard.processor.StandardDOMEventAttributeTagProcessor
[THYMELEAF]             * [* {th:onerror,data-th-onerror}] [1000]: org.thymeleaf.standard.processor.StandardDOMEventAttributeTagProcessor
[THYMELEAF]             * [* {th:onplay,data-th-onplay}] [1000]: org.thymeleaf.standard.processor.StandardDOMEventAttributeTagProcessor
[THYMELEAF]             * [* {th:onafterprint,data-th-onafterprint}] [1000]: org.thymeleaf.standard.processor.StandardDOMEventAttributeTagProcessor
[THYMELEAF]             * [* {th:ondragenter,data-th-ondragenter}] [1000]: org.thymeleaf.standard.processor.StandardDOMEventAttributeTagProcessor
[THYMELEAF]             * [* {th:onscroll,data-th-onscroll}] [1000]: org.thymeleaf.standard.processor.StandardDOMEventAttributeTagProcessor
[THYMELEAF]             * [* {th:onload,data-th-onload}] [1000]: org.thymeleaf.standard.processor.StandardDOMEventAttributeTagProcessor
[THYMELEAF]             * [* {th:onloadedmetadata,data-th-onloadedmetadata}] [1000]: org.thymeleaf.standard.processor.StandardDOMEventAttributeTagProcessor
[THYMELEAF]             * [* {th:oncontextmenu,data-th-oncontextmenu}] [1000]: org.thymeleaf.standard.processor.StandardDOMEventAttributeTagProcessor
[THYMELEAF]             * [* {th:onbeforeprint,data-th-onbeforeprint}] [1000]: org.thymeleaf.standard.processor.StandardDOMEventAttributeTagProcessor
[THYMELEAF]             * [* {th:onseeking,data-th-onseeking}] [1000]: org.thymeleaf.standard.processor.StandardDOMEventAttributeTagProcessor
[THYMELEAF]             * [* {th:ondragstart,data-th-ondragstart}] [1000]: org.thymeleaf.standard.processor.StandardDOMEventAttributeTagProcessor
[THYMELEAF]             * [* {th:onmouseout,data-th-onmouseout}] [1000]: org.thymeleaf.standard.processor.StandardDOMEventAttributeTagProcessor
[THYMELEAF]             * [* {th:onclick,data-th-onclick}] [1000]: org.thymeleaf.standard.processor.StandardDOMEventAttributeTagProcessor
[THYMELEAF]             * [* {th:onmousedown,data-th-onmousedown}] [1000]: org.thymeleaf.standard.processor.StandardDOMEventAttributeTagProcessor
[THYMELEAF]             * [* {th:onratechange,data-th-onratechange}] [1000]: org.thymeleaf.standard.processor.StandardDOMEventAttributeTagProcessor
[THYMELEAF]             * [* {th:oncanplay,data-th-oncanplay}] [1000]: org.thymeleaf.standard.processor.StandardDOMEventAttributeTagProcessor
[THYMELEAF]             * [* {th:onsuspend,data-th-onsuspend}] [1000]: org.thymeleaf.standard.processor.StandardDOMEventAttributeTagProcessor
[THYMELEAF]             * [* {th:onkeydown,data-th-onkeydown}] [1000]: org.thymeleaf.standard.processor.StandardDOMEventAttributeTagProcessor
[THYMELEAF]             * [* {th:onundo,data-th-onundo}] [1000]: org.thymeleaf.standard.processor.StandardDOMEventAttributeTagProcessor
[THYMELEAF]             * [* {th:onreset,data-th-onreset}] [1000]: org.thymeleaf.standard.processor.StandardDOMEventAttributeTagProcessor
[THYMELEAF]             * [* {th:onhashchange,data-th-onhashchange}] [1000]: org.thymeleaf.standard.processor.StandardDOMEventAttributeTagProcessor
[THYMELEAF]             * [* {th:onchange,data-th-onchange}] [1000]: org.thymeleaf.standard.processor.StandardDOMEventAttributeTagProcessor
[THYMELEAF]             * [* {th:ondragover,data-th-ondragover}] [1000]: org.thymeleaf.standard.processor.StandardDOMEventAttributeTagProcessor
[THYMELEAF]             * [* {th:onformchange,data-th-onformchange}] [1000]: org.thymeleaf.standard.processor.StandardDOMEventAttributeTagProcessor
[THYMELEAF]             * [* {th:onredo,data-th-onredo}] [1000]: org.thymeleaf.standard.processor.StandardDOMEventAttributeTagProcessor
[THYMELEAF]             * [* {th:onselect,data-th-onselect}] [1000]: org.thymeleaf.standard.processor.StandardDOMEventAttributeTagProcessor
[THYMELEAF]             * [* {th:ondblclick,data-th-ondblclick}] [1000]: org.thymeleaf.standard.processor.StandardDOMEventAttributeTagProcessor
[THYMELEAF]             * [* {th:ondrop,data-th-ondrop}] [1000]: org.thymeleaf.standard.processor.StandardDOMEventAttributeTagProcessor
[THYMELEAF]             * [* {th:onsubmit,data-th-onsubmit}] [1000]: org.thymeleaf.standard.processor.StandardDOMEventAttributeTagProcessor
[THYMELEAF]             * [* {th:href,data-th-href}] [1000]: org.thymeleaf.standard.processor.StandardHrefTagProcessor
[THYMELEAF]             * [* {th:inline,data-th-inline}] [1000]: org.thymeleaf.standard.processor.StandardInlineHTMLTagProcessor
[THYMELEAF]             * [* {th:method,data-th-method}] [1000]: org.thymeleaf.standard.processor.StandardMethodTagProcessor
[THYMELEAF]             * [* {th:name,data-th-name}] [1000]: org.thymeleaf.standard.processor.StandardNonRemovableAttributeTagProcessor
[THYMELEAF]             * [* {th:type,data-th-type}] [1000]: org.thymeleaf.standard.processor.StandardNonRemovableAttributeTagProcessor
[THYMELEAF]             * [* {th:width,data-th-width}] [1000]: org.thymeleaf.standard.processor.StandardRemovableAttributeTagProcessor
[THYMELEAF]             * [* {th:codebase,data-th-codebase}] [1000]: org.thymeleaf.standard.processor.StandardRemovableAttributeTagProcessor
[THYMELEAF]             * [* {th:pattern,data-th-pattern}] [1000]: org.thymeleaf.standard.processor.StandardRemovableAttributeTagProcessor
[THYMELEAF]             * [* {th:tabindex,data-th-tabindex}] [1000]: org.thymeleaf.standard.processor.StandardRemovableAttributeTagProcessor
[THYMELEAF]             * [* {th:dir,data-th-dir}] [1000]: org.thymeleaf.standard.processor.StandardRemovableAttributeTagProcessor
[THYMELEAF]             * [* {th:for,data-th-for}] [1000]: org.thymeleaf.standard.processor.StandardRemovableAttributeTagProcessor
[THYMELEAF]             * [* {th:contextmenu,data-th-contextmenu}] [1000]: org.thymeleaf.standard.processor.StandardRemovableAttributeTagProcessor
[THYMELEAF]             * [* {th:dropzone,data-th-dropzone}] [1000]: org.thymeleaf.standard.processor.StandardRemovableAttributeTagProcessor
[THYMELEAF]             * [* {th:srclang,data-th-srclang}] [1000]: org.thymeleaf.standard.processor.StandardRemovableAttributeTagProcessor
[THYMELEAF]             * [* {th:draggable,data-th-draggable}] [1000]: org.thymeleaf.standard.processor.StandardRemovableAttributeTagProcessor
[THYMELEAF]             * [* {th:challenge,data-th-challenge}] [1000]: org.thymeleaf.standard.processor.StandardRemovableAttributeTagProcessor
[THYMELEAF]             * [* {th:sandbox,data-th-sandbox}] [1000]: org.thymeleaf.standard.processor.StandardRemovableAttributeTagProcessor
[THYMELEAF]             * [* {th:height,data-th-height}] [1000]: org.thymeleaf.standard.processor.StandardRemovableAttributeTagProcessor
[THYMELEAF]             * [* {th:usemap,data-th-usemap}] [1000]: org.thymeleaf.standard.processor.StandardRemovableAttributeTagProcessor
[THYMELEAF]             * [* {th:style,data-th-style}] [1000]: org.thymeleaf.standard.processor.StandardRemovableAttributeTagProcessor
[THYMELEAF]             * [* {th:bgcolor,data-th-bgcolor}] [1000]: org.thymeleaf.standard.processor.StandardRemovableAttributeTagProcessor
[THYMELEAF]             * [* {th:form,data-th-form}] [1000]: org.thymeleaf.standard.processor.StandardRemovableAttributeTagProcessor
[THYMELEAF]             * [* {th:marginwidth,data-th-marginwidth}] [1000]: org.thymeleaf.standard.processor.StandardRemovableAttributeTagProcessor
[THYMELEAF]             * [* {th:contenteditable,data-th-contenteditable}] [1000]: org.thymeleaf.standard.processor.StandardRemovableAttributeTagProcessor
[THYMELEAF]             * [* {th:content,data-th-content}] [1000]: org.thymeleaf.standard.processor.StandardRemovableAttributeTagProcessor
[THYMELEAF]             * [* {th:rel,data-th-rel}] [1000]: org.thymeleaf.standard.processor.StandardRemovableAttributeTagProcessor
[THYMELEAF]             * [* {th:background,data-th-background}] [1000]: org.thymeleaf.standard.processor.StandardRemovableAttributeTagProcessor
[THYMELEAF]             * [* {th:frame,data-th-frame}] [1000]: org.thymeleaf.standard.processor.StandardRemovableAttributeTagProcessor
[THYMELEAF]             * [* {th:cellpadding,data-th-cellpadding}] [1000]: org.thymeleaf.standard.processor.StandardRemovableAttributeTagProcessor
[THYMELEAF]             * [* {th:id,data-th-id}] [1000]: org.thymeleaf.standard.processor.StandardRemovableAttributeTagProcessor
[THYMELEAF]             * [* {th:classid,data-th-classid}] [1000]: org.thymeleaf.standard.processor.StandardRemovableAttributeTagProcessor
[THYMELEAF]             * [* {th:valuetype,data-th-valuetype}] [1000]: org.thymeleaf.standard.processor.StandardRemovableAttributeTagProcessor
[THYMELEAF]             * [* {th:formaction,data-th-formaction}] [1000]: org.thymeleaf.standard.processor.StandardRemovableAttributeTagProcessor
[THYMELEAF]             * [* {th:formtarget,data-th-formtarget}] [1000]: org.thymeleaf.standard.processor.StandardRemovableAttributeTagProcessor
[THYMELEAF]             * [* {th:accept,data-th-accept}] [1000]: org.thymeleaf.standard.processor.StandardRemovableAttributeTagProcessor
[THYMELEAF]             * [* {th:size,data-th-size}] [1000]: org.thymeleaf.standard.processor.StandardRemovableAttributeTagProcessor
[THYMELEAF]             * [* {th:media,data-th-media}] [1000]: org.thymeleaf.standard.processor.StandardRemovableAttributeTagProcessor
[THYMELEAF]             * [* {th:audio,data-th-audio}] [1000]: org.thymeleaf.standard.processor.StandardRemovableAttributeTagProcessor
[THYMELEAF]             * [* {th:manifest,data-th-manifest}] [1000]: org.thymeleaf.standard.processor.StandardRemovableAttributeTagProcessor
[THYMELEAF]             * [* {th:cols,data-th-cols}] [1000]: org.thymeleaf.standard.processor.StandardRemovableAttributeTagProcessor
[THYMELEAF]             * [* {th:kind,data-th-kind}] [1000]: org.thymeleaf.standard.processor.StandardRemovableAttributeTagProcessor
[THYMELEAF]             * [* {th:longdesc,data-th-longdesc}] [1000]: org.thymeleaf.standard.processor.StandardRemovableAttributeTagProcessor
[THYMELEAF]             * [* {th:border,data-th-border}] [1000]: org.thymeleaf.standard.processor.StandardRemovableAttributeTagProcessor
[THYMELEAF]             * [* {th:enctype,data-th-enctype}] [1000]: org.thymeleaf.standard.processor.StandardRemovableAttributeTagProcessor
[THYMELEAF]             * [* {th:datetime,data-th-datetime}] [1000]: org.thymeleaf.standard.processor.StandardRemovableAttributeTagProcessor
[THYMELEAF]             * [* {th:hreflang,data-th-hreflang}] [1000]: org.thymeleaf.standard.processor.StandardRemovableAttributeTagProcessor
[THYMELEAF]             * [* {th:align,data-th-align}] [1000]: org.thymeleaf.standard.processor.StandardRemovableAttributeTagProcessor
[THYMELEAF]             * [* {th:rowspan,data-th-rowspan}] [1000]: org.thymeleaf.standard.processor.StandardRemovableAttributeTagProcessor
[THYMELEAF]             * [* {th:rows,data-th-rows}] [1000]: org.thymeleaf.standard.processor.StandardRemovableAttributeTagProcessor
[THYMELEAF]             * [* {th:class,data-th-class}] [1000]: org.thymeleaf.standard.processor.StandardRemovableAttributeTagProcessor
[THYMELEAF]             * [* {th:high,data-th-high}] [1000]: org.thymeleaf.standard.processor.StandardRemovableAttributeTagProcessor
[THYMELEAF]             * [* {th:colspan,data-th-colspan}] [1000]: org.thymeleaf.standard.processor.StandardRemovableAttributeTagProcessor
[THYMELEAF]             * [* {th:charset,data-th-charset}] [1000]: org.thymeleaf.standard.processor.StandardRemovableAttributeTagProcessor
[THYMELEAF]             * [* {th:frameborder,data-th-frameborder}] [1000]: org.thymeleaf.standard.processor.StandardRemovableAttributeTagProcessor
[THYMELEAF]             * [* {th:span,data-th-span}] [1000]: org.thymeleaf.standard.processor.StandardRemovableAttributeTagProcessor
[THYMELEAF]             * [* {th:accept-charset,data-th-accept-charset}] [1000]: org.thymeleaf.standard.processor.StandardRemovableAttributeTagProcessor
[THYMELEAF]             * [* {th:wrap,data-th-wrap}] [1000]: org.thymeleaf.standard.processor.StandardRemovableAttributeTagProcessor
[THYMELEAF]             * [* {th:scope,data-th-scope}] [1000]: org.thymeleaf.standard.processor.StandardRemovableAttributeTagProcessor
[THYMELEAF]             * [* {th:title,data-th-title}] [1000]: org.thymeleaf.standard.processor.StandardRemovableAttributeTagProcessor
[THYMELEAF]             * [* {th:step,data-th-step}] [1000]: org.thymeleaf.standard.processor.StandardRemovableAttributeTagProcessor
[THYMELEAF]             * [* {th:radiogroup,data-th-radiogroup}] [1000]: org.thymeleaf.standard.processor.StandardRemovableAttributeTagProcessor
[THYMELEAF]             * [* {th:preload,data-th-preload}] [1000]: org.thymeleaf.standard.processor.StandardRemovableAttributeTagProcessor
[THYMELEAF]             * [* {th:archive,data-th-archive}] [1000]: org.thymeleaf.standard.processor.StandardRemovableAttributeTagProcessor
[THYMELEAF]             * [* {th:hspace,data-th-hspace}] [1000]: org.thymeleaf.standard.processor.StandardRemovableAttributeTagProcessor
[THYMELEAF]             * [* {th:standby,data-th-standby}] [1000]: org.thymeleaf.standard.processor.StandardRemovableAttributeTagProcessor
[THYMELEAF]             * [* {th:sizes,data-th-sizes}] [1000]: org.thymeleaf.standard.processor.StandardRemovableAttributeTagProcessor
[THYMELEAF]             * [* {th:codetype,data-th-codetype}] [1000]: org.thymeleaf.standard.processor.StandardRemovableAttributeTagProcessor
[THYMELEAF]             * [* {th:placeholder,data-th-placeholder}] [1000]: org.thymeleaf.standard.processor.StandardRemovableAttributeTagProcessor
[THYMELEAF]             * [* {th:rules,data-th-rules}] [1000]: org.thymeleaf.standard.processor.StandardRemovableAttributeTagProcessor
[THYMELEAF]             * [* {th:max,data-th-max}] [1000]: org.thymeleaf.standard.processor.StandardRemovableAttributeTagProcessor
[THYMELEAF]             * [* {th:start,data-th-start}] [1000]: org.thymeleaf.standard.processor.StandardRemovableAttributeTagProcessor
[THYMELEAF]             * [* {th:rev,data-th-rev}] [1000]: org.thymeleaf.standard.processor.StandardRemovableAttributeTagProcessor
[THYMELEAF]             * [* {th:cite,data-th-cite}] [1000]: org.thymeleaf.standard.processor.StandardRemovableAttributeTagProcessor
[THYMELEAF]             * [* {th:maxlength,data-th-maxlength}] [1000]: org.thymeleaf.standard.processor.StandardRemovableAttributeTagProcessor
[THYMELEAF]             * [* {th:icon,data-th-icon}] [1000]: org.thymeleaf.standard.processor.StandardRemovableAttributeTagProcessor
[THYMELEAF]             * [* {th:poster,data-th-poster}] [1000]: org.thymeleaf.standard.processor.StandardRemovableAttributeTagProcessor
[THYMELEAF]             * [* {th:formmethod,data-th-formmethod}] [1000]: org.thymeleaf.standard.processor.StandardRemovableAttributeTagProcessor
[THYMELEAF]             * [* {th:vspace,data-th-vspace}] [1000]: org.thymeleaf.standard.processor.StandardRemovableAttributeTagProcessor
[THYMELEAF]             * [* {th:summary,data-th-summary}] [1000]: org.thymeleaf.standard.processor.StandardRemovableAttributeTagProcessor
[THYMELEAF]             * [* {th:scrolling,data-th-scrolling}] [1000]: org.thymeleaf.standard.processor.StandardRemovableAttributeTagProcessor
[THYMELEAF]             * [* {th:list,data-th-list}] [1000]: org.thymeleaf.standard.processor.StandardRemovableAttributeTagProcessor
[THYMELEAF]             * [* {th:low,data-th-low}] [1000]: org.thymeleaf.standard.processor.StandardRemovableAttributeTagProcessor
[THYMELEAF]             * [* {th:formenctype,data-th-formenctype}] [1000]: org.thymeleaf.standard.processor.StandardRemovableAttributeTagProcessor
[THYMELEAF]             * [* {th:data,data-th-data}] [1000]: org.thymeleaf.standard.processor.StandardRemovableAttributeTagProcessor
[THYMELEAF]             * [* {th:optimum,data-th-optimum}] [1000]: org.thymeleaf.standard.processor.StandardRemovableAttributeTagProcessor
[THYMELEAF]             * [* {th:http-equiv,data-th-http-equiv}] [1000]: org.thymeleaf.standard.processor.StandardRemovableAttributeTagProcessor
[THYMELEAF]             * [* {th:axis,data-th-axis}] [1000]: org.thymeleaf.standard.processor.StandardRemovableAttributeTagProcessor
[THYMELEAF]             * [* {th:spellcheck,data-th-spellcheck}] [1000]: org.thymeleaf.standard.processor.StandardRemovableAttributeTagProcessor
[THYMELEAF]             * [* {th:accesskey,data-th-accesskey}] [1000]: org.thymeleaf.standard.processor.StandardRemovableAttributeTagProcessor
[THYMELEAF]             * [* {th:cellspacing,data-th-cellspacing}] [1000]: org.thymeleaf.standard.processor.StandardRemovableAttributeTagProcessor
[THYMELEAF]             * [* {th:lang,data-th-lang}] [1000]: org.thymeleaf.standard.processor.StandardRemovableAttributeTagProcessor
[THYMELEAF]             * [* {th:target,data-th-target}] [1000]: org.thymeleaf.standard.processor.StandardRemovableAttributeTagProcessor
[THYMELEAF]             * [* {th:label,data-th-label}] [1000]: org.thymeleaf.standard.processor.StandardRemovableAttributeTagProcessor
[THYMELEAF]             * [* {th:abbr,data-th-abbr}] [1000]: org.thymeleaf.standard.processor.StandardRemovableAttributeTagProcessor
[THYMELEAF]             * [* {th:scheme,data-th-scheme}] [1000]: org.thymeleaf.standard.processor.StandardRemovableAttributeTagProcessor
[THYMELEAF]             * [* {th:alt,data-th-alt}] [1000]: org.thymeleaf.standard.processor.StandardRemovableAttributeTagProcessor
[THYMELEAF]             * [* {th:marginheight,data-th-marginheight}] [1000]: org.thymeleaf.standard.processor.StandardRemovableAttributeTagProcessor
[THYMELEAF]             * [* {th:keytype,data-th-keytype}] [1000]: org.thymeleaf.standard.processor.StandardRemovableAttributeTagProcessor
[THYMELEAF]             * [* {th:headers,data-th-headers}] [1000]: org.thymeleaf.standard.processor.StandardRemovableAttributeTagProcessor
[THYMELEAF]             * [* {th:compact,data-th-compact}] [1000]: org.thymeleaf.standard.processor.StandardRemovableAttributeTagProcessor
[THYMELEAF]             * [* {th:min,data-th-min}] [1000]: org.thymeleaf.standard.processor.StandardRemovableAttributeTagProcessor
[THYMELEAF]             * [* {th:autocomplete,data-th-autocomplete}] [1000]: org.thymeleaf.standard.processor.StandardRemovableAttributeTagProcessor
[THYMELEAF]             * [* {th:src,data-th-src}] [1000]: org.thymeleaf.standard.processor.StandardSrcTagProcessor
[THYMELEAF]             * [* {th:value,data-th-value}] [1000]: org.thymeleaf.standard.processor.StandardValueTagProcessor
[THYMELEAF]             * [* {th:xmlbase,data-th-xmlbase}] [1000]: org.thymeleaf.standard.processor.StandardXmlBaseTagProcessor
[THYMELEAF]             * [* {th:xmllang,data-th-xmllang}] [1000]: org.thymeleaf.standard.processor.StandardXmlLangTagProcessor
[THYMELEAF]             * [* {xmlns:th}] [1000]: org.thymeleaf.standard.processor.StandardXmlNsTagProcessor
[THYMELEAF]             * [* {th:xmlspace,data-th-xmlspace}] [1000]: org.thymeleaf.standard.processor.StandardXmlSpaceTagProcessor
[THYMELEAF]             * [* {th:classappend,data-th-classappend}] [1100]: org.thymeleaf.standard.processor.StandardClassappendTagProcessor
[THYMELEAF]             * [* {th:styleappend,data-th-styleappend}] [1100]: org.thymeleaf.standard.processor.StandardStyleappendTagProcessor
[THYMELEAF]             * [* {th:text,data-th-text}] [1300]: org.thymeleaf.standard.processor.StandardTextTagProcessor
[THYMELEAF]             * [* {th:utext,data-th-utext}] [1400]: org.thymeleaf.standard.processor.StandardUtextTagProcessor
[THYMELEAF]             * [* {th:fragment,data-th-fragment}] [1500]: org.thymeleaf.standard.processor.StandardFragmentTagProcessor
[THYMELEAF]             * [* {th:assert,data-th-assert}] [1550]: org.thymeleaf.standard.processor.StandardAssertTagProcessor
[THYMELEAF]             * [* {th:remove,data-th-remove}] [1600]: org.thymeleaf.standard.processor.StandardRemoveTagProcessor
[THYMELEAF]             * [* {th:ref,data-th-ref}] [10000]: org.thymeleaf.standard.processor.StandardRefAttributeTagProcessor
[THYMELEAF]             * [{th:block,th-block} *] [100000]: org.thymeleaf.standard.processor.StandardBlockTagProcessor
[THYMELEAF]             * [* th:*] [2147483647]: org.thymeleaf.standard.processor.StandardDefaultAttributesTagProcessor
[THYMELEAF]         * Text Processors by [precedence]:
[THYMELEAF]             * [1000]: org.thymeleaf.standard.processor.StandardInliningTextProcessor
[THYMELEAF]         * DOCTYPE Processors by [precedence]:
[THYMELEAF]             * [1000]: org.thymeleaf.standard.processor.StandardTranslationDocTypeProcessor
[THYMELEAF]         * CDATA Section Processors by [precedence]:
[THYMELEAF]             * [1000]: org.thymeleaf.standard.processor.StandardInliningCDATASectionProcessor
[THYMELEAF]         * Comment Processors by [precedence]:
[THYMELEAF]             * [1000]: org.thymeleaf.standard.processor.StandardInliningCommentProcessor
[THYMELEAF]             * [1100]: org.thymeleaf.standard.processor.StandardConditionalCommentProcessor
[THYMELEAF]     * Processors for Template Mode: XML
[THYMELEAF]         * Element Tag Processors by [matching element and attribute name] [precedence]:
[THYMELEAF]             * [* {th:include}] [100]: org.thymeleaf.standard.processor.StandardIncludeTagProcessor
[THYMELEAF]             * [* {th:insert}] [100]: org.thymeleaf.standard.processor.StandardInsertTagProcessor
[THYMELEAF]             * [* {th:replace}] [100]: org.thymeleaf.standard.processor.StandardReplaceTagProcessor
[THYMELEAF]             * [* {th:each}] [200]: com.intuit.karate.template.KarateEachTagProcessor
[THYMELEAF]             * [* {th:switch}] [250]: org.thymeleaf.standard.processor.StandardSwitchTagProcessor
[THYMELEAF]             * [* {th:case}] [275]: org.thymeleaf.standard.processor.StandardCaseTagProcessor
[THYMELEAF]             * [* {th:if}] [300]: org.thymeleaf.standard.processor.StandardIfTagProcessor
[THYMELEAF]             * [* {th:unless}] [400]: org.thymeleaf.standard.processor.StandardUnlessTagProcessor
[THYMELEAF]             * [* {th:object}] [500]: org.thymeleaf.standard.processor.StandardObjectTagProcessor
[THYMELEAF]             * [* {th:with}] [600]: com.intuit.karate.template.KarateWithTagProcessor
[THYMELEAF]             * [* {th:attr}] [700]: com.intuit.karate.template.KarateAttributeTagProcessor.KarateAttrTagProcessor
[THYMELEAF]             * [* {th:attrappend}] [900]: com.intuit.karate.template.KarateAttributeTagProcessor.KarateAttrappendTagProcessor
[THYMELEAF]             * [* {th:attrprepend}] [900]: com.intuit.karate.template.KarateAttributeTagProcessor.KarateAttrprependTagProcessor
[THYMELEAF]             * [* {th:inline}] [1000]: org.thymeleaf.standard.processor.StandardInlineXMLTagProcessor
[THYMELEAF]             * [* {xmlns:th}] [1000]: org.thymeleaf.standard.processor.StandardXmlNsTagProcessor
[THYMELEAF]             * [* {th:text}] [1300]: org.thymeleaf.standard.processor.StandardTextTagProcessor
[THYMELEAF]             * [* {th:utext}] [1400]: org.thymeleaf.standard.processor.StandardUtextTagProcessor
[THYMELEAF]             * [* {th:fragment}] [1500]: org.thymeleaf.standard.processor.StandardFragmentTagProcessor
[THYMELEAF]             * [* {th:assert}] [1550]: org.thymeleaf.standard.processor.StandardAssertTagProcessor
[THYMELEAF]             * [* {th:remove}] [1600]: org.thymeleaf.standard.processor.StandardRemoveTagProcessor
[THYMELEAF]             * [* {th:ref}] [10000]: org.thymeleaf.standard.processor.StandardRefAttributeTagProcessor
[THYMELEAF]             * [{th:block} *] [100000]: org.thymeleaf.standard.processor.StandardBlockTagProcessor
[THYMELEAF]             * [* th:*] [2147483647]: org.thymeleaf.standard.processor.StandardDefaultAttributesTagProcessor
[THYMELEAF]         * Text Processors by [precedence]:
[THYMELEAF]             * [1000]: org.thymeleaf.standard.processor.StandardInliningTextProcessor
[THYMELEAF]         * CDATA Section Processors by [precedence]:
[THYMELEAF]             * [1000]: org.thymeleaf.standard.processor.StandardInliningCDATASectionProcessor
[THYMELEAF]         * Comment Processors by [precedence]:
[THYMELEAF]             * [1000]: org.thymeleaf.standard.processor.StandardInliningCommentProcessor
[THYMELEAF]     * Processors for Template Mode: TEXT
[THYMELEAF]         * Element Tag Processors by [matching element and attribute name] [precedence]:
[THYMELEAF]             * [* {th:insert}] [100]: org.thymeleaf.standard.processor.StandardInsertTagProcessor
[THYMELEAF]             * [* {th:replace}] [100]: org.thymeleaf.standard.processor.StandardReplaceTagProcessor
[THYMELEAF]             * [* {th:each}] [200]: com.intuit.karate.template.KarateEachTagProcessor
[THYMELEAF]             * [* {th:switch}] [250]: org.thymeleaf.standard.processor.StandardSwitchTagProcessor
[THYMELEAF]             * [* {th:case}] [275]: org.thymeleaf.standard.processor.StandardCaseTagProcessor
[THYMELEAF]             * [* {th:if}] [300]: org.thymeleaf.standard.processor.StandardIfTagProcessor
[THYMELEAF]             * [* {th:unless}] [400]: org.thymeleaf.standard.processor.StandardUnlessTagProcessor
[THYMELEAF]             * [* {th:object}] [500]: org.thymeleaf.standard.processor.StandardObjectTagProcessor
[THYMELEAF]             * [* {th:with}] [600]: com.intuit.karate.template.KarateWithTagProcessor
[THYMELEAF]             * [* {th:inline}] [1000]: org.thymeleaf.standard.processor.StandardInlineTextualTagProcessor
[THYMELEAF]             * [* {th:text}] [1300]: org.thymeleaf.standard.processor.StandardTextTagProcessor
[THYMELEAF]             * [* {th:utext}] [1400]: org.thymeleaf.standard.processor.StandardUtextTagProcessor
[THYMELEAF]             * [* {th:assert}] [1550]: org.thymeleaf.standard.processor.StandardAssertTagProcessor
[THYMELEAF]             * [* {th:remove}] [1600]: org.thymeleaf.standard.processor.StandardRemoveTagProcessor
[THYMELEAF]             * [{th:block} *] [100000]: org.thymeleaf.standard.processor.StandardBlockTagProcessor
[THYMELEAF]             * [* 100000] [org.thymeleaf.standard.processor.StandardBlockTagProcessor]: {}
[THYMELEAF]         * Text Processors by [precedence]:
[THYMELEAF]             * [1000]: org.thymeleaf.standard.processor.StandardInliningTextProcessor
[THYMELEAF]     * Processors for Template Mode: JAVASCRIPT
[THYMELEAF]         * Element Tag Processors by [matching element and attribute name] [precedence]:
[THYMELEAF]             * [* {th:insert}] [100]: org.thymeleaf.standard.processor.StandardInsertTagProcessor
[THYMELEAF]             * [* {th:replace}] [100]: org.thymeleaf.standard.processor.StandardReplaceTagProcessor
[THYMELEAF]             * [* {th:each}] [200]: com.intuit.karate.template.KarateEachTagProcessor
[THYMELEAF]             * [* {th:switch}] [250]: org.thymeleaf.standard.processor.StandardSwitchTagProcessor
[THYMELEAF]             * [* {th:case}] [275]: org.thymeleaf.standard.processor.StandardCaseTagProcessor
[THYMELEAF]             * [* {th:if}] [300]: org.thymeleaf.standard.processor.StandardIfTagProcessor
[THYMELEAF]             * [* {th:unless}] [400]: org.thymeleaf.standard.processor.StandardUnlessTagProcessor
[THYMELEAF]             * [* {th:object}] [500]: org.thymeleaf.standard.processor.StandardObjectTagProcessor
[THYMELEAF]             * [* {th:with}] [600]: com.intuit.karate.template.KarateWithTagProcessor
[THYMELEAF]             * [* {th:inline}] [1000]: org.thymeleaf.standard.processor.StandardInlineTextualTagProcessor
[THYMELEAF]             * [* {th:text}] [1300]: org.thymeleaf.standard.processor.StandardTextTagProcessor
[THYMELEAF]             * [* {th:utext}] [1400]: org.thymeleaf.standard.processor.StandardUtextTagProcessor
[THYMELEAF]             * [* {th:assert}] [1550]: org.thymeleaf.standard.processor.StandardAssertTagProcessor
[THYMELEAF]             * [* {th:remove}] [1600]: org.thymeleaf.standard.processor.StandardRemoveTagProcessor
[THYMELEAF]             * [{th:block} *] [100000]: org.thymeleaf.standard.processor.StandardBlockTagProcessor
[THYMELEAF]             * [* 100000] [org.thymeleaf.standard.processor.StandardBlockTagProcessor]: {}
[THYMELEAF]         * Text Processors by [precedence]:
[THYMELEAF]             * [1000]: org.thymeleaf.standard.processor.StandardInliningTextProcessor
[THYMELEAF]     * Processors for Template Mode: CSS
[THYMELEAF]         * Element Tag Processors by [matching element and attribute name] [precedence]:
[THYMELEAF]             * [* {th:insert}] [100]: org.thymeleaf.standard.processor.StandardInsertTagProcessor
[THYMELEAF]             * [* {th:replace}] [100]: org.thymeleaf.standard.processor.StandardReplaceTagProcessor
[THYMELEAF]             * [* {th:each}] [200]: com.intuit.karate.template.KarateEachTagProcessor
[THYMELEAF]             * [* {th:switch}] [250]: org.thymeleaf.standard.processor.StandardSwitchTagProcessor
[THYMELEAF]             * [* {th:case}] [275]: org.thymeleaf.standard.processor.StandardCaseTagProcessor
[THYMELEAF]             * [* {th:if}] [300]: org.thymeleaf.standard.processor.StandardIfTagProcessor
[THYMELEAF]             * [* {th:unless}] [400]: org.thymeleaf.standard.processor.StandardUnlessTagProcessor
[THYMELEAF]             * [* {th:object}] [500]: org.thymeleaf.standard.processor.StandardObjectTagProcessor
[THYMELEAF]             * [* {th:with}] [600]: com.intuit.karate.template.KarateWithTagProcessor
[THYMELEAF]             * [* {th:inline}] [1000]: org.thymeleaf.standard.processor.StandardInlineTextualTagProcessor
[THYMELEAF]             * [* {th:text}] [1300]: org.thymeleaf.standard.processor.StandardTextTagProcessor
[THYMELEAF]             * [* {th:utext}] [1400]: org.thymeleaf.standard.processor.StandardUtextTagProcessor
[THYMELEAF]             * [* {th:assert}] [1550]: org.thymeleaf.standard.processor.StandardAssertTagProcessor
[THYMELEAF]             * [* {th:remove}] [1600]: org.thymeleaf.standard.processor.StandardRemoveTagProcessor
[THYMELEAF]             * [* 100000] [org.thymeleaf.standard.processor.StandardBlockTagProcessor]: {}
[THYMELEAF]             * [{th:block} *] [100000]: org.thymeleaf.standard.processor.StandardBlockTagProcessor
[THYMELEAF]         * Text Processors by [precedence]:
[THYMELEAF]             * [1000]: org.thymeleaf.standard.processor.StandardInliningTextProcessor
[THYMELEAF]     * Expression Objects:
[THYMELEAF]         * #ctx
[THYMELEAF]         * #root
[THYMELEAF]         * #vars
[THYMELEAF]         * #object
[THYMELEAF]         * #locale
[THYMELEAF]         * #conversions
[THYMELEAF]         * #uris
[THYMELEAF]         * #temporals
[THYMELEAF]         * #calendars
[THYMELEAF]         * #dates
[THYMELEAF]         * #bools
[THYMELEAF]         * #numbers
[THYMELEAF]         * #objects
[THYMELEAF]         * #strings
[THYMELEAF]         * #arrays
[THYMELEAF]         * #lists
[THYMELEAF]         * #sets
[THYMELEAF]         * #maps
[THYMELEAF]         * #aggregates
[THYMELEAF]         * #messages
[THYMELEAF]         * #ids
[THYMELEAF]         * #execInfo
[THYMELEAF]         * #request
[THYMELEAF]         * #response
[THYMELEAF]         * #session
[THYMELEAF]         * #servletContext
[THYMELEAF]     * Execution Attributes:
[THYMELEAF]         * "StandardExpressionParser": com.intuit.karate.template.KarateStandardDialect@1ff463bb
[THYMELEAF]         * "StandardJavaScriptSerializer": org.thymeleaf.standard.serializer.StandardJavaScriptSerializer@3cad24ae
[THYMELEAF]         * "StandardCSSSerializer": org.thymeleaf.standard.serializer.StandardCSSSerializer@58021c3c
[THYMELEAF]         * "StandardVariableExpressionEvaluator": com.intuit.karate.template.KarateStandardDialect@1ff463bb
[THYMELEAF]         * "StandardConversionService": org.thymeleaf.standard.expression.StandardConversionService@18cbc3c2
[THYMELEAF] * Dialect [2 of 2]: karate (com.intuit.karate.template.KarateScriptDialect)
[THYMELEAF]     * Prefix: "ka"
[THYMELEAF]     * Processors for Template Mode: HTML
[THYMELEAF]         * Element Tag Processors by [matching element and attribute name] [precedence]:
[THYMELEAF]             * [* {src}] [1000]: com.intuit.karate.template.KaScriptAttrProcessor
[THYMELEAF]         * Element Model Processors by [matching element and attribute name] [precedence]:
[THYMELEAF]             * [{script} {ka:scope,data-ka-scope}] [1000]: com.intuit.karate.template.KaScriptElemProcessor
[THYMELEAF]             * [* {ka:set,data-ka-set}] [1000]: com.intuit.karate.template.KaSetElemProcessor
[THYMELEAF] TEMPLATE ENGINE CONFIGURED OK
18:58:46.712 [main] DEBUG org.thymeleaf.TemplateEngine -- [THYMELEAF] TEMPLATE ENGINE INITIALIZED

HTML report: (paste into browser to view) | Karate version: 1.4.1
file:///Users/devo/KarateAPIProject/karate-dummyjson/target/karate-reports/karate-summary.html
===================================================================

]]></system-out>
  </testcase>
</testsuite>